1.000000e+00 1.755180e+00 2.046852e+00 2.402590e+00 1.131976e+01 0.000000e+00 1.368406e+04 0 0.000000e+00
9.990000e-01 1.755180e+00 2.048065e+00 2.403741e+00 1.132677e+01 5.369989e+02 1.361567e+04 2.25596 3.286286e-02
9.980000e-01 1.755180e+00 2.048308e+00 2.403965e+00 1.132924e+01 7.723159e+02 1.358890e+04 2.32427 4.868319e-02
9.970000e-01 1.755180e+00 2.049674e+00 2.405612e+00 1.133492e+01 9.391571e+02 1.356697e+04 2.2625 5.754983e-02
9.960000e-01 1.755180e+00 2.049912e+00 2.405825e+00 1.133747e+01 1.091318e+03 1.354980e+04 2.29165 6.771978e-02
9.950000e-01 1.755180e+00 2.051252e+00 2.407417e+00 1.134313e+01 1.211677e+03 1.353297e+04 2.26759 7.430196e-02
9.940000e-01 1.755180e+00 2.051442e+00 2.407555e+00 1.134565e+01 1.332155e+03 1.351948e+04 2.28592 8.233504e-02
9.930000e-01 1.755180e+00 2.052795e+00 2.409147e+00 1.135139e+01 1.431149e+03 1.350490e+04 2.27251 8.781854e-02
9.920000e-01 1.755180e+00 2.052980e+00 2.409272e+00 1.135394e+01 1.534824e+03 1.349336e+04 2.28645 9.474116e-02
9.910000e-01 1.755180e+00 2.054342e+00 2.410871e+00 1.135973e+01 1.621670e+03 1.348006e+04 2.27737 9.957233e-02
9.900000e-01 1.755180e+00 2.054542e+00 2.411018e+00 1.136231e+01 1.714443e+03 1.346979e+04 2.28894 1.057827e-01
9.890000e-01 1.755180e+00 2.055914e+00 2.412632e+00 1.136812e+01 1.793461e+03 1.345733e+04 2.28224 1.101871e-01
9.880000e-01 1.755180e+00 2.056135e+00 2.412808e+00 1.137074e+01 1.878091e+03 1.344799e+04 2.29218 1.158642e-01
9.870000e-01 1.755180e+00 2.057501e+00 2.414416e+00 1.137653e+01 1.950261e+03 1.343628e+04 2.28709 1.198902e-01
9.860000e-01 1.755180e+00 2.057704e+00 2.414568e+00 1.137912e+01 2.027794e+03 1.342775e+04 2.29547 1.250887e-01
9.850000e-01 1.755180e+00 2.059065e+00 2.416164e+00 1.138491e+01 2.093471e+03 1.341671e+04 2.29189 1.287679e-01
9.840000e-01 1.755180e+00 2.059225e+00 2.416252e+00 1.138747e+01 2.165071e+03 1.340886e+04 2.29898 1.335634e-01
9.830000e-01 1.755180e+00 2.060602e+00 2.417858e+00 1.139332e+01 2.226062e+03 1.339824e+04 2.29666 1.370038e-01
9.820000e-01 1.755180e+00 2.060764e+00 2.417945e+00 1.139591e+01 2.293968e+03 1.339081e+04 2.30326 1.415667e-01
9.810000e-01 1.755180e+00 2.062157e+00 2.419570e+00 1.140183e+01 2.352296e+03 1.338042e+04 2.30148 1.448582e-01
9.800000e-01 1.755180e+00 2.062346e+00 2.419695e+00 1.140448e+01 2.417295e+03 1.337332e+04 2.3078 1.492424e-01
9.790000e-01 1.755180e+00 2.063747e+00 2.421334e+00 1.141044e+01 2.473530e+03 1.336313e+04 2.30636 1.524120e-01
9.780000e-01 1.755180e+00 2.063961e+00 2.421495e+00 1.141312e+01 2.535831e+03 1.335633e+04 2.31238 1.566257e-01
9.770000e-01 1.755180e+00 2.065363e+00 2.423140e+00 1.141908e+01 2.589736e+03 1.334639e+04 2.31128 1.596623e-01
9.760000e-01 1.755180e+00 2.065583e+00 2.423311e+00 1.142177e+01 2.649259e+03 1.333989e+04 2.31688 1.636930e-01
9.750000e-01 1.755180e+00 2.066985e+00 2.424956e+00 1.142772e+01 2.700576e+03 1.333022e+04 2.3162 1.665887e-01
9.740000e-01 1.755180e+00 2.067191e+00 2.425110e+00 1.143039e+01 2.757401e+03 1.332403e+04 2.32135 1.704380e-01
9.730000e-01 1.755180e+00 2.068600e+00 2.426761e+00 1.143637e+01 2.806379e+03 1.331459e+04 2.32112 1.732121e-01
9.720000e-01 1.755180e+00 2.068803e+00 2.426908e+00 1.143905e+01 2.861094e+03 1.330863e+04 2.32599 1.769248e-01
9.710000e-01 1.755180e+00 2.070219e+00 2.428569e+00 1.144506e+01 2.908237e+03 1.329935e+04 2.32607 1.796000e-01
9.700000e-01 1.755180e+00 2.070426e+00 2.428721e+00 1.144776e+01 2.961188e+03 1.329358e+04 2.33074 1.832009e-01
9.690000e-01 1.755180e+00 2.071853e+00 2.430394e+00 1.145381e+01 3.006976e+03 1.328440e+04 2.33105 1.858023e-01
9.680000e-01 1.755180e+00 2.072069e+00 2.430559e+00 1.145653e+01 3.058336e+03 1.327880e+04 2.33556 1.893024e-01
9.670000e-01 1.755180e+00 2.073497e+00 2.432235e+00 1.146259e+01 3.102575e+03 1.326976e+04 2.33606 1.918168e-01
9.660000e-01 1.755180e+00 2.073702e+00 2.432386e+00 1.146530e+01 3.152139e+03 1.326435e+04 2.3403 1.951965e-01
9.650000e-01 1.755180e+00 2.075131e+00 2.434061e+00 1.147136e+01 3.194501e+03 1.325547e+04 2.34106 1.976111e-01
9.640000e-01 1.755180e+00 2.075313e+00 2.434177e+00 1.147405e+01 3.242289e+03 1.325025e+04 2.34501 2.008703e-01
9.630000e-01 1.755180e+00 2.076754e+00 2.435863e+00 1.148015e+01 3.283217e+03 1.324147e+04 2.34606 2.032147e-01
9.620000e-01 1.755180e+00 2.076938e+00 2.435981e+00 1.148286e+01 3.329935e+03 1.323636e+04 2.34993 2.064100e-01
9.610000e-01 1.755180e+00 2.078391e+00 2.437680e+00 1.148902e+01 3.370034e+03 1.322761e+04 2.3511 2.087077e-01
9.600000e-01 1.755180e+00 2.078589e+00 2.437817e+00 1.149177e+01 3.415815e+03 1.322259e+04 2.35494 2.118477e-01
9.590000e-01 1.755180e+00 2.080051e+00 2.439529e+00 1.149797e+01 3.455213e+03 1.321390e+04 2.3562 2.141048e-01
9.580000e-01 1.755180e+00 2.080262e+00 2.439684e+00 1.150075e+01 3.500050e+03 1.320898e+04 2.35998 2.171871e-01
9.570000e-01 1.755180e+00 2.081728e+00 2.441404e+00 1.150697e+01 3.538594e+03 1.320036e+04 2.36133 2.193954e-01
9.560000e-01 1.755180e+00 2.081941e+00 2.441564e+00 1.150976e+01 3.582373e+03 1.319556e+04 2.365 2.224094e-01
9.550000e-01 1.755180e+00 2.083410e+00 2.443287e+00 1.151598e+01 3.619864e+03 1.318704e+04 2.36648 2.245605e-01
9.540000e-01 1.755180e+00 2.083616e+00 2.443436e+00 1.151877e+01 3.662543e+03 1.318235e+04 2.37001 2.275020e-01
9.530000e-01 1.755180e+00 2.085093e+00 2.445168e+00 1.152503e+01 3.699075e+03 1.317390e+04 2.37165 2.296040e-01
9.520000e-01 1.755180e+00 2.085297e+00 2.445314e+00 1.152783e+01 3.740864e+03 1.316930e+04 2.37509 2.324896e-01
9.510000e-01 1.755180e+00 2.086782e+00 2.447055e+00 1.153412e+01 3.776583e+03 1.316088e+04 2.37684 2.345478e-01
9.500000e-01 1.755180e+00 2.086990e+00 2.447207e+00 1.153694e+01 3.817589e+03 1.315636e+04 2.38023 2.373855e-01
9.490000e-01 1.755180e+00 2.088484e+00 2.448958e+00 1.154326e+01 3.852672e+03 1.314797e+04 2.38206 2.394089e-01
9.480000e-01 1.755180e+00 2.088694e+00 2.449114e+00 1.154609e+01 3.892873e+03 1.314353e+04 2.38538 2.421954e-01
9.470000e-01 1.755180e+00 2.090190e+00 2.450869e+00 1.155242e+01 3.927093e+03 1.313521e+04 2.38731 2.441714e-01
9.460000e-01 1.755180e+00 2.090388e+00 2.451007e+00 1.155524e+01 3.966317e+03 1.313087e+04 2.39048 2.468918e-01
9.450000e-01 1.755180e+00 2.091888e+00 2.452764e+00 1.156158e+01 3.999484e+03 1.312264e+04 2.39254 2.488132e-01
9.440000e-01 1.755180e+00 2.092071e+00 2.452881e+00 1.156439e+01 4.037856e+03 1.311839e+04 2.3956 2.514780e-01
9.430000e-01 1.755180e+00 2.093584e+00 2.454652e+00 1.157078e+01 4.070433e+03 1.311017e+04 2.39779 2.533720e-01
9.420000e-01 1.755180e+00 2.093775e+00 2.454778e+00 1.157363e+01 4.108348e+03 1.310596e+04 2.40087 2.560132e-01
9.410000e-01 1.755180e+00 2.095299e+00 2.456562e+00 1.158008e+01 4.140578e+03 1.309772e+04 2.4031 2.578865e-01
9.400000e-01 1.755180e+00 2.095502e+00 2.456706e+00 1.158296e+01 4.178049e+03 1.309354e+04 2.40619 2.605037e-01
9.390000e-01 1.755180e+00 2.097034e+00 2.458500e+00 1.158945e+01 4.209900e+03 1.308530e+04 2.40846 2.623544e-01
9.380000e-01 1.755180e+00 2.097244e+00 2.458654e+00 1.159235e+01 4.246814e+03 1.308116e+04 2.41152 2.649374e-01
9.370000e-01 1.755180e+00 2.098780e+00 2.460455e+00 1.159885e+01 4.278112e+03 1.307295e+04 2.41385 2.667572e-01
9.360000e-01 1.755180e+00 2.098988e+00 2.460606e+00 1.160176e+01 4.314364e+03 1.306888e+04 2.41684 2.692971e-01
9.350000e-01 1.755180e+00 2.100529e+00 2.462413e+00 1.160828e+01 4.344987e+03 1.306072e+04 2.41925 2.710812e-01
9.340000e-01 1.755180e+00 2.100731e+00 2.462556e+00 1.161118e+01 4.380628e+03 1.305671e+04 2.42217 2.735823e-01
9.330000e-01 1.755180e+00 2.102282e+00 2.464373e+00 1.161774e+01 4.410729e+03 1.304856e+04 2.42468 2.753401e-01
9.320000e-01 1.755180e+00 2.102483e+00 2.464515e+00 1.162066e+01 4.445861e+03 1.304459e+04 2.42756 2.778104e-01
9.310000e-01 1.755180e+00 2.104043e+00 2.466343e+00 1.162726e+01 4.475524e+03 1.303645e+04 2.43013 2.795450e-01
9.300000e-01 1.755180e+00 2.104251e+00 2.466493e+00 1.163020e+01 4.510229e+03 1.303251e+04 2.43301 2.819909e-01
9.290000e-01 1.755180e+00 2.105816e+00 2.468329e+00 1.163683e+01 4.539467e+03 1.302437e+04 2.43562 2.837013e-01
9.280000e-01 1.755180e+00 2.106020e+00 2.468475e+00 1.163978e+01 4.573605e+03 1.302048e+04 2.43844 2.861104e-01
9.270000e-01 1.755180e+00 2.107589e+00 2.470314e+00 1.164642e+01 4.602183e+03 1.301238e+04 2.44112 2.877853e-01
9.260000e-01 1.755180e+00 2.107776e+00 2.470436e+00 1.164934e+01 4.635631e+03 1.300856e+04 2.44383 2.901473e-01
9.250000e-01 1.755180e+00 2.109354e+00 2.472284e+00 1.165600e+01 4.663558e+03 1.300049e+04 2.44661 2.917907e-01
9.240000e-01 1.755180e+00 2.109538e+00 2.472401e+00 1.165894e+01 4.696598e+03 1.299670e+04 2.4493 2.941295e-01
9.230000e-01 1.755180e+00 2.111171e+00 2.474319e+00 1.166575e+01 4.724214e+03 1.298852e+04 2.45222 2.957538e-01
9.220000e-01 1.755180e+00 2.111334e+00 2.474409e+00 1.166866e+01 4.757035e+03 1.298481e+04 2.45488 2.980851e-01
9.210000e-01 1.755180e+00 2.112965e+00 2.476324e+00 1.167549e+01 4.784461e+03 1.297662e+04 2.45782 2.996990e-01
9.200000e-01 1.755180e+00 2.113136e+00 2.476426e+00 1.167843e+01 4.816975e+03 1.297293e+04 2.46048 3.020138e-01
9.190000e-01 1.755180e+00 2.114774e+00 2.478350e+00 1.168530e+01 4.844082e+03 1.296473e+04 2.46345 3.036088e-01
9.180000e-01 1.755180e+00 2.114946e+00 2.478454e+00 1.168825e+01 4.876168e+03 1.296108e+04 2.46608 3.058966e-01
9.170000e-01 1.755180e+00 2.116588e+00 2.480383e+00 1.169513e+01 4.902810e+03 1.295291e+04 2.4691 3.074664e-01
9.160000e-01 1.755180e+00 2.116754e+00 2.480478e+00 1.169808e+01 4.934410e+03 1.294930e+04 2.47167 3.097226e-01
9.150000e-01 1.755180e+00 2.118404e+00 2.482417e+00 1.170499e+01 4.960608e+03 1.294115e+04 2.47476 3.112702e-01
9.140000e-01 1.755180e+00 2.118567e+00 2.482509e+00 1.170795e+01 4.991836e+03 1.293757e+04 2.47731 3.135043e-01
9.130000e-01 1.755180e+00 2.120226e+00 2.484458e+00 1.171489e+01 5.017684e+03 1.292941e+04 2.48045 3.150336e-01
9.120000e-01 1.755180e+00 2.120391e+00 2.484552e+00 1.171787e+01 5.048602e+03 1.292586e+04 2.483 3.172506e-01
9.110000e-01 1.755180e+00 2.122060e+00 2.486513e+00 1.172486e+01 5.074202e+03 1.291768e+04 2.48618 3.187665e-01
9.100000e-01 1.755180e+00 2.122227e+00 2.486610e+00 1.172786e+01 5.104797e+03 1.291415e+04 2.48871 3.209647e-01
9.090000e-01 1.755180e+00 2.123901e+00 2.488577e+00 1.173488e+01 5.129999e+03 1.290598e+04 2.49194 3.224582e-01
9.080000e-01 1.755180e+00 2.124057e+00 2.488660e+00 1.173786e+01 5.160122e+03 1.290249e+04 2.49441 3.246251e-01
9.070000e-01 1.755180e+00 2.125737e+00 2.490632e+00 1.174489e+01 5.184783e+03 1.289435e+04 2.4977 3.260908e-01
9.060000e-01 1.755180e+00 2.125883e+00 2.490700e+00 1.174788e+01 5.214514e+03 1.289090e+04 2.50012 3.282335e-01
9.050000e-01 1.755180e+00 2.127577e+00 2.492688e+00 1.175496e+01 5.238915e+03 1.288273e+04 2.50348 3.296877e-01
9.040000e-01 1.755180e+00 2.127729e+00 2.492764e+00 1.175798e+01 5.268463e+03 1.287928e+04 2.50593 3.318232e-01
9.030000e-01 1.755180e+00 2.129434e+00 2.494766e+00 1.176513e+01 5.292733e+03 1.287106e+04 2.50932 3.332697e-01
9.020000e-01 1.755180e+00 2.129595e+00 2.494854e+00 1.176818e+01 5.322099e+03 1.286762e+04 2.51179 3.353975e-01
9.010000e-01 1.755180e+00 2.131308e+00 2.496867e+00 1.177537e+01 5.346180e+03 1.285937e+04 2.51522 3.368322e-01
9.000000e-01 1.755180e+00 2.131472e+00 2.496960e+00 1.177844e+01 5.375262e+03 1.285595e+04 2.51767 3.389433e-01
8.990000e-01 1.755180e+00 2.133192e+00 2.498980e+00 1.178566e+01 5.399016e+03 1.284770e+04 2.52113 3.403596e-01
8.980000e-01 1.755180e+00 2.133349e+00 2.499065e+00 1.178873e+01 5.427724e+03 1.284431e+04 2.52355 3.424464e-01
8.970000e-01 1.755180e+00 2.135076e+00 2.501094e+00 1.179596e+01 5.451092e+03 1.283608e+04 2.52706 3.438429e-01
8.960000e-01 1.755180e+00 2.135228e+00 2.501172e+00 1.179904e+01 5.479482e+03 1.283271e+04 2.52945 3.459104e-01
8.950000e-01 1.755180e+00 2.136964e+00 2.503212e+00 1.180631e+01 5.502546e+03 1.282447e+04 2.53301 3.472913e-01
8.940000e-01 1.755180e+00 2.137115e+00 2.503288e+00 1.180939e+01 5.530657e+03 1.282112e+04 2.53538 3.493429e-01
8.930000e-01 1.755180e+00 2.138861e+00 2.505340e+00 1.181671e+01 5.553507e+03 1.281286e+04 2.539 3.507129e-01
8.920000e-01 1.755180e+00 2.139014e+00 2.505420e+00 1.181981e+01 5.581394e+03 1.280952e+04 2.54137 3.527526e-01
8.910000e-01 1.755180e+00 2.140767e+00 2.507479e+00 1.182716e+01 5.603962e+03 1.280124e+04 2.54501 3.541064e-01
8.900000e-01 1.755180e+00 2.140912e+00 2.507548e+00 1.183026e+01 5.631505e+03 1.279793e+04 2.54734 3.561241e-01
8.890000e-01 1.755180e+00 2.142671e+00 2.509614e+00 1.183763e+01 5.653648e+03 1.278967e+04 2.55104 3.574554e-01
8.880000e-01 1.755180e+00 2.142804e+00 2.509667e+00 1.184073e+01 5.680852e+03 1.278639e+04 2.55332 3.594519e-01
8.870000e-01 1.755180e+00 2.144576e+00 2.511747e+00 1.184815e+01 5.702750e+03 1.277810e+04 2.55708 3.607725e-01
8.860000e-01 1.755180e+00 2.144714e+00 2.511806e+00 1.185128e+01 5.729815e+03 1.277482e+04 2.55938 3.627644e-01
8.850000e-01 1.755180e+00 2.146497e+00 2.513900e+00 1.185876e+01 5.751610e+03 1.276648e+04 2.56318 3.640790e-01
8.840000e-01 1.755180e+00 2.146643e+00 2.513970e+00 1.186192e+01 5.778552e+03 1.276320e+04 2.56551 3.660671e-01
8.830000e-01 1.755180e+00 2.148437e+00 2.516077e+00 1.186946e+01 5.800223e+03 1.275482e+04 2.56934 3.673738e-01
8.820000e-01 1.755180e+00 2.148586e+00 2.516152e+00 1.187265e+01 5.826965e+03 1.275154e+04 2.57167 3.693512e-01
8.810000e-01 1.755180e+00 2.150387e+00 2.518268e+00 1.188021e+01 5.848393e+03 1.274314e+04 2.57553 3.706439e-01
8.800000e-01 1.755180e+00 2.150531e+00 2.518336e+00 1.188340e+01 5.874845e+03 1.273988e+04 2.57783 3.726030e-01
8.790000e-01 1.755180e+00 2.152339e+00 2.520461e+00 1.189100e+01 5.895955e+03 1.273149e+04 2.58173 3.738791e-01
8.780000e-01 1.755180e+00 2.153309e+00 2.521549e+00 1.189639e+01 5.919565e+03 1.272567e+04 2.58482 3.754865e-01
8.770000e-01 1.755180e+00 2.154287e+00 2.522648e+00 1.190180e+01 5.943019e+03 1.271985e+04 2.58793 3.770858e-01
8.760000e-01 1.755180e+00 2.155267e+00 2.523749e+00 1.190723e+01 5.966361e+03 1.271403e+04 2.59106 3.786790e-01
8.750000e-01 1.755180e+00 2.156251e+00 2.524854e+00 1.191268e+01 5.989625e+03 1.270819e+04 2.59419 3.802683e-01
8.740000e-01 1.755180e+00 2.157236e+00 2.525962e+00 1.191814e+01 6.012782e+03 1.270235e+04 2.59733 3.818516e-01
8.730000e-01 1.755180e+00 2.158223e+00 2.527071e+00 1.192361e+01 6.035809e+03 1.269652e+04 2.60048 3.834276e-01
8.720000e-01 1.755180e+00 2.159208e+00 2.528178e+00 1.192909e+01 6.058666e+03 1.269069e+04 2.60363 3.849938e-01
8.710000e-01 1.755180e+00 2.160192e+00 2.529283e+00 1.193457e+01 6.081351e+03 1.268487e+04 2.60677 3.865501e-01
8.700000e-01 1.755180e+00 2.161177e+00 2.530387e+00 1.194005e+01 6.103913e+03 1.267904e+04 2.60993 3.880997e-01
8.690000e-01 1.755180e+00 2.162164e+00 2.531495e+00 1.194557e+01 6.126416e+03 1.267321e+04 2.61309 3.896469e-01
8.680000e-01 1.755180e+00 2.163156e+00 2.532608e+00 1.195110e+01 6.148876e+03 1.266736e+04 2.61627 3.911924e-01
8.670000e-01 1.755180e+00 2.164152e+00 2.533726e+00 1.195667e+01 6.171293e+03 1.266148e+04 2.61947 3.927362e-01
8.660000e-01 1.755180e+00 2.165153e+00 2.534851e+00 1.196225e+01 6.193666e+03 1.265560e+04 2.62268 3.942783e-01
8.650000e-01 1.755180e+00 2.166158e+00 2.535981e+00 1.196786e+01 6.215972e+03 1.264970e+04 2.6259 3.958168e-01
8.640000e-01 1.755180e+00 2.167166e+00 2.537114e+00 1.197348e+01 6.238187e+03 1.264380e+04 2.62913 3.973502e-01
8.630000e-01 1.755180e+00 2.168174e+00 2.538249e+00 1.197912e+01 6.260284e+03 1.263789e+04 2.63237 3.988771e-01
8.620000e-01 1.755180e+00 2.169183e+00 2.539384e+00 1.198476e+01 6.282248e+03 1.263199e+04 2.6356 4.003963e-01
8.610000e-01 1.755180e+00 2.170193e+00 2.540519e+00 1.199040e+01 6.304095e+03 1.262609e+04 2.63885 4.019089e-01
8.600000e-01 1.755180e+00 2.171204e+00 2.541656e+00 1.199607e+01 6.325836e+03 1.262018e+04 2.6421 4.034157e-01
8.590000e-01 1.755180e+00 2.172216e+00 2.542794e+00 1.200174e+01 6.347466e+03 1.261428e+04 2.64535 4.049164e-01
8.580000e-01 1.755180e+00 2.173229e+00 2.543935e+00 1.200742e+01 6.369009e+03 1.260836e+04 2.64862 4.064125e-01
8.570000e-01 1.755180e+00 2.174246e+00 2.545078e+00 1.201313e+01 6.390481e+03 1.260244e+04 2.65189 4.079050e-01
8.560000e-01 1.755180e+00 2.175264e+00 2.546224e+00 1.201885e+01 6.411852e+03 1.259651e+04 2.65517 4.093919e-01
8.550000e-01 1.755180e+00 2.176283e+00 2.547371e+00 1.202458e+01 6.433101e+03 1.259058e+04 2.65846 4.108719e-01
8.540000e-01 1.755180e+00 2.177301e+00 2.548515e+00 1.203031e+01 6.454195e+03 1.258465e+04 2.66174 4.123429e-01
8.530000e-01 1.755180e+00 2.178317e+00 2.549658e+00 1.203604e+01 6.475151e+03 1.257873e+04 2.66503 4.138061e-01
8.520000e-01 1.755180e+00 2.179335e+00 2.550801e+00 1.204180e+01 6.496028e+03 1.257280e+04 2.66832 4.152654e-01
8.510000e-01 1.755180e+00 2.180357e+00 2.551949e+00 1.204758e+01 6.516862e+03 1.256685e+04 2.67163 4.167232e-01
8.500000e-01 1.755180e+00 2.181426e+00 2.553158e+00 1.205348e+01 6.537620e+03 1.256079e+04 2.67503 4.181715e-01
8.490000e-01 1.755180e+00 2.182457e+00 2.554318e+00 1.205931e+01 6.558381e+03 1.255480e+04 2.67837 4.196264e-01
8.480000e-01 1.755180e+00 2.183492e+00 2.555483e+00 1.206517e+01 6.579099e+03 1.254879e+04 2.68172 4.210796e-01
8.470000e-01 1.755180e+00 2.184530e+00 2.556652e+00 1.207104e+01 6.599749e+03 1.254278e+04 2.68509 4.225292e-01
8.460000e-01 1.755180e+00 2.185570e+00 2.557823e+00 1.207693e+01 6.620313e+03 1.253676e+04 2.68846 4.239740e-01
8.450000e-01 1.755180e+00 2.186611e+00 2.558995e+00 1.208283e+01 6.640766e+03 1.253073e+04 2.69183 4.254125e-01
8.440000e-01 1.755180e+00 2.187652e+00 2.560168e+00 1.208874e+01 6.661109e+03 1.252471e+04 2.69521 4.268449e-01
8.430000e-01 1.755180e+00 2.188695e+00 2.561342e+00 1.209466e+01 6.681360e+03 1.251867e+04 2.6986 4.282722e-01
8.420000e-01 1.755180e+00 2.189738e+00 2.562517e+00 1.210060e+01 6.701515e+03 1.251264e+04 2.70199 4.296943e-01
8.410000e-01 1.755180e+00 2.190783e+00 2.563694e+00 1.210655e+01 6.721582e+03 1.250659e+04 2.70539 4.311117e-01
8.400000e-01 1.755180e+00 2.191831e+00 2.564874e+00 1.211251e+01 6.741581e+03 1.250054e+04 2.7088 4.325256e-01
8.390000e-01 1.755180e+00 2.192880e+00 2.566056e+00 1.211850e+01 6.761504e+03 1.249447e+04 2.71222 4.339354e-01
8.380000e-01 1.755180e+00 2.193930e+00 2.567240e+00 1.212449e+01 6.781320e+03 1.248840e+04 2.71564 4.353392e-01
8.370000e-01 1.755180e+00 2.194980e+00 2.568421e+00 1.213049e+01 6.801011e+03 1.248233e+04 2.71906 4.367359e-01
8.360000e-01 1.755180e+00 2.196028e+00 2.569601e+00 1.213650e+01 6.820568e+03 1.247626e+04 2.72249 4.381249e-01
8.350000e-01 1.755180e+00 2.197077e+00 2.570781e+00 1.214252e+01 6.840040e+03 1.247019e+04 2.72592 4.395095e-01
8.340000e-01 1.755180e+00 2.198129e+00 2.571965e+00 1.214856e+01 6.859472e+03 1.246410e+04 2.72936 4.408927e-01
8.330000e-01 1.755180e+00 2.199185e+00 2.573154e+00 1.215464e+01 6.878867e+03 1.245798e+04 2.73282 4.422745e-01
8.320000e-01 1.755180e+00 2.200246e+00 2.574348e+00 1.216074e+01 6.898229e+03 1.245184e+04 2.7363 4.436552e-01
8.310000e-01 1.755180e+00 2.201310e+00 2.575547e+00 1.216686e+01 6.917556e+03 1.244569e+04 2.73978 4.450345e-01
8.300000e-01 1.755180e+00 2.202378e+00 2.576751e+00 1.217301e+01 6.936831e+03 1.243952e+04 2.74328 4.464111e-01
8.290000e-01 1.755180e+00 2.203448e+00 2.577958e+00 1.217917e+01 6.956029e+03 1.243333e+04 2.74679 4.477836e-01
8.280000e-01 1.755180e+00 2.204520e+00 2.579166e+00 1.218535e+01 6.975135e+03 1.242715e+04 2.7503 4.491509e-01
8.270000e-01 1.755180e+00 2.205591e+00 2.580374e+00 1.219154e+01 6.994141e+03 1.242095e+04 2.75382 4.505125e-01
8.260000e-01 1.755180e+00 2.206664e+00 2.581584e+00 1.219774e+01 7.013066e+03 1.241475e+04 2.75734 4.518698e-01
8.250000e-01 1.755180e+00 2.207738e+00 2.582795e+00 1.220395e+01 7.031906e+03 1.240854e+04 2.76087 4.532224e-01
8.240000e-01 1.755180e+00 2.208813e+00 2.584006e+00 1.221018e+01 7.050663e+03 1.240232e+04 2.76441 4.545705e-01
8.230000e-01 1.755180e+00 2.209890e+00 2.585221e+00 1.221643e+01 7.069356e+03 1.239609e+04 2.76795 4.559154e-01
8.220000e-01 1.755180e+00 2.210969e+00 2.586438e+00 1.222270e+01 7.087982e+03 1.238984e+04 2.7715 4.572567e-01
8.210000e-01 1.755180e+00 2.212049e+00 2.587656e+00 1.222898e+01 7.106512e+03 1.238359e+04 2.77506 4.585926e-01
8.200000e-01 1.755180e+00 2.213128e+00 2.588872e+00 1.223526e+01 7.124931e+03 1.237733e+04 2.77862 4.599221e-01
8.190000e-01 1.755180e+00 2.214206e+00 2.590087e+00 1.224155e+01 7.143228e+03 1.237107e+04 2.78218 4.612447e-01
8.180000e-01 1.755180e+00 2.215284e+00 2.591301e+00 1.224786e+01 7.161450e+03 1.236480e+04 2.78575 4.625634e-01
8.170000e-01 1.755180e+00 2.216366e+00 2.592520e+00 1.225420e+01 7.179640e+03 1.235851e+04 2.78933 4.638811e-01
8.160000e-01 1.755180e+00 2.217452e+00 2.593743e+00 1.226056e+01 7.197791e+03 1.235220e+04 2.79292 4.651974e-01
8.150000e-01 1.755180e+00 2.218541e+00 2.594971e+00 1.226695e+01 7.215915e+03 1.234586e+04 2.79653 4.665126e-01
8.140000e-01 1.755180e+00 2.219635e+00 2.596204e+00 1.227337e+01 7.234005e+03 1.233950e+04 2.80015 4.678266e-01
8.130000e-01 1.755180e+00 2.220732e+00 2.597442e+00 1.227981e+01 7.252044e+03 1.233312e+04 2.80379 4.691379e-01
8.120000e-01 1.755180e+00 2.221830e+00 2.598681e+00 1.228627e+01 7.270013e+03 1.232673e+04 2.80743 4.704453e-01
8.110000e-01 1.755180e+00 2.222930e+00 2.599922e+00 1.229274e+01 7.287894e+03 1.232033e+04 2.81107 4.717478e-01
8.100000e-01 1.755180e+00 2.224030e+00 2.601163e+00 1.229923e+01 7.305690e+03 1.231392e+04 2.81472 4.730455e-01
8.090000e-01 1.755180e+00 2.225131e+00 2.602405e+00 1.230572e+01 7.323410e+03 1.230750e+04 2.81838 4.743392e-01
8.080000e-01 1.755180e+00 2.226233e+00 2.603649e+00 1.231224e+01 7.341056e+03 1.230107e+04 2.82204 4.756287e-01
8.070000e-01 1.755180e+00 2.227336e+00 2.604894e+00 1.231877e+01 7.358626e+03 1.229462e+04 2.82571 4.769142e-01
8.060000e-01 1.755180e+00 2.228441e+00 2.606141e+00 1.232532e+01 7.376135e+03 1.228816e+04 2.82939 4.781966e-01
8.050000e-01 1.755180e+00 2.229548e+00 2.607391e+00 1.233189e+01 7.393579e+03 1.228169e+04 2.83308 4.794755e-01
8.040000e-01 1.755180e+00 2.230655e+00 2.608639e+00 1.233847e+01 7.410925e+03 1.227521e+04 2.83676 4.807488e-01
8.030000e-01 1.755180e+00 2.231761e+00 2.609887e+00 1.234506e+01 7.428165e+03 1.226872e+04 2.84046 4.820159e-01
8.020000e-01 1.755180e+00 2.232866e+00 2.611132e+00 1.235166e+01 7.445302e+03 1.226223e+04 2.84415 4.832773e-01
8.010000e-01 1.755180e+00 2.233973e+00 2.612380e+00 1.235828e+01 7.462390e+03 1.225572e+04 2.84785 4.845366e-01
8.000000e-01 1.755180e+00 2.235083e+00 2.613632e+00 1.236493e+01 7.479448e+03 1.224919e+04 2.85157 4.857949e-01
7.990000e-01 1.755180e+00 2.236197e+00 2.614887e+00 1.237161e+01 7.496468e+03 1.224263e+04 2.8553 4.870517e-01
7.980000e-01 1.755180e+00 2.237314e+00 2.616149e+00 1.237832e+01 7.513461e+03 1.223604e+04 2.85904 4.883074e-01
7.970000e-01 1.755180e+00 2.238436e+00 2.617415e+00 1.238506e+01 7.530417e+03 1.222943e+04 2.8628 4.895616e-01
7.960000e-01 1.755180e+00 2.239559e+00 2.618683e+00 1.239182e+01 7.547315e+03 1.222280e+04 2.86656 4.908127e-01
7.950000e-01 1.755180e+00 2.240684e+00 2.619954e+00 1.239859e+01 7.564142e+03 1.221616e+04 2.87033 4.920597e-01
7.940000e-01 1.755180e+00 2.241810e+00 2.621225e+00 1.240538e+01 7.580886e+03 1.220951e+04 2.87411 4.933021e-01
7.930000e-01 1.755180e+00 2.242936e+00 2.622497e+00 1.241219e+01 7.597557e+03 1.220284e+04 2.87789 4.945405e-01
7.920000e-01 1.755180e+00 2.244063e+00 2.623770e+00 1.241901e+01 7.614158e+03 1.219617e+04 2.88168 4.957750e-01
7.910000e-01 1.755180e+00 2.245191e+00 2.625043e+00 1.242585e+01 7.630684e+03 1.218947e+04 2.88547 4.970054e-01
7.900000e-01 1.755180e+00 2.246320e+00 2.626319e+00 1.243271e+01 7.647150e+03 1.218276e+04 2.88927 4.982328e-01
7.890000e-01 1.755180e+00 2.247451e+00 2.627597e+00 1.243959e+01 7.663558e+03 1.217604e+04 2.89308 4.994570e-01
7.880000e-01 1.755180e+00 2.248583e+00 2.628875e+00 1.244648e+01 7.679885e+03 1.216930e+04 2.8969 5.006767e-01
7.870000e-01 1.755180e+00 2.249714e+00 2.630152e+00 1.245339e+01 7.696113e+03 1.216255e+04 2.90071 5.018906e-01
7.860000e-01 1.755180e+00 2.250844e+00 2.631426e+00 1.246030e+01 7.712241e+03 1.215580e+04 2.90453 5.030989e-01
7.850000e-01 1.755180e+00 2.251974e+00 2.632702e+00 1.246724e+01 7.728305e+03 1.214903e+04 2.90835 5.043039e-01
7.840000e-01 1.755180e+00 2.253149e+00 2.634035e+00 1.247430e+01 7.744307e+03 1.214213e+04 2.91226 5.054983e-01
7.830000e-01 1.755180e+00 2.254287e+00 2.635319e+00 1.248130e+01 7.760303e+03 1.213530e+04 2.91611 5.067005e-01
7.820000e-01 1.755180e+00 2.255427e+00 2.636607e+00 1.248832e+01 7.776273e+03 1.212845e+04 2.91997 5.079019e-01
7.810000e-01 1.755180e+00 2.256571e+00 2.637899e+00 1.249538e+01 7.792209e+03 1.212157e+04 2.92385 5.091019e-01
7.800000e-01 1.755180e+00 2.257717e+00 2.639195e+00 1.250246e+01 7.808090e+03 1.211466e+04 2.92773 5.102990e-01
7.790000e-01 1.755180e+00 2.258865e+00 2.640492e+00 1.250957e+01 7.823913e+03 1.210774e+04 2.93163 5.114928e-01
7.780000e-01 1.755180e+00 2.260013e+00 2.641790e+00 1.251669e+01 7.839658e+03 1.210081e+04 2.93552 5.126823e-01
7.770000e-01 1.755180e+00 2.261161e+00 2.643088e+00 1.252382e+01 7.855326e+03 1.209386e+04 2.93943 5.138674e-01
7.760000e-01 1.755180e+00 2.262311e+00 2.644387e+00 1.253097e+01 7.870936e+03 1.208690e+04 2.94333 5.150493e-01
7.750000e-01 1.755180e+00 2.263461e+00 2.645687e+00 1.253815e+01 7.886469e+03 1.207992e+04 2.94725 5.162272e-01
7.740000e-01 1.755180e+00 2.264612e+00 2.646989e+00 1.254534e+01 7.901942e+03 1.207292e+04 2.95117 5.174017e-01
7.730000e-01 1.755180e+00 2.265765e+00 2.648293e+00 1.255256e+01 7.917364e+03 1.206591e+04 2.9551 5.185736e-01
7.720000e-01 1.755180e+00 2.266917e+00 2.649595e+00 1.255979e+01 7.932698e+03 1.205887e+04 2.95903 5.197407e-01
7.710000e-01 1.755180e+00 2.268070e+00 2.650898e+00 1.256704e+01 7.947951e+03 1.205183e+04 2.96297 5.209028e-01
7.700000e-01 1.755180e+00 2.269221e+00 2.652199e+00 1.257430e+01 7.963110e+03 1.204478e+04 2.96691 5.220596e-01
7.690000e-01 1.755180e+00 2.270371e+00 2.653498e+00 1.258157e+01 7.978190e+03 1.203771e+04 2.97085 5.232126e-01
7.680000e-01 1.755180e+00 2.271526e+00 2.654803e+00 1.258888e+01 7.993255e+03 1.203061e+04 2.9748 5.243651e-01
7.670000e-01 1.755180e+00 2.272683e+00 2.656111e+00 1.259623e+01 8.008281e+03 1.202349e+04 2.97877 5.255161e-01
7.660000e-01 1.755180e+00 2.273843e+00 2.657421e+00 1.260361e+01 8.023262e+03 1.201633e+04 2.98275 5.266651e-01
7.650000e-01 1.755180e+00 2.275007e+00 2.658739e+00 1.261101e+01 8.038227e+03 1.200915e+04 2.98675 5.278135e-01
7.640000e-01 1.755180e+00 2.276173e+00 2.660059e+00 1.261845e+01 8.053132e+03 1.200194e+04 2.99075 5.289589e-01
7.630000e-01 1.755180e+00 2.277339e+00 2.661377e+00 1.262591e+01 8.067966e+03 1.199471e+04 2.99476 5.301004e-01
7.620000e-01 1.755180e+00 2.278508e+00 2.662701e+00 1.263339e+01 8.082746e+03 1.198747e+04 2.99878 5.312385e-01
7.610000e-01 1.755180e+00 2.279675e+00 2.664023e+00 1.264088e+01 8.097440e+03 1.198021e+04 3.0028 5.323720e-01
7.600000e-01 1.755180e+00 2.280842e+00 2.665344e+00 1.264840e+01 8.112070e+03 1.197294e+04 3.00682 5.335023e-01
7.590000e-01 1.755180e+00 2.282012e+00 2.666670e+00 1.265594e+01 8.126645e+03 1.196565e+04 3.01086 5.346294e-01
7.580000e-01 1.755180e+00 2.283182e+00 2.667995e+00 1.266350e+01 8.141148e+03 1.195834e+04 3.0149 5.357526e-01
7.570000e-01 1.755180e+00 2.284353e+00 2.669320e+00 1.267108e+01 8.155593e+03 1.195100e+04 3.01894 5.368730e-01
7.560000e-01 1.755180e+00 2.285524e+00 2.670646e+00 1.267869e+01 8.169964e+03 1.194365e+04 3.02299 5.379889e-01
7.550000e-01 1.755180e+00 2.286694e+00 2.671972e+00 1.268630e+01 8.184244e+03 1.193630e+04 3.02705 5.390996e-01
7.540000e-01 1.755180e+00 2.287862e+00 2.673294e+00 1.269394e+01 8.198435e+03 1.192893e+04 3.0311 5.402055e-01
7.530000e-01 1.755180e+00 2.289031e+00 2.674617e+00 1.270159e+01 8.212572e+03 1.192154e+04 3.03516 5.413087e-01
7.520000e-01 1.755180e+00 2.290203e+00 2.675944e+00 1.270929e+01 8.226680e+03 1.191411e+04 3.03924 5.424109e-01
7.510000e-01 1.755180e+00 2.291378e+00 2.677275e+00 1.271702e+01 8.240751e+03 1.190666e+04 3.04333 5.435117e-01
7.500000e-01 1.755180e+00 2.292556e+00 2.678610e+00 1.272478e+01 8.254785e+03 1.189917e+04 3.04742 5.446107e-01
7.490000e-01 1.755180e+00 2.293736e+00 2.679948e+00 1.273258e+01 8.268785e+03 1.189165e+04 3.05154 5.457081e-01
7.480000e-01 1.755180e+00 2.294918e+00 2.681288e+00 1.274041e+01 8.282728e+03 1.188411e+04 3.05565 5.468024e-01
7.470000e-01 1.755180e+00 2.296101e+00 2.682630e+00 1.274825e+01 8.296605e+03 1.187654e+04 3.05978 5.478929e-01
7.460000e-01 1.755180e+00 2.297283e+00 2.683971e+00 1.275612e+01 8.310412e+03 1.186896e+04 3.06391 5.489794e-01
7.450000e-01 1.755180e+00 2.298466e+00 2.685312e+00 1.276401e+01 8.324153e+03 1.186136e+04 3.06804 5.500622e-01
7.440000e-01 1.755180e+00 2.299649e+00 2.686655e+00 1.277193e+01 8.337834e+03 1.185374e+04 3.07217 5.511418e-01
7.430000e-01 1.755180e+00 2.300833e+00 2.687998e+00 1.277986e+01 8.351449e+03 1.184610e+04 3.07632 5.522176e-01
7.420000e-01 1.755180e+00 2.302016e+00 2.689341e+00 1.278782e+01 8.365005e+03 1.183843e+04 3.08047 5.532903e-01
7.410000e-01 1.755180e+00 2.303200e+00 2.690684e+00 1.279581e+01 8.378499e+03 1.183074e+04 3.08462 5.543594e-01
7.400000e-01 1.755180e+00 2.304383e+00 2.692026e+00 1.280382e+01 8.391907e+03 1.182303e+04 3.08877 5.554233e-01
7.390000e-01 1.755180e+00 2.305564e+00 2.693365e+00 1.281183e+01 8.405230e+03 1.181531e+04 3.09292 5.564822e-01
7.380000e-01 1.755180e+00 2.306744e+00 2.694703e+00 1.281987e+01 8.418483e+03 1.180757e+04 3.09708 5.575374e-01
7.370000e-01 1.755180e+00 2.307926e+00 2.696042e+00 1.282795e+01 8.431700e+03 1.179979e+04 3.10124 5.585910e-01
7.360000e-01 1.755180e+00 2.309150e+00 2.697438e+00 1.283616e+01 8.444853e+03 1.179187e+04 3.10547 5.596324e-01
7.350000e-01 1.755180e+00 2.310338e+00 2.698785e+00 1.284431e+01 8.457997e+03 1.178402e+04 3.10966 5.606822e-01
7.340000e-01 1.755180e+00 2.311527e+00 2.700135e+00 1.285249e+01 8.471108e+03 1.177613e+04 3.11386 5.617306e-01
7.330000e-01 1.755180e+00 2.312717e+00 2.701486e+00 1.286072e+01 8.484174e+03 1.176821e+04 3.11806 5.627763e-01
7.320000e-01 1.755180e+00 2.313907e+00 2.702837e+00 1.286896e+01 8.497174e+03 1.176026e+04 3.12226 5.638181e-01
7.310000e-01 1.755180e+00 2.315098e+00 2.704188e+00 1.287723e+01 8.510109e+03 1.175229e+04 3.12647 5.648561e-01
7.300000e-01 1.755180e+00 2.316287e+00 2.705539e+00 1.288552e+01 8.522980e+03 1.174429e+04 3.13068 5.658902e-01
7.290000e-01 1.755180e+00 2.317477e+00 2.706889e+00 1.289383e+01 8.535791e+03 1.173627e+04 3.13489 5.669208e-01
7.280000e-01 1.755180e+00 2.318666e+00 2.708238e+00 1.290217e+01 8.548538e+03 1.172822e+04 3.1391 5.679477e-01
7.270000e-01 1.755180e+00 2.319855e+00 2.709588e+00 1.291054e+01 8.561222e+03 1.172015e+04 3.14332 5.689709e-01
7.260000e-01 1.755180e+00 2.321044e+00 2.710938e+00 1.291894e+01 8.573850e+03 1.171204e+04 3.14754 5.699909e-01
7.250000e-01 1.755180e+00 2.322231e+00 2.712285e+00 1.292735e+01 8.586399e+03 1.170392e+04 3.15176 5.710060e-01
7.240000e-01 1.755180e+00 2.323416e+00 2.713629e+00 1.293578e+01 8.598860e+03 1.169577e+04 3.15598 5.720157e-01
7.230000e-01 1.755180e+00 2.324599e+00 2.714971e+00 1.294423e+01 8.611250e+03 1.168761e+04 3.16019 5.730214e-01
7.220000e-01 1.755180e+00 2.325783e+00 2.716313e+00 1.295272e+01 8.623599e+03 1.167940e+04 3.16442 5.740250e-01
7.210000e-01 1.755180e+00 2.326969e+00 2.717658e+00 1.296125e+01 8.635913e+03 1.167116e+04 3.16865 5.750270e-01
7.200000e-01 1.755180e+00 2.328157e+00 2.719005e+00 1.296982e+01 8.648185e+03 1.166287e+04 3.17289 5.760266e-01
7.190000e-01 1.755180e+00 2.329346e+00 2.720355e+00 1.297843e+01 8.660422e+03 1.165455e+04 3.17714 5.770245e-01
7.180000e-01 1.755180e+00 2.330536e+00 2.721707e+00 1.298707e+01 8.672615e+03 1.164618e+04 3.18139 5.780196e-01
7.170000e-01 1.755180e+00 2.331726e+00 2.723057e+00 1.299574e+01 8.684743e+03 1.163778e+04 3.18565 5.790108e-01
7.160000e-01 1.755180e+00 2.332915e+00 2.724407e+00 1.300444e+01 8.696805e+03 1.162936e+04 3.1899 5.799978e-01
7.150000e-01 1.755180e+00 2.334103e+00 2.725757e+00 1.301316e+01 8.708804e+03 1.162092e+04 3.19416 5.809811e-01
7.140000e-01 1.755180e+00 2.335291e+00 2.727105e+00 1.302192e+01 8.720742e+03 1.161244e+04 3.19842 5.819608e-01
7.130000e-01 1.755180e+00 2.336478e+00 2.728453e+00 1.303070e+01 8.732615e+03 1.160393e+04 3.20268 5.829366e-01
7.120000e-01 1.755180e+00 2.337664e+00 2.729800e+00 1.303951e+01 8.744423e+03 1.159539e+04 3.20694 5.839086e-01
7.110000e-01 1.755180e+00 2.338849e+00 2.731147e+00 1.304834e+01 8.756175e+03 1.158682e+04 3.2112 5.848772e-01
7.100000e-01 1.755180e+00 2.340033e+00 2.732490e+00 1.305721e+01 8.767844e+03 1.157823e+04 3.21546 5.858408e-01
7.090000e-01 1.755180e+00 2.341213e+00 2.733830e+00 1.306608e+01 8.779427e+03 1.156962e+04 3.21972 5.867992e-01
7.080000e-01 1.755180e+00 2.342393e+00 2.735168e+00 1.307499e+01 8.790938e+03 1.156099e+04 3.22398 5.877536e-01
7.070000e-01 1.755180e+00 2.343572e+00 2.736507e+00 1.308393e+01 8.802409e+03 1.155232e+04 3.22824 5.887060e-01
7.060000e-01 1.755180e+00 2.344752e+00 2.737847e+00 1.309293e+01 8.813839e+03 1.154360e+04 3.23252 5.896564e-01
7.050000e-01 1.755180e+00 2.345934e+00 2.739189e+00 1.310196e+01 8.825225e+03 1.153483e+04 3.23679 5.906041e-01
7.040000e-01 1.755180e+00 2.347117e+00 2.740534e+00 1.311103e+01 8.836574e+03 1.152603e+04 3.24108 5.915499e-01
7.030000e-01 1.755180e+00 2.348300e+00 2.741879e+00 1.312015e+01 8.847869e+03 1.151718e+04 3.24537 5.924926e-01
7.020000e-01 1.755180e+00 2.349520e+00 2.743272e+00 1.312939e+01 8.859068e+03 1.150821e+04 3.24971 5.934200e-01
7.010000e-01 1.755180e+00 2.350701e+00 2.744616e+00 1.313857e+01 8.870228e+03 1.149930e+04 3.254 5.943536e-01
7.000000e-01 1.755180e+00 2.351881e+00 2.745958e+00 1.314777e+01 8.881332e+03 1.149036e+04 3.25829 5.952839e-01
6.990000e-01 1.755180e+00 2.353058e+00 2.747295e+00 1.315701e+01 8.892368e+03 1.148138e+04 3.26257 5.962101e-01
6.980000e-01 1.755180e+00 2.354235e+00 2.748633e+00 1.316628e+01 8.903340e+03 1.147237e+04 3.26686 5.971324e-01
6.970000e-01 1.755180e+00 2.355410e+00 2.749970e+00 1.317558e+01 8.914252e+03 1.146333e+04 3.27114 5.980507e-01
6.960000e-01 1.755180e+00 2.356582e+00 2.751303e+00 1.318491e+01 8.925096e+03 1.145425e+04 3.27542 5.989648e-01
6.950000e-01 1.755180e+00 2.357752e+00 2.752631e+00 1.319426e+01 8.935854e+03 1.144514e+04 3.27969 5.998734e-01
6.940000e-01 1.755180e+00 2.358918e+00 2.753957e+00 1.320363e+01 8.946537e+03 1.143602e+04 3.28395 6.007772e-01
6.930000e-01 1.755180e+00 2.360082e+00 2.755279e+00 1.321304e+01 8.957152e+03 1.142685e+04 3.28822 6.016771e-01
6.920000e-01 1.755180e+00 2.361246e+00 2.756601e+00 1.322249e+01 8.967728e+03 1.141764e+04 3.29248 6.025747e-01
6.910000e-01 1.755180e+00 2.362411e+00 2.757924e+00 1.323199e+01 8.978264e+03 1.140837e+04 3.29675 6.034697e-01
6.900000e-01 1.755180e+00 2.363575e+00 2.759247e+00 1.324154e+01 8.988750e+03 1.139905e+04 3.30103 6.043618e-01
6.890000e-01 1.755180e+00 2.364739e+00 2.760571e+00 1.325113e+01 8.999197e+03 1.138969e+04 3.3053 6.052513e-01
6.880000e-01 1.755180e+00 2.365903e+00 2.761894e+00 1.326076e+01 9.009584e+03 1.138028e+04 3.30958 6.061368e-01
6.870000e-01 1.755180e+00 2.367063e+00 2.763213e+00 1.327042e+01 9.019899e+03 1.137083e+04 3.31384 6.070174e-01
6.860000e-01 1.755180e+00 2.368221e+00 2.764531e+00 1.328011e+01 9.030148e+03 1.136135e+04 3.3181 6.078937e-01
6.850000e-01 1.755180e+00 2.369377e+00 2.765846e+00 1.328984e+01 9.040338e+03 1.135183e+04 3.32236 6.087662e-01
6.840000e-01 1.755180e+00 2.370531e+00 2.767159e+00 1.329961e+01 9.050464e+03 1.134227e+04 3.32662 6.096345e-01
6.830000e-01 1.755180e+00 2.371682e+00 2.768468e+00 1.330940e+01 9.060516e+03 1.133268e+04 3.33086 6.104979e-01
6.820000e-01 1.755180e+00 2.372830e+00 2.769774e+00 1.331923e+01 9.070509e+03 1.132304e+04 3.33511 6.113574e-01
6.810000e-01 1.755180e+00 2.373976e+00 2.771077e+00 1.332909e+01 9.080426e+03 1.131337e+04 3.33934 6.122118e-01
6.800000e-01 1.755180e+00 2.375117e+00 2.772373e+00 1.333898e+01 9.090254e+03 1.130367e+04 3.34357 6.130604e-01
6.790000e-01 1.755180e+00 2.376254e+00 2.773665e+00 1.334889e+01 9.100010e+03 1.129394e+04 3.34778 6.139043e-01
6.780000e-01 1.755180e+00 2.377388e+00 2.774954e+00 1.335885e+01 9.109716e+03 1.128415e+04 3.35199 6.147451e-01
6.770000e-01 1.755180e+00 2.378523e+00 2.776243e+00 1.336887e+01 9.119381e+03 1.127431e+04 3.35621 6.155832e-01
6.760000e-01 1.755180e+00 2.379656e+00 2.777531e+00 1.337893e+01 9.128992e+03 1.126441e+04 3.36042 6.164178e-01
6.750000e-01 1.755180e+00 2.380788e+00 2.778819e+00 1.338904e+01 9.138559e+03 1.125445e+04 3.36463 6.172494e-01
6.740000e-01 1.755180e+00 2.381954e+00 2.780151e+00 1.339930e+01 9.148036e+03 1.124435e+04 3.36889 6.180658e-01
6.730000e-01 1.755180e+00 2.383083e+00 2.781436e+00 1.340950e+01 9.157471e+03 1.123430e+04 3.37309 6.188880e-01
6.720000e-01 1.755180e+00 2.384208e+00 2.782716e+00 1.341973e+01 9.166837e+03 1.122422e+04 3.37728 6.197061e-01
6.710000e-01 1.755180e+00 2.385330e+00 2.783993e+00 1.343001e+01 9.176140e+03 1.121410e+04 3.38147 6.205199e-01
6.700000e-01 1.755180e+00 2.386449e+00 2.785268e+00 1.344032e+01 9.185373e+03 1.120393e+04 3.38565 6.213294e-01
6.690000e-01 1.755180e+00 2.387564e+00 2.786538e+00 1.345068e+01 9.194533e+03 1.119373e+04 3.38982 6.221341e-01
6.680000e-01 1.755180e+00 2.388677e+00 2.787806e+00 1.346107e+01 9.203629e+03 1.118348e+04 3.39399 6.229345e-01
6.670000e-01 1.755180e+00 2.389786e+00 2.789068e+00 1.347149e+01 9.212644e+03 1.117320e+04 3.39815 6.237298e-01
6.660000e-01 1.755180e+00 2.390890e+00 2.790324e+00 1.348195e+01 9.221572e+03 1.116289e+04 3.4023 6.245192e-01
6.650000e-01 1.755180e+00 2.391988e+00 2.791574e+00 1.349243e+01 9.230422e+03 1.115254e+04 3.40643 6.253034e-01
6.640000e-01 1.755180e+00 2.393084e+00 2.792821e+00 1.350297e+01 9.239213e+03 1.114214e+04 3.41056 6.260839e-01
6.630000e-01 1.755180e+00 2.394178e+00 2.794066e+00 1.351356e+01 9.247957e+03 1.113168e+04 3.41469 6.268614e-01
6.620000e-01 1.755180e+00 2.395269e+00 2.795309e+00 1.352421e+01 9.256647e+03 1.112115e+04 3.41881 6.276349e-01
6.610000e-01 1.755180e+00 2.396358e+00 2.796550e+00 1.353492e+01 9.265285e+03 1.111056e+04 3.42292 6.284047e-01
6.600000e-01 1.755180e+00 2.397444e+00 2.797788e+00 1.354568e+01 9.273865e+03 1.109992e+04 3.42702 6.291702e-01
6.590000e-01 1.755180e+00 2.398526e+00 2.799021e+00 1.355647e+01 9.282374e+03 1.108923e+04 3.43111 6.299304e-01
6.580000e-01 1.755180e+00 2.399603e+00 2.800248e+00 1.356731e+01 9.290809e+03 1.107849e+04 3.43519 6.306850e-01
6.570000e-01 1.755180e+00 2.400675e+00 2.801469e+00 1.357819e+01 9.299179e+03 1.106770e+04 3.43925 6.314347e-01
6.560000e-01 1.755180e+00 2.401742e+00 2.802685e+00 1.358911e+01 9.307483e+03 1.105685e+04 3.44329 6.321792e-01
6.550000e-01 1.755180e+00 2.402804e+00 2.803894e+00 1.360008e+01 9.315709e+03 1.104595e+04 3.44731 6.329182e-01
6.540000e-01 1.755180e+00 2.403861e+00 2.805099e+00 1.361109e+01 9.323867e+03 1.103501e+04 3.45133 6.336522e-01
6.530000e-01 1.755180e+00 2.404913e+00 2.806297e+00 1.362213e+01 9.331945e+03 1.102402e+04 3.45533 6.343805e-01
6.520000e-01 1.755180e+00 2.405990e+00 2.807529e+00 1.363331e+01 9.339900e+03 1.101290e+04 3.45935 6.350914e-01
6.510000e-01 1.755180e+00 2.407030e+00 2.808712e+00 1.364442e+01 9.347804e+03 1.100182e+04 3.46331 6.358070e-01
6.500000e-01 1.755180e+00 2.408065e+00 2.809891e+00 1.365560e+01 9.355652e+03 1.099070e+04 3.46726 6.365194e-01
6.490000e-01 1.755180e+00 2.409098e+00 2.811067e+00 1.366683e+01 9.363447e+03 1.097950e+04 3.47121 6.372280e-01
6.480000e-01 1.755180e+00 2.410126e+00 2.812239e+00 1.367813e+01 9.371180e+03 1.096824e+04 3.47514 6.379321e-01
6.470000e-01 1.755180e+00 2.411150e+00 2.813406e+00 1.368949e+01 9.378858e+03 1.095690e+04 3.47906 6.386316e-01
6.460000e-01 1.755180e+00 2.412171e+00 2.814570e+00 1.370091e+01 9.386472e+03 1.094551e+04 3.48297 6.393264e-01
6.450000e-01 1.755180e+00 2.413185e+00 2.815727e+00 1.371237e+01 9.394005e+03 1.093406e+04 3.48685 6.400152e-01
6.440000e-01 1.755180e+00 2.414193e+00 2.816877e+00 1.372387e+01 9.401465e+03 1.092257e+04 3.49072 6.406984e-01
6.430000e-01 1.755180e+00 2.415195e+00 2.818019e+00 1.373543e+01 9.408856e+03 1.091101e+04 3.49456 6.413760e-01
6.420000e-01 1.755180e+00 2.416191e+00 2.819155e+00 1.374704e+01 9.416175e+03 1.089939e+04 3.49839 6.420479e-01
6.410000e-01 1.755180e+00 2.417179e+00 2.820282e+00 1.375869e+01 9.423414e+03 1.088772e+04 3.50219 6.427133e-01
6.400000e-01 1.755180e+00 2.418161e+00 2.821401e+00 1.377038e+01 9.430581e+03 1.087599e+04 3.50596 6.433728e-01
6.390000e-01 1.755180e+00 2.419135e+00 2.822510e+00 1.378212e+01 9.437662e+03 1.086421e+04 3.50971 6.440257e-01
6.380000e-01 1.755180e+00 2.420099e+00 2.823609e+00 1.379390e+01 9.444653e+03 1.085238e+04 3.51343 6.446714e-01
6.370000e-01 1.755180e+00 2.421057e+00 2.824698e+00 1.380571e+01 9.451563e+03 1.084050e+04 3.51713 6.453111e-01
6.360000e-01 1.755180e+00 2.422008e+00 2.825780e+00 1.381760e+01 9.458418e+03 1.082854e+04 3.5208 6.459462e-01
6.350000e-01 1.755180e+00 2.422984e+00 2.826897e+00 1.382965e+01 9.465175e+03 1.081640e+04 3.5245 6.465653e-01
6.340000e-01 1.755180e+00 2.423924e+00 2.827968e+00 1.384168e+01 9.471900e+03 1.080427e+04 3.52813 6.471888e-01
6.330000e-01 1.755180e+00 2.424859e+00 2.829033e+00 1.385377e+01 9.478567e+03 1.079207e+04 3.53174 6.478078e-01
6.320000e-01 1.755180e+00 2.425785e+00 2.830088e+00 1.386592e+01 9.485155e+03 1.077981e+04 3.53533 6.484203e-01
6.310000e-01 1.755180e+00 2.426704e+00 2.831136e+00 1.387812e+01 9.491662e+03 1.076749e+04 3.53889 6.490263e-01
6.300000e-01 1.755180e+00 2.427616e+00 2.832175e+00 1.389038e+01 9.498093e+03 1.075511e+04 3.54242 6.496262e-01
6.290000e-01 1.755180e+00 2.428520e+00 2.833206e+00 1.390269e+01 9.504447e+03 1.074266e+04 3.54593 6.502202e-01
6.280000e-01 1.755180e+00 2.429416e+00 2.834228e+00 1.391506e+01 9.510720e+03 1.073015e+04 3.54941 6.508078e-01
6.270000e-01 1.755180e+00 2.430305e+00 2.835241e+00 1.392748e+01 9.516908e+03 1.071759e+04 3.55286 6.513887e-01
6.260000e-01 1.755180e+00 2.431184e+00 2.836244e+00 1.393995e+01 9.523015e+03 1.070497e+04 3.55629 6.519632e-01
6.250000e-01 1.755180e+00 2.432055e+00 2.837237e+00 1.395247e+01 9.529025e+03 1.069230e+04 3.55969 6.525305e-01
6.240000e-01 1.755180e+00 2.432916e+00 2.838217e+00 1.396503e+01 9.534942e+03 1.067959e+04 3.56305 6.530907e-01
6.230000e-01 1.755180e+00 2.433769e+00 2.839189e+00 1.397766e+01 9.540789e+03 1.066679e+04 3.56639 6.536452e-01
6.220000e-01 1.755180e+00 2.434615e+00 2.840152e+00 1.399037e+01 9.546571e+03 1.065391e+04 3.56971 6.541942e-01
6.210000e-01 1.755180e+00 2.435453e+00 2.841108e+00 1.400316e+01 9.552279e+03 1.064095e+04 3.57299 6.547371e-01
6.200000e-01 1.755180e+00 2.436311e+00 2.842092e+00 1.401611e+01 9.557880e+03 1.062780e+04 3.57629 6.552628e-01
6.190000e-01 1.755180e+00 2.437135e+00 2.843033e+00 1.402905e+01 9.563442e+03 1.061467e+04 3.57952 6.557926e-01
6.180000e-01 1.755180e+00 2.437949e+00 2.843962e+00 1.404204e+01 9.568916e+03 1.060148e+04 3.58271 6.563155e-01
6.170000e-01 1.755180e+00 2.438752e+00 2.844880e+00 1.405509e+01 9.574308e+03 1.058823e+04 3.58587 6.568313e-01
6.160000e-01 1.755180e+00 2.439546e+00 2.845787e+00 1.406821e+01 9.579622e+03 1.057490e+04 3.58899 6.573401e-01
6.150000e-01 1.755180e+00 2.440329e+00 2.846681e+00 1.408140e+01 9.584851e+03 1.056149e+04 3.59207 6.578414e-01
6.140000e-01 1.755180e+00 2.441101e+00 2.847562e+00 1.409464e+01 9.589990e+03 1.054801e+04 3.59511 6.583346e-01
6.130000e-01 1.755180e+00 2.441863e+00 2.848432e+00 1.410794e+01 9.595047e+03 1.053447e+04 3.59812 6.588208e-01
6.120000e-01 1.755180e+00 2.442612e+00 2.849287e+00 1.412129e+01 9.600005e+03 1.052086e+04 3.60108 6.592982e-01
6.110000e-01 1.755180e+00 2.443349e+00 2.850126e+00 1.413469e+01 9.604867e+03 1.050720e+04 3.60399 6.597673e-01
6.100000e-01 1.755180e+00 2.444074e+00 2.850951e+00 1.414815e+01 9.609646e+03 1.049345e+04 3.60685 6.602286e-01
6.090000e-01 1.755180e+00 2.444787e+00 2.851763e+00 1.416171e+01 9.614354e+03 1.047960e+04 3.60967 6.606831e-01
6.080000e-01 1.755180e+00 2.445491e+00 2.852565e+00 1.417536e+01 9.618986e+03 1.046565e+04 3.61246 6.611300e-01
6.070000e-01 1.755180e+00 2.446209e+00 2.853387e+00 1.418918e+01 9.623498e+03 1.045150e+04 3.61522 6.615579e-01
6.060000e-01 1.755180e+00 2.446891e+00 2.854164e+00 1.420299e+01 9.627968e+03 1.043735e+04 3.61791 6.619883e-01
6.050000e-01 1.755180e+00 2.447560e+00 2.854926e+00 1.421687e+01 9.632349e+03 1.042312e+04 3.62055 6.624105e-01
6.040000e-01 1.755180e+00 2.448217e+00 2.855675e+00 1.423082e+01 9.636640e+03 1.040883e+04 3.62314 6.628248e-01
6.030000e-01 1.755180e+00 2.446042e+00 2.853229e+00 1.423552e+01 9.648470e+03 1.040495e+04 3.62087 6.644027e-01
6.020000e-01 1.755180e+00 2.449490e+00 2.857127e+00 1.425892e+01 9.644971e+03 1.038004e+04 3.62821 6.636344e-01
6.010000e-01 1.755180e+00 2.447257e+00 2.854616e+00 1.426362e+01 9.656706e+03 1.037613e+04 3.62579 6.652112e-01
6.000000e-01 1.755180e+00 2.450725e+00 2.858537e+00 1.428732e+01 9.652914e+03 1.035095e+04 3.63312 6.644098e-01
5.990000e-01 1.755180e+00 2.448424e+00 2.855948e+00 1.429201e+01 9.664555e+03 1.034702e+04 3.63052 6.659858e-01
5.980000e-01 1.755180e+00 2.451910e+00 2.859888e+00 1.431597e+01 9.660451e+03 1.032161e+04 3.63785 6.651521e-01
5.970000e-01 1.755180e+00 2.449548e+00 2.857229e+00 1.432065e+01 9.671996e+03 1.031766e+04 3.6351 6.667269e-01
5.960000e-01 1.755180e+00 2.453071e+00 2.861216e+00 1.434503e+01 9.667581e+03 1.029184e+04 3.64244 6.658514e-01
5.950000e-01 1.755180e+00 2.450641e+00 2.858483e+00 1.434971e+01 9.679081e+03 1.028789e+04 3.63954 6.674334e-01
5.940000e-01 1.755180e+00 2.454155e+00 2.862455e+00 1.437441e+01 9.674415e+03 1.026174e+04 3.64679 6.665283e-01
5.930000e-01 1.755180e+00 2.451667e+00 2.859659e+00 1.437909e+01 9.685845e+03 1.025775e+04 3.64373 6.681110e-01
5.920000e-01 1.755180e+00 2.455179e+00 2.863624e+00 1.440414e+01 9.680887e+03 1.023124e+04 3.65089 6.671671e-01
5.910000e-01 1.755180e+00 2.452620e+00 2.860748e+00 1.440881e+01 9.692227e+03 1.022721e+04 3.64764 6.687482e-01
5.900000e-01 1.755180e+00 2.456143e+00 2.864726e+00 1.443419e+01 9.686982e+03 1.020038e+04 3.65474 6.677674e-01
5.890000e-01 1.755180e+00 2.453511e+00 2.861766e+00 1.443885e+01 9.698244e+03 1.019632e+04 3.6513 6.693484e-01
5.880000e-01 1.755180e+00 2.457065e+00 2.865778e+00 1.446467e+01 9.692634e+03 1.016903e+04 3.65835 6.683153e-01
5.870000e-01 1.755180e+00 2.454357e+00 2.862733e+00 1.446929e+01 9.703823e+03 1.016498e+04 3.65472 6.698982e-01
5.860000e-01 1.755180e+00 2.457901e+00 2.866730e+00 1.449536e+01 9.697929e+03 1.013746e+04 3.66169 6.688345e-01
5.850000e-01 1.755180e+00 2.455109e+00 2.863585e+00 1.449994e+01 9.709011e+03 1.013339e+04 3.65783 6.704151e-01
5.840000e-01 1.755180e+00 2.458679e+00 2.867613e+00 1.452635e+01 9.702800e+03 1.010561e+04 3.66481 6.693176e-01
5.830000e-01 1.755180e+00 2.455834e+00 2.864413e+00 1.453097e+01 9.713817e+03 1.010151e+04 3.66083 6.709016e-01
5.820000e-01 1.755180e+00 2.459403e+00 2.868438e+00 1.455780e+01 9.707294e+03 1.007334e+04 3.66774 6.697677e-01
5.810000e-01 1.755180e+00 2.456499e+00 2.865176e+00 1.456245e+01 9.718240e+03 1.006920e+04 3.66362 6.713545e-01
5.800000e-01 1.755180e+00 2.460076e+00 2.869210e+00 1.458968e+01 9.711410e+03 1.004068e+04 3.67047 6.701837e-01
5.790000e-01 1.755180e+00 2.457097e+00 2.865863e+00 1.459432e+01 9.722268e+03 1.003650e+04 3.66615 6.717700e-01
5.780000e-01 1.755180e+00 2.460701e+00 2.869929e+00 1.462203e+01 9.715054e+03 1.000754e+04 3.67294 6.705455e-01
5.770000e-01 1.755180e+00 2.457649e+00 2.866501e+00 1.462665e+01 9.725850e+03 1.000335e+04 3.66844 6.721345e-01
5.760000e-01 1.755180e+00 2.461230e+00 2.870534e+00 1.465469e+01 9.718337e+03 9.974067e+03 3.67507 6.708735e-01
5.750000e-01 1.755180e+00 2.458093e+00 2.867008e+00 1.465929e+01 9.729044e+03 9.969854e+03 3.67034 6.724610e-01
5.740000e-01 1.755180e+00 2.461686e+00 2.871054e+00 1.468770e+01 9.721193e+03 9.940231e+03 3.6769 6.711567e-01
5.730000e-01 1.755180e+00 2.458457e+00 2.867419e+00 1.469227e+01 9.731803e+03 9.935991e+03 3.67192 6.727414e-01
5.720000e-01 1.755180e+00 2.462062e+00 2.871476e+00 1.472104e+01 9.723592e+03 9.906064e+03 3.67841 6.713931e-01
5.710000e-01 1.755180e+00 2.462245e+00 2.871686e+00 1.473796e+01 9.724604e+03 9.888746e+03 3.6791 6.714880e-01
5.700000e-01 1.755180e+00 2.462392e+00 2.871851e+00 1.475495e+01 9.725540e+03 9.871370e+03 3.67969 6.715808e-01
5.690000e-01 1.755180e+00 2.462528e+00 2.872006e+00 1.477206e+01 9.726376e+03 9.853907e+03 3.68025 6.716657e-01
5.680000e-01 1.755180e+00 2.462651e+00 2.872149e+00 1.478929e+01 9.727114e+03 9.836347e+03 3.68076 6.717420e-01
5.670000e-01 1.755180e+00 2.462754e+00 2.872268e+00 1.480664e+01 9.727731e+03 9.818692e+03 3.68119 6.718075e-01
5.660000e-01 1.755180e+00 2.462843e+00 2.872371e+00 1.482408e+01 9.728242e+03 9.800954e+03 3.68156 6.718627e-01
5.650000e-01 1.755180e+00 2.462910e+00 2.872452e+00 1.484164e+01 9.728651e+03 9.783102e+03 3.68185 6.719058e-01
5.640000e-01 1.755180e+00 2.462952e+00 2.872499e+00 1.485933e+01 9.728935e+03 9.765122e+03 3.68202 6.719348e-01
5.630000e-01 1.755180e+00 2.462977e+00 2.872527e+00 1.487711e+01 9.729108e+03 9.747055e+03 3.68213 6.719520e-01
5.620000e-01 1.755180e+00 2.463003e+00 2.872560e+00 1.489509e+01 9.729124e+03 9.728792e+03 3.68216 6.719458e-01
5.620294e-01 1.755180e+00 2.462999e+00 2.872549e+00 1.489463e+01 9.729084e+03 9.729211e+03 3.68212 6.719380e-01
