1.000000e+00 1.820740e+00 2.060705e+00 2.423368e+00 1.124373e+01 0.000000e+00 1.386994e+04 0 0.000000e+00
9.990000e-01 1.820740e+00 2.061934e+00 2.424514e+00 1.125082e+01 5.464066e+02 1.379886e+04 2.25721 3.300845e-02
9.980000e-01 1.820740e+00 2.062191e+00 2.424750e+00 1.125325e+01 7.855255e+02 1.377113e+04 2.32905 4.895188e-02
9.970000e-01 1.820740e+00 2.063551e+00 2.426397e+00 1.125884e+01 9.565085e+02 1.374843e+04 2.26373 5.785905e-02
9.960000e-01 1.820740e+00 2.063818e+00 2.426645e+00 1.126134e+01 1.111385e+03 1.373066e+04 2.29467 6.812869e-02
9.950000e-01 1.820740e+00 2.065150e+00 2.428240e+00 1.126690e+01 1.235321e+03 1.371325e+04 2.26881 7.477581e-02
9.940000e-01 1.820740e+00 2.065376e+00 2.428425e+00 1.126939e+01 1.357837e+03 1.369931e+04 2.28826 8.287853e-02
9.930000e-01 1.820740e+00 2.066708e+00 2.430001e+00 1.127499e+01 1.458833e+03 1.368438e+04 2.27368 8.836186e-02
9.920000e-01 1.820740e+00 2.066908e+00 2.430143e+00 1.127748e+01 1.563817e+03 1.367252e+04 2.2882 9.530715e-02
9.910000e-01 1.820740e+00 2.068256e+00 2.431729e+00 1.128316e+01 1.652077e+03 1.365894e+04 2.27851 1.001289e-01
9.900000e-01 1.820740e+00 2.068454e+00 2.431867e+00 1.128567e+01 1.745668e+03 1.364843e+04 2.29033 1.063298e-01
9.890000e-01 1.820740e+00 2.069813e+00 2.433464e+00 1.129139e+01 1.825539e+03 1.363573e+04 2.28331 1.107087e-01
9.880000e-01 1.820740e+00 2.070034e+00 2.433633e+00 1.129394e+01 1.911277e+03 1.362615e+04 2.29361 1.164063e-01
9.870000e-01 1.820740e+00 2.071393e+00 2.435234e+00 1.129966e+01 1.984873e+03 1.361414e+04 2.28813 1.204412e-01
9.860000e-01 1.820740e+00 2.071611e+00 2.435400e+00 1.130222e+01 2.063778e+03 1.360535e+04 2.29698 1.256870e-01
9.850000e-01 1.820740e+00 2.072966e+00 2.436992e+00 1.130793e+01 2.131237e+03 1.359400e+04 2.2929 1.293959e-01
9.840000e-01 1.820740e+00 2.073148e+00 2.437104e+00 1.131044e+01 2.204081e+03 1.358592e+04 2.30039 1.342321e-01
9.830000e-01 1.820740e+00 2.074508e+00 2.438693e+00 1.131619e+01 2.266181e+03 1.357509e+04 2.29763 1.376676e-01
9.820000e-01 1.820740e+00 2.074672e+00 2.438777e+00 1.131871e+01 2.334842e+03 1.356750e+04 2.3044 1.422343e-01
9.810000e-01 1.820740e+00 2.076053e+00 2.440387e+00 1.132453e+01 2.393984e+03 1.355693e+04 2.30239 1.455159e-01
9.800000e-01 1.820740e+00 2.076238e+00 2.440499e+00 1.132710e+01 2.459679e+03 1.354968e+04 2.30884 1.499014e-01
9.790000e-01 1.820740e+00 2.077628e+00 2.442123e+00 1.133297e+01 2.516669e+03 1.353931e+04 2.3072 1.530607e-01
9.780000e-01 1.820740e+00 2.077842e+00 2.442275e+00 1.133559e+01 2.579793e+03 1.353235e+04 2.3134 1.572886e-01
9.770000e-01 1.820740e+00 2.079235e+00 2.443908e+00 1.134147e+01 2.634676e+03 1.352220e+04 2.31207 1.603274e-01
9.760000e-01 1.820740e+00 2.079461e+00 2.444081e+00 1.134411e+01 2.695134e+03 1.351553e+04 2.31789 1.643835e-01
9.750000e-01 1.820740e+00 2.080854e+00 2.445716e+00 1.134999e+01 2.747611e+03 1.350565e+04 2.31694 1.672918e-01
9.740000e-01 1.820740e+00 2.081075e+00 2.445881e+00 1.135261e+01 2.805404e+03 1.349929e+04 2.32232 1.711708e-01
9.730000e-01 1.820740e+00 2.082470e+00 2.447518e+00 1.135850e+01 2.855390e+03 1.348966e+04 2.32182 1.739494e-01
9.720000e-01 1.820740e+00 2.082682e+00 2.447670e+00 1.136112e+01 2.910920e+03 1.348357e+04 2.32685 1.776807e-01
9.710000e-01 1.820740e+00 2.084086e+00 2.449317e+00 1.136704e+01 2.958982e+03 1.347411e+04 2.3267 1.803596e-01
9.700000e-01 1.820740e+00 2.084296e+00 2.449465e+00 1.136967e+01 3.012587e+03 1.346823e+04 2.33148 1.839673e-01
9.690000e-01 1.820740e+00 2.085709e+00 2.451122e+00 1.137562e+01 3.059068e+03 1.345890e+04 2.33162 1.865635e-01
9.680000e-01 1.820740e+00 2.085929e+00 2.451285e+00 1.137829e+01 3.111158e+03 1.345319e+04 2.33626 1.900781e-01
9.670000e-01 1.820740e+00 2.087347e+00 2.452949e+00 1.138426e+01 3.156279e+03 1.344398e+04 2.33657 1.925984e-01
9.660000e-01 1.820740e+00 2.087564e+00 2.453108e+00 1.138693e+01 3.206683e+03 1.343844e+04 2.34099 1.960028e-01
9.650000e-01 1.820740e+00 2.088984e+00 2.454772e+00 1.139291e+01 3.250081e+03 1.342939e+04 2.34153 1.984316e-01
9.640000e-01 1.820740e+00 2.089179e+00 2.454900e+00 1.139555e+01 3.298667e+03 1.342405e+04 2.34563 2.017130e-01
9.630000e-01 1.820740e+00 2.090606e+00 2.456569e+00 1.140155e+01 3.340349e+03 1.341513e+04 2.34647 2.040563e-01
9.620000e-01 1.820740e+00 2.090794e+00 2.456685e+00 1.140420e+01 3.387677e+03 1.340993e+04 2.35043 2.072596e-01
9.610000e-01 1.820740e+00 2.092234e+00 2.458369e+00 1.141026e+01 3.428462e+03 1.340104e+04 2.35145 2.095569e-01
9.600000e-01 1.820740e+00 2.092434e+00 2.458500e+00 1.141295e+01 3.474839e+03 1.339593e+04 2.35536 2.127045e-01
9.590000e-01 1.820740e+00 2.093883e+00 2.460196e+00 1.141905e+01 3.514878e+03 1.338709e+04 2.35648 2.149595e-01
9.580000e-01 1.820740e+00 2.094098e+00 2.460348e+00 1.142177e+01 3.560351e+03 1.338207e+04 2.36035 2.180534e-01
9.570000e-01 1.820740e+00 2.095553e+00 2.462054e+00 1.142790e+01 3.599613e+03 1.337330e+04 2.36155 2.202641e-01
9.560000e-01 1.820740e+00 2.095774e+00 2.462216e+00 1.143064e+01 3.644074e+03 1.336840e+04 2.36533 2.232943e-01
9.550000e-01 1.820740e+00 2.097232e+00 2.463927e+00 1.143678e+01 3.682370e+03 1.335972e+04 2.36665 2.254527e-01
9.540000e-01 1.820740e+00 2.097448e+00 2.464082e+00 1.143952e+01 3.725728e+03 1.335494e+04 2.37028 2.284107e-01
9.530000e-01 1.820740e+00 2.098912e+00 2.465799e+00 1.144568e+01 3.762978e+03 1.334635e+04 2.37175 2.305153e-01
9.520000e-01 1.820740e+00 2.099125e+00 2.465949e+00 1.144842e+01 3.805399e+03 1.334166e+04 2.37529 2.334143e-01
9.510000e-01 1.820740e+00 2.100597e+00 2.467674e+00 1.145461e+01 3.841802e+03 1.333312e+04 2.37688 2.354747e-01
9.500000e-01 1.820740e+00 2.100808e+00 2.467822e+00 1.145737e+01 3.883341e+03 1.332852e+04 2.38033 2.383182e-01
9.490000e-01 1.820740e+00 2.102289e+00 2.469559e+00 1.146359e+01 3.919026e+03 1.332001e+04 2.38204 2.403417e-01
9.480000e-01 1.820740e+00 2.102506e+00 2.469715e+00 1.146637e+01 3.959843e+03 1.331549e+04 2.38544 2.431416e-01
9.470000e-01 1.820740e+00 2.103991e+00 2.471457e+00 1.147261e+01 3.994778e+03 1.330703e+04 2.38722 2.451234e-01
9.460000e-01 1.820740e+00 2.104201e+00 2.471604e+00 1.147538e+01 4.034681e+03 1.330260e+04 2.3905 2.478629e-01
9.450000e-01 1.820740e+00 2.105689e+00 2.473348e+00 1.148164e+01 4.068609e+03 1.329423e+04 2.3924 2.497924e-01
9.440000e-01 1.820740e+00 2.105881e+00 2.473469e+00 1.148439e+01 4.107540e+03 1.328991e+04 2.39553 2.524666e-01
9.430000e-01 1.820740e+00 2.107380e+00 2.475223e+00 1.149068e+01 4.140660e+03 1.328158e+04 2.39759 2.543583e-01
9.420000e-01 1.820740e+00 2.107574e+00 2.475346e+00 1.149345e+01 4.179070e+03 1.327731e+04 2.40071 2.570042e-01
9.410000e-01 1.820740e+00 2.109128e+00 2.477170e+00 1.149989e+01 4.211773e+03 1.326887e+04 2.4029 2.588706e-01
9.400000e-01 1.820740e+00 2.109303e+00 2.477269e+00 1.150264e+01 4.249782e+03 1.326470e+04 2.40597 2.614969e-01
9.390000e-01 1.820740e+00 2.110853e+00 2.479088e+00 1.150910e+01 4.282140e+03 1.325628e+04 2.40819 2.633438e-01
9.380000e-01 1.820740e+00 2.111039e+00 2.479202e+00 1.151188e+01 4.319646e+03 1.325215e+04 2.41125 2.659411e-01
9.370000e-01 1.820740e+00 2.112594e+00 2.481029e+00 1.151836e+01 4.351515e+03 1.324375e+04 2.41352 2.677601e-01
9.360000e-01 1.820740e+00 2.112780e+00 2.481144e+00 1.152115e+01 4.388399e+03 1.323968e+04 2.41652 2.703180e-01
9.350000e-01 1.820740e+00 2.114340e+00 2.482977e+00 1.152764e+01 4.419624e+03 1.323133e+04 2.41886 2.721029e-01
9.340000e-01 1.820740e+00 2.114520e+00 2.483083e+00 1.153043e+01 4.455847e+03 1.322733e+04 2.42178 2.746181e-01
9.330000e-01 1.820740e+00 2.116088e+00 2.484925e+00 1.153695e+01 4.486489e+03 1.321900e+04 2.42421 2.763741e-01
9.320000e-01 1.820740e+00 2.116267e+00 2.485030e+00 1.153975e+01 4.522189e+03 1.321505e+04 2.4271 2.788579e-01
9.310000e-01 1.820740e+00 2.117843e+00 2.486881e+00 1.154631e+01 4.552323e+03 1.320673e+04 2.4296 2.805870e-01
9.300000e-01 1.820740e+00 2.118023e+00 2.486988e+00 1.154913e+01 4.587547e+03 1.320281e+04 2.43246 2.830428e-01
9.290000e-01 1.820740e+00 2.119609e+00 2.488850e+00 1.155572e+01 4.617295e+03 1.319449e+04 2.43502 2.847515e-01
9.280000e-01 1.820740e+00 2.119790e+00 2.488959e+00 1.155855e+01 4.652026e+03 1.319062e+04 2.43785 2.871773e-01
9.270000e-01 1.820740e+00 2.121379e+00 2.490825e+00 1.156517e+01 4.681196e+03 1.318232e+04 2.44046 2.888545e-01
9.260000e-01 1.820740e+00 2.121548e+00 2.490917e+00 1.156798e+01 4.715268e+03 1.317851e+04 2.44319 2.912360e-01
9.250000e-01 1.820740e+00 2.123142e+00 2.492788e+00 1.157460e+01 4.743712e+03 1.317027e+04 2.44589 2.928767e-01
9.240000e-01 1.820740e+00 2.123300e+00 2.492864e+00 1.157741e+01 4.777248e+03 1.316651e+04 2.44856 2.952245e-01
9.230000e-01 1.820740e+00 2.124908e+00 2.494750e+00 1.158409e+01 4.805338e+03 1.315825e+04 2.45135 2.968496e-01
9.220000e-01 1.820740e+00 2.125073e+00 2.494835e+00 1.158694e+01 4.838609e+03 1.315450e+04 2.45403 2.991855e-01
9.210000e-01 1.820740e+00 2.126692e+00 2.496734e+00 1.159367e+01 4.866491e+03 1.314621e+04 2.45686 3.007983e-01
9.200000e-01 1.820740e+00 2.126866e+00 2.496833e+00 1.159655e+01 4.899475e+03 1.314248e+04 2.45956 3.031197e-01
9.190000e-01 1.820740e+00 2.128493e+00 2.498742e+00 1.160332e+01 4.927089e+03 1.313417e+04 2.46242 3.047166e-01
9.180000e-01 1.820740e+00 2.128672e+00 2.498847e+00 1.160621e+01 4.959687e+03 1.313047e+04 2.4651 3.070147e-01
9.170000e-01 1.820740e+00 2.130303e+00 2.500763e+00 1.161300e+01 4.986884e+03 1.312217e+04 2.46801 3.085888e-01
9.160000e-01 1.820740e+00 2.130477e+00 2.500861e+00 1.161589e+01 5.019000e+03 1.311852e+04 2.47063 3.108557e-01
9.150000e-01 1.820740e+00 2.132115e+00 2.502786e+00 1.162271e+01 5.045714e+03 1.311025e+04 2.4736 3.124054e-01
9.140000e-01 1.820740e+00 2.132284e+00 2.502878e+00 1.162560e+01 5.077420e+03 1.310664e+04 2.47619 3.146473e-01
9.130000e-01 1.820740e+00 2.133931e+00 2.504812e+00 1.163245e+01 5.103759e+03 1.309837e+04 2.47922 3.161780e-01
9.120000e-01 1.820740e+00 2.134099e+00 2.504903e+00 1.163536e+01 5.135106e+03 1.309478e+04 2.48179 3.183990e-01
9.110000e-01 1.820740e+00 2.135756e+00 2.506849e+00 1.164225e+01 5.161146e+03 1.308650e+04 2.48487 3.199146e-01
9.100000e-01 1.820740e+00 2.135928e+00 2.506945e+00 1.164518e+01 5.192207e+03 1.308294e+04 2.48744 3.221202e-01
9.090000e-01 1.820740e+00 2.137592e+00 2.508899e+00 1.165210e+01 5.217919e+03 1.307465e+04 2.49056 3.236173e-01
9.080000e-01 1.820740e+00 2.137757e+00 2.508986e+00 1.165504e+01 5.248559e+03 1.307112e+04 2.49307 3.257961e-01
9.070000e-01 1.820740e+00 2.139426e+00 2.510945e+00 1.166197e+01 5.273753e+03 1.306285e+04 2.49625 3.272660e-01
9.060000e-01 1.820740e+00 2.139577e+00 2.511012e+00 1.166490e+01 5.303922e+03 1.305937e+04 2.4987 3.294140e-01
9.050000e-01 1.820740e+00 2.141257e+00 2.512985e+00 1.167187e+01 5.328742e+03 1.305109e+04 2.50196 3.308673e-01
9.040000e-01 1.820740e+00 2.141412e+00 2.513056e+00 1.167482e+01 5.358703e+03 1.304762e+04 2.50441 3.330063e-01
9.030000e-01 1.820740e+00 2.143104e+00 2.515042e+00 1.168186e+01 5.383377e+03 1.303930e+04 2.50771 3.344516e-01
9.020000e-01 1.820740e+00 2.143267e+00 2.515125e+00 1.168485e+01 5.413157e+03 1.303583e+04 2.51019 3.365833e-01
9.010000e-01 1.820740e+00 2.144970e+00 2.517123e+00 1.169194e+01 5.437670e+03 1.302748e+04 2.51352 3.380188e-01
9.000000e-01 1.820740e+00 2.145138e+00 2.517215e+00 1.169494e+01 5.467205e+03 1.302402e+04 2.51601 3.401372e-01
8.990000e-01 1.820740e+00 2.146847e+00 2.519221e+00 1.170207e+01 5.491438e+03 1.301566e+04 2.51937 3.415566e-01
8.980000e-01 1.820740e+00 2.147012e+00 2.519309e+00 1.170508e+01 5.520621e+03 1.301222e+04 2.52182 3.436527e-01
8.970000e-01 1.820740e+00 2.148727e+00 2.521323e+00 1.171221e+01 5.544461e+03 1.300388e+04 2.52523 3.450517e-01
8.960000e-01 1.820740e+00 2.148886e+00 2.521402e+00 1.171523e+01 5.573294e+03 1.300047e+04 2.52764 3.471260e-01
8.950000e-01 1.820740e+00 2.150610e+00 2.523427e+00 1.172240e+01 5.596807e+03 1.299212e+04 2.5311 3.485088e-01
8.940000e-01 1.820740e+00 2.150766e+00 2.523502e+00 1.172541e+01 5.625335e+03 1.298875e+04 2.53349 3.505651e-01
8.930000e-01 1.820740e+00 2.152498e+00 2.525537e+00 1.173262e+01 5.648572e+03 1.298038e+04 2.537 3.519338e-01
8.920000e-01 1.820740e+00 2.152656e+00 2.525616e+00 1.173566e+01 5.676876e+03 1.297702e+04 2.53939 3.539786e-01
8.910000e-01 1.820740e+00 2.154397e+00 2.527660e+00 1.174291e+01 5.699879e+03 1.296863e+04 2.54294 3.553345e-01
8.900000e-01 1.820740e+00 2.154551e+00 2.527733e+00 1.174596e+01 5.727880e+03 1.296529e+04 2.5453 3.573607e-01
8.890000e-01 1.820740e+00 2.156297e+00 2.529784e+00 1.175323e+01 5.750492e+03 1.295691e+04 2.54889 3.586957e-01
8.880000e-01 1.820740e+00 2.156438e+00 2.529838e+00 1.175626e+01 5.778113e+03 1.295360e+04 2.55119 3.606973e-01
8.870000e-01 1.820740e+00 2.158195e+00 2.531902e+00 1.176357e+01 5.800390e+03 1.294521e+04 2.55485 3.620170e-01
8.860000e-01 1.820740e+00 2.158336e+00 2.531956e+00 1.176663e+01 5.827833e+03 1.294191e+04 2.55716 3.640109e-01
8.850000e-01 1.820740e+00 2.160107e+00 2.534034e+00 1.177400e+01 5.849991e+03 1.293347e+04 2.56087 3.653246e-01
8.840000e-01 1.820740e+00 2.160255e+00 2.534099e+00 1.177709e+01 5.877308e+03 1.293016e+04 2.5632 3.673148e-01
8.830000e-01 1.820740e+00 2.162036e+00 2.536190e+00 1.178452e+01 5.899357e+03 1.292168e+04 2.56693 3.686216e-01
8.820000e-01 1.820740e+00 2.162190e+00 2.536264e+00 1.178764e+01 5.926507e+03 1.291837e+04 2.56928 3.706040e-01
8.810000e-01 1.820740e+00 2.163979e+00 2.538364e+00 1.179511e+01 5.948352e+03 1.290986e+04 2.57304 3.718988e-01
8.800000e-01 1.820740e+00 2.164131e+00 2.538435e+00 1.179824e+01 5.975239e+03 1.290657e+04 2.57537 3.738651e-01
8.790000e-01 1.820740e+00 2.165926e+00 2.540544e+00 1.180573e+01 5.996769e+03 1.289806e+04 2.57917 3.751430e-01
8.780000e-01 1.820740e+00 2.166072e+00 2.540606e+00 1.180886e+01 6.023372e+03 1.289479e+04 2.58146 3.770919e-01
8.770000e-01 1.820740e+00 2.167876e+00 2.542726e+00 1.181638e+01 6.044622e+03 1.288627e+04 2.58531 3.783559e-01
8.760000e-01 1.820740e+00 2.168017e+00 2.542784e+00 1.181952e+01 6.070971e+03 1.288302e+04 2.58759 3.802899e-01
8.750000e-01 1.820740e+00 2.169831e+00 2.544914e+00 1.182708e+01 6.091980e+03 1.287448e+04 2.59148 3.815415e-01
8.740000e-01 1.820740e+00 2.169973e+00 2.544972e+00 1.183024e+01 6.118135e+03 1.287124e+04 2.59375 3.834657e-01
8.730000e-01 1.820740e+00 2.171795e+00 2.547113e+00 1.183784e+01 6.138941e+03 1.286267e+04 2.59768 3.847062e-01
8.720000e-01 1.820740e+00 2.171932e+00 2.547165e+00 1.184101e+01 6.164847e+03 1.285944e+04 2.59993 3.866155e-01
8.710000e-01 1.820740e+00 2.173761e+00 2.549313e+00 1.184863e+01 6.185320e+03 1.285087e+04 2.6039 3.878382e-01
8.700000e-01 1.820740e+00 2.173884e+00 2.549347e+00 1.185179e+01 6.210913e+03 1.284767e+04 2.6061 3.897274e-01
8.690000e-01 1.820740e+00 2.175725e+00 2.551508e+00 1.185945e+01 6.231111e+03 1.283909e+04 2.61013 3.909375e-01
8.680000e-01 1.820740e+00 2.175849e+00 2.551543e+00 1.186263e+01 6.256568e+03 1.283589e+04 2.61234 3.928219e-01
8.670000e-01 1.820740e+00 2.177702e+00 2.553719e+00 1.187037e+01 6.276669e+03 1.282725e+04 2.61642 3.940271e-01
8.660000e-01 1.820740e+00 2.177832e+00 2.553762e+00 1.187358e+01 6.302026e+03 1.282404e+04 2.61865 3.959091e-01
8.650000e-01 1.820740e+00 2.179698e+00 2.555953e+00 1.188138e+01 6.322036e+03 1.281534e+04 2.62275 3.971086e-01
8.640000e-01 1.820740e+00 2.180737e+00 2.557125e+00 1.188699e+01 6.344604e+03 1.280929e+04 2.62599 3.986367e-01
8.630000e-01 1.820740e+00 2.180846e+00 2.557141e+00 1.189019e+01 6.369741e+03 1.280614e+04 2.62819 4.005125e-01
8.620000e-01 1.820740e+00 2.182712e+00 2.559332e+00 1.189802e+01 6.389446e+03 1.279743e+04 2.63233 4.016966e-01
8.610000e-01 1.820740e+00 2.183756e+00 2.560509e+00 1.190366e+01 6.411658e+03 1.279138e+04 2.63558 4.032046e-01
8.600000e-01 1.820740e+00 2.183855e+00 2.560513e+00 1.190686e+01 6.436445e+03 1.278825e+04 2.63775 4.050596e-01
8.590000e-01 1.820740e+00 2.185735e+00 2.562720e+00 1.191474e+01 6.455780e+03 1.277952e+04 2.64195 4.062246e-01
8.580000e-01 1.820740e+00 2.186782e+00 2.563901e+00 1.192042e+01 6.477660e+03 1.277345e+04 2.64522 4.077144e-01
8.570000e-01 1.820740e+00 2.187795e+00 2.565037e+00 1.192604e+01 6.499465e+03 1.276747e+04 2.64845 4.092070e-01
8.560000e-01 1.820740e+00 2.188809e+00 2.566174e+00 1.193167e+01 6.521187e+03 1.276148e+04 2.65168 4.106954e-01
8.550000e-01 1.820740e+00 2.189825e+00 2.567313e+00 1.193731e+01 6.542800e+03 1.275548e+04 2.65493 4.121779e-01
8.540000e-01 1.820740e+00 2.190840e+00 2.568452e+00 1.194296e+01 6.564278e+03 1.274949e+04 2.65817 4.136527e-01
8.530000e-01 1.820740e+00 2.191854e+00 2.569588e+00 1.194861e+01 6.585600e+03 1.274350e+04 2.66142 4.151187e-01
8.520000e-01 1.820740e+00 2.192868e+00 2.570723e+00 1.195427e+01 6.606805e+03 1.273751e+04 2.66467 4.165783e-01
8.510000e-01 1.820740e+00 2.193885e+00 2.571861e+00 1.195996e+01 6.627955e+03 1.273150e+04 2.66793 4.180357e-01
8.500000e-01 1.820740e+00 2.194906e+00 2.573004e+00 1.196567e+01 6.649066e+03 1.272548e+04 2.6712 4.194917e-01
8.490000e-01 1.820740e+00 2.195931e+00 2.574153e+00 1.197140e+01 6.670137e+03 1.271943e+04 2.67449 4.209461e-01
8.480000e-01 1.820740e+00 2.196960e+00 2.575307e+00 1.197716e+01 6.691168e+03 1.271337e+04 2.6778 4.223989e-01
8.470000e-01 1.820740e+00 2.197993e+00 2.576466e+00 1.198295e+01 6.712148e+03 1.270729e+04 2.68112 4.238493e-01
8.460000e-01 1.820740e+00 2.199029e+00 2.577629e+00 1.198875e+01 6.733050e+03 1.270121e+04 2.68444 4.252956e-01
8.450000e-01 1.820740e+00 2.200067e+00 2.578793e+00 1.199456e+01 6.753857e+03 1.269512e+04 2.68777 4.267365e-01
8.440000e-01 1.820740e+00 2.201105e+00 2.579958e+00 1.200038e+01 6.774547e+03 1.268902e+04 2.69111 4.281710e-01
8.430000e-01 1.820740e+00 2.202144e+00 2.581125e+00 1.200622e+01 6.795138e+03 1.268293e+04 2.69445 4.295999e-01
8.420000e-01 1.820740e+00 2.203183e+00 2.582292e+00 1.201206e+01 6.815630e+03 1.267682e+04 2.6978 4.310236e-01
8.410000e-01 1.820740e+00 2.204224e+00 2.583461e+00 1.201792e+01 6.836026e+03 1.267072e+04 2.70115 4.324420e-01
8.400000e-01 1.820740e+00 2.205267e+00 2.584631e+00 1.202379e+01 6.856336e+03 1.266460e+04 2.70451 4.338559e-01
8.390000e-01 1.820740e+00 2.206312e+00 2.585804e+00 1.202968e+01 6.876575e+03 1.265848e+04 2.70788 4.352662e-01
8.380000e-01 1.820740e+00 2.207358e+00 2.586979e+00 1.203559e+01 6.896726e+03 1.265234e+04 2.71126 4.366717e-01
8.370000e-01 1.820740e+00 2.208405e+00 2.588154e+00 1.204150e+01 6.916760e+03 1.264621e+04 2.71463 4.380706e-01
8.360000e-01 1.820740e+00 2.209450e+00 2.589328e+00 1.204742e+01 6.936662e+03 1.264007e+04 2.71802 4.394621e-01
8.350000e-01 1.820740e+00 2.210495e+00 2.590499e+00 1.205335e+01 6.956440e+03 1.263394e+04 2.7214 4.408467e-01
8.340000e-01 1.820740e+00 2.211542e+00 2.591673e+00 1.205930e+01 6.976165e+03 1.262779e+04 2.72479 4.422291e-01
8.330000e-01 1.820740e+00 2.212592e+00 2.592851e+00 1.206527e+01 6.995850e+03 1.262161e+04 2.7282 4.436100e-01
8.320000e-01 1.820740e+00 2.213647e+00 2.594034e+00 1.207127e+01 7.015499e+03 1.261542e+04 2.73162 4.449896e-01
8.310000e-01 1.820740e+00 2.214706e+00 2.595223e+00 1.207730e+01 7.035111e+03 1.260921e+04 2.73506 4.463678e-01
8.300000e-01 1.820740e+00 2.215768e+00 2.596416e+00 1.208335e+01 7.054681e+03 1.260298e+04 2.73851 4.477441e-01
8.290000e-01 1.820740e+00 2.216834e+00 2.597614e+00 1.208942e+01 7.074189e+03 1.259674e+04 2.74197 4.491172e-01
8.280000e-01 1.820740e+00 2.217901e+00 2.598814e+00 1.209551e+01 7.093613e+03 1.259048e+04 2.74543 4.504857e-01
8.270000e-01 1.820740e+00 2.218969e+00 2.600015e+00 1.210161e+01 7.112939e+03 1.258423e+04 2.7489 4.518487e-01
8.260000e-01 1.820740e+00 2.220038e+00 2.601216e+00 1.210772e+01 7.132169e+03 1.257796e+04 2.75238 4.532064e-01
8.250000e-01 1.820740e+00 2.221108e+00 2.602419e+00 1.211384e+01 7.151319e+03 1.257169e+04 2.75586 4.545599e-01
8.240000e-01 1.820740e+00 2.222179e+00 2.603622e+00 1.211998e+01 7.170380e+03 1.256541e+04 2.75935 4.559085e-01
8.230000e-01 1.820740e+00 2.223251e+00 2.604828e+00 1.212613e+01 7.189360e+03 1.255912e+04 2.76284 4.572530e-01
8.220000e-01 1.820740e+00 2.224325e+00 2.606036e+00 1.213230e+01 7.208274e+03 1.255282e+04 2.76635 4.585940e-01
8.210000e-01 1.820740e+00 2.225401e+00 2.607245e+00 1.213849e+01 7.227106e+03 1.254650e+04 2.76986 4.599306e-01
8.200000e-01 1.820740e+00 2.226477e+00 2.608455e+00 1.214468e+01 7.245835e+03 1.254018e+04 2.77337 4.612614e-01
8.190000e-01 1.820740e+00 2.227552e+00 2.609663e+00 1.215089e+01 7.264443e+03 1.253386e+04 2.77689 4.625853e-01
8.180000e-01 1.820740e+00 2.228626e+00 2.610868e+00 1.215710e+01 7.282940e+03 1.252754e+04 2.7804 4.639032e-01
8.170000e-01 1.820740e+00 2.229702e+00 2.612077e+00 1.216334e+01 7.301396e+03 1.252120e+04 2.78393 4.652195e-01
8.160000e-01 1.820740e+00 2.230782e+00 2.613290e+00 1.216960e+01 7.319813e+03 1.251483e+04 2.78747 4.665344e-01
8.150000e-01 1.820740e+00 2.231866e+00 2.614508e+00 1.217589e+01 7.338193e+03 1.250844e+04 2.79103 4.678479e-01
8.140000e-01 1.820740e+00 2.232954e+00 2.615730e+00 1.218221e+01 7.356543e+03 1.250203e+04 2.7946 4.691602e-01
8.130000e-01 1.820740e+00 2.234045e+00 2.616958e+00 1.218855e+01 7.374850e+03 1.249560e+04 2.79818 4.704706e-01
8.120000e-01 1.820740e+00 2.235139e+00 2.618189e+00 1.219492e+01 7.393099e+03 1.248915e+04 2.80177 4.717778e-01
8.110000e-01 1.820740e+00 2.236234e+00 2.619421e+00 1.220129e+01 7.411270e+03 1.248269e+04 2.80537 4.730809e-01
8.100000e-01 1.820740e+00 2.237330e+00 2.620655e+00 1.220769e+01 7.429351e+03 1.247622e+04 2.80897 4.743788e-01
8.090000e-01 1.820740e+00 2.238427e+00 2.621889e+00 1.221409e+01 7.447350e+03 1.246975e+04 2.81258 4.756723e-01
8.080000e-01 1.820740e+00 2.239524e+00 2.623124e+00 1.222051e+01 7.465272e+03 1.246325e+04 2.81619 4.769617e-01
8.070000e-01 1.820740e+00 2.240624e+00 2.624361e+00 1.222695e+01 7.483118e+03 1.245675e+04 2.81981 4.782469e-01
8.060000e-01 1.820740e+00 2.241724e+00 2.625599e+00 1.223340e+01 7.500891e+03 1.245024e+04 2.82344 4.795283e-01
8.050000e-01 1.820740e+00 2.242825e+00 2.626838e+00 1.223988e+01 7.518599e+03 1.244371e+04 2.82707 4.808064e-01
8.040000e-01 1.820740e+00 2.243928e+00 2.628080e+00 1.224636e+01 7.536226e+03 1.243717e+04 2.83071 4.820799e-01
8.030000e-01 1.820740e+00 2.245030e+00 2.629319e+00 1.225286e+01 7.553749e+03 1.243062e+04 2.83435 4.833476e-01
8.020000e-01 1.820740e+00 2.246132e+00 2.630558e+00 1.225936e+01 7.571165e+03 1.242407e+04 2.838 4.846091e-01
8.010000e-01 1.820740e+00 2.247233e+00 2.631795e+00 1.226588e+01 7.588497e+03 1.241750e+04 2.84165 4.858664e-01
8.000000e-01 1.820740e+00 2.248337e+00 2.633036e+00 1.227243e+01 7.605797e+03 1.241091e+04 2.84531 4.871226e-01
7.990000e-01 1.820740e+00 2.249444e+00 2.634282e+00 1.227901e+01 7.623061e+03 1.240430e+04 2.84898 4.883774e-01
7.980000e-01 1.820740e+00 2.250556e+00 2.635531e+00 1.228561e+01 7.640292e+03 1.239766e+04 2.85267 4.896309e-01
7.970000e-01 1.820740e+00 2.251671e+00 2.636786e+00 1.229225e+01 7.657490e+03 1.239099e+04 2.85637 4.908831e-01
7.960000e-01 1.820740e+00 2.252831e+00 2.638101e+00 1.229900e+01 7.674608e+03 1.238421e+04 2.86014 4.921235e-01
7.950000e-01 1.820740e+00 2.253952e+00 2.639363e+00 1.230568e+01 7.691696e+03 1.237750e+04 2.86386 4.933696e-01
7.940000e-01 1.820740e+00 2.255073e+00 2.640626e+00 1.231238e+01 7.708705e+03 1.237079e+04 2.86759 4.946116e-01
7.930000e-01 1.820740e+00 2.256194e+00 2.641888e+00 1.231908e+01 7.725631e+03 1.236406e+04 2.87132 4.958489e-01
7.920000e-01 1.820740e+00 2.257317e+00 2.643153e+00 1.232581e+01 7.742490e+03 1.235732e+04 2.87505 4.970826e-01
7.910000e-01 1.820740e+00 2.258440e+00 2.644418e+00 1.233255e+01 7.759275e+03 1.235056e+04 2.87879 4.983124e-01
7.900000e-01 1.820740e+00 2.259564e+00 2.645684e+00 1.233931e+01 7.775986e+03 1.234379e+04 2.88254 4.995382e-01
7.890000e-01 1.820740e+00 2.260690e+00 2.646952e+00 1.234609e+01 7.792635e+03 1.233701e+04 2.8863 5.007608e-01
7.880000e-01 1.820740e+00 2.261817e+00 2.648221e+00 1.235289e+01 7.809213e+03 1.233021e+04 2.89006 5.019795e-01
7.870000e-01 1.820740e+00 2.262944e+00 2.649491e+00 1.235970e+01 7.825702e+03 1.232340e+04 2.89382 5.031932e-01
7.860000e-01 1.820740e+00 2.264069e+00 2.650757e+00 1.236652e+01 7.842087e+03 1.231658e+04 2.89759 5.044010e-01
7.850000e-01 1.820740e+00 2.265194e+00 2.652023e+00 1.237335e+01 7.858382e+03 1.230975e+04 2.90135 5.056038e-01
7.840000e-01 1.820740e+00 2.266321e+00 2.653291e+00 1.238021e+01 7.874640e+03 1.230289e+04 2.90513 5.068053e-01
7.830000e-01 1.820740e+00 2.267451e+00 2.654563e+00 1.238710e+01 7.890861e+03 1.229601e+04 2.90892 5.080053e-01
7.820000e-01 1.820740e+00 2.268584e+00 2.655838e+00 1.239402e+01 7.907044e+03 1.228910e+04 2.91273 5.092036e-01
7.810000e-01 1.820740e+00 2.269721e+00 2.657119e+00 1.240097e+01 7.923202e+03 1.228217e+04 2.91654 5.104011e-01
7.800000e-01 1.820740e+00 2.270861e+00 2.658404e+00 1.240795e+01 7.939316e+03 1.227520e+04 2.92037 5.115964e-01
7.790000e-01 1.820740e+00 2.272003e+00 2.659691e+00 1.241495e+01 7.955371e+03 1.226822e+04 2.92421 5.127885e-01
7.780000e-01 1.820740e+00 2.273146e+00 2.660979e+00 1.242197e+01 7.971360e+03 1.226122e+04 2.92805 5.139770e-01
7.770000e-01 1.820740e+00 2.274288e+00 2.662267e+00 1.242900e+01 7.987262e+03 1.225421e+04 2.9319 5.151605e-01
7.760000e-01 1.820740e+00 2.275433e+00 2.663557e+00 1.243605e+01 8.003106e+03 1.224718e+04 2.93575 5.163408e-01
7.750000e-01 1.820740e+00 2.276577e+00 2.664848e+00 1.244313e+01 8.018881e+03 1.224013e+04 2.9396 5.175176e-01
7.740000e-01 1.820740e+00 2.277722e+00 2.666139e+00 1.245022e+01 8.034578e+03 1.223307e+04 2.94347 5.186900e-01
7.730000e-01 1.820740e+00 2.278869e+00 2.667432e+00 1.245733e+01 8.050221e+03 1.222599e+04 2.94734 5.198595e-01
7.720000e-01 1.820740e+00 2.280016e+00 2.668725e+00 1.246446e+01 8.065794e+03 1.221889e+04 2.95121 5.210254e-01
7.710000e-01 1.820740e+00 2.281163e+00 2.670018e+00 1.247160e+01 8.081278e+03 1.221178e+04 2.95509 5.221861e-01
7.700000e-01 1.820740e+00 2.282309e+00 2.671310e+00 1.247876e+01 8.096675e+03 1.220466e+04 2.95897 5.233417e-01
7.690000e-01 1.820740e+00 2.283453e+00 2.672598e+00 1.248593e+01 8.111975e+03 1.219752e+04 2.96285 5.244923e-01
7.680000e-01 1.820740e+00 2.284600e+00 2.673890e+00 1.249313e+01 8.127236e+03 1.219036e+04 2.96674 5.256411e-01
7.670000e-01 1.820740e+00 2.285751e+00 2.675187e+00 1.250036e+01 8.142475e+03 1.218317e+04 2.97065 5.267893e-01
7.660000e-01 1.820740e+00 2.286902e+00 2.676484e+00 1.250763e+01 8.157658e+03 1.217595e+04 2.97456 5.279349e-01
7.650000e-01 1.820740e+00 2.288058e+00 2.677788e+00 1.251492e+01 8.172819e+03 1.216870e+04 2.97849 5.290797e-01
7.640000e-01 1.820740e+00 2.289218e+00 2.679097e+00 1.252225e+01 8.187949e+03 1.216142e+04 2.98243 5.302228e-01
7.630000e-01 1.820740e+00 2.290377e+00 2.680404e+00 1.252960e+01 8.203001e+03 1.215412e+04 2.98638 5.313620e-01
7.620000e-01 1.820740e+00 2.291538e+00 2.681714e+00 1.253697e+01 8.217993e+03 1.214680e+04 2.99033 5.324977e-01
7.610000e-01 1.820740e+00 2.292700e+00 2.683027e+00 1.254436e+01 8.232917e+03 1.213947e+04 2.99429 5.336294e-01
7.600000e-01 1.820740e+00 2.293861e+00 2.684336e+00 1.255177e+01 8.247764e+03 1.213211e+04 2.99825 5.347571e-01
7.590000e-01 1.820740e+00 2.295023e+00 2.685648e+00 1.255920e+01 8.262552e+03 1.212474e+04 3.00221 5.358817e-01
7.580000e-01 1.820740e+00 2.296186e+00 2.686963e+00 1.256665e+01 8.277274e+03 1.211735e+04 3.00619 5.370025e-01
7.570000e-01 1.820740e+00 2.297350e+00 2.688276e+00 1.257412e+01 8.291927e+03 1.210994e+04 3.01017 5.381199e-01
7.560000e-01 1.820740e+00 2.298514e+00 2.689590e+00 1.258162e+01 8.306514e+03 1.210251e+04 3.01415 5.392336e-01
7.550000e-01 1.820740e+00 2.299677e+00 2.690904e+00 1.258913e+01 8.321012e+03 1.209507e+04 3.01814 5.403421e-01
7.540000e-01 1.820740e+00 2.300840e+00 2.692216e+00 1.259665e+01 8.335423e+03 1.208762e+04 3.02213 5.414459e-01
7.530000e-01 1.820740e+00 2.302001e+00 2.693526e+00 1.260420e+01 8.349754e+03 1.208015e+04 3.02612 5.425454e-01
7.520000e-01 1.820740e+00 2.303164e+00 2.694838e+00 1.261178e+01 8.364044e+03 1.207266e+04 3.03012 5.436433e-01
7.510000e-01 1.820740e+00 2.304331e+00 2.696156e+00 1.261939e+01 8.378311e+03 1.206513e+04 3.03414 5.447404e-01
7.500000e-01 1.820740e+00 2.305500e+00 2.697477e+00 1.262703e+01 8.392530e+03 1.205756e+04 3.03817 5.458354e-01
7.490000e-01 1.820740e+00 2.306671e+00 2.698800e+00 1.263471e+01 8.406714e+03 1.204997e+04 3.04221 5.469288e-01
7.480000e-01 1.820740e+00 2.307845e+00 2.700128e+00 1.264243e+01 8.420856e+03 1.204235e+04 3.04625 5.480200e-01
7.470000e-01 1.820740e+00 2.309021e+00 2.701458e+00 1.265016e+01 8.434933e+03 1.203470e+04 3.05031 5.491076e-01
7.460000e-01 1.820740e+00 2.310236e+00 2.702840e+00 1.265802e+01 8.448906e+03 1.202694e+04 3.05443 5.501806e-01
7.450000e-01 1.820740e+00 2.311413e+00 2.704171e+00 1.266580e+01 8.462842e+03 1.201926e+04 3.0585 5.512600e-01
7.440000e-01 1.820740e+00 2.312588e+00 2.705501e+00 1.267360e+01 8.476716e+03 1.201155e+04 3.06256 5.523362e-01
7.430000e-01 1.820740e+00 2.313765e+00 2.706833e+00 1.268143e+01 8.490527e+03 1.200382e+04 3.06664 5.534091e-01
7.420000e-01 1.820740e+00 2.314941e+00 2.708164e+00 1.268928e+01 8.504267e+03 1.199608e+04 3.07072 5.544781e-01
7.410000e-01 1.820740e+00 2.316118e+00 2.709496e+00 1.269715e+01 8.517948e+03 1.198831e+04 3.0748 5.555439e-01
7.400000e-01 1.820740e+00 2.317294e+00 2.710827e+00 1.270505e+01 8.531553e+03 1.198052e+04 3.07889 5.566053e-01
7.390000e-01 1.820740e+00 2.318469e+00 2.712155e+00 1.271295e+01 8.545063e+03 1.197272e+04 3.08298 5.576612e-01
7.380000e-01 1.820740e+00 2.319642e+00 2.713483e+00 1.272088e+01 8.558497e+03 1.196490e+04 3.08707 5.587130e-01
7.370000e-01 1.820740e+00 2.320816e+00 2.714810e+00 1.272884e+01 8.571875e+03 1.195705e+04 3.09116 5.597620e-01
7.360000e-01 1.820740e+00 2.321991e+00 2.716139e+00 1.273683e+01 8.585220e+03 1.194917e+04 3.09526 5.608095e-01
7.350000e-01 1.820740e+00 2.323169e+00 2.717472e+00 1.274486e+01 8.598527e+03 1.194124e+04 3.09938 5.618553e-01
7.340000e-01 1.820740e+00 2.324350e+00 2.718808e+00 1.275293e+01 8.611797e+03 1.193329e+04 3.10351 5.628993e-01
7.330000e-01 1.820740e+00 2.325532e+00 2.720147e+00 1.276103e+01 8.625029e+03 1.192529e+04 3.10764 5.639412e-01
7.320000e-01 1.820740e+00 2.326715e+00 2.721487e+00 1.276916e+01 8.638202e+03 1.191727e+04 3.11178 5.649797e-01
7.310000e-01 1.820740e+00 2.327897e+00 2.722826e+00 1.277731e+01 8.651307e+03 1.190922e+04 3.11592 5.660142e-01
7.300000e-01 1.820740e+00 2.329080e+00 2.724166e+00 1.278549e+01 8.664345e+03 1.190116e+04 3.12006 5.670447e-01
7.290000e-01 1.820740e+00 2.330262e+00 2.725505e+00 1.279369e+01 8.677323e+03 1.189306e+04 3.12421 5.680719e-01
7.280000e-01 1.820740e+00 2.331444e+00 2.726844e+00 1.280192e+01 8.690240e+03 1.188493e+04 3.12836 5.690955e-01
7.270000e-01 1.820740e+00 2.332625e+00 2.728182e+00 1.281017e+01 8.703086e+03 1.187678e+04 3.1325 5.701149e-01
7.260000e-01 1.820740e+00 2.333806e+00 2.729520e+00 1.281845e+01 8.715872e+03 1.186860e+04 3.13666 5.711310e-01
7.250000e-01 1.820740e+00 2.334987e+00 2.730857e+00 1.282675e+01 8.728591e+03 1.186040e+04 3.14081 5.721430e-01
7.240000e-01 1.820740e+00 2.336165e+00 2.732190e+00 1.283507e+01 8.741220e+03 1.185218e+04 3.14496 5.731495e-01
7.230000e-01 1.820740e+00 2.337341e+00 2.733521e+00 1.284341e+01 8.753769e+03 1.184393e+04 3.14911 5.741515e-01
7.220000e-01 1.820740e+00 2.338516e+00 2.734850e+00 1.285177e+01 8.766256e+03 1.183566e+04 3.15326 5.751500e-01
7.210000e-01 1.820740e+00 2.339693e+00 2.736182e+00 1.286018e+01 8.778711e+03 1.182734e+04 3.15742 5.761471e-01
7.200000e-01 1.820740e+00 2.340871e+00 2.737516e+00 1.286862e+01 8.791127e+03 1.181898e+04 3.16159 5.771421e-01
7.190000e-01 1.820740e+00 2.342051e+00 2.738851e+00 1.287710e+01 8.803501e+03 1.181059e+04 3.16577 5.781348e-01
7.180000e-01 1.820740e+00 2.343232e+00 2.740189e+00 1.288563e+01 8.815838e+03 1.180214e+04 3.16995 5.791255e-01
7.170000e-01 1.820740e+00 2.344414e+00 2.741528e+00 1.289418e+01 8.828119e+03 1.179367e+04 3.17414 5.801127e-01
7.160000e-01 1.820740e+00 2.345595e+00 2.742866e+00 1.290276e+01 8.840330e+03 1.178517e+04 3.17832 5.810957e-01
7.150000e-01 1.820740e+00 2.346774e+00 2.744202e+00 1.291136e+01 8.852474e+03 1.177664e+04 3.18251 5.820745e-01
7.140000e-01 1.820740e+00 2.347953e+00 2.745539e+00 1.292000e+01 8.864560e+03 1.176808e+04 3.18669 5.830500e-01
7.130000e-01 1.820740e+00 2.349132e+00 2.746874e+00 1.292866e+01 8.876585e+03 1.175948e+04 3.19088 5.840217e-01
7.120000e-01 1.820740e+00 2.350309e+00 2.748208e+00 1.293734e+01 8.888538e+03 1.175086e+04 3.19507 5.849892e-01
7.110000e-01 1.820740e+00 2.351485e+00 2.749540e+00 1.294606e+01 8.900429e+03 1.174220e+04 3.19926 5.859530e-01
7.100000e-01 1.820740e+00 2.352660e+00 2.750872e+00 1.295480e+01 8.912252e+03 1.173352e+04 3.20344 5.869127e-01
7.090000e-01 1.820740e+00 2.353833e+00 2.752199e+00 1.296356e+01 8.923985e+03 1.172482e+04 3.20763 5.878669e-01
7.080000e-01 1.820740e+00 2.355002e+00 2.753523e+00 1.297235e+01 8.935637e+03 1.171609e+04 3.21181 5.888163e-01
7.070000e-01 1.820740e+00 2.356209e+00 2.754897e+00 1.298126e+01 8.947200e+03 1.170723e+04 3.21605 5.897515e-01
7.060000e-01 1.820740e+00 2.357380e+00 2.756223e+00 1.299012e+01 8.958755e+03 1.169842e+04 3.22024 5.906955e-01
7.050000e-01 1.820740e+00 2.358552e+00 2.757550e+00 1.299902e+01 8.970268e+03 1.168957e+04 3.22444 5.916377e-01
7.040000e-01 1.820740e+00 2.359724e+00 2.758879e+00 1.300797e+01 8.981737e+03 1.168068e+04 3.22864 5.925774e-01
7.030000e-01 1.820740e+00 2.360897e+00 2.760208e+00 1.301696e+01 8.993164e+03 1.167174e+04 3.23285 5.935146e-01
7.020000e-01 1.820740e+00 2.362069e+00 2.761538e+00 1.302598e+01 9.004526e+03 1.166277e+04 3.23706 5.944480e-01
7.010000e-01 1.820740e+00 2.363240e+00 2.762867e+00 1.303502e+01 9.015819e+03 1.165377e+04 3.24127 5.953771e-01
7.000000e-01 1.820740e+00 2.364410e+00 2.764195e+00 1.304410e+01 9.027048e+03 1.164474e+04 3.24548 5.963022e-01
6.990000e-01 1.820740e+00 2.365578e+00 2.765519e+00 1.305321e+01 9.038210e+03 1.163567e+04 3.24969 5.972235e-01
6.980000e-01 1.820740e+00 2.366745e+00 2.766844e+00 1.306236e+01 9.049314e+03 1.162657e+04 3.2539 5.981411e-01
6.970000e-01 1.820740e+00 2.367911e+00 2.768167e+00 1.307153e+01 9.060344e+03 1.161744e+04 3.2581 5.990542e-01
6.960000e-01 1.820740e+00 2.369074e+00 2.769487e+00 1.308073e+01 9.071311e+03 1.160827e+04 3.26231 5.999635e-01
6.950000e-01 1.820740e+00 2.370234e+00 2.770803e+00 1.308996e+01 9.082200e+03 1.159907e+04 3.2665 6.008676e-01
6.940000e-01 1.820740e+00 2.371392e+00 2.772116e+00 1.309921e+01 9.093003e+03 1.158985e+04 3.2707 6.017665e-01
6.930000e-01 1.820740e+00 2.372546e+00 2.773423e+00 1.310848e+01 9.103728e+03 1.158060e+04 3.27488 6.026605e-01
6.920000e-01 1.820740e+00 2.373699e+00 2.774731e+00 1.311780e+01 9.114408e+03 1.157130e+04 3.27907 6.035521e-01
6.910000e-01 1.820740e+00 2.374852e+00 2.776037e+00 1.312717e+01 9.125045e+03 1.156194e+04 3.28326 6.044410e-01
6.900000e-01 1.820740e+00 2.376005e+00 2.777345e+00 1.313658e+01 9.135633e+03 1.155254e+04 3.28745 6.053271e-01
6.890000e-01 1.820740e+00 2.377159e+00 2.778654e+00 1.314603e+01 9.146180e+03 1.154309e+04 3.29164 6.062105e-01
6.880000e-01 1.820740e+00 2.378311e+00 2.779962e+00 1.315553e+01 9.156676e+03 1.153358e+04 3.29584 6.070905e-01
6.870000e-01 1.820740e+00 2.379461e+00 2.781267e+00 1.316506e+01 9.167099e+03 1.152405e+04 3.30003 6.079658e-01
6.860000e-01 1.820740e+00 2.380609e+00 2.782569e+00 1.317462e+01 9.177454e+03 1.151447e+04 3.30421 6.088364e-01
6.850000e-01 1.820740e+00 2.381755e+00 2.783871e+00 1.318422e+01 9.187749e+03 1.150486e+04 3.30839 6.097032e-01
6.840000e-01 1.820740e+00 2.382898e+00 2.785168e+00 1.319385e+01 9.197977e+03 1.149520e+04 3.31256 6.105659e-01
6.830000e-01 1.820740e+00 2.384039e+00 2.786463e+00 1.320352e+01 9.208139e+03 1.148550e+04 3.31673 6.114240e-01
6.820000e-01 1.820740e+00 2.385176e+00 2.787755e+00 1.321322e+01 9.218230e+03 1.147577e+04 3.32089 6.122774e-01
6.810000e-01 1.820740e+00 2.386311e+00 2.789043e+00 1.322295e+01 9.228250e+03 1.146600e+04 3.32505 6.131264e-01
6.800000e-01 1.820740e+00 2.387443e+00 2.790327e+00 1.323270e+01 9.238186e+03 1.145620e+04 3.32919 6.139699e-01
6.790000e-01 1.820740e+00 2.388604e+00 2.791650e+00 1.324258e+01 9.248004e+03 1.144626e+04 3.33338 6.147966e-01
6.780000e-01 1.820740e+00 2.389729e+00 2.792926e+00 1.325240e+01 9.257788e+03 1.143638e+04 3.33751 6.156300e-01
6.770000e-01 1.820740e+00 2.390851e+00 2.794198e+00 1.326227e+01 9.267533e+03 1.142644e+04 3.34164 6.164613e-01
6.760000e-01 1.820740e+00 2.391974e+00 2.795472e+00 1.327219e+01 9.277232e+03 1.141645e+04 3.34577 6.172895e-01
6.750000e-01 1.820740e+00 2.393093e+00 2.796742e+00 1.328216e+01 9.286874e+03 1.140640e+04 3.34989 6.181139e-01
6.740000e-01 1.820740e+00 2.394213e+00 2.798013e+00 1.329219e+01 9.296471e+03 1.139629e+04 3.35402 6.189352e-01
6.730000e-01 1.820740e+00 2.395329e+00 2.799280e+00 1.330225e+01 9.306000e+03 1.138614e+04 3.35813 6.197517e-01
6.720000e-01 1.820740e+00 2.396441e+00 2.800543e+00 1.331234e+01 9.315453e+03 1.137595e+04 3.36224 6.205632e-01
6.710000e-01 1.820740e+00 2.397551e+00 2.801803e+00 1.332247e+01 9.324841e+03 1.136572e+04 3.36633 6.213702e-01
6.700000e-01 1.820740e+00 2.398657e+00 2.803060e+00 1.333264e+01 9.334164e+03 1.135544e+04 3.37043 6.221730e-01
6.690000e-01 1.820740e+00 2.399761e+00 2.804314e+00 1.334286e+01 9.343415e+03 1.134512e+04 3.37451 6.229712e-01
6.680000e-01 1.820740e+00 2.400860e+00 2.805563e+00 1.335310e+01 9.352587e+03 1.133476e+04 3.37859 6.237643e-01
6.670000e-01 1.820740e+00 2.401957e+00 2.806810e+00 1.336339e+01 9.361695e+03 1.132436e+04 3.38266 6.245533e-01
6.660000e-01 1.820740e+00 2.403048e+00 2.808049e+00 1.337371e+01 9.370710e+03 1.131392e+04 3.38672 6.253362e-01
6.650000e-01 1.820740e+00 2.404135e+00 2.809283e+00 1.338405e+01 9.379637e+03 1.130346e+04 3.39076 6.261136e-01
6.640000e-01 1.820740e+00 2.405217e+00 2.810511e+00 1.339444e+01 9.388494e+03 1.129296e+04 3.3948 6.268864e-01
6.630000e-01 1.820740e+00 2.406297e+00 2.811739e+00 1.340488e+01 9.397302e+03 1.128239e+04 3.39883 6.276564e-01
6.620000e-01 1.820740e+00 2.407375e+00 2.812964e+00 1.341538e+01 9.406057e+03 1.127176e+04 3.40286 6.284228e-01
6.610000e-01 1.820740e+00 2.408451e+00 2.814186e+00 1.342593e+01 9.414755e+03 1.126107e+04 3.40689 6.291851e-01
6.600000e-01 1.820740e+00 2.409524e+00 2.815407e+00 1.343654e+01 9.423402e+03 1.125031e+04 3.4109 6.299437e-01
6.590000e-01 1.820740e+00 2.410593e+00 2.816624e+00 1.344719e+01 9.431976e+03 1.123951e+04 3.41491 6.306971e-01
6.580000e-01 1.820740e+00 2.411691e+00 2.817878e+00 1.345798e+01 9.440440e+03 1.122856e+04 3.41894 6.314339e-01
6.570000e-01 1.820740e+00 2.412752e+00 2.819086e+00 1.346871e+01 9.448869e+03 1.121765e+04 3.42292 6.321764e-01
6.560000e-01 1.820740e+00 2.413808e+00 2.820287e+00 1.347949e+01 9.457232e+03 1.120669e+04 3.42688 6.329143e-01
6.550000e-01 1.820740e+00 2.414858e+00 2.821481e+00 1.349032e+01 9.465523e+03 1.119568e+04 3.43082 6.336467e-01
6.540000e-01 1.820740e+00 2.415902e+00 2.822669e+00 1.350117e+01 9.473737e+03 1.118463e+04 3.43475 6.343734e-01
6.530000e-01 1.820740e+00 2.416941e+00 2.823851e+00 1.351208e+01 9.481879e+03 1.117351e+04 3.43866 6.350948e-01
6.520000e-01 1.820740e+00 2.417974e+00 2.825025e+00 1.352301e+01 9.489931e+03 1.116236e+04 3.44255 6.358099e-01
6.510000e-01 1.820740e+00 2.419000e+00 2.826189e+00 1.353398e+01 9.497894e+03 1.115118e+04 3.44642 6.365187e-01
6.500000e-01 1.820740e+00 2.420020e+00 2.827348e+00 1.354499e+01 9.505785e+03 1.113994e+04 3.45028 6.372225e-01
6.490000e-01 1.820740e+00 2.421037e+00 2.828504e+00 1.355606e+01 9.513624e+03 1.112862e+04 3.45412 6.379229e-01
6.480000e-01 1.820740e+00 2.422051e+00 2.829656e+00 1.356720e+01 9.521404e+03 1.111724e+04 3.45796 6.386190e-01
6.470000e-01 1.820740e+00 2.423061e+00 2.830804e+00 1.357840e+01 9.529121e+03 1.110579e+04 3.46179 6.393105e-01
6.460000e-01 1.820740e+00 2.424066e+00 2.831949e+00 1.358966e+01 9.536780e+03 1.109428e+04 3.4656 6.399975e-01
6.450000e-01 1.820740e+00 2.425067e+00 2.833088e+00 1.360097e+01 9.544361e+03 1.108271e+04 3.46939 6.406788e-01
6.440000e-01 1.820740e+00 2.426061e+00 2.834219e+00 1.361232e+01 9.551864e+03 1.107109e+04 3.47317 6.413542e-01
6.430000e-01 1.820740e+00 2.427049e+00 2.835345e+00 1.362372e+01 9.559295e+03 1.105941e+04 3.47693 6.420243e-01
6.420000e-01 1.820740e+00 2.428031e+00 2.836463e+00 1.363517e+01 9.566654e+03 1.104767e+04 3.48066 6.426888e-01
6.410000e-01 1.820740e+00 2.429007e+00 2.837574e+00 1.364666e+01 9.573936e+03 1.103588e+04 3.48438 6.433475e-01
6.400000e-01 1.820740e+00 2.429975e+00 2.838676e+00 1.365821e+01 9.581137e+03 1.102403e+04 3.48807 6.439996e-01
6.390000e-01 1.820740e+00 2.430967e+00 2.839810e+00 1.366989e+01 9.588222e+03 1.101202e+04 3.49177 6.446344e-01
6.380000e-01 1.820740e+00 2.431920e+00 2.840894e+00 1.368151e+01 9.595249e+03 1.100006e+04 3.49541 6.452723e-01
6.370000e-01 1.820740e+00 2.432864e+00 2.841966e+00 1.369317e+01 9.602188e+03 1.098805e+04 3.49902 6.459041e-01
6.360000e-01 1.820740e+00 2.433800e+00 2.843030e+00 1.370489e+01 9.609062e+03 1.097598e+04 3.5026 6.465305e-01
6.350000e-01 1.820740e+00 2.434731e+00 2.844088e+00 1.371668e+01 9.615877e+03 1.096381e+04 3.50616 6.471522e-01
6.340000e-01 1.820740e+00 2.435656e+00 2.845139e+00 1.372853e+01 9.622626e+03 1.095157e+04 3.50971 6.477684e-01
6.330000e-01 1.820740e+00 2.436575e+00 2.846183e+00 1.374046e+01 9.629311e+03 1.093925e+04 3.51322 6.483789e-01
6.320000e-01 1.820740e+00 2.437487e+00 2.847221e+00 1.375244e+01 9.635926e+03 1.092686e+04 3.51672 6.489836e-01
6.310000e-01 1.820740e+00 2.438391e+00 2.848249e+00 1.376448e+01 9.642457e+03 1.091440e+04 3.52018 6.495816e-01
6.300000e-01 1.820740e+00 2.439287e+00 2.849269e+00 1.377656e+01 9.648907e+03 1.090189e+04 3.52362 6.501731e-01
6.290000e-01 1.820740e+00 2.440176e+00 2.850280e+00 1.378871e+01 9.655284e+03 1.088931e+04 3.52704 6.507586e-01
6.280000e-01 1.820740e+00 2.441057e+00 2.851284e+00 1.380091e+01 9.661579e+03 1.087666e+04 3.53042 6.513381e-01
6.270000e-01 1.820740e+00 2.441930e+00 2.852277e+00 1.381316e+01 9.667787e+03 1.086396e+04 3.53379 6.519107e-01
6.260000e-01 1.820740e+00 2.442795e+00 2.853262e+00 1.382547e+01 9.673912e+03 1.085120e+04 3.53712 6.524769e-01
6.250000e-01 1.820740e+00 2.443650e+00 2.854235e+00 1.383782e+01 9.679944e+03 1.083838e+04 3.54042 6.530359e-01
6.240000e-01 1.820740e+00 2.444496e+00 2.855197e+00 1.385022e+01 9.685877e+03 1.082553e+04 3.54369 6.535877e-01
6.230000e-01 1.820740e+00 2.445361e+00 2.856185e+00 1.386276e+01 9.691686e+03 1.081251e+04 3.54698 6.541218e-01
6.220000e-01 1.820740e+00 2.446192e+00 2.857130e+00 1.387529e+01 9.697468e+03 1.079949e+04 3.55019 6.546612e-01
6.210000e-01 1.820740e+00 2.447014e+00 2.858066e+00 1.388790e+01 9.703181e+03 1.078639e+04 3.55338 6.551951e-01
6.200000e-01 1.820740e+00 2.447828e+00 2.858992e+00 1.390058e+01 9.708818e+03 1.077321e+04 3.55655 6.557226e-01
6.190000e-01 1.820740e+00 2.448634e+00 2.859911e+00 1.391334e+01 9.714386e+03 1.075994e+04 3.55968 6.562440e-01
6.180000e-01 1.820740e+00 2.449431e+00 2.860820e+00 1.392615e+01 9.719866e+03 1.074661e+04 3.56278 6.567581e-01
6.170000e-01 1.820740e+00 2.450219e+00 2.861717e+00 1.393903e+01 9.725258e+03 1.073321e+04 3.56584 6.572651e-01
6.160000e-01 1.820740e+00 2.450997e+00 2.862605e+00 1.395197e+01 9.730570e+03 1.071974e+04 3.56887 6.577655e-01
6.150000e-01 1.820740e+00 2.451765e+00 2.863481e+00 1.396497e+01 9.735799e+03 1.070619e+04 3.57187 6.582586e-01
6.140000e-01 1.820740e+00 2.452522e+00 2.864344e+00 1.397804e+01 9.740938e+03 1.069257e+04 3.57482 6.587435e-01
6.130000e-01 1.820740e+00 2.453268e+00 2.865194e+00 1.399116e+01 9.745989e+03 1.067888e+04 3.57773 6.592208e-01
6.120000e-01 1.820740e+00 2.454003e+00 2.866032e+00 1.400434e+01 9.750948e+03 1.066512e+04 3.5806 6.596904e-01
6.110000e-01 1.820740e+00 2.454725e+00 2.866853e+00 1.401756e+01 9.755803e+03 1.065131e+04 3.58343 6.601512e-01
6.100000e-01 1.820740e+00 2.455434e+00 2.867658e+00 1.403083e+01 9.760565e+03 1.063743e+04 3.58621 6.606037e-01
6.090000e-01 1.820740e+00 2.456159e+00 2.868488e+00 1.404429e+01 9.765214e+03 1.062335e+04 3.58898 6.610383e-01
6.080000e-01 1.820740e+00 2.456848e+00 2.869271e+00 1.405775e+01 9.769825e+03 1.060925e+04 3.59167 6.614759e-01
6.070000e-01 1.820740e+00 2.457524e+00 2.870041e+00 1.407128e+01 9.774357e+03 1.059507e+04 3.59432 6.619060e-01
6.060000e-01 1.820740e+00 2.458189e+00 2.870797e+00 1.408490e+01 9.778811e+03 1.058078e+04 3.59692 6.623283e-01
6.050000e-01 1.820740e+00 2.458842e+00 2.871540e+00 1.409859e+01 9.783175e+03 1.056641e+04 3.59947 6.627420e-01
6.040000e-01 1.820740e+00 2.459483e+00 2.872269e+00 1.411235e+01 9.787448e+03 1.055196e+04 3.60198 6.631473e-01
6.030000e-01 1.820740e+00 2.460111e+00 2.872984e+00 1.412618e+01 9.791630e+03 1.053743e+04 3.60444 6.635445e-01
6.020000e-01 1.820740e+00 2.460729e+00 2.873688e+00 1.414009e+01 9.795721e+03 1.052282e+04 3.60686 6.639346e-01
6.010000e-01 1.820740e+00 2.458480e+00 2.871160e+00 1.414465e+01 9.807588e+03 1.051896e+04 3.60444 6.655090e-01
6.000000e-01 1.820740e+00 2.461947e+00 2.875079e+00 1.416817e+01 9.803593e+03 1.049335e+04 3.6116 6.646843e-01
5.990000e-01 1.820740e+00 2.459624e+00 2.872465e+00 1.417269e+01 9.815376e+03 1.048949e+04 3.609 6.662609e-01
5.980000e-01 1.820740e+00 2.463099e+00 2.876391e+00 1.419644e+01 9.811085e+03 1.046367e+04 3.61616 6.654077e-01
5.970000e-01 1.820740e+00 2.460709e+00 2.873699e+00 1.420095e+01 9.822760e+03 1.045980e+04 3.61338 6.669821e-01
5.960000e-01 1.820740e+00 2.464200e+00 2.877644e+00 1.422500e+01 9.818187e+03 1.043371e+04 3.62053 6.660990e-01
5.950000e-01 1.820740e+00 2.461753e+00 2.874892e+00 1.422953e+01 9.829802e+03 1.042980e+04 3.61763 6.676773e-01
5.940000e-01 1.820740e+00 2.465252e+00 2.878843e+00 1.425395e+01 9.824948e+03 1.040332e+04 3.62471 6.667582e-01
5.930000e-01 1.820740e+00 2.462746e+00 2.876029e+00 1.425849e+01 9.836493e+03 1.039937e+04 3.62166 6.683376e-01
5.920000e-01 1.820740e+00 2.466269e+00 2.880007e+00 1.428336e+01 9.831300e+03 1.037242e+04 3.62868 6.673689e-01
5.910000e-01 1.820740e+00 2.463686e+00 2.877105e+00 1.428787e+01 9.842771e+03 1.036847e+04 3.62544 6.689507e-01
5.900000e-01 1.820740e+00 2.467204e+00 2.881074e+00 1.431300e+01 9.837312e+03 1.034125e+04 3.63238 6.679516e-01
5.890000e-01 1.820740e+00 2.464546e+00 2.878086e+00 1.431749e+01 9.848705e+03 1.033726e+04 3.62894 6.695337e-01
5.880000e-01 1.820740e+00 2.468071e+00 2.882060e+00 1.434298e+01 9.842928e+03 1.030968e+04 3.63581 6.684936e-01
5.870000e-01 1.820740e+00 2.465344e+00 2.878995e+00 1.434746e+01 9.854232e+03 1.030566e+04 3.63218 6.700739e-01
5.860000e-01 1.820740e+00 2.468875e+00 2.882973e+00 1.437326e+01 9.848137e+03 1.027777e+04 3.63898 6.689953e-01
5.850000e-01 1.820740e+00 2.466065e+00 2.879809e+00 1.437770e+01 9.859336e+03 1.027374e+04 3.63513 6.705734e-01
5.840000e-01 1.820740e+00 2.469620e+00 2.883818e+00 1.440381e+01 9.852912e+03 1.024560e+04 3.64194 6.694598e-01
5.830000e-01 1.820740e+00 2.466750e+00 2.880590e+00 1.440827e+01 9.864036e+03 1.024154e+04 3.63795 6.710403e-01
5.820000e-01 1.820740e+00 2.470334e+00 2.884632e+00 1.443490e+01 9.857251e+03 1.021292e+04 3.64473 6.698798e-01
5.810000e-01 1.820740e+00 2.467400e+00 2.881335e+00 1.443936e+01 9.868320e+03 1.020885e+04 3.6406 6.714669e-01
5.800000e-01 1.820740e+00 2.470974e+00 2.885365e+00 1.446633e+01 9.861253e+03 1.017993e+04 3.6473 6.702766e-01
5.790000e-01 1.820740e+00 2.467968e+00 2.881987e+00 1.447080e+01 9.872238e+03 1.017583e+04 3.64299 6.718645e-01
5.780000e-01 1.820740e+00 2.471547e+00 2.886020e+00 1.449815e+01 9.864832e+03 1.014656e+04 3.6496 6.706329e-01
5.770000e-01 1.820740e+00 2.468474e+00 2.882570e+00 1.450261e+01 9.875738e+03 1.014242e+04 3.64512 6.722200e-01
5.760000e-01 1.820740e+00 2.472047e+00 2.886591e+00 1.453035e+01 9.867999e+03 1.011276e+04 3.65161 6.709447e-01
5.750000e-01 1.820740e+00 2.468890e+00 2.883045e+00 1.453480e+01 9.878816e+03 1.010860e+04 3.64689 6.725306e-01
5.740000e-01 1.820740e+00 2.472498e+00 2.887109e+00 1.456301e+01 9.870690e+03 1.007849e+04 3.65334 6.712009e-01
5.730000e-01 1.820740e+00 2.469239e+00 2.883442e+00 1.456739e+01 9.881427e+03 1.007433e+04 3.64836 6.727880e-01
5.720000e-01 1.820740e+00 2.472846e+00 2.887500e+00 1.459590e+01 9.872960e+03 1.004398e+04 3.65472 6.714202e-01
5.710000e-01 1.820740e+00 2.469519e+00 2.883755e+00 1.460027e+01 9.883609e+03 1.003979e+04 3.64956 6.730064e-01
5.700000e-01 1.820740e+00 2.473128e+00 2.887815e+00 1.462923e+01 9.874809e+03 1.000905e+04 3.65584 6.715993e-01
5.690000e-01 1.820740e+00 2.473245e+00 2.887948e+00 1.464608e+01 9.875580e+03 9.991440e+03 3.65633 6.716772e-01
5.680000e-01 1.820740e+00 2.473353e+00 2.888073e+00 1.466306e+01 9.876247e+03 9.973717e+03 3.65677 6.717451e-01
5.670000e-01 1.820740e+00 2.473442e+00 2.888175e+00 1.468017e+01 9.876794e+03 9.955886e+03 3.65714 6.718019e-01
5.660000e-01 1.820740e+00 2.473517e+00 2.888263e+00 1.469737e+01 9.877234e+03 9.937981e+03 3.65746 6.718494e-01
5.650000e-01 1.820740e+00 2.473595e+00 2.888358e+00 1.471477e+01 9.877518e+03 9.919874e+03 3.65772 6.718740e-01
5.640000e-01 1.820740e+00 2.473626e+00 2.888393e+00 1.473221e+01 9.877726e+03 9.901720e+03 3.65784 6.718950e-01
5.630000e-01 1.820740e+00 2.473639e+00 2.888408e+00 1.474975e+01 9.877827e+03 9.883479e+03 3.6579 6.719049e-01
5.620000e-01 1.820740e+00 2.473631e+00 2.888400e+00 1.476739e+01 9.877817e+03 9.865139e+03 3.65786 6.719023e-01
5.627732e-01 1.820740e+00 2.473997e+00 2.888873e+00 1.475522e+01 9.877034e+03 9.877827e+03 3.6583 6.717294e-01
