1.000000e+00 1.837120e+00 2.063847e+00 2.428114e+00 1.122506e+01 0.000000e+00 1.391521e+04 0 0.000000e+00
9.990000e-01 1.837120e+00 2.065076e+00 2.429251e+00 1.123217e+01 5.484950e+02 1.384348e+04 2.25706 3.303163e-02
9.980000e-01 1.837120e+00 2.065333e+00 2.429485e+00 1.123458e+01 7.885479e+02 1.381551e+04 2.32974 4.900517e-02
9.970000e-01 1.837120e+00 2.066693e+00 2.431132e+00 1.124015e+01 9.605708e+02 1.379262e+04 2.26358 5.792422e-02
9.960000e-01 1.837120e+00 2.066965e+00 2.431386e+00 1.124265e+01 1.116113e+03 1.377469e+04 2.29494 6.821827e-02
9.950000e-01 1.837120e+00 2.068295e+00 2.432980e+00 1.124818e+01 1.240871e+03 1.375714e+04 2.26863 7.487789e-02
9.940000e-01 1.837120e+00 2.068530e+00 2.433177e+00 1.125066e+01 1.363966e+03 1.374308e+04 2.28841 8.300434e-02
9.930000e-01 1.837120e+00 2.069857e+00 2.434749e+00 1.125623e+01 1.465545e+03 1.372806e+04 2.27351 8.849152e-02
9.920000e-01 1.837120e+00 2.070061e+00 2.434897e+00 1.125871e+01 1.570852e+03 1.371612e+04 2.28816 9.544280e-02
9.910000e-01 1.837120e+00 2.071405e+00 2.436479e+00 1.126436e+01 1.659525e+03 1.370246e+04 2.27832 1.002663e-01
9.900000e-01 1.837120e+00 2.071606e+00 2.436619e+00 1.126686e+01 1.753385e+03 1.369188e+04 2.29023 1.064707e-01
9.890000e-01 1.837120e+00 2.072960e+00 2.438210e+00 1.127255e+01 1.833458e+03 1.367913e+04 2.28311 1.108416e-01
9.880000e-01 1.837120e+00 2.073181e+00 2.438377e+00 1.127509e+01 1.919428e+03 1.366949e+04 2.29348 1.165411e-01
9.870000e-01 1.837120e+00 2.074537e+00 2.439975e+00 1.128079e+01 1.993339e+03 1.365742e+04 2.28791 1.205770e-01
9.860000e-01 1.837120e+00 2.074759e+00 2.440144e+00 1.128333e+01 2.072556e+03 1.364857e+04 2.29686 1.258327e-01
9.850000e-01 1.837120e+00 2.076111e+00 2.441733e+00 1.128902e+01 2.140422e+03 1.363714e+04 2.29268 1.295473e-01
9.840000e-01 1.837120e+00 2.076299e+00 2.441852e+00 1.129153e+01 2.213599e+03 1.362900e+04 2.30028 1.343960e-01
9.830000e-01 1.837120e+00 2.077655e+00 2.443437e+00 1.129725e+01 2.276012e+03 1.361812e+04 2.2974 1.378322e-01
9.820000e-01 1.837120e+00 2.077821e+00 2.443521e+00 1.129975e+01 2.344864e+03 1.361048e+04 2.30421 1.424004e-01
9.810000e-01 1.837120e+00 2.079198e+00 2.445127e+00 1.130555e+01 2.404213e+03 1.359987e+04 2.30214 1.456799e-01
9.800000e-01 1.837120e+00 2.079384e+00 2.445237e+00 1.130811e+01 2.470089e+03 1.359258e+04 2.30863 1.500669e-01
9.790000e-01 1.837120e+00 2.080770e+00 2.446857e+00 1.131395e+01 2.527257e+03 1.358217e+04 2.30694 1.532230e-01
9.780000e-01 1.837120e+00 2.080983e+00 2.447007e+00 1.131656e+01 2.590569e+03 1.357517e+04 2.31317 1.574535e-01
9.770000e-01 1.837120e+00 2.082373e+00 2.448636e+00 1.132242e+01 2.645680e+03 1.356497e+04 2.31178 1.604923e-01
9.760000e-01 1.837120e+00 2.082602e+00 2.448809e+00 1.132504e+01 2.706358e+03 1.355827e+04 2.31765 1.645540e-01
9.750000e-01 1.837120e+00 2.083992e+00 2.450441e+00 1.133090e+01 2.759101e+03 1.354833e+04 2.31665 1.674645e-01
9.740000e-01 1.837120e+00 2.084216e+00 2.450609e+00 1.133352e+01 2.817135e+03 1.354193e+04 2.32208 1.713513e-01
9.730000e-01 1.837120e+00 2.085608e+00 2.452242e+00 1.133938e+01 2.867382e+03 1.353225e+04 2.32151 1.741316e-01
9.720000e-01 1.837120e+00 2.085823e+00 2.452396e+00 1.134199e+01 2.923109e+03 1.352612e+04 2.32658 1.778674e-01
9.710000e-01 1.837120e+00 2.087223e+00 2.454039e+00 1.134788e+01 2.971406e+03 1.351662e+04 2.32638 1.805479e-01
9.700000e-01 1.837120e+00 2.087435e+00 2.454188e+00 1.135051e+01 3.025198e+03 1.351071e+04 2.3312 1.841596e-01
9.690000e-01 1.837120e+00 2.088844e+00 2.455840e+00 1.135643e+01 3.071844e+03 1.350135e+04 2.33128 1.867535e-01
9.680000e-01 1.837120e+00 2.089065e+00 2.456001e+00 1.135908e+01 3.124098e+03 1.349561e+04 2.33595 1.902707e-01
9.670000e-01 1.837120e+00 2.090480e+00 2.457662e+00 1.136503e+01 3.169425e+03 1.348636e+04 2.33622 1.927920e-01
9.660000e-01 1.837120e+00 2.090700e+00 2.457822e+00 1.136769e+01 3.220023e+03 1.348079e+04 2.34067 1.962018e-01
9.650000e-01 1.837120e+00 2.092116e+00 2.459484e+00 1.137365e+01 3.263663e+03 1.347170e+04 2.34116 1.986333e-01
9.640000e-01 1.837120e+00 2.092316e+00 2.459615e+00 1.137628e+01 3.312456e+03 1.346633e+04 2.34531 2.019214e-01
9.630000e-01 1.837120e+00 2.093738e+00 2.461279e+00 1.138225e+01 3.354337e+03 1.345738e+04 2.34609 2.042650e-01
9.620000e-01 1.837120e+00 2.093928e+00 2.461395e+00 1.138489e+01 3.401813e+03 1.345215e+04 2.35007 2.074701e-01
9.610000e-01 1.837120e+00 2.095365e+00 2.463075e+00 1.139093e+01 3.442766e+03 1.344323e+04 2.35105 2.097674e-01
9.600000e-01 1.837120e+00 2.095565e+00 2.463205e+00 1.139360e+01 3.489296e+03 1.343809e+04 2.35499 2.129175e-01
9.590000e-01 1.837120e+00 2.097011e+00 2.464897e+00 1.139968e+01 3.529490e+03 1.342922e+04 2.35607 2.151717e-01
9.580000e-01 1.837120e+00 2.097227e+00 2.465049e+00 1.140239e+01 3.575112e+03 1.342418e+04 2.35996 2.182681e-01
9.570000e-01 1.837120e+00 2.098678e+00 2.466750e+00 1.140850e+01 3.614546e+03 1.341537e+04 2.36112 2.204793e-01
9.560000e-01 1.837120e+00 2.098901e+00 2.466913e+00 1.141122e+01 3.659170e+03 1.341045e+04 2.36492 2.235131e-01
9.550000e-01 1.837120e+00 2.100357e+00 2.468620e+00 1.141734e+01 3.697655e+03 1.340173e+04 2.3662 2.256729e-01
9.540000e-01 1.837120e+00 2.100576e+00 2.468777e+00 1.142006e+01 3.741184e+03 1.339692e+04 2.36987 2.286354e-01
9.530000e-01 1.837120e+00 2.102036e+00 2.470489e+00 1.142620e+01 3.778613e+03 1.338830e+04 2.37129 2.307409e-01
9.520000e-01 1.837120e+00 2.102251e+00 2.470641e+00 1.142893e+01 3.821186e+03 1.338359e+04 2.37485 2.336428e-01
9.510000e-01 1.837120e+00 2.103719e+00 2.472362e+00 1.143510e+01 3.857764e+03 1.337501e+04 2.3764 2.357044e-01
9.500000e-01 1.837120e+00 2.103932e+00 2.472511e+00 1.143784e+01 3.899447e+03 1.337040e+04 2.37987 2.385504e-01
9.490000e-01 1.837120e+00 2.105409e+00 2.474242e+00 1.144404e+01 3.935270e+03 1.336186e+04 2.38154 2.405731e-01
9.480000e-01 1.837120e+00 2.105628e+00 2.474399e+00 1.144680e+01 3.976231e+03 1.335731e+04 2.38496 2.433758e-01
9.470000e-01 1.837120e+00 2.107110e+00 2.476137e+00 1.145303e+01 4.011334e+03 1.334882e+04 2.38671 2.453588e-01
9.460000e-01 1.837120e+00 2.107323e+00 2.476286e+00 1.145579e+01 4.051398e+03 1.334437e+04 2.39002 2.481025e-01
9.450000e-01 1.837120e+00 2.108808e+00 2.478026e+00 1.146202e+01 4.085512e+03 1.333596e+04 2.39188 2.500341e-01
9.440000e-01 1.837120e+00 2.109003e+00 2.478149e+00 1.146476e+01 4.124592e+03 1.333163e+04 2.39503 2.527116e-01
9.430000e-01 1.837120e+00 2.110498e+00 2.479899e+00 1.147102e+01 4.157851e+03 1.332327e+04 2.39705 2.546029e-01
9.420000e-01 1.837120e+00 2.110693e+00 2.480021e+00 1.147378e+01 4.196379e+03 1.331899e+04 2.40018 2.572498e-01
9.410000e-01 1.837120e+00 2.112244e+00 2.481841e+00 1.148020e+01 4.229213e+03 1.331052e+04 2.40234 2.591160e-01
9.400000e-01 1.837120e+00 2.112419e+00 2.481939e+00 1.148293e+01 4.267343e+03 1.330634e+04 2.40542 2.617437e-01
9.390000e-01 1.837120e+00 2.113967e+00 2.483754e+00 1.148937e+01 4.299831e+03 1.329789e+04 2.40762 2.635903e-01
9.380000e-01 1.837120e+00 2.114153e+00 2.483867e+00 1.149213e+01 4.337468e+03 1.329374e+04 2.41069 2.661900e-01
9.370000e-01 1.837120e+00 2.115706e+00 2.485690e+00 1.149859e+01 4.369484e+03 1.328532e+04 2.41292 2.680096e-01
9.360000e-01 1.837120e+00 2.115894e+00 2.485807e+00 1.150136e+01 4.406507e+03 1.328123e+04 2.41594 2.705706e-01
9.350000e-01 1.837120e+00 2.117451e+00 2.487635e+00 1.150784e+01 4.437889e+03 1.327285e+04 2.41825 2.723567e-01
9.340000e-01 1.837120e+00 2.117632e+00 2.487743e+00 1.151061e+01 4.474248e+03 1.326883e+04 2.42119 2.748747e-01
9.330000e-01 1.837120e+00 2.119198e+00 2.489581e+00 1.151711e+01 4.505032e+03 1.326048e+04 2.42359 2.766312e-01
9.320000e-01 1.837120e+00 2.119378e+00 2.489687e+00 1.151990e+01 4.540862e+03 1.325651e+04 2.42649 2.791175e-01
9.310000e-01 1.837120e+00 2.120951e+00 2.491533e+00 1.152643e+01 4.571132e+03 1.324816e+04 2.42896 2.808469e-01
9.300000e-01 1.837120e+00 2.121132e+00 2.491640e+00 1.152923e+01 4.606470e+03 1.324424e+04 2.43183 2.833039e-01
9.290000e-01 1.837120e+00 2.122714e+00 2.493498e+00 1.153581e+01 4.636343e+03 1.323589e+04 2.43436 2.850128e-01
9.280000e-01 1.837120e+00 2.122897e+00 2.493607e+00 1.153862e+01 4.671206e+03 1.323200e+04 2.4372 2.874413e-01
9.270000e-01 1.837120e+00 2.124484e+00 2.495470e+00 1.154521e+01 4.700526e+03 1.322368e+04 2.43978 2.891198e-01
9.260000e-01 1.837120e+00 2.124655e+00 2.495564e+00 1.154801e+01 4.734740e+03 1.321985e+04 2.44253 2.915050e-01
9.250000e-01 1.837120e+00 2.126246e+00 2.497431e+00 1.155462e+01 4.763329e+03 1.321158e+04 2.4452 2.931467e-01
9.240000e-01 1.837120e+00 2.126405e+00 2.497507e+00 1.155741e+01 4.796977e+03 1.320781e+04 2.44787 2.954958e-01
9.230000e-01 1.837120e+00 2.128010e+00 2.499389e+00 1.156406e+01 4.825179e+03 1.319952e+04 2.45064 2.971206e-01
9.220000e-01 1.837120e+00 2.128176e+00 2.499473e+00 1.156689e+01 4.858561e+03 1.319577e+04 2.45333 2.994577e-01
9.210000e-01 1.837120e+00 2.129791e+00 2.501368e+00 1.157360e+01 4.886553e+03 1.318745e+04 2.45613 3.010702e-01
9.200000e-01 1.837120e+00 2.129967e+00 2.501466e+00 1.157646e+01 4.919649e+03 1.318371e+04 2.45884 3.033929e-01
9.190000e-01 1.837120e+00 2.131590e+00 2.503371e+00 1.158321e+01 4.947382e+03 1.317538e+04 2.46167 3.049901e-01
9.180000e-01 1.837120e+00 2.131770e+00 2.503476e+00 1.158609e+01 4.980100e+03 1.317166e+04 2.46436 3.072904e-01
9.170000e-01 1.837120e+00 2.133399e+00 2.505389e+00 1.159286e+01 5.007428e+03 1.316334e+04 2.46724 3.088654e-01
9.160000e-01 1.837120e+00 2.133575e+00 2.505488e+00 1.159574e+01 5.039672e+03 1.315968e+04 2.46988 3.111351e-01
9.150000e-01 1.837120e+00 2.135210e+00 2.507408e+00 1.160253e+01 5.066513e+03 1.315138e+04 2.47282 3.126853e-01
9.140000e-01 1.837120e+00 2.135381e+00 2.507501e+00 1.160541e+01 5.098336e+03 1.314776e+04 2.47541 3.149291e-01
9.130000e-01 1.837120e+00 2.137024e+00 2.509431e+00 1.161223e+01 5.124797e+03 1.313946e+04 2.47842 3.164604e-01
9.120000e-01 1.837120e+00 2.137194e+00 2.509522e+00 1.161513e+01 5.156255e+03 1.313587e+04 2.48099 3.186829e-01
9.110000e-01 1.837120e+00 2.138847e+00 2.511463e+00 1.162199e+01 5.182400e+03 1.312756e+04 2.48405 3.201981e-01
9.100000e-01 1.837120e+00 2.139020e+00 2.511559e+00 1.162491e+01 5.213570e+03 1.312399e+04 2.48662 3.224052e-01
9.090000e-01 1.837120e+00 2.140681e+00 2.513509e+00 1.163181e+01 5.239404e+03 1.311567e+04 2.48972 3.239031e-01
9.080000e-01 1.837120e+00 2.140848e+00 2.513597e+00 1.163473e+01 5.270164e+03 1.311213e+04 2.49224 3.260843e-01
9.070000e-01 1.837120e+00 2.142514e+00 2.515552e+00 1.164164e+01 5.295489e+03 1.310384e+04 2.49539 3.275554e-01
9.060000e-01 1.837120e+00 2.142667e+00 2.515621e+00 1.164455e+01 5.325771e+03 1.310034e+04 2.49785 3.297053e-01
9.050000e-01 1.837120e+00 2.144344e+00 2.517589e+00 1.165150e+01 5.350697e+03 1.309205e+04 2.50108 3.311584e-01
9.040000e-01 1.837120e+00 2.144500e+00 2.517659e+00 1.165443e+01 5.380756e+03 1.308857e+04 2.50354 3.332981e-01
9.030000e-01 1.837120e+00 2.146189e+00 2.519641e+00 1.166145e+01 5.405530e+03 1.308023e+04 2.50681 3.347433e-01
9.020000e-01 1.837120e+00 2.146353e+00 2.519724e+00 1.166442e+01 5.435409e+03 1.307675e+04 2.5093 3.368758e-01
9.010000e-01 1.837120e+00 2.148051e+00 2.521717e+00 1.167148e+01 5.460026e+03 1.306837e+04 2.5126 3.383114e-01
9.000000e-01 1.837120e+00 2.148222e+00 2.521809e+00 1.167447e+01 5.489668e+03 1.306490e+04 2.51509 3.404313e-01
8.990000e-01 1.837120e+00 2.149927e+00 2.523811e+00 1.168157e+01 5.514013e+03 1.305651e+04 2.51843 3.418514e-01
8.980000e-01 1.837120e+00 2.150094e+00 2.523899e+00 1.168457e+01 5.543311e+03 1.305307e+04 2.52089 3.439497e-01
8.970000e-01 1.837120e+00 2.151806e+00 2.525909e+00 1.169168e+01 5.567267e+03 1.304469e+04 2.52427 3.453494e-01
8.960000e-01 1.837120e+00 2.151967e+00 2.525989e+00 1.169468e+01 5.596209e+03 1.304128e+04 2.52669 3.474253e-01
8.950000e-01 1.837120e+00 2.153687e+00 2.528009e+00 1.170182e+01 5.619832e+03 1.303291e+04 2.53012 3.488086e-01
8.940000e-01 1.837120e+00 2.153845e+00 2.528085e+00 1.170483e+01 5.648467e+03 1.302952e+04 2.53252 3.508664e-01
8.930000e-01 1.837120e+00 2.155573e+00 2.530115e+00 1.171201e+01 5.671802e+03 1.302113e+04 2.536 3.522351e-01
8.920000e-01 1.837120e+00 2.155733e+00 2.530193e+00 1.171503e+01 5.700203e+03 1.301776e+04 2.5384 3.542806e-01
8.910000e-01 1.837120e+00 2.157470e+00 2.532234e+00 1.172226e+01 5.723309e+03 1.300935e+04 2.54192 3.556369e-01
8.900000e-01 1.837120e+00 2.157626e+00 2.532308e+00 1.172529e+01 5.751420e+03 1.300600e+04 2.54429 3.576651e-01
8.890000e-01 1.837120e+00 2.159369e+00 2.534354e+00 1.173254e+01 5.774147e+03 1.299759e+04 2.54785 3.590011e-01
8.880000e-01 1.837120e+00 2.159511e+00 2.534410e+00 1.173556e+01 5.801874e+03 1.299427e+04 2.55016 3.610043e-01
8.870000e-01 1.837120e+00 2.161266e+00 2.536468e+00 1.174284e+01 5.824245e+03 1.298586e+04 2.5538 3.623237e-01
8.860000e-01 1.837120e+00 2.161407e+00 2.536522e+00 1.174588e+01 5.851780e+03 1.298255e+04 2.55611 3.643182e-01
8.850000e-01 1.837120e+00 2.163174e+00 2.538596e+00 1.175322e+01 5.874028e+03 1.297409e+04 2.55979 3.656317e-01
8.840000e-01 1.837120e+00 2.163323e+00 2.538660e+00 1.175630e+01 5.901436e+03 1.297078e+04 2.56212 3.676223e-01
8.830000e-01 1.837120e+00 2.165101e+00 2.540746e+00 1.176370e+01 5.923575e+03 1.296227e+04 2.56583 3.689291e-01
8.820000e-01 1.837120e+00 2.165256e+00 2.540820e+00 1.176681e+01 5.950822e+03 1.295896e+04 2.56818 3.709125e-01
8.810000e-01 1.837120e+00 2.167042e+00 2.542916e+00 1.177425e+01 5.972765e+03 1.295042e+04 2.57192 3.722076e-01
8.800000e-01 1.837120e+00 2.167195e+00 2.542987e+00 1.177737e+01 5.999755e+03 1.294712e+04 2.57425 3.741756e-01
8.790000e-01 1.837120e+00 2.168988e+00 2.545092e+00 1.178483e+01 6.021389e+03 1.293858e+04 2.57802 3.754542e-01
8.780000e-01 1.837120e+00 2.169135e+00 2.545155e+00 1.178795e+01 6.048092e+03 1.293531e+04 2.58032 3.774043e-01
8.770000e-01 1.837120e+00 2.170936e+00 2.547271e+00 1.179545e+01 6.069441e+03 1.292676e+04 2.58415 3.786686e-01
8.760000e-01 1.837120e+00 2.171079e+00 2.547329e+00 1.179857e+01 6.095888e+03 1.292350e+04 2.58643 3.806039e-01
8.750000e-01 1.837120e+00 2.172889e+00 2.549454e+00 1.180610e+01 6.116987e+03 1.291494e+04 2.59029 3.818554e-01
8.740000e-01 1.837120e+00 2.173032e+00 2.549512e+00 1.180925e+01 6.143234e+03 1.291169e+04 2.59257 3.837803e-01
8.730000e-01 1.837120e+00 2.174851e+00 2.551649e+00 1.181682e+01 6.164132e+03 1.290310e+04 2.59648 3.850211e-01
8.720000e-01 1.837120e+00 2.174989e+00 2.551701e+00 1.181997e+01 6.190138e+03 1.289986e+04 2.59873 3.869318e-01
8.710000e-01 1.837120e+00 2.176815e+00 2.553845e+00 1.182757e+01 6.210714e+03 1.289126e+04 2.60267 3.881553e-01
8.700000e-01 1.837120e+00 2.176940e+00 2.553880e+00 1.183071e+01 6.236404e+03 1.288806e+04 2.60488 3.900457e-01
8.690000e-01 1.837120e+00 2.178777e+00 2.556036e+00 1.183835e+01 6.256687e+03 1.287945e+04 2.60888 3.912556e-01
8.680000e-01 1.837120e+00 2.178902e+00 2.556069e+00 1.184152e+01 6.282230e+03 1.287624e+04 2.61109 3.931402e-01
8.670000e-01 1.837120e+00 2.180752e+00 2.558242e+00 1.184922e+01 6.302412e+03 1.286758e+04 2.61514 3.943452e-01
8.660000e-01 1.837120e+00 2.180883e+00 2.558283e+00 1.185242e+01 6.327854e+03 1.286437e+04 2.61737 3.962275e-01
8.650000e-01 1.837120e+00 2.182744e+00 2.560469e+00 1.186019e+01 6.347947e+03 1.285564e+04 2.62145 3.974269e-01
8.640000e-01 1.837120e+00 2.182880e+00 2.560519e+00 1.186341e+01 6.373261e+03 1.285243e+04 2.6237 3.993040e-01
8.630000e-01 1.837120e+00 2.184750e+00 2.562715e+00 1.187123e+01 6.393185e+03 1.284367e+04 2.62781 4.004933e-01
8.620000e-01 1.837120e+00 2.184883e+00 2.562762e+00 1.187446e+01 6.418286e+03 1.284047e+04 2.63004 4.023579e-01
8.610000e-01 1.837120e+00 2.186761e+00 2.564968e+00 1.188231e+01 6.437946e+03 1.283170e+04 2.63419 4.035330e-01
8.600000e-01 1.837120e+00 2.187806e+00 2.566145e+00 1.188794e+01 6.460137e+03 1.282562e+04 2.63743 4.050353e-01
8.590000e-01 1.837120e+00 2.187904e+00 2.566147e+00 1.189113e+01 6.484909e+03 1.282250e+04 2.6396 4.068851e-01
8.580000e-01 1.837120e+00 2.189829e+00 2.568411e+00 1.189910e+01 6.504184e+03 1.281363e+04 2.64386 4.080363e-01
8.570000e-01 1.837120e+00 2.189919e+00 2.568403e+00 1.190229e+01 6.528779e+03 1.281052e+04 2.646 4.098760e-01
8.560000e-01 1.837120e+00 2.191852e+00 2.570678e+00 1.191030e+01 6.547878e+03 1.280162e+04 2.6503 4.110180e-01
8.550000e-01 1.837120e+00 2.191941e+00 2.570668e+00 1.191350e+01 6.572293e+03 1.279852e+04 2.65243 4.128483e-01
8.540000e-01 1.837120e+00 2.193881e+00 2.572952e+00 1.192155e+01 6.591147e+03 1.278960e+04 2.65677 4.139766e-01
8.530000e-01 1.837120e+00 2.194890e+00 2.574080e+00 1.192717e+01 6.612582e+03 1.278360e+04 2.65999 4.154437e-01
8.520000e-01 1.837120e+00 2.195903e+00 2.575213e+00 1.193281e+01 6.633869e+03 1.277760e+04 2.66322 4.169035e-01
8.510000e-01 1.837120e+00 2.196919e+00 2.576349e+00 1.193847e+01 6.655098e+03 1.277158e+04 2.66647 4.183610e-01
8.500000e-01 1.837120e+00 2.197938e+00 2.577490e+00 1.194416e+01 6.676284e+03 1.276554e+04 2.66974 4.198168e-01
8.490000e-01 1.837120e+00 2.198962e+00 2.578635e+00 1.194987e+01 6.697431e+03 1.275948e+04 2.67302 4.212711e-01
8.480000e-01 1.837120e+00 2.199990e+00 2.579787e+00 1.195561e+01 6.718537e+03 1.275341e+04 2.67631 4.227238e-01
8.470000e-01 1.837120e+00 2.201021e+00 2.580943e+00 1.196137e+01 6.739596e+03 1.274731e+04 2.67961 4.241743e-01
8.460000e-01 1.837120e+00 2.202056e+00 2.582103e+00 1.196715e+01 6.760579e+03 1.274121e+04 2.68292 4.256208e-01
8.450000e-01 1.837120e+00 2.203093e+00 2.583266e+00 1.197294e+01 6.781470e+03 1.273511e+04 2.68624 4.270622e-01
8.440000e-01 1.837120e+00 2.204130e+00 2.584429e+00 1.197875e+01 6.802246e+03 1.272900e+04 2.68957 4.284972e-01
8.430000e-01 1.837120e+00 2.205167e+00 2.585593e+00 1.198456e+01 6.822917e+03 1.272288e+04 2.6929 4.299265e-01
8.420000e-01 1.837120e+00 2.206206e+00 2.586758e+00 1.199038e+01 6.843493e+03 1.271677e+04 2.69623 4.313506e-01
8.410000e-01 1.837120e+00 2.207246e+00 2.587925e+00 1.199622e+01 6.863972e+03 1.271064e+04 2.69958 4.327694e-01
8.400000e-01 1.837120e+00 2.208288e+00 2.589093e+00 1.200207e+01 6.884361e+03 1.270451e+04 2.70292 4.341835e-01
8.390000e-01 1.837120e+00 2.209331e+00 2.590264e+00 1.200794e+01 6.904674e+03 1.269837e+04 2.70628 4.355937e-01
8.380000e-01 1.837120e+00 2.210377e+00 2.591437e+00 1.201382e+01 6.924906e+03 1.269222e+04 2.70965 4.369995e-01
8.370000e-01 1.837120e+00 2.211422e+00 2.592609e+00 1.201971e+01 6.945021e+03 1.268607e+04 2.71301 4.383989e-01
8.360000e-01 1.837120e+00 2.212467e+00 2.593781e+00 1.202561e+01 6.965007e+03 1.267992e+04 2.71638 4.397909e-01
8.350000e-01 1.837120e+00 2.213511e+00 2.594950e+00 1.203152e+01 6.984863e+03 1.267377e+04 2.71975 4.411758e-01
8.340000e-01 1.837120e+00 2.214556e+00 2.596122e+00 1.203744e+01 7.004659e+03 1.266761e+04 2.72314 4.425580e-01
8.330000e-01 1.837120e+00 2.215605e+00 2.597297e+00 1.204339e+01 7.024416e+03 1.266142e+04 2.72653 4.439387e-01
8.320000e-01 1.837120e+00 2.216658e+00 2.598478e+00 1.204937e+01 7.044133e+03 1.265522e+04 2.72994 4.453180e-01
8.310000e-01 1.837120e+00 2.217716e+00 2.599664e+00 1.205537e+01 7.063815e+03 1.264899e+04 2.73336 4.466959e-01
8.300000e-01 1.837120e+00 2.218777e+00 2.600854e+00 1.206140e+01 7.083456e+03 1.264274e+04 2.7368 4.480721e-01
8.290000e-01 1.837120e+00 2.219841e+00 2.602050e+00 1.206745e+01 7.103039e+03 1.263649e+04 2.74024 4.494453e-01
8.280000e-01 1.837120e+00 2.220907e+00 2.603247e+00 1.207352e+01 7.122539e+03 1.263022e+04 2.7437 4.508140e-01
8.270000e-01 1.837120e+00 2.221974e+00 2.604445e+00 1.207959e+01 7.141942e+03 1.262394e+04 2.74715 4.521773e-01
8.260000e-01 1.837120e+00 2.223042e+00 2.605644e+00 1.208568e+01 7.161248e+03 1.261766e+04 2.75062 4.535352e-01
8.250000e-01 1.837120e+00 2.224111e+00 2.606845e+00 1.209178e+01 7.180474e+03 1.261138e+04 2.75409 4.548889e-01
8.240000e-01 1.837120e+00 2.225180e+00 2.608047e+00 1.209790e+01 7.199610e+03 1.260508e+04 2.75756 4.562377e-01
8.230000e-01 1.837120e+00 2.226251e+00 2.609250e+00 1.210403e+01 7.218663e+03 1.259877e+04 2.76104 4.575821e-01
8.220000e-01 1.837120e+00 2.227324e+00 2.610455e+00 1.211017e+01 7.237646e+03 1.259246e+04 2.76454 4.589230e-01
8.210000e-01 1.837120e+00 2.228399e+00 2.611663e+00 1.211634e+01 7.256551e+03 1.258613e+04 2.76803 4.602597e-01
8.200000e-01 1.837120e+00 2.229474e+00 2.612870e+00 1.212251e+01 7.275354e+03 1.257979e+04 2.77154 4.615907e-01
8.190000e-01 1.837120e+00 2.230548e+00 2.614076e+00 1.212869e+01 7.294037e+03 1.257346e+04 2.77504 4.629150e-01
8.180000e-01 1.837120e+00 2.231621e+00 2.615280e+00 1.213488e+01 7.312607e+03 1.256712e+04 2.77854 4.642329e-01
8.170000e-01 1.837120e+00 2.232696e+00 2.616486e+00 1.214110e+01 7.331126e+03 1.256076e+04 2.78206 4.655488e-01
8.160000e-01 1.837120e+00 2.233774e+00 2.617696e+00 1.214734e+01 7.349608e+03 1.255439e+04 2.78559 4.668633e-01
8.150000e-01 1.837120e+00 2.234856e+00 2.618911e+00 1.215360e+01 7.368052e+03 1.254798e+04 2.78913 4.681764e-01
8.140000e-01 1.837120e+00 2.235942e+00 2.620131e+00 1.215990e+01 7.386465e+03 1.254156e+04 2.79269 4.694883e-01
8.130000e-01 1.837120e+00 2.237032e+00 2.621355e+00 1.216622e+01 7.404836e+03 1.253511e+04 2.79625 4.707984e-01
8.120000e-01 1.837120e+00 2.238125e+00 2.622584e+00 1.217256e+01 7.423154e+03 1.252865e+04 2.79983 4.721056e-01
8.110000e-01 1.837120e+00 2.239219e+00 2.623814e+00 1.217891e+01 7.441394e+03 1.252218e+04 2.80342 4.734087e-01
8.100000e-01 1.837120e+00 2.240314e+00 2.625045e+00 1.218528e+01 7.459544e+03 1.251569e+04 2.80701 4.747067e-01
8.090000e-01 1.837120e+00 2.241409e+00 2.626277e+00 1.219166e+01 7.477610e+03 1.250920e+04 2.8106 4.760000e-01
8.080000e-01 1.837120e+00 2.242506e+00 2.627510e+00 1.219806e+01 7.495602e+03 1.250270e+04 2.8142 4.772895e-01
8.070000e-01 1.837120e+00 2.243604e+00 2.628745e+00 1.220448e+01 7.513515e+03 1.249618e+04 2.81781 4.785747e-01
8.060000e-01 1.837120e+00 2.244702e+00 2.629981e+00 1.221091e+01 7.531352e+03 1.248965e+04 2.82142 4.798559e-01
8.050000e-01 1.837120e+00 2.245803e+00 2.631218e+00 1.221736e+01 7.549123e+03 1.248311e+04 2.82504 4.811336e-01
8.040000e-01 1.837120e+00 2.246904e+00 2.632457e+00 1.222382e+01 7.566818e+03 1.247655e+04 2.82867 4.824073e-01
8.030000e-01 1.837120e+00 2.248006e+00 2.633695e+00 1.223030e+01 7.584410e+03 1.246999e+04 2.8323 4.836750e-01
8.020000e-01 1.837120e+00 2.249106e+00 2.634931e+00 1.223678e+01 7.601892e+03 1.246342e+04 2.83593 4.849365e-01
8.010000e-01 1.837120e+00 2.250206e+00 2.636166e+00 1.224328e+01 7.619285e+03 1.245684e+04 2.83957 4.861934e-01
8.000000e-01 1.837120e+00 2.251308e+00 2.637404e+00 1.224980e+01 7.636643e+03 1.245024e+04 2.84321 4.874491e-01
7.990000e-01 1.837120e+00 2.252414e+00 2.638647e+00 1.225635e+01 7.653968e+03 1.244361e+04 2.84687 4.887035e-01
7.980000e-01 1.837120e+00 2.253524e+00 2.639894e+00 1.226293e+01 7.671257e+03 1.243696e+04 2.85055 4.899564e-01
7.970000e-01 1.837120e+00 2.254680e+00 2.641202e+00 1.226963e+01 7.688479e+03 1.243018e+04 2.8543 4.911985e-01
7.960000e-01 1.837120e+00 2.255797e+00 2.642459e+00 1.227627e+01 7.705690e+03 1.242348e+04 2.858 4.924478e-01
7.950000e-01 1.837120e+00 2.256916e+00 2.643719e+00 1.228293e+01 7.722840e+03 1.241676e+04 2.8617 4.936939e-01
7.940000e-01 1.837120e+00 2.258036e+00 2.644979e+00 1.228960e+01 7.739914e+03 1.241003e+04 2.86541 4.949357e-01
7.930000e-01 1.837120e+00 2.259156e+00 2.646239e+00 1.229628e+01 7.756902e+03 1.240329e+04 2.86913 4.961728e-01
7.920000e-01 1.837120e+00 2.260277e+00 2.647501e+00 1.230298e+01 7.773823e+03 1.239653e+04 2.87285 4.974064e-01
7.910000e-01 1.837120e+00 2.261399e+00 2.648764e+00 1.230970e+01 7.790671e+03 1.238976e+04 2.87658 4.986360e-01
7.900000e-01 1.837120e+00 2.262522e+00 2.650028e+00 1.231644e+01 7.807443e+03 1.238298e+04 2.88031 4.998615e-01
7.890000e-01 1.837120e+00 2.263646e+00 2.651293e+00 1.232319e+01 7.824151e+03 1.237618e+04 2.88405 5.010837e-01
7.880000e-01 1.837120e+00 2.264771e+00 2.652560e+00 1.232997e+01 7.840789e+03 1.236936e+04 2.8878 5.023021e-01
7.870000e-01 1.837120e+00 2.265897e+00 2.653827e+00 1.233675e+01 7.857341e+03 1.236253e+04 2.89155 5.035157e-01
7.860000e-01 1.837120e+00 2.267021e+00 2.655091e+00 1.234355e+01 7.873790e+03 1.235570e+04 2.8953 5.047234e-01
7.850000e-01 1.837120e+00 2.268144e+00 2.656354e+00 1.235036e+01 7.890143e+03 1.234886e+04 2.89905 5.059259e-01
7.840000e-01 1.837120e+00 2.269270e+00 2.657620e+00 1.235719e+01 7.906453e+03 1.234199e+04 2.90282 5.071266e-01
7.830000e-01 1.837120e+00 2.270398e+00 2.658889e+00 1.236406e+01 7.922729e+03 1.233509e+04 2.90659 5.083260e-01
7.820000e-01 1.837120e+00 2.271530e+00 2.660161e+00 1.237095e+01 7.938965e+03 1.232817e+04 2.91038 5.095237e-01
7.810000e-01 1.837120e+00 2.272665e+00 2.661439e+00 1.237788e+01 7.955175e+03 1.232122e+04 2.91418 5.107204e-01
7.800000e-01 1.837120e+00 2.273803e+00 2.662721e+00 1.238483e+01 7.971344e+03 1.231424e+04 2.918 5.119152e-01
7.790000e-01 1.837120e+00 2.274943e+00 2.664005e+00 1.239181e+01 7.987456e+03 1.230724e+04 2.92182 5.131070e-01
7.780000e-01 1.837120e+00 2.276085e+00 2.665291e+00 1.239880e+01 8.003503e+03 1.230023e+04 2.92565 5.142951e-01
7.770000e-01 1.837120e+00 2.277226e+00 2.666577e+00 1.240581e+01 8.019463e+03 1.229320e+04 2.92948 5.154783e-01
7.760000e-01 1.837120e+00 2.278369e+00 2.667864e+00 1.241284e+01 8.035361e+03 1.228616e+04 2.93331 5.166581e-01
7.750000e-01 1.837120e+00 2.279512e+00 2.669152e+00 1.241989e+01 8.051195e+03 1.227910e+04 2.93716 5.178345e-01
7.740000e-01 1.837120e+00 2.280655e+00 2.670440e+00 1.242695e+01 8.066947e+03 1.227202e+04 2.941 5.190066e-01
7.730000e-01 1.837120e+00 2.281801e+00 2.671731e+00 1.243404e+01 8.082643e+03 1.226492e+04 2.94486 5.201755e-01
7.720000e-01 1.837120e+00 2.282946e+00 2.673021e+00 1.244114e+01 8.098274e+03 1.225780e+04 2.94872 5.213410e-01
7.710000e-01 1.837120e+00 2.284091e+00 2.674311e+00 1.244827e+01 8.113813e+03 1.225067e+04 2.95258 5.225014e-01
7.700000e-01 1.837120e+00 2.285236e+00 2.675601e+00 1.245540e+01 8.129267e+03 1.224354e+04 2.95645 5.236566e-01
7.690000e-01 1.837120e+00 2.286379e+00 2.676887e+00 1.246254e+01 8.144625e+03 1.223638e+04 2.96031 5.248069e-01
7.680000e-01 1.837120e+00 2.287524e+00 2.678175e+00 1.246972e+01 8.159930e+03 1.222921e+04 2.96419 5.259547e-01
7.670000e-01 1.837120e+00 2.288673e+00 2.679469e+00 1.247692e+01 8.175220e+03 1.222200e+04 2.96808 5.271021e-01
7.660000e-01 1.837120e+00 2.289822e+00 2.680763e+00 1.248416e+01 8.190454e+03 1.221477e+04 2.97198 5.282470e-01
7.650000e-01 1.837120e+00 2.290976e+00 2.682063e+00 1.249143e+01 8.205660e+03 1.220750e+04 2.97589 5.293908e-01
7.640000e-01 1.837120e+00 2.292134e+00 2.683369e+00 1.249873e+01 8.220841e+03 1.220021e+04 2.97981 5.305333e-01
7.630000e-01 1.837120e+00 2.293292e+00 2.684674e+00 1.250605e+01 8.235948e+03 1.219289e+04 2.98374 5.316720e-01
7.620000e-01 1.837120e+00 2.294450e+00 2.685981e+00 1.251340e+01 8.250991e+03 1.218555e+04 2.98768 5.328071e-01
7.610000e-01 1.837120e+00 2.295611e+00 2.687291e+00 1.252076e+01 8.265968e+03 1.217820e+04 2.99162 5.339382e-01
7.600000e-01 1.837120e+00 2.296770e+00 2.688598e+00 1.252814e+01 8.280867e+03 1.217083e+04 2.99557 5.350654e-01
7.590000e-01 1.837120e+00 2.297930e+00 2.689906e+00 1.253555e+01 8.295708e+03 1.216344e+04 2.99952 5.361894e-01
7.580000e-01 1.837120e+00 2.299092e+00 2.691218e+00 1.254297e+01 8.310482e+03 1.215603e+04 3.00347 5.373096e-01
7.570000e-01 1.837120e+00 2.300254e+00 2.692528e+00 1.255042e+01 8.325184e+03 1.214860e+04 3.00744 5.384261e-01
7.560000e-01 1.837120e+00 2.301416e+00 2.693839e+00 1.255789e+01 8.339824e+03 1.214115e+04 3.0114 5.395394e-01
7.550000e-01 1.837120e+00 2.302577e+00 2.695150e+00 1.256538e+01 8.354376e+03 1.213369e+04 3.01537 5.406474e-01
7.540000e-01 1.837120e+00 2.303738e+00 2.696459e+00 1.257288e+01 8.368838e+03 1.212622e+04 3.01935 5.417505e-01
7.530000e-01 1.837120e+00 2.304897e+00 2.697766e+00 1.258039e+01 8.383218e+03 1.211873e+04 3.02332 5.428493e-01
7.520000e-01 1.837120e+00 2.306058e+00 2.699074e+00 1.258794e+01 8.397554e+03 1.211122e+04 3.02731 5.439462e-01
7.510000e-01 1.837120e+00 2.307223e+00 2.700389e+00 1.259553e+01 8.411865e+03 1.210367e+04 3.03131 5.450423e-01
7.500000e-01 1.837120e+00 2.308390e+00 2.701706e+00 1.260314e+01 8.426131e+03 1.209609e+04 3.03532 5.461363e-01
7.490000e-01 1.837120e+00 2.309559e+00 2.703026e+00 1.261080e+01 8.440358e+03 1.208848e+04 3.03934 5.472286e-01
7.480000e-01 1.837120e+00 2.310772e+00 2.704404e+00 1.261858e+01 8.454517e+03 1.208073e+04 3.04343 5.483085e-01
7.470000e-01 1.837120e+00 2.311947e+00 2.705732e+00 1.262629e+01 8.468642e+03 1.207307e+04 3.04747 5.493951e-01
7.460000e-01 1.837120e+00 2.313120e+00 2.707058e+00 1.263402e+01 8.482693e+03 1.206538e+04 3.05151 5.504777e-01
7.450000e-01 1.837120e+00 2.314293e+00 2.708384e+00 1.264177e+01 8.496676e+03 1.205768e+04 3.05556 5.515565e-01
7.440000e-01 1.837120e+00 2.315467e+00 2.709711e+00 1.264955e+01 8.510598e+03 1.204996e+04 3.05961 5.526321e-01
7.430000e-01 1.837120e+00 2.316641e+00 2.711040e+00 1.265735e+01 8.524456e+03 1.204221e+04 3.06367 5.537042e-01
7.420000e-01 1.837120e+00 2.317816e+00 2.712368e+00 1.266517e+01 8.538243e+03 1.203444e+04 3.06773 5.547725e-01
7.410000e-01 1.837120e+00 2.318990e+00 2.713696e+00 1.267302e+01 8.551968e+03 1.202665e+04 3.0718 5.558373e-01
7.400000e-01 1.837120e+00 2.320165e+00 2.715024e+00 1.268088e+01 8.565620e+03 1.201884e+04 3.07586 5.568980e-01
7.390000e-01 1.837120e+00 2.321337e+00 2.716350e+00 1.268877e+01 8.579177e+03 1.201102e+04 3.07993 5.579532e-01
7.380000e-01 1.837120e+00 2.322509e+00 2.717674e+00 1.269667e+01 8.592657e+03 1.200318e+04 3.08401 5.590043e-01
7.370000e-01 1.837120e+00 2.323680e+00 2.718998e+00 1.270459e+01 8.606074e+03 1.199532e+04 3.08808 5.600521e-01
7.360000e-01 1.837120e+00 2.324853e+00 2.720323e+00 1.271256e+01 8.619457e+03 1.198742e+04 3.09217 5.610985e-01
7.350000e-01 1.837120e+00 2.326029e+00 2.721653e+00 1.272056e+01 8.632806e+03 1.197948e+04 3.09626 5.621432e-01
7.340000e-01 1.837120e+00 2.327208e+00 2.722986e+00 1.272860e+01 8.646114e+03 1.197150e+04 3.10037 5.631861e-01
7.330000e-01 1.837120e+00 2.328388e+00 2.724321e+00 1.273667e+01 8.659385e+03 1.196349e+04 3.10449 5.642270e-01
7.320000e-01 1.837120e+00 2.329569e+00 2.725658e+00 1.274477e+01 8.672600e+03 1.195545e+04 3.10861 5.652647e-01
7.310000e-01 1.837120e+00 2.330749e+00 2.726994e+00 1.275290e+01 8.685745e+03 1.194738e+04 3.11273 5.662982e-01
7.300000e-01 1.837120e+00 2.331929e+00 2.728331e+00 1.276105e+01 8.698824e+03 1.193930e+04 3.11686 5.673279e-01
7.290000e-01 1.837120e+00 2.333110e+00 2.729667e+00 1.276922e+01 8.711842e+03 1.193118e+04 3.12099 5.683542e-01
7.280000e-01 1.837120e+00 2.334290e+00 2.731003e+00 1.277742e+01 8.724799e+03 1.192303e+04 3.12512 5.693769e-01
7.270000e-01 1.837120e+00 2.335469e+00 2.732338e+00 1.278565e+01 8.737686e+03 1.191487e+04 3.12925 5.703955e-01
7.260000e-01 1.837120e+00 2.336648e+00 2.733673e+00 1.279390e+01 8.750510e+03 1.190667e+04 3.13339 5.714105e-01
7.250000e-01 1.837120e+00 2.337827e+00 2.735007e+00 1.280217e+01 8.763269e+03 1.189844e+04 3.13753 5.724218e-01
7.240000e-01 1.837120e+00 2.339003e+00 2.736338e+00 1.281046e+01 8.775940e+03 1.189020e+04 3.14166 5.734276e-01
7.230000e-01 1.837120e+00 2.340177e+00 2.737666e+00 1.281877e+01 8.788527e+03 1.188194e+04 3.14579 5.744286e-01
7.220000e-01 1.837120e+00 2.341350e+00 2.738992e+00 1.282711e+01 8.801048e+03 1.187365e+04 3.14993 5.754259e-01
7.210000e-01 1.837120e+00 2.342524e+00 2.740320e+00 1.283548e+01 8.813538e+03 1.186532e+04 3.15407 5.764218e-01
7.200000e-01 1.837120e+00 2.343700e+00 2.741650e+00 1.284390e+01 8.825988e+03 1.185694e+04 3.15822 5.774157e-01
7.190000e-01 1.837120e+00 2.344878e+00 2.742983e+00 1.285235e+01 8.838394e+03 1.184852e+04 3.16238 5.784072e-01
7.180000e-01 1.837120e+00 2.346057e+00 2.744317e+00 1.286085e+01 8.850765e+03 1.184006e+04 3.16654 5.793966e-01
7.170000e-01 1.837120e+00 2.347236e+00 2.745653e+00 1.286937e+01 8.863082e+03 1.183157e+04 3.17071 5.803829e-01
7.160000e-01 1.837120e+00 2.348415e+00 2.746987e+00 1.287792e+01 8.875329e+03 1.182305e+04 3.17487 5.813648e-01
7.150000e-01 1.837120e+00 2.349592e+00 2.748320e+00 1.288650e+01 8.887508e+03 1.181450e+04 3.17904 5.823426e-01
7.140000e-01 1.837120e+00 2.350769e+00 2.749653e+00 1.289510e+01 8.899629e+03 1.180592e+04 3.18321 5.833170e-01
7.130000e-01 1.837120e+00 2.351945e+00 2.750985e+00 1.290373e+01 8.911689e+03 1.179730e+04 3.18738 5.842877e-01
7.120000e-01 1.837120e+00 2.353120e+00 2.752316e+00 1.291239e+01 8.923678e+03 1.178866e+04 3.19155 5.852542e-01
7.110000e-01 1.837120e+00 2.354294e+00 2.753645e+00 1.292108e+01 8.935603e+03 1.177998e+04 3.19572 5.862168e-01
7.100000e-01 1.837120e+00 2.355505e+00 2.755024e+00 1.292989e+01 8.947430e+03 1.177118e+04 3.19994 5.871644e-01
7.090000e-01 1.837120e+00 2.356677e+00 2.756350e+00 1.293863e+01 8.959198e+03 1.176245e+04 3.20411 5.881172e-01
7.080000e-01 1.837120e+00 2.357844e+00 2.757671e+00 1.294738e+01 8.970883e+03 1.175370e+04 3.20827 5.890654e-01
7.070000e-01 1.837120e+00 2.359010e+00 2.758991e+00 1.295616e+01 8.982507e+03 1.174492e+04 3.21244 5.900101e-01
7.060000e-01 1.837120e+00 2.360178e+00 2.760311e+00 1.296499e+01 8.994093e+03 1.173609e+04 3.21661 5.909532e-01
7.050000e-01 1.837120e+00 2.361346e+00 2.761634e+00 1.297386e+01 9.005638e+03 1.172722e+04 3.22078 5.918940e-01
7.040000e-01 1.837120e+00 2.362516e+00 2.762959e+00 1.298278e+01 9.017135e+03 1.171830e+04 3.22497 5.928322e-01
7.030000e-01 1.837120e+00 2.363686e+00 2.764285e+00 1.299173e+01 9.028594e+03 1.170934e+04 3.22915 5.937680e-01
7.020000e-01 1.837120e+00 2.364856e+00 2.765610e+00 1.300072e+01 9.039987e+03 1.170035e+04 3.23335 5.947001e-01
7.010000e-01 1.837120e+00 2.366024e+00 2.766935e+00 1.300974e+01 9.051312e+03 1.169133e+04 3.23754 5.956279e-01
7.000000e-01 1.837120e+00 2.367192e+00 2.768260e+00 1.301878e+01 9.062572e+03 1.168227e+04 3.24173 5.965518e-01
6.990000e-01 1.837120e+00 2.368357e+00 2.769580e+00 1.302787e+01 9.073764e+03 1.167318e+04 3.24591 5.974719e-01
6.980000e-01 1.837120e+00 2.369522e+00 2.770901e+00 1.303698e+01 9.084898e+03 1.166406e+04 3.2501 5.983882e-01
6.970000e-01 1.837120e+00 2.370684e+00 2.772221e+00 1.304612e+01 9.095959e+03 1.165490e+04 3.25429 5.993001e-01
6.960000e-01 1.837120e+00 2.371846e+00 2.773538e+00 1.305529e+01 9.106955e+03 1.164571e+04 3.25847 6.002081e-01
6.950000e-01 1.837120e+00 2.373004e+00 2.774850e+00 1.306449e+01 9.117874e+03 1.163649e+04 3.26265 6.011111e-01
6.940000e-01 1.837120e+00 2.374159e+00 2.776160e+00 1.307371e+01 9.128707e+03 1.162724e+04 3.26682 6.020088e-01
6.930000e-01 1.837120e+00 2.375310e+00 2.777464e+00 1.308296e+01 9.139460e+03 1.161797e+04 3.27099 6.029015e-01
6.920000e-01 1.837120e+00 2.376461e+00 2.778768e+00 1.309224e+01 9.150164e+03 1.160865e+04 3.27516 6.037916e-01
6.910000e-01 1.837120e+00 2.377611e+00 2.780070e+00 1.310157e+01 9.160824e+03 1.159927e+04 3.27933 6.046790e-01
6.900000e-01 1.837120e+00 2.378761e+00 2.781374e+00 1.311095e+01 9.171438e+03 1.158985e+04 3.2835 6.055636e-01
6.890000e-01 1.837120e+00 2.379912e+00 2.782679e+00 1.312038e+01 9.182008e+03 1.158038e+04 3.28767 6.064455e-01
6.880000e-01 1.837120e+00 2.381062e+00 2.783983e+00 1.312984e+01 9.192529e+03 1.157085e+04 3.29185 6.073241e-01
6.870000e-01 1.837120e+00 2.382209e+00 2.785284e+00 1.313934e+01 9.202978e+03 1.156129e+04 3.29601 6.081981e-01
6.860000e-01 1.837120e+00 2.383354e+00 2.786583e+00 1.314887e+01 9.213359e+03 1.155169e+04 3.30018 6.090673e-01
6.850000e-01 1.837120e+00 2.384497e+00 2.787880e+00 1.315844e+01 9.223677e+03 1.154205e+04 3.30433 6.099326e-01
6.840000e-01 1.837120e+00 2.385637e+00 2.789174e+00 1.316804e+01 9.233931e+03 1.153237e+04 3.30849 6.107939e-01
6.830000e-01 1.837120e+00 2.386776e+00 2.790466e+00 1.317767e+01 9.244119e+03 1.152265e+04 3.31264 6.116508e-01
6.820000e-01 1.837120e+00 2.387910e+00 2.791753e+00 1.318734e+01 9.254232e+03 1.151289e+04 3.31678 6.125027e-01
6.810000e-01 1.837120e+00 2.389078e+00 2.793085e+00 1.319713e+01 9.264245e+03 1.150299e+04 3.32096 6.133391e-01
6.800000e-01 1.837120e+00 2.390208e+00 2.794367e+00 1.320686e+01 9.274205e+03 1.149316e+04 3.32509 6.141807e-01
6.790000e-01 1.837120e+00 2.391332e+00 2.795640e+00 1.321661e+01 9.284079e+03 1.148330e+04 3.32921 6.150172e-01
6.780000e-01 1.837120e+00 2.392453e+00 2.796910e+00 1.322639e+01 9.293884e+03 1.147340e+04 3.33332 6.158493e-01
6.770000e-01 1.837120e+00 2.393572e+00 2.798178e+00 1.323623e+01 9.303648e+03 1.146344e+04 3.33743 6.166790e-01
6.760000e-01 1.837120e+00 2.394691e+00 2.799448e+00 1.324612e+01 9.313368e+03 1.145343e+04 3.34153 6.175056e-01
6.750000e-01 1.837120e+00 2.395808e+00 2.800714e+00 1.325606e+01 9.323028e+03 1.144335e+04 3.34564 6.183284e-01
6.740000e-01 1.837120e+00 2.396924e+00 2.801980e+00 1.326605e+01 9.332645e+03 1.143322e+04 3.34974 6.191481e-01
6.730000e-01 1.837120e+00 2.398037e+00 2.803243e+00 1.327607e+01 9.342194e+03 1.142304e+04 3.35383 6.199630e-01
6.720000e-01 1.837120e+00 2.399147e+00 2.804503e+00 1.328613e+01 9.351668e+03 1.141283e+04 3.35792 6.207730e-01
6.710000e-01 1.837120e+00 2.400253e+00 2.805759e+00 1.329623e+01 9.361075e+03 1.140257e+04 3.36199 6.215784e-01
6.700000e-01 1.837120e+00 2.401356e+00 2.807011e+00 1.330637e+01 9.370420e+03 1.139226e+04 3.36606 6.223795e-01
6.690000e-01 1.837120e+00 2.402457e+00 2.808260e+00 1.331655e+01 9.379691e+03 1.138191e+04 3.37013 6.231761e-01
6.680000e-01 1.837120e+00 2.403553e+00 2.809505e+00 1.332676e+01 9.388884e+03 1.137153e+04 3.37418 6.239676e-01
6.670000e-01 1.837120e+00 2.404647e+00 2.810748e+00 1.333701e+01 9.398011e+03 1.136110e+04 3.37823 6.247548e-01
6.660000e-01 1.837120e+00 2.405735e+00 2.811983e+00 1.334730e+01 9.407048e+03 1.135064e+04 3.38226 6.255363e-01
6.650000e-01 1.837120e+00 2.406818e+00 2.813212e+00 1.335761e+01 9.415995e+03 1.134014e+04 3.38629 6.263120e-01
6.640000e-01 1.837120e+00 2.407897e+00 2.814436e+00 1.336796e+01 9.424867e+03 1.132961e+04 3.3903 6.270828e-01
6.630000e-01 1.837120e+00 2.408974e+00 2.815659e+00 1.337836e+01 9.433690e+03 1.131902e+04 3.39431 6.278509e-01
6.620000e-01 1.837120e+00 2.410049e+00 2.816879e+00 1.338883e+01 9.442461e+03 1.130836e+04 3.39832 6.286157e-01
6.610000e-01 1.837120e+00 2.411121e+00 2.818097e+00 1.339934e+01 9.451173e+03 1.129764e+04 3.40232 6.293760e-01
6.600000e-01 1.837120e+00 2.412190e+00 2.819313e+00 1.340991e+01 9.459834e+03 1.128686e+04 3.40631 6.301328e-01
6.590000e-01 1.837120e+00 2.413289e+00 2.820569e+00 1.342063e+01 9.468389e+03 1.127593e+04 3.41034 6.308733e-01
6.580000e-01 1.837120e+00 2.414352e+00 2.821779e+00 1.343129e+01 9.476902e+03 1.126505e+04 3.41431 6.316192e-01
6.570000e-01 1.837120e+00 2.415409e+00 2.822980e+00 1.344198e+01 9.485345e+03 1.125412e+04 3.41826 6.323602e-01
6.560000e-01 1.837120e+00 2.416462e+00 2.824177e+00 1.345273e+01 9.493724e+03 1.124313e+04 3.4222 6.330966e-01
6.550000e-01 1.837120e+00 2.417509e+00 2.825367e+00 1.346352e+01 9.502029e+03 1.123210e+04 3.42613 6.338274e-01
6.540000e-01 1.837120e+00 2.418550e+00 2.826552e+00 1.347434e+01 9.510257e+03 1.122101e+04 3.43003 6.345525e-01
6.530000e-01 1.837120e+00 2.419586e+00 2.827729e+00 1.348521e+01 9.518412e+03 1.120987e+04 3.43392 6.352722e-01
6.520000e-01 1.837120e+00 2.420616e+00 2.828899e+00 1.349611e+01 9.526480e+03 1.119869e+04 3.43779 6.359857e-01
6.510000e-01 1.837120e+00 2.421638e+00 2.830060e+00 1.350704e+01 9.534457e+03 1.118747e+04 3.44164 6.366927e-01
6.500000e-01 1.837120e+00 2.422655e+00 2.831213e+00 1.351801e+01 9.542357e+03 1.117620e+04 3.44547 6.373946e-01
6.490000e-01 1.837120e+00 2.423668e+00 2.832364e+00 1.352905e+01 9.550206e+03 1.116486e+04 3.44929 6.380929e-01
6.480000e-01 1.837120e+00 2.424678e+00 2.833511e+00 1.354015e+01 9.557997e+03 1.115345e+04 3.45311 6.387870e-01
6.470000e-01 1.837120e+00 2.425684e+00 2.834655e+00 1.355131e+01 9.565723e+03 1.114197e+04 3.45691 6.394765e-01
6.460000e-01 1.837120e+00 2.426686e+00 2.835794e+00 1.356253e+01 9.573392e+03 1.113043e+04 3.4607 6.401616e-01
6.450000e-01 1.837120e+00 2.427683e+00 2.836928e+00 1.357380e+01 9.580984e+03 1.111883e+04 3.46447 6.408409e-01
6.440000e-01 1.837120e+00 2.428673e+00 2.838055e+00 1.358511e+01 9.588498e+03 1.110718e+04 3.46822 6.415145e-01
6.430000e-01 1.837120e+00 2.429658e+00 2.839176e+00 1.359647e+01 9.595937e+03 1.109547e+04 3.47196 6.421826e-01
6.420000e-01 1.837120e+00 2.430637e+00 2.840290e+00 1.360789e+01 9.603306e+03 1.108370e+04 3.47567 6.428453e-01
6.410000e-01 1.837120e+00 2.431609e+00 2.841397e+00 1.361935e+01 9.610597e+03 1.107188e+04 3.47936 6.435022e-01
6.400000e-01 1.837120e+00 2.432605e+00 2.842536e+00 1.363094e+01 9.617769e+03 1.105990e+04 3.48307 6.441412e-01
6.390000e-01 1.837120e+00 2.433564e+00 2.843627e+00 1.364250e+01 9.624899e+03 1.104795e+04 3.48672 6.447850e-01
6.380000e-01 1.837120e+00 2.434513e+00 2.844705e+00 1.365408e+01 9.631936e+03 1.103596e+04 3.49033 6.454216e-01
6.370000e-01 1.837120e+00 2.435453e+00 2.845773e+00 1.366570e+01 9.638883e+03 1.102393e+04 3.49392 6.460516e-01
6.360000e-01 1.837120e+00 2.436386e+00 2.846832e+00 1.367738e+01 9.645760e+03 1.101182e+04 3.49748 6.466759e-01
6.350000e-01 1.837120e+00 2.437313e+00 2.847885e+00 1.368913e+01 9.652580e+03 1.099963e+04 3.50102 6.472956e-01
6.340000e-01 1.837120e+00 2.438234e+00 2.848931e+00 1.370095e+01 9.659335e+03 1.098736e+04 3.50454 6.479098e-01
6.330000e-01 1.837120e+00 2.439149e+00 2.849971e+00 1.371283e+01 9.666023e+03 1.097501e+04 3.50803 6.485183e-01
6.320000e-01 1.837120e+00 2.440057e+00 2.851004e+00 1.372477e+01 9.672643e+03 1.096259e+04 3.51151 6.491211e-01
6.310000e-01 1.837120e+00 2.440958e+00 2.852028e+00 1.373677e+01 9.679179e+03 1.095010e+04 3.51495 6.497170e-01
6.300000e-01 1.837120e+00 2.441850e+00 2.853042e+00 1.374881e+01 9.685634e+03 1.093756e+04 3.51836 6.503065e-01
6.290000e-01 1.837120e+00 2.442735e+00 2.854049e+00 1.376092e+01 9.692015e+03 1.092494e+04 3.52175 6.508899e-01
6.280000e-01 1.837120e+00 2.443612e+00 2.855047e+00 1.377308e+01 9.698315e+03 1.091226e+04 3.52512 6.514673e-01
6.270000e-01 1.837120e+00 2.444481e+00 2.856036e+00 1.378530e+01 9.704527e+03 1.089952e+04 3.52846 6.520380e-01
6.260000e-01 1.837120e+00 2.445342e+00 2.857016e+00 1.379756e+01 9.710656e+03 1.088673e+04 3.53177 6.526021e-01
6.250000e-01 1.837120e+00 2.446194e+00 2.857984e+00 1.380988e+01 9.716693e+03 1.087388e+04 3.53505 6.531592e-01
6.240000e-01 1.837120e+00 2.447065e+00 2.858979e+00 1.382232e+01 9.722589e+03 1.086088e+04 3.53833 6.536977e-01
6.230000e-01 1.837120e+00 2.447899e+00 2.859927e+00 1.383473e+01 9.728436e+03 1.084793e+04 3.54155 6.542402e-01
6.220000e-01 1.837120e+00 2.448724e+00 2.860865e+00 1.384722e+01 9.734220e+03 1.083488e+04 3.54475 6.547778e-01
6.210000e-01 1.837120e+00 2.449542e+00 2.861795e+00 1.385978e+01 9.739933e+03 1.082175e+04 3.54791 6.553095e-01
6.200000e-01 1.837120e+00 2.450352e+00 2.862717e+00 1.387242e+01 9.745570e+03 1.080853e+04 3.55105 6.558349e-01
6.190000e-01 1.837120e+00 2.451154e+00 2.863630e+00 1.388513e+01 9.751137e+03 1.079523e+04 3.55416 6.563540e-01
6.180000e-01 1.837120e+00 2.451947e+00 2.864534e+00 1.389791e+01 9.756617e+03 1.078186e+04 3.55723 6.568660e-01
6.170000e-01 1.837120e+00 2.452730e+00 2.865426e+00 1.391074e+01 9.762010e+03 1.076843e+04 3.56028 6.573708e-01
6.160000e-01 1.837120e+00 2.453505e+00 2.866309e+00 1.392364e+01 9.767320e+03 1.075492e+04 3.56328 6.578690e-01
6.150000e-01 1.837120e+00 2.454269e+00 2.867181e+00 1.393660e+01 9.772549e+03 1.074134e+04 3.56626 6.583601e-01
6.140000e-01 1.837120e+00 2.455022e+00 2.868038e+00 1.394962e+01 9.777687e+03 1.072768e+04 3.56919 6.588430e-01
6.130000e-01 1.837120e+00 2.455764e+00 2.868884e+00 1.396270e+01 9.782736e+03 1.071396e+04 3.57208 6.593181e-01
6.120000e-01 1.837120e+00 2.456495e+00 2.869717e+00 1.397584e+01 9.787694e+03 1.070016e+04 3.57493 6.597857e-01
6.110000e-01 1.837120e+00 2.457213e+00 2.870534e+00 1.398902e+01 9.792548e+03 1.068631e+04 3.57773 6.602445e-01
6.100000e-01 1.837120e+00 2.457946e+00 2.871371e+00 1.400234e+01 9.797263e+03 1.067230e+04 3.58052 6.606837e-01
6.090000e-01 1.837120e+00 2.458642e+00 2.872162e+00 1.401566e+01 9.801946e+03 1.065828e+04 3.58324 6.611267e-01
6.080000e-01 1.837120e+00 2.459325e+00 2.872938e+00 1.402907e+01 9.806555e+03 1.064416e+04 3.58591 6.615627e-01
6.070000e-01 1.837120e+00 2.459998e+00 2.873703e+00 1.404256e+01 9.811082e+03 1.062994e+04 3.58853 6.619906e-01
6.060000e-01 1.837120e+00 2.460659e+00 2.874454e+00 1.405613e+01 9.815530e+03 1.061562e+04 3.59111 6.624108e-01
6.050000e-01 1.837120e+00 2.461308e+00 2.875192e+00 1.406978e+01 9.819889e+03 1.060121e+04 3.59365 6.628225e-01
6.040000e-01 1.837120e+00 2.461944e+00 2.875916e+00 1.408349e+01 9.824157e+03 1.058673e+04 3.59613 6.632256e-01
6.030000e-01 1.837120e+00 2.462568e+00 2.876626e+00 1.409727e+01 9.828332e+03 1.057216e+04 3.59856 6.636205e-01
6.020000e-01 1.837120e+00 2.463182e+00 2.877325e+00 1.411113e+01 9.832419e+03 1.055751e+04 3.60096 6.640083e-01
6.010000e-01 1.837120e+00 2.463785e+00 2.878012e+00 1.412507e+01 9.836411e+03 1.054280e+04 3.60333 6.643884e-01
6.000000e-01 1.837120e+00 2.461500e+00 2.875444e+00 1.412959e+01 9.848259e+03 1.053894e+04 3.60082 6.659614e-01
5.990000e-01 1.837120e+00 2.464969e+00 2.879363e+00 1.415319e+01 9.844073e+03 1.051310e+04 3.60794 6.651172e-01
5.980000e-01 1.837120e+00 2.462608e+00 2.876706e+00 1.415767e+01 9.855828e+03 1.050925e+04 3.60525 6.666914e-01
5.970000e-01 1.837120e+00 2.466089e+00 2.880637e+00 1.418148e+01 9.851344e+03 1.048324e+04 3.61236 6.658197e-01
5.960000e-01 1.837120e+00 2.463665e+00 2.877910e+00 1.418596e+01 9.863016e+03 1.047936e+04 3.60952 6.673951e-01
5.950000e-01 1.837120e+00 2.467156e+00 2.881851e+00 1.421014e+01 9.858257e+03 1.045299e+04 3.61659 6.664906e-01
5.940000e-01 1.837120e+00 2.464677e+00 2.879067e+00 1.421465e+01 9.869863e+03 1.044906e+04 3.61362 6.680684e-01
5.930000e-01 1.837120e+00 2.468196e+00 2.883043e+00 1.423927e+01 9.864778e+03 1.042222e+04 3.62065 6.671166e-01
5.920000e-01 1.837120e+00 2.465643e+00 2.880173e+00 1.424375e+01 9.876322e+03 1.041829e+04 3.6175 6.686984e-01
5.910000e-01 1.837120e+00 2.469153e+00 2.884133e+00 1.426865e+01 9.870959e+03 1.039115e+04 3.62443 6.677143e-01
5.900000e-01 1.837120e+00 2.466533e+00 2.881190e+00 1.427312e+01 9.882419e+03 1.038720e+04 3.6211 6.692951e-01
5.890000e-01 1.837120e+00 2.470045e+00 2.885149e+00 1.429837e+01 9.876754e+03 1.035970e+04 3.62795 6.682725e-01
5.880000e-01 1.837120e+00 2.467351e+00 2.882121e+00 1.430282e+01 9.888130e+03 1.035571e+04 3.62443 6.698529e-01
5.870000e-01 1.837120e+00 2.470875e+00 2.886094e+00 1.432840e+01 9.882153e+03 1.032788e+04 3.63122 6.687908e-01
5.860000e-01 1.837120e+00 2.468099e+00 2.882972e+00 1.433283e+01 9.893437e+03 1.032387e+04 3.62748 6.703699e-01
5.850000e-01 1.837120e+00 2.471639e+00 2.886958e+00 1.435871e+01 9.887116e+03 1.029575e+04 3.63424 6.692681e-01
5.840000e-01 1.837120e+00 2.468793e+00 2.883756e+00 1.436312e+01 9.898295e+03 1.029172e+04 3.63031 6.708451e-01
5.830000e-01 1.837120e+00 2.472373e+00 2.887794e+00 1.438945e+01 9.891623e+03 1.026322e+04 3.63709 6.697003e-01
5.820000e-01 1.837120e+00 2.469459e+00 2.884517e+00 1.439386e+01 9.902754e+03 1.025918e+04 3.63302 6.712857e-01
5.810000e-01 1.837120e+00 2.473031e+00 2.888544e+00 1.442056e+01 9.895788e+03 1.023035e+04 3.63972 6.701101e-01
5.800000e-01 1.837120e+00 2.470062e+00 2.885210e+00 1.442500e+01 9.906845e+03 1.022628e+04 3.63552 6.716971e-01
5.790000e-01 1.837120e+00 2.473629e+00 2.889228e+00 1.445209e+01 9.899550e+03 1.019708e+04 3.64212 6.704825e-01
5.780000e-01 1.837120e+00 2.470587e+00 2.885812e+00 1.445652e+01 9.910518e+03 1.019298e+04 3.63773 6.720690e-01
5.770000e-01 1.837120e+00 2.474162e+00 2.889839e+00 1.448398e+01 9.902903e+03 1.016344e+04 3.64425 6.708138e-01
5.760000e-01 1.837120e+00 2.471036e+00 2.886327e+00 1.448840e+01 9.913793e+03 1.015930e+04 3.63964 6.724005e-01
5.750000e-01 1.837120e+00 2.474617e+00 2.890357e+00 1.451627e+01 9.905820e+03 1.012936e+04 3.64607 6.710988e-01
5.740000e-01 1.837120e+00 2.471417e+00 2.886764e+00 1.452067e+01 9.916623e+03 1.012519e+04 3.64126 6.726835e-01
5.730000e-01 1.837120e+00 2.475020e+00 2.890816e+00 1.454899e+01 9.908248e+03 1.009482e+04 3.6476 6.713263e-01
5.720000e-01 1.837120e+00 2.471720e+00 2.887102e+00 1.455332e+01 9.918958e+03 1.009066e+04 3.64253 6.729112e-01
5.710000e-01 1.837120e+00 2.475330e+00 2.891164e+00 1.458195e+01 9.910276e+03 1.006006e+04 3.64883 6.715217e-01
5.700000e-01 1.837120e+00 2.471957e+00 2.887370e+00 1.458630e+01 9.920920e+03 1.005586e+04 3.64358 6.731099e-01
5.690000e-01 1.837120e+00 2.475574e+00 2.891438e+00 1.461543e+01 9.911876e+03 1.002483e+04 3.64981 6.716783e-01
5.680000e-01 1.837120e+00 2.475676e+00 2.891556e+00 1.463234e+01 9.912529e+03 1.000707e+04 3.65023 6.717453e-01
5.670000e-01 1.837120e+00 2.475761e+00 2.891653e+00 1.464939e+01 9.913058e+03 9.989198e+03 3.65059 6.718000e-01
5.660000e-01 1.837120e+00 2.475856e+00 2.891768e+00 1.466662e+01 9.913431e+03 9.971158e+03 3.65092 6.718346e-01
5.650000e-01 1.837120e+00 2.475909e+00 2.891831e+00 1.468388e+01 9.913744e+03 9.953101e+03 3.65114 6.718678e-01
5.640000e-01 1.837120e+00 2.475936e+00 2.891862e+00 1.470126e+01 9.913935e+03 9.934910e+03 3.65125 6.718874e-01
5.630000e-01 1.837120e+00 2.475946e+00 2.891874e+00 1.471874e+01 9.914018e+03 9.916626e+03 3.6513 6.718955e-01
5.620000e-01 1.837120e+00 2.475935e+00 2.891861e+00 1.473632e+01 9.913989e+03 9.898245e+03 3.65125 6.718912e-01
5.629007e-01 1.837120e+00 2.476298e+00 2.892330e+00 1.472192e+01 9.913231e+03 9.913327e+03 3.65169 6.717229e-01
