1.000000e+00 1.886290e+00 2.072577e+00 2.441377e+00 1.116979e+01 0.000000e+00 1.404836e+04 0 0.000000e+00
9.990000e-01 1.886290e+00 2.073799e+00 2.442477e+00 1.117695e+01 5.540010e+02 1.397482e+04 2.25559 3.306166e-02
9.980000e-01 1.886290e+00 2.074049e+00 2.442691e+00 1.117931e+01 7.968006e+02 1.394615e+04 2.33063 4.912150e-02
9.970000e-01 1.886290e+00 2.075407e+00 2.444336e+00 1.118485e+01 9.718286e+02 1.392267e+04 2.26211 5.807436e-02
9.960000e-01 1.886290e+00 2.075692e+00 2.444602e+00 1.118731e+01 1.129390e+03 1.390429e+04 2.29473 6.844418e-02
9.950000e-01 1.886290e+00 2.077014e+00 2.446189e+00 1.119278e+01 1.256600e+03 1.388631e+04 2.26712 7.514157e-02
9.940000e-01 1.886290e+00 2.077272e+00 2.446415e+00 1.119524e+01 1.381399e+03 1.387189e+04 2.28781 8.333727e-02
9.930000e-01 1.886290e+00 2.078588e+00 2.447978e+00 1.120072e+01 1.484961e+03 1.385655e+04 2.27196 8.885185e-02
9.920000e-01 1.886290e+00 2.078806e+00 2.448142e+00 1.120317e+01 1.591312e+03 1.384436e+04 2.28707 9.582832e-02
9.910000e-01 1.886290e+00 2.080138e+00 2.449713e+00 1.120873e+01 1.681268e+03 1.383046e+04 2.27673 1.006587e-01
9.900000e-01 1.886290e+00 2.080350e+00 2.449864e+00 1.121120e+01 1.776059e+03 1.381967e+04 2.289 1.068853e-01
9.890000e-01 1.886290e+00 2.081688e+00 2.451438e+00 1.121680e+01 1.856913e+03 1.380674e+04 2.28147 1.112404e-01
9.880000e-01 1.886290e+00 2.081908e+00 2.451596e+00 1.121929e+01 1.943520e+03 1.379694e+04 2.29202 1.169423e-01
9.870000e-01 1.886290e+00 2.083256e+00 2.453184e+00 1.122493e+01 2.018287e+03 1.378467e+04 2.28623 1.209775e-01
9.860000e-01 1.886290e+00 2.083486e+00 2.453358e+00 1.122744e+01 2.098382e+03 1.377565e+04 2.29547 1.262588e-01
9.850000e-01 1.886290e+00 2.084831e+00 2.454940e+00 1.123308e+01 2.167397e+03 1.376401e+04 2.29097 1.299881e-01
9.840000e-01 1.886290e+00 2.085035e+00 2.455077e+00 1.123556e+01 2.241551e+03 1.375569e+04 2.29889 1.348736e-01
9.830000e-01 1.886290e+00 2.086380e+00 2.456650e+00 1.124121e+01 2.305009e+03 1.374462e+04 2.29566 1.383187e-01
9.820000e-01 1.886290e+00 2.086552e+00 2.456738e+00 1.124367e+01 2.374447e+03 1.373686e+04 2.30262 1.428937e-01
9.810000e-01 1.886290e+00 2.087917e+00 2.458330e+00 1.124940e+01 2.434425e+03 1.372611e+04 2.30035 1.461678e-01
9.800000e-01 1.886290e+00 2.088104e+00 2.458437e+00 1.125191e+01 2.500844e+03 1.371871e+04 2.30696 1.505599e-01
9.790000e-01 1.886290e+00 2.089480e+00 2.460043e+00 1.125769e+01 2.558573e+03 1.370817e+04 2.3051 1.537088e-01
9.780000e-01 1.886290e+00 2.089693e+00 2.460185e+00 1.126024e+01 2.622411e+03 1.370106e+04 2.31143 1.579445e-01
9.770000e-01 1.886290e+00 2.091074e+00 2.461803e+00 1.126605e+01 2.678167e+03 1.369072e+04 2.3099 1.609827e-01
9.760000e-01 1.886290e+00 2.091307e+00 2.461975e+00 1.126863e+01 2.739477e+03 1.368391e+04 2.31591 1.650597e-01
9.750000e-01 1.886290e+00 2.092688e+00 2.463596e+00 1.127443e+01 2.792981e+03 1.367381e+04 2.31472 1.679753e-01
9.740000e-01 1.886290e+00 2.092922e+00 2.463771e+00 1.127702e+01 2.851702e+03 1.366730e+04 2.32032 1.718832e-01
9.730000e-01 1.886290e+00 2.094304e+00 2.465393e+00 1.128281e+01 2.902749e+03 1.365747e+04 2.31955 1.746710e-01
9.720000e-01 1.886290e+00 2.094526e+00 2.465552e+00 1.128539e+01 2.959065e+03 1.365124e+04 2.32475 1.784208e-01
9.710000e-01 1.886290e+00 2.095917e+00 2.467183e+00 1.129122e+01 3.008053e+03 1.364161e+04 2.32438 1.811054e-01
9.700000e-01 1.886290e+00 2.096136e+00 2.467337e+00 1.129380e+01 3.062418e+03 1.363560e+04 2.32931 1.847309e-01
9.690000e-01 1.886290e+00 2.097533e+00 2.468974e+00 1.129966e+01 3.109622e+03 1.362613e+04 2.32923 1.873222e-01
9.680000e-01 1.886290e+00 2.097755e+00 2.469132e+00 1.130226e+01 3.162329e+03 1.362031e+04 2.33397 1.908444e-01
9.670000e-01 1.886290e+00 2.099161e+00 2.470781e+00 1.130815e+01 3.208235e+03 1.361095e+04 2.33411 1.933677e-01
9.660000e-01 1.886290e+00 2.099388e+00 2.470945e+00 1.131077e+01 3.259391e+03 1.360530e+04 2.33867 1.967919e-01
9.650000e-01 1.886290e+00 2.100795e+00 2.472595e+00 1.131667e+01 3.303716e+03 1.359608e+04 2.33902 1.992305e-01
9.640000e-01 1.886290e+00 2.101006e+00 2.472738e+00 1.131927e+01 3.353119e+03 1.359062e+04 2.34328 2.025379e-01
9.630000e-01 1.886290e+00 2.102417e+00 2.474389e+00 1.132518e+01 3.395632e+03 1.358155e+04 2.34391 2.048851e-01
9.620000e-01 1.886290e+00 2.102612e+00 2.474506e+00 1.132778e+01 3.443550e+03 1.357626e+04 2.34795 2.080963e-01
9.610000e-01 1.886290e+00 2.104038e+00 2.476172e+00 1.133374e+01 3.484992e+03 1.356725e+04 2.34882 2.103929e-01
9.600000e-01 1.886290e+00 2.104242e+00 2.476302e+00 1.133637e+01 3.531971e+03 1.356204e+04 2.35282 2.135506e-01
9.590000e-01 1.886290e+00 2.105677e+00 2.477979e+00 1.134239e+01 3.572639e+03 1.355307e+04 2.35378 2.158035e-01
9.580000e-01 1.886290e+00 2.105895e+00 2.478128e+00 1.134505e+01 3.618694e+03 1.354796e+04 2.35773 2.189066e-01
9.570000e-01 1.886290e+00 2.107381e+00 2.479873e+00 1.135118e+01 3.658564e+03 1.353895e+04 2.35887 2.211137e-01
9.560000e-01 1.886290e+00 2.107579e+00 2.479998e+00 1.135380e+01 3.703704e+03 1.353402e+04 2.36268 2.241613e-01
9.550000e-01 1.886290e+00 2.109055e+00 2.481731e+00 1.135992e+01 3.742692e+03 1.352513e+04 2.3639 2.263210e-01
9.540000e-01 1.886290e+00 2.109252e+00 2.481856e+00 1.136255e+01 3.786764e+03 1.352031e+04 2.36758 2.293001e-01
9.530000e-01 1.886290e+00 2.110732e+00 2.483594e+00 1.136868e+01 3.824696e+03 1.351152e+04 2.36894 2.314052e-01
9.520000e-01 1.886290e+00 2.110923e+00 2.483710e+00 1.137132e+01 3.867759e+03 1.350681e+04 2.3725 2.343198e-01
9.510000e-01 1.886290e+00 2.112411e+00 2.485458e+00 1.137748e+01 3.904812e+03 1.349807e+04 2.37401 2.363810e-01
9.500000e-01 1.886290e+00 2.112601e+00 2.485571e+00 1.138012e+01 3.946982e+03 1.349346e+04 2.37748 2.392400e-01
9.490000e-01 1.886290e+00 2.114096e+00 2.487327e+00 1.138631e+01 3.983194e+03 1.348477e+04 2.37909 2.412575e-01
9.480000e-01 1.886290e+00 2.114288e+00 2.487444e+00 1.138897e+01 4.024602e+03 1.348024e+04 2.3825 2.440704e-01
9.470000e-01 1.886290e+00 2.115792e+00 2.489209e+00 1.139519e+01 4.060144e+03 1.347158e+04 2.38421 2.460525e-01
9.460000e-01 1.886290e+00 2.115982e+00 2.489323e+00 1.139785e+01 4.100712e+03 1.346714e+04 2.38753 2.488117e-01
9.450000e-01 1.886290e+00 2.117488e+00 2.491092e+00 1.140409e+01 4.135327e+03 1.345856e+04 2.38934 2.507452e-01
9.440000e-01 1.886290e+00 2.117661e+00 2.491183e+00 1.140673e+01 4.174905e+03 1.345423e+04 2.39249 2.534381e-01
9.430000e-01 1.886290e+00 2.119175e+00 2.492957e+00 1.141298e+01 4.208554e+03 1.344572e+04 2.39446 2.553252e-01
9.420000e-01 1.886290e+00 2.119342e+00 2.493039e+00 1.141564e+01 4.247474e+03 1.344146e+04 2.39756 2.579790e-01
9.410000e-01 1.886290e+00 2.120870e+00 2.494829e+00 1.142195e+01 4.280704e+03 1.343294e+04 2.39962 2.598461e-01
9.400000e-01 1.886290e+00 2.121048e+00 2.494925e+00 1.142464e+01 4.319195e+03 1.342872e+04 2.40273 2.624783e-01
9.390000e-01 1.886290e+00 2.122585e+00 2.496727e+00 1.143101e+01 4.352062e+03 1.342019e+04 2.40483 2.643239e-01
9.380000e-01 1.886290e+00 2.122775e+00 2.496838e+00 1.143373e+01 4.390076e+03 1.341600e+04 2.40794 2.669297e-01
9.370000e-01 1.886290e+00 2.124318e+00 2.498649e+00 1.144012e+01 4.422512e+03 1.340748e+04 2.41009 2.687508e-01
9.360000e-01 1.886290e+00 2.124512e+00 2.498768e+00 1.144286e+01 4.459942e+03 1.340335e+04 2.41315 2.713205e-01
9.350000e-01 1.886290e+00 2.126059e+00 2.500584e+00 1.144927e+01 4.491780e+03 1.339488e+04 2.41536 2.731099e-01
9.340000e-01 1.886290e+00 2.126248e+00 2.500696e+00 1.145200e+01 4.528543e+03 1.339081e+04 2.41835 2.756366e-01
9.330000e-01 1.886290e+00 2.127802e+00 2.502520e+00 1.145844e+01 4.559750e+03 1.338238e+04 2.42065 2.773947e-01
9.320000e-01 1.886290e+00 2.127989e+00 2.502629e+00 1.146118e+01 4.595962e+03 1.337837e+04 2.42359 2.798881e-01
9.310000e-01 1.886290e+00 2.129551e+00 2.504462e+00 1.146765e+01 4.626647e+03 1.336994e+04 2.42597 2.816194e-01
9.300000e-01 1.886290e+00 2.129736e+00 2.504569e+00 1.147040e+01 4.662332e+03 1.336598e+04 2.42886 2.840808e-01
9.290000e-01 1.886290e+00 2.131307e+00 2.506413e+00 1.147690e+01 4.692570e+03 1.335756e+04 2.43131 2.857896e-01
9.280000e-01 1.886290e+00 2.131496e+00 2.506524e+00 1.147968e+01 4.727808e+03 1.335363e+04 2.43419 2.882253e-01
9.270000e-01 1.886290e+00 2.133073e+00 2.508375e+00 1.148621e+01 4.757554e+03 1.334523e+04 2.43668 2.899071e-01
9.260000e-01 1.886290e+00 2.133253e+00 2.508475e+00 1.148897e+01 4.792181e+03 1.334136e+04 2.43948 2.923028e-01
9.250000e-01 1.886290e+00 2.134834e+00 2.510329e+00 1.149551e+01 4.821208e+03 1.333299e+04 2.44206 2.939481e-01
9.240000e-01 1.886290e+00 2.134999e+00 2.510407e+00 1.149827e+01 4.855204e+03 1.332919e+04 2.44476 2.963023e-01
9.230000e-01 1.886290e+00 2.136592e+00 2.512275e+00 1.150485e+01 4.883744e+03 1.332084e+04 2.44744 2.979263e-01
9.220000e-01 1.886290e+00 2.136761e+00 2.512359e+00 1.150763e+01 4.917448e+03 1.331705e+04 2.45015 3.002668e-01
9.210000e-01 1.886290e+00 2.138366e+00 2.514240e+00 1.151427e+01 4.945773e+03 1.330866e+04 2.45287 3.018788e-01
9.200000e-01 1.886290e+00 2.138544e+00 2.514336e+00 1.151708e+01 4.979190e+03 1.330490e+04 2.4556 3.042051e-01
9.190000e-01 1.886290e+00 2.140157e+00 2.516228e+00 1.152376e+01 5.007270e+03 1.329649e+04 2.45836 3.058029e-01
9.180000e-01 1.886290e+00 2.140343e+00 2.516334e+00 1.152660e+01 5.040338e+03 1.329274e+04 2.46107 3.081092e-01
9.170000e-01 1.886290e+00 2.141961e+00 2.518234e+00 1.153330e+01 5.068047e+03 1.328434e+04 2.46387 3.096865e-01
9.160000e-01 1.886290e+00 2.142144e+00 2.518337e+00 1.153614e+01 5.100657e+03 1.328064e+04 2.46654 3.119638e-01
9.150000e-01 1.886290e+00 2.143768e+00 2.520243e+00 1.154286e+01 5.127875e+03 1.327227e+04 2.46939 3.135159e-01
9.140000e-01 1.886290e+00 2.143946e+00 2.520340e+00 1.154570e+01 5.160041e+03 1.326861e+04 2.47202 3.157655e-01
9.130000e-01 1.886290e+00 2.145578e+00 2.522256e+00 1.155246e+01 5.186862e+03 1.326024e+04 2.47494 3.172984e-01
9.120000e-01 1.886290e+00 2.145754e+00 2.522350e+00 1.155531e+01 5.218652e+03 1.325662e+04 2.47754 3.195258e-01
9.110000e-01 1.886290e+00 2.147395e+00 2.524276e+00 1.156210e+01 5.245117e+03 1.324824e+04 2.48051 3.210406e-01
9.100000e-01 1.886290e+00 2.147573e+00 2.524372e+00 1.156497e+01 5.276601e+03 1.324464e+04 2.4831 3.232513e-01
9.090000e-01 1.886290e+00 2.149222e+00 2.526308e+00 1.157180e+01 5.302774e+03 1.323625e+04 2.48612 3.247505e-01
9.080000e-01 1.886290e+00 2.149397e+00 2.526401e+00 1.157468e+01 5.333887e+03 1.323268e+04 2.48868 3.269388e-01
9.070000e-01 1.886290e+00 2.151053e+00 2.528343e+00 1.158153e+01 5.359595e+03 1.322431e+04 2.49175 3.284134e-01
9.060000e-01 1.886290e+00 2.151213e+00 2.528416e+00 1.158440e+01 5.390217e+03 1.322079e+04 2.49423 3.305693e-01
9.050000e-01 1.886290e+00 2.152878e+00 2.530369e+00 1.159128e+01 5.415456e+03 1.321242e+04 2.49737 3.320220e-01
9.040000e-01 1.886290e+00 2.153037e+00 2.530439e+00 1.159417e+01 5.445807e+03 1.320892e+04 2.49985 3.341640e-01
9.030000e-01 1.886290e+00 2.154715e+00 2.532406e+00 1.160111e+01 5.470878e+03 1.320051e+04 2.50305 3.356089e-01
9.020000e-01 1.886290e+00 2.154882e+00 2.532487e+00 1.160403e+01 5.501051e+03 1.319701e+04 2.50554 3.377439e-01
9.010000e-01 1.886290e+00 2.156570e+00 2.534466e+00 1.161102e+01 5.525964e+03 1.318856e+04 2.50877 3.391794e-01
9.000000e-01 1.886290e+00 2.156744e+00 2.534558e+00 1.161397e+01 5.555917e+03 1.318507e+04 2.51128 3.413035e-01
8.990000e-01 1.886290e+00 2.158439e+00 2.536546e+00 1.162099e+01 5.580590e+03 1.317660e+04 2.51454 3.427250e-01
8.980000e-01 1.886290e+00 2.158613e+00 2.536638e+00 1.162395e+01 5.610221e+03 1.317313e+04 2.51702 3.448294e-01
8.970000e-01 1.886290e+00 2.160314e+00 2.538634e+00 1.163100e+01 5.634520e+03 1.316467e+04 2.52032 3.462313e-01
8.960000e-01 1.886290e+00 2.160481e+00 2.538717e+00 1.163395e+01 5.663781e+03 1.316124e+04 2.52276 3.483121e-01
8.950000e-01 1.886290e+00 2.162190e+00 2.540723e+00 1.164103e+01 5.687726e+03 1.315279e+04 2.52612 3.496968e-01
8.940000e-01 1.886290e+00 2.162355e+00 2.540802e+00 1.164399e+01 5.716676e+03 1.314938e+04 2.52853 3.517594e-01
8.930000e-01 1.886290e+00 2.164071e+00 2.542817e+00 1.165110e+01 5.740313e+03 1.314092e+04 2.53194 3.531284e-01
8.920000e-01 1.886290e+00 2.164235e+00 2.542895e+00 1.165407e+01 5.769000e+03 1.313752e+04 2.53434 3.551764e-01
8.910000e-01 1.886290e+00 2.165961e+00 2.544921e+00 1.166122e+01 5.792403e+03 1.312904e+04 2.53779 3.565336e-01
8.900000e-01 1.886290e+00 2.166123e+00 2.544998e+00 1.166421e+01 5.820825e+03 1.312566e+04 2.54018 3.585664e-01
8.890000e-01 1.886290e+00 2.167856e+00 2.547031e+00 1.167139e+01 5.843885e+03 1.311718e+04 2.54367 3.599051e-01
8.880000e-01 1.886290e+00 2.168006e+00 2.547091e+00 1.167437e+01 5.871930e+03 1.311384e+04 2.546 3.619136e-01
8.870000e-01 1.886290e+00 2.169748e+00 2.549134e+00 1.168158e+01 5.894587e+03 1.310535e+04 2.54955 3.632329e-01
8.860000e-01 1.886290e+00 2.169893e+00 2.549188e+00 1.168457e+01 5.922395e+03 1.310203e+04 2.55186 3.652290e-01
8.850000e-01 1.886290e+00 2.171648e+00 2.551246e+00 1.169184e+01 5.944908e+03 1.309349e+04 2.55547 3.665421e-01
8.840000e-01 1.886290e+00 2.171801e+00 2.551309e+00 1.169487e+01 5.972587e+03 1.309017e+04 2.55781 3.685343e-01
8.830000e-01 1.886290e+00 2.173567e+00 2.553380e+00 1.170219e+01 5.994987e+03 1.308158e+04 2.56144 3.698406e-01
8.820000e-01 1.886290e+00 2.173727e+00 2.553453e+00 1.170525e+01 6.022517e+03 1.307825e+04 2.56381 3.718267e-01
8.810000e-01 1.886290e+00 2.175500e+00 2.555535e+00 1.171262e+01 6.044746e+03 1.306964e+04 2.56747 3.731228e-01
8.800000e-01 1.886290e+00 2.175661e+00 2.555609e+00 1.171569e+01 6.072040e+03 1.306632e+04 2.56982 3.750952e-01
8.790000e-01 1.886290e+00 2.177441e+00 2.557699e+00 1.172309e+01 6.093976e+03 1.305770e+04 2.57351 3.763755e-01
8.780000e-01 1.886290e+00 2.177595e+00 2.557765e+00 1.172616e+01 6.120973e+03 1.305441e+04 2.57583 3.783293e-01
8.770000e-01 1.886290e+00 2.179384e+00 2.559865e+00 1.173359e+01 6.142611e+03 1.304578e+04 2.57957 3.795949e-01
8.760000e-01 1.886290e+00 2.179534e+00 2.559927e+00 1.173667e+01 6.169351e+03 1.304251e+04 2.58187 3.815338e-01
8.750000e-01 1.886290e+00 2.181332e+00 2.562037e+00 1.174413e+01 6.190724e+03 1.303387e+04 2.58566 3.827859e-01
8.740000e-01 1.886290e+00 2.181479e+00 2.562095e+00 1.174722e+01 6.217240e+03 1.303060e+04 2.58794 3.847125e-01
8.730000e-01 1.886290e+00 2.183287e+00 2.564217e+00 1.175472e+01 6.238405e+03 1.302194e+04 2.59177 3.859541e-01
8.720000e-01 1.886290e+00 2.183431e+00 2.564272e+00 1.175783e+01 6.264698e+03 1.301868e+04 2.59404 3.878682e-01
8.710000e-01 1.886290e+00 2.185246e+00 2.566402e+00 1.176536e+01 6.285569e+03 1.301001e+04 2.5979 3.890939e-01
8.700000e-01 1.886290e+00 2.185378e+00 2.566440e+00 1.176846e+01 6.311550e+03 1.300678e+04 2.60012 3.909882e-01
8.690000e-01 1.886290e+00 2.187203e+00 2.568581e+00 1.177602e+01 6.332084e+03 1.299809e+04 2.60405 3.921976e-01
8.680000e-01 1.886290e+00 2.187331e+00 2.568614e+00 1.177913e+01 6.357883e+03 1.299488e+04 2.60626 3.940832e-01
8.670000e-01 1.886290e+00 2.189213e+00 2.570828e+00 1.178685e+01 6.378268e+03 1.298604e+04 2.6103 3.952796e-01
8.660000e-01 1.886290e+00 2.189317e+00 2.570830e+00 1.178993e+01 6.403994e+03 1.298288e+04 2.61248 3.971682e-01
8.650000e-01 1.886290e+00 2.191197e+00 2.573040e+00 1.179769e+01 6.424292e+03 1.297402e+04 2.61654 3.983614e-01
8.640000e-01 1.886290e+00 2.191307e+00 2.573050e+00 1.180080e+01 6.449901e+03 1.297086e+04 2.61875 4.002459e-01
8.630000e-01 1.886290e+00 2.193197e+00 2.575271e+00 1.180860e+01 6.470052e+03 1.296195e+04 2.62283 4.014302e-01
8.620000e-01 1.886290e+00 2.193305e+00 2.575281e+00 1.181173e+01 6.495465e+03 1.295880e+04 2.62502 4.033038e-01
8.610000e-01 1.886290e+00 2.195202e+00 2.577511e+00 1.181956e+01 6.515364e+03 1.294987e+04 2.62914 4.044743e-01
8.600000e-01 1.886290e+00 2.195304e+00 2.577512e+00 1.182269e+01 6.540534e+03 1.294674e+04 2.63131 4.063333e-01
8.590000e-01 1.886290e+00 2.197211e+00 2.579754e+00 1.183056e+01 6.560188e+03 1.293780e+04 2.63547 4.074915e-01
8.580000e-01 1.886290e+00 2.197308e+00 2.579749e+00 1.183370e+01 6.585146e+03 1.293468e+04 2.63762 4.093386e-01
8.570000e-01 1.886290e+00 2.199224e+00 2.582003e+00 1.184161e+01 6.604571e+03 1.292571e+04 2.64183 4.104849e-01
8.560000e-01 1.886290e+00 2.199318e+00 2.581995e+00 1.184476e+01 6.629344e+03 1.292260e+04 2.64396 4.123224e-01
8.550000e-01 1.886290e+00 2.201244e+00 2.584260e+00 1.185271e+01 6.648577e+03 1.291360e+04 2.64821 4.134587e-01
8.540000e-01 1.886290e+00 2.201334e+00 2.584246e+00 1.185587e+01 6.673145e+03 1.291050e+04 2.65033 4.152846e-01
8.530000e-01 1.886290e+00 2.203267e+00 2.586520e+00 1.186385e+01 6.692096e+03 1.290149e+04 2.65462 4.164056e-01
8.520000e-01 1.886290e+00 2.203343e+00 2.586487e+00 1.186700e+01 6.716392e+03 1.289841e+04 2.65669 4.182147e-01
8.510000e-01 1.886290e+00 2.205289e+00 2.588775e+00 1.187503e+01 6.735090e+03 1.288938e+04 2.66103 4.193240e-01
8.500000e-01 1.886290e+00 2.205363e+00 2.588741e+00 1.187820e+01 6.759267e+03 1.288629e+04 2.66311 4.211291e-01
8.490000e-01 1.886290e+00 2.207323e+00 2.591044e+00 1.188629e+01 6.777871e+03 1.287720e+04 2.6675 4.222335e-01
8.480000e-01 1.886290e+00 2.207402e+00 2.591017e+00 1.188950e+01 6.801963e+03 1.287411e+04 2.6696 4.240372e-01
8.470000e-01 1.886290e+00 2.209374e+00 2.593335e+00 1.189766e+01 6.820483e+03 1.286495e+04 2.67402 4.251363e-01
8.460000e-01 1.886290e+00 2.209457e+00 2.593314e+00 1.190090e+01 6.844468e+03 1.286185e+04 2.67613 4.269362e-01
8.450000e-01 1.886290e+00 2.211438e+00 2.595643e+00 1.190911e+01 6.862838e+03 1.285266e+04 2.68058 4.280261e-01
8.440000e-01 1.886290e+00 2.211517e+00 2.595617e+00 1.191235e+01 6.886640e+03 1.284956e+04 2.68268 4.298158e-01
8.430000e-01 1.886290e+00 2.213506e+00 2.597957e+00 1.192059e+01 6.904777e+03 1.284034e+04 2.68716 4.308930e-01
8.420000e-01 1.886290e+00 2.214539e+00 2.599112e+00 1.192635e+01 6.925620e+03 1.283418e+04 2.69045 4.323183e-01
8.410000e-01 1.886290e+00 2.215576e+00 2.600272e+00 1.193213e+01 6.946341e+03 1.282801e+04 2.69375 4.337383e-01
8.400000e-01 1.886290e+00 2.216614e+00 2.601434e+00 1.193791e+01 6.966966e+03 1.282183e+04 2.69706 4.351532e-01
8.390000e-01 1.886290e+00 2.217653e+00 2.602597e+00 1.194372e+01 6.987503e+03 1.281565e+04 2.70038 4.365634e-01
8.380000e-01 1.886290e+00 2.218695e+00 2.603762e+00 1.194954e+01 7.007962e+03 1.280946e+04 2.70371 4.379697e-01
8.370000e-01 1.886290e+00 2.219737e+00 2.604929e+00 1.195537e+01 7.028316e+03 1.280326e+04 2.70704 4.393702e-01
8.360000e-01 1.886290e+00 2.220779e+00 2.606094e+00 1.196120e+01 7.048547e+03 1.279706e+04 2.71038 4.407639e-01
8.350000e-01 1.886290e+00 2.221820e+00 2.607258e+00 1.196705e+01 7.068645e+03 1.279086e+04 2.71371 4.421501e-01
8.340000e-01 1.886290e+00 2.222861e+00 2.608421e+00 1.197290e+01 7.088648e+03 1.278465e+04 2.71706 4.435316e-01
8.330000e-01 1.886290e+00 2.223906e+00 2.609589e+00 1.197879e+01 7.108615e+03 1.277843e+04 2.72041 4.449118e-01
8.320000e-01 1.886290e+00 2.224955e+00 2.610761e+00 1.198470e+01 7.128537e+03 1.277218e+04 2.72378 4.462903e-01
8.310000e-01 1.886290e+00 2.226007e+00 2.611938e+00 1.199063e+01 7.148426e+03 1.276592e+04 2.72716 4.476675e-01
8.300000e-01 1.886290e+00 2.227064e+00 2.613121e+00 1.199659e+01 7.168274e+03 1.275963e+04 2.73056 4.490431e-01
8.290000e-01 1.886290e+00 2.228124e+00 2.614307e+00 1.200258e+01 7.188070e+03 1.275333e+04 2.73397 4.504162e-01
8.280000e-01 1.886290e+00 2.229186e+00 2.615497e+00 1.200857e+01 7.207793e+03 1.274701e+04 2.73738 4.517854e-01
8.270000e-01 1.886290e+00 2.230250e+00 2.616689e+00 1.201459e+01 7.227424e+03 1.274069e+04 2.7408 4.531495e-01
8.260000e-01 1.886290e+00 2.231314e+00 2.617881e+00 1.202061e+01 7.246952e+03 1.273437e+04 2.74423 4.545080e-01
8.250000e-01 1.886290e+00 2.232379e+00 2.619074e+00 1.202665e+01 7.266395e+03 1.272803e+04 2.74766 4.558619e-01
8.240000e-01 1.886290e+00 2.233446e+00 2.620270e+00 1.203270e+01 7.285756e+03 1.272169e+04 2.7511 4.572115e-01
8.230000e-01 1.886290e+00 2.234513e+00 2.621466e+00 1.203876e+01 7.305023e+03 1.271534e+04 2.75454 4.585561e-01
8.220000e-01 1.886290e+00 2.235582e+00 2.622663e+00 1.204484e+01 7.324214e+03 1.270898e+04 2.75799 4.598966e-01
8.210000e-01 1.886290e+00 2.236652e+00 2.623863e+00 1.205094e+01 7.343330e+03 1.270261e+04 2.76145 4.612334e-01
8.200000e-01 1.886290e+00 2.237724e+00 2.625064e+00 1.205705e+01 7.362353e+03 1.269623e+04 2.76492 4.625650e-01
8.190000e-01 1.886290e+00 2.238795e+00 2.626263e+00 1.206317e+01 7.381260e+03 1.268984e+04 2.76838 4.638902e-01
8.180000e-01 1.886290e+00 2.239864e+00 2.627461e+00 1.206930e+01 7.400045e+03 1.268346e+04 2.77185 4.652086e-01
8.170000e-01 1.886290e+00 2.240935e+00 2.628659e+00 1.207544e+01 7.418754e+03 1.267706e+04 2.77532 4.665234e-01
8.160000e-01 1.886290e+00 2.242009e+00 2.629861e+00 1.208161e+01 7.437427e+03 1.267064e+04 2.77881 4.678368e-01
8.150000e-01 1.886290e+00 2.243086e+00 2.631067e+00 1.208780e+01 7.456058e+03 1.266420e+04 2.78231 4.691487e-01
8.140000e-01 1.886290e+00 2.244167e+00 2.632278e+00 1.209403e+01 7.474659e+03 1.265774e+04 2.78583 4.704594e-01
8.130000e-01 1.886290e+00 2.245252e+00 2.633495e+00 1.210028e+01 7.493222e+03 1.265125e+04 2.78935 4.717686e-01
8.120000e-01 1.886290e+00 2.246340e+00 2.634715e+00 1.210655e+01 7.511734e+03 1.264474e+04 2.79289 4.730754e-01
8.110000e-01 1.886290e+00 2.247431e+00 2.635938e+00 1.211284e+01 7.530177e+03 1.263823e+04 2.79644 4.743783e-01
8.100000e-01 1.886290e+00 2.248522e+00 2.637162e+00 1.211914e+01 7.548530e+03 1.263170e+04 2.79999 4.756764e-01
8.090000e-01 1.886290e+00 2.249613e+00 2.638387e+00 1.212546e+01 7.566795e+03 1.262516e+04 2.80354 4.769696e-01
8.080000e-01 1.886290e+00 2.250706e+00 2.639613e+00 1.213179e+01 7.584988e+03 1.261862e+04 2.8071 4.782590e-01
8.070000e-01 1.886290e+00 2.251800e+00 2.640841e+00 1.213814e+01 7.603101e+03 1.261206e+04 2.81067 4.795442e-01
8.060000e-01 1.886290e+00 2.252895e+00 2.642069e+00 1.214451e+01 7.621132e+03 1.260548e+04 2.81425 4.808249e-01
8.050000e-01 1.886290e+00 2.253991e+00 2.643299e+00 1.215089e+01 7.639091e+03 1.259890e+04 2.81783 4.821020e-01
8.040000e-01 1.886290e+00 2.255132e+00 2.644588e+00 1.215738e+01 7.656944e+03 1.259220e+04 2.82148 4.833658e-01
8.030000e-01 1.886290e+00 2.256231e+00 2.645821e+00 1.216379e+01 7.674735e+03 1.258559e+04 2.82507 4.846334e-01
8.020000e-01 1.886290e+00 2.257328e+00 2.647051e+00 1.217021e+01 7.692416e+03 1.257898e+04 2.82867 4.858951e-01
8.010000e-01 1.886290e+00 2.258424e+00 2.648280e+00 1.217664e+01 7.709999e+03 1.257236e+04 2.83226 4.871514e-01
8.000000e-01 1.886290e+00 2.259522e+00 2.649510e+00 1.218309e+01 7.727525e+03 1.256572e+04 2.83587 4.884053e-01
7.990000e-01 1.886290e+00 2.260623e+00 2.650744e+00 1.218957e+01 7.745020e+03 1.255905e+04 2.83948 4.896581e-01
7.980000e-01 1.886290e+00 2.261728e+00 2.651983e+00 1.219608e+01 7.762478e+03 1.255236e+04 2.84312 4.909093e-01
7.970000e-01 1.886290e+00 2.262837e+00 2.653227e+00 1.220262e+01 7.779903e+03 1.254564e+04 2.84676 4.921593e-01
7.960000e-01 1.886290e+00 2.263948e+00 2.654474e+00 1.220918e+01 7.797291e+03 1.253890e+04 2.85041 4.934076e-01
7.950000e-01 1.886290e+00 2.265063e+00 2.655726e+00 1.221577e+01 7.814624e+03 1.253214e+04 2.85408 4.946530e-01
7.940000e-01 1.886290e+00 2.266178e+00 2.656978e+00 1.222237e+01 7.831882e+03 1.252537e+04 2.85775 4.958944e-01
7.930000e-01 1.886290e+00 2.267294e+00 2.658231e+00 1.222899e+01 7.849054e+03 1.251858e+04 2.86142 4.971309e-01
7.920000e-01 1.886290e+00 2.268411e+00 2.659486e+00 1.223562e+01 7.866154e+03 1.251178e+04 2.8651 4.983635e-01
7.910000e-01 1.886290e+00 2.269529e+00 2.660741e+00 1.224227e+01 7.883186e+03 1.250497e+04 2.86879 4.995926e-01
7.900000e-01 1.886290e+00 2.270648e+00 2.661998e+00 1.224894e+01 7.900139e+03 1.249814e+04 2.87248 5.008174e-01
7.890000e-01 1.886290e+00 2.271767e+00 2.663255e+00 1.225562e+01 7.917020e+03 1.249129e+04 2.87618 5.020384e-01
7.880000e-01 1.886290e+00 2.272888e+00 2.664514e+00 1.226233e+01 7.933837e+03 1.248443e+04 2.87988 5.032561e-01
7.870000e-01 1.886290e+00 2.274010e+00 2.665774e+00 1.226905e+01 7.950570e+03 1.247756e+04 2.88359 5.044692e-01
7.860000e-01 1.886290e+00 2.275130e+00 2.667032e+00 1.227578e+01 7.967202e+03 1.247068e+04 2.8873 5.056765e-01
7.850000e-01 1.886290e+00 2.276250e+00 2.668287e+00 1.228252e+01 7.983734e+03 1.246379e+04 2.89101 5.068783e-01
7.840000e-01 1.886290e+00 2.277370e+00 2.669544e+00 1.228928e+01 8.000198e+03 1.245688e+04 2.89473 5.080768e-01
7.830000e-01 1.886290e+00 2.278493e+00 2.670804e+00 1.229607e+01 8.016634e+03 1.244994e+04 2.89846 5.092744e-01
7.820000e-01 1.886290e+00 2.279619e+00 2.672068e+00 1.230289e+01 8.033028e+03 1.244298e+04 2.90221 5.104703e-01
7.810000e-01 1.886290e+00 2.280748e+00 2.673336e+00 1.230974e+01 8.049391e+03 1.243599e+04 2.90596 5.116648e-01
7.800000e-01 1.886290e+00 2.281881e+00 2.674609e+00 1.231662e+01 8.065721e+03 1.242897e+04 2.90973 5.128580e-01
7.790000e-01 1.886290e+00 2.283017e+00 2.675885e+00 1.232352e+01 8.081996e+03 1.242193e+04 2.91351 5.140484e-01
7.780000e-01 1.886290e+00 2.284153e+00 2.677162e+00 1.233044e+01 8.098209e+03 1.241486e+04 2.91729 5.152353e-01
7.770000e-01 1.886290e+00 2.285290e+00 2.678441e+00 1.233738e+01 8.114341e+03 1.240779e+04 2.92108 5.164177e-01
7.760000e-01 1.886290e+00 2.286428e+00 2.679719e+00 1.234434e+01 8.130398e+03 1.240070e+04 2.92487 5.175959e-01
7.750000e-01 1.886290e+00 2.287567e+00 2.681000e+00 1.235131e+01 8.146399e+03 1.239359e+04 2.92867 5.187712e-01
7.740000e-01 1.886290e+00 2.288706e+00 2.682280e+00 1.235831e+01 8.162320e+03 1.238646e+04 2.93247 5.199423e-01
7.730000e-01 1.886290e+00 2.289846e+00 2.683562e+00 1.236532e+01 8.178172e+03 1.237932e+04 2.93628 5.211096e-01
7.720000e-01 1.886290e+00 2.290987e+00 2.684845e+00 1.237236e+01 8.193967e+03 1.237216e+04 2.9401 5.222738e-01
7.710000e-01 1.886290e+00 2.292127e+00 2.686127e+00 1.237941e+01 8.209670e+03 1.236498e+04 2.94392 5.234331e-01
7.700000e-01 1.886290e+00 2.293268e+00 2.687409e+00 1.238647e+01 8.225287e+03 1.235779e+04 2.94774 5.245873e-01
7.690000e-01 1.886290e+00 2.294407e+00 2.688689e+00 1.239355e+01 8.240815e+03 1.235059e+04 2.95156 5.257366e-01
7.680000e-01 1.886290e+00 2.295545e+00 2.689967e+00 1.240064e+01 8.256259e+03 1.234337e+04 2.95539 5.268818e-01
7.670000e-01 1.886290e+00 2.296688e+00 2.691250e+00 1.240777e+01 8.271686e+03 1.233612e+04 2.95923 5.280265e-01
7.660000e-01 1.886290e+00 2.297833e+00 2.692537e+00 1.241493e+01 8.287078e+03 1.232884e+04 2.96308 5.291697e-01
7.650000e-01 1.886290e+00 2.298979e+00 2.693825e+00 1.242212e+01 8.302418e+03 1.232153e+04 2.96694 5.303107e-01
7.640000e-01 1.886290e+00 2.300131e+00 2.695121e+00 1.242935e+01 8.317741e+03 1.231419e+04 2.97082 5.314509e-01
7.630000e-01 1.886290e+00 2.301284e+00 2.696419e+00 1.243660e+01 8.333007e+03 1.230682e+04 2.9747 5.325881e-01
7.620000e-01 1.886290e+00 2.302437e+00 2.697715e+00 1.244387e+01 8.348197e+03 1.229943e+04 2.97859 5.337213e-01
7.610000e-01 1.886290e+00 2.303592e+00 2.699015e+00 1.245115e+01 8.363327e+03 1.229203e+04 2.98248 5.348508e-01
7.600000e-01 1.886290e+00 2.304747e+00 2.700316e+00 1.245846e+01 8.378381e+03 1.228461e+04 2.98638 5.359763e-01
7.590000e-01 1.886290e+00 2.305901e+00 2.701614e+00 1.246579e+01 8.393369e+03 1.227716e+04 2.99028 5.370984e-01
7.580000e-01 1.886290e+00 2.307057e+00 2.702916e+00 1.247314e+01 8.408295e+03 1.226970e+04 2.99419 5.382170e-01
7.570000e-01 1.886290e+00 2.308214e+00 2.704218e+00 1.248051e+01 8.423148e+03 1.226222e+04 2.9981 5.393315e-01
7.560000e-01 1.886290e+00 2.309370e+00 2.705520e+00 1.248791e+01 8.437938e+03 1.225472e+04 3.00202 5.404429e-01
7.550000e-01 1.886290e+00 2.310526e+00 2.706821e+00 1.249532e+01 8.452642e+03 1.224720e+04 3.00594 5.415494e-01
7.540000e-01 1.886290e+00 2.311682e+00 2.708122e+00 1.250274e+01 8.467255e+03 1.223967e+04 3.00986 5.426507e-01
7.530000e-01 1.886290e+00 2.312836e+00 2.709421e+00 1.251018e+01 8.481786e+03 1.223212e+04 3.01379 5.437476e-01
7.520000e-01 1.886290e+00 2.314032e+00 2.710773e+00 1.251775e+01 8.496220e+03 1.222445e+04 3.01778 5.448309e-01
7.510000e-01 1.886290e+00 2.315190e+00 2.712076e+00 1.252525e+01 8.510657e+03 1.221684e+04 3.02172 5.459233e-01
7.500000e-01 1.886290e+00 2.316351e+00 2.713384e+00 1.253279e+01 8.525062e+03 1.220921e+04 3.02568 5.470147e-01
7.490000e-01 1.886290e+00 2.317514e+00 2.714693e+00 1.254036e+01 8.539420e+03 1.220154e+04 3.02965 5.481039e-01
7.480000e-01 1.886290e+00 2.318679e+00 2.716007e+00 1.254796e+01 8.553743e+03 1.219384e+04 3.03362 5.491915e-01
7.470000e-01 1.886290e+00 2.319846e+00 2.717323e+00 1.255560e+01 8.568008e+03 1.218612e+04 3.03761 5.502760e-01
7.460000e-01 1.886290e+00 2.321014e+00 2.718640e+00 1.256325e+01 8.582201e+03 1.217838e+04 3.0416 5.513565e-01
7.450000e-01 1.886290e+00 2.322181e+00 2.719956e+00 1.257092e+01 8.596322e+03 1.217062e+04 3.04559 5.524329e-01
7.440000e-01 1.886290e+00 2.323348e+00 2.721273e+00 1.257862e+01 8.610382e+03 1.216283e+04 3.04959 5.535061e-01
7.430000e-01 1.886290e+00 2.324517e+00 2.722591e+00 1.258634e+01 8.624377e+03 1.215503e+04 3.05359 5.545758e-01
7.420000e-01 1.886290e+00 2.325685e+00 2.723909e+00 1.259408e+01 8.638301e+03 1.214720e+04 3.0576 5.556418e-01
7.410000e-01 1.886290e+00 2.326854e+00 2.725228e+00 1.260185e+01 8.652157e+03 1.213935e+04 3.06162 5.567040e-01
7.400000e-01 1.886290e+00 2.328022e+00 2.726546e+00 1.260964e+01 8.665947e+03 1.213148e+04 3.06563 5.577626e-01
7.390000e-01 1.886290e+00 2.329189e+00 2.727863e+00 1.261744e+01 8.679644e+03 1.212360e+04 3.06965 5.588158e-01
7.380000e-01 1.886290e+00 2.330354e+00 2.729177e+00 1.262527e+01 8.693254e+03 1.211570e+04 3.07367 5.598644e-01
7.370000e-01 1.886290e+00 2.331519e+00 2.730491e+00 1.263311e+01 8.706791e+03 1.210778e+04 3.07769 5.609089e-01
7.360000e-01 1.886290e+00 2.332685e+00 2.731806e+00 1.264099e+01 8.720291e+03 1.209982e+04 3.08172 5.619521e-01
7.350000e-01 1.886290e+00 2.333854e+00 2.733124e+00 1.264891e+01 8.733757e+03 1.209183e+04 3.08576 5.629936e-01
7.340000e-01 1.886290e+00 2.335025e+00 2.734446e+00 1.265686e+01 8.747177e+03 1.208380e+04 3.08981 5.640331e-01
7.330000e-01 1.886290e+00 2.336198e+00 2.735771e+00 1.266485e+01 8.760562e+03 1.207574e+04 3.09388 5.650709e-01
7.320000e-01 1.886290e+00 2.337373e+00 2.737098e+00 1.267287e+01 8.773898e+03 1.206764e+04 3.09795 5.661059e-01
7.310000e-01 1.886290e+00 2.338547e+00 2.738425e+00 1.268092e+01 8.787166e+03 1.205951e+04 3.10202 5.671369e-01
7.300000e-01 1.886290e+00 2.339721e+00 2.739751e+00 1.268899e+01 8.800361e+03 1.205137e+04 3.10609 5.681637e-01
7.290000e-01 1.886290e+00 2.340895e+00 2.741078e+00 1.269708e+01 8.813496e+03 1.204320e+04 3.11017 5.691872e-01
7.280000e-01 1.886290e+00 2.342069e+00 2.742405e+00 1.270520e+01 8.826571e+03 1.203500e+04 3.11425 5.702073e-01
7.270000e-01 1.886290e+00 2.343242e+00 2.743731e+00 1.271335e+01 8.839579e+03 1.202677e+04 3.11833 5.712234e-01
7.260000e-01 1.886290e+00 2.344415e+00 2.745056e+00 1.272152e+01 8.852513e+03 1.201852e+04 3.12241 5.722354e-01
7.250000e-01 1.886290e+00 2.345587e+00 2.746381e+00 1.272971e+01 8.865391e+03 1.201024e+04 3.1265 5.732442e-01
7.240000e-01 1.886290e+00 2.346758e+00 2.747704e+00 1.273793e+01 8.878179e+03 1.200194e+04 3.13058 5.742477e-01
7.230000e-01 1.886290e+00 2.347926e+00 2.749023e+00 1.274616e+01 8.890881e+03 1.199361e+04 3.13466 5.752461e-01
7.220000e-01 1.886290e+00 2.349092e+00 2.750339e+00 1.275441e+01 8.903507e+03 1.198527e+04 3.13874 5.762401e-01
7.210000e-01 1.886290e+00 2.350260e+00 2.751657e+00 1.276270e+01 8.916091e+03 1.197689e+04 3.14283 5.772323e-01
7.200000e-01 1.886290e+00 2.351429e+00 2.752977e+00 1.277103e+01 8.928642e+03 1.196846e+04 3.14692 5.782228e-01
7.190000e-01 1.886290e+00 2.352599e+00 2.754298e+00 1.277939e+01 8.941147e+03 1.195999e+04 3.15102 5.792107e-01
7.180000e-01 1.886290e+00 2.353771e+00 2.755622e+00 1.278780e+01 8.953615e+03 1.195147e+04 3.15513 5.801967e-01
7.170000e-01 1.886290e+00 2.354943e+00 2.756947e+00 1.279624e+01 8.966034e+03 1.194292e+04 3.15925 5.811797e-01
7.160000e-01 1.886290e+00 2.356154e+00 2.758324e+00 1.280480e+01 8.978354e+03 1.193424e+04 3.16342 5.821477e-01
7.150000e-01 1.886290e+00 2.357287e+00 2.759597e+00 1.281320e+01 8.990668e+03 1.192573e+04 3.16748 5.831330e-01
7.140000e-01 1.886290e+00 2.358495e+00 2.760970e+00 1.282181e+01 9.002856e+03 1.191699e+04 3.17164 5.840932e-01
7.130000e-01 1.886290e+00 2.359666e+00 2.762294e+00 1.283037e+01 9.015017e+03 1.190831e+04 3.17576 5.850604e-01
7.120000e-01 1.886290e+00 2.360834e+00 2.763616e+00 1.283895e+01 9.027111e+03 1.189960e+04 3.17988 5.860239e-01
7.110000e-01 1.886290e+00 2.362001e+00 2.764935e+00 1.284755e+01 9.039131e+03 1.189087e+04 3.18399 5.869830e-01
7.100000e-01 1.886290e+00 2.363168e+00 2.766254e+00 1.285618e+01 9.051092e+03 1.188210e+04 3.18811 5.879385e-01
7.090000e-01 1.886290e+00 2.364332e+00 2.767569e+00 1.286483e+01 9.062965e+03 1.187331e+04 3.19222 5.888888e-01
7.080000e-01 1.886290e+00 2.365492e+00 2.768880e+00 1.287350e+01 9.074752e+03 1.186450e+04 3.19632 5.898338e-01
7.070000e-01 1.886290e+00 2.366651e+00 2.770188e+00 1.288220e+01 9.086464e+03 1.185566e+04 3.20043 5.907745e-01
7.060000e-01 1.886290e+00 2.367810e+00 2.771496e+00 1.289093e+01 9.098136e+03 1.184677e+04 3.20454 5.917132e-01
7.050000e-01 1.886290e+00 2.368970e+00 2.772807e+00 1.289971e+01 9.109768e+03 1.183784e+04 3.20865 5.926499e-01
7.040000e-01 1.886290e+00 2.370131e+00 2.774119e+00 1.290853e+01 9.121352e+03 1.182886e+04 3.21278 5.935840e-01
7.030000e-01 1.886290e+00 2.371293e+00 2.775434e+00 1.291740e+01 9.132897e+03 1.181984e+04 3.2169 5.945156e-01
7.020000e-01 1.886290e+00 2.372454e+00 2.776746e+00 1.292630e+01 9.144382e+03 1.181077e+04 3.22103 5.954439e-01
7.010000e-01 1.886290e+00 2.373615e+00 2.778060e+00 1.293523e+01 9.155799e+03 1.180168e+04 3.22516 5.963679e-01
7.000000e-01 1.886290e+00 2.374774e+00 2.779372e+00 1.294419e+01 9.167148e+03 1.179256e+04 3.22929 5.972879e-01
6.990000e-01 1.886290e+00 2.375932e+00 2.780682e+00 1.295318e+01 9.178431e+03 1.178340e+04 3.23342 5.982041e-01
6.980000e-01 1.886290e+00 2.377088e+00 2.781992e+00 1.296220e+01 9.189653e+03 1.177420e+04 3.23754 5.991166e-01
6.970000e-01 1.886290e+00 2.378243e+00 2.783299e+00 1.297126e+01 9.200803e+03 1.176498e+04 3.24167 6.000248e-01
6.960000e-01 1.886290e+00 2.379397e+00 2.784606e+00 1.298034e+01 9.211884e+03 1.175572e+04 3.2458 6.009289e-01
6.950000e-01 1.886290e+00 2.380548e+00 2.785909e+00 1.298945e+01 9.222893e+03 1.174643e+04 3.24992 6.018286e-01
6.940000e-01 1.886290e+00 2.381696e+00 2.787207e+00 1.299859e+01 9.233812e+03 1.173711e+04 3.25403 6.027228e-01
6.930000e-01 1.886290e+00 2.382840e+00 2.788502e+00 1.300774e+01 9.244648e+03 1.172777e+04 3.25814 6.036119e-01
6.920000e-01 1.886290e+00 2.383982e+00 2.789793e+00 1.301693e+01 9.255419e+03 1.171839e+04 3.26225 6.044971e-01
6.910000e-01 1.886290e+00 2.385123e+00 2.791084e+00 1.302617e+01 9.266151e+03 1.170895e+04 3.26636 6.053803e-01
6.900000e-01 1.886290e+00 2.386265e+00 2.792375e+00 1.303545e+01 9.276837e+03 1.169946e+04 3.27046 6.062606e-01
6.890000e-01 1.886290e+00 2.387407e+00 2.793668e+00 1.304478e+01 9.287474e+03 1.168992e+04 3.27458 6.071378e-01
6.880000e-01 1.886290e+00 2.388548e+00 2.794960e+00 1.305415e+01 9.298066e+03 1.168033e+04 3.27869 6.080123e-01
6.870000e-01 1.886290e+00 2.389687e+00 2.796251e+00 1.306356e+01 9.308591e+03 1.167070e+04 3.2828 6.088823e-01
6.860000e-01 1.886290e+00 2.390860e+00 2.797586e+00 1.307310e+01 9.319013e+03 1.166093e+04 3.28695 6.097363e-01
6.850000e-01 1.886290e+00 2.391996e+00 2.798873e+00 1.308257e+01 9.329398e+03 1.165122e+04 3.29105 6.105967e-01
6.840000e-01 1.886290e+00 2.393129e+00 2.800156e+00 1.309208e+01 9.339725e+03 1.164147e+04 3.29514 6.114538e-01
6.830000e-01 1.886290e+00 2.394259e+00 2.801437e+00 1.310163e+01 9.349984e+03 1.163167e+04 3.29923 6.123066e-01
6.820000e-01 1.886290e+00 2.395386e+00 2.802713e+00 1.311120e+01 9.360166e+03 1.162184e+04 3.30331 6.131542e-01
6.810000e-01 1.886290e+00 2.396510e+00 2.803987e+00 1.312081e+01 9.370283e+03 1.161197e+04 3.30739 6.139976e-01
6.800000e-01 1.886290e+00 2.397631e+00 2.805256e+00 1.313045e+01 9.380317e+03 1.160207e+04 3.31146 6.148357e-01
6.790000e-01 1.886290e+00 2.398746e+00 2.806518e+00 1.314010e+01 9.390261e+03 1.159214e+04 3.31551 6.156680e-01
6.780000e-01 1.886290e+00 2.399858e+00 2.807776e+00 1.314979e+01 9.400125e+03 1.158217e+04 3.31956 6.164954e-01
6.770000e-01 1.886290e+00 2.400968e+00 2.809031e+00 1.315953e+01 9.409945e+03 1.157214e+04 3.3236 6.173200e-01
6.760000e-01 1.886290e+00 2.402078e+00 2.810287e+00 1.316932e+01 9.419718e+03 1.156205e+04 3.32765 6.181418e-01
6.750000e-01 1.886290e+00 2.403185e+00 2.811542e+00 1.317915e+01 9.429437e+03 1.155191e+04 3.33169 6.189599e-01
6.740000e-01 1.886290e+00 2.404292e+00 2.812795e+00 1.318904e+01 9.439108e+03 1.154171e+04 3.33572 6.197747e-01
6.730000e-01 1.886290e+00 2.405396e+00 2.814046e+00 1.319897e+01 9.448716e+03 1.153146e+04 3.33975 6.205852e-01
6.720000e-01 1.886290e+00 2.406497e+00 2.815293e+00 1.320893e+01 9.458250e+03 1.152117e+04 3.34378 6.213906e-01
6.710000e-01 1.886290e+00 2.407594e+00 2.816537e+00 1.321893e+01 9.467714e+03 1.151083e+04 3.34779 6.221913e-01
6.700000e-01 1.886290e+00 2.408688e+00 2.817776e+00 1.322897e+01 9.477114e+03 1.150045e+04 3.35179 6.229877e-01
6.690000e-01 1.886290e+00 2.409778e+00 2.819012e+00 1.323905e+01 9.486445e+03 1.149002e+04 3.35579 6.237794e-01
6.680000e-01 1.886290e+00 2.410865e+00 2.820245e+00 1.324917e+01 9.495700e+03 1.147954e+04 3.35977 6.245662e-01
6.670000e-01 1.886290e+00 2.411949e+00 2.821473e+00 1.325933e+01 9.504879e+03 1.146903e+04 3.36375 6.253482e-01
6.660000e-01 1.886290e+00 2.413028e+00 2.822697e+00 1.326951e+01 9.513979e+03 1.145848e+04 3.36772 6.261252e-01
6.650000e-01 1.886290e+00 2.414102e+00 2.823913e+00 1.327973e+01 9.522983e+03 1.144790e+04 3.37168 6.268959e-01
6.640000e-01 1.886290e+00 2.415170e+00 2.825123e+00 1.328997e+01 9.531902e+03 1.143729e+04 3.37562 6.276614e-01
6.630000e-01 1.886290e+00 2.416236e+00 2.826331e+00 1.330027e+01 9.540767e+03 1.142662e+04 3.37956 6.284237e-01
6.620000e-01 1.886290e+00 2.417334e+00 2.827582e+00 1.331072e+01 9.549548e+03 1.141578e+04 3.38355 6.291717e-01
6.610000e-01 1.886290e+00 2.418397e+00 2.828788e+00 1.332114e+01 9.558299e+03 1.140497e+04 3.38748 6.299261e-01
6.600000e-01 1.886290e+00 2.419457e+00 2.829991e+00 1.333161e+01 9.566999e+03 1.139411e+04 3.39141 6.306773e-01
6.590000e-01 1.886290e+00 2.420513e+00 2.831190e+00 1.334212e+01 9.575636e+03 1.138320e+04 3.39532 6.314239e-01
6.580000e-01 1.886290e+00 2.421565e+00 2.832384e+00 1.335268e+01 9.584194e+03 1.137224e+04 3.39923 6.321651e-01
6.570000e-01 1.886290e+00 2.422612e+00 2.833573e+00 1.336327e+01 9.592678e+03 1.136123e+04 3.40311 6.329011e-01
6.560000e-01 1.886290e+00 2.423655e+00 2.834757e+00 1.337391e+01 9.601098e+03 1.135016e+04 3.40699 6.336324e-01
6.550000e-01 1.886290e+00 2.424693e+00 2.835935e+00 1.338460e+01 9.609443e+03 1.133904e+04 3.41085 6.343584e-01
6.540000e-01 1.886290e+00 2.425725e+00 2.837108e+00 1.339532e+01 9.617713e+03 1.132787e+04 3.41469 6.350788e-01
6.530000e-01 1.886290e+00 2.426752e+00 2.838273e+00 1.340609e+01 9.625905e+03 1.131665e+04 3.41852 6.357935e-01
6.520000e-01 1.886290e+00 2.427772e+00 2.839431e+00 1.341689e+01 9.634017e+03 1.130538e+04 3.42232 6.365024e-01
6.510000e-01 1.886290e+00 2.428785e+00 2.840579e+00 1.342772e+01 9.642032e+03 1.129408e+04 3.42611 6.372043e-01
6.500000e-01 1.886290e+00 2.429791e+00 2.841719e+00 1.343858e+01 9.649962e+03 1.128273e+04 3.42987 6.379003e-01
6.490000e-01 1.886290e+00 2.430793e+00 2.842855e+00 1.344951e+01 9.657838e+03 1.127130e+04 3.43362 6.385927e-01
6.480000e-01 1.886290e+00 2.431791e+00 2.843987e+00 1.346050e+01 9.665658e+03 1.125981e+04 3.43737 6.392810e-01
6.470000e-01 1.886290e+00 2.432786e+00 2.845116e+00 1.347154e+01 9.673412e+03 1.124824e+04 3.4411 6.399646e-01
6.460000e-01 1.886290e+00 2.433776e+00 2.846240e+00 1.348265e+01 9.681107e+03 1.123661e+04 3.44481 6.406437e-01
6.450000e-01 1.886290e+00 2.434762e+00 2.847360e+00 1.349381e+01 9.688730e+03 1.122492e+04 3.44851 6.413175e-01
6.440000e-01 1.886290e+00 2.435742e+00 2.848473e+00 1.350502e+01 9.696271e+03 1.121318e+04 3.4522 6.419855e-01
6.430000e-01 1.886290e+00 2.436747e+00 2.849621e+00 1.351636e+01 9.703699e+03 1.120128e+04 3.4559 6.426365e-01
6.420000e-01 1.886290e+00 2.437716e+00 2.850723e+00 1.352767e+01 9.711093e+03 1.118942e+04 3.45955 6.432930e-01
6.410000e-01 1.886290e+00 2.438678e+00 2.851817e+00 1.353902e+01 9.718409e+03 1.117750e+04 3.46318 6.439442e-01
6.400000e-01 1.886290e+00 2.439634e+00 2.852902e+00 1.355042e+01 9.725642e+03 1.116552e+04 3.46678 6.445891e-01
6.390000e-01 1.886290e+00 2.440581e+00 2.853980e+00 1.356186e+01 9.732798e+03 1.115349e+04 3.47036 6.452280e-01
6.380000e-01 1.886290e+00 2.441521e+00 2.855046e+00 1.357334e+01 9.739861e+03 1.114141e+04 3.47391 6.458598e-01
6.370000e-01 1.886290e+00 2.442451e+00 2.856101e+00 1.358485e+01 9.746829e+03 1.112929e+04 3.47743 6.464843e-01
6.360000e-01 1.886290e+00 2.443373e+00 2.857146e+00 1.359641e+01 9.753718e+03 1.111710e+04 3.48093 6.471027e-01
6.350000e-01 1.886290e+00 2.444288e+00 2.858184e+00 1.360804e+01 9.760550e+03 1.110482e+04 3.4844 6.477164e-01
6.340000e-01 1.886290e+00 2.445198e+00 2.859216e+00 1.361974e+01 9.767318e+03 1.109246e+04 3.48785 6.483247e-01
6.330000e-01 1.886290e+00 2.446102e+00 2.860241e+00 1.363151e+01 9.774015e+03 1.108003e+04 3.49128 6.489272e-01
6.320000e-01 1.886290e+00 2.446998e+00 2.861259e+00 1.364333e+01 9.780648e+03 1.106751e+04 3.49468 6.495240e-01
6.310000e-01 1.886290e+00 2.447888e+00 2.862269e+00 1.365521e+01 9.787198e+03 1.105493e+04 3.49806 6.501142e-01
6.300000e-01 1.886290e+00 2.448769e+00 2.863269e+00 1.366714e+01 9.793665e+03 1.104229e+04 3.50141 6.506978e-01
6.290000e-01 1.886290e+00 2.449642e+00 2.864261e+00 1.367913e+01 9.800056e+03 1.102957e+04 3.50472 6.512751e-01
6.280000e-01 1.886290e+00 2.450537e+00 2.865283e+00 1.369127e+01 9.806328e+03 1.101669e+04 3.50806 6.518352e-01
6.270000e-01 1.886290e+00 2.451396e+00 2.866260e+00 1.370337e+01 9.812551e+03 1.100385e+04 3.51133 6.523993e-01
6.260000e-01 1.886290e+00 2.452246e+00 2.867226e+00 1.371552e+01 9.818688e+03 1.099095e+04 3.51457 6.529572e-01
6.250000e-01 1.886290e+00 2.453086e+00 2.868180e+00 1.372773e+01 9.824736e+03 1.097799e+04 3.51778 6.535084e-01
6.240000e-01 1.886290e+00 2.453917e+00 2.869124e+00 1.373997e+01 9.830682e+03 1.096499e+04 3.52096 6.540519e-01
6.230000e-01 1.886290e+00 2.454738e+00 2.870055e+00 1.375225e+01 9.836533e+03 1.095194e+04 3.52411 6.545884e-01
6.220000e-01 1.886290e+00 2.455551e+00 2.870977e+00 1.376461e+01 9.842314e+03 1.093881e+04 3.52723 6.551195e-01
6.210000e-01 1.886290e+00 2.456357e+00 2.871892e+00 1.377704e+01 9.848027e+03 1.092558e+04 3.53033 6.556447e-01
6.200000e-01 1.886290e+00 2.457155e+00 2.872798e+00 1.378956e+01 9.853662e+03 1.091226e+04 3.53339 6.561636e-01
6.190000e-01 1.886290e+00 2.457944e+00 2.873696e+00 1.380214e+01 9.859225e+03 1.089887e+04 3.53643 6.566763e-01
6.180000e-01 1.886290e+00 2.458725e+00 2.874584e+00 1.381479e+01 9.864705e+03 1.088539e+04 3.53944 6.571820e-01
6.170000e-01 1.886290e+00 2.459496e+00 2.875461e+00 1.382750e+01 9.870096e+03 1.087185e+04 3.54241 6.576803e-01
6.160000e-01 1.886290e+00 2.460258e+00 2.876328e+00 1.384027e+01 9.875401e+03 1.085824e+04 3.54534 6.581718e-01
6.150000e-01 1.886290e+00 2.461010e+00 2.877186e+00 1.385311e+01 9.880626e+03 1.084456e+04 3.54825 6.586568e-01
6.140000e-01 1.886290e+00 2.461752e+00 2.878030e+00 1.386601e+01 9.885761e+03 1.083079e+04 3.55112 6.591339e-01
6.130000e-01 1.886290e+00 2.462510e+00 2.878897e+00 1.387906e+01 9.890760e+03 1.081686e+04 3.55397 6.595915e-01
6.120000e-01 1.886290e+00 2.463231e+00 2.879718e+00 1.389208e+01 9.895712e+03 1.080295e+04 3.55676 6.600524e-01
6.110000e-01 1.886290e+00 2.463938e+00 2.880522e+00 1.390514e+01 9.900559e+03 1.078899e+04 3.5595 6.605050e-01
6.100000e-01 1.886290e+00 2.464633e+00 2.881310e+00 1.391824e+01 9.905306e+03 1.077498e+04 3.56219 6.609492e-01
6.090000e-01 1.886290e+00 2.465316e+00 2.882084e+00 1.393142e+01 9.909973e+03 1.076087e+04 3.56484 6.613862e-01
6.080000e-01 1.886290e+00 2.465987e+00 2.882847e+00 1.394469e+01 9.914567e+03 1.074665e+04 3.56745 6.618159e-01
6.070000e-01 1.886290e+00 2.466648e+00 2.883596e+00 1.395805e+01 9.919077e+03 1.073233e+04 3.57001 6.622375e-01
6.060000e-01 1.886290e+00 2.467297e+00 2.884333e+00 1.397149e+01 9.923507e+03 1.071790e+04 3.57253 6.626513e-01
6.050000e-01 1.886290e+00 2.467934e+00 2.885058e+00 1.398500e+01 9.927852e+03 1.070339e+04 3.575 6.630570e-01
6.040000e-01 1.886290e+00 2.468559e+00 2.885767e+00 1.399858e+01 9.932101e+03 1.068880e+04 3.57741 6.634538e-01
6.030000e-01 1.886290e+00 2.469170e+00 2.886460e+00 1.401222e+01 9.936257e+03 1.067412e+04 3.57978 6.638419e-01
6.020000e-01 1.886290e+00 2.469771e+00 2.887144e+00 1.402595e+01 9.940326e+03 1.065937e+04 3.58212 6.642230e-01
6.010000e-01 1.886290e+00 2.470388e+00 2.887851e+00 1.403984e+01 9.944256e+03 1.064443e+04 3.58444 6.645852e-01
6.000000e-01 1.886290e+00 2.470967e+00 2.888510e+00 1.405371e+01 9.948126e+03 1.062953e+04 3.58669 6.649496e-01
5.990000e-01 1.886290e+00 2.471534e+00 2.889154e+00 1.406765e+01 9.951900e+03 1.061455e+04 3.5889 6.653067e-01
5.980000e-01 1.886290e+00 2.469162e+00 2.886487e+00 1.407203e+01 9.963750e+03 1.061073e+04 3.58622 6.668797e-01
5.970000e-01 1.886290e+00 2.472615e+00 2.890381e+00 1.409563e+01 9.959152e+03 1.058450e+04 3.59318 6.660010e-01
5.960000e-01 1.886290e+00 2.470182e+00 2.887644e+00 1.410001e+01 9.970902e+03 1.058065e+04 3.59033 6.675727e-01
5.950000e-01 1.886290e+00 2.473683e+00 2.891599e+00 1.412409e+01 9.965961e+03 1.055394e+04 3.59731 6.666477e-01
5.940000e-01 1.886290e+00 2.471188e+00 2.888795e+00 1.412846e+01 9.977662e+03 1.055008e+04 3.59434 6.682260e-01
5.930000e-01 1.886290e+00 2.474676e+00 2.892729e+00 1.415284e+01 9.972464e+03 1.052305e+04 3.60121 6.672709e-01
5.920000e-01 1.886290e+00 2.472115e+00 2.889855e+00 1.415722e+01 9.984089e+03 1.051915e+04 3.59808 6.688502e-01
5.910000e-01 1.886290e+00 2.475609e+00 2.893792e+00 1.418193e+01 9.978586e+03 1.049176e+04 3.60488 6.678566e-01
5.900000e-01 1.886290e+00 2.472980e+00 2.890841e+00 1.418630e+01 9.990125e+03 1.048784e+04 3.60156 6.694347e-01
5.890000e-01 1.886290e+00 2.476479e+00 2.894781e+00 1.421136e+01 9.984316e+03 1.046009e+04 3.60829 6.684023e-01
5.880000e-01 1.886290e+00 2.473777e+00 2.891748e+00 1.421572e+01 9.995773e+03 1.045613e+04 3.60479 6.699805e-01
5.870000e-01 1.886290e+00 2.477286e+00 2.895700e+00 1.424110e+01 9.989649e+03 1.042804e+04 3.61145 6.689084e-01
5.860000e-01 1.886290e+00 2.474502e+00 2.892570e+00 1.424543e+01 1.000102e+04 1.042405e+04 3.60773 6.704855e-01
5.850000e-01 1.886290e+00 2.478051e+00 2.896569e+00 1.427122e+01 9.994497e+03 1.039556e+04 3.61438 6.693618e-01
5.840000e-01 1.886290e+00 2.475188e+00 2.893346e+00 1.427550e+01 1.000577e+04 1.039159e+04 3.61046 6.709397e-01
5.830000e-01 1.886290e+00 2.478737e+00 2.897345e+00 1.430156e+01 9.998967e+03 1.036290e+04 3.61708 6.697909e-01
5.820000e-01 1.886290e+00 2.475813e+00 2.894058e+00 1.430586e+01 1.001017e+04 1.035889e+04 3.61302 6.713735e-01
5.810000e-01 1.886290e+00 2.479372e+00 2.898066e+00 1.433235e+01 1.000305e+04 1.032980e+04 3.61959 6.701877e-01
5.800000e-01 1.886290e+00 2.476390e+00 2.894720e+00 1.433668e+01 1.001418e+04 1.032576e+04 3.61541 6.717722e-01
5.790000e-01 1.886290e+00 2.479946e+00 2.898722e+00 1.436357e+01 1.000673e+04 1.029630e+04 3.62188 6.705472e-01
5.780000e-01 1.886290e+00 2.476895e+00 2.895298e+00 1.436789e+01 1.001777e+04 1.029223e+04 3.61752 6.721316e-01
5.770000e-01 1.886290e+00 2.480457e+00 2.899307e+00 1.439514e+01 1.000999e+04 1.026242e+04 3.62392 6.708663e-01
5.760000e-01 1.886290e+00 2.477322e+00 2.895788e+00 1.439946e+01 1.002096e+04 1.025831e+04 3.61934 6.724511e-01
5.750000e-01 1.886290e+00 2.480916e+00 2.899834e+00 1.442721e+01 1.001277e+04 1.022800e+04 3.62567 6.711284e-01
5.740000e-01 1.886290e+00 2.477698e+00 2.896221e+00 1.443148e+01 1.002367e+04 1.022390e+04 3.62088 6.727151e-01
5.730000e-01 1.886290e+00 2.481275e+00 2.900239e+00 1.445953e+01 1.001515e+04 1.019330e+04 3.62708 6.713549e-01
5.720000e-01 1.886290e+00 2.477966e+00 2.896517e+00 1.446376e+01 1.002594e+04 1.018918e+04 3.62204 6.729384e-01
5.710000e-01 1.886290e+00 2.481564e+00 2.900563e+00 1.449215e+01 1.001708e+04 1.015831e+04 3.62822 6.715383e-01
5.700000e-01 1.886290e+00 2.478179e+00 2.896755e+00 1.449639e+01 1.002780e+04 1.015415e+04 3.623 6.731245e-01
5.690000e-01 1.886290e+00 2.481788e+00 2.900813e+00 1.452529e+01 1.001858e+04 1.012285e+04 3.62911 6.716828e-01
5.680000e-01 1.886290e+00 2.478353e+00 2.896958e+00 1.452957e+01 1.002922e+04 1.011865e+04 3.62378 6.732719e-01
5.670000e-01 1.886290e+00 2.481979e+00 2.901036e+00 1.455900e+01 1.001960e+04 1.008688e+04 3.62983 6.717804e-01
5.660000e-01 1.886290e+00 2.482042e+00 2.901110e+00 1.457598e+01 1.001997e+04 1.006881e+04 3.63009 6.718202e-01
5.650000e-01 1.886290e+00 2.482084e+00 2.901160e+00 1.459305e+01 1.002023e+04 1.005064e+04 3.63027 6.718481e-01
5.640000e-01 1.886290e+00 2.482103e+00 2.901181e+00 1.461026e+01 1.002036e+04 1.003233e+04 3.63036 6.718626e-01
5.630000e-01 1.886290e+00 2.482104e+00 2.901184e+00 1.462757e+01 1.002039e+04 1.001392e+04 3.63036 6.718655e-01
5.634595e-01 1.886290e+00 2.482456e+00 2.901643e+00 1.462102e+01 1.001961e+04 1.002093e+04 3.63076 6.716948e-01
5.633566e-01 1.886290e+00 2.482284e+00 2.901384e+00 1.462205e+01 1.001991e+04 1.001976e+04 3.63066 6.717901e-01
