1.000000e+00 1.919060e+00 2.077827e+00 2.449409e+00 1.113360e+01 0.000000e+00 1.413490e+04 0 0.000000e+00
9.990000e-01 1.919060e+00 2.079057e+00 2.450505e+00 1.114080e+01 5.579943e+02 1.406011e+04 2.25387 3.310652e-02
9.980000e-01 1.919060e+00 2.079297e+00 2.450698e+00 1.114313e+01 8.021425e+02 1.403104e+04 2.32999 4.918800e-02
9.970000e-01 1.919060e+00 2.080656e+00 2.452341e+00 1.114865e+01 9.788378e+02 1.400719e+04 2.26037 5.815355e-02
9.960000e-01 1.919060e+00 2.080946e+00 2.452610e+00 1.115109e+01 1.137705e+03 1.398852e+04 2.29377 6.857177e-02
9.950000e-01 1.919060e+00 2.082262e+00 2.454191e+00 1.115651e+01 1.266464e+03 1.397026e+04 2.26534 7.529110e-02
9.940000e-01 1.919060e+00 2.082533e+00 2.454431e+00 1.115896e+01 1.392360e+03 1.395562e+04 2.2866 8.353052e-02
9.930000e-01 1.919060e+00 2.083841e+00 2.455989e+00 1.116440e+01 1.497279e+03 1.394005e+04 2.27016 8.906707e-02
9.920000e-01 1.919060e+00 2.084071e+00 2.456166e+00 1.116682e+01 1.604391e+03 1.392769e+04 2.2856 9.606657e-02
9.910000e-01 1.919060e+00 2.085393e+00 2.457727e+00 1.117233e+01 1.695207e+03 1.391364e+04 2.2749 1.009011e-01
9.900000e-01 1.919060e+00 2.085613e+00 2.457887e+00 1.117477e+01 1.790650e+03 1.390271e+04 2.28742 1.071459e-01
9.890000e-01 1.919060e+00 2.086943e+00 2.459451e+00 1.118033e+01 1.872221e+03 1.388965e+04 2.27961 1.115023e-01
9.880000e-01 1.919060e+00 2.087162e+00 2.459606e+00 1.118279e+01 1.959204e+03 1.387974e+04 2.29025 1.172028e-01
9.870000e-01 1.919060e+00 2.088504e+00 2.461185e+00 1.118839e+01 2.034484e+03 1.386736e+04 2.28433 1.212356e-01
9.860000e-01 1.919060e+00 2.088738e+00 2.461361e+00 1.119087e+01 2.115123e+03 1.385822e+04 2.29374 1.265314e-01
9.850000e-01 1.919060e+00 2.090077e+00 2.462935e+00 1.119647e+01 2.184841e+03 1.384645e+04 2.28905 1.302681e-01
9.840000e-01 1.919060e+00 2.090291e+00 2.463083e+00 1.119894e+01 2.259621e+03 1.383801e+04 2.29717 1.351767e-01
9.830000e-01 1.919060e+00 2.091629e+00 2.464649e+00 1.120455e+01 2.323824e+03 1.382682e+04 2.29372 1.386314e-01
9.820000e-01 1.919060e+00 2.091807e+00 2.464742e+00 1.120698e+01 2.393685e+03 1.381897e+04 2.30078 1.432144e-01
9.810000e-01 1.919060e+00 2.093164e+00 2.466324e+00 1.121266e+01 2.454103e+03 1.380812e+04 2.29838 1.464858e-01
9.800000e-01 1.919060e+00 2.093352e+00 2.466428e+00 1.121514e+01 2.520881e+03 1.380064e+04 2.30506 1.508819e-01
9.790000e-01 1.919060e+00 2.094720e+00 2.468024e+00 1.122087e+01 2.579013e+03 1.379001e+04 2.30309 1.540282e-01
9.780000e-01 1.919060e+00 2.094933e+00 2.468163e+00 1.122340e+01 2.643184e+03 1.378284e+04 2.30949 1.582667e-01
9.770000e-01 1.919060e+00 2.096308e+00 2.469771e+00 1.122916e+01 2.699346e+03 1.377241e+04 2.30786 1.613037e-01
9.760000e-01 1.919060e+00 2.096543e+00 2.469943e+00 1.123172e+01 2.761057e+03 1.376552e+04 2.31395 1.653900e-01
9.750000e-01 1.919060e+00 2.097918e+00 2.471555e+00 1.123748e+01 2.815046e+03 1.375533e+04 2.31265 1.683083e-01
9.740000e-01 1.919060e+00 2.098157e+00 2.471734e+00 1.124005e+01 2.874204e+03 1.374873e+04 2.31835 1.722293e-01
9.730000e-01 1.919060e+00 2.099533e+00 2.473347e+00 1.124581e+01 2.925777e+03 1.373880e+04 2.31745 1.750222e-01
9.720000e-01 1.919060e+00 2.099761e+00 2.473512e+00 1.124836e+01 2.982493e+03 1.373250e+04 2.32273 1.787827e-01
9.710000e-01 1.919060e+00 2.101144e+00 2.475132e+00 1.125414e+01 3.031933e+03 1.372279e+04 2.32225 1.814696e-01
9.700000e-01 1.919060e+00 2.101369e+00 2.475291e+00 1.125671e+01 3.086681e+03 1.371671e+04 2.32725 1.851051e-01
9.690000e-01 1.919060e+00 2.102758e+00 2.476918e+00 1.126251e+01 3.134307e+03 1.370716e+04 2.32707 1.876978e-01
9.680000e-01 1.919060e+00 2.102982e+00 2.477076e+00 1.126509e+01 3.187303e+03 1.370129e+04 2.33185 1.912227e-01
9.670000e-01 1.919060e+00 2.104380e+00 2.478715e+00 1.127094e+01 3.233562e+03 1.369186e+04 2.33192 1.937461e-01
9.660000e-01 1.919060e+00 2.104611e+00 2.478881e+00 1.127353e+01 3.285070e+03 1.368615e+04 2.33653 1.971788e-01
9.650000e-01 1.919060e+00 2.106012e+00 2.480523e+00 1.127939e+01 3.329824e+03 1.367685e+04 2.33679 1.996211e-01
9.640000e-01 1.919060e+00 2.106231e+00 2.480672e+00 1.128198e+01 3.379616e+03 1.367134e+04 2.34113 2.029405e-01
9.630000e-01 1.919060e+00 2.107635e+00 2.482314e+00 1.128784e+01 3.422567e+03 1.366220e+04 2.34165 2.052916e-01
9.620000e-01 1.919060e+00 2.107833e+00 2.482434e+00 1.129041e+01 3.470783e+03 1.365686e+04 2.34574 2.085078e-01
9.610000e-01 1.919060e+00 2.109295e+00 2.484146e+00 1.129642e+01 3.512480e+03 1.364769e+04 2.34662 2.107989e-01
9.600000e-01 1.919060e+00 2.109472e+00 2.484237e+00 1.129896e+01 3.559798e+03 1.364251e+04 2.35059 2.139648e-01
9.590000e-01 1.919060e+00 2.110930e+00 2.485944e+00 1.130500e+01 3.600740e+03 1.363340e+04 2.35154 2.162141e-01
9.580000e-01 1.919060e+00 2.111119e+00 2.486052e+00 1.130757e+01 3.647119e+03 1.362832e+04 2.35546 2.193247e-01
9.570000e-01 1.919060e+00 2.112585e+00 2.487771e+00 1.131363e+01 3.687322e+03 1.361927e+04 2.35651 2.215334e-01
9.560000e-01 1.919060e+00 2.112786e+00 2.487897e+00 1.131623e+01 3.732763e+03 1.361429e+04 2.36036 2.245874e-01
9.550000e-01 1.919060e+00 2.114256e+00 2.489622e+00 1.132231e+01 3.772100e+03 1.360532e+04 2.36151 2.267490e-01
9.540000e-01 1.919060e+00 2.114458e+00 2.489749e+00 1.132492e+01 3.816492e+03 1.360046e+04 2.36524 2.297363e-01
9.530000e-01 1.919060e+00 2.115930e+00 2.491478e+00 1.133101e+01 3.854783e+03 1.359160e+04 2.36652 2.318437e-01
9.520000e-01 1.919060e+00 2.116126e+00 2.491597e+00 1.133361e+01 3.898142e+03 1.358685e+04 2.37013 2.347649e-01
9.510000e-01 1.919060e+00 2.117608e+00 2.493336e+00 1.133973e+01 3.935531e+03 1.357805e+04 2.37155 2.368278e-01
9.500000e-01 1.919060e+00 2.117802e+00 2.493452e+00 1.134235e+01 3.977996e+03 1.357339e+04 2.37506 2.396935e-01
9.490000e-01 1.919060e+00 2.119289e+00 2.495198e+00 1.134850e+01 4.014518e+03 1.356464e+04 2.37661 2.417115e-01
9.480000e-01 1.919060e+00 2.119484e+00 2.495315e+00 1.135113e+01 4.056179e+03 1.356007e+04 2.38004 2.445280e-01
9.470000e-01 1.919060e+00 2.120980e+00 2.497071e+00 1.135731e+01 4.092023e+03 1.355136e+04 2.38169 2.465113e-01
9.460000e-01 1.919060e+00 2.121175e+00 2.497188e+00 1.135995e+01 4.132884e+03 1.354687e+04 2.38504 2.492777e-01
9.450000e-01 1.919060e+00 2.122675e+00 2.498948e+00 1.136614e+01 4.167844e+03 1.353823e+04 2.38678 2.512146e-01
9.440000e-01 1.919060e+00 2.122854e+00 2.499044e+00 1.136876e+01 4.207728e+03 1.353386e+04 2.38999 2.539158e-01
9.430000e-01 1.919060e+00 2.124360e+00 2.500809e+00 1.137497e+01 4.241678e+03 1.352529e+04 2.39187 2.558036e-01
9.420000e-01 1.919060e+00 2.124531e+00 2.500891e+00 1.137759e+01 4.280830e+03 1.352100e+04 2.39499 2.584598e-01
9.410000e-01 1.919060e+00 2.126051e+00 2.502672e+00 1.138386e+01 4.314310e+03 1.351243e+04 2.39699 2.603264e-01
9.400000e-01 1.919060e+00 2.126231e+00 2.502767e+00 1.138653e+01 4.353037e+03 1.350818e+04 2.40012 2.629616e-01
9.390000e-01 1.919060e+00 2.127761e+00 2.504559e+00 1.139284e+01 4.386153e+03 1.349960e+04 2.40217 2.648067e-01
9.380000e-01 1.919060e+00 2.127952e+00 2.504670e+00 1.139554e+01 4.424406e+03 1.349538e+04 2.4053 2.674159e-01
9.370000e-01 1.919060e+00 2.129488e+00 2.506471e+00 1.140189e+01 4.457109e+03 1.348681e+04 2.40739 2.692377e-01
9.360000e-01 1.919060e+00 2.129686e+00 2.506591e+00 1.140460e+01 4.494799e+03 1.348265e+04 2.41048 2.718127e-01
9.350000e-01 1.919060e+00 2.131226e+00 2.508399e+00 1.141097e+01 4.526930e+03 1.347411e+04 2.41263 2.736040e-01
9.340000e-01 1.919060e+00 2.131420e+00 2.508514e+00 1.141368e+01 4.563958e+03 1.347002e+04 2.41565 2.761367e-01
9.330000e-01 1.919060e+00 2.132967e+00 2.510329e+00 1.142007e+01 4.595444e+03 1.346153e+04 2.41789 2.778959e-01
9.320000e-01 1.919060e+00 2.133158e+00 2.510439e+00 1.142279e+01 4.631902e+03 1.345749e+04 2.42085 2.803937e-01
9.310000e-01 1.919060e+00 2.134712e+00 2.512263e+00 1.142921e+01 4.662861e+03 1.344902e+04 2.42316 2.821265e-01
9.300000e-01 1.919060e+00 2.134902e+00 2.512372e+00 1.143194e+01 4.698785e+03 1.344503e+04 2.42608 2.845920e-01
9.290000e-01 1.919060e+00 2.136465e+00 2.514206e+00 1.143839e+01 4.729262e+03 1.343656e+04 2.42847 2.863005e-01
9.280000e-01 1.919060e+00 2.136657e+00 2.514318e+00 1.144114e+01 4.764734e+03 1.343261e+04 2.43137 2.887399e-01
9.270000e-01 1.919060e+00 2.138227e+00 2.516159e+00 1.144763e+01 4.794745e+03 1.342415e+04 2.43381 2.904234e-01
9.260000e-01 1.919060e+00 2.138412e+00 2.516263e+00 1.145037e+01 4.829636e+03 1.342025e+04 2.43663 2.928255e-01
9.250000e-01 1.919060e+00 2.139986e+00 2.518108e+00 1.145687e+01 4.858955e+03 1.341183e+04 2.43915 2.944736e-01
9.240000e-01 1.919060e+00 2.140156e+00 2.518189e+00 1.145960e+01 4.893186e+03 1.340800e+04 2.44187 2.968320e-01
9.230000e-01 1.919060e+00 2.141741e+00 2.520047e+00 1.146613e+01 4.921953e+03 1.339960e+04 2.44449 2.984556e-01
9.220000e-01 1.919060e+00 2.141913e+00 2.520131e+00 1.146888e+01 4.955865e+03 1.339580e+04 2.44721 3.007981e-01
9.210000e-01 1.919060e+00 2.143510e+00 2.522002e+00 1.147547e+01 4.984410e+03 1.338736e+04 2.44989 3.024101e-01
9.200000e-01 1.919060e+00 2.143691e+00 2.522097e+00 1.147826e+01 5.018036e+03 1.338358e+04 2.45262 3.047387e-01
9.190000e-01 1.919060e+00 2.145296e+00 2.523980e+00 1.148490e+01 5.046337e+03 1.337512e+04 2.45533 3.063366e-01
9.180000e-01 1.919060e+00 2.145485e+00 2.524086e+00 1.148771e+01 5.079629e+03 1.337135e+04 2.45806 3.086467e-01
9.170000e-01 1.919060e+00 2.147096e+00 2.525976e+00 1.149437e+01 5.107579e+03 1.336290e+04 2.46081 3.102250e-01
9.160000e-01 1.919060e+00 2.147284e+00 2.526082e+00 1.149718e+01 5.140427e+03 1.335918e+04 2.4635 3.125072e-01
9.150000e-01 1.919060e+00 2.148900e+00 2.527979e+00 1.150386e+01 5.167895e+03 1.335075e+04 2.4663 3.140608e-01
9.140000e-01 1.919060e+00 2.149082e+00 2.528078e+00 1.150668e+01 5.200283e+03 1.334707e+04 2.46894 3.163141e-01
9.130000e-01 1.919060e+00 2.150707e+00 2.529985e+00 1.151338e+01 5.227336e+03 1.333865e+04 2.4718 3.178478e-01
9.120000e-01 1.919060e+00 2.150887e+00 2.530081e+00 1.151621e+01 5.259348e+03 1.333501e+04 2.47442 3.200790e-01
9.110000e-01 1.919060e+00 2.152520e+00 2.531997e+00 1.152295e+01 5.286034e+03 1.332659e+04 2.47734 3.215941e-01
9.100000e-01 1.919060e+00 2.152701e+00 2.532093e+00 1.152580e+01 5.317715e+03 1.332297e+04 2.47994 3.238066e-01
9.090000e-01 1.919060e+00 2.154343e+00 2.534020e+00 1.153258e+01 5.344107e+03 1.331454e+04 2.48291 3.253067e-01
9.080000e-01 1.919060e+00 2.154523e+00 2.534115e+00 1.153544e+01 5.375440e+03 1.331095e+04 2.48548 3.274988e-01
9.070000e-01 1.919060e+00 2.156170e+00 2.536048e+00 1.154225e+01 5.401393e+03 1.330252e+04 2.48849 3.289755e-01
9.060000e-01 1.919060e+00 2.156337e+00 2.536125e+00 1.154509e+01 5.432242e+03 1.329898e+04 2.491 3.311359e-01
9.050000e-01 1.919060e+00 2.157993e+00 2.538067e+00 1.155192e+01 5.457691e+03 1.329056e+04 2.49409 3.325887e-01
9.040000e-01 1.919060e+00 2.158155e+00 2.538137e+00 1.155478e+01 5.488231e+03 1.328705e+04 2.49657 3.347321e-01
9.030000e-01 1.919060e+00 2.159825e+00 2.540094e+00 1.156167e+01 5.513494e+03 1.327860e+04 2.49972 3.361769e-01
9.020000e-01 1.919060e+00 2.159995e+00 2.540175e+00 1.156456e+01 5.543856e+03 1.327508e+04 2.50222 3.383134e-01
9.010000e-01 1.919060e+00 2.161674e+00 2.542144e+00 1.157150e+01 5.568958e+03 1.326659e+04 2.5054 3.397486e-01
9.000000e-01 1.919060e+00 2.161853e+00 2.542236e+00 1.157442e+01 5.599111e+03 1.326308e+04 2.50792 3.418752e-01
8.990000e-01 1.919060e+00 2.163539e+00 2.544214e+00 1.158141e+01 5.623991e+03 1.325457e+04 2.51112 3.432974e-01
8.980000e-01 1.919060e+00 2.163718e+00 2.544309e+00 1.158434e+01 5.653836e+03 1.325108e+04 2.51362 3.454056e-01
8.970000e-01 1.919060e+00 2.165411e+00 2.546294e+00 1.159134e+01 5.678356e+03 1.324258e+04 2.51687 3.468088e-01
8.960000e-01 1.919060e+00 2.165583e+00 2.546380e+00 1.159427e+01 5.707825e+03 1.323912e+04 2.51932 3.488929e-01
8.950000e-01 1.919060e+00 2.167284e+00 2.548376e+00 1.160130e+01 5.731980e+03 1.323062e+04 2.52263 3.502785e-01
8.940000e-01 1.919060e+00 2.167453e+00 2.548458e+00 1.160424e+01 5.761134e+03 1.322720e+04 2.52506 3.523441e-01
8.930000e-01 1.919060e+00 2.169161e+00 2.550462e+00 1.161129e+01 5.784975e+03 1.321869e+04 2.52841 3.537138e-01
8.920000e-01 1.919060e+00 2.169328e+00 2.550541e+00 1.161424e+01 5.813851e+03 1.321528e+04 2.53082 3.557636e-01
8.910000e-01 1.919060e+00 2.171046e+00 2.552557e+00 1.162134e+01 5.837444e+03 1.320675e+04 2.53422 3.571211e-01
8.900000e-01 1.919060e+00 2.171213e+00 2.552635e+00 1.162431e+01 5.866064e+03 1.320336e+04 2.53662 3.591566e-01
8.890000e-01 1.919060e+00 2.172938e+00 2.554659e+00 1.163144e+01 5.889334e+03 1.319482e+04 2.54005 3.604968e-01
8.880000e-01 1.919060e+00 2.173093e+00 2.554723e+00 1.163440e+01 5.917588e+03 1.319147e+04 2.5424 3.625089e-01
8.870000e-01 1.919060e+00 2.174826e+00 2.556754e+00 1.164155e+01 5.940439e+03 1.318293e+04 2.54589 3.638285e-01
8.860000e-01 1.919060e+00 2.174975e+00 2.556809e+00 1.164452e+01 5.968425e+03 1.317960e+04 2.54821 3.658257e-01
8.850000e-01 1.919060e+00 2.176722e+00 2.558856e+00 1.165173e+01 5.991107e+03 1.317102e+04 2.55177 3.671384e-01
8.840000e-01 1.919060e+00 2.176877e+00 2.558919e+00 1.165473e+01 6.018963e+03 1.316768e+04 2.55411 3.691318e-01
8.830000e-01 1.919060e+00 2.178634e+00 2.560979e+00 1.166201e+01 6.041531e+03 1.315906e+04 2.5577 3.704377e-01
8.820000e-01 1.919060e+00 2.178797e+00 2.561053e+00 1.166504e+01 6.069243e+03 1.315572e+04 2.56007 3.724253e-01
8.810000e-01 1.919060e+00 2.180563e+00 2.563123e+00 1.167236e+01 6.091654e+03 1.314706e+04 2.56368 3.737219e-01
8.800000e-01 1.919060e+00 2.180728e+00 2.563200e+00 1.167541e+01 6.119142e+03 1.314372e+04 2.56604 3.756969e-01
8.790000e-01 1.919060e+00 2.182500e+00 2.565279e+00 1.168275e+01 6.141274e+03 1.313505e+04 2.56968 3.769783e-01
8.780000e-01 1.919060e+00 2.182658e+00 2.565347e+00 1.168580e+01 6.168462e+03 1.313174e+04 2.572 3.789346e-01
8.770000e-01 1.919060e+00 2.184439e+00 2.567437e+00 1.169318e+01 6.190289e+03 1.312307e+04 2.5757 3.802010e-01
8.760000e-01 1.919060e+00 2.184593e+00 2.567501e+00 1.169623e+01 6.217217e+03 1.311978e+04 2.578 3.821422e-01
8.750000e-01 1.919060e+00 2.186383e+00 2.569600e+00 1.170364e+01 6.238776e+03 1.311109e+04 2.58174 3.833950e-01
8.740000e-01 1.919060e+00 2.186533e+00 2.569659e+00 1.170671e+01 6.265468e+03 1.310782e+04 2.58402 3.853229e-01
8.730000e-01 1.919060e+00 2.188377e+00 2.571828e+00 1.171425e+01 6.286771e+03 1.309900e+04 2.58787 3.865569e-01
8.720000e-01 1.919060e+00 2.188496e+00 2.571846e+00 1.171727e+01 6.313277e+03 1.309580e+04 2.5901 3.884783e-01
8.710000e-01 1.919060e+00 2.190333e+00 2.574005e+00 1.172481e+01 6.334308e+03 1.308700e+04 2.59396 3.896999e-01
8.700000e-01 1.919060e+00 2.190440e+00 2.574008e+00 1.172782e+01 6.360509e+03 1.308384e+04 2.59614 3.916022e-01
8.690000e-01 1.919060e+00 2.192286e+00 2.576177e+00 1.173540e+01 6.381185e+03 1.307503e+04 2.60007 3.928063e-01
8.680000e-01 1.919060e+00 2.192387e+00 2.576171e+00 1.173842e+01 6.407180e+03 1.307188e+04 2.60223 3.946978e-01
8.670000e-01 1.919060e+00 2.194248e+00 2.578356e+00 1.174605e+01 6.427722e+03 1.306302e+04 2.6062 3.958963e-01
8.660000e-01 1.919060e+00 2.194354e+00 2.578358e+00 1.174911e+01 6.453614e+03 1.305986e+04 2.60839 3.977856e-01
8.650000e-01 1.919060e+00 2.196226e+00 2.580557e+00 1.175681e+01 6.474061e+03 1.305095e+04 2.6124 3.989783e-01
8.640000e-01 1.919060e+00 2.196339e+00 2.580567e+00 1.175989e+01 6.499840e+03 1.304778e+04 2.6146 4.008639e-01
8.630000e-01 1.919060e+00 2.198220e+00 2.582777e+00 1.176764e+01 6.520154e+03 1.303882e+04 2.61864 4.020484e-01
8.620000e-01 1.919060e+00 2.198333e+00 2.582789e+00 1.177075e+01 6.545747e+03 1.303566e+04 2.62084 4.039240e-01
8.610000e-01 1.919060e+00 2.200221e+00 2.585008e+00 1.177853e+01 6.565820e+03 1.302668e+04 2.62491 4.050952e-01
8.600000e-01 1.919060e+00 2.200327e+00 2.585011e+00 1.178163e+01 6.591166e+03 1.302354e+04 2.62707 4.069559e-01
8.590000e-01 1.919060e+00 2.202226e+00 2.587243e+00 1.178945e+01 6.610987e+03 1.301455e+04 2.63119 4.081146e-01
8.580000e-01 1.919060e+00 2.202327e+00 2.587240e+00 1.179256e+01 6.636124e+03 1.301141e+04 2.63334 4.099636e-01
8.570000e-01 1.919060e+00 2.204235e+00 2.589482e+00 1.180042e+01 6.655711e+03 1.300240e+04 2.6375 4.111101e-01
8.560000e-01 1.919060e+00 2.204332e+00 2.589475e+00 1.180354e+01 6.680651e+03 1.299928e+04 2.63964 4.129485e-01
8.550000e-01 1.919060e+00 2.206250e+00 2.591730e+00 1.181144e+01 6.700041e+03 1.299023e+04 2.64383 4.140851e-01
8.540000e-01 1.919060e+00 2.206343e+00 2.591717e+00 1.181457e+01 6.724783e+03 1.298712e+04 2.64596 4.159126e-01
8.530000e-01 1.919060e+00 2.208269e+00 2.593980e+00 1.182250e+01 6.743905e+03 1.297805e+04 2.65019 4.170346e-01
8.520000e-01 1.919060e+00 2.208348e+00 2.593949e+00 1.182563e+01 6.768377e+03 1.297496e+04 2.65227 4.188454e-01
8.510000e-01 1.919060e+00 2.210286e+00 2.596226e+00 1.183360e+01 6.787218e+03 1.296588e+04 2.65656 4.199541e-01
8.500000e-01 1.919060e+00 2.210363e+00 2.596191e+00 1.183674e+01 6.811553e+03 1.296279e+04 2.65863 4.217595e-01
8.490000e-01 1.919060e+00 2.212314e+00 2.598484e+00 1.184478e+01 6.830295e+03 1.295365e+04 2.66297 4.228634e-01
8.480000e-01 1.919060e+00 2.212396e+00 2.598457e+00 1.184796e+01 6.854544e+03 1.295055e+04 2.66507 4.246673e-01
8.470000e-01 1.919060e+00 2.214359e+00 2.600764e+00 1.185606e+01 6.873199e+03 1.294134e+04 2.66944 4.257659e-01
8.460000e-01 1.919060e+00 2.214445e+00 2.600743e+00 1.185927e+01 6.897347e+03 1.293824e+04 2.67156 4.275666e-01
8.450000e-01 1.919060e+00 2.216417e+00 2.603061e+00 1.186742e+01 6.915863e+03 1.292899e+04 2.67596 4.286566e-01
8.440000e-01 1.919060e+00 2.216500e+00 2.603038e+00 1.187064e+01 6.939836e+03 1.292588e+04 2.67806 4.304478e-01
8.430000e-01 1.919060e+00 2.218481e+00 2.605366e+00 1.187883e+01 6.958122e+03 1.291661e+04 2.68249 4.315252e-01
8.420000e-01 1.919060e+00 2.218558e+00 2.605335e+00 1.188206e+01 6.981893e+03 1.291352e+04 2.68457 4.333048e-01
8.410000e-01 1.919060e+00 2.220549e+00 2.607676e+00 1.189029e+01 6.999973e+03 1.290422e+04 2.68905 4.343718e-01
8.400000e-01 1.919060e+00 2.220620e+00 2.607637e+00 1.189352e+01 7.023563e+03 1.290114e+04 2.69111 4.361416e-01
8.390000e-01 1.919060e+00 2.222622e+00 2.609990e+00 1.190180e+01 7.041437e+03 1.289180e+04 2.69563 4.371977e-01
8.380000e-01 1.919060e+00 2.222689e+00 2.609947e+00 1.190504e+01 7.064866e+03 1.288872e+04 2.69768 4.389596e-01
8.370000e-01 1.919060e+00 2.224701e+00 2.612313e+00 1.191336e+01 7.082556e+03 1.287935e+04 2.70224 4.400057e-01
8.360000e-01 1.919060e+00 2.225738e+00 2.613471e+00 1.191916e+01 7.102967e+03 1.287312e+04 2.70554 4.414000e-01
8.350000e-01 1.919060e+00 2.226777e+00 2.614631e+00 1.192497e+01 7.123220e+03 1.286689e+04 2.70885 4.427870e-01
8.340000e-01 1.919060e+00 2.227816e+00 2.615789e+00 1.193078e+01 7.143362e+03 1.286066e+04 2.71217 4.441682e-01
8.330000e-01 1.919060e+00 2.228858e+00 2.616951e+00 1.193662e+01 7.163463e+03 1.285441e+04 2.71549 4.455480e-01
8.320000e-01 1.919060e+00 2.229903e+00 2.618117e+00 1.194249e+01 7.183522e+03 1.284813e+04 2.71884 4.469261e-01
8.310000e-01 1.919060e+00 2.230952e+00 2.619289e+00 1.194838e+01 7.203542e+03 1.284184e+04 2.72219 4.483028e-01
8.300000e-01 1.919060e+00 2.232006e+00 2.620465e+00 1.195429e+01 7.223525e+03 1.283553e+04 2.72556 4.496780e-01
8.290000e-01 1.919060e+00 2.233063e+00 2.621647e+00 1.196023e+01 7.243459e+03 1.282920e+04 2.72894 4.510509e-01
8.280000e-01 1.919060e+00 2.234122e+00 2.622831e+00 1.196619e+01 7.263325e+03 1.282285e+04 2.73233 4.524203e-01
8.270000e-01 1.919060e+00 2.235184e+00 2.624018e+00 1.197216e+01 7.283101e+03 1.281650e+04 2.73573 4.537849e-01
8.260000e-01 1.919060e+00 2.236245e+00 2.625205e+00 1.197814e+01 7.302775e+03 1.281014e+04 2.73913 4.551437e-01
8.250000e-01 1.919060e+00 2.237308e+00 2.626394e+00 1.198414e+01 7.322359e+03 1.280378e+04 2.74253 4.564977e-01
8.240000e-01 1.919060e+00 2.238372e+00 2.627584e+00 1.199015e+01 7.341864e+03 1.279741e+04 2.74594 4.578477e-01
8.230000e-01 1.919060e+00 2.239437e+00 2.628775e+00 1.199617e+01 7.361273e+03 1.279103e+04 2.74936 4.591925e-01
8.220000e-01 1.919060e+00 2.240503e+00 2.629968e+00 1.200221e+01 7.380601e+03 1.278464e+04 2.75279 4.605330e-01
8.210000e-01 1.919060e+00 2.241571e+00 2.631163e+00 1.200827e+01 7.399855e+03 1.277824e+04 2.75622 4.618698e-01
8.200000e-01 1.919060e+00 2.242639e+00 2.632358e+00 1.201433e+01 7.419016e+03 1.277183e+04 2.75966 4.632016e-01
8.190000e-01 1.919060e+00 2.243708e+00 2.633554e+00 1.202041e+01 7.438068e+03 1.276541e+04 2.7631 4.645273e-01
8.180000e-01 1.919060e+00 2.244776e+00 2.634747e+00 1.202650e+01 7.456996e+03 1.275900e+04 2.76654 4.658462e-01
8.170000e-01 1.919060e+00 2.245843e+00 2.635940e+00 1.203260e+01 7.475831e+03 1.275257e+04 2.76999 4.671603e-01
8.160000e-01 1.919060e+00 2.246914e+00 2.637136e+00 1.203872e+01 7.494626e+03 1.274613e+04 2.77345 4.684730e-01
8.150000e-01 1.919060e+00 2.247987e+00 2.638336e+00 1.204487e+01 7.513384e+03 1.273966e+04 2.77692 4.697844e-01
8.140000e-01 1.919060e+00 2.249065e+00 2.639541e+00 1.205105e+01 7.532106e+03 1.273317e+04 2.78041 4.710943e-01
8.130000e-01 1.919060e+00 2.250147e+00 2.640751e+00 1.205725e+01 7.550791e+03 1.272665e+04 2.78391 4.724027e-01
8.120000e-01 1.919060e+00 2.251232e+00 2.641966e+00 1.206348e+01 7.569428e+03 1.272012e+04 2.78742 4.737089e-01
8.110000e-01 1.919060e+00 2.252319e+00 2.643184e+00 1.206973e+01 7.588001e+03 1.271357e+04 2.79093 4.750118e-01
8.100000e-01 1.919060e+00 2.253451e+00 2.644460e+00 1.207609e+01 7.606453e+03 1.270691e+04 2.79452 4.763006e-01
8.090000e-01 1.919060e+00 2.254498e+00 2.645624e+00 1.208227e+01 7.624885e+03 1.270045e+04 2.79799 4.776029e-01
8.080000e-01 1.919060e+00 2.255631e+00 2.646902e+00 1.208865e+01 7.643169e+03 1.269377e+04 2.80159 4.788827e-01
8.070000e-01 1.919060e+00 2.256723e+00 2.648125e+00 1.209496e+01 7.661412e+03 1.268718e+04 2.80513 4.801676e-01
8.060000e-01 1.919060e+00 2.257815e+00 2.649349e+00 1.210128e+01 7.679571e+03 1.268058e+04 2.80868 4.814481e-01
8.050000e-01 1.919060e+00 2.258909e+00 2.650574e+00 1.210762e+01 7.697653e+03 1.267396e+04 2.81223 4.827246e-01
8.040000e-01 1.919060e+00 2.260004e+00 2.651801e+00 1.211397e+01 7.715667e+03 1.266734e+04 2.81579 4.839976e-01
8.030000e-01 1.919060e+00 2.261099e+00 2.653029e+00 1.212034e+01 7.733588e+03 1.266070e+04 2.81936 4.852656e-01
8.020000e-01 1.919060e+00 2.262194e+00 2.654254e+00 1.212672e+01 7.751398e+03 1.265406e+04 2.82293 4.865273e-01
8.010000e-01 1.919060e+00 2.263287e+00 2.655478e+00 1.213310e+01 7.769103e+03 1.264741e+04 2.82649 4.877833e-01
8.000000e-01 1.919060e+00 2.264382e+00 2.656703e+00 1.213951e+01 7.786741e+03 1.264075e+04 2.83007 4.890361e-01
7.990000e-01 1.919060e+00 2.265480e+00 2.657932e+00 1.214594e+01 7.804349e+03 1.263406e+04 2.83366 4.902880e-01
7.980000e-01 1.919060e+00 2.266581e+00 2.659164e+00 1.215241e+01 7.821918e+03 1.262734e+04 2.83726 4.915382e-01
7.970000e-01 1.919060e+00 2.267686e+00 2.660402e+00 1.215890e+01 7.839453e+03 1.262060e+04 2.84088 4.927872e-01
7.960000e-01 1.919060e+00 2.268795e+00 2.661644e+00 1.216542e+01 7.856952e+03 1.261383e+04 2.8445 4.940346e-01
7.950000e-01 1.919060e+00 2.269906e+00 2.662889e+00 1.217196e+01 7.874399e+03 1.260704e+04 2.84814 4.952793e-01
7.940000e-01 1.919060e+00 2.271019e+00 2.664138e+00 1.217852e+01 7.891777e+03 1.260024e+04 2.85178 4.965203e-01
7.930000e-01 1.919060e+00 2.272132e+00 2.665385e+00 1.218509e+01 7.909068e+03 1.259342e+04 2.85543 4.977565e-01
7.920000e-01 1.919060e+00 2.273245e+00 2.666634e+00 1.219168e+01 7.926283e+03 1.258660e+04 2.85908 4.989885e-01
7.910000e-01 1.919060e+00 2.274360e+00 2.667885e+00 1.219829e+01 7.943433e+03 1.257975e+04 2.86274 5.002171e-01
7.900000e-01 1.919060e+00 2.275476e+00 2.669136e+00 1.220491e+01 7.960505e+03 1.257289e+04 2.8664 5.014417e-01
7.890000e-01 1.919060e+00 2.276593e+00 2.670388e+00 1.221155e+01 7.977500e+03 1.256602e+04 2.87007 5.026620e-01
7.880000e-01 1.919060e+00 2.277711e+00 2.671642e+00 1.221821e+01 7.994430e+03 1.255913e+04 2.87375 5.038790e-01
7.870000e-01 1.919060e+00 2.278829e+00 2.672896e+00 1.222489e+01 8.011277e+03 1.255223e+04 2.87743 5.050915e-01
7.860000e-01 1.919060e+00 2.279947e+00 2.674150e+00 1.223157e+01 8.028029e+03 1.254532e+04 2.88111 5.062986e-01
7.850000e-01 1.919060e+00 2.281064e+00 2.675401e+00 1.223827e+01 8.044679e+03 1.253839e+04 2.88479 5.075001e-01
7.840000e-01 1.919060e+00 2.282180e+00 2.676651e+00 1.224498e+01 8.061246e+03 1.253146e+04 2.88848 5.086973e-01
7.830000e-01 1.919060e+00 2.283299e+00 2.677905e+00 1.225172e+01 8.077782e+03 1.252450e+04 2.89218 5.098935e-01
7.820000e-01 1.919060e+00 2.284422e+00 2.679163e+00 1.225850e+01 8.094282e+03 1.251751e+04 2.8959 5.110884e-01
7.810000e-01 1.919060e+00 2.285548e+00 2.680425e+00 1.226530e+01 8.110744e+03 1.251049e+04 2.89962 5.122815e-01
7.800000e-01 1.919060e+00 2.286677e+00 2.681691e+00 1.227213e+01 8.127176e+03 1.250344e+04 2.90336 5.134734e-01
7.790000e-01 1.919060e+00 2.287808e+00 2.682961e+00 1.227899e+01 8.143555e+03 1.249637e+04 2.90711 5.146627e-01
7.780000e-01 1.919060e+00 2.288942e+00 2.684233e+00 1.228587e+01 8.159877e+03 1.248928e+04 2.91086 5.158489e-01
7.770000e-01 1.919060e+00 2.290076e+00 2.685506e+00 1.229276e+01 8.176119e+03 1.248217e+04 2.91462 5.170307e-01
7.760000e-01 1.919060e+00 2.291210e+00 2.686779e+00 1.229967e+01 8.192279e+03 1.247505e+04 2.91838 5.182080e-01
7.750000e-01 1.919060e+00 2.292346e+00 2.688054e+00 1.230660e+01 8.208386e+03 1.246791e+04 2.92215 5.193824e-01
7.740000e-01 1.919060e+00 2.293482e+00 2.689329e+00 1.231355e+01 8.224418e+03 1.246076e+04 2.92592 5.205529e-01
7.730000e-01 1.919060e+00 2.294618e+00 2.690606e+00 1.232052e+01 8.240373e+03 1.245358e+04 2.9297 5.217192e-01
7.720000e-01 1.919060e+00 2.295756e+00 2.691883e+00 1.232751e+01 8.256268e+03 1.244639e+04 2.93349 5.228823e-01
7.710000e-01 1.919060e+00 2.296893e+00 2.693160e+00 1.233451e+01 8.272080e+03 1.243918e+04 2.93728 5.240410e-01
7.700000e-01 1.919060e+00 2.298031e+00 2.694436e+00 1.234153e+01 8.287803e+03 1.243196e+04 2.94107 5.251945e-01
7.690000e-01 1.919060e+00 2.299167e+00 2.695712e+00 1.234856e+01 8.303438e+03 1.242473e+04 2.94486 5.263431e-01
7.680000e-01 1.919060e+00 2.300302e+00 2.696983e+00 1.235561e+01 8.318976e+03 1.241748e+04 2.94866 5.274868e-01
7.670000e-01 1.919060e+00 2.301440e+00 2.698260e+00 1.236269e+01 8.334493e+03 1.241020e+04 2.95246 5.286298e-01
7.660000e-01 1.919060e+00 2.302581e+00 2.699541e+00 1.236980e+01 8.349983e+03 1.240289e+04 2.95628 5.297718e-01
7.650000e-01 1.919060e+00 2.303724e+00 2.700822e+00 1.237694e+01 8.365412e+03 1.239555e+04 2.96011 5.309111e-01
7.640000e-01 1.919060e+00 2.304871e+00 2.702111e+00 1.238411e+01 8.380824e+03 1.238818e+04 2.96395 5.320496e-01
7.630000e-01 1.919060e+00 2.306021e+00 2.703403e+00 1.239131e+01 8.396190e+03 1.238078e+04 2.9678 5.331857e-01
7.620000e-01 1.919060e+00 2.307170e+00 2.704693e+00 1.239854e+01 8.411479e+03 1.237336e+04 2.97166 5.343179e-01
7.610000e-01 1.919060e+00 2.308321e+00 2.705987e+00 1.240578e+01 8.426704e+03 1.236592e+04 2.97552 5.354461e-01
7.600000e-01 1.919060e+00 2.309472e+00 2.707281e+00 1.241304e+01 8.441856e+03 1.235847e+04 2.97939 5.365704e-01
7.590000e-01 1.919060e+00 2.310623e+00 2.708574e+00 1.242032e+01 8.456940e+03 1.235099e+04 2.98326 5.376913e-01
7.580000e-01 1.919060e+00 2.311817e+00 2.709924e+00 1.242772e+01 8.471935e+03 1.234339e+04 2.98719 5.387984e-01
7.570000e-01 1.919060e+00 2.312929e+00 2.711168e+00 1.243495e+01 8.486914e+03 1.233598e+04 2.99101 5.399219e-01
7.560000e-01 1.919060e+00 2.314123e+00 2.712517e+00 1.244239e+01 8.501762e+03 1.232834e+04 2.99496 5.410214e-01
7.550000e-01 1.919060e+00 2.315276e+00 2.713814e+00 1.244976e+01 8.516568e+03 1.232077e+04 2.99885 5.421267e-01
7.540000e-01 1.919060e+00 2.316428e+00 2.715109e+00 1.245713e+01 8.531280e+03 1.231321e+04 3.00274 5.432269e-01
7.530000e-01 1.919060e+00 2.317579e+00 2.716401e+00 1.246452e+01 8.545904e+03 1.230563e+04 3.00663 5.443224e-01
7.520000e-01 1.919060e+00 2.318729e+00 2.717693e+00 1.247194e+01 8.560456e+03 1.229802e+04 3.01053 5.454143e-01
7.510000e-01 1.919060e+00 2.319882e+00 2.718987e+00 1.247939e+01 8.574977e+03 1.229039e+04 3.01443 5.465050e-01
7.500000e-01 1.919060e+00 2.321038e+00 2.720288e+00 1.248687e+01 8.589469e+03 1.228272e+04 3.01835 5.475947e-01
7.490000e-01 1.919060e+00 2.322196e+00 2.721590e+00 1.249439e+01 8.603912e+03 1.227501e+04 3.02228 5.486819e-01
7.480000e-01 1.919060e+00 2.323357e+00 2.722895e+00 1.250194e+01 8.618318e+03 1.226728e+04 3.02622 5.497676e-01
7.470000e-01 1.919060e+00 2.324520e+00 2.724204e+00 1.250953e+01 8.632674e+03 1.225952e+04 3.03017 5.508505e-01
7.460000e-01 1.919060e+00 2.325683e+00 2.725514e+00 1.251713e+01 8.646959e+03 1.225174e+04 3.03413 5.519296e-01
7.450000e-01 1.919060e+00 2.326846e+00 2.726823e+00 1.252475e+01 8.661168e+03 1.224394e+04 3.03809 5.530045e-01
7.440000e-01 1.919060e+00 2.328009e+00 2.728133e+00 1.253239e+01 8.675314e+03 1.223611e+04 3.04205 5.540759e-01
7.430000e-01 1.919060e+00 2.329173e+00 2.729444e+00 1.254007e+01 8.689398e+03 1.222827e+04 3.04602 5.551441e-01
7.420000e-01 1.919060e+00 2.330337e+00 2.730757e+00 1.254776e+01 8.703414e+03 1.222040e+04 3.04999 5.562086e-01
7.410000e-01 1.919060e+00 2.331501e+00 2.732068e+00 1.255547e+01 8.717354e+03 1.221252e+04 3.05397 5.572691e-01
7.400000e-01 1.919060e+00 2.332666e+00 2.733380e+00 1.256321e+01 8.731231e+03 1.220460e+04 3.05795 5.583261e-01
7.390000e-01 1.919060e+00 2.333829e+00 2.734690e+00 1.257097e+01 8.745019e+03 1.219668e+04 3.06193 5.593780e-01
7.380000e-01 1.919060e+00 2.334990e+00 2.735998e+00 1.257874e+01 8.758716e+03 1.218874e+04 3.06591 5.604251e-01
7.370000e-01 1.919060e+00 2.336150e+00 2.737304e+00 1.258654e+01 8.772332e+03 1.218078e+04 3.0699 5.614676e-01
7.360000e-01 1.919060e+00 2.337312e+00 2.738612e+00 1.259436e+01 8.785907e+03 1.217279e+04 3.07389 5.625086e-01
7.350000e-01 1.919060e+00 2.338475e+00 2.739923e+00 1.260222e+01 8.799447e+03 1.216476e+04 3.0779 5.635479e-01
7.340000e-01 1.919060e+00 2.339641e+00 2.741237e+00 1.261012e+01 8.812943e+03 1.215669e+04 3.08191 5.645852e-01
7.330000e-01 1.919060e+00 2.340810e+00 2.742554e+00 1.261806e+01 8.826402e+03 1.214859e+04 3.08593 5.656208e-01
7.320000e-01 1.919060e+00 2.341980e+00 2.743874e+00 1.262603e+01 8.839815e+03 1.214046e+04 3.08997 5.666539e-01
7.310000e-01 1.919060e+00 2.343150e+00 2.745194e+00 1.263402e+01 8.853160e+03 1.213230e+04 3.094 5.676831e-01
7.300000e-01 1.919060e+00 2.344319e+00 2.746514e+00 1.264204e+01 8.866433e+03 1.212411e+04 3.09804 5.687082e-01
7.290000e-01 1.919060e+00 2.345489e+00 2.747834e+00 1.265008e+01 8.879642e+03 1.211591e+04 3.10208 5.697297e-01
7.280000e-01 1.919060e+00 2.346658e+00 2.749154e+00 1.265815e+01 8.892793e+03 1.210767e+04 3.10612 5.707481e-01
7.270000e-01 1.919060e+00 2.347828e+00 2.750474e+00 1.266625e+01 8.905878e+03 1.209940e+04 3.11017 5.717626e-01
7.260000e-01 1.919060e+00 2.348996e+00 2.751793e+00 1.267436e+01 8.918888e+03 1.209111e+04 3.11422 5.727727e-01
7.250000e-01 1.919060e+00 2.350164e+00 2.753112e+00 1.268251e+01 8.931836e+03 1.208279e+04 3.11827 5.737795e-01
7.240000e-01 1.919060e+00 2.351331e+00 2.754428e+00 1.269067e+01 8.944703e+03 1.207445e+04 3.12232 5.747814e-01
7.230000e-01 1.919060e+00 2.352495e+00 2.755742e+00 1.269885e+01 8.957480e+03 1.206609e+04 3.12636 5.757783e-01
7.220000e-01 1.919060e+00 2.353657e+00 2.757051e+00 1.270705e+01 8.970174e+03 1.205771e+04 3.13041 5.767702e-01
7.210000e-01 1.919060e+00 2.354819e+00 2.758361e+00 1.271528e+01 8.982821e+03 1.204929e+04 3.13446 5.777598e-01
7.200000e-01 1.919060e+00 2.355983e+00 2.759674e+00 1.272355e+01 8.995435e+03 1.204083e+04 3.13852 5.787481e-01
7.190000e-01 1.919060e+00 2.357148e+00 2.760989e+00 1.273187e+01 9.008004e+03 1.203233e+04 3.14258 5.797338e-01
7.180000e-01 1.919060e+00 2.358354e+00 2.762358e+00 1.274031e+01 9.020500e+03 1.202367e+04 3.14671 5.807062e-01
7.170000e-01 1.919060e+00 2.359523e+00 2.763678e+00 1.274870e+01 9.032984e+03 1.201508e+04 3.15079 5.816867e-01
7.160000e-01 1.919060e+00 2.360691e+00 2.764996e+00 1.275712e+01 9.045402e+03 1.200646e+04 3.15487 5.826635e-01
7.150000e-01 1.919060e+00 2.361858e+00 2.766314e+00 1.276556e+01 9.057751e+03 1.199781e+04 3.15894 5.836363e-01
7.140000e-01 1.919060e+00 2.363023e+00 2.767629e+00 1.277402e+01 9.070034e+03 1.198914e+04 3.16302 5.846049e-01
7.130000e-01 1.919060e+00 2.364188e+00 2.768945e+00 1.278252e+01 9.082260e+03 1.198042e+04 3.1671 5.855704e-01
7.120000e-01 1.919060e+00 2.365352e+00 2.770260e+00 1.279105e+01 9.094421e+03 1.197168e+04 3.17118 5.865319e-01
7.110000e-01 1.919060e+00 2.366515e+00 2.771573e+00 1.279959e+01 9.106507e+03 1.196290e+04 3.17526 5.874889e-01
7.100000e-01 1.919060e+00 2.367676e+00 2.772884e+00 1.280817e+01 9.118530e+03 1.195409e+04 3.17934 5.884422e-01
7.090000e-01 1.919060e+00 2.368836e+00 2.774193e+00 1.281677e+01 9.130470e+03 1.194526e+04 3.18341 5.893906e-01
7.080000e-01 1.919060e+00 2.369992e+00 2.775498e+00 1.282539e+01 9.142321e+03 1.193641e+04 3.18748 5.903337e-01
7.070000e-01 1.919060e+00 2.371146e+00 2.776799e+00 1.283403e+01 9.154092e+03 1.192753e+04 3.19155 5.912719e-01
7.060000e-01 1.919060e+00 2.372299e+00 2.778099e+00 1.284270e+01 9.165818e+03 1.191860e+04 3.19562 5.922078e-01
7.050000e-01 1.919060e+00 2.373453e+00 2.779401e+00 1.285143e+01 9.177504e+03 1.190963e+04 3.19969 5.931418e-01
7.040000e-01 1.919060e+00 2.374609e+00 2.780705e+00 1.286019e+01 9.189144e+03 1.190061e+04 3.20377 5.940732e-01
7.030000e-01 1.919060e+00 2.375765e+00 2.782012e+00 1.286899e+01 9.200742e+03 1.189155e+04 3.20786 5.950022e-01
7.020000e-01 1.919060e+00 2.376921e+00 2.783316e+00 1.287784e+01 9.212286e+03 1.188244e+04 3.21195 5.959279e-01
7.010000e-01 1.919060e+00 2.378076e+00 2.784622e+00 1.288671e+01 9.223762e+03 1.187330e+04 3.21604 5.968494e-01
7.000000e-01 1.919060e+00 2.379230e+00 2.785926e+00 1.289561e+01 9.235167e+03 1.186413e+04 3.22012 5.977667e-01
6.990000e-01 1.919060e+00 2.380382e+00 2.787229e+00 1.290455e+01 9.246508e+03 1.185493e+04 3.22421 5.986804e-01
6.980000e-01 1.919060e+00 2.381533e+00 2.788530e+00 1.291351e+01 9.257786e+03 1.184568e+04 3.2283 5.995903e-01
6.970000e-01 1.919060e+00 2.382683e+00 2.789830e+00 1.292251e+01 9.268994e+03 1.183641e+04 3.23238 6.004961e-01
6.960000e-01 1.919060e+00 2.383831e+00 2.791129e+00 1.293153e+01 9.280130e+03 1.182711e+04 3.23647 6.013975e-01
6.950000e-01 1.919060e+00 2.384977e+00 2.792424e+00 1.294059e+01 9.291195e+03 1.181777e+04 3.24055 6.022949e-01
6.940000e-01 1.919060e+00 2.386119e+00 2.793716e+00 1.294967e+01 9.302172e+03 1.180841e+04 3.24462 6.031868e-01
6.930000e-01 1.919060e+00 2.387259e+00 2.795003e+00 1.295877e+01 9.313062e+03 1.179902e+04 3.2487 6.040735e-01
6.920000e-01 1.919060e+00 2.388395e+00 2.796286e+00 1.296790e+01 9.323877e+03 1.178960e+04 3.25276 6.049557e-01
6.910000e-01 1.919060e+00 2.389531e+00 2.797570e+00 1.297708e+01 9.334654e+03 1.178012e+04 3.25683 6.058360e-01
6.900000e-01 1.919060e+00 2.390667e+00 2.798853e+00 1.298630e+01 9.345387e+03 1.177059e+04 3.2609 6.067135e-01
6.890000e-01 1.919060e+00 2.391802e+00 2.800137e+00 1.299557e+01 9.356066e+03 1.176101e+04 3.26497 6.075877e-01
6.880000e-01 1.919060e+00 2.392974e+00 2.801470e+00 1.300498e+01 9.366669e+03 1.175127e+04 3.26909 6.084480e-01
6.870000e-01 1.919060e+00 2.394110e+00 2.802755e+00 1.301433e+01 9.377242e+03 1.174159e+04 3.27316 6.093148e-01
6.860000e-01 1.919060e+00 2.395241e+00 2.804035e+00 1.302371e+01 9.387741e+03 1.173187e+04 3.27722 6.101773e-01
6.850000e-01 1.919060e+00 2.396370e+00 2.805312e+00 1.303313e+01 9.398172e+03 1.172212e+04 3.28128 6.110353e-01
6.840000e-01 1.919060e+00 2.397497e+00 2.806588e+00 1.304257e+01 9.408545e+03 1.171232e+04 3.28533 6.118897e-01
6.830000e-01 1.919060e+00 2.398622e+00 2.807860e+00 1.305206e+01 9.418848e+03 1.170248e+04 3.28938 6.127397e-01
6.820000e-01 1.919060e+00 2.399743e+00 2.809130e+00 1.306158e+01 9.429079e+03 1.169261e+04 3.29342 6.135849e-01
6.810000e-01 1.919060e+00 2.400862e+00 2.810395e+00 1.307113e+01 9.439238e+03 1.168269e+04 3.29746 6.144254e-01
6.800000e-01 1.919060e+00 2.401977e+00 2.811656e+00 1.308071e+01 9.449318e+03 1.167273e+04 3.30148 6.152610e-01
6.790000e-01 1.919060e+00 2.403087e+00 2.812912e+00 1.309031e+01 9.459307e+03 1.166275e+04 3.3055 6.160906e-01
6.780000e-01 1.919060e+00 2.404193e+00 2.814161e+00 1.309993e+01 9.469212e+03 1.165273e+04 3.3095 6.169149e-01
6.770000e-01 1.919060e+00 2.405296e+00 2.815408e+00 1.310960e+01 9.479065e+03 1.164266e+04 3.3135 6.177362e-01
6.760000e-01 1.919060e+00 2.406399e+00 2.816655e+00 1.311933e+01 9.488874e+03 1.163253e+04 3.31751 6.185547e-01
6.750000e-01 1.919060e+00 2.407501e+00 2.817901e+00 1.312910e+01 9.498629e+03 1.162234e+04 3.32151 6.193698e-01
6.740000e-01 1.919060e+00 2.408601e+00 2.819145e+00 1.313893e+01 9.508332e+03 1.161210e+04 3.3255 6.201813e-01
6.730000e-01 1.919060e+00 2.409699e+00 2.820388e+00 1.314879e+01 9.517978e+03 1.160180e+04 3.32949 6.209889e-01
6.720000e-01 1.919060e+00 2.410794e+00 2.821627e+00 1.315870e+01 9.527550e+03 1.159146e+04 3.33347 6.217912e-01
6.710000e-01 1.919060e+00 2.411885e+00 2.822862e+00 1.316863e+01 9.537050e+03 1.158107e+04 3.33744 6.225889e-01
6.700000e-01 1.919060e+00 2.412973e+00 2.824093e+00 1.317861e+01 9.546485e+03 1.157064e+04 3.3414 6.233821e-01
6.690000e-01 1.919060e+00 2.414057e+00 2.825321e+00 1.318863e+01 9.555852e+03 1.156015e+04 3.34535 6.241709e-01
6.680000e-01 1.919060e+00 2.415138e+00 2.826545e+00 1.319868e+01 9.565144e+03 1.154963e+04 3.3493 6.249546e-01
6.670000e-01 1.919060e+00 2.416215e+00 2.827764e+00 1.320877e+01 9.574358e+03 1.153906e+04 3.35323 6.257333e-01
6.660000e-01 1.919060e+00 2.417288e+00 2.828980e+00 1.321890e+01 9.583496e+03 1.152845e+04 3.35716 6.265072e-01
6.650000e-01 1.919060e+00 2.418355e+00 2.830187e+00 1.322905e+01 9.592537e+03 1.151782e+04 3.36107 6.272748e-01
6.640000e-01 1.919060e+00 2.419451e+00 2.831434e+00 1.323933e+01 9.601453e+03 1.150704e+04 3.36501 6.280255e-01
6.630000e-01 1.919060e+00 2.420511e+00 2.832633e+00 1.324956e+01 9.610342e+03 1.149632e+04 3.36891 6.287834e-01
6.620000e-01 1.919060e+00 2.421569e+00 2.833831e+00 1.325985e+01 9.619184e+03 1.148553e+04 3.3728 6.295389e-01
6.610000e-01 1.919060e+00 2.422624e+00 2.835026e+00 1.327020e+01 9.627965e+03 1.147468e+04 3.37669 6.302903e-01
6.600000e-01 1.919060e+00 2.423676e+00 2.836219e+00 1.328060e+01 9.636690e+03 1.146376e+04 3.38056 6.310378e-01
6.590000e-01 1.919060e+00 2.424725e+00 2.837409e+00 1.329105e+01 9.645354e+03 1.145279e+04 3.38444 6.317810e-01
6.580000e-01 1.919060e+00 2.425771e+00 2.838594e+00 1.330153e+01 9.653940e+03 1.144178e+04 3.38829 6.325189e-01
6.570000e-01 1.919060e+00 2.426811e+00 2.839775e+00 1.331206e+01 9.662452e+03 1.143071e+04 3.39214 6.332516e-01
6.560000e-01 1.919060e+00 2.427847e+00 2.840950e+00 1.332264e+01 9.670895e+03 1.141960e+04 3.39597 6.339793e-01
6.550000e-01 1.919060e+00 2.428878e+00 2.842120e+00 1.333326e+01 9.679266e+03 1.140842e+04 3.39979 6.347022e-01
6.540000e-01 1.919060e+00 2.429904e+00 2.843284e+00 1.334392e+01 9.687562e+03 1.139720e+04 3.40359 6.354194e-01
6.530000e-01 1.919060e+00 2.430924e+00 2.844441e+00 1.335461e+01 9.695777e+03 1.138592e+04 3.40737 6.361308e-01
6.520000e-01 1.919060e+00 2.431939e+00 2.845591e+00 1.336535e+01 9.703914e+03 1.137460e+04 3.41114 6.368366e-01
6.510000e-01 1.919060e+00 2.432945e+00 2.846731e+00 1.337612e+01 9.711954e+03 1.136323e+04 3.41488 6.375354e-01
6.500000e-01 1.919060e+00 2.433944e+00 2.847862e+00 1.338691e+01 9.719906e+03 1.135182e+04 3.4186 6.382279e-01
6.490000e-01 1.919060e+00 2.434939e+00 2.848988e+00 1.339777e+01 9.727796e+03 1.134035e+04 3.4223 6.389163e-01
6.480000e-01 1.919060e+00 2.435930e+00 2.850111e+00 1.340868e+01 9.735634e+03 1.132880e+04 3.426 6.396009e-01
6.470000e-01 1.919060e+00 2.436917e+00 2.851229e+00 1.341966e+01 9.743405e+03 1.131718e+04 3.42968 6.402806e-01
6.460000e-01 1.919060e+00 2.437931e+00 2.852385e+00 1.343079e+01 9.751078e+03 1.130539e+04 3.43339 6.409445e-01
6.450000e-01 1.919060e+00 2.438911e+00 2.853497e+00 1.344188e+01 9.758717e+03 1.129363e+04 3.43705 6.416140e-01
6.440000e-01 1.919060e+00 2.439884e+00 2.854601e+00 1.345302e+01 9.766276e+03 1.128183e+04 3.44069 6.422781e-01
6.430000e-01 1.919060e+00 2.440851e+00 2.855699e+00 1.346420e+01 9.773757e+03 1.126997e+04 3.44431 6.429366e-01
6.420000e-01 1.919060e+00 2.441811e+00 2.856789e+00 1.347543e+01 9.781167e+03 1.125805e+04 3.44791 6.435898e-01
6.410000e-01 1.919060e+00 2.442766e+00 2.857874e+00 1.348672e+01 9.788500e+03 1.124607e+04 3.45149 6.442374e-01
6.400000e-01 1.919060e+00 2.443714e+00 2.858950e+00 1.349805e+01 9.795750e+03 1.123404e+04 3.45505 6.448787e-01
6.390000e-01 1.919060e+00 2.444655e+00 2.860019e+00 1.350942e+01 9.802919e+03 1.122195e+04 3.45858 6.455141e-01
6.380000e-01 1.919060e+00 2.445588e+00 2.861077e+00 1.352083e+01 9.809998e+03 1.120981e+04 3.46209 6.461426e-01
6.370000e-01 1.919060e+00 2.446511e+00 2.862124e+00 1.353228e+01 9.816980e+03 1.119762e+04 3.46557 6.467636e-01
6.360000e-01 1.919060e+00 2.447426e+00 2.863160e+00 1.354376e+01 9.823875e+03 1.118538e+04 3.46902 6.473782e-01
6.350000e-01 1.919060e+00 2.448334e+00 2.864188e+00 1.355532e+01 9.830713e+03 1.117305e+04 3.47245 6.479880e-01
6.340000e-01 1.919060e+00 2.449237e+00 2.865211e+00 1.356694e+01 9.837489e+03 1.116063e+04 3.47586 6.485925e-01
6.330000e-01 1.919060e+00 2.450132e+00 2.866226e+00 1.357863e+01 9.844192e+03 1.114813e+04 3.47924 6.491911e-01
6.320000e-01 1.919060e+00 2.451021e+00 2.867234e+00 1.359038e+01 9.850830e+03 1.113556e+04 3.4826 6.497839e-01
6.310000e-01 1.919060e+00 2.451903e+00 2.868235e+00 1.360219e+01 9.857390e+03 1.112291e+04 3.48593 6.503704e-01
6.300000e-01 1.919060e+00 2.452777e+00 2.869226e+00 1.361404e+01 9.863863e+03 1.111021e+04 3.48923 6.509501e-01
6.290000e-01 1.919060e+00 2.453672e+00 2.870247e+00 1.362605e+01 9.870218e+03 1.109733e+04 3.49254 6.515121e-01
6.280000e-01 1.919060e+00 2.454531e+00 2.871223e+00 1.363802e+01 9.876533e+03 1.108448e+04 3.49579 6.520788e-01
6.270000e-01 1.919060e+00 2.455382e+00 2.872188e+00 1.365005e+01 9.882765e+03 1.107158e+04 3.49901 6.526394e-01
6.260000e-01 1.919060e+00 2.456224e+00 2.873144e+00 1.366212e+01 9.888907e+03 1.105861e+04 3.50221 6.531933e-01
6.250000e-01 1.919060e+00 2.457057e+00 2.874089e+00 1.367425e+01 9.894962e+03 1.104558e+04 3.50537 6.537406e-01
6.240000e-01 1.919060e+00 2.457881e+00 2.875024e+00 1.368642e+01 9.900913e+03 1.103252e+04 3.50851 6.542804e-01
6.230000e-01 1.919060e+00 2.458694e+00 2.875945e+00 1.369863e+01 9.906766e+03 1.101940e+04 3.51161 6.548127e-01
6.220000e-01 1.919060e+00 2.459499e+00 2.876857e+00 1.371090e+01 9.912544e+03 1.100620e+04 3.51469 6.553394e-01
6.210000e-01 1.919060e+00 2.460296e+00 2.877761e+00 1.372326e+01 9.918255e+03 1.099291e+04 3.51774 6.558605e-01
6.200000e-01 1.919060e+00 2.461086e+00 2.878657e+00 1.373569e+01 9.923889e+03 1.097953e+04 3.52076 6.563752e-01
6.190000e-01 1.919060e+00 2.461867e+00 2.879545e+00 1.374819e+01 9.929448e+03 1.096607e+04 3.52375 6.568836e-01
6.180000e-01 1.919060e+00 2.462640e+00 2.880423e+00 1.376077e+01 9.934927e+03 1.095253e+04 3.52671 6.573852e-01
6.170000e-01 1.919060e+00 2.463403e+00 2.881290e+00 1.377339e+01 9.940315e+03 1.093892e+04 3.52963 6.578794e-01
6.160000e-01 1.919060e+00 2.464156e+00 2.882147e+00 1.378608e+01 9.945617e+03 1.092524e+04 3.53252 6.583666e-01
6.150000e-01 1.919060e+00 2.464929e+00 2.883031e+00 1.379893e+01 9.950794e+03 1.091139e+04 3.53542 6.588360e-01
6.140000e-01 1.919060e+00 2.465664e+00 2.883868e+00 1.381176e+01 9.955923e+03 1.089755e+04 3.53825 6.593087e-01
6.130000e-01 1.919060e+00 2.466387e+00 2.884690e+00 1.382464e+01 9.960961e+03 1.088365e+04 3.54102 6.597735e-01
6.120000e-01 1.919060e+00 2.467099e+00 2.885500e+00 1.383758e+01 9.965908e+03 1.086967e+04 3.54376 6.602307e-01
6.110000e-01 1.919060e+00 2.467799e+00 2.886294e+00 1.385056e+01 9.970753e+03 1.085564e+04 3.54646 6.606794e-01
6.100000e-01 1.919060e+00 2.468486e+00 2.887073e+00 1.386358e+01 9.975493e+03 1.084155e+04 3.54911 6.611195e-01
6.090000e-01 1.919060e+00 2.469161e+00 2.887838e+00 1.387668e+01 9.980147e+03 1.082738e+04 3.55172 6.615523e-01
6.080000e-01 1.919060e+00 2.469825e+00 2.888591e+00 1.388986e+01 9.984729e+03 1.081310e+04 3.55429 6.619778e-01
6.070000e-01 1.919060e+00 2.470477e+00 2.889331e+00 1.390313e+01 9.989228e+03 1.079871e+04 3.5568 6.623954e-01
6.060000e-01 1.919060e+00 2.471118e+00 2.890058e+00 1.391648e+01 9.993645e+03 1.078422e+04 3.55928 6.628050e-01
6.050000e-01 1.919060e+00 2.471748e+00 2.890773e+00 1.392991e+01 9.997978e+03 1.076964e+04 3.5617 6.632066e-01
6.040000e-01 1.919060e+00 2.472365e+00 2.891473e+00 1.394340e+01 1.000222e+04 1.075498e+04 3.56408 6.635994e-01
6.030000e-01 1.919060e+00 2.472995e+00 2.892192e+00 1.395705e+01 1.000631e+04 1.074014e+04 3.56644 6.639722e-01
6.020000e-01 1.919060e+00 2.473589e+00 2.892867e+00 1.397070e+01 1.001037e+04 1.072530e+04 3.56873 6.643483e-01
6.010000e-01 1.919060e+00 2.474172e+00 2.893529e+00 1.398441e+01 1.001433e+04 1.071039e+04 3.57098 6.647171e-01
6.000000e-01 1.919060e+00 2.474741e+00 2.894176e+00 1.399819e+01 1.001819e+04 1.069541e+04 3.57319 6.650776e-01
5.990000e-01 1.919060e+00 2.475300e+00 2.894811e+00 1.401205e+01 1.002195e+04 1.068036e+04 3.57535 6.654304e-01
5.980000e-01 1.919060e+00 2.475846e+00 2.895431e+00 1.402595e+01 1.002560e+04 1.066525e+04 3.57748 6.657745e-01
5.970000e-01 1.919060e+00 2.476379e+00 2.896036e+00 1.403991e+01 1.002914e+04 1.065010e+04 3.57956 6.661103e-01
5.960000e-01 1.919060e+00 2.473936e+00 2.893289e+00 1.404421e+01 1.004095e+04 1.064628e+04 3.57671 6.676812e-01
5.950000e-01 1.919060e+00 2.477417e+00 2.897217e+00 1.406812e+01 1.003594e+04 1.061946e+04 3.58359 6.667539e-01
5.940000e-01 1.919060e+00 2.474918e+00 2.894411e+00 1.407244e+01 1.004769e+04 1.061561e+04 3.58063 6.683301e-01
5.930000e-01 1.919060e+00 2.478393e+00 2.898327e+00 1.409669e+01 1.004240e+04 1.058842e+04 3.58741 6.673686e-01
5.920000e-01 1.919060e+00 2.475830e+00 2.895451e+00 1.410101e+01 1.005408e+04 1.058454e+04 3.58429 6.689459e-01
5.910000e-01 1.919060e+00 2.479312e+00 2.899372e+00 1.412560e+01 1.004848e+04 1.055699e+04 3.59101 6.679463e-01
5.900000e-01 1.919060e+00 2.476678e+00 2.896418e+00 1.412991e+01 1.006007e+04 1.055308e+04 3.5877 6.695224e-01
5.890000e-01 1.919060e+00 2.480166e+00 2.900343e+00 1.415483e+01 1.005417e+04 1.052517e+04 3.59434 6.684838e-01
5.880000e-01 1.919060e+00 2.477461e+00 2.897309e+00 1.415914e+01 1.006568e+04 1.052122e+04 3.59085 6.700604e-01
5.870000e-01 1.919060e+00 2.480983e+00 2.901277e+00 1.418448e+01 1.005941e+04 1.049287e+04 3.59745 6.689708e-01
5.860000e-01 1.919060e+00 2.478187e+00 2.898135e+00 1.418873e+01 1.007084e+04 1.048893e+04 3.59374 6.705499e-01
5.850000e-01 1.919060e+00 2.481710e+00 2.902098e+00 1.421434e+01 1.006426e+04 1.046033e+04 3.60028 6.694267e-01
5.840000e-01 1.919060e+00 2.478841e+00 2.898871e+00 1.421855e+01 1.007558e+04 1.045638e+04 3.59637 6.710029e-01
5.830000e-01 1.919060e+00 2.482379e+00 2.902854e+00 1.424447e+01 1.006867e+04 1.042751e+04 3.6029 6.698471e-01
5.820000e-01 1.919060e+00 2.479450e+00 2.899562e+00 1.424872e+01 1.007993e+04 1.042353e+04 3.59886 6.714277e-01
5.810000e-01 1.919060e+00 2.482998e+00 2.903557e+00 1.427506e+01 1.007270e+04 1.039427e+04 3.60535 6.702353e-01
5.800000e-01 1.919060e+00 2.480010e+00 2.900205e+00 1.427933e+01 1.008388e+04 1.039025e+04 3.60117 6.718181e-01
5.790000e-01 1.919060e+00 2.483558e+00 2.904194e+00 1.430608e+01 1.007632e+04 1.036061e+04 3.60756 6.705865e-01
5.780000e-01 1.919060e+00 2.480502e+00 2.900767e+00 1.431034e+01 1.008742e+04 1.035656e+04 3.60322 6.721694e-01
5.770000e-01 1.919060e+00 2.484078e+00 2.904794e+00 1.433754e+01 1.007948e+04 1.032648e+04 3.60956 6.708863e-01
5.760000e-01 1.919060e+00 2.480932e+00 2.901263e+00 1.434177e+01 1.009051e+04 1.032242e+04 3.60499 6.724732e-01
5.750000e-01 1.919060e+00 2.484501e+00 2.905275e+00 1.436932e+01 1.008224e+04 1.029201e+04 3.61123 6.711517e-01
5.740000e-01 1.919060e+00 2.481277e+00 2.901658e+00 1.437353e+01 1.009319e+04 1.028792e+04 3.60645 6.727372e-01
5.730000e-01 1.919060e+00 2.484846e+00 2.905665e+00 1.440144e+01 1.008456e+04 1.025715e+04 3.61258 6.713707e-01
5.720000e-01 1.919060e+00 2.481532e+00 2.901940e+00 1.440561e+01 1.009540e+04 1.025304e+04 3.60756 6.729531e-01
5.710000e-01 1.919060e+00 2.485122e+00 2.905973e+00 1.443386e+01 1.008643e+04 1.022200e+04 3.61365 6.715462e-01
5.700000e-01 1.919060e+00 2.481730e+00 2.902160e+00 1.443803e+01 1.009719e+04 1.021785e+04 3.60845 6.731308e-01
5.690000e-01 1.919060e+00 2.485355e+00 2.906238e+00 1.446686e+01 1.008781e+04 1.018629e+04 3.61452 6.716720e-01
5.680000e-01 1.919060e+00 2.481905e+00 2.902365e+00 1.447104e+01 1.009851e+04 1.018214e+04 3.6092 6.732630e-01
5.670000e-01 1.919060e+00 2.485511e+00 2.906416e+00 1.450027e+01 1.008880e+04 1.015026e+04 3.61515 6.717724e-01
5.660000e-01 1.919060e+00 2.481992e+00 2.902469e+00 1.450446e+01 1.009943e+04 1.014608e+04 3.60967 6.733651e-01
5.650000e-01 1.919060e+00 2.485602e+00 2.906525e+00 1.453409e+01 1.008936e+04 1.011386e+04 3.61554 6.718329e-01
5.640000e-01 1.919060e+00 2.485616e+00 2.906541e+00 1.455119e+01 1.008946e+04 1.009547e+04 3.61561 6.718436e-01
5.630000e-01 1.919060e+00 2.485612e+00 2.906537e+00 1.456839e+01 1.008945e+04 1.007698e+04 3.61559 6.718431e-01
5.637600e-01 1.919060e+00 2.485995e+00 2.907036e+00 1.455682e+01 1.008862e+04 1.008946e+04 3.61603 6.716611e-01
