1.000000e+00 1.935450e+00 2.068590e+00 2.432852e+00 1.109675e+01 0.000000e+00 1.418686e+04 0 0.000000e+00
9.990000e-01 1.935450e+00 2.081784e+00 2.454622e+00 1.112339e+01 5.610427e+02 1.410145e+04 2.25236 3.317792e-02
9.980000e-01 1.935450e+00 2.081823e+00 2.454554e+00 1.112534e+01 8.051276e+02 1.407269e+04 2.32889 4.922814e-02
9.970000e-01 1.935450e+00 2.083124e+00 2.456121e+00 1.113074e+01 9.822631e+02 1.404885e+04 2.25926 5.819040e-02
9.960000e-01 1.935450e+00 2.083416e+00 2.456389e+00 1.113317e+01 1.141759e+03 1.403003e+04 2.29306 6.863170e-02
9.950000e-01 1.935450e+00 2.084729e+00 2.457967e+00 1.113857e+01 1.271258e+03 1.401164e+04 2.26424 7.536063e-02
9.940000e-01 1.935450e+00 2.085005e+00 2.458213e+00 1.114101e+01 1.397690e+03 1.399688e+04 2.28577 8.362118e-02
9.930000e-01 1.935450e+00 2.086310e+00 2.459768e+00 1.114643e+01 1.503271e+03 1.398120e+04 2.26904 8.916814e-02
9.920000e-01 1.935450e+00 2.086546e+00 2.459953e+00 1.114884e+01 1.610787e+03 1.396875e+04 2.28466 9.618137e-02
9.910000e-01 1.935450e+00 2.087863e+00 2.461508e+00 1.115432e+01 1.702049e+03 1.395463e+04 2.27377 1.010185e-01
9.900000e-01 1.935450e+00 2.088088e+00 2.461672e+00 1.115676e+01 1.797814e+03 1.394362e+04 2.28641 1.072724e-01
9.890000e-01 1.935450e+00 2.089413e+00 2.463232e+00 1.116229e+01 1.879759e+03 1.393049e+04 2.27847 1.116307e-01
9.880000e-01 1.935450e+00 2.089633e+00 2.463387e+00 1.116473e+01 1.966954e+03 1.392053e+04 2.28917 1.173326e-01
9.870000e-01 1.935450e+00 2.090971e+00 2.464961e+00 1.117031e+01 2.042475e+03 1.390810e+04 2.28317 1.213629e-01
9.860000e-01 1.935450e+00 2.091206e+00 2.465136e+00 1.117278e+01 2.123372e+03 1.389890e+04 2.29265 1.266652e-01
9.850000e-01 1.935450e+00 2.092542e+00 2.466707e+00 1.117836e+01 2.193423e+03 1.388707e+04 2.28787 1.304047e-01
9.840000e-01 1.935450e+00 2.092761e+00 2.466859e+00 1.118082e+01 2.268505e+03 1.387857e+04 2.29608 1.353242e-01
9.830000e-01 1.935450e+00 2.094096e+00 2.468422e+00 1.118641e+01 2.333079e+03 1.386732e+04 2.29253 1.387840e-01
9.820000e-01 1.935450e+00 2.094278e+00 2.468518e+00 1.118884e+01 2.403163e+03 1.385942e+04 2.29966 1.433721e-01
9.810000e-01 1.935450e+00 2.095629e+00 2.470094e+00 1.119449e+01 2.463807e+03 1.384854e+04 2.29718 1.466424e-01
9.800000e-01 1.935450e+00 2.095819e+00 2.470198e+00 1.119695e+01 2.530760e+03 1.384102e+04 2.30389 1.510404e-01
9.790000e-01 1.935450e+00 2.097183e+00 2.471789e+00 1.120266e+01 2.589093e+03 1.383034e+04 2.30187 1.541855e-01
9.780000e-01 1.935450e+00 2.097396e+00 2.471926e+00 1.120518e+01 2.653430e+03 1.382314e+04 2.3083 1.584257e-01
9.770000e-01 1.935450e+00 2.098767e+00 2.473529e+00 1.121092e+01 2.709789e+03 1.381266e+04 2.30662 1.614618e-01
9.760000e-01 1.935450e+00 2.099004e+00 2.473700e+00 1.121347e+01 2.771696e+03 1.380573e+04 2.31276 1.655526e-01
9.750000e-01 1.935450e+00 2.100375e+00 2.475308e+00 1.121921e+01 2.825922e+03 1.379549e+04 2.3114 1.684722e-01
9.740000e-01 1.935450e+00 2.100617e+00 2.475488e+00 1.122176e+01 2.885295e+03 1.378886e+04 2.31714 1.723995e-01
9.730000e-01 1.935450e+00 2.101989e+00 2.477098e+00 1.122750e+01 2.937127e+03 1.377888e+04 2.31618 1.751949e-01
9.720000e-01 1.935450e+00 2.102221e+00 2.477264e+00 1.123005e+01 2.994043e+03 1.377254e+04 2.3215 1.789609e-01
9.710000e-01 1.935450e+00 2.103599e+00 2.478880e+00 1.123581e+01 3.043711e+03 1.376278e+04 2.32096 1.816491e-01
9.700000e-01 1.935450e+00 2.103827e+00 2.479041e+00 1.123836e+01 3.098648e+03 1.375668e+04 2.32601 1.852894e-01
9.690000e-01 1.935450e+00 2.105212e+00 2.480663e+00 1.124414e+01 3.146492e+03 1.374709e+04 2.32577 1.878835e-01
9.680000e-01 1.935450e+00 2.105438e+00 2.480821e+00 1.124671e+01 3.199640e+03 1.374119e+04 2.33057 1.914106e-01
9.670000e-01 1.935450e+00 2.106876e+00 2.482511e+00 1.125262e+01 3.246004e+03 1.373163e+04 2.33069 1.939290e-01
9.660000e-01 1.935450e+00 2.107079e+00 2.482639e+00 1.125514e+01 3.297733e+03 1.372596e+04 2.33527 1.973689e-01
9.650000e-01 1.935450e+00 2.108506e+00 2.484316e+00 1.126104e+01 3.342644e+03 1.371656e+04 2.33555 1.998094e-01
9.640000e-01 1.935450e+00 2.108698e+00 2.484429e+00 1.126356e+01 3.392675e+03 1.371107e+04 2.33986 2.031379e-01
9.630000e-01 1.935450e+00 2.110128e+00 2.486105e+00 1.126946e+01 3.435799e+03 1.370183e+04 2.34039 2.054879e-01
9.620000e-01 1.935450e+00 2.110299e+00 2.486188e+00 1.127196e+01 3.484215e+03 1.369653e+04 2.34444 2.087103e-01
9.610000e-01 1.935450e+00 2.111744e+00 2.487878e+00 1.127792e+01 3.526087e+03 1.368737e+04 2.34525 2.110023e-01
9.600000e-01 1.935450e+00 2.111922e+00 2.487968e+00 1.128045e+01 3.573547e+03 1.368216e+04 2.34925 2.141705e-01
9.590000e-01 1.935450e+00 2.113377e+00 2.489671e+00 1.128646e+01 3.614650e+03 1.367302e+04 2.35016 2.164199e-01
9.580000e-01 1.935450e+00 2.113567e+00 2.489779e+00 1.128902e+01 3.661167e+03 1.366791e+04 2.3541 2.195327e-01
9.570000e-01 1.935450e+00 2.115029e+00 2.491493e+00 1.129506e+01 3.701525e+03 1.365883e+04 2.35511 2.217413e-01
9.560000e-01 1.935450e+00 2.115232e+00 2.491618e+00 1.129765e+01 3.747113e+03 1.365383e+04 2.35898 2.247984e-01
9.550000e-01 1.935450e+00 2.116697e+00 2.493339e+00 1.130371e+01 3.786619e+03 1.364483e+04 2.36009 2.269607e-01
9.540000e-01 1.935450e+00 2.116902e+00 2.493468e+00 1.130630e+01 3.831168e+03 1.363995e+04 2.36385 2.299520e-01
9.530000e-01 1.935450e+00 2.118371e+00 2.495192e+00 1.131237e+01 3.869638e+03 1.363105e+04 2.36509 2.320607e-01
9.520000e-01 1.935450e+00 2.118570e+00 2.495313e+00 1.131497e+01 3.913143e+03 1.362628e+04 2.36871 2.349851e-01
9.510000e-01 1.935450e+00 2.120047e+00 2.497047e+00 1.132107e+01 3.950696e+03 1.361744e+04 2.37011 2.370488e-01
9.500000e-01 1.935450e+00 2.120244e+00 2.497165e+00 1.132367e+01 3.993309e+03 1.361277e+04 2.37364 2.399180e-01
9.490000e-01 1.935450e+00 2.121727e+00 2.498905e+00 1.132980e+01 4.029991e+03 1.360399e+04 2.37514 2.419366e-01
9.480000e-01 1.935450e+00 2.121923e+00 2.499022e+00 1.133241e+01 4.071778e+03 1.359940e+04 2.37859 2.447549e-01
9.470000e-01 1.935450e+00 2.123416e+00 2.500774e+00 1.133857e+01 4.107768e+03 1.359066e+04 2.3802 2.467387e-01
9.460000e-01 1.935450e+00 2.123613e+00 2.500892e+00 1.134120e+01 4.148770e+03 1.358616e+04 2.38358 2.495083e-01
9.450000e-01 1.935450e+00 2.125109e+00 2.502648e+00 1.134737e+01 4.183897e+03 1.357748e+04 2.38528 2.514467e-01
9.440000e-01 1.935450e+00 2.125292e+00 2.502747e+00 1.134998e+01 4.223934e+03 1.357308e+04 2.38851 2.541522e-01
9.430000e-01 1.935450e+00 2.126794e+00 2.504506e+00 1.135617e+01 4.258037e+03 1.356449e+04 2.39036 2.560405e-01
9.420000e-01 1.935450e+00 2.126966e+00 2.504589e+00 1.135878e+01 4.297306e+03 1.356019e+04 2.39349 2.586982e-01
9.410000e-01 1.935450e+00 2.128482e+00 2.506365e+00 1.136503e+01 4.330909e+03 1.355159e+04 2.39546 2.605644e-01
9.400000e-01 1.935450e+00 2.128664e+00 2.506460e+00 1.136768e+01 4.369753e+03 1.354732e+04 2.3986 2.632011e-01
9.390000e-01 1.935450e+00 2.130189e+00 2.508246e+00 1.137397e+01 4.402992e+03 1.353871e+04 2.40061 2.650460e-01
9.380000e-01 1.935450e+00 2.130382e+00 2.508357e+00 1.137665e+01 4.441362e+03 1.353448e+04 2.40375 2.676568e-01
9.370000e-01 1.935450e+00 2.131915e+00 2.510153e+00 1.138298e+01 4.474197e+03 1.352589e+04 2.40581 2.694789e-01
9.360000e-01 1.935450e+00 2.132114e+00 2.510274e+00 1.138568e+01 4.512013e+03 1.352171e+04 2.40892 2.720565e-01
9.350000e-01 1.935450e+00 2.133651e+00 2.512077e+00 1.139203e+01 4.544287e+03 1.351315e+04 2.41104 2.738487e-01
9.340000e-01 1.935450e+00 2.133847e+00 2.512194e+00 1.139473e+01 4.581446e+03 1.350904e+04 2.41407 2.763842e-01
9.330000e-01 1.935450e+00 2.135390e+00 2.514003e+00 1.140110e+01 4.613068e+03 1.350052e+04 2.41628 2.781440e-01
9.320000e-01 1.935450e+00 2.135583e+00 2.514116e+00 1.140380e+01 4.649648e+03 1.349647e+04 2.41925 2.806440e-01
9.310000e-01 1.935450e+00 2.137134e+00 2.515935e+00 1.141020e+01 4.680744e+03 1.348796e+04 2.42154 2.823776e-01
9.300000e-01 1.935450e+00 2.137326e+00 2.516044e+00 1.141292e+01 4.716788e+03 1.348396e+04 2.42447 2.848453e-01
9.290000e-01 1.935450e+00 2.138884e+00 2.517873e+00 1.141935e+01 4.747386e+03 1.347547e+04 2.42683 2.865537e-01
9.280000e-01 1.935450e+00 2.139078e+00 2.517985e+00 1.142209e+01 4.782971e+03 1.347151e+04 2.42973 2.889949e-01
9.270000e-01 1.935450e+00 2.140644e+00 2.519822e+00 1.142855e+01 4.813112e+03 1.346302e+04 2.43215 2.906791e-01
9.260000e-01 1.935450e+00 2.140833e+00 2.519928e+00 1.143129e+01 4.848130e+03 1.345911e+04 2.43499 2.930842e-01
9.250000e-01 1.935450e+00 2.142403e+00 2.521769e+00 1.143776e+01 4.877594e+03 1.345066e+04 2.43747 2.947337e-01
9.240000e-01 1.935450e+00 2.142575e+00 2.521851e+00 1.144048e+01 4.911943e+03 1.344682e+04 2.4402 2.970943e-01
9.230000e-01 1.935450e+00 2.144156e+00 2.523704e+00 1.144699e+01 4.940824e+03 1.343840e+04 2.4428 2.987179e-01
9.220000e-01 1.935450e+00 2.144329e+00 2.523787e+00 1.144973e+01 4.974838e+03 1.343459e+04 2.44552 3.010613e-01
9.210000e-01 1.935450e+00 2.145922e+00 2.525653e+00 1.145630e+01 5.003492e+03 1.342613e+04 2.44817 3.026734e-01
9.200000e-01 1.935450e+00 2.146105e+00 2.525749e+00 1.145907e+01 5.037221e+03 1.342233e+04 2.45091 3.050031e-01
9.190000e-01 1.935450e+00 2.147706e+00 2.527626e+00 1.146568e+01 5.065631e+03 1.341385e+04 2.45359 3.066010e-01
9.180000e-01 1.935450e+00 2.147897e+00 2.527733e+00 1.146848e+01 5.099031e+03 1.341007e+04 2.45634 3.089127e-01
9.170000e-01 1.935450e+00 2.149504e+00 2.529618e+00 1.147512e+01 5.127099e+03 1.340159e+04 2.45905 3.104916e-01
9.160000e-01 1.935450e+00 2.149694e+00 2.529726e+00 1.147792e+01 5.160064e+03 1.339786e+04 2.46175 3.127762e-01
9.150000e-01 1.935450e+00 2.151307e+00 2.531618e+00 1.148458e+01 5.187655e+03 1.338941e+04 2.46452 3.143305e-01
9.140000e-01 1.935450e+00 2.151491e+00 2.531717e+00 1.148738e+01 5.220152e+03 1.338572e+04 2.46717 3.165855e-01
9.130000e-01 1.935450e+00 2.153112e+00 2.533619e+00 1.149407e+01 5.247321e+03 1.337728e+04 2.47001 3.181198e-01
9.120000e-01 1.935450e+00 2.153295e+00 2.533717e+00 1.149688e+01 5.279443e+03 1.337362e+04 2.47264 3.203528e-01
9.110000e-01 1.935450e+00 2.154923e+00 2.535627e+00 1.150360e+01 5.306239e+03 1.336518e+04 2.47553 3.218682e-01
9.100000e-01 1.935450e+00 2.155105e+00 2.535724e+00 1.150643e+01 5.338020e+03 1.336155e+04 2.47813 3.240818e-01
9.090000e-01 1.935450e+00 2.156744e+00 2.537646e+00 1.151319e+01 5.364517e+03 1.335309e+04 2.48107 3.255821e-01
9.080000e-01 1.935450e+00 2.156925e+00 2.537742e+00 1.151604e+01 5.395958e+03 1.334950e+04 2.48366 3.277761e-01
9.070000e-01 1.935450e+00 2.158569e+00 2.539670e+00 1.152282e+01 5.422029e+03 1.334104e+04 2.48664 3.292537e-01
9.060000e-01 1.935450e+00 2.158739e+00 2.539749e+00 1.152566e+01 5.452991e+03 1.333749e+04 2.48916 3.314164e-01
9.050000e-01 1.935450e+00 2.160391e+00 2.541686e+00 1.153246e+01 5.478547e+03 1.332905e+04 2.49222 3.328693e-01
9.040000e-01 1.935450e+00 2.160554e+00 2.541756e+00 1.153531e+01 5.509182e+03 1.332553e+04 2.4947 3.350135e-01
9.030000e-01 1.935450e+00 2.162220e+00 2.543708e+00 1.154217e+01 5.534538e+03 1.331706e+04 2.49783 3.364581e-01
9.020000e-01 1.935450e+00 2.162392e+00 2.543789e+00 1.154505e+01 5.564994e+03 1.331354e+04 2.50033 3.385955e-01
9.010000e-01 1.935450e+00 2.164067e+00 2.545753e+00 1.155197e+01 5.590191e+03 1.330502e+04 2.50349 3.400306e-01
9.000000e-01 1.935450e+00 2.164247e+00 2.545846e+00 1.155488e+01 5.620441e+03 1.330151e+04 2.50601 3.421583e-01
8.990000e-01 1.935450e+00 2.165929e+00 2.547818e+00 1.156184e+01 5.645419e+03 1.329297e+04 2.50919 3.435807e-01
8.980000e-01 1.935450e+00 2.166111e+00 2.547914e+00 1.156476e+01 5.675368e+03 1.328948e+04 2.5117 3.456906e-01
8.970000e-01 1.935450e+00 2.167799e+00 2.549894e+00 1.157174e+01 5.699997e+03 1.328095e+04 2.51492 3.470945e-01
8.960000e-01 1.935450e+00 2.167974e+00 2.549982e+00 1.157466e+01 5.729568e+03 1.327749e+04 2.51738 3.491802e-01
8.950000e-01 1.935450e+00 2.169670e+00 2.551972e+00 1.158166e+01 5.753827e+03 1.326896e+04 2.52066 3.505663e-01
8.940000e-01 1.935450e+00 2.169842e+00 2.552055e+00 1.158459e+01 5.783080e+03 1.326553e+04 2.52309 3.526332e-01
8.930000e-01 1.935450e+00 2.171546e+00 2.554054e+00 1.159162e+01 5.807023e+03 1.325700e+04 2.52641 3.540034e-01
8.920000e-01 1.935450e+00 2.171715e+00 2.554134e+00 1.159456e+01 5.835992e+03 1.325358e+04 2.52883 3.560541e-01
8.910000e-01 1.935450e+00 2.173429e+00 2.556144e+00 1.160163e+01 5.859679e+03 1.324503e+04 2.5322 3.574117e-01
8.900000e-01 1.935450e+00 2.173597e+00 2.556224e+00 1.160459e+01 5.888396e+03 1.324163e+04 2.53461 3.594485e-01
8.890000e-01 1.935450e+00 2.175318e+00 2.558242e+00 1.161169e+01 5.911769e+03 1.323307e+04 2.53802 3.607895e-01
8.880000e-01 1.935450e+00 2.175477e+00 2.558308e+00 1.161464e+01 5.940127e+03 1.322971e+04 2.54037 3.628034e-01
8.870000e-01 1.935450e+00 2.177205e+00 2.560334e+00 1.162177e+01 5.963074e+03 1.322115e+04 2.54384 3.641233e-01
8.860000e-01 1.935450e+00 2.177356e+00 2.560389e+00 1.162472e+01 5.991148e+03 1.321781e+04 2.54616 3.661209e-01
8.850000e-01 1.935450e+00 2.179098e+00 2.562430e+00 1.163191e+01 6.013913e+03 1.320921e+04 2.54969 3.674335e-01
8.840000e-01 1.935450e+00 2.179255e+00 2.562494e+00 1.163490e+01 6.041858e+03 1.320587e+04 2.55204 3.694274e-01
8.830000e-01 1.935450e+00 2.181008e+00 2.564548e+00 1.164215e+01 6.064509e+03 1.319722e+04 2.5556 3.707331e-01
8.820000e-01 1.935450e+00 2.181172e+00 2.564622e+00 1.164516e+01 6.092309e+03 1.319387e+04 2.55797 3.727214e-01
8.810000e-01 1.935450e+00 2.182934e+00 2.566687e+00 1.165246e+01 6.114810e+03 1.318519e+04 2.56156 3.740183e-01
8.800000e-01 1.935450e+00 2.183101e+00 2.566765e+00 1.165549e+01 6.142391e+03 1.318185e+04 2.56392 3.759945e-01
8.790000e-01 1.935450e+00 2.184913e+00 2.568896e+00 1.166291e+01 6.164585e+03 1.317305e+04 2.5676 3.772688e-01
8.780000e-01 1.935450e+00 2.185043e+00 2.568927e+00 1.166588e+01 6.191897e+03 1.316981e+04 2.56988 3.792314e-01
8.770000e-01 1.935450e+00 2.186850e+00 2.571050e+00 1.167330e+01 6.213785e+03 1.316104e+04 2.5736 3.804928e-01
8.760000e-01 1.935450e+00 2.186977e+00 2.571076e+00 1.167628e+01 6.240836e+03 1.315781e+04 2.57586 3.824403e-01
8.750000e-01 1.935450e+00 2.188792e+00 2.573209e+00 1.168372e+01 6.262457e+03 1.314903e+04 2.57962 3.836882e-01
8.740000e-01 1.935450e+00 2.188914e+00 2.573230e+00 1.168672e+01 6.289266e+03 1.314582e+04 2.58186 3.856221e-01
8.730000e-01 1.935450e+00 2.190740e+00 2.575375e+00 1.169420e+01 6.310658e+03 1.313701e+04 2.58566 3.868586e-01
8.720000e-01 1.935450e+00 2.190861e+00 2.575394e+00 1.169721e+01 6.337257e+03 1.313381e+04 2.58789 3.887812e-01
8.710000e-01 1.935450e+00 2.192694e+00 2.577548e+00 1.170473e+01 6.358378e+03 1.312498e+04 2.59174 3.900032e-01
8.700000e-01 1.935450e+00 2.192803e+00 2.577552e+00 1.170773e+01 6.384676e+03 1.312181e+04 2.59392 3.919070e-01
8.690000e-01 1.935450e+00 2.194645e+00 2.579715e+00 1.171528e+01 6.405437e+03 1.311298e+04 2.59781 3.931111e-01
8.680000e-01 1.935450e+00 2.194748e+00 2.579709e+00 1.171828e+01 6.431514e+03 1.310982e+04 2.59998 3.950030e-01
8.670000e-01 1.935450e+00 2.196604e+00 2.581889e+00 1.172589e+01 6.452131e+03 1.310094e+04 2.60393 3.962013e-01
8.660000e-01 1.935450e+00 2.196712e+00 2.581891e+00 1.172893e+01 6.478105e+03 1.309778e+04 2.60611 3.980909e-01
8.650000e-01 1.935450e+00 2.198579e+00 2.584084e+00 1.173661e+01 6.498626e+03 1.308884e+04 2.6101 3.992833e-01
8.640000e-01 1.935450e+00 2.198693e+00 2.584094e+00 1.173968e+01 6.524488e+03 1.308567e+04 2.6123 4.011694e-01
8.630000e-01 1.935450e+00 2.200570e+00 2.586299e+00 1.174741e+01 6.544881e+03 1.307669e+04 2.61631 4.023541e-01
8.620000e-01 1.935450e+00 2.200685e+00 2.586311e+00 1.175049e+01 6.570562e+03 1.307352e+04 2.61852 4.042306e-01
8.610000e-01 1.935450e+00 2.202570e+00 2.588526e+00 1.175825e+01 6.590720e+03 1.306452e+04 2.62256 4.054022e-01
8.600000e-01 1.935450e+00 2.202677e+00 2.588529e+00 1.176134e+01 6.616153e+03 1.306137e+04 2.62473 4.072637e-01
8.590000e-01 1.935450e+00 2.204572e+00 2.590755e+00 1.176914e+01 6.636055e+03 1.305235e+04 2.62882 4.084225e-01
8.580000e-01 1.935450e+00 2.204676e+00 2.590754e+00 1.177223e+01 6.661279e+03 1.304922e+04 2.63098 4.102724e-01
8.570000e-01 1.935450e+00 2.206579e+00 2.592990e+00 1.178006e+01 6.680947e+03 1.304018e+04 2.63511 4.114191e-01
8.560000e-01 1.935450e+00 2.206678e+00 2.592984e+00 1.178317e+01 6.705970e+03 1.303705e+04 2.63724 4.132580e-01
8.550000e-01 1.935450e+00 2.208592e+00 2.595233e+00 1.179105e+01 6.725437e+03 1.302798e+04 2.64142 4.143946e-01
8.540000e-01 1.935450e+00 2.208687e+00 2.595221e+00 1.179417e+01 6.750266e+03 1.302486e+04 2.64354 4.162230e-01
8.530000e-01 1.935450e+00 2.210608e+00 2.597479e+00 1.180207e+01 6.769470e+03 1.301577e+04 2.64775 4.173454e-01
8.520000e-01 1.935450e+00 2.210690e+00 2.597449e+00 1.180519e+01 6.794029e+03 1.301267e+04 2.64983 4.191571e-01
8.510000e-01 1.935450e+00 2.212623e+00 2.599720e+00 1.181313e+01 6.812943e+03 1.300356e+04 2.6541 4.202656e-01
8.500000e-01 1.935450e+00 2.212701e+00 2.599686e+00 1.181626e+01 6.837356e+03 1.300047e+04 2.65617 4.220710e-01
8.490000e-01 1.935450e+00 2.214648e+00 2.601973e+00 1.182427e+01 6.856166e+03 1.299130e+04 2.66048 4.231748e-01
8.480000e-01 1.935450e+00 2.214731e+00 2.601945e+00 1.182743e+01 6.880493e+03 1.298820e+04 2.66258 4.249788e-01
8.470000e-01 1.935450e+00 2.216690e+00 2.604246e+00 1.183551e+01 6.899214e+03 1.297897e+04 2.66693 4.260771e-01
8.460000e-01 1.935450e+00 2.216777e+00 2.604226e+00 1.183870e+01 6.923442e+03 1.297586e+04 2.66904 4.278781e-01
8.450000e-01 1.935450e+00 2.218745e+00 2.606538e+00 1.184683e+01 6.942029e+03 1.296659e+04 2.67341 4.289682e-01
8.440000e-01 1.935450e+00 2.218831e+00 2.606516e+00 1.185004e+01 6.966086e+03 1.296348e+04 2.67552 4.307601e-01
8.430000e-01 1.935450e+00 2.220807e+00 2.608838e+00 1.185820e+01 6.984446e+03 1.295418e+04 2.67993 4.318376e-01
8.420000e-01 1.935450e+00 2.220885e+00 2.608807e+00 1.186141e+01 7.008297e+03 1.295109e+04 2.682 4.336176e-01
8.410000e-01 1.935450e+00 2.222873e+00 2.611143e+00 1.186962e+01 7.026451e+03 1.294176e+04 2.68646 4.346848e-01
8.400000e-01 1.935450e+00 2.222946e+00 2.611106e+00 1.187284e+01 7.050122e+03 1.293867e+04 2.68852 4.364552e-01
8.390000e-01 1.935450e+00 2.224943e+00 2.613453e+00 1.188109e+01 7.068067e+03 1.292931e+04 2.69302 4.375113e-01
8.380000e-01 1.935450e+00 2.225011e+00 2.613410e+00 1.188432e+01 7.091574e+03 1.292623e+04 2.69507 4.392735e-01
8.370000e-01 1.935450e+00 2.227019e+00 2.615771e+00 1.189261e+01 7.109333e+03 1.291684e+04 2.6996 4.403196e-01
8.360000e-01 1.935450e+00 2.227079e+00 2.615717e+00 1.189585e+01 7.132642e+03 1.291376e+04 2.70163 4.420705e-01
8.350000e-01 1.935450e+00 2.229096e+00 2.618087e+00 1.190418e+01 7.150125e+03 1.290435e+04 2.7062 4.431020e-01
8.340000e-01 1.935450e+00 2.230131e+00 2.619240e+00 1.190997e+01 7.170362e+03 1.289810e+04 2.70949 4.444829e-01
8.330000e-01 1.935450e+00 2.231171e+00 2.620399e+00 1.191579e+01 7.190529e+03 1.289183e+04 2.7128 4.458623e-01
8.320000e-01 1.935450e+00 2.232215e+00 2.621563e+00 1.192163e+01 7.210656e+03 1.288554e+04 2.71613 4.472404e-01
8.310000e-01 1.935450e+00 2.233263e+00 2.622731e+00 1.192750e+01 7.230741e+03 1.287924e+04 2.71947 4.486168e-01
8.300000e-01 1.935450e+00 2.234315e+00 2.623905e+00 1.193340e+01 7.250790e+03 1.287291e+04 2.72283 4.499918e-01
8.290000e-01 1.935450e+00 2.235370e+00 2.625083e+00 1.193932e+01 7.270791e+03 1.286657e+04 2.7262 4.513645e-01
8.280000e-01 1.935450e+00 2.236428e+00 2.626265e+00 1.194525e+01 7.290728e+03 1.286021e+04 2.72957 4.527340e-01
8.270000e-01 1.935450e+00 2.237488e+00 2.627450e+00 1.195121e+01 7.310575e+03 1.285384e+04 2.73296 4.540987e-01
8.260000e-01 1.935450e+00 2.238548e+00 2.628635e+00 1.195717e+01 7.330321e+03 1.284747e+04 2.73635 4.554578e-01
8.250000e-01 1.935450e+00 2.239610e+00 2.629821e+00 1.196314e+01 7.349973e+03 1.284109e+04 2.73974 4.568118e-01
8.240000e-01 1.935450e+00 2.240672e+00 2.631008e+00 1.196913e+01 7.369548e+03 1.283471e+04 2.74314 4.581618e-01
8.230000e-01 1.935450e+00 2.241736e+00 2.632197e+00 1.197513e+01 7.389030e+03 1.282831e+04 2.74654 4.595069e-01
8.220000e-01 1.935450e+00 2.242801e+00 2.633387e+00 1.198115e+01 7.408425e+03 1.282191e+04 2.74995 4.608475e-01
8.210000e-01 1.935450e+00 2.243867e+00 2.634579e+00 1.198719e+01 7.427746e+03 1.281549e+04 2.75337 4.621842e-01
8.200000e-01 1.935450e+00 2.244934e+00 2.635772e+00 1.199324e+01 7.446975e+03 1.280906e+04 2.7568 4.635160e-01
8.190000e-01 1.935450e+00 2.246002e+00 2.636965e+00 1.199929e+01 7.466098e+03 1.280264e+04 2.76023 4.648420e-01
8.180000e-01 1.935450e+00 2.247068e+00 2.638156e+00 1.200536e+01 7.485096e+03 1.279620e+04 2.76366 4.661611e-01
8.170000e-01 1.935450e+00 2.248134e+00 2.639346e+00 1.201144e+01 7.503994e+03 1.278976e+04 2.76709 4.674750e-01
8.160000e-01 1.935450e+00 2.249203e+00 2.640540e+00 1.201754e+01 7.522851e+03 1.278331e+04 2.77053 4.687874e-01
8.150000e-01 1.935450e+00 2.250276e+00 2.641737e+00 1.202367e+01 7.541670e+03 1.277682e+04 2.77399 4.700984e-01
8.140000e-01 1.935450e+00 2.251352e+00 2.642939e+00 1.202982e+01 7.560451e+03 1.277032e+04 2.77746 4.714078e-01
8.130000e-01 1.935450e+00 2.252432e+00 2.644146e+00 1.203601e+01 7.579197e+03 1.276379e+04 2.78095 4.727159e-01
8.120000e-01 1.935450e+00 2.253558e+00 2.645415e+00 1.204231e+01 7.597859e+03 1.275714e+04 2.78451 4.740125e-01
8.110000e-01 1.935450e+00 2.254645e+00 2.646631e+00 1.204854e+01 7.616497e+03 1.275058e+04 2.78802 4.753150e-01
8.100000e-01 1.935450e+00 2.255733e+00 2.647848e+00 1.205478e+01 7.635051e+03 1.274400e+04 2.79153 4.766132e-01
8.090000e-01 1.935450e+00 2.256821e+00 2.649066e+00 1.206103e+01 7.653511e+03 1.273743e+04 2.79504 4.779062e-01
8.080000e-01 1.935450e+00 2.257909e+00 2.650284e+00 1.206730e+01 7.671892e+03 1.273083e+04 2.79857 4.791950e-01
8.070000e-01 1.935450e+00 2.258999e+00 2.651505e+00 1.207358e+01 7.690198e+03 1.272423e+04 2.80209 4.804800e-01
8.060000e-01 1.935450e+00 2.260090e+00 2.652726e+00 1.207988e+01 7.708423e+03 1.271762e+04 2.80563 4.817606e-01
8.050000e-01 1.935450e+00 2.261182e+00 2.653949e+00 1.208620e+01 7.726566e+03 1.271099e+04 2.80917 4.830369e-01
8.040000e-01 1.935450e+00 2.262276e+00 2.655173e+00 1.209254e+01 7.744642e+03 1.270435e+04 2.81272 4.843098e-01
8.030000e-01 1.935450e+00 2.263370e+00 2.656398e+00 1.209888e+01 7.762626e+03 1.269770e+04 2.81627 4.855777e-01
8.020000e-01 1.935450e+00 2.264463e+00 2.657621e+00 1.210524e+01 7.780500e+03 1.269104e+04 2.81982 4.868394e-01
8.010000e-01 1.935450e+00 2.265555e+00 2.658842e+00 1.211161e+01 7.798267e+03 1.268438e+04 2.82338 4.880954e-01
8.000000e-01 1.935450e+00 2.266649e+00 2.660064e+00 1.211799e+01 7.815961e+03 1.267770e+04 2.82694 4.893477e-01
7.990000e-01 1.935450e+00 2.267745e+00 2.661290e+00 1.212440e+01 7.833623e+03 1.267100e+04 2.83051 4.905990e-01
7.980000e-01 1.935450e+00 2.268844e+00 2.662520e+00 1.213084e+01 7.851247e+03 1.266427e+04 2.8341 4.918489e-01
7.970000e-01 1.935450e+00 2.269947e+00 2.663755e+00 1.213731e+01 7.868836e+03 1.265751e+04 2.8377 4.930972e-01
7.960000e-01 1.935450e+00 2.271054e+00 2.664994e+00 1.214381e+01 7.886390e+03 1.265073e+04 2.84131 4.943442e-01
7.950000e-01 1.935450e+00 2.272163e+00 2.666236e+00 1.215033e+01 7.903892e+03 1.264393e+04 2.84493 4.955885e-01
7.940000e-01 1.935450e+00 2.273275e+00 2.667482e+00 1.215686e+01 7.921329e+03 1.263711e+04 2.84856 4.968294e-01
7.930000e-01 1.935450e+00 2.274387e+00 2.668727e+00 1.216342e+01 7.938680e+03 1.263028e+04 2.8522 4.980654e-01
7.920000e-01 1.935450e+00 2.275498e+00 2.669973e+00 1.216998e+01 7.955950e+03 1.262344e+04 2.85583 4.992970e-01
7.910000e-01 1.935450e+00 2.276612e+00 2.671221e+00 1.217657e+01 7.973157e+03 1.261659e+04 2.85948 5.005254e-01
7.900000e-01 1.935450e+00 2.277727e+00 2.672470e+00 1.218317e+01 7.990288e+03 1.260971e+04 2.86313 5.017498e-01
7.890000e-01 1.935450e+00 2.278842e+00 2.673720e+00 1.218979e+01 8.007340e+03 1.260283e+04 2.86678 5.029699e-01
7.880000e-01 1.935450e+00 2.279958e+00 2.674971e+00 1.219643e+01 8.024324e+03 1.259592e+04 2.87044 5.041864e-01
7.870000e-01 1.935450e+00 2.281075e+00 2.676222e+00 1.220308e+01 8.041229e+03 1.258900e+04 2.87411 5.053987e-01
7.860000e-01 1.935450e+00 2.282191e+00 2.677473e+00 1.220975e+01 8.058040e+03 1.258208e+04 2.87778 5.066057e-01
7.850000e-01 1.935450e+00 2.283307e+00 2.678722e+00 1.221642e+01 8.074747e+03 1.257514e+04 2.88145 5.078070e-01
7.840000e-01 1.935450e+00 2.284421e+00 2.679970e+00 1.222311e+01 8.091365e+03 1.256819e+04 2.88512 5.090037e-01
7.830000e-01 1.935450e+00 2.285539e+00 2.681220e+00 1.222983e+01 8.107951e+03 1.256122e+04 2.88881 5.101992e-01
7.820000e-01 1.935450e+00 2.286660e+00 2.682475e+00 1.223658e+01 8.124502e+03 1.255421e+04 2.89251 5.113935e-01
7.810000e-01 1.935450e+00 2.287783e+00 2.683734e+00 1.224336e+01 8.141013e+03 1.254718e+04 2.89621 5.125860e-01
7.800000e-01 1.935450e+00 2.288911e+00 2.684997e+00 1.225017e+01 8.157494e+03 1.254012e+04 2.89994 5.137772e-01
7.790000e-01 1.935450e+00 2.290040e+00 2.686263e+00 1.225700e+01 8.173925e+03 1.253303e+04 2.90367 5.149661e-01
7.780000e-01 1.935450e+00 2.291172e+00 2.687533e+00 1.226386e+01 8.190300e+03 1.252593e+04 2.90741 5.161518e-01
7.770000e-01 1.935450e+00 2.292304e+00 2.688803e+00 1.227073e+01 8.206596e+03 1.251881e+04 2.91115 5.173332e-01
7.760000e-01 1.935450e+00 2.293437e+00 2.690073e+00 1.227762e+01 8.222807e+03 1.251167e+04 2.9149 5.185100e-01
7.750000e-01 1.935450e+00 2.294571e+00 2.691345e+00 1.228452e+01 8.238966e+03 1.250452e+04 2.91865 5.196840e-01
7.740000e-01 1.935450e+00 2.295705e+00 2.692618e+00 1.229145e+01 8.255052e+03 1.249734e+04 2.92241 5.208542e-01
7.730000e-01 1.935450e+00 2.296840e+00 2.693891e+00 1.229840e+01 8.271057e+03 1.249016e+04 2.92618 5.220200e-01
7.720000e-01 1.935450e+00 2.297976e+00 2.695166e+00 1.230536e+01 8.287003e+03 1.248295e+04 2.92994 5.231825e-01
7.710000e-01 1.935450e+00 2.299112e+00 2.696440e+00 1.231235e+01 8.302869e+03 1.247572e+04 2.93372 5.243411e-01
7.700000e-01 1.935450e+00 2.300247e+00 2.697714e+00 1.231934e+01 8.318643e+03 1.246849e+04 2.9375 5.254942e-01
7.690000e-01 1.935450e+00 2.301382e+00 2.698987e+00 1.232635e+01 8.334330e+03 1.246124e+04 2.94127 5.266423e-01
7.680000e-01 1.935450e+00 2.302515e+00 2.700255e+00 1.233338e+01 8.349916e+03 1.245398e+04 2.94505 5.277855e-01
7.670000e-01 1.935450e+00 2.303651e+00 2.701528e+00 1.234043e+01 8.365476e+03 1.244668e+04 2.94884 5.289276e-01
7.660000e-01 1.935450e+00 2.304791e+00 2.702806e+00 1.234752e+01 8.381012e+03 1.243936e+04 2.95265 5.300688e-01
7.650000e-01 1.935450e+00 2.305931e+00 2.704084e+00 1.235464e+01 8.396487e+03 1.243200e+04 2.95646 5.312074e-01
7.640000e-01 1.935450e+00 2.307076e+00 2.705369e+00 1.236178e+01 8.411942e+03 1.242462e+04 2.96028 5.323450e-01
7.630000e-01 1.935450e+00 2.308224e+00 2.706658e+00 1.236896e+01 8.427358e+03 1.241721e+04 2.96412 5.334806e-01
7.620000e-01 1.935450e+00 2.309371e+00 2.707946e+00 1.237616e+01 8.442694e+03 1.240977e+04 2.96796 5.346122e-01
7.610000e-01 1.935450e+00 2.310520e+00 2.709236e+00 1.238338e+01 8.457965e+03 1.240231e+04 2.9718 5.357398e-01
7.600000e-01 1.935450e+00 2.311711e+00 2.710583e+00 1.239071e+01 8.473133e+03 1.239474e+04 2.97571 5.368530e-01
7.590000e-01 1.935450e+00 2.312862e+00 2.711874e+00 1.239797e+01 8.488265e+03 1.238724e+04 2.97957 5.379730e-01
7.580000e-01 1.935450e+00 2.314012e+00 2.713166e+00 1.240525e+01 8.503338e+03 1.237972e+04 2.98343 5.390898e-01
7.570000e-01 1.935450e+00 2.315164e+00 2.714461e+00 1.241255e+01 8.518333e+03 1.237219e+04 2.98729 5.402026e-01
7.560000e-01 1.935450e+00 2.316314e+00 2.715753e+00 1.241987e+01 8.533259e+03 1.236464e+04 2.99116 5.413117e-01
7.550000e-01 1.935450e+00 2.317465e+00 2.717046e+00 1.242722e+01 8.548116e+03 1.235706e+04 2.99504 5.424168e-01
7.540000e-01 1.935450e+00 2.318615e+00 2.718337e+00 1.243457e+01 8.562873e+03 1.234948e+04 2.99891 5.435164e-01
7.530000e-01 1.935450e+00 2.319764e+00 2.719627e+00 1.244194e+01 8.577543e+03 1.234188e+04 3.00278 5.446113e-01
7.520000e-01 1.935450e+00 2.320912e+00 2.720915e+00 1.244933e+01 8.592140e+03 1.233426e+04 3.00666 5.457023e-01
7.510000e-01 1.935450e+00 2.322062e+00 2.722206e+00 1.245675e+01 8.606701e+03 1.232661e+04 3.01055 5.467921e-01
7.500000e-01 1.935450e+00 2.323217e+00 2.723502e+00 1.246421e+01 8.621234e+03 1.231892e+04 3.01445 5.478807e-01
7.490000e-01 1.935450e+00 2.324373e+00 2.724801e+00 1.247171e+01 8.635720e+03 1.231120e+04 3.01837 5.489671e-01
7.480000e-01 1.935450e+00 2.325531e+00 2.726103e+00 1.247923e+01 8.650168e+03 1.230345e+04 3.02229 5.500518e-01
7.470000e-01 1.935450e+00 2.326691e+00 2.727408e+00 1.248679e+01 8.664567e+03 1.229567e+04 3.02622 5.511340e-01
7.460000e-01 1.935450e+00 2.327853e+00 2.728715e+00 1.249437e+01 8.678895e+03 1.228787e+04 3.03016 5.522123e-01
7.450000e-01 1.935450e+00 2.329013e+00 2.730021e+00 1.250196e+01 8.693149e+03 1.228005e+04 3.0341 5.532864e-01
7.440000e-01 1.935450e+00 2.330174e+00 2.731327e+00 1.250958e+01 8.707337e+03 1.227221e+04 3.03804 5.543570e-01
7.430000e-01 1.935450e+00 2.331336e+00 2.732634e+00 1.251723e+01 8.721465e+03 1.226434e+04 3.04199 5.554244e-01
7.420000e-01 1.935450e+00 2.332498e+00 2.733944e+00 1.252490e+01 8.735525e+03 1.225646e+04 3.04595 5.564882e-01
7.410000e-01 1.935450e+00 2.333660e+00 2.735251e+00 1.253259e+01 8.749506e+03 1.224855e+04 3.04991 5.575478e-01
7.400000e-01 1.935450e+00 2.334822e+00 2.736560e+00 1.254030e+01 8.763427e+03 1.224062e+04 3.05387 5.586041e-01
7.390000e-01 1.935450e+00 2.335983e+00 2.737866e+00 1.254804e+01 8.777258e+03 1.223267e+04 3.05783 5.596552e-01
7.380000e-01 1.935450e+00 2.337143e+00 2.739172e+00 1.255579e+01 8.790999e+03 1.222471e+04 3.0618 5.607016e-01
7.370000e-01 1.935450e+00 2.338301e+00 2.740474e+00 1.256355e+01 8.804655e+03 1.221674e+04 3.06577 5.617432e-01
7.360000e-01 1.935450e+00 2.339460e+00 2.741778e+00 1.257135e+01 8.818266e+03 1.220873e+04 3.06974 5.627829e-01
7.350000e-01 1.935450e+00 2.340621e+00 2.743085e+00 1.257919e+01 8.831842e+03 1.220068e+04 3.07372 5.638212e-01
7.340000e-01 1.935450e+00 2.341784e+00 2.744395e+00 1.258706e+01 8.845375e+03 1.219259e+04 3.07772 5.648574e-01
7.330000e-01 1.935450e+00 2.342950e+00 2.745709e+00 1.259497e+01 8.858870e+03 1.218448e+04 3.08173 5.658919e-01
7.320000e-01 1.935450e+00 2.344118e+00 2.747025e+00 1.260291e+01 8.872321e+03 1.217632e+04 3.08574 5.669241e-01
7.310000e-01 1.935450e+00 2.345285e+00 2.748342e+00 1.261088e+01 8.885704e+03 1.216814e+04 3.08976 5.679524e-01
7.300000e-01 1.935450e+00 2.346452e+00 2.749657e+00 1.261887e+01 8.899017e+03 1.215994e+04 3.09377 5.689766e-01
7.290000e-01 1.935450e+00 2.347620e+00 2.750974e+00 1.262689e+01 8.912262e+03 1.215171e+04 3.0978 5.699971e-01
7.280000e-01 1.935450e+00 2.348787e+00 2.752291e+00 1.263493e+01 8.925450e+03 1.214346e+04 3.10182 5.710146e-01
7.270000e-01 1.935450e+00 2.349954e+00 2.753608e+00 1.264300e+01 8.938572e+03 1.213517e+04 3.10585 5.720282e-01
7.260000e-01 1.935450e+00 2.351120e+00 2.754923e+00 1.265110e+01 8.951619e+03 1.212686e+04 3.10988 5.730375e-01
7.250000e-01 1.935450e+00 2.352286e+00 2.756238e+00 1.265921e+01 8.964603e+03 1.211852e+04 3.11391 5.740433e-01
7.240000e-01 1.935450e+00 2.353451e+00 2.757552e+00 1.266735e+01 8.977508e+03 1.211016e+04 3.11795 5.750445e-01
7.230000e-01 1.935450e+00 2.354613e+00 2.758863e+00 1.267551e+01 8.990322e+03 1.210178e+04 3.12198 5.760404e-01
7.220000e-01 1.935450e+00 2.355773e+00 2.760169e+00 1.268368e+01 9.003051e+03 1.209338e+04 3.126 5.770315e-01
7.210000e-01 1.935450e+00 2.356932e+00 2.761475e+00 1.269189e+01 9.015728e+03 1.208495e+04 3.13003 5.780198e-01
7.200000e-01 1.935450e+00 2.358133e+00 2.762837e+00 1.270023e+01 9.028340e+03 1.207636e+04 3.13413 5.789958e-01
7.190000e-01 1.935450e+00 2.359298e+00 2.764150e+00 1.270852e+01 9.040940e+03 1.206784e+04 3.13818 5.799800e-01
7.180000e-01 1.935450e+00 2.360462e+00 2.765463e+00 1.271684e+01 9.053498e+03 1.205927e+04 3.14223 5.809622e-01
7.170000e-01 1.935450e+00 2.361628e+00 2.766778e+00 1.272520e+01 9.066014e+03 1.205066e+04 3.14629 5.819420e-01
7.160000e-01 1.935450e+00 2.362793e+00 2.768093e+00 1.273359e+01 9.078465e+03 1.204203e+04 3.15035 5.829178e-01
7.150000e-01 1.935450e+00 2.363957e+00 2.769407e+00 1.274200e+01 9.090846e+03 1.203336e+04 3.15441 5.838895e-01
7.140000e-01 1.935450e+00 2.365120e+00 2.770719e+00 1.275044e+01 9.103160e+03 1.202466e+04 3.15847 5.848572e-01
7.130000e-01 1.935450e+00 2.366283e+00 2.772032e+00 1.275891e+01 9.115417e+03 1.201593e+04 3.16253 5.858215e-01
7.120000e-01 1.935450e+00 2.367444e+00 2.773343e+00 1.276741e+01 9.127610e+03 1.200716e+04 3.16659 5.867820e-01
7.110000e-01 1.935450e+00 2.368605e+00 2.774653e+00 1.277594e+01 9.139729e+03 1.199837e+04 3.17065 5.877381e-01
7.100000e-01 1.935450e+00 2.369764e+00 2.775961e+00 1.278449e+01 9.151781e+03 1.198954e+04 3.17471 5.886903e-01
7.090000e-01 1.935450e+00 2.370921e+00 2.777266e+00 1.279306e+01 9.163756e+03 1.198069e+04 3.17877 5.896378e-01
7.080000e-01 1.935450e+00 2.372075e+00 2.778567e+00 1.280165e+01 9.175638e+03 1.197181e+04 3.18282 5.905798e-01
7.070000e-01 1.935450e+00 2.373226e+00 2.779865e+00 1.281026e+01 9.187439e+03 1.196291e+04 3.18687 5.915169e-01
7.060000e-01 1.935450e+00 2.374377e+00 2.781162e+00 1.281891e+01 9.199189e+03 1.195397e+04 3.19091 5.924514e-01
7.050000e-01 1.935450e+00 2.375528e+00 2.782460e+00 1.282761e+01 9.210903e+03 1.194498e+04 3.19497 5.933841e-01
7.040000e-01 1.935450e+00 2.376681e+00 2.783760e+00 1.283634e+01 9.222570e+03 1.193594e+04 3.19903 5.943141e-01
7.030000e-01 1.935450e+00 2.377835e+00 2.785062e+00 1.284512e+01 9.234194e+03 1.192686e+04 3.2031 5.952418e-01
7.020000e-01 1.935450e+00 2.378987e+00 2.786363e+00 1.285394e+01 9.245766e+03 1.191772e+04 3.20717 5.961662e-01
7.010000e-01 1.935450e+00 2.380140e+00 2.787664e+00 1.286278e+01 9.257269e+03 1.190857e+04 3.21124 5.970865e-01
7.000000e-01 1.935450e+00 2.381291e+00 2.788964e+00 1.287165e+01 9.268703e+03 1.189937e+04 3.2153 5.980026e-01
6.990000e-01 1.935450e+00 2.382440e+00 2.790263e+00 1.288056e+01 9.280071e+03 1.189015e+04 3.21937 5.989149e-01
6.980000e-01 1.935450e+00 2.383589e+00 2.791560e+00 1.288950e+01 9.291376e+03 1.188088e+04 3.22343 5.998236e-01
6.970000e-01 1.935450e+00 2.384736e+00 2.792856e+00 1.289847e+01 9.302614e+03 1.187159e+04 3.2275 6.007281e-01
6.960000e-01 1.935450e+00 2.385881e+00 2.794151e+00 1.290746e+01 9.313777e+03 1.186226e+04 3.23156 6.016283e-01
6.950000e-01 1.935450e+00 2.387024e+00 2.795442e+00 1.291649e+01 9.324868e+03 1.185290e+04 3.23563 6.025243e-01
6.940000e-01 1.935450e+00 2.388164e+00 2.796730e+00 1.292555e+01 9.335874e+03 1.184351e+04 3.23968 6.034151e-01
6.930000e-01 1.935450e+00 2.389301e+00 2.798014e+00 1.293462e+01 9.346790e+03 1.183410e+04 3.24373 6.043006e-01
6.920000e-01 1.935450e+00 2.390434e+00 2.799294e+00 1.294372e+01 9.357628e+03 1.182466e+04 3.24778 6.051815e-01
6.910000e-01 1.935450e+00 2.391567e+00 2.800573e+00 1.295286e+01 9.368427e+03 1.181516e+04 3.25182 6.060602e-01
6.900000e-01 1.935450e+00 2.392737e+00 2.801901e+00 1.296215e+01 9.379148e+03 1.180550e+04 3.25592 6.069250e-01
6.890000e-01 1.935450e+00 2.393871e+00 2.803183e+00 1.297140e+01 9.389847e+03 1.179590e+04 3.25998 6.077973e-01
6.880000e-01 1.935450e+00 2.395004e+00 2.804464e+00 1.298068e+01 9.400505e+03 1.178624e+04 3.26403 6.086674e-01
6.870000e-01 1.935450e+00 2.396135e+00 2.805743e+00 1.299000e+01 9.411102e+03 1.177654e+04 3.26808 6.095333e-01
6.860000e-01 1.935450e+00 2.397264e+00 2.807019e+00 1.299935e+01 9.421623e+03 1.176681e+04 3.27212 6.103945e-01
6.850000e-01 1.935450e+00 2.398390e+00 2.808292e+00 1.300874e+01 9.432077e+03 1.175703e+04 3.27616 6.112512e-01
6.840000e-01 1.935450e+00 2.399514e+00 2.809564e+00 1.301816e+01 9.442472e+03 1.174721e+04 3.28019 6.121041e-01
6.830000e-01 1.935450e+00 2.400636e+00 2.810832e+00 1.302762e+01 9.452796e+03 1.173735e+04 3.28422 6.129527e-01
6.820000e-01 1.935450e+00 2.401755e+00 2.812098e+00 1.303710e+01 9.463050e+03 1.172745e+04 3.28824 6.137966e-01
6.810000e-01 1.935450e+00 2.402870e+00 2.813359e+00 1.304662e+01 9.473230e+03 1.171750e+04 3.29225 6.146357e-01
6.800000e-01 1.935450e+00 2.403983e+00 2.814617e+00 1.305617e+01 9.483333e+03 1.170753e+04 3.29626 6.154701e-01
6.790000e-01 1.935450e+00 2.405090e+00 2.815868e+00 1.306575e+01 9.493344e+03 1.169752e+04 3.30025 6.162983e-01
6.780000e-01 1.935450e+00 2.406193e+00 2.817114e+00 1.307534e+01 9.503268e+03 1.168748e+04 3.30424 6.171213e-01
6.770000e-01 1.935450e+00 2.407293e+00 2.818356e+00 1.308498e+01 9.513137e+03 1.167739e+04 3.30822 6.179409e-01
6.760000e-01 1.935450e+00 2.408393e+00 2.819599e+00 1.309468e+01 9.522964e+03 1.166723e+04 3.3122 6.187578e-01
6.750000e-01 1.935450e+00 2.409492e+00 2.820841e+00 1.310442e+01 9.532737e+03 1.165702e+04 3.31617 6.195713e-01
6.740000e-01 1.935450e+00 2.410588e+00 2.822080e+00 1.311421e+01 9.542456e+03 1.164675e+04 3.32015 6.203812e-01
6.730000e-01 1.935450e+00 2.411683e+00 2.823319e+00 1.312405e+01 9.552120e+03 1.163643e+04 3.32412 6.211873e-01
6.720000e-01 1.935450e+00 2.412775e+00 2.824554e+00 1.313392e+01 9.561709e+03 1.162606e+04 3.32807 6.219881e-01
6.710000e-01 1.935450e+00 2.413863e+00 2.825785e+00 1.314383e+01 9.571227e+03 1.161565e+04 3.33202 6.227844e-01
6.700000e-01 1.935450e+00 2.414947e+00 2.827012e+00 1.315377e+01 9.580679e+03 1.160519e+04 3.33596 6.235760e-01
6.690000e-01 1.935450e+00 2.416029e+00 2.828236e+00 1.316376e+01 9.590063e+03 1.159469e+04 3.33989 6.243633e-01
6.680000e-01 1.935450e+00 2.417106e+00 2.829455e+00 1.317379e+01 9.599372e+03 1.158413e+04 3.34382 6.251454e-01
6.670000e-01 1.935450e+00 2.418180e+00 2.830670e+00 1.318384e+01 9.608604e+03 1.157354e+04 3.34773 6.259226e-01
6.660000e-01 1.935450e+00 2.419284e+00 2.831927e+00 1.319404e+01 9.617725e+03 1.156280e+04 3.35168 6.266836e-01
6.650000e-01 1.935450e+00 2.420349e+00 2.833131e+00 1.320416e+01 9.626781e+03 1.155213e+04 3.35557 6.274491e-01
6.640000e-01 1.935450e+00 2.421408e+00 2.834329e+00 1.321431e+01 9.635750e+03 1.154143e+04 3.35945 6.282095e-01
6.630000e-01 1.935450e+00 2.422463e+00 2.835522e+00 1.322451e+01 9.644652e+03 1.153068e+04 3.36332 6.289659e-01
6.620000e-01 1.935450e+00 2.423518e+00 2.836715e+00 1.323477e+01 9.653507e+03 1.151987e+04 3.36719 6.297196e-01
6.610000e-01 1.935450e+00 2.424569e+00 2.837905e+00 1.324508e+01 9.662302e+03 1.150899e+04 3.37105 6.304692e-01
6.600000e-01 1.935450e+00 2.425618e+00 2.839093e+00 1.325544e+01 9.671039e+03 1.149805e+04 3.37491 6.312149e-01
6.590000e-01 1.935450e+00 2.426664e+00 2.840278e+00 1.326586e+01 9.679716e+03 1.148706e+04 3.37875 6.319564e-01
6.580000e-01 1.935450e+00 2.427706e+00 2.841459e+00 1.327632e+01 9.688315e+03 1.147601e+04 3.38259 6.326926e-01
6.570000e-01 1.935450e+00 2.428743e+00 2.842635e+00 1.328681e+01 9.696840e+03 1.146492e+04 3.38641 6.334237e-01
6.560000e-01 1.935450e+00 2.429775e+00 2.843806e+00 1.329735e+01 9.705295e+03 1.145378e+04 3.39022 6.341497e-01
6.550000e-01 1.935450e+00 2.430803e+00 2.844971e+00 1.330794e+01 9.713679e+03 1.144258e+04 3.39402 6.348709e-01
6.540000e-01 1.935450e+00 2.431826e+00 2.846131e+00 1.331857e+01 9.721987e+03 1.143132e+04 3.3978 6.355865e-01
6.530000e-01 1.935450e+00 2.432843e+00 2.847284e+00 1.332924e+01 9.730213e+03 1.142002e+04 3.40156 6.362963e-01
6.520000e-01 1.935450e+00 2.433854e+00 2.848430e+00 1.333994e+01 9.738363e+03 1.140867e+04 3.4053 6.370007e-01
6.510000e-01 1.935450e+00 2.434857e+00 2.849566e+00 1.335068e+01 9.746414e+03 1.139728e+04 3.40902 6.376978e-01
6.500000e-01 1.935450e+00 2.435853e+00 2.850693e+00 1.336144e+01 9.754377e+03 1.138584e+04 3.41272 6.383887e-01
6.490000e-01 1.935450e+00 2.436844e+00 2.851814e+00 1.337226e+01 9.762274e+03 1.137434e+04 3.4164 6.390751e-01
6.480000e-01 1.935450e+00 2.437832e+00 2.852932e+00 1.338314e+01 9.770120e+03 1.136276e+04 3.42008 6.397578e-01
6.470000e-01 1.935450e+00 2.438815e+00 2.854045e+00 1.339408e+01 9.777899e+03 1.135112e+04 3.42374 6.404357e-01
6.460000e-01 1.935450e+00 2.439826e+00 2.855197e+00 1.340518e+01 9.785579e+03 1.133930e+04 3.42742 6.410975e-01
6.450000e-01 1.935450e+00 2.440802e+00 2.856304e+00 1.341624e+01 9.793226e+03 1.132751e+04 3.43106 6.417651e-01
6.440000e-01 1.935450e+00 2.441771e+00 2.857404e+00 1.342734e+01 9.800793e+03 1.131568e+04 3.43467 6.424274e-01
6.430000e-01 1.935450e+00 2.442734e+00 2.858496e+00 1.343849e+01 9.808282e+03 1.130379e+04 3.43827 6.430841e-01
6.420000e-01 1.935450e+00 2.443691e+00 2.859582e+00 1.344968e+01 9.815700e+03 1.129184e+04 3.44185 6.437354e-01
6.410000e-01 1.935450e+00 2.444642e+00 2.860662e+00 1.346094e+01 9.823040e+03 1.127983e+04 3.4454 6.443811e-01
6.400000e-01 1.935450e+00 2.445586e+00 2.861734e+00 1.347223e+01 9.830297e+03 1.126777e+04 3.44894 6.450207e-01
6.390000e-01 1.935450e+00 2.446524e+00 2.862798e+00 1.348357e+01 9.837473e+03 1.125565e+04 3.45246 6.456543e-01
6.380000e-01 1.935450e+00 2.447454e+00 2.863852e+00 1.349495e+01 9.844560e+03 1.124347e+04 3.45594 6.462811e-01
6.370000e-01 1.935450e+00 2.448374e+00 2.864894e+00 1.350636e+01 9.851548e+03 1.123126e+04 3.4594 6.469005e-01
6.360000e-01 1.935450e+00 2.449285e+00 2.865926e+00 1.351781e+01 9.858448e+03 1.121899e+04 3.46283 6.475132e-01
6.350000e-01 1.935450e+00 2.450189e+00 2.866950e+00 1.352933e+01 9.865288e+03 1.120663e+04 3.46624 6.481211e-01
6.340000e-01 1.935450e+00 2.451088e+00 2.867968e+00 1.354091e+01 9.872067e+03 1.119418e+04 3.46962 6.487237e-01
6.330000e-01 1.935450e+00 2.451980e+00 2.868978e+00 1.355256e+01 9.878773e+03 1.118166e+04 3.47298 6.493203e-01
6.320000e-01 1.935450e+00 2.452865e+00 2.869981e+00 1.356428e+01 9.885414e+03 1.116905e+04 3.47632 6.499112e-01
6.310000e-01 1.935450e+00 2.453743e+00 2.870977e+00 1.357605e+01 9.891977e+03 1.115638e+04 3.47962 6.504958e-01
6.300000e-01 1.935450e+00 2.454643e+00 2.872003e+00 1.358796e+01 9.898413e+03 1.114354e+04 3.48294 6.510623e-01
6.290000e-01 1.935450e+00 2.455506e+00 2.872982e+00 1.359984e+01 9.904808e+03 1.113073e+04 3.4862 6.516331e-01
6.280000e-01 1.935450e+00 2.456360e+00 2.873951e+00 1.361178e+01 9.911127e+03 1.111785e+04 3.48942 6.521982e-01
6.270000e-01 1.935450e+00 2.457207e+00 2.874911e+00 1.362377e+01 9.917362e+03 1.110491e+04 3.49262 6.527569e-01
6.260000e-01 1.935450e+00 2.458045e+00 2.875862e+00 1.363580e+01 9.923506e+03 1.109192e+04 3.49579 6.533088e-01
6.250000e-01 1.935450e+00 2.458874e+00 2.876803e+00 1.364790e+01 9.929564e+03 1.107886e+04 3.49894 6.538542e-01
6.240000e-01 1.935450e+00 2.459694e+00 2.877733e+00 1.366003e+01 9.935517e+03 1.106575e+04 3.50205 6.543921e-01
6.230000e-01 1.935450e+00 2.460504e+00 2.878649e+00 1.367220e+01 9.941372e+03 1.105260e+04 3.50513 6.549225e-01
6.220000e-01 1.935450e+00 2.461305e+00 2.879557e+00 1.368443e+01 9.947148e+03 1.103938e+04 3.50818 6.554470e-01
6.210000e-01 1.935450e+00 2.462098e+00 2.880456e+00 1.369675e+01 9.952857e+03 1.102605e+04 3.51121 6.559659e-01
6.200000e-01 1.935450e+00 2.462883e+00 2.881347e+00 1.370914e+01 9.958490e+03 1.101264e+04 3.51421 6.564786e-01
6.190000e-01 1.935450e+00 2.463661e+00 2.882229e+00 1.372161e+01 9.964047e+03 1.099915e+04 3.51718 6.569849e-01
6.180000e-01 1.935450e+00 2.464429e+00 2.883102e+00 1.373414e+01 9.969525e+03 1.098558e+04 3.52011 6.574844e-01
6.170000e-01 1.935450e+00 2.465188e+00 2.883964e+00 1.374673e+01 9.974912e+03 1.097193e+04 3.52301 6.579766e-01
6.160000e-01 1.935450e+00 2.465966e+00 2.884853e+00 1.375947e+01 9.980169e+03 1.095812e+04 3.52592 6.584505e-01
6.150000e-01 1.935450e+00 2.466708e+00 2.885697e+00 1.377220e+01 9.985384e+03 1.094433e+04 3.52876 6.589284e-01
6.140000e-01 1.935450e+00 2.467439e+00 2.886528e+00 1.378498e+01 9.990512e+03 1.093046e+04 3.53156 6.593995e-01
6.130000e-01 1.935450e+00 2.468158e+00 2.887346e+00 1.379782e+01 9.995547e+03 1.091652e+04 3.53432 6.598625e-01
6.120000e-01 1.935450e+00 2.468866e+00 2.888150e+00 1.381072e+01 1.000049e+04 1.090251e+04 3.53703 6.603176e-01
6.110000e-01 1.935450e+00 2.469562e+00 2.888941e+00 1.382366e+01 1.000533e+04 1.088844e+04 3.53971 6.607644e-01
6.100000e-01 1.935450e+00 2.470245e+00 2.889714e+00 1.383665e+01 1.001007e+04 1.087432e+04 3.54234 6.612025e-01
6.090000e-01 1.935450e+00 2.470916e+00 2.890475e+00 1.384970e+01 1.001472e+04 1.086012e+04 3.54493 6.616332e-01
6.080000e-01 1.935450e+00 2.471576e+00 2.891223e+00 1.386284e+01 1.001930e+04 1.084580e+04 3.54747 6.620567e-01
6.070000e-01 1.935450e+00 2.472225e+00 2.891958e+00 1.387607e+01 1.002379e+04 1.083138e+04 3.54997 6.624723e-01
6.060000e-01 1.935450e+00 2.472862e+00 2.892680e+00 1.388938e+01 1.002820e+04 1.081686e+04 3.55242 6.628798e-01
6.050000e-01 1.935450e+00 2.473488e+00 2.893390e+00 1.390276e+01 1.003253e+04 1.080225e+04 3.55483 6.632794e-01
6.040000e-01 1.935450e+00 2.474127e+00 2.894121e+00 1.391630e+01 1.003671e+04 1.078745e+04 3.55722 6.636590e-01
6.030000e-01 1.935450e+00 2.474728e+00 2.894801e+00 1.392983e+01 1.004085e+04 1.077267e+04 3.55952 6.640403e-01
6.020000e-01 1.935450e+00 2.475317e+00 2.895471e+00 1.394343e+01 1.004489e+04 1.075780e+04 3.56179 6.644147e-01
6.010000e-01 1.935450e+00 2.475895e+00 2.896127e+00 1.395710e+01 1.004885e+04 1.074285e+04 3.56402 6.647813e-01
6.000000e-01 1.935450e+00 2.476461e+00 2.896770e+00 1.397084e+01 1.005270e+04 1.072784e+04 3.5662 6.651397e-01
5.990000e-01 1.935450e+00 2.477016e+00 2.897400e+00 1.398465e+01 1.005645e+04 1.071275e+04 3.56835 6.654904e-01
5.980000e-01 1.935450e+00 2.477558e+00 2.898015e+00 1.399852e+01 1.006010e+04 1.069760e+04 3.57045 6.658324e-01
5.970000e-01 1.935450e+00 2.478086e+00 2.898615e+00 1.401243e+01 1.006364e+04 1.068241e+04 3.57251 6.661660e-01
5.960000e-01 1.935450e+00 2.475642e+00 2.895867e+00 1.401670e+01 1.007547e+04 1.067860e+04 3.56967 6.677356e-01
5.950000e-01 1.935450e+00 2.479117e+00 2.899786e+00 1.404055e+01 1.007041e+04 1.065170e+04 3.5765 6.668053e-01
5.940000e-01 1.935450e+00 2.476616e+00 2.896979e+00 1.404484e+01 1.008219e+04 1.064786e+04 3.57354 6.683804e-01
5.930000e-01 1.935450e+00 2.480084e+00 2.900886e+00 1.406903e+01 1.007685e+04 1.062060e+04 3.58028 6.674158e-01
5.920000e-01 1.935450e+00 2.477520e+00 2.898010e+00 1.407332e+01 1.008855e+04 1.061672e+04 3.57717 6.689921e-01
5.910000e-01 1.935450e+00 2.480996e+00 2.901923e+00 1.409785e+01 1.008291e+04 1.058909e+04 3.58384 6.679895e-01
5.900000e-01 1.935450e+00 2.478360e+00 2.898967e+00 1.410213e+01 1.009453e+04 1.058519e+04 3.58054 6.695646e-01
5.890000e-01 1.935450e+00 2.481842e+00 2.902885e+00 1.412699e+01 1.008858e+04 1.055720e+04 3.58713 6.685230e-01
5.880000e-01 1.935450e+00 2.479136e+00 2.899850e+00 1.413127e+01 1.010011e+04 1.055326e+04 3.58365 6.700986e-01
5.870000e-01 1.935450e+00 2.482653e+00 2.903810e+00 1.415655e+01 1.009379e+04 1.052482e+04 3.59021 6.690059e-01
5.860000e-01 1.935450e+00 2.479855e+00 2.900668e+00 1.416077e+01 1.010525e+04 1.052089e+04 3.58651 6.705842e-01
5.850000e-01 1.935450e+00 2.483372e+00 2.904623e+00 1.418631e+01 1.009862e+04 1.049220e+04 3.593 6.694577e-01
5.840000e-01 1.935450e+00 2.480501e+00 2.901395e+00 1.419050e+01 1.010996e+04 1.048826e+04 3.5891 6.710330e-01
5.830000e-01 1.935450e+00 2.484034e+00 2.905369e+00 1.421636e+01 1.010301e+04 1.045931e+04 3.59559 6.698738e-01
5.820000e-01 1.935450e+00 2.481102e+00 2.902076e+00 1.422057e+01 1.011429e+04 1.045533e+04 3.59156 6.714533e-01
5.810000e-01 1.935450e+00 2.484645e+00 2.906063e+00 1.424685e+01 1.010701e+04 1.042599e+04 3.598 6.702578e-01
5.800000e-01 1.935450e+00 2.481654e+00 2.902709e+00 1.425108e+01 1.011821e+04 1.042198e+04 3.59383 6.718397e-01
5.790000e-01 1.935450e+00 2.485221e+00 2.906723e+00 1.427785e+01 1.011055e+04 1.039216e+04 3.60021 6.705938e-01
5.780000e-01 1.935450e+00 2.482155e+00 2.903285e+00 1.428205e+01 1.012168e+04 1.038815e+04 3.59586 6.721795e-01
5.770000e-01 1.935450e+00 2.485711e+00 2.907284e+00 1.430913e+01 1.011372e+04 1.035805e+04 3.60214 6.709004e-01
5.760000e-01 1.935450e+00 2.482564e+00 2.903753e+00 1.431333e+01 1.012478e+04 1.035400e+04 3.59759 6.724866e-01
5.750000e-01 1.935450e+00 2.486127e+00 2.907757e+00 1.434081e+01 1.011646e+04 1.032350e+04 3.60378 6.711622e-01
5.740000e-01 1.935450e+00 2.482901e+00 2.904138e+00 1.434498e+01 1.012743e+04 1.031942e+04 3.59902 6.727471e-01
5.730000e-01 1.935450e+00 2.486466e+00 2.908140e+00 1.437283e+01 1.011875e+04 1.028856e+04 3.6051 6.713775e-01
5.720000e-01 1.935450e+00 2.483150e+00 2.904414e+00 1.437697e+01 1.012961e+04 1.028446e+04 3.6001 6.729593e-01
5.710000e-01 1.935450e+00 2.486734e+00 2.908439e+00 1.440515e+01 1.012058e+04 1.025333e+04 3.60615 6.715490e-01
5.700000e-01 1.935450e+00 2.483340e+00 2.904625e+00 1.440929e+01 1.013137e+04 1.024920e+04 3.60096 6.731327e-01
5.690000e-01 1.935450e+00 2.486962e+00 2.908697e+00 1.443804e+01 1.012193e+04 1.021755e+04 3.60699 6.716710e-01
5.680000e-01 1.935450e+00 2.483508e+00 2.904822e+00 1.444219e+01 1.013265e+04 1.021341e+04 3.60167 6.732612e-01
5.670000e-01 1.935450e+00 2.487111e+00 2.908868e+00 1.447134e+01 1.012289e+04 1.018145e+04 3.60759 6.717676e-01
5.660000e-01 1.935450e+00 2.483590e+00 2.904919e+00 1.447550e+01 1.013353e+04 1.017727e+04 3.60212 6.733597e-01
5.650000e-01 1.935450e+00 2.487196e+00 2.908969e+00 1.450506e+01 1.012341e+04 1.014497e+04 3.60796 6.718243e-01
5.640000e-01 1.935450e+00 2.487207e+00 2.908983e+00 1.452211e+01 1.012349e+04 1.012654e+04 3.60801 6.718333e-01
5.630000e-01 1.935450e+00 2.487200e+00 2.908976e+00 1.453925e+01 1.012346e+04 1.010801e+04 3.60799 6.718311e-01
5.638843e-01 1.935450e+00 2.487579e+00 2.909469e+00 1.452557e+01 1.012266e+04 1.012285e+04 3.60842 6.716534e-01
