1.000000e+00 1.968230e+00 2.073416e+00 2.440147e+00 1.106173e+01 0.000000e+00 1.426619e+04 0 0.000000e+00
9.990000e-01 1.968230e+00 2.086448e+00 2.461796e+00 1.108804e+01 5.651478e+02 1.418421e+04 2.24982 3.323401e-02
9.980000e-01 1.968230e+00 2.086471e+00 2.461699e+00 1.108994e+01 8.104937e+02 1.415509e+04 2.32736 4.930336e-02
9.970000e-01 1.968230e+00 2.087762e+00 2.463251e+00 1.109530e+01 9.889892e+02 1.413094e+04 2.25669 5.826238e-02
9.960000e-01 1.968230e+00 2.088055e+00 2.463516e+00 1.109771e+01 1.149693e+03 1.411184e+04 2.29119 6.874578e-02
9.950000e-01 1.968230e+00 2.089363e+00 2.465088e+00 1.110308e+01 1.280610e+03 1.409318e+04 2.26164 7.549168e-02
9.940000e-01 1.968230e+00 2.089649e+00 2.465344e+00 1.110550e+01 1.408084e+03 1.407819e+04 2.28369 8.379268e-02
9.930000e-01 1.968230e+00 2.090947e+00 2.466892e+00 1.111087e+01 1.514972e+03 1.406229e+04 2.26641 8.936028e-02
9.920000e-01 1.968230e+00 2.091195e+00 2.467090e+00 1.111327e+01 1.623305e+03 1.404968e+04 2.28238 9.640221e-02
9.910000e-01 1.968230e+00 2.092502e+00 2.468636e+00 1.111870e+01 1.715481e+03 1.403539e+04 2.2711 1.012460e-01
9.900000e-01 1.968230e+00 2.092735e+00 2.468807e+00 1.112112e+01 1.811879e+03 1.402425e+04 2.28398 1.075177e-01
9.890000e-01 1.968230e+00 2.094052e+00 2.470359e+00 1.112660e+01 1.894593e+03 1.401098e+04 2.27577 1.118813e-01
9.880000e-01 1.968230e+00 2.094277e+00 2.470517e+00 1.112902e+01 1.982265e+03 1.400091e+04 2.28662 1.175911e-01
9.870000e-01 1.968230e+00 2.095605e+00 2.472078e+00 1.113455e+01 2.058267e+03 1.398837e+04 2.28044 1.216155e-01
9.860000e-01 1.968230e+00 2.095843e+00 2.472254e+00 1.113700e+01 2.139652e+03 1.397907e+04 2.29006 1.269287e-01
9.850000e-01 1.968230e+00 2.097172e+00 2.473817e+00 1.114254e+01 2.210329e+03 1.396712e+04 2.28512 1.306725e-01
9.840000e-01 1.968230e+00 2.097400e+00 2.473977e+00 1.114499e+01 2.285988e+03 1.395851e+04 2.2935 1.356121e-01
9.830000e-01 1.968230e+00 2.098727e+00 2.475532e+00 1.115053e+01 2.351297e+03 1.394713e+04 2.28976 1.390823e-01
9.820000e-01 1.968230e+00 2.098917e+00 2.475637e+00 1.115294e+01 2.421849e+03 1.393914e+04 2.297 1.436829e-01
9.810000e-01 1.968230e+00 2.100260e+00 2.477201e+00 1.115854e+01 2.482958e+03 1.392816e+04 2.29437 1.469515e-01
9.800000e-01 1.968230e+00 2.100451e+00 2.477304e+00 1.116098e+01 2.550256e+03 1.392057e+04 2.30115 1.513531e-01
9.790000e-01 1.968230e+00 2.101808e+00 2.478885e+00 1.116665e+01 2.608991e+03 1.390981e+04 2.29903 1.544963e-01
9.780000e-01 1.968230e+00 2.102022e+00 2.479019e+00 1.116913e+01 2.673664e+03 1.390253e+04 2.30551 1.587403e-01
9.770000e-01 1.968230e+00 2.103429e+00 2.480668e+00 1.117492e+01 2.730324e+03 1.389189e+04 2.30384 1.617701e-01
9.760000e-01 1.968230e+00 2.103638e+00 2.480800e+00 1.117738e+01 2.792663e+03 1.388495e+04 2.30998 1.658717e-01
9.750000e-01 1.968230e+00 2.105032e+00 2.482437e+00 1.118315e+01 2.847289e+03 1.387455e+04 2.30858 1.687900e-01
9.740000e-01 1.968230e+00 2.105249e+00 2.482581e+00 1.118563e+01 2.907131e+03 1.386791e+04 2.31435 1.727322e-01
9.730000e-01 1.968230e+00 2.106644e+00 2.484220e+00 1.119139e+01 2.959420e+03 1.385777e+04 2.31333 1.755295e-01
9.720000e-01 1.968230e+00 2.106852e+00 2.484353e+00 1.119385e+01 3.016788e+03 1.385142e+04 2.31868 1.793098e-01
9.710000e-01 1.968230e+00 2.108252e+00 2.485997e+00 1.119963e+01 3.066861e+03 1.384152e+04 2.31809 1.819977e-01
9.700000e-01 1.968230e+00 2.108456e+00 2.486123e+00 1.120210e+01 3.122220e+03 1.383541e+04 2.32314 1.856507e-01
9.690000e-01 1.968230e+00 2.109863e+00 2.487775e+00 1.120790e+01 3.170454e+03 1.382567e+04 2.32286 1.882446e-01
9.680000e-01 1.968230e+00 2.110063e+00 2.487895e+00 1.121038e+01 3.223973e+03 1.381978e+04 2.32765 1.917808e-01
9.670000e-01 1.968230e+00 2.111479e+00 2.489558e+00 1.121622e+01 3.270696e+03 1.381018e+04 2.32765 1.942994e-01
9.660000e-01 1.968230e+00 2.111685e+00 2.489687e+00 1.121872e+01 3.322753e+03 1.380445e+04 2.33229 1.977465e-01
9.650000e-01 1.968230e+00 2.113106e+00 2.491354e+00 1.122458e+01 3.368070e+03 1.379497e+04 2.33247 2.001900e-01
9.640000e-01 1.968230e+00 2.113304e+00 2.491472e+00 1.122708e+01 3.418470e+03 1.378943e+04 2.33686 2.035294e-01
9.630000e-01 1.968230e+00 2.114727e+00 2.493140e+00 1.123294e+01 3.462037e+03 1.378011e+04 2.33729 2.058843e-01
9.620000e-01 1.968230e+00 2.114903e+00 2.493226e+00 1.123542e+01 3.510763e+03 1.377477e+04 2.34139 2.091132e-01
9.610000e-01 1.968230e+00 2.116339e+00 2.494906e+00 1.124133e+01 3.552958e+03 1.376554e+04 2.34211 2.114048e-01
9.600000e-01 1.968230e+00 2.116520e+00 2.494996e+00 1.124384e+01 3.600695e+03 1.376029e+04 2.34615 2.145772e-01
9.590000e-01 1.968230e+00 2.117967e+00 2.496689e+00 1.124980e+01 3.642119e+03 1.375108e+04 2.34699 2.168271e-01
9.580000e-01 1.968230e+00 2.118160e+00 2.496796e+00 1.125234e+01 3.688910e+03 1.374594e+04 2.35096 2.199443e-01
9.570000e-01 1.968230e+00 2.119615e+00 2.498500e+00 1.125834e+01 3.729573e+03 1.373679e+04 2.3519 2.221528e-01
9.560000e-01 1.968230e+00 2.119820e+00 2.498625e+00 1.126090e+01 3.775448e+03 1.373174e+04 2.35581 2.252157e-01
9.550000e-01 1.968230e+00 2.121279e+00 2.500336e+00 1.126692e+01 3.815287e+03 1.372267e+04 2.35685 2.273794e-01
9.540000e-01 1.968230e+00 2.121488e+00 2.500468e+00 1.126949e+01 3.860142e+03 1.371775e+04 2.36065 2.303783e-01
9.530000e-01 1.968230e+00 2.122950e+00 2.502183e+00 1.127553e+01 3.898965e+03 1.370877e+04 2.36182 2.324895e-01
9.520000e-01 1.968230e+00 2.123153e+00 2.502307e+00 1.127810e+01 3.942760e+03 1.370397e+04 2.36548 2.354204e-01
9.510000e-01 1.968230e+00 2.124623e+00 2.504030e+00 1.128415e+01 3.980639e+03 1.369507e+04 2.3668 2.374856e-01
9.500000e-01 1.968230e+00 2.124825e+00 2.504152e+00 1.128674e+01 4.023541e+03 1.369036e+04 2.37037 2.403616e-01
9.490000e-01 1.968230e+00 2.126300e+00 2.505882e+00 1.129282e+01 4.060546e+03 1.368151e+04 2.3718 2.423820e-01
9.480000e-01 1.968230e+00 2.126500e+00 2.506000e+00 1.129541e+01 4.102587e+03 1.367689e+04 2.37527 2.452043e-01
9.470000e-01 1.968230e+00 2.127985e+00 2.507742e+00 1.130153e+01 4.138861e+03 1.366809e+04 2.37683 2.471886e-01
9.460000e-01 1.968230e+00 2.128186e+00 2.507863e+00 1.130413e+01 4.180139e+03 1.366355e+04 2.38023 2.499644e-01
9.450000e-01 1.968230e+00 2.129675e+00 2.509609e+00 1.131026e+01 4.215592e+03 1.365481e+04 2.38187 2.519054e-01
9.440000e-01 1.968230e+00 2.129865e+00 2.509713e+00 1.131286e+01 4.255927e+03 1.365037e+04 2.38514 2.546192e-01
9.430000e-01 1.968230e+00 2.131358e+00 2.511463e+00 1.131900e+01 4.290344e+03 1.364172e+04 2.38691 2.565094e-01
9.420000e-01 1.968230e+00 2.131534e+00 2.511547e+00 1.132159e+01 4.329847e+03 1.363738e+04 2.39006 2.591701e-01
9.410000e-01 1.968230e+00 2.133042e+00 2.513312e+00 1.132779e+01 4.363694e+03 1.362874e+04 2.39198 2.610356e-01
9.400000e-01 1.968230e+00 2.133227e+00 2.513407e+00 1.133041e+01 4.402768e+03 1.362444e+04 2.39514 2.636753e-01
9.390000e-01 1.968230e+00 2.134744e+00 2.515183e+00 1.133666e+01 4.436256e+03 1.361578e+04 2.39709 2.655200e-01
9.380000e-01 1.968230e+00 2.134939e+00 2.515294e+00 1.133931e+01 4.474853e+03 1.361152e+04 2.40025 2.681339e-01
9.370000e-01 1.968230e+00 2.136464e+00 2.517080e+00 1.134560e+01 4.507944e+03 1.360287e+04 2.40225 2.699564e-01
9.360000e-01 1.968230e+00 2.136668e+00 2.517202e+00 1.134828e+01 4.546006e+03 1.359866e+04 2.40539 2.725388e-01
9.350000e-01 1.968230e+00 2.138197e+00 2.518995e+00 1.135458e+01 4.578560e+03 1.359004e+04 2.40745 2.743325e-01
9.340000e-01 1.968230e+00 2.138398e+00 2.519115e+00 1.135726e+01 4.615977e+03 1.358590e+04 2.41051 2.768739e-01
9.330000e-01 1.968230e+00 2.139933e+00 2.520914e+00 1.136359e+01 4.647872e+03 1.357733e+04 2.41265 2.786348e-01
9.320000e-01 1.968230e+00 2.140131e+00 2.521029e+00 1.136627e+01 4.684692e+03 1.357325e+04 2.41565 2.811393e-01
9.310000e-01 1.968230e+00 2.141673e+00 2.522838e+00 1.137263e+01 4.716057e+03 1.356470e+04 2.41787 2.828743e-01
9.300000e-01 1.968230e+00 2.141870e+00 2.522951e+00 1.137532e+01 4.752340e+03 1.356067e+04 2.42083 2.853466e-01
9.290000e-01 1.968230e+00 2.143420e+00 2.524768e+00 1.138171e+01 4.783182e+03 1.355213e+04 2.42312 2.870551e-01
9.280000e-01 1.968230e+00 2.143617e+00 2.524882e+00 1.138442e+01 4.818989e+03 1.354814e+04 2.42605 2.894996e-01
9.270000e-01 1.968230e+00 2.145175e+00 2.526709e+00 1.139084e+01 4.849383e+03 1.353961e+04 2.4284 2.911852e-01
9.260000e-01 1.968230e+00 2.145370e+00 2.526818e+00 1.139355e+01 4.884649e+03 1.353567e+04 2.43127 2.935957e-01
9.250000e-01 1.968230e+00 2.146932e+00 2.528649e+00 1.139999e+01 4.914395e+03 1.352717e+04 2.4337 2.952480e-01
9.240000e-01 1.968230e+00 2.147110e+00 2.528737e+00 1.140269e+01 4.948985e+03 1.352330e+04 2.43645 2.976137e-01
9.230000e-01 1.968230e+00 2.148682e+00 2.530577e+00 1.140915e+01 4.978094e+03 1.351483e+04 2.43899 2.992370e-01
9.220000e-01 1.968230e+00 2.148859e+00 2.530662e+00 1.141186e+01 5.012309e+03 1.351100e+04 2.44172 3.015825e-01
9.210000e-01 1.968230e+00 2.150443e+00 2.532517e+00 1.141838e+01 5.041178e+03 1.350249e+04 2.44432 3.031944e-01
9.200000e-01 1.968230e+00 2.150629e+00 2.532613e+00 1.142113e+01 5.075113e+03 1.349868e+04 2.44707 3.055267e-01
9.190000e-01 1.968230e+00 2.152222e+00 2.534479e+00 1.142769e+01 5.103734e+03 1.349015e+04 2.4497 3.071244e-01
9.180000e-01 1.968230e+00 2.152416e+00 2.534588e+00 1.143047e+01 5.137349e+03 1.348635e+04 2.45246 3.094394e-01
9.170000e-01 1.968230e+00 2.154015e+00 2.536462e+00 1.143706e+01 5.165647e+03 1.347782e+04 2.45512 3.110192e-01
9.160000e-01 1.968230e+00 2.154211e+00 2.536573e+00 1.143985e+01 5.198839e+03 1.347407e+04 2.45784 3.133082e-01
9.150000e-01 1.968230e+00 2.155814e+00 2.538454e+00 1.144646e+01 5.226671e+03 1.346556e+04 2.46056 3.148639e-01
9.140000e-01 1.968230e+00 2.156004e+00 2.538557e+00 1.144924e+01 5.259386e+03 1.346185e+04 2.46322 3.171226e-01
9.130000e-01 1.968230e+00 2.157616e+00 2.540447e+00 1.145588e+01 5.286783e+03 1.345336e+04 2.46601 3.186578e-01
9.120000e-01 1.968230e+00 2.157804e+00 2.540549e+00 1.145867e+01 5.319120e+03 1.344969e+04 2.46865 3.208945e-01
9.110000e-01 1.968230e+00 2.159424e+00 2.542448e+00 1.146535e+01 5.346137e+03 1.344120e+04 2.47148 3.224105e-01
9.100000e-01 1.968230e+00 2.159610e+00 2.542547e+00 1.146815e+01 5.378118e+03 1.343756e+04 2.4741 3.246265e-01
9.090000e-01 1.968230e+00 2.161240e+00 2.544457e+00 1.147486e+01 5.404822e+03 1.342905e+04 2.47699 3.261271e-01
9.080000e-01 1.968230e+00 2.161426e+00 2.544556e+00 1.147769e+01 5.436471e+03 1.342544e+04 2.47959 3.283243e-01
9.070000e-01 1.968230e+00 2.163062e+00 2.546474e+00 1.148443e+01 5.462775e+03 1.341693e+04 2.48252 3.298038e-01
9.060000e-01 1.968230e+00 2.163238e+00 2.546558e+00 1.148724e+01 5.493961e+03 1.341336e+04 2.48505 3.319710e-01
9.050000e-01 1.968230e+00 2.164880e+00 2.548482e+00 1.149400e+01 5.519730e+03 1.340488e+04 2.48806 3.334245e-01
9.040000e-01 1.968230e+00 2.165048e+00 2.548555e+00 1.149682e+01 5.550552e+03 1.340134e+04 2.49055 3.355703e-01
9.030000e-01 1.968230e+00 2.166705e+00 2.550495e+00 1.150364e+01 5.576094e+03 1.339282e+04 2.49362 3.370145e-01
9.020000e-01 1.968230e+00 2.166880e+00 2.550577e+00 1.150649e+01 5.606737e+03 1.338929e+04 2.49614 3.391536e-01
9.010000e-01 1.968230e+00 2.168546e+00 2.552529e+00 1.151336e+01 5.632119e+03 1.338073e+04 2.49924 3.405885e-01
9.000000e-01 1.968230e+00 2.168730e+00 2.552623e+00 1.151624e+01 5.662556e+03 1.337721e+04 2.50177 3.427181e-01
8.990000e-01 1.968230e+00 2.170404e+00 2.554585e+00 1.152316e+01 5.687735e+03 1.336862e+04 2.5049 3.441413e-01
8.980000e-01 1.968230e+00 2.170590e+00 2.554683e+00 1.152605e+01 5.717886e+03 1.336511e+04 2.50743 3.462543e-01
8.970000e-01 1.968230e+00 2.172270e+00 2.556652e+00 1.153299e+01 5.742727e+03 1.335653e+04 2.51059 3.476595e-01
8.960000e-01 1.968230e+00 2.172450e+00 2.556744e+00 1.153589e+01 5.772502e+03 1.335306e+04 2.51307 3.497485e-01
8.950000e-01 1.968230e+00 2.174137e+00 2.558722e+00 1.154284e+01 5.796959e+03 1.334448e+04 2.51629 3.511352e-01
8.940000e-01 1.968230e+00 2.174314e+00 2.558809e+00 1.154575e+01 5.826410e+03 1.334104e+04 2.51874 3.532050e-01
8.930000e-01 1.968230e+00 2.176009e+00 2.560796e+00 1.155273e+01 5.850555e+03 1.333246e+04 2.52201 3.545762e-01
8.920000e-01 1.968230e+00 2.176183e+00 2.560879e+00 1.155565e+01 5.879711e+03 1.332903e+04 2.52443 3.566289e-01
8.910000e-01 1.968230e+00 2.177888e+00 2.562877e+00 1.156267e+01 5.903580e+03 1.332044e+04 2.52776 3.579867e-01
8.900000e-01 1.968230e+00 2.178061e+00 2.562960e+00 1.156560e+01 5.932486e+03 1.331703e+04 2.53017 3.600258e-01
8.890000e-01 1.968230e+00 2.179773e+00 2.564967e+00 1.157266e+01 5.956057e+03 1.330842e+04 2.53353 3.613678e-01
8.880000e-01 1.968230e+00 2.179938e+00 2.565037e+00 1.157559e+01 5.984618e+03 1.330504e+04 2.5359 3.633853e-01
8.870000e-01 1.968230e+00 2.181657e+00 2.567051e+00 1.158268e+01 6.007762e+03 1.329643e+04 2.53931 3.647060e-01
8.860000e-01 1.968230e+00 2.181811e+00 2.567108e+00 1.158560e+01 6.036009e+03 1.329308e+04 2.54164 3.667048e-01
8.850000e-01 1.968230e+00 2.183544e+00 2.569138e+00 1.159274e+01 6.058940e+03 1.328444e+04 2.54512 3.680170e-01
8.840000e-01 1.968230e+00 2.183705e+00 2.569202e+00 1.159570e+01 6.087056e+03 1.328109e+04 2.54747 3.700120e-01
8.830000e-01 1.968230e+00 2.185493e+00 2.571302e+00 1.160299e+01 6.109836e+03 1.327230e+04 2.55105 3.713098e-01
8.820000e-01 1.968230e+00 2.185631e+00 2.571338e+00 1.160592e+01 6.137839e+03 1.326901e+04 2.55337 3.733044e-01
8.810000e-01 1.968230e+00 2.187414e+00 2.573431e+00 1.161323e+01 6.160484e+03 1.326021e+04 2.55696 3.745963e-01
8.800000e-01 1.968230e+00 2.187555e+00 2.573472e+00 1.161618e+01 6.188278e+03 1.325692e+04 2.55928 3.765798e-01
8.790000e-01 1.968230e+00 2.189345e+00 2.575574e+00 1.162352e+01 6.210666e+03 1.324811e+04 2.5629 3.778576e-01
8.780000e-01 1.968230e+00 2.189480e+00 2.575607e+00 1.162647e+01 6.238166e+03 1.324485e+04 2.56519 3.798229e-01
8.770000e-01 1.968230e+00 2.191279e+00 2.577719e+00 1.163383e+01 6.260233e+03 1.323604e+04 2.56885 3.810847e-01
8.760000e-01 1.968230e+00 2.191410e+00 2.577748e+00 1.163679e+01 6.287468e+03 1.323280e+04 2.57112 3.830346e-01
8.750000e-01 1.968230e+00 2.193216e+00 2.579870e+00 1.164419e+01 6.309269e+03 1.322397e+04 2.57483 3.842831e-01
8.740000e-01 1.968230e+00 2.193343e+00 2.579893e+00 1.164716e+01 6.336257e+03 1.322074e+04 2.57707 3.862188e-01
8.730000e-01 1.968230e+00 2.195160e+00 2.582026e+00 1.165459e+01 6.357815e+03 1.321189e+04 2.58083 3.874555e-01
8.720000e-01 1.968230e+00 2.195284e+00 2.582047e+00 1.165757e+01 6.384591e+03 1.320868e+04 2.58306 3.893799e-01
8.710000e-01 1.968230e+00 2.197109e+00 2.584190e+00 1.166505e+01 6.405888e+03 1.319981e+04 2.58685 3.906026e-01
8.700000e-01 1.968230e+00 2.197224e+00 2.584198e+00 1.166802e+01 6.432374e+03 1.319662e+04 2.58905 3.925092e-01
8.690000e-01 1.968230e+00 2.199057e+00 2.586349e+00 1.167553e+01 6.453306e+03 1.318774e+04 2.59289 3.937137e-01
8.680000e-01 1.968230e+00 2.199162e+00 2.586344e+00 1.167851e+01 6.479546e+03 1.318457e+04 2.59505 3.956062e-01
8.670000e-01 1.968230e+00 2.201010e+00 2.588512e+00 1.168606e+01 6.500311e+03 1.317565e+04 2.59895 3.968041e-01
8.660000e-01 1.968230e+00 2.201121e+00 2.588514e+00 1.168908e+01 6.526447e+03 1.317248e+04 2.60114 3.986944e-01
8.650000e-01 1.968230e+00 2.202979e+00 2.590695e+00 1.169670e+01 6.547117e+03 1.316350e+04 2.60507 3.998865e-01
8.640000e-01 1.968230e+00 2.203096e+00 2.590706e+00 1.169974e+01 6.573141e+03 1.316032e+04 2.60728 4.017733e-01
8.630000e-01 1.968230e+00 2.204964e+00 2.592900e+00 1.170742e+01 6.593690e+03 1.315129e+04 2.61124 4.029581e-01
8.620000e-01 1.968230e+00 2.205083e+00 2.592914e+00 1.171048e+01 6.619543e+03 1.314811e+04 2.61345 4.048362e-01
8.610000e-01 1.968230e+00 2.206959e+00 2.595117e+00 1.171819e+01 6.639868e+03 1.313906e+04 2.61744 4.060085e-01
8.600000e-01 1.968230e+00 2.207071e+00 2.595123e+00 1.172126e+01 6.665474e+03 1.313590e+04 2.61962 4.078718e-01
8.590000e-01 1.968230e+00 2.208957e+00 2.597337e+00 1.172900e+01 6.685534e+03 1.312683e+04 2.62366 4.090308e-01
8.580000e-01 1.968230e+00 2.209065e+00 2.597339e+00 1.173207e+01 6.710930e+03 1.312369e+04 2.62582 4.108824e-01
8.570000e-01 1.968230e+00 2.210959e+00 2.599563e+00 1.173986e+01 6.730757e+03 1.311460e+04 2.6299 4.120296e-01
8.560000e-01 1.968230e+00 2.211062e+00 2.599558e+00 1.174294e+01 6.755944e+03 1.311146e+04 2.63204 4.138695e-01
8.550000e-01 1.968230e+00 2.212967e+00 2.601796e+00 1.175076e+01 6.775562e+03 1.310234e+04 2.63616 4.150062e-01
8.540000e-01 1.968230e+00 2.213066e+00 2.601786e+00 1.175385e+01 6.800559e+03 1.309922e+04 2.63829 4.168361e-01
8.530000e-01 1.968230e+00 2.214980e+00 2.604033e+00 1.176171e+01 6.819923e+03 1.309007e+04 2.64245 4.179592e-01
8.520000e-01 1.968230e+00 2.215066e+00 2.604007e+00 1.176480e+01 6.844656e+03 1.308697e+04 2.64453 4.197728e-01
8.510000e-01 1.968230e+00 2.216990e+00 2.606265e+00 1.177270e+01 6.863713e+03 1.307781e+04 2.64875 4.208809e-01
8.500000e-01 1.968230e+00 2.217071e+00 2.606231e+00 1.177580e+01 6.888278e+03 1.307471e+04 2.65082 4.226865e-01
8.490000e-01 1.968230e+00 2.219009e+00 2.608506e+00 1.178375e+01 6.907221e+03 1.306550e+04 2.65508 4.237898e-01
8.480000e-01 1.968230e+00 2.219095e+00 2.608479e+00 1.178689e+01 6.931700e+03 1.306239e+04 2.65717 4.255940e-01
8.470000e-01 1.968230e+00 2.221044e+00 2.610767e+00 1.179491e+01 6.950554e+03 1.305311e+04 2.66147 4.266918e-01
8.460000e-01 1.968230e+00 2.221134e+00 2.610747e+00 1.179807e+01 6.974937e+03 1.305000e+04 2.66358 4.284933e-01
8.450000e-01 1.968230e+00 2.223093e+00 2.613048e+00 1.180615e+01 6.993667e+03 1.304067e+04 2.66791 4.295835e-01
8.440000e-01 1.968230e+00 2.223183e+00 2.613028e+00 1.180933e+01 7.017887e+03 1.303755e+04 2.67001 4.313766e-01
8.430000e-01 1.968230e+00 2.225150e+00 2.615338e+00 1.181745e+01 7.036396e+03 1.302820e+04 2.67437 4.324546e-01
8.420000e-01 1.968230e+00 2.225233e+00 2.615309e+00 1.182063e+01 7.060405e+03 1.302510e+04 2.67645 4.342353e-01
8.410000e-01 1.968230e+00 2.227211e+00 2.617633e+00 1.182879e+01 7.078703e+03 1.301572e+04 2.68085 4.353028e-01
8.400000e-01 1.968230e+00 2.227288e+00 2.617598e+00 1.183198e+01 7.102536e+03 1.301262e+04 2.68292 4.370744e-01
8.390000e-01 1.968230e+00 2.229276e+00 2.619934e+00 1.184018e+01 7.120620e+03 1.300322e+04 2.68736 4.381305e-01
8.380000e-01 1.968230e+00 2.229348e+00 2.619892e+00 1.184338e+01 7.144280e+03 1.300013e+04 2.68941 4.398931e-01
8.370000e-01 1.968230e+00 2.231347e+00 2.622240e+00 1.185163e+01 7.162173e+03 1.299068e+04 2.6939 4.409393e-01
8.360000e-01 1.968230e+00 2.231412e+00 2.622190e+00 1.185484e+01 7.185643e+03 1.298760e+04 2.69592 4.426914e-01
8.350000e-01 1.968230e+00 2.233419e+00 2.624547e+00 1.186312e+01 7.203268e+03 1.297813e+04 2.70045 4.437232e-01
8.340000e-01 1.968230e+00 2.233470e+00 2.624479e+00 1.186632e+01 7.226510e+03 1.297507e+04 2.70243 4.454617e-01
8.330000e-01 1.968230e+00 2.235491e+00 2.626852e+00 1.187465e+01 7.243921e+03 1.296557e+04 2.70702 4.464839e-01
8.320000e-01 1.968230e+00 2.235542e+00 2.626784e+00 1.187788e+01 7.267068e+03 1.296250e+04 2.70901 4.482201e-01
8.310000e-01 1.968230e+00 2.237576e+00 2.629172e+00 1.188628e+01 7.284392e+03 1.295292e+04 2.71363 4.492374e-01
8.300000e-01 1.968230e+00 2.237630e+00 2.629109e+00 1.188954e+01 7.307462e+03 1.294984e+04 2.71564 4.509726e-01
8.290000e-01 1.968230e+00 2.239676e+00 2.631512e+00 1.189801e+01 7.324703e+03 1.294020e+04 2.7203 4.519845e-01
8.280000e-01 1.968230e+00 2.240730e+00 2.632687e+00 1.190390e+01 7.344801e+03 1.293381e+04 2.72363 4.533534e-01
8.270000e-01 1.968230e+00 2.241788e+00 2.633866e+00 1.190982e+01 7.364789e+03 1.292741e+04 2.72699 4.547184e-01
8.260000e-01 1.968230e+00 2.242845e+00 2.635047e+00 1.191574e+01 7.384677e+03 1.292101e+04 2.73035 4.560779e-01
8.250000e-01 1.968230e+00 2.243904e+00 2.636227e+00 1.192167e+01 7.404465e+03 1.291460e+04 2.73372 4.574320e-01
8.240000e-01 1.968230e+00 2.244964e+00 2.637410e+00 1.192762e+01 7.424176e+03 1.290819e+04 2.73709 4.587821e-01
8.230000e-01 1.968230e+00 2.246025e+00 2.638594e+00 1.193359e+01 7.443800e+03 1.290176e+04 2.74047 4.601276e-01
8.220000e-01 1.968230e+00 2.247087e+00 2.639779e+00 1.193956e+01 7.463329e+03 1.289533e+04 2.74386 4.614682e-01
8.210000e-01 1.968230e+00 2.248150e+00 2.640966e+00 1.194556e+01 7.482781e+03 1.288888e+04 2.74725 4.628047e-01
8.200000e-01 1.968230e+00 2.249215e+00 2.642154e+00 1.195157e+01 7.502146e+03 1.288243e+04 2.75065 4.641368e-01
8.190000e-01 1.968230e+00 2.250280e+00 2.643342e+00 1.195758e+01 7.521407e+03 1.287597e+04 2.75405 4.654631e-01
8.180000e-01 1.968230e+00 2.251344e+00 2.644528e+00 1.196361e+01 7.540544e+03 1.286951e+04 2.75746 4.667826e-01
8.170000e-01 1.968230e+00 2.252408e+00 2.645713e+00 1.196965e+01 7.559572e+03 1.286304e+04 2.76086 4.680964e-01
8.160000e-01 1.968230e+00 2.253473e+00 2.646900e+00 1.197571e+01 7.578547e+03 1.285656e+04 2.76428 4.694079e-01
8.150000e-01 1.968230e+00 2.254586e+00 2.648149e+00 1.198189e+01 7.597450e+03 1.284994e+04 2.76777 4.707089e-01
8.140000e-01 1.968230e+00 2.255659e+00 2.649347e+00 1.198800e+01 7.616348e+03 1.284341e+04 2.77122 4.720173e-01
8.130000e-01 1.968230e+00 2.256736e+00 2.650548e+00 1.199414e+01 7.635211e+03 1.283686e+04 2.77468 4.733245e-01
8.120000e-01 1.968230e+00 2.257816e+00 2.651754e+00 1.200031e+01 7.654031e+03 1.283028e+04 2.77814 4.746299e-01
8.110000e-01 1.968230e+00 2.258899e+00 2.652963e+00 1.200649e+01 7.672795e+03 1.282369e+04 2.78162 4.759324e-01
8.100000e-01 1.968230e+00 2.259984e+00 2.654175e+00 1.201269e+01 7.691478e+03 1.281709e+04 2.78511 4.772305e-01
8.090000e-01 1.968230e+00 2.261068e+00 2.655387e+00 1.201891e+01 7.710064e+03 1.281048e+04 2.78859 4.785234e-01
8.080000e-01 1.968230e+00 2.262154e+00 2.656600e+00 1.202513e+01 7.728568e+03 1.280386e+04 2.79209 4.798119e-01
8.070000e-01 1.968230e+00 2.263241e+00 2.657815e+00 1.203138e+01 7.747001e+03 1.279722e+04 2.79559 4.810967e-01
8.060000e-01 1.968230e+00 2.264330e+00 2.659032e+00 1.203764e+01 7.765354e+03 1.279058e+04 2.7991 4.823774e-01
8.050000e-01 1.968230e+00 2.265419e+00 2.660249e+00 1.204391e+01 7.783620e+03 1.278392e+04 2.80261 4.836534e-01
8.040000e-01 1.968230e+00 2.266509e+00 2.661468e+00 1.205020e+01 7.801812e+03 1.277725e+04 2.80613 4.849257e-01
8.030000e-01 1.968230e+00 2.267600e+00 2.662688e+00 1.205651e+01 7.819920e+03 1.277057e+04 2.80965 4.861934e-01
8.020000e-01 1.968230e+00 2.268691e+00 2.663906e+00 1.206283e+01 7.837922e+03 1.276389e+04 2.81318 4.874553e-01
8.010000e-01 1.968230e+00 2.269781e+00 2.665123e+00 1.206915e+01 7.855814e+03 1.275719e+04 2.81671 4.887113e-01
8.000000e-01 1.968230e+00 2.270871e+00 2.666339e+00 1.207549e+01 7.873619e+03 1.275049e+04 2.82024 4.899627e-01
7.990000e-01 1.968230e+00 2.271963e+00 2.667559e+00 1.208186e+01 7.891386e+03 1.274376e+04 2.82378 4.912128e-01
7.980000e-01 1.968230e+00 2.273059e+00 2.668783e+00 1.208826e+01 7.909119e+03 1.273701e+04 2.82734 4.924618e-01
7.970000e-01 1.968230e+00 2.274159e+00 2.670011e+00 1.209468e+01 7.926816e+03 1.273023e+04 2.83091 4.937092e-01
7.960000e-01 1.968230e+00 2.275262e+00 2.671244e+00 1.210113e+01 7.944477e+03 1.272342e+04 2.8345 4.949551e-01
7.950000e-01 1.968230e+00 2.276367e+00 2.672480e+00 1.210761e+01 7.962089e+03 1.271659e+04 2.83809 4.961987e-01
7.940000e-01 1.968230e+00 2.277476e+00 2.673721e+00 1.211411e+01 7.979641e+03 1.270975e+04 2.84169 4.974391e-01
7.930000e-01 1.968230e+00 2.278584e+00 2.674961e+00 1.212062e+01 7.997108e+03 1.270289e+04 2.8453 4.986748e-01
7.920000e-01 1.968230e+00 2.279693e+00 2.676202e+00 1.212714e+01 8.014488e+03 1.269602e+04 2.84891 4.999058e-01
7.910000e-01 1.968230e+00 2.280804e+00 2.677444e+00 1.213368e+01 8.031807e+03 1.268914e+04 2.85252 5.011336e-01
7.900000e-01 1.968230e+00 2.281915e+00 2.678688e+00 1.214025e+01 8.049051e+03 1.268224e+04 2.85614 5.023575e-01
7.890000e-01 1.968230e+00 2.283027e+00 2.679933e+00 1.214682e+01 8.066216e+03 1.267532e+04 2.85977 5.035771e-01
7.880000e-01 1.968230e+00 2.284140e+00 2.681178e+00 1.215342e+01 8.083306e+03 1.266839e+04 2.8634 5.047928e-01
7.870000e-01 1.968230e+00 2.285254e+00 2.682425e+00 1.216003e+01 8.100326e+03 1.266144e+04 2.86704 5.060048e-01
7.860000e-01 1.968230e+00 2.286368e+00 2.683670e+00 1.216665e+01 8.117249e+03 1.265449e+04 2.87068 5.072115e-01
7.850000e-01 1.968230e+00 2.287480e+00 2.684914e+00 1.217329e+01 8.134069e+03 1.264752e+04 2.87432 5.084124e-01
7.840000e-01 1.968230e+00 2.288592e+00 2.686156e+00 1.217993e+01 8.150793e+03 1.264054e+04 2.87797 5.096082e-01
7.830000e-01 1.968230e+00 2.289705e+00 2.687401e+00 1.218661e+01 8.167476e+03 1.263354e+04 2.88162 5.108024e-01
7.820000e-01 1.968230e+00 2.290822e+00 2.688649e+00 1.219331e+01 8.184125e+03 1.262651e+04 2.88529 5.119953e-01
7.810000e-01 1.968230e+00 2.291942e+00 2.689901e+00 1.220004e+01 8.200733e+03 1.261945e+04 2.88897 5.131865e-01
7.800000e-01 1.968230e+00 2.293065e+00 2.691158e+00 1.220681e+01 8.217311e+03 1.261237e+04 2.89266 5.143765e-01
7.790000e-01 1.968230e+00 2.294191e+00 2.692418e+00 1.221360e+01 8.233845e+03 1.260525e+04 2.89636 5.155644e-01
7.780000e-01 1.968230e+00 2.295320e+00 2.693682e+00 1.222041e+01 8.250321e+03 1.259812e+04 2.90007 5.167492e-01
7.770000e-01 1.968230e+00 2.296449e+00 2.694946e+00 1.222724e+01 8.266723e+03 1.259096e+04 2.90378 5.179299e-01
7.760000e-01 1.968230e+00 2.297578e+00 2.696210e+00 1.223408e+01 8.283038e+03 1.258380e+04 2.9075 5.191059e-01
7.750000e-01 1.968230e+00 2.298708e+00 2.697477e+00 1.224094e+01 8.299296e+03 1.257662e+04 2.91122 5.202788e-01
7.740000e-01 1.968230e+00 2.299839e+00 2.698744e+00 1.224783e+01 8.315486e+03 1.256941e+04 2.91495 5.214483e-01
7.730000e-01 1.968230e+00 2.300970e+00 2.700011e+00 1.225473e+01 8.331594e+03 1.256219e+04 2.91868 5.226133e-01
7.720000e-01 1.968230e+00 2.302103e+00 2.701280e+00 1.226165e+01 8.347638e+03 1.255496e+04 2.92242 5.237747e-01
7.710000e-01 1.968230e+00 2.303236e+00 2.702549e+00 1.226859e+01 8.363610e+03 1.254770e+04 2.92617 5.249326e-01
7.700000e-01 1.968230e+00 2.304368e+00 2.703817e+00 1.227555e+01 8.379484e+03 1.254044e+04 2.92991 5.260849e-01
7.690000e-01 1.968230e+00 2.305499e+00 2.705084e+00 1.228251e+01 8.395272e+03 1.253316e+04 2.93366 5.272323e-01
7.680000e-01 1.968230e+00 2.306629e+00 2.706348e+00 1.228949e+01 8.410959e+03 1.252586e+04 2.93741 5.283745e-01
7.670000e-01 1.968230e+00 2.307761e+00 2.707614e+00 1.229650e+01 8.426603e+03 1.251854e+04 2.94117 5.295148e-01
7.660000e-01 1.968230e+00 2.308896e+00 2.708886e+00 1.230354e+01 8.442227e+03 1.251119e+04 2.94494 5.306545e-01
7.650000e-01 1.968230e+00 2.310033e+00 2.710157e+00 1.231061e+01 8.457793e+03 1.250381e+04 2.94872 5.317917e-01
7.640000e-01 1.968230e+00 2.311215e+00 2.711490e+00 1.231780e+01 8.473299e+03 1.249629e+04 2.95257 5.329171e-01
7.630000e-01 1.968230e+00 2.312360e+00 2.712775e+00 1.232494e+01 8.488808e+03 1.248884e+04 2.95638 5.340512e-01
7.620000e-01 1.968230e+00 2.313504e+00 2.714057e+00 1.233209e+01 8.504238e+03 1.248137e+04 2.96019 5.351815e-01
7.610000e-01 1.968230e+00 2.314649e+00 2.715340e+00 1.233927e+01 8.519600e+03 1.247388e+04 2.964 5.363079e-01
7.600000e-01 1.968230e+00 2.315795e+00 2.716626e+00 1.234646e+01 8.534896e+03 1.246638e+04 2.96782 5.374303e-01
7.590000e-01 1.968230e+00 2.316941e+00 2.717911e+00 1.235367e+01 8.550121e+03 1.245886e+04 2.97164 5.385494e-01
7.580000e-01 1.968230e+00 2.318087e+00 2.719196e+00 1.236091e+01 8.565283e+03 1.245131e+04 2.97546 5.396650e-01
7.570000e-01 1.968230e+00 2.319235e+00 2.720484e+00 1.236816e+01 8.580373e+03 1.244374e+04 2.9793 5.407766e-01
7.560000e-01 1.968230e+00 2.320382e+00 2.721771e+00 1.237544e+01 8.595392e+03 1.243615e+04 2.98313 5.418844e-01
7.550000e-01 1.968230e+00 2.321529e+00 2.723058e+00 1.238273e+01 8.610341e+03 1.242854e+04 2.98697 5.429885e-01
7.540000e-01 1.968230e+00 2.322675e+00 2.724342e+00 1.239004e+01 8.625191e+03 1.242092e+04 2.99081 5.440870e-01
7.530000e-01 1.968230e+00 2.323821e+00 2.725627e+00 1.239737e+01 8.639955e+03 1.241329e+04 2.99466 5.451808e-01
7.520000e-01 1.968230e+00 2.324965e+00 2.726909e+00 1.240471e+01 8.654637e+03 1.240564e+04 2.9985 5.462702e-01
7.510000e-01 1.968230e+00 2.326110e+00 2.728191e+00 1.241208e+01 8.669276e+03 1.239795e+04 3.00235 5.473579e-01
7.500000e-01 1.968230e+00 2.327260e+00 2.729480e+00 1.241949e+01 8.683889e+03 1.239023e+04 3.00622 5.484447e-01
7.490000e-01 1.968230e+00 2.328411e+00 2.730772e+00 1.242693e+01 8.698459e+03 1.238248e+04 3.0101 5.495294e-01
7.480000e-01 1.968230e+00 2.329565e+00 2.732066e+00 1.243441e+01 8.712987e+03 1.237469e+04 3.01398 5.506122e-01
7.470000e-01 1.968230e+00 2.330720e+00 2.733364e+00 1.244192e+01 8.727470e+03 1.236687e+04 3.01788 5.516927e-01
7.460000e-01 1.968230e+00 2.331877e+00 2.734663e+00 1.244945e+01 8.741885e+03 1.235904e+04 3.02178 5.527694e-01
7.450000e-01 1.968230e+00 2.333034e+00 2.735963e+00 1.245700e+01 8.756226e+03 1.235118e+04 3.02569 5.538422e-01
7.440000e-01 1.968230e+00 2.334190e+00 2.737262e+00 1.246457e+01 8.770496e+03 1.234330e+04 3.02959 5.549110e-01
7.430000e-01 1.968230e+00 2.335348e+00 2.738562e+00 1.247217e+01 8.784708e+03 1.233540e+04 3.03351 5.559768e-01
7.420000e-01 1.968230e+00 2.336506e+00 2.739864e+00 1.247979e+01 8.798855e+03 1.232747e+04 3.03743 5.570391e-01
7.410000e-01 1.968230e+00 2.337663e+00 2.741166e+00 1.248743e+01 8.812922e+03 1.231953e+04 3.04135 5.580972e-01
7.400000e-01 1.968230e+00 2.338821e+00 2.742467e+00 1.249509e+01 8.826922e+03 1.231156e+04 3.04528 5.591516e-01
7.390000e-01 1.968230e+00 2.339978e+00 2.743767e+00 1.250278e+01 8.840843e+03 1.230357e+04 3.04921 5.602016e-01
7.380000e-01 1.968230e+00 2.341133e+00 2.745065e+00 1.251048e+01 8.854666e+03 1.229557e+04 3.05314 5.612463e-01
7.370000e-01 1.968230e+00 2.342287e+00 2.746361e+00 1.251820e+01 8.868404e+03 1.228756e+04 3.05707 5.622864e-01
7.360000e-01 1.968230e+00 2.343440e+00 2.747657e+00 1.252594e+01 8.882085e+03 1.227951e+04 3.061 5.633237e-01
7.350000e-01 1.968230e+00 2.344597e+00 2.748956e+00 1.253373e+01 8.895733e+03 1.227143e+04 3.06495 5.643598e-01
7.340000e-01 1.968230e+00 2.345755e+00 2.750259e+00 1.254155e+01 8.909340e+03 1.226331e+04 3.06891 5.653940e-01
7.330000e-01 1.968230e+00 2.346916e+00 2.751565e+00 1.254941e+01 8.922904e+03 1.225516e+04 3.07287 5.664262e-01
7.320000e-01 1.968230e+00 2.348078e+00 2.752873e+00 1.255730e+01 8.936428e+03 1.224696e+04 3.07685 5.674564e-01
7.310000e-01 1.968230e+00 2.349241e+00 2.754182e+00 1.256522e+01 8.949888e+03 1.223874e+04 3.08083 5.684828e-01
7.300000e-01 1.968230e+00 2.350404e+00 2.755492e+00 1.257316e+01 8.963276e+03 1.223050e+04 3.08481 5.695053e-01
7.290000e-01 1.968230e+00 2.351566e+00 2.756801e+00 1.258113e+01 8.976594e+03 1.222224e+04 3.0888 5.705238e-01
7.280000e-01 1.968230e+00 2.352729e+00 2.758111e+00 1.258912e+01 8.989853e+03 1.221394e+04 3.09279 5.715394e-01
7.270000e-01 1.968230e+00 2.353892e+00 2.759421e+00 1.259714e+01 9.003049e+03 1.220562e+04 3.09678 5.725513e-01
7.260000e-01 1.968230e+00 2.355054e+00 2.760730e+00 1.260518e+01 9.016170e+03 1.219727e+04 3.10078 5.735589e-01
7.250000e-01 1.968230e+00 2.356215e+00 2.762038e+00 1.261325e+01 9.029222e+03 1.218890e+04 3.10477 5.745626e-01
7.240000e-01 1.968230e+00 2.357375e+00 2.763346e+00 1.262134e+01 9.042203e+03 1.218050e+04 3.10877 5.755624e-01
7.230000e-01 1.968230e+00 2.358573e+00 2.764702e+00 1.262955e+01 9.055057e+03 1.217198e+04 3.11282 5.765456e-01
7.220000e-01 1.968230e+00 2.359690e+00 2.765951e+00 1.263758e+01 9.067887e+03 1.216364e+04 3.11676 5.775455e-01
7.210000e-01 1.968230e+00 2.360883e+00 2.767302e+00 1.264582e+01 9.080591e+03 1.215507e+04 3.1208 5.785205e-01
7.200000e-01 1.968230e+00 2.362041e+00 2.768605e+00 1.265402e+01 9.093294e+03 1.214655e+04 3.12481 5.795047e-01
7.190000e-01 1.968230e+00 2.363200e+00 2.769910e+00 1.266225e+01 9.105957e+03 1.213799e+04 3.12882 5.804871e-01
7.180000e-01 1.968230e+00 2.364359e+00 2.771215e+00 1.267052e+01 9.118574e+03 1.212939e+04 3.13284 5.814669e-01
7.170000e-01 1.968230e+00 2.365519e+00 2.772523e+00 1.267883e+01 9.131150e+03 1.212075e+04 3.13686 5.824444e-01
7.160000e-01 1.968230e+00 2.366680e+00 2.773831e+00 1.268717e+01 9.143665e+03 1.211207e+04 3.14088 5.834183e-01
7.150000e-01 1.968230e+00 2.367839e+00 2.775138e+00 1.269553e+01 9.156110e+03 1.210337e+04 3.1449 5.843880e-01
7.140000e-01 1.968230e+00 2.368998e+00 2.776444e+00 1.270392e+01 9.168486e+03 1.209463e+04 3.14893 5.853535e-01
7.130000e-01 1.968230e+00 2.370155e+00 2.777749e+00 1.271234e+01 9.180803e+03 1.208586e+04 3.15295 5.863157e-01
7.120000e-01 1.968230e+00 2.371312e+00 2.779053e+00 1.272079e+01 9.193058e+03 1.207706e+04 3.15698 5.872742e-01
7.110000e-01 1.968230e+00 2.372468e+00 2.780356e+00 1.272926e+01 9.205240e+03 1.206822e+04 3.161 5.882284e-01
7.100000e-01 1.968230e+00 2.373622e+00 2.781657e+00 1.273776e+01 9.217351e+03 1.205936e+04 3.16502 5.891784e-01
7.090000e-01 1.968230e+00 2.374775e+00 2.782956e+00 1.274628e+01 9.229390e+03 1.205046e+04 3.16904 5.901240e-01
7.080000e-01 1.968230e+00 2.375924e+00 2.784251e+00 1.275483e+01 9.241335e+03 1.204155e+04 3.17306 5.910640e-01
7.070000e-01 1.968230e+00 2.377071e+00 2.785542e+00 1.276339e+01 9.253194e+03 1.203260e+04 3.17707 5.919990e-01
7.060000e-01 1.968230e+00 2.378216e+00 2.786830e+00 1.277198e+01 9.264995e+03 1.202363e+04 3.18108 5.929308e-01
7.050000e-01 1.968230e+00 2.379362e+00 2.788121e+00 1.278062e+01 9.276759e+03 1.201460e+04 3.18509 5.938609e-01
7.040000e-01 1.968230e+00 2.380509e+00 2.789412e+00 1.278930e+01 9.288479e+03 1.200552e+04 3.18911 5.947883e-01
7.030000e-01 1.968230e+00 2.381657e+00 2.790706e+00 1.279802e+01 9.300154e+03 1.199640e+04 3.19314 5.957132e-01
7.020000e-01 1.968230e+00 2.382804e+00 2.792000e+00 1.280678e+01 9.311780e+03 1.198723e+04 3.19717 5.966353e-01
7.010000e-01 1.968230e+00 2.383951e+00 2.793293e+00 1.281557e+01 9.323338e+03 1.197802e+04 3.2012 5.975530e-01
7.000000e-01 1.968230e+00 2.385097e+00 2.794585e+00 1.282439e+01 9.334827e+03 1.196879e+04 3.20522 5.984667e-01
6.990000e-01 1.968230e+00 2.386240e+00 2.795875e+00 1.283324e+01 9.346248e+03 1.195952e+04 3.20925 5.993763e-01
6.980000e-01 1.968230e+00 2.387383e+00 2.797164e+00 1.284212e+01 9.357606e+03 1.195021e+04 3.21327 6.002824e-01
6.970000e-01 1.968230e+00 2.388525e+00 2.798453e+00 1.285104e+01 9.368899e+03 1.194086e+04 3.2173 6.011846e-01
6.960000e-01 1.968230e+00 2.389664e+00 2.799740e+00 1.285998e+01 9.380117e+03 1.193149e+04 3.22132 6.020822e-01
6.950000e-01 1.968230e+00 2.390802e+00 2.801023e+00 1.286896e+01 9.391259e+03 1.192208e+04 3.22534 6.029756e-01
6.940000e-01 1.968230e+00 2.391937e+00 2.802304e+00 1.287796e+01 9.402323e+03 1.191265e+04 3.22936 6.038643e-01
6.930000e-01 1.968230e+00 2.393068e+00 2.803580e+00 1.288697e+01 9.413291e+03 1.190319e+04 3.23337 6.047473e-01
6.920000e-01 1.968230e+00 2.394233e+00 2.804901e+00 1.289611e+01 9.424141e+03 1.189360e+04 3.23742 6.056141e-01
6.910000e-01 1.968230e+00 2.395362e+00 2.806174e+00 1.290520e+01 9.434980e+03 1.188406e+04 3.24143 6.064893e-01
6.900000e-01 1.968230e+00 2.396489e+00 2.807446e+00 1.291434e+01 9.445776e+03 1.187446e+04 3.24544 6.073624e-01
6.890000e-01 1.968230e+00 2.397616e+00 2.808717e+00 1.292352e+01 9.456519e+03 1.186482e+04 3.24945 6.082324e-01
6.880000e-01 1.968230e+00 2.398743e+00 2.809990e+00 1.293275e+01 9.467218e+03 1.185512e+04 3.25346 6.090995e-01
6.870000e-01 1.968230e+00 2.399869e+00 2.811262e+00 1.294201e+01 9.477860e+03 1.184538e+04 3.25747 6.099628e-01
6.860000e-01 1.968230e+00 2.400991e+00 2.812529e+00 1.295131e+01 9.488424e+03 1.183560e+04 3.26147 6.108213e-01
6.850000e-01 1.968230e+00 2.402112e+00 2.813795e+00 1.296064e+01 9.498923e+03 1.182578e+04 3.26547 6.116754e-01
6.840000e-01 1.968230e+00 2.403230e+00 2.815058e+00 1.297000e+01 9.509358e+03 1.181591e+04 3.26946 6.125255e-01
6.830000e-01 1.968230e+00 2.404346e+00 2.816319e+00 1.297940e+01 9.519725e+03 1.180600e+04 3.27345 6.133714e-01
6.820000e-01 1.968230e+00 2.405459e+00 2.817577e+00 1.298883e+01 9.530023e+03 1.179605e+04 3.27743 6.142127e-01
6.810000e-01 1.968230e+00 2.406569e+00 2.818830e+00 1.299830e+01 9.540244e+03 1.178607e+04 3.2814 6.150490e-01
6.800000e-01 1.968230e+00 2.407676e+00 2.820081e+00 1.300779e+01 9.550391e+03 1.177604e+04 3.28537 6.158809e-01
6.790000e-01 1.968230e+00 2.408778e+00 2.821324e+00 1.301731e+01 9.560444e+03 1.176598e+04 3.28932 6.167065e-01
6.780000e-01 1.968230e+00 2.409875e+00 2.822562e+00 1.302685e+01 9.570409e+03 1.175590e+04 3.29327 6.175267e-01
6.770000e-01 1.968230e+00 2.410969e+00 2.823796e+00 1.303643e+01 9.580309e+03 1.174576e+04 3.29721 6.183430e-01
6.760000e-01 1.968230e+00 2.412062e+00 2.825029e+00 1.304606e+01 9.590169e+03 1.173556e+04 3.30114 6.191568e-01
6.750000e-01 1.968230e+00 2.413155e+00 2.826263e+00 1.305575e+01 9.599976e+03 1.172531e+04 3.30508 6.199672e-01
6.740000e-01 1.968230e+00 2.414245e+00 2.827493e+00 1.306548e+01 9.609727e+03 1.171499e+04 3.30901 6.207738e-01
6.730000e-01 1.968230e+00 2.415334e+00 2.828724e+00 1.307525e+01 9.619426e+03 1.170462e+04 3.31293 6.215769e-01
6.720000e-01 1.968230e+00 2.416419e+00 2.829949e+00 1.308507e+01 9.629049e+03 1.169420e+04 3.31685 6.223749e-01
6.710000e-01 1.968230e+00 2.417501e+00 2.831173e+00 1.309491e+01 9.638601e+03 1.168375e+04 3.32076 6.231682e-01
6.700000e-01 1.968230e+00 2.418579e+00 2.832391e+00 1.310480e+01 9.648085e+03 1.167324e+04 3.32466 6.239567e-01
6.690000e-01 1.968230e+00 2.419688e+00 2.833652e+00 1.311482e+01 9.657466e+03 1.166258e+04 3.32859 6.247296e-01
6.680000e-01 1.968230e+00 2.420761e+00 2.834865e+00 1.312479e+01 9.666809e+03 1.165197e+04 3.33247 6.255083e-01
6.670000e-01 1.968230e+00 2.421829e+00 2.836072e+00 1.313479e+01 9.676073e+03 1.164132e+04 3.33634 6.262822e-01
6.660000e-01 1.968230e+00 2.422892e+00 2.837274e+00 1.314483e+01 9.685262e+03 1.163063e+04 3.3402 6.270514e-01
6.650000e-01 1.968230e+00 2.423950e+00 2.838470e+00 1.315489e+01 9.694356e+03 1.161991e+04 3.34405 6.278144e-01
6.640000e-01 1.968230e+00 2.425002e+00 2.839658e+00 1.316498e+01 9.703356e+03 1.160915e+04 3.34788 6.285715e-01
6.630000e-01 1.968230e+00 2.426050e+00 2.840841e+00 1.317511e+01 9.712283e+03 1.159836e+04 3.3517 6.293242e-01
6.620000e-01 1.968230e+00 2.427097e+00 2.842024e+00 1.318530e+01 9.721162e+03 1.158749e+04 3.35553 6.300742e-01
6.610000e-01 1.968230e+00 2.428142e+00 2.843205e+00 1.319555e+01 9.729985e+03 1.157656e+04 3.35934 6.308205e-01
6.600000e-01 1.968230e+00 2.429184e+00 2.844383e+00 1.320585e+01 9.738744e+03 1.156557e+04 3.36315 6.315626e-01
6.590000e-01 1.968230e+00 2.430222e+00 2.845559e+00 1.321621e+01 9.747446e+03 1.155452e+04 3.36696 6.323006e-01
6.580000e-01 1.968230e+00 2.431257e+00 2.846731e+00 1.322660e+01 9.756073e+03 1.154343e+04 3.37075 6.330336e-01
6.570000e-01 1.968230e+00 2.432288e+00 2.847898e+00 1.323703e+01 9.764620e+03 1.153228e+04 3.37453 6.337612e-01
6.560000e-01 1.968230e+00 2.433313e+00 2.849060e+00 1.324751e+01 9.773099e+03 1.152108e+04 3.37829 6.344840e-01
6.550000e-01 1.968230e+00 2.434334e+00 2.850216e+00 1.325803e+01 9.781506e+03 1.150983e+04 3.38204 6.352017e-01
6.540000e-01 1.968230e+00 2.435351e+00 2.851368e+00 1.326860e+01 9.789838e+03 1.149852e+04 3.38578 6.359142e-01
6.530000e-01 1.968230e+00 2.436361e+00 2.852512e+00 1.327920e+01 9.798087e+03 1.148716e+04 3.3895 6.366208e-01
6.520000e-01 1.968230e+00 2.437366e+00 2.853650e+00 1.328985e+01 9.806260e+03 1.147575e+04 3.3932 6.373221e-01
6.510000e-01 1.968230e+00 2.438363e+00 2.854778e+00 1.330052e+01 9.814335e+03 1.146431e+04 3.39688 6.380162e-01
6.500000e-01 1.968230e+00 2.439353e+00 2.855897e+00 1.331122e+01 9.822317e+03 1.145282e+04 3.40054 6.387039e-01
6.490000e-01 1.968230e+00 2.440336e+00 2.857009e+00 1.332197e+01 9.830229e+03 1.144127e+04 3.40418 6.393865e-01
6.480000e-01 1.968230e+00 2.441348e+00 2.858160e+00 1.333288e+01 9.838050e+03 1.142953e+04 3.40785 6.400540e-01
6.470000e-01 1.968230e+00 2.442326e+00 2.859265e+00 1.334376e+01 9.845844e+03 1.141782e+04 3.41146 6.407277e-01
6.460000e-01 1.968230e+00 2.443298e+00 2.860365e+00 1.335469e+01 9.853574e+03 1.140605e+04 3.41506 6.413969e-01
6.450000e-01 1.968230e+00 2.444265e+00 2.861460e+00 1.336568e+01 9.861239e+03 1.139421e+04 3.41865 6.420612e-01
6.440000e-01 1.968230e+00 2.445227e+00 2.862550e+00 1.337672e+01 9.868823e+03 1.138232e+04 3.42222 6.427200e-01
6.430000e-01 1.968230e+00 2.446182e+00 2.863633e+00 1.338779e+01 9.876326e+03 1.137038e+04 3.42577 6.433729e-01
6.420000e-01 1.968230e+00 2.447132e+00 2.864710e+00 1.339893e+01 9.883757e+03 1.135837e+04 3.4293 6.440206e-01
6.410000e-01 1.968230e+00 2.448076e+00 2.865780e+00 1.341011e+01 9.891111e+03 1.134630e+04 3.43281 6.446626e-01
6.400000e-01 1.968230e+00 2.449013e+00 2.866842e+00 1.342134e+01 9.898383e+03 1.133417e+04 3.4363 6.452987e-01
6.390000e-01 1.968230e+00 2.449943e+00 2.867897e+00 1.343261e+01 9.905572e+03 1.132199e+04 3.43977 6.459286e-01
6.380000e-01 1.968230e+00 2.450866e+00 2.868943e+00 1.344393e+01 9.912673e+03 1.130976e+04 3.44322 6.465522e-01
6.370000e-01 1.968230e+00 2.451779e+00 2.869977e+00 1.345527e+01 9.919673e+03 1.129748e+04 3.44663 6.471681e-01
6.360000e-01 1.968230e+00 2.452684e+00 2.871000e+00 1.346665e+01 9.926582e+03 1.128515e+04 3.45002 6.477773e-01
6.350000e-01 1.968230e+00 2.453581e+00 2.872015e+00 1.347810e+01 9.933426e+03 1.127274e+04 3.45339 6.483813e-01
6.340000e-01 1.968230e+00 2.454472e+00 2.873023e+00 1.348961e+01 9.940210e+03 1.126024e+04 3.45673 6.489802e-01
6.330000e-01 1.968230e+00 2.455356e+00 2.874023e+00 1.350119e+01 9.946921e+03 1.124766e+04 3.46004 6.495730e-01
6.320000e-01 1.968230e+00 2.456264e+00 2.875058e+00 1.351292e+01 9.953526e+03 1.123490e+04 3.46337 6.501489e-01
6.310000e-01 1.968230e+00 2.457136e+00 2.876045e+00 1.352463e+01 9.960092e+03 1.122215e+04 3.46663 6.507290e-01
6.300000e-01 1.968230e+00 2.457999e+00 2.877023e+00 1.353638e+01 9.966573e+03 1.120936e+04 3.46987 6.513029e-01
6.290000e-01 1.968230e+00 2.458853e+00 2.877991e+00 1.354818e+01 9.972974e+03 1.119649e+04 3.47308 6.518704e-01
6.280000e-01 1.968230e+00 2.459700e+00 2.878950e+00 1.356005e+01 9.979298e+03 1.118355e+04 3.47626 6.524316e-01
6.270000e-01 1.968230e+00 2.460539e+00 2.879900e+00 1.357197e+01 9.985537e+03 1.117054e+04 3.47941 6.529864e-01
6.260000e-01 1.968230e+00 2.461369e+00 2.880842e+00 1.358393e+01 9.991686e+03 1.115748e+04 3.48254 6.535344e-01
6.250000e-01 1.968230e+00 2.462191e+00 2.881773e+00 1.359596e+01 9.997748e+03 1.114435e+04 3.48564 6.540760e-01
6.240000e-01 1.968230e+00 2.463003e+00 2.882694e+00 1.360802e+01 1.000371e+04 1.113118e+04 3.48871 6.546101e-01
6.230000e-01 1.968230e+00 2.463805e+00 2.883601e+00 1.362011e+01 1.000956e+04 1.111797e+04 3.49174 6.551366e-01
6.220000e-01 1.968230e+00 2.464598e+00 2.884498e+00 1.363227e+01 1.001534e+04 1.110468e+04 3.49475 6.556570e-01
6.210000e-01 1.968230e+00 2.465383e+00 2.885387e+00 1.364451e+01 1.002104e+04 1.109130e+04 3.49773 6.561717e-01
6.200000e-01 1.968230e+00 2.466161e+00 2.886268e+00 1.365683e+01 1.002667e+04 1.107782e+04 3.50068 6.566804e-01
6.190000e-01 1.968230e+00 2.466930e+00 2.887139e+00 1.366921e+01 1.003222e+04 1.106427e+04 3.50361 6.571824e-01
6.180000e-01 1.968230e+00 2.467719e+00 2.888040e+00 1.368176e+01 1.003765e+04 1.105053e+04 3.50653 6.576667e-01
6.170000e-01 1.968230e+00 2.468472e+00 2.888895e+00 1.369428e+01 1.004304e+04 1.103681e+04 3.50939 6.581543e-01
6.160000e-01 1.968230e+00 2.469213e+00 2.889736e+00 1.370685e+01 1.004833e+04 1.102303e+04 3.51221 6.586351e-01
6.150000e-01 1.968230e+00 2.469946e+00 2.890568e+00 1.371950e+01 1.005354e+04 1.100917e+04 3.515 6.591092e-01
6.140000e-01 1.968230e+00 2.470669e+00 2.891390e+00 1.373221e+01 1.005866e+04 1.099524e+04 3.51776 6.595764e-01
6.130000e-01 1.968230e+00 2.471381e+00 2.892199e+00 1.374497e+01 1.006370e+04 1.098124e+04 3.52048 6.600356e-01
6.120000e-01 1.968230e+00 2.472081e+00 2.892994e+00 1.375779e+01 1.006863e+04 1.096716e+04 3.52315 6.604868e-01
6.110000e-01 1.968230e+00 2.472770e+00 2.893775e+00 1.377066e+01 1.007347e+04 1.095302e+04 3.52579 6.609298e-01
6.100000e-01 1.968230e+00 2.473445e+00 2.894540e+00 1.378358e+01 1.007820e+04 1.093882e+04 3.52837 6.613639e-01
6.090000e-01 1.968230e+00 2.474109e+00 2.895291e+00 1.379654e+01 1.008284e+04 1.092456e+04 3.53092 6.617904e-01
6.080000e-01 1.968230e+00 2.474761e+00 2.896030e+00 1.380960e+01 1.008740e+04 1.091018e+04 3.53342 6.622099e-01
6.070000e-01 1.968230e+00 2.475402e+00 2.896755e+00 1.382275e+01 1.009188e+04 1.089570e+04 3.53588 6.626214e-01
6.060000e-01 1.968230e+00 2.476031e+00 2.897467e+00 1.383597e+01 1.009628e+04 1.088111e+04 3.53829 6.630248e-01
6.050000e-01 1.968230e+00 2.476676e+00 2.898204e+00 1.384937e+01 1.010055e+04 1.086633e+04 3.54069 6.634092e-01
6.040000e-01 1.968230e+00 2.477283e+00 2.898891e+00 1.386274e+01 1.010476e+04 1.085156e+04 3.54301 6.637954e-01
6.030000e-01 1.968230e+00 2.477875e+00 2.899562e+00 1.387618e+01 1.010888e+04 1.083671e+04 3.54527 6.641732e-01
6.020000e-01 1.968230e+00 2.478456e+00 2.900221e+00 1.388970e+01 1.011292e+04 1.082177e+04 3.5475 6.645434e-01
6.010000e-01 1.968230e+00 2.479026e+00 2.900867e+00 1.390329e+01 1.011686e+04 1.080675e+04 3.54968 6.649056e-01
6.000000e-01 1.968230e+00 2.479583e+00 2.901500e+00 1.391695e+01 1.012070e+04 1.079166e+04 3.55182 6.652598e-01
5.990000e-01 1.968230e+00 2.480130e+00 2.902121e+00 1.393067e+01 1.012444e+04 1.077650e+04 3.55393 6.656063e-01
5.980000e-01 1.968230e+00 2.480664e+00 2.902727e+00 1.394446e+01 1.012807e+04 1.076127e+04 3.55599 6.659443e-01
5.970000e-01 1.968230e+00 2.481185e+00 2.903317e+00 1.395829e+01 1.013159e+04 1.074600e+04 3.558 6.662735e-01
5.960000e-01 1.968230e+00 2.481692e+00 2.903891e+00 1.397219e+01 1.013500e+04 1.073066e+04 3.55997 6.665947e-01
5.950000e-01 1.968230e+00 2.479221e+00 2.901118e+00 1.397643e+01 1.014686e+04 1.072684e+04 3.55709 6.681643e-01
5.940000e-01 1.968230e+00 2.482683e+00 2.905018e+00 1.400034e+01 1.014157e+04 1.069960e+04 3.5638 6.672103e-01
5.930000e-01 1.968230e+00 2.480145e+00 2.902172e+00 1.400457e+01 1.015336e+04 1.069576e+04 3.56076 6.687836e-01
5.920000e-01 1.968230e+00 2.483606e+00 2.906066e+00 1.402882e+01 1.014778e+04 1.066814e+04 3.56738 6.677940e-01
5.910000e-01 1.968230e+00 2.481007e+00 2.903154e+00 1.403305e+01 1.015949e+04 1.066426e+04 3.5642 6.693678e-01
5.900000e-01 1.968230e+00 2.484471e+00 2.907049e+00 1.405761e+01 1.015360e+04 1.063631e+04 3.57074 6.683400e-01
5.890000e-01 1.968230e+00 2.481797e+00 2.904052e+00 1.406184e+01 1.016522e+04 1.063240e+04 3.56736 6.699138e-01
5.880000e-01 1.968230e+00 2.485298e+00 2.907993e+00 1.408684e+01 1.015897e+04 1.060396e+04 3.57387 6.688348e-01
5.870000e-01 1.968230e+00 2.482545e+00 2.904906e+00 1.409102e+01 1.017052e+04 1.060006e+04 3.5703 6.704113e-01
5.860000e-01 1.968230e+00 2.486035e+00 2.908827e+00 1.411629e+01 1.016397e+04 1.057134e+04 3.57671 6.692990e-01
5.850000e-01 1.968230e+00 2.483199e+00 2.905642e+00 1.412044e+01 1.017543e+04 1.056742e+04 3.57293 6.708740e-01
5.840000e-01 1.968230e+00 2.486712e+00 2.909591e+00 1.414599e+01 1.016853e+04 1.053846e+04 3.57933 6.697249e-01
5.830000e-01 1.968230e+00 2.483801e+00 2.906319e+00 1.415012e+01 1.017988e+04 1.053452e+04 3.57536 6.712996e-01
5.820000e-01 1.968230e+00 2.487331e+00 2.910289e+00 1.417607e+01 1.017266e+04 1.050521e+04 3.58175 6.701160e-01
5.810000e-01 1.968230e+00 2.484369e+00 2.906967e+00 1.418023e+01 1.018395e+04 1.050123e+04 3.57767 6.716949e-01
5.800000e-01 1.968230e+00 2.487923e+00 2.910965e+00 1.420667e+01 1.017636e+04 1.047144e+04 3.58401 6.704627e-01
5.790000e-01 1.968230e+00 2.484888e+00 2.907563e+00 1.421082e+01 1.018758e+04 1.046746e+04 3.57977 6.720471e-01
5.780000e-01 1.968230e+00 2.488433e+00 2.911549e+00 1.423758e+01 1.017968e+04 1.043737e+04 3.58602 6.707826e-01
5.770000e-01 1.968230e+00 2.485323e+00 2.908062e+00 1.424171e+01 1.019082e+04 1.043336e+04 3.58158 6.723664e-01
5.760000e-01 1.968230e+00 2.488871e+00 2.912047e+00 1.426887e+01 1.018258e+04 1.040288e+04 3.58773 6.710587e-01
5.750000e-01 1.968230e+00 2.485684e+00 2.908475e+00 1.427300e+01 1.019364e+04 1.039884e+04 3.58311 6.726429e-01
5.740000e-01 1.968230e+00 2.489236e+00 2.912463e+00 1.430052e+01 1.018504e+04 1.036799e+04 3.58916 6.712906e-01
5.730000e-01 1.968230e+00 2.485960e+00 2.908787e+00 1.430463e+01 1.019601e+04 1.036391e+04 3.5843 6.728736e-01
5.720000e-01 1.968230e+00 2.489526e+00 2.912788e+00 1.433251e+01 1.018703e+04 1.033273e+04 3.59028 6.714759e-01
5.710000e-01 1.968230e+00 2.486165e+00 2.909011e+00 1.433657e+01 1.019789e+04 1.032864e+04 3.5852 6.730552e-01
5.700000e-01 1.968230e+00 2.489770e+00 2.913061e+00 1.436493e+01 1.018852e+04 1.029704e+04 3.59117 6.716077e-01
5.690000e-01 1.968230e+00 2.486342e+00 2.909214e+00 1.436900e+01 1.019933e+04 1.029294e+04 3.58595 6.731953e-01
5.680000e-01 1.968230e+00 2.489936e+00 2.913249e+00 1.439777e+01 1.018963e+04 1.026101e+04 3.59183 6.717159e-01
5.670000e-01 1.968230e+00 2.486444e+00 2.909334e+00 1.440186e+01 1.020037e+04 1.025687e+04 3.58647 6.733066e-01
5.660000e-01 1.968230e+00 2.490043e+00 2.913374e+00 1.443108e+01 1.019030e+04 1.022456e+04 3.59228 6.717865e-01
5.650000e-01 1.968230e+00 2.486477e+00 2.909376e+00 1.443517e+01 1.020095e+04 1.022039e+04 3.58673 6.733768e-01
5.640000e-01 1.968230e+00 2.490074e+00 2.913412e+00 1.446482e+01 1.019052e+04 1.018769e+04 3.59243 6.718115e-01
5.642449e-01 1.968230e+00 2.490319e+00 2.913758e+00 1.446180e+01 1.018997e+04 1.019102e+04 3.59255 6.716654e-01
