1.000000e+00 2.017390e+00 2.091157e+00 2.470028e+00 1.102803e+01 0.000000e+00 1.438464e+04 0 0.000000e+00
9.990000e-01 2.017390e+00 2.092493e+00 2.471219e+00 1.103552e+01 5.698265e+02 1.430608e+04 2.24585 3.325703e-02
9.980000e-01 2.017390e+00 2.092686e+00 2.471333e+00 1.103770e+01 8.181383e+02 1.427585e+04 2.32503 4.942352e-02
9.970000e-01 2.017390e+00 2.094016e+00 2.472929e+00 1.104312e+01 9.989154e+02 1.425109e+04 2.25194 5.837303e-02
9.960000e-01 2.017390e+00 2.094309e+00 2.473187e+00 1.104549e+01 1.161247e+03 1.423159e+04 2.28733 6.890622e-02
9.950000e-01 2.017390e+00 2.095610e+00 2.474748e+00 1.105082e+01 1.294130e+03 1.421254e+04 2.25681 7.567272e-02
9.940000e-01 2.017390e+00 2.095908e+00 2.475015e+00 1.105322e+01 1.423090e+03 1.419724e+04 2.27959 8.402963e-02
9.930000e-01 2.017390e+00 2.097195e+00 2.476551e+00 1.105853e+01 1.531854e+03 1.418101e+04 2.26154 8.962550e-02
9.920000e-01 2.017390e+00 2.097460e+00 2.476769e+00 1.106091e+01 1.641422e+03 1.416813e+04 2.27805 9.671252e-02
9.910000e-01 2.017390e+00 2.098752e+00 2.478299e+00 1.106627e+01 1.735011e+03 1.415360e+04 2.26619 1.015693e-01
9.900000e-01 2.017390e+00 2.098997e+00 2.478482e+00 1.106865e+01 1.832327e+03 1.414226e+04 2.27939 1.078664e-01
9.890000e-01 2.017390e+00 2.100301e+00 2.480020e+00 1.107406e+01 1.916235e+03 1.412878e+04 2.27081 1.122416e-01
9.880000e-01 2.017390e+00 2.100537e+00 2.480188e+00 1.107645e+01 2.004716e+03 1.411853e+04 2.28192 1.179720e-01
9.870000e-01 2.017390e+00 2.101849e+00 2.481730e+00 1.108191e+01 2.081490e+03 1.410583e+04 2.27543 1.219892e-01
9.860000e-01 2.017390e+00 2.102091e+00 2.481905e+00 1.108432e+01 2.163541e+03 1.409638e+04 2.28522 1.273145e-01
9.850000e-01 2.017390e+00 2.103410e+00 2.483455e+00 1.108981e+01 2.235091e+03 1.408425e+04 2.28005 1.310629e-01
9.840000e-01 2.017390e+00 2.103648e+00 2.483624e+00 1.109223e+01 2.311556e+03 1.407549e+04 2.28868 1.360287e-01
9.830000e-01 2.017390e+00 2.104965e+00 2.485167e+00 1.109772e+01 2.377918e+03 1.406393e+04 2.28466 1.395133e-01
9.820000e-01 2.017390e+00 2.105169e+00 2.485286e+00 1.110010e+01 2.449221e+03 1.405580e+04 2.29212 1.441377e-01
9.810000e-01 2.017390e+00 2.106496e+00 2.486833e+00 1.110563e+01 2.511056e+03 1.404468e+04 2.28923 1.474047e-01
9.800000e-01 2.017390e+00 2.106692e+00 2.486936e+00 1.110804e+01 2.578864e+03 1.403698e+04 2.29611 1.518120e-01
9.790000e-01 2.017390e+00 2.108081e+00 2.488558e+00 1.111373e+01 2.638116e+03 1.402600e+04 2.29394 1.549491e-01
9.780000e-01 2.017390e+00 2.108268e+00 2.488652e+00 1.111611e+01 2.703358e+03 1.401869e+04 2.30045 1.592032e-01
9.770000e-01 2.017390e+00 2.109649e+00 2.490267e+00 1.112181e+01 2.760589e+03 1.400795e+04 2.29859 1.622297e-01
9.760000e-01 2.017390e+00 2.109861e+00 2.490396e+00 1.112424e+01 2.823459e+03 1.400091e+04 2.30483 1.663416e-01
9.750000e-01 2.017390e+00 2.111245e+00 2.492018e+00 1.112995e+01 2.878734e+03 1.399038e+04 2.30328 1.692618e-01
9.740000e-01 2.017390e+00 2.111468e+00 2.492166e+00 1.113240e+01 2.939166e+03 1.398363e+04 2.30917 1.732202e-01
9.730000e-01 2.017390e+00 2.112852e+00 2.493791e+00 1.113810e+01 2.992185e+03 1.397336e+04 2.30799 1.760238e-01
9.720000e-01 2.017390e+00 2.113069e+00 2.493930e+00 1.114054e+01 3.050146e+03 1.396690e+04 2.31346 1.798215e-01
9.710000e-01 2.017390e+00 2.114457e+00 2.495559e+00 1.114626e+01 3.100890e+03 1.395687e+04 2.3127 1.825132e-01
9.700000e-01 2.017390e+00 2.114669e+00 2.495691e+00 1.114870e+01 3.156785e+03 1.395067e+04 2.31785 1.861797e-01
9.690000e-01 2.017390e+00 2.116064e+00 2.497328e+00 1.115444e+01 3.205676e+03 1.394081e+04 2.31742 1.887789e-01
9.680000e-01 2.017390e+00 2.116272e+00 2.497454e+00 1.115689e+01 3.259701e+03 1.393483e+04 2.3223 1.923269e-01
9.670000e-01 2.017390e+00 2.117674e+00 2.499098e+00 1.116266e+01 3.306943e+03 1.392513e+04 2.32216 1.948441e-01
9.660000e-01 2.017390e+00 2.117886e+00 2.499229e+00 1.116512e+01 3.359460e+03 1.391933e+04 2.32687 1.983001e-01
9.650000e-01 2.017390e+00 2.119295e+00 2.500881e+00 1.117092e+01 3.405350e+03 1.390974e+04 2.32693 2.007470e-01
9.640000e-01 2.017390e+00 2.119502e+00 2.501006e+00 1.117339e+01 3.456273e+03 1.390412e+04 2.33141 2.041013e-01
9.630000e-01 2.017390e+00 2.120914e+00 2.502660e+00 1.117920e+01 3.500489e+03 1.389469e+04 2.3317 2.064634e-01
9.620000e-01 2.017390e+00 2.121100e+00 2.502754e+00 1.118165e+01 3.549700e+03 1.388926e+04 2.33588 2.097045e-01
9.610000e-01 2.017390e+00 2.122522e+00 2.504416e+00 1.118749e+01 3.592384e+03 1.387994e+04 2.33647 2.119955e-01
9.600000e-01 2.017390e+00 2.122707e+00 2.504506e+00 1.118996e+01 3.640518e+03 1.387464e+04 2.34055 2.151735e-01
9.590000e-01 2.017390e+00 2.124143e+00 2.506184e+00 1.119587e+01 3.682417e+03 1.386534e+04 2.34129 2.174243e-01
9.580000e-01 2.017390e+00 2.124340e+00 2.506291e+00 1.119837e+01 3.729623e+03 1.386012e+04 2.34532 2.205492e-01
9.570000e-01 2.017390e+00 2.125782e+00 2.507978e+00 1.120430e+01 3.770735e+03 1.385088e+04 2.34615 2.227571e-01
9.560000e-01 2.017390e+00 2.125993e+00 2.508104e+00 1.120683e+01 3.817028e+03 1.384577e+04 2.35012 2.258284e-01
9.550000e-01 2.017390e+00 2.127439e+00 2.509799e+00 1.121279e+01 3.857351e+03 1.383660e+04 2.35105 2.279939e-01
9.540000e-01 2.017390e+00 2.127656e+00 2.509935e+00 1.121533e+01 3.902649e+03 1.383160e+04 2.35491 2.310035e-01
9.530000e-01 2.017390e+00 2.129106e+00 2.511635e+00 1.122131e+01 3.941995e+03 1.382252e+04 2.35596 2.331187e-01
9.520000e-01 2.017390e+00 2.129317e+00 2.511764e+00 1.122385e+01 3.986217e+03 1.381765e+04 2.35968 2.360594e-01
9.510000e-01 2.017390e+00 2.130774e+00 2.513471e+00 1.122984e+01 4.024580e+03 1.380866e+04 2.36089 2.381271e-01
9.500000e-01 2.017390e+00 2.130984e+00 2.513598e+00 1.123239e+01 4.067901e+03 1.380389e+04 2.36452 2.410126e-01
9.490000e-01 2.017390e+00 2.132447e+00 2.515313e+00 1.123841e+01 4.105396e+03 1.379495e+04 2.36584 2.430363e-01
9.480000e-01 2.017390e+00 2.132654e+00 2.515435e+00 1.124097e+01 4.147826e+03 1.379028e+04 2.36936 2.458661e-01
9.470000e-01 2.017390e+00 2.134125e+00 2.517159e+00 1.124702e+01 4.184523e+03 1.378139e+04 2.37081 2.478508e-01
9.460000e-01 2.017390e+00 2.134334e+00 2.517284e+00 1.124959e+01 4.226195e+03 1.377679e+04 2.37427 2.506349e-01
9.450000e-01 2.017390e+00 2.135810e+00 2.519014e+00 1.125567e+01 4.262114e+03 1.376796e+04 2.37581 2.525794e-01
9.440000e-01 2.017390e+00 2.136010e+00 2.519127e+00 1.125823e+01 4.302881e+03 1.376347e+04 2.37913 2.553049e-01
9.430000e-01 2.017390e+00 2.137491e+00 2.520861e+00 1.126432e+01 4.337781e+03 1.375472e+04 2.3808 2.571990e-01
9.420000e-01 2.017390e+00 2.137674e+00 2.520949e+00 1.126687e+01 4.377636e+03 1.375034e+04 2.38399 2.598651e-01
9.410000e-01 2.017390e+00 2.139168e+00 2.522697e+00 1.127300e+01 4.411846e+03 1.374162e+04 2.38581 2.617297e-01
9.400000e-01 2.017390e+00 2.139358e+00 2.522793e+00 1.127558e+01 4.451253e+03 1.373728e+04 2.38899 2.643735e-01
9.390000e-01 2.017390e+00 2.140862e+00 2.524553e+00 1.128177e+01 4.485111e+03 1.372854e+04 2.39086 2.662183e-01
9.380000e-01 2.017390e+00 2.141063e+00 2.524664e+00 1.128439e+01 4.524043e+03 1.372425e+04 2.39405 2.688367e-01
9.370000e-01 2.017390e+00 2.142575e+00 2.526433e+00 1.129061e+01 4.557505e+03 1.371551e+04 2.39597 2.706596e-01
9.360000e-01 2.017390e+00 2.142784e+00 2.526558e+00 1.129325e+01 4.595923e+03 1.371126e+04 2.39913 2.732484e-01
9.350000e-01 2.017390e+00 2.144301e+00 2.528335e+00 1.129950e+01 4.628878e+03 1.370256e+04 2.4011 2.750441e-01
9.340000e-01 2.017390e+00 2.144511e+00 2.528460e+00 1.130215e+01 4.666672e+03 1.369838e+04 2.40421 2.775939e-01
9.330000e-01 2.017390e+00 2.146032e+00 2.530243e+00 1.130841e+01 4.698974e+03 1.368972e+04 2.40625 2.793568e-01
9.320000e-01 2.017390e+00 2.146238e+00 2.530362e+00 1.131106e+01 4.736143e+03 1.368560e+04 2.40929 2.818676e-01
9.310000e-01 2.017390e+00 2.147767e+00 2.532155e+00 1.131735e+01 4.767897e+03 1.367697e+04 2.41142 2.836045e-01
9.300000e-01 2.017390e+00 2.147972e+00 2.532273e+00 1.132001e+01 4.804536e+03 1.367290e+04 2.41441 2.860839e-01
9.290000e-01 2.017390e+00 2.149508e+00 2.534073e+00 1.132633e+01 4.835754e+03 1.366429e+04 2.41662 2.877936e-01
9.280000e-01 2.017390e+00 2.149712e+00 2.534190e+00 1.132901e+01 4.871885e+03 1.366027e+04 2.41957 2.902427e-01
9.270000e-01 2.017390e+00 2.151257e+00 2.536000e+00 1.133537e+01 4.902646e+03 1.365165e+04 2.42184 2.919299e-01
9.260000e-01 2.017390e+00 2.151460e+00 2.536115e+00 1.133805e+01 4.938264e+03 1.364768e+04 2.42474 2.943478e-01
9.250000e-01 2.017390e+00 2.153010e+00 2.537930e+00 1.134443e+01 4.968416e+03 1.363910e+04 2.42708 2.960037e-01
9.240000e-01 2.017390e+00 2.153198e+00 2.538025e+00 1.134709e+01 5.003370e+03 1.363519e+04 2.42988 2.983778e-01
9.230000e-01 2.017390e+00 2.154755e+00 2.539848e+00 1.135349e+01 5.032829e+03 1.362665e+04 2.43232 3.000014e-01
9.220000e-01 2.017390e+00 2.154938e+00 2.539935e+00 1.135617e+01 5.067339e+03 1.362279e+04 2.43507 3.023497e-01
9.210000e-01 2.017390e+00 2.156509e+00 2.541773e+00 1.136262e+01 5.096523e+03 1.361421e+04 2.43759 3.039617e-01
9.200000e-01 2.017390e+00 2.156700e+00 2.541871e+00 1.136533e+01 5.130760e+03 1.361037e+04 2.44036 3.062976e-01
9.190000e-01 2.017390e+00 2.158280e+00 2.543720e+00 1.137183e+01 5.159695e+03 1.360177e+04 2.44291 3.078952e-01
9.180000e-01 2.017390e+00 2.158480e+00 2.543830e+00 1.137457e+01 5.193616e+03 1.359795e+04 2.44569 3.102144e-01
9.170000e-01 2.017390e+00 2.160066e+00 2.545688e+00 1.138110e+01 5.222250e+03 1.358935e+04 2.44827 3.117955e-01
9.160000e-01 2.017390e+00 2.160269e+00 2.545803e+00 1.138385e+01 5.255768e+03 1.358556e+04 2.45102 3.140905e-01
9.150000e-01 2.017390e+00 2.161860e+00 2.547667e+00 1.139040e+01 5.283958e+03 1.357698e+04 2.45365 3.156486e-01
9.140000e-01 2.017390e+00 2.162057e+00 2.547775e+00 1.139315e+01 5.316993e+03 1.357324e+04 2.45634 3.179128e-01
9.130000e-01 2.017390e+00 2.163656e+00 2.549649e+00 1.139972e+01 5.344719e+03 1.356468e+04 2.45904 3.194490e-01
9.120000e-01 2.017390e+00 2.163852e+00 2.549755e+00 1.140248e+01 5.377367e+03 1.356097e+04 2.46171 3.216906e-01
9.110000e-01 2.017390e+00 2.165458e+00 2.551637e+00 1.140909e+01 5.404721e+03 1.355241e+04 2.46446 3.232084e-01
9.100000e-01 2.017390e+00 2.165652e+00 2.551740e+00 1.141186e+01 5.436997e+03 1.354874e+04 2.4671 3.254282e-01
9.090000e-01 2.017390e+00 2.167267e+00 2.553632e+00 1.141850e+01 5.464004e+03 1.354017e+04 2.46991 3.269292e-01
9.080000e-01 2.017390e+00 2.167461e+00 2.553737e+00 1.142129e+01 5.495956e+03 1.353653e+04 2.47253 3.291309e-01
9.070000e-01 2.017390e+00 2.169084e+00 2.555636e+00 1.142797e+01 5.522589e+03 1.352796e+04 2.47538 3.306123e-01
9.060000e-01 2.017390e+00 2.169269e+00 2.555729e+00 1.143075e+01 5.554102e+03 1.352435e+04 2.47794 3.327862e-01
9.050000e-01 2.017390e+00 2.170898e+00 2.557635e+00 1.143745e+01 5.580200e+03 1.351580e+04 2.48086 3.342413e-01
9.040000e-01 2.017390e+00 2.171072e+00 2.557711e+00 1.144023e+01 5.611297e+03 1.351224e+04 2.48336 3.363895e-01
9.030000e-01 2.017390e+00 2.172714e+00 2.559633e+00 1.144698e+01 5.637110e+03 1.350366e+04 2.48636 3.378334e-01
9.020000e-01 2.017390e+00 2.172895e+00 2.559718e+00 1.144979e+01 5.668027e+03 1.350011e+04 2.48889 3.399749e-01
9.010000e-01 2.017390e+00 2.174548e+00 2.561651e+00 1.145659e+01 5.693684e+03 1.349149e+04 2.49191 3.414097e-01
9.000000e-01 2.017390e+00 2.174737e+00 2.561747e+00 1.145944e+01 5.724394e+03 1.348794e+04 2.49446 3.435418e-01
8.990000e-01 2.017390e+00 2.176397e+00 2.563691e+00 1.146628e+01 5.749860e+03 1.347929e+04 2.49751 3.449658e-01
8.980000e-01 2.017390e+00 2.176591e+00 2.563794e+00 1.146915e+01 5.780301e+03 1.347575e+04 2.50005 3.470829e-01
8.970000e-01 2.017390e+00 2.178257e+00 2.565746e+00 1.147602e+01 5.805453e+03 1.346710e+04 2.50314 3.484901e-01
8.960000e-01 2.017390e+00 2.178446e+00 2.565843e+00 1.147888e+01 5.835526e+03 1.346360e+04 2.50564 3.505840e-01
8.950000e-01 2.017390e+00 2.180119e+00 2.567803e+00 1.148577e+01 5.860278e+03 1.345496e+04 2.50878 3.519716e-01
8.940000e-01 2.017390e+00 2.180304e+00 2.567896e+00 1.148864e+01 5.890016e+03 1.345149e+04 2.51125 3.540453e-01
8.930000e-01 2.017390e+00 2.181985e+00 2.569864e+00 1.149557e+01 5.914458e+03 1.344285e+04 2.51444 3.554181e-01
8.920000e-01 2.017390e+00 2.182167e+00 2.569953e+00 1.149844e+01 5.943894e+03 1.343940e+04 2.51688 3.574743e-01
8.910000e-01 2.017390e+00 2.183901e+00 2.571990e+00 1.150549e+01 5.967996e+03 1.343064e+04 2.52019 3.588248e-01
8.900000e-01 2.017390e+00 2.184052e+00 2.572039e+00 1.150832e+01 5.997206e+03 1.342728e+04 2.52257 3.608719e-01
8.890000e-01 2.017390e+00 2.185781e+00 2.574067e+00 1.151538e+01 6.021033e+03 1.341853e+04 2.5259 3.622104e-01
8.880000e-01 2.017390e+00 2.185924e+00 2.574105e+00 1.151822e+01 6.049916e+03 1.341520e+04 2.52824 3.642376e-01
8.870000e-01 2.017390e+00 2.187660e+00 2.576141e+00 1.152529e+01 6.073322e+03 1.340646e+04 2.53162 3.655549e-01
8.860000e-01 2.017390e+00 2.187791e+00 2.576162e+00 1.152812e+01 6.101857e+03 1.340316e+04 2.53391 3.675606e-01
8.850000e-01 2.017390e+00 2.189540e+00 2.578213e+00 1.153525e+01 6.125000e+03 1.339439e+04 2.53736 3.688672e-01
8.840000e-01 2.017390e+00 2.189676e+00 2.578241e+00 1.153811e+01 6.153396e+03 1.339109e+04 2.53967 3.708686e-01
8.830000e-01 2.017390e+00 2.191436e+00 2.580304e+00 1.154530e+01 6.176425e+03 1.338227e+04 2.54316 3.721687e-01
8.820000e-01 2.017390e+00 2.191579e+00 2.580342e+00 1.154819e+01 6.204678e+03 1.337896e+04 2.54549 3.741649e-01
8.810000e-01 2.017390e+00 2.193349e+00 2.582417e+00 1.155543e+01 6.227570e+03 1.337010e+04 2.549 3.754569e-01
8.800000e-01 2.017390e+00 2.193496e+00 2.582461e+00 1.155834e+01 6.255634e+03 1.336680e+04 2.55133 3.774436e-01
8.790000e-01 2.017390e+00 2.195273e+00 2.584545e+00 1.156562e+01 6.278291e+03 1.335791e+04 2.55487 3.787225e-01
8.780000e-01 2.017390e+00 2.195416e+00 2.584584e+00 1.156853e+01 6.306068e+03 1.335464e+04 2.55718 3.806917e-01
8.770000e-01 2.017390e+00 2.197200e+00 2.586677e+00 1.157583e+01 6.328395e+03 1.334575e+04 2.56076 3.819540e-01
8.760000e-01 2.017390e+00 2.197338e+00 2.586710e+00 1.157875e+01 6.355897e+03 1.334250e+04 2.56304 3.839069e-01
8.750000e-01 2.017390e+00 2.199131e+00 2.588814e+00 1.158608e+01 6.377963e+03 1.333359e+04 2.56667 3.851567e-01
8.740000e-01 2.017390e+00 2.199265e+00 2.588842e+00 1.158901e+01 6.405214e+03 1.333036e+04 2.56893 3.870952e-01
8.730000e-01 2.017390e+00 2.201068e+00 2.590957e+00 1.159638e+01 6.427016e+03 1.332144e+04 2.57261 3.883320e-01
8.720000e-01 2.017390e+00 2.201199e+00 2.590982e+00 1.159932e+01 6.454049e+03 1.331821e+04 2.57485 3.902588e-01
8.710000e-01 2.017390e+00 2.203010e+00 2.593107e+00 1.160673e+01 6.475602e+03 1.330927e+04 2.57857 3.914827e-01
8.700000e-01 2.017390e+00 2.203134e+00 2.593120e+00 1.160967e+01 6.502359e+03 1.330606e+04 2.58077 3.933930e-01
8.690000e-01 2.017390e+00 2.204952e+00 2.595253e+00 1.161711e+01 6.523551e+03 1.329711e+04 2.58454 3.945987e-01
8.680000e-01 2.017390e+00 2.205064e+00 2.595251e+00 1.162005e+01 6.550030e+03 1.329393e+04 2.5867 3.964922e-01
8.670000e-01 2.017390e+00 2.206897e+00 2.597401e+00 1.162753e+01 6.571014e+03 1.328495e+04 2.59053 3.976896e-01
8.660000e-01 2.017390e+00 2.207013e+00 2.597404e+00 1.163050e+01 6.597384e+03 1.328176e+04 2.59272 3.995807e-01
8.650000e-01 2.017390e+00 2.208857e+00 2.599567e+00 1.163805e+01 6.618272e+03 1.327272e+04 2.59658 4.007724e-01
8.640000e-01 2.017390e+00 2.208979e+00 2.599579e+00 1.164105e+01 6.644530e+03 1.326952e+04 2.59878 4.026600e-01
8.630000e-01 2.017390e+00 2.210834e+00 2.601755e+00 1.164866e+01 6.665303e+03 1.326043e+04 2.60267 4.038449e-01
8.620000e-01 2.017390e+00 2.210959e+00 2.601771e+00 1.165168e+01 6.691407e+03 1.325724e+04 2.60488 4.057252e-01
8.610000e-01 2.017390e+00 2.212821e+00 2.603956e+00 1.165933e+01 6.711972e+03 1.324811e+04 2.6088 4.068984e-01
8.600000e-01 2.017390e+00 2.212940e+00 2.603967e+00 1.166236e+01 6.737834e+03 1.324494e+04 2.61099 4.087643e-01
8.590000e-01 2.017390e+00 2.214812e+00 2.606162e+00 1.167003e+01 6.758124e+03 1.323580e+04 2.61495 4.099236e-01
8.580000e-01 2.017390e+00 2.214927e+00 2.606168e+00 1.167306e+01 6.783769e+03 1.323264e+04 2.61711 4.117773e-01
8.570000e-01 2.017390e+00 2.216807e+00 2.608374e+00 1.168078e+01 6.803835e+03 1.322348e+04 2.62112 4.129254e-01
8.560000e-01 2.017390e+00 2.216917e+00 2.608373e+00 1.168382e+01 6.829265e+03 1.322033e+04 2.62326 4.147671e-01
8.550000e-01 2.017390e+00 2.218807e+00 2.610591e+00 1.169157e+01 6.849102e+03 1.321114e+04 2.62731 4.159039e-01
8.540000e-01 2.017390e+00 2.218913e+00 2.610586e+00 1.169463e+01 6.874343e+03 1.320800e+04 2.62944 4.177355e-01
8.530000e-01 2.017390e+00 2.220812e+00 2.612814e+00 1.170242e+01 6.893939e+03 1.319878e+04 2.63353 4.188597e-01
8.520000e-01 2.017390e+00 2.220908e+00 2.612795e+00 1.170547e+01 6.918925e+03 1.319566e+04 2.63562 4.206759e-01
8.510000e-01 2.017390e+00 2.222816e+00 2.615033e+00 1.171329e+01 6.938203e+03 1.318644e+04 2.63975 4.217843e-01
8.500000e-01 2.017390e+00 2.222902e+00 2.615001e+00 1.171635e+01 6.962988e+03 1.318333e+04 2.64182 4.235899e-01
8.490000e-01 2.017390e+00 2.224826e+00 2.617257e+00 1.172423e+01 6.982123e+03 1.317405e+04 2.64601 4.246925e-01
8.480000e-01 2.017390e+00 2.224916e+00 2.617231e+00 1.172732e+01 7.006824e+03 1.317093e+04 2.6481 4.264969e-01
8.470000e-01 2.017390e+00 2.226851e+00 2.619501e+00 1.173527e+01 7.025871e+03 1.316159e+04 2.65232 4.275940e-01
8.460000e-01 2.017390e+00 2.226947e+00 2.619482e+00 1.173839e+01 7.050477e+03 1.315846e+04 2.65443 4.293959e-01
8.450000e-01 2.017390e+00 2.228892e+00 2.621764e+00 1.174640e+01 7.069412e+03 1.314906e+04 2.65868 4.304862e-01
8.440000e-01 2.017390e+00 2.228988e+00 2.621747e+00 1.174954e+01 7.093869e+03 1.314593e+04 2.66079 4.322808e-01
8.430000e-01 2.017390e+00 2.230941e+00 2.624039e+00 1.175758e+01 7.112595e+03 1.313650e+04 2.66507 4.333594e-01
8.420000e-01 2.017390e+00 2.231029e+00 2.624013e+00 1.176073e+01 7.136836e+03 1.313339e+04 2.66715 4.351414e-01
8.410000e-01 2.017390e+00 2.232993e+00 2.626318e+00 1.176881e+01 7.155340e+03 1.312393e+04 2.67148 4.362090e-01
8.400000e-01 2.017390e+00 2.233078e+00 2.626287e+00 1.177197e+01 7.179410e+03 1.312082e+04 2.67355 4.379821e-01
8.390000e-01 2.017390e+00 2.235051e+00 2.628603e+00 1.178009e+01 7.197702e+03 1.311134e+04 2.67791 4.390385e-01
8.380000e-01 2.017390e+00 2.235129e+00 2.628565e+00 1.178325e+01 7.221586e+03 1.310824e+04 2.67996 4.408017e-01
8.370000e-01 2.017390e+00 2.237113e+00 2.630894e+00 1.179142e+01 7.239680e+03 1.309872e+04 2.68437 4.418481e-01
8.360000e-01 2.017390e+00 2.237185e+00 2.630848e+00 1.179460e+01 7.263386e+03 1.309563e+04 2.6864 4.436017e-01
8.350000e-01 2.017390e+00 2.239178e+00 2.633187e+00 1.180280e+01 7.281222e+03 1.308608e+04 2.69085 4.446345e-01
8.340000e-01 2.017390e+00 2.239237e+00 2.633123e+00 1.180597e+01 7.304694e+03 1.308301e+04 2.69283 4.463740e-01
8.330000e-01 2.017390e+00 2.241242e+00 2.635476e+00 1.181422e+01 7.322279e+03 1.307343e+04 2.69734 4.473950e-01
8.320000e-01 2.017390e+00 2.241297e+00 2.635408e+00 1.181741e+01 7.345633e+03 1.307036e+04 2.69932 4.491306e-01
8.310000e-01 2.017390e+00 2.243317e+00 2.637778e+00 1.182573e+01 7.363132e+03 1.306071e+04 2.70387 4.501473e-01
8.300000e-01 2.017390e+00 2.243376e+00 2.637716e+00 1.182895e+01 7.386410e+03 1.305762e+04 2.70588 4.518819e-01
8.290000e-01 2.017390e+00 2.245407e+00 2.640100e+00 1.183733e+01 7.403822e+03 1.304791e+04 2.71046 4.528932e-01
8.280000e-01 2.017390e+00 2.245469e+00 2.640042e+00 1.184058e+01 7.427006e+03 1.304481e+04 2.71248 4.546250e-01
8.270000e-01 2.017390e+00 2.247554e+00 2.642496e+00 1.184912e+01 7.444253e+03 1.303494e+04 2.71715 4.556186e-01
8.260000e-01 2.017390e+00 2.247582e+00 2.642396e+00 1.185232e+01 7.467300e+03 1.303191e+04 2.71911 4.573478e-01
8.250000e-01 2.017390e+00 2.249662e+00 2.644841e+00 1.186086e+01 7.484334e+03 1.302205e+04 2.7238 4.583327e-01
8.240000e-01 2.017390e+00 2.249684e+00 2.644733e+00 1.186407e+01 7.507211e+03 1.301903e+04 2.72574 4.600530e-01
8.230000e-01 2.017390e+00 2.251775e+00 2.647192e+00 1.187266e+01 7.524070e+03 1.300912e+04 2.73047 4.610288e-01
8.220000e-01 2.017390e+00 2.251789e+00 2.647075e+00 1.187587e+01 7.546785e+03 1.300610e+04 2.7324 4.627409e-01
8.210000e-01 2.017390e+00 2.253892e+00 2.649548e+00 1.188452e+01 7.563444e+03 1.299616e+04 2.73717 4.637058e-01
8.200000e-01 2.017390e+00 2.253900e+00 2.649425e+00 1.188774e+01 7.586010e+03 1.299314e+04 2.73908 4.654107e-01
8.190000e-01 2.017390e+00 2.256013e+00 2.651909e+00 1.189643e+01 7.602468e+03 1.298316e+04 2.74389 4.663647e-01
8.180000e-01 2.017390e+00 2.256010e+00 2.651770e+00 1.189965e+01 7.624835e+03 1.298015e+04 2.74577 4.680582e-01
8.170000e-01 2.017390e+00 2.258133e+00 2.654266e+00 1.190838e+01 7.641033e+03 1.297014e+04 2.75063 4.689988e-01
8.160000e-01 2.017390e+00 2.259195e+00 2.655446e+00 1.191438e+01 7.660197e+03 1.296360e+04 2.75399 4.703079e-01
8.150000e-01 2.017390e+00 2.260259e+00 2.656629e+00 1.192041e+01 7.679310e+03 1.295706e+04 2.75738 4.716169e-01
8.140000e-01 2.017390e+00 2.261326e+00 2.657816e+00 1.192646e+01 7.698382e+03 1.295048e+04 2.76078 4.729245e-01
8.130000e-01 2.017390e+00 2.262398e+00 2.659008e+00 1.193253e+01 7.717420e+03 1.294389e+04 2.76419 4.742307e-01
8.120000e-01 2.017390e+00 2.263473e+00 2.660205e+00 1.193864e+01 7.736416e+03 1.293728e+04 2.76762 4.755351e-01
8.110000e-01 2.017390e+00 2.264551e+00 2.661406e+00 1.194476e+01 7.755358e+03 1.293064e+04 2.77105 4.768369e-01
8.100000e-01 2.017390e+00 2.265631e+00 2.662609e+00 1.195090e+01 7.774228e+03 1.292400e+04 2.7745 4.781350e-01
8.090000e-01 2.017390e+00 2.266711e+00 2.663813e+00 1.195706e+01 7.792999e+03 1.291734e+04 2.77794 4.794276e-01
8.080000e-01 2.017390e+00 2.267792e+00 2.665018e+00 1.196322e+01 7.811686e+03 1.291068e+04 2.7814 4.807157e-01
8.070000e-01 2.017390e+00 2.268875e+00 2.666225e+00 1.196941e+01 7.830301e+03 1.290400e+04 2.78485 4.820002e-01
8.060000e-01 2.017390e+00 2.269958e+00 2.667433e+00 1.197561e+01 7.848837e+03 1.289732e+04 2.78832 4.832806e-01
8.050000e-01 2.017390e+00 2.271043e+00 2.668642e+00 1.198182e+01 7.867285e+03 1.289062e+04 2.79179 4.845563e-01
8.040000e-01 2.017390e+00 2.272129e+00 2.669852e+00 1.198806e+01 7.885653e+03 1.288390e+04 2.79527 4.858279e-01
8.030000e-01 2.017390e+00 2.273215e+00 2.671064e+00 1.199430e+01 7.903945e+03 1.287718e+04 2.79875 4.870956e-01
8.020000e-01 2.017390e+00 2.274302e+00 2.672275e+00 1.200056e+01 7.922130e+03 1.287045e+04 2.80224 4.883574e-01
8.010000e-01 2.017390e+00 2.275388e+00 2.673485e+00 1.200683e+01 7.940204e+03 1.286371e+04 2.80572 4.896133e-01
8.000000e-01 2.017390e+00 2.276473e+00 2.674693e+00 1.201311e+01 7.958175e+03 1.285697e+04 2.80922 4.908637e-01
7.990000e-01 2.017390e+00 2.277560e+00 2.675903e+00 1.201941e+01 7.976100e+03 1.285020e+04 2.81272 4.921123e-01
7.980000e-01 2.017390e+00 2.278650e+00 2.677118e+00 1.202575e+01 7.993993e+03 1.284341e+04 2.81623 4.933598e-01
7.970000e-01 2.017390e+00 2.279744e+00 2.678336e+00 1.203211e+01 8.011844e+03 1.283659e+04 2.81976 4.946056e-01
7.960000e-01 2.017390e+00 2.280841e+00 2.679560e+00 1.203849e+01 8.029661e+03 1.282975e+04 2.82329 4.958499e-01
7.950000e-01 2.017390e+00 2.281942e+00 2.680788e+00 1.204491e+01 8.047437e+03 1.282288e+04 2.82684 4.970925e-01
7.940000e-01 2.017390e+00 2.283045e+00 2.682018e+00 1.205134e+01 8.065151e+03 1.281599e+04 2.8304 4.983319e-01
7.930000e-01 2.017390e+00 2.284149e+00 2.683251e+00 1.205779e+01 8.082787e+03 1.280909e+04 2.83396 4.995670e-01
7.920000e-01 2.017390e+00 2.285253e+00 2.684483e+00 1.206426e+01 8.100334e+03 1.280218e+04 2.83753 5.007973e-01
7.910000e-01 2.017390e+00 2.286358e+00 2.685717e+00 1.207074e+01 8.117811e+03 1.279525e+04 2.8411 5.020240e-01
7.900000e-01 2.017390e+00 2.287465e+00 2.686953e+00 1.207724e+01 8.135222e+03 1.278831e+04 2.84468 5.032472e-01
7.890000e-01 2.017390e+00 2.288573e+00 2.688189e+00 1.208375e+01 8.152552e+03 1.278135e+04 2.84827 5.044661e-01
7.880000e-01 2.017390e+00 2.289681e+00 2.689426e+00 1.209029e+01 8.169804e+03 1.277438e+04 2.85186 5.056809e-01
7.870000e-01 2.017390e+00 2.290790e+00 2.690665e+00 1.209684e+01 8.186983e+03 1.276739e+04 2.85545 5.068919e-01
7.860000e-01 2.017390e+00 2.291899e+00 2.691903e+00 1.210340e+01 8.204070e+03 1.276039e+04 2.85905 5.080980e-01
7.850000e-01 2.017390e+00 2.293007e+00 2.693139e+00 1.210998e+01 8.221058e+03 1.275338e+04 2.86265 5.092985e-01
7.840000e-01 2.017390e+00 2.294114e+00 2.694374e+00 1.211656e+01 8.237940e+03 1.274637e+04 2.86625 5.104934e-01
7.830000e-01 2.017390e+00 2.295222e+00 2.695609e+00 1.212317e+01 8.254760e+03 1.273933e+04 2.86986 5.116853e-01
7.820000e-01 2.017390e+00 2.296333e+00 2.696847e+00 1.212981e+01 8.271552e+03 1.273226e+04 2.87348 5.128765e-01
7.810000e-01 2.017390e+00 2.297447e+00 2.698090e+00 1.213648e+01 8.288303e+03 1.272516e+04 2.87711 5.140658e-01
7.800000e-01 2.017390e+00 2.298564e+00 2.699337e+00 1.214317e+01 8.305023e+03 1.271803e+04 2.88076 5.152538e-01
7.790000e-01 2.017390e+00 2.299684e+00 2.700588e+00 1.214990e+01 8.321702e+03 1.271088e+04 2.88441 5.164401e-01
7.780000e-01 2.017390e+00 2.300807e+00 2.701842e+00 1.215664e+01 8.338324e+03 1.270370e+04 2.88807 5.176234e-01
7.770000e-01 2.017390e+00 2.301931e+00 2.703097e+00 1.216341e+01 8.354879e+03 1.269651e+04 2.89174 5.188029e-01
7.760000e-01 2.017390e+00 2.303054e+00 2.704353e+00 1.217019e+01 8.371348e+03 1.268930e+04 2.89541 5.199778e-01
7.750000e-01 2.017390e+00 2.304179e+00 2.705610e+00 1.217699e+01 8.387747e+03 1.268207e+04 2.89909 5.211490e-01
7.740000e-01 2.017390e+00 2.305305e+00 2.706869e+00 1.218381e+01 8.404090e+03 1.267482e+04 2.90277 5.223173e-01
7.730000e-01 2.017390e+00 2.306431e+00 2.708127e+00 1.219065e+01 8.420349e+03 1.266756e+04 2.90646 5.234813e-01
7.720000e-01 2.017390e+00 2.307558e+00 2.709387e+00 1.219751e+01 8.436537e+03 1.266028e+04 2.91016 5.246412e-01
7.710000e-01 2.017390e+00 2.308686e+00 2.710648e+00 1.220438e+01 8.452658e+03 1.265298e+04 2.91385 5.257977e-01
7.700000e-01 2.017390e+00 2.309813e+00 2.711907e+00 1.221128e+01 8.468682e+03 1.264566e+04 2.91756 5.269491e-01
7.690000e-01 2.017390e+00 2.310940e+00 2.713166e+00 1.221818e+01 8.484619e+03 1.263834e+04 2.92126 5.280954e-01
7.680000e-01 2.017390e+00 2.312107e+00 2.714478e+00 1.222519e+01 8.500422e+03 1.263089e+04 2.92502 5.292259e-01
7.670000e-01 2.017390e+00 2.313233e+00 2.715735e+00 1.223213e+01 8.516186e+03 1.262353e+04 2.92873 5.303632e-01
7.660000e-01 2.017390e+00 2.314362e+00 2.716997e+00 1.223910e+01 8.531936e+03 1.261614e+04 2.93246 5.315003e-01
7.650000e-01 2.017390e+00 2.315494e+00 2.718260e+00 1.224611e+01 8.547640e+03 1.260871e+04 2.93619 5.326356e-01
7.640000e-01 2.017390e+00 2.316627e+00 2.719526e+00 1.225314e+01 8.563301e+03 1.260125e+04 2.93993 5.337688e-01
7.630000e-01 2.017390e+00 2.317765e+00 2.720800e+00 1.226021e+01 8.578938e+03 1.259376e+04 2.94369 5.349009e-01
7.620000e-01 2.017390e+00 2.318904e+00 2.722073e+00 1.226729e+01 8.594508e+03 1.258625e+04 2.94745 5.360296e-01
7.610000e-01 2.017390e+00 2.320043e+00 2.723346e+00 1.227440e+01 8.610003e+03 1.257871e+04 2.95121 5.371542e-01
7.600000e-01 2.017390e+00 2.321183e+00 2.724623e+00 1.228153e+01 8.625435e+03 1.257117e+04 2.95498 5.382750e-01
7.590000e-01 2.017390e+00 2.322323e+00 2.725899e+00 1.228867e+01 8.640792e+03 1.256359e+04 2.95875 5.393920e-01
7.580000e-01 2.017390e+00 2.323463e+00 2.727174e+00 1.229585e+01 8.656087e+03 1.255600e+04 2.96253 5.405058e-01
7.570000e-01 2.017390e+00 2.324605e+00 2.728453e+00 1.230303e+01 8.671317e+03 1.254838e+04 2.96632 5.416159e-01
7.560000e-01 2.017390e+00 2.325747e+00 2.729731e+00 1.231024e+01 8.686465e+03 1.254075e+04 2.9701 5.427218e-01
7.550000e-01 2.017390e+00 2.326888e+00 2.731008e+00 1.231747e+01 8.701545e+03 1.253309e+04 2.9739 5.438240e-01
7.540000e-01 2.017390e+00 2.328029e+00 2.732284e+00 1.232472e+01 8.716537e+03 1.252542e+04 2.97769 5.449212e-01
7.530000e-01 2.017390e+00 2.329169e+00 2.733559e+00 1.233198e+01 8.731434e+03 1.251773e+04 2.98148 5.460133e-01
7.520000e-01 2.017390e+00 2.330307e+00 2.734831e+00 1.233925e+01 8.746242e+03 1.251003e+04 2.98528 5.471004e-01
7.510000e-01 2.017390e+00 2.331445e+00 2.736104e+00 1.234655e+01 8.760996e+03 1.250230e+04 2.98908 5.481853e-01
7.500000e-01 2.017390e+00 2.332587e+00 2.737380e+00 1.235389e+01 8.775724e+03 1.249453e+04 2.99289 5.492692e-01
7.490000e-01 2.017390e+00 2.333732e+00 2.738662e+00 1.236126e+01 8.790411e+03 1.248673e+04 2.99672 5.503513e-01
7.480000e-01 2.017390e+00 2.334879e+00 2.739946e+00 1.236867e+01 8.805056e+03 1.247890e+04 3.00055 5.514314e-01
7.470000e-01 2.017390e+00 2.336027e+00 2.741232e+00 1.237610e+01 8.819660e+03 1.247103e+04 3.00439 5.525094e-01
7.460000e-01 2.017390e+00 2.337177e+00 2.742520e+00 1.238356e+01 8.834198e+03 1.246313e+04 3.00824 5.535837e-01
7.450000e-01 2.017390e+00 2.338328e+00 2.743810e+00 1.239104e+01 8.848665e+03 1.245522e+04 3.01209 5.546543e-01
7.440000e-01 2.017390e+00 2.339477e+00 2.745098e+00 1.239854e+01 8.863057e+03 1.244729e+04 3.01595 5.557207e-01
7.430000e-01 2.017390e+00 2.340628e+00 2.746387e+00 1.240607e+01 8.877389e+03 1.243933e+04 3.0198 5.567840e-01
7.420000e-01 2.017390e+00 2.341779e+00 2.747679e+00 1.241362e+01 8.891658e+03 1.243135e+04 3.02367 5.578440e-01
7.410000e-01 2.017390e+00 2.342930e+00 2.748970e+00 1.242120e+01 8.905851e+03 1.242335e+04 3.02754 5.588999e-01
7.400000e-01 2.017390e+00 2.344081e+00 2.750260e+00 1.242879e+01 8.919969e+03 1.241532e+04 3.03141 5.599518e-01
7.390000e-01 2.017390e+00 2.345231e+00 2.751551e+00 1.243641e+01 8.934015e+03 1.240728e+04 3.03529 5.609998e-01
7.380000e-01 2.017390e+00 2.346380e+00 2.752838e+00 1.244404e+01 8.947963e+03 1.239922e+04 3.03916 5.620423e-01
7.370000e-01 2.017390e+00 2.347527e+00 2.754125e+00 1.245169e+01 8.961819e+03 1.239114e+04 3.04304 5.630800e-01
7.360000e-01 2.017390e+00 2.348674e+00 2.755409e+00 1.245936e+01 8.975605e+03 1.238305e+04 3.04692 5.641139e-01
7.350000e-01 2.017390e+00 2.349822e+00 2.756696e+00 1.246707e+01 8.989356e+03 1.237491e+04 3.05081 5.651467e-01
7.340000e-01 2.017390e+00 2.350973e+00 2.757987e+00 1.247482e+01 9.003071e+03 1.236674e+04 3.05471 5.661778e-01
7.330000e-01 2.017390e+00 2.352126e+00 2.759280e+00 1.248260e+01 9.016738e+03 1.235853e+04 3.05862 5.672067e-01
7.320000e-01 2.017390e+00 2.353281e+00 2.760578e+00 1.249042e+01 9.030365e+03 1.235028e+04 3.06254 5.682338e-01
7.310000e-01 2.017390e+00 2.354437e+00 2.761876e+00 1.249826e+01 9.043935e+03 1.234201e+04 3.06647 5.692576e-01
7.300000e-01 2.017390e+00 2.355592e+00 2.763174e+00 1.250613e+01 9.057431e+03 1.233371e+04 3.07039 5.702772e-01
7.290000e-01 2.017390e+00 2.356787e+00 2.764525e+00 1.251412e+01 9.070824e+03 1.232527e+04 3.07438 5.712819e-01
7.280000e-01 2.017390e+00 2.357944e+00 2.765826e+00 1.252205e+01 9.084187e+03 1.231692e+04 3.07831 5.722940e-01
7.270000e-01 2.017390e+00 2.359100e+00 2.767126e+00 1.252999e+01 9.097490e+03 1.230854e+04 3.08225 5.733032e-01
7.260000e-01 2.017390e+00 2.360255e+00 2.768425e+00 1.253797e+01 9.110719e+03 1.230013e+04 3.08619 5.743082e-01
7.250000e-01 2.017390e+00 2.361409e+00 2.769722e+00 1.254596e+01 9.123871e+03 1.229170e+04 3.09013 5.753089e-01
7.240000e-01 2.017390e+00 2.362563e+00 2.771020e+00 1.255398e+01 9.136958e+03 1.228324e+04 3.09408 5.763060e-01
7.230000e-01 2.017390e+00 2.363715e+00 2.772315e+00 1.256202e+01 9.149952e+03 1.227477e+04 3.09802 5.772979e-01
7.220000e-01 2.017390e+00 2.364864e+00 2.773606e+00 1.257008e+01 9.162852e+03 1.226627e+04 3.10196 5.782844e-01
7.210000e-01 2.017390e+00 2.366012e+00 2.774894e+00 1.257815e+01 9.175678e+03 1.225775e+04 3.1059 5.792667e-01
7.200000e-01 2.017390e+00 2.367160e+00 2.776184e+00 1.258627e+01 9.188467e+03 1.224918e+04 3.10984 5.802475e-01
7.190000e-01 2.017390e+00 2.368311e+00 2.777477e+00 1.259443e+01 9.201219e+03 1.224057e+04 3.1138 5.812266e-01
7.180000e-01 2.017390e+00 2.369463e+00 2.778772e+00 1.260262e+01 9.213923e+03 1.223192e+04 3.11776 5.822030e-01
7.170000e-01 2.017390e+00 2.370615e+00 2.780068e+00 1.261085e+01 9.226586e+03 1.222322e+04 3.12172 5.831772e-01
7.160000e-01 2.017390e+00 2.371768e+00 2.781365e+00 1.261912e+01 9.239193e+03 1.221449e+04 3.12569 5.841480e-01
7.150000e-01 2.017390e+00 2.372921e+00 2.782661e+00 1.262741e+01 9.251728e+03 1.220573e+04 3.12966 5.851146e-01
7.140000e-01 2.017390e+00 2.374072e+00 2.783957e+00 1.263572e+01 9.264194e+03 1.219694e+04 3.13363 5.860772e-01
7.130000e-01 2.017390e+00 2.375222e+00 2.785251e+00 1.264406e+01 9.276599e+03 1.218812e+04 3.1376 5.870362e-01
7.120000e-01 2.017390e+00 2.376372e+00 2.786545e+00 1.265244e+01 9.288943e+03 1.217925e+04 3.14157 5.879916e-01
7.110000e-01 2.017390e+00 2.377520e+00 2.787837e+00 1.266084e+01 9.301215e+03 1.217036e+04 3.14554 5.889428e-01
7.100000e-01 2.017390e+00 2.378667e+00 2.789128e+00 1.266926e+01 9.313413e+03 1.216144e+04 3.1495 5.898896e-01
7.090000e-01 2.017390e+00 2.379813e+00 2.790417e+00 1.267771e+01 9.325544e+03 1.215248e+04 3.15347 5.908324e-01
7.080000e-01 2.017390e+00 2.380955e+00 2.791702e+00 1.268618e+01 9.337579e+03 1.214351e+04 3.15743 5.917696e-01
7.070000e-01 2.017390e+00 2.382095e+00 2.792982e+00 1.269467e+01 9.349524e+03 1.213451e+04 3.16138 5.927015e-01
7.060000e-01 2.017390e+00 2.383232e+00 2.794260e+00 1.270318e+01 9.361400e+03 1.212547e+04 3.16534 5.936294e-01
7.050000e-01 2.017390e+00 2.384369e+00 2.795538e+00 1.271174e+01 9.373237e+03 1.211639e+04 3.16929 5.945554e-01
7.040000e-01 2.017390e+00 2.385508e+00 2.796818e+00 1.272034e+01 9.385032e+03 1.210725e+04 3.17326 5.954792e-01
7.030000e-01 2.017390e+00 2.386647e+00 2.798099e+00 1.272898e+01 9.396780e+03 1.209807e+04 3.17722 5.964002e-01
7.020000e-01 2.017390e+00 2.387787e+00 2.799381e+00 1.273766e+01 9.408481e+03 1.208885e+04 3.18119 5.973185e-01
7.010000e-01 2.017390e+00 2.388925e+00 2.800662e+00 1.274638e+01 9.420118e+03 1.207958e+04 3.18516 5.982328e-01
7.000000e-01 2.017390e+00 2.390062e+00 2.801942e+00 1.275512e+01 9.431684e+03 1.207028e+04 3.18913 5.991428e-01
6.990000e-01 2.017390e+00 2.391198e+00 2.803221e+00 1.276389e+01 9.443183e+03 1.206095e+04 3.19309 6.000487e-01
6.980000e-01 2.017390e+00 2.392332e+00 2.804497e+00 1.277269e+01 9.454615e+03 1.205157e+04 3.19706 6.009509e-01
6.970000e-01 2.017390e+00 2.393503e+00 2.805824e+00 1.278163e+01 9.465953e+03 1.204206e+04 3.20108 6.018381e-01
6.960000e-01 2.017390e+00 2.394635e+00 2.807101e+00 1.279049e+01 9.477248e+03 1.203261e+04 3.20504 6.027316e-01
6.950000e-01 2.017390e+00 2.395764e+00 2.808373e+00 1.279939e+01 9.488465e+03 1.202313e+04 3.209 6.036211e-01
6.940000e-01 2.017390e+00 2.396891e+00 2.809642e+00 1.280831e+01 9.499609e+03 1.201362e+04 3.21295 6.045060e-01
6.930000e-01 2.017390e+00 2.398015e+00 2.810907e+00 1.281726e+01 9.510654e+03 1.200409e+04 3.2169 6.053853e-01
6.920000e-01 2.017390e+00 2.399134e+00 2.812167e+00 1.282622e+01 9.521609e+03 1.199454e+04 3.22085 6.062595e-01
6.910000e-01 2.017390e+00 2.400253e+00 2.813426e+00 1.283522e+01 9.532508e+03 1.198494e+04 3.22479 6.071306e-01
6.900000e-01 2.017390e+00 2.401371e+00 2.814684e+00 1.284428e+01 9.543365e+03 1.197529e+04 3.22874 6.079994e-01
6.890000e-01 2.017390e+00 2.402489e+00 2.815944e+00 1.285338e+01 9.554170e+03 1.196558e+04 3.23269 6.088652e-01
6.880000e-01 2.017390e+00 2.403607e+00 2.817204e+00 1.286252e+01 9.564928e+03 1.195582e+04 3.23664 6.097281e-01
6.870000e-01 2.017390e+00 2.404724e+00 2.818463e+00 1.287170e+01 9.575631e+03 1.194602e+04 3.24059 6.105875e-01
6.860000e-01 2.017390e+00 2.405838e+00 2.819718e+00 1.288092e+01 9.586259e+03 1.193617e+04 3.24453 6.114421e-01
6.850000e-01 2.017390e+00 2.406950e+00 2.820973e+00 1.289016e+01 9.596821e+03 1.192628e+04 3.24847 6.122922e-01
6.840000e-01 2.017390e+00 2.408060e+00 2.822224e+00 1.289944e+01 9.607314e+03 1.191635e+04 3.2524 6.131382e-01
6.830000e-01 2.017390e+00 2.409167e+00 2.823473e+00 1.290876e+01 9.617743e+03 1.190637e+04 3.25632 6.139801e-01
6.820000e-01 2.017390e+00 2.410272e+00 2.824719e+00 1.291811e+01 9.628103e+03 1.189636e+04 3.26024 6.148176e-01
6.810000e-01 2.017390e+00 2.411372e+00 2.825960e+00 1.292749e+01 9.638383e+03 1.188630e+04 3.26416 6.156498e-01
6.800000e-01 2.017390e+00 2.412471e+00 2.827199e+00 1.293691e+01 9.648592e+03 1.187620e+04 3.26806 6.164778e-01
6.790000e-01 2.017390e+00 2.413565e+00 2.828432e+00 1.294635e+01 9.658709e+03 1.186607e+04 3.27196 6.172998e-01
6.780000e-01 2.017390e+00 2.414653e+00 2.829658e+00 1.295581e+01 9.668731e+03 1.185591e+04 3.27584 6.181159e-01
6.770000e-01 2.017390e+00 2.415738e+00 2.830878e+00 1.296530e+01 9.678678e+03 1.184571e+04 3.27971 6.189274e-01
6.760000e-01 2.017390e+00 2.416822e+00 2.832099e+00 1.297484e+01 9.688584e+03 1.183545e+04 3.28359 6.197365e-01
6.750000e-01 2.017390e+00 2.417904e+00 2.833319e+00 1.298444e+01 9.698439e+03 1.182513e+04 3.28746 6.205424e-01
6.740000e-01 2.017390e+00 2.418985e+00 2.834537e+00 1.299408e+01 9.708237e+03 1.181474e+04 3.29133 6.213444e-01
6.730000e-01 2.017390e+00 2.420063e+00 2.835753e+00 1.300377e+01 9.717981e+03 1.180430e+04 3.29519 6.221427e-01
6.720000e-01 2.017390e+00 2.421174e+00 2.837013e+00 1.301359e+01 9.727620e+03 1.179371e+04 3.29909 6.229250e-01
6.710000e-01 2.017390e+00 2.422248e+00 2.838226e+00 1.302336e+01 9.737218e+03 1.178318e+04 3.30294 6.237133e-01
6.700000e-01 2.017390e+00 2.423317e+00 2.839432e+00 1.303316e+01 9.746747e+03 1.177260e+04 3.30677 6.244972e-01
6.690000e-01 2.017390e+00 2.424383e+00 2.840635e+00 1.304300e+01 9.756210e+03 1.176196e+04 3.3106 6.252768e-01
6.680000e-01 2.017390e+00 2.425445e+00 2.841833e+00 1.305288e+01 9.765601e+03 1.175128e+04 3.31441 6.260515e-01
6.670000e-01 2.017390e+00 2.426503e+00 2.843028e+00 1.306279e+01 9.774914e+03 1.174056e+04 3.31822 6.268211e-01
6.660000e-01 2.017390e+00 2.427557e+00 2.844217e+00 1.307274e+01 9.784148e+03 1.172979e+04 3.32202 6.275857e-01
6.650000e-01 2.017390e+00 2.428606e+00 2.845400e+00 1.308273e+01 9.793294e+03 1.171899e+04 3.3258 6.283445e-01
6.640000e-01 2.017390e+00 2.429649e+00 2.846575e+00 1.309273e+01 9.802339e+03 1.170815e+04 3.32956 6.290968e-01
6.630000e-01 2.017390e+00 2.430686e+00 2.847745e+00 1.310277e+01 9.811303e+03 1.169728e+04 3.33332 6.298442e-01
6.620000e-01 2.017390e+00 2.431722e+00 2.848913e+00 1.311286e+01 9.820218e+03 1.168634e+04 3.33707 6.305889e-01
6.610000e-01 2.017390e+00 2.432756e+00 2.850079e+00 1.312302e+01 9.829075e+03 1.167533e+04 3.34082 6.313300e-01
6.600000e-01 2.017390e+00 2.433787e+00 2.851243e+00 1.313322e+01 9.837869e+03 1.166427e+04 3.34457 6.320669e-01
6.590000e-01 2.017390e+00 2.434815e+00 2.852405e+00 1.314348e+01 9.846605e+03 1.165314e+04 3.3483 6.327997e-01
6.580000e-01 2.017390e+00 2.435840e+00 2.853563e+00 1.315379e+01 9.855268e+03 1.164196e+04 3.35203 6.335277e-01
6.570000e-01 2.017390e+00 2.436860e+00 2.854715e+00 1.316413e+01 9.863851e+03 1.163073e+04 3.35574 6.342504e-01
6.560000e-01 2.017390e+00 2.437875e+00 2.855863e+00 1.317451e+01 9.872361e+03 1.161946e+04 3.35944 6.349680e-01
6.550000e-01 2.017390e+00 2.438886e+00 2.857007e+00 1.318495e+01 9.880802e+03 1.160812e+04 3.36312 6.356810e-01
6.540000e-01 2.017390e+00 2.439892e+00 2.858145e+00 1.319542e+01 9.889167e+03 1.159673e+04 3.36679 6.363886e-01
6.530000e-01 2.017390e+00 2.440893e+00 2.859276e+00 1.320594e+01 9.897449e+03 1.158529e+04 3.37045 6.370905e-01
6.520000e-01 2.017390e+00 2.441920e+00 2.860446e+00 1.321658e+01 9.905615e+03 1.157370e+04 3.37413 6.377756e-01
6.510000e-01 2.017390e+00 2.442909e+00 2.861564e+00 1.322717e+01 9.913722e+03 1.156216e+04 3.37775 6.384648e-01
6.500000e-01 2.017390e+00 2.443890e+00 2.862671e+00 1.323778e+01 9.921733e+03 1.155059e+04 3.38135 6.391476e-01
6.490000e-01 2.017390e+00 2.444863e+00 2.863769e+00 1.324844e+01 9.929663e+03 1.153896e+04 3.38492 6.398248e-01
6.480000e-01 2.017390e+00 2.445833e+00 2.864863e+00 1.325915e+01 9.937541e+03 1.152726e+04 3.38848 6.404981e-01
6.470000e-01 2.017390e+00 2.446798e+00 2.865953e+00 1.326993e+01 9.945359e+03 1.151547e+04 3.39203 6.411669e-01
6.460000e-01 2.017390e+00 2.447758e+00 2.867038e+00 1.328077e+01 9.953107e+03 1.150362e+04 3.39556 6.418307e-01
6.450000e-01 2.017390e+00 2.448714e+00 2.868118e+00 1.329166e+01 9.960793e+03 1.149170e+04 3.39908 6.424895e-01
6.440000e-01 2.017390e+00 2.449665e+00 2.869194e+00 1.330259e+01 9.968400e+03 1.147972e+04 3.40258 6.431429e-01
6.430000e-01 2.017390e+00 2.450609e+00 2.870262e+00 1.331358e+01 9.975923e+03 1.146769e+04 3.40606 6.437904e-01
6.420000e-01 2.017390e+00 2.451548e+00 2.871325e+00 1.332461e+01 9.983372e+03 1.145559e+04 3.40953 6.444326e-01
6.410000e-01 2.017390e+00 2.452481e+00 2.872380e+00 1.333570e+01 9.990745e+03 1.144344e+04 3.41297 6.450692e-01
6.400000e-01 2.017390e+00 2.453408e+00 2.873429e+00 1.334683e+01 9.998037e+03 1.143122e+04 3.4164 6.457001e-01
6.390000e-01 2.017390e+00 2.454327e+00 2.874470e+00 1.335800e+01 1.000524e+04 1.141895e+04 3.4198 6.463245e-01
6.380000e-01 2.017390e+00 2.455239e+00 2.875503e+00 1.336923e+01 1.001236e+04 1.140662e+04 3.42318 6.469431e-01
6.370000e-01 2.017390e+00 2.456143e+00 2.876524e+00 1.338048e+01 1.001938e+04 1.139426e+04 3.42653 6.475540e-01
6.360000e-01 2.017390e+00 2.457037e+00 2.877534e+00 1.339176e+01 1.002630e+04 1.138184e+04 3.42986 6.481580e-01
6.350000e-01 2.017390e+00 2.457923e+00 2.878535e+00 1.340310e+01 1.003315e+04 1.136936e+04 3.43316 6.487564e-01
6.340000e-01 2.017390e+00 2.458834e+00 2.879570e+00 1.341460e+01 1.003990e+04 1.135667e+04 3.43647 6.493383e-01
6.330000e-01 2.017390e+00 2.459708e+00 2.880559e+00 1.342608e+01 1.004662e+04 1.134400e+04 3.43972 6.499251e-01
6.320000e-01 2.017390e+00 2.460575e+00 2.881539e+00 1.343762e+01 1.005326e+04 1.133125e+04 3.44295 6.505064e-01
6.310000e-01 2.017390e+00 2.461435e+00 2.882510e+00 1.344922e+01 1.005984e+04 1.131843e+04 3.44615 6.510815e-01
6.300000e-01 2.017390e+00 2.462286e+00 2.883473e+00 1.346087e+01 1.006633e+04 1.130553e+04 3.44932 6.516499e-01
6.290000e-01 2.017390e+00 2.463129e+00 2.884427e+00 1.347257e+01 1.007273e+04 1.129258e+04 3.45246 6.522116e-01
6.280000e-01 2.017390e+00 2.463964e+00 2.885372e+00 1.348433e+01 1.007906e+04 1.127955e+04 3.45557 6.527673e-01
6.270000e-01 2.017390e+00 2.464792e+00 2.886308e+00 1.349614e+01 1.008530e+04 1.126645e+04 3.45866 6.533164e-01
6.260000e-01 2.017390e+00 2.465610e+00 2.887234e+00 1.350801e+01 1.009146e+04 1.125329e+04 3.46172 6.538587e-01
6.250000e-01 2.017390e+00 2.466421e+00 2.888152e+00 1.351993e+01 1.009753e+04 1.124006e+04 3.46475 6.543945e-01
6.240000e-01 2.017390e+00 2.467222e+00 2.889058e+00 1.353189e+01 1.010349e+04 1.122679e+04 3.46775 6.549230e-01
6.230000e-01 2.017390e+00 2.468014e+00 2.889953e+00 1.354389e+01 1.010935e+04 1.121347e+04 3.47073 6.554440e-01
6.220000e-01 2.017390e+00 2.468795e+00 2.890835e+00 1.355593e+01 1.011512e+04 1.120010e+04 3.47367 6.559582e-01
6.210000e-01 2.017390e+00 2.469568e+00 2.891708e+00 1.356806e+01 1.012081e+04 1.118663e+04 3.47658 6.564669e-01
6.200000e-01 2.017390e+00 2.470362e+00 2.892613e+00 1.358036e+01 1.012640e+04 1.117296e+04 3.4795 6.569583e-01
6.190000e-01 2.017390e+00 2.471121e+00 2.893471e+00 1.359264e+01 1.013194e+04 1.115930e+04 3.48236 6.574536e-01
6.180000e-01 2.017390e+00 2.471870e+00 2.894320e+00 1.360498e+01 1.013740e+04 1.114557e+04 3.48518 6.579430e-01
6.170000e-01 2.017390e+00 2.472610e+00 2.895158e+00 1.361739e+01 1.014278e+04 1.113176e+04 3.48797 6.584251e-01
6.160000e-01 2.017390e+00 2.473339e+00 2.895985e+00 1.362985e+01 1.014807e+04 1.111788e+04 3.49073 6.588999e-01
6.150000e-01 2.017390e+00 2.474059e+00 2.896801e+00 1.364238e+01 1.015327e+04 1.110392e+04 3.49345 6.593678e-01
6.140000e-01 2.017390e+00 2.474771e+00 2.897608e+00 1.365498e+01 1.015838e+04 1.108989e+04 3.49615 6.598290e-01
6.130000e-01 2.017390e+00 2.475472e+00 2.898404e+00 1.366764e+01 1.016340e+04 1.107579e+04 3.4988 6.602825e-01
6.120000e-01 2.017390e+00 2.476161e+00 2.899185e+00 1.368035e+01 1.016833e+04 1.106161e+04 3.50141 6.607281e-01
6.110000e-01 2.017390e+00 2.476838e+00 2.899953e+00 1.369312e+01 1.017316e+04 1.104736e+04 3.50398 6.611653e-01
6.100000e-01 2.017390e+00 2.477502e+00 2.900704e+00 1.370592e+01 1.017788e+04 1.103306e+04 3.50651 6.615937e-01
6.090000e-01 2.017390e+00 2.478155e+00 2.901441e+00 1.371877e+01 1.018250e+04 1.101870e+04 3.50899 6.620140e-01
6.080000e-01 2.017390e+00 2.478795e+00 2.902165e+00 1.373171e+01 1.018704e+04 1.100423e+04 3.51143 6.624275e-01
6.070000e-01 2.017390e+00 2.479452e+00 2.902913e+00 1.374483e+01 1.019146e+04 1.098955e+04 3.51386 6.628219e-01
6.060000e-01 2.017390e+00 2.480071e+00 2.903613e+00 1.375794e+01 1.019583e+04 1.097487e+04 3.51621 6.632188e-01
6.050000e-01 2.017390e+00 2.480678e+00 2.904300e+00 1.377112e+01 1.020013e+04 1.096009e+04 3.51852 6.636083e-01
6.040000e-01 2.017390e+00 2.481272e+00 2.904972e+00 1.378438e+01 1.020432e+04 1.094522e+04 3.52077 6.639890e-01
6.030000e-01 2.017390e+00 2.481853e+00 2.905629e+00 1.379770e+01 1.020842e+04 1.093027e+04 3.52298 6.643610e-01
6.020000e-01 2.017390e+00 2.482422e+00 2.906274e+00 1.381109e+01 1.021244e+04 1.091523e+04 3.52514 6.647251e-01
6.010000e-01 2.017390e+00 2.482980e+00 2.906905e+00 1.382456e+01 1.021635e+04 1.090010e+04 3.52726 6.650811e-01
6.000000e-01 2.017390e+00 2.483526e+00 2.907524e+00 1.383811e+01 1.022017e+04 1.088490e+04 3.52934 6.654291e-01
5.990000e-01 2.017390e+00 2.484061e+00 2.908130e+00 1.385172e+01 1.022388e+04 1.086963e+04 3.53139 6.657695e-01
5.980000e-01 2.017390e+00 2.484584e+00 2.908723e+00 1.386539e+01 1.022749e+04 1.085429e+04 3.53339 6.661016e-01
5.970000e-01 2.017390e+00 2.485092e+00 2.909299e+00 1.387910e+01 1.023099e+04 1.083891e+04 3.53534 6.664245e-01
5.960000e-01 2.017390e+00 2.485588e+00 2.909859e+00 1.389288e+01 1.023438e+04 1.082346e+04 3.53725 6.667392e-01
5.950000e-01 2.017390e+00 2.486099e+00 2.910442e+00 1.390685e+01 1.023764e+04 1.080780e+04 3.53915 6.670360e-01
5.940000e-01 2.017390e+00 2.486572e+00 2.910979e+00 1.392082e+01 1.024085e+04 1.079213e+04 3.54098 6.673352e-01
5.930000e-01 2.017390e+00 2.487029e+00 2.911496e+00 1.393489e+01 1.024396e+04 1.077635e+04 3.54274 6.676250e-01
5.920000e-01 2.017390e+00 2.484458e+00 2.908617e+00 1.393904e+01 1.025580e+04 1.077253e+04 3.53966 6.691980e-01
5.910000e-01 2.017390e+00 2.487911e+00 2.912500e+00 1.396331e+01 1.024991e+04 1.074446e+04 3.54612 6.681755e-01
5.900000e-01 2.017390e+00 2.485263e+00 2.909533e+00 1.396743e+01 1.026166e+04 1.074062e+04 3.54285 6.697491e-01
5.890000e-01 2.017390e+00 2.488722e+00 2.913419e+00 1.399202e+01 1.025545e+04 1.071221e+04 3.54924 6.686889e-01
5.880000e-01 2.017390e+00 2.486006e+00 2.910378e+00 1.399613e+01 1.026712e+04 1.070834e+04 3.5458 6.702633e-01
5.870000e-01 2.017390e+00 2.489472e+00 2.914269e+00 1.402106e+01 1.026060e+04 1.067956e+04 3.55211 6.691633e-01
5.860000e-01 2.017390e+00 2.486673e+00 2.911132e+00 1.402515e+01 1.027218e+04 1.067567e+04 3.54846 6.707371e-01
5.850000e-01 2.017390e+00 2.490155e+00 2.915040e+00 1.405040e+01 1.026531e+04 1.064655e+04 3.55473 6.695959e-01
5.840000e-01 2.017390e+00 2.487281e+00 2.911815e+00 1.405445e+01 1.027678e+04 1.064265e+04 3.55088 6.711666e-01
5.830000e-01 2.017390e+00 2.490779e+00 2.915741e+00 1.407998e+01 1.026957e+04 1.061330e+04 3.55713 6.699912e-01
5.820000e-01 2.017390e+00 2.487842e+00 2.912448e+00 1.408405e+01 1.028096e+04 1.060936e+04 3.55314 6.715652e-01
5.810000e-01 2.017390e+00 2.491378e+00 2.916424e+00 1.411009e+01 1.027338e+04 1.057953e+04 3.55939 6.703436e-01
5.800000e-01 2.017390e+00 2.488371e+00 2.913054e+00 1.411415e+01 1.028471e+04 1.057559e+04 3.55526 6.719238e-01
5.790000e-01 2.017390e+00 2.491895e+00 2.917011e+00 1.414054e+01 1.027683e+04 1.054542e+04 3.56141 6.706702e-01
5.780000e-01 2.017390e+00 2.488825e+00 2.913573e+00 1.414460e+01 1.028808e+04 1.054145e+04 3.55712 6.722516e-01
5.770000e-01 2.017390e+00 2.492349e+00 2.917529e+00 1.417135e+01 1.027985e+04 1.051094e+04 3.56319 6.709572e-01
5.760000e-01 2.017390e+00 2.489200e+00 2.914003e+00 1.417540e+01 1.029102e+04 1.050694e+04 3.5587 6.725393e-01
5.750000e-01 2.017390e+00 2.492734e+00 2.917967e+00 1.420255e+01 1.028244e+04 1.047602e+04 3.56468 6.712012e-01
5.740000e-01 2.017390e+00 2.489500e+00 2.914344e+00 1.420658e+01 1.029352e+04 1.047198e+04 3.55998 6.727824e-01
5.730000e-01 2.017390e+00 2.493064e+00 2.918344e+00 1.423420e+01 1.028453e+04 1.044059e+04 3.56589 6.713870e-01
5.720000e-01 2.017390e+00 2.489738e+00 2.914612e+00 1.423817e+01 1.029552e+04 1.043656e+04 3.56096 6.729689e-01
5.710000e-01 2.017390e+00 2.493300e+00 2.918605e+00 1.426604e+01 1.028619e+04 1.040496e+04 3.5668 6.715388e-01
5.700000e-01 2.017390e+00 2.489894e+00 2.914782e+00 1.427000e+01 1.029710e+04 1.040091e+04 3.56167 6.731213e-01
5.690000e-01 2.017390e+00 2.493475e+00 2.918800e+00 1.429833e+01 1.028742e+04 1.036893e+04 3.56748 6.716538e-01
5.680000e-01 2.017390e+00 2.490010e+00 2.914915e+00 1.430232e+01 1.029825e+04 1.036484e+04 3.56223 6.732402e-01
5.670000e-01 2.017390e+00 2.493592e+00 2.918933e+00 1.433111e+01 1.028820e+04 1.033246e+04 3.56796 6.717323e-01
5.660000e-01 2.017390e+00 2.490067e+00 2.914985e+00 1.433512e+01 1.029896e+04 1.032834e+04 3.56257 6.733210e-01
5.650000e-01 2.017390e+00 2.493646e+00 2.918997e+00 1.436433e+01 1.028854e+04 1.029559e+04 3.56821 6.717708e-01
5.640000e-01 2.017390e+00 2.490038e+00 2.914957e+00 1.436833e+01 1.029921e+04 1.029144e+04 3.56261 6.733595e-01
5.646406e-01 2.017390e+00 2.494219e+00 2.919654e+00 1.437235e+01 1.028693e+04 1.028668e+04 3.56909 6.715233e-01
