1.000000e+00 2.148490e+00 2.104244e+00 2.490675e+00 1.089448e+01 0.000000e+00 1.469612e+04 0 0.000000e+00
9.990000e-01 2.148490e+00 2.105598e+00 2.491828e+00 1.090216e+01 5.845540e+02 1.461297e+04 2.22877 3.343691e-02
9.980000e-01 2.148490e+00 2.105787e+00 2.491910e+00 1.090425e+01 8.385871e+02 1.458117e+04 2.31254 4.976170e-02
9.970000e-01 2.148490e+00 2.107133e+00 2.493521e+00 1.090964e+01 1.024505e+03 1.455516e+04 2.23499 5.868037e-02
9.960000e-01 2.148490e+00 2.107389e+00 2.493707e+00 1.091185e+01 1.190583e+03 1.453475e+04 2.27206 6.930697e-02
9.950000e-01 2.148490e+00 2.108695e+00 2.495269e+00 1.091713e+01 1.327840e+03 1.451472e+04 2.23963 7.609951e-02
9.940000e-01 2.148490e+00 2.108983e+00 2.495507e+00 1.091940e+01 1.460458e+03 1.449865e+04 2.26393 8.458487e-02
9.930000e-01 2.148490e+00 2.110271e+00 2.497045e+00 1.092463e+01 1.573578e+03 1.448156e+04 2.2442 9.023188e-02
9.920000e-01 2.148490e+00 2.110546e+00 2.497266e+00 1.092690e+01 1.686510e+03 1.446804e+04 2.26198 9.744834e-02
9.910000e-01 2.148490e+00 2.111830e+00 2.498791e+00 1.093215e+01 1.783748e+03 1.445281e+04 2.2487 1.023373e-01
9.900000e-01 2.148490e+00 2.112075e+00 2.498966e+00 1.093440e+01 1.883568e+03 1.444098e+04 2.26265 1.087096e-01
9.890000e-01 2.148490e+00 2.113374e+00 2.500500e+00 1.093971e+01 1.970438e+03 1.442691e+04 2.25318 1.131079e-01
9.880000e-01 2.148490e+00 2.113612e+00 2.500662e+00 1.094198e+01 2.061273e+03 1.441624e+04 2.26493 1.189125e-01
9.870000e-01 2.148490e+00 2.114916e+00 2.502196e+00 1.094732e+01 2.140525e+03 1.440302e+04 2.25765 1.229359e-01
9.860000e-01 2.148490e+00 2.115144e+00 2.502341e+00 1.094959e+01 2.224336e+03 1.439324e+04 2.26779 1.282955e-01
9.850000e-01 2.148490e+00 2.116459e+00 2.503886e+00 1.095498e+01 2.297928e+03 1.438064e+04 2.26213 1.320451e-01
9.840000e-01 2.148490e+00 2.116690e+00 2.504034e+00 1.095727e+01 2.376337e+03 1.437156e+04 2.27118 1.370670e-01
9.830000e-01 2.148490e+00 2.118006e+00 2.505578e+00 1.096267e+01 2.445088e+03 1.435950e+04 2.26662 1.405741e-01
9.820000e-01 2.148490e+00 2.118217e+00 2.505696e+00 1.096495e+01 2.518492e+03 1.435104e+04 2.27457 1.452731e-01
9.810000e-01 2.148490e+00 2.119536e+00 2.507236e+00 1.097037e+01 2.582416e+03 1.433949e+04 2.27107 1.485465e-01
9.800000e-01 2.148490e+00 2.119718e+00 2.507309e+00 1.097263e+01 2.651649e+03 1.433156e+04 2.27815 1.529778e-01
9.790000e-01 2.148490e+00 2.121058e+00 2.508868e+00 1.097813e+01 2.712473e+03 1.432029e+04 2.27553 1.561098e-01
9.780000e-01 2.148490e+00 2.121255e+00 2.508960e+00 1.098043e+01 2.779045e+03 1.431270e+04 2.28228 1.603859e-01
9.770000e-01 2.148490e+00 2.122603e+00 2.510531e+00 1.098597e+01 2.837764e+03 1.430165e+04 2.28004 1.634059e-01
9.760000e-01 2.148490e+00 2.122823e+00 2.510654e+00 1.098831e+01 2.901898e+03 1.429437e+04 2.28649 1.675374e-01
9.750000e-01 2.148490e+00 2.124175e+00 2.512234e+00 1.099387e+01 2.958730e+03 1.428352e+04 2.28459 1.704587e-01
9.740000e-01 2.148490e+00 2.124415e+00 2.512386e+00 1.099624e+01 3.020598e+03 1.427651e+04 2.29075 1.744537e-01
9.730000e-01 2.148490e+00 2.125766e+00 2.513969e+00 1.100181e+01 3.075375e+03 1.426589e+04 2.28916 1.772682e-01
9.720000e-01 2.148490e+00 2.126009e+00 2.514127e+00 1.100418e+01 3.134857e+03 1.425917e+04 2.29494 1.811118e-01
9.710000e-01 2.148490e+00 2.127361e+00 2.515711e+00 1.100975e+01 3.187331e+03 1.424881e+04 2.29374 1.838132e-01
9.700000e-01 2.148490e+00 2.127595e+00 2.515858e+00 1.101212e+01 3.244571e+03 1.424237e+04 2.29914 1.875135e-01
9.690000e-01 2.148490e+00 2.128956e+00 2.517452e+00 1.101771e+01 3.295110e+03 1.423222e+04 2.29833 1.901239e-01
9.680000e-01 2.148490e+00 2.129189e+00 2.517597e+00 1.102009e+01 3.350499e+03 1.422600e+04 2.30347 1.937092e-01
9.670000e-01 2.148490e+00 2.130554e+00 2.519195e+00 1.102570e+01 3.399253e+03 1.421602e+04 2.30294 1.962312e-01
9.660000e-01 2.148490e+00 2.130782e+00 2.519333e+00 1.102808e+01 3.452913e+03 1.421003e+04 2.30782 1.997082e-01
9.650000e-01 2.148490e+00 2.132157e+00 2.520941e+00 1.103372e+01 3.500204e+03 1.420018e+04 2.30757 2.021606e-01
9.640000e-01 2.148490e+00 2.132387e+00 2.521081e+00 1.103612e+01 3.552388e+03 1.419436e+04 2.31226 2.055473e-01
9.630000e-01 2.148490e+00 2.133765e+00 2.522693e+00 1.104178e+01 3.598171e+03 1.418464e+04 2.31221 2.079235e-01
9.620000e-01 2.148490e+00 2.133980e+00 2.522812e+00 1.104417e+01 3.648701e+03 1.417902e+04 2.31663 2.112032e-01
9.610000e-01 2.148490e+00 2.135364e+00 2.524426e+00 1.104985e+01 3.692745e+03 1.416945e+04 2.31685 2.134967e-01
9.600000e-01 2.148490e+00 2.135564e+00 2.524523e+00 1.105223e+01 3.741881e+03 1.416399e+04 2.32105 2.166889e-01
9.590000e-01 2.148490e+00 2.136964e+00 2.526154e+00 1.105797e+01 3.784950e+03 1.415447e+04 2.32152 2.189399e-01
9.580000e-01 2.148490e+00 2.137176e+00 2.526266e+00 1.106039e+01 3.833214e+03 1.414910e+04 2.32568 2.220849e-01
9.570000e-01 2.148490e+00 2.138583e+00 2.527906e+00 1.106617e+01 3.875508e+03 1.413961e+04 2.32623 2.242932e-01
9.560000e-01 2.148490e+00 2.138808e+00 2.528035e+00 1.106861e+01 3.922822e+03 1.413435e+04 2.33032 2.273828e-01
9.550000e-01 2.148490e+00 2.140220e+00 2.529684e+00 1.107442e+01 3.964345e+03 1.412493e+04 2.33098 2.295515e-01
9.540000e-01 2.148490e+00 2.140456e+00 2.529829e+00 1.107689e+01 4.010730e+03 1.411977e+04 2.33499 2.325858e-01
9.530000e-01 2.148490e+00 2.141871e+00 2.531484e+00 1.108271e+01 4.051368e+03 1.411044e+04 2.33576 2.347090e-01
9.520000e-01 2.148490e+00 2.142106e+00 2.531630e+00 1.108518e+01 4.096707e+03 1.410541e+04 2.33963 2.376776e-01
9.510000e-01 2.148490e+00 2.143525e+00 2.533289e+00 1.109101e+01 4.136297e+03 1.409617e+04 2.34054 2.397500e-01
9.500000e-01 2.148490e+00 2.143757e+00 2.533430e+00 1.109349e+01 4.180654e+03 1.409125e+04 2.3443 2.426577e-01
9.490000e-01 2.148490e+00 2.145184e+00 2.535099e+00 1.109935e+01 4.219399e+03 1.408208e+04 2.34535 2.446903e-01
9.480000e-01 2.148490e+00 2.145415e+00 2.535239e+00 1.110184e+01 4.262888e+03 1.407725e+04 2.34901 2.475451e-01
9.470000e-01 2.148490e+00 2.146848e+00 2.536913e+00 1.110773e+01 4.300730e+03 1.406815e+04 2.35018 2.495330e-01
9.460000e-01 2.148490e+00 2.147076e+00 2.537049e+00 1.111022e+01 4.343375e+03 1.406341e+04 2.35374 2.523359e-01
9.450000e-01 2.148490e+00 2.148517e+00 2.538733e+00 1.111614e+01 4.380451e+03 1.405435e+04 2.35503 2.542874e-01
9.440000e-01 2.148490e+00 2.148742e+00 2.538865e+00 1.111863e+01 4.422271e+03 1.404971e+04 2.35849 2.570390e-01
9.430000e-01 2.148490e+00 2.150187e+00 2.540553e+00 1.112457e+01 4.458422e+03 1.404073e+04 2.35989 2.589449e-01
9.420000e-01 2.148490e+00 2.150395e+00 2.540661e+00 1.112705e+01 4.499272e+03 1.403620e+04 2.36319 2.616330e-01
9.410000e-01 2.148490e+00 2.151850e+00 2.542358e+00 1.113301e+01 4.534470e+03 1.402729e+04 2.36475 2.634963e-01
9.400000e-01 2.148490e+00 2.152054e+00 2.542459e+00 1.113550e+01 4.574705e+03 1.402284e+04 2.368 2.661493e-01
9.390000e-01 2.148490e+00 2.153522e+00 2.544171e+00 1.114152e+01 4.609514e+03 1.401390e+04 2.36964 2.679950e-01
9.380000e-01 2.148490e+00 2.153739e+00 2.544288e+00 1.114405e+01 4.649311e+03 1.400949e+04 2.3729 2.706263e-01
9.370000e-01 2.148490e+00 2.155213e+00 2.546009e+00 1.115011e+01 4.683715e+03 1.400056e+04 2.37459 2.724494e-01
9.360000e-01 2.148490e+00 2.155440e+00 2.546140e+00 1.115267e+01 4.723012e+03 1.399620e+04 2.37783 2.750529e-01
9.350000e-01 2.148490e+00 2.156920e+00 2.547869e+00 1.115876e+01 4.756973e+03 1.398729e+04 2.37957 2.768526e-01
9.340000e-01 2.148490e+00 2.157152e+00 2.548009e+00 1.116133e+01 4.795699e+03 1.398298e+04 2.38277 2.794220e-01
9.330000e-01 2.148490e+00 2.158636e+00 2.549743e+00 1.116743e+01 4.829058e+03 1.397412e+04 2.38458 2.811914e-01
9.320000e-01 2.148490e+00 2.158864e+00 2.549878e+00 1.117001e+01 4.867120e+03 1.396988e+04 2.3877 2.837189e-01
9.310000e-01 2.148490e+00 2.160355e+00 2.551621e+00 1.117613e+01 4.899851e+03 1.396106e+04 2.38959 2.854592e-01
9.300000e-01 2.148490e+00 2.160583e+00 2.551756e+00 1.117872e+01 4.937384e+03 1.395688e+04 2.39267 2.879558e-01
9.290000e-01 2.148490e+00 2.162081e+00 2.553506e+00 1.118488e+01 4.969611e+03 1.394807e+04 2.39464 2.896715e-01
9.280000e-01 2.148490e+00 2.162307e+00 2.553638e+00 1.118748e+01 5.006595e+03 1.394394e+04 2.39766 2.921350e-01
9.270000e-01 2.148490e+00 2.163813e+00 2.555397e+00 1.119367e+01 5.038283e+03 1.393515e+04 2.39971 2.938249e-01
9.260000e-01 2.148490e+00 2.164038e+00 2.555528e+00 1.119627e+01 5.074771e+03 1.393107e+04 2.40269 2.962591e-01
9.250000e-01 2.148490e+00 2.165550e+00 2.557295e+00 1.120249e+01 5.105926e+03 1.392229e+04 2.4048 2.979227e-01
9.240000e-01 2.148490e+00 2.165766e+00 2.557414e+00 1.120510e+01 5.141809e+03 1.391828e+04 2.4077 3.003184e-01
9.230000e-01 2.148490e+00 2.167284e+00 2.559185e+00 1.121133e+01 5.172236e+03 1.390954e+04 2.40989 3.019471e-01
9.220000e-01 2.148490e+00 2.167486e+00 2.559284e+00 1.121392e+01 5.207519e+03 1.390560e+04 2.4127 3.043046e-01
9.210000e-01 2.148490e+00 2.169018e+00 2.561071e+00 1.122020e+01 5.237500e+03 1.389686e+04 2.415 3.059157e-01
9.200000e-01 2.148490e+00 2.169227e+00 2.561178e+00 1.122282e+01 5.272502e+03 1.389293e+04 2.41782 3.082607e-01
9.190000e-01 2.148490e+00 2.170768e+00 2.562976e+00 1.122915e+01 5.302254e+03 1.388416e+04 2.42016 3.098592e-01
9.180000e-01 2.148490e+00 2.170985e+00 2.563095e+00 1.123181e+01 5.336940e+03 1.388025e+04 2.42298 3.121880e-01
9.170000e-01 2.148490e+00 2.172578e+00 2.564960e+00 1.123826e+01 5.366363e+03 1.387137e+04 2.42542 3.137645e-01
9.160000e-01 2.148490e+00 2.172772e+00 2.565050e+00 1.124088e+01 5.400724e+03 1.386756e+04 2.42819 3.160775e-01
9.150000e-01 2.148490e+00 2.174355e+00 2.566904e+00 1.124733e+01 5.429772e+03 1.385872e+04 2.43065 3.176362e-01
9.140000e-01 2.148490e+00 2.174546e+00 2.566991e+00 1.124994e+01 5.463667e+03 1.385496e+04 2.43337 3.199201e-01
9.130000e-01 2.148490e+00 2.176135e+00 2.568851e+00 1.125641e+01 5.492209e+03 1.384615e+04 2.43589 3.214545e-01
9.120000e-01 2.148490e+00 2.176323e+00 2.568934e+00 1.125903e+01 5.525664e+03 1.384244e+04 2.43856 3.237118e-01
9.110000e-01 2.148490e+00 2.177920e+00 2.570805e+00 1.126553e+01 5.553834e+03 1.383363e+04 2.44115 3.252294e-01
9.100000e-01 2.148490e+00 2.178107e+00 2.570887e+00 1.126817e+01 5.586925e+03 1.382995e+04 2.44379 3.274659e-01
9.090000e-01 2.148490e+00 2.179712e+00 2.572766e+00 1.127470e+01 5.614700e+03 1.382114e+04 2.44643 3.289639e-01
9.080000e-01 2.148490e+00 2.179897e+00 2.572845e+00 1.127734e+01 5.647432e+03 1.381750e+04 2.44905 3.311800e-01
9.070000e-01 2.148490e+00 2.181511e+00 2.574734e+00 1.128391e+01 5.674852e+03 1.380868e+04 2.45174 3.326609e-01
9.060000e-01 2.148490e+00 2.181692e+00 2.574807e+00 1.128657e+01 5.707199e+03 1.380507e+04 2.45432 3.348539e-01
9.050000e-01 2.148490e+00 2.183312e+00 2.576703e+00 1.129316e+01 5.734130e+03 1.379627e+04 2.45707 3.363106e-01
9.040000e-01 2.148490e+00 2.183478e+00 2.576756e+00 1.129580e+01 5.765993e+03 1.379270e+04 2.45957 3.384726e-01
9.030000e-01 2.148490e+00 2.185110e+00 2.578664e+00 1.130243e+01 5.792480e+03 1.378390e+04 2.4624 3.399105e-01
9.020000e-01 2.148490e+00 2.185278e+00 2.578718e+00 1.130509e+01 5.824105e+03 1.378036e+04 2.46491 3.420616e-01
9.010000e-01 2.148490e+00 2.186921e+00 2.580640e+00 1.131178e+01 5.850435e+03 1.377151e+04 2.46779 3.434919e-01
9.000000e-01 2.148490e+00 2.187097e+00 2.580706e+00 1.131448e+01 5.881869e+03 1.376797e+04 2.47031 3.456353e-01
8.990000e-01 2.148490e+00 2.188749e+00 2.582637e+00 1.132121e+01 5.908011e+03 1.375909e+04 2.47321 3.470549e-01
8.980000e-01 2.148490e+00 2.188932e+00 2.582713e+00 1.132393e+01 5.939207e+03 1.375556e+04 2.47574 3.491861e-01
8.970000e-01 2.148490e+00 2.190591e+00 2.584654e+00 1.133070e+01 5.965092e+03 1.374666e+04 2.47868 3.505919e-01
8.960000e-01 2.148490e+00 2.190772e+00 2.584728e+00 1.133343e+01 5.995954e+03 1.374316e+04 2.48118 3.527030e-01
8.950000e-01 2.148490e+00 2.192436e+00 2.586676e+00 1.134022e+01 6.021438e+03 1.373428e+04 2.48415 3.540888e-01
8.940000e-01 2.148490e+00 2.192612e+00 2.586743e+00 1.134294e+01 6.051919e+03 1.373082e+04 2.48661 3.561762e-01
8.930000e-01 2.148490e+00 2.194285e+00 2.588702e+00 1.134976e+01 6.077068e+03 1.372193e+04 2.48965 3.575470e-01
8.920000e-01 2.148490e+00 2.194459e+00 2.588768e+00 1.135250e+01 6.107265e+03 1.371849e+04 2.49209 3.596186e-01
8.910000e-01 2.148490e+00 2.196139e+00 2.590735e+00 1.135934e+01 6.132091e+03 1.370960e+04 2.49516 3.609733e-01
8.900000e-01 2.148490e+00 2.196310e+00 2.590796e+00 1.136209e+01 6.161991e+03 1.370618e+04 2.49758 3.630278e-01
8.890000e-01 2.148490e+00 2.198000e+00 2.592774e+00 1.136898e+01 6.186526e+03 1.369727e+04 2.5007 3.643689e-01
8.880000e-01 2.148490e+00 2.198166e+00 2.592830e+00 1.137173e+01 6.216134e+03 1.369388e+04 2.50309 3.664065e-01
8.870000e-01 2.148490e+00 2.199863e+00 2.594815e+00 1.137865e+01 6.240293e+03 1.368497e+04 2.50626 3.677288e-01
8.860000e-01 2.148490e+00 2.200016e+00 2.594853e+00 1.138140e+01 6.269521e+03 1.368161e+04 2.50859 3.697426e-01
8.850000e-01 2.148490e+00 2.201724e+00 2.596850e+00 1.138834e+01 6.293291e+03 1.367269e+04 2.51183 3.710477e-01
8.840000e-01 2.148490e+00 2.201876e+00 2.596885e+00 1.139111e+01 6.322312e+03 1.366935e+04 2.51415 3.730518e-01
8.830000e-01 2.148490e+00 2.203597e+00 2.598897e+00 1.139812e+01 6.345958e+03 1.366037e+04 2.51744 3.743516e-01
8.820000e-01 2.148490e+00 2.203757e+00 2.598943e+00 1.140092e+01 6.374846e+03 1.365703e+04 2.51979 3.763516e-01
8.810000e-01 2.148490e+00 2.205486e+00 2.600966e+00 1.140798e+01 6.398357e+03 1.364800e+04 2.5231 3.776435e-01
8.800000e-01 2.148490e+00 2.205653e+00 2.601021e+00 1.141081e+01 6.427078e+03 1.364466e+04 2.52546 3.796361e-01
8.790000e-01 2.148490e+00 2.207390e+00 2.603054e+00 1.141791e+01 6.450399e+03 1.363561e+04 2.5288 3.809174e-01
8.780000e-01 2.148490e+00 2.207555e+00 2.603109e+00 1.142075e+01 6.478870e+03 1.363228e+04 2.53114 3.828956e-01
8.770000e-01 2.148490e+00 2.209299e+00 2.605149e+00 1.142787e+01 6.501868e+03 1.362322e+04 2.53452 3.841603e-01
8.760000e-01 2.148490e+00 2.209458e+00 2.605197e+00 1.143071e+01 6.530030e+03 1.361992e+04 2.53683 3.861195e-01
8.750000e-01 2.148490e+00 2.211211e+00 2.607248e+00 1.143787e+01 6.552747e+03 1.361085e+04 2.54026 3.873716e-01
8.740000e-01 2.148490e+00 2.211368e+00 2.607293e+00 1.144072e+01 6.580675e+03 1.360757e+04 2.54255 3.893179e-01
8.730000e-01 2.148490e+00 2.213129e+00 2.609354e+00 1.144791e+01 6.603116e+03 1.359848e+04 2.54601 3.905562e-01
8.720000e-01 2.148490e+00 2.213281e+00 2.609393e+00 1.145077e+01 6.630794e+03 1.359521e+04 2.54828 3.924883e-01
8.710000e-01 2.148490e+00 2.215052e+00 2.611465e+00 1.145800e+01 6.652980e+03 1.358610e+04 2.55179 3.937145e-01
8.700000e-01 2.148490e+00 2.215199e+00 2.611498e+00 1.146086e+01 6.680409e+03 1.358285e+04 2.55404 3.956325e-01
8.690000e-01 2.148490e+00 2.216977e+00 2.613578e+00 1.146812e+01 6.702265e+03 1.357373e+04 2.55759 3.968421e-01
8.680000e-01 2.148490e+00 2.217110e+00 2.613591e+00 1.147098e+01 6.729381e+03 1.357051e+04 2.55978 3.987407e-01
8.670000e-01 2.148490e+00 2.218901e+00 2.615686e+00 1.147828e+01 6.750917e+03 1.356137e+04 2.5634 3.999363e-01
8.660000e-01 2.148490e+00 2.219033e+00 2.615697e+00 1.148116e+01 6.777873e+03 1.355815e+04 2.56559 4.018283e-01
8.650000e-01 2.148490e+00 2.220837e+00 2.617807e+00 1.148852e+01 6.799309e+03 1.354895e+04 2.56925 4.030194e-01
8.640000e-01 2.148490e+00 2.220975e+00 2.617828e+00 1.149143e+01 6.826161e+03 1.354573e+04 2.57147 4.049089e-01
8.630000e-01 2.148490e+00 2.222788e+00 2.619948e+00 1.149885e+01 6.847486e+03 1.353647e+04 2.57516 4.060933e-01
8.620000e-01 2.148490e+00 2.222932e+00 2.619977e+00 1.150178e+01 6.874205e+03 1.353324e+04 2.57738 4.079775e-01
8.610000e-01 2.148490e+00 2.224754e+00 2.622107e+00 1.150925e+01 6.895363e+03 1.352394e+04 2.5811 4.091525e-01
8.600000e-01 2.148490e+00 2.224896e+00 2.622135e+00 1.151220e+01 6.921869e+03 1.352073e+04 2.58331 4.110245e-01
8.590000e-01 2.148490e+00 2.226724e+00 2.624274e+00 1.151969e+01 6.942748e+03 1.351142e+04 2.58706 4.121851e-01
8.580000e-01 2.148490e+00 2.226860e+00 2.624294e+00 1.152264e+01 6.969010e+03 1.350821e+04 2.58924 4.140428e-01
8.570000e-01 2.148490e+00 2.228699e+00 2.626446e+00 1.153017e+01 6.989660e+03 1.349888e+04 2.59304 4.151928e-01
8.560000e-01 2.148490e+00 2.228831e+00 2.626462e+00 1.153313e+01 7.015721e+03 1.349569e+04 2.59521 4.170397e-01
8.550000e-01 2.148490e+00 2.230678e+00 2.628623e+00 1.154070e+01 7.036122e+03 1.348633e+04 2.59904 4.181772e-01
8.540000e-01 2.148490e+00 2.230806e+00 2.628633e+00 1.154367e+01 7.061975e+03 1.348315e+04 2.60119 4.200125e-01
8.530000e-01 2.148490e+00 2.232663e+00 2.630806e+00 1.155128e+01 7.082145e+03 1.347376e+04 2.60507 4.211387e-01
8.520000e-01 2.148490e+00 2.232782e+00 2.630806e+00 1.155425e+01 7.107767e+03 1.347060e+04 2.60719 4.229609e-01
8.510000e-01 2.148490e+00 2.234648e+00 2.632988e+00 1.156189e+01 7.127626e+03 1.346119e+04 2.61111 4.240715e-01
8.500000e-01 2.148490e+00 2.234753e+00 2.632968e+00 1.156486e+01 7.152983e+03 1.345805e+04 2.61318 4.258779e-01
8.490000e-01 2.148490e+00 2.236634e+00 2.635167e+00 1.157255e+01 7.172608e+03 1.344861e+04 2.61717 4.269787e-01
8.480000e-01 2.148490e+00 2.236741e+00 2.635151e+00 1.157554e+01 7.197864e+03 1.344546e+04 2.61925 4.287827e-01
8.470000e-01 2.148490e+00 2.238633e+00 2.637363e+00 1.158330e+01 7.217404e+03 1.343595e+04 2.62327 4.298789e-01
8.460000e-01 2.148490e+00 2.238745e+00 2.637354e+00 1.158632e+01 7.242567e+03 1.343280e+04 2.62538 4.316807e-01
8.450000e-01 2.148490e+00 2.240692e+00 2.639638e+00 1.159423e+01 7.261972e+03 1.342311e+04 2.62949 4.327617e-01
8.440000e-01 2.148490e+00 2.240778e+00 2.639595e+00 1.159722e+01 7.287037e+03 1.342003e+04 2.63156 4.345643e-01
8.430000e-01 2.148490e+00 2.242719e+00 2.641870e+00 1.160514e+01 7.306277e+03 1.341034e+04 2.63568 4.356386e-01
8.420000e-01 2.148490e+00 2.242799e+00 2.641821e+00 1.160814e+01 7.331137e+03 1.340726e+04 2.63773 4.374295e-01
8.410000e-01 2.148490e+00 2.244749e+00 2.644107e+00 1.161610e+01 7.350126e+03 1.339755e+04 2.64189 4.384911e-01
8.400000e-01 2.148490e+00 2.244825e+00 2.644052e+00 1.161910e+01 7.374804e+03 1.339448e+04 2.64392 4.402724e-01
8.390000e-01 2.148490e+00 2.246785e+00 2.646351e+00 1.162710e+01 7.393596e+03 1.338474e+04 2.64812 4.413242e-01
8.380000e-01 2.148490e+00 2.246855e+00 2.646290e+00 1.163012e+01 7.418091e+03 1.338168e+04 2.65014 4.430957e-01
8.370000e-01 2.148490e+00 2.248825e+00 2.648599e+00 1.163816e+01 7.436656e+03 1.337190e+04 2.65438 4.441361e-01
8.360000e-01 2.148490e+00 2.248889e+00 2.648531e+00 1.164118e+01 7.460973e+03 1.336885e+04 2.65637 4.458983e-01
8.350000e-01 2.148490e+00 2.250869e+00 2.650852e+00 1.164926e+01 7.479304e+03 1.335904e+04 2.66065 4.469266e-01
8.340000e-01 2.148490e+00 2.250920e+00 2.650768e+00 1.165229e+01 7.503397e+03 1.335600e+04 2.66261 4.486758e-01
8.330000e-01 2.148490e+00 2.252911e+00 2.653101e+00 1.166040e+01 7.521434e+03 1.334617e+04 2.66694 4.496897e-01
8.320000e-01 2.148490e+00 2.252952e+00 2.653002e+00 1.166343e+01 7.545336e+03 1.334315e+04 2.66887 4.514290e-01
8.310000e-01 2.148490e+00 2.254959e+00 2.655355e+00 1.167161e+01 7.563244e+03 1.333325e+04 2.67326 4.524377e-01
8.300000e-01 2.148490e+00 2.255003e+00 2.655261e+00 1.167467e+01 7.587075e+03 1.333022e+04 2.67521 4.541768e-01
8.290000e-01 2.148490e+00 2.257022e+00 2.657627e+00 1.168292e+01 7.604895e+03 1.332025e+04 2.67963 4.551799e-01
8.280000e-01 2.148490e+00 2.257069e+00 2.657538e+00 1.168601e+01 7.628640e+03 1.331720e+04 2.68159 4.569170e-01
8.270000e-01 2.148490e+00 2.259099e+00 2.659918e+00 1.169432e+01 7.646348e+03 1.330717e+04 2.68604 4.579132e-01
8.260000e-01 2.148490e+00 2.259145e+00 2.659829e+00 1.169743e+01 7.669956e+03 1.330412e+04 2.688 4.596441e-01
8.250000e-01 2.148490e+00 2.261183e+00 2.662219e+00 1.170578e+01 7.687463e+03 1.329405e+04 2.69248 4.606290e-01
8.240000e-01 2.148490e+00 2.261221e+00 2.662120e+00 1.170889e+01 7.710882e+03 1.329101e+04 2.69442 4.623494e-01
8.230000e-01 2.148490e+00 2.263271e+00 2.664524e+00 1.171730e+01 7.728191e+03 1.328091e+04 2.69894 4.633245e-01
8.220000e-01 2.148490e+00 2.263305e+00 2.664423e+00 1.172042e+01 7.751466e+03 1.327787e+04 2.70087 4.650381e-01
8.210000e-01 2.148490e+00 2.265365e+00 2.666837e+00 1.172887e+01 7.768576e+03 1.326772e+04 2.70543 4.660026e-01
8.200000e-01 2.148490e+00 2.265391e+00 2.666726e+00 1.173200e+01 7.791682e+03 1.326469e+04 2.70734 4.677074e-01
8.190000e-01 2.148490e+00 2.267462e+00 2.669155e+00 1.174049e+01 7.808592e+03 1.325450e+04 2.71194 4.686617e-01
8.180000e-01 2.148490e+00 2.267478e+00 2.669031e+00 1.174363e+01 7.831516e+03 1.325148e+04 2.71382 4.703568e-01
8.170000e-01 2.148490e+00 2.269560e+00 2.671472e+00 1.175217e+01 7.848171e+03 1.324126e+04 2.71846 4.712979e-01
8.160000e-01 2.148490e+00 2.269560e+00 2.671326e+00 1.175529e+01 7.870884e+03 1.323825e+04 2.7203 4.729810e-01
8.150000e-01 2.148490e+00 2.271657e+00 2.673785e+00 1.176388e+01 7.887321e+03 1.322799e+04 2.725 4.739119e-01
8.140000e-01 2.148490e+00 2.271657e+00 2.673639e+00 1.176704e+01 7.909953e+03 1.322497e+04 2.72685 4.755939e-01
8.130000e-01 2.148490e+00 2.273767e+00 2.676113e+00 1.177570e+01 7.926305e+03 1.321462e+04 2.73159 4.765200e-01
8.120000e-01 2.148490e+00 2.273768e+00 2.675972e+00 1.177889e+01 7.948866e+03 1.321159e+04 2.73345 4.782013e-01
8.110000e-01 2.148490e+00 2.275890e+00 2.678459e+00 1.178763e+01 7.965125e+03 1.320117e+04 2.73822 4.791213e-01
8.100000e-01 2.148490e+00 2.275892e+00 2.678321e+00 1.179084e+01 7.987592e+03 1.319813e+04 2.74009 4.807996e-01
8.090000e-01 2.148490e+00 2.278024e+00 2.680820e+00 1.179963e+01 8.003701e+03 1.318765e+04 2.74489 4.817105e-01
8.080000e-01 2.148490e+00 2.278017e+00 2.680671e+00 1.180284e+01 8.026002e+03 1.318461e+04 2.74673 4.833802e-01
8.070000e-01 2.148490e+00 2.280161e+00 2.683185e+00 1.181168e+01 8.041910e+03 1.317409e+04 2.75158 4.842803e-01
8.060000e-01 2.148490e+00 2.280148e+00 2.683029e+00 1.181491e+01 8.064075e+03 1.317105e+04 2.75341 4.859438e-01
8.050000e-01 2.148490e+00 2.282304e+00 2.685557e+00 1.182380e+01 8.079815e+03 1.316048e+04 2.75829 4.868347e-01
8.040000e-01 2.148490e+00 2.282283e+00 2.685392e+00 1.182704e+01 8.101830e+03 1.315744e+04 2.7601 4.884908e-01
8.030000e-01 2.148490e+00 2.284450e+00 2.687933e+00 1.183599e+01 8.117374e+03 1.314682e+04 2.76502 4.893713e-01
8.020000e-01 2.148490e+00 2.284420e+00 2.687757e+00 1.183923e+01 8.139239e+03 1.314379e+04 2.76682 4.910200e-01
8.010000e-01 2.148490e+00 2.286598e+00 2.690310e+00 1.184822e+01 8.154561e+03 1.313312e+04 2.77178 4.918884e-01
8.000000e-01 2.148490e+00 2.286551e+00 2.690112e+00 1.185146e+01 8.176230e+03 1.313010e+04 2.77352 4.935264e-01
7.990000e-01 2.148490e+00 2.288743e+00 2.692682e+00 1.186050e+01 8.191308e+03 1.311939e+04 2.77854 4.943824e-01
7.980000e-01 2.148490e+00 2.288688e+00 2.692474e+00 1.186376e+01 8.212859e+03 1.311637e+04 2.78027 4.960162e-01
7.970000e-01 2.148490e+00 2.290896e+00 2.695063e+00 1.187288e+01 8.227848e+03 1.310558e+04 2.78534 4.968678e-01
7.960000e-01 2.148490e+00 2.290842e+00 2.694858e+00 1.187616e+01 8.249337e+03 1.310254e+04 2.78709 4.985018e-01
7.950000e-01 2.148490e+00 2.293063e+00 2.697462e+00 1.188536e+01 8.264234e+03 1.309166e+04 2.79219 4.993471e-01
7.940000e-01 2.148490e+00 2.294156e+00 2.698676e+00 1.189166e+01 8.282377e+03 1.308463e+04 2.79562 5.005810e-01
7.930000e-01 2.148490e+00 2.294097e+00 2.698466e+00 1.189497e+01 8.303715e+03 1.308159e+04 2.79738 5.022125e-01
7.920000e-01 2.148490e+00 2.296374e+00 2.701143e+00 1.190435e+01 8.318359e+03 1.307052e+04 2.80258 5.030347e-01
7.910000e-01 2.148490e+00 2.296280e+00 2.700887e+00 1.190762e+01 8.339581e+03 1.306753e+04 2.80427 5.046636e-01
7.900000e-01 2.148490e+00 2.298558e+00 2.703564e+00 1.191703e+01 8.354058e+03 1.305643e+04 2.8095 5.054788e-01
7.890000e-01 2.148490e+00 2.298457e+00 2.703303e+00 1.192031e+01 8.375164e+03 1.305344e+04 2.81118 5.071031e-01
7.880000e-01 2.148490e+00 2.300747e+00 2.705993e+00 1.192978e+01 8.389470e+03 1.304228e+04 2.81644 5.079084e-01
7.870000e-01 2.148490e+00 2.301806e+00 2.707160e+00 1.193610e+01 8.407096e+03 1.303526e+04 2.81986 5.091241e-01
7.860000e-01 2.148490e+00 2.302901e+00 2.708375e+00 1.194252e+01 8.424598e+03 1.302814e+04 2.82334 5.103284e-01
7.850000e-01 2.148490e+00 2.303997e+00 2.709590e+00 1.194894e+01 8.442003e+03 1.302102e+04 2.82683 5.115274e-01
7.840000e-01 2.148490e+00 2.305134e+00 2.710861e+00 1.195548e+01 8.459262e+03 1.301378e+04 2.83038 5.127102e-01
7.830000e-01 2.148490e+00 2.306186e+00 2.712015e+00 1.196184e+01 8.476485e+03 1.300674e+04 2.83381 5.139077e-01
7.820000e-01 2.148490e+00 2.307323e+00 2.713285e+00 1.196840e+01 8.493593e+03 1.299947e+04 2.83737 5.150832e-01
7.810000e-01 2.148490e+00 2.308422e+00 2.714503e+00 1.197491e+01 8.510705e+03 1.299226e+04 2.84088 5.162677e-01
7.800000e-01 2.148490e+00 2.309523e+00 2.715724e+00 1.198145e+01 8.527775e+03 1.298504e+04 2.8444 5.174504e-01
7.790000e-01 2.148490e+00 2.310628e+00 2.716950e+00 1.198801e+01 8.544810e+03 1.297778e+04 2.84793 5.186318e-01
7.780000e-01 2.148490e+00 2.311735e+00 2.718179e+00 1.199460e+01 8.561799e+03 1.297049e+04 2.85147 5.198110e-01
7.770000e-01 2.148490e+00 2.312844e+00 2.719410e+00 1.200121e+01 8.578724e+03 1.296319e+04 2.85502 5.209868e-01
7.760000e-01 2.148490e+00 2.313954e+00 2.720642e+00 1.200784e+01 8.595574e+03 1.295587e+04 2.85858 5.221586e-01
7.750000e-01 2.148490e+00 2.315064e+00 2.721875e+00 1.201448e+01 8.612338e+03 1.294853e+04 2.86213 5.233258e-01
7.740000e-01 2.148490e+00 2.316174e+00 2.723109e+00 1.202115e+01 8.629040e+03 1.294117e+04 2.86569 5.244898e-01
7.730000e-01 2.148490e+00 2.317287e+00 2.724345e+00 1.202783e+01 8.645681e+03 1.293379e+04 2.86926 5.256508e-01
7.720000e-01 2.148490e+00 2.318399e+00 2.725580e+00 1.203453e+01 8.662236e+03 1.292639e+04 2.87283 5.268071e-01
7.710000e-01 2.148490e+00 2.319512e+00 2.726817e+00 1.204125e+01 8.678719e+03 1.291898e+04 2.87641 5.279595e-01
7.700000e-01 2.148490e+00 2.320625e+00 2.728054e+00 1.204799e+01 8.695124e+03 1.291154e+04 2.87999 5.291080e-01
7.690000e-01 2.148490e+00 2.321738e+00 2.729289e+00 1.205474e+01 8.711432e+03 1.290409e+04 2.88357 5.302513e-01
7.680000e-01 2.148490e+00 2.322849e+00 2.730524e+00 1.206151e+01 8.727641e+03 1.289664e+04 2.88716 5.313890e-01
7.670000e-01 2.148490e+00 2.323958e+00 2.731753e+00 1.206828e+01 8.743743e+03 1.288916e+04 2.89074 5.325213e-01
7.660000e-01 2.148490e+00 2.325069e+00 2.732986e+00 1.207508e+01 8.759799e+03 1.288166e+04 2.89433 5.336515e-01
7.650000e-01 2.148490e+00 2.326184e+00 2.734224e+00 1.208192e+01 8.775838e+03 1.287413e+04 2.89793 5.347813e-01
7.640000e-01 2.148490e+00 2.327301e+00 2.735462e+00 1.208879e+01 8.791817e+03 1.286656e+04 2.90155 5.359086e-01
7.630000e-01 2.148490e+00 2.328420e+00 2.736706e+00 1.209568e+01 8.807764e+03 1.285896e+04 2.90517 5.370343e-01
7.620000e-01 2.148490e+00 2.329543e+00 2.737955e+00 1.210261e+01 8.823679e+03 1.285134e+04 2.90881 5.381584e-01
7.610000e-01 2.148490e+00 2.330665e+00 2.739201e+00 1.210955e+01 8.839508e+03 1.284368e+04 2.91244 5.392781e-01
7.600000e-01 2.148490e+00 2.331789e+00 2.740451e+00 1.211652e+01 8.855271e+03 1.283601e+04 2.91608 5.403942e-01
7.590000e-01 2.148490e+00 2.332914e+00 2.741703e+00 1.212350e+01 8.870965e+03 1.282832e+04 2.91973 5.415064e-01
7.580000e-01 2.148490e+00 2.334037e+00 2.742952e+00 1.213051e+01 8.886584e+03 1.282061e+04 2.92338 5.426150e-01
7.570000e-01 2.148490e+00 2.335163e+00 2.744204e+00 1.213754e+01 8.902147e+03 1.281287e+04 2.92704 5.437205e-01
7.560000e-01 2.148490e+00 2.336289e+00 2.745458e+00 1.214458e+01 8.917634e+03 1.280511e+04 2.9307 5.448219e-01
7.550000e-01 2.148490e+00 2.337414e+00 2.746710e+00 1.215165e+01 8.933038e+03 1.279733e+04 2.93436 5.459190e-01
7.540000e-01 2.148490e+00 2.338539e+00 2.747961e+00 1.215874e+01 8.948373e+03 1.278953e+04 2.93802 5.470123e-01
7.530000e-01 2.148490e+00 2.339664e+00 2.749212e+00 1.216584e+01 8.963606e+03 1.278171e+04 2.94169 5.481001e-01
7.520000e-01 2.148490e+00 2.340786e+00 2.750460e+00 1.217295e+01 8.978738e+03 1.277388e+04 2.94536 5.491825e-01
7.510000e-01 2.148490e+00 2.341908e+00 2.751705e+00 1.218008e+01 8.993787e+03 1.276603e+04 2.94902 5.502604e-01
7.500000e-01 2.148490e+00 2.343030e+00 2.752952e+00 1.218724e+01 9.008794e+03 1.275815e+04 2.9527 5.513367e-01
7.490000e-01 2.148490e+00 2.344156e+00 2.754203e+00 1.219444e+01 9.023774e+03 1.275023e+04 2.95638 5.524119e-01
7.480000e-01 2.148490e+00 2.345284e+00 2.755459e+00 1.220167e+01 9.038709e+03 1.274227e+04 2.96008 5.534851e-01
7.470000e-01 2.148490e+00 2.346414e+00 2.756716e+00 1.220893e+01 9.053599e+03 1.273428e+04 2.96378 5.545562e-01
7.460000e-01 2.148490e+00 2.347545e+00 2.757975e+00 1.221622e+01 9.068440e+03 1.272626e+04 2.96749 5.556245e-01
7.450000e-01 2.148490e+00 2.348678e+00 2.759237e+00 1.222353e+01 9.083209e+03 1.271821e+04 2.97121 5.566890e-01
7.440000e-01 2.148490e+00 2.349810e+00 2.760498e+00 1.223086e+01 9.097905e+03 1.271014e+04 2.97493 5.577495e-01
7.430000e-01 2.148490e+00 2.350943e+00 2.761759e+00 1.223821e+01 9.112532e+03 1.270205e+04 2.97865 5.588063e-01
7.420000e-01 2.148490e+00 2.352116e+00 2.763076e+00 1.224569e+01 9.127062e+03 1.269382e+04 2.98243 5.598488e-01
7.410000e-01 2.148490e+00 2.353251e+00 2.764341e+00 1.225310e+01 9.141561e+03 1.268567e+04 2.98616 5.608985e-01
7.400000e-01 2.148490e+00 2.354384e+00 2.765605e+00 1.226052e+01 9.155981e+03 1.267750e+04 2.98989 5.619444e-01
7.390000e-01 2.148490e+00 2.355516e+00 2.766866e+00 1.226797e+01 9.170323e+03 1.266931e+04 2.99363 5.629859e-01
7.380000e-01 2.148490e+00 2.356648e+00 2.768128e+00 1.227543e+01 9.184587e+03 1.266110e+04 2.99736 5.640232e-01
7.370000e-01 2.148490e+00 2.357777e+00 2.769386e+00 1.228291e+01 9.198741e+03 1.265287e+04 3.0011 5.650545e-01
7.360000e-01 2.148490e+00 2.358906e+00 2.770642e+00 1.229041e+01 9.212805e+03 1.264463e+04 3.00484 5.660812e-01
7.350000e-01 2.148490e+00 2.360033e+00 2.771898e+00 1.229793e+01 9.226811e+03 1.263636e+04 3.00858 5.671051e-01
7.340000e-01 2.148490e+00 2.361163e+00 2.773156e+00 1.230549e+01 9.240782e+03 1.262804e+04 3.01233 5.681277e-01
7.330000e-01 2.148490e+00 2.362296e+00 2.774418e+00 1.231309e+01 9.254710e+03 1.261969e+04 3.01609 5.691483e-01
7.320000e-01 2.148490e+00 2.363430e+00 2.775684e+00 1.232073e+01 9.268594e+03 1.261131e+04 3.01986 5.701668e-01
7.310000e-01 2.148490e+00 2.364566e+00 2.776951e+00 1.232839e+01 9.282429e+03 1.260288e+04 3.02363 5.711829e-01
7.300000e-01 2.148490e+00 2.365702e+00 2.778220e+00 1.233608e+01 9.296196e+03 1.259443e+04 3.02741 5.721953e-01
7.290000e-01 2.148490e+00 2.366838e+00 2.779488e+00 1.234380e+01 9.309889e+03 1.258596e+04 3.0312 5.732036e-01
7.280000e-01 2.148490e+00 2.367973e+00 2.780756e+00 1.235154e+01 9.323512e+03 1.257746e+04 3.03498 5.742081e-01
7.270000e-01 2.148490e+00 2.369109e+00 2.782026e+00 1.235931e+01 9.337074e+03 1.256893e+04 3.03877 5.752096e-01
7.260000e-01 2.148490e+00 2.370245e+00 2.783295e+00 1.236710e+01 9.350570e+03 1.256037e+04 3.04257 5.762075e-01
7.250000e-01 2.148490e+00 2.371380e+00 2.784564e+00 1.237492e+01 9.363988e+03 1.255178e+04 3.04636 5.772011e-01
7.240000e-01 2.148490e+00 2.372514e+00 2.785832e+00 1.238277e+01 9.377330e+03 1.254317e+04 3.05016 5.781906e-01
7.230000e-01 2.148490e+00 2.373647e+00 2.787099e+00 1.239063e+01 9.390596e+03 1.253454e+04 3.05396 5.791761e-01
7.220000e-01 2.148490e+00 2.374778e+00 2.788363e+00 1.239851e+01 9.403756e+03 1.252589e+04 3.05775 5.801557e-01
7.210000e-01 2.148490e+00 2.375906e+00 2.789622e+00 1.240641e+01 9.416823e+03 1.251722e+04 3.06154 5.811301e-01
7.200000e-01 2.148490e+00 2.377033e+00 2.790881e+00 1.241434e+01 9.429827e+03 1.250851e+04 3.06534 5.821013e-01
7.190000e-01 2.148490e+00 2.378162e+00 2.792142e+00 1.242230e+01 9.442793e+03 1.249977e+04 3.06914 5.830711e-01
7.180000e-01 2.148490e+00 2.379293e+00 2.793406e+00 1.243031e+01 9.455718e+03 1.249098e+04 3.07295 5.840389e-01
7.170000e-01 2.148490e+00 2.380425e+00 2.794672e+00 1.243835e+01 9.468594e+03 1.248214e+04 3.07677 5.850041e-01
7.160000e-01 2.148490e+00 2.381557e+00 2.795938e+00 1.244643e+01 9.481421e+03 1.247327e+04 3.08059 5.859665e-01
7.150000e-01 2.148490e+00 2.382689e+00 2.797205e+00 1.245454e+01 9.494182e+03 1.246436e+04 3.08441 5.869251e-01
7.140000e-01 2.148490e+00 2.383820e+00 2.798471e+00 1.246267e+01 9.506872e+03 1.245542e+04 3.08823 5.878795e-01
7.130000e-01 2.148490e+00 2.384950e+00 2.799736e+00 1.247083e+01 9.519492e+03 1.244645e+04 3.09206 5.888301e-01
7.120000e-01 2.148490e+00 2.386079e+00 2.801001e+00 1.247901e+01 9.532052e+03 1.243744e+04 3.09588 5.897773e-01
7.110000e-01 2.148490e+00 2.387208e+00 2.802265e+00 1.248723e+01 9.544546e+03 1.242840e+04 3.0997 5.907207e-01
7.100000e-01 2.148490e+00 2.388335e+00 2.803527e+00 1.249548e+01 9.556965e+03 1.241932e+04 3.10352 5.916595e-01
7.090000e-01 2.148490e+00 2.389461e+00 2.804788e+00 1.250375e+01 9.569309e+03 1.241022e+04 3.10734 5.925943e-01
7.080000e-01 2.148490e+00 2.390623e+00 2.806098e+00 1.251213e+01 9.581540e+03 1.240097e+04 3.11121 5.935131e-01
7.070000e-01 2.148490e+00 2.391706e+00 2.807301e+00 1.252035e+01 9.593734e+03 1.239192e+04 3.11498 5.944480e-01
7.060000e-01 2.148490e+00 2.392860e+00 2.808600e+00 1.252877e+01 9.605771e+03 1.238263e+04 3.11883 5.953557e-01
7.050000e-01 2.148490e+00 2.393977e+00 2.809848e+00 1.253713e+01 9.617784e+03 1.237340e+04 3.12264 5.962710e-01
7.040000e-01 2.148490e+00 2.395093e+00 2.811097e+00 1.254554e+01 9.629758e+03 1.236412e+04 3.12645 5.971848e-01
7.030000e-01 2.148490e+00 2.396210e+00 2.812346e+00 1.255398e+01 9.641686e+03 1.235480e+04 3.13026 5.980960e-01
7.020000e-01 2.148490e+00 2.397328e+00 2.813597e+00 1.256247e+01 9.653565e+03 1.234542e+04 3.13408 5.990042e-01
7.010000e-01 2.148490e+00 2.398444e+00 2.814847e+00 1.257099e+01 9.665388e+03 1.233600e+04 3.13789 5.999092e-01
7.000000e-01 2.148490e+00 2.399560e+00 2.816096e+00 1.257954e+01 9.677143e+03 1.232654e+04 3.14171 6.008099e-01
6.990000e-01 2.148490e+00 2.400674e+00 2.817345e+00 1.258812e+01 9.688828e+03 1.231704e+04 3.14552 6.017065e-01
6.980000e-01 2.148490e+00 2.401785e+00 2.818588e+00 1.259673e+01 9.700440e+03 1.230751e+04 3.14933 6.025986e-01
6.970000e-01 2.148490e+00 2.402896e+00 2.819834e+00 1.260538e+01 9.711994e+03 1.229793e+04 3.15314 6.034875e-01
6.960000e-01 2.148490e+00 2.404006e+00 2.821077e+00 1.261405e+01 9.723478e+03 1.228832e+04 3.15694 6.043721e-01
6.950000e-01 2.148490e+00 2.405113e+00 2.822317e+00 1.262275e+01 9.734884e+03 1.227867e+04 3.16074 6.052520e-01
6.940000e-01 2.148490e+00 2.406217e+00 2.823555e+00 1.263149e+01 9.746214e+03 1.226898e+04 3.16454 6.061276e-01
6.930000e-01 2.148490e+00 2.407319e+00 2.824789e+00 1.264024e+01 9.757454e+03 1.225926e+04 3.16833 6.069979e-01
6.920000e-01 2.148490e+00 2.408416e+00 2.826017e+00 1.264901e+01 9.768590e+03 1.224953e+04 3.17212 6.078621e-01
6.910000e-01 2.148490e+00 2.409510e+00 2.827241e+00 1.265781e+01 9.779643e+03 1.223976e+04 3.17589 6.087218e-01
6.900000e-01 2.148490e+00 2.410603e+00 2.828464e+00 1.266665e+01 9.790650e+03 1.222994e+04 3.17967 6.095789e-01
6.890000e-01 2.148490e+00 2.411696e+00 2.829689e+00 1.267554e+01 9.801608e+03 1.222007e+04 3.18346 6.104337e-01
6.880000e-01 2.148490e+00 2.412789e+00 2.830914e+00 1.268448e+01 9.812511e+03 1.221015e+04 3.18724 6.112853e-01
6.870000e-01 2.148490e+00 2.413882e+00 2.832140e+00 1.269345e+01 9.823362e+03 1.220017e+04 3.19103 6.121339e-01
6.860000e-01 2.148490e+00 2.414973e+00 2.833364e+00 1.270247e+01 9.834147e+03 1.219015e+04 3.19482 6.129784e-01
6.850000e-01 2.148490e+00 2.416061e+00 2.834585e+00 1.271151e+01 9.844855e+03 1.218009e+04 3.19859 6.138182e-01
6.840000e-01 2.148490e+00 2.417148e+00 2.835804e+00 1.272059e+01 9.855495e+03 1.216999e+04 3.20237 6.146537e-01
6.830000e-01 2.148490e+00 2.418231e+00 2.837021e+00 1.272971e+01 9.866069e+03 1.215984e+04 3.20614 6.154853e-01
6.820000e-01 2.148490e+00 2.419348e+00 2.838283e+00 1.273895e+01 9.876537e+03 1.214954e+04 3.20994 6.163009e-01
6.810000e-01 2.148490e+00 2.420428e+00 2.839495e+00 1.274814e+01 9.886966e+03 1.213930e+04 3.2137 6.171226e-01
6.800000e-01 2.148490e+00 2.421503e+00 2.840702e+00 1.275735e+01 9.897317e+03 1.212902e+04 3.21745 6.179400e-01
6.790000e-01 2.148490e+00 2.422575e+00 2.841905e+00 1.276660e+01 9.907586e+03 1.211870e+04 3.22119 6.187524e-01
6.780000e-01 2.148490e+00 2.423641e+00 2.843101e+00 1.277586e+01 9.917754e+03 1.210836e+04 3.22491 6.195582e-01
6.770000e-01 2.148490e+00 2.424701e+00 2.844289e+00 1.278515e+01 9.927826e+03 1.209798e+04 3.22863 6.203583e-01
6.760000e-01 2.148490e+00 2.425759e+00 2.845475e+00 1.279447e+01 9.937839e+03 1.208755e+04 3.23233 6.211549e-01
6.750000e-01 2.148490e+00 2.426817e+00 2.846660e+00 1.280385e+01 9.947807e+03 1.207705e+04 3.23604 6.219488e-01
6.740000e-01 2.148490e+00 2.427872e+00 2.847843e+00 1.281328e+01 9.957714e+03 1.206649e+04 3.23974 6.227390e-01
6.730000e-01 2.148490e+00 2.428925e+00 2.849025e+00 1.282275e+01 9.967567e+03 1.205588e+04 3.24344 6.235253e-01
6.720000e-01 2.148490e+00 2.429976e+00 2.850205e+00 1.283227e+01 9.977359e+03 1.204520e+04 3.24713 6.243074e-01
6.710000e-01 2.148490e+00 2.431023e+00 2.851380e+00 1.284182e+01 9.987071e+03 1.203448e+04 3.25081 6.250846e-01
6.700000e-01 2.148490e+00 2.432067e+00 2.852553e+00 1.285141e+01 9.996714e+03 1.202372e+04 3.25448 6.258570e-01
6.690000e-01 2.148490e+00 2.433107e+00 2.853721e+00 1.286104e+01 1.000628e+04 1.201290e+04 3.25814 6.266248e-01
6.680000e-01 2.148490e+00 2.434144e+00 2.854886e+00 1.287071e+01 1.001578e+04 1.200203e+04 3.26179 6.273881e-01
6.670000e-01 2.148490e+00 2.435177e+00 2.856046e+00 1.288041e+01 1.002521e+04 1.199111e+04 3.26544 6.281462e-01
6.660000e-01 2.148490e+00 2.436206e+00 2.857203e+00 1.289015e+01 1.003455e+04 1.198014e+04 3.26907 6.288994e-01
6.650000e-01 2.148490e+00 2.437230e+00 2.858352e+00 1.289992e+01 1.004382e+04 1.196913e+04 3.27269 6.296471e-01
6.640000e-01 2.148490e+00 2.438248e+00 2.859495e+00 1.290972e+01 1.005298e+04 1.195809e+04 3.27629 6.303882e-01
6.630000e-01 2.148490e+00 2.439260e+00 2.860629e+00 1.291954e+01 1.006203e+04 1.194701e+04 3.27987 6.311230e-01
6.620000e-01 2.148490e+00 2.440267e+00 2.861759e+00 1.292940e+01 1.007103e+04 1.193588e+04 3.28345 6.318539e-01
6.610000e-01 2.148490e+00 2.441272e+00 2.862887e+00 1.293932e+01 1.007997e+04 1.192468e+04 3.28702 6.325815e-01
6.600000e-01 2.148490e+00 2.442309e+00 2.864059e+00 1.294939e+01 1.008880e+04 1.191331e+04 3.29063 6.332937e-01
6.590000e-01 2.148490e+00 2.443310e+00 2.865183e+00 1.295942e+01 1.009761e+04 1.190198e+04 3.29419 6.340124e-01
6.580000e-01 2.148490e+00 2.444307e+00 2.866305e+00 1.296950e+01 1.010636e+04 1.189059e+04 3.29774 6.347275e-01
6.570000e-01 2.148490e+00 2.445299e+00 2.867422e+00 1.297962e+01 1.011503e+04 1.187916e+04 3.30128 6.354372e-01
6.560000e-01 2.148490e+00 2.446287e+00 2.868533e+00 1.298978e+01 1.012361e+04 1.186767e+04 3.30481 6.361418e-01
6.550000e-01 2.148490e+00 2.447271e+00 2.869640e+00 1.299999e+01 1.013213e+04 1.185613e+04 3.30832 6.368416e-01
6.540000e-01 2.148490e+00 2.448250e+00 2.870743e+00 1.301024e+01 1.014057e+04 1.184453e+04 3.31182 6.375363e-01
6.530000e-01 2.148490e+00 2.449224e+00 2.871839e+00 1.302053e+01 1.014892e+04 1.183287e+04 3.31531 6.382256e-01
6.520000e-01 2.148490e+00 2.450192e+00 2.872930e+00 1.303086e+01 1.015720e+04 1.182117e+04 3.31878 6.389094e-01
6.510000e-01 2.148490e+00 2.451155e+00 2.874014e+00 1.304123e+01 1.016539e+04 1.180941e+04 3.32223 6.395873e-01
6.500000e-01 2.148490e+00 2.452110e+00 2.875088e+00 1.305162e+01 1.017347e+04 1.179763e+04 3.32567 6.402581e-01
6.490000e-01 2.148490e+00 2.453057e+00 2.876152e+00 1.306205e+01 1.018145e+04 1.178580e+04 3.32907 6.409222e-01
6.480000e-01 2.148490e+00 2.453998e+00 2.877210e+00 1.307252e+01 1.018937e+04 1.177390e+04 3.33247 6.415819e-01
6.470000e-01 2.148490e+00 2.454935e+00 2.878263e+00 1.308306e+01 1.019723e+04 1.176191e+04 3.33585 6.422372e-01
6.460000e-01 2.148490e+00 2.455867e+00 2.879311e+00 1.309365e+01 1.020502e+04 1.174986e+04 3.33921 6.428875e-01
6.450000e-01 2.148490e+00 2.456794e+00 2.880354e+00 1.310430e+01 1.021275e+04 1.173773e+04 3.34255 6.435323e-01
6.440000e-01 2.148490e+00 2.457715e+00 2.881391e+00 1.311500e+01 1.022040e+04 1.172553e+04 3.34588 6.441721e-01
6.430000e-01 2.148490e+00 2.458631e+00 2.882422e+00 1.312574e+01 1.022797e+04 1.171327e+04 3.34918 6.448058e-01
6.420000e-01 2.148490e+00 2.459572e+00 2.883488e+00 1.313663e+01 1.023542e+04 1.170085e+04 3.35251 6.454222e-01
6.410000e-01 2.148490e+00 2.460477e+00 2.884508e+00 1.314748e+01 1.024283e+04 1.168846e+04 3.35578 6.460444e-01
6.400000e-01 2.148490e+00 2.461374e+00 2.885520e+00 1.315837e+01 1.025016e+04 1.167601e+04 3.35903 6.466613e-01
6.390000e-01 2.148490e+00 2.462266e+00 2.886525e+00 1.316931e+01 1.025740e+04 1.166351e+04 3.36227 6.472721e-01
6.380000e-01 2.148490e+00 2.463150e+00 2.887521e+00 1.318030e+01 1.026456e+04 1.165095e+04 3.36548 6.478769e-01
6.370000e-01 2.148490e+00 2.464026e+00 2.888509e+00 1.319132e+01 1.027162e+04 1.163834e+04 3.36866 6.484748e-01
6.360000e-01 2.148490e+00 2.464893e+00 2.889484e+00 1.320237e+01 1.027858e+04 1.162569e+04 3.37182 6.490653e-01
6.350000e-01 2.148490e+00 2.465751e+00 2.890450e+00 1.321346e+01 1.028543e+04 1.161299e+04 3.37495 6.496492e-01
6.340000e-01 2.148490e+00 2.466603e+00 2.891408e+00 1.322461e+01 1.029223e+04 1.160020e+04 3.37806 6.502283e-01
6.330000e-01 2.148490e+00 2.467448e+00 2.892358e+00 1.323584e+01 1.029896e+04 1.158732e+04 3.38115 6.508017e-01
6.320000e-01 2.148490e+00 2.468286e+00 2.893301e+00 1.324712e+01 1.030561e+04 1.157436e+04 3.38421 6.513688e-01
6.310000e-01 2.148490e+00 2.469115e+00 2.894235e+00 1.325846e+01 1.031219e+04 1.156131e+04 3.38724 6.519298e-01
6.300000e-01 2.148490e+00 2.469938e+00 2.895161e+00 1.326986e+01 1.031869e+04 1.154818e+04 3.39024 6.524842e-01
6.290000e-01 2.148490e+00 2.470751e+00 2.896077e+00 1.328131e+01 1.032510e+04 1.153499e+04 3.39321 6.530316e-01
6.280000e-01 2.148490e+00 2.471557e+00 2.896984e+00 1.329281e+01 1.033143e+04 1.152173e+04 3.39615 6.535725e-01
6.270000e-01 2.148490e+00 2.472384e+00 2.897923e+00 1.330446e+01 1.033764e+04 1.150829e+04 3.39911 6.540959e-01
6.260000e-01 2.148490e+00 2.473174e+00 2.898814e+00 1.331608e+01 1.034379e+04 1.149487e+04 3.402 6.546232e-01
6.250000e-01 2.148490e+00 2.473955e+00 2.899695e+00 1.332775e+01 1.034986e+04 1.148140e+04 3.40486 6.551442e-01
6.240000e-01 2.148490e+00 2.474727e+00 2.900564e+00 1.333946e+01 1.035583e+04 1.146786e+04 3.40769 6.556583e-01
6.230000e-01 2.148490e+00 2.475490e+00 2.901423e+00 1.335121e+01 1.036169e+04 1.145429e+04 3.41049 6.561647e-01
6.220000e-01 2.148490e+00 2.476242e+00 2.902269e+00 1.336300e+01 1.036744e+04 1.144067e+04 3.41327 6.566638e-01
6.210000e-01 2.148490e+00 2.476985e+00 2.903105e+00 1.337485e+01 1.037312e+04 1.142697e+04 3.41601 6.571571e-01
6.200000e-01 2.148490e+00 2.477720e+00 2.903932e+00 1.338678e+01 1.037872e+04 1.141317e+04 3.41873 6.576442e-01
6.190000e-01 2.148490e+00 2.478446e+00 2.904750e+00 1.339878e+01 1.038424e+04 1.139928e+04 3.42141 6.581247e-01
6.180000e-01 2.148490e+00 2.479165e+00 2.905560e+00 1.341085e+01 1.038968e+04 1.138530e+04 3.42407 6.585988e-01
6.170000e-01 2.148490e+00 2.479874e+00 2.906360e+00 1.342299e+01 1.039503e+04 1.137124e+04 3.42669 6.590659e-01
6.160000e-01 2.148490e+00 2.480573e+00 2.907149e+00 1.343519e+01 1.040029e+04 1.135711e+04 3.42928 6.595256e-01
6.150000e-01 2.148490e+00 2.481262e+00 2.907927e+00 1.344744e+01 1.040546e+04 1.134290e+04 3.43183 6.599780e-01
6.140000e-01 2.148490e+00 2.481942e+00 2.908695e+00 1.345976e+01 1.041055e+04 1.132861e+04 3.43435 6.604237e-01
6.130000e-01 2.148490e+00 2.482641e+00 2.909490e+00 1.347224e+01 1.041549e+04 1.131414e+04 3.43688 6.608507e-01
6.120000e-01 2.148490e+00 2.483302e+00 2.910238e+00 1.348469e+01 1.042039e+04 1.129970e+04 3.43933 6.612810e-01
6.110000e-01 2.148490e+00 2.483951e+00 2.910972e+00 1.349719e+01 1.042518e+04 1.128518e+04 3.44175 6.617038e-01
6.100000e-01 2.148490e+00 2.484587e+00 2.911689e+00 1.350973e+01 1.042987e+04 1.127061e+04 3.44411 6.621176e-01
6.090000e-01 2.148490e+00 2.485210e+00 2.912390e+00 1.352231e+01 1.043444e+04 1.125599e+04 3.44644 6.625228e-01
6.080000e-01 2.148490e+00 2.485821e+00 2.913077e+00 1.353496e+01 1.043893e+04 1.124128e+04 3.44872 6.629202e-01
6.070000e-01 2.148490e+00 2.486421e+00 2.913753e+00 1.354769e+01 1.044333e+04 1.122646e+04 3.45096 6.633106e-01
6.060000e-01 2.148490e+00 2.487010e+00 2.914415e+00 1.356050e+01 1.044765e+04 1.121153e+04 3.45316 6.636930e-01
6.050000e-01 2.148490e+00 2.487586e+00 2.915065e+00 1.357339e+01 1.045188e+04 1.119651e+04 3.45531 6.640672e-01
6.040000e-01 2.148490e+00 2.488150e+00 2.915701e+00 1.358636e+01 1.045603e+04 1.118137e+04 3.45741 6.644330e-01
6.030000e-01 2.148490e+00 2.488703e+00 2.916323e+00 1.359939e+01 1.046007e+04 1.116616e+04 3.45946 6.647901e-01
6.020000e-01 2.148490e+00 2.489243e+00 2.916932e+00 1.361249e+01 1.046401e+04 1.115087e+04 3.46148 6.651390e-01
6.010000e-01 2.148490e+00 2.489796e+00 2.917562e+00 1.362576e+01 1.046782e+04 1.113537e+04 3.46347 6.654682e-01
6.000000e-01 2.148490e+00 2.490313e+00 2.918144e+00 1.363901e+01 1.047157e+04 1.111988e+04 3.46539 6.657998e-01
5.990000e-01 2.148490e+00 2.490819e+00 2.918716e+00 1.365233e+01 1.047522e+04 1.110433e+04 3.46728 6.661247e-01
5.980000e-01 2.148490e+00 2.491312e+00 2.919273e+00 1.366572e+01 1.047877e+04 1.108871e+04 3.46913 6.664413e-01
5.970000e-01 2.148490e+00 2.491791e+00 2.919813e+00 1.367915e+01 1.048220e+04 1.107303e+04 3.47093 6.667486e-01
5.960000e-01 2.148490e+00 2.492258e+00 2.920339e+00 1.369263e+01 1.048551e+04 1.105730e+04 3.47269 6.670476e-01
5.950000e-01 2.148490e+00 2.492713e+00 2.920852e+00 1.370619e+01 1.048873e+04 1.104149e+04 3.47441 6.673393e-01
5.940000e-01 2.148490e+00 2.493155e+00 2.921350e+00 1.371985e+01 1.049186e+04 1.102556e+04 3.47608 6.676231e-01
5.930000e-01 2.148490e+00 2.493584e+00 2.921833e+00 1.373360e+01 1.049489e+04 1.100952e+04 3.47771 6.678979e-01
5.920000e-01 2.148490e+00 2.493999e+00 2.922303e+00 1.374744e+01 1.049783e+04 1.099337e+04 3.47928 6.681641e-01
5.910000e-01 2.148490e+00 2.494401e+00 2.922758e+00 1.376137e+01 1.050067e+04 1.097711e+04 3.48079 6.684210e-01
5.900000e-01 2.148490e+00 2.494811e+00 2.923226e+00 1.377546e+01 1.050335e+04 1.096066e+04 3.48228 6.686563e-01
5.890000e-01 2.148490e+00 2.495184e+00 2.923647e+00 1.378954e+01 1.050597e+04 1.094422e+04 3.48368 6.688929e-01
5.880000e-01 2.148490e+00 2.495540e+00 2.924050e+00 1.380371e+01 1.050851e+04 1.092766e+04 3.48502 6.691204e-01
5.870000e-01 2.148490e+00 2.492784e+00 2.920973e+00 1.380760e+01 1.052033e+04 1.092386e+04 3.48156 6.706888e-01
5.860000e-01 2.148490e+00 2.496204e+00 2.924799e+00 1.383229e+01 1.051324e+04 1.089424e+04 3.4875 6.695425e-01
5.850000e-01 2.148490e+00 2.493372e+00 2.921636e+00 1.383616e+01 1.052497e+04 1.089042e+04 3.48386 6.711108e-01
5.840000e-01 2.148490e+00 2.496803e+00 2.925472e+00 1.386113e+01 1.051753e+04 1.086051e+04 3.48975 6.699259e-01
5.830000e-01 2.148490e+00 2.493888e+00 2.922208e+00 1.386495e+01 1.052914e+04 1.085669e+04 3.48589 6.714915e-01
5.820000e-01 2.148490e+00 2.497348e+00 2.926083e+00 1.389025e+01 1.052137e+04 1.082653e+04 3.49182 6.702746e-01
5.810000e-01 2.148490e+00 2.494379e+00 2.922764e+00 1.389410e+01 1.053291e+04 1.082266e+04 3.48785 6.718447e-01
5.800000e-01 2.148490e+00 2.497838e+00 2.926635e+00 1.391979e+01 1.052479e+04 1.079209e+04 3.49369 6.705895e-01
5.790000e-01 2.148490e+00 2.494811e+00 2.923255e+00 1.392367e+01 1.053625e+04 1.078819e+04 3.4896 6.721624e-01
5.780000e-01 2.148490e+00 2.498299e+00 2.927163e+00 1.394984e+01 1.052775e+04 1.075713e+04 3.49539 6.708576e-01
5.770000e-01 2.148490e+00 2.495183e+00 2.923681e+00 1.395367e+01 1.053914e+04 1.075324e+04 3.4911 6.724341e-01
5.760000e-01 2.148490e+00 2.498668e+00 2.927582e+00 1.398016e+01 1.053031e+04 1.072187e+04 3.49681 6.710939e-01
5.750000e-01 2.148490e+00 2.495482e+00 2.924024e+00 1.398398e+01 1.054163e+04 1.071794e+04 3.49234 6.726715e-01
5.740000e-01 2.148490e+00 2.498964e+00 2.927917e+00 1.401086e+01 1.053244e+04 1.068615e+04 3.49793 6.712859e-01
5.730000e-01 2.148490e+00 2.495693e+00 2.924262e+00 1.401467e+01 1.054366e+04 1.068219e+04 3.49325 6.728631e-01
5.720000e-01 2.148490e+00 2.499190e+00 2.928170e+00 1.404190e+01 1.053410e+04 1.065006e+04 3.49878 6.714332e-01
5.710000e-01 2.148490e+00 2.495823e+00 2.924400e+00 1.404565e+01 1.054521e+04 1.064609e+04 3.49385 6.730072e-01
5.700000e-01 2.148490e+00 2.499346e+00 2.928339e+00 1.407321e+01 1.053528e+04 1.061369e+04 3.49937 6.715375e-01
5.690000e-01 2.148490e+00 2.495922e+00 2.924509e+00 1.407699e+01 1.054631e+04 1.060969e+04 3.49432 6.731147e-01
5.680000e-01 2.148490e+00 2.499470e+00 2.928481e+00 1.410510e+01 1.053596e+04 1.057679e+04 3.4998 6.715962e-01
5.670000e-01 2.148490e+00 2.495977e+00 2.924577e+00 1.410887e+01 1.054693e+04 1.057278e+04 3.49461 6.731802e-01
5.660000e-01 2.148490e+00 2.499517e+00 2.928537e+00 1.413736e+01 1.053625e+04 1.053955e+04 3.5 6.716298e-01
5.650000e-01 2.148490e+00 2.495944e+00 2.924543e+00 1.414113e+01 1.054714e+04 1.053551e+04 3.49463 6.732152e-01
5.658469e-01 2.148490e+00 2.500815e+00 2.930004e+00 1.414438e+01 1.053236e+04 1.053138e+04 3.50196 6.710585e-01
