1.000000e+00 2.279600e+00 2.113008e+00 2.504909e+00 1.076877e+01 0.000000e+00 1.498577e+04 0 0.000000e+00
9.990000e-01 2.279600e+00 2.114366e+00 2.505996e+00 1.077662e+01 5.972089e+02 1.489841e+04 2.20673 3.354298e-02
9.980000e-01 2.279600e+00 2.114532e+00 2.506017e+00 1.077861e+01 8.564941e+02 1.486517e+04 2.29425 5.000630e-02
9.970000e-01 2.279600e+00 2.115866e+00 2.507601e+00 1.078393e+01 1.048051e+03 1.483793e+04 2.21282 5.894406e-02
9.960000e-01 2.279600e+00 2.116121e+00 2.507763e+00 1.078606e+01 1.217731e+03 1.481661e+04 2.25166 6.967227e-02
9.950000e-01 2.279600e+00 2.117395e+00 2.509275e+00 1.079123e+01 1.358829e+03 1.479574e+04 2.21726 7.646537e-02
9.940000e-01 2.279600e+00 2.117691e+00 2.509504e+00 1.079343e+01 1.494558e+03 1.477895e+04 2.24286 8.505065e-02
9.930000e-01 2.279600e+00 2.118949e+00 2.511000e+00 1.079855e+01 1.611555e+03 1.476110e+04 2.22167 9.073423e-02
9.920000e-01 2.279600e+00 2.119253e+00 2.511243e+00 1.080077e+01 1.727435e+03 1.474695e+04 2.24061 9.805975e-02
9.910000e-01 2.279600e+00 2.120501e+00 2.512725e+00 1.080588e+01 1.828382e+03 1.473106e+04 2.22604 1.029934e-01
9.900000e-01 2.279600e+00 2.120778e+00 2.512929e+00 1.080808e+01 1.930584e+03 1.471872e+04 2.24081 1.094435e-01
9.890000e-01 2.279600e+00 2.122035e+00 2.514412e+00 1.081323e+01 2.020248e+03 1.470414e+04 2.23038 1.138583e-01
9.880000e-01 2.279600e+00 2.122302e+00 2.514599e+00 1.081544e+01 2.113198e+03 1.469302e+04 2.24279 1.197294e-01
9.870000e-01 2.279600e+00 2.123569e+00 2.516090e+00 1.082063e+01 2.195201e+03 1.467932e+04 2.23472 1.237805e-01
9.860000e-01 2.279600e+00 2.123826e+00 2.516260e+00 1.082284e+01 2.280875e+03 1.466915e+04 2.24538 1.291935e-01
9.850000e-01 2.279600e+00 2.125099e+00 2.517753e+00 1.082807e+01 2.356580e+03 1.465615e+04 2.23906 1.329467e-01
9.840000e-01 2.279600e+00 2.125352e+00 2.517916e+00 1.083030e+01 2.436653e+03 1.464672e+04 2.24852 1.380119e-01
9.830000e-01 2.279600e+00 2.126633e+00 2.519416e+00 1.083556e+01 2.507540e+03 1.463426e+04 2.24342 1.415338e-01
9.820000e-01 2.279600e+00 2.126875e+00 2.519563e+00 1.083779e+01 2.582736e+03 1.462547e+04 2.25183 1.462914e-01
9.810000e-01 2.279600e+00 2.128158e+00 2.521059e+00 1.084307e+01 2.648941e+03 1.461352e+04 2.24776 1.495895e-01
9.800000e-01 2.279600e+00 2.128367e+00 2.521156e+00 1.084527e+01 2.719633e+03 1.460531e+04 2.25515 1.540564e-01
9.790000e-01 2.279600e+00 2.129666e+00 2.522662e+00 1.085061e+01 2.782003e+03 1.459374e+04 2.25208 1.571829e-01
9.780000e-01 2.279600e+00 2.129876e+00 2.522757e+00 1.085283e+01 2.849794e+03 1.458589e+04 2.25904 1.614787e-01
9.770000e-01 2.279600e+00 2.131189e+00 2.524280e+00 1.085823e+01 2.909998e+03 1.457453e+04 2.25644 1.644978e-01
9.760000e-01 2.279600e+00 2.131422e+00 2.524406e+00 1.086050e+01 2.975346e+03 1.456701e+04 2.2631 1.686514e-01
9.750000e-01 2.279600e+00 2.132738e+00 2.525936e+00 1.086592e+01 3.033575e+03 1.455587e+04 2.26085 1.715689e-01
9.740000e-01 2.279600e+00 2.132992e+00 2.526093e+00 1.086822e+01 3.096696e+03 1.454863e+04 2.26723 1.755914e-01
9.730000e-01 2.279600e+00 2.134309e+00 2.527628e+00 1.087365e+01 3.153040e+03 1.453770e+04 2.26529 1.784126e-01
9.720000e-01 2.279600e+00 2.134574e+00 2.527802e+00 1.087597e+01 3.213886e+03 1.453074e+04 2.27133 1.822949e-01
9.710000e-01 2.279600e+00 2.135890e+00 2.529338e+00 1.088140e+01 3.268032e+03 1.452007e+04 2.26974 1.850086e-01
9.700000e-01 2.279600e+00 2.136148e+00 2.529504e+00 1.088371e+01 3.326544e+03 1.451340e+04 2.27536 1.887421e-01
9.690000e-01 2.279600e+00 2.137470e+00 2.531046e+00 1.088915e+01 3.378561e+03 1.450296e+04 2.2742 1.913580e-01
9.680000e-01 2.279600e+00 2.137728e+00 2.531211e+00 1.089147e+01 3.435196e+03 1.449653e+04 2.27954 1.949764e-01
9.670000e-01 2.279600e+00 2.139056e+00 2.532760e+00 1.089694e+01 3.485507e+03 1.448627e+04 2.27867 1.975106e-01
9.660000e-01 2.279600e+00 2.139308e+00 2.532918e+00 1.089926e+01 3.540331e+03 1.448007e+04 2.28373 2.010156e-01
9.650000e-01 2.279600e+00 2.140643e+00 2.534474e+00 1.090476e+01 3.588944e+03 1.446997e+04 2.28316 2.034704e-01
9.640000e-01 2.279600e+00 2.140895e+00 2.534630e+00 1.090709e+01 3.642249e+03 1.446396e+04 2.28802 2.068832e-01
9.630000e-01 2.279600e+00 2.142236e+00 2.536193e+00 1.091261e+01 3.689428e+03 1.445400e+04 2.28767 2.092688e-01
9.620000e-01 2.279600e+00 2.142480e+00 2.536338e+00 1.091494e+01 3.741166e+03 1.444818e+04 2.29228 2.125829e-01
9.610000e-01 2.279600e+00 2.143825e+00 2.537902e+00 1.092048e+01 3.786645e+03 1.443837e+04 2.29218 2.148877e-01
9.600000e-01 2.279600e+00 2.144047e+00 2.538016e+00 1.092280e+01 3.836775e+03 1.443275e+04 2.2965 2.180981e-01
9.590000e-01 2.279600e+00 2.145407e+00 2.539594e+00 1.092838e+01 3.880921e+03 1.442303e+04 2.29669 2.203465e-01
9.580000e-01 2.279600e+00 2.145636e+00 2.539714e+00 1.093073e+01 3.930130e+03 1.441752e+04 2.30096 2.235071e-01
9.570000e-01 2.279600e+00 2.147005e+00 2.541304e+00 1.093636e+01 3.973560e+03 1.440782e+04 2.30126 2.257182e-01
9.560000e-01 2.279600e+00 2.147247e+00 2.541442e+00 1.093874e+01 4.021836e+03 1.440240e+04 2.30546 2.288257e-01
9.550000e-01 2.279600e+00 2.148621e+00 2.543040e+00 1.094440e+01 4.064447e+03 1.439277e+04 2.30586 2.309949e-01
9.540000e-01 2.279600e+00 2.148876e+00 2.543195e+00 1.094680e+01 4.111804e+03 1.438746e+04 2.30999 2.340490e-01
9.530000e-01 2.279600e+00 2.150253e+00 2.544799e+00 1.095248e+01 4.153604e+03 1.437790e+04 2.3105 2.361774e-01
9.520000e-01 2.279600e+00 2.150513e+00 2.544964e+00 1.095489e+01 4.199972e+03 1.437271e+04 2.31451 2.391713e-01
9.510000e-01 2.279600e+00 2.151893e+00 2.546571e+00 1.096058e+01 4.240752e+03 1.436326e+04 2.31515 2.412501e-01
9.500000e-01 2.279600e+00 2.152147e+00 2.546729e+00 1.096300e+01 4.286056e+03 1.435820e+04 2.31902 2.441771e-01
9.490000e-01 2.279600e+00 2.153535e+00 2.548345e+00 1.096871e+01 4.325902e+03 1.434882e+04 2.31981 2.462139e-01
9.480000e-01 2.279600e+00 2.153792e+00 2.548506e+00 1.097114e+01 4.370382e+03 1.434385e+04 2.3236 2.490924e-01
9.470000e-01 2.279600e+00 2.155184e+00 2.550128e+00 1.097688e+01 4.409387e+03 1.433453e+04 2.3245 2.510879e-01
9.460000e-01 2.279600e+00 2.155436e+00 2.550282e+00 1.097931e+01 4.452948e+03 1.432966e+04 2.32816 2.539092e-01
9.450000e-01 2.279600e+00 2.156837e+00 2.551914e+00 1.098508e+01 4.491089e+03 1.432041e+04 2.3292 2.558653e-01
9.440000e-01 2.279600e+00 2.157087e+00 2.552065e+00 1.098752e+01 4.533847e+03 1.431563e+04 2.33278 2.586379e-01
9.430000e-01 2.279600e+00 2.158493e+00 2.553702e+00 1.099330e+01 4.571131e+03 1.430644e+04 2.33392 2.605529e-01
9.420000e-01 2.279600e+00 2.158730e+00 2.553837e+00 1.099573e+01 4.612964e+03 1.430178e+04 2.33735 2.632661e-01
9.410000e-01 2.279600e+00 2.160143e+00 2.555478e+00 1.100154e+01 4.649201e+03 1.429266e+04 2.33864 2.651331e-01
9.400000e-01 2.279600e+00 2.160367e+00 2.555593e+00 1.100396e+01 4.690217e+03 1.428810e+04 2.34195 2.677954e-01
9.390000e-01 2.279600e+00 2.161794e+00 2.557251e+00 1.100982e+01 4.725888e+03 1.427900e+04 2.34338 2.696402e-01
9.380000e-01 2.279600e+00 2.162030e+00 2.557380e+00 1.101228e+01 4.766491e+03 1.427448e+04 2.34671 2.722835e-01
9.370000e-01 2.279600e+00 2.163508e+00 2.559104e+00 1.101828e+01 4.801754e+03 1.426527e+04 2.34824 2.741019e-01
9.360000e-01 2.279600e+00 2.163724e+00 2.559209e+00 1.102071e+01 4.841887e+03 1.426086e+04 2.3515 2.767215e-01
9.350000e-01 2.279600e+00 2.165195e+00 2.560923e+00 1.102670e+01 4.876719e+03 1.425170e+04 2.35307 2.785192e-01
9.340000e-01 2.279600e+00 2.165419e+00 2.561039e+00 1.102915e+01 4.916317e+03 1.424735e+04 2.3563 2.811081e-01
9.330000e-01 2.279600e+00 2.166893e+00 2.562759e+00 1.103517e+01 4.950615e+03 1.423822e+04 2.35792 2.828790e-01
9.320000e-01 2.279600e+00 2.167116e+00 2.562875e+00 1.103763e+01 4.989569e+03 1.423395e+04 2.36108 2.854281e-01
9.310000e-01 2.279600e+00 2.168595e+00 2.564601e+00 1.104366e+01 5.023187e+03 1.422487e+04 2.36279 2.871670e-01
9.300000e-01 2.279600e+00 2.168816e+00 2.564714e+00 1.104612e+01 5.061550e+03 1.422066e+04 2.36589 2.896807e-01
9.290000e-01 2.279600e+00 2.170304e+00 2.566451e+00 1.105219e+01 5.094676e+03 1.421160e+04 2.36768 2.913976e-01
9.280000e-01 2.279600e+00 2.170525e+00 2.566564e+00 1.105467e+01 5.132528e+03 1.420744e+04 2.37074 2.938817e-01
9.270000e-01 2.279600e+00 2.172019e+00 2.568307e+00 1.106076e+01 5.165086e+03 1.419840e+04 2.3726 2.955708e-01
9.260000e-01 2.279600e+00 2.172238e+00 2.568417e+00 1.106324e+01 5.202400e+03 1.419430e+04 2.3756 2.980228e-01
9.250000e-01 2.279600e+00 2.173740e+00 2.570170e+00 1.106937e+01 5.234429e+03 1.418527e+04 2.37753 2.996873e-01
9.240000e-01 2.279600e+00 2.173953e+00 2.570272e+00 1.107186e+01 5.271187e+03 1.418122e+04 2.38047 3.021052e-01
9.230000e-01 2.279600e+00 2.175461e+00 2.572030e+00 1.107800e+01 5.302543e+03 1.417223e+04 2.38248 3.037377e-01
9.220000e-01 2.279600e+00 2.175657e+00 2.572110e+00 1.108047e+01 5.338639e+03 1.416826e+04 2.38531 3.061127e-01
9.210000e-01 2.279600e+00 2.177177e+00 2.573879e+00 1.108665e+01 5.369365e+03 1.415929e+04 2.38743 3.077189e-01
9.200000e-01 2.279600e+00 2.177373e+00 2.573958e+00 1.108914e+01 5.405093e+03 1.415535e+04 2.39024 3.100749e-01
9.190000e-01 2.279600e+00 2.178905e+00 2.575742e+00 1.109537e+01 5.435584e+03 1.414634e+04 2.39243 3.116704e-01
9.180000e-01 2.279600e+00 2.179111e+00 2.575834e+00 1.109790e+01 5.471025e+03 1.414243e+04 2.39525 3.140131e-01
9.170000e-01 2.279600e+00 2.180649e+00 2.577626e+00 1.110417e+01 5.501230e+03 1.413341e+04 2.39746 3.155930e-01
9.160000e-01 2.279600e+00 2.180863e+00 2.577729e+00 1.110671e+01 5.536322e+03 1.412952e+04 2.40028 3.179167e-01
9.150000e-01 2.279600e+00 2.182407e+00 2.579529e+00 1.111301e+01 5.566183e+03 1.412050e+04 2.40253 3.194790e-01
9.140000e-01 2.279600e+00 2.182622e+00 2.579635e+00 1.111557e+01 5.600849e+03 1.411665e+04 2.40531 3.217772e-01
9.130000e-01 2.279600e+00 2.184170e+00 2.581440e+00 1.112188e+01 5.630214e+03 1.410766e+04 2.40761 3.233153e-01
9.120000e-01 2.279600e+00 2.184380e+00 2.581540e+00 1.112444e+01 5.664389e+03 1.410387e+04 2.41034 3.255829e-01
9.110000e-01 2.279600e+00 2.185936e+00 2.583356e+00 1.113078e+01 5.693326e+03 1.409489e+04 2.41271 3.271026e-01
9.100000e-01 2.279600e+00 2.186147e+00 2.583456e+00 1.113335e+01 5.727151e+03 1.409113e+04 2.41541 3.293509e-01
9.090000e-01 2.279600e+00 2.187710e+00 2.585280e+00 1.113972e+01 5.755718e+03 1.408216e+04 2.41784 3.308525e-01
9.080000e-01 2.279600e+00 2.187918e+00 2.585377e+00 1.114230e+01 5.789151e+03 1.407844e+04 2.4205 3.330777e-01
9.070000e-01 2.279600e+00 2.189490e+00 2.587211e+00 1.114871e+01 5.817329e+03 1.406946e+04 2.42299 3.345616e-01
9.060000e-01 2.279600e+00 2.189695e+00 2.587304e+00 1.115130e+01 5.850397e+03 1.406577e+04 2.42562 3.367658e-01
9.050000e-01 2.279600e+00 2.191274e+00 2.589145e+00 1.115774e+01 5.878133e+03 1.405680e+04 2.42816 3.382283e-01
9.040000e-01 2.279600e+00 2.191467e+00 2.589222e+00 1.116033e+01 5.910731e+03 1.405316e+04 2.43072 3.404029e-01
9.030000e-01 2.279600e+00 2.193055e+00 2.591072e+00 1.116679e+01 5.937920e+03 1.404420e+04 2.43333 3.418409e-01
9.020000e-01 2.279600e+00 2.193241e+00 2.591138e+00 1.116938e+01 5.970171e+03 1.404060e+04 2.43586 3.439958e-01
9.010000e-01 2.279600e+00 2.194843e+00 2.593004e+00 1.117590e+01 5.997148e+03 1.403160e+04 2.43854 3.454259e-01
9.000000e-01 2.279600e+00 2.195039e+00 2.593084e+00 1.117853e+01 6.029228e+03 1.402800e+04 2.44109 3.475752e-01
8.990000e-01 2.279600e+00 2.196649e+00 2.594959e+00 1.118510e+01 6.056033e+03 1.401897e+04 2.4438 3.489952e-01
8.980000e-01 2.279600e+00 2.196852e+00 2.595048e+00 1.118775e+01 6.087882e+03 1.401538e+04 2.44636 3.511333e-01
8.970000e-01 2.279600e+00 2.198468e+00 2.596933e+00 1.119436e+01 6.114454e+03 1.400633e+04 2.44909 3.525411e-01
8.960000e-01 2.279600e+00 2.198674e+00 2.597027e+00 1.119703e+01 6.146007e+03 1.400276e+04 2.45164 3.546622e-01
8.950000e-01 2.279600e+00 2.200296e+00 2.598918e+00 1.120366e+01 6.172215e+03 1.399371e+04 2.45441 3.560517e-01
8.940000e-01 2.279600e+00 2.200495e+00 2.599005e+00 1.120632e+01 6.203367e+03 1.399018e+04 2.4569 3.581477e-01
8.930000e-01 2.279600e+00 2.202125e+00 2.600906e+00 1.121297e+01 6.229189e+03 1.398114e+04 2.45974 3.595201e-01
8.920000e-01 2.279600e+00 2.202323e+00 2.600991e+00 1.121565e+01 6.260047e+03 1.397764e+04 2.46221 3.615996e-01
8.910000e-01 2.279600e+00 2.203961e+00 2.602901e+00 1.122234e+01 6.285573e+03 1.396859e+04 2.46509 3.629581e-01
8.900000e-01 2.279600e+00 2.204155e+00 2.602983e+00 1.122502e+01 6.316122e+03 1.396511e+04 2.46753 3.650196e-01
8.890000e-01 2.279600e+00 2.205801e+00 2.604903e+00 1.123174e+01 6.341318e+03 1.395605e+04 2.47046 3.663629e-01
8.880000e-01 2.279600e+00 2.205993e+00 2.604980e+00 1.123443e+01 6.371580e+03 1.395260e+04 2.47288 3.684083e-01
8.870000e-01 2.279600e+00 2.207647e+00 2.606908e+00 1.124119e+01 6.396430e+03 1.394353e+04 2.47585 3.697348e-01
8.860000e-01 2.279600e+00 2.207828e+00 2.606971e+00 1.124388e+01 6.426334e+03 1.394011e+04 2.47822 3.717582e-01
8.850000e-01 2.279600e+00 2.209490e+00 2.608908e+00 1.125066e+01 6.450737e+03 1.393104e+04 2.48125 3.730641e-01
8.840000e-01 2.279600e+00 2.209662e+00 2.608958e+00 1.125335e+01 6.480337e+03 1.392765e+04 2.48359 3.750702e-01
8.830000e-01 2.279600e+00 2.211339e+00 2.610912e+00 1.126019e+01 6.504543e+03 1.391854e+04 2.48668 3.763691e-01
8.820000e-01 2.279600e+00 2.211519e+00 2.610972e+00 1.126291e+01 6.534024e+03 1.391515e+04 2.48904 3.783724e-01
8.810000e-01 2.279600e+00 2.213205e+00 2.612936e+00 1.126981e+01 6.558112e+03 1.390598e+04 2.49216 3.796642e-01
8.800000e-01 2.279600e+00 2.213392e+00 2.613006e+00 1.127256e+01 6.587430e+03 1.390259e+04 2.49454 3.816607e-01
8.790000e-01 2.279600e+00 2.215085e+00 2.614980e+00 1.127950e+01 6.611348e+03 1.389339e+04 2.49769 3.829432e-01
8.780000e-01 2.279600e+00 2.215275e+00 2.615055e+00 1.128227e+01 6.640447e+03 1.389001e+04 2.50006 3.849279e-01
8.770000e-01 2.279600e+00 2.216975e+00 2.617037e+00 1.128924e+01 6.664080e+03 1.388079e+04 2.50323 3.861958e-01
8.760000e-01 2.279600e+00 2.217158e+00 2.617104e+00 1.129201e+01 6.692861e+03 1.387744e+04 2.50557 3.881609e-01
8.750000e-01 2.279600e+00 2.218866e+00 2.619096e+00 1.129901e+01 6.716171e+03 1.386822e+04 2.50879 3.894142e-01
8.740000e-01 2.279600e+00 2.219047e+00 2.619162e+00 1.130179e+01 6.744709e+03 1.386488e+04 2.51111 3.913658e-01
8.730000e-01 2.279600e+00 2.220764e+00 2.621164e+00 1.130882e+01 6.767766e+03 1.385564e+04 2.51438 3.926072e-01
8.720000e-01 2.279600e+00 2.220941e+00 2.621223e+00 1.131161e+01 6.796047e+03 1.385233e+04 2.51667 3.945442e-01
8.710000e-01 2.279600e+00 2.222667e+00 2.623236e+00 1.131867e+01 6.818819e+03 1.384307e+04 2.51998 3.957721e-01
8.700000e-01 2.279600e+00 2.222839e+00 2.623291e+00 1.132147e+01 6.846858e+03 1.383977e+04 2.52225 3.976956e-01
8.690000e-01 2.279600e+00 2.224573e+00 2.625312e+00 1.132857e+01 6.869323e+03 1.383049e+04 2.52561 3.989087e-01
8.680000e-01 2.279600e+00 2.224733e+00 2.625351e+00 1.133137e+01 6.897063e+03 1.382722e+04 2.52783 4.008140e-01
8.670000e-01 2.279600e+00 2.226477e+00 2.627382e+00 1.133849e+01 6.919147e+03 1.381793e+04 2.53124 4.020095e-01
8.660000e-01 2.279600e+00 2.226629e+00 2.627410e+00 1.134130e+01 6.946644e+03 1.381468e+04 2.53343 4.039017e-01
8.650000e-01 2.279600e+00 2.228388e+00 2.629458e+00 1.134848e+01 6.968577e+03 1.380534e+04 2.5369 4.050918e-01
8.640000e-01 2.279600e+00 2.228547e+00 2.629495e+00 1.135132e+01 6.995981e+03 1.380208e+04 2.53912 4.069825e-01
8.630000e-01 2.279600e+00 2.230359e+00 2.631614e+00 1.135866e+01 7.017779e+03 1.379256e+04 2.54268 4.081579e-01
8.620000e-01 2.279600e+00 2.230495e+00 2.631620e+00 1.136146e+01 7.045081e+03 1.378937e+04 2.54487 4.100493e-01
8.610000e-01 2.279600e+00 2.232301e+00 2.633730e+00 1.136882e+01 7.066742e+03 1.377985e+04 2.54843 4.112196e-01
8.600000e-01 2.279600e+00 2.232438e+00 2.633738e+00 1.137164e+01 7.093858e+03 1.377666e+04 2.55062 4.131014e-01
8.590000e-01 2.279600e+00 2.234251e+00 2.635856e+00 1.137902e+01 7.115266e+03 1.376712e+04 2.55421 4.142585e-01
8.580000e-01 2.279600e+00 2.234381e+00 2.635857e+00 1.138185e+01 7.142121e+03 1.376395e+04 2.55637 4.161246e-01
8.570000e-01 2.279600e+00 2.236204e+00 2.637987e+00 1.138927e+01 7.163268e+03 1.375439e+04 2.56001 4.172699e-01
8.560000e-01 2.279600e+00 2.236331e+00 2.637985e+00 1.139210e+01 7.189929e+03 1.375124e+04 2.56215 4.191258e-01
8.550000e-01 2.279600e+00 2.238163e+00 2.640125e+00 1.139956e+01 7.210845e+03 1.374165e+04 2.56583 4.202597e-01
8.540000e-01 2.279600e+00 2.238283e+00 2.640115e+00 1.140240e+01 7.237283e+03 1.373850e+04 2.56795 4.221032e-01
8.530000e-01 2.279600e+00 2.240126e+00 2.642268e+00 1.140990e+01 7.257951e+03 1.372888e+04 2.57167 4.232253e-01
8.520000e-01 2.279600e+00 2.240240e+00 2.642250e+00 1.141275e+01 7.284173e+03 1.372575e+04 2.57376 4.250569e-01
8.510000e-01 2.279600e+00 2.242091e+00 2.644412e+00 1.142028e+01 7.304552e+03 1.371611e+04 2.57753 4.261647e-01
8.500000e-01 2.279600e+00 2.242191e+00 2.644375e+00 1.142312e+01 7.330502e+03 1.371301e+04 2.57957 4.279799e-01
8.490000e-01 2.279600e+00 2.244054e+00 2.646551e+00 1.143069e+01 7.350558e+03 1.370334e+04 2.58339 4.290732e-01
8.480000e-01 2.279600e+00 2.244150e+00 2.646508e+00 1.143355e+01 7.376349e+03 1.370024e+04 2.58543 4.308816e-01
8.470000e-01 2.279600e+00 2.246027e+00 2.648700e+00 1.144119e+01 7.396307e+03 1.369051e+04 2.5893 4.319707e-01
8.460000e-01 2.279600e+00 2.246129e+00 2.648666e+00 1.144408e+01 7.422017e+03 1.368740e+04 2.59136 4.337781e-01
8.450000e-01 2.279600e+00 2.248016e+00 2.650869e+00 1.145177e+01 7.441874e+03 1.367760e+04 2.59525 4.348610e-01
8.440000e-01 2.279600e+00 2.248122e+00 2.650841e+00 1.145469e+01 7.467473e+03 1.367448e+04 2.59733 4.366647e-01
8.430000e-01 2.279600e+00 2.250018e+00 2.653055e+00 1.146244e+01 7.487183e+03 1.366463e+04 2.60125 4.377392e-01
8.420000e-01 2.279600e+00 2.250121e+00 2.653026e+00 1.146537e+01 7.512600e+03 1.366152e+04 2.60331 4.395330e-01
8.410000e-01 2.279600e+00 2.252025e+00 2.655249e+00 1.147315e+01 7.532066e+03 1.365164e+04 2.60726 4.405949e-01
8.400000e-01 2.279600e+00 2.252122e+00 2.655212e+00 1.147608e+01 7.557275e+03 1.364854e+04 2.6093 4.423770e-01
8.390000e-01 2.279600e+00 2.254037e+00 2.657449e+00 1.148391e+01 7.576537e+03 1.363863e+04 2.6133 4.434295e-01
8.380000e-01 2.279600e+00 2.254129e+00 2.657407e+00 1.148685e+01 7.601574e+03 1.363554e+04 2.61532 4.452029e-01
8.370000e-01 2.279600e+00 2.256054e+00 2.659656e+00 1.149472e+01 7.620615e+03 1.362559e+04 2.61935 4.462441e-01
8.360000e-01 2.279600e+00 2.256139e+00 2.659604e+00 1.149767e+01 7.645458e+03 1.362251e+04 2.62135 4.480071e-01
8.350000e-01 2.279600e+00 2.258075e+00 2.661866e+00 1.150558e+01 7.664270e+03 1.361253e+04 2.62543 4.490371e-01
8.340000e-01 2.279600e+00 2.258149e+00 2.661801e+00 1.150853e+01 7.688904e+03 1.360946e+04 2.6274 4.507884e-01
8.330000e-01 2.279600e+00 2.260095e+00 2.664074e+00 1.151648e+01 7.707419e+03 1.359945e+04 2.63152 4.518038e-01
8.320000e-01 2.279600e+00 2.260154e+00 2.663990e+00 1.151942e+01 7.731814e+03 1.359640e+04 2.63345 4.535413e-01
8.310000e-01 2.279600e+00 2.262116e+00 2.666280e+00 1.152742e+01 7.750113e+03 1.358635e+04 2.63763 4.545477e-01
8.300000e-01 2.279600e+00 2.262178e+00 2.666200e+00 1.153040e+01 7.774432e+03 1.358329e+04 2.63957 4.562846e-01
8.290000e-01 2.279600e+00 2.264150e+00 2.668502e+00 1.153847e+01 7.792648e+03 1.357316e+04 2.64378 4.572861e-01
8.280000e-01 2.279600e+00 2.264217e+00 2.668429e+00 1.154147e+01 7.816886e+03 1.357008e+04 2.64575 4.590215e-01
8.270000e-01 2.279600e+00 2.266199e+00 2.670744e+00 1.154960e+01 7.834997e+03 1.355988e+04 2.64999 4.600166e-01
8.260000e-01 2.279600e+00 2.266266e+00 2.670673e+00 1.155263e+01 7.859117e+03 1.355681e+04 2.65195 4.617474e-01
8.250000e-01 2.279600e+00 2.268258e+00 2.672999e+00 1.156081e+01 7.877049e+03 1.354656e+04 2.65622 4.627324e-01
8.240000e-01 2.279600e+00 2.268318e+00 2.672920e+00 1.156385e+01 7.900984e+03 1.354349e+04 2.65816 4.644530e-01
8.230000e-01 2.279600e+00 2.270320e+00 2.675259e+00 1.157207e+01 7.918698e+03 1.353321e+04 2.66247 4.654271e-01
8.220000e-01 2.279600e+00 2.270375e+00 2.675174e+00 1.157511e+01 7.942478e+03 1.353015e+04 2.6644 4.671403e-01
8.210000e-01 2.279600e+00 2.272388e+00 2.677526e+00 1.158338e+01 7.960012e+03 1.351982e+04 2.66875 4.681052e-01
8.200000e-01 2.279600e+00 2.272436e+00 2.677433e+00 1.158644e+01 7.983623e+03 1.351676e+04 2.67066 4.698096e-01
8.190000e-01 2.279600e+00 2.274460e+00 2.679798e+00 1.159475e+01 8.000942e+03 1.350639e+04 2.67505 4.707636e-01
8.180000e-01 2.279600e+00 2.274500e+00 2.679696e+00 1.159781e+01 8.024383e+03 1.350333e+04 2.67693 4.724592e-01
8.170000e-01 2.279600e+00 2.276534e+00 2.682072e+00 1.160617e+01 8.041459e+03 1.349292e+04 2.68136 4.734009e-01
8.160000e-01 2.279600e+00 2.276558e+00 2.681948e+00 1.160923e+01 8.064683e+03 1.348989e+04 2.6832 4.750841e-01
8.150000e-01 2.279600e+00 2.278605e+00 2.684339e+00 1.161763e+01 8.081480e+03 1.347945e+04 2.68768 4.760124e-01
8.140000e-01 2.279600e+00 2.278621e+00 2.684206e+00 1.162070e+01 8.104567e+03 1.347641e+04 2.68951 4.776902e-01
8.130000e-01 2.279600e+00 2.280684e+00 2.686616e+00 1.162917e+01 8.121270e+03 1.346589e+04 2.69404 4.786143e-01
8.120000e-01 2.279600e+00 2.280704e+00 2.686488e+00 1.163227e+01 8.144292e+03 1.346284e+04 2.69589 4.802920e-01
8.110000e-01 2.279600e+00 2.282778e+00 2.688911e+00 1.164082e+01 8.160902e+03 1.345224e+04 2.70045 4.812102e-01
8.100000e-01 2.279600e+00 2.282798e+00 2.688785e+00 1.164395e+01 8.183837e+03 1.344918e+04 2.70231 4.828858e-01
8.090000e-01 2.279600e+00 2.284927e+00 2.691281e+00 1.165265e+01 8.200282e+03 1.343840e+04 2.70696 4.837856e-01
8.080000e-01 2.279600e+00 2.284914e+00 2.691114e+00 1.165573e+01 8.223092e+03 1.343541e+04 2.70876 4.854602e-01
8.070000e-01 2.279600e+00 2.287038e+00 2.693600e+00 1.166444e+01 8.239338e+03 1.342463e+04 2.71343 4.863527e-01
8.060000e-01 2.279600e+00 2.287017e+00 2.693424e+00 1.166753e+01 8.261995e+03 1.342164e+04 2.71521 4.880197e-01
8.050000e-01 2.279600e+00 2.289153e+00 2.695924e+00 1.167630e+01 8.278070e+03 1.341081e+04 2.71992 4.889035e-01
8.040000e-01 2.279600e+00 2.289126e+00 2.695742e+00 1.167940e+01 8.300589e+03 1.340782e+04 2.72169 4.905643e-01
8.030000e-01 2.279600e+00 2.291273e+00 2.698255e+00 1.168822e+01 8.316468e+03 1.339694e+04 2.72644 4.914374e-01
8.020000e-01 2.279600e+00 2.291235e+00 2.698059e+00 1.169133e+01 8.338830e+03 1.339396e+04 2.72818 4.930906e-01
8.010000e-01 2.279600e+00 2.293395e+00 2.700588e+00 1.170020e+01 8.354501e+03 1.338302e+04 2.73297 4.939527e-01
8.000000e-01 2.279600e+00 2.293341e+00 2.700372e+00 1.170330e+01 8.376673e+03 1.338005e+04 2.73468 4.955956e-01
7.990000e-01 2.279600e+00 2.295513e+00 2.702915e+00 1.171222e+01 8.392068e+03 1.336907e+04 2.73951 4.964436e-01
7.980000e-01 2.279600e+00 2.295448e+00 2.702683e+00 1.171533e+01 8.414073e+03 1.336611e+04 2.74119 4.980784e-01
7.970000e-01 2.279600e+00 2.297636e+00 2.705245e+00 1.172431e+01 8.429331e+03 1.335506e+04 2.74608 4.989203e-01
7.960000e-01 2.279600e+00 2.297570e+00 2.705013e+00 1.172745e+01 8.451281e+03 1.335208e+04 2.74777 5.005561e-01
7.950000e-01 2.279600e+00 2.299771e+00 2.707591e+00 1.173651e+01 8.466449e+03 1.334094e+04 2.75269 5.013917e-01
7.940000e-01 2.279600e+00 2.299706e+00 2.707363e+00 1.173968e+01 8.488328e+03 1.333795e+04 2.7544 5.030268e-01
7.930000e-01 2.279600e+00 2.301919e+00 2.709954e+00 1.174882e+01 8.503378e+03 1.332673e+04 2.75935 5.038548e-01
7.920000e-01 2.279600e+00 2.301849e+00 2.709721e+00 1.175200e+01 8.525135e+03 1.332373e+04 2.76104 5.054847e-01
7.910000e-01 2.279600e+00 2.304072e+00 2.712324e+00 1.176119e+01 8.540003e+03 1.331245e+04 2.76603 5.063021e-01
7.900000e-01 2.279600e+00 2.303991e+00 2.712079e+00 1.176437e+01 8.561613e+03 1.330945e+04 2.7677 5.079251e-01
7.890000e-01 2.279600e+00 2.306228e+00 2.714700e+00 1.177363e+01 8.576312e+03 1.329811e+04 2.77273 5.087334e-01
7.880000e-01 2.279600e+00 2.306141e+00 2.714447e+00 1.177683e+01 8.597802e+03 1.329511e+04 2.77438 5.103516e-01
7.870000e-01 2.279600e+00 2.308389e+00 2.717081e+00 1.178614e+01 8.612318e+03 1.328371e+04 2.77945 5.111495e-01
7.860000e-01 2.279600e+00 2.308290e+00 2.716815e+00 1.178934e+01 8.633663e+03 1.328071e+04 2.78108 5.127609e-01
7.850000e-01 2.279600e+00 2.310552e+00 2.719465e+00 1.179871e+01 8.647983e+03 1.326925e+04 2.78619 5.135481e-01
7.840000e-01 2.279600e+00 2.310438e+00 2.719179e+00 1.180192e+01 8.669164e+03 1.326626e+04 2.78778 5.151512e-01
7.830000e-01 2.279600e+00 2.312712e+00 2.721843e+00 1.181133e+01 8.683222e+03 1.325475e+04 2.79294 5.159243e-01
7.820000e-01 2.279600e+00 2.312579e+00 2.721534e+00 1.181453e+01 8.704224e+03 1.325177e+04 2.79449 5.175187e-01
7.810000e-01 2.279600e+00 2.314873e+00 2.724220e+00 1.182402e+01 8.718126e+03 1.324018e+04 2.7997 5.182843e-01
7.800000e-01 2.279600e+00 2.314739e+00 2.723912e+00 1.182725e+01 8.739077e+03 1.323718e+04 2.80127 5.198799e-01
7.790000e-01 2.279600e+00 2.317045e+00 2.726612e+00 1.183683e+01 8.752887e+03 1.322550e+04 2.80651 5.206390e-01
7.780000e-01 2.279600e+00 2.316909e+00 2.726303e+00 1.184009e+01 8.773772e+03 1.322248e+04 2.80808 5.222344e-01
7.770000e-01 2.279600e+00 2.319228e+00 2.729019e+00 1.184974e+01 8.787468e+03 1.321070e+04 2.81336 5.229857e-01
7.760000e-01 2.279600e+00 2.319087e+00 2.728705e+00 1.185302e+01 8.808244e+03 1.320767e+04 2.81492 5.245770e-01
7.750000e-01 2.279600e+00 2.321416e+00 2.731434e+00 1.186273e+01 8.821771e+03 1.319583e+04 2.82023 5.253178e-01
7.740000e-01 2.279600e+00 2.321263e+00 2.731105e+00 1.186602e+01 8.842410e+03 1.319280e+04 2.82177 5.269031e-01
7.730000e-01 2.279600e+00 2.323607e+00 2.733852e+00 1.187580e+01 8.855772e+03 1.318088e+04 2.82712 5.276344e-01
7.720000e-01 2.279600e+00 2.324716e+00 2.735080e+00 1.188240e+01 8.872679e+03 1.317332e+04 2.83058 5.287833e-01
7.710000e-01 2.279600e+00 2.324542e+00 2.734727e+00 1.188568e+01 8.893133e+03 1.317031e+04 2.83209 5.303640e-01
7.700000e-01 2.279600e+00 2.326900e+00 2.737488e+00 1.189554e+01 8.906226e+03 1.315830e+04 2.8375 5.310812e-01
7.690000e-01 2.279600e+00 2.328010e+00 2.738717e+00 1.190219e+01 8.922887e+03 1.315069e+04 2.84097 5.322173e-01
7.680000e-01 2.279600e+00 2.329108e+00 2.739929e+00 1.190882e+01 8.939433e+03 1.314311e+04 2.84443 5.333516e-01
7.670000e-01 2.279600e+00 2.330203e+00 2.741137e+00 1.191546e+01 8.955873e+03 1.313553e+04 2.8479 5.344804e-01
7.660000e-01 2.279600e+00 2.331297e+00 2.742342e+00 1.192212e+01 8.972217e+03 1.312792e+04 2.85136 5.356046e-01
7.650000e-01 2.279600e+00 2.332394e+00 2.743551e+00 1.192880e+01 8.988535e+03 1.312029e+04 2.85484 5.367280e-01
7.640000e-01 2.279600e+00 2.333493e+00 2.744764e+00 1.193552e+01 9.004823e+03 1.311262e+04 2.85833 5.378502e-01
7.630000e-01 2.279600e+00 2.334595e+00 2.745979e+00 1.194226e+01 9.021055e+03 1.310491e+04 2.86182 5.389699e-01
7.620000e-01 2.279600e+00 2.335700e+00 2.747200e+00 1.194904e+01 9.037257e+03 1.309718e+04 2.86533 5.400882e-01
7.610000e-01 2.279600e+00 2.336806e+00 2.748422e+00 1.195584e+01 9.053401e+03 1.308941e+04 2.86884 5.412034e-01
7.600000e-01 2.279600e+00 2.337912e+00 2.749643e+00 1.196266e+01 9.069463e+03 1.308162e+04 2.87236 5.423145e-01
7.590000e-01 2.279600e+00 2.339020e+00 2.750868e+00 1.196950e+01 9.085460e+03 1.307382e+04 2.87588 5.434219e-01
7.580000e-01 2.279600e+00 2.340128e+00 2.752094e+00 1.197636e+01 9.101381e+03 1.306599e+04 2.8794 5.445254e-01
7.570000e-01 2.279600e+00 2.341235e+00 2.753317e+00 1.198324e+01 9.117233e+03 1.305813e+04 2.88293 5.456256e-01
7.560000e-01 2.279600e+00 2.342345e+00 2.754545e+00 1.199014e+01 9.133027e+03 1.305026e+04 2.88647 5.467225e-01
7.550000e-01 2.279600e+00 2.343496e+00 2.755828e+00 1.199716e+01 9.148702e+03 1.304225e+04 2.89006 5.478042e-01
7.540000e-01 2.279600e+00 2.344564e+00 2.756999e+00 1.200401e+01 9.164364e+03 1.303443e+04 2.89355 5.489031e-01
7.530000e-01 2.279600e+00 2.345713e+00 2.758280e+00 1.201106e+01 9.179878e+03 1.302638e+04 2.89714 5.499764e-01
7.520000e-01 2.279600e+00 2.346821e+00 2.759505e+00 1.201804e+01 9.195311e+03 1.301843e+04 2.90068 5.510540e-01
7.510000e-01 2.279600e+00 2.347926e+00 2.760726e+00 1.202502e+01 9.210644e+03 1.301046e+04 2.90423 5.521265e-01
7.500000e-01 2.279600e+00 2.349031e+00 2.761945e+00 1.203203e+01 9.225910e+03 1.300247e+04 2.90777 5.531957e-01
7.490000e-01 2.279600e+00 2.350137e+00 2.763167e+00 1.203907e+01 9.241141e+03 1.299443e+04 2.91132 5.542637e-01
7.480000e-01 2.279600e+00 2.351247e+00 2.764393e+00 1.204614e+01 9.256337e+03 1.298636e+04 2.91488 5.553302e-01
7.470000e-01 2.279600e+00 2.352359e+00 2.765623e+00 1.205325e+01 9.271488e+03 1.297826e+04 2.91846 5.563945e-01
7.460000e-01 2.279600e+00 2.353472e+00 2.766854e+00 1.206038e+01 9.286588e+03 1.297011e+04 2.92204 5.574563e-01
7.450000e-01 2.279600e+00 2.354586e+00 2.768087e+00 1.206755e+01 9.301630e+03 1.296194e+04 2.92562 5.585148e-01
7.440000e-01 2.279600e+00 2.355701e+00 2.769322e+00 1.207473e+01 9.316596e+03 1.295375e+04 2.92921 5.595694e-01
7.430000e-01 2.279600e+00 2.356815e+00 2.770555e+00 1.208193e+01 9.331487e+03 1.294553e+04 2.93279 5.606200e-01
7.420000e-01 2.279600e+00 2.357930e+00 2.771789e+00 1.208916e+01 9.346316e+03 1.293728e+04 2.93639 5.616673e-01
7.410000e-01 2.279600e+00 2.359044e+00 2.773024e+00 1.209641e+01 9.361078e+03 1.292901e+04 2.93998 5.627110e-01
7.400000e-01 2.279600e+00 2.360160e+00 2.774260e+00 1.210368e+01 9.375770e+03 1.292071e+04 2.94358 5.637511e-01
7.390000e-01 2.279600e+00 2.361275e+00 2.775495e+00 1.211098e+01 9.390380e+03 1.291239e+04 2.94718 5.647869e-01
7.380000e-01 2.279600e+00 2.362388e+00 2.776729e+00 1.211829e+01 9.404915e+03 1.290404e+04 2.95079 5.658186e-01
7.370000e-01 2.279600e+00 2.363500e+00 2.777960e+00 1.212563e+01 9.419348e+03 1.289567e+04 2.95439 5.668448e-01
7.360000e-01 2.279600e+00 2.364610e+00 2.779189e+00 1.213297e+01 9.433672e+03 1.288729e+04 2.95799 5.678651e-01
7.350000e-01 2.279600e+00 2.365719e+00 2.780415e+00 1.214033e+01 9.447915e+03 1.287889e+04 2.96159 5.688812e-01
7.340000e-01 2.279600e+00 2.366828e+00 2.781642e+00 1.214773e+01 9.462115e+03 1.287045e+04 2.96519 5.698957e-01
7.330000e-01 2.279600e+00 2.367939e+00 2.782873e+00 1.215516e+01 9.476276e+03 1.286196e+04 2.96881 5.709084e-01
7.320000e-01 2.279600e+00 2.369053e+00 2.784106e+00 1.216263e+01 9.490391e+03 1.285344e+04 2.97244 5.719189e-01
7.310000e-01 2.279600e+00 2.370168e+00 2.785343e+00 1.217013e+01 9.504458e+03 1.284488e+04 2.97607 5.729272e-01
7.300000e-01 2.279600e+00 2.371283e+00 2.786580e+00 1.217767e+01 9.518467e+03 1.283629e+04 2.97971 5.739323e-01
7.290000e-01 2.279600e+00 2.372399e+00 2.787818e+00 1.218522e+01 9.532402e+03 1.282767e+04 2.98335 5.749335e-01
7.280000e-01 2.279600e+00 2.373514e+00 2.789056e+00 1.219280e+01 9.546261e+03 1.281903e+04 2.98699 5.759306e-01
7.270000e-01 2.279600e+00 2.374630e+00 2.790295e+00 1.220041e+01 9.560054e+03 1.281036e+04 2.99063 5.769244e-01
7.260000e-01 2.279600e+00 2.375745e+00 2.791534e+00 1.220804e+01 9.573785e+03 1.280165e+04 2.99428 5.779150e-01
7.250000e-01 2.279600e+00 2.376860e+00 2.792773e+00 1.221570e+01 9.587441e+03 1.279292e+04 2.99793 5.789016e-01
7.240000e-01 2.279600e+00 2.377975e+00 2.794011e+00 1.222339e+01 9.601018e+03 1.278416e+04 3.00159 5.798839e-01
7.230000e-01 2.279600e+00 2.379089e+00 2.795249e+00 1.223109e+01 9.614523e+03 1.277538e+04 3.00524 5.808625e-01
7.220000e-01 2.279600e+00 2.380200e+00 2.796484e+00 1.223882e+01 9.627928e+03 1.276657e+04 3.0089 5.818357e-01
7.210000e-01 2.279600e+00 2.381309e+00 2.797715e+00 1.224656e+01 9.641223e+03 1.275775e+04 3.01255 5.828029e-01
7.200000e-01 2.279600e+00 2.382416e+00 2.798943e+00 1.225432e+01 9.654432e+03 1.274891e+04 3.0162 5.837655e-01
7.190000e-01 2.279600e+00 2.383522e+00 2.800172e+00 1.226212e+01 9.667595e+03 1.274003e+04 3.01985 5.847262e-01
7.180000e-01 2.279600e+00 2.384670e+00 2.801457e+00 1.227005e+01 9.680680e+03 1.273098e+04 3.02356 5.856736e-01
7.170000e-01 2.279600e+00 2.385782e+00 2.802693e+00 1.227792e+01 9.693751e+03 1.272201e+04 3.02724 5.866296e-01
7.160000e-01 2.279600e+00 2.386893e+00 2.803929e+00 1.228583e+01 9.706772e+03 1.271299e+04 3.03091 5.875832e-01
7.150000e-01 2.279600e+00 2.388004e+00 2.805165e+00 1.229377e+01 9.719736e+03 1.270394e+04 3.03459 5.885338e-01
7.140000e-01 2.279600e+00 2.389114e+00 2.806401e+00 1.230174e+01 9.732626e+03 1.269485e+04 3.03827 5.894801e-01
7.130000e-01 2.279600e+00 2.390224e+00 2.807637e+00 1.230974e+01 9.745442e+03 1.268574e+04 3.04194 5.904225e-01
7.120000e-01 2.279600e+00 2.391333e+00 2.808872e+00 1.231776e+01 9.758191e+03 1.267659e+04 3.04562 5.913612e-01
7.110000e-01 2.279600e+00 2.392441e+00 2.810106e+00 1.232581e+01 9.770880e+03 1.266740e+04 3.0493 5.922966e-01
7.100000e-01 2.279600e+00 2.393548e+00 2.811340e+00 1.233390e+01 9.783495e+03 1.265818e+04 3.05298 5.932277e-01
7.090000e-01 2.279600e+00 2.394653e+00 2.812571e+00 1.234200e+01 9.796032e+03 1.264892e+04 3.05666 5.941543e-01
7.080000e-01 2.279600e+00 2.395757e+00 2.813801e+00 1.235014e+01 9.808495e+03 1.263963e+04 3.06034 5.950770e-01
7.070000e-01 2.279600e+00 2.396858e+00 2.815027e+00 1.235829e+01 9.820858e+03 1.263032e+04 3.06401 5.959938e-01
7.060000e-01 2.279600e+00 2.397955e+00 2.816248e+00 1.236645e+01 9.833116e+03 1.262098e+04 3.06767 5.969046e-01
7.050000e-01 2.279600e+00 2.399049e+00 2.817464e+00 1.237464e+01 9.845291e+03 1.261162e+04 3.07133 5.978109e-01
7.040000e-01 2.279600e+00 2.400143e+00 2.818681e+00 1.238287e+01 9.857425e+03 1.260220e+04 3.07499 5.987152e-01
7.030000e-01 2.279600e+00 2.401238e+00 2.819899e+00 1.239114e+01 9.869511e+03 1.259274e+04 3.07866 5.996170e-01
7.020000e-01 2.279600e+00 2.402333e+00 2.821118e+00 1.239945e+01 9.881549e+03 1.258322e+04 3.08233 6.005159e-01
7.010000e-01 2.279600e+00 2.403427e+00 2.822336e+00 1.240780e+01 9.893530e+03 1.257365e+04 3.086 6.014116e-01
7.000000e-01 2.279600e+00 2.404521e+00 2.823555e+00 1.241618e+01 9.905451e+03 1.256404e+04 3.08966 6.023037e-01
6.990000e-01 2.279600e+00 2.405614e+00 2.824773e+00 1.242459e+01 9.917299e+03 1.255440e+04 3.09333 6.031914e-01
6.980000e-01 2.279600e+00 2.406703e+00 2.825986e+00 1.243303e+01 9.929071e+03 1.254471e+04 3.09699 6.040746e-01
6.970000e-01 2.279600e+00 2.407792e+00 2.827200e+00 1.244150e+01 9.940780e+03 1.253498e+04 3.10065 6.049541e-01
6.960000e-01 2.279600e+00 2.408879e+00 2.828412e+00 1.245000e+01 9.952425e+03 1.252521e+04 3.1043 6.058298e-01
6.950000e-01 2.279600e+00 2.409964e+00 2.829622e+00 1.245853e+01 9.963994e+03 1.251540e+04 3.10796 6.067011e-01
6.940000e-01 2.279600e+00 2.411046e+00 2.830828e+00 1.246709e+01 9.975480e+03 1.250555e+04 3.11161 6.075675e-01
6.930000e-01 2.279600e+00 2.412126e+00 2.832032e+00 1.247568e+01 9.986892e+03 1.249566e+04 3.11525 6.084294e-01
6.920000e-01 2.279600e+00 2.413202e+00 2.833230e+00 1.248428e+01 9.998194e+03 1.248576e+04 3.11888 6.092848e-01
6.910000e-01 2.279600e+00 2.414273e+00 2.834423e+00 1.249291e+01 1.000939e+04 1.247583e+04 3.12251 6.101346e-01
6.900000e-01 2.279600e+00 2.415378e+00 2.835662e+00 1.250166e+01 1.002049e+04 1.246574e+04 3.12618 6.109693e-01
6.890000e-01 2.279600e+00 2.416448e+00 2.836854e+00 1.251036e+01 1.003158e+04 1.245570e+04 3.1298 6.118126e-01
6.880000e-01 2.279600e+00 2.417517e+00 2.838044e+00 1.251911e+01 1.004261e+04 1.244561e+04 3.13343 6.126532e-01
6.870000e-01 2.279600e+00 2.418585e+00 2.839236e+00 1.252790e+01 1.005359e+04 1.243547e+04 3.13705 6.134908e-01
6.860000e-01 2.279600e+00 2.419652e+00 2.840426e+00 1.253674e+01 1.006451e+04 1.242528e+04 3.14068 6.143250e-01
6.850000e-01 2.279600e+00 2.420716e+00 2.841613e+00 1.254560e+01 1.007536e+04 1.241504e+04 3.1443 6.151545e-01
6.840000e-01 2.279600e+00 2.421779e+00 2.842800e+00 1.255450e+01 1.008613e+04 1.240477e+04 3.14792 6.159797e-01
6.830000e-01 2.279600e+00 2.422839e+00 2.843985e+00 1.256343e+01 1.009682e+04 1.239446e+04 3.15153 6.168007e-01
6.820000e-01 2.279600e+00 2.423897e+00 2.845167e+00 1.257241e+01 1.010745e+04 1.238410e+04 3.15514 6.176179e-01
6.810000e-01 2.279600e+00 2.424952e+00 2.846345e+00 1.258141e+01 1.011801e+04 1.237369e+04 3.15875 6.184302e-01
6.800000e-01 2.279600e+00 2.426004e+00 2.847521e+00 1.259045e+01 1.012849e+04 1.236324e+04 3.16234 6.192379e-01
6.790000e-01 2.279600e+00 2.427053e+00 2.848693e+00 1.259952e+01 1.013888e+04 1.235274e+04 3.16593 6.200408e-01
6.780000e-01 2.279600e+00 2.428097e+00 2.849859e+00 1.260860e+01 1.014918e+04 1.234222e+04 3.16951 6.208374e-01
6.770000e-01 2.279600e+00 2.429135e+00 2.851016e+00 1.261771e+01 1.015937e+04 1.233166e+04 3.17307 6.216276e-01
6.760000e-01 2.279600e+00 2.430168e+00 2.852168e+00 1.262685e+01 1.016948e+04 1.232107e+04 3.17662 6.224127e-01
6.750000e-01 2.279600e+00 2.431200e+00 2.853319e+00 1.263604e+01 1.017955e+04 1.231041e+04 3.18017 6.231952e-01
6.740000e-01 2.279600e+00 2.432230e+00 2.854468e+00 1.264527e+01 1.018955e+04 1.229968e+04 3.18371 6.239742e-01
6.730000e-01 2.279600e+00 2.433258e+00 2.855616e+00 1.265455e+01 1.019949e+04 1.228890e+04 3.18725 6.247492e-01
6.720000e-01 2.279600e+00 2.434283e+00 2.856761e+00 1.266388e+01 1.020938e+04 1.227805e+04 3.19078 6.255203e-01
6.710000e-01 2.279600e+00 2.435306e+00 2.857904e+00 1.267324e+01 1.021919e+04 1.226715e+04 3.19431 6.262869e-01
6.700000e-01 2.279600e+00 2.436324e+00 2.859042e+00 1.268264e+01 1.022893e+04 1.225621e+04 3.19782 6.270482e-01
6.690000e-01 2.279600e+00 2.437340e+00 2.860177e+00 1.269207e+01 1.023859e+04 1.224521e+04 3.20132 6.278048e-01
6.680000e-01 2.279600e+00 2.438385e+00 2.861354e+00 1.270164e+01 1.024814e+04 1.223405e+04 3.20486 6.285454e-01
6.670000e-01 2.279600e+00 2.439394e+00 2.862482e+00 1.271116e+01 1.025766e+04 1.222294e+04 3.20834 6.292920e-01
6.660000e-01 2.279600e+00 2.440399e+00 2.863606e+00 1.272071e+01 1.026710e+04 1.221178e+04 3.21182 6.300340e-01
6.650000e-01 2.279600e+00 2.441398e+00 2.864724e+00 1.273030e+01 1.027645e+04 1.220058e+04 3.21528 6.307709e-01
6.640000e-01 2.279600e+00 2.442392e+00 2.865835e+00 1.273991e+01 1.028571e+04 1.218934e+04 3.21873 6.315015e-01
6.630000e-01 2.279600e+00 2.443380e+00 2.866937e+00 1.274955e+01 1.029486e+04 1.217806e+04 3.22215 6.322254e-01
6.620000e-01 2.279600e+00 2.444361e+00 2.868032e+00 1.275921e+01 1.030391e+04 1.216675e+04 3.22557 6.329435e-01
6.610000e-01 2.279600e+00 2.445340e+00 2.869124e+00 1.276893e+01 1.031292e+04 1.215537e+04 3.22898 6.336587e-01
6.600000e-01 2.279600e+00 2.446315e+00 2.870214e+00 1.277870e+01 1.032186e+04 1.214391e+04 3.23238 6.343699e-01
6.590000e-01 2.279600e+00 2.447288e+00 2.871300e+00 1.278852e+01 1.033073e+04 1.213240e+04 3.23577 6.350765e-01
6.580000e-01 2.279600e+00 2.448257e+00 2.872385e+00 1.279840e+01 1.033955e+04 1.212082e+04 3.23915 6.357791e-01
6.570000e-01 2.279600e+00 2.449223e+00 2.873466e+00 1.280832e+01 1.034828e+04 1.210918e+04 3.24253 6.364768e-01
6.560000e-01 2.279600e+00 2.450184e+00 2.874542e+00 1.281827e+01 1.035693e+04 1.209749e+04 3.24589 6.371692e-01
6.550000e-01 2.279600e+00 2.451140e+00 2.875612e+00 1.282827e+01 1.036550e+04 1.208575e+04 3.24924 6.378563e-01
6.540000e-01 2.279600e+00 2.452092e+00 2.876679e+00 1.283832e+01 1.037400e+04 1.207395e+04 3.25257 6.385390e-01
6.530000e-01 2.279600e+00 2.453039e+00 2.877741e+00 1.284841e+01 1.038242e+04 1.206209e+04 3.2559 6.392162e-01
6.520000e-01 2.279600e+00 2.453981e+00 2.878797e+00 1.285855e+01 1.039076e+04 1.205018e+04 3.25921 6.398881e-01
6.510000e-01 2.279600e+00 2.454917e+00 2.879846e+00 1.286872e+01 1.039900e+04 1.203822e+04 3.2625 6.405540e-01
6.500000e-01 2.279600e+00 2.455846e+00 2.880888e+00 1.287892e+01 1.040715e+04 1.202622e+04 3.26577 6.412135e-01
6.490000e-01 2.279600e+00 2.456768e+00 2.881919e+00 1.288914e+01 1.041519e+04 1.201418e+04 3.26902 6.418658e-01
6.480000e-01 2.279600e+00 2.457715e+00 2.882986e+00 1.289949e+01 1.042309e+04 1.200198e+04 3.2723 6.425009e-01
6.470000e-01 2.279600e+00 2.458626e+00 2.884006e+00 1.290982e+01 1.043098e+04 1.198981e+04 3.27552 6.431429e-01
6.460000e-01 2.279600e+00 2.459531e+00 2.885020e+00 1.292020e+01 1.043881e+04 1.197755e+04 3.27872 6.437805e-01
6.450000e-01 2.279600e+00 2.460431e+00 2.886026e+00 1.293063e+01 1.044656e+04 1.196523e+04 3.2819 6.444124e-01
6.440000e-01 2.279600e+00 2.461325e+00 2.887029e+00 1.294112e+01 1.045424e+04 1.195282e+04 3.28507 6.450394e-01
6.430000e-01 2.279600e+00 2.462213e+00 2.888023e+00 1.295166e+01 1.046184e+04 1.194035e+04 3.28821 6.456603e-01
6.420000e-01 2.279600e+00 2.463095e+00 2.889012e+00 1.296224e+01 1.046936e+04 1.192782e+04 3.29134 6.462752e-01
6.410000e-01 2.279600e+00 2.463970e+00 2.889993e+00 1.297286e+01 1.047680e+04 1.191523e+04 3.29444 6.468844e-01
6.400000e-01 2.279600e+00 2.464839e+00 2.890968e+00 1.298355e+01 1.048415e+04 1.190257e+04 3.29753 6.474883e-01
6.390000e-01 2.279600e+00 2.465703e+00 2.891937e+00 1.299427e+01 1.049143e+04 1.188984e+04 3.3006 6.480862e-01
6.380000e-01 2.279600e+00 2.466559e+00 2.892898e+00 1.300505e+01 1.049861e+04 1.187706e+04 3.30364 6.486780e-01
6.370000e-01 2.279600e+00 2.467408e+00 2.893851e+00 1.301586e+01 1.050570e+04 1.186422e+04 3.30667 6.492635e-01
6.360000e-01 2.279600e+00 2.468248e+00 2.894793e+00 1.302671e+01 1.051268e+04 1.185134e+04 3.30967 6.498413e-01
6.350000e-01 2.279600e+00 2.469079e+00 2.895724e+00 1.303758e+01 1.051955e+04 1.183843e+04 3.31264 6.504121e-01
6.340000e-01 2.279600e+00 2.469902e+00 2.896645e+00 1.304850e+01 1.052634e+04 1.182543e+04 3.31559 6.509773e-01
6.330000e-01 2.279600e+00 2.470750e+00 2.897602e+00 1.305959e+01 1.053303e+04 1.181224e+04 3.31855 6.515262e-01
6.320000e-01 2.279600e+00 2.471561e+00 2.898511e+00 1.307065e+01 1.053968e+04 1.179906e+04 3.32146 6.520794e-01
6.310000e-01 2.279600e+00 2.472364e+00 2.899411e+00 1.308177e+01 1.054625e+04 1.178581e+04 3.32433 6.526272e-01
6.300000e-01 2.279600e+00 2.473158e+00 2.900302e+00 1.309294e+01 1.055275e+04 1.177246e+04 3.32718 6.531685e-01
6.290000e-01 2.279600e+00 2.473944e+00 2.901183e+00 1.310417e+01 1.055916e+04 1.175905e+04 3.32999 6.537026e-01
6.280000e-01 2.279600e+00 2.474721e+00 2.902055e+00 1.311544e+01 1.056548e+04 1.174557e+04 3.33278 6.542297e-01
6.270000e-01 2.279600e+00 2.475490e+00 2.902917e+00 1.312677e+01 1.057172e+04 1.173200e+04 3.33554 6.547507e-01
6.260000e-01 2.279600e+00 2.476251e+00 2.903771e+00 1.313816e+01 1.057787e+04 1.171836e+04 3.33826 6.552649e-01
6.250000e-01 2.279600e+00 2.477004e+00 2.904616e+00 1.314961e+01 1.058393e+04 1.170465e+04 3.34097 6.557725e-01
6.240000e-01 2.279600e+00 2.477747e+00 2.905450e+00 1.316109e+01 1.058989e+04 1.169087e+04 3.34364 6.562730e-01
6.230000e-01 2.279600e+00 2.478481e+00 2.906273e+00 1.317262e+01 1.059575e+04 1.167705e+04 3.34629 6.567660e-01
6.220000e-01 2.279600e+00 2.479206e+00 2.907085e+00 1.318419e+01 1.060150e+04 1.166318e+04 3.3489 6.572514e-01
6.210000e-01 2.279600e+00 2.479920e+00 2.907885e+00 1.319579e+01 1.060714e+04 1.164927e+04 3.35149 6.577301e-01
6.200000e-01 2.279600e+00 2.480626e+00 2.908676e+00 1.320748e+01 1.061271e+04 1.163524e+04 3.35405 6.582034e-01
6.190000e-01 2.279600e+00 2.481353e+00 2.909497e+00 1.321933e+01 1.061816e+04 1.162102e+04 3.35661 6.586585e-01
6.180000e-01 2.279600e+00 2.482043e+00 2.910272e+00 1.323116e+01 1.062356e+04 1.160681e+04 3.35911 6.591176e-01
6.170000e-01 2.279600e+00 2.482723e+00 2.911035e+00 1.324306e+01 1.062888e+04 1.159252e+04 3.36158 6.595704e-01
6.160000e-01 2.279600e+00 2.483394e+00 2.911789e+00 1.325501e+01 1.063411e+04 1.157814e+04 3.36401 6.600159e-01
6.150000e-01 2.279600e+00 2.484055e+00 2.912531e+00 1.326703e+01 1.063924e+04 1.156370e+04 3.36641 6.604540e-01
6.140000e-01 2.279600e+00 2.484706e+00 2.913264e+00 1.327910e+01 1.064429e+04 1.154917e+04 3.36878 6.608852e-01
6.130000e-01 2.279600e+00 2.485347e+00 2.913985e+00 1.329125e+01 1.064924e+04 1.153455e+04 3.37111 6.613093e-01
6.120000e-01 2.279600e+00 2.485979e+00 2.914696e+00 1.330345e+01 1.065410e+04 1.151986e+04 3.37341 6.617260e-01
6.110000e-01 2.279600e+00 2.486600e+00 2.915396e+00 1.331571e+01 1.065885e+04 1.150510e+04 3.37567 6.621349e-01
6.100000e-01 2.279600e+00 2.487209e+00 2.916081e+00 1.332802e+01 1.066350e+04 1.149027e+04 3.3779 6.625357e-01
6.090000e-01 2.279600e+00 2.487805e+00 2.916750e+00 1.334036e+01 1.066804e+04 1.147539e+04 3.38008 6.629271e-01
6.080000e-01 2.279600e+00 2.488387e+00 2.917402e+00 1.335275e+01 1.067246e+04 1.146045e+04 3.38221 6.633099e-01
6.070000e-01 2.279600e+00 2.488959e+00 2.918042e+00 1.336523e+01 1.067681e+04 1.144540e+04 3.3843 6.636861e-01
6.060000e-01 2.279600e+00 2.489547e+00 2.918707e+00 1.337787e+01 1.068102e+04 1.143013e+04 3.38639 6.640430e-01
6.050000e-01 2.279600e+00 2.490096e+00 2.919324e+00 1.339050e+01 1.068519e+04 1.141486e+04 3.3884 6.644023e-01
6.040000e-01 2.279600e+00 2.490633e+00 2.919926e+00 1.340321e+01 1.068927e+04 1.139948e+04 3.39036 6.647540e-01
6.030000e-01 2.279600e+00 2.491158e+00 2.920515e+00 1.341599e+01 1.069325e+04 1.138402e+04 3.39227 6.650970e-01
6.020000e-01 2.279600e+00 2.491670e+00 2.921090e+00 1.342883e+01 1.069713e+04 1.136847e+04 3.39414 6.654316e-01
6.010000e-01 2.279600e+00 2.492169e+00 2.921651e+00 1.344174e+01 1.070091e+04 1.135283e+04 3.39597 6.657578e-01
6.000000e-01 2.279600e+00 2.492657e+00 2.922198e+00 1.345473e+01 1.070459e+04 1.133709e+04 3.39775 6.660759e-01
5.990000e-01 2.279600e+00 2.493135e+00 2.922736e+00 1.346779e+01 1.070818e+04 1.132128e+04 3.3995 6.663864e-01
5.980000e-01 2.279600e+00 2.493600e+00 2.923259e+00 1.348092e+01 1.071166e+04 1.130539e+04 3.4012 6.666885e-01
5.970000e-01 2.279600e+00 2.494052e+00 2.923767e+00 1.349410e+01 1.071502e+04 1.128943e+04 3.40287 6.669820e-01
5.960000e-01 2.279600e+00 2.494493e+00 2.924262e+00 1.350733e+01 1.071826e+04 1.127344e+04 3.40449 6.672670e-01
5.950000e-01 2.279600e+00 2.494920e+00 2.924740e+00 1.352060e+01 1.072140e+04 1.125738e+04 3.40608 6.675437e-01
5.940000e-01 2.279600e+00 2.495359e+00 2.925239e+00 1.353407e+01 1.072439e+04 1.124110e+04 3.40764 6.678014e-01
5.930000e-01 2.279600e+00 2.495763e+00 2.925694e+00 1.354755e+01 1.072733e+04 1.122480e+04 3.40914 6.680619e-01
5.920000e-01 2.279600e+00 2.496152e+00 2.926132e+00 1.356110e+01 1.073018e+04 1.120841e+04 3.41058 6.683138e-01
5.910000e-01 2.279600e+00 2.496526e+00 2.926552e+00 1.357475e+01 1.073293e+04 1.119189e+04 3.41196 6.685560e-01
5.900000e-01 2.279600e+00 2.496886e+00 2.926957e+00 1.358848e+01 1.073557e+04 1.117528e+04 3.4133 6.687889e-01
5.890000e-01 2.279600e+00 2.497232e+00 2.927346e+00 1.360228e+01 1.073810e+04 1.115858e+04 3.41458 6.690122e-01
5.880000e-01 2.279600e+00 2.497561e+00 2.927717e+00 1.361616e+01 1.074054e+04 1.114177e+04 3.41579 6.692255e-01
5.870000e-01 2.279600e+00 2.497874e+00 2.928068e+00 1.363013e+01 1.074287e+04 1.112484e+04 3.41694 6.694285e-01
5.860000e-01 2.279600e+00 2.498173e+00 2.928405e+00 1.364417e+01 1.074509e+04 1.110782e+04 3.41804 6.696220e-01
5.850000e-01 2.279600e+00 2.498456e+00 2.928722e+00 1.365829e+01 1.074720e+04 1.109072e+04 3.41908 6.698050e-01
5.840000e-01 2.279600e+00 2.498722e+00 2.929019e+00 1.367246e+01 1.074919e+04 1.107353e+04 3.42006 6.699776e-01
5.830000e-01 2.279600e+00 2.495833e+00 2.925798e+00 1.367615e+01 1.076096e+04 1.106975e+04 3.41634 6.715340e-01
5.820000e-01 2.279600e+00 2.499245e+00 2.929608e+00 1.370108e+01 1.075276e+04 1.103893e+04 3.42193 6.702879e-01
5.810000e-01 2.279600e+00 2.496282e+00 2.926305e+00 1.370474e+01 1.076447e+04 1.103514e+04 3.41807 6.718516e-01
5.800000e-01 2.279600e+00 2.499686e+00 2.930102e+00 1.373003e+01 1.075596e+04 1.100397e+04 3.42359 6.705749e-01
5.790000e-01 2.279600e+00 2.496671e+00 2.926746e+00 1.373371e+01 1.076759e+04 1.100016e+04 3.41962 6.721415e-01
5.780000e-01 2.279600e+00 2.500074e+00 2.930540e+00 1.375938e+01 1.075875e+04 1.096859e+04 3.42505 6.708267e-01
5.770000e-01 2.279600e+00 2.496980e+00 2.927096e+00 1.376305e+01 1.077029e+04 1.096474e+04 3.42089 6.723945e-01
5.760000e-01 2.279600e+00 2.500398e+00 2.930906e+00 1.378908e+01 1.076108e+04 1.093280e+04 3.42627 6.710375e-01
5.750000e-01 2.279600e+00 2.497228e+00 2.927380e+00 1.379274e+01 1.077255e+04 1.092892e+04 3.42194 6.726064e-01
5.740000e-01 2.279600e+00 2.500673e+00 2.931221e+00 1.381926e+01 1.076291e+04 1.089644e+04 3.42723 6.711925e-01
5.730000e-01 2.279600e+00 2.497417e+00 2.927596e+00 1.382288e+01 1.077431e+04 1.089256e+04 3.4227 6.727648e-01
5.720000e-01 2.279600e+00 2.500854e+00 2.931424e+00 1.384970e+01 1.076433e+04 1.085977e+04 3.4279 6.713134e-01
5.710000e-01 2.279600e+00 2.497508e+00 2.927691e+00 1.385328e+01 1.077562e+04 1.085588e+04 3.42313 6.728833e-01
5.700000e-01 2.279600e+00 2.500973e+00 2.931552e+00 1.388040e+01 1.076526e+04 1.082286e+04 3.42833 6.713936e-01
5.690000e-01 2.279600e+00 2.497556e+00 2.927739e+00 1.388397e+01 1.077646e+04 1.081895e+04 3.42342 6.729653e-01
5.680000e-01 2.279600e+00 2.501034e+00 2.931616e+00 1.391153e+01 1.076574e+04 1.078554e+04 3.42858 6.714390e-01
5.670000e-01 2.279600e+00 2.497563e+00 2.927749e+00 1.391513e+01 1.077685e+04 1.078159e+04 3.42356 6.730145e-01
5.660000e-01 2.279600e+00 2.501039e+00 2.931625e+00 1.394313e+01 1.076576e+04 1.074778e+04 3.42864 6.714484e-01
5.668775e-01 2.279600e+00 2.501443e+00 2.932164e+00 1.393067e+01 1.076489e+04 1.076275e+04 3.42907 6.712619e-01
