1.000000e+00 2.361540e+00 2.116662e+00 2.511069e+00 1.069391e+01 0.000000e+00 1.515689e+04 0 0.000000e+00
9.990000e-01 2.361540e+00 2.118116e+00 2.512238e+00 1.070205e+01 6.039654e+02 1.506694e+04 2.19139 3.356761e-02
9.980000e-01 2.361540e+00 2.118225e+00 2.512160e+00 1.070391e+01 8.662662e+02 1.503290e+04 2.28054 5.009947e-02
9.970000e-01 2.361540e+00 2.119541e+00 2.513708e+00 1.070918e+01 1.061222e+03 1.500493e+04 2.19716 5.905711e-02
9.960000e-01 2.361540e+00 2.119796e+00 2.513855e+00 1.071127e+01 1.233276e+03 1.498304e+04 2.23715 6.986411e-02
9.950000e-01 2.361540e+00 2.121051e+00 2.515335e+00 1.071638e+01 1.376854e+03 1.496164e+04 2.20147 7.666299e-02
9.940000e-01 2.361540e+00 2.121349e+00 2.515553e+00 1.071853e+01 1.514362e+03 1.494443e+04 2.22775 8.530213e-02
9.930000e-01 2.361540e+00 2.122588e+00 2.517020e+00 1.072359e+01 1.633519e+03 1.492614e+04 2.20577 9.099984e-02
9.920000e-01 2.361540e+00 2.122905e+00 2.517271e+00 1.072577e+01 1.751137e+03 1.491161e+04 2.22536 9.838917e-02
9.910000e-01 2.361540e+00 2.124131e+00 2.518723e+00 1.073081e+01 1.854270e+03 1.489533e+04 2.21005 1.033473e-01
9.900000e-01 2.361540e+00 2.124428e+00 2.518945e+00 1.073298e+01 1.958001e+03 1.488266e+04 2.22534 1.098530e-01
9.890000e-01 2.361540e+00 2.125659e+00 2.520395e+00 1.073804e+01 2.049392e+03 1.486777e+04 2.2143 1.142776e-01
9.880000e-01 2.361540e+00 2.125940e+00 2.520592e+00 1.074021e+01 2.143537e+03 1.485639e+04 2.22704 1.201833e-01
9.870000e-01 2.361540e+00 2.127184e+00 2.522053e+00 1.074533e+01 2.227144e+03 1.484240e+04 2.21856 1.242498e-01
9.860000e-01 2.361540e+00 2.127461e+00 2.522243e+00 1.074751e+01 2.314036e+03 1.483198e+04 2.22956 1.297039e-01
9.850000e-01 2.361540e+00 2.128708e+00 2.523702e+00 1.075265e+01 2.391131e+03 1.481874e+04 2.22281 1.334633e-01
9.840000e-01 2.361540e+00 2.128975e+00 2.523877e+00 1.075484e+01 2.472204e+03 1.480909e+04 2.23251 1.385554e-01
9.830000e-01 2.361540e+00 2.130232e+00 2.525345e+00 1.076002e+01 2.544338e+03 1.479641e+04 2.22708 1.420838e-01
9.820000e-01 2.361540e+00 2.130492e+00 2.525508e+00 1.076221e+01 2.620561e+03 1.478740e+04 2.23574 1.468735e-01
9.810000e-01 2.361540e+00 2.131752e+00 2.526974e+00 1.076741e+01 2.688105e+03 1.477523e+04 2.23135 1.501852e-01
9.800000e-01 2.361540e+00 2.131981e+00 2.527092e+00 1.076958e+01 2.759782e+03 1.476683e+04 2.23897 1.546832e-01
9.790000e-01 2.361540e+00 2.133253e+00 2.528563e+00 1.077482e+01 2.823157e+03 1.475508e+04 2.23559 1.578080e-01
9.780000e-01 2.361540e+00 2.133473e+00 2.528663e+00 1.077701e+01 2.891662e+03 1.474709e+04 2.24266 1.621149e-01
9.770000e-01 2.361540e+00 2.134763e+00 2.530154e+00 1.078232e+01 2.952743e+03 1.473554e+04 2.23986 1.651334e-01
9.760000e-01 2.361540e+00 2.135006e+00 2.530285e+00 1.078455e+01 3.018837e+03 1.472787e+04 2.24664 1.693024e-01
9.750000e-01 2.361540e+00 2.136297e+00 2.531781e+00 1.078989e+01 3.077919e+03 1.471656e+04 2.24418 1.722179e-01
9.740000e-01 2.361540e+00 2.136561e+00 2.531942e+00 1.079215e+01 3.141757e+03 1.470918e+04 2.25067 1.762550e-01
9.730000e-01 2.361540e+00 2.137855e+00 2.533445e+00 1.079750e+01 3.198986e+03 1.469808e+04 2.24853 1.790779e-01
9.720000e-01 2.361540e+00 2.138134e+00 2.533629e+00 1.079979e+01 3.260616e+03 1.469097e+04 2.25471 1.829815e-01
9.710000e-01 2.361540e+00 2.139427e+00 2.535133e+00 1.080514e+01 3.315745e+03 1.468012e+04 2.2529 1.857018e-01
9.700000e-01 2.361540e+00 2.139701e+00 2.535313e+00 1.080742e+01 3.375038e+03 1.467331e+04 2.25866 1.894574e-01
9.690000e-01 2.361540e+00 2.140997e+00 2.536821e+00 1.081278e+01 3.427942e+03 1.466271e+04 2.25727 1.920759e-01
9.680000e-01 2.361540e+00 2.141269e+00 2.536996e+00 1.081506e+01 3.485280e+03 1.465615e+04 2.26273 1.957111e-01
9.670000e-01 2.361540e+00 2.142573e+00 2.538514e+00 1.082045e+01 3.536490e+03 1.464572e+04 2.26166 1.982516e-01
9.660000e-01 2.361540e+00 2.142843e+00 2.538687e+00 1.082274e+01 3.592054e+03 1.463939e+04 2.26685 2.017774e-01
9.650000e-01 2.361540e+00 2.144151e+00 2.540209e+00 1.082814e+01 3.641493e+03 1.462915e+04 2.26607 2.042343e-01
9.640000e-01 2.361540e+00 2.144418e+00 2.540377e+00 1.083044e+01 3.695452e+03 1.462302e+04 2.27102 2.076618e-01
9.630000e-01 2.361540e+00 2.145734e+00 2.541907e+00 1.083588e+01 3.743439e+03 1.461292e+04 2.27049 2.100517e-01
9.620000e-01 2.361540e+00 2.145996e+00 2.542067e+00 1.083818e+01 3.795872e+03 1.460698e+04 2.27521 2.133847e-01
9.610000e-01 2.361540e+00 2.147316e+00 2.543600e+00 1.084363e+01 3.842221e+03 1.459703e+04 2.27492 2.156972e-01
9.600000e-01 2.361540e+00 2.147556e+00 2.543729e+00 1.084592e+01 3.893002e+03 1.459130e+04 2.27934 2.189234e-01
9.590000e-01 2.361540e+00 2.148888e+00 2.545271e+00 1.085141e+01 3.937820e+03 1.458146e+04 2.27935 2.211704e-01
9.580000e-01 2.361540e+00 2.149129e+00 2.545398e+00 1.085371e+01 3.987562e+03 1.457585e+04 2.28367 2.243382e-01
9.570000e-01 2.361540e+00 2.150473e+00 2.546955e+00 1.085926e+01 4.031654e+03 1.456603e+04 2.28383 2.265506e-01
9.560000e-01 2.361540e+00 2.150728e+00 2.547101e+00 1.086160e+01 4.080511e+03 1.456052e+04 2.28809 2.296699e-01
9.550000e-01 2.361540e+00 2.152077e+00 2.548664e+00 1.086718e+01 4.123778e+03 1.455076e+04 2.28834 2.318393e-01
9.540000e-01 2.361540e+00 2.152344e+00 2.548828e+00 1.086954e+01 4.171699e+03 1.454536e+04 2.29252 2.349043e-01
9.530000e-01 2.361540e+00 2.153696e+00 2.550398e+00 1.087514e+01 4.214163e+03 1.453568e+04 2.29288 2.370344e-01
9.520000e-01 2.361540e+00 2.153971e+00 2.550574e+00 1.087752e+01 4.261128e+03 1.453039e+04 2.29697 2.400423e-01
9.510000e-01 2.361540e+00 2.155326e+00 2.552148e+00 1.088313e+01 4.302623e+03 1.452081e+04 2.29745 2.421253e-01
9.500000e-01 2.361540e+00 2.155596e+00 2.552318e+00 1.088551e+01 4.348500e+03 1.451566e+04 2.30138 2.450648e-01
9.490000e-01 2.361540e+00 2.157001e+00 2.553958e+00 1.089122e+01 4.388945e+03 1.450606e+04 2.30209 2.470978e-01
9.480000e-01 2.361540e+00 2.157244e+00 2.554092e+00 1.089356e+01 4.434013e+03 1.450107e+04 2.30589 2.499911e-01
9.470000e-01 2.361540e+00 2.158641e+00 2.555720e+00 1.089927e+01 4.473676e+03 1.449156e+04 2.30669 2.519882e-01
9.460000e-01 2.361540e+00 2.158880e+00 2.555850e+00 1.090161e+01 4.517844e+03 1.448668e+04 2.31038 2.548263e-01
9.450000e-01 2.361540e+00 2.160284e+00 2.557485e+00 1.090735e+01 4.556584e+03 1.447724e+04 2.31131 2.567807e-01
9.440000e-01 2.361540e+00 2.160520e+00 2.557611e+00 1.090970e+01 4.599928e+03 1.447245e+04 2.31489 2.595688e-01
9.430000e-01 2.361540e+00 2.161930e+00 2.559253e+00 1.091545e+01 4.637825e+03 1.446307e+04 2.31594 2.614840e-01
9.420000e-01 2.361540e+00 2.162157e+00 2.559366e+00 1.091780e+01 4.680273e+03 1.445839e+04 2.31939 2.642155e-01
9.410000e-01 2.361540e+00 2.163573e+00 2.561012e+00 1.092357e+01 4.717137e+03 1.444909e+04 2.32057 2.660833e-01
9.400000e-01 2.361540e+00 2.163781e+00 2.561099e+00 1.092591e+01 4.758675e+03 1.444453e+04 2.32388 2.687568e-01
9.390000e-01 2.361540e+00 2.165212e+00 2.562761e+00 1.093173e+01 4.794824e+03 1.443526e+04 2.32522 2.705966e-01
9.380000e-01 2.361540e+00 2.165429e+00 2.562858e+00 1.093409e+01 4.835919e+03 1.443074e+04 2.32852 2.732493e-01
9.370000e-01 2.361540e+00 2.166869e+00 2.564530e+00 1.093997e+01 4.871731e+03 1.442146e+04 2.32991 2.750708e-01
9.360000e-01 2.361540e+00 2.167097e+00 2.564642e+00 1.094236e+01 4.912339e+03 1.441699e+04 2.33321 2.776978e-01
9.350000e-01 2.361540e+00 2.168542e+00 2.566323e+00 1.094827e+01 4.947705e+03 1.440772e+04 2.33464 2.794962e-01
9.340000e-01 2.361540e+00 2.168779e+00 2.566448e+00 1.095068e+01 4.987786e+03 1.440331e+04 2.33791 2.820934e-01
9.330000e-01 2.361540e+00 2.170228e+00 2.568134e+00 1.095661e+01 5.022641e+03 1.439407e+04 2.33941 2.838665e-01
9.320000e-01 2.361540e+00 2.170467e+00 2.568262e+00 1.095904e+01 5.062104e+03 1.438972e+04 2.34261 2.864263e-01
9.310000e-01 2.361540e+00 2.171920e+00 2.569954e+00 1.096498e+01 5.096280e+03 1.438054e+04 2.34418 2.881671e-01
9.300000e-01 2.361540e+00 2.172154e+00 2.570077e+00 1.096741e+01 5.135111e+03 1.437627e+04 2.34732 2.906884e-01
9.290000e-01 2.361540e+00 2.173616e+00 2.571779e+00 1.097338e+01 5.168763e+03 1.436711e+04 2.34898 2.924066e-01
9.280000e-01 2.361540e+00 2.173854e+00 2.571906e+00 1.097583e+01 5.207106e+03 1.436288e+04 2.35208 2.949005e-01
9.270000e-01 2.361540e+00 2.175321e+00 2.573614e+00 1.098183e+01 5.240219e+03 1.435374e+04 2.3538 2.965924e-01
9.260000e-01 2.361540e+00 2.175555e+00 2.573736e+00 1.098428e+01 5.277998e+03 1.434958e+04 2.35684 2.990521e-01
9.250000e-01 2.361540e+00 2.177031e+00 2.575454e+00 1.099032e+01 5.310562e+03 1.434045e+04 2.35865 3.007194e-01
9.240000e-01 2.361540e+00 2.177260e+00 2.575571e+00 1.099277e+01 5.347799e+03 1.433634e+04 2.36162 3.031465e-01
9.230000e-01 2.361540e+00 2.178742e+00 2.577294e+00 1.099883e+01 5.379724e+03 1.432724e+04 2.3635 3.047837e-01
9.220000e-01 2.361540e+00 2.178956e+00 2.577390e+00 1.100127e+01 5.416308e+03 1.432321e+04 2.36637 3.071688e-01
9.210000e-01 2.361540e+00 2.180448e+00 2.579123e+00 1.100735e+01 5.447519e+03 1.431414e+04 2.36836 3.087752e-01
9.200000e-01 2.361540e+00 2.180657e+00 2.579210e+00 1.100981e+01 5.483652e+03 1.431016e+04 2.37119 3.111349e-01
9.190000e-01 2.361540e+00 2.182162e+00 2.580959e+00 1.101594e+01 5.514591e+03 1.430106e+04 2.37325 3.127307e-01
9.180000e-01 2.361540e+00 2.182382e+00 2.581060e+00 1.101843e+01 5.550459e+03 1.429709e+04 2.3761 3.150791e-01
9.170000e-01 2.361540e+00 2.183893e+00 2.582816e+00 1.102461e+01 5.581123e+03 1.428797e+04 2.37819 3.166596e-01
9.160000e-01 2.361540e+00 2.184120e+00 2.582929e+00 1.102712e+01 5.616644e+03 1.428403e+04 2.38103 3.189892e-01
9.150000e-01 2.361540e+00 2.185638e+00 2.584694e+00 1.103333e+01 5.646974e+03 1.427492e+04 2.38316 3.205529e-01
9.140000e-01 2.361540e+00 2.185868e+00 2.584812e+00 1.103585e+01 5.682085e+03 1.427101e+04 2.38597 3.228585e-01
9.130000e-01 2.361540e+00 2.187389e+00 2.586582e+00 1.104208e+01 5.711946e+03 1.426192e+04 2.38815 3.243995e-01
9.120000e-01 2.361540e+00 2.187615e+00 2.586693e+00 1.104460e+01 5.746552e+03 1.425807e+04 2.3909 3.266735e-01
9.110000e-01 2.361540e+00 2.189144e+00 2.588473e+00 1.105084e+01 5.775943e+03 1.424901e+04 2.39315 3.281942e-01
9.100000e-01 2.361540e+00 2.189369e+00 2.588585e+00 1.105338e+01 5.810186e+03 1.424520e+04 2.39587 3.304480e-01
9.090000e-01 2.361540e+00 2.190906e+00 2.590374e+00 1.105966e+01 5.839225e+03 1.423612e+04 2.39817 3.319524e-01
9.080000e-01 2.361540e+00 2.191129e+00 2.590484e+00 1.106221e+01 5.873082e+03 1.423235e+04 2.40087 3.341837e-01
9.070000e-01 2.361540e+00 2.192674e+00 2.592281e+00 1.106852e+01 5.901709e+03 1.422328e+04 2.40322 3.356689e-01
9.060000e-01 2.361540e+00 2.192895e+00 2.592388e+00 1.107108e+01 5.935198e+03 1.421954e+04 2.40588 3.378792e-01
9.050000e-01 2.361540e+00 2.194447e+00 2.594193e+00 1.107743e+01 5.963399e+03 1.421047e+04 2.40829 3.393444e-01
9.040000e-01 2.361540e+00 2.194657e+00 2.594286e+00 1.107998e+01 5.996440e+03 1.420678e+04 2.41089 3.415269e-01
9.030000e-01 2.361540e+00 2.196217e+00 2.596098e+00 1.108635e+01 6.024081e+03 1.419773e+04 2.41337 3.429666e-01
9.020000e-01 2.361540e+00 2.196417e+00 2.596175e+00 1.108890e+01 6.056704e+03 1.419409e+04 2.41591 3.451240e-01
9.010000e-01 2.361540e+00 2.197991e+00 2.598004e+00 1.109532e+01 6.084062e+03 1.418501e+04 2.41847 3.465537e-01
9.000000e-01 2.361540e+00 2.198200e+00 2.598093e+00 1.109791e+01 6.116519e+03 1.418137e+04 2.42104 3.487059e-01
8.990000e-01 2.361540e+00 2.199782e+00 2.599931e+00 1.110439e+01 6.143723e+03 1.417224e+04 2.42363 3.501266e-01
8.980000e-01 2.361540e+00 2.199998e+00 2.600030e+00 1.110700e+01 6.175954e+03 1.416861e+04 2.4262 3.522681e-01
8.970000e-01 2.361540e+00 2.201588e+00 2.601878e+00 1.111351e+01 6.202932e+03 1.415946e+04 2.42882 3.536770e-01
8.960000e-01 2.361540e+00 2.201808e+00 2.601984e+00 1.111614e+01 6.234881e+03 1.415585e+04 2.43138 3.558029e-01
8.950000e-01 2.361540e+00 2.203403e+00 2.603839e+00 1.112268e+01 6.261518e+03 1.414671e+04 2.43403 3.571948e-01
8.940000e-01 2.361540e+00 2.203618e+00 2.603939e+00 1.112531e+01 6.293073e+03 1.414314e+04 2.43655 3.592961e-01
8.930000e-01 2.361540e+00 2.205220e+00 2.605802e+00 1.113187e+01 6.319298e+03 1.413400e+04 2.43925 3.606695e-01
8.920000e-01 2.361540e+00 2.205433e+00 2.605900e+00 1.113451e+01 6.350537e+03 1.413046e+04 2.44175 3.627528e-01
8.910000e-01 2.361540e+00 2.207043e+00 2.607774e+00 1.114110e+01 6.376468e+03 1.412132e+04 2.4445 3.641131e-01
8.900000e-01 2.361540e+00 2.207254e+00 2.607870e+00 1.114375e+01 6.407411e+03 1.411780e+04 2.44697 3.661795e-01
8.890000e-01 2.361540e+00 2.208871e+00 2.609751e+00 1.115038e+01 6.432999e+03 1.410865e+04 2.44977 3.675238e-01
8.880000e-01 2.361540e+00 2.209079e+00 2.609843e+00 1.115304e+01 6.463647e+03 1.410516e+04 2.45222 3.695735e-01
8.870000e-01 2.361540e+00 2.210705e+00 2.611734e+00 1.115970e+01 6.488899e+03 1.409600e+04 2.45506 3.709021e-01
8.860000e-01 2.361540e+00 2.210903e+00 2.611813e+00 1.116235e+01 6.519202e+03 1.409254e+04 2.45746 3.729309e-01
8.850000e-01 2.361540e+00 2.212537e+00 2.613712e+00 1.116904e+01 6.544005e+03 1.408338e+04 2.46036 3.742388e-01
8.840000e-01 2.361540e+00 2.212723e+00 2.613773e+00 1.117169e+01 6.573951e+03 1.407996e+04 2.4627 3.762462e-01
8.830000e-01 2.361540e+00 2.214372e+00 2.615689e+00 1.117843e+01 6.598492e+03 1.407076e+04 2.46568 3.775446e-01
8.820000e-01 2.361540e+00 2.214565e+00 2.615760e+00 1.118112e+01 6.628314e+03 1.406734e+04 2.46805 3.795490e-01
8.810000e-01 2.361540e+00 2.216222e+00 2.617685e+00 1.118791e+01 6.652746e+03 1.405809e+04 2.47105 3.808411e-01
8.800000e-01 2.361540e+00 2.216423e+00 2.617767e+00 1.119063e+01 6.682412e+03 1.405467e+04 2.47344 3.828393e-01
8.790000e-01 2.361540e+00 2.218088e+00 2.619702e+00 1.119747e+01 6.706680e+03 1.404538e+04 2.47647 3.841225e-01
8.780000e-01 2.361540e+00 2.218293e+00 2.619790e+00 1.120021e+01 6.736141e+03 1.404196e+04 2.47885 3.861101e-01
8.770000e-01 2.361540e+00 2.220009e+00 2.621793e+00 1.120717e+01 6.760109e+03 1.403254e+04 2.48197 3.873715e-01
8.760000e-01 2.361540e+00 2.220180e+00 2.621837e+00 1.120985e+01 6.789288e+03 1.402923e+04 2.48428 3.893455e-01
8.750000e-01 2.361540e+00 2.221888e+00 2.623829e+00 1.121680e+01 6.812923e+03 1.401985e+04 2.48742 3.905941e-01
8.740000e-01 2.361540e+00 2.222055e+00 2.623868e+00 1.121949e+01 6.841842e+03 1.401655e+04 2.48971 3.925535e-01
8.730000e-01 2.361540e+00 2.223773e+00 2.625871e+00 1.122648e+01 6.865226e+03 1.400715e+04 2.4929 3.937908e-01
8.720000e-01 2.361540e+00 2.223936e+00 2.625908e+00 1.122918e+01 6.893899e+03 1.400387e+04 2.49516 3.957364e-01
8.710000e-01 2.361540e+00 2.225662e+00 2.627920e+00 1.123620e+01 6.916988e+03 1.399445e+04 2.49839 3.969598e-01
8.700000e-01 2.361540e+00 2.225822e+00 2.627950e+00 1.123891e+01 6.945414e+03 1.399119e+04 2.50063 3.988916e-01
8.690000e-01 2.361540e+00 2.227556e+00 2.629972e+00 1.124597e+01 6.968206e+03 1.398175e+04 2.50391 4.001009e-01
8.680000e-01 2.361540e+00 2.227705e+00 2.629988e+00 1.124868e+01 6.996341e+03 1.397852e+04 2.50611 4.020153e-01
8.670000e-01 2.361540e+00 2.229449e+00 2.632020e+00 1.125576e+01 7.018746e+03 1.396907e+04 2.50944 4.032068e-01
8.660000e-01 2.361540e+00 2.229585e+00 2.632020e+00 1.125847e+01 7.046590e+03 1.396587e+04 2.51159 4.051043e-01
8.650000e-01 2.361540e+00 2.231344e+00 2.634069e+00 1.126561e+01 7.068789e+03 1.395637e+04 2.51498 4.062883e-01
8.640000e-01 2.361540e+00 2.231487e+00 2.634077e+00 1.126835e+01 7.096538e+03 1.395316e+04 2.51716 4.081845e-01
8.630000e-01 2.361540e+00 2.233256e+00 2.636138e+00 1.127555e+01 7.118644e+03 1.394360e+04 2.52058 4.093629e-01
8.620000e-01 2.361540e+00 2.233405e+00 2.636154e+00 1.127832e+01 7.146270e+03 1.394038e+04 2.52278 4.112549e-01
8.610000e-01 2.361540e+00 2.235183e+00 2.638226e+00 1.128557e+01 7.168238e+03 1.393077e+04 2.52622 4.124255e-01
8.600000e-01 2.361540e+00 2.235333e+00 2.638246e+00 1.128836e+01 7.195691e+03 1.392756e+04 2.52842 4.143090e-01
8.590000e-01 2.361540e+00 2.237118e+00 2.640326e+00 1.129565e+01 7.217422e+03 1.391793e+04 2.53189 4.154672e-01
8.580000e-01 2.361540e+00 2.237263e+00 2.640340e+00 1.129843e+01 7.244620e+03 1.391473e+04 2.53406 4.173355e-01
8.570000e-01 2.361540e+00 2.239057e+00 2.642430e+00 1.130575e+01 7.266071e+03 1.390508e+04 2.53757 4.184808e-01
8.560000e-01 2.361540e+00 2.239198e+00 2.642441e+00 1.130855e+01 7.293064e+03 1.390190e+04 2.53972 4.203382e-01
8.550000e-01 2.361540e+00 2.241002e+00 2.644543e+00 1.131591e+01 7.314295e+03 1.389222e+04 2.54328 4.214731e-01
8.540000e-01 2.361540e+00 2.241138e+00 2.644548e+00 1.131872e+01 7.341071e+03 1.388905e+04 2.54541 4.233185e-01
8.530000e-01 2.361540e+00 2.242951e+00 2.646661e+00 1.132611e+01 7.362044e+03 1.387934e+04 2.54901 4.244411e-01
8.520000e-01 2.361540e+00 2.243081e+00 2.646658e+00 1.132893e+01 7.388604e+03 1.387619e+04 2.55111 4.262746e-01
8.510000e-01 2.361540e+00 2.244903e+00 2.648781e+00 1.133636e+01 7.409295e+03 1.386645e+04 2.55475 4.273837e-01
8.500000e-01 2.361540e+00 2.245020e+00 2.648760e+00 1.133917e+01 7.435586e+03 1.386332e+04 2.55681 4.292012e-01
8.490000e-01 2.361540e+00 2.246853e+00 2.650894e+00 1.134664e+01 7.455930e+03 1.385356e+04 2.56051 4.302943e-01
8.480000e-01 2.361540e+00 2.246962e+00 2.650863e+00 1.134945e+01 7.482019e+03 1.385045e+04 2.56254 4.321016e-01
8.470000e-01 2.361540e+00 2.248809e+00 2.653015e+00 1.135698e+01 7.502235e+03 1.384063e+04 2.56629 4.331900e-01
8.460000e-01 2.361540e+00 2.248924e+00 2.652992e+00 1.135983e+01 7.528248e+03 1.383750e+04 2.56835 4.349968e-01
8.450000e-01 2.361540e+00 2.250781e+00 2.655155e+00 1.136742e+01 7.548368e+03 1.382761e+04 2.57212 4.360793e-01
8.440000e-01 2.361540e+00 2.250901e+00 2.655139e+00 1.137030e+01 7.574273e+03 1.382448e+04 2.5742 4.378825e-01
8.430000e-01 2.361540e+00 2.252767e+00 2.657313e+00 1.137794e+01 7.594258e+03 1.381453e+04 2.578 4.389573e-01
8.420000e-01 2.361540e+00 2.252886e+00 2.657297e+00 1.138083e+01 7.619990e+03 1.381140e+04 2.58006 4.407517e-01
8.410000e-01 2.361540e+00 2.254760e+00 2.659480e+00 1.138852e+01 7.639742e+03 1.380143e+04 2.58389 4.418144e-01
8.400000e-01 2.361540e+00 2.254871e+00 2.659455e+00 1.139141e+01 7.665258e+03 1.379831e+04 2.58593 4.435965e-01
8.390000e-01 2.361540e+00 2.256756e+00 2.661652e+00 1.139913e+01 7.684791e+03 1.378830e+04 2.58981 4.446491e-01
8.380000e-01 2.361540e+00 2.256863e+00 2.661623e+00 1.140204e+01 7.710141e+03 1.378519e+04 2.59183 4.464230e-01
8.370000e-01 2.361540e+00 2.258758e+00 2.663832e+00 1.140980e+01 7.729460e+03 1.377515e+04 2.59574 4.474648e-01
8.360000e-01 2.361540e+00 2.258858e+00 2.663795e+00 1.141271e+01 7.754616e+03 1.377204e+04 2.59775 4.492282e-01
8.350000e-01 2.361540e+00 2.260764e+00 2.666016e+00 1.142052e+01 7.773702e+03 1.376196e+04 2.6017 4.502588e-01
8.340000e-01 2.361540e+00 2.260856e+00 2.665968e+00 1.142344e+01 7.798660e+03 1.375887e+04 2.60368 4.520113e-01
8.330000e-01 2.361540e+00 2.262770e+00 2.668199e+00 1.143128e+01 7.817447e+03 1.374876e+04 2.60767 4.530273e-01
8.320000e-01 2.361540e+00 2.262847e+00 2.668131e+00 1.143419e+01 7.842155e+03 1.374569e+04 2.6096 4.547651e-01
8.310000e-01 2.361540e+00 2.264775e+00 2.670376e+00 1.144208e+01 7.860681e+03 1.373554e+04 2.61366 4.557698e-01
8.300000e-01 2.361540e+00 2.264851e+00 2.670308e+00 1.144502e+01 7.885286e+03 1.373247e+04 2.61559 4.575049e-01
8.290000e-01 2.361540e+00 2.266792e+00 2.672569e+00 1.145297e+01 7.903733e+03 1.372224e+04 2.61968 4.585057e-01
8.280000e-01 2.361540e+00 2.266871e+00 2.672506e+00 1.145594e+01 7.928256e+03 1.371916e+04 2.62164 4.602396e-01
8.270000e-01 2.361540e+00 2.268823e+00 2.674780e+00 1.146396e+01 7.946603e+03 1.370886e+04 2.62575 4.612341e-01
8.260000e-01 2.361540e+00 2.268904e+00 2.674720e+00 1.146695e+01 7.971016e+03 1.370577e+04 2.62772 4.629640e-01
8.250000e-01 2.361540e+00 2.270865e+00 2.677005e+00 1.147502e+01 7.989197e+03 1.369542e+04 2.63186 4.639491e-01
8.240000e-01 2.361540e+00 2.270941e+00 2.676940e+00 1.147802e+01 8.013431e+03 1.369233e+04 2.6338 4.656693e-01
8.230000e-01 2.361540e+00 2.272911e+00 2.679236e+00 1.148613e+01 8.031387e+03 1.368194e+04 2.63798 4.666432e-01
8.220000e-01 2.361540e+00 2.272981e+00 2.679165e+00 1.148914e+01 8.055457e+03 1.367886e+04 2.63991 4.683552e-01
8.210000e-01 2.361540e+00 2.274963e+00 2.681475e+00 1.149730e+01 8.073234e+03 1.366843e+04 2.64413 4.693203e-01
8.200000e-01 2.361540e+00 2.275026e+00 2.681397e+00 1.150032e+01 8.097144e+03 1.366535e+04 2.64604 4.710242e-01
8.190000e-01 2.361540e+00 2.277063e+00 2.683778e+00 1.150862e+01 8.114673e+03 1.365476e+04 2.65036 4.719683e-01
8.180000e-01 2.361540e+00 2.277090e+00 2.683652e+00 1.151158e+01 8.138435e+03 1.365176e+04 2.65221 4.736697e-01
8.170000e-01 2.361540e+00 2.279122e+00 2.686025e+00 1.151990e+01 8.155738e+03 1.364117e+04 2.65655 4.746058e-01
8.160000e-01 2.361540e+00 2.279133e+00 2.685879e+00 1.152286e+01 8.179282e+03 1.363818e+04 2.65835 4.762947e-01
8.150000e-01 2.361540e+00 2.281177e+00 2.688265e+00 1.153121e+01 8.196284e+03 1.362756e+04 2.66274 4.772163e-01
8.140000e-01 2.361540e+00 2.281178e+00 2.688106e+00 1.153417e+01 8.219660e+03 1.362459e+04 2.66452 4.788974e-01
8.130000e-01 2.361540e+00 2.283238e+00 2.690511e+00 1.154260e+01 8.236541e+03 1.361389e+04 2.66897 4.798140e-01
8.120000e-01 2.361540e+00 2.283241e+00 2.690355e+00 1.154559e+01 8.259855e+03 1.361090e+04 2.67077 4.814954e-01
8.110000e-01 2.361540e+00 2.285314e+00 2.692776e+00 1.155409e+01 8.276645e+03 1.360012e+04 2.67524 4.824060e-01
8.100000e-01 2.361540e+00 2.285318e+00 2.692623e+00 1.155711e+01 8.299877e+03 1.359712e+04 2.67705 4.840859e-01
8.090000e-01 2.361540e+00 2.287401e+00 2.695056e+00 1.156567e+01 8.316537e+03 1.358627e+04 2.68155 4.849886e-01
8.080000e-01 2.361540e+00 2.287402e+00 2.694901e+00 1.156871e+01 8.339633e+03 1.358327e+04 2.68336 4.866621e-01
8.070000e-01 2.361540e+00 2.289494e+00 2.697344e+00 1.157731e+01 8.356092e+03 1.357237e+04 2.68789 4.875539e-01
8.060000e-01 2.361540e+00 2.289486e+00 2.697179e+00 1.158036e+01 8.379026e+03 1.356937e+04 2.68967 4.892192e-01
8.050000e-01 2.361540e+00 2.291591e+00 2.699638e+00 1.158902e+01 8.395308e+03 1.355842e+04 2.69424 4.901021e-01
8.040000e-01 2.361540e+00 2.291578e+00 2.699467e+00 1.159207e+01 8.418108e+03 1.355542e+04 2.69601 4.917616e-01
8.030000e-01 2.361540e+00 2.293694e+00 2.701939e+00 1.160079e+01 8.434196e+03 1.354442e+04 2.70063 4.926341e-01
8.020000e-01 2.361540e+00 2.293670e+00 2.701756e+00 1.160385e+01 8.456836e+03 1.354143e+04 2.70237 4.942859e-01
8.010000e-01 2.361540e+00 2.295799e+00 2.704244e+00 1.161262e+01 8.472719e+03 1.353037e+04 2.70703 4.951478e-01
8.000000e-01 2.361540e+00 2.295761e+00 2.704043e+00 1.161568e+01 8.495180e+03 1.352739e+04 2.70873 4.967900e-01
7.990000e-01 2.361540e+00 2.297901e+00 2.706542e+00 1.162449e+01 8.510776e+03 1.351629e+04 2.71343 4.976373e-01
7.980000e-01 2.361540e+00 2.297847e+00 2.706321e+00 1.162755e+01 8.533042e+03 1.351333e+04 2.7151 4.992694e-01
7.970000e-01 2.361540e+00 2.300005e+00 2.708841e+00 1.163642e+01 8.548468e+03 1.350217e+04 2.71986 5.001091e-01
7.960000e-01 2.361540e+00 2.299950e+00 2.708620e+00 1.163951e+01 8.570676e+03 1.349918e+04 2.72154 5.017419e-01
7.950000e-01 2.361540e+00 2.302120e+00 2.711155e+00 1.164846e+01 8.586014e+03 1.348793e+04 2.72633 5.025759e-01
7.940000e-01 2.361540e+00 2.302066e+00 2.710935e+00 1.165158e+01 8.608149e+03 1.348493e+04 2.72802 5.042078e-01
7.930000e-01 2.361540e+00 2.304248e+00 2.713485e+00 1.166060e+01 8.623376e+03 1.347359e+04 2.73284 5.050345e-01
7.920000e-01 2.361540e+00 2.304190e+00 2.713263e+00 1.166374e+01 8.645399e+03 1.347058e+04 2.73453 5.066623e-01
7.910000e-01 2.361540e+00 2.306383e+00 2.715824e+00 1.167282e+01 8.660448e+03 1.345918e+04 2.73938 5.074786e-01
7.900000e-01 2.361540e+00 2.306315e+00 2.715591e+00 1.167596e+01 8.682321e+03 1.345617e+04 2.74105 5.090991e-01
7.890000e-01 2.361540e+00 2.308520e+00 2.718168e+00 1.168510e+01 8.697191e+03 1.344471e+04 2.74594 5.099059e-01
7.880000e-01 2.361540e+00 2.308445e+00 2.717928e+00 1.168825e+01 8.718945e+03 1.344170e+04 2.74759 5.115218e-01
7.870000e-01 2.361540e+00 2.310662e+00 2.720519e+00 1.169745e+01 8.733639e+03 1.343018e+04 2.75252 5.123186e-01
7.860000e-01 2.361540e+00 2.310577e+00 2.720267e+00 1.170062e+01 8.755248e+03 1.342717e+04 2.75415 5.139278e-01
7.850000e-01 2.361540e+00 2.312807e+00 2.722873e+00 1.170987e+01 8.769744e+03 1.341558e+04 2.75912 5.147140e-01
7.840000e-01 2.361540e+00 2.312707e+00 2.722602e+00 1.171304e+01 8.791196e+03 1.341258e+04 2.76071 5.163156e-01
7.830000e-01 2.361540e+00 2.314950e+00 2.725222e+00 1.172234e+01 8.805428e+03 1.340094e+04 2.76573 5.170876e-01
7.820000e-01 2.361540e+00 2.314830e+00 2.724926e+00 1.172550e+01 8.826686e+03 1.339795e+04 2.76727 5.186789e-01
7.810000e-01 2.361540e+00 2.317090e+00 2.727567e+00 1.173487e+01 8.840729e+03 1.338625e+04 2.77235 5.194420e-01
7.800000e-01 2.361540e+00 2.316967e+00 2.727269e+00 1.173805e+01 8.861921e+03 1.338324e+04 2.7739 5.210337e-01
7.790000e-01 2.361540e+00 2.319241e+00 2.729926e+00 1.174751e+01 8.875872e+03 1.337144e+04 2.77901 5.217907e-01
7.780000e-01 2.361540e+00 2.319117e+00 2.729627e+00 1.175072e+01 8.896999e+03 1.336842e+04 2.78057 5.233823e-01
7.770000e-01 2.361540e+00 2.321446e+00 2.732357e+00 1.176035e+01 8.910813e+03 1.335640e+04 2.78576 5.241210e-01
7.760000e-01 2.361540e+00 2.321290e+00 2.732019e+00 1.176352e+01 8.931858e+03 1.335344e+04 2.78728 5.257157e-01
7.750000e-01 2.361540e+00 2.323615e+00 2.734740e+00 1.177318e+01 8.945511e+03 1.334139e+04 2.79249 5.264482e-01
7.740000e-01 2.361540e+00 2.323447e+00 2.734388e+00 1.177636e+01 8.966419e+03 1.333842e+04 2.79398 5.280369e-01
7.730000e-01 2.361540e+00 2.325786e+00 2.737128e+00 1.178609e+01 8.979899e+03 1.332631e+04 2.79923 5.287595e-01
7.720000e-01 2.361540e+00 2.325610e+00 2.736766e+00 1.178928e+01 9.000699e+03 1.332334e+04 2.80071 5.303445e-01
7.710000e-01 2.361540e+00 2.327962e+00 2.739520e+00 1.179907e+01 9.014007e+03 1.331114e+04 2.806 5.310568e-01
7.700000e-01 2.361540e+00 2.327773e+00 2.739144e+00 1.180227e+01 9.034672e+03 1.330817e+04 2.80745 5.326359e-01
7.690000e-01 2.361540e+00 2.330138e+00 2.741914e+00 1.181213e+01 9.047790e+03 1.329590e+04 2.81278 5.333375e-01
7.680000e-01 2.361540e+00 2.329932e+00 2.741517e+00 1.181533e+01 9.068307e+03 1.329293e+04 2.81419 5.349099e-01
7.670000e-01 2.361540e+00 2.332312e+00 2.744303e+00 1.182523e+01 9.081172e+03 1.328060e+04 2.81957 5.355970e-01
7.660000e-01 2.361540e+00 2.332082e+00 2.743876e+00 1.182842e+01 9.101504e+03 1.327764e+04 2.82092 5.371604e-01
7.650000e-01 2.361540e+00 2.334481e+00 2.746685e+00 1.183841e+01 9.114182e+03 1.326523e+04 2.82636 5.378378e-01
7.640000e-01 2.361540e+00 2.334250e+00 2.746258e+00 1.184163e+01 9.134461e+03 1.326226e+04 2.82773 5.394021e-01
7.630000e-01 2.361540e+00 2.336661e+00 2.749079e+00 1.185170e+01 9.147039e+03 1.324973e+04 2.83319 5.400727e-01
7.620000e-01 2.361540e+00 2.336423e+00 2.748646e+00 1.185494e+01 9.167250e+03 1.324674e+04 2.83456 5.416371e-01
7.610000e-01 2.361540e+00 2.338851e+00 2.751489e+00 1.186510e+01 9.179727e+03 1.323411e+04 2.84006 5.422997e-01
7.600000e-01 2.361540e+00 2.338602e+00 2.751043e+00 1.186836e+01 9.199836e+03 1.323110e+04 2.84141 5.438612e-01
7.590000e-01 2.361540e+00 2.341043e+00 2.753901e+00 1.187860e+01 9.212133e+03 1.321837e+04 2.84694 5.445120e-01
7.580000e-01 2.361540e+00 2.342155e+00 2.755132e+00 1.188542e+01 9.228232e+03 1.321042e+04 2.8504 5.456072e-01
7.570000e-01 2.361540e+00 2.343254e+00 2.756341e+00 1.189222e+01 9.244256e+03 1.320249e+04 2.85385 5.467039e-01
7.560000e-01 2.361540e+00 2.344352e+00 2.757551e+00 1.189904e+01 9.260218e+03 1.319454e+04 2.85731 5.477975e-01
7.550000e-01 2.361540e+00 2.345452e+00 2.758763e+00 1.190588e+01 9.276104e+03 1.318657e+04 2.86077 5.488872e-01
7.540000e-01 2.361540e+00 2.346550e+00 2.759973e+00 1.191274e+01 9.291905e+03 1.317857e+04 2.86424 5.499725e-01
7.530000e-01 2.361540e+00 2.347649e+00 2.761183e+00 1.191962e+01 9.307631e+03 1.317055e+04 2.8677 5.510538e-01
7.520000e-01 2.361540e+00 2.348745e+00 2.762391e+00 1.192651e+01 9.323244e+03 1.316253e+04 2.87117 5.521291e-01
7.510000e-01 2.361540e+00 2.349840e+00 2.763596e+00 1.193341e+01 9.338746e+03 1.315449e+04 2.87463 5.531986e-01
7.500000e-01 2.361540e+00 2.350934e+00 2.764798e+00 1.194033e+01 9.354167e+03 1.314642e+04 2.87809 5.542639e-01
7.490000e-01 2.361540e+00 2.352028e+00 2.766002e+00 1.194728e+01 9.369547e+03 1.313832e+04 2.88157 5.553276e-01
7.480000e-01 2.361540e+00 2.353127e+00 2.767211e+00 1.195427e+01 9.384891e+03 1.313018e+04 2.88505 5.563900e-01
7.470000e-01 2.361540e+00 2.354227e+00 2.768423e+00 1.196129e+01 9.400193e+03 1.312201e+04 2.88854 5.574502e-01
7.460000e-01 2.361540e+00 2.355328e+00 2.769636e+00 1.196833e+01 9.415444e+03 1.311380e+04 2.89204 5.585081e-01
7.450000e-01 2.361540e+00 2.356431e+00 2.770852e+00 1.197541e+01 9.430638e+03 1.310555e+04 2.89554 5.595629e-01
7.440000e-01 2.361540e+00 2.357534e+00 2.772069e+00 1.198250e+01 9.445760e+03 1.309728e+04 2.89905 5.606139e-01
7.430000e-01 2.361540e+00 2.358637e+00 2.773286e+00 1.198962e+01 9.460806e+03 1.308899e+04 2.90256 5.616608e-01
7.420000e-01 2.361540e+00 2.359740e+00 2.774502e+00 1.199676e+01 9.475782e+03 1.308067e+04 2.90607 5.627041e-01
7.410000e-01 2.361540e+00 2.360843e+00 2.775719e+00 1.200392e+01 9.490698e+03 1.307232e+04 2.90959 5.637442e-01
7.400000e-01 2.361540e+00 2.361947e+00 2.776938e+00 1.201111e+01 9.505541e+03 1.306394e+04 2.91311 5.647806e-01
7.390000e-01 2.361540e+00 2.363051e+00 2.778157e+00 1.201832e+01 9.520305e+03 1.305554e+04 2.91663 5.658129e-01
7.380000e-01 2.361540e+00 2.364154e+00 2.779374e+00 1.202555e+01 9.534995e+03 1.304711e+04 2.92015 5.668411e-01
7.370000e-01 2.361540e+00 2.365255e+00 2.780589e+00 1.203280e+01 9.549587e+03 1.303866e+04 2.92367 5.678640e-01
7.360000e-01 2.361540e+00 2.366354e+00 2.781801e+00 1.204006e+01 9.564066e+03 1.303020e+04 2.92719 5.688808e-01
7.350000e-01 2.361540e+00 2.367451e+00 2.783010e+00 1.204733e+01 9.578450e+03 1.302172e+04 2.93071 5.698928e-01
7.340000e-01 2.361540e+00 2.368547e+00 2.784218e+00 1.205463e+01 9.592781e+03 1.301320e+04 2.93423 5.709024e-01
7.330000e-01 2.361540e+00 2.369646e+00 2.785430e+00 1.206198e+01 9.607074e+03 1.300464e+04 2.93776 5.719104e-01
7.320000e-01 2.361540e+00 2.370746e+00 2.786643e+00 1.206935e+01 9.621319e+03 1.299604e+04 2.9413 5.729161e-01
7.310000e-01 2.361540e+00 2.371849e+00 2.787861e+00 1.207676e+01 9.635519e+03 1.298741e+04 2.94485 5.739196e-01
7.300000e-01 2.361540e+00 2.372952e+00 2.789080e+00 1.208420e+01 9.649665e+03 1.297873e+04 2.9484 5.749204e-01
7.290000e-01 2.361540e+00 2.374055e+00 2.790299e+00 1.209166e+01 9.663737e+03 1.297003e+04 2.95195 5.759171e-01
7.280000e-01 2.361540e+00 2.375158e+00 2.791518e+00 1.209915e+01 9.677734e+03 1.296130e+04 2.95551 5.769098e-01
7.270000e-01 2.361540e+00 2.376260e+00 2.792737e+00 1.210667e+01 9.691658e+03 1.295254e+04 2.95907 5.778988e-01
7.260000e-01 2.361540e+00 2.377404e+00 2.794013e+00 1.211430e+01 9.705488e+03 1.294364e+04 2.96268 5.788736e-01
7.250000e-01 2.361540e+00 2.378507e+00 2.795235e+00 1.212187e+01 9.719278e+03 1.293481e+04 2.96625 5.798553e-01
7.240000e-01 2.361540e+00 2.379610e+00 2.796455e+00 1.212947e+01 9.732991e+03 1.292596e+04 2.96981 5.808332e-01
7.230000e-01 2.361540e+00 2.380711e+00 2.797675e+00 1.213709e+01 9.746628e+03 1.291708e+04 2.97338 5.818073e-01
7.220000e-01 2.361540e+00 2.381811e+00 2.798893e+00 1.214472e+01 9.760174e+03 1.290819e+04 2.97695 5.827765e-01
7.210000e-01 2.361540e+00 2.382908e+00 2.800106e+00 1.215237e+01 9.773607e+03 1.289927e+04 2.98052 5.837395e-01
7.200000e-01 2.361540e+00 2.384002e+00 2.801316e+00 1.216004e+01 9.786940e+03 1.289034e+04 2.98408 5.846973e-01
7.190000e-01 2.361540e+00 2.385095e+00 2.802525e+00 1.216774e+01 9.800214e+03 1.288137e+04 2.98764 5.856522e-01
7.180000e-01 2.361540e+00 2.386191e+00 2.803737e+00 1.217548e+01 9.813448e+03 1.287236e+04 2.99122 5.866057e-01
7.170000e-01 2.361540e+00 2.387287e+00 2.804951e+00 1.218326e+01 9.826631e+03 1.286330e+04 2.9948 5.875567e-01
7.160000e-01 2.361540e+00 2.388385e+00 2.806167e+00 1.219107e+01 9.839764e+03 1.285420e+04 2.99838 5.885050e-01
7.150000e-01 2.361540e+00 2.389483e+00 2.807384e+00 1.219891e+01 9.852842e+03 1.284506e+04 3.00197 5.894505e-01
7.140000e-01 2.361540e+00 2.390580e+00 2.808601e+00 1.220679e+01 9.865849e+03 1.283588e+04 3.00556 5.903920e-01
7.130000e-01 2.361540e+00 2.391676e+00 2.809817e+00 1.221469e+01 9.878779e+03 1.282668e+04 3.00915 5.913293e-01
7.120000e-01 2.361540e+00 2.392772e+00 2.811033e+00 1.222262e+01 9.891637e+03 1.281744e+04 3.01274 5.922629e-01
7.110000e-01 2.361540e+00 2.393867e+00 2.812249e+00 1.223057e+01 9.904437e+03 1.280816e+04 3.01633 5.931933e-01
7.100000e-01 2.361540e+00 2.394961e+00 2.813464e+00 1.223856e+01 9.917163e+03 1.279885e+04 3.01992 5.941196e-01
7.090000e-01 2.361540e+00 2.396054e+00 2.814677e+00 1.224658e+01 9.929812e+03 1.278950e+04 3.02351 5.950415e-01
7.080000e-01 2.361540e+00 2.397145e+00 2.815889e+00 1.225462e+01 9.942385e+03 1.278012e+04 3.0271 5.959593e-01
7.070000e-01 2.361540e+00 2.398234e+00 2.817098e+00 1.226268e+01 9.954866e+03 1.277072e+04 3.03069 5.968719e-01
7.060000e-01 2.361540e+00 2.399318e+00 2.818301e+00 1.227075e+01 9.967234e+03 1.276129e+04 3.03427 5.977781e-01
7.050000e-01 2.361540e+00 2.400399e+00 2.819499e+00 1.227884e+01 9.979509e+03 1.275184e+04 3.03784 5.986790e-01
7.040000e-01 2.361540e+00 2.401480e+00 2.820697e+00 1.228697e+01 9.991731e+03 1.274234e+04 3.04141 5.995774e-01
7.030000e-01 2.361540e+00 2.402561e+00 2.821896e+00 1.229514e+01 1.000391e+04 1.273278e+04 3.04499 6.004737e-01
7.020000e-01 2.361540e+00 2.403642e+00 2.823095e+00 1.230335e+01 1.001604e+04 1.272318e+04 3.04857 6.013670e-01
7.010000e-01 2.361540e+00 2.404722e+00 2.824294e+00 1.231160e+01 1.002811e+04 1.271353e+04 3.05215 6.022570e-01
7.000000e-01 2.361540e+00 2.405802e+00 2.825494e+00 1.231988e+01 1.004012e+04 1.270383e+04 3.05573 6.031438e-01
6.990000e-01 2.361540e+00 2.406881e+00 2.826692e+00 1.232819e+01 1.005206e+04 1.269409e+04 3.0593 6.040262e-01
6.980000e-01 2.361540e+00 2.407957e+00 2.827888e+00 1.233653e+01 1.006392e+04 1.268431e+04 3.06288 6.049040e-01
6.970000e-01 2.361540e+00 2.409069e+00 2.829133e+00 1.234500e+01 1.007568e+04 1.267438e+04 3.06649 6.057663e-01
6.960000e-01 2.361540e+00 2.410144e+00 2.830328e+00 1.235341e+01 1.008742e+04 1.266451e+04 3.07006 6.066361e-01
6.950000e-01 2.361540e+00 2.411216e+00 2.831520e+00 1.236184e+01 1.009907e+04 1.265460e+04 3.07363 6.075019e-01
6.940000e-01 2.361540e+00 2.412285e+00 2.832707e+00 1.237031e+01 1.011065e+04 1.264465e+04 3.07719 6.083629e-01
6.930000e-01 2.361540e+00 2.413352e+00 2.833893e+00 1.237880e+01 1.012215e+04 1.263467e+04 3.08074 6.092195e-01
6.920000e-01 2.361540e+00 2.414415e+00 2.835073e+00 1.238731e+01 1.013355e+04 1.262466e+04 3.08428 6.100698e-01
6.910000e-01 2.361540e+00 2.415472e+00 2.836247e+00 1.239583e+01 1.014484e+04 1.261462e+04 3.08782 6.109141e-01
6.900000e-01 2.361540e+00 2.416527e+00 2.837416e+00 1.240439e+01 1.015605e+04 1.260455e+04 3.09135 6.117538e-01
6.890000e-01 2.361540e+00 2.417581e+00 2.838586e+00 1.241299e+01 1.016721e+04 1.259442e+04 3.09488 6.125912e-01
6.880000e-01 2.361540e+00 2.418634e+00 2.839755e+00 1.242163e+01 1.017832e+04 1.258423e+04 3.09841 6.134255e-01
6.870000e-01 2.361540e+00 2.419687e+00 2.840925e+00 1.243031e+01 1.018937e+04 1.257400e+04 3.10194 6.142566e-01
6.860000e-01 2.361540e+00 2.420738e+00 2.842094e+00 1.243904e+01 1.020036e+04 1.256371e+04 3.10547 6.150844e-01
6.850000e-01 2.361540e+00 2.421788e+00 2.843261e+00 1.244780e+01 1.021128e+04 1.255337e+04 3.109 6.159079e-01
6.840000e-01 2.361540e+00 2.422835e+00 2.844427e+00 1.245660e+01 1.022212e+04 1.254299e+04 3.11252 6.167268e-01
6.830000e-01 2.361540e+00 2.423880e+00 2.845590e+00 1.246542e+01 1.023289e+04 1.253257e+04 3.11604 6.175414e-01
6.820000e-01 2.361540e+00 2.424924e+00 2.846752e+00 1.247429e+01 1.024359e+04 1.252211e+04 3.11956 6.183524e-01
6.810000e-01 2.361540e+00 2.425964e+00 2.847911e+00 1.248319e+01 1.025422e+04 1.251159e+04 3.12306 6.191588e-01
6.800000e-01 2.361540e+00 2.427002e+00 2.849067e+00 1.249213e+01 1.026477e+04 1.250104e+04 3.12657 6.199605e-01
6.790000e-01 2.361540e+00 2.428036e+00 2.850219e+00 1.250109e+01 1.027523e+04 1.249044e+04 3.13006 6.207573e-01
6.780000e-01 2.361540e+00 2.429066e+00 2.851367e+00 1.251008e+01 1.028561e+04 1.247980e+04 3.13355 6.215487e-01
6.770000e-01 2.361540e+00 2.430090e+00 2.852506e+00 1.251909e+01 1.029587e+04 1.246914e+04 3.13702 6.223330e-01
6.760000e-01 2.361540e+00 2.431109e+00 2.853638e+00 1.252812e+01 1.030603e+04 1.245844e+04 3.14048 6.231116e-01
6.750000e-01 2.361540e+00 2.432125e+00 2.854768e+00 1.253720e+01 1.031615e+04 1.244768e+04 3.14393 6.238874e-01
6.740000e-01 2.361540e+00 2.433140e+00 2.855897e+00 1.254632e+01 1.032621e+04 1.243686e+04 3.14738 6.246598e-01
6.730000e-01 2.361540e+00 2.434187e+00 2.857071e+00 1.255559e+01 1.033616e+04 1.242586e+04 3.15087 6.254164e-01
6.720000e-01 2.361540e+00 2.435198e+00 2.858197e+00 1.256480e+01 1.034610e+04 1.241491e+04 3.15431 6.261802e-01
6.710000e-01 2.361540e+00 2.436206e+00 2.859320e+00 1.257406e+01 1.035597e+04 1.240390e+04 3.15774 6.269402e-01
6.700000e-01 2.361540e+00 2.437210e+00 2.860438e+00 1.258336e+01 1.036575e+04 1.239284e+04 3.16116 6.276949e-01
6.690000e-01 2.361540e+00 2.438210e+00 2.861553e+00 1.259268e+01 1.037546e+04 1.238174e+04 3.16457 6.284447e-01
6.680000e-01 2.361540e+00 2.439206e+00 2.862662e+00 1.260205e+01 1.038510e+04 1.237058e+04 3.16797 6.291901e-01
6.670000e-01 2.361540e+00 2.440199e+00 2.863769e+00 1.261146e+01 1.039467e+04 1.235936e+04 3.17136 6.299307e-01
6.660000e-01 2.361540e+00 2.441188e+00 2.864872e+00 1.262090e+01 1.040416e+04 1.234809e+04 3.17474 6.306662e-01
6.650000e-01 2.361540e+00 2.442172e+00 2.865969e+00 1.263038e+01 1.041356e+04 1.233677e+04 3.1781 6.313963e-01
6.640000e-01 2.361540e+00 2.443151e+00 2.867060e+00 1.263989e+01 1.042287e+04 1.232541e+04 3.18146 6.321208e-01
6.630000e-01 2.361540e+00 2.444123e+00 2.868143e+00 1.264942e+01 1.043207e+04 1.231402e+04 3.18479 6.328382e-01
6.620000e-01 2.361540e+00 2.445089e+00 2.869217e+00 1.265897e+01 1.044117e+04 1.230259e+04 3.18811 6.335494e-01
6.610000e-01 2.361540e+00 2.446051e+00 2.870288e+00 1.266857e+01 1.045021e+04 1.229110e+04 3.19142 6.342571e-01
6.600000e-01 2.361540e+00 2.447011e+00 2.871356e+00 1.267823e+01 1.045919e+04 1.227953e+04 3.19473 6.349610e-01
6.590000e-01 2.361540e+00 2.447967e+00 2.872421e+00 1.268793e+01 1.046809e+04 1.226791e+04 3.19802 6.356604e-01
6.580000e-01 2.361540e+00 2.448919e+00 2.873483e+00 1.269769e+01 1.047693e+04 1.225621e+04 3.20131 6.363554e-01
6.570000e-01 2.361540e+00 2.449869e+00 2.874542e+00 1.270749e+01 1.048571e+04 1.224445e+04 3.20458 6.370461e-01
6.560000e-01 2.361540e+00 2.450813e+00 2.875596e+00 1.271733e+01 1.049439e+04 1.223265e+04 3.20785 6.377311e-01
6.550000e-01 2.361540e+00 2.451753e+00 2.876645e+00 1.272722e+01 1.050299e+04 1.222079e+04 3.2111 6.384109e-01
6.540000e-01 2.361540e+00 2.452688e+00 2.877690e+00 1.273715e+01 1.051152e+04 1.220886e+04 3.21433 6.390862e-01
6.530000e-01 2.361540e+00 2.453651e+00 2.878775e+00 1.274722e+01 1.051993e+04 1.219677e+04 3.2176 6.397445e-01
6.520000e-01 2.361540e+00 2.454579e+00 2.879813e+00 1.275724e+01 1.052830e+04 1.218473e+04 3.22082 6.404087e-01
6.510000e-01 2.361540e+00 2.455499e+00 2.880841e+00 1.276730e+01 1.053657e+04 1.217264e+04 3.22401 6.410672e-01
6.500000e-01 2.361540e+00 2.456413e+00 2.881863e+00 1.277739e+01 1.054476e+04 1.216051e+04 3.22719 6.417198e-01
6.490000e-01 2.361540e+00 2.457319e+00 2.882874e+00 1.278750e+01 1.055282e+04 1.214834e+04 3.23035 6.423650e-01
6.480000e-01 2.361540e+00 2.458217e+00 2.883876e+00 1.279764e+01 1.056079e+04 1.213614e+04 3.23348 6.430039e-01
6.470000e-01 2.361540e+00 2.459111e+00 2.884873e+00 1.280784e+01 1.056869e+04 1.212385e+04 3.23661 6.436388e-01
6.460000e-01 2.361540e+00 2.460000e+00 2.885865e+00 1.281810e+01 1.057653e+04 1.211148e+04 3.23971 6.442690e-01
6.450000e-01 2.361540e+00 2.460882e+00 2.886850e+00 1.282841e+01 1.058429e+04 1.209903e+04 3.2428 6.448934e-01
6.440000e-01 2.361540e+00 2.461760e+00 2.887831e+00 1.283877e+01 1.059199e+04 1.208651e+04 3.24587 6.455128e-01
6.430000e-01 2.361540e+00 2.462632e+00 2.888805e+00 1.284919e+01 1.059961e+04 1.207391e+04 3.24892 6.461265e-01
6.420000e-01 2.361540e+00 2.463497e+00 2.889772e+00 1.285965e+01 1.060714e+04 1.206126e+04 3.25195 6.467338e-01
6.410000e-01 2.361540e+00 2.464355e+00 2.890731e+00 1.287015e+01 1.061459e+04 1.204854e+04 3.25496 6.473351e-01
6.400000e-01 2.361540e+00 2.465207e+00 2.891684e+00 1.288071e+01 1.062196e+04 1.203575e+04 3.25795 6.479312e-01
6.390000e-01 2.361540e+00 2.466053e+00 2.892631e+00 1.289132e+01 1.062924e+04 1.202289e+04 3.26092 6.485214e-01
6.380000e-01 2.361540e+00 2.466893e+00 2.893571e+00 1.290197e+01 1.063643e+04 1.200997e+04 3.26387 6.491057e-01
6.370000e-01 2.361540e+00 2.467756e+00 2.894544e+00 1.291275e+01 1.064349e+04 1.199689e+04 3.26683 6.496719e-01
6.360000e-01 2.361540e+00 2.468581e+00 2.895468e+00 1.292349e+01 1.065048e+04 1.198387e+04 3.26974 6.502418e-01
6.350000e-01 2.361540e+00 2.469396e+00 2.896378e+00 1.293424e+01 1.065736e+04 1.197081e+04 3.27262 6.508050e-01
6.340000e-01 2.361540e+00 2.470203e+00 2.897278e+00 1.294504e+01 1.066415e+04 1.195770e+04 3.27547 6.513617e-01
6.330000e-01 2.361540e+00 2.471003e+00 2.898172e+00 1.295590e+01 1.067087e+04 1.194448e+04 3.27831 6.519139e-01
6.320000e-01 2.361540e+00 2.471796e+00 2.899059e+00 1.296683e+01 1.067752e+04 1.193119e+04 3.28111 6.524598e-01
6.310000e-01 2.361540e+00 2.472582e+00 2.899937e+00 1.297782e+01 1.068409e+04 1.191780e+04 3.2839 6.529998e-01
6.300000e-01 2.361540e+00 2.473360e+00 2.900807e+00 1.298887e+01 1.069058e+04 1.190433e+04 3.28665 6.535334e-01
6.290000e-01 2.361540e+00 2.474129e+00 2.901667e+00 1.299996e+01 1.069699e+04 1.189078e+04 3.28938 6.540597e-01
6.280000e-01 2.361540e+00 2.474890e+00 2.902518e+00 1.301111e+01 1.070330e+04 1.187717e+04 3.29207 6.545790e-01
6.270000e-01 2.361540e+00 2.475641e+00 2.903358e+00 1.302231e+01 1.070953e+04 1.186347e+04 3.29473 6.550919e-01
6.260000e-01 2.361540e+00 2.476385e+00 2.904190e+00 1.303357e+01 1.071567e+04 1.184969e+04 3.29737 6.555982e-01
6.250000e-01 2.361540e+00 2.477121e+00 2.905013e+00 1.304488e+01 1.072173e+04 1.183583e+04 3.29998 6.560976e-01
6.240000e-01 2.361540e+00 2.477847e+00 2.905827e+00 1.305624e+01 1.072768e+04 1.182192e+04 3.30256 6.565901e-01
6.230000e-01 2.361540e+00 2.478565e+00 2.906630e+00 1.306764e+01 1.073354e+04 1.180794e+04 3.30511 6.570754e-01
6.220000e-01 2.361540e+00 2.479301e+00 2.907460e+00 1.307917e+01 1.073922e+04 1.179383e+04 3.30766 6.575411e-01
6.210000e-01 2.361540e+00 2.480000e+00 2.908241e+00 1.309064e+01 1.074485e+04 1.177976e+04 3.31016 6.580109e-01
6.200000e-01 2.361540e+00 2.480689e+00 2.909011e+00 1.310219e+01 1.075040e+04 1.176561e+04 3.31263 6.584755e-01
6.190000e-01 2.361540e+00 2.481370e+00 2.909772e+00 1.311382e+01 1.075587e+04 1.175136e+04 3.31507 6.589338e-01
6.180000e-01 2.361540e+00 2.482042e+00 2.910523e+00 1.312550e+01 1.076125e+04 1.173702e+04 3.31747 6.593850e-01
6.170000e-01 2.361540e+00 2.482705e+00 2.911266e+00 1.313726e+01 1.076655e+04 1.172258e+04 3.31985 6.598296e-01
6.160000e-01 2.361540e+00 2.483358e+00 2.911998e+00 1.314908e+01 1.077175e+04 1.170806e+04 3.32219 6.602669e-01
6.150000e-01 2.361540e+00 2.484002e+00 2.912719e+00 1.316096e+01 1.077686e+04 1.169347e+04 3.3245 6.606966e-01
6.140000e-01 2.361540e+00 2.484636e+00 2.913430e+00 1.317289e+01 1.078188e+04 1.167880e+04 3.32678 6.611194e-01
6.130000e-01 2.361540e+00 2.485260e+00 2.914130e+00 1.318490e+01 1.078681e+04 1.166404e+04 3.32902 6.615351e-01
6.120000e-01 2.361540e+00 2.485874e+00 2.914820e+00 1.319697e+01 1.079164e+04 1.164920e+04 3.33123 6.619435e-01
6.110000e-01 2.361540e+00 2.486479e+00 2.915498e+00 1.320909e+01 1.079637e+04 1.163429e+04 3.33341 6.623442e-01
6.100000e-01 2.361540e+00 2.487071e+00 2.916164e+00 1.322126e+01 1.080099e+04 1.161931e+04 3.33554 6.627370e-01
6.090000e-01 2.361540e+00 2.487679e+00 2.916851e+00 1.323356e+01 1.080545e+04 1.160417e+04 3.33767 6.631090e-01
6.080000e-01 2.361540e+00 2.488246e+00 2.917485e+00 1.324581e+01 1.080984e+04 1.158908e+04 3.33972 6.634830e-01
6.070000e-01 2.361540e+00 2.488801e+00 2.918105e+00 1.325814e+01 1.081415e+04 1.157388e+04 3.34173 6.638504e-01
6.060000e-01 2.361540e+00 2.489345e+00 2.918713e+00 1.327054e+01 1.081837e+04 1.155857e+04 3.34369 6.642102e-01
6.050000e-01 2.361540e+00 2.489877e+00 2.919307e+00 1.328302e+01 1.082250e+04 1.154317e+04 3.34562 6.645616e-01
6.040000e-01 2.361540e+00 2.490397e+00 2.919889e+00 1.329558e+01 1.082654e+04 1.152765e+04 3.3475 6.649050e-01
6.030000e-01 2.361540e+00 2.490906e+00 2.920459e+00 1.330821e+01 1.083048e+04 1.151203e+04 3.34933 6.652400e-01
6.020000e-01 2.361540e+00 2.491401e+00 2.921013e+00 1.332091e+01 1.083432e+04 1.149634e+04 3.35112 6.655661e-01
6.010000e-01 2.361540e+00 2.491884e+00 2.921554e+00 1.333367e+01 1.083806e+04 1.148055e+04 3.35286 6.658840e-01
6.000000e-01 2.361540e+00 2.492356e+00 2.922082e+00 1.334651e+01 1.084170e+04 1.146466e+04 3.35457 6.661940e-01
5.990000e-01 2.361540e+00 2.492817e+00 2.922599e+00 1.335942e+01 1.084524e+04 1.144869e+04 3.35623 6.664961e-01
5.980000e-01 2.361540e+00 2.493266e+00 2.923103e+00 1.337240e+01 1.084867e+04 1.143264e+04 3.35786 6.667898e-01
5.970000e-01 2.361540e+00 2.493729e+00 2.923629e+00 1.338553e+01 1.085194e+04 1.141642e+04 3.35947 6.670638e-01
5.960000e-01 2.361540e+00 2.494155e+00 2.924106e+00 1.339861e+01 1.085514e+04 1.140026e+04 3.36102 6.673401e-01
5.950000e-01 2.361540e+00 2.494566e+00 2.924566e+00 1.341174e+01 1.085822e+04 1.138404e+04 3.36252 6.676079e-01
5.940000e-01 2.361540e+00 2.494963e+00 2.925010e+00 1.342496e+01 1.086121e+04 1.136771e+04 3.36398 6.678683e-01
5.930000e-01 2.361540e+00 2.495351e+00 2.925445e+00 1.343827e+01 1.086410e+04 1.135128e+04 3.36541 6.681212e-01
5.920000e-01 2.361540e+00 2.495724e+00 2.925863e+00 1.345166e+01 1.086689e+04 1.133473e+04 3.36677 6.683648e-01
5.910000e-01 2.361540e+00 2.496081e+00 2.926264e+00 1.346515e+01 1.086959e+04 1.131806e+04 3.36808 6.685986e-01
5.900000e-01 2.361540e+00 2.496427e+00 2.926651e+00 1.347872e+01 1.087217e+04 1.130129e+04 3.36935 6.688235e-01
5.890000e-01 2.361540e+00 2.496758e+00 2.927023e+00 1.349236e+01 1.087465e+04 1.128444e+04 3.37055 6.690389e-01
5.880000e-01 2.361540e+00 2.497071e+00 2.927374e+00 1.350608e+01 1.087703e+04 1.126747e+04 3.3717 6.692437e-01
5.870000e-01 2.361540e+00 2.497369e+00 2.927708e+00 1.351989e+01 1.087930e+04 1.125039e+04 3.37278 6.694389e-01
5.860000e-01 2.361540e+00 2.497679e+00 2.928063e+00 1.353386e+01 1.088141e+04 1.123311e+04 3.37384 6.696132e-01
5.850000e-01 2.361540e+00 2.497948e+00 2.928364e+00 1.354782e+01 1.088346e+04 1.121583e+04 3.37481 6.697874e-01
5.840000e-01 2.361540e+00 2.498201e+00 2.928645e+00 1.356184e+01 1.088539e+04 1.119848e+04 3.37573 6.699522e-01
5.830000e-01 2.361540e+00 2.498442e+00 2.928915e+00 1.357591e+01 1.088719e+04 1.118110e+04 3.37661 6.701088e-01
5.820000e-01 2.361540e+00 2.498670e+00 2.929168e+00 1.359004e+01 1.088888e+04 1.116366e+04 3.37745 6.702574e-01
5.810000e-01 2.361540e+00 2.498883e+00 2.929404e+00 1.360429e+01 1.089047e+04 1.114608e+04 3.37824 6.703971e-01
5.800000e-01 2.361540e+00 2.499085e+00 2.929630e+00 1.361864e+01 1.089195e+04 1.112840e+04 3.37899 6.705289e-01
5.790000e-01 2.361540e+00 2.496084e+00 2.926299e+00 1.362224e+01 1.090367e+04 1.112461e+04 3.37509 6.720894e-01
5.780000e-01 2.361540e+00 2.499441e+00 2.930031e+00 1.364764e+01 1.089460e+04 1.109271e+04 3.38032 6.707663e-01
5.770000e-01 2.361540e+00 2.496367e+00 2.926618e+00 1.365123e+01 1.090623e+04 1.108889e+04 3.37626 6.723282e-01
5.760000e-01 2.361540e+00 2.499762e+00 2.930399e+00 1.367708e+01 1.089674e+04 1.105650e+04 3.38146 6.709504e-01
5.750000e-01 2.361540e+00 2.496603e+00 2.926890e+00 1.368063e+01 1.090831e+04 1.105268e+04 3.3772 6.725167e-01
5.740000e-01 2.361540e+00 2.499989e+00 2.930654e+00 1.370683e+01 1.089848e+04 1.101992e+04 3.38229 6.711012e-01
5.730000e-01 2.361540e+00 2.496753e+00 2.927059e+00 1.371036e+01 1.090997e+04 1.101606e+04 3.37786 6.726681e-01
5.720000e-01 2.361540e+00 2.500145e+00 2.930827e+00 1.373692e+01 1.089976e+04 1.098292e+04 3.38285 6.712074e-01
5.710000e-01 2.361540e+00 2.496821e+00 2.927129e+00 1.374041e+01 1.091114e+04 1.097905e+04 3.3782 6.727723e-01
5.700000e-01 2.361540e+00 2.500240e+00 2.930929e+00 1.376727e+01 1.090054e+04 1.094567e+04 3.3832 6.712735e-01
5.690000e-01 2.361540e+00 2.496841e+00 2.927143e+00 1.377075e+01 1.091182e+04 1.094179e+04 3.37838 6.728392e-01
5.680000e-01 2.361540e+00 2.500280e+00 2.930970e+00 1.379802e+01 1.090086e+04 1.090806e+04 3.38337 6.713053e-01
5.670000e-01 2.361540e+00 2.496828e+00 2.927132e+00 1.380153e+01 1.091206e+04 1.090414e+04 3.37845 6.728751e-01
5.676413e-01 2.361540e+00 2.500839e+00 2.931611e+00 1.380551e+01 1.089914e+04 1.089890e+04 3.38417 6.710576e-01
