1.000000e+00 2.377930e+00 2.117259e+00 2.512095e+00 1.067928e+01 0.000000e+00 1.519024e+04 0 0.000000e+00
9.990000e-01 2.377930e+00 2.118715e+00 2.513258e+00 1.068745e+01 6.053085e+02 1.509980e+04 2.18814 3.357333e-02
9.980000e-01 2.377930e+00 2.118819e+00 2.513168e+00 1.068931e+01 8.681556e+02 1.506560e+04 2.2776 5.011591e-02
9.970000e-01 2.377930e+00 2.120134e+00 2.514711e+00 1.069457e+01 1.063703e+03 1.503749e+04 2.1939 5.907415e-02
9.960000e-01 2.377930e+00 2.120388e+00 2.514855e+00 1.069665e+01 1.236243e+03 1.501549e+04 2.23412 6.989821e-02
9.950000e-01 2.377930e+00 2.121640e+00 2.516329e+00 1.070175e+01 1.380329e+03 1.499399e+04 2.19818 7.669910e-02
9.940000e-01 2.377930e+00 2.121938e+00 2.516545e+00 1.070389e+01 1.518186e+03 1.497669e+04 2.22459 8.534880e-02
9.930000e-01 2.377930e+00 2.123173e+00 2.518006e+00 1.070894e+01 1.637763e+03 1.495832e+04 2.20246 9.104909e-02
9.920000e-01 2.377930e+00 2.123492e+00 2.518257e+00 1.071111e+01 1.755712e+03 1.494372e+04 2.22217 9.845012e-02
9.910000e-01 2.377930e+00 2.124714e+00 2.519704e+00 1.071613e+01 1.859271e+03 1.492735e+04 2.20672 1.034131e-01
9.900000e-01 2.377930e+00 2.125015e+00 2.519929e+00 1.071830e+01 1.963306e+03 1.491462e+04 2.22211 1.099301e-01
9.890000e-01 2.377930e+00 2.126241e+00 2.521372e+00 1.072334e+01 2.055046e+03 1.489967e+04 2.21095 1.143569e-01
9.880000e-01 2.377930e+00 2.126525e+00 2.521572e+00 1.072551e+01 2.149426e+03 1.488823e+04 2.22376 1.202696e-01
9.870000e-01 2.377930e+00 2.127764e+00 2.523026e+00 1.073061e+01 2.233331e+03 1.487419e+04 2.21519 1.243381e-01
9.860000e-01 2.377930e+00 2.128044e+00 2.523220e+00 1.073279e+01 2.320470e+03 1.486372e+04 2.22626 1.298010e-01
9.850000e-01 2.377930e+00 2.129286e+00 2.524672e+00 1.073791e+01 2.397853e+03 1.485043e+04 2.21943 1.335622e-01
9.840000e-01 2.377930e+00 2.129556e+00 2.524849e+00 1.074009e+01 2.479120e+03 1.484074e+04 2.22917 1.386595e-01
9.830000e-01 2.377930e+00 2.130808e+00 2.526311e+00 1.074525e+01 2.551505e+03 1.482801e+04 2.22368 1.421895e-01
9.820000e-01 2.377930e+00 2.131072e+00 2.526477e+00 1.074744e+01 2.627920e+03 1.481897e+04 2.23239 1.469848e-01
9.810000e-01 2.377930e+00 2.132327e+00 2.527938e+00 1.075262e+01 2.695727e+03 1.480675e+04 2.22793 1.502993e-01
9.800000e-01 2.377930e+00 2.132561e+00 2.528059e+00 1.075479e+01 2.767600e+03 1.479831e+04 2.2356 1.548037e-01
9.790000e-01 2.377930e+00 2.133827e+00 2.529523e+00 1.076001e+01 2.831183e+03 1.478652e+04 2.23215 1.579287e-01
9.780000e-01 2.377930e+00 2.134049e+00 2.529624e+00 1.076219e+01 2.899828e+03 1.477850e+04 2.23925 1.622379e-01
9.770000e-01 2.377930e+00 2.135334e+00 2.531109e+00 1.076749e+01 2.961078e+03 1.476693e+04 2.23641 1.652560e-01
9.760000e-01 2.377930e+00 2.135579e+00 2.531241e+00 1.076971e+01 3.027320e+03 1.475922e+04 2.24322 1.694282e-01
9.750000e-01 2.377930e+00 2.136866e+00 2.532731e+00 1.077503e+01 3.086573e+03 1.474788e+04 2.24071 1.723436e-01
9.740000e-01 2.377930e+00 2.137132e+00 2.532893e+00 1.077728e+01 3.150549e+03 1.474047e+04 2.24723 1.763833e-01
9.730000e-01 2.377930e+00 2.138421e+00 2.534389e+00 1.078262e+01 3.207951e+03 1.472934e+04 2.24505 1.792066e-01
9.720000e-01 2.377930e+00 2.138702e+00 2.534574e+00 1.078490e+01 3.269729e+03 1.472220e+04 2.25125 1.831138e-01
9.710000e-01 2.377930e+00 2.139990e+00 2.536073e+00 1.079023e+01 3.325050e+03 1.471132e+04 2.2494 1.858356e-01
9.700000e-01 2.377930e+00 2.140268e+00 2.536255e+00 1.079251e+01 3.384497e+03 1.470447e+04 2.25519 1.895955e-01
9.690000e-01 2.377930e+00 2.141559e+00 2.537756e+00 1.079785e+01 3.437576e+03 1.469384e+04 2.25376 1.922146e-01
9.680000e-01 2.377930e+00 2.141834e+00 2.537934e+00 1.080013e+01 3.495051e+03 1.468726e+04 2.25923 1.958531e-01
9.670000e-01 2.377930e+00 2.143133e+00 2.539445e+00 1.080550e+01 3.546431e+03 1.467680e+04 2.25813 1.983945e-01
9.660000e-01 2.377930e+00 2.143407e+00 2.539621e+00 1.080779e+01 3.602143e+03 1.467044e+04 2.26334 2.019246e-01
9.650000e-01 2.377930e+00 2.144710e+00 2.541136e+00 1.081317e+01 3.651748e+03 1.466017e+04 2.26252 2.043822e-01
9.640000e-01 2.377930e+00 2.144979e+00 2.541306e+00 1.081547e+01 3.705834e+03 1.465402e+04 2.26749 2.078124e-01
9.630000e-01 2.377930e+00 2.146290e+00 2.542829e+00 1.082088e+01 3.753982e+03 1.464389e+04 2.26692 2.102032e-01
9.620000e-01 2.377930e+00 2.146555e+00 2.542993e+00 1.082318e+01 3.806546e+03 1.463793e+04 2.27166 2.135395e-01
9.610000e-01 2.377930e+00 2.147871e+00 2.544519e+00 1.082862e+01 3.853065e+03 1.462795e+04 2.27134 2.158536e-01
9.600000e-01 2.377930e+00 2.148114e+00 2.544651e+00 1.083090e+01 3.903976e+03 1.462220e+04 2.27578 2.190833e-01
9.590000e-01 2.377930e+00 2.149441e+00 2.546187e+00 1.083637e+01 3.948930e+03 1.461233e+04 2.27575 2.213301e-01
9.580000e-01 2.377930e+00 2.149684e+00 2.546315e+00 1.083867e+01 3.998776e+03 1.460671e+04 2.28008 2.244992e-01
9.570000e-01 2.377930e+00 2.151024e+00 2.547865e+00 1.084420e+01 4.042994e+03 1.459687e+04 2.28021 2.267118e-01
9.560000e-01 2.377930e+00 2.151281e+00 2.548013e+00 1.084653e+01 4.091964e+03 1.459134e+04 2.28448 2.298333e-01
9.550000e-01 2.377930e+00 2.152625e+00 2.549569e+00 1.085209e+01 4.135361e+03 1.458155e+04 2.2847 2.320029e-01
9.540000e-01 2.377930e+00 2.152894e+00 2.549735e+00 1.085445e+01 4.183391e+03 1.457613e+04 2.2889 2.350700e-01
9.530000e-01 2.377930e+00 2.154286e+00 2.551357e+00 1.086011e+01 4.225934e+03 1.456632e+04 2.2893 2.371951e-01
9.520000e-01 2.377930e+00 2.154534e+00 2.551496e+00 1.086243e+01 4.273050e+03 1.456109e+04 2.29335 2.402088e-01
9.510000e-01 2.377930e+00 2.155914e+00 2.553102e+00 1.086808e+01 4.314649e+03 1.455141e+04 2.29385 2.422892e-01
9.500000e-01 2.377930e+00 2.156157e+00 2.553237e+00 1.087040e+01 4.360675e+03 1.454631e+04 2.29775 2.452348e-01
9.490000e-01 2.377930e+00 2.157543e+00 2.554850e+00 1.087606e+01 4.401260e+03 1.453672e+04 2.2984 2.472699e-01
9.480000e-01 2.377930e+00 2.157788e+00 2.554986e+00 1.087839e+01 4.446434e+03 1.453172e+04 2.30221 2.501653e-01
9.470000e-01 2.377930e+00 2.159180e+00 2.556607e+00 1.088409e+01 4.486229e+03 1.452218e+04 2.30298 2.521633e-01
9.460000e-01 2.377930e+00 2.159423e+00 2.556740e+00 1.088643e+01 4.530511e+03 1.451728e+04 2.30668 2.550041e-01
9.450000e-01 2.377930e+00 2.160821e+00 2.558368e+00 1.089214e+01 4.569378e+03 1.450782e+04 2.30758 2.569589e-01
9.440000e-01 2.377930e+00 2.161060e+00 2.558496e+00 1.089449e+01 4.612827e+03 1.450302e+04 2.31118 2.597492e-01
9.430000e-01 2.377930e+00 2.162465e+00 2.560132e+00 1.090023e+01 4.650851e+03 1.449361e+04 2.3122 2.616651e-01
9.420000e-01 2.377930e+00 2.162695e+00 2.560247e+00 1.090257e+01 4.693410e+03 1.448892e+04 2.31566 2.643994e-01
9.410000e-01 2.377930e+00 2.164106e+00 2.561887e+00 1.090833e+01 4.730407e+03 1.447959e+04 2.31681 2.662683e-01
9.400000e-01 2.377930e+00 2.164317e+00 2.561976e+00 1.091065e+01 4.772042e+03 1.447502e+04 2.32013 2.689434e-01
9.390000e-01 2.377930e+00 2.165743e+00 2.563631e+00 1.091646e+01 4.808292e+03 1.446573e+04 2.32144 2.707830e-01
9.380000e-01 2.377930e+00 2.165963e+00 2.563730e+00 1.091881e+01 4.849476e+03 1.446120e+04 2.32475 2.734367e-01
9.370000e-01 2.377930e+00 2.167397e+00 2.565395e+00 1.092467e+01 4.885393e+03 1.445189e+04 2.32611 2.752585e-01
9.360000e-01 2.377930e+00 2.167628e+00 2.565509e+00 1.092706e+01 4.926095e+03 1.444741e+04 2.32942 2.778869e-01
9.350000e-01 2.377930e+00 2.169068e+00 2.567182e+00 1.093295e+01 4.961564e+03 1.443812e+04 2.33083 2.796854e-01
9.340000e-01 2.377930e+00 2.169307e+00 2.567309e+00 1.093536e+01 5.001738e+03 1.443370e+04 2.33411 2.822842e-01
9.330000e-01 2.377930e+00 2.170752e+00 2.568989e+00 1.094127e+01 5.036701e+03 1.442444e+04 2.33557 2.840576e-01
9.320000e-01 2.377930e+00 2.170993e+00 2.569120e+00 1.094369e+01 5.076262e+03 1.442008e+04 2.33879 2.866194e-01
9.310000e-01 2.377930e+00 2.172441e+00 2.570804e+00 1.094961e+01 5.110550e+03 1.441087e+04 2.34033 2.883607e-01
9.300000e-01 2.377930e+00 2.172678e+00 2.570930e+00 1.095203e+01 5.149472e+03 1.440659e+04 2.34347 2.908834e-01
9.290000e-01 2.377930e+00 2.174135e+00 2.572625e+00 1.095799e+01 5.183225e+03 1.439741e+04 2.34511 2.926020e-01
9.280000e-01 2.377930e+00 2.174375e+00 2.572754e+00 1.096043e+01 5.221662e+03 1.439318e+04 2.34822 2.950974e-01
9.270000e-01 2.377930e+00 2.175838e+00 2.574456e+00 1.096642e+01 5.254883e+03 1.438401e+04 2.34991 2.967900e-01
9.260000e-01 2.377930e+00 2.176074e+00 2.574580e+00 1.096886e+01 5.292754e+03 1.437984e+04 2.35296 2.992513e-01
9.250000e-01 2.377930e+00 2.177545e+00 2.576291e+00 1.097488e+01 5.325422e+03 1.437069e+04 2.35474 3.009190e-01
9.240000e-01 2.377930e+00 2.177778e+00 2.576410e+00 1.097733e+01 5.362753e+03 1.436657e+04 2.35772 3.033480e-01
9.230000e-01 2.377930e+00 2.179254e+00 2.578127e+00 1.098337e+01 5.394786e+03 1.435745e+04 2.35958 3.049859e-01
9.220000e-01 2.377930e+00 2.179472e+00 2.578226e+00 1.098581e+01 5.431467e+03 1.435341e+04 2.36246 3.073731e-01
9.210000e-01 2.377930e+00 2.180958e+00 2.579951e+00 1.099187e+01 5.462775e+03 1.434432e+04 2.36442 3.089797e-01
9.200000e-01 2.377930e+00 2.181170e+00 2.580041e+00 1.099431e+01 5.498989e+03 1.434032e+04 2.36725 3.113401e-01
9.190000e-01 2.377930e+00 2.182670e+00 2.581782e+00 1.100043e+01 5.530014e+03 1.433121e+04 2.36929 3.129359e-01
9.180000e-01 2.377930e+00 2.182892e+00 2.581886e+00 1.100291e+01 5.565965e+03 1.432723e+04 2.37214 3.152853e-01
9.170000e-01 2.377930e+00 2.184398e+00 2.583635e+00 1.100907e+01 5.596720e+03 1.431809e+04 2.37421 3.168660e-01
9.160000e-01 2.377930e+00 2.184628e+00 2.583749e+00 1.101158e+01 5.632323e+03 1.431414e+04 2.37705 3.191967e-01
9.150000e-01 2.377930e+00 2.186140e+00 2.585506e+00 1.101777e+01 5.662744e+03 1.430501e+04 2.37916 3.207607e-01
9.140000e-01 2.377930e+00 2.186373e+00 2.585627e+00 1.102028e+01 5.697941e+03 1.430109e+04 2.38197 3.230676e-01
9.130000e-01 2.377930e+00 2.187889e+00 2.587390e+00 1.102649e+01 5.727897e+03 1.429198e+04 2.38412 3.246091e-01
9.120000e-01 2.377930e+00 2.188118e+00 2.587504e+00 1.102901e+01 5.762589e+03 1.428813e+04 2.38688 3.268845e-01
9.110000e-01 2.377930e+00 2.189641e+00 2.589276e+00 1.103524e+01 5.792069e+03 1.427904e+04 2.3891 3.284054e-01
9.100000e-01 2.377930e+00 2.189870e+00 2.589391e+00 1.103776e+01 5.826392e+03 1.427522e+04 2.39184 3.306602e-01
9.090000e-01 2.377930e+00 2.191401e+00 2.591173e+00 1.104403e+01 5.855523e+03 1.426613e+04 2.39411 3.321650e-01
9.080000e-01 2.377930e+00 2.191628e+00 2.591285e+00 1.104657e+01 5.889463e+03 1.426235e+04 2.39681 3.343975e-01
9.070000e-01 2.377930e+00 2.193166e+00 2.593075e+00 1.105287e+01 5.918178e+03 1.425326e+04 2.39914 3.358831e-01
9.060000e-01 2.377930e+00 2.193391e+00 2.593185e+00 1.105542e+01 5.951750e+03 1.424951e+04 2.40181 3.380945e-01
9.050000e-01 2.377930e+00 2.194937e+00 2.594982e+00 1.106174e+01 5.980039e+03 1.424042e+04 2.40419 3.395601e-01
9.040000e-01 2.377930e+00 2.195152e+00 2.595079e+00 1.106429e+01 6.013166e+03 1.423672e+04 2.4068 3.417441e-01
9.030000e-01 2.377930e+00 2.196706e+00 2.596884e+00 1.107064e+01 6.040898e+03 1.422765e+04 2.40925 3.431843e-01
9.020000e-01 2.377930e+00 2.196908e+00 2.596963e+00 1.107319e+01 6.073595e+03 1.422400e+04 2.41179 3.453423e-01
9.010000e-01 2.377930e+00 2.198477e+00 2.598785e+00 1.107959e+01 6.101027e+03 1.421490e+04 2.41433 3.467718e-01
9.000000e-01 2.377930e+00 2.198688e+00 2.598875e+00 1.108217e+01 6.133557e+03 1.421125e+04 2.4169 3.489245e-01
8.990000e-01 2.377930e+00 2.200265e+00 2.600706e+00 1.108863e+01 6.160838e+03 1.420211e+04 2.41946 3.503453e-01
8.980000e-01 2.377930e+00 2.200484e+00 2.600807e+00 1.109123e+01 6.193143e+03 1.419847e+04 2.42204 3.524875e-01
8.970000e-01 2.377930e+00 2.202068e+00 2.602648e+00 1.109773e+01 6.220200e+03 1.418931e+04 2.42463 3.538966e-01
8.960000e-01 2.377930e+00 2.202291e+00 2.602756e+00 1.110035e+01 6.252226e+03 1.418569e+04 2.4272 3.560234e-01
8.950000e-01 2.377930e+00 2.203880e+00 2.604603e+00 1.110687e+01 6.278946e+03 1.417652e+04 2.42983 3.574156e-01
8.940000e-01 2.377930e+00 2.204099e+00 2.604707e+00 1.110950e+01 6.310579e+03 1.417294e+04 2.43235 3.595181e-01
8.930000e-01 2.377930e+00 2.205695e+00 2.606562e+00 1.111604e+01 6.336884e+03 1.416379e+04 2.43503 3.608917e-01
8.920000e-01 2.377930e+00 2.205911e+00 2.606662e+00 1.111867e+01 6.368198e+03 1.416024e+04 2.43753 3.629757e-01
8.910000e-01 2.377930e+00 2.207515e+00 2.608528e+00 1.112524e+01 6.394208e+03 1.415108e+04 2.44026 3.643364e-01
8.900000e-01 2.377930e+00 2.207730e+00 2.608627e+00 1.112789e+01 6.425227e+03 1.414756e+04 2.44273 3.664037e-01
8.890000e-01 2.377930e+00 2.209341e+00 2.610501e+00 1.113449e+01 6.450893e+03 1.413839e+04 2.44551 3.677481e-01
8.880000e-01 2.377930e+00 2.209552e+00 2.610596e+00 1.113715e+01 6.481615e+03 1.413489e+04 2.44796 3.697987e-01
8.870000e-01 2.377930e+00 2.211172e+00 2.612479e+00 1.114379e+01 6.506946e+03 1.412571e+04 2.45078 3.711277e-01
8.860000e-01 2.377930e+00 2.211374e+00 2.612561e+00 1.114644e+01 6.537326e+03 1.412224e+04 2.45318 3.731574e-01
8.850000e-01 2.377930e+00 2.213002e+00 2.614453e+00 1.115311e+01 6.562209e+03 1.411306e+04 2.45606 3.744659e-01
8.840000e-01 2.377930e+00 2.213191e+00 2.614516e+00 1.115575e+01 6.592225e+03 1.410963e+04 2.4584 3.764736e-01
8.830000e-01 2.377930e+00 2.214834e+00 2.616424e+00 1.116247e+01 6.616831e+03 1.410042e+04 2.46136 3.777719e-01
8.820000e-01 2.377930e+00 2.215030e+00 2.616497e+00 1.116515e+01 6.646718e+03 1.409699e+04 2.46373 3.797764e-01
8.810000e-01 2.377930e+00 2.216681e+00 2.618415e+00 1.117193e+01 6.671217e+03 1.408773e+04 2.46671 3.810686e-01
8.800000e-01 2.377930e+00 2.216885e+00 2.618499e+00 1.117463e+01 6.700951e+03 1.408430e+04 2.46909 3.830671e-01
8.790000e-01 2.377930e+00 2.218589e+00 2.620487e+00 1.118155e+01 6.725253e+03 1.407488e+04 2.47216 3.843424e-01
8.780000e-01 2.377930e+00 2.218768e+00 2.620538e+00 1.118422e+01 6.754811e+03 1.407153e+04 2.4745 3.863356e-01
8.770000e-01 2.377930e+00 2.220463e+00 2.622513e+00 1.119113e+01 6.778857e+03 1.406213e+04 2.47758 3.876001e-01
8.760000e-01 2.377930e+00 2.220637e+00 2.622560e+00 1.119380e+01 6.808109e+03 1.405881e+04 2.47989 3.895749e-01
8.750000e-01 2.377930e+00 2.222339e+00 2.624544e+00 1.120074e+01 6.831812e+03 1.404941e+04 2.48301 3.908237e-01
8.740000e-01 2.377930e+00 2.222509e+00 2.624586e+00 1.120342e+01 6.860801e+03 1.404611e+04 2.4853 3.927834e-01
8.730000e-01 2.377930e+00 2.224221e+00 2.626581e+00 1.121039e+01 6.884253e+03 1.403669e+04 2.48846 3.940210e-01
8.720000e-01 2.377930e+00 2.224388e+00 2.626620e+00 1.121308e+01 6.912996e+03 1.403341e+04 2.49073 3.959672e-01
8.710000e-01 2.377930e+00 2.226108e+00 2.628625e+00 1.122009e+01 6.936153e+03 1.402397e+04 2.49394 3.971907e-01
8.700000e-01 2.377930e+00 2.226271e+00 2.628658e+00 1.122279e+01 6.964648e+03 1.402071e+04 2.49618 3.991230e-01
8.690000e-01 2.377930e+00 2.228000e+00 2.630672e+00 1.122983e+01 6.987509e+03 1.401125e+04 2.49943 4.003327e-01
8.680000e-01 2.377930e+00 2.228151e+00 2.630692e+00 1.123253e+01 7.015715e+03 1.400801e+04 2.50163 4.022478e-01
8.670000e-01 2.377930e+00 2.229890e+00 2.632716e+00 1.123960e+01 7.038190e+03 1.399854e+04 2.50494 4.034396e-01
8.660000e-01 2.377930e+00 2.230029e+00 2.632718e+00 1.124230e+01 7.066097e+03 1.399533e+04 2.50709 4.053372e-01
8.650000e-01 2.377930e+00 2.231783e+00 2.634759e+00 1.124942e+01 7.088354e+03 1.398582e+04 2.51047 4.065211e-01
8.640000e-01 2.377930e+00 2.231928e+00 2.634770e+00 1.125215e+01 7.116165e+03 1.398260e+04 2.51265 4.084172e-01
8.630000e-01 2.377930e+00 2.233691e+00 2.636822e+00 1.125933e+01 7.138329e+03 1.397303e+04 2.51604 4.095956e-01
8.620000e-01 2.377930e+00 2.233842e+00 2.636841e+00 1.126209e+01 7.166018e+03 1.396981e+04 2.51824 4.114877e-01
8.610000e-01 2.377930e+00 2.235614e+00 2.638905e+00 1.126933e+01 7.188045e+03 1.396018e+04 2.52166 4.126584e-01
8.600000e-01 2.377930e+00 2.235768e+00 2.638928e+00 1.127210e+01 7.215564e+03 1.395696e+04 2.52386 4.145421e-01
8.590000e-01 2.377930e+00 2.237547e+00 2.641000e+00 1.127937e+01 7.237357e+03 1.394731e+04 2.5273 4.157005e-01
8.580000e-01 2.377930e+00 2.237695e+00 2.641017e+00 1.128215e+01 7.264621e+03 1.394411e+04 2.52947 4.175692e-01
8.570000e-01 2.377930e+00 2.239483e+00 2.643099e+00 1.128945e+01 7.286133e+03 1.393444e+04 2.53297 4.187146e-01
8.560000e-01 2.377930e+00 2.239628e+00 2.643112e+00 1.129224e+01 7.313190e+03 1.393126e+04 2.53512 4.205722e-01
8.550000e-01 2.377930e+00 2.241425e+00 2.645207e+00 1.129959e+01 7.334482e+03 1.392155e+04 2.53865 4.217073e-01
8.540000e-01 2.377930e+00 2.241565e+00 2.645214e+00 1.130238e+01 7.361323e+03 1.391838e+04 2.54078 4.235530e-01
8.530000e-01 2.377930e+00 2.243371e+00 2.647319e+00 1.130976e+01 7.382355e+03 1.390865e+04 2.54435 4.246757e-01
8.520000e-01 2.377930e+00 2.243505e+00 2.647319e+00 1.131257e+01 7.408980e+03 1.390549e+04 2.54646 4.265096e-01
8.510000e-01 2.377930e+00 2.245321e+00 2.649434e+00 1.131999e+01 7.429733e+03 1.389574e+04 2.55008 4.276189e-01
8.500000e-01 2.377930e+00 2.245441e+00 2.649417e+00 1.132279e+01 7.456091e+03 1.389260e+04 2.55214 4.294368e-01
8.490000e-01 2.377930e+00 2.247268e+00 2.651543e+00 1.133023e+01 7.476493e+03 1.388283e+04 2.55581 4.305300e-01
8.480000e-01 2.377930e+00 2.247380e+00 2.651514e+00 1.133304e+01 7.502641e+03 1.387971e+04 2.55784 4.323371e-01
8.470000e-01 2.377930e+00 2.249221e+00 2.653658e+00 1.134055e+01 7.522906e+03 1.386987e+04 2.56157 4.334254e-01
8.460000e-01 2.377930e+00 2.249339e+00 2.653637e+00 1.134339e+01 7.548978e+03 1.386674e+04 2.56363 4.352319e-01
8.450000e-01 2.377930e+00 2.251190e+00 2.655792e+00 1.135097e+01 7.569149e+03 1.385684e+04 2.56738 4.363144e-01
8.440000e-01 2.377930e+00 2.251312e+00 2.655779e+00 1.135383e+01 7.595114e+03 1.385370e+04 2.56945 4.381175e-01
8.430000e-01 2.377930e+00 2.253173e+00 2.657945e+00 1.136146e+01 7.615151e+03 1.384374e+04 2.57323 4.391924e-01
8.420000e-01 2.377930e+00 2.253294e+00 2.657931e+00 1.136434e+01 7.640945e+03 1.384060e+04 2.57529 4.409868e-01
8.410000e-01 2.377930e+00 2.255162e+00 2.660106e+00 1.137200e+01 7.660751e+03 1.383061e+04 2.5791 4.420496e-01
8.400000e-01 2.377930e+00 2.255276e+00 2.660084e+00 1.137489e+01 7.686328e+03 1.382749e+04 2.58114 4.438317e-01
8.390000e-01 2.377930e+00 2.257155e+00 2.662273e+00 1.138259e+01 7.705913e+03 1.381746e+04 2.58499 4.448843e-01
8.380000e-01 2.377930e+00 2.257265e+00 2.662247e+00 1.138549e+01 7.731324e+03 1.381435e+04 2.58702 4.466583e-01
8.370000e-01 2.377930e+00 2.259154e+00 2.664448e+00 1.139324e+01 7.750697e+03 1.380428e+04 2.5909 4.477002e-01
8.360000e-01 2.377930e+00 2.259258e+00 2.664414e+00 1.139614e+01 7.775914e+03 1.380118e+04 2.59291 4.494636e-01
8.350000e-01 2.377930e+00 2.261157e+00 2.666626e+00 1.140393e+01 7.795051e+03 1.379107e+04 2.59684 4.504943e-01
8.340000e-01 2.377930e+00 2.261253e+00 2.666582e+00 1.140684e+01 7.820073e+03 1.378798e+04 2.59882 4.522470e-01
8.330000e-01 2.377930e+00 2.263161e+00 2.668804e+00 1.141466e+01 7.838913e+03 1.377785e+04 2.60278 4.532632e-01
8.320000e-01 2.377930e+00 2.263241e+00 2.668740e+00 1.141757e+01 7.863681e+03 1.377478e+04 2.60472 4.550009e-01
8.310000e-01 2.377930e+00 2.265162e+00 2.670976e+00 1.142543e+01 7.882254e+03 1.376461e+04 2.60874 4.560055e-01
8.300000e-01 2.377930e+00 2.265241e+00 2.670910e+00 1.142836e+01 7.906912e+03 1.376153e+04 2.61068 4.577401e-01
8.290000e-01 2.377930e+00 2.267176e+00 2.673162e+00 1.143630e+01 7.925405e+03 1.375129e+04 2.61474 4.587408e-01
8.280000e-01 2.377930e+00 2.267257e+00 2.673101e+00 1.143925e+01 7.949983e+03 1.374820e+04 2.6167 4.604743e-01
8.270000e-01 2.377930e+00 2.269204e+00 2.675367e+00 1.144725e+01 7.968376e+03 1.373788e+04 2.62079 4.614688e-01
8.260000e-01 2.377930e+00 2.269287e+00 2.675310e+00 1.145023e+01 7.992846e+03 1.373479e+04 2.62275 4.631984e-01
8.250000e-01 2.377930e+00 2.271242e+00 2.677587e+00 1.145829e+01 8.011075e+03 1.372442e+04 2.62687 4.641835e-01
8.240000e-01 2.377930e+00 2.271321e+00 2.677525e+00 1.146128e+01 8.035367e+03 1.372133e+04 2.62882 4.659036e-01
8.230000e-01 2.377930e+00 2.273285e+00 2.679812e+00 1.146937e+01 8.053369e+03 1.371092e+04 2.63297 4.668775e-01
8.220000e-01 2.377930e+00 2.273357e+00 2.679743e+00 1.147237e+01 8.077496e+03 1.370783e+04 2.6349 4.685892e-01
8.210000e-01 2.377930e+00 2.275377e+00 2.682104e+00 1.148060e+01 8.095290e+03 1.369727e+04 2.63915 4.695445e-01
8.200000e-01 2.377930e+00 2.275416e+00 2.681991e+00 1.148355e+01 8.119281e+03 1.369426e+04 2.64102 4.712543e-01
8.190000e-01 2.377930e+00 2.277431e+00 2.684343e+00 1.149180e+01 8.136863e+03 1.368369e+04 2.64529 4.722021e-01
8.180000e-01 2.377930e+00 2.277460e+00 2.684220e+00 1.149476e+01 8.160683e+03 1.368068e+04 2.64714 4.739033e-01
8.170000e-01 2.377930e+00 2.279486e+00 2.686585e+00 1.150305e+01 8.178033e+03 1.367007e+04 2.65146 4.748395e-01
8.160000e-01 2.377930e+00 2.279500e+00 2.686441e+00 1.150600e+01 8.201636e+03 1.366708e+04 2.65326 4.765285e-01
8.150000e-01 2.377930e+00 2.281539e+00 2.688820e+00 1.151433e+01 8.218683e+03 1.365644e+04 2.65763 4.774501e-01
8.140000e-01 2.377930e+00 2.281542e+00 2.688662e+00 1.151729e+01 8.242111e+03 1.365346e+04 2.65941 4.791306e-01
8.130000e-01 2.377930e+00 2.283596e+00 2.691060e+00 1.152569e+01 8.259031e+03 1.364275e+04 2.66383 4.800469e-01
8.120000e-01 2.377930e+00 2.283601e+00 2.690906e+00 1.152868e+01 8.282397e+03 1.363976e+04 2.66562 4.817278e-01
8.110000e-01 2.377930e+00 2.285668e+00 2.693317e+00 1.153715e+01 8.299226e+03 1.362896e+04 2.67007 4.826382e-01
8.100000e-01 2.377930e+00 2.285674e+00 2.693167e+00 1.154017e+01 8.322512e+03 1.362595e+04 2.67188 4.843176e-01
8.090000e-01 2.377930e+00 2.287751e+00 2.695591e+00 1.154871e+01 8.339212e+03 1.361508e+04 2.67636 4.852201e-01
8.080000e-01 2.377930e+00 2.287755e+00 2.695439e+00 1.155174e+01 8.362362e+03 1.361207e+04 2.67816 4.868934e-01
8.070000e-01 2.377930e+00 2.289841e+00 2.697873e+00 1.156032e+01 8.378864e+03 1.360115e+04 2.68267 4.877851e-01
8.060000e-01 2.377930e+00 2.289836e+00 2.697711e+00 1.156336e+01 8.401851e+03 1.359815e+04 2.68445 4.894500e-01
8.050000e-01 2.377930e+00 2.291934e+00 2.700161e+00 1.157200e+01 8.418172e+03 1.358718e+04 2.689 4.903327e-01
8.040000e-01 2.377930e+00 2.291924e+00 2.699993e+00 1.157504e+01 8.441027e+03 1.358418e+04 2.69076 4.919920e-01
8.030000e-01 2.377930e+00 2.294033e+00 2.702457e+00 1.158374e+01 8.457157e+03 1.357315e+04 2.69535 4.928644e-01
8.020000e-01 2.377930e+00 2.294012e+00 2.702276e+00 1.158679e+01 8.479851e+03 1.357016e+04 2.69709 4.945158e-01
8.010000e-01 2.377930e+00 2.296135e+00 2.704755e+00 1.159554e+01 8.495774e+03 1.355908e+04 2.70172 4.953777e-01
8.000000e-01 2.377930e+00 2.296100e+00 2.704558e+00 1.159859e+01 8.518291e+03 1.355609e+04 2.70343 4.970197e-01
7.990000e-01 2.377930e+00 2.298234e+00 2.707049e+00 1.160738e+01 8.533927e+03 1.354498e+04 2.70811 4.978669e-01
7.980000e-01 2.377930e+00 2.298183e+00 2.706830e+00 1.161043e+01 8.556245e+03 1.354200e+04 2.70977 4.994984e-01
7.970000e-01 2.377930e+00 2.300334e+00 2.709341e+00 1.161928e+01 8.571704e+03 1.353082e+04 2.7145 5.003378e-01
7.960000e-01 2.377930e+00 2.300282e+00 2.709122e+00 1.162236e+01 8.593961e+03 1.352784e+04 2.71618 5.019700e-01
7.950000e-01 2.377930e+00 2.302446e+00 2.711648e+00 1.163129e+01 8.609332e+03 1.351656e+04 2.72095 5.028036e-01
7.940000e-01 2.377930e+00 2.302394e+00 2.711431e+00 1.163440e+01 8.631517e+03 1.351356e+04 2.72264 5.044349e-01
7.930000e-01 2.377930e+00 2.304569e+00 2.713972e+00 1.164340e+01 8.646778e+03 1.350220e+04 2.72743 5.052614e-01
7.920000e-01 2.377930e+00 2.304514e+00 2.713752e+00 1.164653e+01 8.668851e+03 1.349919e+04 2.72912 5.068886e-01
7.910000e-01 2.377930e+00 2.306700e+00 2.716305e+00 1.165559e+01 8.683936e+03 1.348776e+04 2.73394 5.077047e-01
7.900000e-01 2.377930e+00 2.306635e+00 2.716075e+00 1.165872e+01 8.705860e+03 1.348475e+04 2.73561 5.093247e-01
7.890000e-01 2.377930e+00 2.308834e+00 2.718643e+00 1.166784e+01 8.720763e+03 1.347327e+04 2.74047 5.101312e-01
7.880000e-01 2.377930e+00 2.308762e+00 2.718405e+00 1.167098e+01 8.742569e+03 1.347026e+04 2.74212 5.117466e-01
7.870000e-01 2.377930e+00 2.310972e+00 2.720988e+00 1.168016e+01 8.757297e+03 1.345871e+04 2.74703 5.125433e-01
7.860000e-01 2.377930e+00 2.310890e+00 2.720738e+00 1.168332e+01 8.778957e+03 1.345570e+04 2.74865 5.141519e-01
7.850000e-01 2.377930e+00 2.313114e+00 2.723335e+00 1.169255e+01 8.793487e+03 1.344408e+04 2.7536 5.149380e-01
7.840000e-01 2.377930e+00 2.313016e+00 2.723068e+00 1.169571e+01 8.814992e+03 1.344108e+04 2.75519 5.165392e-01
7.830000e-01 2.377930e+00 2.315253e+00 2.725679e+00 1.170499e+01 8.829259e+03 1.342942e+04 2.76018 5.173111e-01
7.820000e-01 2.377930e+00 2.315135e+00 2.725386e+00 1.170814e+01 8.850566e+03 1.342643e+04 2.76172 5.189018e-01
7.810000e-01 2.377930e+00 2.317389e+00 2.728018e+00 1.171749e+01 8.864636e+03 1.341470e+04 2.76677 5.196644e-01
7.800000e-01 2.377930e+00 2.317269e+00 2.727722e+00 1.172066e+01 8.885876e+03 1.341170e+04 2.76832 5.212553e-01
7.790000e-01 2.377930e+00 2.319536e+00 2.730369e+00 1.173009e+01 8.899853e+03 1.339987e+04 2.7734 5.220119e-01
7.780000e-01 2.377930e+00 2.319414e+00 2.730073e+00 1.173330e+01 8.921028e+03 1.339684e+04 2.77496 5.236027e-01
7.770000e-01 2.377930e+00 2.321737e+00 2.732794e+00 1.174290e+01 8.934868e+03 1.338480e+04 2.78012 5.243410e-01
7.760000e-01 2.377930e+00 2.321583e+00 2.732458e+00 1.174607e+01 8.955963e+03 1.338183e+04 2.78164 5.259351e-01
7.750000e-01 2.377930e+00 2.323902e+00 2.735172e+00 1.175571e+01 8.969644e+03 1.336976e+04 2.78682 5.266672e-01
7.740000e-01 2.377930e+00 2.323736e+00 2.734821e+00 1.175888e+01 8.990601e+03 1.336680e+04 2.78831 5.282553e-01
7.730000e-01 2.377930e+00 2.326069e+00 2.737552e+00 1.176858e+01 9.004107e+03 1.335465e+04 2.79354 5.289775e-01
7.720000e-01 2.377930e+00 2.325895e+00 2.737193e+00 1.177176e+01 9.024955e+03 1.335168e+04 2.79501 5.305619e-01
7.710000e-01 2.377930e+00 2.328241e+00 2.739938e+00 1.178153e+01 9.038290e+03 1.333946e+04 2.80027 5.312738e-01
7.700000e-01 2.377930e+00 2.328054e+00 2.739564e+00 1.178472e+01 9.059004e+03 1.333649e+04 2.80172 5.328523e-01
7.690000e-01 2.377930e+00 2.330413e+00 2.742326e+00 1.179456e+01 9.072150e+03 1.332419e+04 2.80703 5.335536e-01
7.680000e-01 2.377930e+00 2.330210e+00 2.741932e+00 1.179775e+01 9.092716e+03 1.332122e+04 2.80844 5.351255e-01
7.670000e-01 2.377930e+00 2.332583e+00 2.744710e+00 1.180764e+01 9.105609e+03 1.330887e+04 2.81378 5.358123e-01
7.660000e-01 2.377930e+00 2.332356e+00 2.744285e+00 1.181082e+01 9.125988e+03 1.330591e+04 2.81514 5.373750e-01
7.650000e-01 2.377930e+00 2.334749e+00 2.747085e+00 1.182078e+01 9.138687e+03 1.329348e+04 2.82055 5.380519e-01
7.640000e-01 2.377930e+00 2.334519e+00 2.746660e+00 1.182399e+01 9.159010e+03 1.329050e+04 2.82191 5.396152e-01
7.630000e-01 2.377930e+00 2.336924e+00 2.749473e+00 1.183404e+01 9.171610e+03 1.327795e+04 2.82735 5.402854e-01
7.620000e-01 2.377930e+00 2.336688e+00 2.749041e+00 1.183727e+01 9.191866e+03 1.327495e+04 2.82871 5.418489e-01
7.610000e-01 2.377930e+00 2.339109e+00 2.751876e+00 1.184741e+01 9.204363e+03 1.326230e+04 2.83419 5.425109e-01
7.600000e-01 2.377930e+00 2.338863e+00 2.751432e+00 1.185066e+01 9.224518e+03 1.325929e+04 2.83553 5.440718e-01
7.590000e-01 2.377930e+00 2.341297e+00 2.754281e+00 1.186087e+01 9.236836e+03 1.324654e+04 2.84104 5.447221e-01
7.580000e-01 2.377930e+00 2.341042e+00 2.753830e+00 1.186413e+01 9.256871e+03 1.324352e+04 2.84237 5.462776e-01
7.570000e-01 2.377930e+00 2.343487e+00 2.756692e+00 1.187441e+01 9.269025e+03 1.323069e+04 2.84791 5.469184e-01
7.560000e-01 2.377930e+00 2.344600e+00 2.757920e+00 1.188126e+01 9.285021e+03 1.322266e+04 2.85136 5.480060e-01
7.550000e-01 2.377930e+00 2.345698e+00 2.759130e+00 1.188809e+01 9.300941e+03 1.321467e+04 2.85481 5.490947e-01
7.540000e-01 2.377930e+00 2.346794e+00 2.760338e+00 1.189493e+01 9.316776e+03 1.320667e+04 2.85826 5.501795e-01
7.530000e-01 2.377930e+00 2.347891e+00 2.761544e+00 1.190180e+01 9.332534e+03 1.319863e+04 2.86171 5.512602e-01
7.520000e-01 2.377930e+00 2.348985e+00 2.762749e+00 1.190867e+01 9.348183e+03 1.319059e+04 2.86516 5.523350e-01
7.510000e-01 2.377930e+00 2.350078e+00 2.763951e+00 1.191556e+01 9.363719e+03 1.318253e+04 2.86861 5.534039e-01
7.500000e-01 2.377930e+00 2.351170e+00 2.765150e+00 1.192246e+01 9.379170e+03 1.317446e+04 2.87206 5.544684e-01
7.490000e-01 2.377930e+00 2.352262e+00 2.766350e+00 1.192940e+01 9.394578e+03 1.316634e+04 2.87551 5.555313e-01
7.480000e-01 2.377930e+00 2.353358e+00 2.767556e+00 1.193636e+01 9.409952e+03 1.315819e+04 2.87898 5.565929e-01
7.470000e-01 2.377930e+00 2.354455e+00 2.768764e+00 1.194336e+01 9.425282e+03 1.315000e+04 2.88246 5.576523e-01
7.460000e-01 2.377930e+00 2.355555e+00 2.769974e+00 1.195039e+01 9.440562e+03 1.314178e+04 2.88594 5.587094e-01
7.450000e-01 2.377930e+00 2.356655e+00 2.771186e+00 1.195745e+01 9.455786e+03 1.313352e+04 2.88943 5.597634e-01
7.440000e-01 2.377930e+00 2.357756e+00 2.772399e+00 1.196453e+01 9.470938e+03 1.312524e+04 2.89292 5.608137e-01
7.430000e-01 2.377930e+00 2.358857e+00 2.773613e+00 1.197163e+01 9.486014e+03 1.311693e+04 2.89641 5.618600e-01
7.420000e-01 2.377930e+00 2.359958e+00 2.774826e+00 1.197875e+01 9.501018e+03 1.310859e+04 2.89991 5.629025e-01
7.410000e-01 2.377930e+00 2.361059e+00 2.776040e+00 1.198590e+01 9.515963e+03 1.310023e+04 2.90341 5.639418e-01
7.400000e-01 2.377930e+00 2.362160e+00 2.777255e+00 1.199307e+01 9.530836e+03 1.309184e+04 2.90691 5.649775e-01
7.390000e-01 2.377930e+00 2.363262e+00 2.778470e+00 1.200027e+01 9.545630e+03 1.308342e+04 2.91042 5.660090e-01
7.380000e-01 2.377930e+00 2.364362e+00 2.779685e+00 1.200748e+01 9.560349e+03 1.307497e+04 2.91392 5.670366e-01
7.370000e-01 2.377930e+00 2.365461e+00 2.780896e+00 1.201471e+01 9.574971e+03 1.306651e+04 2.91743 5.680588e-01
7.360000e-01 2.377930e+00 2.366558e+00 2.782104e+00 1.202195e+01 9.589481e+03 1.305803e+04 2.92093 5.690750e-01
7.350000e-01 2.377930e+00 2.367652e+00 2.783310e+00 1.202921e+01 9.603892e+03 1.304953e+04 2.92443 5.700862e-01
7.340000e-01 2.377930e+00 2.368747e+00 2.784515e+00 1.203650e+01 9.618249e+03 1.304100e+04 2.92794 5.710948e-01
7.330000e-01 2.377930e+00 2.369843e+00 2.785723e+00 1.204382e+01 9.632567e+03 1.303243e+04 2.93145 5.721019e-01
7.320000e-01 2.377930e+00 2.370941e+00 2.786933e+00 1.205118e+01 9.646838e+03 1.302381e+04 2.93498 5.731066e-01
7.310000e-01 2.377930e+00 2.372041e+00 2.788147e+00 1.205857e+01 9.661063e+03 1.301516e+04 2.93851 5.741093e-01
7.300000e-01 2.377930e+00 2.373141e+00 2.789362e+00 1.206599e+01 9.675234e+03 1.300647e+04 2.94204 5.751091e-01
7.290000e-01 2.377930e+00 2.374242e+00 2.790577e+00 1.207344e+01 9.689332e+03 1.299775e+04 2.94558 5.761050e-01
7.280000e-01 2.377930e+00 2.375342e+00 2.791793e+00 1.208091e+01 9.703356e+03 1.298900e+04 2.94912 5.770969e-01
7.270000e-01 2.377930e+00 2.376482e+00 2.793063e+00 1.208850e+01 9.717270e+03 1.298011e+04 2.95271 5.780735e-01
7.260000e-01 2.377930e+00 2.377584e+00 2.794282e+00 1.209602e+01 9.731159e+03 1.297130e+04 2.95626 5.790583e-01
7.250000e-01 2.377930e+00 2.378684e+00 2.795499e+00 1.210358e+01 9.744977e+03 1.296246e+04 2.95981 5.800395e-01
7.240000e-01 2.377930e+00 2.379784e+00 2.796715e+00 1.211115e+01 9.758715e+03 1.295360e+04 2.96336 5.810165e-01
7.230000e-01 2.377930e+00 2.380883e+00 2.797931e+00 1.211875e+01 9.772378e+03 1.294470e+04 2.96691 5.819897e-01
7.220000e-01 2.377930e+00 2.381981e+00 2.799145e+00 1.212637e+01 9.785951e+03 1.293578e+04 2.97046 5.829582e-01
7.210000e-01 2.377930e+00 2.383075e+00 2.800356e+00 1.213401e+01 9.799410e+03 1.292685e+04 2.97401 5.839203e-01
7.200000e-01 2.377930e+00 2.384167e+00 2.801562e+00 1.214166e+01 9.812768e+03 1.291790e+04 2.97755 5.848772e-01
7.190000e-01 2.377930e+00 2.385258e+00 2.802767e+00 1.214934e+01 9.826063e+03 1.290892e+04 2.9811 5.858311e-01
7.180000e-01 2.377930e+00 2.386350e+00 2.803975e+00 1.215706e+01 9.839319e+03 1.289989e+04 2.98465 5.867835e-01
7.170000e-01 2.377930e+00 2.387444e+00 2.805185e+00 1.216482e+01 9.852525e+03 1.289081e+04 2.98822 5.877334e-01
7.160000e-01 2.377930e+00 2.388539e+00 2.806397e+00 1.217261e+01 9.865679e+03 1.288169e+04 2.99178 5.886807e-01
7.150000e-01 2.377930e+00 2.389634e+00 2.807611e+00 1.218044e+01 9.878779e+03 1.287254e+04 2.99536 5.896252e-01
7.140000e-01 2.377930e+00 2.390729e+00 2.808823e+00 1.218829e+01 9.891808e+03 1.286334e+04 2.99893 5.905657e-01
7.130000e-01 2.377930e+00 2.391822e+00 2.810036e+00 1.219618e+01 9.904761e+03 1.285412e+04 3.0025 5.915020e-01
7.120000e-01 2.377930e+00 2.392915e+00 2.811248e+00 1.220408e+01 9.917640e+03 1.284486e+04 3.00607 5.924346e-01
7.110000e-01 2.377930e+00 2.394008e+00 2.812460e+00 1.221202e+01 9.930461e+03 1.283557e+04 3.00965 5.933641e-01
7.100000e-01 2.377930e+00 2.395099e+00 2.813672e+00 1.221999e+01 9.943208e+03 1.282624e+04 3.01322 5.942894e-01
7.090000e-01 2.377930e+00 2.396189e+00 2.814881e+00 1.222799e+01 9.955878e+03 1.281687e+04 3.0168 5.952103e-01
7.080000e-01 2.377930e+00 2.397278e+00 2.816089e+00 1.223601e+01 9.968472e+03 1.280748e+04 3.02037 5.961271e-01
7.070000e-01 2.377930e+00 2.398365e+00 2.817295e+00 1.224405e+01 9.980976e+03 1.279805e+04 3.02394 5.970389e-01
7.060000e-01 2.377930e+00 2.399447e+00 2.818494e+00 1.225211e+01 9.993366e+03 1.278860e+04 3.0275 5.979442e-01
7.050000e-01 2.377930e+00 2.400525e+00 2.819689e+00 1.226018e+01 1.000566e+04 1.277913e+04 3.03105 5.988441e-01
7.040000e-01 2.377930e+00 2.401603e+00 2.820882e+00 1.226829e+01 1.001790e+04 1.276962e+04 3.03461 5.997414e-01
7.030000e-01 2.377930e+00 2.402681e+00 2.822077e+00 1.227645e+01 1.003010e+04 1.276005e+04 3.03817 6.006365e-01
7.020000e-01 2.377930e+00 2.403759e+00 2.823273e+00 1.228464e+01 1.004224e+04 1.275043e+04 3.04173 6.015287e-01
7.010000e-01 2.377930e+00 2.404837e+00 2.824468e+00 1.229286e+01 1.005433e+04 1.274076e+04 3.04529 6.024176e-01
7.000000e-01 2.377930e+00 2.405914e+00 2.825664e+00 1.230113e+01 1.006636e+04 1.273104e+04 3.04885 6.033034e-01
6.990000e-01 2.377930e+00 2.406991e+00 2.826859e+00 1.230942e+01 1.007832e+04 1.272128e+04 3.05241 6.041847e-01
6.980000e-01 2.377930e+00 2.408102e+00 2.828102e+00 1.231784e+01 1.009016e+04 1.271137e+04 3.05601 6.050499e-01
6.970000e-01 2.377930e+00 2.409175e+00 2.829294e+00 1.232619e+01 1.010197e+04 1.270153e+04 3.05957 6.059222e-01
6.960000e-01 2.377930e+00 2.410246e+00 2.830483e+00 1.233458e+01 1.011372e+04 1.269165e+04 3.06312 6.067913e-01
6.950000e-01 2.377930e+00 2.411315e+00 2.831672e+00 1.234300e+01 1.012540e+04 1.268172e+04 3.06667 6.076560e-01
6.940000e-01 2.377930e+00 2.412381e+00 2.832855e+00 1.235144e+01 1.013699e+04 1.267175e+04 3.07021 6.085160e-01
6.930000e-01 2.377930e+00 2.413446e+00 2.834038e+00 1.235992e+01 1.014851e+04 1.266175e+04 3.07374 6.093716e-01
6.920000e-01 2.377930e+00 2.414506e+00 2.835214e+00 1.236841e+01 1.015993e+04 1.265172e+04 3.07727 6.102209e-01
6.910000e-01 2.377930e+00 2.415561e+00 2.836384e+00 1.237691e+01 1.017123e+04 1.264167e+04 3.08079 6.110641e-01
6.900000e-01 2.377930e+00 2.416612e+00 2.837550e+00 1.238545e+01 1.018246e+04 1.263158e+04 3.0843 6.119026e-01
6.890000e-01 2.377930e+00 2.417663e+00 2.838715e+00 1.239403e+01 1.019363e+04 1.262143e+04 3.08781 6.127388e-01
6.880000e-01 2.377930e+00 2.418713e+00 2.839880e+00 1.240265e+01 1.020475e+04 1.261122e+04 3.09132 6.135719e-01
6.870000e-01 2.377930e+00 2.419763e+00 2.841046e+00 1.241131e+01 1.021582e+04 1.260096e+04 3.09484 6.144017e-01
6.860000e-01 2.377930e+00 2.420812e+00 2.842211e+00 1.242002e+01 1.022682e+04 1.259065e+04 3.09835 6.152282e-01
6.850000e-01 2.377930e+00 2.421859e+00 2.843374e+00 1.242876e+01 1.023776e+04 1.258029e+04 3.10186 6.160505e-01
6.840000e-01 2.377930e+00 2.422903e+00 2.844536e+00 1.243754e+01 1.024862e+04 1.256989e+04 3.10536 6.168682e-01
6.830000e-01 2.377930e+00 2.423945e+00 2.845695e+00 1.244634e+01 1.025940e+04 1.255946e+04 3.10886 6.176815e-01
6.820000e-01 2.377930e+00 2.424985e+00 2.846852e+00 1.245519e+01 1.027011e+04 1.254897e+04 3.11236 6.184912e-01
6.810000e-01 2.377930e+00 2.426023e+00 2.848007e+00 1.246407e+01 1.028075e+04 1.253844e+04 3.11585 6.192965e-01
6.800000e-01 2.377930e+00 2.427058e+00 2.849160e+00 1.247299e+01 1.029131e+04 1.252786e+04 3.11933 6.200971e-01
6.790000e-01 2.377930e+00 2.428089e+00 2.850308e+00 1.248193e+01 1.030179e+04 1.251724e+04 3.12281 6.208927e-01
6.780000e-01 2.377930e+00 2.429117e+00 2.851452e+00 1.249090e+01 1.031218e+04 1.250658e+04 3.12628 6.216829e-01
6.770000e-01 2.377930e+00 2.430138e+00 2.852588e+00 1.249989e+01 1.032245e+04 1.249590e+04 3.12973 6.224662e-01
6.760000e-01 2.377930e+00 2.431153e+00 2.853715e+00 1.250890e+01 1.033263e+04 1.248518e+04 3.13317 6.232435e-01
6.750000e-01 2.377930e+00 2.432167e+00 2.854842e+00 1.251796e+01 1.034275e+04 1.247440e+04 3.13661 6.240179e-01
6.740000e-01 2.377930e+00 2.433179e+00 2.855966e+00 1.252706e+01 1.035283e+04 1.246355e+04 3.14004 6.247891e-01
6.730000e-01 2.377930e+00 2.434223e+00 2.857136e+00 1.253630e+01 1.036279e+04 1.245254e+04 3.14351 6.255442e-01
6.720000e-01 2.377930e+00 2.435231e+00 2.858259e+00 1.254550e+01 1.037273e+04 1.244156e+04 3.14693 6.263067e-01
6.710000e-01 2.377930e+00 2.436236e+00 2.859378e+00 1.255474e+01 1.038261e+04 1.243053e+04 3.15034 6.270655e-01
6.700000e-01 2.377930e+00 2.437237e+00 2.860492e+00 1.256401e+01 1.039241e+04 1.241946e+04 3.15374 6.278189e-01
6.690000e-01 2.377930e+00 2.438234e+00 2.861602e+00 1.257332e+01 1.040213e+04 1.240833e+04 3.15714 6.285674e-01
6.680000e-01 2.377930e+00 2.439227e+00 2.862708e+00 1.258266e+01 1.041177e+04 1.239715e+04 3.16052 6.293115e-01
6.670000e-01 2.377930e+00 2.440216e+00 2.863810e+00 1.259205e+01 1.042135e+04 1.238591e+04 3.16389 6.300508e-01
6.660000e-01 2.377930e+00 2.441202e+00 2.864909e+00 1.260147e+01 1.043085e+04 1.237461e+04 3.16725 6.307850e-01
6.650000e-01 2.377930e+00 2.442183e+00 2.866002e+00 1.261093e+01 1.044026e+04 1.236328e+04 3.1706 6.315138e-01
6.640000e-01 2.377930e+00 2.443159e+00 2.867089e+00 1.262042e+01 1.044958e+04 1.235189e+04 3.17393 6.322370e-01
6.630000e-01 2.377930e+00 2.444129e+00 2.868169e+00 1.262993e+01 1.045879e+04 1.234048e+04 3.17725 6.329532e-01
6.620000e-01 2.377930e+00 2.445092e+00 2.869239e+00 1.263946e+01 1.046790e+04 1.232903e+04 3.18055 6.336631e-01
6.610000e-01 2.377930e+00 2.446051e+00 2.870306e+00 1.264904e+01 1.047694e+04 1.231752e+04 3.18384 6.343694e-01
6.600000e-01 2.377930e+00 2.447007e+00 2.871369e+00 1.265867e+01 1.048593e+04 1.230593e+04 3.18713 6.350719e-01
6.590000e-01 2.377930e+00 2.447960e+00 2.872430e+00 1.266835e+01 1.049484e+04 1.229428e+04 3.1904 6.357698e-01
6.580000e-01 2.377930e+00 2.448909e+00 2.873487e+00 1.267809e+01 1.050369e+04 1.228256e+04 3.19367 6.364633e-01
6.570000e-01 2.377930e+00 2.449855e+00 2.874543e+00 1.268787e+01 1.051247e+04 1.227078e+04 3.19692 6.371527e-01
6.560000e-01 2.377930e+00 2.450796e+00 2.875592e+00 1.269769e+01 1.052116e+04 1.225895e+04 3.20017 6.378363e-01
6.550000e-01 2.377930e+00 2.451733e+00 2.876637e+00 1.270755e+01 1.052977e+04 1.224706e+04 3.2034 6.385146e-01
6.540000e-01 2.377930e+00 2.452698e+00 2.877723e+00 1.271755e+01 1.053826e+04 1.223501e+04 3.20666 6.391767e-01
6.530000e-01 2.377930e+00 2.453626e+00 2.878760e+00 1.272751e+01 1.054672e+04 1.222300e+04 3.20987 6.398447e-01
6.520000e-01 2.377930e+00 2.454550e+00 2.879792e+00 1.273751e+01 1.055509e+04 1.221094e+04 3.21306 6.405080e-01
6.510000e-01 2.377930e+00 2.455466e+00 2.880816e+00 1.274754e+01 1.056337e+04 1.219882e+04 3.21624 6.411651e-01
6.500000e-01 2.377930e+00 2.456377e+00 2.881834e+00 1.275761e+01 1.057156e+04 1.218666e+04 3.2194 6.418164e-01
6.490000e-01 2.377930e+00 2.457280e+00 2.882841e+00 1.276770e+01 1.057963e+04 1.217447e+04 3.22254 6.424601e-01
6.480000e-01 2.377930e+00 2.458176e+00 2.883839e+00 1.277782e+01 1.058760e+04 1.216224e+04 3.22566 6.430977e-01
6.470000e-01 2.377930e+00 2.459065e+00 2.884831e+00 1.278800e+01 1.059551e+04 1.214993e+04 3.22876 6.437310e-01
6.460000e-01 2.377930e+00 2.459951e+00 2.885820e+00 1.279823e+01 1.060335e+04 1.213753e+04 3.23185 6.443598e-01
6.450000e-01 2.377930e+00 2.460831e+00 2.886801e+00 1.280852e+01 1.061111e+04 1.212507e+04 3.23492 6.449827e-01
6.440000e-01 2.377930e+00 2.461705e+00 2.887777e+00 1.281886e+01 1.061881e+04 1.211252e+04 3.23797 6.456007e-01
6.430000e-01 2.377930e+00 2.462574e+00 2.888747e+00 1.282925e+01 1.062644e+04 1.209990e+04 3.241 6.462129e-01
6.420000e-01 2.377930e+00 2.463435e+00 2.889709e+00 1.283969e+01 1.063397e+04 1.208722e+04 3.24401 6.468187e-01
6.410000e-01 2.377930e+00 2.464290e+00 2.890664e+00 1.285017e+01 1.064141e+04 1.207448e+04 3.247 6.474185e-01
6.400000e-01 2.377930e+00 2.465139e+00 2.891613e+00 1.286070e+01 1.064879e+04 1.206166e+04 3.24997 6.480131e-01
6.390000e-01 2.377930e+00 2.465982e+00 2.892556e+00 1.287129e+01 1.065607e+04 1.204878e+04 3.25292 6.486018e-01
6.380000e-01 2.377930e+00 2.466849e+00 2.893534e+00 1.288201e+01 1.066322e+04 1.203573e+04 3.25589 6.491731e-01
6.370000e-01 2.377930e+00 2.467679e+00 2.894463e+00 1.289268e+01 1.067032e+04 1.202272e+04 3.2588 6.497487e-01
6.360000e-01 2.377930e+00 2.468500e+00 2.895381e+00 1.290339e+01 1.067732e+04 1.200968e+04 3.26169 6.503177e-01
6.350000e-01 2.377930e+00 2.469312e+00 2.896287e+00 1.291412e+01 1.068420e+04 1.199659e+04 3.26455 6.508793e-01
6.340000e-01 2.377930e+00 2.470115e+00 2.897183e+00 1.292489e+01 1.069099e+04 1.198345e+04 3.26738 6.514345e-01
6.330000e-01 2.377930e+00 2.470912e+00 2.898073e+00 1.293573e+01 1.069771e+04 1.197021e+04 3.2702 6.519851e-01
6.320000e-01 2.377930e+00 2.471702e+00 2.898955e+00 1.294663e+01 1.070436e+04 1.195689e+04 3.27299 6.525295e-01
6.310000e-01 2.377930e+00 2.472485e+00 2.899829e+00 1.295759e+01 1.071092e+04 1.194348e+04 3.27575 6.530679e-01
6.300000e-01 2.377930e+00 2.473259e+00 2.900695e+00 1.296862e+01 1.071742e+04 1.192998e+04 3.27849 6.536000e-01
6.290000e-01 2.377930e+00 2.474025e+00 2.901551e+00 1.297969e+01 1.072382e+04 1.191641e+04 3.2812 6.541249e-01
6.280000e-01 2.377930e+00 2.474782e+00 2.902397e+00 1.299081e+01 1.073013e+04 1.190277e+04 3.28387 6.546426e-01
6.270000e-01 2.377930e+00 2.475531e+00 2.903234e+00 1.300199e+01 1.073636e+04 1.188904e+04 3.28652 6.551539e-01
6.260000e-01 2.377930e+00 2.476271e+00 2.904062e+00 1.301322e+01 1.074250e+04 1.187524e+04 3.28913 6.556587e-01
6.250000e-01 2.377930e+00 2.477003e+00 2.904880e+00 1.302451e+01 1.074855e+04 1.186135e+04 3.29172 6.561565e-01
6.240000e-01 2.377930e+00 2.477726e+00 2.905690e+00 1.303584e+01 1.075450e+04 1.184741e+04 3.29429 6.566474e-01
6.230000e-01 2.377930e+00 2.478470e+00 2.906528e+00 1.304731e+01 1.076031e+04 1.183330e+04 3.29685 6.571197e-01
6.220000e-01 2.377930e+00 2.479175e+00 2.907316e+00 1.305873e+01 1.076604e+04 1.181926e+04 3.29936 6.575948e-01
6.210000e-01 2.377930e+00 2.479870e+00 2.908092e+00 1.307017e+01 1.077166e+04 1.180517e+04 3.30184 6.580634e-01
6.200000e-01 2.377930e+00 2.480556e+00 2.908858e+00 1.308170e+01 1.077721e+04 1.179099e+04 3.30429 6.585264e-01
6.190000e-01 2.377930e+00 2.481233e+00 2.909614e+00 1.309329e+01 1.078267e+04 1.177671e+04 3.30671 6.589831e-01
6.180000e-01 2.377930e+00 2.481902e+00 2.910362e+00 1.310495e+01 1.078805e+04 1.176234e+04 3.3091 6.594327e-01
6.170000e-01 2.377930e+00 2.482561e+00 2.911100e+00 1.311668e+01 1.079334e+04 1.174788e+04 3.31145 6.598757e-01
6.160000e-01 2.377930e+00 2.483211e+00 2.911828e+00 1.312848e+01 1.079855e+04 1.173333e+04 3.31378 6.603114e-01
6.150000e-01 2.377930e+00 2.483851e+00 2.912545e+00 1.314033e+01 1.080365e+04 1.171871e+04 3.31607 6.607395e-01
6.140000e-01 2.377930e+00 2.484482e+00 2.913251e+00 1.315224e+01 1.080866e+04 1.170402e+04 3.31833 6.611606e-01
6.130000e-01 2.377930e+00 2.485103e+00 2.913947e+00 1.316422e+01 1.081358e+04 1.168923e+04 3.32055 6.615747e-01
6.120000e-01 2.377930e+00 2.485714e+00 2.914633e+00 1.317626e+01 1.081841e+04 1.167436e+04 3.32275 6.619815e-01
6.110000e-01 2.377930e+00 2.486315e+00 2.915308e+00 1.318835e+01 1.082313e+04 1.165942e+04 3.32491 6.623806e-01
6.100000e-01 2.377930e+00 2.486932e+00 2.916007e+00 1.320059e+01 1.082771e+04 1.164430e+04 3.32706 6.627603e-01
6.090000e-01 2.377930e+00 2.487510e+00 2.916654e+00 1.321278e+01 1.083220e+04 1.162923e+04 3.32914 6.631417e-01
6.080000e-01 2.377930e+00 2.488073e+00 2.917283e+00 1.322500e+01 1.083659e+04 1.161411e+04 3.33117 6.635146e-01
6.070000e-01 2.377930e+00 2.488625e+00 2.917899e+00 1.323729e+01 1.084089e+04 1.159889e+04 3.33316 6.638803e-01
6.060000e-01 2.377930e+00 2.489165e+00 2.918503e+00 1.324967e+01 1.084511e+04 1.158356e+04 3.33511 6.642385e-01
6.050000e-01 2.377930e+00 2.489694e+00 2.919093e+00 1.326212e+01 1.084922e+04 1.156812e+04 3.33702 6.645882e-01
6.040000e-01 2.377930e+00 2.490211e+00 2.919672e+00 1.327465e+01 1.085325e+04 1.155257e+04 3.33888 6.649301e-01
6.030000e-01 2.377930e+00 2.490716e+00 2.920237e+00 1.328726e+01 1.085719e+04 1.153693e+04 3.3407 6.652635e-01
6.020000e-01 2.377930e+00 2.491208e+00 2.920787e+00 1.329992e+01 1.086102e+04 1.152120e+04 3.34247 6.655879e-01
6.010000e-01 2.377930e+00 2.491689e+00 2.921324e+00 1.331265e+01 1.086475e+04 1.150539e+04 3.3442 6.659042e-01
6.000000e-01 2.377930e+00 2.492157e+00 2.921849e+00 1.332547e+01 1.086838e+04 1.148947e+04 3.34589 6.662127e-01
5.990000e-01 2.377930e+00 2.492615e+00 2.922362e+00 1.333835e+01 1.087191e+04 1.147347e+04 3.34754 6.665132e-01
5.980000e-01 2.377930e+00 2.493087e+00 2.922898e+00 1.335139e+01 1.087529e+04 1.145729e+04 3.34918 6.667938e-01
5.970000e-01 2.377930e+00 2.493521e+00 2.923386e+00 1.336440e+01 1.087859e+04 1.144113e+04 3.35075 6.670771e-01
5.960000e-01 2.377930e+00 2.493943e+00 2.923859e+00 1.337746e+01 1.088179e+04 1.142494e+04 3.35228 6.673522e-01
5.950000e-01 2.377930e+00 2.494351e+00 2.924314e+00 1.339055e+01 1.088486e+04 1.140869e+04 3.35377 6.676185e-01
5.940000e-01 2.377930e+00 2.494746e+00 2.924755e+00 1.340374e+01 1.088784e+04 1.139234e+04 3.35522 6.678772e-01
5.930000e-01 2.377930e+00 2.495130e+00 2.925186e+00 1.341703e+01 1.089072e+04 1.137587e+04 3.35662 6.681285e-01
5.920000e-01 2.377930e+00 2.495500e+00 2.925600e+00 1.343039e+01 1.089350e+04 1.135930e+04 3.35798 6.683704e-01
5.910000e-01 2.377930e+00 2.495855e+00 2.925997e+00 1.344385e+01 1.089618e+04 1.134260e+04 3.35927 6.686027e-01
5.900000e-01 2.377930e+00 2.496197e+00 2.926381e+00 1.345739e+01 1.089876e+04 1.132580e+04 3.36052 6.688260e-01
5.890000e-01 2.377930e+00 2.496525e+00 2.926750e+00 1.347099e+01 1.090123e+04 1.130892e+04 3.36172 6.690398e-01
5.880000e-01 2.377930e+00 2.496835e+00 2.927097e+00 1.348468e+01 1.090359e+04 1.129192e+04 3.36284 6.692430e-01
5.870000e-01 2.377930e+00 2.497156e+00 2.927463e+00 1.349854e+01 1.090580e+04 1.127470e+04 3.36395 6.694254e-01
5.860000e-01 2.377930e+00 2.497439e+00 2.927781e+00 1.351240e+01 1.090794e+04 1.125749e+04 3.36497 6.696089e-01
5.850000e-01 2.377930e+00 2.497704e+00 2.928077e+00 1.352633e+01 1.090998e+04 1.124018e+04 3.36592 6.697820e-01
5.840000e-01 2.377930e+00 2.497954e+00 2.928356e+00 1.354032e+01 1.091190e+04 1.122280e+04 3.36683 6.699454e-01
5.830000e-01 2.377930e+00 2.498193e+00 2.928622e+00 1.355436e+01 1.091369e+04 1.120538e+04 3.3677 6.701005e-01
5.820000e-01 2.377930e+00 2.498418e+00 2.928872e+00 1.356846e+01 1.091537e+04 1.118791e+04 3.36852 6.702474e-01
5.810000e-01 2.377930e+00 2.498628e+00 2.929105e+00 1.358268e+01 1.091694e+04 1.117030e+04 3.3693 6.703857e-01
5.800000e-01 2.377930e+00 2.498827e+00 2.929328e+00 1.359700e+01 1.091841e+04 1.115259e+04 3.37004 6.705160e-01
5.790000e-01 2.377930e+00 2.495830e+00 2.926002e+00 1.360057e+01 1.093015e+04 1.114881e+04 3.36616 6.720752e-01
5.780000e-01 2.377930e+00 2.499178e+00 2.929722e+00 1.362592e+01 1.092103e+04 1.111685e+04 3.37135 6.707504e-01
5.770000e-01 2.377930e+00 2.496108e+00 2.926316e+00 1.362949e+01 1.093269e+04 1.111303e+04 3.36731 6.723111e-01
5.760000e-01 2.377930e+00 2.499494e+00 2.930084e+00 1.365530e+01 1.092315e+04 1.108057e+04 3.37246 6.709314e-01
5.750000e-01 2.377930e+00 2.496339e+00 2.926581e+00 1.365883e+01 1.093473e+04 1.107675e+04 3.36823 6.724965e-01
5.740000e-01 2.377930e+00 2.499716e+00 2.930333e+00 1.368498e+01 1.092486e+04 1.104393e+04 3.37328 6.710794e-01
5.730000e-01 2.377930e+00 2.496484e+00 2.926745e+00 1.368850e+01 1.093636e+04 1.104008e+04 3.36886 6.726452e-01
5.720000e-01 2.377930e+00 2.499867e+00 2.930501e+00 1.371500e+01 1.092611e+04 1.100687e+04 3.37382 6.711827e-01
5.710000e-01 2.377930e+00 2.496548e+00 2.926810e+00 1.371848e+01 1.093750e+04 1.100300e+04 3.36919 6.727466e-01
5.700000e-01 2.377930e+00 2.499958e+00 2.930598e+00 1.374529e+01 1.092686e+04 1.096955e+04 3.37415 6.712461e-01
5.690000e-01 2.377930e+00 2.496562e+00 2.926818e+00 1.374875e+01 1.093816e+04 1.096567e+04 3.36935 6.728105e-01
5.680000e-01 2.377930e+00 2.499993e+00 2.930634e+00 1.377597e+01 1.092715e+04 1.093188e+04 3.3743 6.712753e-01
5.670000e-01 2.377930e+00 2.496545e+00 2.926803e+00 1.377946e+01 1.093837e+04 1.092796e+04 3.36941 6.728439e-01
5.677785e-01 2.377930e+00 2.501034e+00 2.931812e+00 1.378300e+01 1.092386e+04 1.092320e+04 3.37578 6.708080e-01
