1.000000e+00 2.427090e+00 2.118788e+00 2.514769e+00 1.063609e+01 0.000000e+00 1.528857e+04 0 0.000000e+00
9.990000e-01 2.427090e+00 2.120253e+00 2.515919e+00 1.064434e+01 6.093946e+02 1.519671e+04 2.17816 3.359706e-02
9.980000e-01 2.427090e+00 2.120339e+00 2.515794e+00 1.064616e+01 8.737631e+02 1.516206e+04 2.26843 5.016441e-02
9.970000e-01 2.427090e+00 2.121650e+00 2.517322e+00 1.065141e+01 1.070915e+03 1.513355e+04 2.18387 5.911830e-02
9.960000e-01 2.427090e+00 2.121903e+00 2.517455e+00 1.065347e+01 1.244899e+03 1.511121e+04 2.22478 6.999341e-02
9.950000e-01 2.427090e+00 2.123144e+00 2.518910e+00 1.065853e+01 1.390526e+03 1.508939e+04 2.18809 7.680200e-02
9.940000e-01 2.427090e+00 2.123444e+00 2.519120e+00 1.066065e+01 1.529402e+03 1.507185e+04 2.21487 8.548201e-02
9.930000e-01 2.427090e+00 2.124667e+00 2.520561e+00 1.066566e+01 1.650227e+03 1.505322e+04 2.1923 9.119047e-02
9.920000e-01 2.427090e+00 2.124991e+00 2.520813e+00 1.066781e+01 1.769118e+03 1.503841e+04 2.21233 9.862318e-02
9.910000e-01 2.427090e+00 2.126202e+00 2.522243e+00 1.067279e+01 1.873934e+03 1.502181e+04 2.1965 1.036010e-01
9.900000e-01 2.427090e+00 2.126513e+00 2.522478e+00 1.067494e+01 1.978874e+03 1.500889e+04 2.21219 1.101519e-01
9.890000e-01 2.427090e+00 2.127724e+00 2.523900e+00 1.067994e+01 2.071663e+03 1.499375e+04 2.20068 1.145863e-01
9.880000e-01 2.427090e+00 2.128016e+00 2.524106e+00 1.068209e+01 2.166741e+03 1.498216e+04 2.21367 1.205196e-01
9.870000e-01 2.427090e+00 2.129241e+00 2.525541e+00 1.068713e+01 2.251519e+03 1.496796e+04 2.20486 1.245935e-01
9.860000e-01 2.427090e+00 2.129533e+00 2.525745e+00 1.068930e+01 2.339384e+03 1.495734e+04 2.21614 1.300819e-01
9.850000e-01 2.427090e+00 2.130759e+00 2.527178e+00 1.069437e+01 2.417644e+03 1.494390e+04 2.20906 1.338499e-01
9.840000e-01 2.427090e+00 2.131039e+00 2.527362e+00 1.069653e+01 2.499483e+03 1.493409e+04 2.21892 1.389623e-01
9.830000e-01 2.427090e+00 2.132276e+00 2.528805e+00 1.070165e+01 2.572619e+03 1.492122e+04 2.21326 1.424977e-01
9.820000e-01 2.427090e+00 2.132549e+00 2.528979e+00 1.070382e+01 2.649597e+03 1.491206e+04 2.22208 1.473091e-01
9.810000e-01 2.427090e+00 2.133790e+00 2.530422e+00 1.070895e+01 2.718170e+03 1.489972e+04 2.21746 1.506315e-01
9.800000e-01 2.427090e+00 2.134037e+00 2.530556e+00 1.071110e+01 2.790633e+03 1.489116e+04 2.22526 1.551555e-01
9.790000e-01 2.427090e+00 2.135286e+00 2.531999e+00 1.071628e+01 2.854853e+03 1.487926e+04 2.22163 1.582819e-01
9.780000e-01 2.427090e+00 2.135516e+00 2.532105e+00 1.071843e+01 2.923917e+03 1.487116e+04 2.22879 1.625981e-01
9.770000e-01 2.427090e+00 2.136786e+00 2.533569e+00 1.072367e+01 2.985665e+03 1.485948e+04 2.22584 1.656152e-01
9.760000e-01 2.427090e+00 2.137037e+00 2.533704e+00 1.072587e+01 3.052342e+03 1.485169e+04 2.23271 1.697967e-01
9.750000e-01 2.427090e+00 2.138310e+00 2.535175e+00 1.073115e+01 3.112108e+03 1.484024e+04 2.23009 1.727119e-01
9.740000e-01 2.427090e+00 2.138582e+00 2.535339e+00 1.073338e+01 3.176489e+03 1.483275e+04 2.23666 1.767594e-01
9.730000e-01 2.427090e+00 2.139857e+00 2.536816e+00 1.073867e+01 3.234402e+03 1.482152e+04 2.23437 1.795837e-01
9.720000e-01 2.427090e+00 2.140145e+00 2.537006e+00 1.074093e+01 3.296610e+03 1.481430e+04 2.24064 1.835014e-01
9.710000e-01 2.427090e+00 2.141419e+00 2.538485e+00 1.074622e+01 3.352490e+03 1.480331e+04 2.23867 1.862269e-01
9.700000e-01 2.427090e+00 2.141707e+00 2.538675e+00 1.074848e+01 3.412395e+03 1.479639e+04 2.24454 1.900003e-01
9.690000e-01 2.427090e+00 2.142983e+00 2.540156e+00 1.075377e+01 3.466000e+03 1.478566e+04 2.24298 1.926212e-01
9.680000e-01 2.427090e+00 2.143266e+00 2.540340e+00 1.075604e+01 3.523877e+03 1.477900e+04 2.24852 1.962691e-01
9.670000e-01 2.427090e+00 2.144550e+00 2.541831e+00 1.076135e+01 3.575754e+03 1.476845e+04 2.2473 1.988128e-01
9.660000e-01 2.427090e+00 2.144835e+00 2.542017e+00 1.076363e+01 3.631896e+03 1.476202e+04 2.25259 2.023553e-01
9.650000e-01 2.427090e+00 2.146122e+00 2.543511e+00 1.076896e+01 3.682010e+03 1.475165e+04 2.25164 2.048156e-01
9.640000e-01 2.427090e+00 2.146400e+00 2.543689e+00 1.077124e+01 3.736467e+03 1.474544e+04 2.25666 2.082538e-01
9.630000e-01 2.427090e+00 2.147696e+00 2.545192e+00 1.077661e+01 3.785089e+03 1.473522e+04 2.256 2.106474e-01
9.620000e-01 2.427090e+00 2.147971e+00 2.545364e+00 1.077889e+01 3.838037e+03 1.472920e+04 2.26079 2.139933e-01
9.610000e-01 2.427090e+00 2.149272e+00 2.546870e+00 1.078428e+01 3.885055e+03 1.471913e+04 2.26036 2.163118e-01
9.600000e-01 2.427090e+00 2.149527e+00 2.547014e+00 1.078654e+01 3.936362e+03 1.471331e+04 2.26486 2.195524e-01
9.590000e-01 2.427090e+00 2.150837e+00 2.548528e+00 1.079196e+01 3.981726e+03 1.470338e+04 2.26473 2.217989e-01
9.580000e-01 2.427090e+00 2.151087e+00 2.548661e+00 1.079424e+01 4.031878e+03 1.469771e+04 2.26908 2.249721e-01
9.570000e-01 2.427090e+00 2.152456e+00 2.550249e+00 1.079980e+01 4.076413e+03 1.468769e+04 2.2692 2.271797e-01
9.560000e-01 2.427090e+00 2.152692e+00 2.550365e+00 1.080206e+01 4.125757e+03 1.468217e+04 2.27346 2.303112e-01
9.550000e-01 2.427090e+00 2.154050e+00 2.551939e+00 1.080763e+01 4.169502e+03 1.467224e+04 2.27364 2.324778e-01
9.540000e-01 2.427090e+00 2.154297e+00 2.552071e+00 1.080991e+01 4.217891e+03 1.466684e+04 2.27782 2.355542e-01
9.530000e-01 2.427090e+00 2.155660e+00 2.553653e+00 1.081550e+01 4.260829e+03 1.465699e+04 2.27811 2.376819e-01
9.520000e-01 2.427090e+00 2.155916e+00 2.553798e+00 1.081780e+01 4.308275e+03 1.465171e+04 2.2822 2.407027e-01
9.510000e-01 2.427090e+00 2.157281e+00 2.555384e+00 1.082340e+01 4.350283e+03 1.464195e+04 2.28261 2.427855e-01
9.500000e-01 2.427090e+00 2.157534e+00 2.555527e+00 1.082570e+01 4.396647e+03 1.463680e+04 2.28655 2.457389e-01
9.490000e-01 2.427090e+00 2.158904e+00 2.557119e+00 1.083131e+01 4.437607e+03 1.462714e+04 2.28711 2.477748e-01
9.480000e-01 2.427090e+00 2.159157e+00 2.557261e+00 1.083362e+01 4.483094e+03 1.462209e+04 2.29095 2.506763e-01
9.470000e-01 2.427090e+00 2.160534e+00 2.558862e+00 1.083927e+01 4.523271e+03 1.461249e+04 2.29164 2.526762e-01
9.460000e-01 2.427090e+00 2.160787e+00 2.559004e+00 1.084159e+01 4.567891e+03 1.460754e+04 2.29538 2.555253e-01
9.450000e-01 2.427090e+00 2.162169e+00 2.560611e+00 1.084726e+01 4.607132e+03 1.459800e+04 2.29619 2.574814e-01
9.440000e-01 2.427090e+00 2.162418e+00 2.560747e+00 1.084958e+01 4.650894e+03 1.459316e+04 2.29982 2.602783e-01
9.430000e-01 2.427090e+00 2.163808e+00 2.562362e+00 1.085528e+01 4.689293e+03 1.458368e+04 2.30075 2.621964e-01
9.420000e-01 2.427090e+00 2.164048e+00 2.562487e+00 1.085760e+01 4.732175e+03 1.457894e+04 2.30425 2.649383e-01
9.410000e-01 2.427090e+00 2.165443e+00 2.564106e+00 1.086331e+01 4.769566e+03 1.456955e+04 2.30532 2.668105e-01
9.400000e-01 2.427090e+00 2.165664e+00 2.564204e+00 1.086562e+01 4.811496e+03 1.456493e+04 2.30866 2.694911e-01
9.390000e-01 2.427090e+00 2.167074e+00 2.565837e+00 1.087137e+01 4.848052e+03 1.455558e+04 2.30989 2.713301e-01
9.380000e-01 2.427090e+00 2.167300e+00 2.565941e+00 1.087370e+01 4.889496e+03 1.455101e+04 2.31322 2.739868e-01
9.370000e-01 2.427090e+00 2.168720e+00 2.567586e+00 1.087951e+01 4.925720e+03 1.454165e+04 2.31451 2.758090e-01
9.360000e-01 2.427090e+00 2.168958e+00 2.567705e+00 1.088187e+01 4.966697e+03 1.453713e+04 2.31783 2.784419e-01
9.350000e-01 2.427090e+00 2.170382e+00 2.569357e+00 1.088771e+01 5.002473e+03 1.452778e+04 2.31916 2.802406e-01
9.340000e-01 2.427090e+00 2.170630e+00 2.569490e+00 1.089010e+01 5.042924e+03 1.452331e+04 2.32246 2.828440e-01
9.330000e-01 2.427090e+00 2.172059e+00 2.571149e+00 1.089596e+01 5.078199e+03 1.451399e+04 2.32385 2.846181e-01
9.320000e-01 2.427090e+00 2.172309e+00 2.571287e+00 1.089836e+01 5.118050e+03 1.450960e+04 2.3271 2.871857e-01
9.310000e-01 2.427090e+00 2.173741e+00 2.572950e+00 1.090424e+01 5.152667e+03 1.450033e+04 2.32856 2.889287e-01
9.300000e-01 2.427090e+00 2.173988e+00 2.573083e+00 1.090664e+01 5.191860e+03 1.449601e+04 2.33172 2.914558e-01
9.290000e-01 2.427090e+00 2.175428e+00 2.574757e+00 1.091255e+01 5.225913e+03 1.448677e+04 2.33328 2.931749e-01
9.280000e-01 2.427090e+00 2.175678e+00 2.574894e+00 1.091497e+01 5.264621e+03 1.448250e+04 2.33641 2.956750e-01
9.270000e-01 2.427090e+00 2.177124e+00 2.576574e+00 1.092090e+01 5.298167e+03 1.447327e+04 2.33803 2.973696e-01
9.260000e-01 2.427090e+00 2.177370e+00 2.576707e+00 1.092333e+01 5.336308e+03 1.446907e+04 2.3411 2.998355e-01
9.250000e-01 2.427090e+00 2.178825e+00 2.578396e+00 1.092930e+01 5.369282e+03 1.445986e+04 2.3428 3.015046e-01
9.240000e-01 2.427090e+00 2.179068e+00 2.578524e+00 1.093173e+01 5.406888e+03 1.445571e+04 2.34581 3.039387e-01
9.230000e-01 2.427090e+00 2.180528e+00 2.580219e+00 1.093772e+01 5.439237e+03 1.444653e+04 2.34758 3.055787e-01
9.220000e-01 2.427090e+00 2.180757e+00 2.580329e+00 1.094014e+01 5.476205e+03 1.444244e+04 2.35049 3.079720e-01
9.210000e-01 2.427090e+00 2.182226e+00 2.582032e+00 1.094615e+01 5.507808e+03 1.443330e+04 2.35237 3.095794e-01
9.200000e-01 2.427090e+00 2.182446e+00 2.582128e+00 1.094858e+01 5.544259e+03 1.442928e+04 2.35521 3.119422e-01
9.190000e-01 2.427090e+00 2.183929e+00 2.583847e+00 1.095464e+01 5.575537e+03 1.442011e+04 2.35718 3.135378e-01
9.180000e-01 2.427090e+00 2.184160e+00 2.583957e+00 1.095710e+01 5.611729e+03 1.441610e+04 2.36005 3.158901e-01
9.170000e-01 2.427090e+00 2.185650e+00 2.585684e+00 1.096321e+01 5.642752e+03 1.440691e+04 2.36204 3.174713e-01
9.160000e-01 2.427090e+00 2.185888e+00 2.585805e+00 1.096569e+01 5.678600e+03 1.440293e+04 2.3649 3.198053e-01
9.150000e-01 2.427090e+00 2.187384e+00 2.587541e+00 1.097183e+01 5.709290e+03 1.439374e+04 2.36693 3.213700e-01
9.140000e-01 2.427090e+00 2.187626e+00 2.587668e+00 1.097433e+01 5.744736e+03 1.438980e+04 2.36977 3.236806e-01
9.130000e-01 2.427090e+00 2.189126e+00 2.589410e+00 1.098048e+01 5.774977e+03 1.438063e+04 2.37185 3.252238e-01
9.120000e-01 2.427090e+00 2.189364e+00 2.589533e+00 1.098298e+01 5.809921e+03 1.437674e+04 2.37462 3.275032e-01
9.110000e-01 2.427090e+00 2.190871e+00 2.591282e+00 1.098916e+01 5.839663e+03 1.436760e+04 2.37677 3.290245e-01
9.100000e-01 2.427090e+00 2.191108e+00 2.591405e+00 1.099167e+01 5.874224e+03 1.436375e+04 2.37951 3.312822e-01
9.090000e-01 2.427090e+00 2.192623e+00 2.593164e+00 1.099788e+01 5.903619e+03 1.435460e+04 2.38172 3.327881e-01
9.080000e-01 2.427090e+00 2.192860e+00 2.593285e+00 1.100040e+01 5.937808e+03 1.435079e+04 2.38443 3.350245e-01
9.070000e-01 2.427090e+00 2.194382e+00 2.595052e+00 1.100664e+01 5.966782e+03 1.434165e+04 2.38669 3.365107e-01
9.060000e-01 2.427090e+00 2.194616e+00 2.595171e+00 1.100918e+01 6.000596e+03 1.433787e+04 2.38937 3.387256e-01
9.050000e-01 2.427090e+00 2.196145e+00 2.596946e+00 1.101545e+01 6.029152e+03 1.432873e+04 2.39168 3.401926e-01
9.040000e-01 2.427090e+00 2.196371e+00 2.597052e+00 1.101798e+01 6.062527e+03 1.432500e+04 2.3943 3.423806e-01
9.030000e-01 2.427090e+00 2.197908e+00 2.598835e+00 1.102428e+01 6.090528e+03 1.431587e+04 2.39668 3.438224e-01
9.020000e-01 2.427090e+00 2.198119e+00 2.598922e+00 1.102681e+01 6.123447e+03 1.431219e+04 2.39924 3.459822e-01
9.010000e-01 2.427090e+00 2.199671e+00 2.600720e+00 1.103315e+01 6.151100e+03 1.430305e+04 2.4017 3.474115e-01
9.000000e-01 2.427090e+00 2.199890e+00 2.600817e+00 1.103571e+01 6.183841e+03 1.429938e+04 2.40428 3.495654e-01
8.990000e-01 2.427090e+00 2.201450e+00 2.602625e+00 1.104211e+01 6.211351e+03 1.429018e+04 2.40677 3.509867e-01
8.980000e-01 2.427090e+00 2.201678e+00 2.602734e+00 1.104470e+01 6.243876e+03 1.428652e+04 2.40936 3.531307e-01
8.970000e-01 2.427090e+00 2.203245e+00 2.604551e+00 1.105114e+01 6.271164e+03 1.427730e+04 2.41188 3.545403e-01
8.960000e-01 2.427090e+00 2.203477e+00 2.604667e+00 1.105374e+01 6.303414e+03 1.427366e+04 2.41446 3.566695e-01
8.950000e-01 2.427090e+00 2.205049e+00 2.606492e+00 1.106021e+01 6.330377e+03 1.426444e+04 2.41701 3.580629e-01
8.940000e-01 2.427090e+00 2.205278e+00 2.606604e+00 1.106282e+01 6.362244e+03 1.426083e+04 2.41955 3.601686e-01
8.930000e-01 2.427090e+00 2.206856e+00 2.608436e+00 1.106930e+01 6.388784e+03 1.425163e+04 2.42216 3.615428e-01
8.920000e-01 2.427090e+00 2.207082e+00 2.608544e+00 1.107192e+01 6.420317e+03 1.424805e+04 2.42466 3.636288e-01
8.910000e-01 2.427090e+00 2.208669e+00 2.610387e+00 1.107844e+01 6.446557e+03 1.423884e+04 2.42732 3.649903e-01
8.900000e-01 2.427090e+00 2.208894e+00 2.610495e+00 1.108106e+01 6.477802e+03 1.423529e+04 2.42981 3.670604e-01
8.890000e-01 2.427090e+00 2.210487e+00 2.612345e+00 1.108761e+01 6.503702e+03 1.422607e+04 2.43251 3.684058e-01
8.880000e-01 2.427090e+00 2.210708e+00 2.612449e+00 1.109025e+01 6.534642e+03 1.422254e+04 2.43497 3.704583e-01
8.870000e-01 2.427090e+00 2.212311e+00 2.614309e+00 1.109683e+01 6.560204e+03 1.421331e+04 2.43772 3.717885e-01
8.860000e-01 2.427090e+00 2.212524e+00 2.614401e+00 1.109947e+01 6.590809e+03 1.420982e+04 2.44013 3.738210e-01
8.850000e-01 2.427090e+00 2.214134e+00 2.616270e+00 1.110608e+01 6.615931e+03 1.420058e+04 2.44294 3.751311e-01
8.840000e-01 2.427090e+00 2.214333e+00 2.616342e+00 1.110871e+01 6.646154e+03 1.419714e+04 2.44529 3.771401e-01
8.830000e-01 2.427090e+00 2.216003e+00 2.618286e+00 1.111546e+01 6.670921e+03 1.418776e+04 2.44824 3.784301e-01
8.820000e-01 2.427090e+00 2.216177e+00 2.618327e+00 1.111806e+01 6.701030e+03 1.418439e+04 2.45057 3.804400e-01
8.810000e-01 2.427090e+00 2.217842e+00 2.620262e+00 1.112483e+01 6.725698e+03 1.417500e+04 2.45352 3.817271e-01
8.800000e-01 2.427090e+00 2.218024e+00 2.620314e+00 1.112747e+01 6.755660e+03 1.417163e+04 2.45587 3.837317e-01
8.790000e-01 2.427090e+00 2.219696e+00 2.622257e+00 1.113429e+01 6.780166e+03 1.416220e+04 2.45885 3.850099e-01
8.780000e-01 2.427090e+00 2.219884e+00 2.622316e+00 1.113694e+01 6.809930e+03 1.415883e+04 2.4612 3.870046e-01
8.770000e-01 2.427090e+00 2.221562e+00 2.624268e+00 1.114380e+01 6.834184e+03 1.414938e+04 2.4642 3.882699e-01
8.760000e-01 2.427090e+00 2.221745e+00 2.624324e+00 1.114645e+01 6.863649e+03 1.414604e+04 2.46652 3.902468e-01
8.750000e-01 2.427090e+00 2.223430e+00 2.626284e+00 1.115333e+01 6.887558e+03 1.413658e+04 2.46957 3.914960e-01
8.740000e-01 2.427090e+00 2.223609e+00 2.626334e+00 1.115600e+01 6.916749e+03 1.413327e+04 2.47187 3.934571e-01
8.730000e-01 2.427090e+00 2.225304e+00 2.628306e+00 1.116291e+01 6.940402e+03 1.412379e+04 2.47496 3.946952e-01
8.720000e-01 2.427090e+00 2.225481e+00 2.628354e+00 1.116559e+01 6.969355e+03 1.412049e+04 2.47724 3.966433e-01
8.710000e-01 2.427090e+00 2.227183e+00 2.630335e+00 1.117254e+01 6.992715e+03 1.411100e+04 2.48037 3.978675e-01
8.700000e-01 2.427090e+00 2.227355e+00 2.630377e+00 1.117522e+01 7.021412e+03 1.410772e+04 2.48263 3.998011e-01
8.690000e-01 2.427090e+00 2.229067e+00 2.632369e+00 1.118220e+01 7.044476e+03 1.409821e+04 2.48581 4.010117e-01
8.680000e-01 2.427090e+00 2.229229e+00 2.632398e+00 1.118488e+01 7.072890e+03 1.409495e+04 2.48802 4.029286e-01
8.670000e-01 2.427090e+00 2.230950e+00 2.634398e+00 1.119190e+01 7.095569e+03 1.408543e+04 2.49125 4.041215e-01
8.660000e-01 2.427090e+00 2.231098e+00 2.634409e+00 1.119457e+01 7.123667e+03 1.408220e+04 2.49341 4.060195e-01
8.650000e-01 2.427090e+00 2.232834e+00 2.636426e+00 1.120164e+01 7.146093e+03 1.407264e+04 2.49671 4.072030e-01
8.640000e-01 2.427090e+00 2.232987e+00 2.636443e+00 1.120434e+01 7.174086e+03 1.406941e+04 2.49889 4.090990e-01
8.630000e-01 2.427090e+00 2.234733e+00 2.638472e+00 1.121147e+01 7.196423e+03 1.405979e+04 2.50222 4.102773e-01
8.620000e-01 2.427090e+00 2.234892e+00 2.638498e+00 1.121421e+01 7.224298e+03 1.405655e+04 2.50441 4.121696e-01
8.610000e-01 2.427090e+00 2.236647e+00 2.640537e+00 1.122139e+01 7.246499e+03 1.404688e+04 2.50777 4.133403e-01
8.600000e-01 2.427090e+00 2.236810e+00 2.640569e+00 1.122414e+01 7.274210e+03 1.404364e+04 2.50997 4.152248e-01
8.590000e-01 2.427090e+00 2.238571e+00 2.642617e+00 1.123136e+01 7.296185e+03 1.403394e+04 2.51335 4.163837e-01
8.580000e-01 2.427090e+00 2.238728e+00 2.642643e+00 1.123412e+01 7.323646e+03 1.403072e+04 2.51552 4.182535e-01
8.570000e-01 2.427090e+00 2.240498e+00 2.644701e+00 1.124136e+01 7.345335e+03 1.402100e+04 2.51894 4.193991e-01
8.560000e-01 2.427090e+00 2.240652e+00 2.644723e+00 1.124413e+01 7.372580e+03 1.401780e+04 2.5211 4.212572e-01
8.550000e-01 2.427090e+00 2.242431e+00 2.646793e+00 1.125142e+01 7.394050e+03 1.400805e+04 2.52456 4.223928e-01
8.540000e-01 2.427090e+00 2.242581e+00 2.646810e+00 1.125420e+01 7.421084e+03 1.400486e+04 2.52669 4.242394e-01
8.530000e-01 2.427090e+00 2.244369e+00 2.648890e+00 1.126152e+01 7.442290e+03 1.399508e+04 2.53019 4.253624e-01
8.520000e-01 2.427090e+00 2.244513e+00 2.648900e+00 1.126430e+01 7.469108e+03 1.399190e+04 2.53231 4.271971e-01
8.510000e-01 2.427090e+00 2.246311e+00 2.650990e+00 1.127166e+01 7.490042e+03 1.398209e+04 2.53585 4.283073e-01
8.500000e-01 2.427090e+00 2.246442e+00 2.650984e+00 1.127445e+01 7.516595e+03 1.397894e+04 2.53792 4.301263e-01
8.490000e-01 2.427090e+00 2.248250e+00 2.653085e+00 1.128184e+01 7.537172e+03 1.396911e+04 2.54151 4.312201e-01
8.480000e-01 2.427090e+00 2.248370e+00 2.653063e+00 1.128462e+01 7.563491e+03 1.396598e+04 2.54355 4.330264e-01
8.470000e-01 2.427090e+00 2.250194e+00 2.655183e+00 1.129207e+01 7.583904e+03 1.395610e+04 2.5472 4.341142e-01
8.460000e-01 2.427090e+00 2.250319e+00 2.655169e+00 1.129489e+01 7.610147e+03 1.395295e+04 2.54926 4.359201e-01
8.450000e-01 2.427090e+00 2.252152e+00 2.657300e+00 1.130240e+01 7.630471e+03 1.394300e+04 2.55294 4.370025e-01
8.440000e-01 2.427090e+00 2.252283e+00 2.657294e+00 1.130525e+01 7.656609e+03 1.393985e+04 2.55502 4.388051e-01
8.430000e-01 2.427090e+00 2.254125e+00 2.659435e+00 1.131282e+01 7.676802e+03 1.392984e+04 2.55872 4.398801e-01
8.420000e-01 2.427090e+00 2.254256e+00 2.659430e+00 1.131568e+01 7.702775e+03 1.392669e+04 2.56079 4.416746e-01
8.410000e-01 2.427090e+00 2.256106e+00 2.661581e+00 1.132328e+01 7.722744e+03 1.391664e+04 2.56452 4.427379e-01
8.400000e-01 2.427090e+00 2.256229e+00 2.661567e+00 1.132615e+01 7.748501e+03 1.391351e+04 2.56657 4.445200e-01
8.390000e-01 2.427090e+00 2.258090e+00 2.663731e+00 1.133379e+01 7.768238e+03 1.390343e+04 2.57034 4.455726e-01
8.380000e-01 2.427090e+00 2.258210e+00 2.663715e+00 1.133667e+01 7.793828e+03 1.390030e+04 2.57238 4.473466e-01
8.370000e-01 2.427090e+00 2.260080e+00 2.665890e+00 1.134436e+01 7.813357e+03 1.389018e+04 2.57619 4.483889e-01
8.360000e-01 2.427090e+00 2.260194e+00 2.665867e+00 1.134724e+01 7.838754e+03 1.388706e+04 2.5782 4.501524e-01
8.350000e-01 2.427090e+00 2.262074e+00 2.668053e+00 1.135497e+01 7.858042e+03 1.387691e+04 2.58205 4.511832e-01
8.340000e-01 2.427090e+00 2.262179e+00 2.668019e+00 1.135786e+01 7.883247e+03 1.387380e+04 2.58404 4.529363e-01
8.330000e-01 2.427090e+00 2.264069e+00 2.670215e+00 1.136563e+01 7.902246e+03 1.386361e+04 2.58793 4.539530e-01
8.320000e-01 2.427090e+00 2.264159e+00 2.670162e+00 1.136851e+01 7.927195e+03 1.386052e+04 2.58987 4.556909e-01
8.310000e-01 2.427090e+00 2.266061e+00 2.672372e+00 1.137632e+01 7.945907e+03 1.385030e+04 2.59381 4.566951e-01
8.300000e-01 2.427090e+00 2.266147e+00 2.672312e+00 1.137922e+01 7.970724e+03 1.384722e+04 2.59575 4.584283e-01
8.290000e-01 2.427090e+00 2.268064e+00 2.674540e+00 1.138709e+01 7.989350e+03 1.383692e+04 2.59974 4.594286e-01
8.280000e-01 2.427090e+00 2.268153e+00 2.674486e+00 1.139003e+01 8.014091e+03 1.383382e+04 2.60169 4.611610e-01
8.270000e-01 2.427090e+00 2.270126e+00 2.676787e+00 1.139806e+01 8.032588e+03 1.382333e+04 2.60577 4.621454e-01
8.260000e-01 2.427090e+00 2.270190e+00 2.676700e+00 1.140096e+01 8.057247e+03 1.382030e+04 2.60769 4.638802e-01
8.250000e-01 2.427090e+00 2.272155e+00 2.678989e+00 1.140901e+01 8.075589e+03 1.380980e+04 2.61177 4.648591e-01
8.240000e-01 2.427090e+00 2.272214e+00 2.678899e+00 1.141192e+01 8.100077e+03 1.380677e+04 2.61368 4.665849e-01
8.230000e-01 2.427090e+00 2.274188e+00 2.681198e+00 1.142001e+01 8.118194e+03 1.379623e+04 2.6178 4.675525e-01
8.220000e-01 2.427090e+00 2.274240e+00 2.681099e+00 1.142293e+01 8.142511e+03 1.379320e+04 2.61969 4.692696e-01
8.210000e-01 2.427090e+00 2.276227e+00 2.683414e+00 1.143107e+01 8.160447e+03 1.378262e+04 2.62385 4.702284e-01
8.200000e-01 2.427090e+00 2.276274e+00 2.683310e+00 1.143400e+01 8.184609e+03 1.377960e+04 2.62572 4.719381e-01
8.190000e-01 2.427090e+00 2.278270e+00 2.685636e+00 1.144219e+01 8.202327e+03 1.376897e+04 2.62992 4.728857e-01
8.180000e-01 2.427090e+00 2.278309e+00 2.685521e+00 1.144512e+01 8.226315e+03 1.376595e+04 2.63177 4.745865e-01
8.170000e-01 2.427090e+00 2.280316e+00 2.687861e+00 1.145336e+01 8.243805e+03 1.375528e+04 2.63601 4.755229e-01
8.160000e-01 2.427090e+00 2.280340e+00 2.687728e+00 1.145629e+01 8.267582e+03 1.375228e+04 2.63782 4.772118e-01
8.150000e-01 2.427090e+00 2.282359e+00 2.690080e+00 1.146456e+01 8.284765e+03 1.374157e+04 2.6421 4.781333e-01
8.140000e-01 2.427090e+00 2.282370e+00 2.689929e+00 1.146749e+01 8.308347e+03 1.373859e+04 2.64388 4.798122e-01
8.130000e-01 2.427090e+00 2.284406e+00 2.692301e+00 1.147583e+01 8.325380e+03 1.372781e+04 2.64822 4.807277e-01
8.120000e-01 2.427090e+00 2.284418e+00 2.692154e+00 1.147879e+01 8.348900e+03 1.372482e+04 2.65001 4.824071e-01
8.110000e-01 2.427090e+00 2.286466e+00 2.694540e+00 1.148720e+01 8.365842e+03 1.371395e+04 2.65439 4.833168e-01
8.100000e-01 2.427090e+00 2.286481e+00 2.694397e+00 1.149019e+01 8.389285e+03 1.371094e+04 2.6562 4.849948e-01
8.090000e-01 2.427090e+00 2.288538e+00 2.696795e+00 1.149867e+01 8.406103e+03 1.370001e+04 2.66059 4.858969e-01
8.080000e-01 2.427090e+00 2.288551e+00 2.696651e+00 1.150168e+01 8.429415e+03 1.369699e+04 2.6624 4.875692e-01
8.070000e-01 2.427090e+00 2.290618e+00 2.699060e+00 1.151020e+01 8.446038e+03 1.368601e+04 2.66682 4.884606e-01
8.060000e-01 2.427090e+00 2.290621e+00 2.698905e+00 1.151321e+01 8.469183e+03 1.368300e+04 2.6686 4.901244e-01
8.050000e-01 2.427090e+00 2.292700e+00 2.701330e+00 1.152179e+01 8.485621e+03 1.367196e+04 2.67307 4.910066e-01
8.040000e-01 2.427090e+00 2.292698e+00 2.701169e+00 1.152481e+01 8.508635e+03 1.366895e+04 2.67484 4.926648e-01
8.030000e-01 2.427090e+00 2.294789e+00 2.703607e+00 1.153344e+01 8.524886e+03 1.365786e+04 2.67935 4.935370e-01
8.020000e-01 2.427090e+00 2.294777e+00 2.703435e+00 1.153648e+01 8.547740e+03 1.365485e+04 2.68109 4.951873e-01
8.010000e-01 2.427090e+00 2.296880e+00 2.705888e+00 1.154516e+01 8.563781e+03 1.364371e+04 2.68564 4.960489e-01
8.000000e-01 2.427090e+00 2.296855e+00 2.705700e+00 1.154819e+01 8.586463e+03 1.364071e+04 2.68735 4.976904e-01
7.990000e-01 2.427090e+00 2.298969e+00 2.708165e+00 1.155692e+01 8.602218e+03 1.362952e+04 2.69195 4.985374e-01
7.980000e-01 2.427090e+00 2.298926e+00 2.707954e+00 1.155995e+01 8.624691e+03 1.362655e+04 2.69361 5.001676e-01
7.970000e-01 2.427090e+00 2.301058e+00 2.710439e+00 1.156873e+01 8.640247e+03 1.361530e+04 2.69826 5.010058e-01
7.960000e-01 2.427090e+00 2.301013e+00 2.710226e+00 1.157178e+01 8.662649e+03 1.361231e+04 2.69994 5.026359e-01
7.950000e-01 2.427090e+00 2.303158e+00 2.712726e+00 1.158065e+01 8.678117e+03 1.360097e+04 2.70462 5.034686e-01
7.940000e-01 2.427090e+00 2.303114e+00 2.712517e+00 1.158373e+01 8.700449e+03 1.359796e+04 2.70631 5.050980e-01
7.930000e-01 2.427090e+00 2.305270e+00 2.715031e+00 1.159267e+01 8.715807e+03 1.358653e+04 2.71103 5.059236e-01
7.920000e-01 2.427090e+00 2.305222e+00 2.714819e+00 1.159577e+01 8.738032e+03 1.358352e+04 2.71271 5.075494e-01
7.910000e-01 2.427090e+00 2.307389e+00 2.717346e+00 1.160477e+01 8.753219e+03 1.357202e+04 2.71745 5.083649e-01
7.900000e-01 2.427090e+00 2.307332e+00 2.717123e+00 1.160788e+01 8.775294e+03 1.356901e+04 2.71911 5.099834e-01
7.890000e-01 2.427090e+00 2.309511e+00 2.719665e+00 1.161693e+01 8.790294e+03 1.355746e+04 2.7239 5.107891e-01
7.880000e-01 2.427090e+00 2.309448e+00 2.719435e+00 1.162006e+01 8.812250e+03 1.355444e+04 2.72555 5.124029e-01
7.870000e-01 2.427090e+00 2.311639e+00 2.721991e+00 1.162917e+01 8.827077e+03 1.354282e+04 2.73037 5.131990e-01
7.860000e-01 2.427090e+00 2.311565e+00 2.721750e+00 1.163230e+01 8.848888e+03 1.353980e+04 2.73199 5.148061e-01
7.850000e-01 2.427090e+00 2.313769e+00 2.724320e+00 1.164147e+01 8.863517e+03 1.352811e+04 2.73686 5.155917e-01
7.840000e-01 2.427090e+00 2.313681e+00 2.724063e+00 1.164460e+01 8.885177e+03 1.352510e+04 2.73845 5.171916e-01
7.830000e-01 2.427090e+00 2.315897e+00 2.726647e+00 1.165382e+01 8.899547e+03 1.351337e+04 2.74336 5.179632e-01
7.820000e-01 2.427090e+00 2.315788e+00 2.726362e+00 1.165695e+01 8.921001e+03 1.351037e+04 2.7449 5.195522e-01
7.810000e-01 2.427090e+00 2.318065e+00 2.729025e+00 1.166632e+01 8.935124e+03 1.349846e+04 2.74991 5.203026e-01
7.800000e-01 2.427090e+00 2.317925e+00 2.728700e+00 1.166941e+01 8.956521e+03 1.349552e+04 2.75142 5.218975e-01
7.790000e-01 2.427090e+00 2.320200e+00 2.731358e+00 1.167884e+01 8.970558e+03 1.348355e+04 2.75646 5.226462e-01
7.780000e-01 2.427090e+00 2.320058e+00 2.731032e+00 1.168196e+01 8.991892e+03 1.348059e+04 2.75798 5.242412e-01
7.770000e-01 2.427090e+00 2.322346e+00 2.733706e+00 1.169146e+01 9.005820e+03 1.346852e+04 2.76305 5.249825e-01
7.760000e-01 2.427090e+00 2.322200e+00 2.733377e+00 1.169460e+01 9.027058e+03 1.346555e+04 2.76456 5.265748e-01
7.750000e-01 2.427090e+00 2.324499e+00 2.736064e+00 1.170417e+01 9.040823e+03 1.345340e+04 2.76966 5.273060e-01
7.740000e-01 2.427090e+00 2.324341e+00 2.735721e+00 1.170732e+01 9.061923e+03 1.345043e+04 2.77114 5.288922e-01
7.730000e-01 2.427090e+00 2.326655e+00 2.738425e+00 1.171696e+01 9.075506e+03 1.343822e+04 2.77629 5.296131e-01
7.720000e-01 2.427090e+00 2.326488e+00 2.738074e+00 1.172012e+01 9.096497e+03 1.343524e+04 2.77776 5.311956e-01
7.710000e-01 2.427090e+00 2.328814e+00 2.740793e+00 1.172982e+01 9.109910e+03 1.342294e+04 2.78294 5.319066e-01
7.700000e-01 2.427090e+00 2.328635e+00 2.740427e+00 1.173298e+01 9.130768e+03 1.341997e+04 2.78438 5.334833e-01
7.690000e-01 2.427090e+00 2.330975e+00 2.743162e+00 1.174276e+01 9.143994e+03 1.340759e+04 2.7896 5.341836e-01
7.680000e-01 2.427090e+00 2.330780e+00 2.742777e+00 1.174592e+01 9.164707e+03 1.340462e+04 2.79101 5.357540e-01
7.670000e-01 2.427090e+00 2.333133e+00 2.745528e+00 1.175575e+01 9.177679e+03 1.339219e+04 2.79628 5.364399e-01
7.660000e-01 2.427090e+00 2.332915e+00 2.745112e+00 1.175890e+01 9.198199e+03 1.338922e+04 2.79763 5.380006e-01
7.650000e-01 2.427090e+00 2.335287e+00 2.747884e+00 1.176879e+01 9.210961e+03 1.337672e+04 2.80295 5.386758e-01
7.640000e-01 2.427090e+00 2.335064e+00 2.747465e+00 1.177197e+01 9.231414e+03 1.337374e+04 2.80431 5.402364e-01
7.630000e-01 2.427090e+00 2.337448e+00 2.750251e+00 1.178196e+01 9.244075e+03 1.336112e+04 2.80966 5.409050e-01
7.620000e-01 2.427090e+00 2.337220e+00 2.749827e+00 1.178516e+01 9.264463e+03 1.335812e+04 2.81102 5.424661e-01
7.610000e-01 2.427090e+00 2.339621e+00 2.752634e+00 1.179523e+01 9.277021e+03 1.334539e+04 2.81641 5.431266e-01
7.600000e-01 2.427090e+00 2.339383e+00 2.752199e+00 1.179846e+01 9.297311e+03 1.334238e+04 2.81776 5.446852e-01
7.590000e-01 2.427090e+00 2.341796e+00 2.755020e+00 1.180860e+01 9.309693e+03 1.332955e+04 2.82318 5.453343e-01
7.580000e-01 2.427090e+00 2.341549e+00 2.754577e+00 1.181183e+01 9.329861e+03 1.332653e+04 2.8245 5.468875e-01
7.570000e-01 2.427090e+00 2.343974e+00 2.757412e+00 1.182205e+01 9.342077e+03 1.331362e+04 2.82996 5.475269e-01
7.560000e-01 2.427090e+00 2.343711e+00 2.756949e+00 1.182529e+01 9.362138e+03 1.331060e+04 2.83126 5.490772e-01
7.550000e-01 2.427090e+00 2.346154e+00 2.759807e+00 1.183558e+01 9.374187e+03 1.329759e+04 2.83676 5.497055e-01
7.540000e-01 2.427090e+00 2.345878e+00 2.759330e+00 1.183883e+01 9.394123e+03 1.329456e+04 2.83803 5.512508e-01
7.530000e-01 2.427090e+00 2.348334e+00 2.762200e+00 1.184920e+01 9.405978e+03 1.328147e+04 2.84357 5.518677e-01
7.520000e-01 2.427090e+00 2.349441e+00 2.763421e+00 1.185608e+01 9.421730e+03 1.327331e+04 2.84698 5.529348e-01
7.510000e-01 2.427090e+00 2.350529e+00 2.764615e+00 1.186292e+01 9.437363e+03 1.326521e+04 2.85039 5.540017e-01
7.500000e-01 2.427090e+00 2.351614e+00 2.765805e+00 1.186977e+01 9.452902e+03 1.325709e+04 2.85379 5.550640e-01
7.490000e-01 2.427090e+00 2.352699e+00 2.766995e+00 1.187666e+01 9.468397e+03 1.324893e+04 2.8572 5.561245e-01
7.480000e-01 2.427090e+00 2.353788e+00 2.768189e+00 1.188358e+01 9.483856e+03 1.324074e+04 2.86062 5.571836e-01
7.470000e-01 2.427090e+00 2.354879e+00 2.769387e+00 1.189053e+01 9.499268e+03 1.323251e+04 2.86405 5.582406e-01
7.460000e-01 2.427090e+00 2.355971e+00 2.770587e+00 1.189751e+01 9.514634e+03 1.322424e+04 2.86749 5.592953e-01
7.450000e-01 2.427090e+00 2.357064e+00 2.771788e+00 1.190452e+01 9.529944e+03 1.321594e+04 2.87093 5.603471e-01
7.440000e-01 2.427090e+00 2.358159e+00 2.772991e+00 1.191155e+01 9.545184e+03 1.320762e+04 2.87437 5.613953e-01
7.430000e-01 2.427090e+00 2.359253e+00 2.774195e+00 1.191860e+01 9.560347e+03 1.319927e+04 2.87782 5.624394e-01
7.420000e-01 2.427090e+00 2.360347e+00 2.775398e+00 1.192567e+01 9.575435e+03 1.319089e+04 2.88127 5.634795e-01
7.410000e-01 2.427090e+00 2.361441e+00 2.776601e+00 1.193277e+01 9.590466e+03 1.318248e+04 2.88472 5.645168e-01
7.400000e-01 2.427090e+00 2.362536e+00 2.777806e+00 1.193990e+01 9.605424e+03 1.317404e+04 2.88818 5.655502e-01
7.390000e-01 2.427090e+00 2.363630e+00 2.779012e+00 1.194704e+01 9.620305e+03 1.316558e+04 2.89164 5.665796e-01
7.380000e-01 2.427090e+00 2.364724e+00 2.780216e+00 1.195421e+01 9.635109e+03 1.315709e+04 2.8951 5.676050e-01
7.370000e-01 2.427090e+00 2.365817e+00 2.781417e+00 1.196139e+01 9.649823e+03 1.314857e+04 2.89856 5.686255e-01
7.360000e-01 2.427090e+00 2.366907e+00 2.782616e+00 1.196859e+01 9.664420e+03 1.314005e+04 2.90201 5.696396e-01
7.350000e-01 2.427090e+00 2.367995e+00 2.783812e+00 1.197579e+01 9.678914e+03 1.313151e+04 2.90547 5.706484e-01
7.340000e-01 2.427090e+00 2.369082e+00 2.785006e+00 1.198303e+01 9.693344e+03 1.312293e+04 2.90893 5.716543e-01
7.330000e-01 2.427090e+00 2.370170e+00 2.786203e+00 1.199030e+01 9.707737e+03 1.311431e+04 2.91239 5.726587e-01
7.320000e-01 2.427090e+00 2.371261e+00 2.787401e+00 1.199761e+01 9.722081e+03 1.310565e+04 2.91586 5.736606e-01
7.310000e-01 2.427090e+00 2.372394e+00 2.788660e+00 1.200504e+01 9.736344e+03 1.309684e+04 2.9194 5.746491e-01
7.300000e-01 2.427090e+00 2.373488e+00 2.789866e+00 1.201241e+01 9.750589e+03 1.308810e+04 2.92288 5.756458e-01
7.290000e-01 2.427090e+00 2.374582e+00 2.791070e+00 1.201981e+01 9.764765e+03 1.307933e+04 2.92637 5.766391e-01
7.280000e-01 2.427090e+00 2.375675e+00 2.792275e+00 1.202723e+01 9.778864e+03 1.307053e+04 2.92986 5.776283e-01
7.270000e-01 2.427090e+00 2.376768e+00 2.793480e+00 1.203467e+01 9.792888e+03 1.306170e+04 2.93335 5.786136e-01
7.260000e-01 2.427090e+00 2.377861e+00 2.794686e+00 1.204215e+01 9.806852e+03 1.305285e+04 2.93685 5.795960e-01
7.250000e-01 2.427090e+00 2.378954e+00 2.795892e+00 1.204965e+01 9.820746e+03 1.304396e+04 2.94034 5.805747e-01
7.240000e-01 2.427090e+00 2.380046e+00 2.797097e+00 1.205717e+01 9.834561e+03 1.303504e+04 2.94384 5.815491e-01
7.230000e-01 2.427090e+00 2.381137e+00 2.798302e+00 1.206472e+01 9.848297e+03 1.302609e+04 2.94735 5.825196e-01
7.220000e-01 2.427090e+00 2.382228e+00 2.799506e+00 1.207229e+01 9.861950e+03 1.301712e+04 2.95085 5.834858e-01
7.210000e-01 2.427090e+00 2.383315e+00 2.800706e+00 1.207987e+01 9.875487e+03 1.300813e+04 2.95435 5.844455e-01
7.200000e-01 2.427090e+00 2.384400e+00 2.801901e+00 1.208747e+01 9.888917e+03 1.299913e+04 2.95784 5.853998e-01
7.190000e-01 2.427090e+00 2.385483e+00 2.803095e+00 1.209510e+01 9.902277e+03 1.299010e+04 2.96133 5.863505e-01
7.180000e-01 2.427090e+00 2.386567e+00 2.804291e+00 1.210276e+01 9.915597e+03 1.298101e+04 2.96484 5.872997e-01
7.170000e-01 2.427090e+00 2.387653e+00 2.805490e+00 1.211047e+01 9.928866e+03 1.297189e+04 2.96835 5.882466e-01
7.160000e-01 2.427090e+00 2.388739e+00 2.806690e+00 1.211821e+01 9.942082e+03 1.296272e+04 2.97186 5.891908e-01
7.150000e-01 2.427090e+00 2.389827e+00 2.807892e+00 1.212598e+01 9.955246e+03 1.295351e+04 2.97538 5.901322e-01
7.140000e-01 2.427090e+00 2.390913e+00 2.809093e+00 1.213378e+01 9.968341e+03 1.294427e+04 2.9789 5.910699e-01
7.130000e-01 2.427090e+00 2.391999e+00 2.810294e+00 1.214161e+01 9.981357e+03 1.293499e+04 2.98242 5.920033e-01
7.120000e-01 2.427090e+00 2.393084e+00 2.811495e+00 1.214947e+01 9.994299e+03 1.292568e+04 2.98594 5.929328e-01
7.110000e-01 2.427090e+00 2.394169e+00 2.812696e+00 1.215735e+01 1.000718e+04 1.291634e+04 2.98947 5.938591e-01
7.100000e-01 2.427090e+00 2.395253e+00 2.813896e+00 1.216527e+01 1.001999e+04 1.290695e+04 2.99299 5.947817e-01
7.090000e-01 2.427090e+00 2.396335e+00 2.815095e+00 1.217321e+01 1.003272e+04 1.289753e+04 2.99651 5.956998e-01
7.080000e-01 2.427090e+00 2.397416e+00 2.816292e+00 1.218118e+01 1.004538e+04 1.288808e+04 3.00004 5.966137e-01
7.070000e-01 2.427090e+00 2.398495e+00 2.817487e+00 1.218917e+01 1.005795e+04 1.287860e+04 3.00356 5.975229e-01
7.060000e-01 2.427090e+00 2.399570e+00 2.818677e+00 1.219718e+01 1.007040e+04 1.286910e+04 3.00707 5.984256e-01
7.050000e-01 2.427090e+00 2.400641e+00 2.819860e+00 1.220520e+01 1.008275e+04 1.285958e+04 3.01057 5.993225e-01
7.040000e-01 2.427090e+00 2.401710e+00 2.821042e+00 1.221325e+01 1.009504e+04 1.285001e+04 3.01407 6.002164e-01
7.030000e-01 2.427090e+00 2.402780e+00 2.822226e+00 1.222135e+01 1.010729e+04 1.284039e+04 3.01758 6.011083e-01
7.020000e-01 2.427090e+00 2.403850e+00 2.823410e+00 1.222948e+01 1.011948e+04 1.283072e+04 3.02109 6.019971e-01
7.010000e-01 2.427090e+00 2.404958e+00 2.824646e+00 1.223775e+01 1.013158e+04 1.282088e+04 3.02465 6.028712e-01
7.000000e-01 2.427090e+00 2.406028e+00 2.825832e+00 1.224596e+01 1.014367e+04 1.281111e+04 3.02816 6.037532e-01
6.990000e-01 2.427090e+00 2.407097e+00 2.827016e+00 1.225420e+01 1.015568e+04 1.280130e+04 3.03167 6.046313e-01
6.980000e-01 2.427090e+00 2.408163e+00 2.828197e+00 1.226247e+01 1.016761e+04 1.279144e+04 3.03517 6.055049e-01
6.970000e-01 2.427090e+00 2.409227e+00 2.829376e+00 1.227076e+01 1.017947e+04 1.278155e+04 3.03867 6.063743e-01
6.960000e-01 2.427090e+00 2.410289e+00 2.830554e+00 1.227910e+01 1.019127e+04 1.277161e+04 3.04217 6.072402e-01
6.950000e-01 2.427090e+00 2.411351e+00 2.831732e+00 1.228746e+01 1.020299e+04 1.276163e+04 3.04567 6.081019e-01
6.940000e-01 2.427090e+00 2.412409e+00 2.832904e+00 1.229585e+01 1.021464e+04 1.275161e+04 3.04916 6.089588e-01
6.930000e-01 2.427090e+00 2.413465e+00 2.834075e+00 1.230427e+01 1.022621e+04 1.274155e+04 3.05264 6.098112e-01
6.920000e-01 2.427090e+00 2.414517e+00 2.835241e+00 1.231271e+01 1.023768e+04 1.273146e+04 3.05612 6.106577e-01
6.910000e-01 2.427090e+00 2.415565e+00 2.836401e+00 1.232116e+01 1.024903e+04 1.272135e+04 3.05958 6.114978e-01
6.900000e-01 2.427090e+00 2.416608e+00 2.837555e+00 1.232963e+01 1.026030e+04 1.271120e+04 3.06304 6.123327e-01
6.890000e-01 2.427090e+00 2.417650e+00 2.838708e+00 1.233815e+01 1.027151e+04 1.270100e+04 3.0665 6.131652e-01
6.880000e-01 2.427090e+00 2.418692e+00 2.839861e+00 1.234672e+01 1.028268e+04 1.269073e+04 3.06996 6.139948e-01
6.870000e-01 2.427090e+00 2.419732e+00 2.841014e+00 1.235532e+01 1.029378e+04 1.268042e+04 3.07341 6.148208e-01
6.860000e-01 2.427090e+00 2.420772e+00 2.842167e+00 1.236397e+01 1.030482e+04 1.267005e+04 3.07687 6.156436e-01
6.850000e-01 2.427090e+00 2.421810e+00 2.843318e+00 1.237266e+01 1.031580e+04 1.265963e+04 3.08033 6.164625e-01
6.840000e-01 2.427090e+00 2.422846e+00 2.844467e+00 1.238137e+01 1.032670e+04 1.264917e+04 3.08377 6.172765e-01
6.830000e-01 2.427090e+00 2.423879e+00 2.845615e+00 1.239012e+01 1.033752e+04 1.263867e+04 3.08722 6.180862e-01
6.820000e-01 2.427090e+00 2.424910e+00 2.846759e+00 1.239891e+01 1.034827e+04 1.262812e+04 3.09066 6.188920e-01
6.810000e-01 2.427090e+00 2.425939e+00 2.847902e+00 1.240773e+01 1.035895e+04 1.261753e+04 3.0941 6.196938e-01
6.800000e-01 2.427090e+00 2.426965e+00 2.849044e+00 1.241659e+01 1.036955e+04 1.260689e+04 3.09753 6.204910e-01
6.790000e-01 2.427090e+00 2.427988e+00 2.850179e+00 1.242548e+01 1.038007e+04 1.259620e+04 3.10095 6.212829e-01
6.780000e-01 2.427090e+00 2.429007e+00 2.851313e+00 1.243439e+01 1.039050e+04 1.258548e+04 3.10437 6.220700e-01
6.770000e-01 2.427090e+00 2.430020e+00 2.852438e+00 1.244332e+01 1.040081e+04 1.257474e+04 3.10777 6.228499e-01
6.760000e-01 2.427090e+00 2.431063e+00 2.853602e+00 1.245237e+01 1.041098e+04 1.256384e+04 3.1112 6.236120e-01
6.750000e-01 2.427090e+00 2.432069e+00 2.854719e+00 1.246136e+01 1.042113e+04 1.255300e+04 3.11458 6.243818e-01
6.740000e-01 2.427090e+00 2.433072e+00 2.855832e+00 1.247041e+01 1.043123e+04 1.254210e+04 3.11796 6.251490e-01
6.730000e-01 2.427090e+00 2.434072e+00 2.856942e+00 1.247950e+01 1.044126e+04 1.253113e+04 3.12133 6.259119e-01
6.720000e-01 2.427090e+00 2.435070e+00 2.858050e+00 1.248863e+01 1.045123e+04 1.252010e+04 3.1247 6.266709e-01
6.710000e-01 2.427090e+00 2.436066e+00 2.859157e+00 1.249781e+01 1.046115e+04 1.250901e+04 3.12805 6.274260e-01
6.700000e-01 2.427090e+00 2.437058e+00 2.860259e+00 1.250702e+01 1.047097e+04 1.249787e+04 3.1314 6.281757e-01
6.690000e-01 2.427090e+00 2.438046e+00 2.861357e+00 1.251626e+01 1.048072e+04 1.248668e+04 3.13474 6.289204e-01
6.680000e-01 2.427090e+00 2.439030e+00 2.862451e+00 1.252555e+01 1.049039e+04 1.247543e+04 3.13806 6.296605e-01
6.670000e-01 2.427090e+00 2.440010e+00 2.863541e+00 1.253487e+01 1.049999e+04 1.246413e+04 3.14138 6.303960e-01
6.660000e-01 2.427090e+00 2.440987e+00 2.864628e+00 1.254424e+01 1.050952e+04 1.245277e+04 3.14469 6.311264e-01
6.650000e-01 2.427090e+00 2.441959e+00 2.865709e+00 1.255363e+01 1.051896e+04 1.244136e+04 3.14798 6.318515e-01
6.640000e-01 2.427090e+00 2.442926e+00 2.866785e+00 1.256306e+01 1.052831e+04 1.242991e+04 3.15126 6.325710e-01
6.630000e-01 2.427090e+00 2.443887e+00 2.867852e+00 1.257251e+01 1.053755e+04 1.241842e+04 3.15452 6.332834e-01
6.620000e-01 2.427090e+00 2.444841e+00 2.868911e+00 1.258198e+01 1.054667e+04 1.240691e+04 3.15777 6.339894e-01
6.610000e-01 2.427090e+00 2.445791e+00 2.869965e+00 1.259149e+01 1.055574e+04 1.239533e+04 3.16101 6.346914e-01
6.600000e-01 2.427090e+00 2.446737e+00 2.871016e+00 1.260106e+01 1.056474e+04 1.238368e+04 3.16423 6.353897e-01
6.590000e-01 2.427090e+00 2.447680e+00 2.872064e+00 1.261068e+01 1.057367e+04 1.237196e+04 3.16746 6.360835e-01
6.580000e-01 2.427090e+00 2.448620e+00 2.873108e+00 1.262035e+01 1.058254e+04 1.236018e+04 3.17066 6.367728e-01
6.570000e-01 2.427090e+00 2.449589e+00 2.874197e+00 1.263015e+01 1.059130e+04 1.234822e+04 3.1739 6.374463e-01
6.560000e-01 2.427090e+00 2.450523e+00 2.875236e+00 1.263992e+01 1.060000e+04 1.233631e+04 3.17709 6.381251e-01
6.550000e-01 2.427090e+00 2.451449e+00 2.876268e+00 1.264971e+01 1.060862e+04 1.232435e+04 3.18027 6.387991e-01
6.540000e-01 2.427090e+00 2.452372e+00 2.877297e+00 1.265956e+01 1.061718e+04 1.231234e+04 3.18343 6.394684e-01
6.530000e-01 2.427090e+00 2.453290e+00 2.878320e+00 1.266945e+01 1.062565e+04 1.230026e+04 3.18658 6.401328e-01
6.520000e-01 2.427090e+00 2.454204e+00 2.879339e+00 1.267938e+01 1.063404e+04 1.228813e+04 3.18972 6.407920e-01
6.510000e-01 2.427090e+00 2.455111e+00 2.880351e+00 1.268935e+01 1.064233e+04 1.227594e+04 3.19284 6.414449e-01
6.500000e-01 2.427090e+00 2.456013e+00 2.881357e+00 1.269936e+01 1.065054e+04 1.226371e+04 3.19595 6.420922e-01
6.490000e-01 2.427090e+00 2.456906e+00 2.882351e+00 1.270939e+01 1.065863e+04 1.225144e+04 3.19903 6.427319e-01
6.480000e-01 2.427090e+00 2.457792e+00 2.883338e+00 1.271944e+01 1.066661e+04 1.223914e+04 3.2021 6.433652e-01
6.470000e-01 2.427090e+00 2.458672e+00 2.884318e+00 1.272955e+01 1.067452e+04 1.222676e+04 3.20514 6.439940e-01
6.460000e-01 2.427090e+00 2.459548e+00 2.885293e+00 1.273971e+01 1.068237e+04 1.221430e+04 3.20818 6.446184e-01
6.450000e-01 2.427090e+00 2.460418e+00 2.886262e+00 1.274993e+01 1.069014e+04 1.220176e+04 3.21119 6.452370e-01
6.440000e-01 2.427090e+00 2.461283e+00 2.887226e+00 1.276021e+01 1.069785e+04 1.218914e+04 3.21419 6.458506e-01
6.430000e-01 2.427090e+00 2.462142e+00 2.888184e+00 1.277053e+01 1.070548e+04 1.217645e+04 3.21717 6.464587e-01
6.420000e-01 2.427090e+00 2.462994e+00 2.889133e+00 1.278090e+01 1.071301e+04 1.216370e+04 3.22012 6.470601e-01
6.410000e-01 2.427090e+00 2.463839e+00 2.890076e+00 1.279131e+01 1.072047e+04 1.215088e+04 3.22306 6.476555e-01
6.400000e-01 2.427090e+00 2.464709e+00 2.891055e+00 1.280186e+01 1.072780e+04 1.213788e+04 3.22601 6.482340e-01
6.390000e-01 2.427090e+00 2.465544e+00 2.891987e+00 1.281238e+01 1.073509e+04 1.212491e+04 3.2289 6.488177e-01
6.380000e-01 2.427090e+00 2.466371e+00 2.892910e+00 1.282295e+01 1.074229e+04 1.211189e+04 3.23178 6.493959e-01
6.370000e-01 2.427090e+00 2.467190e+00 2.893825e+00 1.283355e+01 1.074939e+04 1.209881e+04 3.23464 6.499676e-01
6.360000e-01 2.427090e+00 2.468001e+00 2.894731e+00 1.284419e+01 1.075639e+04 1.208569e+04 3.23747 6.505324e-01
6.350000e-01 2.427090e+00 2.468804e+00 2.895626e+00 1.285485e+01 1.076328e+04 1.207252e+04 3.24028 6.510896e-01
6.340000e-01 2.427090e+00 2.469597e+00 2.896509e+00 1.286555e+01 1.077006e+04 1.205931e+04 3.24306 6.516401e-01
6.330000e-01 2.427090e+00 2.470384e+00 2.897386e+00 1.287632e+01 1.077679e+04 1.204600e+04 3.24582 6.521861e-01
6.320000e-01 2.427090e+00 2.471164e+00 2.898256e+00 1.288715e+01 1.078343e+04 1.203260e+04 3.24855 6.527260e-01
6.310000e-01 2.427090e+00 2.471937e+00 2.899117e+00 1.289804e+01 1.078999e+04 1.201912e+04 3.25126 6.532598e-01
6.300000e-01 2.427090e+00 2.472701e+00 2.899971e+00 1.290899e+01 1.079648e+04 1.200554e+04 3.25395 6.537874e-01
6.290000e-01 2.427090e+00 2.473458e+00 2.900815e+00 1.291999e+01 1.080288e+04 1.199189e+04 3.2566 6.543080e-01
6.280000e-01 2.427090e+00 2.474205e+00 2.901649e+00 1.293104e+01 1.080918e+04 1.197817e+04 3.25922 6.548212e-01
6.270000e-01 2.427090e+00 2.474944e+00 2.902473e+00 1.294214e+01 1.081540e+04 1.196437e+04 3.26181 6.553278e-01
6.260000e-01 2.427090e+00 2.475674e+00 2.903289e+00 1.295330e+01 1.082154e+04 1.195048e+04 3.26438 6.558280e-01
6.250000e-01 2.427090e+00 2.476426e+00 2.904135e+00 1.296461e+01 1.082754e+04 1.193641e+04 3.26695 6.563097e-01
6.240000e-01 2.427090e+00 2.477141e+00 2.904934e+00 1.297588e+01 1.083348e+04 1.192238e+04 3.26946 6.567954e-01
6.230000e-01 2.427090e+00 2.477845e+00 2.905721e+00 1.298719e+01 1.083933e+04 1.190829e+04 3.27194 6.572745e-01
6.220000e-01 2.427090e+00 2.478540e+00 2.906496e+00 1.299853e+01 1.084505e+04 1.189416e+04 3.27439 6.577455e-01
6.210000e-01 2.427090e+00 2.479225e+00 2.907259e+00 1.300990e+01 1.085067e+04 1.187999e+04 3.27682 6.582094e-01
6.200000e-01 2.427090e+00 2.479901e+00 2.908012e+00 1.302134e+01 1.085620e+04 1.186574e+04 3.27921 6.586675e-01
6.190000e-01 2.427090e+00 2.480568e+00 2.908757e+00 1.303286e+01 1.086165e+04 1.185138e+04 3.28158 6.591195e-01
6.180000e-01 2.427090e+00 2.481227e+00 2.909492e+00 1.304444e+01 1.086701e+04 1.183693e+04 3.28392 6.595644e-01
6.170000e-01 2.427090e+00 2.481876e+00 2.910217e+00 1.305610e+01 1.087229e+04 1.182239e+04 3.28623 6.600026e-01
6.160000e-01 2.427090e+00 2.482517e+00 2.910933e+00 1.306782e+01 1.087748e+04 1.180776e+04 3.2885 6.604336e-01
6.150000e-01 2.427090e+00 2.483147e+00 2.911638e+00 1.307959e+01 1.088257e+04 1.179306e+04 3.29074 6.608570e-01
6.140000e-01 2.427090e+00 2.483767e+00 2.912332e+00 1.309142e+01 1.088756e+04 1.177828e+04 3.29295 6.612732e-01
6.130000e-01 2.427090e+00 2.484378e+00 2.913016e+00 1.310332e+01 1.089247e+04 1.176340e+04 3.29512 6.616826e-01
6.120000e-01 2.427090e+00 2.485007e+00 2.913728e+00 1.311537e+01 1.089723e+04 1.174834e+04 3.2973 6.620731e-01
6.110000e-01 2.427090e+00 2.485600e+00 2.914392e+00 1.312739e+01 1.090194e+04 1.173330e+04 3.29941 6.624669e-01
6.100000e-01 2.427090e+00 2.486180e+00 2.915043e+00 1.313947e+01 1.090654e+04 1.171821e+04 3.30148 6.628533e-01
6.090000e-01 2.427090e+00 2.486748e+00 2.915677e+00 1.315157e+01 1.091103e+04 1.170305e+04 3.30351 6.632306e-01
6.080000e-01 2.427090e+00 2.487302e+00 2.916295e+00 1.316372e+01 1.091539e+04 1.168785e+04 3.30549 6.635989e-01
6.070000e-01 2.427090e+00 2.487844e+00 2.916899e+00 1.317593e+01 1.091967e+04 1.167254e+04 3.30743 6.639597e-01
6.060000e-01 2.427090e+00 2.488375e+00 2.917491e+00 1.318823e+01 1.092386e+04 1.165713e+04 3.30934 6.643131e-01
6.050000e-01 2.427090e+00 2.488893e+00 2.918069e+00 1.320060e+01 1.092795e+04 1.164161e+04 3.31119 6.646581e-01
6.040000e-01 2.427090e+00 2.489401e+00 2.918636e+00 1.321304e+01 1.093196e+04 1.162598e+04 3.31301 6.649951e-01
6.030000e-01 2.427090e+00 2.489897e+00 2.919190e+00 1.322556e+01 1.093587e+04 1.161024e+04 3.31478 6.653239e-01
6.020000e-01 2.427090e+00 2.490379e+00 2.919728e+00 1.323815e+01 1.093968e+04 1.159443e+04 3.31651 6.656435e-01
6.010000e-01 2.427090e+00 2.490850e+00 2.920255e+00 1.325079e+01 1.094338e+04 1.157853e+04 3.31819 6.659551e-01
6.000000e-01 2.427090e+00 2.491336e+00 2.920805e+00 1.326361e+01 1.094694e+04 1.156242e+04 3.31986 6.662475e-01
5.990000e-01 2.427090e+00 2.491786e+00 2.921308e+00 1.327641e+01 1.095044e+04 1.154632e+04 3.32147 6.665426e-01
5.980000e-01 2.427090e+00 2.492222e+00 2.921797e+00 1.328928e+01 1.095384e+04 1.153015e+04 3.32304 6.668298e-01
5.970000e-01 2.427090e+00 2.492647e+00 2.922273e+00 1.330221e+01 1.095712e+04 1.151391e+04 3.32456 6.671089e-01
5.960000e-01 2.427090e+00 2.493060e+00 2.922734e+00 1.331518e+01 1.096029e+04 1.149762e+04 3.32605 6.673794e-01
5.950000e-01 2.427090e+00 2.493458e+00 2.923179e+00 1.332820e+01 1.096333e+04 1.148128e+04 3.32749 6.676408e-01
5.940000e-01 2.427090e+00 2.493844e+00 2.923609e+00 1.334130e+01 1.096627e+04 1.146484e+04 3.3289 6.678947e-01
5.930000e-01 2.427090e+00 2.494219e+00 2.924029e+00 1.335449e+01 1.096913e+04 1.144829e+04 3.33026 6.681413e-01
5.920000e-01 2.427090e+00 2.494580e+00 2.924433e+00 1.336776e+01 1.097187e+04 1.143163e+04 3.33157 6.683785e-01
5.910000e-01 2.427090e+00 2.494926e+00 2.924819e+00 1.338113e+01 1.097452e+04 1.141485e+04 3.33283 6.686061e-01
5.900000e-01 2.427090e+00 2.495259e+00 2.925193e+00 1.339458e+01 1.097707e+04 1.139796e+04 3.33403 6.688249e-01
5.890000e-01 2.427090e+00 2.495579e+00 2.925551e+00 1.340810e+01 1.097950e+04 1.138098e+04 3.33519 6.690340e-01
5.880000e-01 2.427090e+00 2.495906e+00 2.925922e+00 1.342178e+01 1.098178e+04 1.136379e+04 3.33631 6.692210e-01
5.870000e-01 2.427090e+00 2.496194e+00 2.926246e+00 1.343547e+01 1.098400e+04 1.134658e+04 3.33734 6.694096e-01
5.860000e-01 2.427090e+00 2.496468e+00 2.926553e+00 1.344924e+01 1.098612e+04 1.132928e+04 3.33833 6.695890e-01
5.850000e-01 2.427090e+00 2.496724e+00 2.926838e+00 1.346307e+01 1.098812e+04 1.131188e+04 3.33924 6.697575e-01
5.840000e-01 2.427090e+00 2.496967e+00 2.927108e+00 1.347698e+01 1.099000e+04 1.129440e+04 3.34011 6.699166e-01
5.830000e-01 2.427090e+00 2.497197e+00 2.927366e+00 1.349093e+01 1.099176e+04 1.127689e+04 3.34095 6.700673e-01
5.820000e-01 2.427090e+00 2.497414e+00 2.927606e+00 1.350494e+01 1.099340e+04 1.125932e+04 3.34174 6.702095e-01
5.810000e-01 2.427090e+00 2.497617e+00 2.927830e+00 1.351906e+01 1.099493e+04 1.124163e+04 3.34248 6.703435e-01
5.800000e-01 2.427090e+00 2.497808e+00 2.928045e+00 1.353328e+01 1.099636e+04 1.122383e+04 3.34319 6.704695e-01
5.790000e-01 2.427090e+00 2.497986e+00 2.928243e+00 1.354760e+01 1.099768e+04 1.120593e+04 3.34385 6.705864e-01
5.780000e-01 2.427090e+00 2.498147e+00 2.928424e+00 1.356202e+01 1.099889e+04 1.118789e+04 3.34444 6.706933e-01
5.770000e-01 2.427090e+00 2.495091e+00 2.925039e+00 1.356555e+01 1.101060e+04 1.118408e+04 3.34046 6.722508e-01
5.760000e-01 2.427090e+00 2.498444e+00 2.928764e+00 1.359119e+01 1.100093e+04 1.115145e+04 3.34548 6.708672e-01
5.750000e-01 2.427090e+00 2.495302e+00 2.925281e+00 1.359468e+01 1.101257e+04 1.114764e+04 3.34131 6.724285e-01
5.740000e-01 2.427090e+00 2.498652e+00 2.928997e+00 1.362067e+01 1.100256e+04 1.111462e+04 3.34624 6.710069e-01
5.730000e-01 2.427090e+00 2.495431e+00 2.925428e+00 1.362415e+01 1.101412e+04 1.111078e+04 3.34188 6.725692e-01
5.720000e-01 2.427090e+00 2.498788e+00 2.929148e+00 1.365050e+01 1.100372e+04 1.107737e+04 3.34673 6.711018e-01
5.710000e-01 2.427090e+00 2.495484e+00 2.925481e+00 1.365394e+01 1.101518e+04 1.107351e+04 3.34217 6.726625e-01
5.700000e-01 2.427090e+00 2.498866e+00 2.929231e+00 1.368060e+01 1.100440e+04 1.103985e+04 3.34701 6.711570e-01
5.690000e-01 2.427090e+00 2.495485e+00 2.925473e+00 1.368401e+01 1.101574e+04 1.103599e+04 3.34227 6.727177e-01
5.680000e-01 2.427090e+00 2.498915e+00 2.929287e+00 1.371115e+01 1.100454e+04 1.100191e+04 3.34715 6.711673e-01
5.681773e-01 2.427090e+00 2.498117e+00 2.928475e+00 1.370571e+01 1.100746e+04 1.100887e+04 3.3459 6.715251e-01
