1.000000e+00 2.443480e+00 2.119215e+00 2.515532e+00 1.062191e+01 0.000000e+00 1.532081e+04 0 0.000000e+00
9.990000e-01 2.443480e+00 2.120683e+00 2.516679e+00 1.063018e+01 6.108141e+02 1.522847e+04 2.17477 3.360920e-02
9.980000e-01 2.443480e+00 2.120764e+00 2.516542e+00 1.063199e+01 8.756412e+02 1.519367e+04 2.26525 5.018174e-02
9.970000e-01 2.443480e+00 2.122073e+00 2.518065e+00 1.063723e+01 1.073275e+03 1.516504e+04 2.18046 5.913245e-02
9.960000e-01 2.443480e+00 2.122326e+00 2.518193e+00 1.063929e+01 1.247721e+03 1.514259e+04 2.22158 7.002333e-02
9.950000e-01 2.443480e+00 2.123563e+00 2.519643e+00 1.064434e+01 1.393856e+03 1.512066e+04 2.18466 7.683477e-02
9.940000e-01 2.443480e+00 2.123864e+00 2.519850e+00 1.064645e+01 1.533065e+03 1.510305e+04 2.21155 8.552464e-02
9.930000e-01 2.443480e+00 2.125082e+00 2.521286e+00 1.065145e+01 1.654298e+03 1.508434e+04 2.18884 9.123561e-02
9.920000e-01 2.443480e+00 2.125408e+00 2.521537e+00 1.065360e+01 1.773494e+03 1.506946e+04 2.20897 9.867846e-02
9.910000e-01 2.443480e+00 2.126615e+00 2.522961e+00 1.065856e+01 1.878713e+03 1.505279e+04 2.19303 1.036607e-01
9.900000e-01 2.443480e+00 2.126930e+00 2.523199e+00 1.066071e+01 1.983953e+03 1.503980e+04 2.20881 1.102228e-01
9.890000e-01 2.443480e+00 2.128135e+00 2.524615e+00 1.066569e+01 2.077093e+03 1.502460e+04 2.19719 1.146599e-01
9.880000e-01 2.443480e+00 2.128431e+00 2.524823e+00 1.066783e+01 2.172401e+03 1.501296e+04 2.21024 1.206001e-01
9.870000e-01 2.443480e+00 2.129650e+00 2.526251e+00 1.067286e+01 2.257465e+03 1.499870e+04 2.20135 1.246757e-01
9.860000e-01 2.443480e+00 2.129946e+00 2.526458e+00 1.067502e+01 2.345564e+03 1.498804e+04 2.21269 1.301722e-01
9.850000e-01 2.443480e+00 2.131167e+00 2.527885e+00 1.068007e+01 2.424116e+03 1.497454e+04 2.20553 1.339426e-01
9.840000e-01 2.443480e+00 2.131450e+00 2.528072e+00 1.068223e+01 2.506146e+03 1.496469e+04 2.21544 1.390603e-01
9.830000e-01 2.443480e+00 2.132682e+00 2.529508e+00 1.068733e+01 2.579530e+03 1.495178e+04 2.20971 1.425973e-01
9.820000e-01 2.443480e+00 2.132958e+00 2.529685e+00 1.068950e+01 2.656694e+03 1.494258e+04 2.21858 1.474142e-01
9.810000e-01 2.443480e+00 2.134195e+00 2.531121e+00 1.069461e+01 2.725516e+03 1.493019e+04 2.2139 1.507388e-01
9.800000e-01 2.443480e+00 2.134446e+00 2.531260e+00 1.069676e+01 2.798175e+03 1.492160e+04 2.22175 1.552697e-01
9.790000e-01 2.443480e+00 2.135690e+00 2.532696e+00 1.070192e+01 2.862611e+03 1.490967e+04 2.21806 1.583968e-01
9.780000e-01 2.443480e+00 2.135922e+00 2.532803e+00 1.070406e+01 2.931814e+03 1.490153e+04 2.22523 1.627154e-01
9.770000e-01 2.443480e+00 2.137187e+00 2.534261e+00 1.070929e+01 2.993727e+03 1.488982e+04 2.22224 1.657320e-01
9.760000e-01 2.443480e+00 2.137440e+00 2.534397e+00 1.071149e+01 3.060545e+03 1.488200e+04 2.22914 1.699165e-01
9.750000e-01 2.443480e+00 2.138708e+00 2.535861e+00 1.071674e+01 3.120481e+03 1.487052e+04 2.22648 1.728318e-01
9.740000e-01 2.443480e+00 2.138982e+00 2.536026e+00 1.071897e+01 3.184996e+03 1.486301e+04 2.23307 1.768818e-01
9.730000e-01 2.443480e+00 2.140252e+00 2.537497e+00 1.072424e+01 3.243075e+03 1.485174e+04 2.23074 1.797064e-01
9.720000e-01 2.443480e+00 2.140544e+00 2.537688e+00 1.072650e+01 3.305424e+03 1.484450e+04 2.23703 1.836276e-01
9.710000e-01 2.443480e+00 2.141813e+00 2.539160e+00 1.073177e+01 3.361486e+03 1.483347e+04 2.23503 1.863541e-01
9.700000e-01 2.443480e+00 2.142104e+00 2.539354e+00 1.073403e+01 3.421542e+03 1.482652e+04 2.24092 1.901320e-01
9.690000e-01 2.443480e+00 2.143374e+00 2.540828e+00 1.073930e+01 3.475322e+03 1.481576e+04 2.23932 1.927536e-01
9.680000e-01 2.443480e+00 2.143661e+00 2.541014e+00 1.074156e+01 3.533330e+03 1.480908e+04 2.24488 1.964046e-01
9.670000e-01 2.443480e+00 2.144939e+00 2.542498e+00 1.074686e+01 3.585369e+03 1.479850e+04 2.24363 1.989489e-01
9.660000e-01 2.443480e+00 2.145227e+00 2.542687e+00 1.074913e+01 3.641652e+03 1.479204e+04 2.24893 2.024953e-01
9.650000e-01 2.443480e+00 2.146509e+00 2.544174e+00 1.075445e+01 3.691935e+03 1.478164e+04 2.24795 2.049567e-01
9.640000e-01 2.443480e+00 2.146791e+00 2.544354e+00 1.075672e+01 3.746515e+03 1.477541e+04 2.25298 2.083976e-01
9.630000e-01 2.443480e+00 2.148082e+00 2.545851e+00 1.076207e+01 3.795291e+03 1.476516e+04 2.25229 2.107921e-01
9.620000e-01 2.443480e+00 2.148360e+00 2.546026e+00 1.076435e+01 3.848365e+03 1.475912e+04 2.2571 2.141411e-01
9.610000e-01 2.443480e+00 2.149655e+00 2.547526e+00 1.076972e+01 3.895545e+03 1.474902e+04 2.25664 2.164609e-01
9.600000e-01 2.443480e+00 2.149915e+00 2.547673e+00 1.077198e+01 3.946984e+03 1.474318e+04 2.26115 2.197052e-01
9.590000e-01 2.443480e+00 2.151219e+00 2.549179e+00 1.077738e+01 3.992487e+03 1.473323e+04 2.26098 2.219518e-01
9.580000e-01 2.443480e+00 2.151471e+00 2.549314e+00 1.077965e+01 4.042740e+03 1.472754e+04 2.26534 2.251263e-01
9.570000e-01 2.443480e+00 2.152836e+00 2.550896e+00 1.078520e+01 4.087395e+03 1.471749e+04 2.26544 2.273338e-01
9.560000e-01 2.443480e+00 2.153074e+00 2.551013e+00 1.078746e+01 4.136848e+03 1.471196e+04 2.26971 2.304675e-01
9.550000e-01 2.443480e+00 2.154428e+00 2.552581e+00 1.079301e+01 4.180721e+03 1.470201e+04 2.26986 2.326344e-01
9.540000e-01 2.443480e+00 2.154677e+00 2.552714e+00 1.079528e+01 4.229215e+03 1.469659e+04 2.27405 2.357127e-01
9.530000e-01 2.443480e+00 2.156035e+00 2.554290e+00 1.080085e+01 4.272279e+03 1.468672e+04 2.27432 2.378407e-01
9.520000e-01 2.443480e+00 2.156293e+00 2.554437e+00 1.080315e+01 4.319832e+03 1.468141e+04 2.27842 2.408637e-01
9.510000e-01 2.443480e+00 2.157653e+00 2.556016e+00 1.080873e+01 4.361973e+03 1.467163e+04 2.27879 2.429472e-01
9.500000e-01 2.443480e+00 2.157909e+00 2.556161e+00 1.081103e+01 4.408448e+03 1.466646e+04 2.28275 2.459033e-01
9.490000e-01 2.443480e+00 2.159274e+00 2.557746e+00 1.081662e+01 4.449532e+03 1.465678e+04 2.28328 2.479394e-01
9.480000e-01 2.443480e+00 2.159530e+00 2.557891e+00 1.081893e+01 4.495121e+03 1.465172e+04 2.28713 2.508428e-01
9.470000e-01 2.443480e+00 2.160902e+00 2.559485e+00 1.082456e+01 4.535422e+03 1.464209e+04 2.28779 2.528433e-01
9.460000e-01 2.443480e+00 2.161159e+00 2.559630e+00 1.082688e+01 4.580152e+03 1.463712e+04 2.29155 2.556951e-01
9.450000e-01 2.443480e+00 2.162536e+00 2.561230e+00 1.083253e+01 4.619518e+03 1.462757e+04 2.29232 2.576517e-01
9.440000e-01 2.443480e+00 2.162787e+00 2.561369e+00 1.083485e+01 4.663382e+03 1.462270e+04 2.29596 2.604507e-01
9.430000e-01 2.443480e+00 2.164172e+00 2.562977e+00 1.084052e+01 4.701904e+03 1.461321e+04 2.29687 2.623695e-01
9.420000e-01 2.443480e+00 2.164416e+00 2.563105e+00 1.084284e+01 4.744891e+03 1.460845e+04 2.30038 2.651138e-01
9.410000e-01 2.443480e+00 2.165806e+00 2.564717e+00 1.084853e+01 4.782411e+03 1.459903e+04 2.30142 2.669871e-01
9.400000e-01 2.443480e+00 2.166030e+00 2.564818e+00 1.085084e+01 4.824441e+03 1.459440e+04 2.30477 2.696698e-01
9.390000e-01 2.443480e+00 2.167434e+00 2.566444e+00 1.085657e+01 4.861100e+03 1.458503e+04 2.30597 2.715086e-01
9.380000e-01 2.443480e+00 2.167663e+00 2.566549e+00 1.085890e+01 4.902627e+03 1.458046e+04 2.3093 2.741661e-01
9.370000e-01 2.443480e+00 2.169077e+00 2.568187e+00 1.086469e+01 4.938951e+03 1.457107e+04 2.31057 2.759885e-01
9.360000e-01 2.443480e+00 2.169318e+00 2.568309e+00 1.086705e+01 4.980019e+03 1.456654e+04 2.3139 2.786228e-01
9.350000e-01 2.443480e+00 2.170737e+00 2.569954e+00 1.087287e+01 5.015896e+03 1.455717e+04 2.31521 2.804216e-01
9.340000e-01 2.443480e+00 2.170988e+00 2.570088e+00 1.087525e+01 5.056436e+03 1.455269e+04 2.31852 2.830265e-01
9.330000e-01 2.443480e+00 2.172411e+00 2.571740e+00 1.088110e+01 5.091816e+03 1.454335e+04 2.31988 2.848009e-01
9.320000e-01 2.443480e+00 2.172665e+00 2.571881e+00 1.088349e+01 5.131760e+03 1.453894e+04 2.32313 2.873703e-01
9.310000e-01 2.443480e+00 2.174092e+00 2.573537e+00 1.088935e+01 5.166486e+03 1.452965e+04 2.32457 2.891138e-01
9.300000e-01 2.443480e+00 2.174341e+00 2.573672e+00 1.089175e+01 5.205767e+03 1.452532e+04 2.32774 2.916423e-01
9.290000e-01 2.443480e+00 2.175776e+00 2.575339e+00 1.089763e+01 5.239919e+03 1.451606e+04 2.32927 2.933616e-01
9.280000e-01 2.443480e+00 2.176029e+00 2.575478e+00 1.090005e+01 5.278716e+03 1.451178e+04 2.33241 2.958632e-01
9.270000e-01 2.443480e+00 2.177470e+00 2.577152e+00 1.090597e+01 5.312367e+03 1.450253e+04 2.334 2.975584e-01
9.260000e-01 2.443480e+00 2.177719e+00 2.577287e+00 1.090839e+01 5.350598e+03 1.449831e+04 2.33708 3.000260e-01
9.250000e-01 2.443480e+00 2.179168e+00 2.578969e+00 1.091434e+01 5.383672e+03 1.448909e+04 2.33875 3.016954e-01
9.240000e-01 2.443480e+00 2.179414e+00 2.579100e+00 1.091676e+01 5.421368e+03 1.448492e+04 2.34177 3.041311e-01
9.230000e-01 2.443480e+00 2.180869e+00 2.580788e+00 1.092274e+01 5.453820e+03 1.447573e+04 2.34352 3.057718e-01
9.220000e-01 2.443480e+00 2.181102e+00 2.580901e+00 1.092515e+01 5.490881e+03 1.447163e+04 2.34644 3.081671e-01
9.210000e-01 2.443480e+00 2.182566e+00 2.582597e+00 1.093115e+01 5.522585e+03 1.446247e+04 2.34829 3.097750e-01
9.200000e-01 2.443480e+00 2.182788e+00 2.582695e+00 1.093357e+01 5.559112e+03 1.445844e+04 2.35114 3.121384e-01
9.190000e-01 2.443480e+00 2.184266e+00 2.584407e+00 1.093961e+01 5.590473e+03 1.444925e+04 2.35308 3.137340e-01
9.180000e-01 2.443480e+00 2.184500e+00 2.584519e+00 1.094207e+01 5.626744e+03 1.444524e+04 2.35595 3.160871e-01
9.170000e-01 2.443480e+00 2.185984e+00 2.586239e+00 1.094816e+01 5.657855e+03 1.443603e+04 2.35792 3.176686e-01
9.160000e-01 2.443480e+00 2.186225e+00 2.586362e+00 1.095063e+01 5.693783e+03 1.443204e+04 2.36079 3.200036e-01
9.150000e-01 2.443480e+00 2.187715e+00 2.588090e+00 1.095676e+01 5.724560e+03 1.442283e+04 2.36279 3.215685e-01
9.140000e-01 2.443480e+00 2.187961e+00 2.588220e+00 1.095925e+01 5.760089e+03 1.441887e+04 2.36563 3.238804e-01
9.130000e-01 2.443480e+00 2.189455e+00 2.589955e+00 1.096539e+01 5.790422e+03 1.440968e+04 2.36769 3.254239e-01
9.120000e-01 2.443480e+00 2.189697e+00 2.590080e+00 1.096788e+01 5.825449e+03 1.440578e+04 2.37047 3.277047e-01
9.110000e-01 2.443480e+00 2.191198e+00 2.591822e+00 1.097404e+01 5.855277e+03 1.439662e+04 2.37259 3.292262e-01
9.100000e-01 2.443480e+00 2.191438e+00 2.591947e+00 1.097654e+01 5.889917e+03 1.439277e+04 2.37534 3.314849e-01
9.090000e-01 2.443480e+00 2.192947e+00 2.593699e+00 1.098274e+01 5.919398e+03 1.438360e+04 2.37752 3.329911e-01
9.080000e-01 2.443480e+00 2.193188e+00 2.593824e+00 1.098525e+01 5.953668e+03 1.437978e+04 2.38024 3.352287e-01
9.070000e-01 2.443480e+00 2.194704e+00 2.595583e+00 1.099148e+01 5.982728e+03 1.437062e+04 2.38247 3.367152e-01
9.060000e-01 2.443480e+00 2.194941e+00 2.595704e+00 1.099400e+01 6.016620e+03 1.436684e+04 2.38516 3.389311e-01
9.050000e-01 2.443480e+00 2.196465e+00 2.597472e+00 1.100026e+01 6.045264e+03 1.435768e+04 2.38745 3.403986e-01
9.040000e-01 2.443480e+00 2.196694e+00 2.597582e+00 1.100279e+01 6.078720e+03 1.435394e+04 2.39007 3.425878e-01
9.030000e-01 2.443480e+00 2.198225e+00 2.599357e+00 1.100907e+01 6.106810e+03 1.434479e+04 2.39243 3.440303e-01
9.020000e-01 2.443480e+00 2.198440e+00 2.599446e+00 1.101159e+01 6.139802e+03 1.434110e+04 2.39499 3.461908e-01
9.010000e-01 2.443480e+00 2.199985e+00 2.601237e+00 1.101792e+01 6.167528e+03 1.433194e+04 2.39743 3.476199e-01
9.000000e-01 2.443480e+00 2.200207e+00 2.601336e+00 1.102047e+01 6.200339e+03 1.432826e+04 2.40001 3.497742e-01
8.990000e-01 2.443480e+00 2.201762e+00 2.603137e+00 1.102685e+01 6.227923e+03 1.431905e+04 2.40248 3.511956e-01
8.980000e-01 2.443480e+00 2.201993e+00 2.603248e+00 1.102943e+01 6.260520e+03 1.431538e+04 2.40507 3.533402e-01
8.970000e-01 2.443480e+00 2.203554e+00 2.605057e+00 1.103585e+01 6.287883e+03 1.430615e+04 2.40756 3.547500e-01
8.960000e-01 2.443480e+00 2.203789e+00 2.605176e+00 1.103845e+01 6.320208e+03 1.430250e+04 2.41015 3.568800e-01
8.950000e-01 2.443480e+00 2.205356e+00 2.606993e+00 1.104490e+01 6.347249e+03 1.429326e+04 2.41268 3.582737e-01
8.940000e-01 2.443480e+00 2.205588e+00 2.607109e+00 1.104750e+01 6.379192e+03 1.428964e+04 2.41522 3.603804e-01
8.930000e-01 2.443480e+00 2.207160e+00 2.608932e+00 1.105397e+01 6.405810e+03 1.428042e+04 2.4178 3.617548e-01
8.920000e-01 2.443480e+00 2.207389e+00 2.609044e+00 1.105658e+01 6.437414e+03 1.427684e+04 2.42031 3.638415e-01
8.910000e-01 2.443480e+00 2.208970e+00 2.610878e+00 1.106308e+01 6.463730e+03 1.426761e+04 2.42295 3.652033e-01
8.900000e-01 2.443480e+00 2.209198e+00 2.610990e+00 1.106570e+01 6.495049e+03 1.426405e+04 2.42544 3.672742e-01
8.890000e-01 2.443480e+00 2.210786e+00 2.612832e+00 1.107223e+01 6.521025e+03 1.425481e+04 2.42811 3.686199e-01
8.880000e-01 2.443480e+00 2.211011e+00 2.612938e+00 1.107486e+01 6.552036e+03 1.425128e+04 2.43058 3.706731e-01
8.870000e-01 2.443480e+00 2.212652e+00 2.614850e+00 1.108152e+01 6.577640e+03 1.424191e+04 2.43336 3.719958e-01
8.860000e-01 2.443480e+00 2.212839e+00 2.614908e+00 1.108409e+01 6.608346e+03 1.423849e+04 2.43574 3.740341e-01
8.850000e-01 2.443480e+00 2.214474e+00 2.616807e+00 1.109074e+01 6.633519e+03 1.422916e+04 2.43856 3.753396e-01
8.840000e-01 2.443480e+00 2.214646e+00 2.616844e+00 1.109331e+01 6.663839e+03 1.422578e+04 2.44088 3.773542e-01
8.830000e-01 2.443480e+00 2.216295e+00 2.618759e+00 1.110001e+01 6.688677e+03 1.421643e+04 2.44378 3.786469e-01
8.820000e-01 2.443480e+00 2.216472e+00 2.618802e+00 1.110260e+01 6.718850e+03 1.421305e+04 2.44611 3.806569e-01
8.810000e-01 2.443480e+00 2.218131e+00 2.620729e+00 1.110936e+01 6.743582e+03 1.420364e+04 2.44904 3.819442e-01
8.800000e-01 2.443480e+00 2.218316e+00 2.620783e+00 1.111198e+01 6.773610e+03 1.420026e+04 2.45139 3.839490e-01
8.790000e-01 2.443480e+00 2.219982e+00 2.622719e+00 1.111879e+01 6.798181e+03 1.419082e+04 2.45435 3.852273e-01
8.780000e-01 2.443480e+00 2.220172e+00 2.622781e+00 1.112143e+01 6.828012e+03 1.418744e+04 2.4567 3.872225e-01
8.770000e-01 2.443480e+00 2.221845e+00 2.624725e+00 1.112827e+01 6.852334e+03 1.417797e+04 2.45968 3.884879e-01
8.760000e-01 2.443480e+00 2.222031e+00 2.624783e+00 1.113092e+01 6.881869e+03 1.417463e+04 2.46201 3.904655e-01
8.750000e-01 2.443480e+00 2.223711e+00 2.626736e+00 1.113778e+01 6.905846e+03 1.416516e+04 2.46503 3.917149e-01
8.740000e-01 2.443480e+00 2.223892e+00 2.626789e+00 1.114044e+01 6.935103e+03 1.416183e+04 2.46733 3.936764e-01
8.730000e-01 2.443480e+00 2.225582e+00 2.628753e+00 1.114734e+01 6.958821e+03 1.415234e+04 2.4704 3.949147e-01
8.720000e-01 2.443480e+00 2.225762e+00 2.628804e+00 1.115000e+01 6.987842e+03 1.414903e+04 2.47268 3.968633e-01
8.710000e-01 2.443480e+00 2.227458e+00 2.630777e+00 1.115694e+01 7.011270e+03 1.413952e+04 2.47579 3.980877e-01
8.700000e-01 2.443480e+00 2.227633e+00 2.630822e+00 1.115961e+01 7.040032e+03 1.413624e+04 2.47804 4.000217e-01
8.690000e-01 2.443480e+00 2.229339e+00 2.632806e+00 1.116658e+01 7.063164e+03 1.412671e+04 2.4812 4.012327e-01
8.680000e-01 2.443480e+00 2.229505e+00 2.632838e+00 1.116925e+01 7.091646e+03 1.412345e+04 2.48342 4.031502e-01
8.670000e-01 2.443480e+00 2.231220e+00 2.634831e+00 1.117625e+01 7.114392e+03 1.411390e+04 2.48662 4.043434e-01
8.660000e-01 2.443480e+00 2.231371e+00 2.634844e+00 1.117892e+01 7.142553e+03 1.411067e+04 2.48878 4.062416e-01
8.650000e-01 2.443480e+00 2.233101e+00 2.636854e+00 1.118597e+01 7.165035e+03 1.410110e+04 2.49206 4.074249e-01
8.640000e-01 2.443480e+00 2.233256e+00 2.636872e+00 1.118866e+01 7.193087e+03 1.409787e+04 2.49424 4.093208e-01
8.630000e-01 2.443480e+00 2.234996e+00 2.638894e+00 1.119577e+01 7.215480e+03 1.408822e+04 2.49755 4.104992e-01
8.620000e-01 2.443480e+00 2.235159e+00 2.638922e+00 1.119850e+01 7.243416e+03 1.408499e+04 2.49975 4.123915e-01
8.610000e-01 2.443480e+00 2.236907e+00 2.640954e+00 1.120566e+01 7.265674e+03 1.407529e+04 2.50307 4.135622e-01
8.600000e-01 2.443480e+00 2.237073e+00 2.640988e+00 1.120841e+01 7.293448e+03 1.407205e+04 2.50528 4.154469e-01
8.590000e-01 2.443480e+00 2.238828e+00 2.643028e+00 1.121561e+01 7.315483e+03 1.406233e+04 2.50863 4.166060e-01
8.580000e-01 2.443480e+00 2.238989e+00 2.643057e+00 1.121836e+01 7.343008e+03 1.405911e+04 2.51081 4.184761e-01
8.570000e-01 2.443480e+00 2.240753e+00 2.645107e+00 1.122559e+01 7.364755e+03 1.404937e+04 2.5142 4.196218e-01
8.560000e-01 2.443480e+00 2.240910e+00 2.645131e+00 1.122835e+01 7.392062e+03 1.404617e+04 2.51636 4.214800e-01
8.550000e-01 2.443480e+00 2.242683e+00 2.647193e+00 1.123562e+01 7.413589e+03 1.403639e+04 2.5198 4.226157e-01
8.540000e-01 2.443480e+00 2.242836e+00 2.647214e+00 1.123839e+01 7.440686e+03 1.403320e+04 2.52194 4.244626e-01
8.530000e-01 2.443480e+00 2.244619e+00 2.649285e+00 1.124569e+01 7.461951e+03 1.402340e+04 2.52541 4.255858e-01
8.520000e-01 2.443480e+00 2.244766e+00 2.649299e+00 1.124847e+01 7.488831e+03 1.402022e+04 2.52753 4.274207e-01
8.510000e-01 2.443480e+00 2.246557e+00 2.651381e+00 1.125581e+01 7.509824e+03 1.401039e+04 2.53105 4.285312e-01
8.500000e-01 2.443480e+00 2.246692e+00 2.651378e+00 1.125859e+01 7.536441e+03 1.400724e+04 2.53312 4.303506e-01
8.490000e-01 2.443480e+00 2.248494e+00 2.653471e+00 1.126596e+01 7.557076e+03 1.399739e+04 2.53669 4.314446e-01
8.480000e-01 2.443480e+00 2.248617e+00 2.653452e+00 1.126874e+01 7.583451e+03 1.399426e+04 2.53873 4.332506e-01
8.470000e-01 2.443480e+00 2.250434e+00 2.655563e+00 1.127617e+01 7.603912e+03 1.398436e+04 2.54236 4.343383e-01
8.460000e-01 2.443480e+00 2.250563e+00 2.655552e+00 1.127898e+01 7.630211e+03 1.398121e+04 2.54442 4.361439e-01
8.450000e-01 2.443480e+00 2.252390e+00 2.657674e+00 1.128648e+01 7.650586e+03 1.397124e+04 2.54807 4.372263e-01
8.440000e-01 2.443480e+00 2.252523e+00 2.657671e+00 1.128931e+01 7.676780e+03 1.396808e+04 2.55015 4.390287e-01
8.430000e-01 2.443480e+00 2.254359e+00 2.659804e+00 1.129686e+01 7.697024e+03 1.395805e+04 2.55383 4.401037e-01
8.420000e-01 2.443480e+00 2.254493e+00 2.659802e+00 1.129972e+01 7.723056e+03 1.395490e+04 2.5559 4.418982e-01
8.410000e-01 2.443480e+00 2.256337e+00 2.661944e+00 1.130730e+01 7.743078e+03 1.394484e+04 2.55961 4.429616e-01
8.400000e-01 2.443480e+00 2.256463e+00 2.661934e+00 1.131016e+01 7.768894e+03 1.394170e+04 2.56165 4.447438e-01
8.390000e-01 2.443480e+00 2.258318e+00 2.664089e+00 1.131779e+01 7.788680e+03 1.393160e+04 2.5654 4.457964e-01
8.380000e-01 2.443480e+00 2.258441e+00 2.664076e+00 1.132066e+01 7.814329e+03 1.392847e+04 2.56744 4.475704e-01
8.370000e-01 2.443480e+00 2.260305e+00 2.666243e+00 1.132833e+01 7.833909e+03 1.391833e+04 2.57122 4.486127e-01
8.360000e-01 2.443480e+00 2.260422e+00 2.666223e+00 1.133121e+01 7.859365e+03 1.391521e+04 2.57324 4.503762e-01
8.350000e-01 2.443480e+00 2.262296e+00 2.668400e+00 1.133891e+01 7.878702e+03 1.390503e+04 2.57706 4.514071e-01
8.340000e-01 2.443480e+00 2.262405e+00 2.668370e+00 1.134180e+01 7.903967e+03 1.390192e+04 2.57905 4.531603e-01
8.330000e-01 2.443480e+00 2.264288e+00 2.670558e+00 1.134955e+01 7.923019e+03 1.389171e+04 2.58292 4.541773e-01
8.320000e-01 2.443480e+00 2.264382e+00 2.670507e+00 1.135242e+01 7.948026e+03 1.388862e+04 2.58486 4.559151e-01
8.310000e-01 2.443480e+00 2.266278e+00 2.672709e+00 1.136021e+01 7.966785e+03 1.387839e+04 2.58878 4.569192e-01
8.300000e-01 2.443480e+00 2.266366e+00 2.672652e+00 1.136310e+01 7.991654e+03 1.387530e+04 2.59071 4.586520e-01
8.290000e-01 2.443480e+00 2.268321e+00 2.674931e+00 1.137105e+01 8.010293e+03 1.386487e+04 2.59474 4.596425e-01
8.280000e-01 2.443480e+00 2.268385e+00 2.674841e+00 1.137392e+01 8.035110e+03 1.386184e+04 2.59665 4.613804e-01
8.270000e-01 2.443480e+00 2.270335e+00 2.677113e+00 1.138190e+01 8.053656e+03 1.385137e+04 2.60069 4.623683e-01
8.260000e-01 2.443480e+00 2.270402e+00 2.677029e+00 1.138479e+01 8.078371e+03 1.384833e+04 2.60261 4.641029e-01
8.250000e-01 2.443480e+00 2.272361e+00 2.679309e+00 1.139282e+01 8.096757e+03 1.383781e+04 2.60667 4.650818e-01
8.240000e-01 2.443480e+00 2.272424e+00 2.679222e+00 1.139573e+01 8.121301e+03 1.383478e+04 2.60858 4.668074e-01
8.230000e-01 2.443480e+00 2.274391e+00 2.681513e+00 1.140380e+01 8.139464e+03 1.382422e+04 2.61267 4.677750e-01
8.220000e-01 2.443480e+00 2.274446e+00 2.681416e+00 1.140671e+01 8.163835e+03 1.382120e+04 2.61456 4.694919e-01
8.210000e-01 2.443480e+00 2.276426e+00 2.683723e+00 1.141483e+01 8.181815e+03 1.381059e+04 2.61869 4.704506e-01
8.200000e-01 2.443480e+00 2.276476e+00 2.683621e+00 1.141775e+01 8.206032e+03 1.380757e+04 2.62057 4.721601e-01
8.190000e-01 2.443480e+00 2.278466e+00 2.685939e+00 1.142592e+01 8.223795e+03 1.379692e+04 2.62474 4.731077e-01
8.180000e-01 2.443480e+00 2.278508e+00 2.685828e+00 1.142885e+01 8.247839e+03 1.379390e+04 2.62659 4.748083e-01
8.170000e-01 2.443480e+00 2.280509e+00 2.688159e+00 1.143706e+01 8.265374e+03 1.378320e+04 2.6308 4.757449e-01
8.160000e-01 2.443480e+00 2.280536e+00 2.688028e+00 1.143999e+01 8.289208e+03 1.378020e+04 2.63261 4.774336e-01
8.150000e-01 2.443480e+00 2.282549e+00 2.690372e+00 1.144824e+01 8.306435e+03 1.376947e+04 2.63687 4.783552e-01
8.140000e-01 2.443480e+00 2.282562e+00 2.690224e+00 1.145116e+01 8.330069e+03 1.376649e+04 2.63865 4.800336e-01
8.130000e-01 2.443480e+00 2.284592e+00 2.692588e+00 1.145948e+01 8.347138e+03 1.375569e+04 2.64296 4.809488e-01
8.120000e-01 2.443480e+00 2.284607e+00 2.692442e+00 1.146243e+01 8.370709e+03 1.375269e+04 2.64476 4.826277e-01
8.110000e-01 2.443480e+00 2.286649e+00 2.694820e+00 1.147083e+01 8.387688e+03 1.374181e+04 2.6491 4.835371e-01
8.100000e-01 2.443480e+00 2.286666e+00 2.694680e+00 1.147381e+01 8.411183e+03 1.373880e+04 2.65091 4.852147e-01
8.090000e-01 2.443480e+00 2.288717e+00 2.697069e+00 1.148226e+01 8.428039e+03 1.372784e+04 2.65528 4.861166e-01
8.080000e-01 2.443480e+00 2.288733e+00 2.696928e+00 1.148526e+01 8.451404e+03 1.372482e+04 2.65709 4.877885e-01
8.070000e-01 2.443480e+00 2.290793e+00 2.699328e+00 1.149377e+01 8.468065e+03 1.371382e+04 2.66149 4.886799e-01
8.060000e-01 2.443480e+00 2.290799e+00 2.699176e+00 1.149677e+01 8.491262e+03 1.371081e+04 2.66327 4.903433e-01
8.050000e-01 2.443480e+00 2.292872e+00 2.701592e+00 1.150533e+01 8.507739e+03 1.369975e+04 2.66771 4.912254e-01
8.040000e-01 2.443480e+00 2.292872e+00 2.701433e+00 1.150835e+01 8.530805e+03 1.369674e+04 2.66948 4.928832e-01
8.030000e-01 2.443480e+00 2.294957e+00 2.703863e+00 1.151696e+01 8.547094e+03 1.368562e+04 2.67396 4.937553e-01
8.020000e-01 2.443480e+00 2.294948e+00 2.703694e+00 1.151998e+01 8.570000e+03 1.368261e+04 2.6757 4.954052e-01
8.010000e-01 2.443480e+00 2.297045e+00 2.706138e+00 1.152864e+01 8.586079e+03 1.367144e+04 2.68023 4.962667e-01
8.000000e-01 2.443480e+00 2.297023e+00 2.705954e+00 1.153167e+01 8.608816e+03 1.366844e+04 2.68194 4.979080e-01
7.990000e-01 2.443480e+00 2.299131e+00 2.708409e+00 1.154038e+01 8.624611e+03 1.365723e+04 2.68651 4.987550e-01
7.980000e-01 2.443480e+00 2.299091e+00 2.708201e+00 1.154340e+01 8.647135e+03 1.365425e+04 2.68817 5.003847e-01
7.970000e-01 2.443480e+00 2.301216e+00 2.710677e+00 1.155216e+01 8.662723e+03 1.364299e+04 2.6928 5.012226e-01
7.960000e-01 2.443480e+00 2.301173e+00 2.710467e+00 1.155520e+01 8.685173e+03 1.363999e+04 2.69447 5.028519e-01
7.950000e-01 2.443480e+00 2.303312e+00 2.712958e+00 1.156405e+01 8.700671e+03 1.362863e+04 2.69913 5.036843e-01
7.940000e-01 2.443480e+00 2.303270e+00 2.712752e+00 1.156712e+01 8.723051e+03 1.362562e+04 2.70081 5.053131e-01
7.930000e-01 2.443480e+00 2.305420e+00 2.715256e+00 1.157604e+01 8.738441e+03 1.361417e+04 2.7055 5.061385e-01
7.920000e-01 2.443480e+00 2.305375e+00 2.715048e+00 1.157914e+01 8.760716e+03 1.361115e+04 2.70719 5.077637e-01
7.910000e-01 2.443480e+00 2.307535e+00 2.717565e+00 1.158811e+01 8.775937e+03 1.359964e+04 2.71191 5.085791e-01
7.900000e-01 2.443480e+00 2.307481e+00 2.717345e+00 1.159121e+01 8.798061e+03 1.359662e+04 2.71356 5.101970e-01
7.890000e-01 2.443480e+00 2.309654e+00 2.719878e+00 1.160024e+01 8.813092e+03 1.358504e+04 2.71832 5.110025e-01
7.880000e-01 2.443480e+00 2.309593e+00 2.719652e+00 1.160336e+01 8.835097e+03 1.358202e+04 2.71997 5.126157e-01
7.870000e-01 2.443480e+00 2.311778e+00 2.722198e+00 1.161245e+01 8.849956e+03 1.357038e+04 2.72477 5.134116e-01
7.860000e-01 2.443480e+00 2.311706e+00 2.721960e+00 1.161558e+01 8.871817e+03 1.356736e+04 2.72639 5.150182e-01
7.850000e-01 2.443480e+00 2.313946e+00 2.724579e+00 1.162482e+01 8.886450e+03 1.355553e+04 2.73128 5.157929e-01
7.840000e-01 2.443480e+00 2.313835e+00 2.724289e+00 1.162789e+01 8.908181e+03 1.355259e+04 2.73284 5.173989e-01
7.830000e-01 2.443480e+00 2.316072e+00 2.726901e+00 1.163715e+01 8.922563e+03 1.354076e+04 2.73775 5.181637e-01
7.820000e-01 2.443480e+00 2.315939e+00 2.726583e+00 1.164021e+01 8.944086e+03 1.353783e+04 2.73926 5.197587e-01
7.810000e-01 2.443480e+00 2.318193e+00 2.729215e+00 1.164952e+01 8.958244e+03 1.352594e+04 2.74423 5.205128e-01
7.800000e-01 2.443480e+00 2.318056e+00 2.728892e+00 1.165260e+01 8.979687e+03 1.352300e+04 2.74574 5.221070e-01
7.790000e-01 2.443480e+00 2.320324e+00 2.731541e+00 1.166201e+01 8.993749e+03 1.351101e+04 2.75075 5.228553e-01
7.780000e-01 2.443480e+00 2.320184e+00 2.731218e+00 1.166512e+01 9.015129e+03 1.350805e+04 2.75226 5.244496e-01
7.770000e-01 2.443480e+00 2.322466e+00 2.733883e+00 1.167460e+01 9.029082e+03 1.349595e+04 2.7573 5.251905e-01
7.760000e-01 2.443480e+00 2.322322e+00 2.733556e+00 1.167773e+01 9.050367e+03 1.349298e+04 2.75882 5.267821e-01
7.750000e-01 2.443480e+00 2.324615e+00 2.736234e+00 1.168728e+01 9.064160e+03 1.348081e+04 2.76389 5.275129e-01
7.740000e-01 2.443480e+00 2.324459e+00 2.735894e+00 1.169042e+01 9.085307e+03 1.347784e+04 2.76537 5.290985e-01
7.730000e-01 2.443480e+00 2.326766e+00 2.738589e+00 1.170004e+01 9.098914e+03 1.346560e+04 2.77049 5.298190e-01
7.720000e-01 2.443480e+00 2.326603e+00 2.738240e+00 1.170319e+01 9.119952e+03 1.346262e+04 2.77196 5.314008e-01
7.710000e-01 2.443480e+00 2.328922e+00 2.740950e+00 1.171287e+01 9.133391e+03 1.345030e+04 2.77711 5.321115e-01
7.700000e-01 2.443480e+00 2.328745e+00 2.740587e+00 1.171603e+01 9.154296e+03 1.344732e+04 2.77856 5.336877e-01
7.690000e-01 2.443480e+00 2.331079e+00 2.743313e+00 1.172578e+01 9.167548e+03 1.343492e+04 2.78375 5.343876e-01
7.680000e-01 2.443480e+00 2.330887e+00 2.742931e+00 1.172893e+01 9.188308e+03 1.343195e+04 2.78516 5.359575e-01
7.670000e-01 2.443480e+00 2.333233e+00 2.745673e+00 1.173874e+01 9.201307e+03 1.341949e+04 2.79039 5.366431e-01
7.660000e-01 2.443480e+00 2.333017e+00 2.745260e+00 1.174188e+01 9.221873e+03 1.341652e+04 2.79175 5.382032e-01
7.650000e-01 2.443480e+00 2.335383e+00 2.748023e+00 1.175175e+01 9.234655e+03 1.340399e+04 2.79704 5.388778e-01
7.640000e-01 2.443480e+00 2.335162e+00 2.747606e+00 1.175492e+01 9.255151e+03 1.340102e+04 2.79839 5.404376e-01
7.630000e-01 2.443480e+00 2.337540e+00 2.750384e+00 1.176489e+01 9.267833e+03 1.338837e+04 2.80372 5.411057e-01
7.620000e-01 2.443480e+00 2.337314e+00 2.749962e+00 1.176808e+01 9.288263e+03 1.338537e+04 2.80508 5.426659e-01
7.610000e-01 2.443480e+00 2.339708e+00 2.752760e+00 1.177813e+01 9.300840e+03 1.337261e+04 2.81044 5.433259e-01
7.600000e-01 2.443480e+00 2.339473e+00 2.752328e+00 1.178135e+01 9.321176e+03 1.336960e+04 2.81178 5.448837e-01
7.590000e-01 2.443480e+00 2.341879e+00 2.755140e+00 1.179147e+01 9.333578e+03 1.335675e+04 2.81718 5.455324e-01
7.580000e-01 2.443480e+00 2.341634e+00 2.754699e+00 1.179470e+01 9.353790e+03 1.335373e+04 2.8185 5.470849e-01
7.570000e-01 2.443480e+00 2.344053e+00 2.757525e+00 1.180489e+01 9.366025e+03 1.334080e+04 2.82393 5.477237e-01
7.560000e-01 2.443480e+00 2.343793e+00 2.757065e+00 1.180812e+01 9.386130e+03 1.333777e+04 2.82523 5.492734e-01
7.550000e-01 2.443480e+00 2.346229e+00 2.759913e+00 1.181839e+01 9.398198e+03 1.332474e+04 2.8307 5.499012e-01
7.540000e-01 2.443480e+00 2.345956e+00 2.759439e+00 1.182163e+01 9.418179e+03 1.332171e+04 2.83197 5.514458e-01
7.530000e-01 2.443480e+00 2.348405e+00 2.762301e+00 1.183198e+01 9.430053e+03 1.330859e+04 2.83748 5.520623e-01
7.520000e-01 2.443480e+00 2.349510e+00 2.763519e+00 1.183884e+01 9.445839e+03 1.330041e+04 2.84088 5.531287e-01
7.510000e-01 2.443480e+00 2.349196e+00 2.762992e+00 1.184205e+01 9.465572e+03 1.329742e+04 2.84207 5.546653e-01
7.500000e-01 2.443480e+00 2.349565e+00 2.763272e+00 1.184652e+01 9.483551e+03 1.329288e+04 2.84514 5.561434e-01
7.490000e-01 2.443480e+00 2.352745e+00 2.767060e+00 1.185933e+01 9.492591e+03 1.327608e+04 2.85105 5.563231e-01
7.480000e-01 2.443480e+00 2.353847e+00 2.768271e+00 1.186628e+01 9.508083e+03 1.326779e+04 2.85446 5.573751e-01
7.470000e-01 2.443480e+00 2.354936e+00 2.769467e+00 1.187322e+01 9.523522e+03 1.325954e+04 2.85787 5.584309e-01
7.460000e-01 2.443480e+00 2.356027e+00 2.770664e+00 1.188018e+01 9.538916e+03 1.325126e+04 2.86129 5.594848e-01
7.450000e-01 2.443480e+00 2.357118e+00 2.771862e+00 1.188717e+01 9.554254e+03 1.324295e+04 2.86472 5.605359e-01
7.440000e-01 2.443480e+00 2.358210e+00 2.773062e+00 1.189419e+01 9.569522e+03 1.323461e+04 2.86815 5.615833e-01
7.430000e-01 2.443480e+00 2.359302e+00 2.774263e+00 1.190122e+01 9.584714e+03 1.322624e+04 2.87158 5.626267e-01
7.420000e-01 2.443480e+00 2.360393e+00 2.775462e+00 1.190828e+01 9.599829e+03 1.321785e+04 2.87501 5.636661e-01
7.410000e-01 2.443480e+00 2.361485e+00 2.776662e+00 1.191536e+01 9.614887e+03 1.320943e+04 2.87845 5.647026e-01
7.400000e-01 2.443480e+00 2.362578e+00 2.777863e+00 1.192247e+01 9.629873e+03 1.320097e+04 2.88189 5.657352e-01
7.390000e-01 2.443480e+00 2.363670e+00 2.779065e+00 1.192960e+01 9.644782e+03 1.319250e+04 2.88534 5.667640e-01
7.380000e-01 2.443480e+00 2.364762e+00 2.780266e+00 1.193675e+01 9.659614e+03 1.318399e+04 2.88878 5.677887e-01
7.370000e-01 2.443480e+00 2.365852e+00 2.781465e+00 1.194392e+01 9.674357e+03 1.317546e+04 2.89222 5.688085e-01
7.360000e-01 2.443480e+00 2.366940e+00 2.782660e+00 1.195110e+01 9.688983e+03 1.316692e+04 2.89566 5.698220e-01
7.350000e-01 2.443480e+00 2.368026e+00 2.783852e+00 1.195829e+01 9.703504e+03 1.315836e+04 2.8991 5.708301e-01
7.340000e-01 2.443480e+00 2.369110e+00 2.785044e+00 1.196551e+01 9.717958e+03 1.314977e+04 2.90255 5.718350e-01
7.330000e-01 2.443480e+00 2.370197e+00 2.786236e+00 1.197276e+01 9.732376e+03 1.314114e+04 2.90599 5.728385e-01
7.320000e-01 2.443480e+00 2.371325e+00 2.787487e+00 1.198014e+01 9.746709e+03 1.313235e+04 2.9095 5.738282e-01
7.310000e-01 2.443480e+00 2.372416e+00 2.788688e+00 1.198747e+01 9.761029e+03 1.312363e+04 2.91297 5.748266e-01
7.300000e-01 2.443480e+00 2.373507e+00 2.789889e+00 1.199482e+01 9.775299e+03 1.311488e+04 2.91644 5.758228e-01
7.290000e-01 2.443480e+00 2.374598e+00 2.791090e+00 1.200220e+01 9.789500e+03 1.310609e+04 2.91991 5.768153e-01
7.280000e-01 2.443480e+00 2.375689e+00 2.792291e+00 1.200961e+01 9.803624e+03 1.309728e+04 2.92338 5.778036e-01
7.270000e-01 2.443480e+00 2.376779e+00 2.793492e+00 1.201704e+01 9.817673e+03 1.308844e+04 2.92686 5.787880e-01
7.260000e-01 2.443480e+00 2.377870e+00 2.794694e+00 1.202449e+01 9.831660e+03 1.307956e+04 2.93034 5.797695e-01
7.250000e-01 2.443480e+00 2.378960e+00 2.795896e+00 1.203197e+01 9.845579e+03 1.307066e+04 2.93382 5.807474e-01
7.240000e-01 2.443480e+00 2.380050e+00 2.797098e+00 1.203948e+01 9.859418e+03 1.306172e+04 2.9373 5.817209e-01
7.230000e-01 2.443480e+00 2.381139e+00 2.798299e+00 1.204702e+01 9.873179e+03 1.305276e+04 2.94078 5.826906e-01
7.220000e-01 2.443480e+00 2.382227e+00 2.799500e+00 1.205457e+01 9.886858e+03 1.304377e+04 2.94427 5.836560e-01
7.210000e-01 2.443480e+00 2.383312e+00 2.800696e+00 1.206214e+01 9.900419e+03 1.303476e+04 2.94775 5.846149e-01
7.200000e-01 2.443480e+00 2.384394e+00 2.801888e+00 1.206972e+01 9.913874e+03 1.302574e+04 2.95123 5.855683e-01
7.190000e-01 2.443480e+00 2.385475e+00 2.803078e+00 1.207733e+01 9.927255e+03 1.301669e+04 2.95471 5.865180e-01
7.180000e-01 2.443480e+00 2.386556e+00 2.804270e+00 1.208498e+01 9.940595e+03 1.300759e+04 2.95819 5.874661e-01
7.170000e-01 2.443480e+00 2.387639e+00 2.805465e+00 1.209266e+01 9.953885e+03 1.299845e+04 2.96169 5.884120e-01
7.160000e-01 2.443480e+00 2.388723e+00 2.806661e+00 1.210038e+01 9.967122e+03 1.298927e+04 2.96518 5.893552e-01
7.150000e-01 2.443480e+00 2.389808e+00 2.807859e+00 1.210814e+01 9.980306e+03 1.298004e+04 2.96869 5.902956e-01
7.140000e-01 2.443480e+00 2.390892e+00 2.809057e+00 1.211592e+01 9.993422e+03 1.297078e+04 2.97219 5.912324e-01
7.130000e-01 2.443480e+00 2.391975e+00 2.810255e+00 1.212374e+01 1.000646e+04 1.296148e+04 2.97569 5.921648e-01
7.120000e-01 2.443480e+00 2.393058e+00 2.811452e+00 1.213157e+01 1.001942e+04 1.295216e+04 2.9792 5.930933e-01
7.110000e-01 2.443480e+00 2.394140e+00 2.812648e+00 1.213944e+01 1.003232e+04 1.294279e+04 2.9827 5.940186e-01
7.100000e-01 2.443480e+00 2.395221e+00 2.813845e+00 1.214734e+01 1.004515e+04 1.293339e+04 2.98621 5.949402e-01
7.090000e-01 2.443480e+00 2.396301e+00 2.815040e+00 1.215527e+01 1.005791e+04 1.292396e+04 2.98972 5.958574e-01
7.080000e-01 2.443480e+00 2.397379e+00 2.816233e+00 1.216322e+01 1.007058e+04 1.291449e+04 2.99322 5.967703e-01
7.070000e-01 2.443480e+00 2.398456e+00 2.817425e+00 1.217119e+01 1.008317e+04 1.290499e+04 2.99672 5.976787e-01
7.060000e-01 2.443480e+00 2.399528e+00 2.818611e+00 1.217918e+01 1.009565e+04 1.289547e+04 3.00022 5.985805e-01
7.050000e-01 2.443480e+00 2.400597e+00 2.819792e+00 1.218719e+01 1.010802e+04 1.288593e+04 3.00371 5.994765e-01
7.040000e-01 2.443480e+00 2.401663e+00 2.820970e+00 1.219522e+01 1.012032e+04 1.287634e+04 3.00719 6.003692e-01
7.030000e-01 2.443480e+00 2.402731e+00 2.822150e+00 1.220330e+01 1.013259e+04 1.286671e+04 3.01068 6.012600e-01
7.020000e-01 2.443480e+00 2.403836e+00 2.823382e+00 1.221151e+01 1.014476e+04 1.285690e+04 3.01422 6.021362e-01
7.010000e-01 2.443480e+00 2.404904e+00 2.824564e+00 1.221967e+01 1.015691e+04 1.284716e+04 3.01772 6.030203e-01
7.000000e-01 2.443480e+00 2.405971e+00 2.825745e+00 1.222786e+01 1.016901e+04 1.283737e+04 3.02121 6.039016e-01
6.990000e-01 2.443480e+00 2.407037e+00 2.826925e+00 1.223608e+01 1.018104e+04 1.282754e+04 3.0247 6.047787e-01
6.980000e-01 2.443480e+00 2.408100e+00 2.828103e+00 1.224433e+01 1.019299e+04 1.281767e+04 3.02819 6.056513e-01
6.970000e-01 2.443480e+00 2.409162e+00 2.829278e+00 1.225261e+01 1.020486e+04 1.280777e+04 3.03167 6.065196e-01
6.960000e-01 2.443480e+00 2.410221e+00 2.830452e+00 1.226092e+01 1.021668e+04 1.279781e+04 3.03515 6.073845e-01
6.950000e-01 2.443480e+00 2.411280e+00 2.831626e+00 1.226926e+01 1.022842e+04 1.278781e+04 3.03863 6.082451e-01
6.940000e-01 2.443480e+00 2.412336e+00 2.832795e+00 1.227764e+01 1.024008e+04 1.277777e+04 3.0421 6.091010e-01
6.930000e-01 2.443480e+00 2.413389e+00 2.833963e+00 1.228604e+01 1.025167e+04 1.276769e+04 3.04557 6.099524e-01
6.920000e-01 2.443480e+00 2.414439e+00 2.835125e+00 1.229446e+01 1.026315e+04 1.275758e+04 3.04903 6.107979e-01
6.910000e-01 2.443480e+00 2.415484e+00 2.836281e+00 1.230290e+01 1.027452e+04 1.274744e+04 3.05248 6.116370e-01
6.900000e-01 2.443480e+00 2.416524e+00 2.837431e+00 1.231135e+01 1.028580e+04 1.273728e+04 3.05592 6.124708e-01
6.890000e-01 2.443480e+00 2.417563e+00 2.838580e+00 1.231985e+01 1.029703e+04 1.272706e+04 3.05936 6.133021e-01
6.880000e-01 2.443480e+00 2.418602e+00 2.839729e+00 1.232840e+01 1.030821e+04 1.271678e+04 3.0628 6.141305e-01
6.870000e-01 2.443480e+00 2.419640e+00 2.840878e+00 1.233699e+01 1.031932e+04 1.270644e+04 3.06624 6.149553e-01
6.860000e-01 2.443480e+00 2.420677e+00 2.842027e+00 1.234561e+01 1.033038e+04 1.269606e+04 3.06968 6.157768e-01
6.850000e-01 2.443480e+00 2.421712e+00 2.843174e+00 1.235428e+01 1.034137e+04 1.268562e+04 3.07312 6.165946e-01
6.840000e-01 2.443480e+00 2.422744e+00 2.844320e+00 1.236298e+01 1.035228e+04 1.267514e+04 3.07655 6.174074e-01
6.830000e-01 2.443480e+00 2.423775e+00 2.845463e+00 1.237171e+01 1.036312e+04 1.266462e+04 3.07997 6.182159e-01
6.820000e-01 2.443480e+00 2.424803e+00 2.846603e+00 1.238047e+01 1.037388e+04 1.265405e+04 3.0834 6.190205e-01
6.810000e-01 2.443480e+00 2.425829e+00 2.847742e+00 1.238928e+01 1.038457e+04 1.264343e+04 3.08682 6.198211e-01
6.800000e-01 2.443480e+00 2.426852e+00 2.848880e+00 1.239812e+01 1.039519e+04 1.263277e+04 3.09023 6.206171e-01
6.790000e-01 2.443480e+00 2.427872e+00 2.850012e+00 1.240698e+01 1.040571e+04 1.262207e+04 3.09364 6.214079e-01
6.780000e-01 2.443480e+00 2.428924e+00 2.851190e+00 1.241597e+01 1.041612e+04 1.261121e+04 3.09708 6.221821e-01
6.770000e-01 2.443480e+00 2.429900e+00 2.852264e+00 1.242480e+01 1.042649e+04 1.260055e+04 3.10042 6.229721e-01
6.760000e-01 2.443480e+00 2.430939e+00 2.853424e+00 1.243382e+01 1.043667e+04 1.258964e+04 3.10383 6.237335e-01
6.750000e-01 2.443480e+00 2.431942e+00 2.854537e+00 1.244280e+01 1.044683e+04 1.257878e+04 3.1072 6.245021e-01
6.740000e-01 2.443480e+00 2.432942e+00 2.855646e+00 1.245182e+01 1.045694e+04 1.256786e+04 3.11056 6.252680e-01
6.730000e-01 2.443480e+00 2.433940e+00 2.856752e+00 1.246089e+01 1.046697e+04 1.255687e+04 3.11391 6.260296e-01
6.720000e-01 2.443480e+00 2.434934e+00 2.857856e+00 1.247000e+01 1.047695e+04 1.254582e+04 3.11726 6.267874e-01
6.710000e-01 2.443480e+00 2.435927e+00 2.858959e+00 1.247916e+01 1.048687e+04 1.253471e+04 3.1206 6.275411e-01
6.700000e-01 2.443480e+00 2.436916e+00 2.860057e+00 1.248835e+01 1.049671e+04 1.252355e+04 3.12393 6.282896e-01
6.690000e-01 2.443480e+00 2.437901e+00 2.861151e+00 1.249758e+01 1.050646e+04 1.251234e+04 3.12724 6.290330e-01
6.680000e-01 2.443480e+00 2.438882e+00 2.862241e+00 1.250684e+01 1.051615e+04 1.250107e+04 3.13055 6.297719e-01
6.670000e-01 2.443480e+00 2.439860e+00 2.863327e+00 1.251615e+01 1.052576e+04 1.248974e+04 3.13385 6.305061e-01
6.660000e-01 2.443480e+00 2.440833e+00 2.864410e+00 1.252549e+01 1.053529e+04 1.247836e+04 3.13714 6.312353e-01
6.650000e-01 2.443480e+00 2.441803e+00 2.865487e+00 1.253487e+01 1.054474e+04 1.246694e+04 3.14042 6.319592e-01
6.640000e-01 2.443480e+00 2.442767e+00 2.866559e+00 1.254428e+01 1.055410e+04 1.245546e+04 3.14368 6.326774e-01
6.630000e-01 2.443480e+00 2.443725e+00 2.867623e+00 1.255371e+01 1.056335e+04 1.244395e+04 3.14692 6.333886e-01
6.620000e-01 2.443480e+00 2.444675e+00 2.868677e+00 1.256316e+01 1.057248e+04 1.243241e+04 3.15015 6.340934e-01
6.610000e-01 2.443480e+00 2.445622e+00 2.869728e+00 1.257265e+01 1.058155e+04 1.242082e+04 3.15337 6.347940e-01
6.600000e-01 2.443480e+00 2.446565e+00 2.870774e+00 1.258220e+01 1.059056e+04 1.240914e+04 3.15658 6.354909e-01
6.590000e-01 2.443480e+00 2.447505e+00 2.871818e+00 1.259179e+01 1.059949e+04 1.239740e+04 3.15978 6.361833e-01
6.580000e-01 2.443480e+00 2.448442e+00 2.872858e+00 1.260144e+01 1.060837e+04 1.238560e+04 3.16297 6.368712e-01
6.570000e-01 2.443480e+00 2.449408e+00 2.873943e+00 1.261123e+01 1.061713e+04 1.237361e+04 3.16619 6.375432e-01
6.560000e-01 2.443480e+00 2.450339e+00 2.874978e+00 1.262097e+01 1.062584e+04 1.236168e+04 3.16937 6.382207e-01
6.550000e-01 2.443480e+00 2.451262e+00 2.876006e+00 1.263074e+01 1.063447e+04 1.234970e+04 3.17252 6.388933e-01
6.540000e-01 2.443480e+00 2.452182e+00 2.877030e+00 1.264057e+01 1.064303e+04 1.233767e+04 3.17567 6.395612e-01
6.530000e-01 2.443480e+00 2.453097e+00 2.878049e+00 1.265044e+01 1.065150e+04 1.232556e+04 3.1788 6.402241e-01
6.520000e-01 2.443480e+00 2.454007e+00 2.879064e+00 1.266035e+01 1.065990e+04 1.231341e+04 3.18192 6.408820e-01
6.510000e-01 2.443480e+00 2.454911e+00 2.880072e+00 1.267030e+01 1.066820e+04 1.230120e+04 3.18502 6.415336e-01
6.500000e-01 2.443480e+00 2.455810e+00 2.881074e+00 1.268028e+01 1.067641e+04 1.228894e+04 3.18811 6.421796e-01
6.490000e-01 2.443480e+00 2.456700e+00 2.882065e+00 1.269029e+01 1.068450e+04 1.227665e+04 3.19118 6.428179e-01
6.480000e-01 2.443480e+00 2.457583e+00 2.883047e+00 1.270032e+01 1.069249e+04 1.226432e+04 3.19422 6.434499e-01
6.470000e-01 2.443480e+00 2.458460e+00 2.884023e+00 1.271041e+01 1.070041e+04 1.225192e+04 3.19725 6.440771e-01
6.460000e-01 2.443480e+00 2.459333e+00 2.884994e+00 1.272055e+01 1.070826e+04 1.223943e+04 3.20027 6.447001e-01
6.450000e-01 2.443480e+00 2.460200e+00 2.885959e+00 1.273075e+01 1.071603e+04 1.222687e+04 3.20327 6.453173e-01
6.440000e-01 2.443480e+00 2.461061e+00 2.886919e+00 1.274100e+01 1.072374e+04 1.221423e+04 3.20624 6.459295e-01
6.430000e-01 2.443480e+00 2.461917e+00 2.887873e+00 1.275131e+01 1.073137e+04 1.220152e+04 3.2092 6.465362e-01
6.420000e-01 2.443480e+00 2.462766e+00 2.888818e+00 1.276165e+01 1.073891e+04 1.218874e+04 3.21214 6.471362e-01
6.410000e-01 2.443480e+00 2.463608e+00 2.889757e+00 1.277204e+01 1.074636e+04 1.217590e+04 3.21506 6.477302e-01
6.400000e-01 2.443480e+00 2.464475e+00 2.890732e+00 1.278257e+01 1.075369e+04 1.216287e+04 3.21799 6.483071e-01
6.390000e-01 2.443480e+00 2.465306e+00 2.891659e+00 1.279307e+01 1.076098e+04 1.214988e+04 3.22087 6.488893e-01
6.380000e-01 2.443480e+00 2.466130e+00 2.892579e+00 1.280361e+01 1.076818e+04 1.213683e+04 3.22373 6.494660e-01
6.370000e-01 2.443480e+00 2.466946e+00 2.893490e+00 1.281419e+01 1.077529e+04 1.212373e+04 3.22657 6.500363e-01
6.360000e-01 2.443480e+00 2.467754e+00 2.894391e+00 1.282481e+01 1.078230e+04 1.211057e+04 3.22938 6.505997e-01
6.350000e-01 2.443480e+00 2.468553e+00 2.895282e+00 1.283545e+01 1.078918e+04 1.209738e+04 3.23217 6.511555e-01
6.340000e-01 2.443480e+00 2.469343e+00 2.896161e+00 1.284613e+01 1.079597e+04 1.208414e+04 3.23493 6.517045e-01
6.330000e-01 2.443480e+00 2.470127e+00 2.897034e+00 1.285687e+01 1.080269e+04 1.207081e+04 3.23767 6.522489e-01
6.320000e-01 2.443480e+00 2.470904e+00 2.897900e+00 1.286768e+01 1.080933e+04 1.205739e+04 3.24039 6.527874e-01
6.310000e-01 2.443480e+00 2.471673e+00 2.898758e+00 1.287855e+01 1.081589e+04 1.204388e+04 3.24309 6.533197e-01
6.300000e-01 2.443480e+00 2.472435e+00 2.899607e+00 1.288947e+01 1.082237e+04 1.203028e+04 3.24575 6.538458e-01
6.290000e-01 2.443480e+00 2.473188e+00 2.900448e+00 1.290045e+01 1.082877e+04 1.201661e+04 3.24839 6.543650e-01
6.280000e-01 2.443480e+00 2.473932e+00 2.901277e+00 1.291148e+01 1.083508e+04 1.200286e+04 3.25099 6.548766e-01
6.270000e-01 2.443480e+00 2.474668e+00 2.902097e+00 1.292255e+01 1.084129e+04 1.198903e+04 3.25357 6.553817e-01
6.260000e-01 2.443480e+00 2.475424e+00 2.902949e+00 1.293378e+01 1.084738e+04 1.197501e+04 3.25615 6.558689e-01
6.250000e-01 2.443480e+00 2.476145e+00 2.903753e+00 1.294498e+01 1.085342e+04 1.196102e+04 3.25867 6.563601e-01
6.240000e-01 2.443480e+00 2.476855e+00 2.904547e+00 1.295622e+01 1.085937e+04 1.194696e+04 3.26116 6.568447e-01
6.230000e-01 2.443480e+00 2.477556e+00 2.905329e+00 1.296750e+01 1.086521e+04 1.193285e+04 3.26362 6.573223e-01
6.220000e-01 2.443480e+00 2.478248e+00 2.906100e+00 1.297882e+01 1.087093e+04 1.191869e+04 3.26606 6.577919e-01
6.210000e-01 2.443480e+00 2.478930e+00 2.906859e+00 1.299017e+01 1.087654e+04 1.190449e+04 3.26847 6.582542e-01
6.200000e-01 2.443480e+00 2.479602e+00 2.907609e+00 1.300159e+01 1.088207e+04 1.189021e+04 3.27085 6.587108e-01
6.190000e-01 2.443480e+00 2.480266e+00 2.908349e+00 1.301308e+01 1.088752e+04 1.187583e+04 3.2732 6.591612e-01
6.180000e-01 2.443480e+00 2.480922e+00 2.909080e+00 1.302464e+01 1.089287e+04 1.186135e+04 3.27552 6.596046e-01
6.170000e-01 2.443480e+00 2.481568e+00 2.909801e+00 1.303627e+01 1.089815e+04 1.184678e+04 3.27781 6.600412e-01
6.160000e-01 2.443480e+00 2.482205e+00 2.910513e+00 1.304796e+01 1.090333e+04 1.183213e+04 3.28006 6.604707e-01
6.150000e-01 2.443480e+00 2.482832e+00 2.911214e+00 1.305971e+01 1.090842e+04 1.181739e+04 3.28229 6.608925e-01
6.140000e-01 2.443480e+00 2.483450e+00 2.911904e+00 1.307151e+01 1.091341e+04 1.180259e+04 3.28448 6.613072e-01
6.130000e-01 2.443480e+00 2.484057e+00 2.912584e+00 1.308339e+01 1.091831e+04 1.178769e+04 3.28663 6.617149e-01
6.120000e-01 2.443480e+00 2.484683e+00 2.913292e+00 1.309541e+01 1.092306e+04 1.177259e+04 3.28879 6.621038e-01
6.110000e-01 2.443480e+00 2.485272e+00 2.913953e+00 1.310741e+01 1.092776e+04 1.175753e+04 3.29089 6.624960e-01
6.100000e-01 2.443480e+00 2.485850e+00 2.914599e+00 1.311946e+01 1.093236e+04 1.174240e+04 3.29294 6.628809e-01
6.090000e-01 2.443480e+00 2.486414e+00 2.915230e+00 1.313154e+01 1.093684e+04 1.172722e+04 3.29496 6.632568e-01
6.080000e-01 2.443480e+00 2.486965e+00 2.915844e+00 1.314366e+01 1.094120e+04 1.171198e+04 3.29692 6.636235e-01
6.070000e-01 2.443480e+00 2.487504e+00 2.916444e+00 1.315585e+01 1.094547e+04 1.169666e+04 3.29885 6.639828e-01
6.060000e-01 2.443480e+00 2.488032e+00 2.917032e+00 1.316812e+01 1.094965e+04 1.168121e+04 3.30074 6.643346e-01
6.050000e-01 2.443480e+00 2.488547e+00 2.917607e+00 1.318046e+01 1.095374e+04 1.166566e+04 3.30258 6.646780e-01
6.040000e-01 2.443480e+00 2.489052e+00 2.918170e+00 1.319288e+01 1.095774e+04 1.165001e+04 3.30438 6.650135e-01
6.030000e-01 2.443480e+00 2.489544e+00 2.918720e+00 1.320537e+01 1.096164e+04 1.163425e+04 3.30614 6.653407e-01
6.020000e-01 2.443480e+00 2.490024e+00 2.919255e+00 1.321793e+01 1.096544e+04 1.161840e+04 3.30785 6.656588e-01
6.010000e-01 2.443480e+00 2.490492e+00 2.919777e+00 1.323055e+01 1.096913e+04 1.160247e+04 3.30952 6.659688e-01
6.000000e-01 2.443480e+00 2.490975e+00 2.920324e+00 1.324334e+01 1.097268e+04 1.158634e+04 3.31118 6.662596e-01
5.990000e-01 2.443480e+00 2.491421e+00 2.920824e+00 1.325612e+01 1.097617e+04 1.157021e+04 3.31277 6.665531e-01
5.980000e-01 2.443480e+00 2.491855e+00 2.921309e+00 1.326896e+01 1.097956e+04 1.155401e+04 3.31432 6.668388e-01
5.970000e-01 2.443480e+00 2.492277e+00 2.921781e+00 1.328186e+01 1.098284e+04 1.153774e+04 3.31583 6.671164e-01
5.960000e-01 2.443480e+00 2.492686e+00 2.922240e+00 1.329480e+01 1.098599e+04 1.152142e+04 3.3173 6.673854e-01
5.950000e-01 2.443480e+00 2.493082e+00 2.922680e+00 1.330779e+01 1.098903e+04 1.150505e+04 3.31873 6.676452e-01
5.940000e-01 2.443480e+00 2.493465e+00 2.923107e+00 1.332086e+01 1.099196e+04 1.148858e+04 3.32012 6.678975e-01
5.930000e-01 2.443480e+00 2.493837e+00 2.923524e+00 1.333403e+01 1.099480e+04 1.147200e+04 3.32147 6.681427e-01
5.920000e-01 2.443480e+00 2.494195e+00 2.923924e+00 1.334727e+01 1.099754e+04 1.145531e+04 3.32277 6.683783e-01
5.910000e-01 2.443480e+00 2.494538e+00 2.924307e+00 1.336061e+01 1.100018e+04 1.143849e+04 3.32401 6.686044e-01
5.900000e-01 2.443480e+00 2.494869e+00 2.924677e+00 1.337403e+01 1.100271e+04 1.142158e+04 3.32521 6.688216e-01
5.890000e-01 2.443480e+00 2.495210e+00 2.925066e+00 1.338761e+01 1.100508e+04 1.140447e+04 3.32638 6.690178e-01
5.880000e-01 2.443480e+00 2.495510e+00 2.925401e+00 1.340118e+01 1.100740e+04 1.138735e+04 3.32745 6.692141e-01
5.870000e-01 2.443480e+00 2.495795e+00 2.925720e+00 1.341483e+01 1.100961e+04 1.137011e+04 3.32848 6.694017e-01
5.860000e-01 2.443480e+00 2.496066e+00 2.926024e+00 1.342857e+01 1.101171e+04 1.135278e+04 3.32945 6.695797e-01
5.850000e-01 2.443480e+00 2.496320e+00 2.926306e+00 1.344238e+01 1.101370e+04 1.133535e+04 3.33035 6.697466e-01
5.840000e-01 2.443480e+00 2.496559e+00 2.926573e+00 1.345625e+01 1.101557e+04 1.131784e+04 3.33121 6.699043e-01
5.830000e-01 2.443480e+00 2.496788e+00 2.926828e+00 1.347018e+01 1.101732e+04 1.130029e+04 3.33203 6.700536e-01
5.820000e-01 2.443480e+00 2.497002e+00 2.927065e+00 1.348416e+01 1.101895e+04 1.128270e+04 3.33281 6.701943e-01
5.810000e-01 2.443480e+00 2.497202e+00 2.927287e+00 1.349825e+01 1.102047e+04 1.126498e+04 3.33355 6.703269e-01
5.800000e-01 2.443480e+00 2.497391e+00 2.927498e+00 1.351243e+01 1.102189e+04 1.124715e+04 3.33424 6.704514e-01
5.790000e-01 2.443480e+00 2.497566e+00 2.927693e+00 1.352672e+01 1.102319e+04 1.122921e+04 3.33489 6.705669e-01
5.780000e-01 2.443480e+00 2.497749e+00 2.927905e+00 1.354120e+01 1.102434e+04 1.121105e+04 3.3355 6.706611e-01
5.770000e-01 2.443480e+00 2.497895e+00 2.928070e+00 1.355568e+01 1.102542e+04 1.119288e+04 3.33604 6.707560e-01
5.760000e-01 2.443480e+00 2.494795e+00 2.924635e+00 1.355915e+01 1.103711e+04 1.118910e+04 3.33196 6.723157e-01
5.750000e-01 2.443480e+00 2.498126e+00 2.928328e+00 1.358488e+01 1.102726e+04 1.115626e+04 3.3369 6.709168e-01
5.740000e-01 2.443480e+00 2.494952e+00 2.924812e+00 1.358835e+01 1.103888e+04 1.115243e+04 3.33266 6.724783e-01
5.730000e-01 2.443480e+00 2.498294e+00 2.928517e+00 1.361448e+01 1.102864e+04 1.111915e+04 3.3375 6.710321e-01
5.720000e-01 2.443480e+00 2.495034e+00 2.924902e+00 1.361792e+01 1.104016e+04 1.111530e+04 3.33306 6.725929e-01
5.710000e-01 2.443480e+00 2.498395e+00 2.928626e+00 1.364439e+01 1.102953e+04 1.108167e+04 3.33785 6.711032e-01
5.700000e-01 2.443480e+00 2.495055e+00 2.924917e+00 1.364779e+01 1.104093e+04 1.107782e+04 3.33322 6.726614e-01
5.690000e-01 2.443480e+00 2.498466e+00 2.928705e+00 1.367466e+01 1.102986e+04 1.104387e+04 3.33806 6.711274e-01
5.680000e-01 2.443480e+00 2.495059e+00 2.924924e+00 1.367805e+01 1.104120e+04 1.104002e+04 3.3333 6.726930e-01
5.681261e-01 2.443480e+00 2.497212e+00 2.927319e+00 1.368360e+01 1.103410e+04 1.103290e+04 3.33633 6.717107e-01
5.682436e-01 2.443480e+00 2.498313e+00 2.928554e+00 1.368563e+01 1.103051e+04 1.103027e+04 3.33786 6.712086e-01
