1.000000e+00 2.492640e+00 2.120265e+00 2.517458e+00 1.058002e+01 0.000000e+00 1.541589e+04 0 0.000000e+00
9.990000e-01 2.492640e+00 2.121740e+00 2.518596e+00 1.058835e+01 6.152787e+02 1.532212e+04 2.16441 3.366001e-02
9.980000e-01 2.492640e+00 2.121807e+00 2.518427e+00 1.059013e+01 8.813379e+02 1.528691e+04 2.25541 5.023920e-02
9.970000e-01 2.492640e+00 2.123111e+00 2.519933e+00 1.059536e+01 1.080286e+03 1.525793e+04 2.17004 5.917645e-02
9.960000e-01 2.492640e+00 2.123359e+00 2.520046e+00 1.059739e+01 1.256041e+03 1.523517e+04 2.21174 7.010957e-02
9.950000e-01 2.492640e+00 2.124588e+00 2.521480e+00 1.060242e+01 1.403664e+03 1.521293e+04 2.17418 7.692995e-02
9.940000e-01 2.492640e+00 2.124890e+00 2.521682e+00 1.060451e+01 1.543863e+03 1.519508e+04 2.20141 8.564938e-02
9.930000e-01 2.492640e+00 2.126096e+00 2.523098e+00 1.060947e+01 1.666280e+03 1.517612e+04 2.1783 9.136641e-02
9.920000e-01 2.492640e+00 2.126428e+00 2.523349e+00 1.061160e+01 1.786379e+03 1.516104e+04 2.19872 9.883914e-02
9.910000e-01 2.492640e+00 2.127621e+00 2.524754e+00 1.061653e+01 1.892757e+03 1.514415e+04 2.18242 1.038323e-01
9.900000e-01 2.492640e+00 2.127947e+00 2.525002e+00 1.061866e+01 1.998887e+03 1.513098e+04 2.1985 1.104282e-01
9.890000e-01 2.492640e+00 2.129137e+00 2.526397e+00 1.062359e+01 2.093073e+03 1.511560e+04 2.18653 1.148734e-01
9.880000e-01 2.492640e+00 2.129441e+00 2.526612e+00 1.062572e+01 2.189063e+03 1.510381e+04 2.19976 1.208340e-01
9.870000e-01 2.492640e+00 2.130646e+00 2.528019e+00 1.063070e+01 2.274969e+03 1.508940e+04 2.19064 1.249142e-01
9.860000e-01 2.492640e+00 2.130951e+00 2.528235e+00 1.063285e+01 2.363737e+03 1.507859e+04 2.20215 1.304327e-01
9.850000e-01 2.492640e+00 2.132158e+00 2.529643e+00 1.063785e+01 2.443164e+03 1.506495e+04 2.19477 1.342116e-01
9.840000e-01 2.492640e+00 2.132451e+00 2.529838e+00 1.064000e+01 2.525769e+03 1.505498e+04 2.20481 1.393456e-01
9.830000e-01 2.492640e+00 2.133668e+00 2.531254e+00 1.064504e+01 2.599883e+03 1.504193e+04 2.1989 1.428872e-01
9.820000e-01 2.492640e+00 2.133954e+00 2.531440e+00 1.064719e+01 2.677609e+03 1.503262e+04 2.20789 1.477209e-01
9.810000e-01 2.492640e+00 2.135176e+00 2.532857e+00 1.065227e+01 2.747150e+03 1.502011e+04 2.20304 1.510511e-01
9.800000e-01 2.492640e+00 2.135440e+00 2.533008e+00 1.065440e+01 2.820394e+03 1.501140e+04 2.21102 1.556022e-01
9.790000e-01 2.492640e+00 2.136668e+00 2.534424e+00 1.065951e+01 2.885492e+03 1.499936e+04 2.20715 1.587324e-01
9.780000e-01 2.492640e+00 2.136907e+00 2.534536e+00 1.066164e+01 2.955108e+03 1.499114e+04 2.21439 1.630584e-01
9.770000e-01 2.492640e+00 2.138157e+00 2.535974e+00 1.066681e+01 3.017511e+03 1.497934e+04 2.21129 1.660741e-01
9.760000e-01 2.492640e+00 2.138417e+00 2.536113e+00 1.066899e+01 3.084740e+03 1.497143e+04 2.21824 1.702668e-01
9.750000e-01 2.492640e+00 2.139670e+00 2.537557e+00 1.067420e+01 3.145185e+03 1.495985e+04 2.21547 1.731828e-01
9.740000e-01 2.492640e+00 2.139951e+00 2.537726e+00 1.067641e+01 3.210096e+03 1.495225e+04 2.22211 1.772406e-01
9.730000e-01 2.492640e+00 2.141206e+00 2.539176e+00 1.068163e+01 3.268666e+03 1.494090e+04 2.21968 1.800656e-01
9.720000e-01 2.492640e+00 2.141505e+00 2.539372e+00 1.068387e+01 3.331432e+03 1.493357e+04 2.22603 1.839971e-01
9.710000e-01 2.492640e+00 2.142804e+00 2.540883e+00 1.068919e+01 3.387959e+03 1.492235e+04 2.224 1.867216e-01
9.700000e-01 2.492640e+00 2.143077e+00 2.541047e+00 1.069137e+01 3.448505e+03 1.491538e+04 2.22991 1.905157e-01
9.690000e-01 2.492640e+00 2.144316e+00 2.542480e+00 1.069657e+01 3.502825e+03 1.490456e+04 2.22816 1.931410e-01
9.680000e-01 2.492640e+00 2.144611e+00 2.542673e+00 1.069881e+01 3.561222e+03 1.489780e+04 2.23377 1.968012e-01
9.670000e-01 2.492640e+00 2.145919e+00 2.544195e+00 1.070415e+01 3.613684e+03 1.488703e+04 2.23249 1.993428e-01
9.660000e-01 2.492640e+00 2.146188e+00 2.544354e+00 1.070635e+01 3.670411e+03 1.488056e+04 2.23781 2.029032e-01
9.650000e-01 2.492640e+00 2.147484e+00 2.545860e+00 1.071168e+01 3.721163e+03 1.487001e+04 2.23677 2.053650e-01
9.640000e-01 2.492640e+00 2.147746e+00 2.546010e+00 1.071388e+01 3.776148e+03 1.486378e+04 2.2418 2.088173e-01
9.630000e-01 2.492640e+00 2.149051e+00 2.547525e+00 1.071924e+01 3.825338e+03 1.485338e+04 2.24105 2.112106e-01
9.620000e-01 2.492640e+00 2.149310e+00 2.547670e+00 1.072144e+01 3.878829e+03 1.484734e+04 2.24587 2.145723e-01
9.610000e-01 2.492640e+00 2.150619e+00 2.549188e+00 1.072682e+01 3.926441e+03 1.483709e+04 2.24535 2.168922e-01
9.600000e-01 2.492640e+00 2.150861e+00 2.549308e+00 1.072902e+01 3.978313e+03 1.483126e+04 2.24988 2.201511e-01
9.590000e-01 2.492640e+00 2.152178e+00 2.550832e+00 1.073442e+01 4.024201e+03 1.482116e+04 2.24965 2.223952e-01
9.580000e-01 2.492640e+00 2.152408e+00 2.550933e+00 1.073662e+01 4.074792e+03 1.481549e+04 2.25399 2.255771e-01
9.570000e-01 2.492640e+00 2.153743e+00 2.552475e+00 1.074209e+01 4.119815e+03 1.480542e+04 2.25398 2.277859e-01
9.560000e-01 2.492640e+00 2.153989e+00 2.552597e+00 1.074432e+01 4.169585e+03 1.479983e+04 2.25829 2.309257e-01
9.550000e-01 2.492640e+00 2.155327e+00 2.554144e+00 1.074982e+01 4.213839e+03 1.478981e+04 2.25835 2.330935e-01
9.540000e-01 2.492640e+00 2.155584e+00 2.554282e+00 1.075208e+01 4.262644e+03 1.478434e+04 2.26257 2.361776e-01
9.530000e-01 2.492640e+00 2.156927e+00 2.555838e+00 1.075761e+01 4.306078e+03 1.477439e+04 2.26275 2.383063e-01
9.520000e-01 2.492640e+00 2.157193e+00 2.555990e+00 1.075988e+01 4.353947e+03 1.476904e+04 2.26688 2.413357e-01
9.510000e-01 2.492640e+00 2.158538e+00 2.557550e+00 1.076542e+01 4.396477e+03 1.475919e+04 2.26718 2.434212e-01
9.500000e-01 2.492640e+00 2.158804e+00 2.557703e+00 1.076770e+01 4.443284e+03 1.475396e+04 2.27117 2.463852e-01
9.490000e-01 2.492640e+00 2.160153e+00 2.559267e+00 1.077325e+01 4.484739e+03 1.474422e+04 2.27161 2.484220e-01
9.480000e-01 2.492640e+00 2.160417e+00 2.559418e+00 1.077554e+01 4.530627e+03 1.473911e+04 2.2755 2.513311e-01
9.470000e-01 2.492640e+00 2.161774e+00 2.560992e+00 1.078112e+01 4.571291e+03 1.472941e+04 2.27607 2.533331e-01
9.460000e-01 2.492640e+00 2.162040e+00 2.561146e+00 1.078342e+01 4.616344e+03 1.472440e+04 2.27986 2.561927e-01
9.450000e-01 2.492640e+00 2.163402e+00 2.562724e+00 1.078902e+01 4.656085e+03 1.471477e+04 2.28055 2.581511e-01
9.440000e-01 2.492640e+00 2.163662e+00 2.562871e+00 1.079133e+01 4.700248e+03 1.470986e+04 2.28422 2.609561e-01
9.430000e-01 2.492640e+00 2.165032e+00 2.564459e+00 1.079695e+01 4.739133e+03 1.470030e+04 2.28505 2.628770e-01
9.420000e-01 2.492640e+00 2.165285e+00 2.564596e+00 1.079926e+01 4.782428e+03 1.469550e+04 2.28859 2.656283e-01
9.410000e-01 2.492640e+00 2.166660e+00 2.566188e+00 1.080490e+01 4.820325e+03 1.468601e+04 2.28955 2.675046e-01
9.400000e-01 2.492640e+00 2.166895e+00 2.566298e+00 1.080719e+01 4.862656e+03 1.468134e+04 2.29293 2.701938e-01
9.390000e-01 2.492640e+00 2.168283e+00 2.567903e+00 1.081287e+01 4.899619e+03 1.467191e+04 2.29405 2.720321e-01
9.380000e-01 2.492640e+00 2.168518e+00 2.568012e+00 1.081518e+01 4.941395e+03 1.466730e+04 2.29739 2.746921e-01
9.370000e-01 2.492640e+00 2.169917e+00 2.569630e+00 1.082092e+01 4.978010e+03 1.465786e+04 2.29859 2.765147e-01
9.360000e-01 2.492640e+00 2.170167e+00 2.569757e+00 1.082326e+01 5.019346e+03 1.465329e+04 2.30194 2.791533e-01
9.350000e-01 2.492640e+00 2.171570e+00 2.571381e+00 1.082903e+01 5.055522e+03 1.464386e+04 2.30318 2.809524e-01
9.340000e-01 2.492640e+00 2.171828e+00 2.571522e+00 1.083140e+01 5.096328e+03 1.463934e+04 2.3065 2.835614e-01
9.330000e-01 2.492640e+00 2.173236e+00 2.573152e+00 1.083719e+01 5.132014e+03 1.462994e+04 2.30779 2.853368e-01
9.320000e-01 2.492640e+00 2.173499e+00 2.573301e+00 1.083957e+01 5.172231e+03 1.462549e+04 2.31106 2.879111e-01
9.310000e-01 2.492640e+00 2.174910e+00 2.574936e+00 1.084538e+01 5.207277e+03 1.461614e+04 2.31242 2.896563e-01
9.300000e-01 2.492640e+00 2.175168e+00 2.575079e+00 1.084776e+01 5.246822e+03 1.461178e+04 2.31561 2.921893e-01
9.290000e-01 2.492640e+00 2.176587e+00 2.576723e+00 1.085360e+01 5.281266e+03 1.460246e+04 2.31707 2.939090e-01
9.280000e-01 2.492640e+00 2.176848e+00 2.576870e+00 1.085600e+01 5.320322e+03 1.459815e+04 2.32023 2.964147e-01
9.270000e-01 2.492640e+00 2.178274e+00 2.578522e+00 1.086187e+01 5.354280e+03 1.458884e+04 2.32175 2.981117e-01
9.260000e-01 2.492640e+00 2.178533e+00 2.578666e+00 1.086427e+01 5.392779e+03 1.458459e+04 2.32485 3.005842e-01
9.250000e-01 2.492640e+00 2.179965e+00 2.580326e+00 1.087017e+01 5.426147e+03 1.457531e+04 2.32645 3.022545e-01
9.240000e-01 2.492640e+00 2.180222e+00 2.580467e+00 1.087258e+01 5.464110e+03 1.457111e+04 2.32949 3.046952e-01
9.230000e-01 2.492640e+00 2.181660e+00 2.582133e+00 1.087850e+01 5.496865e+03 1.456185e+04 2.33116 3.063375e-01
9.220000e-01 2.492640e+00 2.181904e+00 2.582257e+00 1.088091e+01 5.534203e+03 1.455772e+04 2.3341 3.087387e-01
9.210000e-01 2.492640e+00 2.183351e+00 2.583930e+00 1.088685e+01 5.566205e+03 1.454850e+04 2.33588 3.103481e-01
9.200000e-01 2.492640e+00 2.183582e+00 2.584035e+00 1.088925e+01 5.602964e+03 1.454444e+04 2.33873 3.127138e-01
9.190000e-01 2.492640e+00 2.185044e+00 2.585725e+00 1.089525e+01 5.634570e+03 1.453521e+04 2.34061 3.143091e-01
9.180000e-01 2.492640e+00 2.185285e+00 2.585844e+00 1.089768e+01 5.671071e+03 1.453116e+04 2.34349 3.166647e-01
9.170000e-01 2.492640e+00 2.186753e+00 2.587541e+00 1.090372e+01 5.702442e+03 1.452190e+04 2.34539 3.182469e-01
9.160000e-01 2.492640e+00 2.187003e+00 2.587672e+00 1.090618e+01 5.738603e+03 1.451788e+04 2.34827 3.205847e-01
9.150000e-01 2.492640e+00 2.188477e+00 2.589377e+00 1.091225e+01 5.769641e+03 1.450862e+04 2.35021 3.221503e-01
9.140000e-01 2.492640e+00 2.188732e+00 2.589516e+00 1.091473e+01 5.805411e+03 1.450464e+04 2.35306 3.244658e-01
9.130000e-01 2.492640e+00 2.190210e+00 2.591228e+00 1.092082e+01 5.836013e+03 1.449539e+04 2.35505 3.260105e-01
9.120000e-01 2.492640e+00 2.190461e+00 2.591362e+00 1.092329e+01 5.871285e+03 1.449146e+04 2.35784 3.282952e-01
9.110000e-01 2.492640e+00 2.191945e+00 2.593081e+00 1.092940e+01 5.901373e+03 1.448225e+04 2.35989 3.298174e-01
9.100000e-01 2.492640e+00 2.192195e+00 2.593214e+00 1.093189e+01 5.936241e+03 1.447836e+04 2.36266 3.320787e-01
9.090000e-01 2.492640e+00 2.193687e+00 2.594943e+00 1.093803e+01 5.965974e+03 1.446915e+04 2.36477 3.335857e-01
9.080000e-01 2.492640e+00 2.193938e+00 2.595078e+00 1.094053e+01 6.000483e+03 1.446529e+04 2.3675 3.358269e-01
9.070000e-01 2.492640e+00 2.195436e+00 2.596814e+00 1.094671e+01 6.029799e+03 1.445608e+04 2.36966 3.373143e-01
9.060000e-01 2.492640e+00 2.195684e+00 2.596944e+00 1.094921e+01 6.063921e+03 1.445227e+04 2.37236 3.395331e-01
9.050000e-01 2.492640e+00 2.197190e+00 2.598689e+00 1.095542e+01 6.092822e+03 1.444306e+04 2.37458 3.410020e-01
9.040000e-01 2.492640e+00 2.197430e+00 2.598809e+00 1.095793e+01 6.126515e+03 1.443929e+04 2.37722 3.431948e-01
9.030000e-01 2.492640e+00 2.198944e+00 2.600561e+00 1.096416e+01 6.154872e+03 1.443009e+04 2.37951 3.446392e-01
9.020000e-01 2.492640e+00 2.199168e+00 2.600660e+00 1.096666e+01 6.188083e+03 1.442638e+04 2.38207 3.468018e-01
9.010000e-01 2.492640e+00 2.200697e+00 2.602427e+00 1.097294e+01 6.216025e+03 1.441717e+04 2.38445 3.482306e-01
9.000000e-01 2.492640e+00 2.200927e+00 2.602533e+00 1.097547e+01 6.249040e+03 1.441347e+04 2.38703 3.503860e-01
8.990000e-01 2.492640e+00 2.202464e+00 2.604311e+00 1.098180e+01 6.276842e+03 1.440421e+04 2.38943 3.518076e-01
8.980000e-01 2.492640e+00 2.202704e+00 2.604429e+00 1.098436e+01 6.309651e+03 1.440051e+04 2.39203 3.539541e-01
8.970000e-01 2.492640e+00 2.204248e+00 2.606215e+00 1.099073e+01 6.337236e+03 1.439123e+04 2.39446 3.553641e-01
8.960000e-01 2.492640e+00 2.204493e+00 2.606342e+00 1.099331e+01 6.369777e+03 1.438755e+04 2.39705 3.574964e-01
8.950000e-01 2.492640e+00 2.206087e+00 2.608195e+00 1.099980e+01 6.397015e+03 1.437815e+04 2.39957 3.588834e-01
8.940000e-01 2.492640e+00 2.206301e+00 2.608282e+00 1.100233e+01 6.429210e+03 1.437458e+04 2.40209 3.609977e-01
8.930000e-01 2.492640e+00 2.207884e+00 2.610121e+00 1.100880e+01 6.456031e+03 1.436523e+04 2.40464 3.623682e-01
8.920000e-01 2.492640e+00 2.208093e+00 2.610202e+00 1.101133e+01 6.487875e+03 1.436170e+04 2.40712 3.644616e-01
8.910000e-01 2.492640e+00 2.209687e+00 2.612052e+00 1.101784e+01 6.514381e+03 1.435234e+04 2.40972 3.658190e-01
8.900000e-01 2.492640e+00 2.209896e+00 2.612134e+00 1.102038e+01 6.545945e+03 1.434883e+04 2.41218 3.678971e-01
8.890000e-01 2.492640e+00 2.211496e+00 2.613992e+00 1.102692e+01 6.572121e+03 1.433947e+04 2.41483 3.692389e-01
8.880000e-01 2.492640e+00 2.211700e+00 2.614069e+00 1.102948e+01 6.603371e+03 1.433598e+04 2.41726 3.712989e-01
8.870000e-01 2.492640e+00 2.213310e+00 2.615937e+00 1.103605e+01 6.629206e+03 1.432661e+04 2.41996 3.726257e-01
8.860000e-01 2.492640e+00 2.213507e+00 2.616004e+00 1.103861e+01 6.660129e+03 1.432316e+04 2.42235 3.746665e-01
8.850000e-01 2.492640e+00 2.215124e+00 2.617880e+00 1.104521e+01 6.685530e+03 1.431378e+04 2.4251 3.759733e-01
8.840000e-01 2.492640e+00 2.215306e+00 2.617927e+00 1.104776e+01 6.716058e+03 1.431037e+04 2.42743 3.779897e-01
8.830000e-01 2.492640e+00 2.216937e+00 2.619817e+00 1.105440e+01 6.741088e+03 1.430098e+04 2.43025 3.792821e-01
8.820000e-01 2.492640e+00 2.217122e+00 2.619867e+00 1.105697e+01 6.771448e+03 1.429758e+04 2.43259 3.812923e-01
8.810000e-01 2.492640e+00 2.218764e+00 2.621771e+00 1.106367e+01 6.796370e+03 1.428813e+04 2.43545 3.825796e-01
8.800000e-01 2.492640e+00 2.218957e+00 2.621832e+00 1.106628e+01 6.826592e+03 1.428473e+04 2.43781 3.845854e-01
8.790000e-01 2.492640e+00 2.220606e+00 2.623745e+00 1.107303e+01 6.851356e+03 1.427523e+04 2.44069 3.858638e-01
8.780000e-01 2.492640e+00 2.220805e+00 2.623814e+00 1.107566e+01 6.881387e+03 1.427184e+04 2.44305 3.878604e-01
8.770000e-01 2.492640e+00 2.222460e+00 2.625735e+00 1.108244e+01 6.905909e+03 1.426232e+04 2.44597 3.891264e-01
8.760000e-01 2.492640e+00 2.222657e+00 2.625802e+00 1.108508e+01 6.935648e+03 1.425895e+04 2.4483 3.911057e-01
8.750000e-01 2.492640e+00 2.224319e+00 2.627731e+00 1.109188e+01 6.959826e+03 1.424943e+04 2.45125 3.923558e-01
8.740000e-01 2.492640e+00 2.224510e+00 2.627792e+00 1.109452e+01 6.989278e+03 1.424608e+04 2.45356 3.943183e-01
8.730000e-01 2.492640e+00 2.226181e+00 2.629733e+00 1.110137e+01 7.013187e+03 1.423654e+04 2.45656 3.955570e-01
8.720000e-01 2.492640e+00 2.226371e+00 2.629793e+00 1.110402e+01 7.042407e+03 1.423322e+04 2.45885 3.975071e-01
8.710000e-01 2.492640e+00 2.228050e+00 2.631742e+00 1.111089e+01 7.066032e+03 1.422366e+04 2.46189 3.987323e-01
8.700000e-01 2.492640e+00 2.228235e+00 2.631796e+00 1.111355e+01 7.094990e+03 1.422035e+04 2.46415 4.006675e-01
8.690000e-01 2.492640e+00 2.229923e+00 2.633756e+00 1.112047e+01 7.118319e+03 1.421077e+04 2.46724 4.018794e-01
8.680000e-01 2.492640e+00 2.230099e+00 2.633799e+00 1.112313e+01 7.147002e+03 1.420749e+04 2.46946 4.037986e-01
8.670000e-01 2.492640e+00 2.231796e+00 2.635768e+00 1.113007e+01 7.169948e+03 1.419790e+04 2.4726 4.049929e-01
8.660000e-01 2.492640e+00 2.231957e+00 2.635790e+00 1.113272e+01 7.198298e+03 1.419465e+04 2.47476 4.068919e-01
8.650000e-01 2.492640e+00 2.233669e+00 2.637775e+00 1.113971e+01 7.220946e+03 1.418503e+04 2.47797 4.080748e-01
8.640000e-01 2.492640e+00 2.233832e+00 2.637801e+00 1.114239e+01 7.249173e+03 1.418178e+04 2.48015 4.099703e-01
8.630000e-01 2.492640e+00 2.235555e+00 2.639799e+00 1.114944e+01 7.271731e+03 1.417209e+04 2.48339 4.111486e-01
8.620000e-01 2.492640e+00 2.235726e+00 2.639835e+00 1.115215e+01 7.299847e+03 1.416884e+04 2.48559 4.130410e-01
8.610000e-01 2.492640e+00 2.237457e+00 2.641842e+00 1.115925e+01 7.322272e+03 1.415909e+04 2.48885 4.142118e-01
8.600000e-01 2.492640e+00 2.237632e+00 2.641885e+00 1.116198e+01 7.350230e+03 1.415584e+04 2.49106 4.160970e-01
8.590000e-01 2.492640e+00 2.239369e+00 2.643901e+00 1.116913e+01 7.372442e+03 1.414607e+04 2.49434 4.172565e-01
8.580000e-01 2.492640e+00 2.239540e+00 2.643939e+00 1.117186e+01 7.400154e+03 1.414283e+04 2.49652 4.191275e-01
8.570000e-01 2.492640e+00 2.241285e+00 2.645964e+00 1.117903e+01 7.422075e+03 1.413304e+04 2.49985 4.202735e-01
8.560000e-01 2.492640e+00 2.241451e+00 2.645997e+00 1.118178e+01 7.449562e+03 1.412982e+04 2.50201 4.221320e-01
8.550000e-01 2.492640e+00 2.243207e+00 2.648035e+00 1.118899e+01 7.471258e+03 1.412000e+04 2.50538 4.232681e-01
8.540000e-01 2.492640e+00 2.243370e+00 2.648065e+00 1.119175e+01 7.498542e+03 1.411679e+04 2.50752 4.251158e-01
8.530000e-01 2.492640e+00 2.245133e+00 2.650112e+00 1.119899e+01 7.519978e+03 1.410694e+04 2.51093 4.262394e-01
8.520000e-01 2.492640e+00 2.245291e+00 2.650135e+00 1.120176e+01 7.547040e+03 1.410374e+04 2.51305 4.280748e-01
8.510000e-01 2.492640e+00 2.247064e+00 2.652193e+00 1.120904e+01 7.568208e+03 1.409386e+04 2.5165 4.291862e-01
8.500000e-01 2.492640e+00 2.247209e+00 2.652200e+00 1.121180e+01 7.595013e+03 1.409069e+04 2.51858 4.310064e-01
8.490000e-01 2.492640e+00 2.248993e+00 2.654269e+00 1.121912e+01 7.615816e+03 1.408079e+04 2.52207 4.321010e-01
8.480000e-01 2.492640e+00 2.249124e+00 2.654258e+00 1.122188e+01 7.642361e+03 1.407765e+04 2.52411 4.339065e-01
8.470000e-01 2.492640e+00 2.250923e+00 2.656344e+00 1.122925e+01 7.662967e+03 1.406770e+04 2.52767 4.349938e-01
8.460000e-01 2.492640e+00 2.251061e+00 2.656341e+00 1.123204e+01 7.689430e+03 1.406454e+04 2.52973 4.367986e-01
8.450000e-01 2.492640e+00 2.252869e+00 2.658438e+00 1.123948e+01 7.709950e+03 1.405452e+04 2.53331 4.378809e-01
8.440000e-01 2.492640e+00 2.253011e+00 2.658442e+00 1.124229e+01 7.736311e+03 1.405135e+04 2.53539 4.396827e-01
8.430000e-01 2.492640e+00 2.254829e+00 2.660551e+00 1.124979e+01 7.756705e+03 1.404127e+04 2.539 4.407578e-01
8.420000e-01 2.492640e+00 2.254972e+00 2.660558e+00 1.125262e+01 7.782910e+03 1.403810e+04 2.54108 4.425522e-01
8.410000e-01 2.492640e+00 2.256797e+00 2.662675e+00 1.126015e+01 7.803086e+03 1.402799e+04 2.54471 4.436159e-01
8.400000e-01 2.492640e+00 2.256933e+00 2.662674e+00 1.126299e+01 7.829077e+03 1.402483e+04 2.54676 4.453982e-01
8.390000e-01 2.492640e+00 2.258769e+00 2.664804e+00 1.127056e+01 7.849010e+03 1.401469e+04 2.55044 4.464507e-01
8.380000e-01 2.492640e+00 2.258902e+00 2.664801e+00 1.127341e+01 7.874830e+03 1.401154e+04 2.55248 4.482244e-01
8.370000e-01 2.492640e+00 2.260746e+00 2.666941e+00 1.128102e+01 7.894558e+03 1.400135e+04 2.55619 4.492670e-01
8.360000e-01 2.492640e+00 2.260874e+00 2.666932e+00 1.128389e+01 7.920188e+03 1.399821e+04 2.55821 4.510305e-01
8.350000e-01 2.492640e+00 2.262773e+00 2.669142e+00 1.129163e+01 7.939643e+03 1.398787e+04 2.56202 4.520521e-01
8.340000e-01 2.492640e+00 2.262865e+00 2.669086e+00 1.129444e+01 7.965108e+03 1.398481e+04 2.56397 4.538113e-01
8.330000e-01 2.492640e+00 2.264757e+00 2.671286e+00 1.130219e+01 7.984293e+03 1.397448e+04 2.56781 4.548231e-01
8.320000e-01 2.492640e+00 2.264832e+00 2.671208e+00 1.130499e+01 8.009494e+03 1.397145e+04 2.56971 4.565668e-01
8.310000e-01 2.492640e+00 2.266738e+00 2.673423e+00 1.131278e+01 8.028366e+03 1.396109e+04 2.5736 4.575647e-01
8.300000e-01 2.492640e+00 2.266806e+00 2.673334e+00 1.131559e+01 8.053411e+03 1.395806e+04 2.57549 4.593019e-01
8.290000e-01 2.492640e+00 2.268727e+00 2.675568e+00 1.132345e+01 8.072181e+03 1.394762e+04 2.57943 4.602955e-01
8.280000e-01 2.492640e+00 2.268800e+00 2.675486e+00 1.132629e+01 8.097157e+03 1.394458e+04 2.58134 4.620324e-01
8.270000e-01 2.492640e+00 2.270731e+00 2.677732e+00 1.133422e+01 8.115828e+03 1.393407e+04 2.5853 4.630199e-01
8.260000e-01 2.492640e+00 2.270807e+00 2.677656e+00 1.133709e+01 8.140705e+03 1.393102e+04 2.58722 4.647536e-01
8.250000e-01 2.492640e+00 2.272746e+00 2.679911e+00 1.134506e+01 8.159224e+03 1.392044e+04 2.59121 4.657325e-01
8.240000e-01 2.492640e+00 2.272818e+00 2.679831e+00 1.134794e+01 8.183932e+03 1.391740e+04 2.59312 4.674577e-01
8.230000e-01 2.492640e+00 2.274767e+00 2.682098e+00 1.135596e+01 8.202229e+03 1.390679e+04 2.59714 4.684252e-01
8.220000e-01 2.492640e+00 2.274830e+00 2.682009e+00 1.135885e+01 8.226760e+03 1.390375e+04 2.59902 4.701412e-01
8.210000e-01 2.492640e+00 2.276792e+00 2.684291e+00 1.136691e+01 8.244868e+03 1.389308e+04 2.60309 4.710998e-01
8.200000e-01 2.492640e+00 2.276851e+00 2.684198e+00 1.136981e+01 8.269248e+03 1.389005e+04 2.60496 4.728087e-01
8.190000e-01 2.492640e+00 2.278822e+00 2.686490e+00 1.137793e+01 8.287141e+03 1.387934e+04 2.60906 4.737563e-01
8.180000e-01 2.492640e+00 2.278874e+00 2.686388e+00 1.138083e+01 8.311348e+03 1.387631e+04 2.61091 4.754562e-01
8.170000e-01 2.492640e+00 2.280856e+00 2.688694e+00 1.138899e+01 8.329018e+03 1.386556e+04 2.61505 4.763931e-01
8.160000e-01 2.492640e+00 2.280893e+00 2.688573e+00 1.139190e+01 8.353018e+03 1.386254e+04 2.61686 4.780816e-01
8.150000e-01 2.492640e+00 2.282887e+00 2.690891e+00 1.140009e+01 8.370375e+03 1.385175e+04 2.62105 4.790032e-01
8.140000e-01 2.492640e+00 2.282908e+00 2.690751e+00 1.140299e+01 8.394160e+03 1.384876e+04 2.62282 4.806802e-01
8.130000e-01 2.492640e+00 2.284919e+00 2.693089e+00 1.141125e+01 8.411339e+03 1.383791e+04 2.62706 4.815946e-01
8.120000e-01 2.492640e+00 2.284941e+00 2.692951e+00 1.141418e+01 8.435060e+03 1.383490e+04 2.62885 4.832719e-01
8.110000e-01 2.492640e+00 2.286964e+00 2.695302e+00 1.142251e+01 8.452149e+03 1.382396e+04 2.63313 4.841807e-01
8.100000e-01 2.492640e+00 2.286990e+00 2.695171e+00 1.142547e+01 8.475794e+03 1.382094e+04 2.63493 4.858568e-01
8.090000e-01 2.492640e+00 2.289022e+00 2.697533e+00 1.143387e+01 8.492762e+03 1.380992e+04 2.63923 4.867583e-01
8.080000e-01 2.492640e+00 2.289046e+00 2.697400e+00 1.143684e+01 8.516281e+03 1.380689e+04 2.64103 4.884290e-01
8.070000e-01 2.492640e+00 2.291087e+00 2.699773e+00 1.144529e+01 8.533058e+03 1.379583e+04 2.64536 4.893201e-01
8.060000e-01 2.492640e+00 2.291102e+00 2.699631e+00 1.144827e+01 8.556409e+03 1.379281e+04 2.64713 4.909823e-01
8.050000e-01 2.492640e+00 2.293156e+00 2.702020e+00 1.145677e+01 8.572997e+03 1.378169e+04 2.6515 4.918640e-01
8.040000e-01 2.492640e+00 2.293164e+00 2.701870e+00 1.145977e+01 8.596216e+03 1.377866e+04 2.65327 4.935206e-01
8.030000e-01 2.492640e+00 2.295230e+00 2.704274e+00 1.146832e+01 8.612618e+03 1.376749e+04 2.65767 4.943924e-01
8.020000e-01 2.492640e+00 2.295230e+00 2.704114e+00 1.147132e+01 8.635678e+03 1.376447e+04 2.65942 4.960412e-01
8.010000e-01 2.492640e+00 2.297307e+00 2.706530e+00 1.147992e+01 8.651868e+03 1.375323e+04 2.66386 4.969025e-01
8.000000e-01 2.492640e+00 2.297296e+00 2.706358e+00 1.148293e+01 8.674765e+03 1.375022e+04 2.66558 4.985430e-01
7.990000e-01 2.492640e+00 2.299384e+00 2.708786e+00 1.149158e+01 8.690678e+03 1.373895e+04 2.67006 4.993901e-01
7.980000e-01 2.492640e+00 2.299351e+00 2.708586e+00 1.149457e+01 8.713351e+03 1.373595e+04 2.67173 5.010184e-01
7.970000e-01 2.492640e+00 2.301457e+00 2.711035e+00 1.150328e+01 8.729035e+03 1.372463e+04 2.67627 5.018551e-01
7.960000e-01 2.492640e+00 2.301423e+00 2.710833e+00 1.150630e+01 8.751624e+03 1.372162e+04 2.67794 5.034823e-01
7.950000e-01 2.492640e+00 2.303541e+00 2.713297e+00 1.151508e+01 8.767215e+03 1.371020e+04 2.68253 5.043139e-01
7.940000e-01 2.492640e+00 2.303508e+00 2.713099e+00 1.151813e+01 8.789737e+03 1.370718e+04 2.68421 5.059407e-01
7.930000e-01 2.492640e+00 2.305637e+00 2.715576e+00 1.152699e+01 8.805221e+03 1.369567e+04 2.68882 5.067654e-01
7.920000e-01 2.492640e+00 2.305602e+00 2.715377e+00 1.153006e+01 8.827641e+03 1.369264e+04 2.6905 5.083889e-01
7.910000e-01 2.492640e+00 2.307742e+00 2.717867e+00 1.153897e+01 8.842958e+03 1.368106e+04 2.69514 5.092038e-01
7.900000e-01 2.492640e+00 2.307696e+00 2.717656e+00 1.154205e+01 8.865227e+03 1.367804e+04 2.6968 5.108201e-01
7.890000e-01 2.492640e+00 2.309892e+00 2.720220e+00 1.155112e+01 8.880322e+03 1.366628e+04 2.70153 5.116141e-01
7.880000e-01 2.492640e+00 2.309813e+00 2.719966e+00 1.155415e+01 8.902492e+03 1.366332e+04 2.70314 5.132319e-01
7.870000e-01 2.492640e+00 2.312005e+00 2.722522e+00 1.156324e+01 8.917424e+03 1.365154e+04 2.70789 5.140207e-01
7.860000e-01 2.492640e+00 2.311916e+00 2.722257e+00 1.156628e+01 8.939453e+03 1.364858e+04 2.70948 5.156323e-01
7.850000e-01 2.492640e+00 2.314120e+00 2.724828e+00 1.157543e+01 8.954186e+03 1.363673e+04 2.71427 5.164104e-01
7.840000e-01 2.492640e+00 2.314018e+00 2.724548e+00 1.157848e+01 8.976067e+03 1.363378e+04 2.71583 5.180152e-01
7.830000e-01 2.492640e+00 2.316235e+00 2.727133e+00 1.158768e+01 8.990545e+03 1.362188e+04 2.72066 5.187797e-01
7.820000e-01 2.492640e+00 2.316111e+00 2.726824e+00 1.159072e+01 9.012213e+03 1.361894e+04 2.72217 5.203731e-01
7.810000e-01 2.492640e+00 2.318345e+00 2.729428e+00 1.159997e+01 9.026449e+03 1.360698e+04 2.72706 5.211259e-01
7.800000e-01 2.492640e+00 2.318214e+00 2.729112e+00 1.160302e+01 9.048026e+03 1.360404e+04 2.72856 5.227177e-01
7.790000e-01 2.492640e+00 2.320464e+00 2.731735e+00 1.161236e+01 9.062164e+03 1.359198e+04 2.73349 5.234649e-01
7.780000e-01 2.492640e+00 2.320331e+00 2.731418e+00 1.161545e+01 9.083678e+03 1.358901e+04 2.735 5.250569e-01
7.770000e-01 2.492640e+00 2.322593e+00 2.734056e+00 1.162487e+01 9.097707e+03 1.357685e+04 2.73996 5.257965e-01
7.760000e-01 2.492640e+00 2.322457e+00 2.733738e+00 1.162798e+01 9.119129e+03 1.357388e+04 2.74147 5.273862e-01
7.750000e-01 2.492640e+00 2.324730e+00 2.736389e+00 1.163747e+01 9.133001e+03 1.356163e+04 2.74646 5.281161e-01
7.740000e-01 2.492640e+00 2.324582e+00 2.736056e+00 1.164058e+01 9.154286e+03 1.355866e+04 2.74794 5.296998e-01
7.730000e-01 2.492640e+00 2.326869e+00 2.738724e+00 1.165013e+01 9.167968e+03 1.354634e+04 2.75298 5.304191e-01
7.720000e-01 2.492640e+00 2.326713e+00 2.738384e+00 1.165326e+01 9.189142e+03 1.354336e+04 2.75445 5.319988e-01
7.710000e-01 2.492640e+00 2.329013e+00 2.741066e+00 1.166288e+01 9.202659e+03 1.353096e+04 2.75952 5.327086e-01
7.700000e-01 2.492640e+00 2.328845e+00 2.740713e+00 1.166601e+01 9.223701e+03 1.352798e+04 2.76096 5.342829e-01
7.690000e-01 2.492640e+00 2.331158e+00 2.743411e+00 1.167570e+01 9.237027e+03 1.351551e+04 2.76607 5.349818e-01
7.680000e-01 2.492640e+00 2.330974e+00 2.743038e+00 1.167884e+01 9.257928e+03 1.351252e+04 2.76748 5.365501e-01
7.670000e-01 2.492640e+00 2.333301e+00 2.745754e+00 1.168858e+01 9.271005e+03 1.349999e+04 2.77263 5.372351e-01
7.660000e-01 2.492640e+00 2.333094e+00 2.745350e+00 1.169170e+01 9.291708e+03 1.349702e+04 2.77398 5.387931e-01
7.650000e-01 2.492640e+00 2.335439e+00 2.748085e+00 1.170151e+01 9.304551e+03 1.348442e+04 2.77919 5.394662e-01
7.640000e-01 2.492640e+00 2.335224e+00 2.747674e+00 1.170465e+01 9.325171e+03 1.348144e+04 2.78054 5.410232e-01
7.630000e-01 2.492640e+00 2.337583e+00 2.750426e+00 1.171455e+01 9.337915e+03 1.346872e+04 2.78579 5.416900e-01
7.620000e-01 2.492640e+00 2.337363e+00 2.750010e+00 1.171772e+01 9.358471e+03 1.346572e+04 2.78713 5.432475e-01
7.610000e-01 2.492640e+00 2.339738e+00 2.752782e+00 1.172770e+01 9.371104e+03 1.345289e+04 2.79242 5.439060e-01
7.600000e-01 2.492640e+00 2.339510e+00 2.752359e+00 1.173089e+01 9.391569e+03 1.344987e+04 2.79376 5.454615e-01
7.590000e-01 2.492640e+00 2.341897e+00 2.755142e+00 1.174095e+01 9.404033e+03 1.343694e+04 2.79907 5.461091e-01
7.580000e-01 2.492640e+00 2.341659e+00 2.754709e+00 1.174415e+01 9.424374e+03 1.343392e+04 2.80039 5.476592e-01
7.570000e-01 2.492640e+00 2.344058e+00 2.757508e+00 1.175428e+01 9.436665e+03 1.342091e+04 2.80573 5.482966e-01
7.560000e-01 2.492640e+00 2.343805e+00 2.757056e+00 1.175749e+01 9.456898e+03 1.341789e+04 2.80703 5.498439e-01
7.550000e-01 2.492640e+00 2.346221e+00 2.759877e+00 1.176770e+01 9.469023e+03 1.340478e+04 2.81241 5.504705e-01
7.540000e-01 2.492640e+00 2.345956e+00 2.759412e+00 1.177091e+01 9.489134e+03 1.340174e+04 2.81368 5.520128e-01
7.530000e-01 2.492640e+00 2.348425e+00 2.762302e+00 1.178128e+01 9.501037e+03 1.338842e+04 2.81916 5.526168e-01
7.520000e-01 2.492640e+00 2.348116e+00 2.761780e+00 1.178445e+01 9.521026e+03 1.338546e+04 2.82035 5.541597e-01
7.510000e-01 2.492640e+00 2.350584e+00 2.764666e+00 1.179484e+01 9.532683e+03 1.337212e+04 2.82585 5.547532e-01
7.500000e-01 2.492640e+00 2.350250e+00 2.764112e+00 1.179799e+01 9.552487e+03 1.336917e+04 2.82699 5.562873e-01
7.490000e-01 2.492640e+00 2.352738e+00 2.767019e+00 1.180846e+01 9.563943e+03 1.335574e+04 2.83254 5.568701e-01
7.480000e-01 2.492640e+00 2.352395e+00 2.766456e+00 1.181163e+01 9.583684e+03 1.335277e+04 2.83367 5.584051e-01
7.470000e-01 2.492640e+00 2.352751e+00 2.766717e+00 1.181609e+01 9.601660e+03 1.334819e+04 2.83672 5.598837e-01
7.460000e-01 2.492640e+00 2.355983e+00 2.770571e+00 1.182911e+01 9.610502e+03 1.333090e+04 2.84265 5.600317e-01
7.450000e-01 2.492640e+00 2.355625e+00 2.769992e+00 1.183232e+01 9.630140e+03 1.332790e+04 2.84377 5.615668e-01
7.440000e-01 2.492640e+00 2.355968e+00 2.770239e+00 1.183681e+01 9.647979e+03 1.332328e+04 2.84679 5.630416e-01
7.430000e-01 2.492640e+00 2.359236e+00 2.774138e+00 1.185002e+01 9.656550e+03 1.330576e+04 2.8528 5.631675e-01
7.420000e-01 2.492640e+00 2.360301e+00 2.775298e+00 1.185699e+01 9.671778e+03 1.329735e+04 2.85615 5.642084e-01
7.410000e-01 2.492640e+00 2.361386e+00 2.776489e+00 1.186403e+01 9.686914e+03 1.328888e+04 2.85954 5.652424e-01
7.400000e-01 2.492640e+00 2.362472e+00 2.777680e+00 1.187109e+01 9.701983e+03 1.328038e+04 2.86293 5.662730e-01
7.390000e-01 2.492640e+00 2.363558e+00 2.778872e+00 1.187817e+01 9.716974e+03 1.327186e+04 2.86633 5.672996e-01
7.380000e-01 2.492640e+00 2.364643e+00 2.780063e+00 1.188528e+01 9.731886e+03 1.326331e+04 2.86973 5.683222e-01
7.370000e-01 2.492640e+00 2.365727e+00 2.781252e+00 1.189240e+01 9.746716e+03 1.325473e+04 2.87313 5.693402e-01
7.360000e-01 2.492640e+00 2.366849e+00 2.782493e+00 1.189963e+01 9.761390e+03 1.324603e+04 2.87658 5.703404e-01
7.350000e-01 2.492640e+00 2.367888e+00 2.783622e+00 1.190669e+01 9.776027e+03 1.323753e+04 2.87992 5.713573e-01
7.340000e-01 2.492640e+00 2.369006e+00 2.784858e+00 1.191395e+01 9.790517e+03 1.322879e+04 2.88337 5.723484e-01
7.330000e-01 2.492640e+00 2.370086e+00 2.786042e+00 1.192115e+01 9.805003e+03 1.322011e+04 2.88677 5.733487e-01
7.320000e-01 2.492640e+00 2.371167e+00 2.787226e+00 1.192840e+01 9.819442e+03 1.321139e+04 2.89018 5.743471e-01
7.310000e-01 2.492640e+00 2.372249e+00 2.788414e+00 1.193567e+01 9.833833e+03 1.320263e+04 2.89359 5.753431e-01
7.300000e-01 2.492640e+00 2.373333e+00 2.789605e+00 1.194297e+01 9.848173e+03 1.319383e+04 2.89702 5.763367e-01
7.290000e-01 2.492640e+00 2.374417e+00 2.790795e+00 1.195031e+01 9.862448e+03 1.318500e+04 2.90044 5.773267e-01
7.280000e-01 2.492640e+00 2.375501e+00 2.791985e+00 1.195766e+01 9.876644e+03 1.317614e+04 2.90386 5.783125e-01
7.270000e-01 2.492640e+00 2.376583e+00 2.793175e+00 1.196504e+01 9.890764e+03 1.316725e+04 2.90729 5.792943e-01
7.260000e-01 2.492640e+00 2.377667e+00 2.794367e+00 1.197245e+01 9.904821e+03 1.315832e+04 2.91072 5.802731e-01
7.250000e-01 2.492640e+00 2.378750e+00 2.795558e+00 1.197988e+01 9.918812e+03 1.314937e+04 2.91415 5.812485e-01
7.240000e-01 2.492640e+00 2.379832e+00 2.796749e+00 1.198734e+01 9.932723e+03 1.314038e+04 2.91759 5.822195e-01
7.230000e-01 2.492640e+00 2.380914e+00 2.797939e+00 1.199482e+01 9.946555e+03 1.313137e+04 2.92102 5.831866e-01
7.220000e-01 2.492640e+00 2.381995e+00 2.799130e+00 1.200233e+01 9.960307e+03 1.312233e+04 2.92446 5.841495e-01
7.210000e-01 2.492640e+00 2.383073e+00 2.800316e+00 1.200985e+01 9.973944e+03 1.311327e+04 2.92789 5.851063e-01
7.200000e-01 2.492640e+00 2.384147e+00 2.801497e+00 1.201739e+01 9.987469e+03 1.310420e+04 2.93132 5.860570e-01
7.190000e-01 2.492640e+00 2.385220e+00 2.802676e+00 1.202494e+01 1.000091e+04 1.309510e+04 2.93475 5.870037e-01
7.180000e-01 2.492640e+00 2.386294e+00 2.803856e+00 1.203254e+01 1.001431e+04 1.308595e+04 2.93818 5.879488e-01
7.170000e-01 2.492640e+00 2.387369e+00 2.805040e+00 1.204017e+01 1.002766e+04 1.307676e+04 2.94163 5.888917e-01
7.160000e-01 2.492640e+00 2.388445e+00 2.806225e+00 1.204784e+01 1.004096e+04 1.306752e+04 2.94507 5.898318e-01
7.150000e-01 2.492640e+00 2.389522e+00 2.807411e+00 1.205554e+01 1.005420e+04 1.305825e+04 2.94852 5.907691e-01
7.140000e-01 2.492640e+00 2.390598e+00 2.808598e+00 1.206328e+01 1.006738e+04 1.304893e+04 2.95198 5.917031e-01
7.130000e-01 2.492640e+00 2.391674e+00 2.809784e+00 1.207104e+01 1.008048e+04 1.303959e+04 2.95543 5.926327e-01
7.120000e-01 2.492640e+00 2.392748e+00 2.810970e+00 1.207883e+01 1.009350e+04 1.303021e+04 2.95889 5.935582e-01
7.110000e-01 2.492640e+00 2.393822e+00 2.812155e+00 1.208665e+01 1.010646e+04 1.302079e+04 2.96234 5.944806e-01
7.100000e-01 2.492640e+00 2.394896e+00 2.813341e+00 1.209449e+01 1.011935e+04 1.301134e+04 2.9658 5.953993e-01
7.090000e-01 2.492640e+00 2.395968e+00 2.814525e+00 1.210237e+01 1.013217e+04 1.300185e+04 2.96925 5.963137e-01
7.080000e-01 2.492640e+00 2.397038e+00 2.815707e+00 1.211027e+01 1.014490e+04 1.299233e+04 2.97271 5.972238e-01
7.070000e-01 2.492640e+00 2.398108e+00 2.816889e+00 1.211820e+01 1.015755e+04 1.298277e+04 2.97616 5.981295e-01
7.060000e-01 2.492640e+00 2.399173e+00 2.818064e+00 1.212614e+01 1.017009e+04 1.297320e+04 2.97961 5.990287e-01
7.050000e-01 2.492640e+00 2.400234e+00 2.819235e+00 1.213409e+01 1.018251e+04 1.296361e+04 2.98304 5.999221e-01
7.040000e-01 2.492640e+00 2.401331e+00 2.820454e+00 1.214217e+01 1.019483e+04 1.295386e+04 2.98653 6.007997e-01
7.030000e-01 2.492640e+00 2.402392e+00 2.821625e+00 1.215020e+01 1.020714e+04 1.294416e+04 2.98997 6.016867e-01
7.020000e-01 2.492640e+00 2.403451e+00 2.822794e+00 1.215826e+01 1.021940e+04 1.293442e+04 2.99341 6.025712e-01
7.010000e-01 2.492640e+00 2.404510e+00 2.823963e+00 1.216636e+01 1.023160e+04 1.292463e+04 2.99685 6.034524e-01
7.000000e-01 2.492640e+00 2.405569e+00 2.825133e+00 1.217450e+01 1.024374e+04 1.291479e+04 3.0003 6.043306e-01
6.990000e-01 2.492640e+00 2.406627e+00 2.826302e+00 1.218267e+01 1.025582e+04 1.290491e+04 3.00374 6.052048e-01
6.980000e-01 2.492640e+00 2.407682e+00 2.827469e+00 1.219087e+01 1.026782e+04 1.289499e+04 3.00718 6.060743e-01
6.970000e-01 2.492640e+00 2.408736e+00 2.828633e+00 1.219909e+01 1.027974e+04 1.288503e+04 3.01061 6.069394e-01
6.960000e-01 2.492640e+00 2.409788e+00 2.829796e+00 1.220735e+01 1.029160e+04 1.287502e+04 3.01404 6.078012e-01
6.950000e-01 2.492640e+00 2.410838e+00 2.830959e+00 1.221564e+01 1.030339e+04 1.286496e+04 3.01747 6.086588e-01
6.940000e-01 2.492640e+00 2.411886e+00 2.832117e+00 1.222397e+01 1.031510e+04 1.285487e+04 3.02089 6.095116e-01
6.930000e-01 2.492640e+00 2.412932e+00 2.833273e+00 1.223232e+01 1.032673e+04 1.284473e+04 3.02431 6.103598e-01
6.920000e-01 2.492640e+00 2.413974e+00 2.834426e+00 1.224069e+01 1.033827e+04 1.283456e+04 3.02772 6.112027e-01
6.910000e-01 2.492640e+00 2.415011e+00 2.835571e+00 1.224907e+01 1.034968e+04 1.282437e+04 3.03112 6.120388e-01
6.900000e-01 2.492640e+00 2.416043e+00 2.836710e+00 1.225748e+01 1.036101e+04 1.281415e+04 3.03451 6.128693e-01
6.890000e-01 2.492640e+00 2.417074e+00 2.837848e+00 1.226592e+01 1.037227e+04 1.280388e+04 3.03789 6.136969e-01
6.880000e-01 2.492640e+00 2.418104e+00 2.838985e+00 1.227441e+01 1.038349e+04 1.279354e+04 3.04128 6.145219e-01
6.870000e-01 2.492640e+00 2.419133e+00 2.840122e+00 1.228294e+01 1.039464e+04 1.278315e+04 3.04467 6.153431e-01
6.860000e-01 2.492640e+00 2.420161e+00 2.841259e+00 1.229151e+01 1.040573e+04 1.277271e+04 3.04805 6.161610e-01
6.850000e-01 2.492640e+00 2.421188e+00 2.842394e+00 1.230012e+01 1.041676e+04 1.276221e+04 3.05144 6.169753e-01
6.840000e-01 2.492640e+00 2.422212e+00 2.843527e+00 1.230877e+01 1.042771e+04 1.275167e+04 3.05482 6.177847e-01
6.830000e-01 2.492640e+00 2.423233e+00 2.844659e+00 1.231744e+01 1.043858e+04 1.274109e+04 3.05819 6.185897e-01
6.820000e-01 2.492640e+00 2.424252e+00 2.845787e+00 1.232615e+01 1.044938e+04 1.273046e+04 3.06156 6.193906e-01
6.810000e-01 2.492640e+00 2.425305e+00 2.846963e+00 1.233499e+01 1.046007e+04 1.271967e+04 3.06497 6.201758e-01
6.800000e-01 2.492640e+00 2.426322e+00 2.848091e+00 1.234378e+01 1.047072e+04 1.270894e+04 3.06833 6.209678e-01
6.790000e-01 2.492640e+00 2.427333e+00 2.849212e+00 1.235259e+01 1.048128e+04 1.269818e+04 3.07168 6.217552e-01
6.780000e-01 2.492640e+00 2.428342e+00 2.850331e+00 1.236143e+01 1.049176e+04 1.268737e+04 3.07503 6.225376e-01
6.770000e-01 2.492640e+00 2.429344e+00 2.851441e+00 1.237030e+01 1.050213e+04 1.267654e+04 3.07836 6.233132e-01
6.760000e-01 2.492640e+00 2.430341e+00 2.852544e+00 1.237918e+01 1.051239e+04 1.266568e+04 3.08168 6.240825e-01
6.750000e-01 2.492640e+00 2.431334e+00 2.853642e+00 1.238809e+01 1.052257e+04 1.265476e+04 3.08499 6.248476e-01
6.740000e-01 2.492640e+00 2.432325e+00 2.854739e+00 1.239706e+01 1.053271e+04 1.264378e+04 3.0883 6.256098e-01
6.730000e-01 2.492640e+00 2.433313e+00 2.855834e+00 1.240607e+01 1.054277e+04 1.263273e+04 3.0916 6.263677e-01
6.720000e-01 2.492640e+00 2.434299e+00 2.856926e+00 1.241512e+01 1.055278e+04 1.262163e+04 3.09489 6.271217e-01
6.710000e-01 2.492640e+00 2.435283e+00 2.858017e+00 1.242422e+01 1.056272e+04 1.261045e+04 3.09818 6.278718e-01
6.700000e-01 2.492640e+00 2.436264e+00 2.859103e+00 1.243336e+01 1.057258e+04 1.259923e+04 3.10146 6.286167e-01
6.690000e-01 2.492640e+00 2.437239e+00 2.860185e+00 1.244252e+01 1.058237e+04 1.258796e+04 3.10472 6.293564e-01
6.680000e-01 2.492640e+00 2.438212e+00 2.861264e+00 1.245173e+01 1.059207e+04 1.257663e+04 3.10798 6.300915e-01
6.670000e-01 2.492640e+00 2.439180e+00 2.862338e+00 1.246098e+01 1.060171e+04 1.256524e+04 3.11122 6.308219e-01
6.660000e-01 2.492640e+00 2.440145e+00 2.863409e+00 1.247026e+01 1.061127e+04 1.255380e+04 3.11446 6.315475e-01
6.650000e-01 2.492640e+00 2.441106e+00 2.864475e+00 1.247958e+01 1.062074e+04 1.254230e+04 3.11768 6.322677e-01
6.640000e-01 2.492640e+00 2.442061e+00 2.865534e+00 1.248893e+01 1.063012e+04 1.253076e+04 3.12089 6.329822e-01
6.630000e-01 2.492640e+00 2.443010e+00 2.866587e+00 1.249831e+01 1.063940e+04 1.251918e+04 3.12409 6.336899e-01
6.620000e-01 2.492640e+00 2.443952e+00 2.867630e+00 1.250770e+01 1.064856e+04 1.250757e+04 3.12726 6.343909e-01
6.610000e-01 2.492640e+00 2.444890e+00 2.868668e+00 1.251713e+01 1.065764e+04 1.249592e+04 3.13043 6.350873e-01
6.600000e-01 2.492640e+00 2.445857e+00 2.869749e+00 1.252671e+01 1.066663e+04 1.248407e+04 3.13362 6.357685e-01
6.590000e-01 2.492640e+00 2.446789e+00 2.870782e+00 1.253625e+01 1.067558e+04 1.247226e+04 3.13677 6.364562e-01
6.580000e-01 2.492640e+00 2.447716e+00 2.871811e+00 1.254583e+01 1.068446e+04 1.246038e+04 3.13991 6.371399e-01
6.570000e-01 2.492640e+00 2.448641e+00 2.872838e+00 1.255547e+01 1.069328e+04 1.244844e+04 3.14304 6.378195e-01
6.560000e-01 2.492640e+00 2.449560e+00 2.873858e+00 1.256514e+01 1.070201e+04 1.243645e+04 3.14615 6.384935e-01
6.550000e-01 2.492640e+00 2.450475e+00 2.874874e+00 1.257486e+01 1.071066e+04 1.242440e+04 3.14926 6.391621e-01
6.540000e-01 2.492640e+00 2.451385e+00 2.875886e+00 1.258462e+01 1.071923e+04 1.241230e+04 3.15235 6.398258e-01
6.530000e-01 2.492640e+00 2.452290e+00 2.876892e+00 1.259443e+01 1.072772e+04 1.240013e+04 3.15542 6.404846e-01
6.520000e-01 2.492640e+00 2.453191e+00 2.877896e+00 1.260428e+01 1.073613e+04 1.238790e+04 3.15849 6.411384e-01
6.510000e-01 2.492640e+00 2.454086e+00 2.878892e+00 1.261417e+01 1.074444e+04 1.237562e+04 3.16154 6.417861e-01
6.500000e-01 2.492640e+00 2.454975e+00 2.879881e+00 1.262409e+01 1.075267e+04 1.236329e+04 3.16457 6.424280e-01
6.490000e-01 2.492640e+00 2.455857e+00 2.880861e+00 1.263404e+01 1.076078e+04 1.235092e+04 3.16759 6.430625e-01
6.480000e-01 2.492640e+00 2.456731e+00 2.881832e+00 1.264401e+01 1.076878e+04 1.233852e+04 3.17058 6.436904e-01
6.470000e-01 2.492640e+00 2.457598e+00 2.882795e+00 1.265403e+01 1.077670e+04 1.232605e+04 3.17355 6.443133e-01
6.460000e-01 2.492640e+00 2.458461e+00 2.883754e+00 1.266411e+01 1.078456e+04 1.231350e+04 3.17652 6.449320e-01
6.450000e-01 2.492640e+00 2.459319e+00 2.884706e+00 1.267424e+01 1.079233e+04 1.230087e+04 3.17946 6.455451e-01
6.440000e-01 2.492640e+00 2.460171e+00 2.885654e+00 1.268443e+01 1.080004e+04 1.228816e+04 3.18239 6.461531e-01
6.430000e-01 2.492640e+00 2.461049e+00 2.886639e+00 1.269476e+01 1.080764e+04 1.227526e+04 3.18533 6.467439e-01
6.420000e-01 2.492640e+00 2.461890e+00 2.887575e+00 1.270504e+01 1.081518e+04 1.226241e+04 3.18822 6.473392e-01
6.410000e-01 2.492640e+00 2.462723e+00 2.888502e+00 1.271537e+01 1.082263e+04 1.224950e+04 3.19108 6.479288e-01
6.400000e-01 2.492640e+00 2.463549e+00 2.889422e+00 1.272574e+01 1.083001e+04 1.223651e+04 3.19393 6.485130e-01
6.390000e-01 2.492640e+00 2.464369e+00 2.890335e+00 1.273617e+01 1.083731e+04 1.222345e+04 3.19675 6.490914e-01
6.380000e-01 2.492640e+00 2.465183e+00 2.891242e+00 1.274665e+01 1.084451e+04 1.221032e+04 3.19956 6.496638e-01
6.370000e-01 2.492640e+00 2.465990e+00 2.892141e+00 1.275717e+01 1.085162e+04 1.219714e+04 3.20234 6.502298e-01
6.360000e-01 2.492640e+00 2.466789e+00 2.893031e+00 1.276772e+01 1.085863e+04 1.218391e+04 3.2051 6.507891e-01
6.350000e-01 2.492640e+00 2.467579e+00 2.893910e+00 1.277830e+01 1.086552e+04 1.217064e+04 3.20784 6.513406e-01
6.340000e-01 2.492640e+00 2.468359e+00 2.894777e+00 1.278891e+01 1.087231e+04 1.215732e+04 3.21055 6.518853e-01
6.330000e-01 2.492640e+00 2.469133e+00 2.895638e+00 1.279959e+01 1.087902e+04 1.214392e+04 3.21324 6.524252e-01
6.320000e-01 2.492640e+00 2.469900e+00 2.896491e+00 1.281033e+01 1.088566e+04 1.213042e+04 3.2159 6.529593e-01
6.310000e-01 2.492640e+00 2.470660e+00 2.897337e+00 1.282112e+01 1.089221e+04 1.211684e+04 3.21855 6.534871e-01
6.300000e-01 2.492640e+00 2.471412e+00 2.898174e+00 1.283198e+01 1.089869e+04 1.210317e+04 3.22116 6.540089e-01
6.290000e-01 2.492640e+00 2.472157e+00 2.899003e+00 1.284289e+01 1.090509e+04 1.208942e+04 3.22375 6.545238e-01
6.280000e-01 2.492640e+00 2.472921e+00 2.899862e+00 1.285393e+01 1.091134e+04 1.207549e+04 3.22633 6.550196e-01
6.270000e-01 2.492640e+00 2.473648e+00 2.900672e+00 1.286495e+01 1.091754e+04 1.206158e+04 3.22886 6.555196e-01
6.260000e-01 2.492640e+00 2.474366e+00 2.901472e+00 1.287601e+01 1.092367e+04 1.204759e+04 3.23136 6.560137e-01
6.250000e-01 2.492640e+00 2.475075e+00 2.902262e+00 1.288714e+01 1.092971e+04 1.203352e+04 3.23382 6.565010e-01
6.240000e-01 2.492640e+00 2.475776e+00 2.903044e+00 1.289831e+01 1.093564e+04 1.201938e+04 3.23627 6.569812e-01
6.230000e-01 2.492640e+00 2.476468e+00 2.903814e+00 1.290953e+01 1.094148e+04 1.200519e+04 3.23868 6.574543e-01
6.220000e-01 2.492640e+00 2.477150e+00 2.904574e+00 1.292078e+01 1.094720e+04 1.199095e+04 3.24106 6.579196e-01
6.210000e-01 2.492640e+00 2.477822e+00 2.905321e+00 1.293206e+01 1.095280e+04 1.197666e+04 3.24342 6.583774e-01
6.200000e-01 2.492640e+00 2.478485e+00 2.906059e+00 1.294341e+01 1.095831e+04 1.196231e+04 3.24575 6.588292e-01
6.190000e-01 2.492640e+00 2.479140e+00 2.906787e+00 1.295483e+01 1.096375e+04 1.194785e+04 3.24805 6.592751e-01
6.180000e-01 2.492640e+00 2.479786e+00 2.907506e+00 1.296631e+01 1.096909e+04 1.193330e+04 3.25032 6.597140e-01
6.170000e-01 2.492640e+00 2.480422e+00 2.908216e+00 1.297786e+01 1.097435e+04 1.191865e+04 3.25256 6.601460e-01
6.160000e-01 2.492640e+00 2.481050e+00 2.908916e+00 1.298948e+01 1.097952e+04 1.190391e+04 3.25477 6.605710e-01
6.150000e-01 2.492640e+00 2.481668e+00 2.909604e+00 1.300116e+01 1.098459e+04 1.188910e+04 3.25694 6.609883e-01
6.140000e-01 2.492640e+00 2.482304e+00 2.910321e+00 1.301298e+01 1.098951e+04 1.187410e+04 3.25912 6.613867e-01
6.130000e-01 2.492640e+00 2.482903e+00 2.910992e+00 1.302478e+01 1.099439e+04 1.185911e+04 3.26122 6.617892e-01
6.120000e-01 2.492640e+00 2.483492e+00 2.911650e+00 1.303665e+01 1.099918e+04 1.184404e+04 3.2633 6.621849e-01
6.110000e-01 2.492640e+00 2.484070e+00 2.912297e+00 1.304857e+01 1.100386e+04 1.182890e+04 3.26535 6.625731e-01
6.100000e-01 2.492640e+00 2.484638e+00 2.912932e+00 1.306054e+01 1.100844e+04 1.181369e+04 3.26735 6.629534e-01
6.090000e-01 2.492640e+00 2.485194e+00 2.913553e+00 1.307256e+01 1.101290e+04 1.179841e+04 3.26932 6.633250e-01
6.080000e-01 2.492640e+00 2.485736e+00 2.914156e+00 1.308460e+01 1.101725e+04 1.178309e+04 3.27124 6.636873e-01
6.070000e-01 2.492640e+00 2.486266e+00 2.914745e+00 1.309671e+01 1.102149e+04 1.176768e+04 3.27313 6.640418e-01
6.060000e-01 2.492640e+00 2.486784e+00 2.915321e+00 1.310890e+01 1.102565e+04 1.175216e+04 3.27497 6.643890e-01
6.050000e-01 2.492640e+00 2.487290e+00 2.915885e+00 1.312116e+01 1.102972e+04 1.173653e+04 3.27676 6.647278e-01
6.040000e-01 2.492640e+00 2.487785e+00 2.916436e+00 1.313350e+01 1.103369e+04 1.172079e+04 3.27852 6.650587e-01
6.030000e-01 2.492640e+00 2.488269e+00 2.916976e+00 1.314592e+01 1.103757e+04 1.170495e+04 3.28023 6.653814e-01
6.020000e-01 2.492640e+00 2.488766e+00 2.917536e+00 1.315848e+01 1.104129e+04 1.168891e+04 3.28193 6.656835e-01
6.010000e-01 2.492640e+00 2.489227e+00 2.918050e+00 1.317103e+01 1.104496e+04 1.167289e+04 3.28355 6.659884e-01
6.000000e-01 2.492640e+00 2.489674e+00 2.918550e+00 1.318365e+01 1.104853e+04 1.165677e+04 3.28514 6.662860e-01
5.990000e-01 2.492640e+00 2.490110e+00 2.919036e+00 1.319635e+01 1.105200e+04 1.164056e+04 3.28669 6.665754e-01
5.980000e-01 2.492640e+00 2.490535e+00 2.919511e+00 1.320911e+01 1.105536e+04 1.162427e+04 3.2882 6.668566e-01
5.970000e-01 2.492640e+00 2.490948e+00 2.919973e+00 1.322193e+01 1.105861e+04 1.160792e+04 3.28967 6.671297e-01
5.960000e-01 2.492640e+00 2.491349e+00 2.920421e+00 1.323480e+01 1.106174e+04 1.159150e+04 3.2911 6.673942e-01
5.950000e-01 2.492640e+00 2.491736e+00 2.920852e+00 1.324771e+01 1.106475e+04 1.157504e+04 3.29248 6.676495e-01
5.940000e-01 2.492640e+00 2.492111e+00 2.921268e+00 1.326070e+01 1.106765e+04 1.155849e+04 3.29383 6.678972e-01
5.930000e-01 2.492640e+00 2.492474e+00 2.921674e+00 1.327378e+01 1.107046e+04 1.154183e+04 3.29514 6.681378e-01
5.920000e-01 2.492640e+00 2.492823e+00 2.922063e+00 1.328694e+01 1.107317e+04 1.152505e+04 3.2964 6.683688e-01
5.910000e-01 2.492640e+00 2.493158e+00 2.922437e+00 1.330019e+01 1.107577e+04 1.150815e+04 3.2976 6.685905e-01
5.900000e-01 2.492640e+00 2.493506e+00 2.922833e+00 1.331361e+01 1.107822e+04 1.149104e+04 3.29879 6.687918e-01
5.890000e-01 2.492640e+00 2.493815e+00 2.923178e+00 1.332702e+01 1.108061e+04 1.147394e+04 3.29989 6.689942e-01
5.880000e-01 2.492640e+00 2.494106e+00 2.923502e+00 1.334050e+01 1.108289e+04 1.145674e+04 3.30093 6.691866e-01
5.870000e-01 2.492640e+00 2.494383e+00 2.923812e+00 1.335407e+01 1.108507e+04 1.143942e+04 3.30192 6.693699e-01
5.860000e-01 2.492640e+00 2.494645e+00 2.924105e+00 1.336772e+01 1.108714e+04 1.142199e+04 3.30285 6.695434e-01
5.850000e-01 2.492640e+00 2.494890e+00 2.924379e+00 1.338145e+01 1.108909e+04 1.140447e+04 3.30373 6.697060e-01
5.840000e-01 2.492640e+00 2.495123e+00 2.924638e+00 1.339524e+01 1.109093e+04 1.138687e+04 3.30455 6.698596e-01
5.830000e-01 2.492640e+00 2.495344e+00 2.924883e+00 1.340908e+01 1.109264e+04 1.136923e+04 3.30534 6.700047e-01
5.820000e-01 2.492640e+00 2.495550e+00 2.925111e+00 1.342298e+01 1.109423e+04 1.135154e+04 3.30609 6.701409e-01
5.810000e-01 2.492640e+00 2.495743e+00 2.925325e+00 1.343697e+01 1.109571e+04 1.133374e+04 3.30679 6.702694e-01
5.800000e-01 2.492640e+00 2.495925e+00 2.925528e+00 1.345107e+01 1.109709e+04 1.131583e+04 3.30745 6.703898e-01
5.790000e-01 2.492640e+00 2.496116e+00 2.925747e+00 1.346535e+01 1.109830e+04 1.129770e+04 3.30809 6.704894e-01
5.780000e-01 2.492640e+00 2.496270e+00 2.925919e+00 1.347965e+01 1.109946e+04 1.127954e+04 3.30865 6.705903e-01
5.770000e-01 2.492640e+00 2.496407e+00 2.926075e+00 1.349404e+01 1.110051e+04 1.126129e+04 3.30916 6.706816e-01
5.760000e-01 2.492640e+00 2.496527e+00 2.926208e+00 1.350851e+01 1.110143e+04 1.124293e+04 3.30959 6.707616e-01
5.750000e-01 2.492640e+00 2.496630e+00 2.926324e+00 1.352307e+01 1.110225e+04 1.122446e+04 3.30997 6.708313e-01
5.740000e-01 2.492640e+00 2.493469e+00 2.922828e+00 1.352650e+01 1.111392e+04 1.122066e+04 3.30578 6.723898e-01
5.730000e-01 2.492640e+00 2.496778e+00 2.926487e+00 1.355246e+01 1.110356e+04 1.118719e+04 3.31051 6.709412e-01
5.720000e-01 2.492640e+00 2.493533e+00 2.922896e+00 1.355586e+01 1.111513e+04 1.118336e+04 3.30613 6.724984e-01
5.710000e-01 2.492640e+00 2.496890e+00 2.926616e+00 1.358228e+01 1.110431e+04 1.114943e+04 3.31084 6.709935e-01
5.700000e-01 2.492640e+00 2.493558e+00 2.922921e+00 1.358561e+01 1.111578e+04 1.114562e+04 3.30626 6.725518e-01
5.690000e-01 2.492640e+00 2.496926e+00 2.926651e+00 1.361228e+01 1.110462e+04 1.111155e+04 3.31098 6.710212e-01
5.680000e-01 2.492640e+00 2.493535e+00 2.922893e+00 1.361562e+01 1.111600e+04 1.110771e+04 3.30629 6.725832e-01
5.686573e-01 2.492640e+00 2.497512e+00 2.927315e+00 1.361948e+01 1.110273e+04 1.110245e+04 3.3118 6.707576e-01
