1.000000e+00 2.541810e+00 2.120989e+00 2.518874e+00 1.053906e+01 0.000000e+00 1.550867e+04 0 0.000000e+00
9.990000e-01 2.541810e+00 2.122473e+00 2.520006e+00 1.054746e+01 6.198309e+02 1.541348e+04 2.15381 3.371974e-02
9.980000e-01 2.541810e+00 2.122527e+00 2.519807e+00 1.054920e+01 8.870200e+02 1.537789e+04 2.24522 5.030051e-02
9.970000e-01 2.541810e+00 2.123825e+00 2.521297e+00 1.055443e+01 1.087188e+03 1.534857e+04 2.15938 5.922208e-02
9.960000e-01 2.541810e+00 2.124067e+00 2.521392e+00 1.055643e+01 1.264135e+03 1.532551e+04 2.20155 7.018957e-02
9.950000e-01 2.541810e+00 2.125289e+00 2.522810e+00 1.056143e+01 1.413213e+03 1.530296e+04 2.16345 7.702055e-02
9.940000e-01 2.541810e+00 2.125592e+00 2.523007e+00 1.056350e+01 1.554395e+03 1.528488e+04 2.19103 8.577013e-02
9.930000e-01 2.541810e+00 2.126786e+00 2.524403e+00 1.056843e+01 1.677968e+03 1.526569e+04 2.16751 9.149225e-02
9.920000e-01 2.541810e+00 2.127123e+00 2.524654e+00 1.057054e+01 1.798952e+03 1.525041e+04 2.18821 9.899439e-02
9.910000e-01 2.541810e+00 2.128303e+00 2.526040e+00 1.057543e+01 1.906410e+03 1.523331e+04 2.17158 1.039949e-01
9.900000e-01 2.541810e+00 2.128639e+00 2.526295e+00 1.057756e+01 2.013406e+03 1.521996e+04 2.18793 1.106235e-01
9.890000e-01 2.541810e+00 2.129814e+00 2.527671e+00 1.058244e+01 2.108635e+03 1.520439e+04 2.17563 1.150776e-01
9.880000e-01 2.541810e+00 2.130127e+00 2.527892e+00 1.058455e+01 2.205293e+03 1.519246e+04 2.18903 1.210583e-01
9.870000e-01 2.541810e+00 2.131316e+00 2.529279e+00 1.058949e+01 2.292018e+03 1.517790e+04 2.17969 1.251424e-01
9.860000e-01 2.541810e+00 2.131631e+00 2.529502e+00 1.059162e+01 2.381414e+03 1.516696e+04 2.19135 1.306803e-01
9.850000e-01 2.541810e+00 2.132824e+00 2.530891e+00 1.059658e+01 2.461700e+03 1.515317e+04 2.18377 1.344681e-01
9.840000e-01 2.541810e+00 2.133127e+00 2.531096e+00 1.059871e+01 2.544884e+03 1.514308e+04 2.19394 1.396196e-01
9.830000e-01 2.541810e+00 2.134328e+00 2.532491e+00 1.060371e+01 2.619711e+03 1.512991e+04 2.18785 1.431648e-01
9.820000e-01 2.541810e+00 2.134625e+00 2.532686e+00 1.060585e+01 2.697996e+03 1.512049e+04 2.19696 1.480158e-01
9.810000e-01 2.541810e+00 2.135831e+00 2.534083e+00 1.061087e+01 2.768222e+03 1.510785e+04 2.19194 1.513501e-01
9.800000e-01 2.541810e+00 2.136108e+00 2.534247e+00 1.061300e+01 2.842032e+03 1.509904e+04 2.20005 1.559203e-01
9.790000e-01 2.541810e+00 2.137320e+00 2.535643e+00 1.061806e+01 2.907811e+03 1.508688e+04 2.19601 1.590555e-01
9.780000e-01 2.541810e+00 2.137567e+00 2.535762e+00 1.062017e+01 2.977834e+03 1.507858e+04 2.20331 1.633890e-01
9.770000e-01 2.541810e+00 2.138802e+00 2.537178e+00 1.062530e+01 3.040720e+03 1.506668e+04 2.20009 1.664039e-01
9.760000e-01 2.541810e+00 2.139068e+00 2.537321e+00 1.062745e+01 3.108345e+03 1.505870e+04 2.2071 1.706041e-01
9.750000e-01 2.541810e+00 2.140352e+00 2.538804e+00 1.063270e+01 3.169227e+03 1.504691e+04 2.2043 1.735167e-01
9.740000e-01 2.541810e+00 2.140611e+00 2.538939e+00 1.063484e+01 3.234574e+03 1.503931e+04 2.21094 1.775853e-01
9.730000e-01 2.541810e+00 2.141881e+00 2.540408e+00 1.064008e+01 3.293578e+03 1.502779e+04 2.20846 1.804076e-01
9.720000e-01 2.541810e+00 2.142158e+00 2.540570e+00 1.064224e+01 3.356795e+03 1.502046e+04 2.21482 1.843518e-01
9.710000e-01 2.541810e+00 2.143427e+00 2.542041e+00 1.064748e+01 3.413843e+03 1.500917e+04 2.21265 1.870795e-01
9.700000e-01 2.541810e+00 2.143709e+00 2.542212e+00 1.064966e+01 3.474823e+03 1.500213e+04 2.21864 1.908863e-01
9.690000e-01 2.541810e+00 2.144978e+00 2.543684e+00 1.065490e+01 3.529609e+03 1.499110e+04 2.21684 1.935100e-01
9.680000e-01 2.541810e+00 2.145252e+00 2.543845e+00 1.065706e+01 3.588428e+03 1.498435e+04 2.22245 1.971821e-01
9.670000e-01 2.541810e+00 2.146530e+00 2.545327e+00 1.066233e+01 3.641371e+03 1.497352e+04 2.22105 1.997268e-01
9.660000e-01 2.541810e+00 2.146808e+00 2.545493e+00 1.066451e+01 3.698485e+03 1.496699e+04 2.22642 2.032971e-01
9.650000e-01 2.541810e+00 2.148089e+00 2.546979e+00 1.066980e+01 3.749734e+03 1.495635e+04 2.22527 2.057626e-01
9.640000e-01 2.541810e+00 2.148360e+00 2.547137e+00 1.067198e+01 3.805086e+03 1.495005e+04 2.23035 2.092238e-01
9.630000e-01 2.541810e+00 2.149650e+00 2.548632e+00 1.067729e+01 3.854720e+03 1.493957e+04 2.22951 2.116187e-01
9.620000e-01 2.541810e+00 2.149918e+00 2.548785e+00 1.067948e+01 3.908581e+03 1.493347e+04 2.23437 2.149900e-01
9.610000e-01 2.541810e+00 2.151213e+00 2.550283e+00 1.068482e+01 3.956648e+03 1.492314e+04 2.23376 2.173126e-01
9.600000e-01 2.541810e+00 2.151466e+00 2.550414e+00 1.068700e+01 4.008903e+03 1.491724e+04 2.23835 2.205825e-01
9.590000e-01 2.541810e+00 2.152768e+00 2.551917e+00 1.069236e+01 4.055225e+03 1.490707e+04 2.23801 2.228284e-01
9.580000e-01 2.541810e+00 2.153005e+00 2.552024e+00 1.069453e+01 4.106111e+03 1.490135e+04 2.24238 2.260145e-01
9.570000e-01 2.541810e+00 2.154324e+00 2.553545e+00 1.069995e+01 4.151480e+03 1.489121e+04 2.24229 2.282229e-01
9.560000e-01 2.541810e+00 2.154577e+00 2.553672e+00 1.070217e+01 4.201556e+03 1.488558e+04 2.24662 2.313682e-01
9.550000e-01 2.541810e+00 2.155901e+00 2.555199e+00 1.070763e+01 4.246183e+03 1.487548e+04 2.24661 2.335370e-01
9.540000e-01 2.541810e+00 2.156165e+00 2.555343e+00 1.070987e+01 4.295293e+03 1.486996e+04 2.25086 2.366268e-01
9.530000e-01 2.541810e+00 2.157493e+00 2.556878e+00 1.071535e+01 4.339088e+03 1.485995e+04 2.25096 2.387560e-01
9.520000e-01 2.541810e+00 2.157768e+00 2.557036e+00 1.071760e+01 4.387267e+03 1.485454e+04 2.25512 2.417919e-01
9.510000e-01 2.541810e+00 2.159098e+00 2.558576e+00 1.072310e+01 4.430169e+03 1.484462e+04 2.25533 2.438787e-01
9.500000e-01 2.541810e+00 2.159373e+00 2.558737e+00 1.072536e+01 4.477301e+03 1.483935e+04 2.25936 2.468505e-01
9.490000e-01 2.541810e+00 2.160706e+00 2.560280e+00 1.073087e+01 4.519123e+03 1.482953e+04 2.25972 2.488883e-01
9.480000e-01 2.541810e+00 2.160979e+00 2.560438e+00 1.073314e+01 4.565304e+03 1.482437e+04 2.26363 2.518029e-01
9.470000e-01 2.541810e+00 2.162321e+00 2.561991e+00 1.073867e+01 4.606319e+03 1.481462e+04 2.26413 2.538060e-01
9.460000e-01 2.541810e+00 2.162596e+00 2.562153e+00 1.074096e+01 4.651683e+03 1.480955e+04 2.26795 2.566728e-01
9.450000e-01 2.541810e+00 2.163942e+00 2.563710e+00 1.074652e+01 4.691795e+03 1.479986e+04 2.26856 2.586333e-01
9.440000e-01 2.541810e+00 2.164212e+00 2.563865e+00 1.074880e+01 4.736249e+03 1.479491e+04 2.27225 2.614441e-01
9.430000e-01 2.541810e+00 2.165566e+00 2.565432e+00 1.075439e+01 4.775490e+03 1.478528e+04 2.273 2.633670e-01
9.420000e-01 2.541810e+00 2.165830e+00 2.565578e+00 1.075667e+01 4.819084e+03 1.478043e+04 2.27658 2.661249e-01
9.410000e-01 2.541810e+00 2.167189e+00 2.567150e+00 1.076228e+01 4.857346e+03 1.477088e+04 2.27745 2.680039e-01
9.400000e-01 2.541810e+00 2.167435e+00 2.567271e+00 1.076455e+01 4.899978e+03 1.476616e+04 2.28086 2.707001e-01
9.390000e-01 2.541810e+00 2.168805e+00 2.568852e+00 1.077018e+01 4.937249e+03 1.475668e+04 2.2819 2.725381e-01
9.380000e-01 2.541810e+00 2.169049e+00 2.568968e+00 1.077247e+01 4.979267e+03 1.475203e+04 2.28526 2.752006e-01
9.370000e-01 2.541810e+00 2.170432e+00 2.570564e+00 1.077816e+01 5.016165e+03 1.474254e+04 2.28639 2.770232e-01
9.360000e-01 2.541810e+00 2.170689e+00 2.570698e+00 1.078048e+01 5.057760e+03 1.473793e+04 2.28976 2.796658e-01
9.350000e-01 2.541810e+00 2.172077e+00 2.572300e+00 1.078621e+01 5.094231e+03 1.472844e+04 2.29092 2.814653e-01
9.340000e-01 2.541810e+00 2.172343e+00 2.572448e+00 1.078855e+01 5.135294e+03 1.472389e+04 2.29426 2.840784e-01
9.330000e-01 2.541810e+00 2.173735e+00 2.574057e+00 1.079430e+01 5.171278e+03 1.471443e+04 2.29548 2.858545e-01
9.320000e-01 2.541810e+00 2.174007e+00 2.574213e+00 1.079667e+01 5.211757e+03 1.470995e+04 2.29877 2.884334e-01
9.310000e-01 2.541810e+00 2.175402e+00 2.575827e+00 1.080243e+01 5.247114e+03 1.470054e+04 2.30006 2.901801e-01
9.300000e-01 2.541810e+00 2.175670e+00 2.575978e+00 1.080480e+01 5.286921e+03 1.469613e+04 2.30327 2.927176e-01
9.290000e-01 2.541810e+00 2.177073e+00 2.577600e+00 1.081058e+01 5.321652e+03 1.468676e+04 2.30465 2.944379e-01
9.280000e-01 2.541810e+00 2.177343e+00 2.577755e+00 1.081296e+01 5.360957e+03 1.468241e+04 2.30783 2.969473e-01
9.270000e-01 2.541810e+00 2.178752e+00 2.579385e+00 1.081879e+01 5.395212e+03 1.467306e+04 2.30928 2.986457e-01
9.260000e-01 2.541810e+00 2.179022e+00 2.579539e+00 1.082118e+01 5.433973e+03 1.466876e+04 2.3124 3.011231e-01
9.250000e-01 2.541810e+00 2.180437e+00 2.581176e+00 1.082703e+01 5.467632e+03 1.465943e+04 2.31392 3.027944e-01
9.240000e-01 2.541810e+00 2.180703e+00 2.581325e+00 1.082942e+01 5.505850e+03 1.465519e+04 2.31698 3.052396e-01
9.230000e-01 2.541810e+00 2.182126e+00 2.582970e+00 1.083530e+01 5.538907e+03 1.464588e+04 2.31858 3.068838e-01
9.220000e-01 2.541810e+00 2.182381e+00 2.583104e+00 1.083769e+01 5.576507e+03 1.464172e+04 2.32155 3.092902e-01
9.210000e-01 2.541810e+00 2.183811e+00 2.584755e+00 1.084358e+01 5.608808e+03 1.463245e+04 2.32324 3.109014e-01
9.200000e-01 2.541810e+00 2.184051e+00 2.584868e+00 1.084597e+01 5.645797e+03 1.462835e+04 2.32612 3.132698e-01
9.190000e-01 2.541810e+00 2.185496e+00 2.586536e+00 1.085191e+01 5.677644e+03 1.461907e+04 2.32792 3.148648e-01
9.180000e-01 2.541810e+00 2.185745e+00 2.586661e+00 1.085433e+01 5.714368e+03 1.461500e+04 2.33081 3.172225e-01
9.170000e-01 2.541810e+00 2.187197e+00 2.588337e+00 1.086032e+01 5.745992e+03 1.460569e+04 2.33265 3.188054e-01
9.160000e-01 2.541810e+00 2.187455e+00 2.588474e+00 1.086276e+01 5.782381e+03 1.460164e+04 2.33554 3.211459e-01
9.150000e-01 2.541810e+00 2.188913e+00 2.590158e+00 1.086878e+01 5.813673e+03 1.459232e+04 2.33741 3.227122e-01
9.140000e-01 2.541810e+00 2.189177e+00 2.590304e+00 1.087124e+01 5.849678e+03 1.458831e+04 2.34028 3.250310e-01
9.130000e-01 2.541810e+00 2.190638e+00 2.591993e+00 1.087728e+01 5.880538e+03 1.457901e+04 2.34219 3.265766e-01
9.120000e-01 2.541810e+00 2.190900e+00 2.592137e+00 1.087975e+01 5.916052e+03 1.457505e+04 2.34501 3.288653e-01
9.110000e-01 2.541810e+00 2.192367e+00 2.593833e+00 1.088580e+01 5.946394e+03 1.456579e+04 2.34698 3.303881e-01
9.100000e-01 2.541810e+00 2.192625e+00 2.593974e+00 1.088827e+01 5.981483e+03 1.456187e+04 2.34976 3.326518e-01
9.090000e-01 2.541810e+00 2.194101e+00 2.595681e+00 1.089437e+01 6.011462e+03 1.455261e+04 2.3518 3.341597e-01
9.080000e-01 2.541810e+00 2.194362e+00 2.595825e+00 1.089685e+01 6.046202e+03 1.454872e+04 2.35455 3.364041e-01
9.070000e-01 2.541810e+00 2.195843e+00 2.597537e+00 1.090297e+01 6.075769e+03 1.453946e+04 2.35664 3.378926e-01
9.060000e-01 2.541810e+00 2.196100e+00 2.597677e+00 1.090547e+01 6.110114e+03 1.453562e+04 2.35935 3.401140e-01
9.050000e-01 2.541810e+00 2.197590e+00 2.599399e+00 1.091162e+01 6.139266e+03 1.452636e+04 2.3615 3.415842e-01
9.040000e-01 2.541810e+00 2.197840e+00 2.599529e+00 1.091412e+01 6.173191e+03 1.452256e+04 2.36416 3.437805e-01
9.030000e-01 2.541810e+00 2.199338e+00 2.601259e+00 1.092030e+01 6.201805e+03 1.451331e+04 2.36637 3.452265e-01
9.020000e-01 2.541810e+00 2.199572e+00 2.601367e+00 1.092279e+01 6.235235e+03 1.450957e+04 2.36895 3.473917e-01
9.010000e-01 2.541810e+00 2.201083e+00 2.603111e+00 1.092901e+01 6.263394e+03 1.450032e+04 2.37125 3.488203e-01
9.000000e-01 2.541810e+00 2.201321e+00 2.603223e+00 1.093152e+01 6.296604e+03 1.449659e+04 2.37384 3.509764e-01
8.990000e-01 2.541810e+00 2.202887e+00 2.605038e+00 1.093789e+01 6.324582e+03 1.448717e+04 2.37624 3.523908e-01
8.980000e-01 2.541810e+00 2.203106e+00 2.605126e+00 1.094037e+01 6.357626e+03 1.448353e+04 2.3788 3.545436e-01
8.970000e-01 2.541810e+00 2.204662e+00 2.606928e+00 1.094675e+01 6.385399e+03 1.447412e+04 2.3812 3.559491e-01
8.960000e-01 2.541810e+00 2.204887e+00 2.607024e+00 1.094926e+01 6.418180e+03 1.447049e+04 2.38377 3.580882e-01
8.950000e-01 2.541810e+00 2.206449e+00 2.608833e+00 1.095567e+01 6.445649e+03 1.446108e+04 2.3862 3.594787e-01
8.940000e-01 2.541810e+00 2.206672e+00 2.608929e+00 1.095818e+01 6.478062e+03 1.445748e+04 2.38873 3.615957e-01
8.930000e-01 2.541810e+00 2.208239e+00 2.610745e+00 1.096460e+01 6.505111e+03 1.444808e+04 2.39121 3.629671e-01
8.920000e-01 2.541810e+00 2.208457e+00 2.610834e+00 1.096712e+01 6.537160e+03 1.444453e+04 2.39369 3.650623e-01
8.910000e-01 2.541810e+00 2.210033e+00 2.612661e+00 1.097357e+01 6.563879e+03 1.443512e+04 2.39623 3.664202e-01
8.900000e-01 2.541810e+00 2.210252e+00 2.612752e+00 1.097610e+01 6.595652e+03 1.443159e+04 2.3987 3.685004e-01
8.890000e-01 2.541810e+00 2.211835e+00 2.614587e+00 1.098259e+01 6.622047e+03 1.442217e+04 2.40128 3.698431e-01
8.880000e-01 2.541810e+00 2.212049e+00 2.614672e+00 1.098513e+01 6.653503e+03 1.441867e+04 2.40372 3.719051e-01
8.870000e-01 2.541810e+00 2.213641e+00 2.616518e+00 1.099165e+01 6.679557e+03 1.440924e+04 2.40635 3.732328e-01
8.860000e-01 2.541810e+00 2.213849e+00 2.616595e+00 1.099419e+01 6.710692e+03 1.440577e+04 2.40875 3.752760e-01
8.850000e-01 2.541810e+00 2.215449e+00 2.618447e+00 1.100074e+01 6.736316e+03 1.439634e+04 2.41144 3.765842e-01
8.840000e-01 2.541810e+00 2.215641e+00 2.618504e+00 1.100327e+01 6.767051e+03 1.439291e+04 2.41377 3.786026e-01
8.830000e-01 2.541810e+00 2.217254e+00 2.620370e+00 1.100986e+01 6.792270e+03 1.438347e+04 2.41653 3.798947e-01
8.820000e-01 2.541810e+00 2.217447e+00 2.620427e+00 1.101242e+01 6.822812e+03 1.438005e+04 2.41886 3.819051e-01
8.810000e-01 2.541810e+00 2.219071e+00 2.622307e+00 1.101907e+01 6.847918e+03 1.437055e+04 2.42166 3.831924e-01
8.800000e-01 2.541810e+00 2.219274e+00 2.622376e+00 1.102165e+01 6.878328e+03 1.436713e+04 2.42402 3.851989e-01
8.790000e-01 2.541810e+00 2.220905e+00 2.624265e+00 1.102835e+01 6.903282e+03 1.435758e+04 2.42684 3.864775e-01
8.780000e-01 2.541810e+00 2.221113e+00 2.624342e+00 1.103096e+01 6.933504e+03 1.435417e+04 2.42921 3.884751e-01
8.770000e-01 2.541810e+00 2.222751e+00 2.626239e+00 1.103769e+01 6.958223e+03 1.434460e+04 2.43205 3.897417e-01
8.760000e-01 2.541810e+00 2.222957e+00 2.626315e+00 1.104031e+01 6.988161e+03 1.434121e+04 2.43439 3.917227e-01
8.750000e-01 2.541810e+00 2.224601e+00 2.628221e+00 1.104707e+01 7.012538e+03 1.433164e+04 2.43728 3.929735e-01
8.740000e-01 2.541810e+00 2.224801e+00 2.628290e+00 1.104969e+01 7.042180e+03 1.432828e+04 2.43959 3.949370e-01
8.730000e-01 2.541810e+00 2.226455e+00 2.630207e+00 1.105648e+01 7.066277e+03 1.431869e+04 2.44252 3.961762e-01
8.720000e-01 2.541810e+00 2.226655e+00 2.630277e+00 1.105912e+01 7.095689e+03 1.431534e+04 2.44482 3.981274e-01
8.710000e-01 2.541810e+00 2.228316e+00 2.632202e+00 1.106594e+01 7.119506e+03 1.430573e+04 2.44779 3.993534e-01
8.700000e-01 2.541810e+00 2.228511e+00 2.632266e+00 1.106858e+01 7.148653e+03 1.430241e+04 2.45006 4.012896e-01
8.690000e-01 2.541810e+00 2.230181e+00 2.634202e+00 1.107544e+01 7.172174e+03 1.429278e+04 2.45307 4.025024e-01
8.680000e-01 2.541810e+00 2.230368e+00 2.634255e+00 1.107809e+01 7.201052e+03 1.428948e+04 2.45531 4.044231e-01
8.670000e-01 2.541810e+00 2.232047e+00 2.636200e+00 1.108498e+01 7.224192e+03 1.427983e+04 2.45837 4.056184e-01
8.660000e-01 2.541810e+00 2.232218e+00 2.636232e+00 1.108762e+01 7.252731e+03 1.427657e+04 2.46055 4.075184e-01
8.650000e-01 2.541810e+00 2.233911e+00 2.638192e+00 1.109455e+01 7.275544e+03 1.426690e+04 2.46368 4.087009e-01
8.640000e-01 2.541810e+00 2.234083e+00 2.638226e+00 1.109721e+01 7.303940e+03 1.426364e+04 2.46586 4.105960e-01
8.630000e-01 2.541810e+00 2.235788e+00 2.640199e+00 1.110421e+01 7.326658e+03 1.425390e+04 2.46903 4.117742e-01
8.620000e-01 2.541810e+00 2.235968e+00 2.640243e+00 1.110690e+01 7.354948e+03 1.425063e+04 2.47124 4.136666e-01
8.610000e-01 2.541810e+00 2.237680e+00 2.642226e+00 1.111395e+01 7.377538e+03 1.424084e+04 2.47443 4.148374e-01
8.600000e-01 2.541810e+00 2.237865e+00 2.642277e+00 1.111666e+01 7.405673e+03 1.423758e+04 2.47664 4.167230e-01
8.590000e-01 2.541810e+00 2.239584e+00 2.644268e+00 1.112375e+01 7.428056e+03 1.422775e+04 2.47986 4.178830e-01
8.580000e-01 2.541810e+00 2.239764e+00 2.644316e+00 1.112647e+01 7.455951e+03 1.422450e+04 2.48205 4.197547e-01
8.570000e-01 2.541810e+00 2.241491e+00 2.646317e+00 1.113359e+01 7.478041e+03 1.421466e+04 2.4853 4.209011e-01
8.560000e-01 2.541810e+00 2.241667e+00 2.646359e+00 1.113632e+01 7.505704e+03 1.421142e+04 2.48747 4.227598e-01
8.550000e-01 2.541810e+00 2.243404e+00 2.648372e+00 1.114347e+01 7.527565e+03 1.420155e+04 2.49077 4.238962e-01
8.540000e-01 2.541810e+00 2.243578e+00 2.648412e+00 1.114621e+01 7.555029e+03 1.419832e+04 2.49292 4.257444e-01
8.530000e-01 2.541810e+00 2.245323e+00 2.650434e+00 1.115341e+01 7.576632e+03 1.418843e+04 2.49625 4.268686e-01
8.520000e-01 2.541810e+00 2.245490e+00 2.650467e+00 1.115615e+01 7.603872e+03 1.418522e+04 2.49838 4.287044e-01
8.510000e-01 2.541810e+00 2.247245e+00 2.652500e+00 1.116339e+01 7.625209e+03 1.417529e+04 2.50176 4.298165e-01
8.500000e-01 2.541810e+00 2.247401e+00 2.652519e+00 1.116613e+01 7.652197e+03 1.417210e+04 2.50384 4.316376e-01
8.490000e-01 2.541810e+00 2.249166e+00 2.654562e+00 1.117340e+01 7.673168e+03 1.416215e+04 2.50727 4.327328e-01
8.480000e-01 2.541810e+00 2.249307e+00 2.654561e+00 1.117614e+01 7.699879e+03 1.415899e+04 2.50931 4.345379e-01
8.470000e-01 2.541810e+00 2.251087e+00 2.656621e+00 1.118345e+01 7.720627e+03 1.414899e+04 2.5128 4.356249e-01
8.460000e-01 2.541810e+00 2.251233e+00 2.656626e+00 1.118622e+01 7.747250e+03 1.414582e+04 2.51486 4.374287e-01
8.450000e-01 2.541810e+00 2.253023e+00 2.658698e+00 1.119360e+01 7.767912e+03 1.413575e+04 2.51837 4.385109e-01
8.440000e-01 2.541810e+00 2.253174e+00 2.658711e+00 1.119640e+01 7.794435e+03 1.413257e+04 2.52045 4.403121e-01
8.430000e-01 2.541810e+00 2.254973e+00 2.660794e+00 1.120384e+01 7.814973e+03 1.412244e+04 2.52399 4.413872e-01
8.420000e-01 2.541810e+00 2.255126e+00 2.660810e+00 1.120665e+01 7.841348e+03 1.411926e+04 2.52607 4.431815e-01
8.410000e-01 2.541810e+00 2.256976e+00 2.662962e+00 1.121422e+01 7.861642e+03 1.410898e+04 2.52969 4.442360e-01
8.400000e-01 2.541810e+00 2.257094e+00 2.662933e+00 1.121699e+01 7.887828e+03 1.410588e+04 2.5317 4.460240e-01
8.390000e-01 2.541810e+00 2.258939e+00 2.665076e+00 1.122456e+01 7.907879e+03 1.409561e+04 2.53535 4.470706e-01
8.380000e-01 2.541810e+00 2.259054e+00 2.665044e+00 1.122734e+01 7.933889e+03 1.409252e+04 2.53735 4.488498e-01
8.370000e-01 2.541810e+00 2.260908e+00 2.667197e+00 1.123495e+01 7.953737e+03 1.408221e+04 2.54103 4.498867e-01
8.360000e-01 2.541810e+00 2.261018e+00 2.667159e+00 1.123774e+01 7.979560e+03 1.407913e+04 2.54302 4.516560e-01
8.350000e-01 2.541810e+00 2.262881e+00 2.669324e+00 1.124539e+01 7.999166e+03 1.406878e+04 2.54674 4.526813e-01
8.340000e-01 2.541810e+00 2.262984e+00 2.669277e+00 1.124819e+01 8.024801e+03 1.406571e+04 2.5487 4.544406e-01
8.330000e-01 2.541810e+00 2.264857e+00 2.671453e+00 1.125588e+01 8.044136e+03 1.405532e+04 2.55246 4.554530e-01
8.320000e-01 2.541810e+00 2.264942e+00 2.671383e+00 1.125867e+01 8.069505e+03 1.405228e+04 2.55437 4.571967e-01
8.310000e-01 2.541810e+00 2.266829e+00 2.673574e+00 1.126640e+01 8.088513e+03 1.404187e+04 2.55818 4.581945e-01
8.300000e-01 2.541810e+00 2.266905e+00 2.673493e+00 1.126919e+01 8.113710e+03 1.403883e+04 2.56007 4.599304e-01
8.290000e-01 2.541810e+00 2.268808e+00 2.675702e+00 1.127699e+01 8.132602e+03 1.402834e+04 2.56394 4.609235e-01
8.280000e-01 2.541810e+00 2.268889e+00 2.675629e+00 1.127982e+01 8.157732e+03 1.402529e+04 2.56585 4.626593e-01
8.270000e-01 2.541810e+00 2.270802e+00 2.677848e+00 1.128768e+01 8.176523e+03 1.401472e+04 2.56974 4.636463e-01
8.260000e-01 2.541810e+00 2.270886e+00 2.677781e+00 1.129053e+01 8.201554e+03 1.401167e+04 2.57166 4.653791e-01
8.250000e-01 2.541810e+00 2.272807e+00 2.680010e+00 1.129845e+01 8.220202e+03 1.400104e+04 2.57558 4.663579e-01
8.240000e-01 2.541810e+00 2.272887e+00 2.679939e+00 1.130131e+01 8.245070e+03 1.399798e+04 2.57749 4.680825e-01
8.230000e-01 2.541810e+00 2.274818e+00 2.682180e+00 1.130927e+01 8.263496e+03 1.398731e+04 2.58144 4.690500e-01
8.220000e-01 2.541810e+00 2.274890e+00 2.682100e+00 1.131214e+01 8.288183e+03 1.398426e+04 2.58332 4.707651e-01
8.210000e-01 2.541810e+00 2.276833e+00 2.684356e+00 1.132015e+01 8.306415e+03 1.397355e+04 2.58731 4.717235e-01
8.200000e-01 2.541810e+00 2.276901e+00 2.684273e+00 1.132303e+01 8.330953e+03 1.397050e+04 2.58919 4.734317e-01
8.190000e-01 2.541810e+00 2.278853e+00 2.686539e+00 1.133109e+01 8.348973e+03 1.395973e+04 2.59321 4.743794e-01
8.180000e-01 2.541810e+00 2.278914e+00 2.686447e+00 1.133398e+01 8.373338e+03 1.395669e+04 2.59507 4.760785e-01
8.170000e-01 2.541810e+00 2.280877e+00 2.688726e+00 1.134208e+01 8.391138e+03 1.394588e+04 2.59913 4.770157e-01
8.160000e-01 2.541810e+00 2.280924e+00 2.688616e+00 1.134497e+01 8.415300e+03 1.394285e+04 2.60095 4.787038e-01
8.150000e-01 2.541810e+00 2.282899e+00 2.690908e+00 1.135311e+01 8.432784e+03 1.393201e+04 2.60506 4.796256e-01
8.140000e-01 2.541810e+00 2.282929e+00 2.690777e+00 1.135599e+01 8.456719e+03 1.392900e+04 2.60683 4.813012e-01
8.130000e-01 2.541810e+00 2.284921e+00 2.693088e+00 1.136419e+01 8.474005e+03 1.391810e+04 2.611 4.822149e-01
8.120000e-01 2.541810e+00 2.284952e+00 2.692958e+00 1.136710e+01 8.497871e+03 1.391508e+04 2.61279 4.838906e-01
8.110000e-01 2.541810e+00 2.286955e+00 2.695283e+00 1.137537e+01 8.515066e+03 1.390408e+04 2.61699 4.847988e-01
8.100000e-01 2.541810e+00 2.286989e+00 2.695160e+00 1.137831e+01 8.538856e+03 1.390105e+04 2.61879 4.864732e-01
8.090000e-01 2.541810e+00 2.289002e+00 2.697496e+00 1.138665e+01 8.555932e+03 1.388998e+04 2.62301 4.873743e-01
8.080000e-01 2.541810e+00 2.289034e+00 2.697371e+00 1.138960e+01 8.579601e+03 1.388694e+04 2.62481 4.890439e-01
8.070000e-01 2.541810e+00 2.291056e+00 2.699718e+00 1.139799e+01 8.596492e+03 1.387581e+04 2.62906 4.899347e-01
8.060000e-01 2.541810e+00 2.291080e+00 2.699586e+00 1.140096e+01 8.619993e+03 1.387278e+04 2.63084 4.915956e-01
8.050000e-01 2.541810e+00 2.293114e+00 2.701947e+00 1.140939e+01 8.636687e+03 1.386160e+04 2.63513 4.924769e-01
8.040000e-01 2.541810e+00 2.293132e+00 2.701807e+00 1.141237e+01 8.660053e+03 1.385857e+04 2.6369 4.941321e-01
8.030000e-01 2.541810e+00 2.295178e+00 2.704183e+00 1.142086e+01 8.676563e+03 1.384733e+04 2.64123 4.950037e-01
8.020000e-01 2.541810e+00 2.295187e+00 2.704034e+00 1.142385e+01 8.699774e+03 1.384430e+04 2.64297 4.966513e-01
8.010000e-01 2.541810e+00 2.297244e+00 2.706423e+00 1.143239e+01 8.716074e+03 1.383301e+04 2.64734 4.975124e-01
8.000000e-01 2.541810e+00 2.297243e+00 2.706261e+00 1.143538e+01 8.739124e+03 1.382998e+04 2.64906 4.991520e-01
7.990000e-01 2.541810e+00 2.299311e+00 2.708662e+00 1.144397e+01 8.755149e+03 1.381864e+04 2.65347 4.999991e-01
7.980000e-01 2.541810e+00 2.299288e+00 2.708472e+00 1.144695e+01 8.777969e+03 1.381564e+04 2.65513 5.016260e-01
7.970000e-01 2.541810e+00 2.301374e+00 2.710893e+00 1.145559e+01 8.793747e+03 1.380425e+04 2.6596 5.024619e-01
7.960000e-01 2.541810e+00 2.301347e+00 2.710700e+00 1.145859e+01 8.816473e+03 1.380124e+04 2.66126 5.040869e-01
7.950000e-01 2.541810e+00 2.303446e+00 2.713136e+00 1.146731e+01 8.832155e+03 1.378976e+04 2.66577 5.049177e-01
7.940000e-01 2.541810e+00 2.303421e+00 2.712947e+00 1.147034e+01 8.854815e+03 1.378673e+04 2.66745 5.065424e-01
7.930000e-01 2.541810e+00 2.305574e+00 2.715455e+00 1.147922e+01 8.870361e+03 1.377504e+04 2.67203 5.073557e-01
7.920000e-01 2.541810e+00 2.305520e+00 2.715228e+00 1.148222e+01 8.892942e+03 1.377207e+04 2.67368 5.089838e-01
7.910000e-01 2.541810e+00 2.307668e+00 2.717728e+00 1.149113e+01 8.908332e+03 1.376035e+04 2.67828 5.097916e-01
7.900000e-01 2.541810e+00 2.307604e+00 2.717491e+00 1.149414e+01 8.930764e+03 1.375739e+04 2.6799 5.114126e-01
7.890000e-01 2.541810e+00 2.309764e+00 2.720005e+00 1.150310e+01 8.945955e+03 1.374561e+04 2.68454 5.122101e-01
7.880000e-01 2.541810e+00 2.309693e+00 2.719760e+00 1.150612e+01 8.968265e+03 1.374265e+04 2.68614 5.138262e-01
7.870000e-01 2.541810e+00 2.311866e+00 2.722289e+00 1.151515e+01 8.983288e+03 1.373080e+04 2.69082 5.146145e-01
7.860000e-01 2.541810e+00 2.311785e+00 2.722033e+00 1.151817e+01 9.005458e+03 1.372783e+04 2.6924 5.162245e-01
7.850000e-01 2.541810e+00 2.313970e+00 2.724577e+00 1.152726e+01 9.020281e+03 1.371592e+04 2.69712 5.170020e-01
7.840000e-01 2.541810e+00 2.313877e+00 2.724306e+00 1.153029e+01 9.042306e+03 1.371296e+04 2.69868 5.186054e-01
7.830000e-01 2.541810e+00 2.316074e+00 2.726865e+00 1.153943e+01 9.056880e+03 1.370098e+04 2.70343 5.193697e-01
7.820000e-01 2.541810e+00 2.315959e+00 2.726565e+00 1.154244e+01 9.078689e+03 1.369804e+04 2.70493 5.209615e-01
7.810000e-01 2.541810e+00 2.318173e+00 2.729143e+00 1.155164e+01 9.093003e+03 1.368602e+04 2.70975 5.217132e-01
7.800000e-01 2.541810e+00 2.318049e+00 2.728833e+00 1.155467e+01 9.114709e+03 1.368307e+04 2.71124 5.233025e-01
7.790000e-01 2.541810e+00 2.320279e+00 2.731430e+00 1.156395e+01 9.128922e+03 1.367094e+04 2.7161 5.240486e-01
7.780000e-01 2.541810e+00 2.320153e+00 2.731120e+00 1.156701e+01 9.150565e+03 1.366797e+04 2.7176 5.256382e-01
7.770000e-01 2.541810e+00 2.322396e+00 2.733731e+00 1.157637e+01 9.164667e+03 1.365574e+04 2.72248 5.263768e-01
7.760000e-01 2.541810e+00 2.322268e+00 2.733421e+00 1.157945e+01 9.186222e+03 1.365276e+04 2.72399 5.279643e-01
7.750000e-01 2.541810e+00 2.324521e+00 2.736045e+00 1.158888e+01 9.200171e+03 1.364044e+04 2.7289 5.286934e-01
7.740000e-01 2.541810e+00 2.324382e+00 2.735722e+00 1.159197e+01 9.221590e+03 1.363746e+04 2.73038 5.302751e-01
7.730000e-01 2.541810e+00 2.326648e+00 2.738361e+00 1.160146e+01 9.235345e+03 1.362508e+04 2.73533 5.309932e-01
7.720000e-01 2.541810e+00 2.326500e+00 2.738030e+00 1.160456e+01 9.256649e+03 1.362209e+04 2.7368 5.325708e-01
7.710000e-01 2.541810e+00 2.328779e+00 2.740685e+00 1.161412e+01 9.270241e+03 1.360962e+04 2.74179 5.332798e-01
7.700000e-01 2.541810e+00 2.328620e+00 2.740340e+00 1.161724e+01 9.291416e+03 1.360663e+04 2.74323 5.348521e-01
7.690000e-01 2.541810e+00 2.330913e+00 2.743011e+00 1.162686e+01 9.304815e+03 1.359408e+04 2.74826 5.355501e-01
7.680000e-01 2.541810e+00 2.330738e+00 2.742648e+00 1.162998e+01 9.325852e+03 1.359110e+04 2.74966 5.371167e-01
7.670000e-01 2.541810e+00 2.333045e+00 2.745336e+00 1.163966e+01 9.339006e+03 1.357849e+04 2.75474 5.378010e-01
7.660000e-01 2.541810e+00 2.332847e+00 2.744942e+00 1.164276e+01 9.359842e+03 1.357551e+04 2.75609 5.393571e-01
7.650000e-01 2.541810e+00 2.335170e+00 2.747649e+00 1.165250e+01 9.372744e+03 1.356284e+04 2.76121 5.400287e-01
7.640000e-01 2.541810e+00 2.334963e+00 2.747246e+00 1.165562e+01 9.393486e+03 1.355986e+04 2.76255 5.415830e-01
7.630000e-01 2.541810e+00 2.337302e+00 2.749971e+00 1.166546e+01 9.406290e+03 1.354707e+04 2.76772 5.422485e-01
7.620000e-01 2.541810e+00 2.337089e+00 2.749561e+00 1.166860e+01 9.426967e+03 1.354406e+04 2.76906 5.438033e-01
7.610000e-01 2.541810e+00 2.339444e+00 2.752305e+00 1.167852e+01 9.439653e+03 1.353116e+04 2.77427 5.444604e-01
7.600000e-01 2.541810e+00 2.339225e+00 2.751892e+00 1.168169e+01 9.460246e+03 1.352814e+04 2.7756 5.460135e-01
7.590000e-01 2.541810e+00 2.341590e+00 2.754647e+00 1.169169e+01 9.472770e+03 1.351514e+04 2.78083 5.466600e-01
7.580000e-01 2.541810e+00 2.341359e+00 2.754222e+00 1.169486e+01 9.493235e+03 1.351211e+04 2.78215 5.482078e-01
7.570000e-01 2.541810e+00 2.343780e+00 2.757051e+00 1.170502e+01 9.505551e+03 1.349891e+04 2.78746 5.488325e-01
7.560000e-01 2.541810e+00 2.343510e+00 2.756574e+00 1.170815e+01 9.525929e+03 1.349595e+04 2.78872 5.503838e-01
7.550000e-01 2.541810e+00 2.345931e+00 2.759401e+00 1.171836e+01 9.538088e+03 1.348269e+04 2.79406 5.510024e-01
7.540000e-01 2.541810e+00 2.345650e+00 2.758912e+00 1.172150e+01 9.558344e+03 1.347972e+04 2.79529 5.525490e-01
7.530000e-01 2.541810e+00 2.348082e+00 2.761752e+00 1.173177e+01 9.570311e+03 1.346637e+04 2.80067 5.531564e-01
7.520000e-01 2.541810e+00 2.347781e+00 2.761239e+00 1.173491e+01 9.590430e+03 1.346341e+04 2.80186 5.546975e-01
7.510000e-01 2.541810e+00 2.350230e+00 2.764098e+00 1.174524e+01 9.602145e+03 1.344999e+04 2.80727 5.552899e-01
7.500000e-01 2.541810e+00 2.349903e+00 2.763552e+00 1.174836e+01 9.622073e+03 1.344703e+04 2.80841 5.568216e-01
7.490000e-01 2.541810e+00 2.352370e+00 2.766432e+00 1.175877e+01 9.633569e+03 1.343353e+04 2.81388 5.574025e-01
7.480000e-01 2.541810e+00 2.352033e+00 2.765875e+00 1.176191e+01 9.653427e+03 1.343055e+04 2.815 5.589347e-01
7.470000e-01 2.541810e+00 2.354517e+00 2.768776e+00 1.177242e+01 9.664816e+03 1.341692e+04 2.82052 5.595078e-01
7.460000e-01 2.541810e+00 2.354173e+00 2.768212e+00 1.177559e+01 9.684604e+03 1.341393e+04 2.82164 5.610400e-01
7.450000e-01 2.541810e+00 2.354516e+00 2.768454e+00 1.178002e+01 9.702606e+03 1.340933e+04 2.82464 5.625172e-01
7.440000e-01 2.541810e+00 2.357749e+00 2.772308e+00 1.179311e+01 9.711296e+03 1.339175e+04 2.83052 5.626472e-01
7.430000e-01 2.541810e+00 2.357386e+00 2.771724e+00 1.179630e+01 9.730938e+03 1.338873e+04 2.83161 5.641756e-01
7.420000e-01 2.541810e+00 2.357712e+00 2.771946e+00 1.180076e+01 9.748757e+03 1.338412e+04 2.83458 5.656454e-01
7.410000e-01 2.541810e+00 2.360983e+00 2.775847e+00 1.181401e+01 9.757141e+03 1.336631e+04 2.84056 5.657535e-01
7.400000e-01 2.541810e+00 2.360598e+00 2.775238e+00 1.181722e+01 9.776626e+03 1.336329e+04 2.8416 5.672776e-01
7.390000e-01 2.541810e+00 2.360909e+00 2.775443e+00 1.182170e+01 9.794273e+03 1.335864e+04 2.84455 5.687415e-01
7.380000e-01 2.541810e+00 2.364219e+00 2.779390e+00 1.183512e+01 9.802353e+03 1.334062e+04 2.85061 5.688274e-01
7.370000e-01 2.541810e+00 2.365319e+00 2.780601e+00 1.184227e+01 9.817255e+03 1.333190e+04 2.85398 5.698349e-01
7.360000e-01 2.541810e+00 2.366396e+00 2.781779e+00 1.184937e+01 9.832046e+03 1.332325e+04 2.85733 5.708440e-01
7.350000e-01 2.541810e+00 2.367469e+00 2.782953e+00 1.185647e+01 9.846726e+03 1.331460e+04 2.86068 5.718479e-01
7.340000e-01 2.541810e+00 2.368540e+00 2.784124e+00 1.186359e+01 9.861320e+03 1.330593e+04 2.86403 5.728474e-01
7.330000e-01 2.541810e+00 2.369612e+00 2.785295e+00 1.187075e+01 9.875875e+03 1.329721e+04 2.86739 5.738454e-01
7.320000e-01 2.541810e+00 2.370685e+00 2.786469e+00 1.187795e+01 9.890384e+03 1.328844e+04 2.87075 5.748412e-01
7.310000e-01 2.541810e+00 2.371760e+00 2.787647e+00 1.188517e+01 9.904841e+03 1.327964e+04 2.87412 5.758346e-01
7.300000e-01 2.541810e+00 2.372837e+00 2.788826e+00 1.189243e+01 9.919248e+03 1.327080e+04 2.87749 5.768255e-01
7.290000e-01 2.541810e+00 2.373914e+00 2.790006e+00 1.189972e+01 9.933595e+03 1.326192e+04 2.88087 5.778132e-01
7.280000e-01 2.541810e+00 2.374990e+00 2.791186e+00 1.190702e+01 9.947860e+03 1.325301e+04 2.88425 5.787965e-01
7.270000e-01 2.541810e+00 2.376065e+00 2.792365e+00 1.191436e+01 9.962048e+03 1.324408e+04 2.88763 5.797758e-01
7.260000e-01 2.541810e+00 2.377141e+00 2.793546e+00 1.192172e+01 9.976171e+03 1.323511e+04 2.89101 5.807519e-01
7.250000e-01 2.541810e+00 2.378217e+00 2.794727e+00 1.192910e+01 9.990232e+03 1.322610e+04 2.89439 5.817247e-01
7.240000e-01 2.541810e+00 2.379292e+00 2.795907e+00 1.193651e+01 1.000421e+04 1.321707e+04 2.89778 5.826932e-01
7.230000e-01 2.541810e+00 2.380366e+00 2.797087e+00 1.194395e+01 1.001811e+04 1.320800e+04 2.90117 5.836578e-01
7.220000e-01 2.541810e+00 2.381440e+00 2.798266e+00 1.195141e+01 1.003193e+04 1.319891e+04 2.90456 5.846182e-01
7.210000e-01 2.541810e+00 2.382512e+00 2.799442e+00 1.195889e+01 1.004565e+04 1.318980e+04 2.90794 5.855729e-01
7.200000e-01 2.541810e+00 2.383579e+00 2.800613e+00 1.196638e+01 1.005924e+04 1.318067e+04 2.91132 5.865211e-01
7.190000e-01 2.541810e+00 2.384644e+00 2.801782e+00 1.197388e+01 1.007274e+04 1.317153e+04 2.9147 5.874649e-01
7.180000e-01 2.541810e+00 2.385710e+00 2.802951e+00 1.198143e+01 1.008620e+04 1.316233e+04 2.91809 5.884070e-01
7.170000e-01 2.541810e+00 2.386777e+00 2.804123e+00 1.198901e+01 1.009961e+04 1.315309e+04 2.92148 5.893469e-01
7.160000e-01 2.541810e+00 2.387846e+00 2.805296e+00 1.199663e+01 1.011296e+04 1.314381e+04 2.92488 5.902840e-01
7.150000e-01 2.541810e+00 2.388914e+00 2.806471e+00 1.200429e+01 1.012626e+04 1.313448e+04 2.92828 5.912184e-01
7.140000e-01 2.541810e+00 2.389983e+00 2.807647e+00 1.201197e+01 1.013950e+04 1.312512e+04 2.93168 5.921496e-01
7.130000e-01 2.541810e+00 2.391051e+00 2.808822e+00 1.201969e+01 1.015266e+04 1.311572e+04 2.93509 5.930763e-01
7.120000e-01 2.541810e+00 2.392118e+00 2.809996e+00 1.202742e+01 1.016574e+04 1.310629e+04 2.93849 5.939990e-01
7.110000e-01 2.541810e+00 2.393184e+00 2.811171e+00 1.203519e+01 1.017875e+04 1.309682e+04 2.9419 5.949184e-01
7.100000e-01 2.541810e+00 2.394250e+00 2.812345e+00 1.204299e+01 1.019170e+04 1.308732e+04 2.94531 5.958343e-01
7.090000e-01 2.541810e+00 2.395353e+00 2.813572e+00 1.205091e+01 1.020454e+04 1.307766e+04 2.94876 5.967342e-01
7.080000e-01 2.541810e+00 2.396417e+00 2.814745e+00 1.205877e+01 1.021732e+04 1.306808e+04 2.95217 5.976410e-01
7.070000e-01 2.541810e+00 2.397479e+00 2.815916e+00 1.206665e+01 1.023003e+04 1.305847e+04 2.95557 5.985439e-01
7.060000e-01 2.541810e+00 2.398537e+00 2.817082e+00 1.207454e+01 1.024263e+04 1.304884e+04 2.95897 5.994406e-01
7.050000e-01 2.541810e+00 2.399591e+00 2.818243e+00 1.208245e+01 1.025511e+04 1.303919e+04 2.96236 6.003312e-01
7.040000e-01 2.541810e+00 2.400642e+00 2.819399e+00 1.209038e+01 1.026751e+04 1.302951e+04 2.96575 6.012173e-01
7.030000e-01 2.541810e+00 2.401694e+00 2.820556e+00 1.209835e+01 1.027987e+04 1.301977e+04 2.96914 6.021015e-01
7.020000e-01 2.541810e+00 2.402745e+00 2.821715e+00 1.210637e+01 1.029217e+04 1.300998e+04 2.97253 6.029829e-01
7.010000e-01 2.541810e+00 2.403796e+00 2.822873e+00 1.211442e+01 1.030442e+04 1.300014e+04 2.97592 6.038610e-01
7.000000e-01 2.541810e+00 2.404847e+00 2.824031e+00 1.212250e+01 1.031661e+04 1.299025e+04 2.97932 6.047360e-01
6.990000e-01 2.541810e+00 2.405897e+00 2.825189e+00 1.213063e+01 1.032874e+04 1.298032e+04 2.98271 6.056072e-01
6.980000e-01 2.541810e+00 2.406945e+00 2.826345e+00 1.213877e+01 1.034078e+04 1.297034e+04 2.9861 6.064737e-01
6.970000e-01 2.541810e+00 2.407990e+00 2.827498e+00 1.214695e+01 1.035274e+04 1.296033e+04 2.98948 6.073357e-01
6.960000e-01 2.541810e+00 2.409034e+00 2.828650e+00 1.215516e+01 1.036465e+04 1.295027e+04 2.99286 6.081944e-01
6.950000e-01 2.541810e+00 2.410077e+00 2.829802e+00 1.216340e+01 1.037648e+04 1.294016e+04 2.99624 6.090490e-01
6.940000e-01 2.541810e+00 2.411117e+00 2.830949e+00 1.217167e+01 1.038824e+04 1.293001e+04 2.99961 6.098988e-01
6.930000e-01 2.541810e+00 2.412154e+00 2.832095e+00 1.217997e+01 1.039991e+04 1.291982e+04 3.00298 6.107440e-01
6.920000e-01 2.541810e+00 2.413189e+00 2.833237e+00 1.218829e+01 1.041150e+04 1.290959e+04 3.00634 6.115841e-01
6.910000e-01 2.541810e+00 2.414218e+00 2.834372e+00 1.219663e+01 1.042296e+04 1.289934e+04 3.00969 6.124173e-01
6.900000e-01 2.541810e+00 2.415243e+00 2.835500e+00 1.220498e+01 1.043432e+04 1.288907e+04 3.01303 6.132446e-01
6.890000e-01 2.541810e+00 2.416265e+00 2.836627e+00 1.221337e+01 1.044563e+04 1.287874e+04 3.01637 6.140688e-01
6.880000e-01 2.541810e+00 2.417287e+00 2.837752e+00 1.222181e+01 1.045688e+04 1.286835e+04 3.01971 6.148903e-01
6.870000e-01 2.541810e+00 2.418308e+00 2.838878e+00 1.223028e+01 1.046806e+04 1.285791e+04 3.02304 6.157081e-01
6.860000e-01 2.541810e+00 2.419327e+00 2.840002e+00 1.223880e+01 1.047919e+04 1.284741e+04 3.02638 6.165225e-01
6.850000e-01 2.541810e+00 2.420345e+00 2.841126e+00 1.224736e+01 1.049026e+04 1.283685e+04 3.02971 6.173334e-01
6.840000e-01 2.541810e+00 2.421397e+00 2.842298e+00 1.225604e+01 1.050121e+04 1.282614e+04 3.03308 6.181277e-01
6.830000e-01 2.541810e+00 2.422411e+00 2.843420e+00 1.226466e+01 1.051211e+04 1.281549e+04 3.0364 6.189286e-01
6.820000e-01 2.541810e+00 2.423422e+00 2.844537e+00 1.227332e+01 1.052294e+04 1.280481e+04 3.03972 6.197258e-01
6.810000e-01 2.541810e+00 2.424430e+00 2.845652e+00 1.228202e+01 1.053371e+04 1.279407e+04 3.04303 6.205192e-01
6.800000e-01 2.541810e+00 2.425437e+00 2.846766e+00 1.229075e+01 1.054439e+04 1.278328e+04 3.04634 6.213082e-01
6.790000e-01 2.541810e+00 2.426440e+00 2.847876e+00 1.229951e+01 1.055499e+04 1.277246e+04 3.04964 6.220922e-01
6.780000e-01 2.541810e+00 2.427440e+00 2.848983e+00 1.230830e+01 1.056550e+04 1.276159e+04 3.05294 6.228713e-01
6.770000e-01 2.541810e+00 2.428435e+00 2.850083e+00 1.231711e+01 1.057591e+04 1.275069e+04 3.05622 6.236438e-01
6.760000e-01 2.541810e+00 2.429423e+00 2.851175e+00 1.232594e+01 1.058620e+04 1.273977e+04 3.05949 6.244098e-01
6.750000e-01 2.541810e+00 2.430408e+00 2.852262e+00 1.233480e+01 1.059641e+04 1.272880e+04 3.06275 6.251712e-01
6.740000e-01 2.541810e+00 2.431390e+00 2.853347e+00 1.234371e+01 1.060657e+04 1.271776e+04 3.066 6.259297e-01
6.730000e-01 2.541810e+00 2.432370e+00 2.854430e+00 1.235266e+01 1.061666e+04 1.270666e+04 3.06925 6.266840e-01
6.720000e-01 2.541810e+00 2.433347e+00 2.855510e+00 1.236166e+01 1.062669e+04 1.269549e+04 3.0725 6.274344e-01
6.710000e-01 2.541810e+00 2.434322e+00 2.856589e+00 1.237070e+01 1.063666e+04 1.268426e+04 3.07573 6.281807e-01
6.700000e-01 2.541810e+00 2.435294e+00 2.857664e+00 1.237978e+01 1.064654e+04 1.267297e+04 3.07896 6.289221e-01
6.690000e-01 2.541810e+00 2.436261e+00 2.858735e+00 1.238890e+01 1.065635e+04 1.266164e+04 3.08217 6.296582e-01
6.680000e-01 2.541810e+00 2.437225e+00 2.859802e+00 1.239804e+01 1.066608e+04 1.265025e+04 3.08538 6.303896e-01
6.670000e-01 2.541810e+00 2.438184e+00 2.860864e+00 1.240724e+01 1.067574e+04 1.263880e+04 3.08857 6.311163e-01
6.660000e-01 2.541810e+00 2.439141e+00 2.861924e+00 1.241647e+01 1.068532e+04 1.262729e+04 3.09175 6.318383e-01
6.650000e-01 2.541810e+00 2.440093e+00 2.862978e+00 1.242573e+01 1.069482e+04 1.261573e+04 3.09493 6.325550e-01
6.640000e-01 2.541810e+00 2.441039e+00 2.864026e+00 1.243503e+01 1.070422e+04 1.260412e+04 3.09808 6.332658e-01
6.630000e-01 2.541810e+00 2.441980e+00 2.865068e+00 1.244435e+01 1.071352e+04 1.259248e+04 3.10123 6.339701e-01
6.620000e-01 2.541810e+00 2.442947e+00 2.866146e+00 1.245378e+01 1.072267e+04 1.258069e+04 3.10439 6.346557e-01
6.610000e-01 2.541810e+00 2.443877e+00 2.867175e+00 1.246315e+01 1.073176e+04 1.256897e+04 3.10751 6.353475e-01
6.600000e-01 2.541810e+00 2.444802e+00 2.868198e+00 1.247258e+01 1.074080e+04 1.255717e+04 3.11061 6.360363e-01
6.590000e-01 2.541810e+00 2.445724e+00 2.869218e+00 1.248206e+01 1.074977e+04 1.254530e+04 3.1137 6.367206e-01
6.580000e-01 2.541810e+00 2.446642e+00 2.870234e+00 1.249158e+01 1.075867e+04 1.253336e+04 3.11679 6.374003e-01
6.570000e-01 2.541810e+00 2.447557e+00 2.871248e+00 1.250116e+01 1.076750e+04 1.252135e+04 3.11986 6.380758e-01
6.560000e-01 2.541810e+00 2.448467e+00 2.872257e+00 1.251078e+01 1.077625e+04 1.250929e+04 3.12293 6.387459e-01
6.550000e-01 2.541810e+00 2.449373e+00 2.873261e+00 1.252043e+01 1.078491e+04 1.249718e+04 3.12598 6.394106e-01
6.540000e-01 2.541810e+00 2.450273e+00 2.874260e+00 1.253013e+01 1.079349e+04 1.248500e+04 3.12901 6.400702e-01
6.530000e-01 2.541810e+00 2.451169e+00 2.875255e+00 1.253988e+01 1.080199e+04 1.247277e+04 3.13204 6.407250e-01
6.520000e-01 2.541810e+00 2.452061e+00 2.876246e+00 1.254967e+01 1.081042e+04 1.246047e+04 3.13505 6.413749e-01
6.510000e-01 2.541810e+00 2.452947e+00 2.877231e+00 1.255950e+01 1.081875e+04 1.244812e+04 3.13805 6.420188e-01
6.500000e-01 2.541810e+00 2.453827e+00 2.878208e+00 1.256937e+01 1.082698e+04 1.243571e+04 3.14103 6.426566e-01
6.490000e-01 2.541810e+00 2.454700e+00 2.879176e+00 1.257926e+01 1.083511e+04 1.242327e+04 3.14399 6.432875e-01
6.480000e-01 2.541810e+00 2.455565e+00 2.880136e+00 1.258917e+01 1.084312e+04 1.241080e+04 3.14693 6.439115e-01
6.470000e-01 2.541810e+00 2.456423e+00 2.881087e+00 1.259913e+01 1.085104e+04 1.239827e+04 3.14986 6.445299e-01
6.460000e-01 2.541810e+00 2.457277e+00 2.882034e+00 1.260915e+01 1.085891e+04 1.238565e+04 3.15277 6.451446e-01
6.450000e-01 2.541810e+00 2.458125e+00 2.882975e+00 1.261922e+01 1.086669e+04 1.237295e+04 3.15566 6.457536e-01
6.440000e-01 2.541810e+00 2.459000e+00 2.883955e+00 1.262943e+01 1.087436e+04 1.236007e+04 3.15857 6.463457e-01
6.430000e-01 2.541810e+00 2.459838e+00 2.884886e+00 1.263961e+01 1.088200e+04 1.234720e+04 3.16143 6.469434e-01
6.420000e-01 2.541810e+00 2.460669e+00 2.885809e+00 1.264983e+01 1.088955e+04 1.233428e+04 3.16426 6.475352e-01
6.410000e-01 2.541810e+00 2.461493e+00 2.886724e+00 1.266010e+01 1.089701e+04 1.232130e+04 3.16708 6.481207e-01
6.400000e-01 2.541810e+00 2.462310e+00 2.887632e+00 1.267041e+01 1.090439e+04 1.230824e+04 3.16987 6.487006e-01
6.390000e-01 2.541810e+00 2.463120e+00 2.888533e+00 1.268078e+01 1.091168e+04 1.229511e+04 3.17264 6.492748e-01
6.380000e-01 2.541810e+00 2.463925e+00 2.889428e+00 1.269119e+01 1.091889e+04 1.228191e+04 3.17539 6.498431e-01
6.370000e-01 2.541810e+00 2.464723e+00 2.890316e+00 1.270164e+01 1.092600e+04 1.226865e+04 3.17813 6.504050e-01
6.360000e-01 2.541810e+00 2.465512e+00 2.891194e+00 1.271214e+01 1.093302e+04 1.225534e+04 3.18084 6.509602e-01
6.350000e-01 2.541810e+00 2.466293e+00 2.892061e+00 1.272266e+01 1.093991e+04 1.224199e+04 3.18352 6.515076e-01
6.340000e-01 2.541810e+00 2.467065e+00 2.892917e+00 1.273321e+01 1.094669e+04 1.222860e+04 3.18618 6.520481e-01
6.330000e-01 2.541810e+00 2.467829e+00 2.893766e+00 1.274381e+01 1.095340e+04 1.221513e+04 3.18882 6.525835e-01
6.320000e-01 2.541810e+00 2.468587e+00 2.894607e+00 1.275449e+01 1.096003e+04 1.220156e+04 3.19144 6.531133e-01
6.310000e-01 2.541810e+00 2.469337e+00 2.895441e+00 1.276522e+01 1.096658e+04 1.218791e+04 3.19403 6.536368e-01
6.300000e-01 2.541810e+00 2.470080e+00 2.896266e+00 1.277601e+01 1.097306e+04 1.217417e+04 3.19659 6.541543e-01
6.290000e-01 2.541810e+00 2.470845e+00 2.897125e+00 1.278694e+01 1.097940e+04 1.216023e+04 3.19916 6.546534e-01
6.280000e-01 2.541810e+00 2.471572e+00 2.897933e+00 1.279784e+01 1.098569e+04 1.214632e+04 3.20167 6.551559e-01
6.270000e-01 2.541810e+00 2.472288e+00 2.898730e+00 1.280878e+01 1.099189e+04 1.213235e+04 3.20415 6.556520e-01
6.260000e-01 2.541810e+00 2.472997e+00 2.899518e+00 1.281978e+01 1.099801e+04 1.211828e+04 3.20659 6.561418e-01
6.250000e-01 2.541810e+00 2.473697e+00 2.900297e+00 1.283084e+01 1.100403e+04 1.210413e+04 3.20901 6.566248e-01
6.240000e-01 2.541810e+00 2.474389e+00 2.901067e+00 1.284194e+01 1.100996e+04 1.208992e+04 3.2114 6.571007e-01
6.230000e-01 2.541810e+00 2.475071e+00 2.901826e+00 1.285310e+01 1.101579e+04 1.207564e+04 3.21376 6.575695e-01
6.220000e-01 2.541810e+00 2.475744e+00 2.902574e+00 1.286428e+01 1.102150e+04 1.206132e+04 3.2161 6.580306e-01
6.210000e-01 2.541810e+00 2.476407e+00 2.903311e+00 1.287550e+01 1.102710e+04 1.204695e+04 3.21841 6.584840e-01
6.200000e-01 2.541810e+00 2.477061e+00 2.904036e+00 1.288677e+01 1.103259e+04 1.203252e+04 3.22069 6.589312e-01
6.190000e-01 2.541810e+00 2.477706e+00 2.904753e+00 1.289812e+01 1.103801e+04 1.201798e+04 3.22294 6.593726e-01
6.180000e-01 2.541810e+00 2.478343e+00 2.905461e+00 1.290954e+01 1.104334e+04 1.200336e+04 3.22517 6.598072e-01
6.170000e-01 2.541810e+00 2.478970e+00 2.906158e+00 1.292102e+01 1.104858e+04 1.198863e+04 3.22736 6.602347e-01
6.160000e-01 2.541810e+00 2.479616e+00 2.906886e+00 1.293265e+01 1.105369e+04 1.197371e+04 3.22955 6.606437e-01
6.150000e-01 2.541810e+00 2.480226e+00 2.907565e+00 1.294426e+01 1.105874e+04 1.195881e+04 3.23168 6.610560e-01
6.140000e-01 2.541810e+00 2.480825e+00 2.908232e+00 1.295592e+01 1.106370e+04 1.194384e+04 3.23377 6.614613e-01
6.130000e-01 2.541810e+00 2.481414e+00 2.908889e+00 1.296765e+01 1.106856e+04 1.192877e+04 3.23583 6.618598e-01
6.120000e-01 2.541810e+00 2.481993e+00 2.909536e+00 1.297945e+01 1.107333e+04 1.191362e+04 3.23786 6.622511e-01
6.110000e-01 2.541810e+00 2.482563e+00 2.910172e+00 1.299130e+01 1.107800e+04 1.189839e+04 3.23986 6.626349e-01
6.100000e-01 2.541810e+00 2.483121e+00 2.910796e+00 1.300320e+01 1.108256e+04 1.188310e+04 3.24182 6.630108e-01
6.090000e-01 2.541810e+00 2.483668e+00 2.911406e+00 1.301515e+01 1.108701e+04 1.186774e+04 3.24374 6.633780e-01
6.080000e-01 2.541810e+00 2.484202e+00 2.911999e+00 1.302713e+01 1.109133e+04 1.185233e+04 3.24562 6.637361e-01
6.070000e-01 2.541810e+00 2.484722e+00 2.912577e+00 1.303916e+01 1.109555e+04 1.183685e+04 3.24746 6.640861e-01
6.060000e-01 2.541810e+00 2.485231e+00 2.913142e+00 1.305127e+01 1.109969e+04 1.182124e+04 3.24925 6.644287e-01
6.050000e-01 2.541810e+00 2.485729e+00 2.913695e+00 1.306346e+01 1.110373e+04 1.180553e+04 3.25101 6.647631e-01
6.040000e-01 2.541810e+00 2.486215e+00 2.914235e+00 1.307572e+01 1.110768e+04 1.178971e+04 3.25272 6.650896e-01
6.030000e-01 2.541810e+00 2.486717e+00 2.914801e+00 1.308815e+01 1.111149e+04 1.177368e+04 3.25442 6.653962e-01
6.020000e-01 2.541810e+00 2.487180e+00 2.915316e+00 1.310056e+01 1.111523e+04 1.175766e+04 3.25604 6.657047e-01
6.010000e-01 2.541810e+00 2.487631e+00 2.915818e+00 1.311302e+01 1.111887e+04 1.174156e+04 3.25763 6.660057e-01
6.000000e-01 2.541810e+00 2.488070e+00 2.916307e+00 1.312557e+01 1.112242e+04 1.172536e+04 3.25917 6.662989e-01
5.990000e-01 2.541810e+00 2.488497e+00 2.916783e+00 1.313819e+01 1.112586e+04 1.170907e+04 3.26068 6.665839e-01
5.980000e-01 2.541810e+00 2.488913e+00 2.917248e+00 1.315088e+01 1.112920e+04 1.169269e+04 3.26215 6.668608e-01
5.970000e-01 2.541810e+00 2.489317e+00 2.917700e+00 1.316362e+01 1.113242e+04 1.167625e+04 3.26358 6.671296e-01
5.960000e-01 2.541810e+00 2.489710e+00 2.918137e+00 1.317642e+01 1.113553e+04 1.165974e+04 3.26497 6.673896e-01
5.950000e-01 2.541810e+00 2.490088e+00 2.918558e+00 1.318926e+01 1.113851e+04 1.164319e+04 3.26631 6.676406e-01
5.940000e-01 2.541810e+00 2.490455e+00 2.918965e+00 1.320216e+01 1.114138e+04 1.162656e+04 3.26762 6.678839e-01
5.930000e-01 2.541810e+00 2.490810e+00 2.919361e+00 1.321515e+01 1.114416e+04 1.160981e+04 3.2689 6.681200e-01
5.920000e-01 2.541810e+00 2.491176e+00 2.919775e+00 1.322832e+01 1.114678e+04 1.159285e+04 3.27014 6.683352e-01
5.910000e-01 2.541810e+00 2.491504e+00 2.920141e+00 1.324150e+01 1.114935e+04 1.157586e+04 3.27131 6.685520e-01
5.900000e-01 2.541810e+00 2.491819e+00 2.920492e+00 1.325475e+01 1.115182e+04 1.155877e+04 3.27243 6.687603e-01
5.890000e-01 2.541810e+00 2.492118e+00 2.920826e+00 1.326808e+01 1.115418e+04 1.154158e+04 3.27349 6.689587e-01
5.880000e-01 2.541810e+00 2.492401e+00 2.921141e+00 1.328148e+01 1.115642e+04 1.152429e+04 3.2745 6.691469e-01
5.870000e-01 2.541810e+00 2.492670e+00 2.921442e+00 1.329496e+01 1.115857e+04 1.150689e+04 3.27545 6.693260e-01
5.860000e-01 2.541810e+00 2.492924e+00 2.921725e+00 1.330853e+01 1.116060e+04 1.148937e+04 3.27635 6.694951e-01
5.850000e-01 2.541810e+00 2.493163e+00 2.921990e+00 1.332217e+01 1.116252e+04 1.147176e+04 3.27719 6.696537e-01
5.840000e-01 2.541810e+00 2.493388e+00 2.922241e+00 1.333588e+01 1.116433e+04 1.145407e+04 3.27799 6.698032e-01
5.830000e-01 2.541810e+00 2.493601e+00 2.922477e+00 1.334965e+01 1.116601e+04 1.143634e+04 3.27874 6.699441e-01
5.820000e-01 2.541810e+00 2.493800e+00 2.922697e+00 1.336346e+01 1.116756e+04 1.141856e+04 3.27946 6.700762e-01
5.810000e-01 2.541810e+00 2.493987e+00 2.922903e+00 1.337736e+01 1.116900e+04 1.140068e+04 3.28013 6.702006e-01
5.800000e-01 2.541810e+00 2.494186e+00 2.923132e+00 1.339146e+01 1.117029e+04 1.138258e+04 3.28079 6.703056e-01
5.790000e-01 2.541810e+00 2.494346e+00 2.923310e+00 1.340557e+01 1.117151e+04 1.136446e+04 3.28137 6.704117e-01
5.780000e-01 2.541810e+00 2.494492e+00 2.923473e+00 1.341978e+01 1.117263e+04 1.134622e+04 3.28191 6.705091e-01
5.770000e-01 2.541810e+00 2.494623e+00 2.923621e+00 1.343408e+01 1.117364e+04 1.132788e+04 3.28238 6.705964e-01
5.760000e-01 2.541810e+00 2.494735e+00 2.923745e+00 1.344847e+01 1.117453e+04 1.130943e+04 3.28279 6.706722e-01
5.750000e-01 2.541810e+00 2.494832e+00 2.923854e+00 1.346294e+01 1.117530e+04 1.129088e+04 3.28314 6.707380e-01
5.740000e-01 2.541810e+00 2.494912e+00 2.923944e+00 1.347751e+01 1.117597e+04 1.127219e+04 3.28342 6.707934e-01
5.730000e-01 2.541810e+00 2.491721e+00 2.920419e+00 1.348088e+01 1.118765e+04 1.126839e+04 3.27919 6.723483e-01
5.720000e-01 2.541810e+00 2.495035e+00 2.924084e+00 1.350697e+01 1.117690e+04 1.123444e+04 3.28381 6.708618e-01
5.710000e-01 2.541810e+00 2.491762e+00 2.920464e+00 1.351030e+01 1.118848e+04 1.123064e+04 3.2794 6.724182e-01
5.700000e-01 2.541810e+00 2.495085e+00 2.924136e+00 1.353666e+01 1.117737e+04 1.119648e+04 3.28398 6.708990e-01
5.690000e-01 2.541810e+00 2.491735e+00 2.920424e+00 1.353995e+01 1.118884e+04 1.119268e+04 3.2794 6.724544e-01
5.680000e-01 2.541810e+00 2.495086e+00 2.924134e+00 1.356667e+01 1.117737e+04 1.115825e+04 3.28401 6.709041e-01
5.688845e-01 2.541810e+00 2.496756e+00 2.926077e+00 1.355916e+01 1.117214e+04 1.116777e+04 3.28618 6.701358e-01
