1.000000e+00 2.558190e+00 2.121164e+00 2.519240e+00 1.052563e+01 0.000000e+00 1.553907e+04 0 0.000000e+00
9.990000e-01 2.558190e+00 2.122650e+00 2.520370e+00 1.053405e+01 6.214164e+02 1.544341e+04 2.15024 3.374424e-02
9.980000e-01 2.558190e+00 2.122700e+00 2.520162e+00 1.053578e+01 8.889313e+02 1.540769e+04 2.24172 5.032231e-02
9.970000e-01 2.558190e+00 2.123995e+00 2.521646e+00 1.054100e+01 1.089464e+03 1.537827e+04 2.15578 5.923768e-02
9.960000e-01 2.558190e+00 2.124236e+00 2.521735e+00 1.054299e+01 1.266785e+03 1.535512e+04 2.19809 7.021503e-02
9.950000e-01 2.558190e+00 2.125455e+00 2.523148e+00 1.054799e+01 1.416328e+03 1.533247e+04 2.15984 7.704917e-02
9.940000e-01 2.558190e+00 2.125759e+00 2.523343e+00 1.055005e+01 1.557837e+03 1.531431e+04 2.18752 8.580898e-02
9.930000e-01 2.558190e+00 2.126949e+00 2.524732e+00 1.055497e+01 1.681788e+03 1.529504e+04 2.16387 9.153258e-02
9.920000e-01 2.558190e+00 2.127287e+00 2.524983e+00 1.055707e+01 1.803063e+03 1.527970e+04 2.18466 9.904442e-02
9.910000e-01 2.558190e+00 2.128463e+00 2.526362e+00 1.056195e+01 1.910877e+03 1.526253e+04 2.16792 1.040473e-01
9.900000e-01 2.558190e+00 2.128802e+00 2.526620e+00 1.056407e+01 2.018154e+03 1.524912e+04 2.18436 1.106865e-01
9.890000e-01 2.558190e+00 2.129972e+00 2.527989e+00 1.056894e+01 2.113731e+03 1.523349e+04 2.17196 1.151437e-01
9.880000e-01 2.558190e+00 2.130289e+00 2.528213e+00 1.057105e+01 2.210609e+03 1.522151e+04 2.18541 1.211310e-01
9.870000e-01 2.558190e+00 2.131473e+00 2.529593e+00 1.057597e+01 2.297603e+03 1.520690e+04 2.176 1.252164e-01
9.860000e-01 2.558190e+00 2.131790e+00 2.529818e+00 1.057810e+01 2.387202e+03 1.519592e+04 2.18771 1.307604e-01
9.850000e-01 2.558190e+00 2.132978e+00 2.531201e+00 1.058305e+01 2.467766e+03 1.518208e+04 2.18006 1.345511e-01
9.840000e-01 2.558190e+00 2.133285e+00 2.531409e+00 1.058517e+01 2.551145e+03 1.517195e+04 2.19027 1.397085e-01
9.830000e-01 2.558190e+00 2.134481e+00 2.532798e+00 1.059015e+01 2.626205e+03 1.515874e+04 2.18413 1.432547e-01
9.820000e-01 2.558190e+00 2.134781e+00 2.532995e+00 1.059228e+01 2.704673e+03 1.514928e+04 2.19328 1.481114e-01
9.810000e-01 2.558190e+00 2.135982e+00 2.534386e+00 1.059730e+01 2.775124e+03 1.513661e+04 2.1882 1.514470e-01
9.800000e-01 2.558190e+00 2.136262e+00 2.534553e+00 1.059942e+01 2.849116e+03 1.512776e+04 2.19635 1.560233e-01
9.790000e-01 2.558190e+00 2.137470e+00 2.535943e+00 1.060446e+01 2.915125e+03 1.511557e+04 2.19225 1.591605e-01
9.780000e-01 2.558190e+00 2.137720e+00 2.536064e+00 1.060656e+01 2.985283e+03 1.510723e+04 2.19957 1.634966e-01
9.770000e-01 2.558190e+00 2.138994e+00 2.537532e+00 1.061176e+01 3.048263e+03 1.509521e+04 2.1964 1.665071e-01
9.760000e-01 2.558190e+00 2.139233e+00 2.537638e+00 1.061385e+01 3.116063e+03 1.508726e+04 2.20337 1.707124e-01
9.750000e-01 2.558190e+00 2.140498e+00 2.539095e+00 1.061906e+01 3.177126e+03 1.507548e+04 2.20051 1.736265e-01
9.740000e-01 2.558190e+00 2.140758e+00 2.539231e+00 1.062119e+01 3.242604e+03 1.506785e+04 2.20717 1.776979e-01
9.730000e-01 2.558190e+00 2.142024e+00 2.540693e+00 1.062642e+01 3.301764e+03 1.505630e+04 2.20466 1.805201e-01
9.720000e-01 2.558190e+00 2.142303e+00 2.540857e+00 1.062857e+01 3.365113e+03 1.504895e+04 2.21103 1.844675e-01
9.710000e-01 2.558190e+00 2.143568e+00 2.542321e+00 1.063380e+01 3.422326e+03 1.503763e+04 2.20883 1.871958e-01
9.700000e-01 2.558190e+00 2.143852e+00 2.542495e+00 1.063597e+01 3.483447e+03 1.503056e+04 2.21484 1.910066e-01
9.690000e-01 2.558190e+00 2.145116e+00 2.543959e+00 1.064120e+01 3.538406e+03 1.501950e+04 2.213 1.936313e-01
9.680000e-01 2.558190e+00 2.145393e+00 2.544123e+00 1.064336e+01 3.597349e+03 1.501272e+04 2.21863 1.973064e-01
9.670000e-01 2.558190e+00 2.146666e+00 2.545598e+00 1.064861e+01 3.650446e+03 1.500187e+04 2.21719 1.998515e-01
9.660000e-01 2.558190e+00 2.146947e+00 2.545767e+00 1.065079e+01 3.707685e+03 1.499531e+04 2.22258 2.034251e-01
9.650000e-01 2.558190e+00 2.148224e+00 2.547246e+00 1.065606e+01 3.759098e+03 1.498464e+04 2.2214 2.058918e-01
9.640000e-01 2.558190e+00 2.148498e+00 2.547406e+00 1.065824e+01 3.814571e+03 1.497832e+04 2.2265 2.093559e-01
9.630000e-01 2.558190e+00 2.149782e+00 2.548894e+00 1.066353e+01 3.864351e+03 1.496782e+04 2.22562 2.117514e-01
9.620000e-01 2.558190e+00 2.150054e+00 2.549050e+00 1.066572e+01 3.918332e+03 1.496170e+04 2.2305 2.151258e-01
9.610000e-01 2.558190e+00 2.151343e+00 2.550542e+00 1.067104e+01 3.966549e+03 1.495134e+04 2.22986 2.174493e-01
9.600000e-01 2.558190e+00 2.151600e+00 2.550676e+00 1.067321e+01 4.018928e+03 1.494542e+04 2.23446 2.207226e-01
9.590000e-01 2.558190e+00 2.152896e+00 2.552172e+00 1.067856e+01 4.065397e+03 1.493522e+04 2.23409 2.229694e-01
9.580000e-01 2.558190e+00 2.153136e+00 2.552282e+00 1.068073e+01 4.116381e+03 1.492948e+04 2.23846 2.261570e-01
9.570000e-01 2.558190e+00 2.154451e+00 2.553796e+00 1.068613e+01 4.161863e+03 1.491933e+04 2.23835 2.283651e-01
9.560000e-01 2.558190e+00 2.154706e+00 2.553924e+00 1.068834e+01 4.212038e+03 1.491368e+04 2.2427 2.315121e-01
9.550000e-01 2.558190e+00 2.156025e+00 2.555445e+00 1.069379e+01 4.256789e+03 1.490356e+04 2.24265 2.336813e-01
9.540000e-01 2.558190e+00 2.156292e+00 2.555590e+00 1.069602e+01 4.305999e+03 1.489802e+04 2.24691 2.367730e-01
9.530000e-01 2.558190e+00 2.157615e+00 2.557118e+00 1.070148e+01 4.349912e+03 1.488798e+04 2.24699 2.389024e-01
9.520000e-01 2.558190e+00 2.157892e+00 2.557279e+00 1.070374e+01 4.398193e+03 1.488256e+04 2.25116 2.419403e-01
9.510000e-01 2.558190e+00 2.159217e+00 2.558812e+00 1.070922e+01 4.441216e+03 1.487262e+04 2.25135 2.440275e-01
9.500000e-01 2.558190e+00 2.159495e+00 2.558975e+00 1.071148e+01 4.488454e+03 1.486733e+04 2.25538 2.470018e-01
9.490000e-01 2.558190e+00 2.160823e+00 2.560511e+00 1.071697e+01 4.530397e+03 1.485749e+04 2.25571 2.490401e-01
9.480000e-01 2.558190e+00 2.161099e+00 2.560672e+00 1.071923e+01 4.576674e+03 1.485232e+04 2.25963 2.519564e-01
9.470000e-01 2.558190e+00 2.162435e+00 2.562218e+00 1.072475e+01 4.617804e+03 1.484254e+04 2.2601 2.539599e-01
9.460000e-01 2.558190e+00 2.162714e+00 2.562383e+00 1.072703e+01 4.663269e+03 1.483746e+04 2.26394 2.568289e-01
9.450000e-01 2.558190e+00 2.164054e+00 2.563933e+00 1.073257e+01 4.703503e+03 1.482775e+04 2.26452 2.587901e-01
9.440000e-01 2.558190e+00 2.164328e+00 2.564091e+00 1.073486e+01 4.748054e+03 1.482278e+04 2.26822 2.616029e-01
9.430000e-01 2.558190e+00 2.165676e+00 2.565650e+00 1.074042e+01 4.787410e+03 1.481313e+04 2.26894 2.635263e-01
9.420000e-01 2.558190e+00 2.165944e+00 2.565800e+00 1.074271e+01 4.831103e+03 1.480827e+04 2.27253 2.662865e-01
9.410000e-01 2.558190e+00 2.167298e+00 2.567365e+00 1.074829e+01 4.869485e+03 1.479870e+04 2.27338 2.681663e-01
9.400000e-01 2.558190e+00 2.167547e+00 2.567489e+00 1.075056e+01 4.912216e+03 1.479396e+04 2.2768 2.708648e-01
9.390000e-01 2.558190e+00 2.168912e+00 2.569063e+00 1.075618e+01 4.949590e+03 1.478446e+04 2.27781 2.727029e-01
9.380000e-01 2.558190e+00 2.169158e+00 2.569181e+00 1.075846e+01 4.991688e+03 1.477980e+04 2.28117 2.753662e-01
9.370000e-01 2.558190e+00 2.170536e+00 2.570770e+00 1.076413e+01 5.028678e+03 1.477029e+04 2.28228 2.771888e-01
9.360000e-01 2.558190e+00 2.170796e+00 2.570906e+00 1.076645e+01 5.070357e+03 1.476567e+04 2.28565 2.798326e-01
9.350000e-01 2.558190e+00 2.172178e+00 2.572501e+00 1.077216e+01 5.106926e+03 1.475616e+04 2.28679 2.816323e-01
9.340000e-01 2.558190e+00 2.172448e+00 2.572651e+00 1.077450e+01 5.148073e+03 1.475160e+04 2.29014 2.842466e-01
9.330000e-01 2.558190e+00 2.173834e+00 2.574253e+00 1.078024e+01 5.184153e+03 1.474212e+04 2.29134 2.860230e-01
9.320000e-01 2.558190e+00 2.174109e+00 2.574411e+00 1.078259e+01 5.224719e+03 1.473762e+04 2.29464 2.886033e-01
9.310000e-01 2.558190e+00 2.175499e+00 2.576018e+00 1.078834e+01 5.260177e+03 1.472819e+04 2.2959 2.903505e-01
9.300000e-01 2.558190e+00 2.175770e+00 2.576172e+00 1.079070e+01 5.300071e+03 1.472378e+04 2.29912 2.928896e-01
9.290000e-01 2.558190e+00 2.177167e+00 2.577787e+00 1.079648e+01 5.334895e+03 1.471439e+04 2.30048 2.946099e-01
9.280000e-01 2.558190e+00 2.177440e+00 2.577944e+00 1.079885e+01 5.374282e+03 1.471003e+04 2.30366 2.971206e-01
9.270000e-01 2.558190e+00 2.178844e+00 2.579567e+00 1.080466e+01 5.408633e+03 1.470065e+04 2.30508 2.988194e-01
9.260000e-01 2.558190e+00 2.179117e+00 2.579724e+00 1.080704e+01 5.447481e+03 1.469635e+04 2.30821 3.012984e-01
9.250000e-01 2.558190e+00 2.180527e+00 2.581353e+00 1.081288e+01 5.481235e+03 1.468700e+04 2.30971 3.029700e-01
9.240000e-01 2.558190e+00 2.180796e+00 2.581506e+00 1.081527e+01 5.519536e+03 1.468275e+04 2.31277 3.054166e-01
9.230000e-01 2.558190e+00 2.182213e+00 2.583143e+00 1.082113e+01 5.552691e+03 1.467342e+04 2.31435 3.070614e-01
9.220000e-01 2.558190e+00 2.182472e+00 2.583281e+00 1.082351e+01 5.590379e+03 1.466925e+04 2.31732 3.094695e-01
9.210000e-01 2.558190e+00 2.183896e+00 2.584925e+00 1.082939e+01 5.622778e+03 1.465995e+04 2.319 3.110814e-01
9.200000e-01 2.558190e+00 2.184139e+00 2.585041e+00 1.083177e+01 5.659842e+03 1.465585e+04 2.32187 3.134506e-01
9.190000e-01 2.558190e+00 2.185579e+00 2.586701e+00 1.083770e+01 5.691770e+03 1.464656e+04 2.32366 3.150456e-01
9.180000e-01 2.558190e+00 2.185831e+00 2.586828e+00 1.084011e+01 5.728566e+03 1.464247e+04 2.32655 3.174040e-01
9.170000e-01 2.558190e+00 2.187278e+00 2.588496e+00 1.084608e+01 5.760272e+03 1.463315e+04 2.32836 3.189870e-01
9.160000e-01 2.558190e+00 2.187539e+00 2.588636e+00 1.084852e+01 5.796738e+03 1.462909e+04 2.33126 3.213285e-01
9.150000e-01 2.558190e+00 2.188991e+00 2.590312e+00 1.085453e+01 5.828112e+03 1.461975e+04 2.3331 3.228950e-01
9.140000e-01 2.558190e+00 2.189258e+00 2.590461e+00 1.085698e+01 5.864194e+03 1.461573e+04 2.33598 3.252148e-01
9.130000e-01 2.558190e+00 2.190714e+00 2.592143e+00 1.086301e+01 5.895139e+03 1.460642e+04 2.33787 3.267607e-01
9.120000e-01 2.558190e+00 2.190979e+00 2.592290e+00 1.086546e+01 5.930731e+03 1.460244e+04 2.34069 3.290506e-01
9.110000e-01 2.558190e+00 2.192440e+00 2.593978e+00 1.087151e+01 5.961157e+03 1.459316e+04 2.34264 3.305738e-01
9.100000e-01 2.558190e+00 2.192702e+00 2.594122e+00 1.087397e+01 5.996320e+03 1.458924e+04 2.34542 3.328383e-01
9.090000e-01 2.558190e+00 2.194172e+00 2.595821e+00 1.088005e+01 6.026378e+03 1.457996e+04 2.34744 3.343463e-01
9.080000e-01 2.558190e+00 2.194436e+00 2.595968e+00 1.088253e+01 6.061193e+03 1.457607e+04 2.35019 3.365918e-01
9.070000e-01 2.558190e+00 2.195911e+00 2.597673e+00 1.088863e+01 6.090844e+03 1.456679e+04 2.35226 3.380806e-01
9.060000e-01 2.558190e+00 2.196172e+00 2.597816e+00 1.089112e+01 6.125261e+03 1.456294e+04 2.35498 3.403029e-01
9.050000e-01 2.558190e+00 2.197656e+00 2.599530e+00 1.089726e+01 6.154494e+03 1.455366e+04 2.3571 3.417735e-01
9.040000e-01 2.558190e+00 2.197910e+00 2.599664e+00 1.089976e+01 6.188496e+03 1.454985e+04 2.35977 3.439709e-01
9.030000e-01 2.558190e+00 2.199401e+00 2.601386e+00 1.090592e+01 6.217193e+03 1.454058e+04 2.36195 3.454174e-01
9.020000e-01 2.558190e+00 2.199639e+00 2.601497e+00 1.090840e+01 6.250697e+03 1.453683e+04 2.36454 3.475835e-01
9.010000e-01 2.558190e+00 2.201144e+00 2.603233e+00 1.091461e+01 6.278927e+03 1.452756e+04 2.36682 3.490121e-01
9.000000e-01 2.558190e+00 2.201385e+00 2.603348e+00 1.091711e+01 6.312200e+03 1.452383e+04 2.36941 3.511684e-01
8.990000e-01 2.558190e+00 2.202945e+00 2.605156e+00 1.092346e+01 6.340248e+03 1.451440e+04 2.37178 3.525827e-01
8.980000e-01 2.558190e+00 2.203168e+00 2.605246e+00 1.092594e+01 6.373360e+03 1.451074e+04 2.37435 3.547361e-01
8.970000e-01 2.558190e+00 2.204718e+00 2.607040e+00 1.093230e+01 6.401203e+03 1.450132e+04 2.37673 3.561417e-01
8.960000e-01 2.558190e+00 2.204946e+00 2.607139e+00 1.093481e+01 6.434054e+03 1.449768e+04 2.3793 3.582815e-01
8.950000e-01 2.558190e+00 2.206502e+00 2.608941e+00 1.094120e+01 6.461595e+03 1.448825e+04 2.38171 3.596722e-01
8.940000e-01 2.558190e+00 2.206729e+00 2.609039e+00 1.094370e+01 6.494079e+03 1.448465e+04 2.38424 3.617901e-01
8.930000e-01 2.558190e+00 2.208290e+00 2.610847e+00 1.095011e+01 6.521203e+03 1.447523e+04 2.3867 3.631618e-01
8.920000e-01 2.558190e+00 2.208511e+00 2.610940e+00 1.095262e+01 6.553319e+03 1.447167e+04 2.38918 3.652576e-01
8.910000e-01 2.558190e+00 2.210082e+00 2.612759e+00 1.095906e+01 6.580109e+03 1.446225e+04 2.3917 3.666156e-01
8.900000e-01 2.558190e+00 2.210303e+00 2.612852e+00 1.096158e+01 6.611950e+03 1.445871e+04 2.39417 3.686965e-01
8.890000e-01 2.558190e+00 2.211881e+00 2.614680e+00 1.096806e+01 6.638417e+03 1.444927e+04 2.39673 3.700395e-01
8.880000e-01 2.558190e+00 2.212098e+00 2.614768e+00 1.097059e+01 6.669940e+03 1.444576e+04 2.39917 3.721021e-01
8.870000e-01 2.558190e+00 2.213684e+00 2.616606e+00 1.097709e+01 6.696066e+03 1.443632e+04 2.40178 3.734301e-01
8.860000e-01 2.558190e+00 2.213896e+00 2.616686e+00 1.097963e+01 6.727270e+03 1.443284e+04 2.40419 3.754741e-01
8.850000e-01 2.558190e+00 2.215489e+00 2.618531e+00 1.098616e+01 6.752967e+03 1.442339e+04 2.40685 3.767827e-01
8.840000e-01 2.558190e+00 2.215685e+00 2.618591e+00 1.098869e+01 6.783769e+03 1.441996e+04 2.40918 3.788018e-01
8.830000e-01 2.558190e+00 2.217292e+00 2.620450e+00 1.099526e+01 6.809052e+03 1.441050e+04 2.41192 3.800938e-01
8.820000e-01 2.558190e+00 2.217488e+00 2.620508e+00 1.099781e+01 6.839654e+03 1.440708e+04 2.41425 3.821043e-01
8.810000e-01 2.558190e+00 2.219107e+00 2.622381e+00 1.100444e+01 6.864820e+03 1.439756e+04 2.41703 3.833915e-01
8.800000e-01 2.558190e+00 2.219312e+00 2.622452e+00 1.100702e+01 6.895291e+03 1.439413e+04 2.41939 3.853982e-01
8.790000e-01 2.558190e+00 2.220937e+00 2.624333e+00 1.101370e+01 6.920306e+03 1.438457e+04 2.42219 3.866769e-01
8.780000e-01 2.558190e+00 2.221148e+00 2.624413e+00 1.101631e+01 6.950591e+03 1.438115e+04 2.42456 3.886748e-01
8.770000e-01 2.558190e+00 2.222780e+00 2.626303e+00 1.102302e+01 6.975374e+03 1.437157e+04 2.42738 3.899416e-01
8.760000e-01 2.558190e+00 2.222989e+00 2.626382e+00 1.102564e+01 7.005377e+03 1.436817e+04 2.42972 3.919231e-01
8.750000e-01 2.558190e+00 2.224628e+00 2.628279e+00 1.103238e+01 7.029819e+03 1.435858e+04 2.43259 3.931742e-01
8.740000e-01 2.558190e+00 2.224831e+00 2.628352e+00 1.103499e+01 7.059524e+03 1.435521e+04 2.4349 3.951380e-01
8.730000e-01 2.558190e+00 2.226479e+00 2.630260e+00 1.104177e+01 7.083683e+03 1.434561e+04 2.43781 3.963773e-01
8.720000e-01 2.558190e+00 2.226682e+00 2.630333e+00 1.104440e+01 7.113158e+03 1.434225e+04 2.44011 3.983289e-01
8.710000e-01 2.558190e+00 2.228338e+00 2.632250e+00 1.105121e+01 7.137038e+03 1.433263e+04 2.44306 3.995551e-01
8.700000e-01 2.558190e+00 2.228535e+00 2.632317e+00 1.105384e+01 7.166248e+03 1.432930e+04 2.44532 4.014917e-01
8.690000e-01 2.558190e+00 2.230200e+00 2.634245e+00 1.106069e+01 7.189830e+03 1.431965e+04 2.44832 4.027047e-01
8.680000e-01 2.558190e+00 2.230390e+00 2.634301e+00 1.106332e+01 7.218773e+03 1.431634e+04 2.45056 4.046259e-01
8.670000e-01 2.558190e+00 2.232063e+00 2.636239e+00 1.107020e+01 7.241976e+03 1.430668e+04 2.4536 4.058216e-01
8.660000e-01 2.558190e+00 2.232237e+00 2.636274e+00 1.107283e+01 7.270577e+03 1.430341e+04 2.45578 4.077219e-01
8.650000e-01 2.558190e+00 2.233925e+00 2.638226e+00 1.107975e+01 7.293444e+03 1.429373e+04 2.45889 4.089043e-01
8.640000e-01 2.558190e+00 2.234100e+00 2.638262e+00 1.108240e+01 7.321897e+03 1.429046e+04 2.46107 4.107993e-01
8.630000e-01 2.558190e+00 2.235798e+00 2.640227e+00 1.108938e+01 7.344667e+03 1.428071e+04 2.46422 4.119774e-01
8.620000e-01 2.558190e+00 2.235981e+00 2.640274e+00 1.109206e+01 7.373014e+03 1.427744e+04 2.46642 4.138698e-01
8.610000e-01 2.558190e+00 2.237687e+00 2.642249e+00 1.109910e+01 7.395657e+03 1.426763e+04 2.46959 4.150406e-01
8.600000e-01 2.558190e+00 2.237875e+00 2.642303e+00 1.110180e+01 7.423851e+03 1.426436e+04 2.47181 4.169263e-01
8.590000e-01 2.558190e+00 2.239588e+00 2.644286e+00 1.110888e+01 7.446289e+03 1.425452e+04 2.475 4.180864e-01
8.580000e-01 2.558190e+00 2.239772e+00 2.644337e+00 1.111159e+01 7.474244e+03 1.425126e+04 2.47719 4.199583e-01
8.570000e-01 2.558190e+00 2.241493e+00 2.646329e+00 1.111869e+01 7.496389e+03 1.424140e+04 2.48042 4.211048e-01
8.560000e-01 2.558190e+00 2.241672e+00 2.646375e+00 1.112141e+01 7.524110e+03 1.423816e+04 2.48259 4.229636e-01
8.550000e-01 2.558190e+00 2.243403e+00 2.648379e+00 1.112855e+01 7.546024e+03 1.422827e+04 2.48586 4.241001e-01
8.540000e-01 2.558190e+00 2.243580e+00 2.648423e+00 1.113129e+01 7.573547e+03 1.422504e+04 2.48802 4.259485e-01
8.530000e-01 2.558190e+00 2.245318e+00 2.650436e+00 1.113846e+01 7.595205e+03 1.421513e+04 2.49133 4.270728e-01
8.520000e-01 2.558190e+00 2.245489e+00 2.650473e+00 1.114120e+01 7.622504e+03 1.421191e+04 2.49346 4.289087e-01
8.510000e-01 2.558190e+00 2.247238e+00 2.652498e+00 1.114842e+01 7.643897e+03 1.420196e+04 2.49681 4.300211e-01
8.500000e-01 2.558190e+00 2.247397e+00 2.652520e+00 1.115116e+01 7.670945e+03 1.419877e+04 2.4989 4.318425e-01
8.490000e-01 2.558190e+00 2.249156e+00 2.654555e+00 1.115841e+01 7.691970e+03 1.418880e+04 2.5023 4.329379e-01
8.480000e-01 2.558190e+00 2.249300e+00 2.654557e+00 1.116114e+01 7.718737e+03 1.418564e+04 2.50434 4.347429e-01
8.470000e-01 2.558190e+00 2.251074e+00 2.656609e+00 1.116844e+01 7.739531e+03 1.417563e+04 2.50781 4.358298e-01
8.460000e-01 2.558190e+00 2.251223e+00 2.656616e+00 1.117120e+01 7.766205e+03 1.417245e+04 2.50987 4.376333e-01
8.450000e-01 2.558190e+00 2.253007e+00 2.658680e+00 1.117857e+01 7.786914e+03 1.416237e+04 2.51336 4.387154e-01
8.440000e-01 2.558190e+00 2.253161e+00 2.658696e+00 1.118136e+01 7.813491e+03 1.415918e+04 2.51544 4.405163e-01
8.430000e-01 2.558190e+00 2.254998e+00 2.660831e+00 1.118887e+01 7.834045e+03 1.414892e+04 2.51901 4.415821e-01
8.420000e-01 2.558190e+00 2.255126e+00 2.660812e+00 1.119162e+01 7.860499e+03 1.414581e+04 2.52105 4.433820e-01
8.410000e-01 2.558190e+00 2.256955e+00 2.662934e+00 1.119914e+01 7.880848e+03 1.413555e+04 2.52464 4.444402e-01
8.400000e-01 2.558190e+00 2.257076e+00 2.662909e+00 1.120190e+01 7.907090e+03 1.413245e+04 2.52665 4.462282e-01
8.390000e-01 2.558190e+00 2.258914e+00 2.665042e+00 1.120945e+01 7.927188e+03 1.412216e+04 2.53027 4.472748e-01
8.380000e-01 2.558190e+00 2.259032e+00 2.665013e+00 1.121222e+01 7.953252e+03 1.411907e+04 2.53228 4.490538e-01
8.370000e-01 2.558190e+00 2.260880e+00 2.667158e+00 1.121982e+01 7.973147e+03 1.410874e+04 2.53594 4.500907e-01
8.360000e-01 2.558190e+00 2.260993e+00 2.667124e+00 1.122260e+01 7.999026e+03 1.410566e+04 2.53792 4.518600e-01
8.350000e-01 2.558190e+00 2.262850e+00 2.669280e+00 1.123024e+01 8.018679e+03 1.409529e+04 2.54162 4.528854e-01
8.340000e-01 2.558190e+00 2.262956e+00 2.669237e+00 1.123303e+01 8.044369e+03 1.409222e+04 2.54358 4.546447e-01
8.330000e-01 2.558190e+00 2.264823e+00 2.671403e+00 1.124070e+01 8.063752e+03 1.408181e+04 2.54731 4.556573e-01
8.320000e-01 2.558190e+00 2.264911e+00 2.671337e+00 1.124348e+01 8.089177e+03 1.407876e+04 2.54922 4.574010e-01
8.310000e-01 2.558190e+00 2.266792e+00 2.673520e+00 1.125120e+01 8.108230e+03 1.406833e+04 2.55302 4.583988e-01
8.300000e-01 2.558190e+00 2.266871e+00 2.673441e+00 1.125398e+01 8.133478e+03 1.406529e+04 2.5549 4.601343e-01
8.290000e-01 2.558190e+00 2.268768e+00 2.675642e+00 1.126177e+01 8.152409e+03 1.405479e+04 2.55875 4.611273e-01
8.280000e-01 2.558190e+00 2.268852e+00 2.675572e+00 1.126458e+01 8.177589e+03 1.405174e+04 2.56066 4.628626e-01
8.270000e-01 2.558190e+00 2.270758e+00 2.677782e+00 1.127243e+01 8.196419e+03 1.404115e+04 2.56453 4.638495e-01
8.260000e-01 2.558190e+00 2.270846e+00 2.677718e+00 1.127528e+01 8.221500e+03 1.403809e+04 2.56645 4.655818e-01
8.250000e-01 2.558190e+00 2.272760e+00 2.679939e+00 1.128318e+01 8.240190e+03 1.402744e+04 2.57034 4.665607e-01
8.240000e-01 2.558190e+00 2.272843e+00 2.679871e+00 1.128603e+01 8.265111e+03 1.402438e+04 2.57225 4.682851e-01
8.230000e-01 2.558190e+00 2.274767e+00 2.682103e+00 1.129398e+01 8.283579e+03 1.401370e+04 2.57617 4.692526e-01
8.220000e-01 2.558190e+00 2.274843e+00 2.682027e+00 1.129684e+01 8.308317e+03 1.401064e+04 2.57806 4.709674e-01
8.210000e-01 2.558190e+00 2.276779e+00 2.684274e+00 1.130483e+01 8.326589e+03 1.399991e+04 2.58203 4.719257e-01
8.200000e-01 2.558190e+00 2.276851e+00 2.684193e+00 1.130771e+01 8.351179e+03 1.399686e+04 2.58391 4.736336e-01
8.190000e-01 2.558190e+00 2.278796e+00 2.686451e+00 1.131574e+01 8.369241e+03 1.398607e+04 2.58791 4.745814e-01
8.180000e-01 2.558190e+00 2.278860e+00 2.686362e+00 1.131863e+01 8.393656e+03 1.398303e+04 2.58976 4.762802e-01
8.170000e-01 2.558190e+00 2.280817e+00 2.688633e+00 1.132671e+01 8.411499e+03 1.397220e+04 2.5938 4.772175e-01
8.160000e-01 2.558190e+00 2.280868e+00 2.688527e+00 1.132959e+01 8.435714e+03 1.396917e+04 2.59562 4.789055e-01
8.150000e-01 2.558190e+00 2.282836e+00 2.690810e+00 1.133771e+01 8.453240e+03 1.395830e+04 2.5997 4.798273e-01
8.140000e-01 2.558190e+00 2.282869e+00 2.690681e+00 1.134059e+01 8.477225e+03 1.395529e+04 2.60147 4.815025e-01
8.130000e-01 2.558190e+00 2.284854e+00 2.692984e+00 1.134877e+01 8.494545e+03 1.394437e+04 2.60562 4.824159e-01
8.120000e-01 2.558190e+00 2.284888e+00 2.692857e+00 1.135167e+01 8.518459e+03 1.394135e+04 2.60741 4.840910e-01
8.110000e-01 2.558190e+00 2.286884e+00 2.695173e+00 1.135992e+01 8.535688e+03 1.393033e+04 2.61158 4.849990e-01
8.100000e-01 2.558190e+00 2.286921e+00 2.695052e+00 1.136286e+01 8.559525e+03 1.392730e+04 2.61338 4.866729e-01
8.090000e-01 2.558190e+00 2.288928e+00 2.697380e+00 1.137117e+01 8.576636e+03 1.391621e+04 2.61758 4.875739e-01
8.080000e-01 2.558190e+00 2.288963e+00 2.697258e+00 1.137412e+01 8.600354e+03 1.391317e+04 2.61938 4.892430e-01
8.070000e-01 2.558190e+00 2.290978e+00 2.699596e+00 1.138249e+01 8.617283e+03 1.390202e+04 2.62361 4.901338e-01
8.060000e-01 2.558190e+00 2.291006e+00 2.699466e+00 1.138545e+01 8.640832e+03 1.389898e+04 2.62539 4.917943e-01
8.050000e-01 2.558190e+00 2.293033e+00 2.701819e+00 1.139387e+01 8.657561e+03 1.388779e+04 2.62965 4.926754e-01
8.040000e-01 2.558190e+00 2.293054e+00 2.701682e+00 1.139684e+01 8.680976e+03 1.388475e+04 2.63142 4.943302e-01
8.030000e-01 2.558190e+00 2.295093e+00 2.704049e+00 1.140531e+01 8.697520e+03 1.387349e+04 2.63572 4.952016e-01
8.020000e-01 2.558190e+00 2.295106e+00 2.703904e+00 1.140829e+01 8.720781e+03 1.387046e+04 2.63747 4.968489e-01
8.010000e-01 2.558190e+00 2.297156e+00 2.706283e+00 1.141682e+01 8.737117e+03 1.385914e+04 2.64181 4.977099e-01
8.000000e-01 2.558190e+00 2.297159e+00 2.706125e+00 1.141980e+01 8.760216e+03 1.385611e+04 2.64353 4.993492e-01
7.990000e-01 2.558190e+00 2.299220e+00 2.708517e+00 1.142837e+01 8.776278e+03 1.384475e+04 2.64791 5.001963e-01
7.980000e-01 2.558190e+00 2.299200e+00 2.708330e+00 1.143134e+01 8.799146e+03 1.384175e+04 2.64957 5.018228e-01
7.970000e-01 2.558190e+00 2.301279e+00 2.710743e+00 1.143996e+01 8.814956e+03 1.383034e+04 2.65402 5.026583e-01
7.960000e-01 2.558190e+00 2.301255e+00 2.710552e+00 1.144296e+01 8.837727e+03 1.382733e+04 2.65568 5.042826e-01
7.950000e-01 2.558190e+00 2.303390e+00 2.713038e+00 1.145175e+01 8.853410e+03 1.381570e+04 2.66022 5.051026e-01
7.940000e-01 2.558190e+00 2.303341e+00 2.712814e+00 1.145472e+01 8.876135e+03 1.381274e+04 2.66186 5.067329e-01
7.930000e-01 2.558190e+00 2.305472e+00 2.715293e+00 1.146355e+01 8.891718e+03 1.380108e+04 2.6664 5.075501e-01
7.920000e-01 2.558190e+00 2.305421e+00 2.715068e+00 1.146653e+01 8.914345e+03 1.379811e+04 2.66804 5.091776e-01
7.910000e-01 2.558190e+00 2.307562e+00 2.717559e+00 1.147543e+01 8.929766e+03 1.378637e+04 2.67262 5.099853e-01
7.900000e-01 2.558190e+00 2.307501e+00 2.717324e+00 1.147842e+01 8.952245e+03 1.378340e+04 2.67424 5.116058e-01
7.890000e-01 2.558190e+00 2.309654e+00 2.719830e+00 1.148737e+01 8.967465e+03 1.377160e+04 2.67885 5.124030e-01
7.880000e-01 2.558190e+00 2.309586e+00 2.719587e+00 1.149038e+01 8.989820e+03 1.376864e+04 2.68046 5.140185e-01
7.870000e-01 2.558190e+00 2.311752e+00 2.722108e+00 1.149939e+01 9.004873e+03 1.375677e+04 2.68511 5.148066e-01
7.860000e-01 2.558190e+00 2.311674e+00 2.721855e+00 1.150241e+01 9.027089e+03 1.375380e+04 2.68669 5.164161e-01
7.850000e-01 2.558190e+00 2.313853e+00 2.724390e+00 1.151148e+01 9.041941e+03 1.374186e+04 2.69138 5.171933e-01
7.840000e-01 2.558190e+00 2.313763e+00 2.724122e+00 1.151450e+01 9.064013e+03 1.373890e+04 2.69294 5.187963e-01
7.830000e-01 2.558190e+00 2.315953e+00 2.726672e+00 1.152362e+01 9.078618e+03 1.372690e+04 2.69767 5.195605e-01
7.820000e-01 2.558190e+00 2.315841e+00 2.726376e+00 1.152663e+01 9.100474e+03 1.372396e+04 2.69917 5.211518e-01
7.810000e-01 2.558190e+00 2.318048e+00 2.728944e+00 1.153580e+01 9.114813e+03 1.371191e+04 2.70396 5.219031e-01
7.800000e-01 2.558190e+00 2.317927e+00 2.728638e+00 1.153882e+01 9.136562e+03 1.370896e+04 2.70545 5.234916e-01
7.790000e-01 2.558190e+00 2.320150e+00 2.731225e+00 1.154808e+01 9.150799e+03 1.369681e+04 2.71028 5.242374e-01
7.780000e-01 2.558190e+00 2.320028e+00 2.730918e+00 1.155114e+01 9.172484e+03 1.369384e+04 2.71178 5.258261e-01
7.770000e-01 2.558190e+00 2.322263e+00 2.733520e+00 1.156048e+01 9.186610e+03 1.368158e+04 2.71664 5.265644e-01
7.760000e-01 2.558190e+00 2.322138e+00 2.733212e+00 1.156355e+01 9.208208e+03 1.367860e+04 2.71814 5.281512e-01
7.750000e-01 2.558190e+00 2.324384e+00 2.735827e+00 1.157296e+01 9.222182e+03 1.366626e+04 2.72303 5.288800e-01
7.740000e-01 2.558190e+00 2.324248e+00 2.735507e+00 1.157604e+01 9.243645e+03 1.366328e+04 2.72451 5.304611e-01
7.730000e-01 2.558190e+00 2.326507e+00 2.738137e+00 1.158551e+01 9.257423e+03 1.365087e+04 2.72943 5.311789e-01
7.720000e-01 2.558190e+00 2.326362e+00 2.737808e+00 1.158861e+01 9.278771e+03 1.364788e+04 2.7309 5.327557e-01
7.710000e-01 2.558190e+00 2.328635e+00 2.740454e+00 1.159815e+01 9.292387e+03 1.363539e+04 2.73586 5.334644e-01
7.700000e-01 2.558190e+00 2.328478e+00 2.740113e+00 1.160126e+01 9.313606e+03 1.363240e+04 2.7373 5.350360e-01
7.690000e-01 2.558190e+00 2.330764e+00 2.742775e+00 1.161086e+01 9.327028e+03 1.361983e+04 2.7423 5.357337e-01
7.680000e-01 2.558190e+00 2.330592e+00 2.742414e+00 1.161397e+01 9.348110e+03 1.361684e+04 2.74371 5.372997e-01
7.670000e-01 2.558190e+00 2.332893e+00 2.745093e+00 1.162363e+01 9.361289e+03 1.360420e+04 2.74875 5.379838e-01
7.660000e-01 2.558190e+00 2.332697e+00 2.744704e+00 1.162673e+01 9.382168e+03 1.360123e+04 2.75011 5.395392e-01
7.650000e-01 2.558190e+00 2.335014e+00 2.747400e+00 1.163645e+01 9.395090e+03 1.358853e+04 2.7552 5.402104e-01
7.640000e-01 2.558190e+00 2.334809e+00 2.747000e+00 1.163956e+01 9.415872e+03 1.358554e+04 2.75654 5.417638e-01
7.630000e-01 2.558190e+00 2.337142e+00 2.749716e+00 1.164938e+01 9.428695e+03 1.357273e+04 2.76169 5.424289e-01
7.620000e-01 2.558190e+00 2.336931e+00 2.749309e+00 1.165251e+01 9.449411e+03 1.356973e+04 2.76302 5.439828e-01
7.610000e-01 2.558190e+00 2.339279e+00 2.752044e+00 1.166242e+01 9.462116e+03 1.355680e+04 2.7682 5.446394e-01
7.600000e-01 2.558190e+00 2.339063e+00 2.751634e+00 1.166557e+01 9.482750e+03 1.355378e+04 2.76954 5.461917e-01
7.590000e-01 2.558190e+00 2.341462e+00 2.754436e+00 1.167565e+01 9.495263e+03 1.354063e+04 2.77479 5.468266e-01
7.580000e-01 2.558190e+00 2.341210e+00 2.753979e+00 1.167876e+01 9.515790e+03 1.353768e+04 2.77607 5.483801e-01
7.570000e-01 2.558190e+00 2.343607e+00 2.756777e+00 1.168886e+01 9.528131e+03 1.352450e+04 2.78134 5.490089e-01
7.560000e-01 2.558190e+00 2.343340e+00 2.756303e+00 1.169198e+01 9.548550e+03 1.352153e+04 2.7826 5.505595e-01
7.550000e-01 2.558190e+00 2.345754e+00 2.759121e+00 1.170216e+01 9.560727e+03 1.350825e+04 2.78791 5.511777e-01
7.540000e-01 2.558190e+00 2.345475e+00 2.758635e+00 1.170530e+01 9.581025e+03 1.350528e+04 2.78914 5.527236e-01
7.530000e-01 2.558190e+00 2.347901e+00 2.761466e+00 1.171555e+01 9.593009e+03 1.349191e+04 2.79449 5.533305e-01
7.520000e-01 2.558190e+00 2.347603e+00 2.760956e+00 1.171868e+01 9.613170e+03 1.348894e+04 2.79568 5.548710e-01
7.510000e-01 2.558190e+00 2.350045e+00 2.763805e+00 1.172899e+01 9.624904e+03 1.347549e+04 2.80107 5.554630e-01
7.500000e-01 2.558190e+00 2.349721e+00 2.763263e+00 1.173211e+01 9.644873e+03 1.347254e+04 2.8022 5.569940e-01
7.490000e-01 2.558190e+00 2.352181e+00 2.766133e+00 1.174249e+01 9.656382e+03 1.345901e+04 2.80765 5.575742e-01
7.480000e-01 2.558190e+00 2.351846e+00 2.765579e+00 1.174563e+01 9.676278e+03 1.345603e+04 2.80877 5.591055e-01
7.470000e-01 2.558190e+00 2.354323e+00 2.768470e+00 1.175611e+01 9.687680e+03 1.344237e+04 2.81425 5.596780e-01
7.460000e-01 2.558190e+00 2.353981e+00 2.767909e+00 1.175927e+01 9.707506e+03 1.343938e+04 2.81537 5.612093e-01
7.450000e-01 2.558190e+00 2.354323e+00 2.768147e+00 1.176369e+01 9.725543e+03 1.343479e+04 2.81837 5.626866e-01
7.440000e-01 2.558190e+00 2.357549e+00 2.771993e+00 1.177676e+01 9.734238e+03 1.341716e+04 2.82422 5.628153e-01
7.430000e-01 2.558190e+00 2.357187e+00 2.771411e+00 1.177994e+01 9.753919e+03 1.341415e+04 2.8253 5.643428e-01
7.420000e-01 2.558190e+00 2.357511e+00 2.771629e+00 1.178438e+01 9.771774e+03 1.340953e+04 2.82826 5.658127e-01
7.410000e-01 2.558190e+00 2.360776e+00 2.775521e+00 1.179762e+01 9.780160e+03 1.339169e+04 2.8342 5.659194e-01
7.400000e-01 2.558190e+00 2.360393e+00 2.774915e+00 1.180082e+01 9.799684e+03 1.338866e+04 2.83525 5.674426e-01
7.390000e-01 2.558190e+00 2.360702e+00 2.775116e+00 1.180528e+01 9.817367e+03 1.338401e+04 2.83819 5.689066e-01
7.380000e-01 2.558190e+00 2.364005e+00 2.779055e+00 1.181869e+01 9.825449e+03 1.336595e+04 2.84422 5.689912e-01
7.370000e-01 2.558190e+00 2.365104e+00 2.780263e+00 1.182582e+01 9.840376e+03 1.335721e+04 2.84757 5.699979e-01
7.360000e-01 2.558190e+00 2.364668e+00 2.779592e+00 1.182899e+01 9.859622e+03 1.335422e+04 2.84852 5.715143e-01
7.350000e-01 2.558190e+00 2.364938e+00 2.779744e+00 1.183345e+01 9.876988e+03 1.334958e+04 2.85139 5.729653e-01
7.340000e-01 2.558190e+00 2.368291e+00 2.783740e+00 1.184703e+01 9.884529e+03 1.333131e+04 2.85756 5.730180e-01
7.330000e-01 2.558190e+00 2.369385e+00 2.784942e+00 1.185424e+01 9.899095e+03 1.332247e+04 2.86092 5.740060e-01
7.320000e-01 2.558190e+00 2.370458e+00 2.786115e+00 1.186142e+01 9.913625e+03 1.331368e+04 2.86426 5.750004e-01
7.310000e-01 2.558190e+00 2.371531e+00 2.787289e+00 1.186863e+01 9.928104e+03 1.330487e+04 2.86762 5.759928e-01
7.300000e-01 2.558190e+00 2.372605e+00 2.788465e+00 1.187588e+01 9.942533e+03 1.329601e+04 2.87098 5.769829e-01
7.290000e-01 2.558190e+00 2.373680e+00 2.789641e+00 1.188315e+01 9.956903e+03 1.328712e+04 2.87434 5.779698e-01
7.280000e-01 2.558190e+00 2.374753e+00 2.790817e+00 1.189044e+01 9.971191e+03 1.327819e+04 2.8777 5.789522e-01
7.270000e-01 2.558190e+00 2.375827e+00 2.791993e+00 1.189776e+01 9.985402e+03 1.326924e+04 2.88106 5.799307e-01
7.260000e-01 2.558190e+00 2.376900e+00 2.793170e+00 1.190510e+01 9.999546e+03 1.326025e+04 2.88443 5.809059e-01
7.250000e-01 2.558190e+00 2.377973e+00 2.794348e+00 1.191247e+01 1.001363e+04 1.325123e+04 2.8878 5.818780e-01
7.240000e-01 2.558190e+00 2.379046e+00 2.795524e+00 1.191987e+01 1.002763e+04 1.324218e+04 2.89117 5.828456e-01
7.230000e-01 2.558190e+00 2.380118e+00 2.796701e+00 1.192729e+01 1.004156e+04 1.323310e+04 2.89454 5.838094e-01
7.220000e-01 2.558190e+00 2.381189e+00 2.797876e+00 1.193474e+01 1.005540e+04 1.322399e+04 2.89791 5.847689e-01
7.210000e-01 2.558190e+00 2.382258e+00 2.799050e+00 1.194220e+01 1.006913e+04 1.321486e+04 2.90129 5.857229e-01
7.200000e-01 2.558190e+00 2.383323e+00 2.800217e+00 1.194967e+01 1.008275e+04 1.320572e+04 2.90465 5.866703e-01
7.190000e-01 2.558190e+00 2.384386e+00 2.801382e+00 1.195716e+01 1.009627e+04 1.319656e+04 2.90801 5.876132e-01
7.180000e-01 2.558190e+00 2.385449e+00 2.802547e+00 1.196469e+01 1.010975e+04 1.318735e+04 2.91138 5.885543e-01
7.170000e-01 2.558190e+00 2.386514e+00 2.803715e+00 1.197226e+01 1.012318e+04 1.317809e+04 2.91476 5.894932e-01
7.160000e-01 2.558190e+00 2.387580e+00 2.804885e+00 1.197986e+01 1.013655e+04 1.316879e+04 2.91814 5.904294e-01
7.150000e-01 2.558190e+00 2.388646e+00 2.806056e+00 1.198750e+01 1.014987e+04 1.315945e+04 2.92153 5.913627e-01
7.140000e-01 2.558190e+00 2.389712e+00 2.807228e+00 1.199517e+01 1.016313e+04 1.315007e+04 2.92491 5.922930e-01
7.130000e-01 2.558190e+00 2.390777e+00 2.808400e+00 1.200287e+01 1.017631e+04 1.314065e+04 2.9283 5.932189e-01
7.120000e-01 2.558190e+00 2.391842e+00 2.809571e+00 1.201059e+01 1.018940e+04 1.313121e+04 2.93169 5.941406e-01
7.110000e-01 2.558190e+00 2.392905e+00 2.810741e+00 1.201834e+01 1.020244e+04 1.312172e+04 2.93508 5.950589e-01
7.100000e-01 2.558190e+00 2.394007e+00 2.811966e+00 1.202622e+01 1.021537e+04 1.311208e+04 2.93852 5.959622e-01
7.090000e-01 2.558190e+00 2.395071e+00 2.813137e+00 1.203403e+01 1.022825e+04 1.310252e+04 2.94191 5.968724e-01
7.080000e-01 2.558190e+00 2.396131e+00 2.814306e+00 1.204187e+01 1.024106e+04 1.309292e+04 2.9453 5.977787e-01
7.070000e-01 2.558190e+00 2.397191e+00 2.815473e+00 1.204974e+01 1.025379e+04 1.308330e+04 2.94869 5.986807e-01
7.060000e-01 2.558190e+00 2.398246e+00 2.816636e+00 1.205761e+01 1.026640e+04 1.307365e+04 2.95207 5.995766e-01
7.050000e-01 2.558190e+00 2.399298e+00 2.817793e+00 1.206551e+01 1.027890e+04 1.306399e+04 2.95545 6.004662e-01
7.040000e-01 2.558190e+00 2.400347e+00 2.818946e+00 1.207342e+01 1.029132e+04 1.305429e+04 2.95882 6.013513e-01
7.030000e-01 2.558190e+00 2.401395e+00 2.820099e+00 1.208138e+01 1.030369e+04 1.304453e+04 2.96219 6.022344e-01
7.020000e-01 2.558190e+00 2.402444e+00 2.821254e+00 1.208938e+01 1.031601e+04 1.303473e+04 2.96557 6.031149e-01
7.010000e-01 2.558190e+00 2.403493e+00 2.822408e+00 1.209741e+01 1.032827e+04 1.302487e+04 2.96894 6.039919e-01
7.000000e-01 2.558190e+00 2.404541e+00 2.823563e+00 1.210548e+01 1.034048e+04 1.301496e+04 2.97232 6.048659e-01
6.990000e-01 2.558190e+00 2.405588e+00 2.824717e+00 1.211359e+01 1.035262e+04 1.300501e+04 2.9757 6.057361e-01
6.980000e-01 2.558190e+00 2.406633e+00 2.825869e+00 1.212172e+01 1.036468e+04 1.299502e+04 2.97907 6.066016e-01
6.970000e-01 2.558190e+00 2.407676e+00 2.827019e+00 1.212987e+01 1.037666e+04 1.298499e+04 2.98243 6.074626e-01
6.960000e-01 2.558190e+00 2.408717e+00 2.828168e+00 1.213807e+01 1.038857e+04 1.297491e+04 2.9858 6.083202e-01
6.950000e-01 2.558190e+00 2.409757e+00 2.829316e+00 1.214629e+01 1.040043e+04 1.296478e+04 2.98916 6.091739e-01
6.940000e-01 2.558190e+00 2.410794e+00 2.830459e+00 1.215455e+01 1.041219e+04 1.295461e+04 2.99252 6.100227e-01
6.930000e-01 2.558190e+00 2.411830e+00 2.831602e+00 1.216283e+01 1.042388e+04 1.294441e+04 2.99587 6.108669e-01
6.920000e-01 2.558190e+00 2.412862e+00 2.832740e+00 1.217114e+01 1.043548e+04 1.293416e+04 2.99922 6.117061e-01
6.910000e-01 2.558190e+00 2.413889e+00 2.833872e+00 1.217946e+01 1.044696e+04 1.292389e+04 3.00255 6.125384e-01
6.900000e-01 2.558190e+00 2.414910e+00 2.834996e+00 1.218780e+01 1.045834e+04 1.291360e+04 3.00587 6.133646e-01
6.890000e-01 2.558190e+00 2.415930e+00 2.836119e+00 1.219617e+01 1.046965e+04 1.290325e+04 3.0092 6.141877e-01
6.880000e-01 2.558190e+00 2.416949e+00 2.837241e+00 1.220459e+01 1.048091e+04 1.289285e+04 3.01252 6.150081e-01
6.870000e-01 2.558190e+00 2.417967e+00 2.838362e+00 1.221305e+01 1.049211e+04 1.288238e+04 3.01584 6.158247e-01
6.860000e-01 2.558190e+00 2.418983e+00 2.839483e+00 1.222155e+01 1.050325e+04 1.287187e+04 3.01915 6.166380e-01
6.850000e-01 2.558190e+00 2.420035e+00 2.840654e+00 1.223018e+01 1.051429e+04 1.286118e+04 3.02251 6.174360e-01
6.840000e-01 2.558190e+00 2.421049e+00 2.841773e+00 1.223875e+01 1.052529e+04 1.285055e+04 3.02582 6.182404e-01
6.830000e-01 2.558190e+00 2.422060e+00 2.842890e+00 1.224736e+01 1.053621e+04 1.283990e+04 3.02913 6.190406e-01
6.820000e-01 2.558190e+00 2.423068e+00 2.844003e+00 1.225600e+01 1.054705e+04 1.282919e+04 3.03243 6.198367e-01
6.810000e-01 2.558190e+00 2.424073e+00 2.845114e+00 1.226467e+01 1.055782e+04 1.281843e+04 3.03572 6.206288e-01
6.800000e-01 2.558190e+00 2.425077e+00 2.846225e+00 1.227339e+01 1.056852e+04 1.280763e+04 3.03901 6.214167e-01
6.790000e-01 2.558190e+00 2.426078e+00 2.847331e+00 1.228213e+01 1.057913e+04 1.279678e+04 3.0423 6.221997e-01
6.780000e-01 2.558190e+00 2.427075e+00 2.848434e+00 1.229091e+01 1.058965e+04 1.278589e+04 3.04558 6.229776e-01
6.770000e-01 2.558190e+00 2.428066e+00 2.849530e+00 1.229970e+01 1.060007e+04 1.277497e+04 3.04884 6.237491e-01
6.760000e-01 2.558190e+00 2.429052e+00 2.850618e+00 1.230851e+01 1.061037e+04 1.276403e+04 3.0521 6.245140e-01
6.750000e-01 2.558190e+00 2.430034e+00 2.851702e+00 1.231735e+01 1.062059e+04 1.275304e+04 3.05534 6.252742e-01
6.740000e-01 2.558190e+00 2.431013e+00 2.852783e+00 1.232624e+01 1.063076e+04 1.274198e+04 3.05858 6.260315e-01
6.730000e-01 2.558190e+00 2.431990e+00 2.853862e+00 1.233518e+01 1.064085e+04 1.273086e+04 3.06181 6.267847e-01
6.720000e-01 2.558190e+00 2.432965e+00 2.854939e+00 1.234416e+01 1.065089e+04 1.271967e+04 3.06504 6.275338e-01
6.710000e-01 2.558190e+00 2.433937e+00 2.856014e+00 1.235318e+01 1.066087e+04 1.270842e+04 3.06825 6.282789e-01
6.700000e-01 2.558190e+00 2.434906e+00 2.857085e+00 1.236225e+01 1.067077e+04 1.269712e+04 3.07146 6.290192e-01
6.690000e-01 2.558190e+00 2.435870e+00 2.858152e+00 1.237134e+01 1.068058e+04 1.268576e+04 3.07466 6.297541e-01
6.680000e-01 2.558190e+00 2.436831e+00 2.859215e+00 1.238047e+01 1.069032e+04 1.267435e+04 3.07785 6.304842e-01
6.670000e-01 2.558190e+00 2.437787e+00 2.860273e+00 1.238965e+01 1.069998e+04 1.266288e+04 3.08102 6.312098e-01
6.660000e-01 2.558190e+00 2.438741e+00 2.861329e+00 1.239886e+01 1.070957e+04 1.265135e+04 3.08419 6.319306e-01
6.650000e-01 2.558190e+00 2.439690e+00 2.862380e+00 1.240811e+01 1.071908e+04 1.263977e+04 3.08735 6.326460e-01
6.640000e-01 2.558190e+00 2.440634e+00 2.863424e+00 1.241738e+01 1.072849e+04 1.262815e+04 3.09049 6.333557e-01
6.630000e-01 2.558190e+00 2.441605e+00 2.864509e+00 1.242678e+01 1.073775e+04 1.261636e+04 3.09365 6.340471e-01
6.620000e-01 2.558190e+00 2.442537e+00 2.865539e+00 1.243610e+01 1.074694e+04 1.260466e+04 3.09676 6.347427e-01
6.610000e-01 2.558190e+00 2.443463e+00 2.866562e+00 1.244545e+01 1.075604e+04 1.259292e+04 3.09986 6.354336e-01
6.600000e-01 2.558190e+00 2.444385e+00 2.867581e+00 1.245486e+01 1.076509e+04 1.258110e+04 3.10295 6.361212e-01
6.590000e-01 2.558190e+00 2.445304e+00 2.868597e+00 1.246432e+01 1.077406e+04 1.256921e+04 3.10602 6.368041e-01
6.580000e-01 2.558190e+00 2.446219e+00 2.869609e+00 1.247383e+01 1.078297e+04 1.255725e+04 3.10909 6.374825e-01
6.570000e-01 2.558190e+00 2.447131e+00 2.870619e+00 1.248338e+01 1.079181e+04 1.254522e+04 3.11215 6.381567e-01
6.560000e-01 2.558190e+00 2.448039e+00 2.871624e+00 1.249298e+01 1.080056e+04 1.253314e+04 3.1152 6.388256e-01
6.550000e-01 2.558190e+00 2.448941e+00 2.872625e+00 1.250262e+01 1.080923e+04 1.252100e+04 3.11823 6.394890e-01
6.540000e-01 2.558190e+00 2.449838e+00 2.873620e+00 1.251230e+01 1.081781e+04 1.250881e+04 3.12125 6.401472e-01
6.530000e-01 2.558190e+00 2.450731e+00 2.874610e+00 1.252203e+01 1.082632e+04 1.249655e+04 3.12426 6.408008e-01
6.520000e-01 2.558190e+00 2.451620e+00 2.875597e+00 1.253180e+01 1.083474e+04 1.248423e+04 3.12725 6.414493e-01
6.510000e-01 2.558190e+00 2.452504e+00 2.876578e+00 1.254161e+01 1.084308e+04 1.247185e+04 3.13023 6.420919e-01
6.500000e-01 2.558190e+00 2.453380e+00 2.877551e+00 1.255146e+01 1.085131e+04 1.245943e+04 3.1332 6.427285e-01
6.490000e-01 2.558190e+00 2.454250e+00 2.878516e+00 1.256133e+01 1.085945e+04 1.244696e+04 3.13614 6.433581e-01
6.480000e-01 2.558190e+00 2.455113e+00 2.879472e+00 1.257123e+01 1.086746e+04 1.243446e+04 3.13907 6.439809e-01
6.470000e-01 2.558190e+00 2.455967e+00 2.880419e+00 1.258116e+01 1.087539e+04 1.242191e+04 3.14197 6.445979e-01
6.460000e-01 2.558190e+00 2.456818e+00 2.881362e+00 1.259116e+01 1.088325e+04 1.240927e+04 3.14486 6.452112e-01
6.450000e-01 2.558190e+00 2.457695e+00 2.882343e+00 1.260130e+01 1.089099e+04 1.239644e+04 3.14778 6.458071e-01
6.440000e-01 2.558190e+00 2.458537e+00 2.883277e+00 1.261141e+01 1.089871e+04 1.238364e+04 3.15064 6.464090e-01
6.430000e-01 2.558190e+00 2.459371e+00 2.884203e+00 1.262157e+01 1.090635e+04 1.237076e+04 3.15348 6.470058e-01
6.420000e-01 2.558190e+00 2.460199e+00 2.885122e+00 1.263177e+01 1.091390e+04 1.235781e+04 3.1563 6.475963e-01
6.410000e-01 2.558190e+00 2.461019e+00 2.886033e+00 1.264201e+01 1.092136e+04 1.234480e+04 3.15909 6.481806e-01
6.400000e-01 2.558190e+00 2.461833e+00 2.886937e+00 1.265230e+01 1.092874e+04 1.233172e+04 3.16186 6.487590e-01
6.390000e-01 2.558190e+00 2.462641e+00 2.887834e+00 1.266265e+01 1.093603e+04 1.231856e+04 3.16462 6.493319e-01
6.380000e-01 2.558190e+00 2.463442e+00 2.888725e+00 1.267304e+01 1.094324e+04 1.230534e+04 3.16736 6.498988e-01
6.370000e-01 2.558190e+00 2.464237e+00 2.889609e+00 1.268348e+01 1.095036e+04 1.229206e+04 3.17007 6.504593e-01
6.360000e-01 2.558190e+00 2.465023e+00 2.890483e+00 1.269395e+01 1.095737e+04 1.227872e+04 3.17277 6.510131e-01
6.350000e-01 2.558190e+00 2.465801e+00 2.891347e+00 1.270445e+01 1.096426e+04 1.226535e+04 3.17543 6.515593e-01
6.340000e-01 2.558190e+00 2.466570e+00 2.892200e+00 1.271498e+01 1.097105e+04 1.225194e+04 3.17808 6.520984e-01
6.330000e-01 2.558190e+00 2.467331e+00 2.893044e+00 1.272556e+01 1.097775e+04 1.223844e+04 3.1807 6.526323e-01
6.320000e-01 2.558190e+00 2.468085e+00 2.893881e+00 1.273621e+01 1.098439e+04 1.222485e+04 3.1833 6.531607e-01
6.310000e-01 2.558190e+00 2.468833e+00 2.894711e+00 1.274692e+01 1.099093e+04 1.221117e+04 3.18587 6.536828e-01
6.300000e-01 2.558190e+00 2.469602e+00 2.895574e+00 1.275778e+01 1.099736e+04 1.219729e+04 3.18846 6.541872e-01
6.290000e-01 2.558190e+00 2.470336e+00 2.896390e+00 1.276861e+01 1.100374e+04 1.218344e+04 3.19098 6.546960e-01
6.280000e-01 2.558190e+00 2.471059e+00 2.897193e+00 1.277948e+01 1.101003e+04 1.216951e+04 3.19347 6.551976e-01
6.270000e-01 2.558190e+00 2.471772e+00 2.897986e+00 1.279040e+01 1.101623e+04 1.215551e+04 3.19593 6.556923e-01
6.260000e-01 2.558190e+00 2.472478e+00 2.898770e+00 1.280138e+01 1.102234e+04 1.214142e+04 3.19836 6.561808e-01
6.250000e-01 2.558190e+00 2.473175e+00 2.899545e+00 1.281242e+01 1.102837e+04 1.212725e+04 3.20076 6.566623e-01
6.240000e-01 2.558190e+00 2.473863e+00 2.900311e+00 1.282350e+01 1.103429e+04 1.211300e+04 3.20314 6.571368e-01
6.230000e-01 2.558190e+00 2.474542e+00 2.901066e+00 1.283463e+01 1.104012e+04 1.209870e+04 3.20548 6.576041e-01
6.220000e-01 2.558190e+00 2.475213e+00 2.901811e+00 1.284580e+01 1.104583e+04 1.208435e+04 3.2078 6.580639e-01
6.210000e-01 2.558190e+00 2.475872e+00 2.902543e+00 1.285699e+01 1.105142e+04 1.206996e+04 3.21009 6.585159e-01
6.200000e-01 2.558190e+00 2.476523e+00 2.903265e+00 1.286824e+01 1.105691e+04 1.205550e+04 3.21236 6.589616e-01
6.190000e-01 2.558190e+00 2.477165e+00 2.903978e+00 1.287957e+01 1.106233e+04 1.204094e+04 3.21459 6.594016e-01
6.180000e-01 2.558190e+00 2.477799e+00 2.904682e+00 1.289096e+01 1.106765e+04 1.202629e+04 3.2168 6.598347e-01
6.170000e-01 2.558190e+00 2.478423e+00 2.905376e+00 1.290242e+01 1.107289e+04 1.201154e+04 3.21898 6.602607e-01
6.160000e-01 2.558190e+00 2.479067e+00 2.906100e+00 1.291403e+01 1.107799e+04 1.199659e+04 3.22116 6.606683e-01
6.150000e-01 2.558190e+00 2.479673e+00 2.906776e+00 1.292562e+01 1.108303e+04 1.198166e+04 3.22327 6.610791e-01
6.140000e-01 2.558190e+00 2.480269e+00 2.907439e+00 1.293726e+01 1.108798e+04 1.196666e+04 3.22535 6.614829e-01
6.130000e-01 2.558190e+00 2.480855e+00 2.908092e+00 1.294896e+01 1.109284e+04 1.195157e+04 3.22739 6.618799e-01
6.120000e-01 2.558190e+00 2.481431e+00 2.908735e+00 1.296073e+01 1.109761e+04 1.193639e+04 3.22941 6.622698e-01
6.110000e-01 2.558190e+00 2.481998e+00 2.909368e+00 1.297256e+01 1.110227e+04 1.192114e+04 3.23139 6.626521e-01
6.100000e-01 2.558190e+00 2.482554e+00 2.909988e+00 1.298444e+01 1.110683e+04 1.190582e+04 3.23334 6.630265e-01
6.090000e-01 2.558190e+00 2.483097e+00 2.910594e+00 1.299637e+01 1.111127e+04 1.189043e+04 3.23524 6.633924e-01
6.080000e-01 2.558190e+00 2.483628e+00 2.911184e+00 1.300832e+01 1.111559e+04 1.187499e+04 3.23711 6.637491e-01
6.070000e-01 2.558190e+00 2.484146e+00 2.911758e+00 1.302033e+01 1.111980e+04 1.185948e+04 3.23893 6.640976e-01
6.060000e-01 2.558190e+00 2.484652e+00 2.912320e+00 1.303242e+01 1.112393e+04 1.184385e+04 3.24071 6.644387e-01
6.050000e-01 2.558190e+00 2.485146e+00 2.912869e+00 1.304458e+01 1.112796e+04 1.182811e+04 3.24245 6.647717e-01
6.040000e-01 2.558190e+00 2.485657e+00 2.913443e+00 1.305691e+01 1.113185e+04 1.181216e+04 3.24418 6.650852e-01
6.030000e-01 2.558190e+00 2.486130e+00 2.913970e+00 1.306923e+01 1.113570e+04 1.179620e+04 3.24584 6.654013e-01
6.020000e-01 2.558190e+00 2.486589e+00 2.914480e+00 1.308161e+01 1.113944e+04 1.178016e+04 3.24745 6.657089e-01
6.010000e-01 2.558190e+00 2.487037e+00 2.914978e+00 1.309405e+01 1.114307e+04 1.176403e+04 3.24902 6.660084e-01
6.000000e-01 2.558190e+00 2.487473e+00 2.915464e+00 1.310657e+01 1.114661e+04 1.174781e+04 3.25055 6.663002e-01
5.990000e-01 2.558190e+00 2.487897e+00 2.915937e+00 1.311917e+01 1.115004e+04 1.173148e+04 3.25204 6.665837e-01
5.980000e-01 2.558190e+00 2.488311e+00 2.916398e+00 1.313183e+01 1.115337e+04 1.171508e+04 3.25349 6.668593e-01
5.970000e-01 2.558190e+00 2.488712e+00 2.916847e+00 1.314455e+01 1.115659e+04 1.169861e+04 3.25491 6.671266e-01
5.960000e-01 2.558190e+00 2.489102e+00 2.917281e+00 1.315732e+01 1.115968e+04 1.168207e+04 3.25629 6.673852e-01
5.950000e-01 2.558190e+00 2.489478e+00 2.917699e+00 1.317013e+01 1.116265e+04 1.166549e+04 3.25762 6.676348e-01
5.940000e-01 2.558190e+00 2.489842e+00 2.918102e+00 1.318301e+01 1.116551e+04 1.164883e+04 3.25892 6.678766e-01
5.930000e-01 2.558190e+00 2.490194e+00 2.918495e+00 1.319598e+01 1.116828e+04 1.163206e+04 3.26018 6.681113e-01
5.920000e-01 2.558190e+00 2.490558e+00 2.918906e+00 1.320912e+01 1.117089e+04 1.161506e+04 3.26141 6.683249e-01
5.910000e-01 2.558190e+00 2.490883e+00 2.919269e+00 1.322227e+01 1.117345e+04 1.159805e+04 3.26257 6.685404e-01
5.900000e-01 2.558190e+00 2.491195e+00 2.919617e+00 1.323550e+01 1.117591e+04 1.158093e+04 3.26368 6.687473e-01
5.890000e-01 2.558190e+00 2.491491e+00 2.919947e+00 1.324880e+01 1.117826e+04 1.156371e+04 3.26473 6.689441e-01
5.880000e-01 2.558190e+00 2.491772e+00 2.920260e+00 1.326217e+01 1.118049e+04 1.154640e+04 3.26572 6.691310e-01
5.870000e-01 2.558190e+00 2.492039e+00 2.920557e+00 1.327563e+01 1.118263e+04 1.152897e+04 3.26667 6.693087e-01
5.860000e-01 2.558190e+00 2.492290e+00 2.920837e+00 1.328917e+01 1.118465e+04 1.151142e+04 3.26755 6.694764e-01
5.850000e-01 2.558190e+00 2.492526e+00 2.921099e+00 1.330279e+01 1.118656e+04 1.149378e+04 3.26838 6.696337e-01
5.840000e-01 2.558190e+00 2.492749e+00 2.921348e+00 1.331647e+01 1.118835e+04 1.147607e+04 3.26917 6.697819e-01
5.830000e-01 2.558190e+00 2.492959e+00 2.921581e+00 1.333021e+01 1.119002e+04 1.145830e+04 3.26991 6.699214e-01
5.820000e-01 2.558190e+00 2.493156e+00 2.921798e+00 1.334399e+01 1.119156e+04 1.144049e+04 3.27062 6.700522e-01
5.810000e-01 2.558190e+00 2.493341e+00 2.922002e+00 1.335787e+01 1.119299e+04 1.142258e+04 3.27128 6.701753e-01
5.800000e-01 2.558190e+00 2.493538e+00 2.922228e+00 1.337194e+01 1.119427e+04 1.140445e+04 3.27193 6.702788e-01
5.790000e-01 2.558190e+00 2.493696e+00 2.922403e+00 1.338602e+01 1.119548e+04 1.138630e+04 3.27251 6.703836e-01
5.780000e-01 2.558190e+00 2.493839e+00 2.922564e+00 1.340020e+01 1.119659e+04 1.136804e+04 3.27303 6.704797e-01
5.770000e-01 2.558190e+00 2.493968e+00 2.922709e+00 1.341448e+01 1.119758e+04 1.134967e+04 3.27349 6.705657e-01
5.760000e-01 2.558190e+00 2.494078e+00 2.922831e+00 1.342883e+01 1.119845e+04 1.133119e+04 3.27389 6.706401e-01
5.750000e-01 2.558190e+00 2.494173e+00 2.922937e+00 1.344327e+01 1.119922e+04 1.131261e+04 3.27423 6.707047e-01
5.740000e-01 2.558190e+00 2.494251e+00 2.923025e+00 1.345782e+01 1.119987e+04 1.129390e+04 3.27451 6.707587e-01
5.730000e-01 2.558190e+00 2.494310e+00 2.923090e+00 1.347245e+01 1.120040e+04 1.127507e+04 3.27471 6.708006e-01
5.720000e-01 2.558190e+00 2.491085e+00 2.919529e+00 1.347579e+01 1.121204e+04 1.127125e+04 3.27042 6.723540e-01
5.710000e-01 2.558190e+00 2.494399e+00 2.923192e+00 1.350200e+01 1.120106e+04 1.123709e+04 3.27498 6.708467e-01
5.700000e-01 2.558190e+00 2.491089e+00 2.919529e+00 1.350529e+01 1.121260e+04 1.123330e+04 3.27049 6.724007e-01
5.690000e-01 2.558190e+00 2.494421e+00 2.923211e+00 1.353176e+01 1.120126e+04 1.119898e+04 3.27507 6.708651e-01
5.691550e-01 2.558190e+00 2.494431e+00 2.923223e+00 1.352949e+01 1.120121e+04 1.120187e+04 3.27508 6.708580e-01
