1.000000e+00 2.590970e+00 2.113966e+00 2.503875e+00 1.048736e+01 0.000000e+00 1.560124e+04 0 0.000000e+00
9.990000e-01 2.590970e+00 2.123189e+00 2.521314e+00 1.050800e+01 6.257503e+02 1.550172e+04 2.14206 3.383322e-02
9.980000e-01 2.590970e+00 2.123031e+00 2.520828e+00 1.050936e+01 8.931732e+02 1.546636e+04 2.23403 5.037318e-02
9.970000e-01 2.590970e+00 2.124287e+00 2.522254e+00 1.051450e+01 1.093918e+03 1.543690e+04 2.14869 5.926789e-02
9.960000e-01 2.590970e+00 2.124494e+00 2.522292e+00 1.051642e+01 1.272027e+03 1.541362e+04 2.19114 7.026572e-02
9.950000e-01 2.590970e+00 2.125693e+00 2.523674e+00 1.052138e+01 1.422491e+03 1.539081e+04 2.15254 7.710565e-02
9.940000e-01 2.590970e+00 2.125998e+00 2.523866e+00 1.052343e+01 1.564653e+03 1.537250e+04 2.18044 8.588620e-02
9.930000e-01 2.590970e+00 2.127180e+00 2.525241e+00 1.052832e+01 1.689341e+03 1.535308e+04 2.15653 9.161179e-02
9.920000e-01 2.590970e+00 2.127521e+00 2.525492e+00 1.053042e+01 1.811185e+03 1.533761e+04 2.17749 9.914226e-02
9.910000e-01 2.590970e+00 2.128688e+00 2.526858e+00 1.053528e+01 1.919691e+03 1.532031e+04 2.16054 1.041494e-01
9.900000e-01 2.590970e+00 2.129033e+00 2.527120e+00 1.053738e+01 2.027517e+03 1.530678e+04 2.17714 1.108086e-01
9.890000e-01 2.590970e+00 2.130194e+00 2.528476e+00 1.054223e+01 2.123788e+03 1.529103e+04 2.16454 1.152726e-01
9.880000e-01 2.590970e+00 2.130516e+00 2.528705e+00 1.054433e+01 2.221104e+03 1.527896e+04 2.17811 1.212734e-01
9.870000e-01 2.590970e+00 2.131690e+00 2.530071e+00 1.054922e+01 2.308636e+03 1.526425e+04 2.16855 1.253614e-01
9.860000e-01 2.590970e+00 2.132013e+00 2.530300e+00 1.055133e+01 2.398638e+03 1.525318e+04 2.18035 1.309175e-01
9.850000e-01 2.590970e+00 2.133192e+00 2.531671e+00 1.055626e+01 2.479748e+03 1.523925e+04 2.17258 1.347133e-01
9.840000e-01 2.590970e+00 2.133506e+00 2.531886e+00 1.055837e+01 2.563522e+03 1.522904e+04 2.18288 1.398835e-01
9.830000e-01 2.590970e+00 2.134691e+00 2.533260e+00 1.056332e+01 2.639041e+03 1.521575e+04 2.17661 1.434313e-01
9.820000e-01 2.590970e+00 2.134998e+00 2.533464e+00 1.056545e+01 2.717868e+03 1.520621e+04 2.18584 1.482989e-01
9.810000e-01 2.590970e+00 2.136189e+00 2.534841e+00 1.057043e+01 2.788767e+03 1.519346e+04 2.18065 1.516373e-01
9.800000e-01 2.590970e+00 2.136477e+00 2.535016e+00 1.057254e+01 2.863116e+03 1.518454e+04 2.18888 1.562251e-01
9.790000e-01 2.590970e+00 2.137719e+00 2.536451e+00 1.057764e+01 2.929514e+03 1.517217e+04 2.18476 1.593625e-01
9.780000e-01 2.590970e+00 2.137946e+00 2.536540e+00 1.057968e+01 2.999992e+03 1.516385e+04 2.19206 1.637068e-01
9.770000e-01 2.590970e+00 2.139195e+00 2.537974e+00 1.058482e+01 3.063309e+03 1.515180e+04 2.18879 1.667179e-01
9.760000e-01 2.590970e+00 2.139438e+00 2.538081e+00 1.058690e+01 3.131363e+03 1.514381e+04 2.19579 1.709278e-01
9.750000e-01 2.590970e+00 2.140693e+00 2.539526e+00 1.059208e+01 3.192747e+03 1.513196e+04 2.19287 1.738423e-01
9.740000e-01 2.590970e+00 2.140958e+00 2.539664e+00 1.059419e+01 3.258484e+03 1.512428e+04 2.19956 1.779193e-01
9.730000e-01 2.590970e+00 2.142214e+00 2.541113e+00 1.059939e+01 3.317950e+03 1.511268e+04 2.19698 1.807413e-01
9.720000e-01 2.590970e+00 2.142498e+00 2.541280e+00 1.060154e+01 3.381560e+03 1.510527e+04 2.20339 1.846949e-01
9.710000e-01 2.590970e+00 2.143753e+00 2.542731e+00 1.060674e+01 3.439098e+03 1.509389e+04 2.20112 1.874241e-01
9.700000e-01 2.590970e+00 2.144043e+00 2.542909e+00 1.060890e+01 3.500492e+03 1.508677e+04 2.20717 1.912426e-01
9.690000e-01 2.590970e+00 2.145298e+00 2.544361e+00 1.061410e+01 3.555796e+03 1.507566e+04 2.20526 1.938695e-01
9.680000e-01 2.590970e+00 2.145581e+00 2.544529e+00 1.061625e+01 3.614990e+03 1.506883e+04 2.21092 1.975506e-01
9.670000e-01 2.590970e+00 2.146844e+00 2.545991e+00 1.062147e+01 3.668388e+03 1.505792e+04 2.20942 2.000966e-01
9.660000e-01 2.590970e+00 2.147130e+00 2.546164e+00 1.062364e+01 3.725873e+03 1.505132e+04 2.21484 2.036763e-01
9.650000e-01 2.590970e+00 2.148397e+00 2.547630e+00 1.062888e+01 3.777606e+03 1.504059e+04 2.2136 2.061452e-01
9.640000e-01 2.590970e+00 2.148678e+00 2.547796e+00 1.063105e+01 3.833327e+03 1.503422e+04 2.21872 2.096158e-01
9.630000e-01 2.590970e+00 2.149952e+00 2.549270e+00 1.063631e+01 3.883393e+03 1.502367e+04 2.21778 2.120120e-01
9.620000e-01 2.590970e+00 2.150230e+00 2.549432e+00 1.063849e+01 3.937613e+03 1.501751e+04 2.22269 2.153924e-01
9.610000e-01 2.590970e+00 2.151509e+00 2.550910e+00 1.064378e+01 3.986124e+03 1.500710e+04 2.22199 2.177176e-01
9.600000e-01 2.590970e+00 2.151773e+00 2.551051e+00 1.064595e+01 4.038749e+03 1.500114e+04 2.22662 2.209978e-01
9.590000e-01 2.590970e+00 2.153059e+00 2.552533e+00 1.065126e+01 4.085513e+03 1.499089e+04 2.22619 2.232464e-01
9.580000e-01 2.590970e+00 2.153304e+00 2.552647e+00 1.065342e+01 4.136691e+03 1.498512e+04 2.23058 2.264370e-01
9.570000e-01 2.590970e+00 2.154608e+00 2.554148e+00 1.065880e+01 4.182399e+03 1.497492e+04 2.23041 2.286448e-01
9.560000e-01 2.590970e+00 2.154868e+00 2.554279e+00 1.066099e+01 4.232769e+03 1.496924e+04 2.23478 2.317951e-01
9.550000e-01 2.590970e+00 2.156177e+00 2.555787e+00 1.066641e+01 4.277762e+03 1.495907e+04 2.23468 2.339649e-01
9.540000e-01 2.590970e+00 2.156449e+00 2.555936e+00 1.066863e+01 4.327172e+03 1.495350e+04 2.23896 2.370604e-01
9.530000e-01 2.590970e+00 2.157762e+00 2.557450e+00 1.067406e+01 4.371319e+03 1.494342e+04 2.23898 2.391901e-01
9.520000e-01 2.590970e+00 2.158045e+00 2.557615e+00 1.067631e+01 4.419801e+03 1.493797e+04 2.24317 2.422322e-01
9.510000e-01 2.590970e+00 2.159360e+00 2.559134e+00 1.068176e+01 4.463064e+03 1.492798e+04 2.24331 2.443201e-01
9.500000e-01 2.590970e+00 2.159644e+00 2.559303e+00 1.068401e+01 4.510510e+03 1.492265e+04 2.24737 2.472993e-01
9.490000e-01 2.590970e+00 2.160962e+00 2.560825e+00 1.068947e+01 4.552697e+03 1.491277e+04 2.24764 2.493384e-01
9.480000e-01 2.590970e+00 2.161243e+00 2.560990e+00 1.069172e+01 4.599164e+03 1.490757e+04 2.25158 2.522583e-01
9.470000e-01 2.590970e+00 2.162569e+00 2.562522e+00 1.069721e+01 4.640519e+03 1.489775e+04 2.252 2.542623e-01
9.460000e-01 2.590970e+00 2.162855e+00 2.562692e+00 1.069948e+01 4.686180e+03 1.489264e+04 2.25585 2.571356e-01
9.450000e-01 2.590970e+00 2.164185e+00 2.564229e+00 1.070500e+01 4.726659e+03 1.488288e+04 2.25638 2.590984e-01
9.440000e-01 2.590970e+00 2.164464e+00 2.564392e+00 1.070727e+01 4.771400e+03 1.487788e+04 2.2601 2.619150e-01
9.430000e-01 2.590970e+00 2.165802e+00 2.565938e+00 1.071281e+01 4.810984e+03 1.486820e+04 2.26077 2.638395e-01
9.420000e-01 2.590970e+00 2.166076e+00 2.566093e+00 1.071508e+01 4.854873e+03 1.486330e+04 2.26438 2.666041e-01
9.410000e-01 2.590970e+00 2.167420e+00 2.567644e+00 1.072064e+01 4.893489e+03 1.485369e+04 2.26517 2.684854e-01
9.400000e-01 2.590970e+00 2.167677e+00 2.567775e+00 1.072290e+01 4.936418e+03 1.484892e+04 2.26862 2.711886e-01
9.390000e-01 2.590970e+00 2.169030e+00 2.569335e+00 1.072848e+01 4.974000e+03 1.483938e+04 2.26957 2.730269e-01
9.380000e-01 2.590970e+00 2.169281e+00 2.569457e+00 1.073075e+01 5.016255e+03 1.483470e+04 2.27294 2.756917e-01
9.370000e-01 2.590970e+00 2.170649e+00 2.571032e+00 1.073639e+01 5.053427e+03 1.482515e+04 2.274 2.775143e-01
9.360000e-01 2.590970e+00 2.170915e+00 2.571172e+00 1.073870e+01 5.095273e+03 1.482051e+04 2.27739 2.801606e-01
9.350000e-01 2.590970e+00 2.172286e+00 2.572753e+00 1.074438e+01 5.132035e+03 1.481096e+04 2.27848 2.819606e-01
9.340000e-01 2.590970e+00 2.172561e+00 2.572907e+00 1.074671e+01 5.173348e+03 1.480638e+04 2.28184 2.845774e-01
9.330000e-01 2.590970e+00 2.173937e+00 2.574495e+00 1.075241e+01 5.209620e+03 1.479686e+04 2.28299 2.863542e-01
9.320000e-01 2.590970e+00 2.174218e+00 2.574658e+00 1.075476e+01 5.250357e+03 1.479234e+04 2.2863 2.889375e-01
9.310000e-01 2.590970e+00 2.175597e+00 2.576250e+00 1.076048e+01 5.286013e+03 1.478287e+04 2.28752 2.906855e-01
9.300000e-01 2.590970e+00 2.175875e+00 2.576410e+00 1.076283e+01 5.326078e+03 1.477843e+04 2.29075 2.932276e-01
9.290000e-01 2.590970e+00 2.177261e+00 2.578010e+00 1.076857e+01 5.361090e+03 1.476901e+04 2.29206 2.949483e-01
9.280000e-01 2.590970e+00 2.177540e+00 2.578172e+00 1.077094e+01 5.400638e+03 1.476462e+04 2.29525 2.974612e-01
9.270000e-01 2.590970e+00 2.178933e+00 2.579781e+00 1.077671e+01 5.435177e+03 1.475521e+04 2.29663 2.991607e-01
9.260000e-01 2.590970e+00 2.179212e+00 2.579944e+00 1.077909e+01 5.474194e+03 1.475089e+04 2.29977 3.016429e-01
9.250000e-01 2.590970e+00 2.180611e+00 2.581559e+00 1.078489e+01 5.508137e+03 1.474150e+04 2.30122 3.033151e-01
9.240000e-01 2.590970e+00 2.180887e+00 2.581718e+00 1.078727e+01 5.546605e+03 1.473723e+04 2.3043 3.057645e-01
9.230000e-01 2.590970e+00 2.182293e+00 2.583340e+00 1.079310e+01 5.579953e+03 1.472787e+04 2.30583 3.074105e-01
9.220000e-01 2.590970e+00 2.182559e+00 2.583484e+00 1.079548e+01 5.617810e+03 1.472367e+04 2.30882 3.098219e-01
9.210000e-01 2.590970e+00 2.183973e+00 2.585114e+00 1.080133e+01 5.650405e+03 1.471434e+04 2.31044 3.114350e-01
9.200000e-01 2.590970e+00 2.184222e+00 2.585236e+00 1.080370e+01 5.687623e+03 1.471022e+04 2.31333 3.138063e-01
9.190000e-01 2.590970e+00 2.185650e+00 2.586880e+00 1.080959e+01 5.719709e+03 1.470089e+04 2.31507 3.154010e-01
9.180000e-01 2.590970e+00 2.185908e+00 2.587012e+00 1.081199e+01 5.756649e+03 1.469679e+04 2.31797 3.177607e-01
9.170000e-01 2.590970e+00 2.187344e+00 2.588666e+00 1.081793e+01 5.788516e+03 1.468743e+04 2.31973 3.193440e-01
9.160000e-01 2.590970e+00 2.187611e+00 2.588811e+00 1.082036e+01 5.825132e+03 1.468335e+04 2.32264 3.216874e-01
9.150000e-01 2.590970e+00 2.189052e+00 2.590472e+00 1.082633e+01 5.856670e+03 1.467398e+04 2.32444 3.232541e-01
9.140000e-01 2.590970e+00 2.189325e+00 2.590626e+00 1.082878e+01 5.892902e+03 1.466994e+04 2.32732 3.255760e-01
9.130000e-01 2.590970e+00 2.190770e+00 2.592293e+00 1.083477e+01 5.924017e+03 1.466059e+04 2.32917 3.271227e-01
9.120000e-01 2.590970e+00 2.191041e+00 2.592446e+00 1.083722e+01 5.959763e+03 1.465660e+04 2.332 3.294149e-01
9.110000e-01 2.590970e+00 2.192491e+00 2.594119e+00 1.084323e+01 5.990356e+03 1.464728e+04 2.3339 3.309386e-01
9.100000e-01 2.590970e+00 2.192759e+00 2.594269e+00 1.084568e+01 6.025663e+03 1.464334e+04 2.33669 3.332047e-01
9.090000e-01 2.590970e+00 2.194218e+00 2.595952e+00 1.085173e+01 6.055879e+03 1.463403e+04 2.33866 3.347131e-01
9.080000e-01 2.590970e+00 2.194488e+00 2.596105e+00 1.085420e+01 6.090840e+03 1.463012e+04 2.34143 3.369604e-01
9.070000e-01 2.590970e+00 2.195953e+00 2.597795e+00 1.086027e+01 6.120656e+03 1.462081e+04 2.34345 3.384500e-01
9.060000e-01 2.590970e+00 2.196220e+00 2.597944e+00 1.086275e+01 6.155218e+03 1.461694e+04 2.34617 3.406740e-01
9.050000e-01 2.590970e+00 2.197738e+00 2.599704e+00 1.086895e+01 6.184576e+03 1.460751e+04 2.34831 3.421381e-01
9.040000e-01 2.590970e+00 2.197970e+00 2.599806e+00 1.087138e+01 6.218755e+03 1.460376e+04 2.35095 3.443421e-01
9.030000e-01 2.590970e+00 2.199479e+00 2.601551e+00 1.087757e+01 6.247590e+03 1.459438e+04 2.35313 3.457851e-01
9.020000e-01 2.590970e+00 2.199695e+00 2.601631e+00 1.087998e+01 6.281268e+03 1.459069e+04 2.35568 3.479577e-01
9.010000e-01 2.590970e+00 2.201217e+00 2.603390e+00 1.088621e+01 6.309611e+03 1.458132e+04 2.35796 3.493814e-01
9.000000e-01 2.590970e+00 2.201434e+00 2.603471e+00 1.088865e+01 6.343040e+03 1.457764e+04 2.36051 3.515428e-01
8.990000e-01 2.590970e+00 2.202968e+00 2.605242e+00 1.089493e+01 6.371233e+03 1.456822e+04 2.36282 3.529600e-01
8.980000e-01 2.590970e+00 2.203196e+00 2.605337e+00 1.089740e+01 6.404477e+03 1.456455e+04 2.36539 3.551144e-01
8.970000e-01 2.590970e+00 2.204735e+00 2.607116e+00 1.090373e+01 6.432460e+03 1.455509e+04 2.36773 3.565202e-01
8.960000e-01 2.590970e+00 2.204969e+00 2.607221e+00 1.090622e+01 6.465447e+03 1.455144e+04 2.3703 3.586613e-01
8.950000e-01 2.590970e+00 2.206514e+00 2.609007e+00 1.091258e+01 6.493133e+03 1.454198e+04 2.37267 3.600524e-01
8.940000e-01 2.590970e+00 2.206747e+00 2.609111e+00 1.091508e+01 6.525757e+03 1.453836e+04 2.37521 3.621719e-01
8.930000e-01 2.590970e+00 2.208296e+00 2.610904e+00 1.092145e+01 6.553027e+03 1.452891e+04 2.37762 3.635441e-01
8.920000e-01 2.590970e+00 2.208524e+00 2.611002e+00 1.092395e+01 6.585278e+03 1.452533e+04 2.38011 3.656411e-01
8.910000e-01 2.590970e+00 2.210083e+00 2.612806e+00 1.093036e+01 6.612206e+03 1.451587e+04 2.38259 3.669995e-01
8.900000e-01 2.590970e+00 2.210311e+00 2.612905e+00 1.093287e+01 6.644181e+03 1.451232e+04 2.38507 3.690816e-01
8.890000e-01 2.590970e+00 2.211877e+00 2.614717e+00 1.093931e+01 6.670791e+03 1.450285e+04 2.38758 3.704252e-01
8.880000e-01 2.590970e+00 2.212101e+00 2.614811e+00 1.094183e+01 6.702447e+03 1.449933e+04 2.39003 3.724889e-01
8.870000e-01 2.590970e+00 2.213675e+00 2.616633e+00 1.094831e+01 6.728712e+03 1.448985e+04 2.39259 3.738175e-01
8.860000e-01 2.590970e+00 2.213894e+00 2.616721e+00 1.095083e+01 6.760054e+03 1.448636e+04 2.395 3.758631e-01
8.850000e-01 2.590970e+00 2.215476e+00 2.618550e+00 1.095733e+01 6.785895e+03 1.447687e+04 2.39762 3.771724e-01
8.840000e-01 2.590970e+00 2.215679e+00 2.618616e+00 1.095985e+01 6.816833e+03 1.447342e+04 2.39996 3.791929e-01
8.830000e-01 2.590970e+00 2.217273e+00 2.620459e+00 1.096639e+01 6.842242e+03 1.446394e+04 2.40265 3.804849e-01
8.820000e-01 2.590970e+00 2.217475e+00 2.620523e+00 1.096892e+01 6.872963e+03 1.446050e+04 2.40499 3.824955e-01
8.810000e-01 2.590970e+00 2.219082e+00 2.622380e+00 1.097552e+01 6.898246e+03 1.445096e+04 2.40772 3.837827e-01
8.800000e-01 2.590970e+00 2.219293e+00 2.622456e+00 1.097809e+01 6.928839e+03 1.444752e+04 2.41008 3.857898e-01
8.790000e-01 2.590970e+00 2.220907e+00 2.624321e+00 1.098474e+01 6.953975e+03 1.443793e+04 2.41284 3.870685e-01
8.780000e-01 2.590970e+00 2.221124e+00 2.624407e+00 1.098733e+01 6.984383e+03 1.443449e+04 2.41521 3.890670e-01
8.770000e-01 2.590970e+00 2.222744e+00 2.626280e+00 1.099402e+01 7.009293e+03 1.442487e+04 2.41799 3.903342e-01
8.760000e-01 2.590970e+00 2.222960e+00 2.626366e+00 1.099662e+01 7.039423e+03 1.442146e+04 2.42034 3.923166e-01
8.750000e-01 2.590970e+00 2.224586e+00 2.628247e+00 1.100332e+01 7.063994e+03 1.441184e+04 2.42315 3.935681e-01
8.740000e-01 2.590970e+00 2.224796e+00 2.628325e+00 1.100593e+01 7.093822e+03 1.440846e+04 2.42547 3.955326e-01
8.730000e-01 2.590970e+00 2.226432e+00 2.630218e+00 1.101267e+01 7.118104e+03 1.439882e+04 2.42834 3.967722e-01
8.720000e-01 2.590970e+00 2.226642e+00 2.630297e+00 1.101529e+01 7.147703e+03 1.439545e+04 2.43064 3.987245e-01
8.710000e-01 2.590970e+00 2.228285e+00 2.632198e+00 1.102206e+01 7.171709e+03 1.438580e+04 2.43354 3.999512e-01
8.700000e-01 2.590970e+00 2.228490e+00 2.632271e+00 1.102469e+01 7.201042e+03 1.438245e+04 2.43581 4.018884e-01
8.690000e-01 2.590970e+00 2.230142e+00 2.634183e+00 1.103150e+01 7.224747e+03 1.437277e+04 2.43877 4.031019e-01
8.680000e-01 2.590970e+00 2.230339e+00 2.634247e+00 1.103413e+01 7.253816e+03 1.436945e+04 2.44101 4.050241e-01
8.670000e-01 2.590970e+00 2.232001e+00 2.636168e+00 1.104097e+01 7.277145e+03 1.435976e+04 2.444 4.062204e-01
8.660000e-01 2.590970e+00 2.232182e+00 2.636210e+00 1.104359e+01 7.305869e+03 1.435648e+04 2.44619 4.081214e-01
8.650000e-01 2.590970e+00 2.233856e+00 2.638145e+00 1.105048e+01 7.328844e+03 1.434676e+04 2.44925 4.093036e-01
8.640000e-01 2.590970e+00 2.234037e+00 2.638187e+00 1.105312e+01 7.357407e+03 1.434349e+04 2.45143 4.111983e-01
8.630000e-01 2.590970e+00 2.235724e+00 2.640136e+00 1.106006e+01 7.380281e+03 1.433371e+04 2.45454 4.123763e-01
8.620000e-01 2.590970e+00 2.235913e+00 2.640189e+00 1.106273e+01 7.408741e+03 1.433042e+04 2.45675 4.142687e-01
8.610000e-01 2.590970e+00 2.237607e+00 2.642146e+00 1.106973e+01 7.431489e+03 1.432059e+04 2.45987 4.154395e-01
8.600000e-01 2.590970e+00 2.237801e+00 2.642207e+00 1.107243e+01 7.459798e+03 1.431730e+04 2.46209 4.173253e-01
8.590000e-01 2.590970e+00 2.239502e+00 2.644173e+00 1.107946e+01 7.482346e+03 1.430743e+04 2.46523 4.184857e-01
8.580000e-01 2.590970e+00 2.239692e+00 2.644231e+00 1.108217e+01 7.510419e+03 1.430416e+04 2.46743 4.203580e-01
8.570000e-01 2.590970e+00 2.241401e+00 2.646206e+00 1.108924e+01 7.532674e+03 1.429427e+04 2.47061 4.215048e-01
8.560000e-01 2.590970e+00 2.241586e+00 2.646258e+00 1.109195e+01 7.560510e+03 1.429102e+04 2.47278 4.233636e-01
8.550000e-01 2.590970e+00 2.243305e+00 2.648246e+00 1.109905e+01 7.582530e+03 1.428110e+04 2.47601 4.245004e-01
8.540000e-01 2.590970e+00 2.243488e+00 2.648297e+00 1.110178e+01 7.610169e+03 1.427786e+04 2.47817 4.263489e-01
8.530000e-01 2.590970e+00 2.245215e+00 2.650293e+00 1.110892e+01 7.631936e+03 1.426791e+04 2.48144 4.274737e-01
8.520000e-01 2.590970e+00 2.245392e+00 2.650337e+00 1.111165e+01 7.659349e+03 1.426468e+04 2.48357 4.293097e-01
8.510000e-01 2.590970e+00 2.247129e+00 2.652345e+00 1.111883e+01 7.680851e+03 1.425470e+04 2.48688 4.304226e-01
8.500000e-01 2.590970e+00 2.247295e+00 2.652374e+00 1.112156e+01 7.708016e+03 1.425150e+04 2.48897 4.322444e-01
8.490000e-01 2.590970e+00 2.249041e+00 2.654392e+00 1.112877e+01 7.729150e+03 1.424150e+04 2.49233 4.333403e-01
8.480000e-01 2.590970e+00 2.249193e+00 2.654401e+00 1.113150e+01 7.756027e+03 1.423832e+04 2.49437 4.351451e-01
8.470000e-01 2.590970e+00 2.250954e+00 2.656436e+00 1.113876e+01 7.776913e+03 1.422828e+04 2.49779 4.362318e-01
8.460000e-01 2.590970e+00 2.251108e+00 2.656449e+00 1.114151e+01 7.803692e+03 1.422510e+04 2.49985 4.380346e-01
8.450000e-01 2.590970e+00 2.252925e+00 2.658557e+00 1.114893e+01 7.824460e+03 1.421487e+04 2.50335 4.391073e-01
8.440000e-01 2.590970e+00 2.253056e+00 2.658540e+00 1.115165e+01 7.851167e+03 1.421175e+04 2.50539 4.409135e-01
8.430000e-01 2.590970e+00 2.254866e+00 2.660637e+00 1.115909e+01 7.871819e+03 1.420149e+04 2.5089 4.419826e-01
8.420000e-01 2.590970e+00 2.254999e+00 2.660624e+00 1.116184e+01 7.898382e+03 1.419837e+04 2.51095 4.437825e-01
8.410000e-01 2.590970e+00 2.256816e+00 2.662729e+00 1.116932e+01 7.918827e+03 1.418808e+04 2.51448 4.448407e-01
8.400000e-01 2.590970e+00 2.256944e+00 2.662711e+00 1.117207e+01 7.945179e+03 1.418497e+04 2.5165 4.466287e-01
8.390000e-01 2.590970e+00 2.258769e+00 2.664827e+00 1.117958e+01 7.965369e+03 1.417465e+04 2.52008 4.476752e-01
8.380000e-01 2.590970e+00 2.258893e+00 2.664804e+00 1.118234e+01 7.991540e+03 1.417155e+04 2.52208 4.494540e-01
8.370000e-01 2.590970e+00 2.260729e+00 2.666932e+00 1.118991e+01 8.011527e+03 1.416119e+04 2.52569 4.504910e-01
8.360000e-01 2.590970e+00 2.260848e+00 2.666905e+00 1.119268e+01 8.037516e+03 1.415809e+04 2.52768 4.522602e-01
8.350000e-01 2.590970e+00 2.262693e+00 2.669043e+00 1.120028e+01 8.057262e+03 1.414769e+04 2.53133 4.532857e-01
8.340000e-01 2.590970e+00 2.262805e+00 2.669007e+00 1.120306e+01 8.083061e+03 1.414461e+04 2.53329 4.550450e-01
8.330000e-01 2.590970e+00 2.264660e+00 2.671157e+00 1.121070e+01 8.102543e+03 1.413417e+04 2.53698 4.560580e-01
8.320000e-01 2.590970e+00 2.264755e+00 2.671098e+00 1.121347e+01 8.128078e+03 1.413111e+04 2.53889 4.578017e-01
8.310000e-01 2.590970e+00 2.266624e+00 2.673263e+00 1.122115e+01 8.147220e+03 1.412065e+04 2.54264 4.587995e-01
8.300000e-01 2.590970e+00 2.266708e+00 2.673191e+00 1.122392e+01 8.172566e+03 1.411760e+04 2.54453 4.605341e-01
8.290000e-01 2.590970e+00 2.268593e+00 2.675374e+00 1.123166e+01 8.191575e+03 1.410706e+04 2.54833 4.615268e-01
8.280000e-01 2.590970e+00 2.268682e+00 2.675309e+00 1.123447e+01 8.216852e+03 1.410401e+04 2.55024 4.632612e-01
8.270000e-01 2.590970e+00 2.270575e+00 2.677503e+00 1.124228e+01 8.235762e+03 1.409339e+04 2.55406 4.642479e-01
8.260000e-01 2.590970e+00 2.270669e+00 2.677445e+00 1.124511e+01 8.260943e+03 1.409032e+04 2.55598 4.659795e-01
8.250000e-01 2.590970e+00 2.272571e+00 2.679648e+00 1.125298e+01 8.279715e+03 1.407964e+04 2.55983 4.669583e-01
8.240000e-01 2.590970e+00 2.272660e+00 2.679587e+00 1.125582e+01 8.304738e+03 1.407657e+04 2.56174 4.686823e-01
8.230000e-01 2.590970e+00 2.274572e+00 2.681802e+00 1.126373e+01 8.323290e+03 1.406585e+04 2.56561 4.696497e-01
8.220000e-01 2.590970e+00 2.274654e+00 2.681732e+00 1.126658e+01 8.348128e+03 1.406279e+04 2.5675 4.713639e-01
8.210000e-01 2.590970e+00 2.276577e+00 2.683961e+00 1.127453e+01 8.366478e+03 1.405202e+04 2.57142 4.723221e-01
8.200000e-01 2.590970e+00 2.276655e+00 2.683888e+00 1.127740e+01 8.391172e+03 1.404896e+04 2.5733 4.740295e-01
8.190000e-01 2.590970e+00 2.278588e+00 2.686128e+00 1.128540e+01 8.409316e+03 1.403814e+04 2.57725 4.749773e-01
8.180000e-01 2.590970e+00 2.278658e+00 2.686045e+00 1.128827e+01 8.433832e+03 1.403509e+04 2.5791 4.766755e-01
8.170000e-01 2.590970e+00 2.280602e+00 2.688299e+00 1.129632e+01 8.451758e+03 1.402422e+04 2.5831 4.776129e-01
8.160000e-01 2.590970e+00 2.280660e+00 2.688200e+00 1.129919e+01 8.476078e+03 1.402118e+04 2.58492 4.793007e-01
8.150000e-01 2.590970e+00 2.282615e+00 2.690466e+00 1.130728e+01 8.493686e+03 1.401028e+04 2.58895 4.802226e-01
8.140000e-01 2.590970e+00 2.282654e+00 2.690344e+00 1.131014e+01 8.517770e+03 1.400726e+04 2.59073 4.818970e-01
8.130000e-01 2.590970e+00 2.284626e+00 2.692628e+00 1.131828e+01 8.535158e+03 1.399630e+04 2.59482 4.828100e-01
8.120000e-01 2.590970e+00 2.284666e+00 2.692508e+00 1.132117e+01 8.559166e+03 1.399327e+04 2.59661 4.844839e-01
8.110000e-01 2.590970e+00 2.286649e+00 2.694805e+00 1.132939e+01 8.576462e+03 1.398222e+04 2.60073 4.853915e-01
8.100000e-01 2.590970e+00 2.286692e+00 2.694690e+00 1.133231e+01 8.600393e+03 1.397918e+04 2.60253 4.870643e-01
8.090000e-01 2.590970e+00 2.288685e+00 2.697000e+00 1.134058e+01 8.617573e+03 1.396806e+04 2.60668 4.879650e-01
8.080000e-01 2.590970e+00 2.288727e+00 2.696885e+00 1.134352e+01 8.641388e+03 1.396501e+04 2.60848 4.896333e-01
8.070000e-01 2.590970e+00 2.290729e+00 2.699205e+00 1.135185e+01 8.658390e+03 1.395382e+04 2.61266 4.905240e-01
8.060000e-01 2.590970e+00 2.290762e+00 2.699081e+00 1.135480e+01 8.682035e+03 1.395078e+04 2.61444 4.921836e-01
8.050000e-01 2.590970e+00 2.292777e+00 2.701416e+00 1.136318e+01 8.698832e+03 1.393954e+04 2.61866 4.930643e-01
8.040000e-01 2.590970e+00 2.292803e+00 2.701285e+00 1.136614e+01 8.722342e+03 1.393650e+04 2.62042 4.947181e-01
8.030000e-01 2.590970e+00 2.294829e+00 2.703634e+00 1.137457e+01 8.738957e+03 1.392520e+04 2.62468 4.955894e-01
8.020000e-01 2.590970e+00 2.294849e+00 2.703496e+00 1.137754e+01 8.762315e+03 1.392216e+04 2.62642 4.972359e-01
8.010000e-01 2.590970e+00 2.296886e+00 2.705857e+00 1.138603e+01 8.778720e+03 1.391080e+04 2.63072 4.980967e-01
8.000000e-01 2.590970e+00 2.296895e+00 2.705706e+00 1.138900e+01 8.801917e+03 1.390777e+04 2.63243 4.997353e-01
7.990000e-01 2.590970e+00 2.298943e+00 2.708080e+00 1.139753e+01 8.818052e+03 1.389637e+04 2.63677 5.005824e-01
7.980000e-01 2.590970e+00 2.298930e+00 2.707901e+00 1.140050e+01 8.841016e+03 1.389335e+04 2.63843 5.022080e-01
7.970000e-01 2.590970e+00 2.301038e+00 2.710353e+00 1.140917e+01 8.856858e+03 1.388178e+04 2.64288 5.030326e-01
7.960000e-01 2.590970e+00 2.300993e+00 2.710132e+00 1.141209e+01 8.879739e+03 1.387884e+04 2.6445 5.046617e-01
7.950000e-01 2.590970e+00 2.303099e+00 2.712578e+00 1.142081e+01 8.895487e+03 1.386722e+04 2.64897 5.054852e-01
7.940000e-01 2.590970e+00 2.303055e+00 2.712360e+00 1.142376e+01 8.918301e+03 1.386426e+04 2.65061 5.071142e-01
7.930000e-01 2.590970e+00 2.305173e+00 2.714820e+00 1.143256e+01 8.933941e+03 1.385255e+04 2.6551 5.079308e-01
7.920000e-01 2.590970e+00 2.305127e+00 2.714601e+00 1.143553e+01 8.956660e+03 1.384957e+04 2.65674 5.095572e-01
7.910000e-01 2.590970e+00 2.307255e+00 2.717074e+00 1.144439e+01 8.972142e+03 1.383779e+04 2.66127 5.103645e-01
7.900000e-01 2.590970e+00 2.307200e+00 2.716846e+00 1.144737e+01 8.994713e+03 1.383482e+04 2.66289 5.119840e-01
7.890000e-01 2.590970e+00 2.309340e+00 2.719333e+00 1.145628e+01 9.009990e+03 1.382298e+04 2.66745 5.127806e-01
7.880000e-01 2.590970e+00 2.309278e+00 2.719097e+00 1.145927e+01 9.032435e+03 1.382001e+04 2.66905 5.143949e-01
7.870000e-01 2.590970e+00 2.311431e+00 2.721600e+00 1.146825e+01 9.047546e+03 1.380809e+04 2.67365 5.151826e-01
7.860000e-01 2.590970e+00 2.311358e+00 2.721352e+00 1.147125e+01 9.069853e+03 1.380512e+04 2.67524 5.167910e-01
7.850000e-01 2.590970e+00 2.313524e+00 2.723870e+00 1.148028e+01 9.084763e+03 1.379314e+04 2.67987 5.175679e-01
7.840000e-01 2.590970e+00 2.313440e+00 2.723608e+00 1.148329e+01 9.106927e+03 1.379017e+04 2.68143 5.191699e-01
7.830000e-01 2.590970e+00 2.315618e+00 2.726140e+00 1.149237e+01 9.121593e+03 1.377813e+04 2.68611 5.199339e-01
7.820000e-01 2.590970e+00 2.315511e+00 2.725851e+00 1.149537e+01 9.143541e+03 1.377518e+04 2.68761 5.215242e-01
7.810000e-01 2.590970e+00 2.317705e+00 2.728400e+00 1.150450e+01 9.157931e+03 1.376308e+04 2.69235 5.222748e-01
7.800000e-01 2.590970e+00 2.317589e+00 2.728099e+00 1.150751e+01 9.179764e+03 1.376013e+04 2.69383 5.238616e-01
7.790000e-01 2.590970e+00 2.319799e+00 2.730668e+00 1.151673e+01 9.194048e+03 1.374794e+04 2.69861 5.246068e-01
7.780000e-01 2.590970e+00 2.319681e+00 2.730367e+00 1.151977e+01 9.215817e+03 1.374496e+04 2.70011 5.261939e-01
7.770000e-01 2.590970e+00 2.321904e+00 2.732951e+00 1.152907e+01 9.229990e+03 1.373267e+04 2.70492 5.269315e-01
7.760000e-01 2.590970e+00 2.321783e+00 2.732648e+00 1.153213e+01 9.251673e+03 1.372968e+04 2.70642 5.285169e-01
7.750000e-01 2.590970e+00 2.324017e+00 2.735245e+00 1.154150e+01 9.265696e+03 1.371730e+04 2.71125 5.292451e-01
7.740000e-01 2.590970e+00 2.323886e+00 2.734931e+00 1.154457e+01 9.287246e+03 1.371431e+04 2.71273 5.308248e-01
7.730000e-01 2.590970e+00 2.326132e+00 2.737543e+00 1.155400e+01 9.301070e+03 1.370185e+04 2.7176 5.315419e-01
7.720000e-01 2.590970e+00 2.325992e+00 2.737219e+00 1.155708e+01 9.322502e+03 1.369886e+04 2.71906 5.331172e-01
7.710000e-01 2.590970e+00 2.328251e+00 2.739848e+00 1.156658e+01 9.336166e+03 1.368632e+04 2.72398 5.338254e-01
7.700000e-01 2.590970e+00 2.328100e+00 2.739512e+00 1.156968e+01 9.357470e+03 1.368332e+04 2.72541 5.353957e-01
7.690000e-01 2.590970e+00 2.330373e+00 2.742156e+00 1.157924e+01 9.370940e+03 1.367071e+04 2.73036 5.360928e-01
7.680000e-01 2.590970e+00 2.330207e+00 2.741802e+00 1.158234e+01 9.392108e+03 1.366771e+04 2.73177 5.376575e-01
7.670000e-01 2.590970e+00 2.332494e+00 2.744462e+00 1.159196e+01 9.405337e+03 1.365503e+04 2.73676 5.383413e-01
7.660000e-01 2.590970e+00 2.332305e+00 2.744080e+00 1.159505e+01 9.426303e+03 1.365205e+04 2.73811 5.398954e-01
7.650000e-01 2.590970e+00 2.334608e+00 2.746758e+00 1.160473e+01 9.439264e+03 1.363930e+04 2.74316 5.405658e-01
7.640000e-01 2.590970e+00 2.334407e+00 2.746362e+00 1.160782e+01 9.460125e+03 1.363632e+04 2.74449 5.421172e-01
7.630000e-01 2.590970e+00 2.336727e+00 2.749060e+00 1.161760e+01 9.472985e+03 1.362346e+04 2.74958 5.427816e-01
7.620000e-01 2.590970e+00 2.336520e+00 2.748659e+00 1.162072e+01 9.493780e+03 1.362045e+04 2.75092 5.443336e-01
7.610000e-01 2.590970e+00 2.338896e+00 2.751432e+00 1.163067e+01 9.506488e+03 1.360735e+04 2.75609 5.449781e-01
7.600000e-01 2.590970e+00 2.338661e+00 2.750995e+00 1.163376e+01 9.527224e+03 1.360440e+04 2.7574 5.465351e-01
7.590000e-01 2.590970e+00 2.341031e+00 2.753756e+00 1.164376e+01 9.539784e+03 1.359125e+04 2.76257 5.471739e-01
7.580000e-01 2.590970e+00 2.340783e+00 2.753304e+00 1.164685e+01 9.560392e+03 1.358830e+04 2.76385 5.487259e-01
7.570000e-01 2.590970e+00 2.343168e+00 2.756084e+00 1.165692e+01 9.572769e+03 1.357507e+04 2.76907 5.493538e-01
7.560000e-01 2.590970e+00 2.342905e+00 2.755615e+00 1.166002e+01 9.593268e+03 1.357210e+04 2.77032 5.509028e-01
7.550000e-01 2.590970e+00 2.345306e+00 2.758415e+00 1.167017e+01 9.605479e+03 1.355877e+04 2.77558 5.515202e-01
7.540000e-01 2.590970e+00 2.345033e+00 2.757936e+00 1.167328e+01 9.625859e+03 1.355580e+04 2.77681 5.530646e-01
7.530000e-01 2.590970e+00 2.347445e+00 2.760748e+00 1.168349e+01 9.637877e+03 1.354237e+04 2.78211 5.536707e-01
7.520000e-01 2.590970e+00 2.347152e+00 2.760244e+00 1.168661e+01 9.658122e+03 1.353940e+04 2.7833 5.552099e-01
7.510000e-01 2.590970e+00 2.349581e+00 2.763076e+00 1.169689e+01 9.669891e+03 1.352590e+04 2.78863 5.558012e-01
7.500000e-01 2.590970e+00 2.349262e+00 2.762540e+00 1.169999e+01 9.689941e+03 1.352294e+04 2.78976 5.573307e-01
7.490000e-01 2.590970e+00 2.351708e+00 2.765391e+00 1.171033e+01 9.701477e+03 1.350936e+04 2.79515 5.579097e-01
7.480000e-01 2.590970e+00 2.351378e+00 2.764842e+00 1.171345e+01 9.721448e+03 1.350639e+04 2.79627 5.594390e-01
7.470000e-01 2.590970e+00 2.353842e+00 2.767714e+00 1.172390e+01 9.732876e+03 1.349268e+04 2.8017 5.600104e-01
7.460000e-01 2.590970e+00 2.353504e+00 2.767158e+00 1.172704e+01 9.752777e+03 1.348968e+04 2.80282 5.615398e-01
7.450000e-01 2.590970e+00 2.355982e+00 2.770047e+00 1.173758e+01 9.764079e+03 1.347584e+04 2.80828 5.621017e-01
7.440000e-01 2.590970e+00 2.355634e+00 2.769480e+00 1.174074e+01 9.783895e+03 1.347283e+04 2.80938 5.636298e-01
7.430000e-01 2.590970e+00 2.355959e+00 2.769697e+00 1.174514e+01 9.801887e+03 1.346823e+04 2.81233 5.651027e-01
7.420000e-01 2.590970e+00 2.359197e+00 2.773557e+00 1.175828e+01 9.810374e+03 1.345038e+04 2.81818 5.652136e-01
7.410000e-01 2.590970e+00 2.358823e+00 2.772960e+00 1.176145e+01 9.830020e+03 1.344736e+04 2.81923 5.667361e-01
7.400000e-01 2.590970e+00 2.359135e+00 2.773162e+00 1.176588e+01 9.847836e+03 1.344272e+04 2.82216 5.682029e-01
7.390000e-01 2.590970e+00 2.362412e+00 2.777068e+00 1.177920e+01 9.856032e+03 1.342464e+04 2.82809 5.682922e-01
7.380000e-01 2.590970e+00 2.362015e+00 2.776446e+00 1.178238e+01 9.875513e+03 1.342160e+04 2.8291 5.698097e-01
7.370000e-01 2.590970e+00 2.362306e+00 2.776623e+00 1.178682e+01 9.893136e+03 1.341695e+04 2.83199 5.712690e-01
7.360000e-01 2.590970e+00 2.365622e+00 2.780575e+00 1.180030e+01 9.900961e+03 1.339866e+04 2.83802 5.713330e-01
7.350000e-01 2.590970e+00 2.366713e+00 2.781773e+00 1.180743e+01 9.915707e+03 1.338985e+04 2.84134 5.723255e-01
7.340000e-01 2.590970e+00 2.367779e+00 2.782936e+00 1.181452e+01 9.930368e+03 1.338113e+04 2.84465 5.733220e-01
7.330000e-01 2.590970e+00 2.368844e+00 2.784098e+00 1.182163e+01 9.944987e+03 1.337237e+04 2.84796 5.743174e-01
7.320000e-01 2.590970e+00 2.369911e+00 2.785262e+00 1.182878e+01 9.959563e+03 1.336356e+04 2.85127 5.753107e-01
7.310000e-01 2.590970e+00 2.370979e+00 2.786428e+00 1.183596e+01 9.974085e+03 1.335471e+04 2.8546 5.763014e-01
7.300000e-01 2.590970e+00 2.372048e+00 2.787597e+00 1.184317e+01 9.988555e+03 1.334583e+04 2.85792 5.772897e-01
7.290000e-01 2.590970e+00 2.373118e+00 2.788767e+00 1.185041e+01 1.000297e+04 1.333690e+04 2.86126 5.782751e-01
7.280000e-01 2.590970e+00 2.374187e+00 2.789936e+00 1.185767e+01 1.001730e+04 1.332795e+04 2.86459 5.792559e-01
7.270000e-01 2.590970e+00 2.375255e+00 2.791105e+00 1.186496e+01 1.003156e+04 1.331897e+04 2.86792 5.802327e-01
7.260000e-01 2.590970e+00 2.376324e+00 2.792275e+00 1.187228e+01 1.004575e+04 1.330995e+04 2.87126 5.812062e-01
7.250000e-01 2.590970e+00 2.377392e+00 2.793446e+00 1.187962e+01 1.005987e+04 1.330090e+04 2.8746 5.821766e-01
7.240000e-01 2.590970e+00 2.378460e+00 2.794615e+00 1.188698e+01 1.007392e+04 1.329182e+04 2.87793 5.831426e-01
7.230000e-01 2.590970e+00 2.379527e+00 2.795784e+00 1.189438e+01 1.008789e+04 1.328270e+04 2.88127 5.841048e-01
7.220000e-01 2.590970e+00 2.380594e+00 2.796953e+00 1.190179e+01 1.010177e+04 1.327356e+04 2.88462 5.850626e-01
7.210000e-01 2.590970e+00 2.381658e+00 2.798120e+00 1.190922e+01 1.011555e+04 1.326440e+04 2.88796 5.860151e-01
7.200000e-01 2.590970e+00 2.382719e+00 2.799280e+00 1.191667e+01 1.012921e+04 1.325522e+04 2.89129 5.869610e-01
7.190000e-01 2.590970e+00 2.383777e+00 2.800438e+00 1.192413e+01 1.014278e+04 1.324602e+04 2.89462 5.879020e-01
7.180000e-01 2.590970e+00 2.384835e+00 2.801596e+00 1.193163e+01 1.015629e+04 1.323678e+04 2.89796 5.888411e-01
7.170000e-01 2.590970e+00 2.385894e+00 2.802757e+00 1.193916e+01 1.016976e+04 1.322749e+04 2.9013 5.897782e-01
7.160000e-01 2.590970e+00 2.386955e+00 2.803919e+00 1.194673e+01 1.018317e+04 1.321816e+04 2.90465 5.907123e-01
7.150000e-01 2.590970e+00 2.388016e+00 2.805083e+00 1.195434e+01 1.019652e+04 1.320879e+04 2.90801 5.916437e-01
7.140000e-01 2.590970e+00 2.389077e+00 2.806247e+00 1.196198e+01 1.020982e+04 1.319937e+04 2.91136 5.925722e-01
7.130000e-01 2.590970e+00 2.390137e+00 2.807412e+00 1.196965e+01 1.022303e+04 1.318992e+04 2.91472 5.934962e-01
7.120000e-01 2.590970e+00 2.391235e+00 2.808629e+00 1.197743e+01 1.023613e+04 1.318033e+04 2.91812 5.944044e-01
7.110000e-01 2.590970e+00 2.392295e+00 2.809795e+00 1.198515e+01 1.024920e+04 1.317081e+04 2.92148 5.953203e-01
7.100000e-01 2.590970e+00 2.393353e+00 2.810958e+00 1.199291e+01 1.026220e+04 1.316125e+04 2.92484 5.962332e-01
7.090000e-01 2.590970e+00 2.394411e+00 2.812121e+00 1.200069e+01 1.027512e+04 1.315165e+04 2.9282 5.971420e-01
7.080000e-01 2.590970e+00 2.395466e+00 2.813283e+00 1.200849e+01 1.028797e+04 1.314202e+04 2.93156 5.980465e-01
7.070000e-01 2.590970e+00 2.396520e+00 2.814443e+00 1.201633e+01 1.030073e+04 1.313236e+04 2.93491 5.989466e-01
7.060000e-01 2.590970e+00 2.397572e+00 2.815599e+00 1.202418e+01 1.031339e+04 1.312268e+04 2.93826 5.998409e-01
7.050000e-01 2.590970e+00 2.398618e+00 2.816749e+00 1.203204e+01 1.032592e+04 1.311298e+04 2.94161 6.007288e-01
7.040000e-01 2.590970e+00 2.399662e+00 2.817895e+00 1.203992e+01 1.033837e+04 1.310325e+04 2.94495 6.016119e-01
7.030000e-01 2.590970e+00 2.400705e+00 2.819041e+00 1.204785e+01 1.035077e+04 1.309346e+04 2.94829 6.024929e-01
7.020000e-01 2.590970e+00 2.401749e+00 2.820188e+00 1.205581e+01 1.036312e+04 1.308362e+04 2.95163 6.033713e-01
7.010000e-01 2.590970e+00 2.402792e+00 2.821335e+00 1.206381e+01 1.037541e+04 1.307373e+04 2.95498 6.042463e-01
7.000000e-01 2.590970e+00 2.403835e+00 2.822483e+00 1.207185e+01 1.038764e+04 1.306379e+04 2.95832 6.051182e-01
6.990000e-01 2.590970e+00 2.404877e+00 2.823630e+00 1.207992e+01 1.039982e+04 1.305380e+04 2.96166 6.059865e-01
6.980000e-01 2.590970e+00 2.405917e+00 2.824775e+00 1.208802e+01 1.041190e+04 1.304378e+04 2.965 6.068500e-01
6.970000e-01 2.590970e+00 2.406954e+00 2.825917e+00 1.209615e+01 1.042391e+04 1.303371e+04 2.96834 6.077091e-01
6.960000e-01 2.590970e+00 2.407991e+00 2.827059e+00 1.210431e+01 1.043586e+04 1.302360e+04 2.97167 6.085646e-01
6.950000e-01 2.590970e+00 2.409026e+00 2.828200e+00 1.211250e+01 1.044774e+04 1.301344e+04 2.975 6.094162e-01
6.940000e-01 2.590970e+00 2.410057e+00 2.829336e+00 1.212072e+01 1.045953e+04 1.300323e+04 2.97833 6.102631e-01
6.930000e-01 2.590970e+00 2.411088e+00 2.830471e+00 1.212897e+01 1.047125e+04 1.299299e+04 2.98165 6.111053e-01
6.920000e-01 2.590970e+00 2.412115e+00 2.831603e+00 1.213725e+01 1.048288e+04 1.298271e+04 2.98496 6.119427e-01
6.910000e-01 2.590970e+00 2.413137e+00 2.832728e+00 1.214554e+01 1.049439e+04 1.297240e+04 2.98827 6.127731e-01
6.900000e-01 2.590970e+00 2.414153e+00 2.833846e+00 1.215384e+01 1.050579e+04 1.296207e+04 2.99156 6.135974e-01
6.890000e-01 2.590970e+00 2.415168e+00 2.834961e+00 1.216218e+01 1.051713e+04 1.295169e+04 2.99484 6.144181e-01
6.880000e-01 2.590970e+00 2.416181e+00 2.836076e+00 1.217057e+01 1.052841e+04 1.294125e+04 2.99813 6.152363e-01
6.870000e-01 2.590970e+00 2.417193e+00 2.837189e+00 1.217899e+01 1.053963e+04 1.293075e+04 3.00142 6.160507e-01
6.860000e-01 2.590970e+00 2.418240e+00 2.838353e+00 1.218755e+01 1.055076e+04 1.292008e+04 3.00474 6.168498e-01
6.850000e-01 2.590970e+00 2.419252e+00 2.839468e+00 1.219606e+01 1.056186e+04 1.290946e+04 3.00803 6.176568e-01
6.840000e-01 2.590970e+00 2.420259e+00 2.840578e+00 1.220460e+01 1.057288e+04 1.289881e+04 3.0113 6.184595e-01
6.830000e-01 2.590970e+00 2.421264e+00 2.841687e+00 1.221317e+01 1.058382e+04 1.288811e+04 3.01458 6.192575e-01
6.820000e-01 2.590970e+00 2.422267e+00 2.842792e+00 1.222177e+01 1.059468e+04 1.287736e+04 3.01784 6.200512e-01
6.810000e-01 2.590970e+00 2.423266e+00 2.843896e+00 1.223042e+01 1.060547e+04 1.286656e+04 3.0211 6.208411e-01
6.800000e-01 2.590970e+00 2.424265e+00 2.844999e+00 1.223910e+01 1.061620e+04 1.285572e+04 3.02436 6.216268e-01
6.790000e-01 2.590970e+00 2.425260e+00 2.846098e+00 1.224781e+01 1.062683e+04 1.284483e+04 3.02761 6.224075e-01
6.780000e-01 2.590970e+00 2.426251e+00 2.847193e+00 1.225655e+01 1.063737e+04 1.283391e+04 3.03086 6.231832e-01
6.770000e-01 2.590970e+00 2.427238e+00 2.848282e+00 1.226531e+01 1.064781e+04 1.282295e+04 3.03409 6.239527e-01
6.760000e-01 2.590970e+00 2.428218e+00 2.849364e+00 1.227409e+01 1.065813e+04 1.281196e+04 3.03731 6.247154e-01
6.750000e-01 2.590970e+00 2.429194e+00 2.850440e+00 1.228289e+01 1.066837e+04 1.280094e+04 3.04052 6.254732e-01
6.740000e-01 2.590970e+00 2.430168e+00 2.851514e+00 1.229175e+01 1.067855e+04 1.278984e+04 3.04373 6.262282e-01
6.730000e-01 2.590970e+00 2.431140e+00 2.852585e+00 1.230065e+01 1.068867e+04 1.277868e+04 3.04693 6.269790e-01
6.720000e-01 2.590970e+00 2.432108e+00 2.853654e+00 1.230959e+01 1.069872e+04 1.276745e+04 3.05012 6.277257e-01
6.710000e-01 2.590970e+00 2.433075e+00 2.854721e+00 1.231858e+01 1.070871e+04 1.275617e+04 3.0533 6.284685e-01
6.700000e-01 2.590970e+00 2.434038e+00 2.855785e+00 1.232761e+01 1.071862e+04 1.274482e+04 3.05648 6.292065e-01
6.690000e-01 2.590970e+00 2.434996e+00 2.856844e+00 1.233667e+01 1.072845e+04 1.273342e+04 3.05964 6.299390e-01
6.680000e-01 2.590970e+00 2.435952e+00 2.857900e+00 1.234576e+01 1.073820e+04 1.272198e+04 3.0628 6.306667e-01
6.670000e-01 2.590970e+00 2.436902e+00 2.858950e+00 1.235490e+01 1.074788e+04 1.271046e+04 3.06594 6.313899e-01
6.660000e-01 2.590970e+00 2.437850e+00 2.859998e+00 1.236408e+01 1.075749e+04 1.269889e+04 3.06907 6.321084e-01
6.650000e-01 2.590970e+00 2.438827e+00 2.861089e+00 1.237338e+01 1.076696e+04 1.268716e+04 3.07224 6.328096e-01
6.640000e-01 2.590970e+00 2.439767e+00 2.862128e+00 1.238263e+01 1.077639e+04 1.267548e+04 3.07535 6.335163e-01
6.630000e-01 2.590970e+00 2.440699e+00 2.863159e+00 1.239190e+01 1.078571e+04 1.266377e+04 3.07844 6.342172e-01
6.620000e-01 2.590970e+00 2.441625e+00 2.864180e+00 1.240118e+01 1.079492e+04 1.265203e+04 3.08151 6.349110e-01
6.610000e-01 2.590970e+00 2.442545e+00 2.865195e+00 1.241050e+01 1.080403e+04 1.264024e+04 3.08458 6.355993e-01
6.600000e-01 2.590970e+00 2.443461e+00 2.866206e+00 1.241987e+01 1.081308e+04 1.262838e+04 3.08763 6.362843e-01
6.590000e-01 2.590970e+00 2.444374e+00 2.867215e+00 1.242929e+01 1.082207e+04 1.261645e+04 3.09067 6.369648e-01
6.580000e-01 2.590970e+00 2.445283e+00 2.868219e+00 1.243876e+01 1.083098e+04 1.260445e+04 3.09371 6.376405e-01
6.570000e-01 2.590970e+00 2.446189e+00 2.869221e+00 1.244828e+01 1.083983e+04 1.259238e+04 3.09673 6.383121e-01
6.560000e-01 2.590970e+00 2.447090e+00 2.870218e+00 1.245784e+01 1.084859e+04 1.258025e+04 3.09974 6.389786e-01
6.550000e-01 2.590970e+00 2.447986e+00 2.871211e+00 1.246744e+01 1.085727e+04 1.256807e+04 3.10274 6.396393e-01
6.540000e-01 2.590970e+00 2.448878e+00 2.872198e+00 1.247708e+01 1.086586e+04 1.255583e+04 3.10573 6.402949e-01
6.530000e-01 2.590970e+00 2.449765e+00 2.873180e+00 1.248677e+01 1.087437e+04 1.254353e+04 3.1087 6.409459e-01
6.520000e-01 2.590970e+00 2.450648e+00 2.874160e+00 1.249650e+01 1.088281e+04 1.253116e+04 3.11166 6.415919e-01
6.510000e-01 2.590970e+00 2.451525e+00 2.875133e+00 1.250628e+01 1.089115e+04 1.251874e+04 3.11461 6.422319e-01
6.500000e-01 2.590970e+00 2.452396e+00 2.876098e+00 1.251609e+01 1.089939e+04 1.250627e+04 3.11754 6.428659e-01
6.490000e-01 2.590970e+00 2.453260e+00 2.877056e+00 1.252593e+01 1.090753e+04 1.249376e+04 3.12045 6.434932e-01
6.480000e-01 2.590970e+00 2.454116e+00 2.878005e+00 1.253579e+01 1.091556e+04 1.248121e+04 3.12334 6.441134e-01
6.470000e-01 2.590970e+00 2.454965e+00 2.878943e+00 1.254568e+01 1.092348e+04 1.246861e+04 3.12621 6.447277e-01
6.460000e-01 2.590970e+00 2.455842e+00 2.879923e+00 1.255573e+01 1.093131e+04 1.245581e+04 3.12911 6.453264e-01
6.450000e-01 2.590970e+00 2.456682e+00 2.880855e+00 1.256574e+01 1.093909e+04 1.244305e+04 3.13195 6.459308e-01
6.440000e-01 2.590970e+00 2.457517e+00 2.881779e+00 1.257581e+01 1.094681e+04 1.243020e+04 3.13478 6.465305e-01
6.430000e-01 2.590970e+00 2.458345e+00 2.882698e+00 1.258592e+01 1.095445e+04 1.241728e+04 3.13759 6.471247e-01
6.420000e-01 2.590970e+00 2.459167e+00 2.883609e+00 1.259609e+01 1.096200e+04 1.240429e+04 3.14037 6.477126e-01
6.410000e-01 2.590970e+00 2.459981e+00 2.884512e+00 1.260629e+01 1.096947e+04 1.239123e+04 3.14313 6.482942e-01
6.400000e-01 2.590970e+00 2.460789e+00 2.885408e+00 1.261654e+01 1.097685e+04 1.237811e+04 3.14587 6.488699e-01
6.390000e-01 2.590970e+00 2.461590e+00 2.886298e+00 1.262685e+01 1.098415e+04 1.236490e+04 3.1486 6.494401e-01
6.380000e-01 2.590970e+00 2.462386e+00 2.887181e+00 1.263720e+01 1.099136e+04 1.235163e+04 3.1513 6.500043e-01
6.370000e-01 2.590970e+00 2.463174e+00 2.888057e+00 1.264760e+01 1.099847e+04 1.233830e+04 3.15398 6.505622e-01
6.360000e-01 2.590970e+00 2.463955e+00 2.888923e+00 1.265803e+01 1.100548e+04 1.232491e+04 3.15664 6.511133e-01
6.350000e-01 2.590970e+00 2.464726e+00 2.889780e+00 1.266849e+01 1.101238e+04 1.231149e+04 3.15928 6.516568e-01
6.340000e-01 2.590970e+00 2.465489e+00 2.890625e+00 1.267898e+01 1.101916e+04 1.229803e+04 3.16189 6.521932e-01
6.330000e-01 2.590970e+00 2.466244e+00 2.891461e+00 1.268952e+01 1.102586e+04 1.228448e+04 3.16448 6.527242e-01
6.320000e-01 2.590970e+00 2.466993e+00 2.892291e+00 1.270013e+01 1.103249e+04 1.227084e+04 3.16704 6.532498e-01
6.310000e-01 2.590970e+00 2.467764e+00 2.893155e+00 1.271089e+01 1.103899e+04 1.225701e+04 3.16962 6.537575e-01
6.300000e-01 2.590970e+00 2.468500e+00 2.893971e+00 1.272162e+01 1.104545e+04 1.224319e+04 3.17214 6.542701e-01
6.290000e-01 2.590970e+00 2.469226e+00 2.894778e+00 1.273240e+01 1.105184e+04 1.222929e+04 3.17463 6.547767e-01
6.280000e-01 2.590970e+00 2.469942e+00 2.895573e+00 1.274323e+01 1.105812e+04 1.221531e+04 3.17709 6.552756e-01
6.270000e-01 2.590970e+00 2.470650e+00 2.896358e+00 1.275411e+01 1.106431e+04 1.220126e+04 3.17951 6.557675e-01
6.260000e-01 2.590970e+00 2.471349e+00 2.897135e+00 1.276505e+01 1.107042e+04 1.218712e+04 3.18191 6.562532e-01
6.250000e-01 2.590970e+00 2.472040e+00 2.897902e+00 1.277604e+01 1.107644e+04 1.217290e+04 3.18428 6.567319e-01
6.240000e-01 2.590970e+00 2.472723e+00 2.898661e+00 1.278708e+01 1.108236e+04 1.215861e+04 3.18663 6.572036e-01
6.230000e-01 2.590970e+00 2.473396e+00 2.899408e+00 1.279817e+01 1.108818e+04 1.214425e+04 3.18894 6.576681e-01
6.220000e-01 2.590970e+00 2.474060e+00 2.900146e+00 1.280930e+01 1.109389e+04 1.212984e+04 3.19123 6.581252e-01
6.210000e-01 2.590970e+00 2.474714e+00 2.900871e+00 1.282045e+01 1.109947e+04 1.211540e+04 3.19349 6.585744e-01
6.200000e-01 2.590970e+00 2.475359e+00 2.901585e+00 1.283166e+01 1.110495e+04 1.210089e+04 3.19572 6.590172e-01
6.190000e-01 2.590970e+00 2.475995e+00 2.902291e+00 1.284294e+01 1.111036e+04 1.208628e+04 3.19793 6.594543e-01
6.180000e-01 2.590970e+00 2.476623e+00 2.902988e+00 1.285428e+01 1.111567e+04 1.207158e+04 3.20011 6.598846e-01
6.170000e-01 2.590970e+00 2.477269e+00 2.903713e+00 1.286578e+01 1.112085e+04 1.205667e+04 3.20228 6.602961e-01
6.160000e-01 2.590970e+00 2.477880e+00 2.904393e+00 1.287727e+01 1.112599e+04 1.204177e+04 3.2044 6.607117e-01
6.150000e-01 2.590970e+00 2.478479e+00 2.905059e+00 1.288881e+01 1.113103e+04 1.202680e+04 3.20648 6.611202e-01
6.140000e-01 2.590970e+00 2.479069e+00 2.905715e+00 1.290040e+01 1.113596e+04 1.201175e+04 3.20853 6.615211e-01
6.130000e-01 2.590970e+00 2.479649e+00 2.906361e+00 1.291206e+01 1.114081e+04 1.199661e+04 3.21054 6.619152e-01
6.120000e-01 2.590970e+00 2.480219e+00 2.906996e+00 1.292379e+01 1.114556e+04 1.198137e+04 3.21253 6.623023e-01
6.110000e-01 2.590970e+00 2.480780e+00 2.907622e+00 1.293557e+01 1.115021e+04 1.196606e+04 3.21448 6.626818e-01
6.100000e-01 2.590970e+00 2.481330e+00 2.908235e+00 1.294741e+01 1.115476e+04 1.195069e+04 3.2164 6.630533e-01
6.090000e-01 2.590970e+00 2.481868e+00 2.908834e+00 1.295929e+01 1.115919e+04 1.193524e+04 3.21828 6.634164e-01
6.080000e-01 2.590970e+00 2.482393e+00 2.909418e+00 1.297120e+01 1.116350e+04 1.191975e+04 3.22011 6.637704e-01
6.070000e-01 2.590970e+00 2.482905e+00 2.909985e+00 1.298316e+01 1.116770e+04 1.190419e+04 3.22191 6.641159e-01
6.060000e-01 2.590970e+00 2.483405e+00 2.910539e+00 1.299520e+01 1.117181e+04 1.188850e+04 3.22366 6.644541e-01
6.050000e-01 2.590970e+00 2.483921e+00 2.911118e+00 1.300740e+01 1.117578e+04 1.187260e+04 3.2254 6.647727e-01
6.040000e-01 2.590970e+00 2.484400e+00 2.911651e+00 1.301960e+01 1.117970e+04 1.185670e+04 3.22707 6.650942e-01
6.030000e-01 2.590970e+00 2.484866e+00 2.912169e+00 1.303186e+01 1.118353e+04 1.184069e+04 3.2287 6.654079e-01
6.020000e-01 2.590970e+00 2.485319e+00 2.912672e+00 1.304420e+01 1.118725e+04 1.182460e+04 3.23028 6.657127e-01
6.010000e-01 2.590970e+00 2.485762e+00 2.913163e+00 1.305659e+01 1.119087e+04 1.180842e+04 3.23183 6.660094e-01
6.000000e-01 2.590970e+00 2.486192e+00 2.913642e+00 1.306906e+01 1.119439e+04 1.179214e+04 3.23333 6.662983e-01
5.990000e-01 2.590970e+00 2.486611e+00 2.914108e+00 1.308161e+01 1.119781e+04 1.177576e+04 3.2348 6.665791e-01
5.980000e-01 2.590970e+00 2.487019e+00 2.914563e+00 1.309422e+01 1.120112e+04 1.175930e+04 3.23623 6.668518e-01
5.970000e-01 2.590970e+00 2.487415e+00 2.915005e+00 1.310689e+01 1.120431e+04 1.174277e+04 3.23762 6.671163e-01
5.960000e-01 2.590970e+00 2.487799e+00 2.915433e+00 1.311962e+01 1.120739e+04 1.172618e+04 3.23897 6.673721e-01
5.950000e-01 2.590970e+00 2.488170e+00 2.915845e+00 1.313239e+01 1.121035e+04 1.170953e+04 3.24028 6.676189e-01
5.940000e-01 2.590970e+00 2.488528e+00 2.916242e+00 1.314521e+01 1.121319e+04 1.169282e+04 3.24155 6.678579e-01
5.930000e-01 2.590970e+00 2.488901e+00 2.916664e+00 1.315821e+01 1.121588e+04 1.167589e+04 3.24281 6.680782e-01
5.920000e-01 2.590970e+00 2.489235e+00 2.917035e+00 1.317122e+01 1.121852e+04 1.165894e+04 3.244 6.682999e-01
5.910000e-01 2.590970e+00 2.489554e+00 2.917390e+00 1.318432e+01 1.122106e+04 1.164188e+04 3.24513 6.685130e-01
5.900000e-01 2.590970e+00 2.489860e+00 2.917732e+00 1.319749e+01 1.122350e+04 1.162470e+04 3.24621 6.687172e-01
5.890000e-01 2.590970e+00 2.490151e+00 2.918055e+00 1.321074e+01 1.122583e+04 1.160743e+04 3.24724 6.689111e-01
5.880000e-01 2.590970e+00 2.490427e+00 2.918362e+00 1.322406e+01 1.122804e+04 1.159006e+04 3.24821 6.690953e-01
5.870000e-01 2.590970e+00 2.490689e+00 2.918654e+00 1.323747e+01 1.123015e+04 1.157257e+04 3.24913 6.692703e-01
5.860000e-01 2.590970e+00 2.490935e+00 2.918927e+00 1.325096e+01 1.123215e+04 1.155497e+04 3.25 6.694351e-01
5.850000e-01 2.590970e+00 2.491166e+00 2.919184e+00 1.326452e+01 1.123404e+04 1.153727e+04 3.25081 6.695898e-01
5.840000e-01 2.590970e+00 2.491385e+00 2.919427e+00 1.327815e+01 1.123581e+04 1.151949e+04 3.25157 6.697355e-01
5.830000e-01 2.590970e+00 2.491590e+00 2.919655e+00 1.329184e+01 1.123746e+04 1.150167e+04 3.25229 6.698723e-01
5.820000e-01 2.590970e+00 2.491783e+00 2.919867e+00 1.330557e+01 1.123897e+04 1.148380e+04 3.25298 6.700005e-01
5.810000e-01 2.590970e+00 2.491988e+00 2.920100e+00 1.331948e+01 1.124032e+04 1.146573e+04 3.25366 6.701095e-01
5.800000e-01 2.590970e+00 2.492156e+00 2.920288e+00 1.333341e+01 1.124163e+04 1.144765e+04 3.25426 6.702213e-01
5.790000e-01 2.590970e+00 2.492309e+00 2.920457e+00 1.334743e+01 1.124281e+04 1.142945e+04 3.25481 6.703239e-01
5.780000e-01 2.590970e+00 2.492448e+00 2.920613e+00 1.336156e+01 1.124390e+04 1.141113e+04 3.25532 6.704175e-01
5.770000e-01 2.590970e+00 2.492572e+00 2.920752e+00 1.337577e+01 1.124487e+04 1.139270e+04 3.25576 6.705007e-01
5.760000e-01 2.590970e+00 2.492677e+00 2.920869e+00 1.339007e+01 1.124571e+04 1.137416e+04 3.25614 6.705727e-01
5.750000e-01 2.590970e+00 2.492768e+00 2.920971e+00 1.340446e+01 1.124645e+04 1.135552e+04 3.25647 6.706348e-01
5.740000e-01 2.590970e+00 2.492842e+00 2.921053e+00 1.341894e+01 1.124708e+04 1.133675e+04 3.25673 6.706861e-01
5.730000e-01 2.590970e+00 2.492897e+00 2.921113e+00 1.343352e+01 1.124758e+04 1.131787e+04 3.25692 6.707255e-01
5.720000e-01 2.590970e+00 2.492937e+00 2.921158e+00 1.344818e+01 1.124796e+04 1.129889e+04 3.25706 6.707547e-01
5.710000e-01 2.590970e+00 2.489686e+00 2.917570e+00 1.345148e+01 1.125958e+04 1.129508e+04 3.25272 6.723054e-01
5.700000e-01 2.590970e+00 2.492991e+00 2.921219e+00 1.347775e+01 1.124832e+04 1.126068e+04 3.25721 6.707777e-01
5.690000e-01 2.590970e+00 2.489658e+00 2.917532e+00 1.348100e+01 1.125983e+04 1.125689e+04 3.25269 6.723293e-01
5.692877e-01 2.590970e+00 2.492331e+00 2.920501e+00 1.348601e+01 1.125068e+04 1.125016e+04 3.25631 6.710900e-01
