1.000000e+00 2.754850e+00 2.120895e+00 2.519835e+00 1.037183e+01 0.000000e+00 1.588574e+04 0 0.000000e+00
9.990000e-01 2.754850e+00 2.122549e+00 2.521154e+00 1.038068e+01 6.423178e+02 1.578408e+04 2.10624 3.416875e-02
9.980000e-01 2.754850e+00 2.122570e+00 2.520885e+00 1.038227e+01 9.135687e+02 1.574707e+04 2.19864 5.072926e-02
9.970000e-01 2.754850e+00 2.123845e+00 2.522318e+00 1.038745e+01 1.117320e+03 1.571660e+04 2.11145 5.951140e-02
9.960000e-01 2.754850e+00 2.124030e+00 2.522295e+00 1.038929e+01 1.298301e+03 1.569252e+04 2.15463 7.055277e-02
9.950000e-01 2.754850e+00 2.125248e+00 2.523684e+00 1.039427e+01 1.452275e+03 1.566876e+04 2.11525 7.738896e-02
9.940000e-01 2.754850e+00 2.125532e+00 2.523824e+00 1.039622e+01 1.597582e+03 1.564980e+04 2.14407 8.626882e-02
9.930000e-01 2.754850e+00 2.126702e+00 2.525173e+00 1.040106e+01 1.725622e+03 1.562961e+04 2.11904 9.199397e-02
9.920000e-01 2.754850e+00 2.127027e+00 2.525382e+00 1.040305e+01 1.850122e+03 1.561362e+04 2.14064 9.960609e-02
9.910000e-01 2.754850e+00 2.128181e+00 2.526723e+00 1.040786e+01 1.961800e+03 1.559562e+04 2.12286 1.046276e-01
9.900000e-01 2.754850e+00 2.128522e+00 2.526962e+00 1.040987e+01 2.072136e+03 1.558163e+04 2.14006 1.113716e-01
9.890000e-01 2.754850e+00 2.129668e+00 2.528295e+00 1.041465e+01 2.171565e+03 1.556524e+04 2.12669 1.158621e-01
9.880000e-01 2.754850e+00 2.129993e+00 2.528512e+00 1.041665e+01 2.271110e+03 1.555277e+04 2.14073 1.219358e-01
9.870000e-01 2.754850e+00 2.131144e+00 2.529847e+00 1.042146e+01 2.361151e+03 1.553754e+04 2.13053 1.260297e-01
9.860000e-01 2.754850e+00 2.131465e+00 2.530058e+00 1.042348e+01 2.453070e+03 1.552615e+04 2.14265 1.316415e-01
9.850000e-01 2.754850e+00 2.132626e+00 2.531403e+00 1.042832e+01 2.536598e+03 1.551171e+04 2.13439 1.354515e-01
9.840000e-01 2.754850e+00 2.132946e+00 2.531612e+00 1.043035e+01 2.622346e+03 1.550118e+04 2.14506 1.406883e-01
9.830000e-01 2.754850e+00 2.134109e+00 2.532956e+00 1.043522e+01 2.700089e+03 1.548743e+04 2.13827 1.442427e-01
9.820000e-01 2.754850e+00 2.134418e+00 2.533149e+00 1.043724e+01 2.780648e+03 1.547762e+04 2.14776 1.491625e-01
9.810000e-01 2.754850e+00 2.135590e+00 2.534501e+00 1.044214e+01 2.853694e+03 1.546442e+04 2.14215 1.525137e-01
9.800000e-01 2.754850e+00 2.135884e+00 2.534671e+00 1.044417e+01 2.929730e+03 1.545525e+04 2.15063 1.571542e-01
9.790000e-01 2.754850e+00 2.137062e+00 2.536023e+00 1.044909e+01 2.998331e+03 1.544255e+04 2.14603 1.603127e-01
9.780000e-01 2.754850e+00 2.137323e+00 2.536144e+00 1.045109e+01 3.070257e+03 1.543395e+04 2.15357 1.646952e-01
9.770000e-01 2.754850e+00 2.138519e+00 2.537508e+00 1.045608e+01 3.135142e+03 1.542163e+04 2.1499 1.677013e-01
9.760000e-01 2.754850e+00 2.138782e+00 2.537627e+00 1.045810e+01 3.204386e+03 1.541340e+04 2.15704 1.719318e-01
9.750000e-01 2.754850e+00 2.139991e+00 2.539007e+00 1.046315e+01 3.267274e+03 1.540126e+04 2.15381 1.748465e-01
9.740000e-01 2.754850e+00 2.140279e+00 2.539160e+00 1.046522e+01 3.334260e+03 1.539334e+04 2.16067 1.789509e-01
9.730000e-01 2.754850e+00 2.141487e+00 2.540542e+00 1.047028e+01 3.395204e+03 1.538145e+04 2.15776 1.817716e-01
9.720000e-01 2.754850e+00 2.141794e+00 2.540724e+00 1.047237e+01 3.460031e+03 1.537382e+04 2.16432 1.857522e-01
9.710000e-01 2.754850e+00 2.143002e+00 2.542110e+00 1.047745e+01 3.519110e+03 1.536216e+04 2.16174 1.884859e-01
9.700000e-01 2.754850e+00 2.143320e+00 2.542310e+00 1.047956e+01 3.581774e+03 1.535481e+04 2.16797 1.923376e-01
9.690000e-01 2.754850e+00 2.144527e+00 2.543696e+00 1.048463e+01 3.638703e+03 1.534340e+04 2.16574 1.949738e-01
9.680000e-01 2.754850e+00 2.144840e+00 2.543890e+00 1.048674e+01 3.699124e+03 1.533635e+04 2.17156 1.986865e-01
9.670000e-01 2.754850e+00 2.146052e+00 2.545283e+00 1.049182e+01 3.753968e+03 1.532518e+04 2.16973 2.012351e-01
9.660000e-01 2.754850e+00 2.146366e+00 2.545479e+00 1.049394e+01 3.812608e+03 1.531837e+04 2.17529 2.048421e-01
9.650000e-01 2.754850e+00 2.147584e+00 2.546879e+00 1.049905e+01 3.865825e+03 1.530737e+04 2.17375 2.073191e-01
9.640000e-01 2.754850e+00 2.147898e+00 2.547075e+00 1.050118e+01 3.922744e+03 1.530079e+04 2.17904 2.108219e-01
9.630000e-01 2.754850e+00 2.149120e+00 2.548480e+00 1.050630e+01 3.974207e+03 1.528999e+04 2.17779 2.132219e-01
9.620000e-01 2.754850e+00 2.149429e+00 2.548669e+00 1.050844e+01 4.029540e+03 1.528363e+04 2.18283 2.166290e-01
9.610000e-01 2.754850e+00 2.150658e+00 2.550080e+00 1.051359e+01 4.079472e+03 1.527298e+04 2.18184 2.189628e-01
9.600000e-01 2.754850e+00 2.150956e+00 2.550254e+00 1.051572e+01 4.133237e+03 1.526683e+04 2.18662 2.222730e-01
9.590000e-01 2.754850e+00 2.152192e+00 2.551670e+00 1.052089e+01 4.181433e+03 1.525633e+04 2.18589 2.245319e-01
9.580000e-01 2.754850e+00 2.152468e+00 2.551811e+00 1.052301e+01 4.233608e+03 1.525039e+04 2.19038 2.277420e-01
9.570000e-01 2.754850e+00 2.153719e+00 2.553241e+00 1.052823e+01 4.280417e+03 1.524000e+04 2.18994 2.299473e-01
9.560000e-01 2.754850e+00 2.154003e+00 2.553390e+00 1.053038e+01 4.331699e+03 1.523416e+04 2.19437 2.331115e-01
9.550000e-01 2.754850e+00 2.155263e+00 2.554830e+00 1.053565e+01 4.377832e+03 1.522379e+04 2.19405 2.352837e-01
9.540000e-01 2.754850e+00 2.155562e+00 2.555000e+00 1.053783e+01 4.428207e+03 1.521806e+04 2.19841 2.383984e-01
9.530000e-01 2.754850e+00 2.156824e+00 2.556444e+00 1.054312e+01 4.473480e+03 1.520776e+04 2.19818 2.405289e-01
9.520000e-01 2.754850e+00 2.157134e+00 2.556631e+00 1.054532e+01 4.522908e+03 1.520215e+04 2.20246 2.435894e-01
9.510000e-01 2.754850e+00 2.158398e+00 2.558081e+00 1.055063e+01 4.567319e+03 1.519194e+04 2.20235 2.456806e-01
9.500000e-01 2.754850e+00 2.158713e+00 2.558276e+00 1.055284e+01 4.615736e+03 1.518646e+04 2.2065 2.486810e-01
9.490000e-01 2.754850e+00 2.159979e+00 2.559728e+00 1.055815e+01 4.659098e+03 1.517636e+04 2.20652 2.507253e-01
9.480000e-01 2.754850e+00 2.160290e+00 2.559919e+00 1.056037e+01 4.706482e+03 1.517101e+04 2.21053 2.536627e-01
9.470000e-01 2.754850e+00 2.161564e+00 2.561380e+00 1.056571e+01 4.748916e+03 1.516099e+04 2.21071 2.556688e-01
9.460000e-01 2.754850e+00 2.161879e+00 2.561577e+00 1.056794e+01 4.795496e+03 1.515574e+04 2.21465 2.585605e-01
9.450000e-01 2.754850e+00 2.163157e+00 2.563044e+00 1.057331e+01 4.837119e+03 1.514578e+04 2.21493 2.605298e-01
9.440000e-01 2.754850e+00 2.163470e+00 2.563238e+00 1.057554e+01 4.882792e+03 1.514063e+04 2.21874 2.633664e-01
9.430000e-01 2.754850e+00 2.164755e+00 2.564711e+00 1.058093e+01 4.923466e+03 1.513075e+04 2.21916 2.652949e-01
9.420000e-01 2.754850e+00 2.165063e+00 2.564899e+00 1.058317e+01 4.968282e+03 1.512571e+04 2.22286 2.680797e-01
9.410000e-01 2.754850e+00 2.166353e+00 2.566379e+00 1.058858e+01 5.008018e+03 1.511590e+04 2.2234 2.699678e-01
9.400000e-01 2.754850e+00 2.166646e+00 2.566546e+00 1.059081e+01 5.051885e+03 1.511098e+04 2.22694 2.726926e-01
9.390000e-01 2.754850e+00 2.167945e+00 2.568032e+00 1.059625e+01 5.090515e+03 1.510125e+04 2.22764 2.745346e-01
9.380000e-01 2.754850e+00 2.168224e+00 2.568179e+00 1.059847e+01 5.133545e+03 1.509645e+04 2.23106 2.772086e-01
9.370000e-01 2.754850e+00 2.169539e+00 2.569682e+00 1.060396e+01 5.171588e+03 1.508674e+04 2.2319 2.790300e-01
9.360000e-01 2.754850e+00 2.169831e+00 2.569844e+00 1.060622e+01 5.214213e+03 1.508198e+04 2.23533 2.816864e-01
9.350000e-01 2.754850e+00 2.171150e+00 2.571353e+00 1.061175e+01 5.251895e+03 1.507226e+04 2.2362 2.834883e-01
9.340000e-01 2.754850e+00 2.171453e+00 2.571531e+00 1.061403e+01 5.293999e+03 1.506755e+04 2.23961 2.861167e-01
9.330000e-01 2.754850e+00 2.172777e+00 2.573047e+00 1.061959e+01 5.331190e+03 1.505786e+04 2.24054 2.878952e-01
9.320000e-01 2.754850e+00 2.173087e+00 2.573236e+00 1.062189e+01 5.372733e+03 1.505321e+04 2.24391 2.904918e-01
9.310000e-01 2.754850e+00 2.174413e+00 2.574757e+00 1.062747e+01 5.409332e+03 1.504357e+04 2.2449 2.922431e-01
9.300000e-01 2.754850e+00 2.174723e+00 2.574946e+00 1.062978e+01 5.450214e+03 1.503900e+04 2.24819 2.947997e-01
9.290000e-01 2.754850e+00 2.176054e+00 2.576472e+00 1.063537e+01 5.486134e+03 1.502941e+04 2.24928 2.965221e-01
9.280000e-01 2.754850e+00 2.176363e+00 2.576661e+00 1.063769e+01 5.526442e+03 1.502492e+04 2.25251 2.990453e-01
9.270000e-01 2.754850e+00 2.177747e+00 2.578256e+00 1.064340e+01 5.561831e+03 1.501523e+04 2.25373 3.007410e-01
9.260000e-01 2.754850e+00 2.178031e+00 2.578413e+00 1.064568e+01 5.601678e+03 1.501086e+04 2.25689 3.032409e-01
9.250000e-01 2.754850e+00 2.179403e+00 2.579992e+00 1.065139e+01 5.636508e+03 1.500123e+04 2.25815 3.049128e-01
9.240000e-01 2.754850e+00 2.179683e+00 2.580143e+00 1.065368e+01 5.675782e+03 1.499692e+04 2.26124 3.073786e-01
9.230000e-01 2.754850e+00 2.181064e+00 2.581731e+00 1.065941e+01 5.710017e+03 1.498732e+04 2.26259 3.090253e-01
9.220000e-01 2.754850e+00 2.181336e+00 2.581872e+00 1.066170e+01 5.748709e+03 1.498308e+04 2.2656 3.114557e-01
9.210000e-01 2.754850e+00 2.182724e+00 2.583466e+00 1.066746e+01 5.782211e+03 1.497351e+04 2.26704 3.130707e-01
9.200000e-01 2.754850e+00 2.182978e+00 2.583582e+00 1.066973e+01 5.820212e+03 1.496935e+04 2.26993 3.154572e-01
9.190000e-01 2.754850e+00 2.184379e+00 2.585189e+00 1.067552e+01 5.853051e+03 1.495980e+04 2.27149 3.170474e-01
9.180000e-01 2.754850e+00 2.184635e+00 2.585306e+00 1.067782e+01 5.890694e+03 1.495568e+04 2.27437 3.194164e-01
9.170000e-01 2.754850e+00 2.186046e+00 2.586926e+00 1.068366e+01 5.923297e+03 1.494610e+04 2.27598 3.209964e-01
9.160000e-01 2.754850e+00 2.186313e+00 2.587058e+00 1.068599e+01 5.960650e+03 1.494200e+04 2.27887 3.233523e-01
9.150000e-01 2.754850e+00 2.187729e+00 2.588684e+00 1.069187e+01 5.992941e+03 1.493240e+04 2.2805 3.249160e-01
9.140000e-01 2.754850e+00 2.188003e+00 2.588826e+00 1.069421e+01 6.029918e+03 1.492833e+04 2.28338 3.272514e-01
9.130000e-01 2.754850e+00 2.189422e+00 2.590458e+00 1.070011e+01 6.061804e+03 1.491874e+04 2.28506 3.287962e-01
9.120000e-01 2.754850e+00 2.189697e+00 2.590602e+00 1.070247e+01 6.098309e+03 1.491473e+04 2.28789 3.311033e-01
9.110000e-01 2.754850e+00 2.191121e+00 2.592239e+00 1.070838e+01 6.129676e+03 1.490518e+04 2.28962 3.326254e-01
9.100000e-01 2.754850e+00 2.191390e+00 2.592379e+00 1.071074e+01 6.165705e+03 1.490121e+04 2.2924 3.349039e-01
9.090000e-01 2.754850e+00 2.192823e+00 2.594026e+00 1.071669e+01 6.196642e+03 1.489167e+04 2.2942 3.364090e-01
9.080000e-01 2.754850e+00 2.193095e+00 2.594169e+00 1.071906e+01 6.232327e+03 1.488774e+04 2.29696 3.386689e-01
9.070000e-01 2.754850e+00 2.194534e+00 2.595824e+00 1.072504e+01 6.262892e+03 1.487820e+04 2.2988 3.401572e-01
9.060000e-01 2.754850e+00 2.194804e+00 2.595965e+00 1.072742e+01 6.298176e+03 1.487432e+04 2.30152 3.423940e-01
9.050000e-01 2.754850e+00 2.196250e+00 2.597628e+00 1.073343e+01 6.328306e+03 1.486477e+04 2.30343 3.438636e-01
9.040000e-01 2.754850e+00 2.196516e+00 2.597763e+00 1.073582e+01 6.363195e+03 1.486093e+04 2.30611 3.460775e-01
9.030000e-01 2.754850e+00 2.197969e+00 2.599433e+00 1.074186e+01 6.392820e+03 1.485140e+04 2.30807 3.475249e-01
9.020000e-01 2.754850e+00 2.198220e+00 2.599547e+00 1.074423e+01 6.427201e+03 1.484761e+04 2.31067 3.497069e-01
9.010000e-01 2.754850e+00 2.199684e+00 2.601228e+00 1.075030e+01 6.456242e+03 1.483809e+04 2.31272 3.511309e-01
9.000000e-01 2.754850e+00 2.199930e+00 2.601335e+00 1.075269e+01 6.490285e+03 1.483435e+04 2.31528 3.532949e-01
8.990000e-01 2.754850e+00 2.201407e+00 2.603031e+00 1.075881e+01 6.519121e+03 1.482478e+04 2.3174 3.547118e-01
8.980000e-01 2.754850e+00 2.201664e+00 2.603151e+00 1.076123e+01 6.552994e+03 1.482104e+04 2.31999 3.568703e-01
8.970000e-01 2.754850e+00 2.203147e+00 2.604854e+00 1.076741e+01 6.581646e+03 1.481143e+04 2.32212 3.582769e-01
8.960000e-01 2.754850e+00 2.203410e+00 2.604985e+00 1.076985e+01 6.615269e+03 1.480770e+04 2.32471 3.604230e-01
8.950000e-01 2.754850e+00 2.204899e+00 2.606695e+00 1.077606e+01 6.643642e+03 1.479808e+04 2.32687 3.618161e-01
8.940000e-01 2.754850e+00 2.205164e+00 2.606830e+00 1.077851e+01 6.676926e+03 1.479439e+04 2.32944 3.639426e-01
8.930000e-01 2.754850e+00 2.206657e+00 2.608546e+00 1.078473e+01 6.704895e+03 1.478478e+04 2.33164 3.653173e-01
8.920000e-01 2.754850e+00 2.206916e+00 2.608674e+00 1.078719e+01 6.737789e+03 1.478112e+04 2.33416 3.674200e-01
8.910000e-01 2.754850e+00 2.208418e+00 2.610400e+00 1.079344e+01 6.765375e+03 1.477151e+04 2.33642 3.687795e-01
8.900000e-01 2.754850e+00 2.208677e+00 2.610530e+00 1.079591e+01 6.797982e+03 1.476788e+04 2.33892 3.708666e-01
8.890000e-01 2.754850e+00 2.210186e+00 2.612264e+00 1.080219e+01 6.825267e+03 1.475826e+04 2.34122 3.722129e-01
8.880000e-01 2.754850e+00 2.210443e+00 2.612391e+00 1.080467e+01 6.857562e+03 1.475466e+04 2.34369 3.742823e-01
8.870000e-01 2.754850e+00 2.211960e+00 2.614135e+00 1.081099e+01 6.884490e+03 1.474503e+04 2.34604 3.756131e-01
8.860000e-01 2.754850e+00 2.212212e+00 2.614256e+00 1.081347e+01 6.916476e+03 1.474146e+04 2.34849 3.776649e-01
8.850000e-01 2.754850e+00 2.213737e+00 2.616007e+00 1.081982e+01 6.943004e+03 1.473182e+04 2.35088 3.789781e-01
8.840000e-01 2.754850e+00 2.213974e+00 2.616109e+00 1.082230e+01 6.974585e+03 1.472829e+04 2.35326 3.810049e-01
8.830000e-01 2.754850e+00 2.215510e+00 2.617872e+00 1.082868e+01 7.000618e+03 1.471866e+04 2.35573 3.822977e-01
8.820000e-01 2.754850e+00 2.215740e+00 2.617963e+00 1.083116e+01 7.031907e+03 1.471516e+04 2.35807 3.843087e-01
8.810000e-01 2.754850e+00 2.217289e+00 2.619741e+00 1.083759e+01 7.057752e+03 1.470548e+04 2.3606 3.855954e-01
8.800000e-01 2.754850e+00 2.217529e+00 2.619845e+00 1.084011e+01 7.088921e+03 1.470197e+04 2.36298 3.876037e-01
8.790000e-01 2.754850e+00 2.219085e+00 2.621631e+00 1.084660e+01 7.114635e+03 1.469224e+04 2.36552 3.888829e-01
8.780000e-01 2.754850e+00 2.219332e+00 2.621745e+00 1.084914e+01 7.145627e+03 1.468874e+04 2.36791 3.908835e-01
8.770000e-01 2.754850e+00 2.220894e+00 2.623538e+00 1.085567e+01 7.171131e+03 1.467897e+04 2.37047 3.921521e-01
8.760000e-01 2.754850e+00 2.221143e+00 2.623656e+00 1.085823e+01 7.201865e+03 1.467549e+04 2.37285 3.941384e-01
8.750000e-01 2.754850e+00 2.222710e+00 2.625456e+00 1.086478e+01 7.227044e+03 1.466571e+04 2.37545 3.953919e-01
8.740000e-01 2.754850e+00 2.222952e+00 2.625567e+00 1.086734e+01 7.257463e+03 1.466226e+04 2.37778 3.973593e-01
8.730000e-01 2.754850e+00 2.224529e+00 2.627378e+00 1.087392e+01 7.282324e+03 1.465247e+04 2.38043 3.985999e-01
8.720000e-01 2.754850e+00 2.224770e+00 2.627489e+00 1.087649e+01 7.312507e+03 1.464904e+04 2.38275 4.005546e-01
8.710000e-01 2.754850e+00 2.226354e+00 2.629310e+00 1.088311e+01 7.337105e+03 1.463923e+04 2.38544 4.017836e-01
8.700000e-01 2.754850e+00 2.226592e+00 2.629416e+00 1.088569e+01 7.367027e+03 1.463581e+04 2.38774 4.037237e-01
8.690000e-01 2.754850e+00 2.228185e+00 2.631247e+00 1.089234e+01 7.391315e+03 1.462598e+04 2.39047 4.049392e-01
8.680000e-01 2.754850e+00 2.228417e+00 2.631346e+00 1.089493e+01 7.420983e+03 1.462259e+04 2.39273 4.068650e-01
8.670000e-01 2.754850e+00 2.230018e+00 2.633186e+00 1.090161e+01 7.444917e+03 1.461275e+04 2.39551 4.080647e-01
8.660000e-01 2.754850e+00 2.230235e+00 2.633265e+00 1.090419e+01 7.474231e+03 1.460939e+04 2.39772 4.099688e-01
8.650000e-01 2.754850e+00 2.231847e+00 2.635116e+00 1.091090e+01 7.497742e+03 1.459953e+04 2.40056 4.111513e-01
8.640000e-01 2.754850e+00 2.232058e+00 2.635188e+00 1.091349e+01 7.526832e+03 1.459620e+04 2.40275 4.130443e-01
8.630000e-01 2.754850e+00 2.233729e+00 2.637115e+00 1.092036e+01 7.550167e+03 1.458616e+04 2.4057 4.142130e-01
8.620000e-01 2.754850e+00 2.233920e+00 2.637159e+00 1.092293e+01 7.579186e+03 1.458289e+04 2.40787 4.161097e-01
8.610000e-01 2.754850e+00 2.235583e+00 2.639073e+00 1.092981e+01 7.602412e+03 1.457284e+04 2.41082 4.172751e-01
8.600000e-01 2.754850e+00 2.235779e+00 2.639126e+00 1.093240e+01 7.631287e+03 1.456957e+04 2.41301 4.191660e-01
8.590000e-01 2.754850e+00 2.237448e+00 2.641048e+00 1.093934e+01 7.654329e+03 1.455947e+04 2.41598 4.203220e-01
8.580000e-01 2.754850e+00 2.237644e+00 2.641102e+00 1.094194e+01 7.682988e+03 1.455622e+04 2.41815 4.222011e-01
8.570000e-01 2.754850e+00 2.239319e+00 2.643032e+00 1.094890e+01 7.705742e+03 1.454610e+04 2.42116 4.233436e-01
8.560000e-01 2.754850e+00 2.239509e+00 2.643078e+00 1.095151e+01 7.734144e+03 1.454286e+04 2.4233 4.252080e-01
8.550000e-01 2.754850e+00 2.241195e+00 2.645021e+00 1.095851e+01 7.756642e+03 1.453272e+04 2.42635 4.263398e-01
8.540000e-01 2.754850e+00 2.241382e+00 2.645067e+00 1.096113e+01 7.784851e+03 1.452950e+04 2.42848 4.281944e-01
8.530000e-01 2.754850e+00 2.243077e+00 2.647019e+00 1.096816e+01 7.807107e+03 1.451932e+04 2.43157 4.293150e-01
8.520000e-01 2.754850e+00 2.243259e+00 2.647058e+00 1.097079e+01 7.835087e+03 1.451611e+04 2.43368 4.311569e-01
8.510000e-01 2.754850e+00 2.244963e+00 2.649022e+00 1.097787e+01 7.857077e+03 1.450590e+04 2.43681 4.322659e-01
8.500000e-01 2.754850e+00 2.245137e+00 2.649051e+00 1.098050e+01 7.884827e+03 1.450271e+04 2.43888 4.340951e-01
8.490000e-01 2.754850e+00 2.246850e+00 2.651025e+00 1.098761e+01 7.906462e+03 1.449248e+04 2.44205 4.351878e-01
8.480000e-01 2.754850e+00 2.247005e+00 2.651029e+00 1.099023e+01 7.933897e+03 1.448932e+04 2.44407 4.369980e-01
8.470000e-01 2.754850e+00 2.248733e+00 2.653019e+00 1.099738e+01 7.955201e+03 1.447906e+04 2.44731 4.380778e-01
8.460000e-01 2.754850e+00 2.248888e+00 2.653022e+00 1.100002e+01 7.982499e+03 1.447591e+04 2.44933 4.398831e-01
8.450000e-01 2.754850e+00 2.250628e+00 2.655026e+00 1.100723e+01 8.003701e+03 1.446557e+04 2.4526 4.409584e-01
8.440000e-01 2.754850e+00 2.250789e+00 2.655038e+00 1.100990e+01 8.030911e+03 1.446241e+04 2.45464 4.427622e-01
8.430000e-01 2.754850e+00 2.252537e+00 2.657051e+00 1.101717e+01 8.051993e+03 1.445201e+04 2.45793 4.438307e-01
8.420000e-01 2.754850e+00 2.252702e+00 2.657070e+00 1.101987e+01 8.079070e+03 1.444884e+04 2.45998 4.456290e-01
8.410000e-01 2.754850e+00 2.254456e+00 2.659091e+00 1.102718e+01 8.099968e+03 1.443839e+04 2.4633 4.466879e-01
8.400000e-01 2.754850e+00 2.254616e+00 2.659106e+00 1.102989e+01 8.126842e+03 1.443523e+04 2.46533 4.484751e-01
8.390000e-01 2.754850e+00 2.256380e+00 2.661137e+00 1.103724e+01 8.147474e+03 1.442475e+04 2.46868 4.495216e-01
8.380000e-01 2.754850e+00 2.256535e+00 2.661147e+00 1.103995e+01 8.174152e+03 1.442161e+04 2.47069 4.512984e-01
8.370000e-01 2.754850e+00 2.258309e+00 2.663190e+00 1.104734e+01 8.194581e+03 1.441108e+04 2.47408 4.523361e-01
8.360000e-01 2.754850e+00 2.258460e+00 2.663196e+00 1.105007e+01 8.221082e+03 1.440794e+04 2.47608 4.541040e-01
8.350000e-01 2.754850e+00 2.260243e+00 2.665251e+00 1.105750e+01 8.241273e+03 1.439738e+04 2.4795 4.551304e-01
8.340000e-01 2.754850e+00 2.260387e+00 2.665247e+00 1.106023e+01 8.267579e+03 1.439425e+04 2.48147 4.568880e-01
8.330000e-01 2.754850e+00 2.262181e+00 2.667315e+00 1.106771e+01 8.287518e+03 1.438365e+04 2.48494 4.579029e-01
8.320000e-01 2.754850e+00 2.262311e+00 2.667293e+00 1.107043e+01 8.313577e+03 1.438054e+04 2.48687 4.596463e-01
8.310000e-01 2.754850e+00 2.264116e+00 2.669372e+00 1.107794e+01 8.333154e+03 1.436991e+04 2.49039 4.606448e-01
8.300000e-01 2.754850e+00 2.264231e+00 2.669332e+00 1.108067e+01 8.358972e+03 1.436682e+04 2.49227 4.623749e-01
8.290000e-01 2.754850e+00 2.266052e+00 2.671429e+00 1.108823e+01 8.378354e+03 1.435613e+04 2.49585 4.633664e-01
8.280000e-01 2.754850e+00 2.266171e+00 2.671395e+00 1.109099e+01 8.404099e+03 1.435304e+04 2.49775 4.650962e-01
8.270000e-01 2.754850e+00 2.268001e+00 2.673502e+00 1.109862e+01 8.423385e+03 1.434226e+04 2.50135 4.660821e-01
8.260000e-01 2.754850e+00 2.268123e+00 2.673473e+00 1.110140e+01 8.449036e+03 1.433915e+04 2.50327 4.678095e-01
8.250000e-01 2.754850e+00 2.269963e+00 2.675592e+00 1.110909e+01 8.468191e+03 1.432831e+04 2.50689 4.687879e-01
8.240000e-01 2.754850e+00 2.270085e+00 2.675564e+00 1.111189e+01 8.493702e+03 1.432520e+04 2.50881 4.705091e-01
8.230000e-01 2.754850e+00 2.271932e+00 2.677692e+00 1.111962e+01 8.512644e+03 1.431431e+04 2.51246 4.714765e-01
8.220000e-01 2.754850e+00 2.272046e+00 2.677656e+00 1.112242e+01 8.537962e+03 1.431121e+04 2.51435 4.731871e-01
8.210000e-01 2.754850e+00 2.273905e+00 2.679796e+00 1.113020e+01 8.556685e+03 1.430027e+04 2.51804 4.741448e-01
8.200000e-01 2.754850e+00 2.274016e+00 2.679758e+00 1.113302e+01 8.581858e+03 1.429717e+04 2.51992 4.758488e-01
8.190000e-01 2.754850e+00 2.275884e+00 2.681910e+00 1.114085e+01 8.600388e+03 1.428618e+04 2.52364 4.767969e-01
8.180000e-01 2.754850e+00 2.275986e+00 2.681862e+00 1.114367e+01 8.625384e+03 1.428309e+04 2.5255 4.784920e-01
8.170000e-01 2.754850e+00 2.277866e+00 2.684028e+00 1.115155e+01 8.643690e+03 1.427205e+04 2.52927 4.794296e-01
8.160000e-01 2.754850e+00 2.277959e+00 2.683968e+00 1.115437e+01 8.668506e+03 1.426897e+04 2.5311 4.811152e-01
8.150000e-01 2.754850e+00 2.279848e+00 2.686144e+00 1.116229e+01 8.686507e+03 1.425788e+04 2.5349 4.820381e-01
8.140000e-01 2.754850e+00 2.279922e+00 2.686060e+00 1.116511e+01 8.711066e+03 1.425483e+04 2.53668 4.837090e-01
8.130000e-01 2.754850e+00 2.281871e+00 2.688313e+00 1.117316e+01 8.728755e+03 1.424358e+04 2.54059 4.846097e-01
8.120000e-01 2.754850e+00 2.281913e+00 2.688187e+00 1.117593e+01 8.753226e+03 1.424059e+04 2.54233 4.862835e-01
8.110000e-01 2.754850e+00 2.283859e+00 2.690433e+00 1.118402e+01 8.770820e+03 1.422930e+04 2.54626 4.871832e-01
8.100000e-01 2.754850e+00 2.283904e+00 2.690312e+00 1.118683e+01 8.795217e+03 1.422629e+04 2.54802 4.888563e-01
8.090000e-01 2.754850e+00 2.285860e+00 2.692570e+00 1.119499e+01 8.812699e+03 1.421492e+04 2.55198 4.897493e-01
8.080000e-01 2.754850e+00 2.285904e+00 2.692450e+00 1.119782e+01 8.836989e+03 1.421191e+04 2.55374 4.914189e-01
8.070000e-01 2.754850e+00 2.287869e+00 2.694720e+00 1.120603e+01 8.854309e+03 1.420046e+04 2.55772 4.923027e-01
8.060000e-01 2.754850e+00 2.287905e+00 2.694590e+00 1.120887e+01 8.878433e+03 1.419746e+04 2.55946 4.939640e-01
8.050000e-01 2.754850e+00 2.289882e+00 2.696874e+00 1.121712e+01 8.895528e+03 1.418596e+04 2.56348 4.948368e-01
8.040000e-01 2.754850e+00 2.289913e+00 2.696740e+00 1.121997e+01 8.919511e+03 1.418295e+04 2.5652 4.964918e-01
8.030000e-01 2.754850e+00 2.291901e+00 2.699036e+00 1.122829e+01 8.936431e+03 1.417139e+04 2.56926 4.973560e-01
8.020000e-01 2.754850e+00 2.291925e+00 2.698894e+00 1.123115e+01 8.960268e+03 1.416839e+04 2.57097 4.990042e-01
8.010000e-01 2.754850e+00 2.293923e+00 2.701204e+00 1.123951e+01 8.976976e+03 1.415677e+04 2.57506 4.998578e-01
8.000000e-01 2.754850e+00 2.293936e+00 2.701049e+00 1.124238e+01 9.000657e+03 1.415377e+04 2.57674 5.014986e-01
7.990000e-01 2.754850e+00 2.295948e+00 2.703373e+00 1.125079e+01 9.017114e+03 1.414209e+04 2.58087 5.023397e-01
7.980000e-01 2.754850e+00 2.295940e+00 2.703192e+00 1.125365e+01 9.040560e+03 1.413912e+04 2.5825 5.039675e-01
7.970000e-01 2.754850e+00 2.297966e+00 2.705532e+00 1.126211e+01 9.056703e+03 1.412740e+04 2.58669 5.047940e-01
7.960000e-01 2.754850e+00 2.297948e+00 2.705339e+00 1.126497e+01 9.080002e+03 1.412443e+04 2.5883 5.064158e-01
7.950000e-01 2.754850e+00 2.299990e+00 2.707698e+00 1.127350e+01 9.096028e+03 1.411262e+04 2.59253 5.072373e-01
7.940000e-01 2.754850e+00 2.299972e+00 2.707506e+00 1.127639e+01 9.119260e+03 1.410963e+04 2.59415 5.088592e-01
7.930000e-01 2.754850e+00 2.302025e+00 2.709878e+00 1.128500e+01 9.135170e+03 1.409772e+04 2.59841 5.096735e-01
7.920000e-01 2.754850e+00 2.302007e+00 2.709689e+00 1.128792e+01 9.158314e+03 1.409472e+04 2.60004 5.112933e-01
7.910000e-01 2.754850e+00 2.304069e+00 2.712072e+00 1.129659e+01 9.174079e+03 1.408274e+04 2.60433 5.120990e-01
7.900000e-01 2.754850e+00 2.304045e+00 2.711876e+00 1.129952e+01 9.197085e+03 1.407973e+04 2.60594 5.137127e-01
7.890000e-01 2.754850e+00 2.306118e+00 2.714272e+00 1.130824e+01 9.212640e+03 1.406769e+04 2.61026 5.145073e-01
7.880000e-01 2.754850e+00 2.306083e+00 2.714065e+00 1.131118e+01 9.235505e+03 1.406469e+04 2.61185 5.161149e-01
7.870000e-01 2.754850e+00 2.308171e+00 2.716478e+00 1.131997e+01 9.250891e+03 1.405256e+04 2.61621 5.169010e-01
7.860000e-01 2.754850e+00 2.308129e+00 2.716264e+00 1.132291e+01 9.273627e+03 1.404956e+04 2.61779 5.185033e-01
7.850000e-01 2.754850e+00 2.310227e+00 2.718690e+00 1.133176e+01 9.288812e+03 1.403737e+04 2.62218 5.192788e-01
7.840000e-01 2.754850e+00 2.310173e+00 2.718462e+00 1.133472e+01 9.311404e+03 1.403437e+04 2.62373 5.208748e-01
7.830000e-01 2.754850e+00 2.312286e+00 2.720904e+00 1.134362e+01 9.326357e+03 1.402211e+04 2.62817 5.216383e-01
7.820000e-01 2.754850e+00 2.312211e+00 2.720652e+00 1.134657e+01 9.348742e+03 1.401912e+04 2.62967 5.232232e-01
7.810000e-01 2.754850e+00 2.314338e+00 2.723109e+00 1.135552e+01 9.363387e+03 1.400682e+04 2.63415 5.239718e-01
7.800000e-01 2.754850e+00 2.314248e+00 2.722837e+00 1.135846e+01 9.385612e+03 1.400384e+04 2.63563 5.255500e-01
7.790000e-01 2.754850e+00 2.316392e+00 2.725315e+00 1.136749e+01 9.400120e+03 1.399144e+04 2.64016 5.262922e-01
7.780000e-01 2.754850e+00 2.316301e+00 2.725044e+00 1.137047e+01 9.422284e+03 1.398845e+04 2.64164 5.278710e-01
7.770000e-01 2.754850e+00 2.318457e+00 2.727535e+00 1.137958e+01 9.436675e+03 1.397594e+04 2.6462 5.286056e-01
7.760000e-01 2.754850e+00 2.318364e+00 2.727263e+00 1.138258e+01 9.458758e+03 1.397293e+04 2.64769 5.301831e-01
7.750000e-01 2.754850e+00 2.320572e+00 2.729826e+00 1.139185e+01 9.472981e+03 1.396021e+04 2.65233 5.308980e-01
7.740000e-01 2.754850e+00 2.320445e+00 2.729510e+00 1.139481e+01 9.494960e+03 1.395726e+04 2.65377 5.324769e-01
7.730000e-01 2.754850e+00 2.322649e+00 2.732065e+00 1.140411e+01 9.508985e+03 1.394451e+04 2.65842 5.331847e-01
7.720000e-01 2.754850e+00 2.322511e+00 2.731737e+00 1.140707e+01 9.530834e+03 1.394157e+04 2.65984 5.347585e-01
7.710000e-01 2.754850e+00 2.324730e+00 2.734309e+00 1.141644e+01 9.544696e+03 1.392873e+04 2.66453 5.354575e-01
7.700000e-01 2.754850e+00 2.324582e+00 2.733970e+00 1.141942e+01 9.566425e+03 1.392578e+04 2.66593 5.370270e-01
7.690000e-01 2.754850e+00 2.326813e+00 2.736557e+00 1.142885e+01 9.580094e+03 1.391287e+04 2.67066 5.377151e-01
7.680000e-01 2.754850e+00 2.326650e+00 2.736201e+00 1.143184e+01 9.601689e+03 1.390992e+04 2.67203 5.392793e-01
7.670000e-01 2.754850e+00 2.328896e+00 2.738806e+00 1.144134e+01 9.615127e+03 1.389692e+04 2.6768 5.399548e-01
7.660000e-01 2.754850e+00 2.328713e+00 2.738425e+00 1.144431e+01 9.636526e+03 1.389399e+04 2.67812 5.415089e-01
7.650000e-01 2.754850e+00 2.330972e+00 2.741044e+00 1.145385e+01 9.649666e+03 1.388094e+04 2.68293 5.421694e-01
7.640000e-01 2.754850e+00 2.330771e+00 2.740641e+00 1.145683e+01 9.670920e+03 1.387801e+04 2.68422 5.437180e-01
7.630000e-01 2.754850e+00 2.333051e+00 2.743284e+00 1.146646e+01 9.683932e+03 1.386485e+04 2.68909 5.443719e-01
7.620000e-01 2.754850e+00 2.332844e+00 2.742875e+00 1.146946e+01 9.705121e+03 1.386190e+04 2.69038 5.459214e-01
7.610000e-01 2.754850e+00 2.335137e+00 2.745535e+00 1.147919e+01 9.718001e+03 1.384863e+04 2.69528 5.465663e-01
7.600000e-01 2.754850e+00 2.334928e+00 2.745128e+00 1.148221e+01 9.739118e+03 1.384566e+04 2.69657 5.481149e-01
7.590000e-01 2.754850e+00 2.337230e+00 2.747797e+00 1.149202e+01 9.751851e+03 1.383227e+04 2.70149 5.487503e-01
7.580000e-01 2.754850e+00 2.337009e+00 2.747375e+00 1.149505e+01 9.772844e+03 1.382930e+04 2.70276 5.502944e-01
7.570000e-01 2.754850e+00 2.339326e+00 2.750063e+00 1.150492e+01 9.785384e+03 1.381583e+04 2.70772 5.509183e-01
7.560000e-01 2.754850e+00 2.339089e+00 2.749624e+00 1.150796e+01 9.806258e+03 1.381286e+04 2.70896 5.524586e-01
7.550000e-01 2.754850e+00 2.341423e+00 2.752331e+00 1.151792e+01 9.818632e+03 1.379928e+04 2.71396 5.530724e-01
7.540000e-01 2.754850e+00 2.341176e+00 2.751883e+00 1.152097e+01 9.839394e+03 1.379629e+04 2.71518 5.546088e-01
7.530000e-01 2.754850e+00 2.343522e+00 2.754604e+00 1.153099e+01 9.851575e+03 1.378262e+04 2.72022 5.552115e-01
7.520000e-01 2.754850e+00 2.343256e+00 2.754132e+00 1.153404e+01 9.872205e+03 1.377964e+04 2.7214 5.567432e-01
7.510000e-01 2.754850e+00 2.345618e+00 2.756872e+00 1.154414e+01 9.884146e+03 1.376588e+04 2.72648 5.573316e-01
7.500000e-01 2.754850e+00 2.345328e+00 2.756371e+00 1.154718e+01 9.904581e+03 1.376290e+04 2.72761 5.588534e-01
7.490000e-01 2.754850e+00 2.347705e+00 2.759128e+00 1.155733e+01 9.916246e+03 1.374908e+04 2.73273 5.594276e-01
7.480000e-01 2.754850e+00 2.347398e+00 2.758606e+00 1.156037e+01 9.936570e+03 1.374610e+04 2.73383 5.609469e-01
7.470000e-01 2.754850e+00 2.349795e+00 2.761387e+00 1.157062e+01 9.948119e+03 1.373214e+04 2.739 5.615137e-01
7.460000e-01 2.754850e+00 2.349481e+00 2.760860e+00 1.157369e+01 9.968374e+03 1.372914e+04 2.7401 5.630333e-01
7.450000e-01 2.754850e+00 2.351890e+00 2.763654e+00 1.158404e+01 9.979785e+03 1.371505e+04 2.74529 5.635901e-01
7.440000e-01 2.754850e+00 2.351568e+00 2.763118e+00 1.158713e+01 9.999966e+03 1.371203e+04 2.74639 5.651093e-01
7.430000e-01 2.754850e+00 2.354030e+00 2.765985e+00 1.159765e+01 1.001118e+04 1.369770e+04 2.75166 5.656434e-01
7.420000e-01 2.754850e+00 2.353669e+00 2.765400e+00 1.160070e+01 1.003126e+04 1.369474e+04 2.75269 5.671643e-01
7.410000e-01 2.754850e+00 2.356130e+00 2.768261e+00 1.161126e+01 1.004229e+04 1.368035e+04 2.75798 5.676913e-01
7.400000e-01 2.754850e+00 2.355753e+00 2.767658e+00 1.161431e+01 1.006226e+04 1.367739e+04 2.75898 5.692100e-01
7.390000e-01 2.754850e+00 2.358231e+00 2.770540e+00 1.162496e+01 1.007313e+04 1.366289e+04 2.76431 5.697262e-01
7.380000e-01 2.754850e+00 2.357838e+00 2.769919e+00 1.162802e+01 1.009299e+04 1.365991e+04 2.76529 5.712416e-01
7.370000e-01 2.754850e+00 2.358101e+00 2.770047e+00 1.163229e+01 1.011096e+04 1.365530e+04 2.76806 5.727044e-01
7.360000e-01 2.754850e+00 2.361376e+00 2.773952e+00 1.164567e+01 1.011878e+04 1.363649e+04 2.77382 5.727484e-01
7.350000e-01 2.754850e+00 2.360946e+00 2.773285e+00 1.164872e+01 1.013840e+04 1.363352e+04 2.77472 5.742530e-01
7.340000e-01 2.754850e+00 2.361181e+00 2.773380e+00 1.165299e+01 1.015609e+04 1.362890e+04 2.77743 5.757025e-01
7.330000e-01 2.754850e+00 2.364505e+00 2.777342e+00 1.166652e+01 1.016348e+04 1.360990e+04 2.78332 5.757208e-01
7.320000e-01 2.754850e+00 2.364048e+00 2.776644e+00 1.166958e+01 1.018294e+04 1.360691e+04 2.78417 5.772226e-01
7.310000e-01 2.754850e+00 2.364274e+00 2.776728e+00 1.167389e+01 1.020049e+04 1.360224e+04 2.78688 5.786707e-01
7.300000e-01 2.754850e+00 2.367637e+00 2.780738e+00 1.168764e+01 1.020766e+04 1.358294e+04 2.79285 5.786687e-01
7.290000e-01 2.754850e+00 2.367165e+00 2.780026e+00 1.169073e+01 1.022701e+04 1.357992e+04 2.79368 5.801704e-01
7.280000e-01 2.754850e+00 2.367374e+00 2.780090e+00 1.169507e+01 1.024442e+04 1.357522e+04 2.79637 5.816158e-01
7.270000e-01 2.754850e+00 2.370774e+00 2.784144e+00 1.170901e+01 1.025128e+04 1.355565e+04 2.8024 5.815887e-01
7.260000e-01 2.754850e+00 2.370274e+00 2.783400e+00 1.171212e+01 1.027045e+04 1.355261e+04 2.80319 5.830852e-01
7.250000e-01 2.754850e+00 2.370466e+00 2.783447e+00 1.171649e+01 1.028768e+04 1.354788e+04 2.80586 5.845247e-01
7.240000e-01 2.754850e+00 2.373908e+00 2.787551e+00 1.173061e+01 1.029424e+04 1.352805e+04 2.81198 5.844747e-01
7.230000e-01 2.754850e+00 2.373379e+00 2.786776e+00 1.173373e+01 1.031326e+04 1.352500e+04 2.81271 5.859685e-01
7.220000e-01 2.754850e+00 2.373547e+00 2.786793e+00 1.173812e+01 1.033031e+04 1.352024e+04 2.81533 5.874016e-01
7.210000e-01 2.754850e+00 2.377035e+00 2.790953e+00 1.175244e+01 1.033650e+04 1.350016e+04 2.82155 5.873245e-01
7.200000e-01 2.754850e+00 2.378109e+00 2.792131e+00 1.175985e+01 1.035034e+04 1.349067e+04 2.82477 5.882500e-01
7.190000e-01 2.754850e+00 2.377511e+00 2.791269e+00 1.176290e+01 1.036905e+04 1.348769e+04 2.82538 5.897369e-01
7.180000e-01 2.754850e+00 2.377637e+00 2.791235e+00 1.176728e+01 1.038577e+04 1.348294e+04 2.82794 5.911591e-01
7.170000e-01 2.754850e+00 2.381212e+00 2.795505e+00 1.178190e+01 1.039142e+04 1.346250e+04 2.83434 5.910412e-01
7.160000e-01 2.754850e+00 2.382249e+00 2.796632e+00 1.178934e+01 1.040500e+04 1.345297e+04 2.83753 5.919639e-01
7.150000e-01 2.754850e+00 2.383286e+00 2.797762e+00 1.179680e+01 1.041852e+04 1.344344e+04 2.84073 5.928855e-01
7.140000e-01 2.754850e+00 2.384322e+00 2.798891e+00 1.180429e+01 1.043199e+04 1.343386e+04 2.84393 5.938046e-01
7.130000e-01 2.754850e+00 2.385358e+00 2.800021e+00 1.181182e+01 1.044538e+04 1.342425e+04 2.84713 5.947198e-01
7.120000e-01 2.754850e+00 2.386393e+00 2.801150e+00 1.181936e+01 1.045869e+04 1.341460e+04 2.85034 5.956306e-01
7.110000e-01 2.754850e+00 2.387427e+00 2.802278e+00 1.182694e+01 1.047192e+04 1.340492e+04 2.85354 5.965374e-01
7.100000e-01 2.754850e+00 2.388460e+00 2.803406e+00 1.183454e+01 1.048509e+04 1.339520e+04 2.85675 5.974412e-01
7.090000e-01 2.754850e+00 2.389492e+00 2.804534e+00 1.184218e+01 1.049819e+04 1.338544e+04 2.85995 5.983412e-01
7.080000e-01 2.754850e+00 2.390524e+00 2.805661e+00 1.184984e+01 1.051120e+04 1.337564e+04 2.86316 5.992369e-01
7.070000e-01 2.754850e+00 2.391553e+00 2.806786e+00 1.185753e+01 1.052412e+04 1.336581e+04 2.86636 6.001279e-01
7.060000e-01 2.754850e+00 2.392581e+00 2.807909e+00 1.186524e+01 1.053696e+04 1.335595e+04 2.86956 6.010142e-01
7.050000e-01 2.754850e+00 2.393604e+00 2.809027e+00 1.187296e+01 1.054967e+04 1.334607e+04 2.87275 6.018936e-01
7.040000e-01 2.754850e+00 2.394623e+00 2.810139e+00 1.188070e+01 1.056226e+04 1.333617e+04 2.87594 6.027673e-01
7.030000e-01 2.754850e+00 2.395641e+00 2.811249e+00 1.188847e+01 1.057480e+04 1.332623e+04 2.87913 6.036382e-01
7.020000e-01 2.754850e+00 2.396659e+00 2.812361e+00 1.189629e+01 1.058729e+04 1.331623e+04 2.88232 6.045068e-01
7.010000e-01 2.754850e+00 2.397676e+00 2.813472e+00 1.190413e+01 1.059971e+04 1.330618e+04 2.88551 6.053718e-01
7.000000e-01 2.754850e+00 2.398693e+00 2.814585e+00 1.191202e+01 1.061208e+04 1.329607e+04 2.8887 6.062339e-01
6.990000e-01 2.754850e+00 2.399710e+00 2.815697e+00 1.191994e+01 1.062439e+04 1.328592e+04 2.89189 6.070926e-01
6.980000e-01 2.754850e+00 2.400724e+00 2.816806e+00 1.192789e+01 1.063661e+04 1.327572e+04 2.89507 6.079466e-01
6.970000e-01 2.754850e+00 2.401737e+00 2.817914e+00 1.193587e+01 1.064876e+04 1.326548e+04 2.89826 6.087961e-01
6.960000e-01 2.754850e+00 2.402785e+00 2.819072e+00 1.194397e+01 1.066078e+04 1.325509e+04 2.90148 6.096297e-01
6.950000e-01 2.754850e+00 2.403796e+00 2.820181e+00 1.195202e+01 1.067279e+04 1.324475e+04 2.90466 6.104713e-01
6.940000e-01 2.754850e+00 2.404803e+00 2.821283e+00 1.196009e+01 1.068472e+04 1.323437e+04 2.90783 6.113086e-01
6.930000e-01 2.754850e+00 2.405808e+00 2.822384e+00 1.196820e+01 1.069656e+04 1.322395e+04 2.911 6.121413e-01
6.920000e-01 2.754850e+00 2.406810e+00 2.823482e+00 1.197632e+01 1.070832e+04 1.321349e+04 2.91416 6.129690e-01
6.910000e-01 2.754850e+00 2.407808e+00 2.824575e+00 1.198447e+01 1.071997e+04 1.320300e+04 2.91731 6.137908e-01
6.900000e-01 2.754850e+00 2.408800e+00 2.825659e+00 1.199263e+01 1.073150e+04 1.319249e+04 2.92045 6.146056e-01
6.890000e-01 2.754850e+00 2.409789e+00 2.826740e+00 1.200081e+01 1.074294e+04 1.318194e+04 2.92358 6.154154e-01
6.880000e-01 2.754850e+00 2.410776e+00 2.827819e+00 1.200904e+01 1.075433e+04 1.317132e+04 2.92672 6.162228e-01
6.870000e-01 2.754850e+00 2.411762e+00 2.828897e+00 1.201731e+01 1.076566e+04 1.316065e+04 2.92985 6.170267e-01
6.860000e-01 2.754850e+00 2.412746e+00 2.829974e+00 1.202562e+01 1.077692e+04 1.314992e+04 2.93297 6.178267e-01
6.850000e-01 2.754850e+00 2.413729e+00 2.831050e+00 1.203396e+01 1.078812e+04 1.313913e+04 2.93609 6.186233e-01
6.840000e-01 2.754850e+00 2.414710e+00 2.832124e+00 1.204235e+01 1.079925e+04 1.312828e+04 2.93921 6.194156e-01
6.830000e-01 2.754850e+00 2.415688e+00 2.833197e+00 1.205076e+01 1.081030e+04 1.311740e+04 2.94233 6.202031e-01
6.820000e-01 2.754850e+00 2.416663e+00 2.834265e+00 1.205920e+01 1.082126e+04 1.310647e+04 2.94543 6.209858e-01
6.810000e-01 2.754850e+00 2.417636e+00 2.835331e+00 1.206769e+01 1.083215e+04 1.309548e+04 2.94853 6.217646e-01
6.800000e-01 2.754850e+00 2.418607e+00 2.836397e+00 1.207621e+01 1.084297e+04 1.308445e+04 2.95163 6.225396e-01
6.790000e-01 2.754850e+00 2.419575e+00 2.837460e+00 1.208476e+01 1.085370e+04 1.307336e+04 2.95472 6.233097e-01
6.780000e-01 2.754850e+00 2.420539e+00 2.838519e+00 1.209335e+01 1.086434e+04 1.306224e+04 2.95781 6.240745e-01
6.770000e-01 2.754850e+00 2.421499e+00 2.839573e+00 1.210196e+01 1.087489e+04 1.305108e+04 2.96088 6.248340e-01
6.760000e-01 2.754850e+00 2.422454e+00 2.840620e+00 1.211058e+01 1.088531e+04 1.303989e+04 2.96395 6.255865e-01
6.750000e-01 2.754850e+00 2.423403e+00 2.841661e+00 1.211923e+01 1.089562e+04 1.302868e+04 2.967 6.263332e-01
6.740000e-01 2.754850e+00 2.424350e+00 2.842698e+00 1.212792e+01 1.090588e+04 1.301740e+04 2.97005 6.270766e-01
6.730000e-01 2.754850e+00 2.425328e+00 2.843781e+00 1.213674e+01 1.091602e+04 1.300593e+04 2.97313 6.278044e-01
6.720000e-01 2.754850e+00 2.426271e+00 2.844816e+00 1.214552e+01 1.092614e+04 1.299452e+04 2.97616 6.285390e-01
6.710000e-01 2.754850e+00 2.427210e+00 2.845847e+00 1.215435e+01 1.093620e+04 1.298304e+04 2.97919 6.292703e-01
6.700000e-01 2.754850e+00 2.428146e+00 2.846875e+00 1.216321e+01 1.094618e+04 1.297150e+04 2.98221 6.299971e-01
6.690000e-01 2.754850e+00 2.429077e+00 2.847898e+00 1.217211e+01 1.095608e+04 1.295990e+04 2.98522 6.307184e-01
6.680000e-01 2.754850e+00 2.430005e+00 2.848917e+00 1.218104e+01 1.096590e+04 1.294826e+04 2.98821 6.314345e-01
6.670000e-01 2.754850e+00 2.430928e+00 2.849931e+00 1.219001e+01 1.097563e+04 1.293655e+04 2.9912 6.321460e-01
6.660000e-01 2.754850e+00 2.431849e+00 2.850944e+00 1.219902e+01 1.098530e+04 1.292478e+04 2.99417 6.328532e-01
6.650000e-01 2.754850e+00 2.432765e+00 2.851951e+00 1.220807e+01 1.099489e+04 1.291295e+04 2.99714 6.335549e-01
6.640000e-01 2.754850e+00 2.433675e+00 2.852952e+00 1.221715e+01 1.100437e+04 1.290108e+04 3.00009 6.342508e-01
6.630000e-01 2.754850e+00 2.434581e+00 2.853948e+00 1.222626e+01 1.101377e+04 1.288915e+04 3.00302 6.349409e-01
6.620000e-01 2.754850e+00 2.435480e+00 2.854935e+00 1.223539e+01 1.102304e+04 1.287720e+04 3.00594 6.356237e-01
6.610000e-01 2.754850e+00 2.436371e+00 2.855913e+00 1.224453e+01 1.103220e+04 1.286520e+04 3.00884 6.363001e-01
6.600000e-01 2.754850e+00 2.437259e+00 2.856886e+00 1.225373e+01 1.104129e+04 1.285314e+04 3.01173 6.369724e-01
6.590000e-01 2.754850e+00 2.438143e+00 2.857858e+00 1.226297e+01 1.105032e+04 1.284101e+04 3.01462 6.376410e-01
6.580000e-01 2.754850e+00 2.439023e+00 2.858823e+00 1.227227e+01 1.105927e+04 1.282881e+04 3.01749 6.383043e-01
6.570000e-01 2.754850e+00 2.439900e+00 2.859788e+00 1.228161e+01 1.106815e+04 1.281653e+04 3.02035 6.389637e-01
6.560000e-01 2.754850e+00 2.440773e+00 2.860749e+00 1.229100e+01 1.107696e+04 1.280419e+04 3.02321 6.396181e-01
6.550000e-01 2.754850e+00 2.441641e+00 2.861703e+00 1.230042e+01 1.108567e+04 1.279179e+04 3.02604 6.402667e-01
6.540000e-01 2.754850e+00 2.442536e+00 2.862698e+00 1.230998e+01 1.109425e+04 1.277923e+04 3.0289 6.408980e-01
6.530000e-01 2.754850e+00 2.443396e+00 2.863646e+00 1.231949e+01 1.110279e+04 1.276671e+04 3.03172 6.415360e-01
6.520000e-01 2.754850e+00 2.444249e+00 2.864587e+00 1.232905e+01 1.111126e+04 1.275412e+04 3.03452 6.421695e-01
6.510000e-01 2.754850e+00 2.445098e+00 2.865524e+00 1.233865e+01 1.111964e+04 1.274147e+04 3.03731 6.427973e-01
6.500000e-01 2.754850e+00 2.445941e+00 2.866453e+00 1.234829e+01 1.112791e+04 1.272878e+04 3.04008 6.434190e-01
6.490000e-01 2.754850e+00 2.446777e+00 2.867376e+00 1.235796e+01 1.113609e+04 1.271603e+04 3.04283 6.440345e-01
6.480000e-01 2.754850e+00 2.447606e+00 2.868289e+00 1.236765e+01 1.114414e+04 1.270326e+04 3.04557 6.446427e-01
6.470000e-01 2.754850e+00 2.448427e+00 2.869191e+00 1.237737e+01 1.115208e+04 1.269044e+04 3.04828 6.452442e-01
6.460000e-01 2.754850e+00 2.449242e+00 2.870088e+00 1.238714e+01 1.115996e+04 1.267754e+04 3.05098 6.458414e-01
6.450000e-01 2.754850e+00 2.450052e+00 2.870981e+00 1.239697e+01 1.116776e+04 1.266456e+04 3.05366 6.464337e-01
6.440000e-01 2.754850e+00 2.450857e+00 2.871868e+00 1.240685e+01 1.117548e+04 1.265150e+04 3.05633 6.470206e-01
6.430000e-01 2.754850e+00 2.451657e+00 2.872750e+00 1.241678e+01 1.118313e+04 1.263836e+04 3.05898 6.476022e-01
6.420000e-01 2.754850e+00 2.452450e+00 2.873625e+00 1.242676e+01 1.119069e+04 1.262514e+04 3.06161 6.481778e-01
6.410000e-01 2.754850e+00 2.453236e+00 2.874491e+00 1.243678e+01 1.119816e+04 1.261186e+04 3.06422 6.487467e-01
6.400000e-01 2.754850e+00 2.454015e+00 2.875351e+00 1.244685e+01 1.120554e+04 1.259851e+04 3.0668 6.493096e-01
6.390000e-01 2.754850e+00 2.454787e+00 2.876203e+00 1.245696e+01 1.121283e+04 1.258508e+04 3.06937 6.498669e-01
6.380000e-01 2.754850e+00 2.455583e+00 2.877092e+00 1.246722e+01 1.122000e+04 1.257146e+04 3.07195 6.504065e-01
6.370000e-01 2.754850e+00 2.456344e+00 2.877933e+00 1.247744e+01 1.122711e+04 1.255789e+04 3.07448 6.509510e-01
6.360000e-01 2.754850e+00 2.457096e+00 2.878764e+00 1.248769e+01 1.123412e+04 1.254426e+04 3.07698 6.514892e-01
6.350000e-01 2.754850e+00 2.457840e+00 2.879585e+00 1.249797e+01 1.124102e+04 1.253059e+04 3.07946 6.520203e-01
6.340000e-01 2.754850e+00 2.458575e+00 2.880395e+00 1.250828e+01 1.124780e+04 1.251688e+04 3.08192 6.525438e-01
6.330000e-01 2.754850e+00 2.459301e+00 2.881195e+00 1.251863e+01 1.125448e+04 1.250311e+04 3.08436 6.530610e-01
6.320000e-01 2.754850e+00 2.460020e+00 2.881988e+00 1.252904e+01 1.126109e+04 1.248924e+04 3.08677 6.535732e-01
6.310000e-01 2.754850e+00 2.460732e+00 2.882774e+00 1.253951e+01 1.126761e+04 1.247529e+04 3.08916 6.540792e-01
6.300000e-01 2.754850e+00 2.461438e+00 2.883552e+00 1.255005e+01 1.127405e+04 1.246124e+04 3.09152 6.545792e-01
6.290000e-01 2.754850e+00 2.462135e+00 2.884322e+00 1.256063e+01 1.128041e+04 1.244711e+04 3.09386 6.550727e-01
6.280000e-01 2.754850e+00 2.462823e+00 2.885082e+00 1.257127e+01 1.128667e+04 1.243290e+04 3.09617 6.555589e-01
6.270000e-01 2.754850e+00 2.463502e+00 2.885831e+00 1.258195e+01 1.129283e+04 1.241861e+04 3.09845 6.560376e-01
6.260000e-01 2.754850e+00 2.464172e+00 2.886572e+00 1.259269e+01 1.129891e+04 1.240423e+04 3.1007 6.565099e-01
6.250000e-01 2.754850e+00 2.464834e+00 2.887303e+00 1.260349e+01 1.130490e+04 1.238976e+04 3.10292 6.569754e-01
6.240000e-01 2.754850e+00 2.465488e+00 2.888025e+00 1.261434e+01 1.131079e+04 1.237522e+04 3.10511 6.574340e-01
6.230000e-01 2.754850e+00 2.466161e+00 2.888778e+00 1.262531e+01 1.131653e+04 1.236050e+04 3.10731 6.578734e-01
6.220000e-01 2.754850e+00 2.466799e+00 2.889483e+00 1.263625e+01 1.132220e+04 1.234583e+04 3.10945 6.583170e-01
6.210000e-01 2.754850e+00 2.467425e+00 2.890174e+00 1.264722e+01 1.132776e+04 1.233113e+04 3.11157 6.587530e-01
6.200000e-01 2.754850e+00 2.468041e+00 2.890853e+00 1.265822e+01 1.133319e+04 1.231637e+04 3.11365 6.591818e-01
6.190000e-01 2.754850e+00 2.468649e+00 2.891524e+00 1.266929e+01 1.133855e+04 1.230153e+04 3.11572 6.596051e-01
6.180000e-01 2.754850e+00 2.469248e+00 2.892186e+00 1.268043e+01 1.134382e+04 1.228658e+04 3.11775 6.600218e-01
6.170000e-01 2.754850e+00 2.469838e+00 2.892837e+00 1.269164e+01 1.134899e+04 1.227153e+04 3.11975 6.604313e-01
6.160000e-01 2.754850e+00 2.470419e+00 2.893479e+00 1.270291e+01 1.135408e+04 1.225639e+04 3.12172 6.608339e-01
6.150000e-01 2.754850e+00 2.470990e+00 2.894111e+00 1.271424e+01 1.135906e+04 1.224116e+04 3.12366 6.612290e-01
6.140000e-01 2.754850e+00 2.471551e+00 2.894731e+00 1.272563e+01 1.136395e+04 1.222586e+04 3.12557 6.616164e-01
6.130000e-01 2.754850e+00 2.472102e+00 2.895342e+00 1.273707e+01 1.136874e+04 1.221047e+04 3.12744 6.619967e-01
6.120000e-01 2.754850e+00 2.472644e+00 2.895943e+00 1.274859e+01 1.137343e+04 1.219498e+04 3.12929 6.623702e-01
6.110000e-01 2.754850e+00 2.473176e+00 2.896534e+00 1.276016e+01 1.137802e+04 1.217941e+04 3.1311 6.627362e-01
6.100000e-01 2.754850e+00 2.473726e+00 2.897152e+00 1.277188e+01 1.138245e+04 1.216366e+04 3.13291 6.630826e-01
6.090000e-01 2.754850e+00 2.474238e+00 2.897720e+00 1.278356e+01 1.138682e+04 1.214794e+04 3.13465 6.634320e-01
6.080000e-01 2.754850e+00 2.474737e+00 2.898272e+00 1.279527e+01 1.139107e+04 1.213217e+04 3.13636 6.637729e-01
6.070000e-01 2.754850e+00 2.475222e+00 2.898807e+00 1.280701e+01 1.139520e+04 1.211635e+04 3.13802 6.641046e-01
6.060000e-01 2.754850e+00 2.475695e+00 2.899327e+00 1.281883e+01 1.139923e+04 1.210042e+04 3.13964 6.644288e-01
6.050000e-01 2.754850e+00 2.476157e+00 2.899837e+00 1.283073e+01 1.140318e+04 1.208437e+04 3.14122 6.647453e-01
6.040000e-01 2.754850e+00 2.476607e+00 2.900335e+00 1.284269e+01 1.140703e+04 1.206822e+04 3.14276 6.650536e-01
6.030000e-01 2.754850e+00 2.477046e+00 2.900819e+00 1.285474e+01 1.141078e+04 1.205195e+04 3.14426 6.653537e-01
6.020000e-01 2.754850e+00 2.477473e+00 2.901290e+00 1.286685e+01 1.141442e+04 1.203559e+04 3.14572 6.656453e-01
6.010000e-01 2.754850e+00 2.477889e+00 2.901750e+00 1.287902e+01 1.141796e+04 1.201914e+04 3.14714 6.659287e-01
6.000000e-01 2.754850e+00 2.478293e+00 2.902198e+00 1.289126e+01 1.142139e+04 1.200261e+04 3.14852 6.662041e-01
5.990000e-01 2.754850e+00 2.478685e+00 2.902632e+00 1.290358e+01 1.142472e+04 1.198597e+04 3.14986 6.664717e-01
5.980000e-01 2.754850e+00 2.479094e+00 2.903093e+00 1.291606e+01 1.142789e+04 1.196913e+04 3.1512 6.667198e-01
5.970000e-01 2.754850e+00 2.479467e+00 2.903507e+00 1.292851e+01 1.143100e+04 1.195232e+04 3.15247 6.669705e-01
5.960000e-01 2.754850e+00 2.479824e+00 2.903904e+00 1.294102e+01 1.143399e+04 1.193544e+04 3.1537 6.672129e-01
5.950000e-01 2.754850e+00 2.480171e+00 2.904287e+00 1.295357e+01 1.143686e+04 1.191852e+04 3.1549 6.674467e-01
5.940000e-01 2.754850e+00 2.480505e+00 2.904656e+00 1.296616e+01 1.143961e+04 1.190154e+04 3.15606 6.676722e-01
5.930000e-01 2.754850e+00 2.480826e+00 2.905010e+00 1.297884e+01 1.144225e+04 1.188445e+04 3.15718 6.678901e-01
5.920000e-01 2.754850e+00 2.481134e+00 2.905351e+00 1.299161e+01 1.144480e+04 1.186724e+04 3.15825 6.680992e-01
5.910000e-01 2.754850e+00 2.481429e+00 2.905678e+00 1.300446e+01 1.144724e+04 1.184992e+04 3.15927 6.682995e-01
5.900000e-01 2.754850e+00 2.481710e+00 2.905989e+00 1.301739e+01 1.144957e+04 1.183247e+04 3.16024 6.684902e-01
5.890000e-01 2.754850e+00 2.481976e+00 2.906283e+00 1.303040e+01 1.145179e+04 1.181492e+04 3.16116 6.686710e-01
5.880000e-01 2.754850e+00 2.482229e+00 2.906563e+00 1.304348e+01 1.145390e+04 1.179728e+04 3.16204 6.688424e-01
5.870000e-01 2.754850e+00 2.482492e+00 2.906862e+00 1.305672e+01 1.145585e+04 1.177942e+04 3.16288 6.689928e-01
5.860000e-01 2.754850e+00 2.482716e+00 2.907108e+00 1.306998e+01 1.145774e+04 1.176153e+04 3.16364 6.691440e-01
5.850000e-01 2.754850e+00 2.482925e+00 2.907341e+00 1.308330e+01 1.145952e+04 1.174356e+04 3.16436 6.692863e-01
5.840000e-01 2.754850e+00 2.483122e+00 2.907560e+00 1.309668e+01 1.146118e+04 1.172551e+04 3.16503 6.694197e-01
5.830000e-01 2.754850e+00 2.483305e+00 2.907761e+00 1.311014e+01 1.146271e+04 1.170739e+04 3.16566 6.695440e-01
5.820000e-01 2.754850e+00 2.483478e+00 2.907951e+00 1.312364e+01 1.146412e+04 1.168923e+04 3.16626 6.696602e-01
5.810000e-01 2.754850e+00 2.483638e+00 2.908127e+00 1.313720e+01 1.146541e+04 1.167101e+04 3.16683 6.697684e-01
5.800000e-01 2.754850e+00 2.483782e+00 2.908286e+00 1.315087e+01 1.146659e+04 1.165266e+04 3.16734 6.698677e-01
5.790000e-01 2.754850e+00 2.483915e+00 2.908433e+00 1.316463e+01 1.146766e+04 1.163420e+04 3.16782 6.699589e-01
5.780000e-01 2.754850e+00 2.484034e+00 2.908565e+00 1.317850e+01 1.146862e+04 1.161562e+04 3.16824 6.700405e-01
5.770000e-01 2.754850e+00 2.484135e+00 2.908677e+00 1.319245e+01 1.146946e+04 1.159690e+04 3.16859 6.701108e-01
5.760000e-01 2.754850e+00 2.484222e+00 2.908773e+00 1.320649e+01 1.147019e+04 1.157809e+04 3.1689 6.701711e-01
5.750000e-01 2.754850e+00 2.484318e+00 2.908886e+00 1.322069e+01 1.147074e+04 1.155907e+04 3.16918 6.702097e-01
5.740000e-01 2.754850e+00 2.484371e+00 2.908945e+00 1.323492e+01 1.147123e+04 1.154002e+04 3.16936 6.702479e-01
5.730000e-01 2.754850e+00 2.484409e+00 2.908987e+00 1.324923e+01 1.147160e+04 1.152085e+04 3.16948 6.702760e-01
5.720000e-01 2.754850e+00 2.484432e+00 2.909013e+00 1.326363e+01 1.147186e+04 1.150159e+04 3.16956 6.702940e-01
5.710000e-01 2.754850e+00 2.484440e+00 2.909020e+00 1.327810e+01 1.147199e+04 1.148225e+04 3.16958 6.703021e-01
5.700000e-01 2.754850e+00 2.484439e+00 2.909018e+00 1.329263e+01 1.147200e+04 1.146288e+04 3.16958 6.703028e-01
5.705109e-01 2.754850e+00 2.484825e+00 2.909539e+00 1.328660e+01 1.147099e+04 1.147102e+04 3.16994 6.701116e-01
