1.000000e+00 2.804010e+00 2.120280e+00 2.519087e+00 1.033552e+01 0.000000e+00 1.596737e+04 0 0.000000e+00
9.990000e-01 2.804010e+00 2.121951e+00 2.520421e+00 1.034442e+01 6.475698e+02 1.586429e+04 2.09491 3.428224e-02
9.980000e-01 2.804010e+00 2.121986e+00 2.520168e+00 1.034601e+01 9.200196e+02 1.582693e+04 2.18797 5.086744e-02
9.970000e-01 2.804010e+00 2.123242e+00 2.521574e+00 1.035114e+01 1.124570e+03 1.579624e+04 2.10008 5.960873e-02
9.960000e-01 2.804010e+00 2.123421e+00 2.521536e+00 1.035296e+01 1.306204e+03 1.577197e+04 2.14333 7.065038e-02
9.950000e-01 2.804010e+00 2.124631e+00 2.522909e+00 1.035793e+01 1.461037e+03 1.574799e+04 2.10383 7.748033e-02
9.940000e-01 2.804010e+00 2.124917e+00 2.523044e+00 1.035986e+01 1.607168e+03 1.572884e+04 2.13288 8.638368e-02
9.930000e-01 2.804010e+00 2.126075e+00 2.524376e+00 1.036468e+01 1.736169e+03 1.570844e+04 2.10757 9.210933e-02
9.920000e-01 2.804010e+00 2.126404e+00 2.524584e+00 1.036666e+01 1.861372e+03 1.569229e+04 2.12934 9.974123e-02
9.910000e-01 2.804010e+00 2.127546e+00 2.525907e+00 1.037143e+01 1.973935e+03 1.567412e+04 2.11134 1.047658e-01
9.900000e-01 2.804010e+00 2.127894e+00 2.526150e+00 1.037343e+01 2.084947e+03 1.565998e+04 2.1287 1.115314e-01
9.890000e-01 2.804010e+00 2.129026e+00 2.527464e+00 1.037818e+01 2.185241e+03 1.564343e+04 2.11512 1.160274e-01
9.880000e-01 2.804010e+00 2.129361e+00 2.527690e+00 1.038017e+01 2.285428e+03 1.563083e+04 2.12932 1.221228e-01
9.870000e-01 2.804010e+00 2.130498e+00 2.529005e+00 1.038494e+01 2.376206e+03 1.561547e+04 2.11891 1.262183e-01
9.860000e-01 2.804010e+00 2.130826e+00 2.529220e+00 1.038695e+01 2.468643e+03 1.560396e+04 2.13113 1.318441e-01
9.850000e-01 2.804010e+00 2.131973e+00 2.530546e+00 1.039176e+01 2.552839e+03 1.558940e+04 2.12273 1.356570e-01
9.840000e-01 2.804010e+00 2.132302e+00 2.530764e+00 1.039377e+01 2.639122e+03 1.557877e+04 2.13351 1.409108e-01
9.830000e-01 2.804010e+00 2.133451e+00 2.532089e+00 1.039860e+01 2.717534e+03 1.556490e+04 2.12656 1.444690e-01
9.820000e-01 2.804010e+00 2.133769e+00 2.532291e+00 1.040062e+01 2.798560e+03 1.555500e+04 2.13613 1.494018e-01
9.810000e-01 2.804010e+00 2.134927e+00 2.533623e+00 1.040548e+01 2.872226e+03 1.554169e+04 2.1304 1.527569e-01
9.800000e-01 2.804010e+00 2.135231e+00 2.533803e+00 1.040749e+01 2.948729e+03 1.553243e+04 2.13897 1.574117e-01
9.790000e-01 2.804010e+00 2.136395e+00 2.535136e+00 1.041238e+01 3.017935e+03 1.551964e+04 2.13424 1.605746e-01
9.780000e-01 2.804010e+00 2.136666e+00 2.535268e+00 1.041437e+01 3.090305e+03 1.551095e+04 2.14186 1.649703e-01
9.770000e-01 2.804010e+00 2.137846e+00 2.536611e+00 1.041931e+01 3.155663e+03 1.549855e+04 2.13806 1.679754e-01
9.760000e-01 2.804010e+00 2.138116e+00 2.536735e+00 1.042132e+01 3.225239e+03 1.549025e+04 2.14523 1.722109e-01
9.750000e-01 2.804010e+00 2.139311e+00 2.538095e+00 1.042633e+01 3.288549e+03 1.547804e+04 2.14193 1.751253e-01
9.740000e-01 2.804010e+00 2.139605e+00 2.538254e+00 1.042838e+01 3.355887e+03 1.547005e+04 2.14882 1.792372e-01
9.730000e-01 2.804010e+00 2.140799e+00 2.539616e+00 1.043341e+01 3.417259e+03 1.545808e+04 2.14583 1.820577e-01
9.720000e-01 2.804010e+00 2.141113e+00 2.539803e+00 1.043549e+01 3.482425e+03 1.545038e+04 2.15243 1.860454e-01
9.710000e-01 2.804010e+00 2.142307e+00 2.541169e+00 1.044053e+01 3.541937e+03 1.543864e+04 2.14977 1.887800e-01
9.700000e-01 2.804010e+00 2.142634e+00 2.541376e+00 1.044263e+01 3.604957e+03 1.543122e+04 2.15604 1.926406e-01
9.690000e-01 2.804010e+00 2.143826e+00 2.542743e+00 1.044766e+01 3.662338e+03 1.541974e+04 2.15372 1.952788e-01
9.680000e-01 2.804010e+00 2.144148e+00 2.542945e+00 1.044976e+01 3.723117e+03 1.541262e+04 2.15959 1.990010e-01
9.670000e-01 2.804010e+00 2.145345e+00 2.544317e+00 1.045480e+01 3.778380e+03 1.540138e+04 2.15767 2.015503e-01
9.660000e-01 2.804010e+00 2.145667e+00 2.544519e+00 1.045691e+01 3.837343e+03 1.539451e+04 2.16326 2.051645e-01
9.650000e-01 2.804010e+00 2.146871e+00 2.545900e+00 1.046198e+01 3.890972e+03 1.538344e+04 2.16164 2.076431e-01
9.640000e-01 2.804010e+00 2.147194e+00 2.546105e+00 1.046410e+01 3.948230e+03 1.537680e+04 2.16698 2.111549e-01
9.630000e-01 2.804010e+00 2.148401e+00 2.547488e+00 1.046919e+01 4.000104e+03 1.536593e+04 2.16563 2.135563e-01
9.620000e-01 2.804010e+00 2.148719e+00 2.547686e+00 1.047131e+01 4.055751e+03 1.535951e+04 2.17071 2.169706e-01
9.610000e-01 2.804010e+00 2.149933e+00 2.549077e+00 1.047642e+01 4.106087e+03 1.534879e+04 2.16963 2.193067e-01
9.600000e-01 2.804010e+00 2.150242e+00 2.549261e+00 1.047854e+01 4.160177e+03 1.534258e+04 2.17445 2.226254e-01
9.590000e-01 2.804010e+00 2.151462e+00 2.550656e+00 1.048368e+01 4.208781e+03 1.533202e+04 2.17364 2.248869e-01
9.580000e-01 2.804010e+00 2.151748e+00 2.550807e+00 1.048578e+01 4.261256e+03 1.532603e+04 2.17816 2.281039e-01
9.570000e-01 2.804010e+00 2.152984e+00 2.552215e+00 1.049096e+01 4.308394e+03 1.531558e+04 2.17765 2.303086e-01
9.560000e-01 2.804010e+00 2.153275e+00 2.552371e+00 1.049309e+01 4.359930e+03 1.530970e+04 2.1821 2.334762e-01
9.550000e-01 2.804010e+00 2.154520e+00 2.553790e+00 1.049832e+01 4.406381e+03 1.529927e+04 2.18171 2.356487e-01
9.540000e-01 2.804010e+00 2.154827e+00 2.553967e+00 1.050049e+01 4.457031e+03 1.529349e+04 2.1861 2.387687e-01
9.530000e-01 2.804010e+00 2.156074e+00 2.555391e+00 1.050574e+01 4.502628e+03 1.528313e+04 2.1858 2.408996e-01
9.520000e-01 2.804010e+00 2.156391e+00 2.555584e+00 1.050793e+01 4.552324e+03 1.527748e+04 2.19009 2.439651e-01
9.510000e-01 2.804010e+00 2.157641e+00 2.557013e+00 1.051320e+01 4.597060e+03 1.526721e+04 2.18991 2.460570e-01
9.500000e-01 2.804010e+00 2.157964e+00 2.557216e+00 1.051540e+01 4.645749e+03 1.526168e+04 2.19409 2.490630e-01
9.490000e-01 2.804010e+00 2.159215e+00 2.558648e+00 1.052067e+01 4.689446e+03 1.525153e+04 2.19404 2.511086e-01
9.480000e-01 2.804010e+00 2.159535e+00 2.558847e+00 1.052288e+01 4.737096e+03 1.524613e+04 2.19808 2.540513e-01
9.470000e-01 2.804010e+00 2.160793e+00 2.560287e+00 1.052818e+01 4.779839e+03 1.523606e+04 2.19818 2.560579e-01
9.460000e-01 2.804010e+00 2.161117e+00 2.560491e+00 1.053040e+01 4.826677e+03 1.523076e+04 2.20214 2.589544e-01
9.450000e-01 2.804010e+00 2.162381e+00 2.561937e+00 1.053573e+01 4.868622e+03 1.522074e+04 2.20235 2.609252e-01
9.440000e-01 2.804010e+00 2.162703e+00 2.562140e+00 1.053795e+01 4.914562e+03 1.521555e+04 2.20619 2.637675e-01
9.430000e-01 2.804010e+00 2.163972e+00 2.563593e+00 1.054330e+01 4.955549e+03 1.520561e+04 2.20654 2.656971e-01
9.420000e-01 2.804010e+00 2.164289e+00 2.563789e+00 1.054553e+01 5.000625e+03 1.520053e+04 2.21026 2.684874e-01
9.410000e-01 2.804010e+00 2.165564e+00 2.565248e+00 1.055090e+01 5.040683e+03 1.519066e+04 2.21073 2.703773e-01
9.400000e-01 2.804010e+00 2.165868e+00 2.565426e+00 1.055312e+01 5.084814e+03 1.518570e+04 2.2143 2.731080e-01
9.390000e-01 2.804010e+00 2.167151e+00 2.566891e+00 1.055851e+01 5.123755e+03 1.517592e+04 2.21493 2.749516e-01
9.380000e-01 2.804010e+00 2.167439e+00 2.567045e+00 1.056072e+01 5.167013e+03 1.517108e+04 2.21836 2.776287e-01
9.370000e-01 2.804010e+00 2.168738e+00 2.568527e+00 1.056616e+01 5.205309e+03 1.516132e+04 2.21914 2.794497e-01
9.360000e-01 2.804010e+00 2.169038e+00 2.568696e+00 1.056841e+01 5.248153e+03 1.515653e+04 2.22258 2.821087e-01
9.350000e-01 2.804010e+00 2.170341e+00 2.570184e+00 1.057390e+01 5.286098e+03 1.514676e+04 2.22339 2.839111e-01
9.340000e-01 2.804010e+00 2.170653e+00 2.570370e+00 1.057617e+01 5.328430e+03 1.514201e+04 2.22681 2.865429e-01
9.330000e-01 2.804010e+00 2.172005e+00 2.571923e+00 1.058177e+01 5.365841e+03 1.513215e+04 2.22774 2.883155e-01
9.320000e-01 2.804010e+00 2.172296e+00 2.572083e+00 1.058401e+01 5.407642e+03 1.512755e+04 2.23108 2.909194e-01
9.310000e-01 2.804010e+00 2.173635e+00 2.573620e+00 1.058960e+01 5.444479e+03 1.511778e+04 2.23205 2.926675e-01
9.300000e-01 2.804010e+00 2.173925e+00 2.573780e+00 1.059184e+01 5.485622e+03 1.511325e+04 2.23532 2.952319e-01
9.290000e-01 2.804010e+00 2.175269e+00 2.575323e+00 1.059745e+01 5.521775e+03 1.510354e+04 2.23638 2.969509e-01
9.280000e-01 2.804010e+00 2.175558e+00 2.575482e+00 1.059970e+01 5.562331e+03 1.509908e+04 2.23958 2.994810e-01
9.270000e-01 2.804010e+00 2.176911e+00 2.577034e+00 1.060534e+01 5.597980e+03 1.508939e+04 2.24072 3.011796e-01
9.260000e-01 2.804010e+00 2.177203e+00 2.577198e+00 1.060761e+01 5.638049e+03 1.508499e+04 2.24389 3.036830e-01
9.250000e-01 2.804010e+00 2.178560e+00 2.578756e+00 1.061328e+01 5.673142e+03 1.507531e+04 2.24509 3.053560e-01
9.240000e-01 2.804010e+00 2.178850e+00 2.578916e+00 1.061555e+01 5.712637e+03 1.507097e+04 2.2482 3.078252e-01
9.230000e-01 2.804010e+00 2.180214e+00 2.580483e+00 1.062125e+01 5.747131e+03 1.506132e+04 2.24948 3.094730e-01
9.220000e-01 2.804010e+00 2.180497e+00 2.580634e+00 1.062353e+01 5.786053e+03 1.505705e+04 2.25251 3.119076e-01
9.210000e-01 2.804010e+00 2.181868e+00 2.582206e+00 1.062924e+01 5.819819e+03 1.504743e+04 2.25388 3.135241e-01
9.200000e-01 2.804010e+00 2.182133e+00 2.582332e+00 1.063151e+01 5.858045e+03 1.504324e+04 2.25679 3.159144e-01
9.190000e-01 2.804010e+00 2.183516e+00 2.583917e+00 1.063725e+01 5.891112e+03 1.503365e+04 2.25828 3.175044e-01
9.180000e-01 2.804010e+00 2.183781e+00 2.584042e+00 1.063953e+01 5.928948e+03 1.502950e+04 2.26117 3.198749e-01
9.170000e-01 2.804010e+00 2.185176e+00 2.585639e+00 1.064534e+01 5.961767e+03 1.501987e+04 2.26272 3.214549e-01
9.160000e-01 2.804010e+00 2.185452e+00 2.585780e+00 1.064765e+01 5.999322e+03 1.501574e+04 2.26562 3.238131e-01
9.150000e-01 2.804010e+00 2.186851e+00 2.587383e+00 1.065349e+01 6.031835e+03 1.500610e+04 2.26719 3.253771e-01
9.140000e-01 2.804010e+00 2.187134e+00 2.587534e+00 1.065582e+01 6.069014e+03 1.500200e+04 2.27008 3.277148e-01
9.130000e-01 2.804010e+00 2.188538e+00 2.589143e+00 1.066168e+01 6.101127e+03 1.499237e+04 2.27169 3.292603e-01
9.120000e-01 2.804010e+00 2.188821e+00 2.589297e+00 1.066402e+01 6.137840e+03 1.498833e+04 2.27454 3.315703e-01
9.110000e-01 2.804010e+00 2.190229e+00 2.590912e+00 1.066990e+01 6.169435e+03 1.497873e+04 2.27621 3.330931e-01
9.100000e-01 2.804010e+00 2.190508e+00 2.591060e+00 1.067224e+01 6.205664e+03 1.497474e+04 2.27899 3.353738e-01
9.090000e-01 2.804010e+00 2.191924e+00 2.592685e+00 1.067814e+01 6.236816e+03 1.496515e+04 2.28074 3.368793e-01
9.080000e-01 2.804010e+00 2.192205e+00 2.592837e+00 1.068050e+01 6.272694e+03 1.496120e+04 2.2835 3.391412e-01
9.070000e-01 2.804010e+00 2.193627e+00 2.594469e+00 1.068644e+01 6.303481e+03 1.495161e+04 2.28529 3.406304e-01
9.060000e-01 2.804010e+00 2.193907e+00 2.594619e+00 1.068881e+01 6.338962e+03 1.494770e+04 2.28802 3.428694e-01
9.050000e-01 2.804010e+00 2.195337e+00 2.596260e+00 1.069478e+01 6.369309e+03 1.493811e+04 2.28987 3.443397e-01
9.040000e-01 2.804010e+00 2.195613e+00 2.596405e+00 1.069715e+01 6.404398e+03 1.493424e+04 2.29255 3.465561e-01
9.030000e-01 2.804010e+00 2.197049e+00 2.598052e+00 1.070315e+01 6.434247e+03 1.492466e+04 2.29446 3.480047e-01
9.020000e-01 2.804010e+00 2.197310e+00 2.598177e+00 1.070552e+01 6.468830e+03 1.492085e+04 2.29706 3.501895e-01
9.010000e-01 2.804010e+00 2.198757e+00 2.599835e+00 1.071154e+01 6.498080e+03 1.491129e+04 2.29905 3.516138e-01
9.000000e-01 2.804010e+00 2.199012e+00 2.599950e+00 1.071392e+01 6.532299e+03 1.490752e+04 2.30162 3.537786e-01
8.990000e-01 2.804010e+00 2.200472e+00 2.601623e+00 1.072000e+01 6.561318e+03 1.489791e+04 2.30367 3.551953e-01
8.980000e-01 2.804010e+00 2.200737e+00 2.601752e+00 1.072241e+01 6.595368e+03 1.489415e+04 2.30627 3.573548e-01
8.970000e-01 2.804010e+00 2.202204e+00 2.603432e+00 1.072853e+01 6.624210e+03 1.488450e+04 2.30834 3.587616e-01
8.960000e-01 2.804010e+00 2.202476e+00 2.603571e+00 1.073097e+01 6.658013e+03 1.488075e+04 2.31094 3.609089e-01
8.950000e-01 2.804010e+00 2.203948e+00 2.605259e+00 1.073713e+01 6.686581e+03 1.487109e+04 2.31304 3.623025e-01
8.940000e-01 2.804010e+00 2.204223e+00 2.605403e+00 1.073957e+01 6.720050e+03 1.486737e+04 2.31561 3.644307e-01
8.930000e-01 2.804010e+00 2.205699e+00 2.607096e+00 1.074575e+01 6.748219e+03 1.485771e+04 2.31775 3.658062e-01
8.920000e-01 2.804010e+00 2.205968e+00 2.607233e+00 1.074820e+01 6.781296e+03 1.485403e+04 2.32028 3.679104e-01
8.910000e-01 2.804010e+00 2.207452e+00 2.608936e+00 1.075440e+01 6.809072e+03 1.484438e+04 2.32248 3.692703e-01
8.900000e-01 2.804010e+00 2.207721e+00 2.609075e+00 1.075686e+01 6.841856e+03 1.484073e+04 2.32499 3.713585e-01
8.890000e-01 2.804010e+00 2.209213e+00 2.610786e+00 1.076310e+01 6.869330e+03 1.483107e+04 2.32723 3.727054e-01
8.880000e-01 2.804010e+00 2.209480e+00 2.610923e+00 1.076557e+01 6.901806e+03 1.482744e+04 2.32971 3.747762e-01
8.870000e-01 2.804010e+00 2.210979e+00 2.612643e+00 1.077184e+01 6.928922e+03 1.481777e+04 2.332 3.761075e-01
8.860000e-01 2.804010e+00 2.211241e+00 2.612774e+00 1.077431e+01 6.961090e+03 1.481417e+04 2.33445 3.781609e-01
8.850000e-01 2.804010e+00 2.212748e+00 2.614503e+00 1.078062e+01 6.987814e+03 1.480449e+04 2.33679 3.794752e-01
8.840000e-01 2.804010e+00 2.212997e+00 2.614616e+00 1.078309e+01 7.019581e+03 1.480094e+04 2.33917 3.815038e-01
8.830000e-01 2.804010e+00 2.214514e+00 2.616354e+00 1.078942e+01 7.045796e+03 1.479126e+04 2.34158 3.827971e-01
8.820000e-01 2.804010e+00 2.214754e+00 2.616454e+00 1.079189e+01 7.077247e+03 1.478775e+04 2.34392 3.848082e-01
8.810000e-01 2.804010e+00 2.216286e+00 2.618209e+00 1.079828e+01 7.103253e+03 1.477802e+04 2.34639 3.860947e-01
8.800000e-01 2.804010e+00 2.216534e+00 2.618321e+00 1.080078e+01 7.134583e+03 1.477450e+04 2.34877 3.881031e-01
8.790000e-01 2.804010e+00 2.218073e+00 2.620083e+00 1.080722e+01 7.160461e+03 1.476472e+04 2.35126 3.893825e-01
8.780000e-01 2.804010e+00 2.218329e+00 2.620206e+00 1.080975e+01 7.191617e+03 1.476120e+04 2.35364 3.913834e-01
8.770000e-01 2.804010e+00 2.219873e+00 2.621976e+00 1.081623e+01 7.217290e+03 1.475139e+04 2.35615 3.926524e-01
8.760000e-01 2.804010e+00 2.220132e+00 2.622103e+00 1.081878e+01 7.248195e+03 1.474789e+04 2.35853 3.946395e-01
8.750000e-01 2.804010e+00 2.221681e+00 2.623880e+00 1.082529e+01 7.273548e+03 1.473807e+04 2.36107 3.958937e-01
8.740000e-01 2.804010e+00 2.221933e+00 2.624000e+00 1.082783e+01 7.304136e+03 1.473460e+04 2.3634 3.978617e-01
8.730000e-01 2.804010e+00 2.223492e+00 2.625788e+00 1.083437e+01 7.329161e+03 1.472477e+04 2.366 3.991026e-01
8.720000e-01 2.804010e+00 2.223743e+00 2.625908e+00 1.083693e+01 7.359507e+03 1.472131e+04 2.36832 4.010577e-01
8.710000e-01 2.804010e+00 2.225310e+00 2.627704e+00 1.084350e+01 7.384271e+03 1.471146e+04 2.37095 4.022872e-01
8.700000e-01 2.804010e+00 2.225558e+00 2.627822e+00 1.084607e+01 7.414360e+03 1.470803e+04 2.37325 4.042280e-01
8.690000e-01 2.804010e+00 2.227177e+00 2.629688e+00 1.085276e+01 7.438780e+03 1.469803e+04 2.37598 4.054352e-01
8.680000e-01 2.804010e+00 2.227392e+00 2.629761e+00 1.085529e+01 7.468643e+03 1.469470e+04 2.37821 4.073672e-01
8.670000e-01 2.804010e+00 2.229003e+00 2.631614e+00 1.086198e+01 7.492722e+03 1.468473e+04 2.38096 4.085624e-01
8.660000e-01 2.804010e+00 2.229202e+00 2.631667e+00 1.086450e+01 7.522233e+03 1.468143e+04 2.38314 4.104729e-01
8.650000e-01 2.804010e+00 2.230825e+00 2.633532e+00 1.087122e+01 7.545875e+03 1.467145e+04 2.38596 4.116501e-01
8.640000e-01 2.804010e+00 2.231017e+00 2.633574e+00 1.087374e+01 7.575142e+03 1.466818e+04 2.38811 4.135480e-01
8.630000e-01 2.804010e+00 2.232654e+00 2.635455e+00 1.088053e+01 7.598624e+03 1.465814e+04 2.39098 4.147199e-01
8.620000e-01 2.804010e+00 2.232853e+00 2.635507e+00 1.088308e+01 7.627794e+03 1.465486e+04 2.39315 4.166162e-01
8.610000e-01 2.804010e+00 2.234498e+00 2.637397e+00 1.088992e+01 7.651162e+03 1.464476e+04 2.39604 4.177816e-01
8.600000e-01 2.804010e+00 2.234703e+00 2.637458e+00 1.089250e+01 7.680191e+03 1.464148e+04 2.39823 4.196723e-01
8.590000e-01 2.804010e+00 2.236355e+00 2.639357e+00 1.089938e+01 7.703380e+03 1.463133e+04 2.40114 4.208284e-01
8.580000e-01 2.804010e+00 2.236560e+00 2.639420e+00 1.090197e+01 7.732197e+03 1.462806e+04 2.40332 4.227078e-01
8.570000e-01 2.804010e+00 2.238218e+00 2.641326e+00 1.090889e+01 7.755101e+03 1.461790e+04 2.40626 4.238506e-01
8.560000e-01 2.804010e+00 2.238416e+00 2.641382e+00 1.091149e+01 7.783658e+03 1.461465e+04 2.4084 4.257149e-01
8.550000e-01 2.804010e+00 2.240084e+00 2.643301e+00 1.091844e+01 7.806299e+03 1.460446e+04 2.4114 4.268469e-01
8.540000e-01 2.804010e+00 2.240281e+00 2.643355e+00 1.092105e+01 7.834662e+03 1.460122e+04 2.41353 4.287014e-01
8.530000e-01 2.804010e+00 2.241958e+00 2.645284e+00 1.092804e+01 7.857063e+03 1.459099e+04 2.41655 4.298224e-01
8.520000e-01 2.804010e+00 2.242149e+00 2.645333e+00 1.093065e+01 7.885198e+03 1.458777e+04 2.41866 4.316644e-01
8.510000e-01 2.804010e+00 2.243836e+00 2.647273e+00 1.093768e+01 7.907332e+03 1.457752e+04 2.42173 4.327738e-01
8.500000e-01 2.804010e+00 2.244019e+00 2.647312e+00 1.094030e+01 7.935240e+03 1.457431e+04 2.42381 4.346032e-01
8.490000e-01 2.804010e+00 2.245715e+00 2.649261e+00 1.094736e+01 7.957023e+03 1.456403e+04 2.42692 4.356966e-01
8.480000e-01 2.804010e+00 2.245880e+00 2.649276e+00 1.094998e+01 7.984612e+03 1.456086e+04 2.42894 4.375068e-01
8.470000e-01 2.804010e+00 2.247590e+00 2.651241e+00 1.095708e+01 8.006045e+03 1.455055e+04 2.43211 4.385863e-01
8.460000e-01 2.804010e+00 2.247753e+00 2.651254e+00 1.095970e+01 8.033484e+03 1.454739e+04 2.43413 4.403907e-01
8.450000e-01 2.804010e+00 2.249475e+00 2.653232e+00 1.096687e+01 8.054808e+03 1.453701e+04 2.43734 4.414658e-01
8.440000e-01 2.804010e+00 2.249645e+00 2.653254e+00 1.096953e+01 8.082160e+03 1.453383e+04 2.43938 4.432686e-01
8.430000e-01 2.804010e+00 2.251374e+00 2.655241e+00 1.097675e+01 8.103366e+03 1.452339e+04 2.44262 4.443370e-01
8.420000e-01 2.804010e+00 2.251548e+00 2.655270e+00 1.097943e+01 8.130587e+03 1.452020e+04 2.44467 4.461347e-01
8.410000e-01 2.804010e+00 2.253284e+00 2.657266e+00 1.098670e+01 8.151613e+03 1.450971e+04 2.44792 4.471937e-01
8.400000e-01 2.804010e+00 2.253455e+00 2.657291e+00 1.098939e+01 8.178635e+03 1.450654e+04 2.44995 4.489805e-01
8.390000e-01 2.804010e+00 2.255199e+00 2.659297e+00 1.099669e+01 8.199394e+03 1.449601e+04 2.45324 4.500271e-01
8.380000e-01 2.804010e+00 2.255364e+00 2.659316e+00 1.099939e+01 8.226213e+03 1.449285e+04 2.45525 4.518031e-01
8.370000e-01 2.804010e+00 2.257119e+00 2.661335e+00 1.100673e+01 8.246766e+03 1.448228e+04 2.45858 4.528409e-01
8.360000e-01 2.804010e+00 2.257280e+00 2.661351e+00 1.100945e+01 8.273411e+03 1.447913e+04 2.46057 4.546082e-01
8.350000e-01 2.804010e+00 2.259045e+00 2.663380e+00 1.101683e+01 8.293728e+03 1.446852e+04 2.46394 4.556348e-01
8.340000e-01 2.804010e+00 2.259198e+00 2.663386e+00 1.101955e+01 8.320177e+03 1.446538e+04 2.46591 4.573918e-01
8.330000e-01 2.804010e+00 2.260974e+00 2.665430e+00 1.102698e+01 8.340246e+03 1.445472e+04 2.46931 4.584072e-01
8.320000e-01 2.804010e+00 2.261114e+00 2.665420e+00 1.102970e+01 8.366453e+03 1.445160e+04 2.47125 4.601504e-01
8.310000e-01 2.804010e+00 2.262900e+00 2.667473e+00 1.103716e+01 8.386157e+03 1.444092e+04 2.4747 4.611493e-01
8.300000e-01 2.804010e+00 2.263025e+00 2.667444e+00 1.103987e+01 8.412111e+03 1.443783e+04 2.47658 4.628781e-01
8.290000e-01 2.804010e+00 2.264827e+00 2.669514e+00 1.104739e+01 8.431598e+03 1.442709e+04 2.4801 4.638692e-01
8.280000e-01 2.804010e+00 2.264955e+00 2.669490e+00 1.105013e+01 8.457476e+03 1.442398e+04 2.482 4.655975e-01
8.270000e-01 2.804010e+00 2.266766e+00 2.671571e+00 1.105771e+01 8.476869e+03 1.441316e+04 2.48553 4.665832e-01
8.260000e-01 2.804010e+00 2.266898e+00 2.671552e+00 1.106048e+01 8.502652e+03 1.441004e+04 2.48745 4.683093e-01
8.250000e-01 2.804010e+00 2.268718e+00 2.673645e+00 1.106812e+01 8.521915e+03 1.439915e+04 2.49101 4.692876e-01
8.240000e-01 2.804010e+00 2.268850e+00 2.673628e+00 1.107090e+01 8.547564e+03 1.439603e+04 2.49293 4.710077e-01
8.230000e-01 2.804010e+00 2.270678e+00 2.675729e+00 1.107859e+01 8.566616e+03 1.438509e+04 2.49651 4.719752e-01
8.220000e-01 2.804010e+00 2.270802e+00 2.675704e+00 1.108138e+01 8.592070e+03 1.438198e+04 2.4984 4.736846e-01
8.210000e-01 2.804010e+00 2.272641e+00 2.677818e+00 1.108911e+01 8.610899e+03 1.437100e+04 2.50203 4.746422e-01
8.200000e-01 2.804010e+00 2.272761e+00 2.677790e+00 1.109191e+01 8.636206e+03 1.436788e+04 2.50391 4.763450e-01
8.190000e-01 2.804010e+00 2.274654e+00 2.679976e+00 1.109978e+01 8.654814e+03 1.435672e+04 2.50762 4.772830e-01
8.180000e-01 2.804010e+00 2.274739e+00 2.679902e+00 1.110254e+01 8.679968e+03 1.435369e+04 2.50945 4.789829e-01
8.170000e-01 2.804010e+00 2.276628e+00 2.682079e+00 1.111042e+01 8.698357e+03 1.434252e+04 2.51318 4.799143e-01
8.160000e-01 2.804010e+00 2.276704e+00 2.681994e+00 1.111318e+01 8.723336e+03 1.433950e+04 2.51498 4.816053e-01
8.150000e-01 2.804010e+00 2.278601e+00 2.684181e+00 1.112110e+01 8.741425e+03 1.432829e+04 2.51875 4.825223e-01
8.140000e-01 2.804010e+00 2.278657e+00 2.684070e+00 1.112385e+01 8.766145e+03 1.432530e+04 2.52049 4.841983e-01
8.130000e-01 2.804010e+00 2.280571e+00 2.686275e+00 1.113182e+01 8.783934e+03 1.431405e+04 2.52432 4.851026e-01
8.120000e-01 2.804010e+00 2.280621e+00 2.686158e+00 1.113458e+01 8.808530e+03 1.431105e+04 2.52606 4.867746e-01
8.110000e-01 2.804010e+00 2.282548e+00 2.688378e+00 1.114262e+01 8.826215e+03 1.429971e+04 2.52992 4.876739e-01
8.100000e-01 2.804010e+00 2.282602e+00 2.688266e+00 1.114541e+01 8.850738e+03 1.429669e+04 2.53168 4.893452e-01
8.090000e-01 2.804010e+00 2.284538e+00 2.690498e+00 1.115352e+01 8.868311e+03 1.428527e+04 2.53557 4.902378e-01
8.080000e-01 2.804010e+00 2.284592e+00 2.690388e+00 1.115633e+01 8.892729e+03 1.428225e+04 2.53733 4.919058e-01
8.070000e-01 2.804010e+00 2.286538e+00 2.692631e+00 1.116449e+01 8.910142e+03 1.427075e+04 2.54124 4.927894e-01
8.060000e-01 2.804010e+00 2.286583e+00 2.692512e+00 1.116732e+01 8.934396e+03 1.426773e+04 2.54298 4.944493e-01
8.050000e-01 2.804010e+00 2.288541e+00 2.694769e+00 1.117553e+01 8.951581e+03 1.425618e+04 2.54693 4.953217e-01
8.040000e-01 2.804010e+00 2.288581e+00 2.694644e+00 1.117836e+01 8.975692e+03 1.425317e+04 2.54866 4.969750e-01
8.030000e-01 2.804010e+00 2.290549e+00 2.696914e+00 1.118662e+01 8.992703e+03 1.424155e+04 2.55265 4.978391e-01
8.020000e-01 2.804010e+00 2.290582e+00 2.696783e+00 1.118947e+01 9.016668e+03 1.423854e+04 2.55436 4.994857e-01
8.010000e-01 2.804010e+00 2.292562e+00 2.699066e+00 1.119779e+01 9.033470e+03 1.422686e+04 2.55838 5.003392e-01
8.000000e-01 2.804010e+00 2.292583e+00 2.698921e+00 1.120064e+01 9.057277e+03 1.422385e+04 2.56006 5.019785e-01
7.990000e-01 2.804010e+00 2.294576e+00 2.701219e+00 1.120900e+01 9.073830e+03 1.421212e+04 2.56412 5.028196e-01
7.980000e-01 2.804010e+00 2.294578e+00 2.701050e+00 1.121185e+01 9.097407e+03 1.420913e+04 2.56576 5.044461e-01
7.970000e-01 2.804010e+00 2.296584e+00 2.703363e+00 1.122025e+01 9.113639e+03 1.419735e+04 2.56987 5.052725e-01
7.960000e-01 2.804010e+00 2.296574e+00 2.703179e+00 1.122310e+01 9.137057e+03 1.419437e+04 2.57148 5.068920e-01
7.950000e-01 2.804010e+00 2.298597e+00 2.705511e+00 1.123158e+01 9.153158e+03 1.418251e+04 2.57564 5.077128e-01
7.940000e-01 2.804010e+00 2.298587e+00 2.705328e+00 1.123446e+01 9.176509e+03 1.417951e+04 2.57726 5.093326e-01
7.930000e-01 2.804010e+00 2.300621e+00 2.707674e+00 1.124301e+01 9.192494e+03 1.416755e+04 2.58145 5.101462e-01
7.920000e-01 2.804010e+00 2.300612e+00 2.707494e+00 1.124591e+01 9.215758e+03 1.416454e+04 2.58308 5.117639e-01
7.910000e-01 2.804010e+00 2.302655e+00 2.709850e+00 1.125453e+01 9.231603e+03 1.415250e+04 2.58729 5.125693e-01
7.900000e-01 2.804010e+00 2.302639e+00 2.709664e+00 1.125745e+01 9.254732e+03 1.414949e+04 2.58891 5.141811e-01
7.890000e-01 2.804010e+00 2.304692e+00 2.712033e+00 1.126612e+01 9.270364e+03 1.413738e+04 2.59315 5.149753e-01
7.880000e-01 2.804010e+00 2.304666e+00 2.711835e+00 1.126904e+01 9.293347e+03 1.413437e+04 2.59475 5.165808e-01
7.870000e-01 2.804010e+00 2.306734e+00 2.714221e+00 1.127778e+01 9.308808e+03 1.412219e+04 2.59903 5.173663e-01
7.860000e-01 2.804010e+00 2.306701e+00 2.714018e+00 1.128071e+01 9.331667e+03 1.411917e+04 2.60061 5.189667e-01
7.850000e-01 2.804010e+00 2.308780e+00 2.716417e+00 1.128951e+01 9.346928e+03 1.410692e+04 2.60493 5.197418e-01
7.840000e-01 2.804010e+00 2.308735e+00 2.716199e+00 1.129245e+01 9.369642e+03 1.410391e+04 2.60649 5.213359e-01
7.830000e-01 2.804010e+00 2.310827e+00 2.718614e+00 1.130130e+01 9.384675e+03 1.409159e+04 2.61085 5.220992e-01
7.820000e-01 2.804010e+00 2.310763e+00 2.718373e+00 1.130423e+01 9.407184e+03 1.408859e+04 2.61235 5.236826e-01
7.810000e-01 2.804010e+00 2.312869e+00 2.720802e+00 1.131313e+01 9.421903e+03 1.407623e+04 2.61676 5.244307e-01
7.800000e-01 2.804010e+00 2.312788e+00 2.720540e+00 1.131606e+01 9.444240e+03 1.407324e+04 2.61823 5.260063e-01
7.790000e-01 2.804010e+00 2.314912e+00 2.722991e+00 1.132504e+01 9.458810e+03 1.406079e+04 2.6227 5.267477e-01
7.780000e-01 2.804010e+00 2.314829e+00 2.722728e+00 1.132799e+01 9.481087e+03 1.405778e+04 2.62418 5.283241e-01
7.770000e-01 2.804010e+00 2.317008e+00 2.725252e+00 1.133714e+01 9.495508e+03 1.404509e+04 2.62871 5.290467e-01
7.760000e-01 2.804010e+00 2.316897e+00 2.724954e+00 1.134007e+01 9.517725e+03 1.404215e+04 2.63017 5.306281e-01
7.750000e-01 2.804010e+00 2.319070e+00 2.727468e+00 1.134926e+01 9.532019e+03 1.402941e+04 2.63472 5.313467e-01
7.740000e-01 2.804010e+00 2.318951e+00 2.727161e+00 1.135220e+01 9.554114e+03 1.402646e+04 2.63615 5.329236e-01
7.730000e-01 2.804010e+00 2.321136e+00 2.729688e+00 1.136145e+01 9.568202e+03 1.401364e+04 2.64073 5.336307e-01
7.720000e-01 2.804010e+00 2.321005e+00 2.729369e+00 1.136439e+01 9.590163e+03 1.401069e+04 2.64215 5.352021e-01
7.710000e-01 2.804010e+00 2.323204e+00 2.731914e+00 1.137371e+01 9.604083e+03 1.399779e+04 2.64677 5.359003e-01
7.700000e-01 2.804010e+00 2.323065e+00 2.731586e+00 1.137667e+01 9.625928e+03 1.399483e+04 2.64817 5.374677e-01
7.690000e-01 2.804010e+00 2.325276e+00 2.734145e+00 1.138606e+01 9.639656e+03 1.398185e+04 2.65282 5.381550e-01
7.680000e-01 2.804010e+00 2.325122e+00 2.733800e+00 1.138902e+01 9.661367e+03 1.397889e+04 2.65419 5.397170e-01
7.670000e-01 2.804010e+00 2.327348e+00 2.736377e+00 1.139847e+01 9.674867e+03 1.396583e+04 2.65888 5.403920e-01
7.660000e-01 2.804010e+00 2.327174e+00 2.736007e+00 1.140142e+01 9.696385e+03 1.396289e+04 2.6602 5.419442e-01
7.650000e-01 2.804010e+00 2.329413e+00 2.738598e+00 1.141092e+01 9.709583e+03 1.394977e+04 2.66494 5.426040e-01
7.640000e-01 2.804010e+00 2.329220e+00 2.738204e+00 1.141388e+01 9.730942e+03 1.394683e+04 2.66623 5.441498e-01
7.630000e-01 2.804010e+00 2.331479e+00 2.740820e+00 1.142346e+01 9.744001e+03 1.393361e+04 2.67102 5.448025e-01
7.620000e-01 2.804010e+00 2.331280e+00 2.740420e+00 1.142644e+01 9.765298e+03 1.393066e+04 2.67231 5.463495e-01
7.610000e-01 2.804010e+00 2.333553e+00 2.743052e+00 1.143611e+01 9.778224e+03 1.391731e+04 2.67713 5.469931e-01
7.600000e-01 2.804010e+00 2.333353e+00 2.742655e+00 1.143912e+01 9.799448e+03 1.391434e+04 2.67843 5.485391e-01
7.590000e-01 2.804010e+00 2.335635e+00 2.745295e+00 1.144887e+01 9.812228e+03 1.390089e+04 2.68327 5.491736e-01
7.580000e-01 2.804010e+00 2.335421e+00 2.744884e+00 1.145188e+01 9.833330e+03 1.389791e+04 2.68454 5.507153e-01
7.570000e-01 2.804010e+00 2.337718e+00 2.747544e+00 1.146170e+01 9.845916e+03 1.388437e+04 2.68942 5.513382e-01
7.560000e-01 2.804010e+00 2.337490e+00 2.747115e+00 1.146472e+01 9.866896e+03 1.388139e+04 2.69066 5.528758e-01
7.550000e-01 2.804010e+00 2.339803e+00 2.749794e+00 1.147462e+01 9.879313e+03 1.386774e+04 2.69559 5.534886e-01
7.540000e-01 2.804010e+00 2.339565e+00 2.749356e+00 1.147766e+01 9.900183e+03 1.386475e+04 2.69681 5.550225e-01
7.530000e-01 2.804010e+00 2.341890e+00 2.752049e+00 1.148763e+01 9.912409e+03 1.385101e+04 2.70177 5.556243e-01
7.520000e-01 2.804010e+00 2.341632e+00 2.751587e+00 1.149067e+01 9.933148e+03 1.384802e+04 2.70295 5.571534e-01
7.510000e-01 2.804010e+00 2.343974e+00 2.754300e+00 1.150070e+01 9.945136e+03 1.383418e+04 2.70795 5.577412e-01
7.500000e-01 2.804010e+00 2.343693e+00 2.753810e+00 1.150373e+01 9.965680e+03 1.383121e+04 2.70908 5.592607e-01
7.490000e-01 2.804010e+00 2.346049e+00 2.756538e+00 1.151382e+01 9.977385e+03 1.381731e+04 2.71412 5.598338e-01
7.480000e-01 2.804010e+00 2.345750e+00 2.756025e+00 1.151685e+01 9.997807e+03 1.381433e+04 2.71522 5.613500e-01
7.470000e-01 2.804010e+00 2.348126e+00 2.758778e+00 1.152705e+01 1.000939e+04 1.380030e+04 2.72031 5.619155e-01
7.460000e-01 2.804010e+00 2.347821e+00 2.758261e+00 1.153010e+01 1.002974e+04 1.379729e+04 2.72141 5.634321e-01
7.450000e-01 2.804010e+00 2.350249e+00 2.761083e+00 1.154048e+01 1.004115e+04 1.378301e+04 2.72658 5.639760e-01
7.440000e-01 2.804010e+00 2.349912e+00 2.760525e+00 1.154350e+01 1.006146e+04 1.378005e+04 2.72764 5.654987e-01
7.430000e-01 2.804010e+00 2.352338e+00 2.763341e+00 1.155393e+01 1.007272e+04 1.376569e+04 2.73281 5.660365e-01
7.420000e-01 2.804010e+00 2.351984e+00 2.762764e+00 1.155696e+01 1.009289e+04 1.376273e+04 2.73384 5.675549e-01
7.410000e-01 2.804010e+00 2.354425e+00 2.765598e+00 1.156746e+01 1.010396e+04 1.374827e+04 2.73905 5.680805e-01
7.400000e-01 2.804010e+00 2.354055e+00 2.765003e+00 1.157050e+01 1.012403e+04 1.374531e+04 2.74006 5.695965e-01
7.390000e-01 2.804010e+00 2.356513e+00 2.767858e+00 1.158109e+01 1.013493e+04 1.373072e+04 2.74531 5.701112e-01
7.380000e-01 2.804010e+00 2.356128e+00 2.767247e+00 1.158414e+01 1.015489e+04 1.372775e+04 2.74628 5.716240e-01
7.370000e-01 2.804010e+00 2.358600e+00 2.770118e+00 1.159481e+01 1.016558e+04 1.371306e+04 2.75157 5.721259e-01
7.360000e-01 2.804010e+00 2.358193e+00 2.769481e+00 1.159785e+01 1.018541e+04 1.371008e+04 2.7525 5.736337e-01
7.350000e-01 2.804010e+00 2.358429e+00 2.769572e+00 1.160207e+01 1.020329e+04 1.370547e+04 2.75519 5.750883e-01
7.340000e-01 2.804010e+00 2.361713e+00 2.773486e+00 1.161550e+01 1.021079e+04 1.368642e+04 2.76095 5.751095e-01
7.330000e-01 2.804010e+00 2.361268e+00 2.772801e+00 1.161853e+01 1.023037e+04 1.368344e+04 2.7618 5.766067e-01
7.320000e-01 2.804010e+00 2.361495e+00 2.772883e+00 1.162278e+01 1.024805e+04 1.367880e+04 2.76449 5.780553e-01
7.310000e-01 2.804010e+00 2.364822e+00 2.776847e+00 1.163640e+01 1.025528e+04 1.365948e+04 2.77034 5.780569e-01
7.300000e-01 2.804010e+00 2.364362e+00 2.776149e+00 1.163947e+01 1.027476e+04 1.365647e+04 2.77118 5.795556e-01
7.290000e-01 2.804010e+00 2.364574e+00 2.776214e+00 1.164376e+01 1.029232e+04 1.365178e+04 2.77385 5.810026e-01
7.280000e-01 2.804010e+00 2.367939e+00 2.780223e+00 1.165758e+01 1.029929e+04 1.363216e+04 2.77977 5.809811e-01
7.270000e-01 2.804010e+00 2.367454e+00 2.779498e+00 1.166066e+01 1.031862e+04 1.362913e+04 2.78056 5.824764e-01
7.260000e-01 2.804010e+00 2.367644e+00 2.779536e+00 1.166497e+01 1.033599e+04 1.362442e+04 2.7832 5.839168e-01
7.250000e-01 2.804010e+00 2.371053e+00 2.783600e+00 1.167899e+01 1.034262e+04 1.360454e+04 2.78921 5.838706e-01
7.240000e-01 2.804010e+00 2.370543e+00 2.782847e+00 1.168209e+01 1.036180e+04 1.360149e+04 2.78996 5.853628e-01
7.230000e-01 2.804010e+00 2.370712e+00 2.782863e+00 1.168642e+01 1.037901e+04 1.359675e+04 2.79257 5.867990e-01
7.220000e-01 2.804010e+00 2.374200e+00 2.787028e+00 1.170072e+01 1.038527e+04 1.357648e+04 2.7987 5.867147e-01
7.210000e-01 2.804010e+00 2.373637e+00 2.786210e+00 1.170377e+01 1.040428e+04 1.357349e+04 2.79937 5.882074e-01
7.200000e-01 2.804010e+00 2.373769e+00 2.786178e+00 1.170810e+01 1.042126e+04 1.356875e+04 2.80191 5.896359e-01
7.190000e-01 2.804010e+00 2.377293e+00 2.790386e+00 1.172254e+01 1.042707e+04 1.354831e+04 2.80814 5.895248e-01
7.180000e-01 2.804010e+00 2.376686e+00 2.789512e+00 1.172557e+01 1.044582e+04 1.354533e+04 2.80871 5.910082e-01
7.170000e-01 2.804010e+00 2.376805e+00 2.789466e+00 1.172992e+01 1.046259e+04 1.354056e+04 2.81124 5.924309e-01
7.160000e-01 2.804010e+00 2.380375e+00 2.793729e+00 1.174458e+01 1.046812e+04 1.351985e+04 2.81758 5.922988e-01
7.150000e-01 2.804010e+00 2.379749e+00 2.792837e+00 1.174764e+01 1.048678e+04 1.351684e+04 2.81813 5.937845e-01
7.140000e-01 2.804010e+00 2.379848e+00 2.792769e+00 1.175203e+01 1.050342e+04 1.351203e+04 2.82064 5.952061e-01
7.130000e-01 2.804010e+00 2.383460e+00 2.797083e+00 1.176693e+01 1.050865e+04 1.349099e+04 2.82705 5.950478e-01
7.120000e-01 2.804010e+00 2.384492e+00 2.798206e+00 1.177446e+01 1.052200e+04 1.348125e+04 2.8302 5.959529e-01
7.110000e-01 2.804010e+00 2.385519e+00 2.799325e+00 1.178199e+01 1.053528e+04 1.347152e+04 2.83337 5.968566e-01
7.100000e-01 2.804010e+00 2.386545e+00 2.800443e+00 1.178956e+01 1.054849e+04 1.346175e+04 2.83653 5.977576e-01
7.090000e-01 2.804010e+00 2.387571e+00 2.801562e+00 1.179715e+01 1.056163e+04 1.345194e+04 2.83969 5.986550e-01
7.080000e-01 2.804010e+00 2.388595e+00 2.802678e+00 1.180478e+01 1.057469e+04 1.344209e+04 2.84285 5.995482e-01
7.070000e-01 2.804010e+00 2.389617e+00 2.803793e+00 1.181243e+01 1.058766e+04 1.343221e+04 2.84601 6.004366e-01
7.060000e-01 2.804010e+00 2.390637e+00 2.804907e+00 1.182010e+01 1.060055e+04 1.342230e+04 2.84917 6.013204e-01
7.050000e-01 2.804010e+00 2.391653e+00 2.806015e+00 1.182778e+01 1.061330e+04 1.341237e+04 2.85232 6.021974e-01
7.040000e-01 2.804010e+00 2.392666e+00 2.807117e+00 1.183548e+01 1.062594e+04 1.340242e+04 2.85546 6.030686e-01
7.030000e-01 2.804010e+00 2.393676e+00 2.808217e+00 1.184321e+01 1.063852e+04 1.339243e+04 2.8586 6.039364e-01
7.020000e-01 2.804010e+00 2.394687e+00 2.809318e+00 1.185098e+01 1.065104e+04 1.338238e+04 2.86175 6.048022e-01
7.010000e-01 2.804010e+00 2.395697e+00 2.810420e+00 1.185879e+01 1.066350e+04 1.337229e+04 2.86489 6.056644e-01
7.000000e-01 2.804010e+00 2.396706e+00 2.811522e+00 1.186663e+01 1.067591e+04 1.336213e+04 2.86804 6.065237e-01
6.990000e-01 2.804010e+00 2.397716e+00 2.812623e+00 1.187451e+01 1.068825e+04 1.335193e+04 2.87119 6.073795e-01
6.980000e-01 2.804010e+00 2.398760e+00 2.813776e+00 1.188251e+01 1.070048e+04 1.334156e+04 2.87437 6.082189e-01
6.970000e-01 2.804010e+00 2.399767e+00 2.814876e+00 1.189045e+01 1.071266e+04 1.333127e+04 2.87751 6.090652e-01
6.960000e-01 2.804010e+00 2.400770e+00 2.815972e+00 1.189842e+01 1.072476e+04 1.332094e+04 2.88065 6.099076e-01
6.950000e-01 2.804010e+00 2.401773e+00 2.817068e+00 1.190642e+01 1.073680e+04 1.331056e+04 2.88378 6.107467e-01
6.940000e-01 2.804010e+00 2.402772e+00 2.818161e+00 1.191446e+01 1.074877e+04 1.330013e+04 2.88691 6.115813e-01
6.930000e-01 2.804010e+00 2.403770e+00 2.819252e+00 1.192252e+01 1.076065e+04 1.328966e+04 2.89004 6.124113e-01
6.920000e-01 2.804010e+00 2.404765e+00 2.820340e+00 1.193060e+01 1.077244e+04 1.327915e+04 2.89315 6.132363e-01
6.910000e-01 2.804010e+00 2.405756e+00 2.821423e+00 1.193871e+01 1.078413e+04 1.326860e+04 2.89626 6.140555e-01
6.900000e-01 2.804010e+00 2.406741e+00 2.822498e+00 1.194683e+01 1.079570e+04 1.325804e+04 2.89936 6.148677e-01
6.890000e-01 2.804010e+00 2.407722e+00 2.823569e+00 1.195497e+01 1.080717e+04 1.324744e+04 2.90245 6.156746e-01
6.880000e-01 2.804010e+00 2.408701e+00 2.824637e+00 1.196316e+01 1.081858e+04 1.323677e+04 2.90554 6.164788e-01
6.870000e-01 2.804010e+00 2.409680e+00 2.825705e+00 1.197138e+01 1.082994e+04 1.322605e+04 2.90862 6.172797e-01
6.860000e-01 2.804010e+00 2.410656e+00 2.826772e+00 1.197964e+01 1.084123e+04 1.321527e+04 2.9117 6.180767e-01
6.850000e-01 2.804010e+00 2.411631e+00 2.827837e+00 1.198795e+01 1.085246e+04 1.320442e+04 2.91478 6.188702e-01
6.840000e-01 2.804010e+00 2.412605e+00 2.828901e+00 1.199629e+01 1.086361e+04 1.319353e+04 2.91786 6.196595e-01
6.830000e-01 2.804010e+00 2.413575e+00 2.829963e+00 1.200466e+01 1.087469e+04 1.318259e+04 2.92092 6.204440e-01
6.820000e-01 2.804010e+00 2.414542e+00 2.831021e+00 1.201306e+01 1.088567e+04 1.317160e+04 2.92398 6.212236e-01
6.810000e-01 2.804010e+00 2.415507e+00 2.832076e+00 1.202150e+01 1.089659e+04 1.316056e+04 2.92704 6.219992e-01
6.800000e-01 2.804010e+00 2.416470e+00 2.833132e+00 1.202997e+01 1.090744e+04 1.314947e+04 2.93009 6.227712e-01
6.790000e-01 2.804010e+00 2.417430e+00 2.834184e+00 1.203848e+01 1.091820e+04 1.313833e+04 2.93314 6.235382e-01
6.780000e-01 2.804010e+00 2.418387e+00 2.835232e+00 1.204702e+01 1.092886e+04 1.312715e+04 2.93618 6.242999e-01
6.770000e-01 2.804010e+00 2.419339e+00 2.836276e+00 1.205559e+01 1.093944e+04 1.311593e+04 2.93921 6.250564e-01
6.760000e-01 2.804010e+00 2.420287e+00 2.837314e+00 1.206417e+01 1.094989e+04 1.310469e+04 2.94223 6.258060e-01
6.750000e-01 2.804010e+00 2.421228e+00 2.838344e+00 1.207277e+01 1.096022e+04 1.309341e+04 2.94524 6.265496e-01
6.740000e-01 2.804010e+00 2.422202e+00 2.839420e+00 1.208151e+01 1.097045e+04 1.308197e+04 2.94828 6.272776e-01
6.730000e-01 2.804010e+00 2.423139e+00 2.840446e+00 1.209020e+01 1.098066e+04 1.307056e+04 2.95128 6.280135e-01
6.720000e-01 2.804010e+00 2.424073e+00 2.841468e+00 1.209893e+01 1.099080e+04 1.305909e+04 2.95427 6.287453e-01
6.710000e-01 2.804010e+00 2.425004e+00 2.842489e+00 1.210771e+01 1.100088e+04 1.304756e+04 2.95725 6.294734e-01
6.700000e-01 2.804010e+00 2.425932e+00 2.843507e+00 1.211653e+01 1.101088e+04 1.303596e+04 2.96022 6.301970e-01
6.690000e-01 2.804010e+00 2.426855e+00 2.844520e+00 1.212538e+01 1.102080e+04 1.302431e+04 2.96318 6.309151e-01
6.680000e-01 2.804010e+00 2.427775e+00 2.845528e+00 1.213427e+01 1.103063e+04 1.301260e+04 2.96613 6.316279e-01
6.670000e-01 2.804010e+00 2.428690e+00 2.846532e+00 1.214319e+01 1.104038e+04 1.300084e+04 2.96907 6.323361e-01
6.660000e-01 2.804010e+00 2.429603e+00 2.847534e+00 1.215216e+01 1.105007e+04 1.298901e+04 2.972 6.330401e-01
6.650000e-01 2.804010e+00 2.430511e+00 2.848531e+00 1.216116e+01 1.105967e+04 1.297712e+04 2.97492 6.337386e-01
6.640000e-01 2.804010e+00 2.431413e+00 2.849521e+00 1.217020e+01 1.106917e+04 1.296519e+04 2.97783 6.344312e-01
6.630000e-01 2.804010e+00 2.432311e+00 2.850507e+00 1.217926e+01 1.107858e+04 1.295320e+04 2.98072 6.351182e-01
6.620000e-01 2.804010e+00 2.433202e+00 2.851484e+00 1.218834e+01 1.108787e+04 1.294118e+04 2.9836 6.357980e-01
6.610000e-01 2.804010e+00 2.434086e+00 2.852452e+00 1.219745e+01 1.109705e+04 1.292913e+04 2.98645 6.364710e-01
6.600000e-01 2.804010e+00 2.434965e+00 2.853414e+00 1.220659e+01 1.110615e+04 1.291701e+04 2.9893 6.371398e-01
6.590000e-01 2.804010e+00 2.435841e+00 2.854375e+00 1.221579e+01 1.111519e+04 1.290482e+04 2.99214 6.378048e-01
6.580000e-01 2.804010e+00 2.436713e+00 2.855330e+00 1.222503e+01 1.112415e+04 1.289256e+04 2.99496 6.384647e-01
6.570000e-01 2.804010e+00 2.437582e+00 2.856284e+00 1.223433e+01 1.113304e+04 1.288023e+04 2.99778 6.391206e-01
6.560000e-01 2.804010e+00 2.438479e+00 2.857280e+00 1.224375e+01 1.114181e+04 1.286771e+04 3.00063 6.397597e-01
6.550000e-01 2.804010e+00 2.439340e+00 2.858225e+00 1.225314e+01 1.115053e+04 1.285524e+04 3.00342 6.404042e-01
6.540000e-01 2.804010e+00 2.440195e+00 2.859165e+00 1.226255e+01 1.115916e+04 1.284273e+04 3.0062 6.410437e-01
6.530000e-01 2.804010e+00 2.441045e+00 2.860100e+00 1.227202e+01 1.116771e+04 1.283015e+04 3.00897 6.416786e-01
6.520000e-01 2.804010e+00 2.441890e+00 2.861030e+00 1.228153e+01 1.117619e+04 1.281749e+04 3.01172 6.423087e-01
6.510000e-01 2.804010e+00 2.442731e+00 2.861956e+00 1.229108e+01 1.118457e+04 1.280479e+04 3.01447 6.429330e-01
6.500000e-01 2.804010e+00 2.443565e+00 2.862875e+00 1.230067e+01 1.119285e+04 1.279203e+04 3.01719 6.435512e-01
6.490000e-01 2.804010e+00 2.444394e+00 2.863787e+00 1.231029e+01 1.120104e+04 1.277922e+04 3.0199 6.441634e-01
6.480000e-01 2.804010e+00 2.445214e+00 2.864690e+00 1.231994e+01 1.120910e+04 1.276637e+04 3.02259 6.447682e-01
6.470000e-01 2.804010e+00 2.446027e+00 2.865582e+00 1.232960e+01 1.121705e+04 1.275349e+04 3.02526 6.453661e-01
6.460000e-01 2.804010e+00 2.446834e+00 2.866469e+00 1.233933e+01 1.122493e+04 1.274053e+04 3.02791 6.459596e-01
6.450000e-01 2.804010e+00 2.447636e+00 2.867351e+00 1.234910e+01 1.123273e+04 1.272749e+04 3.03055 6.465483e-01
6.440000e-01 2.804010e+00 2.448433e+00 2.868228e+00 1.235893e+01 1.124045e+04 1.271436e+04 3.03318 6.471316e-01
6.430000e-01 2.804010e+00 2.449224e+00 2.869098e+00 1.236881e+01 1.124810e+04 1.270116e+04 3.03578 6.477096e-01
6.420000e-01 2.804010e+00 2.450009e+00 2.869963e+00 1.237874e+01 1.125566e+04 1.268788e+04 3.03837 6.482816e-01
6.410000e-01 2.804010e+00 2.450786e+00 2.870819e+00 1.238871e+01 1.126313e+04 1.267453e+04 3.04093 6.488470e-01
6.400000e-01 2.804010e+00 2.451557e+00 2.871668e+00 1.239873e+01 1.127051e+04 1.266112e+04 3.04347 6.494062e-01
6.390000e-01 2.804010e+00 2.452352e+00 2.872553e+00 1.240888e+01 1.127776e+04 1.264751e+04 3.04603 6.499480e-01
6.380000e-01 2.804010e+00 2.453111e+00 2.873391e+00 1.241900e+01 1.128496e+04 1.263393e+04 3.04853 6.504951e-01
6.370000e-01 2.804010e+00 2.453862e+00 2.874220e+00 1.242916e+01 1.129208e+04 1.262029e+04 3.05102 6.510364e-01
6.360000e-01 2.804010e+00 2.454606e+00 2.875040e+00 1.243937e+01 1.129909e+04 1.260660e+04 3.05348 6.515710e-01
6.350000e-01 2.804010e+00 2.455341e+00 2.875851e+00 1.244960e+01 1.130599e+04 1.259285e+04 3.05592 6.520986e-01
6.340000e-01 2.804010e+00 2.456068e+00 2.876652e+00 1.245986e+01 1.131277e+04 1.257907e+04 3.05833 6.526185e-01
6.330000e-01 2.804010e+00 2.456786e+00 2.877441e+00 1.247015e+01 1.131944e+04 1.256523e+04 3.06072 6.531319e-01
6.320000e-01 2.804010e+00 2.457497e+00 2.878223e+00 1.248051e+01 1.132604e+04 1.255130e+04 3.06309 6.536403e-01
6.310000e-01 2.804010e+00 2.458201e+00 2.878999e+00 1.249093e+01 1.133255e+04 1.253728e+04 3.06543 6.541425e-01
6.300000e-01 2.804010e+00 2.458898e+00 2.879766e+00 1.250141e+01 1.133899e+04 1.252317e+04 3.06776 6.546388e-01
6.290000e-01 2.804010e+00 2.459587e+00 2.880526e+00 1.251194e+01 1.134534e+04 1.250896e+04 3.07005 6.551286e-01
6.280000e-01 2.804010e+00 2.460267e+00 2.881276e+00 1.252253e+01 1.135159e+04 1.249468e+04 3.07232 6.556111e-01
6.270000e-01 2.804010e+00 2.460938e+00 2.882015e+00 1.253315e+01 1.135775e+04 1.248032e+04 3.07456 6.560862e-01
6.260000e-01 2.804010e+00 2.461600e+00 2.882746e+00 1.254383e+01 1.136381e+04 1.246588e+04 3.07677 6.565546e-01
6.250000e-01 2.804010e+00 2.462283e+00 2.883507e+00 1.255466e+01 1.136974e+04 1.245123e+04 3.07898 6.570047e-01
6.240000e-01 2.804010e+00 2.462930e+00 2.884222e+00 1.256546e+01 1.137562e+04 1.243661e+04 3.08113 6.574589e-01
6.230000e-01 2.804010e+00 2.463566e+00 2.884924e+00 1.257630e+01 1.138140e+04 1.242193e+04 3.08326 6.579062e-01
6.220000e-01 2.804010e+00 2.464194e+00 2.885617e+00 1.258718e+01 1.138707e+04 1.240719e+04 3.08536 6.583466e-01
6.210000e-01 2.804010e+00 2.464812e+00 2.886299e+00 1.259810e+01 1.139261e+04 1.239241e+04 3.08743 6.587789e-01
6.200000e-01 2.804010e+00 2.465420e+00 2.886968e+00 1.260904e+01 1.139803e+04 1.237758e+04 3.08947 6.592039e-01
6.190000e-01 2.804010e+00 2.466020e+00 2.887628e+00 1.262006e+01 1.140337e+04 1.236266e+04 3.09149 6.596233e-01
6.180000e-01 2.804010e+00 2.466611e+00 2.888280e+00 1.263114e+01 1.140863e+04 1.234765e+04 3.09349 6.600362e-01
6.170000e-01 2.804010e+00 2.467193e+00 2.888921e+00 1.264229e+01 1.141378e+04 1.233253e+04 3.09545 6.604420e-01
6.160000e-01 2.804010e+00 2.467765e+00 2.889554e+00 1.265350e+01 1.141886e+04 1.231732e+04 3.09738 6.608407e-01
6.150000e-01 2.804010e+00 2.468329e+00 2.890176e+00 1.266478e+01 1.142383e+04 1.230202e+04 3.09928 6.612320e-01
6.140000e-01 2.804010e+00 2.468881e+00 2.890786e+00 1.267611e+01 1.142869e+04 1.228664e+04 3.10115 6.616155e-01
6.130000e-01 2.804010e+00 2.469425e+00 2.891387e+00 1.268749e+01 1.143346e+04 1.227117e+04 3.10298 6.619920e-01
6.120000e-01 2.804010e+00 2.469987e+00 2.892017e+00 1.269903e+01 1.143809e+04 1.225550e+04 3.10482 6.623501e-01
6.110000e-01 2.804010e+00 2.470512e+00 2.892600e+00 1.271056e+01 1.144266e+04 1.223985e+04 3.10659 6.627116e-01
6.100000e-01 2.804010e+00 2.471027e+00 2.893170e+00 1.272213e+01 1.144712e+04 1.222413e+04 3.10834 6.630658e-01
6.090000e-01 2.804010e+00 2.471530e+00 2.893728e+00 1.273375e+01 1.145148e+04 1.220834e+04 3.11004 6.634119e-01
6.080000e-01 2.804010e+00 2.472021e+00 2.894271e+00 1.274540e+01 1.145571e+04 1.219250e+04 3.11171 6.637491e-01
6.070000e-01 2.804010e+00 2.472499e+00 2.894796e+00 1.275708e+01 1.145982e+04 1.217660e+04 3.11333 6.640770e-01
6.060000e-01 2.804010e+00 2.472964e+00 2.895307e+00 1.276884e+01 1.146383e+04 1.216059e+04 3.11492 6.643974e-01
6.050000e-01 2.804010e+00 2.473418e+00 2.895808e+00 1.278068e+01 1.146775e+04 1.214447e+04 3.11646 6.647100e-01
6.040000e-01 2.804010e+00 2.473861e+00 2.896296e+00 1.279258e+01 1.147158e+04 1.212825e+04 3.11797 6.650145e-01
6.030000e-01 2.804010e+00 2.474292e+00 2.896770e+00 1.280456e+01 1.147530e+04 1.211190e+04 3.11943 6.653107e-01
6.020000e-01 2.804010e+00 2.474711e+00 2.897233e+00 1.281661e+01 1.147892e+04 1.209547e+04 3.12085 6.655986e-01
6.010000e-01 2.804010e+00 2.475120e+00 2.897684e+00 1.282872e+01 1.148244e+04 1.207895e+04 3.12224 6.658783e-01
6.000000e-01 2.804010e+00 2.475516e+00 2.898123e+00 1.284090e+01 1.148585e+04 1.206234e+04 3.12358 6.661499e-01
5.990000e-01 2.804010e+00 2.475929e+00 2.898586e+00 1.285325e+01 1.148910e+04 1.204551e+04 3.12492 6.664021e-01
5.980000e-01 2.804010e+00 2.476305e+00 2.899003e+00 1.286558e+01 1.149229e+04 1.202870e+04 3.1262 6.666575e-01
5.970000e-01 2.804010e+00 2.476669e+00 2.899407e+00 1.287797e+01 1.149538e+04 1.201181e+04 3.12744 6.669050e-01
5.960000e-01 2.804010e+00 2.477019e+00 2.899795e+00 1.289041e+01 1.149835e+04 1.199485e+04 3.12864 6.671437e-01
5.950000e-01 2.804010e+00 2.477359e+00 2.900171e+00 1.290290e+01 1.150119e+04 1.197785e+04 3.1298 6.673739e-01
5.940000e-01 2.804010e+00 2.477686e+00 2.900531e+00 1.291543e+01 1.150391e+04 1.196080e+04 3.13093 6.675957e-01
5.930000e-01 2.804010e+00 2.478000e+00 2.900877e+00 1.292804e+01 1.150652e+04 1.194363e+04 3.13202 6.678097e-01
5.920000e-01 2.804010e+00 2.478301e+00 2.901210e+00 1.294074e+01 1.150904e+04 1.192635e+04 3.13306 6.680152e-01
5.910000e-01 2.804010e+00 2.478589e+00 2.901529e+00 1.295353e+01 1.151145e+04 1.190895e+04 3.13405 6.682118e-01
5.900000e-01 2.804010e+00 2.478863e+00 2.901831e+00 1.296640e+01 1.151376e+04 1.189142e+04 3.13499 6.683987e-01
5.890000e-01 2.804010e+00 2.479123e+00 2.902117e+00 1.297934e+01 1.151595e+04 1.187379e+04 3.13588 6.685759e-01
5.880000e-01 2.804010e+00 2.479395e+00 2.902425e+00 1.299244e+01 1.151797e+04 1.185597e+04 3.13675 6.687323e-01
5.870000e-01 2.804010e+00 2.479627e+00 2.902683e+00 1.300553e+01 1.151994e+04 1.183813e+04 3.13754 6.688898e-01
5.860000e-01 2.804010e+00 2.479843e+00 2.902920e+00 1.301871e+01 1.152180e+04 1.182017e+04 3.13828 6.690378e-01
5.850000e-01 2.804010e+00 2.480046e+00 2.903146e+00 1.303197e+01 1.152354e+04 1.180212e+04 3.13897 6.691768e-01
5.840000e-01 2.804010e+00 2.480237e+00 2.903357e+00 1.304529e+01 1.152517e+04 1.178399e+04 3.13962 6.693067e-01
5.830000e-01 2.804010e+00 2.480414e+00 2.903552e+00 1.305868e+01 1.152667e+04 1.176578e+04 3.14023 6.694276e-01
5.820000e-01 2.804010e+00 2.480581e+00 2.903736e+00 1.307211e+01 1.152805e+04 1.174754e+04 3.1408 6.695405e-01
5.810000e-01 2.804010e+00 2.480735e+00 2.903905e+00 1.308560e+01 1.152931e+04 1.172925e+04 3.14134 6.696452e-01
5.800000e-01 2.804010e+00 2.480874e+00 2.904056e+00 1.309920e+01 1.153045e+04 1.171082e+04 3.14183 6.697411e-01
5.790000e-01 2.804010e+00 2.481001e+00 2.904197e+00 1.311289e+01 1.153149e+04 1.169228e+04 3.14228 6.698290e-01
5.780000e-01 2.804010e+00 2.481114e+00 2.904323e+00 1.312668e+01 1.153241e+04 1.167362e+04 3.14268 6.699070e-01
5.770000e-01 2.804010e+00 2.481209e+00 2.904428e+00 1.314057e+01 1.153322e+04 1.165482e+04 3.14302 6.699739e-01
5.760000e-01 2.804010e+00 2.481316e+00 2.904553e+00 1.315462e+01 1.153385e+04 1.163583e+04 3.14333 6.700194e-01
5.750000e-01 2.804010e+00 2.481383e+00 2.904627e+00 1.316867e+01 1.153442e+04 1.161683e+04 3.14356 6.700655e-01
5.740000e-01 2.804010e+00 2.481430e+00 2.904678e+00 1.318282e+01 1.153488e+04 1.159770e+04 3.14372 6.701007e-01
5.730000e-01 2.804010e+00 2.481463e+00 2.904714e+00 1.319706e+01 1.153522e+04 1.157845e+04 3.14383 6.701257e-01
5.720000e-01 2.804010e+00 2.481481e+00 2.904735e+00 1.321138e+01 1.153544e+04 1.155911e+04 3.14388 6.701406e-01
5.710000e-01 2.804010e+00 2.481484e+00 2.904737e+00 1.322578e+01 1.153553e+04 1.153969e+04 3.14389 6.701457e-01
5.700000e-01 2.804010e+00 2.481479e+00 2.904731e+00 1.324024e+01 1.153550e+04 1.152024e+04 3.14388 6.701437e-01
5.708113e-01 2.804010e+00 2.482866e+00 2.906360e+00 1.323335e+01 1.153094e+04 1.152951e+04 3.14556 6.694891e-01
