1.000000e+00 2.935120e+00 2.112745e+00 2.502714e+00 1.023398e+01 0.000000e+00 1.618051e+04 0 0.000000e+00
9.990000e-01 2.935120e+00 2.119795e+00 2.517438e+00 1.025212e+01 6.619651e+02 1.606850e+04 2.06372 3.459279e-02
9.980000e-01 2.935120e+00 2.119654e+00 2.516951e+00 1.025332e+01 9.372515e+02 1.603085e+04 2.15907 5.124844e-02
9.970000e-01 2.935120e+00 2.120771e+00 2.518174e+00 1.025817e+01 1.144008e+03 1.599988e+04 2.06955 5.989700e-02
9.960000e-01 2.935120e+00 2.120940e+00 2.518104e+00 1.025993e+01 1.327152e+03 1.597511e+04 2.11285 7.092844e-02
9.950000e-01 2.935120e+00 2.122125e+00 2.519432e+00 1.026484e+01 1.483973e+03 1.595062e+04 2.07318 7.773372e-02
9.940000e-01 2.935120e+00 2.122414e+00 2.519554e+00 1.026673e+01 1.632094e+03 1.593098e+04 2.10274 8.668795e-02
9.930000e-01 2.935120e+00 2.123545e+00 2.520841e+00 1.027149e+01 1.763504e+03 1.591007e+04 2.07681 9.241393e-02
9.920000e-01 2.935120e+00 2.123884e+00 2.521048e+00 1.027343e+01 1.890456e+03 1.589351e+04 2.09898 1.000922e-01
9.910000e-01 2.935120e+00 2.124994e+00 2.522323e+00 1.027813e+01 2.005211e+03 1.587491e+04 2.08045 1.051210e-01
9.900000e-01 2.935120e+00 2.125359e+00 2.522575e+00 1.028010e+01 2.117925e+03 1.586040e+04 2.09821 1.119394e-01
9.890000e-01 2.935120e+00 2.126456e+00 2.523841e+00 1.028477e+01 2.220366e+03 1.584345e+04 2.08412 1.164451e-01
9.880000e-01 2.935120e+00 2.126814e+00 2.524087e+00 1.028674e+01 2.322171e+03 1.583051e+04 2.09869 1.225941e-01
9.870000e-01 2.935120e+00 2.127913e+00 2.525350e+00 1.029141e+01 2.414861e+03 1.581481e+04 2.08779 1.266947e-01
9.860000e-01 2.935120e+00 2.128261e+00 2.525581e+00 1.029339e+01 2.508620e+03 1.580303e+04 2.10025 1.323558e-01
9.850000e-01 2.935120e+00 2.129371e+00 2.526857e+00 1.029810e+01 2.594500e+03 1.578816e+04 2.09149 1.361738e-01
9.840000e-01 2.935120e+00 2.129724e+00 2.527096e+00 1.030010e+01 2.682119e+03 1.577725e+04 2.10252 1.414684e-01
9.830000e-01 2.935120e+00 2.130835e+00 2.528371e+00 1.030483e+01 2.762247e+03 1.576310e+04 2.09521 1.450363e-01
9.820000e-01 2.935120e+00 2.131177e+00 2.528594e+00 1.030682e+01 2.844466e+03 1.575295e+04 2.10498 1.500019e-01
9.810000e-01 2.935120e+00 2.132297e+00 2.529876e+00 1.031158e+01 2.919696e+03 1.573938e+04 2.09893 1.533655e-01
9.800000e-01 2.935120e+00 2.132629e+00 2.530083e+00 1.031358e+01 2.997403e+03 1.572987e+04 2.10771 1.580569e-01
9.790000e-01 2.935120e+00 2.133754e+00 2.531365e+00 1.031836e+01 3.068134e+03 1.571683e+04 2.10266 1.612286e-01
9.780000e-01 2.935120e+00 2.134054e+00 2.531527e+00 1.032034e+01 3.141654e+03 1.570792e+04 2.11048 1.656591e-01
9.770000e-01 2.935120e+00 2.135193e+00 2.532816e+00 1.032517e+01 3.208280e+03 1.569531e+04 2.10638 1.686635e-01
9.760000e-01 2.935120e+00 2.135481e+00 2.532955e+00 1.032715e+01 3.278718e+03 1.568684e+04 2.11362 1.729130e-01
9.750000e-01 2.935120e+00 2.136639e+00 2.534263e+00 1.033206e+01 3.343091e+03 1.567443e+04 2.11012 1.758251e-01
9.740000e-01 2.935120e+00 2.136951e+00 2.534435e+00 1.033408e+01 3.411319e+03 1.566627e+04 2.11711 1.799550e-01
9.730000e-01 2.935120e+00 2.138108e+00 2.535746e+00 1.033900e+01 3.473783e+03 1.565410e+04 2.11391 1.827750e-01
9.720000e-01 2.935120e+00 2.138441e+00 2.535947e+00 1.034106e+01 3.539809e+03 1.564624e+04 2.12059 1.867798e-01
9.710000e-01 2.935120e+00 2.139597e+00 2.537262e+00 1.034600e+01 3.600408e+03 1.563431e+04 2.11772 1.895153e-01
9.700000e-01 2.935120e+00 2.139945e+00 2.537486e+00 1.034807e+01 3.664330e+03 1.562673e+04 2.1241 1.933978e-01
9.690000e-01 2.935120e+00 2.141099e+00 2.538801e+00 1.035301e+01 3.722846e+03 1.561504e+04 2.12156 1.960396e-01
9.680000e-01 2.935120e+00 2.141445e+00 2.539025e+00 1.035509e+01 3.784534e+03 1.560776e+04 2.12754 1.997855e-01
9.670000e-01 2.935120e+00 2.142603e+00 2.540343e+00 1.036003e+01 3.840878e+03 1.559633e+04 2.1254 2.023367e-01
9.660000e-01 2.935120e+00 2.142947e+00 2.540565e+00 1.036211e+01 3.900665e+03 1.558931e+04 2.13107 2.059689e-01
9.650000e-01 2.935120e+00 2.144112e+00 2.541893e+00 1.036708e+01 3.955329e+03 1.557806e+04 2.12926 2.084504e-01
9.640000e-01 2.935120e+00 2.144459e+00 2.542119e+00 1.036918e+01 4.013445e+03 1.557127e+04 2.13469 2.119839e-01
9.630000e-01 2.935120e+00 2.145627e+00 2.543450e+00 1.037416e+01 4.066378e+03 1.556022e+04 2.13313 2.143896e-01
9.620000e-01 2.935120e+00 2.145969e+00 2.543670e+00 1.037626e+01 4.122819e+03 1.555366e+04 2.13829 2.178215e-01
9.610000e-01 2.935120e+00 2.147144e+00 2.545008e+00 1.038127e+01 4.174171e+03 1.554277e+04 2.13702 2.201623e-01
9.600000e-01 2.935120e+00 2.147479e+00 2.545218e+00 1.038337e+01 4.229088e+03 1.553642e+04 2.14193 2.235020e-01
9.590000e-01 2.935120e+00 2.148659e+00 2.546559e+00 1.038840e+01 4.278728e+03 1.552569e+04 2.14091 2.257695e-01
9.580000e-01 2.935120e+00 2.148972e+00 2.546737e+00 1.039049e+01 4.331994e+03 1.551956e+04 2.14552 2.290054e-01
9.570000e-01 2.935120e+00 2.150165e+00 2.548089e+00 1.039556e+01 4.380002e+03 1.550896e+04 2.1448 2.312093e-01
9.560000e-01 2.935120e+00 2.150476e+00 2.548261e+00 1.039766e+01 4.432192e+03 1.550298e+04 2.14929 2.343857e-01
9.550000e-01 2.935120e+00 2.151682e+00 2.549627e+00 1.040278e+01 4.479453e+03 1.549240e+04 2.14873 2.365585e-01
9.540000e-01 2.935120e+00 2.152010e+00 2.549822e+00 1.040492e+01 4.530798e+03 1.548650e+04 2.15317 2.396914e-01
9.530000e-01 2.935120e+00 2.153217e+00 2.551191e+00 1.041007e+01 4.577232e+03 1.547599e+04 2.1527 2.418233e-01
9.520000e-01 2.935120e+00 2.153557e+00 2.551403e+00 1.041223e+01 4.627608e+03 1.547022e+04 2.15705 2.449010e-01
9.510000e-01 2.935120e+00 2.154766e+00 2.552777e+00 1.041740e+01 4.673175e+03 1.545980e+04 2.15669 2.469945e-01
9.500000e-01 2.935120e+00 2.155113e+00 2.553001e+00 1.041957e+01 4.722561e+03 1.545416e+04 2.16093 2.500147e-01
9.490000e-01 2.935120e+00 2.156324e+00 2.554378e+00 1.042475e+01 4.767106e+03 1.544385e+04 2.1607 2.520631e-01
9.480000e-01 2.935120e+00 2.156668e+00 2.554599e+00 1.042692e+01 4.815437e+03 1.543834e+04 2.16479 2.550191e-01
9.470000e-01 2.935120e+00 2.157929e+00 2.556043e+00 1.043221e+01 4.858936e+03 1.542801e+04 2.16479 2.570212e-01
9.460000e-01 2.935120e+00 2.158249e+00 2.556231e+00 1.043434e+01 4.906455e+03 1.542268e+04 2.16874 2.599325e-01
9.450000e-01 2.935120e+00 2.159500e+00 2.557660e+00 1.043962e+01 4.949176e+03 1.541244e+04 2.16883 2.619026e-01
9.440000e-01 2.935120e+00 2.159819e+00 2.557850e+00 1.044177e+01 4.995830e+03 1.540721e+04 2.17269 2.647630e-01
9.430000e-01 2.935120e+00 2.161075e+00 2.559283e+00 1.044707e+01 5.037591e+03 1.539706e+04 2.17289 2.666916e-01
9.420000e-01 2.935120e+00 2.161389e+00 2.559467e+00 1.044922e+01 5.083358e+03 1.539194e+04 2.17663 2.694984e-01
9.410000e-01 2.935120e+00 2.162652e+00 2.560908e+00 1.045454e+01 5.124201e+03 1.538186e+04 2.17697 2.713892e-01
9.400000e-01 2.935120e+00 2.162955e+00 2.561076e+00 1.045669e+01 5.169042e+03 1.537686e+04 2.18056 2.741385e-01
9.390000e-01 2.935120e+00 2.164224e+00 2.562523e+00 1.046203e+01 5.208760e+03 1.536687e+04 2.18105 2.759827e-01
9.380000e-01 2.935120e+00 2.164508e+00 2.562663e+00 1.046416e+01 5.252648e+03 1.536200e+04 2.18447 2.786723e-01
9.370000e-01 2.935120e+00 2.165793e+00 2.564125e+00 1.046955e+01 5.291575e+03 1.535205e+04 2.18513 2.804888e-01
9.360000e-01 2.935120e+00 2.166086e+00 2.564275e+00 1.047171e+01 5.335004e+03 1.534724e+04 2.18855 2.831574e-01
9.350000e-01 2.935120e+00 2.167378e+00 2.565746e+00 1.047715e+01 5.373584e+03 1.533726e+04 2.18926 2.849568e-01
9.340000e-01 2.935120e+00 2.167683e+00 2.565913e+00 1.047934e+01 5.416525e+03 1.533251e+04 2.19267 2.876006e-01
9.330000e-01 2.935120e+00 2.168978e+00 2.567390e+00 1.048480e+01 5.454616e+03 1.532256e+04 2.19342 2.893762e-01
9.320000e-01 2.935120e+00 2.169291e+00 2.567569e+00 1.048701e+01 5.496999e+03 1.531786e+04 2.19679 2.919889e-01
9.310000e-01 2.935120e+00 2.170590e+00 2.569050e+00 1.049249e+01 5.534520e+03 1.530796e+04 2.1976 2.937387e-01
9.300000e-01 2.935120e+00 2.170904e+00 2.569233e+00 1.049471e+01 5.576254e+03 1.530335e+04 2.20091 2.963129e-01
9.290000e-01 2.935120e+00 2.172206e+00 2.570719e+00 1.050021e+01 5.613082e+03 1.529350e+04 2.2018 2.980334e-01
9.280000e-01 2.935120e+00 2.172518e+00 2.570899e+00 1.050243e+01 5.654197e+03 1.528896e+04 2.20504 3.005711e-01
9.270000e-01 2.935120e+00 2.173828e+00 2.572395e+00 1.050797e+01 5.690487e+03 1.527914e+04 2.20602 3.022705e-01
9.260000e-01 2.935120e+00 2.174145e+00 2.572581e+00 1.051021e+01 5.731121e+03 1.527466e+04 2.20922 3.047820e-01
9.250000e-01 2.935120e+00 2.175460e+00 2.574082e+00 1.051577e+01 5.766882e+03 1.526486e+04 2.21026 3.064576e-01
9.240000e-01 2.935120e+00 2.175774e+00 2.574266e+00 1.051802e+01 5.806943e+03 1.526044e+04 2.2134 3.089353e-01
9.230000e-01 2.935120e+00 2.177096e+00 2.575776e+00 1.052361e+01 5.842096e+03 1.525066e+04 2.21453 3.105857e-01
9.220000e-01 2.935120e+00 2.177405e+00 2.575953e+00 1.052586e+01 5.881597e+03 1.524630e+04 2.21759 3.130301e-01
9.210000e-01 2.935120e+00 2.178734e+00 2.577468e+00 1.053147e+01 5.916048e+03 1.523656e+04 2.2188 3.146506e-01
9.200000e-01 2.935120e+00 2.179026e+00 2.577622e+00 1.053371e+01 5.954845e+03 1.523229e+04 2.22175 3.170504e-01
9.190000e-01 2.935120e+00 2.180366e+00 2.579148e+00 1.053935e+01 5.988515e+03 1.522258e+04 2.22307 3.186408e-01
9.180000e-01 2.935120e+00 2.180652e+00 2.579293e+00 1.054160e+01 6.026848e+03 1.521836e+04 2.22598 3.210151e-01
9.170000e-01 2.935120e+00 2.182005e+00 2.580833e+00 1.054729e+01 6.060221e+03 1.520862e+04 2.22738 3.225952e-01
9.160000e-01 2.935120e+00 2.182303e+00 2.580994e+00 1.054957e+01 6.098284e+03 1.520442e+04 2.2303 3.249584e-01
9.150000e-01 2.935120e+00 2.183660e+00 2.582540e+00 1.055530e+01 6.131369e+03 1.519466e+04 2.23172 3.265232e-01
9.140000e-01 2.935120e+00 2.183966e+00 2.582712e+00 1.055761e+01 6.169061e+03 1.519050e+04 2.23463 3.288665e-01
9.130000e-01 2.935120e+00 2.185327e+00 2.584264e+00 1.056336e+01 6.201755e+03 1.518075e+04 2.23609 3.304135e-01
9.120000e-01 2.935120e+00 2.185636e+00 2.584441e+00 1.056568e+01 6.238992e+03 1.517663e+04 2.23896 3.327302e-01
9.110000e-01 2.935120e+00 2.187000e+00 2.585997e+00 1.057145e+01 6.271174e+03 1.516691e+04 2.24047 3.342550e-01
9.100000e-01 2.935120e+00 2.187304e+00 2.586169e+00 1.057376e+01 6.307913e+03 1.516285e+04 2.24328 3.365414e-01
9.090000e-01 2.935120e+00 2.188676e+00 2.587735e+00 1.057956e+01 6.339617e+03 1.515315e+04 2.24487 3.380476e-01
9.080000e-01 2.935120e+00 2.188981e+00 2.587910e+00 1.058189e+01 6.375991e+03 1.514913e+04 2.24765 3.403142e-01
9.070000e-01 2.935120e+00 2.190360e+00 2.589484e+00 1.058772e+01 6.407334e+03 1.513942e+04 2.24929 3.418051e-01
9.060000e-01 2.935120e+00 2.190666e+00 2.589659e+00 1.059006e+01 6.443323e+03 1.513544e+04 2.25204 3.440499e-01
9.050000e-01 2.935120e+00 2.192051e+00 2.591240e+00 1.059592e+01 6.474223e+03 1.512574e+04 2.25373 3.455217e-01
9.040000e-01 2.935120e+00 2.192353e+00 2.591411e+00 1.059827e+01 6.509818e+03 1.512180e+04 2.25644 3.477439e-01
9.030000e-01 2.935120e+00 2.193746e+00 2.593000e+00 1.060416e+01 6.540241e+03 1.511211e+04 2.25819 3.491955e-01
9.020000e-01 2.935120e+00 2.194035e+00 2.593154e+00 1.060650e+01 6.575341e+03 1.510823e+04 2.26083 3.513870e-01
9.010000e-01 2.935120e+00 2.195437e+00 2.594751e+00 1.061242e+01 6.605134e+03 1.509855e+04 2.26265 3.528130e-01
9.000000e-01 2.935120e+00 2.195714e+00 2.594889e+00 1.061476e+01 6.639805e+03 1.509472e+04 2.26523 3.549795e-01
8.990000e-01 2.935120e+00 2.197131e+00 2.596502e+00 1.062073e+01 6.669298e+03 1.508501e+04 2.26713 3.563960e-01
8.980000e-01 2.935120e+00 2.197418e+00 2.596652e+00 1.062310e+01 6.703798e+03 1.508119e+04 2.26974 3.585573e-01
8.970000e-01 2.935120e+00 2.198841e+00 2.598272e+00 1.062912e+01 6.733124e+03 1.507143e+04 2.27166 3.599647e-01
8.960000e-01 2.935120e+00 2.199137e+00 2.598435e+00 1.063152e+01 6.767386e+03 1.506762e+04 2.27427 3.621146e-01
8.950000e-01 2.935120e+00 2.200564e+00 2.600061e+00 1.063757e+01 6.796448e+03 1.505785e+04 2.27622 3.635093e-01
8.940000e-01 2.935120e+00 2.200864e+00 2.600230e+00 1.063999e+01 6.830389e+03 1.505406e+04 2.27881 3.656414e-01
8.930000e-01 2.935120e+00 2.202295e+00 2.601862e+00 1.064606e+01 6.859069e+03 1.504430e+04 2.2808 3.670187e-01
8.920000e-01 2.935120e+00 2.202590e+00 2.602025e+00 1.064848e+01 6.892614e+03 1.504055e+04 2.28334 3.691267e-01
8.910000e-01 2.935120e+00 2.204029e+00 2.603667e+00 1.065457e+01 6.920873e+03 1.503080e+04 2.28539 3.704873e-01
8.900000e-01 2.935120e+00 2.204322e+00 2.603830e+00 1.065700e+01 6.954109e+03 1.502708e+04 2.28791 3.725781e-01
8.890000e-01 2.935120e+00 2.205769e+00 2.605480e+00 1.066313e+01 6.982067e+03 1.501731e+04 2.29 3.739265e-01
8.880000e-01 2.935120e+00 2.206062e+00 2.605643e+00 1.066557e+01 7.015005e+03 1.501362e+04 2.2925 3.760007e-01
8.870000e-01 2.935120e+00 2.207515e+00 2.607301e+00 1.067173e+01 7.042600e+03 1.500384e+04 2.29463 3.773333e-01
8.860000e-01 2.935120e+00 2.207804e+00 2.607460e+00 1.067418e+01 7.075227e+03 1.500019e+04 2.2971 3.793899e-01
8.850000e-01 2.935120e+00 2.209266e+00 2.609127e+00 1.068037e+01 7.102446e+03 1.499040e+04 2.29928 3.807067e-01
8.840000e-01 2.935120e+00 2.209543e+00 2.609270e+00 1.068282e+01 7.134685e+03 1.498678e+04 2.30169 3.827397e-01
8.830000e-01 2.935120e+00 2.211014e+00 2.610945e+00 1.068903e+01 7.161379e+03 1.497700e+04 2.30393 3.840347e-01
8.820000e-01 2.935120e+00 2.211278e+00 2.611071e+00 1.069148e+01 7.193249e+03 1.497342e+04 2.30629 3.860460e-01
8.810000e-01 2.935120e+00 2.212808e+00 2.612823e+00 1.069783e+01 7.219636e+03 1.496347e+04 2.30866 3.873240e-01
8.800000e-01 2.935120e+00 2.213053e+00 2.612921e+00 1.070025e+01 7.251403e+03 1.495998e+04 2.311 3.893372e-01
8.790000e-01 2.935120e+00 2.214574e+00 2.614660e+00 1.070663e+01 7.277672e+03 1.495002e+04 2.31337 3.906117e-01
8.780000e-01 2.935120e+00 2.214826e+00 2.614769e+00 1.070908e+01 7.309273e+03 1.494652e+04 2.31573 3.926181e-01
8.770000e-01 2.935120e+00 2.216353e+00 2.616514e+00 1.071550e+01 7.335344e+03 1.493653e+04 2.31812 3.938826e-01
8.760000e-01 2.935120e+00 2.216608e+00 2.616629e+00 1.071796e+01 7.366707e+03 1.493305e+04 2.32047 3.958765e-01
8.750000e-01 2.935120e+00 2.218140e+00 2.618381e+00 1.072441e+01 7.392476e+03 1.492304e+04 2.3229 3.971269e-01
8.740000e-01 2.935120e+00 2.218389e+00 2.618489e+00 1.072688e+01 7.423520e+03 1.491959e+04 2.32521 3.991017e-01
8.730000e-01 2.935120e+00 2.219930e+00 2.620252e+00 1.073335e+01 7.448937e+03 1.490957e+04 2.32768 4.003378e-01
8.720000e-01 2.935120e+00 2.220178e+00 2.620360e+00 1.073583e+01 7.479731e+03 1.490614e+04 2.32998 4.022991e-01
8.710000e-01 2.935120e+00 2.221727e+00 2.622132e+00 1.074234e+01 7.504889e+03 1.489610e+04 2.33249 4.035244e-01
8.700000e-01 2.935120e+00 2.221972e+00 2.622237e+00 1.074483e+01 7.535432e+03 1.489269e+04 2.33476 4.054720e-01
8.690000e-01 2.935120e+00 2.223529e+00 2.624018e+00 1.075138e+01 7.560276e+03 1.488263e+04 2.33731 4.066835e-01
8.680000e-01 2.935120e+00 2.223769e+00 2.624118e+00 1.075387e+01 7.590566e+03 1.487924e+04 2.33956 4.086171e-01
8.670000e-01 2.935120e+00 2.225334e+00 2.625909e+00 1.076045e+01 7.615077e+03 1.486916e+04 2.34216 4.098143e-01
8.660000e-01 2.935120e+00 2.225562e+00 2.625991e+00 1.076294e+01 7.645026e+03 1.486581e+04 2.34435 4.117273e-01
8.650000e-01 2.935120e+00 2.227137e+00 2.627792e+00 1.076955e+01 7.669078e+03 1.485572e+04 2.347 4.129054e-01
8.640000e-01 2.935120e+00 2.227352e+00 2.627858e+00 1.077204e+01 7.698733e+03 1.485240e+04 2.34916 4.148020e-01
8.630000e-01 2.935120e+00 2.228942e+00 2.629676e+00 1.077870e+01 7.722576e+03 1.484226e+04 2.35187 4.159735e-01
8.620000e-01 2.935120e+00 2.229165e+00 2.629751e+00 1.078122e+01 7.752130e+03 1.483893e+04 2.35405 4.178683e-01
8.610000e-01 2.935120e+00 2.230763e+00 2.631578e+00 1.078795e+01 7.775862e+03 1.482872e+04 2.35678 4.190337e-01
8.600000e-01 2.935120e+00 2.230992e+00 2.631663e+00 1.079049e+01 7.805279e+03 1.482539e+04 2.35897 4.209233e-01
8.590000e-01 2.935120e+00 2.232596e+00 2.633498e+00 1.079726e+01 7.828840e+03 1.481514e+04 2.36173 4.220799e-01
8.580000e-01 2.935120e+00 2.232827e+00 2.633587e+00 1.079982e+01 7.858058e+03 1.481182e+04 2.36391 4.239594e-01
8.570000e-01 2.935120e+00 2.234437e+00 2.635429e+00 1.080662e+01 7.881347e+03 1.480154e+04 2.3667 4.251032e-01
8.560000e-01 2.935120e+00 2.234661e+00 2.635510e+00 1.080919e+01 7.910299e+03 1.479824e+04 2.36885 4.269672e-01
8.550000e-01 2.935120e+00 2.236281e+00 2.637364e+00 1.081602e+01 7.933303e+03 1.478794e+04 2.37168 4.280994e-01
8.540000e-01 2.935120e+00 2.236504e+00 2.637445e+00 1.081860e+01 7.962057e+03 1.478465e+04 2.37382 4.299533e-01
8.530000e-01 2.935120e+00 2.238132e+00 2.639309e+00 1.082547e+01 7.984828e+03 1.477432e+04 2.37669 4.310752e-01
8.520000e-01 2.935120e+00 2.238350e+00 2.639385e+00 1.082806e+01 8.013358e+03 1.477105e+04 2.3788 4.329169e-01
8.510000e-01 2.935120e+00 2.239988e+00 2.641259e+00 1.083497e+01 8.035854e+03 1.476068e+04 2.38171 4.340269e-01
8.500000e-01 2.935120e+00 2.240199e+00 2.641328e+00 1.083757e+01 8.064165e+03 1.475742e+04 2.3838 4.358566e-01
8.490000e-01 2.935120e+00 2.241846e+00 2.643211e+00 1.084451e+01 8.086326e+03 1.474703e+04 2.38675 4.369518e-01
8.480000e-01 2.935120e+00 2.242040e+00 2.643258e+00 1.084710e+01 8.114318e+03 1.474381e+04 2.38878 4.387622e-01
8.470000e-01 2.935120e+00 2.243699e+00 2.645155e+00 1.085408e+01 8.136085e+03 1.473339e+04 2.39179 4.398414e-01
8.460000e-01 2.935120e+00 2.243887e+00 2.645193e+00 1.085667e+01 8.163884e+03 1.473019e+04 2.39381 4.416429e-01
8.450000e-01 2.935120e+00 2.245560e+00 2.647105e+00 1.086371e+01 8.185520e+03 1.471970e+04 2.39686 4.427176e-01
8.440000e-01 2.935120e+00 2.245754e+00 2.647153e+00 1.086634e+01 8.213233e+03 1.471649e+04 2.3989 4.445178e-01
8.430000e-01 2.935120e+00 2.247435e+00 2.649073e+00 1.087344e+01 8.234754e+03 1.470593e+04 2.40197 4.455860e-01
8.420000e-01 2.935120e+00 2.247633e+00 2.649128e+00 1.087609e+01 8.262338e+03 1.470271e+04 2.40402 4.473812e-01
8.410000e-01 2.935120e+00 2.249321e+00 2.651057e+00 1.088324e+01 8.283691e+03 1.469210e+04 2.40711 4.484407e-01
8.400000e-01 2.935120e+00 2.249517e+00 2.651111e+00 1.088590e+01 8.311085e+03 1.468888e+04 2.40915 4.502260e-01
8.390000e-01 2.935120e+00 2.251212e+00 2.653049e+00 1.089308e+01 8.332172e+03 1.467824e+04 2.41228 4.512731e-01
8.380000e-01 2.935120e+00 2.251401e+00 2.653095e+00 1.089575e+01 8.359349e+03 1.467504e+04 2.41429 4.530464e-01
8.370000e-01 2.935120e+00 2.253108e+00 2.655047e+00 1.090297e+01 8.380219e+03 1.466436e+04 2.41745 4.540847e-01
8.360000e-01 2.935120e+00 2.253294e+00 2.655090e+00 1.090566e+01 8.407228e+03 1.466117e+04 2.41946 4.558499e-01
8.350000e-01 2.935120e+00 2.255010e+00 2.657053e+00 1.091292e+01 8.427867e+03 1.465044e+04 2.42266 4.568773e-01
8.340000e-01 2.935120e+00 2.255190e+00 2.657089e+00 1.091561e+01 8.454682e+03 1.464726e+04 2.42463 4.586321e-01
8.330000e-01 2.935120e+00 2.256916e+00 2.659064e+00 1.092292e+01 8.475072e+03 1.463648e+04 2.42787 4.596487e-01
8.320000e-01 2.935120e+00 2.257085e+00 2.659087e+00 1.092561e+01 8.501658e+03 1.463332e+04 2.42982 4.613908e-01
8.310000e-01 2.935120e+00 2.258864e+00 2.661131e+00 1.093304e+01 8.521651e+03 1.462239e+04 2.43315 4.623808e-01
8.300000e-01 2.935120e+00 2.258988e+00 2.661094e+00 1.093567e+01 8.547982e+03 1.461933e+04 2.43501 4.641126e-01
8.290000e-01 2.935120e+00 2.260767e+00 2.663133e+00 1.094312e+01 8.567718e+03 1.460841e+04 2.43839 4.650967e-01
8.280000e-01 2.935120e+00 2.260892e+00 2.663098e+00 1.094577e+01 8.593959e+03 1.460534e+04 2.44026 4.668271e-01
8.270000e-01 2.935120e+00 2.262681e+00 2.665149e+00 1.095328e+01 8.613597e+03 1.459433e+04 2.44366 4.678060e-01
8.260000e-01 2.935120e+00 2.262810e+00 2.665119e+00 1.095596e+01 8.639744e+03 1.459125e+04 2.44554 4.695342e-01
8.250000e-01 2.935120e+00 2.264608e+00 2.667181e+00 1.096353e+01 8.659251e+03 1.458017e+04 2.44897 4.705058e-01
8.240000e-01 2.935120e+00 2.264737e+00 2.667154e+00 1.096623e+01 8.685272e+03 1.457708e+04 2.45085 4.722289e-01
8.230000e-01 2.935120e+00 2.266543e+00 2.669224e+00 1.097385e+01 8.704583e+03 1.456594e+04 2.4543 4.731903e-01
8.220000e-01 2.935120e+00 2.266665e+00 2.669191e+00 1.097655e+01 8.730409e+03 1.456287e+04 2.45617 4.749030e-01
8.210000e-01 2.935120e+00 2.268481e+00 2.671274e+00 1.098421e+01 8.749482e+03 1.455169e+04 2.45966 4.758538e-01
8.200000e-01 2.935120e+00 2.268598e+00 2.671234e+00 1.098693e+01 8.775153e+03 1.454862e+04 2.4615 4.775592e-01
8.190000e-01 2.935120e+00 2.270426e+00 2.673331e+00 1.099464e+01 8.794040e+03 1.453738e+04 2.46503 4.785012e-01
8.180000e-01 2.935120e+00 2.270536e+00 2.673285e+00 1.099737e+01 8.819542e+03 1.453431e+04 2.46686 4.801983e-01
8.170000e-01 2.935120e+00 2.272374e+00 2.675393e+00 1.100513e+01 8.838198e+03 1.452302e+04 2.47042 4.811295e-01
8.160000e-01 2.935120e+00 2.272476e+00 2.675338e+00 1.100786e+01 8.863529e+03 1.451996e+04 2.47223 4.828179e-01
8.150000e-01 2.935120e+00 2.274324e+00 2.677457e+00 1.101566e+01 8.881903e+03 1.450862e+04 2.47582 4.837359e-01
8.140000e-01 2.935120e+00 2.274406e+00 2.677375e+00 1.101838e+01 8.906972e+03 1.450559e+04 2.47757 4.854093e-01
8.130000e-01 2.935120e+00 2.276269e+00 2.679511e+00 1.102622e+01 8.925007e+03 1.449421e+04 2.48123 4.863125e-01
8.120000e-01 2.935120e+00 2.276342e+00 2.679419e+00 1.102895e+01 8.949921e+03 1.449119e+04 2.48296 4.879794e-01
8.110000e-01 2.935120e+00 2.278219e+00 2.681571e+00 1.103686e+01 8.967839e+03 1.447972e+04 2.48666 4.888780e-01
8.100000e-01 2.935120e+00 2.278295e+00 2.681484e+00 1.103961e+01 8.992680e+03 1.447668e+04 2.48841 4.905444e-01
8.090000e-01 2.935120e+00 2.280182e+00 2.683648e+00 1.104759e+01 9.010481e+03 1.446512e+04 2.49213 4.914359e-01
8.080000e-01 2.935120e+00 2.280259e+00 2.683563e+00 1.105037e+01 9.035219e+03 1.446207e+04 2.49389 4.930992e-01
8.070000e-01 2.935120e+00 2.282155e+00 2.685738e+00 1.105841e+01 9.052870e+03 1.445044e+04 2.49763 4.939825e-01
8.060000e-01 2.935120e+00 2.282225e+00 2.685647e+00 1.106120e+01 9.077454e+03 1.444740e+04 2.49937 4.956384e-01
8.050000e-01 2.935120e+00 2.284131e+00 2.687833e+00 1.106928e+01 9.094874e+03 1.443571e+04 2.50315 4.965102e-01
8.040000e-01 2.935120e+00 2.284195e+00 2.687735e+00 1.107208e+01 9.119303e+03 1.443266e+04 2.50487 4.981587e-01
8.030000e-01 2.935120e+00 2.286112e+00 2.689935e+00 1.108022e+01 9.136544e+03 1.442091e+04 2.50868 4.990221e-01
8.020000e-01 2.935120e+00 2.286170e+00 2.689832e+00 1.108303e+01 9.160833e+03 1.441787e+04 2.51039 5.006645e-01
8.010000e-01 2.935120e+00 2.288098e+00 2.692044e+00 1.109122e+01 9.177867e+03 1.440605e+04 2.51424 5.015176e-01
8.000000e-01 2.935120e+00 2.288145e+00 2.691928e+00 1.109404e+01 9.201998e+03 1.440301e+04 2.51592 5.031526e-01
7.990000e-01 2.935120e+00 2.290086e+00 2.694156e+00 1.110228e+01 9.218793e+03 1.439113e+04 2.51981 5.039941e-01
7.980000e-01 2.935120e+00 2.290116e+00 2.694019e+00 1.110509e+01 9.242706e+03 1.438811e+04 2.52145 5.056171e-01
7.970000e-01 2.935120e+00 2.292069e+00 2.696259e+00 1.111337e+01 9.259164e+03 1.437619e+04 2.52538 5.064430e-01
7.960000e-01 2.935120e+00 2.292083e+00 2.696102e+00 1.111618e+01 9.282881e+03 1.437318e+04 2.52698 5.080564e-01
7.950000e-01 2.935120e+00 2.294053e+00 2.698362e+00 1.112453e+01 9.299175e+03 1.436118e+04 2.53097 5.088757e-01
7.940000e-01 2.935120e+00 2.294067e+00 2.698207e+00 1.112737e+01 9.322830e+03 1.435816e+04 2.53259 5.104897e-01
7.930000e-01 2.935120e+00 2.296049e+00 2.700480e+00 1.113579e+01 9.339010e+03 1.434606e+04 2.5366 5.113020e-01
7.920000e-01 2.935120e+00 2.296062e+00 2.700326e+00 1.113865e+01 9.362575e+03 1.434302e+04 2.53822 5.129139e-01
7.910000e-01 2.935120e+00 2.298053e+00 2.702610e+00 1.114715e+01 9.378617e+03 1.433083e+04 2.54225 5.137182e-01
7.900000e-01 2.935120e+00 2.298062e+00 2.702453e+00 1.115002e+01 9.402057e+03 1.432779e+04 2.54387 5.153249e-01
7.890000e-01 2.935120e+00 2.300106e+00 2.704809e+00 1.115866e+01 9.417856e+03 1.431541e+04 2.54798 5.161071e-01
7.880000e-01 2.935120e+00 2.300078e+00 2.704604e+00 1.116149e+01 9.441163e+03 1.431244e+04 2.54954 5.177131e-01
7.870000e-01 2.935120e+00 2.302119e+00 2.706953e+00 1.117015e+01 9.456788e+03 1.430003e+04 2.55368 5.184908e-01
7.860000e-01 2.935120e+00 2.302085e+00 2.706743e+00 1.117299e+01 9.479978e+03 1.429706e+04 2.55522 5.200925e-01
7.850000e-01 2.935120e+00 2.304137e+00 2.709105e+00 1.118172e+01 9.495410e+03 1.428458e+04 2.55939 5.208600e-01
7.840000e-01 2.935120e+00 2.304091e+00 2.708880e+00 1.118456e+01 9.518452e+03 1.428162e+04 2.56091 5.224552e-01
7.830000e-01 2.935120e+00 2.306157e+00 2.711258e+00 1.119334e+01 9.533658e+03 1.426906e+04 2.56512 5.232113e-01
7.820000e-01 2.935120e+00 2.306094e+00 2.711014e+00 1.119619e+01 9.556510e+03 1.426611e+04 2.5666 5.247968e-01
7.810000e-01 2.935120e+00 2.308172e+00 2.713405e+00 1.120501e+01 9.571397e+03 1.425351e+04 2.57085 5.255373e-01
7.800000e-01 2.935120e+00 2.308088e+00 2.713133e+00 1.120785e+01 9.594046e+03 1.425057e+04 2.57229 5.271129e-01
7.790000e-01 2.935120e+00 2.310185e+00 2.715548e+00 1.121675e+01 9.608749e+03 1.423789e+04 2.5766 5.278456e-01
7.780000e-01 2.935120e+00 2.310099e+00 2.715276e+00 1.121961e+01 9.631338e+03 1.423494e+04 2.57804 5.294221e-01
7.770000e-01 2.935120e+00 2.312208e+00 2.717704e+00 1.122859e+01 9.645920e+03 1.422214e+04 2.58238 5.301471e-01
7.760000e-01 2.935120e+00 2.312120e+00 2.717431e+00 1.123147e+01 9.668423e+03 1.421917e+04 2.58382 5.317221e-01
7.750000e-01 2.935120e+00 2.314240e+00 2.719873e+00 1.124053e+01 9.682870e+03 1.420627e+04 2.58818 5.324388e-01
7.740000e-01 2.935120e+00 2.314145e+00 2.719595e+00 1.124343e+01 9.705262e+03 1.420330e+04 2.58962 5.340101e-01
7.730000e-01 2.935120e+00 2.316276e+00 2.722048e+00 1.125254e+01 9.719507e+03 1.419032e+04 2.59401 5.347154e-01
7.720000e-01 2.935120e+00 2.316168e+00 2.721755e+00 1.125545e+01 9.741753e+03 1.418735e+04 2.59542 5.362804e-01
7.710000e-01 2.935120e+00 2.318314e+00 2.724228e+00 1.126463e+01 9.755820e+03 1.417428e+04 2.59985 5.369764e-01
7.700000e-01 2.935120e+00 2.318198e+00 2.723927e+00 1.126756e+01 9.777958e+03 1.417130e+04 2.60125 5.385381e-01
7.690000e-01 2.935120e+00 2.320356e+00 2.726413e+00 1.127681e+01 9.791837e+03 1.415815e+04 2.60571 5.392236e-01
7.680000e-01 2.935120e+00 2.320226e+00 2.726097e+00 1.127973e+01 9.813838e+03 1.415517e+04 2.60708 5.407796e-01
7.670000e-01 2.935120e+00 2.322398e+00 2.728600e+00 1.128905e+01 9.827491e+03 1.414193e+04 2.61159 5.414531e-01
7.660000e-01 2.935120e+00 2.322249e+00 2.728261e+00 1.129197e+01 9.849310e+03 1.413897e+04 2.61291 5.430003e-01
7.650000e-01 2.935120e+00 2.324435e+00 2.730778e+00 1.130134e+01 9.862658e+03 1.412567e+04 2.61746 5.436583e-01
7.640000e-01 2.935120e+00 2.324263e+00 2.730410e+00 1.130425e+01 9.884288e+03 1.412272e+04 2.61873 5.451969e-01
7.630000e-01 2.935120e+00 2.326469e+00 2.732952e+00 1.131369e+01 9.897463e+03 1.410933e+04 2.62334 5.458468e-01
7.620000e-01 2.935120e+00 2.326293e+00 2.732580e+00 1.131663e+01 9.919036e+03 1.410635e+04 2.62462 5.473867e-01
7.610000e-01 2.935120e+00 2.328511e+00 2.735136e+00 1.132616e+01 9.932076e+03 1.409284e+04 2.62925 5.480277e-01
7.600000e-01 2.935120e+00 2.328332e+00 2.734765e+00 1.132913e+01 9.953569e+03 1.408985e+04 2.63053 5.495663e-01
7.590000e-01 2.935120e+00 2.330560e+00 2.737332e+00 1.133874e+01 9.966470e+03 1.407622e+04 2.63519 5.501986e-01
7.580000e-01 2.935120e+00 2.330370e+00 2.736948e+00 1.134172e+01 9.987850e+03 1.407322e+04 2.63645 5.517337e-01
7.570000e-01 2.935120e+00 2.332613e+00 2.739534e+00 1.135140e+01 1.000055e+04 1.405950e+04 2.64114 5.523542e-01
7.560000e-01 2.935120e+00 2.332406e+00 2.739132e+00 1.135438e+01 1.002180e+04 1.405651e+04 2.64238 5.538844e-01
7.550000e-01 2.935120e+00 2.334706e+00 2.741793e+00 1.136423e+01 1.003429e+04 1.404255e+04 2.64715 5.544832e-01
7.540000e-01 2.935120e+00 2.334467e+00 2.741350e+00 1.136718e+01 1.005546e+04 1.403961e+04 2.64834 5.560171e-01
7.530000e-01 2.935120e+00 2.336763e+00 2.744003e+00 1.137706e+01 1.006777e+04 1.402562e+04 2.65313 5.566097e-01
7.520000e-01 2.935120e+00 2.336504e+00 2.743536e+00 1.138001e+01 1.008880e+04 1.402268e+04 2.65429 5.581386e-01
7.510000e-01 2.935120e+00 2.338816e+00 2.746209e+00 1.138997e+01 1.010089e+04 1.400859e+04 2.65912 5.587178e-01
7.500000e-01 2.935120e+00 2.338536e+00 2.745717e+00 1.139290e+01 1.012173e+04 1.400566e+04 2.66023 5.602379e-01
7.490000e-01 2.935120e+00 2.340861e+00 2.748403e+00 1.140291e+01 1.013352e+04 1.399150e+04 2.6651 5.608017e-01
7.480000e-01 2.935120e+00 2.340558e+00 2.747881e+00 1.140585e+01 1.015422e+04 1.398858e+04 2.66616 5.623165e-01
7.470000e-01 2.935120e+00 2.342906e+00 2.750595e+00 1.141595e+01 1.016585e+04 1.397429e+04 2.67109 5.628718e-01
7.460000e-01 2.935120e+00 2.342598e+00 2.750071e+00 1.141891e+01 1.018649e+04 1.397135e+04 2.67215 5.643875e-01
7.450000e-01 2.935120e+00 2.344956e+00 2.752796e+00 1.142911e+01 1.019798e+04 1.395693e+04 2.6771 5.649330e-01
7.440000e-01 2.935120e+00 2.344638e+00 2.752263e+00 1.143209e+01 1.021854e+04 1.395396e+04 2.67816 5.664483e-01
7.430000e-01 2.935120e+00 2.347010e+00 2.755005e+00 1.144238e+01 1.022988e+04 1.393942e+04 2.68313 5.669830e-01
7.420000e-01 2.935120e+00 2.346678e+00 2.754456e+00 1.144536e+01 1.025032e+04 1.393644e+04 2.68416 5.684944e-01
7.410000e-01 2.935120e+00 2.349064e+00 2.757214e+00 1.145573e+01 1.026146e+04 1.392179e+04 2.68917 5.690166e-01
7.400000e-01 2.935120e+00 2.348715e+00 2.756645e+00 1.145871e+01 1.028178e+04 1.391881e+04 2.69017 5.705250e-01
7.390000e-01 2.935120e+00 2.351118e+00 2.759425e+00 1.146917e+01 1.029275e+04 1.390403e+04 2.69522 5.710363e-01
7.380000e-01 2.935120e+00 2.350755e+00 2.758841e+00 1.147217e+01 1.031298e+04 1.390104e+04 2.69619 5.725421e-01
7.370000e-01 2.935120e+00 2.353173e+00 2.761638e+00 1.148271e+01 1.032374e+04 1.388615e+04 2.70128 5.730408e-01
7.360000e-01 2.935120e+00 2.352787e+00 2.761028e+00 1.148571e+01 1.034382e+04 1.388315e+04 2.70221 5.745416e-01
7.350000e-01 2.935120e+00 2.355221e+00 2.763843e+00 1.149632e+01 1.035433e+04 1.386816e+04 2.70733 5.750251e-01
7.340000e-01 2.935120e+00 2.354807e+00 2.763199e+00 1.149930e+01 1.037422e+04 1.386518e+04 2.70819 5.765168e-01
7.330000e-01 2.935120e+00 2.355015e+00 2.763248e+00 1.150341e+01 1.039218e+04 1.386058e+04 2.71079 5.779649e-01
7.320000e-01 2.935120e+00 2.358274e+00 2.767125e+00 1.151683e+01 1.039945e+04 1.384105e+04 2.71639 5.779647e-01
7.310000e-01 2.935120e+00 2.357838e+00 2.766456e+00 1.151984e+01 1.041921e+04 1.383804e+04 2.71723 5.794554e-01
7.300000e-01 2.935120e+00 2.358039e+00 2.766497e+00 1.152400e+01 1.043704e+04 1.383339e+04 2.71982 5.809025e-01
7.290000e-01 2.935120e+00 2.361374e+00 2.770475e+00 1.153773e+01 1.044402e+04 1.381341e+04 2.72553 5.808675e-01
7.280000e-01 2.935120e+00 2.360899e+00 2.769759e+00 1.154071e+01 1.046368e+04 1.381043e+04 2.72632 5.823637e-01
7.270000e-01 2.935120e+00 2.361070e+00 2.769763e+00 1.154488e+01 1.048136e+04 1.380577e+04 2.72888 5.838090e-01
7.260000e-01 2.935120e+00 2.364437e+00 2.773778e+00 1.155878e+01 1.048801e+04 1.378554e+04 2.73465 5.837505e-01
7.250000e-01 2.935120e+00 2.363935e+00 2.773031e+00 1.156177e+01 1.050750e+04 1.378256e+04 2.73539 5.852418e-01
7.240000e-01 2.935120e+00 2.364090e+00 2.773019e+00 1.156597e+01 1.052500e+04 1.377786e+04 2.73793 5.866823e-01
7.230000e-01 2.935120e+00 2.367497e+00 2.777081e+00 1.158006e+01 1.053134e+04 1.375736e+04 2.74379 5.866002e-01
7.220000e-01 2.935120e+00 2.366964e+00 2.776299e+00 1.158306e+01 1.055066e+04 1.375436e+04 2.74447 5.880879e-01
7.210000e-01 2.935120e+00 2.367094e+00 2.776258e+00 1.158727e+01 1.056797e+04 1.374964e+04 2.74696 5.895213e-01
7.200000e-01 2.935120e+00 2.370547e+00 2.780376e+00 1.160154e+01 1.057390e+04 1.372890e+04 2.75291 5.894104e-01
7.190000e-01 2.935120e+00 2.369970e+00 2.779541e+00 1.160453e+01 1.059296e+04 1.372591e+04 2.75351 5.908877e-01
7.180000e-01 2.935120e+00 2.370068e+00 2.779458e+00 1.160873e+01 1.060999e+04 1.372118e+04 2.75593 5.923093e-01
7.170000e-01 2.935120e+00 2.373574e+00 2.783640e+00 1.162319e+01 1.061551e+04 1.370020e+04 2.76201 5.921728e-01
7.160000e-01 2.935120e+00 2.372972e+00 2.782778e+00 1.162619e+01 1.063444e+04 1.369719e+04 2.76257 5.936500e-01
7.150000e-01 2.935120e+00 2.373058e+00 2.782684e+00 1.163044e+01 1.065134e+04 1.369242e+04 2.76499 5.950716e-01
7.140000e-01 2.935120e+00 2.376602e+00 2.786912e+00 1.164514e+01 1.065659e+04 1.367111e+04 2.77114 5.949105e-01
7.130000e-01 2.935120e+00 2.375977e+00 2.786026e+00 1.164816e+01 1.067540e+04 1.366807e+04 2.77167 5.963879e-01
7.120000e-01 2.935120e+00 2.376038e+00 2.785904e+00 1.165244e+01 1.069214e+04 1.366326e+04 2.77406 5.978062e-01
7.110000e-01 2.935120e+00 2.379627e+00 2.790187e+00 1.166735e+01 1.069703e+04 1.364166e+04 2.78029 5.976163e-01
7.100000e-01 2.935120e+00 2.378969e+00 2.789265e+00 1.167039e+01 1.071566e+04 1.363861e+04 2.78076 5.990899e-01
7.090000e-01 2.935120e+00 2.379012e+00 2.789122e+00 1.167470e+01 1.073224e+04 1.363376e+04 2.78312 6.005044e-01
7.080000e-01 2.935120e+00 2.382680e+00 2.793509e+00 1.168992e+01 1.073675e+04 1.361174e+04 2.78947 6.002761e-01
7.070000e-01 2.935120e+00 2.381970e+00 2.792523e+00 1.169292e+01 1.075525e+04 1.360873e+04 2.78986 6.017529e-01
7.060000e-01 2.935120e+00 2.381975e+00 2.792335e+00 1.169722e+01 1.077163e+04 1.360389e+04 2.79216 6.031633e-01
7.050000e-01 2.935120e+00 2.385683e+00 2.796768e+00 1.171262e+01 1.077572e+04 1.358163e+04 2.79861 6.029065e-01
7.040000e-01 2.935120e+00 2.386690e+00 2.797861e+00 1.172027e+01 1.078845e+04 1.357147e+04 2.80165 6.037653e-01
7.030000e-01 2.935120e+00 2.387682e+00 2.798937e+00 1.172789e+01 1.080112e+04 1.356135e+04 2.80468 6.046251e-01
7.020000e-01 2.935120e+00 2.388674e+00 2.800012e+00 1.173556e+01 1.081374e+04 1.355118e+04 2.80771 6.054832e-01
7.010000e-01 2.935120e+00 2.389665e+00 2.801088e+00 1.174327e+01 1.082630e+04 1.354095e+04 2.81075 6.063381e-01
7.000000e-01 2.935120e+00 2.390656e+00 2.802163e+00 1.175101e+01 1.083879e+04 1.353067e+04 2.81378 6.071899e-01
6.990000e-01 2.935120e+00 2.391646e+00 2.803239e+00 1.175878e+01 1.085123e+04 1.352034e+04 2.81682 6.080383e-01
6.980000e-01 2.935120e+00 2.392634e+00 2.804313e+00 1.176659e+01 1.086359e+04 1.350997e+04 2.81985 6.088826e-01
6.970000e-01 2.935120e+00 2.393621e+00 2.805386e+00 1.177442e+01 1.087586e+04 1.349955e+04 2.82288 6.097222e-01
6.960000e-01 2.935120e+00 2.394605e+00 2.806456e+00 1.178229e+01 1.088805e+04 1.348909e+04 2.8259 6.105572e-01
6.950000e-01 2.935120e+00 2.395588e+00 2.807525e+00 1.179018e+01 1.090018e+04 1.347858e+04 2.82892 6.113889e-01
6.940000e-01 2.935120e+00 2.396568e+00 2.808592e+00 1.179811e+01 1.091223e+04 1.346802e+04 2.83194 6.122165e-01
6.930000e-01 2.935120e+00 2.397547e+00 2.809657e+00 1.180607e+01 1.092420e+04 1.345741e+04 2.83495 6.130394e-01
6.920000e-01 2.935120e+00 2.398523e+00 2.810720e+00 1.181405e+01 1.093608e+04 1.344677e+04 2.83796 6.138573e-01
6.910000e-01 2.935120e+00 2.399495e+00 2.811778e+00 1.182206e+01 1.094787e+04 1.343608e+04 2.84096 6.146698e-01
6.900000e-01 2.935120e+00 2.400462e+00 2.812828e+00 1.183008e+01 1.095952e+04 1.342537e+04 2.84394 6.154752e-01
6.890000e-01 2.935120e+00 2.401424e+00 2.813874e+00 1.183812e+01 1.097107e+04 1.341464e+04 2.84692 6.162748e-01
6.880000e-01 2.935120e+00 2.402384e+00 2.814915e+00 1.184619e+01 1.098256e+04 1.340385e+04 2.8499 6.170710e-01
6.870000e-01 2.935120e+00 2.403342e+00 2.815957e+00 1.185431e+01 1.099398e+04 1.339299e+04 2.85287 6.178642e-01
6.860000e-01 2.935120e+00 2.404299e+00 2.816997e+00 1.186246e+01 1.100534e+04 1.338208e+04 2.85584 6.186534e-01
6.850000e-01 2.935120e+00 2.405254e+00 2.818036e+00 1.187065e+01 1.101664e+04 1.337110e+04 2.8588 6.194391e-01
6.840000e-01 2.935120e+00 2.406207e+00 2.819072e+00 1.187889e+01 1.102786e+04 1.336007e+04 2.86176 6.202206e-01
6.830000e-01 2.935120e+00 2.407158e+00 2.820108e+00 1.188715e+01 1.103901e+04 1.334899e+04 2.86472 6.209975e-01
6.820000e-01 2.935120e+00 2.408141e+00 2.821189e+00 1.189553e+01 1.105002e+04 1.333774e+04 2.8677 6.217572e-01
6.810000e-01 2.935120e+00 2.409086e+00 2.822219e+00 1.190386e+01 1.106099e+04 1.332656e+04 2.87065 6.225241e-01
6.800000e-01 2.935120e+00 2.410029e+00 2.823248e+00 1.191223e+01 1.107190e+04 1.331532e+04 2.87358 6.232880e-01
6.790000e-01 2.935120e+00 2.410970e+00 2.824274e+00 1.192063e+01 1.108273e+04 1.330403e+04 2.87652 6.240471e-01
6.780000e-01 2.935120e+00 2.411906e+00 2.825294e+00 1.192906e+01 1.109346e+04 1.329270e+04 2.87944 6.248009e-01
6.770000e-01 2.935120e+00 2.412839e+00 2.826312e+00 1.193752e+01 1.110410e+04 1.328133e+04 2.88236 6.255495e-01
6.760000e-01 2.935120e+00 2.413766e+00 2.827324e+00 1.194600e+01 1.111462e+04 1.326993e+04 2.88526 6.262916e-01
6.750000e-01 2.935120e+00 2.414689e+00 2.828328e+00 1.195449e+01 1.112502e+04 1.325851e+04 2.88816 6.270272e-01
6.740000e-01 2.935120e+00 2.415607e+00 2.829329e+00 1.196302e+01 1.113534e+04 1.324703e+04 2.89104 6.277585e-01
6.730000e-01 2.935120e+00 2.416522e+00 2.830326e+00 1.197160e+01 1.114559e+04 1.323549e+04 2.89392 6.284865e-01
6.720000e-01 2.935120e+00 2.417435e+00 2.831321e+00 1.198022e+01 1.115578e+04 1.322388e+04 2.8968 6.292100e-01
6.710000e-01 2.935120e+00 2.418346e+00 2.832315e+00 1.198888e+01 1.116590e+04 1.321220e+04 2.89967 6.299299e-01
6.700000e-01 2.935120e+00 2.419253e+00 2.833306e+00 1.199758e+01 1.117595e+04 1.320046e+04 2.90253 6.306453e-01
6.690000e-01 2.935120e+00 2.420157e+00 2.834291e+00 1.200632e+01 1.118591e+04 1.318866e+04 2.90538 6.313552e-01
6.680000e-01 2.935120e+00 2.421056e+00 2.835273e+00 1.201509e+01 1.119578e+04 1.317680e+04 2.90821 6.320598e-01
6.670000e-01 2.935120e+00 2.421951e+00 2.836250e+00 1.202390e+01 1.120558e+04 1.316489e+04 2.91104 6.327596e-01
6.660000e-01 2.935120e+00 2.422842e+00 2.837225e+00 1.203275e+01 1.121530e+04 1.315291e+04 2.91385 6.334551e-01
6.650000e-01 2.935120e+00 2.423729e+00 2.838195e+00 1.204164e+01 1.122494e+04 1.314087e+04 2.91666 6.341453e-01
6.640000e-01 2.935120e+00 2.424612e+00 2.839159e+00 1.205056e+01 1.123448e+04 1.312878e+04 2.91945 6.348299e-01
6.630000e-01 2.935120e+00 2.425489e+00 2.840118e+00 1.205951e+01 1.124393e+04 1.311664e+04 2.92223 6.355086e-01
6.620000e-01 2.935120e+00 2.426360e+00 2.841070e+00 1.206849e+01 1.125327e+04 1.310446e+04 2.92499 6.361804e-01
6.610000e-01 2.935120e+00 2.427257e+00 2.842058e+00 1.207757e+01 1.126244e+04 1.309213e+04 2.92778 6.368333e-01
6.600000e-01 2.935120e+00 2.428117e+00 2.842996e+00 1.208659e+01 1.127156e+04 1.307985e+04 2.93051 6.374925e-01
6.590000e-01 2.935120e+00 2.428972e+00 2.843929e+00 1.209567e+01 1.128063e+04 1.306751e+04 2.93323 6.381483e-01
6.580000e-01 2.935120e+00 2.429823e+00 2.844857e+00 1.210480e+01 1.128960e+04 1.305509e+04 2.93594 6.387992e-01
6.570000e-01 2.935120e+00 2.430671e+00 2.845784e+00 1.211397e+01 1.129852e+04 1.304260e+04 2.93865 6.394462e-01
6.560000e-01 2.935120e+00 2.431515e+00 2.846707e+00 1.212319e+01 1.130736e+04 1.303003e+04 2.94134 6.400881e-01
6.550000e-01 2.935120e+00 2.432353e+00 2.847623e+00 1.213245e+01 1.131610e+04 1.301741e+04 2.94402 6.407243e-01
6.540000e-01 2.935120e+00 2.433186e+00 2.848535e+00 1.214175e+01 1.132475e+04 1.300473e+04 2.94668 6.413549e-01
6.530000e-01 2.935120e+00 2.434016e+00 2.849443e+00 1.215109e+01 1.133332e+04 1.299200e+04 2.94934 6.419808e-01
6.520000e-01 2.935120e+00 2.434839e+00 2.850346e+00 1.216048e+01 1.134181e+04 1.297918e+04 2.95198 6.426019e-01
6.510000e-01 2.935120e+00 2.435659e+00 2.851245e+00 1.216991e+01 1.135021e+04 1.296631e+04 2.9546 6.432174e-01
6.500000e-01 2.935120e+00 2.436472e+00 2.852137e+00 1.217938e+01 1.135852e+04 1.295338e+04 2.95722 6.438268e-01
6.490000e-01 2.935120e+00 2.437280e+00 2.853022e+00 1.218888e+01 1.136672e+04 1.294040e+04 2.95981 6.444302e-01
6.480000e-01 2.935120e+00 2.438080e+00 2.853899e+00 1.219841e+01 1.137480e+04 1.292738e+04 2.96239 6.450265e-01
6.470000e-01 2.935120e+00 2.438872e+00 2.854765e+00 1.220795e+01 1.138276e+04 1.291433e+04 2.96495 6.456155e-01
6.460000e-01 2.935120e+00 2.439658e+00 2.855625e+00 1.221755e+01 1.139064e+04 1.290120e+04 2.96749 6.461996e-01
6.450000e-01 2.935120e+00 2.440438e+00 2.856480e+00 1.222720e+01 1.139845e+04 1.288800e+04 2.97001 6.467789e-01
6.440000e-01 2.935120e+00 2.441245e+00 2.857373e+00 1.223698e+01 1.140612e+04 1.287460e+04 2.97256 6.473411e-01
6.430000e-01 2.935120e+00 2.442016e+00 2.858219e+00 1.224674e+01 1.141376e+04 1.286122e+04 2.97506 6.479092e-01
6.420000e-01 2.935120e+00 2.442780e+00 2.859057e+00 1.225655e+01 1.142133e+04 1.284777e+04 2.97753 6.484720e-01
6.410000e-01 2.935120e+00 2.443537e+00 2.859887e+00 1.226639e+01 1.142879e+04 1.283425e+04 2.97998 6.490282e-01
6.400000e-01 2.935120e+00 2.444287e+00 2.860710e+00 1.227628e+01 1.143616e+04 1.282067e+04 2.98241 6.495781e-01
6.390000e-01 2.935120e+00 2.445030e+00 2.861525e+00 1.228622e+01 1.144345e+04 1.280700e+04 2.98483 6.501222e-01
6.380000e-01 2.935120e+00 2.445766e+00 2.862333e+00 1.229621e+01 1.145066e+04 1.279325e+04 2.98722 6.506606e-01
6.370000e-01 2.935120e+00 2.446496e+00 2.863136e+00 1.230624e+01 1.145777e+04 1.277944e+04 2.98959 6.511927e-01
6.360000e-01 2.935120e+00 2.447219e+00 2.863929e+00 1.231632e+01 1.146477e+04 1.276557e+04 2.99194 6.517180e-01
6.350000e-01 2.935120e+00 2.447934e+00 2.864715e+00 1.232642e+01 1.147167e+04 1.275164e+04 2.99427 6.522366e-01
6.340000e-01 2.935120e+00 2.448640e+00 2.865490e+00 1.233656e+01 1.147844e+04 1.273767e+04 2.99657 6.527475e-01
6.330000e-01 2.935120e+00 2.449337e+00 2.866252e+00 1.234672e+01 1.148510e+04 1.272366e+04 2.99885 6.532512e-01
6.320000e-01 2.935120e+00 2.450026e+00 2.867008e+00 1.235695e+01 1.149168e+04 1.270956e+04 3.00111 6.537499e-01
6.310000e-01 2.935120e+00 2.450709e+00 2.867757e+00 1.236723e+01 1.149818e+04 1.269536e+04 3.00335 6.542427e-01
6.300000e-01 2.935120e+00 2.451384e+00 2.868498e+00 1.237757e+01 1.150459e+04 1.268107e+04 3.00557 6.547294e-01
6.290000e-01 2.935120e+00 2.452082e+00 2.869274e+00 1.238806e+01 1.151086e+04 1.266658e+04 3.00779 6.551978e-01
6.280000e-01 2.935120e+00 2.452743e+00 2.870000e+00 1.239851e+01 1.151709e+04 1.265211e+04 3.00995 6.556704e-01
6.270000e-01 2.935120e+00 2.453393e+00 2.870713e+00 1.240901e+01 1.152322e+04 1.263757e+04 3.01208 6.561360e-01
6.260000e-01 2.935120e+00 2.454035e+00 2.871418e+00 1.241955e+01 1.152926e+04 1.262295e+04 3.01419 6.565946e-01
6.250000e-01 2.935120e+00 2.454667e+00 2.872113e+00 1.243016e+01 1.153521e+04 1.260823e+04 3.01626 6.570467e-01
6.240000e-01 2.935120e+00 2.455292e+00 2.872799e+00 1.244082e+01 1.154107e+04 1.259343e+04 3.01831 6.574919e-01
6.230000e-01 2.935120e+00 2.455908e+00 2.873477e+00 1.245152e+01 1.154682e+04 1.257856e+04 3.02033 6.579299e-01
6.220000e-01 2.935120e+00 2.456515e+00 2.874144e+00 1.246227e+01 1.155246e+04 1.256363e+04 3.02233 6.583607e-01
6.210000e-01 2.935120e+00 2.457113e+00 2.874802e+00 1.247305e+01 1.155798e+04 1.254865e+04 3.02429 6.587838e-01
6.200000e-01 2.935120e+00 2.457701e+00 2.875446e+00 1.248386e+01 1.156337e+04 1.253364e+04 3.02624 6.591992e-01
6.190000e-01 2.935120e+00 2.458280e+00 2.876081e+00 1.249473e+01 1.156867e+04 1.251854e+04 3.02816 6.596087e-01
6.180000e-01 2.935120e+00 2.458850e+00 2.876707e+00 1.250567e+01 1.157388e+04 1.250334e+04 3.03005 6.600119e-01
6.170000e-01 2.935120e+00 2.459412e+00 2.877324e+00 1.251668e+01 1.157900e+04 1.248805e+04 3.03191 6.604081e-01
6.160000e-01 2.935120e+00 2.459964e+00 2.877930e+00 1.252775e+01 1.158403e+04 1.247265e+04 3.03374 6.607971e-01
6.150000e-01 2.935120e+00 2.460535e+00 2.878567e+00 1.253897e+01 1.158890e+04 1.245704e+04 3.03557 6.611671e-01
6.140000e-01 2.935120e+00 2.461069e+00 2.879155e+00 1.255016e+01 1.159372e+04 1.244146e+04 3.03734 6.615403e-01
6.130000e-01 2.935120e+00 2.461592e+00 2.879732e+00 1.256140e+01 1.159845e+04 1.242581e+04 3.03908 6.619068e-01
6.120000e-01 2.935120e+00 2.462106e+00 2.880298e+00 1.257271e+01 1.160307e+04 1.241006e+04 3.04079 6.622667e-01
6.110000e-01 2.935120e+00 2.462611e+00 2.880855e+00 1.258408e+01 1.160760e+04 1.239422e+04 3.04247 6.626190e-01
6.100000e-01 2.935120e+00 2.463105e+00 2.881401e+00 1.259551e+01 1.161202e+04 1.237831e+04 3.04411 6.629637e-01
6.090000e-01 2.935120e+00 2.463589e+00 2.881935e+00 1.260698e+01 1.161632e+04 1.236232e+04 3.04572 6.633003e-01
6.080000e-01 2.935120e+00 2.464060e+00 2.882454e+00 1.261850e+01 1.162051e+04 1.234627e+04 3.0473 6.636281e-01
6.070000e-01 2.935120e+00 2.464519e+00 2.882957e+00 1.263004e+01 1.162457e+04 1.233017e+04 3.04883 6.639465e-01
6.060000e-01 2.935120e+00 2.464964e+00 2.883445e+00 1.264164e+01 1.162852e+04 1.231398e+04 3.05032 6.642569e-01
6.050000e-01 2.935120e+00 2.465399e+00 2.883922e+00 1.265332e+01 1.163239e+04 1.229767e+04 3.05177 6.645599e-01
6.040000e-01 2.935120e+00 2.465822e+00 2.884385e+00 1.266508e+01 1.163615e+04 1.228125e+04 3.05319 6.648546e-01
6.030000e-01 2.935120e+00 2.466261e+00 2.884875e+00 1.267699e+01 1.163976e+04 1.226461e+04 3.05459 6.651296e-01
6.020000e-01 2.935120e+00 2.466663e+00 2.885318e+00 1.268889e+01 1.164332e+04 1.224796e+04 3.05593 6.654075e-01
6.010000e-01 2.935120e+00 2.467053e+00 2.885747e+00 1.270085e+01 1.164677e+04 1.223125e+04 3.05723 6.656775e-01
6.000000e-01 2.935120e+00 2.467431e+00 2.886163e+00 1.271287e+01 1.165011e+04 1.221444e+04 3.05849 6.659393e-01
5.990000e-01 2.935120e+00 2.467799e+00 2.886568e+00 1.272497e+01 1.165335e+04 1.219753e+04 3.05972 6.661940e-01
5.980000e-01 2.935120e+00 2.468156e+00 2.886962e+00 1.273715e+01 1.165649e+04 1.218052e+04 3.06092 6.664406e-01
5.970000e-01 2.935120e+00 2.468501e+00 2.887343e+00 1.274938e+01 1.165951e+04 1.216343e+04 3.06207 6.666784e-01
5.960000e-01 2.935120e+00 2.468834e+00 2.887711e+00 1.276167e+01 1.166241e+04 1.214627e+04 3.06319 6.669080e-01
5.950000e-01 2.935120e+00 2.469156e+00 2.888066e+00 1.277401e+01 1.166518e+04 1.212906e+04 3.06428 6.671291e-01
5.940000e-01 2.935120e+00 2.469465e+00 2.888406e+00 1.278639e+01 1.166784e+04 1.211180e+04 3.06532 6.673414e-01
5.930000e-01 2.935120e+00 2.469762e+00 2.888732e+00 1.279883e+01 1.167038e+04 1.209444e+04 3.06633 6.675460e-01
5.920000e-01 2.935120e+00 2.470046e+00 2.889044e+00 1.281137e+01 1.167282e+04 1.207696e+04 3.0673 6.677424e-01
5.910000e-01 2.935120e+00 2.470342e+00 2.889377e+00 1.282407e+01 1.167509e+04 1.205925e+04 3.06824 6.679178e-01
5.900000e-01 2.935120e+00 2.470600e+00 2.889660e+00 1.283678e+01 1.167732e+04 1.204152e+04 3.06911 6.680946e-01
5.890000e-01 2.935120e+00 2.470843e+00 2.889929e+00 1.284956e+01 1.167943e+04 1.202369e+04 3.06993 6.682626e-01
5.880000e-01 2.935120e+00 2.471073e+00 2.890182e+00 1.286241e+01 1.168143e+04 1.200576e+04 3.0707 6.684211e-01
5.870000e-01 2.935120e+00 2.471287e+00 2.890417e+00 1.287533e+01 1.168332e+04 1.198773e+04 3.07142 6.685695e-01
5.860000e-01 2.935120e+00 2.471488e+00 2.890637e+00 1.288834e+01 1.168510e+04 1.196957e+04 3.07209 6.687089e-01
5.850000e-01 2.935120e+00 2.471676e+00 2.890844e+00 1.290143e+01 1.168676e+04 1.195132e+04 3.07272 6.688393e-01
5.840000e-01 2.935120e+00 2.471850e+00 2.891037e+00 1.291458e+01 1.168831e+04 1.193297e+04 3.0733 6.689602e-01
5.830000e-01 2.935120e+00 2.472014e+00 2.891217e+00 1.292781e+01 1.168973e+04 1.191457e+04 3.07386 6.690731e-01
5.820000e-01 2.935120e+00 2.472166e+00 2.891385e+00 1.294108e+01 1.169103e+04 1.189612e+04 3.07437 6.691775e-01
5.810000e-01 2.935120e+00 2.472305e+00 2.891535e+00 1.295440e+01 1.169219e+04 1.187761e+04 3.07485 6.692733e-01
5.800000e-01 2.935120e+00 2.472430e+00 2.891672e+00 1.296782e+01 1.169325e+04 1.185899e+04 3.07529 6.693609e-01
5.790000e-01 2.935120e+00 2.472569e+00 2.891833e+00 1.298142e+01 1.169414e+04 1.184015e+04 3.07571 6.694288e-01
5.780000e-01 2.935120e+00 2.472667e+00 2.891941e+00 1.299503e+01 1.169497e+04 1.182128e+04 3.07605 6.694972e-01
5.770000e-01 2.935120e+00 2.472749e+00 2.892031e+00 1.300874e+01 1.169569e+04 1.180228e+04 3.07633 6.695555e-01
5.760000e-01 2.935120e+00 2.472817e+00 2.892106e+00 1.302253e+01 1.169628e+04 1.178318e+04 3.07657 6.696042e-01
5.750000e-01 2.935120e+00 2.472869e+00 2.892162e+00 1.303639e+01 1.169676e+04 1.176398e+04 3.07675 6.696418e-01
5.740000e-01 2.935120e+00 2.472903e+00 2.892199e+00 1.305035e+01 1.169713e+04 1.174464e+04 3.07686 6.696687e-01
5.730000e-01 2.935120e+00 2.472924e+00 2.892221e+00 1.306441e+01 1.169737e+04 1.172520e+04 3.07693 6.696860e-01
5.720000e-01 2.935120e+00 2.472929e+00 2.892227e+00 1.307855e+01 1.169750e+04 1.170565e+04 3.07694 6.696928e-01
5.710000e-01 2.935120e+00 2.472923e+00 2.892220e+00 1.309277e+01 1.169749e+04 1.168603e+04 3.07692 6.696912e-01
5.716239e-01 2.935120e+00 2.473698e+00 2.893178e+00 1.308658e+01 1.169509e+04 1.169466e+04 3.07779 6.693247e-01
