1.000000e+00 2.951510e+00 2.117379e+00 2.515107e+00 1.023123e+01 0.000000e+00 1.620144e+04 0 0.000000e+00
9.990000e-01 2.951510e+00 2.119099e+00 2.516477e+00 1.024034e+01 6.621044e+02 1.609434e+04 2.06072 3.457241e-02
9.980000e-01 2.951510e+00 2.119179e+00 2.516280e+00 1.024191e+01 9.387402e+02 1.605586e+04 2.15629 5.128670e-02
9.970000e-01 2.951510e+00 2.120382e+00 2.517617e+00 1.024692e+01 1.146372e+03 1.602449e+04 2.06576 5.993272e-02
9.960000e-01 2.951510e+00 2.120551e+00 2.517546e+00 1.024868e+01 1.329717e+03 1.599966e+04 2.10905 7.096366e-02
9.950000e-01 2.951510e+00 2.121733e+00 2.518869e+00 1.025358e+01 1.486773e+03 1.597511e+04 2.06935 7.776504e-02
9.940000e-01 2.951510e+00 2.122023e+00 2.518989e+00 1.025547e+01 1.635127e+03 1.595541e+04 2.09896 8.672485e-02
9.930000e-01 2.951510e+00 2.123150e+00 2.520271e+00 1.026022e+01 1.766829e+03 1.593444e+04 2.07296 9.245091e-02
9.920000e-01 2.951510e+00 2.123491e+00 2.520477e+00 1.026216e+01 1.893995e+03 1.591783e+04 2.09518 1.001350e-01
9.910000e-01 2.951510e+00 2.124597e+00 2.521747e+00 1.026685e+01 2.009014e+03 1.589917e+04 2.07659 1.051640e-01
9.900000e-01 2.951510e+00 2.124964e+00 2.522000e+00 1.026882e+01 2.121929e+03 1.588462e+04 2.09439 1.119884e-01
9.890000e-01 2.951510e+00 2.126057e+00 2.523259e+00 1.027347e+01 2.224625e+03 1.586763e+04 2.08024 1.164951e-01
9.880000e-01 2.951510e+00 2.126418e+00 2.523508e+00 1.027544e+01 2.326623e+03 1.585465e+04 2.09485 1.226503e-01
9.870000e-01 2.951510e+00 2.127512e+00 2.524765e+00 1.028010e+01 2.419545e+03 1.583890e+04 2.0839 1.267516e-01
9.860000e-01 2.951510e+00 2.127863e+00 2.524998e+00 1.028207e+01 2.513465e+03 1.582708e+04 2.09638 1.324170e-01
9.850000e-01 2.951510e+00 2.128968e+00 2.526267e+00 1.028678e+01 2.599545e+03 1.581218e+04 2.08758 1.362353e-01
9.840000e-01 2.951510e+00 2.129324e+00 2.526509e+00 1.028877e+01 2.687322e+03 1.580124e+04 2.09865 1.415346e-01
9.830000e-01 2.951510e+00 2.130430e+00 2.527777e+00 1.029349e+01 2.767655e+03 1.578705e+04 2.09128 1.451034e-01
9.820000e-01 2.951510e+00 2.130776e+00 2.528003e+00 1.029548e+01 2.850020e+03 1.577688e+04 2.10108 1.500731e-01
9.810000e-01 2.951510e+00 2.131891e+00 2.529279e+00 1.030023e+01 2.925437e+03 1.576327e+04 2.095 1.534375e-01
9.800000e-01 2.951510e+00 2.132225e+00 2.529489e+00 1.030222e+01 3.003290e+03 1.575374e+04 2.1038 1.581334e-01
9.790000e-01 2.951510e+00 2.133346e+00 2.530765e+00 1.030700e+01 3.074206e+03 1.574066e+04 2.09871 1.613060e-01
9.780000e-01 2.951510e+00 2.133650e+00 2.530931e+00 1.030897e+01 3.147864e+03 1.573173e+04 2.10655 1.657407e-01
9.770000e-01 2.951510e+00 2.134784e+00 2.532213e+00 1.031379e+01 3.214649e+03 1.571909e+04 2.10242 1.687453e-01
9.760000e-01 2.951510e+00 2.135074e+00 2.532354e+00 1.031576e+01 3.285194e+03 1.571060e+04 2.10967 1.729966e-01
9.750000e-01 2.951510e+00 2.136227e+00 2.533656e+00 1.032066e+01 3.349695e+03 1.569817e+04 2.10615 1.759084e-01
9.740000e-01 2.951510e+00 2.136542e+00 2.533830e+00 1.032268e+01 3.418029e+03 1.568998e+04 2.11315 1.800403e-01
9.730000e-01 2.951510e+00 2.137694e+00 2.535135e+00 1.032759e+01 3.480625e+03 1.567779e+04 2.10992 1.828602e-01
9.720000e-01 2.951510e+00 2.138029e+00 2.535337e+00 1.032964e+01 3.546755e+03 1.566991e+04 2.11661 1.868670e-01
9.710000e-01 2.951510e+00 2.139181e+00 2.536646e+00 1.033457e+01 3.607484e+03 1.565795e+04 2.11372 1.896026e-01
9.700000e-01 2.951510e+00 2.139531e+00 2.536872e+00 1.033664e+01 3.671513e+03 1.565035e+04 2.12011 1.934876e-01
9.690000e-01 2.951510e+00 2.140681e+00 2.538181e+00 1.034157e+01 3.730165e+03 1.563865e+04 2.11754 1.961297e-01
9.680000e-01 2.951510e+00 2.141030e+00 2.538407e+00 1.034364e+01 3.791963e+03 1.563135e+04 2.12354 1.998784e-01
9.670000e-01 2.951510e+00 2.142183e+00 2.539719e+00 1.034857e+01 3.848437e+03 1.561989e+04 2.12137 2.024298e-01
9.660000e-01 2.951510e+00 2.142529e+00 2.539943e+00 1.035065e+01 3.908323e+03 1.561286e+04 2.12705 2.060641e-01
9.650000e-01 2.951510e+00 2.143689e+00 2.541264e+00 1.035561e+01 3.963111e+03 1.560159e+04 2.12521 2.085459e-01
9.640000e-01 2.951510e+00 2.144040e+00 2.541494e+00 1.035770e+01 4.021329e+03 1.559477e+04 2.13065 2.120818e-01
9.630000e-01 2.951510e+00 2.145202e+00 2.542818e+00 1.036267e+01 4.074389e+03 1.558370e+04 2.12907 2.144880e-01
9.620000e-01 2.951510e+00 2.145547e+00 2.543041e+00 1.036477e+01 4.130927e+03 1.557712e+04 2.13424 2.179220e-01
9.610000e-01 2.951510e+00 2.146717e+00 2.544372e+00 1.036977e+01 4.182401e+03 1.556622e+04 2.13294 2.202633e-01
9.600000e-01 2.951510e+00 2.147056e+00 2.544585e+00 1.037187e+01 4.237417e+03 1.555985e+04 2.13787 2.236055e-01
9.590000e-01 2.951510e+00 2.148231e+00 2.545920e+00 1.037689e+01 4.287182e+03 1.554910e+04 2.13682 2.258737e-01
9.580000e-01 2.951510e+00 2.148547e+00 2.546101e+00 1.037897e+01 4.340544e+03 1.554295e+04 2.14144 2.291118e-01
9.570000e-01 2.951510e+00 2.149736e+00 2.547447e+00 1.038402e+01 4.388660e+03 1.553234e+04 2.1407 2.313158e-01
9.560000e-01 2.951510e+00 2.150049e+00 2.547621e+00 1.038612e+01 4.440928e+03 1.552634e+04 2.14519 2.344932e-01
9.550000e-01 2.951510e+00 2.151250e+00 2.548980e+00 1.039124e+01 4.488287e+03 1.551574e+04 2.14462 2.366660e-01
9.540000e-01 2.951510e+00 2.151581e+00 2.549177e+00 1.039337e+01 4.539716e+03 1.550983e+04 2.14906 2.398004e-01
9.530000e-01 2.951510e+00 2.152783e+00 2.550540e+00 1.039851e+01 4.586250e+03 1.549931e+04 2.14857 2.419324e-01
9.520000e-01 2.951510e+00 2.153125e+00 2.550753e+00 1.040066e+01 4.636708e+03 1.549352e+04 2.15292 2.450115e-01
9.510000e-01 2.951510e+00 2.154330e+00 2.552121e+00 1.040582e+01 4.682375e+03 1.548308e+04 2.15255 2.471052e-01
9.500000e-01 2.951510e+00 2.154679e+00 2.552348e+00 1.040799e+01 4.731844e+03 1.547742e+04 2.15679 2.501269e-01
9.490000e-01 2.951510e+00 2.155930e+00 2.553777e+00 1.041324e+01 4.776450e+03 1.546698e+04 2.1566 2.521701e-01
9.480000e-01 2.951510e+00 2.156249e+00 2.553964e+00 1.041536e+01 4.824894e+03 1.546153e+04 2.16066 2.551311e-01
9.470000e-01 2.951510e+00 2.157489e+00 2.555379e+00 1.042060e+01 4.868502e+03 1.545122e+04 2.16061 2.571354e-01
9.460000e-01 2.951510e+00 2.157811e+00 2.555569e+00 1.042273e+01 4.916099e+03 1.544588e+04 2.16457 2.600482e-01
9.450000e-01 2.951510e+00 2.159057e+00 2.556992e+00 1.042800e+01 4.958917e+03 1.543563e+04 2.16464 2.620186e-01
9.440000e-01 2.951510e+00 2.159380e+00 2.557184e+00 1.043014e+01 5.005653e+03 1.543039e+04 2.1685 2.648807e-01
9.430000e-01 2.951510e+00 2.160630e+00 2.558611e+00 1.043543e+01 5.047512e+03 1.542021e+04 2.16869 2.668095e-01
9.420000e-01 2.951510e+00 2.160948e+00 2.558798e+00 1.043758e+01 5.093357e+03 1.541509e+04 2.17243 2.696179e-01
9.410000e-01 2.951510e+00 2.162205e+00 2.560232e+00 1.044289e+01 5.134298e+03 1.540498e+04 2.17275 2.715092e-01
9.400000e-01 2.951510e+00 2.162511e+00 2.560403e+00 1.044503e+01 5.179222e+03 1.539998e+04 2.17635 2.742602e-01
9.390000e-01 2.951510e+00 2.163776e+00 2.561843e+00 1.045036e+01 5.219037e+03 1.538996e+04 2.17681 2.761049e-01
9.380000e-01 2.951510e+00 2.164063e+00 2.561986e+00 1.045249e+01 5.262999e+03 1.538509e+04 2.18024 2.787958e-01
9.370000e-01 2.951510e+00 2.165343e+00 2.563442e+00 1.045786e+01 5.302007e+03 1.537511e+04 2.18088 2.806121e-01
9.360000e-01 2.951510e+00 2.165637e+00 2.563594e+00 1.046002e+01 5.345503e+03 1.537029e+04 2.18431 2.832815e-01
9.350000e-01 2.951510e+00 2.166925e+00 2.565058e+00 1.046544e+01 5.384164e+03 1.536031e+04 2.18499 2.850808e-01
9.340000e-01 2.951510e+00 2.167232e+00 2.565228e+00 1.046763e+01 5.427174e+03 1.535554e+04 2.18841 2.877256e-01
9.330000e-01 2.951510e+00 2.168523e+00 2.566697e+00 1.047308e+01 5.465346e+03 1.534557e+04 2.18914 2.895013e-01
9.320000e-01 2.951510e+00 2.168839e+00 2.566879e+00 1.047529e+01 5.507799e+03 1.534087e+04 2.19252 2.921150e-01
9.310000e-01 2.951510e+00 2.170132e+00 2.568353e+00 1.048076e+01 5.545402e+03 1.533095e+04 2.19331 2.938651e-01
9.300000e-01 2.951510e+00 2.170449e+00 2.568539e+00 1.048297e+01 5.587208e+03 1.532632e+04 2.19662 2.964404e-01
9.290000e-01 2.951510e+00 2.171746e+00 2.570018e+00 1.048846e+01 5.624118e+03 1.531646e+04 2.19749 2.981611e-01
9.280000e-01 2.951510e+00 2.172061e+00 2.570200e+00 1.049068e+01 5.665300e+03 1.531191e+04 2.20073 3.006996e-01
9.270000e-01 2.951510e+00 2.173366e+00 2.571689e+00 1.049620e+01 5.701667e+03 1.530208e+04 2.20169 3.023991e-01
9.260000e-01 2.951510e+00 2.173685e+00 2.571878e+00 1.049844e+01 5.742369e+03 1.529758e+04 2.2049 3.049115e-01
9.250000e-01 2.951510e+00 2.174996e+00 2.573373e+00 1.050399e+01 5.778211e+03 1.528777e+04 2.20592 3.065875e-01
9.240000e-01 2.951510e+00 2.175313e+00 2.573560e+00 1.050623e+01 5.818340e+03 1.528334e+04 2.20906 3.090662e-01
9.230000e-01 2.951510e+00 2.176630e+00 2.575062e+00 1.051181e+01 5.853572e+03 1.527355e+04 2.21017 3.107168e-01
9.220000e-01 2.951510e+00 2.176942e+00 2.575242e+00 1.051406e+01 5.893143e+03 1.526918e+04 2.21324 3.131623e-01
9.210000e-01 2.951510e+00 2.178265e+00 2.576751e+00 1.051966e+01 5.927676e+03 1.525942e+04 2.21443 3.147833e-01
9.200000e-01 2.951510e+00 2.178560e+00 2.576908e+00 1.052190e+01 5.966543e+03 1.525514e+04 2.21738 3.171842e-01
9.190000e-01 2.951510e+00 2.179895e+00 2.578426e+00 1.052752e+01 6.000287e+03 1.524541e+04 2.21869 3.187748e-01
9.180000e-01 2.951510e+00 2.180184e+00 2.578574e+00 1.052977e+01 6.038681e+03 1.524119e+04 2.22159 3.211495e-01
9.170000e-01 2.951510e+00 2.181532e+00 2.580107e+00 1.053545e+01 6.072121e+03 1.523144e+04 2.22297 3.227296e-01
9.160000e-01 2.951510e+00 2.181833e+00 2.580271e+00 1.053772e+01 6.110245e+03 1.522723e+04 2.2259 3.250933e-01
9.150000e-01 2.951510e+00 2.183185e+00 2.581809e+00 1.054344e+01 6.143398e+03 1.521746e+04 2.2273 3.266582e-01
9.140000e-01 2.951510e+00 2.183493e+00 2.581984e+00 1.054574e+01 6.181152e+03 1.521328e+04 2.23021 3.290022e-01
9.130000e-01 2.951510e+00 2.184849e+00 2.583529e+00 1.055148e+01 6.213916e+03 1.520352e+04 2.23165 3.305493e-01
9.120000e-01 2.951510e+00 2.185161e+00 2.583709e+00 1.055380e+01 6.251216e+03 1.519939e+04 2.23453 3.328668e-01
9.110000e-01 2.951510e+00 2.186520e+00 2.585258e+00 1.055955e+01 6.283470e+03 1.518965e+04 2.23602 3.343918e-01
9.100000e-01 2.951510e+00 2.186826e+00 2.585433e+00 1.056187e+01 6.320270e+03 1.518558e+04 2.23883 3.366789e-01
9.090000e-01 2.951510e+00 2.188193e+00 2.586991e+00 1.056765e+01 6.352042e+03 1.517587e+04 2.2404 3.381852e-01
9.080000e-01 2.951510e+00 2.188502e+00 2.587169e+00 1.056997e+01 6.388475e+03 1.517184e+04 2.24319 3.404523e-01
9.070000e-01 2.951510e+00 2.189875e+00 2.588736e+00 1.057579e+01 6.419885e+03 1.516212e+04 2.2448 3.419434e-01
9.060000e-01 2.951510e+00 2.190184e+00 2.588914e+00 1.057813e+01 6.455936e+03 1.515813e+04 2.24756 3.441889e-01
9.050000e-01 2.951510e+00 2.191564e+00 2.590488e+00 1.058398e+01 6.486901e+03 1.514842e+04 2.24923 3.456608e-01
9.040000e-01 2.951510e+00 2.191869e+00 2.590662e+00 1.058632e+01 6.522558e+03 1.514447e+04 2.25195 3.478836e-01
9.030000e-01 2.951510e+00 2.193256e+00 2.592243e+00 1.059220e+01 6.553050e+03 1.513476e+04 2.25367 3.493356e-01
9.020000e-01 2.951510e+00 2.193548e+00 2.592401e+00 1.059454e+01 6.588213e+03 1.513087e+04 2.25631 3.515280e-01
9.010000e-01 2.951510e+00 2.194945e+00 2.593991e+00 1.060044e+01 6.618071e+03 1.512118e+04 2.25812 3.529541e-01
9.000000e-01 2.951510e+00 2.195225e+00 2.594132e+00 1.060278e+01 6.652798e+03 1.511735e+04 2.2607 3.551209e-01
8.990000e-01 2.951510e+00 2.196636e+00 2.595737e+00 1.060873e+01 6.682349e+03 1.510762e+04 2.26259 3.565373e-01
8.980000e-01 2.951510e+00 2.196927e+00 2.595891e+00 1.061111e+01 6.716902e+03 1.510379e+04 2.26519 3.586988e-01
8.970000e-01 2.951510e+00 2.198344e+00 2.597503e+00 1.061711e+01 6.746287e+03 1.509403e+04 2.2671 3.601063e-01
8.960000e-01 2.951510e+00 2.198643e+00 2.597668e+00 1.061951e+01 6.780604e+03 1.509021e+04 2.26971 3.622565e-01
8.950000e-01 2.951510e+00 2.200065e+00 2.599287e+00 1.062554e+01 6.809725e+03 1.508042e+04 2.27164 3.636512e-01
8.940000e-01 2.951510e+00 2.200368e+00 2.599459e+00 1.062796e+01 6.843724e+03 1.507663e+04 2.27423 3.657837e-01
8.930000e-01 2.951510e+00 2.201793e+00 2.601084e+00 1.063401e+01 6.872464e+03 1.506685e+04 2.2762 3.671613e-01
8.920000e-01 2.951510e+00 2.202091e+00 2.601250e+00 1.063643e+01 6.906066e+03 1.506309e+04 2.27875 3.692697e-01
8.910000e-01 2.951510e+00 2.203524e+00 2.602884e+00 1.064251e+01 6.934383e+03 1.505332e+04 2.28077 3.706304e-01
8.900000e-01 2.951510e+00 2.203821e+00 2.603050e+00 1.064494e+01 6.967674e+03 1.504960e+04 2.28329 3.727215e-01
8.890000e-01 2.951510e+00 2.205262e+00 2.604693e+00 1.065105e+01 6.995690e+03 1.503982e+04 2.28536 3.740700e-01
8.880000e-01 2.951510e+00 2.205558e+00 2.604860e+00 1.065349e+01 7.028684e+03 1.503612e+04 2.28787 3.761447e-01
8.870000e-01 2.951510e+00 2.207006e+00 2.606510e+00 1.065964e+01 7.056337e+03 1.502633e+04 2.28998 3.774774e-01
8.860000e-01 2.951510e+00 2.207298e+00 2.606672e+00 1.066208e+01 7.089020e+03 1.502267e+04 2.29245 3.795344e-01
8.850000e-01 2.951510e+00 2.208799e+00 2.608391e+00 1.066835e+01 7.116263e+03 1.501274e+04 2.29466 3.808432e-01
8.840000e-01 2.951510e+00 2.209052e+00 2.608501e+00 1.067074e+01 7.148586e+03 1.500919e+04 2.29704 3.828816e-01
8.830000e-01 2.951510e+00 2.210545e+00 2.610206e+00 1.067700e+01 7.175311e+03 1.499932e+04 2.2993 3.841717e-01
8.820000e-01 2.951510e+00 2.210784e+00 2.610297e+00 1.067938e+01 7.207259e+03 1.499581e+04 2.30162 3.861882e-01
8.810000e-01 2.951510e+00 2.212292e+00 2.612020e+00 1.068569e+01 7.233704e+03 1.498590e+04 2.30396 3.874694e-01
8.800000e-01 2.951510e+00 2.212539e+00 2.612120e+00 1.068811e+01 7.265520e+03 1.498240e+04 2.3063 3.894826e-01
8.790000e-01 2.951510e+00 2.214055e+00 2.613851e+00 1.069447e+01 7.291840e+03 1.497242e+04 2.30866 3.907570e-01
8.780000e-01 2.951510e+00 2.214310e+00 2.613963e+00 1.069692e+01 7.323491e+03 1.496892e+04 2.31101 3.927636e-01
8.770000e-01 2.951510e+00 2.215831e+00 2.615701e+00 1.070332e+01 7.349614e+03 1.495891e+04 2.31339 3.940280e-01
8.760000e-01 2.951510e+00 2.216089e+00 2.615819e+00 1.070578e+01 7.381028e+03 1.495543e+04 2.31574 3.960221e-01
8.750000e-01 2.951510e+00 2.217616e+00 2.617563e+00 1.071222e+01 7.406850e+03 1.494540e+04 2.31814 3.972726e-01
8.740000e-01 2.951510e+00 2.217868e+00 2.617675e+00 1.071468e+01 7.437946e+03 1.494195e+04 2.32046 3.992477e-01
8.730000e-01 2.951510e+00 2.219403e+00 2.619429e+00 1.072114e+01 7.463414e+03 1.493192e+04 2.32291 4.004838e-01
8.720000e-01 2.951510e+00 2.219654e+00 2.619540e+00 1.072362e+01 7.494257e+03 1.492848e+04 2.32521 4.024452e-01
8.710000e-01 2.951510e+00 2.221197e+00 2.621305e+00 1.073011e+01 7.519467e+03 1.491843e+04 2.3277 4.036706e-01
8.700000e-01 2.951510e+00 2.221446e+00 2.621413e+00 1.073260e+01 7.550061e+03 1.491501e+04 2.32998 4.056184e-01
8.690000e-01 2.951510e+00 2.222997e+00 2.623187e+00 1.073913e+01 7.574956e+03 1.490494e+04 2.33251 4.068300e-01
8.680000e-01 2.951510e+00 2.223240e+00 2.623290e+00 1.074162e+01 7.605297e+03 1.490154e+04 2.33476 4.087637e-01
8.670000e-01 2.951510e+00 2.224800e+00 2.625073e+00 1.074819e+01 7.629860e+03 1.489144e+04 2.33733 4.099612e-01
8.660000e-01 2.951510e+00 2.225030e+00 2.625159e+00 1.075068e+01 7.659861e+03 1.488809e+04 2.33953 4.118744e-01
8.650000e-01 2.951510e+00 2.226600e+00 2.626951e+00 1.075727e+01 7.683963e+03 1.487798e+04 2.34216 4.130527e-01
8.640000e-01 2.951510e+00 2.226818e+00 2.627021e+00 1.075976e+01 7.713665e+03 1.487466e+04 2.34432 4.149490e-01
8.630000e-01 2.951510e+00 2.228402e+00 2.628831e+00 1.076641e+01 7.737552e+03 1.486450e+04 2.34701 4.161206e-01
8.620000e-01 2.951510e+00 2.228628e+00 2.628909e+00 1.076893e+01 7.767153e+03 1.486117e+04 2.34919 4.180152e-01
8.610000e-01 2.951510e+00 2.230220e+00 2.630728e+00 1.077563e+01 7.790929e+03 1.485095e+04 2.35191 4.191805e-01
8.600000e-01 2.951510e+00 2.230452e+00 2.630816e+00 1.077818e+01 7.820392e+03 1.484762e+04 2.3541 4.210700e-01
8.590000e-01 2.951510e+00 2.232051e+00 2.632643e+00 1.078493e+01 7.843997e+03 1.483735e+04 2.35683 4.222266e-01
8.580000e-01 2.951510e+00 2.232284e+00 2.632735e+00 1.078749e+01 7.873264e+03 1.483402e+04 2.35902 4.241061e-01
8.570000e-01 2.951510e+00 2.233889e+00 2.634569e+00 1.079427e+01 7.896599e+03 1.482373e+04 2.36178 4.252500e-01
8.560000e-01 2.951510e+00 2.234115e+00 2.634654e+00 1.079684e+01 7.925599e+03 1.482043e+04 2.36394 4.271139e-01
8.550000e-01 2.951510e+00 2.235730e+00 2.636500e+00 1.080365e+01 7.948646e+03 1.481011e+04 2.36675 4.282461e-01
8.540000e-01 2.951510e+00 2.235955e+00 2.636584e+00 1.080623e+01 7.977447e+03 1.480682e+04 2.36889 4.300999e-01
8.530000e-01 2.951510e+00 2.237578e+00 2.638440e+00 1.081309e+01 8.000262e+03 1.479647e+04 2.37173 4.312219e-01
8.520000e-01 2.951510e+00 2.237799e+00 2.638519e+00 1.081567e+01 8.028840e+03 1.479319e+04 2.37385 4.330635e-01
8.510000e-01 2.951510e+00 2.239431e+00 2.640385e+00 1.082257e+01 8.051380e+03 1.478281e+04 2.37674 4.341736e-01
8.500000e-01 2.951510e+00 2.239646e+00 2.640458e+00 1.082516e+01 8.079739e+03 1.477955e+04 2.37883 4.360033e-01
8.490000e-01 2.951510e+00 2.241286e+00 2.642333e+00 1.083209e+01 8.101946e+03 1.476914e+04 2.38176 4.370987e-01
8.480000e-01 2.951510e+00 2.241484e+00 2.642384e+00 1.083468e+01 8.129986e+03 1.476591e+04 2.38379 4.389092e-01
8.470000e-01 2.951510e+00 2.243137e+00 2.644272e+00 1.084164e+01 8.151794e+03 1.475549e+04 2.38678 4.399884e-01
8.460000e-01 2.951510e+00 2.243328e+00 2.644314e+00 1.084423e+01 8.179637e+03 1.475227e+04 2.3888 4.417895e-01
8.450000e-01 2.951510e+00 2.244995e+00 2.646217e+00 1.085126e+01 8.201311e+03 1.474178e+04 2.39183 4.428641e-01
8.440000e-01 2.951510e+00 2.245192e+00 2.646268e+00 1.085388e+01 8.229068e+03 1.473855e+04 2.39387 4.446639e-01
8.430000e-01 2.951510e+00 2.246867e+00 2.648181e+00 1.086097e+01 8.250627e+03 1.472799e+04 2.39692 4.457321e-01
8.420000e-01 2.951510e+00 2.247068e+00 2.648239e+00 1.086361e+01 8.278253e+03 1.472476e+04 2.39897 4.475269e-01
8.410000e-01 2.951510e+00 2.248750e+00 2.650160e+00 1.087075e+01 8.299645e+03 1.471414e+04 2.40205 4.485866e-01
8.400000e-01 2.951510e+00 2.248949e+00 2.650217e+00 1.087341e+01 8.327085e+03 1.471092e+04 2.40409 4.503716e-01
8.390000e-01 2.951510e+00 2.250638e+00 2.652147e+00 1.088057e+01 8.348212e+03 1.470026e+04 2.40719 4.514188e-01
8.380000e-01 2.951510e+00 2.250830e+00 2.652195e+00 1.088324e+01 8.375432e+03 1.469706e+04 2.4092 4.531918e-01
8.370000e-01 2.951510e+00 2.252531e+00 2.654140e+00 1.089045e+01 8.396339e+03 1.468636e+04 2.41235 4.542300e-01
8.360000e-01 2.951510e+00 2.252721e+00 2.654187e+00 1.089313e+01 8.423392e+03 1.468316e+04 2.41435 4.559950e-01
8.350000e-01 2.951510e+00 2.254430e+00 2.656141e+00 1.090038e+01 8.444071e+03 1.467242e+04 2.41753 4.570225e-01
8.340000e-01 2.951510e+00 2.254613e+00 2.656180e+00 1.090306e+01 8.470929e+03 1.466923e+04 2.41951 4.587771e-01
8.330000e-01 2.951510e+00 2.256378e+00 2.658208e+00 1.091045e+01 8.491324e+03 1.465832e+04 2.42278 4.597837e-01
8.320000e-01 2.951510e+00 2.256523e+00 2.658197e+00 1.091308e+01 8.517981e+03 1.465522e+04 2.42469 4.615316e-01
8.310000e-01 2.951510e+00 2.258280e+00 2.660210e+00 1.092047e+01 8.538019e+03 1.464433e+04 2.42799 4.625256e-01
8.300000e-01 2.951510e+00 2.258406e+00 2.660177e+00 1.092309e+01 8.564395e+03 1.464126e+04 2.42985 4.642572e-01
8.290000e-01 2.951510e+00 2.260179e+00 2.662207e+00 1.093052e+01 8.584164e+03 1.463033e+04 2.4332 4.652412e-01
8.280000e-01 2.951510e+00 2.260307e+00 2.662175e+00 1.093317e+01 8.610446e+03 1.462725e+04 2.43507 4.669711e-01
8.270000e-01 2.951510e+00 2.262090e+00 2.664218e+00 1.094067e+01 8.630115e+03 1.461623e+04 2.43846 4.679499e-01
8.260000e-01 2.951510e+00 2.262221e+00 2.664191e+00 1.094334e+01 8.656303e+03 1.461315e+04 2.44034 4.696776e-01
8.250000e-01 2.951510e+00 2.264014e+00 2.666245e+00 1.095090e+01 8.675843e+03 1.460205e+04 2.44375 4.706491e-01
8.240000e-01 2.951510e+00 2.264146e+00 2.666222e+00 1.095359e+01 8.701906e+03 1.459896e+04 2.44563 4.723719e-01
8.230000e-01 2.951510e+00 2.265945e+00 2.668283e+00 1.096120e+01 8.721250e+03 1.458781e+04 2.44906 4.733333e-01
8.220000e-01 2.951510e+00 2.266071e+00 2.668253e+00 1.096390e+01 8.747119e+03 1.458473e+04 2.45092 4.750456e-01
8.210000e-01 2.951510e+00 2.267881e+00 2.670328e+00 1.097154e+01 8.766224e+03 1.457353e+04 2.45439 4.759963e-01
8.200000e-01 2.951510e+00 2.268001e+00 2.670291e+00 1.097425e+01 8.791935e+03 1.457046e+04 2.45624 4.777013e-01
8.190000e-01 2.951510e+00 2.269822e+00 2.672380e+00 1.098195e+01 8.810855e+03 1.455920e+04 2.45975 4.786432e-01
8.180000e-01 2.951510e+00 2.269936e+00 2.672337e+00 1.098467e+01 8.836399e+03 1.455613e+04 2.46158 4.803400e-01
8.170000e-01 2.951510e+00 2.271767e+00 2.674437e+00 1.099242e+01 8.855087e+03 1.454482e+04 2.46512 4.812712e-01
8.160000e-01 2.951510e+00 2.271873e+00 2.674385e+00 1.099515e+01 8.880459e+03 1.454176e+04 2.46692 4.829592e-01
8.150000e-01 2.951510e+00 2.273714e+00 2.676496e+00 1.100293e+01 8.898868e+03 1.453040e+04 2.4705 4.838773e-01
8.140000e-01 2.951510e+00 2.273799e+00 2.676418e+00 1.100565e+01 8.923979e+03 1.452737e+04 2.47225 4.855503e-01
8.130000e-01 2.951510e+00 2.275656e+00 2.678546e+00 1.101347e+01 8.942045e+03 1.451597e+04 2.47588 4.864535e-01
8.120000e-01 2.951510e+00 2.275733e+00 2.678457e+00 1.101620e+01 8.966996e+03 1.451294e+04 2.47762 4.881198e-01
8.110000e-01 2.951510e+00 2.277603e+00 2.680601e+00 1.102409e+01 8.984943e+03 1.450146e+04 2.4813 4.890182e-01
8.100000e-01 2.951510e+00 2.277682e+00 2.680516e+00 1.102685e+01 9.009821e+03 1.449842e+04 2.48305 4.906840e-01
8.090000e-01 2.951510e+00 2.279563e+00 2.682672e+00 1.103481e+01 9.027650e+03 1.448685e+04 2.48675 4.915754e-01
8.080000e-01 2.951510e+00 2.279642e+00 2.682590e+00 1.103758e+01 9.052426e+03 1.448380e+04 2.4885 4.932381e-01
8.070000e-01 2.951510e+00 2.281532e+00 2.684756e+00 1.104561e+01 9.070106e+03 1.447215e+04 2.49222 4.941213e-01
8.060000e-01 2.951510e+00 2.281606e+00 2.684669e+00 1.104839e+01 9.094730e+03 1.446910e+04 2.49396 4.957767e-01
8.050000e-01 2.951510e+00 2.283505e+00 2.686846e+00 1.105646e+01 9.112178e+03 1.445739e+04 2.49772 4.966485e-01
8.040000e-01 2.951510e+00 2.283572e+00 2.686752e+00 1.105926e+01 9.136645e+03 1.445435e+04 2.49944 4.982963e-01
8.030000e-01 2.951510e+00 2.285483e+00 2.688943e+00 1.106738e+01 9.153912e+03 1.444258e+04 2.50323 4.991597e-01
8.020000e-01 2.951510e+00 2.285544e+00 2.688843e+00 1.107019e+01 9.178241e+03 1.443953e+04 2.50494 5.008016e-01
8.010000e-01 2.951510e+00 2.287466e+00 2.691048e+00 1.107836e+01 9.195303e+03 1.442769e+04 2.50877 5.016546e-01
8.000000e-01 2.951510e+00 2.287516e+00 2.690935e+00 1.108118e+01 9.219473e+03 1.442465e+04 2.51045 5.032890e-01
7.990000e-01 2.951510e+00 2.289451e+00 2.693154e+00 1.108940e+01 9.236297e+03 1.441275e+04 2.51432 5.041305e-01
7.980000e-01 2.951510e+00 2.289484e+00 2.693021e+00 1.109221e+01 9.260249e+03 1.440973e+04 2.51596 5.057531e-01
7.970000e-01 2.951510e+00 2.291430e+00 2.695252e+00 1.110048e+01 9.276735e+03 1.439779e+04 2.51987 5.065789e-01
7.960000e-01 2.951510e+00 2.291447e+00 2.695098e+00 1.110328e+01 9.300488e+03 1.439478e+04 2.52147 5.081916e-01
7.950000e-01 2.951510e+00 2.293411e+00 2.697350e+00 1.111162e+01 9.316806e+03 1.438276e+04 2.52544 5.090108e-01
7.940000e-01 2.951510e+00 2.293428e+00 2.697198e+00 1.111445e+01 9.340498e+03 1.437973e+04 2.52705 5.106240e-01
7.930000e-01 2.951510e+00 2.295403e+00 2.699462e+00 1.112286e+01 9.356700e+03 1.436762e+04 2.53104 5.114362e-01
7.920000e-01 2.951510e+00 2.295419e+00 2.699312e+00 1.112571e+01 9.380301e+03 1.436458e+04 2.53266 5.130473e-01
7.910000e-01 2.951510e+00 2.297447e+00 2.701646e+00 1.113428e+01 9.396336e+03 1.435224e+04 2.53673 5.138405e-01
7.900000e-01 2.951510e+00 2.297433e+00 2.701457e+00 1.113710e+01 9.419835e+03 1.434927e+04 2.53831 5.154530e-01
7.890000e-01 2.951510e+00 2.299454e+00 2.703781e+00 1.114569e+01 9.435667e+03 1.433692e+04 2.54238 5.162395e-01
7.880000e-01 2.951510e+00 2.299428e+00 2.703579e+00 1.114851e+01 9.459010e+03 1.433395e+04 2.54394 5.178448e-01
7.870000e-01 2.951510e+00 2.301463e+00 2.705919e+00 1.115716e+01 9.474657e+03 1.432153e+04 2.54805 5.186223e-01
7.860000e-01 2.951510e+00 2.301432e+00 2.705712e+00 1.115999e+01 9.497885e+03 1.431855e+04 2.5496 5.202234e-01
7.850000e-01 2.951510e+00 2.303478e+00 2.708065e+00 1.116870e+01 9.513339e+03 1.430605e+04 2.55375 5.209908e-01
7.840000e-01 2.951510e+00 2.303434e+00 2.707844e+00 1.117155e+01 9.536419e+03 1.430309e+04 2.55527 5.225854e-01
7.830000e-01 2.951510e+00 2.305494e+00 2.710214e+00 1.118031e+01 9.551647e+03 1.429051e+04 2.55945 5.233413e-01
7.820000e-01 2.951510e+00 2.305434e+00 2.709973e+00 1.118315e+01 9.574537e+03 1.428755e+04 2.56094 5.249263e-01
7.810000e-01 2.951510e+00 2.307505e+00 2.712355e+00 1.119196e+01 9.589448e+03 1.427493e+04 2.56516 5.256667e-01
7.800000e-01 2.951510e+00 2.307424e+00 2.712087e+00 1.119479e+01 9.612132e+03 1.427200e+04 2.5666 5.272415e-01
7.790000e-01 2.951510e+00 2.309515e+00 2.714493e+00 1.120367e+01 9.626854e+03 1.425929e+04 2.57088 5.279739e-01
7.780000e-01 2.951510e+00 2.309432e+00 2.714224e+00 1.120653e+01 9.649477e+03 1.425634e+04 2.57233 5.295497e-01
7.770000e-01 2.951510e+00 2.311535e+00 2.716643e+00 1.121549e+01 9.664078e+03 1.424352e+04 2.57664 5.302744e-01
7.760000e-01 2.951510e+00 2.311449e+00 2.716374e+00 1.121837e+01 9.686615e+03 1.424055e+04 2.57808 5.318486e-01
7.750000e-01 2.951510e+00 2.313563e+00 2.718806e+00 1.122741e+01 9.701081e+03 1.422763e+04 2.58243 5.325651e-01
7.740000e-01 2.951510e+00 2.313470e+00 2.718531e+00 1.123031e+01 9.723508e+03 1.422466e+04 2.58386 5.341356e-01
7.730000e-01 2.951510e+00 2.315595e+00 2.720976e+00 1.123941e+01 9.737771e+03 1.421166e+04 2.58823 5.348407e-01
7.720000e-01 2.951510e+00 2.315489e+00 2.720686e+00 1.124231e+01 9.760052e+03 1.420868e+04 2.58964 5.364049e-01
7.710000e-01 2.951510e+00 2.317629e+00 2.723150e+00 1.125148e+01 9.774136e+03 1.419560e+04 2.59405 5.371007e-01
7.700000e-01 2.951510e+00 2.317516e+00 2.722852e+00 1.125440e+01 9.796309e+03 1.419261e+04 2.59544 5.386616e-01
7.690000e-01 2.951510e+00 2.319667e+00 2.725330e+00 1.126363e+01 9.810206e+03 1.417944e+04 2.59989 5.393469e-01
7.680000e-01 2.951510e+00 2.319540e+00 2.725017e+00 1.126655e+01 9.832242e+03 1.417646e+04 2.60125 5.409022e-01
7.670000e-01 2.951510e+00 2.321706e+00 2.727511e+00 1.127585e+01 9.845912e+03 1.416320e+04 2.60573 5.415755e-01
7.660000e-01 2.951510e+00 2.321560e+00 2.727175e+00 1.127877e+01 9.867769e+03 1.416023e+04 2.60706 5.431220e-01
7.650000e-01 2.951510e+00 2.323739e+00 2.729683e+00 1.128812e+01 9.881134e+03 1.414691e+04 2.61158 5.437799e-01
7.640000e-01 2.951510e+00 2.323570e+00 2.729319e+00 1.129103e+01 9.902797e+03 1.414395e+04 2.61286 5.453175e-01
7.630000e-01 2.951510e+00 2.325769e+00 2.731852e+00 1.130045e+01 9.915987e+03 1.413054e+04 2.61744 5.459671e-01
7.620000e-01 2.951510e+00 2.325596e+00 2.731483e+00 1.130339e+01 9.937592e+03 1.412757e+04 2.61872 5.475062e-01
7.610000e-01 2.951510e+00 2.327808e+00 2.734030e+00 1.131290e+01 9.950646e+03 1.411403e+04 2.62333 5.481468e-01
7.600000e-01 2.951510e+00 2.327631e+00 2.733662e+00 1.131586e+01 9.972172e+03 1.411104e+04 2.62461 5.496846e-01
7.590000e-01 2.951510e+00 2.329853e+00 2.736220e+00 1.132546e+01 9.985086e+03 1.409739e+04 2.62924 5.503166e-01
7.580000e-01 2.951510e+00 2.329665e+00 2.735840e+00 1.132843e+01 1.000650e+04 1.409439e+04 2.63051 5.518509e-01
7.570000e-01 2.951510e+00 2.331942e+00 2.738473e+00 1.133819e+01 1.001918e+04 1.408052e+04 2.63522 5.524595e-01
7.560000e-01 2.951510e+00 2.331715e+00 2.738041e+00 1.134111e+01 1.004048e+04 1.407759e+04 2.63642 5.539953e-01
7.550000e-01 2.951510e+00 2.333991e+00 2.740671e+00 1.135091e+01 1.005300e+04 1.406367e+04 2.64116 5.545987e-01
7.540000e-01 2.951510e+00 2.333755e+00 2.740231e+00 1.135385e+01 1.007420e+04 1.406073e+04 2.64235 5.561318e-01
7.530000e-01 2.951510e+00 2.336044e+00 2.742875e+00 1.136372e+01 1.008653e+04 1.404671e+04 2.64712 5.567241e-01
7.520000e-01 2.951510e+00 2.335788e+00 2.742411e+00 1.136666e+01 1.010759e+04 1.404377e+04 2.64827 5.582523e-01
7.510000e-01 2.951510e+00 2.338093e+00 2.745074e+00 1.137661e+01 1.011969e+04 1.402966e+04 2.65308 5.588312e-01
7.500000e-01 2.951510e+00 2.337816e+00 2.744586e+00 1.137954e+01 1.014057e+04 1.402672e+04 2.65418 5.603506e-01
7.490000e-01 2.951510e+00 2.340135e+00 2.747264e+00 1.138953e+01 1.015237e+04 1.401255e+04 2.65903 5.609141e-01
7.480000e-01 2.951510e+00 2.339834e+00 2.746745e+00 1.139246e+01 1.017309e+04 1.400962e+04 2.66009 5.624278e-01
7.470000e-01 2.951510e+00 2.342175e+00 2.749450e+00 1.140255e+01 1.018474e+04 1.399531e+04 2.665 5.629828e-01
7.460000e-01 2.951510e+00 2.341870e+00 2.748929e+00 1.140550e+01 1.020540e+04 1.399237e+04 2.66606 5.644976e-01
7.450000e-01 2.951510e+00 2.344221e+00 2.751645e+00 1.141568e+01 1.021691e+04 1.397792e+04 2.67099 5.650427e-01
7.440000e-01 2.951510e+00 2.343906e+00 2.751114e+00 1.141865e+01 1.023750e+04 1.397496e+04 2.67204 5.665570e-01
7.430000e-01 2.951510e+00 2.346272e+00 2.753848e+00 1.142893e+01 1.024885e+04 1.396039e+04 2.67699 5.670914e-01
7.420000e-01 2.951510e+00 2.345943e+00 2.753302e+00 1.143190e+01 1.026932e+04 1.395741e+04 2.67802 5.686019e-01
7.410000e-01 2.951510e+00 2.348322e+00 2.756051e+00 1.144225e+01 1.028046e+04 1.394273e+04 2.68301 5.691236e-01
7.400000e-01 2.951510e+00 2.347975e+00 2.755485e+00 1.144524e+01 1.030082e+04 1.393975e+04 2.684 5.706311e-01
7.390000e-01 2.951510e+00 2.350372e+00 2.758256e+00 1.145568e+01 1.031180e+04 1.392495e+04 2.68903 5.711420e-01
7.380000e-01 2.951510e+00 2.350011e+00 2.757676e+00 1.145867e+01 1.033205e+04 1.392196e+04 2.69 5.726469e-01
7.370000e-01 2.951510e+00 2.352422e+00 2.760463e+00 1.146919e+01 1.034282e+04 1.390704e+04 2.69506 5.731452e-01
7.360000e-01 2.951510e+00 2.352039e+00 2.759857e+00 1.147219e+01 1.036294e+04 1.390405e+04 2.69599 5.746452e-01
7.350000e-01 2.951510e+00 2.354466e+00 2.762662e+00 1.148278e+01 1.037346e+04 1.388903e+04 2.70109 5.751283e-01
7.340000e-01 2.951510e+00 2.354055e+00 2.762022e+00 1.148576e+01 1.039338e+04 1.388605e+04 2.70196 5.766192e-01
7.330000e-01 2.951510e+00 2.354261e+00 2.762067e+00 1.148986e+01 1.041136e+04 1.388145e+04 2.70454 5.780672e-01
7.320000e-01 2.951510e+00 2.357513e+00 2.765935e+00 1.150326e+01 1.041863e+04 1.386187e+04 2.71011 5.780659e-01
7.310000e-01 2.951510e+00 2.357080e+00 2.765270e+00 1.150626e+01 1.043842e+04 1.385886e+04 2.71095 5.795556e-01
7.300000e-01 2.951510e+00 2.357278e+00 2.765307e+00 1.151041e+01 1.045627e+04 1.385421e+04 2.71354 5.810026e-01
7.290000e-01 2.951510e+00 2.360607e+00 2.769277e+00 1.152412e+01 1.046325e+04 1.383419e+04 2.71922 5.809664e-01
7.280000e-01 2.951510e+00 2.360134e+00 2.768563e+00 1.152710e+01 1.048294e+04 1.383122e+04 2.72001 5.824616e-01
7.270000e-01 2.951510e+00 2.360303e+00 2.768565e+00 1.153126e+01 1.050065e+04 1.382656e+04 2.72255 5.839069e-01
7.260000e-01 2.951510e+00 2.363664e+00 2.772571e+00 1.154514e+01 1.050729e+04 1.380629e+04 2.7283 5.838472e-01
7.250000e-01 2.951510e+00 2.363164e+00 2.771827e+00 1.154813e+01 1.052680e+04 1.380330e+04 2.72904 5.853375e-01
7.240000e-01 2.951510e+00 2.363317e+00 2.771811e+00 1.155231e+01 1.054434e+04 1.379861e+04 2.73156 5.867780e-01
7.230000e-01 2.951510e+00 2.366717e+00 2.775865e+00 1.156639e+01 1.055067e+04 1.377807e+04 2.7374 5.866947e-01
7.220000e-01 2.951510e+00 2.366186e+00 2.775086e+00 1.156938e+01 1.057002e+04 1.377506e+04 2.73808 5.881814e-01
7.210000e-01 2.951510e+00 2.366314e+00 2.775041e+00 1.157358e+01 1.058736e+04 1.377035e+04 2.74056 5.896149e-01
7.200000e-01 2.951510e+00 2.369760e+00 2.779150e+00 1.158784e+01 1.059328e+04 1.374955e+04 2.74648 5.895027e-01
7.190000e-01 2.951510e+00 2.369186e+00 2.778319e+00 1.159081e+01 1.061237e+04 1.374656e+04 2.74708 5.909792e-01
7.180000e-01 2.951510e+00 2.369281e+00 2.778232e+00 1.159501e+01 1.062943e+04 1.374184e+04 2.74949 5.924007e-01
7.170000e-01 2.951510e+00 2.372780e+00 2.782405e+00 1.160945e+01 1.063494e+04 1.372082e+04 2.75554 5.922628e-01
7.160000e-01 2.951510e+00 2.372181e+00 2.781546e+00 1.161245e+01 1.065390e+04 1.371781e+04 2.7561 5.937390e-01
7.150000e-01 2.951510e+00 2.372265e+00 2.781448e+00 1.161668e+01 1.067082e+04 1.371303e+04 2.75851 5.951606e-01
7.140000e-01 2.951510e+00 2.375802e+00 2.785667e+00 1.163136e+01 1.067606e+04 1.369168e+04 2.76463 5.949981e-01
7.130000e-01 2.951510e+00 2.375179e+00 2.784785e+00 1.163438e+01 1.069490e+04 1.368864e+04 2.76516 5.964744e-01
7.120000e-01 2.951510e+00 2.375238e+00 2.784659e+00 1.163864e+01 1.071167e+04 1.368384e+04 2.76754 5.978927e-01
7.110000e-01 2.951510e+00 2.378856e+00 2.788983e+00 1.165363e+01 1.071650e+04 1.366206e+04 2.77378 5.976897e-01
7.100000e-01 2.951510e+00 2.378182e+00 2.788038e+00 1.165661e+01 1.073519e+04 1.365907e+04 2.77423 5.991681e-01
7.090000e-01 2.951510e+00 2.378215e+00 2.787882e+00 1.166089e+01 1.075179e+04 1.365425e+04 2.77657 6.005849e-01
7.080000e-01 2.951510e+00 2.381867e+00 2.792246e+00 1.167607e+01 1.075630e+04 1.363222e+04 2.78289 6.003585e-01
7.070000e-01 2.951510e+00 2.381159e+00 2.791263e+00 1.167906e+01 1.077483e+04 1.362921e+04 2.78327 6.018344e-01
7.060000e-01 2.951510e+00 2.381162e+00 2.791071e+00 1.168335e+01 1.079123e+04 1.362437e+04 2.78556 6.032448e-01
7.050000e-01 2.951510e+00 2.384863e+00 2.795496e+00 1.169874e+01 1.079531e+04 1.360206e+04 2.79198 6.029867e-01
7.040000e-01 2.951510e+00 2.385867e+00 2.796586e+00 1.170637e+01 1.080806e+04 1.359189e+04 2.79501 6.038445e-01
7.030000e-01 2.951510e+00 2.385095e+00 2.795525e+00 1.170933e+01 1.082627e+04 1.358891e+04 2.79527 6.053116e-01
7.020000e-01 2.951510e+00 2.385061e+00 2.795289e+00 1.171363e+01 1.084238e+04 1.358405e+04 2.7975 6.067133e-01
7.010000e-01 2.951510e+00 2.388820e+00 2.799783e+00 1.172928e+01 1.084596e+04 1.356140e+04 2.80405 6.064215e-01
7.000000e-01 2.951510e+00 2.389823e+00 2.800873e+00 1.173706e+01 1.085845e+04 1.355103e+04 2.80708 6.072661e-01
6.990000e-01 2.951510e+00 2.390812e+00 2.801948e+00 1.174482e+01 1.087089e+04 1.354068e+04 2.81011 6.081131e-01
6.980000e-01 2.951510e+00 2.391798e+00 2.803018e+00 1.175262e+01 1.088326e+04 1.353028e+04 2.81312 6.089565e-01
6.970000e-01 2.951510e+00 2.392782e+00 2.804088e+00 1.176044e+01 1.089554e+04 1.351985e+04 2.81614 6.097952e-01
6.960000e-01 2.951510e+00 2.393764e+00 2.805155e+00 1.176829e+01 1.090774e+04 1.350938e+04 2.81915 6.106294e-01
6.950000e-01 2.951510e+00 2.394744e+00 2.806221e+00 1.177617e+01 1.091988e+04 1.349885e+04 2.82216 6.114602e-01
6.940000e-01 2.951510e+00 2.395722e+00 2.807284e+00 1.178409e+01 1.093195e+04 1.348827e+04 2.82516 6.122869e-01
6.930000e-01 2.951510e+00 2.396699e+00 2.808347e+00 1.179204e+01 1.094393e+04 1.347765e+04 2.82816 6.131090e-01
6.920000e-01 2.951510e+00 2.397672e+00 2.809406e+00 1.180001e+01 1.095582e+04 1.346699e+04 2.83115 6.139260e-01
6.910000e-01 2.951510e+00 2.398642e+00 2.810461e+00 1.180801e+01 1.096761e+04 1.345629e+04 2.83414 6.147377e-01
6.900000e-01 2.951510e+00 2.399607e+00 2.811509e+00 1.181601e+01 1.097928e+04 1.344556e+04 2.83711 6.155423e-01
6.890000e-01 2.951510e+00 2.400567e+00 2.812551e+00 1.182404e+01 1.099084e+04 1.343481e+04 2.84008 6.163409e-01
6.880000e-01 2.951510e+00 2.401524e+00 2.813590e+00 1.183210e+01 1.100233e+04 1.342400e+04 2.84304 6.171362e-01
6.870000e-01 2.951510e+00 2.402480e+00 2.814628e+00 1.184020e+01 1.101377e+04 1.341313e+04 2.846 6.179285e-01
6.860000e-01 2.951510e+00 2.403434e+00 2.815664e+00 1.184834e+01 1.102513e+04 1.340220e+04 2.84895 6.187167e-01
6.850000e-01 2.951510e+00 2.404387e+00 2.816700e+00 1.185652e+01 1.103644e+04 1.339121e+04 2.8519 6.195015e-01
6.840000e-01 2.951510e+00 2.405338e+00 2.817733e+00 1.186474e+01 1.104767e+04 1.338015e+04 2.85485 6.202821e-01
6.830000e-01 2.951510e+00 2.406286e+00 2.818766e+00 1.187299e+01 1.105882e+04 1.336906e+04 2.85779 6.210580e-01
6.820000e-01 2.951510e+00 2.407267e+00 2.819844e+00 1.188136e+01 1.106984e+04 1.335780e+04 2.86076 6.218167e-01
6.810000e-01 2.951510e+00 2.408210e+00 2.820871e+00 1.188968e+01 1.108082e+04 1.334659e+04 2.86369 6.225827e-01
6.800000e-01 2.951510e+00 2.409150e+00 2.821896e+00 1.189803e+01 1.109174e+04 1.333534e+04 2.86662 6.233456e-01
6.790000e-01 2.951510e+00 2.410088e+00 2.822919e+00 1.190642e+01 1.110258e+04 1.332403e+04 2.86954 6.241037e-01
6.780000e-01 2.951510e+00 2.411022e+00 2.823936e+00 1.191484e+01 1.111331e+04 1.331268e+04 2.87245 6.248565e-01
6.770000e-01 2.951510e+00 2.411952e+00 2.824951e+00 1.192329e+01 1.112396e+04 1.330130e+04 2.87535 6.256041e-01
6.760000e-01 2.951510e+00 2.412878e+00 2.825960e+00 1.193175e+01 1.113449e+04 1.328988e+04 2.87824 6.263453e-01
6.750000e-01 2.951510e+00 2.413798e+00 2.826961e+00 1.194023e+01 1.114489e+04 1.327843e+04 2.88112 6.270801e-01
6.740000e-01 2.951510e+00 2.414713e+00 2.827958e+00 1.194875e+01 1.115522e+04 1.326694e+04 2.88399 6.278103e-01
6.730000e-01 2.951510e+00 2.415626e+00 2.828952e+00 1.195731e+01 1.116548e+04 1.325538e+04 2.88686 6.285373e-01
6.720000e-01 2.951510e+00 2.416537e+00 2.829943e+00 1.196592e+01 1.117567e+04 1.324375e+04 2.88972 6.292598e-01
6.710000e-01 2.951510e+00 2.417445e+00 2.830934e+00 1.197456e+01 1.118580e+04 1.323206e+04 2.89258 6.299786e-01
6.700000e-01 2.951510e+00 2.418350e+00 2.831922e+00 1.198326e+01 1.119585e+04 1.322030e+04 2.89542 6.306931e-01
6.690000e-01 2.951510e+00 2.419251e+00 2.832904e+00 1.199198e+01 1.120582e+04 1.320848e+04 2.89826 6.314020e-01
6.680000e-01 2.951510e+00 2.420147e+00 2.833883e+00 1.200074e+01 1.121570e+04 1.319661e+04 2.90108 6.321056e-01
6.670000e-01 2.951510e+00 2.421040e+00 2.834857e+00 1.200953e+01 1.122549e+04 1.318468e+04 2.90389 6.328044e-01
6.660000e-01 2.951510e+00 2.421929e+00 2.835828e+00 1.201837e+01 1.123522e+04 1.317268e+04 2.9067 6.334989e-01
6.650000e-01 2.951510e+00 2.422813e+00 2.836794e+00 1.202725e+01 1.124487e+04 1.316062e+04 2.90949 6.341881e-01
6.640000e-01 2.951510e+00 2.423693e+00 2.837756e+00 1.203615e+01 1.125441e+04 1.314851e+04 2.91227 6.348716e-01
6.630000e-01 2.951510e+00 2.424568e+00 2.838711e+00 1.204509e+01 1.126387e+04 1.313635e+04 2.91503 6.355493e-01
6.620000e-01 2.951510e+00 2.425470e+00 2.839707e+00 1.205414e+01 1.127317e+04 1.312403e+04 2.91782 6.362083e-01
6.610000e-01 2.951510e+00 2.426333e+00 2.840647e+00 1.206312e+01 1.128238e+04 1.311179e+04 2.92055 6.368716e-01
6.600000e-01 2.951510e+00 2.427189e+00 2.841580e+00 1.207213e+01 1.129151e+04 1.309950e+04 2.92327 6.375301e-01
6.590000e-01 2.951510e+00 2.428042e+00 2.842510e+00 1.208120e+01 1.130058e+04 1.308714e+04 2.92598 6.381849e-01
6.580000e-01 2.951510e+00 2.428890e+00 2.843434e+00 1.209031e+01 1.130956e+04 1.307470e+04 2.92868 6.388348e-01
6.570000e-01 2.951510e+00 2.429735e+00 2.844358e+00 1.209947e+01 1.131848e+04 1.306219e+04 2.93137 6.394806e-01
6.560000e-01 2.951510e+00 2.430576e+00 2.845278e+00 1.210867e+01 1.132732e+04 1.304961e+04 2.93404 6.401215e-01
6.550000e-01 2.951510e+00 2.431412e+00 2.846191e+00 1.211792e+01 1.133606e+04 1.303697e+04 2.93671 6.407566e-01
6.540000e-01 2.951510e+00 2.432243e+00 2.847099e+00 1.212720e+01 1.134472e+04 1.302427e+04 2.93936 6.413862e-01
6.530000e-01 2.951510e+00 2.433069e+00 2.848004e+00 1.213652e+01 1.135329e+04 1.301151e+04 2.942 6.420110e-01
6.520000e-01 2.951510e+00 2.433891e+00 2.848903e+00 1.214590e+01 1.136178e+04 1.299868e+04 2.94463 6.426310e-01
6.510000e-01 2.951510e+00 2.434708e+00 2.849799e+00 1.215532e+01 1.137018e+04 1.298578e+04 2.94724 6.432454e-01
6.500000e-01 2.951510e+00 2.435519e+00 2.850688e+00 1.216477e+01 1.137849e+04 1.297283e+04 2.94984 6.438538e-01
6.490000e-01 2.951510e+00 2.436323e+00 2.851570e+00 1.217426e+01 1.138669e+04 1.295983e+04 2.95242 6.444561e-01
6.480000e-01 2.951510e+00 2.437121e+00 2.852444e+00 1.218377e+01 1.139478e+04 1.294679e+04 2.95499 6.450513e-01
6.470000e-01 2.951510e+00 2.437911e+00 2.853307e+00 1.219331e+01 1.140274e+04 1.293372e+04 2.95753 6.456393e-01
6.460000e-01 2.951510e+00 2.438694e+00 2.854163e+00 1.220289e+01 1.141062e+04 1.292058e+04 2.96006 6.462222e-01
6.450000e-01 2.951510e+00 2.439472e+00 2.855015e+00 1.221252e+01 1.141842e+04 1.290735e+04 2.96257 6.468005e-01
6.440000e-01 2.951510e+00 2.440276e+00 2.855905e+00 1.222229e+01 1.142609e+04 1.289393e+04 2.9651 6.473614e-01
6.430000e-01 2.951510e+00 2.441045e+00 2.856747e+00 1.223204e+01 1.143374e+04 1.288053e+04 2.96758 6.479284e-01
6.420000e-01 2.951510e+00 2.441806e+00 2.857583e+00 1.224183e+01 1.144130e+04 1.286706e+04 2.97005 6.484902e-01
6.410000e-01 2.951510e+00 2.442560e+00 2.858409e+00 1.225166e+01 1.144876e+04 1.285352e+04 2.97249 6.490452e-01
6.400000e-01 2.951510e+00 2.443308e+00 2.859229e+00 1.226153e+01 1.145614e+04 1.283992e+04 2.9749 6.495940e-01
6.390000e-01 2.951510e+00 2.444048e+00 2.860041e+00 1.227145e+01 1.146343e+04 1.282623e+04 2.9773 6.501370e-01
6.380000e-01 2.951510e+00 2.444782e+00 2.860846e+00 1.228143e+01 1.147063e+04 1.281246e+04 2.97968 6.506743e-01
6.370000e-01 2.951510e+00 2.445509e+00 2.861645e+00 1.229145e+01 1.147774e+04 1.279862e+04 2.98204 6.512053e-01
6.360000e-01 2.951510e+00 2.446229e+00 2.862436e+00 1.230150e+01 1.148474e+04 1.278473e+04 2.98437 6.517294e-01
6.350000e-01 2.951510e+00 2.446942e+00 2.863218e+00 1.231160e+01 1.149164e+04 1.277078e+04 2.98669 6.522470e-01
6.340000e-01 2.951510e+00 2.447645e+00 2.863990e+00 1.232172e+01 1.149841e+04 1.275679e+04 2.98898 6.527568e-01
6.330000e-01 2.951510e+00 2.448340e+00 2.864749e+00 1.233186e+01 1.150506e+04 1.274276e+04 2.99125 6.532594e-01
6.320000e-01 2.951510e+00 2.449027e+00 2.865502e+00 1.234207e+01 1.151164e+04 1.272863e+04 2.9935 6.537569e-01
6.310000e-01 2.951510e+00 2.449707e+00 2.866248e+00 1.235234e+01 1.151814e+04 1.271441e+04 2.99572 6.542485e-01
6.300000e-01 2.951510e+00 2.450380e+00 2.866985e+00 1.236267e+01 1.152455e+04 1.270011e+04 2.99792 6.547340e-01
6.290000e-01 2.951510e+00 2.451075e+00 2.867758e+00 1.237314e+01 1.153082e+04 1.268559e+04 3.00013 6.552013e-01
6.280000e-01 2.951510e+00 2.451733e+00 2.868481e+00 1.238357e+01 1.153704e+04 1.267110e+04 3.00228 6.556727e-01
6.270000e-01 2.951510e+00 2.452381e+00 2.869192e+00 1.239405e+01 1.154317e+04 1.265654e+04 3.0044 6.561372e-01
6.260000e-01 2.951510e+00 2.453020e+00 2.869893e+00 1.240458e+01 1.154921e+04 1.264189e+04 3.00649 6.565947e-01
6.250000e-01 2.951510e+00 2.453650e+00 2.870585e+00 1.241517e+01 1.155516e+04 1.262715e+04 3.00855 6.570456e-01
6.240000e-01 2.951510e+00 2.454273e+00 2.871268e+00 1.242582e+01 1.156101e+04 1.261233e+04 3.01059 6.574897e-01
6.230000e-01 2.951510e+00 2.454886e+00 2.871943e+00 1.243651e+01 1.156675e+04 1.259744e+04 3.0126 6.579265e-01
6.220000e-01 2.951510e+00 2.455491e+00 2.872607e+00 1.244724e+01 1.157239e+04 1.258248e+04 3.01458 6.583562e-01
6.210000e-01 2.951510e+00 2.456086e+00 2.873261e+00 1.245800e+01 1.157791e+04 1.256749e+04 3.01654 6.587781e-01
6.200000e-01 2.951510e+00 2.456672e+00 2.873902e+00 1.246880e+01 1.158329e+04 1.255245e+04 3.01847 6.591924e-01
6.190000e-01 2.951510e+00 2.457248e+00 2.874535e+00 1.247965e+01 1.158859e+04 1.253733e+04 3.02038 6.596008e-01
6.180000e-01 2.951510e+00 2.457816e+00 2.875158e+00 1.249057e+01 1.159380e+04 1.252210e+04 3.02226 6.600028e-01
6.170000e-01 2.951510e+00 2.458375e+00 2.875771e+00 1.250156e+01 1.159891e+04 1.250679e+04 3.02411 6.603978e-01
6.160000e-01 2.951510e+00 2.458953e+00 2.876415e+00 1.251270e+01 1.160388e+04 1.249125e+04 3.02596 6.607739e-01
6.150000e-01 2.951510e+00 2.459495e+00 2.877011e+00 1.252382e+01 1.160880e+04 1.247573e+04 3.02775 6.611540e-01
6.140000e-01 2.951510e+00 2.460025e+00 2.877594e+00 1.253499e+01 1.161362e+04 1.246014e+04 3.0295 6.615265e-01
6.130000e-01 2.951510e+00 2.460546e+00 2.878168e+00 1.254621e+01 1.161834e+04 1.244446e+04 3.03123 6.618918e-01
6.120000e-01 2.951510e+00 2.461058e+00 2.878731e+00 1.255751e+01 1.162295e+04 1.242869e+04 3.03293 6.622505e-01
6.110000e-01 2.951510e+00 2.461560e+00 2.879285e+00 1.256886e+01 1.162748e+04 1.241282e+04 3.03459 6.626018e-01
6.100000e-01 2.951510e+00 2.462052e+00 2.879829e+00 1.258027e+01 1.163189e+04 1.239688e+04 3.03623 6.629453e-01
6.090000e-01 2.951510e+00 2.462533e+00 2.880359e+00 1.259173e+01 1.163619e+04 1.238087e+04 3.03783 6.632808e-01
6.080000e-01 2.951510e+00 2.463002e+00 2.880876e+00 1.260323e+01 1.164037e+04 1.236480e+04 3.03939 6.636074e-01
6.070000e-01 2.951510e+00 2.463458e+00 2.881376e+00 1.261475e+01 1.164442e+04 1.234867e+04 3.04091 6.639246e-01
6.060000e-01 2.951510e+00 2.463902e+00 2.881861e+00 1.262634e+01 1.164837e+04 1.233246e+04 3.04239 6.642339e-01
6.050000e-01 2.951510e+00 2.464334e+00 2.882335e+00 1.263800e+01 1.165223e+04 1.231613e+04 3.04383 6.645357e-01
6.040000e-01 2.951510e+00 2.464755e+00 2.882796e+00 1.264973e+01 1.165598e+04 1.229968e+04 3.04524 6.648292e-01
6.030000e-01 2.951510e+00 2.465191e+00 2.883283e+00 1.266163e+01 1.165959e+04 1.228302e+04 3.04663 6.651030e-01
6.020000e-01 2.951510e+00 2.465591e+00 2.883723e+00 1.267351e+01 1.166314e+04 1.226635e+04 3.04796 6.653798e-01
6.010000e-01 2.951510e+00 2.465979e+00 2.884149e+00 1.268545e+01 1.166658e+04 1.224961e+04 3.04925 6.656486e-01
6.000000e-01 2.951510e+00 2.466355e+00 2.884563e+00 1.269746e+01 1.166991e+04 1.223278e+04 3.0505 6.659093e-01
5.990000e-01 2.951510e+00 2.466720e+00 2.884965e+00 1.270954e+01 1.167315e+04 1.221585e+04 3.05172 6.661629e-01
5.980000e-01 2.951510e+00 2.467075e+00 2.885357e+00 1.272170e+01 1.167627e+04 1.219882e+04 3.05291 6.664084e-01
5.970000e-01 2.951510e+00 2.467418e+00 2.885735e+00 1.273391e+01 1.167929e+04 1.218170e+04 3.05405 6.666451e-01
5.960000e-01 2.951510e+00 2.467749e+00 2.886101e+00 1.274619e+01 1.168218e+04 1.216451e+04 3.05516 6.668736e-01
5.950000e-01 2.951510e+00 2.468069e+00 2.886454e+00 1.275851e+01 1.168495e+04 1.214728e+04 3.05624 6.670936e-01
5.940000e-01 2.951510e+00 2.468376e+00 2.886791e+00 1.277086e+01 1.168759e+04 1.212999e+04 3.05728 6.673048e-01
5.930000e-01 2.951510e+00 2.468671e+00 2.887114e+00 1.278329e+01 1.169012e+04 1.211261e+04 3.05828 6.675083e-01
5.920000e-01 2.951510e+00 2.468953e+00 2.887424e+00 1.279581e+01 1.169255e+04 1.209510e+04 3.05923 6.677035e-01
5.910000e-01 2.951510e+00 2.469247e+00 2.887755e+00 1.280849e+01 1.169482e+04 1.207737e+04 3.06017 6.678777e-01
5.900000e-01 2.951510e+00 2.469502e+00 2.888036e+00 1.282118e+01 1.169703e+04 1.205962e+04 3.06103 6.680534e-01
5.890000e-01 2.951510e+00 2.469744e+00 2.888302e+00 1.283394e+01 1.169914e+04 1.204176e+04 3.06184 6.682204e-01
5.880000e-01 2.951510e+00 2.469972e+00 2.888552e+00 1.284677e+01 1.170113e+04 1.202381e+04 3.0626 6.683778e-01
5.870000e-01 2.951510e+00 2.470184e+00 2.888785e+00 1.285967e+01 1.170301e+04 1.200575e+04 3.06331 6.685250e-01
5.860000e-01 2.951510e+00 2.470382e+00 2.889003e+00 1.287266e+01 1.170477e+04 1.198757e+04 3.06398 6.686634e-01
5.850000e-01 2.951510e+00 2.470569e+00 2.889208e+00 1.288573e+01 1.170643e+04 1.196929e+04 3.0646 6.687927e-01
5.840000e-01 2.951510e+00 2.470741e+00 2.889399e+00 1.289887e+01 1.170797e+04 1.195092e+04 3.06517 6.689126e-01
5.830000e-01 2.951510e+00 2.470903e+00 2.889577e+00 1.291207e+01 1.170938e+04 1.193249e+04 3.06572 6.690245e-01
5.820000e-01 2.951510e+00 2.471054e+00 2.889743e+00 1.292532e+01 1.171067e+04 1.191401e+04 3.06623 6.691279e-01
5.810000e-01 2.951510e+00 2.471191e+00 2.889891e+00 1.293862e+01 1.171182e+04 1.189548e+04 3.0667 6.692226e-01
5.800000e-01 2.951510e+00 2.471314e+00 2.890026e+00 1.295202e+01 1.171287e+04 1.187684e+04 3.06713 6.693092e-01
5.790000e-01 2.951510e+00 2.471452e+00 2.890185e+00 1.296560e+01 1.171375e+04 1.185797e+04 3.06755 6.693761e-01
5.780000e-01 2.951510e+00 2.471548e+00 2.890291e+00 1.297919e+01 1.171456e+04 1.183907e+04 3.06788 6.694434e-01
5.770000e-01 2.951510e+00 2.471628e+00 2.890380e+00 1.299288e+01 1.171527e+04 1.182005e+04 3.06816 6.695007e-01
5.760000e-01 2.951510e+00 2.471695e+00 2.890453e+00 1.300664e+01 1.171586e+04 1.180093e+04 3.06839 6.695484e-01
5.750000e-01 2.951510e+00 2.471745e+00 2.890506e+00 1.302049e+01 1.171632e+04 1.178170e+04 3.06856 6.695850e-01
5.740000e-01 2.951510e+00 2.471778e+00 2.890542e+00 1.303443e+01 1.171667e+04 1.176234e+04 3.06867 6.696109e-01
5.730000e-01 2.951510e+00 2.471797e+00 2.890563e+00 1.304846e+01 1.171691e+04 1.174287e+04 3.06873 6.696273e-01
5.720000e-01 2.951510e+00 2.471801e+00 2.890567e+00 1.306258e+01 1.171702e+04 1.172329e+04 3.06873 6.696331e-01
5.710000e-01 2.951510e+00 2.471794e+00 2.890559e+00 1.307678e+01 1.171700e+04 1.170365e+04 3.06871 6.696307e-01
5.717151e-01 2.951510e+00 2.472861e+00 2.891839e+00 1.307035e+01 1.171350e+04 1.171260e+04 3.06995 6.691221e-01
