1.000000e+00 2.967890e+00 2.112161e+00 2.501846e+00 1.021183e+01 0.000000e+00 1.623027e+04 0 0.000000e+00
9.990000e-01 2.967890e+00 2.119012e+00 2.516313e+00 1.022976e+01 6.649543e+02 1.611790e+04 2.05615 3.464717e-02
9.980000e-01 2.967890e+00 2.118877e+00 2.515832e+00 1.023095e+01 9.412105e+02 1.608003e+04 2.15205 5.133510e-02
9.970000e-01 2.967890e+00 2.119981e+00 2.517038e+00 1.023576e+01 1.148756e+03 1.604890e+04 2.06192 5.996853e-02
9.960000e-01 2.967890e+00 2.120149e+00 2.516964e+00 1.023752e+01 1.332285e+03 1.602401e+04 2.10524 7.099911e-02
9.950000e-01 2.967890e+00 2.121327e+00 2.518280e+00 1.024241e+01 1.489557e+03 1.599940e+04 2.06552 7.779623e-02
9.940000e-01 2.967890e+00 2.121617e+00 2.518399e+00 1.024430e+01 1.638140e+03 1.597965e+04 2.09518 8.676135e-02
9.930000e-01 2.967890e+00 2.122741e+00 2.519675e+00 1.024904e+01 1.770124e+03 1.595861e+04 2.06912 9.248721e-02
9.920000e-01 2.967890e+00 2.123083e+00 2.519881e+00 1.025097e+01 1.897501e+03 1.594196e+04 2.09138 1.001770e-01
9.910000e-01 2.967890e+00 2.124184e+00 2.521145e+00 1.025565e+01 2.012786e+03 1.592324e+04 2.07273 1.052065e-01
9.900000e-01 2.967890e+00 2.124921e+00 2.521908e+00 1.025897e+01 2.123744e+03 1.590700e+04 2.07457 1.110276e-01
9.890000e-01 2.967890e+00 2.125651e+00 2.522663e+00 1.026228e+01 2.228853e+03 1.589159e+04 2.07638 1.165447e-01
9.880000e-01 2.967890e+00 2.126378e+00 2.523417e+00 1.026558e+01 2.328778e+03 1.587689e+04 2.0782 1.217929e-01
9.870000e-01 2.967890e+00 2.126726e+00 2.523645e+00 1.026753e+01 2.426525e+03 1.586452e+04 2.09161 1.276821e-01
9.860000e-01 2.967890e+00 2.127821e+00 2.524901e+00 1.027221e+01 2.515950e+03 1.584919e+04 2.08184 1.316334e-01
9.850000e-01 2.967890e+00 2.128178e+00 2.525142e+00 1.027419e+01 2.606838e+03 1.583780e+04 2.09361 1.371140e-01
9.840000e-01 2.967890e+00 2.129280e+00 2.526406e+00 1.027889e+01 2.690220e+03 1.582322e+04 2.08552 1.408070e-01
9.830000e-01 2.967890e+00 2.129634e+00 2.526644e+00 1.028087e+01 2.775308e+03 1.581265e+04 2.09594 1.459374e-01
9.820000e-01 2.967890e+00 2.130740e+00 2.527908e+00 1.028560e+01 2.853219e+03 1.579874e+04 2.08922 1.493981e-01
9.810000e-01 2.967890e+00 2.131085e+00 2.528132e+00 1.028759e+01 2.933451e+03 1.578886e+04 2.09855 1.542351e-01
9.800000e-01 2.967890e+00 2.132197e+00 2.529402e+00 1.029234e+01 3.006781e+03 1.577549e+04 2.09292 1.575023e-01
9.790000e-01 2.967890e+00 2.132522e+00 2.529596e+00 1.029432e+01 3.082640e+03 1.576624e+04 2.10126 1.620698e-01
9.780000e-01 2.967890e+00 2.133643e+00 2.530868e+00 1.029910e+01 3.151541e+03 1.575338e+04 2.09661 1.651526e-01
9.770000e-01 2.967890e+00 2.133935e+00 2.531013e+00 1.030106e+01 3.223508e+03 1.574468e+04 2.10408 1.694792e-01
9.760000e-01 2.967890e+00 2.135077e+00 2.532301e+00 1.030591e+01 3.289120e+03 1.573213e+04 2.10031 1.724344e-01
9.750000e-01 2.967890e+00 2.135381e+00 2.532458e+00 1.030790e+01 3.358660e+03 1.572377e+04 2.10745 1.766285e-01
9.740000e-01 2.967890e+00 2.136530e+00 2.533757e+00 1.031280e+01 3.422362e+03 1.571143e+04 2.10405 1.794947e-01
9.730000e-01 2.967890e+00 2.136857e+00 2.533947e+00 1.031483e+01 3.489672e+03 1.570338e+04 2.1109 1.835648e-01
9.720000e-01 2.967890e+00 2.138005e+00 2.535247e+00 1.031974e+01 3.551447e+03 1.569129e+04 2.10783 1.863416e-01
9.710000e-01 2.967890e+00 2.138352e+00 2.535466e+00 1.032180e+01 3.616653e+03 1.568353e+04 2.11439 1.902920e-01
9.700000e-01 2.967890e+00 2.139498e+00 2.536768e+00 1.032672e+01 3.676523e+03 1.567167e+04 2.11162 1.929824e-01
9.690000e-01 2.967890e+00 2.139852e+00 2.537000e+00 1.032879e+01 3.739540e+03 1.566420e+04 2.11783 1.968021e-01
9.680000e-01 2.967890e+00 2.140997e+00 2.538302e+00 1.033371e+01 3.797209e+03 1.565260e+04 2.11543 1.993972e-01
9.670000e-01 2.967890e+00 2.141346e+00 2.538528e+00 1.033578e+01 3.858076e+03 1.564542e+04 2.12126 2.030853e-01
9.660000e-01 2.967890e+00 2.142498e+00 2.539839e+00 1.034071e+01 3.913790e+03 1.563404e+04 2.11925 2.056016e-01
9.650000e-01 2.967890e+00 2.142851e+00 2.540069e+00 1.034280e+01 3.972951e+03 1.562710e+04 2.12483 2.091902e-01
9.640000e-01 2.967890e+00 2.144007e+00 2.541386e+00 1.034775e+01 4.027034e+03 1.561590e+04 2.12309 2.116356e-01
9.630000e-01 2.967890e+00 2.144358e+00 2.541614e+00 1.034984e+01 4.084472e+03 1.560919e+04 2.1284 2.151202e-01
9.620000e-01 2.967890e+00 2.145519e+00 2.542936e+00 1.035481e+01 4.136825e+03 1.559819e+04 2.12694 2.174930e-01
9.610000e-01 2.967890e+00 2.145866e+00 2.543159e+00 1.035691e+01 4.192718e+03 1.559170e+04 2.13201 2.208854e-01
9.600000e-01 2.967890e+00 2.147033e+00 2.544486e+00 1.036191e+01 4.243500e+03 1.558085e+04 2.13081 2.231919e-01
9.590000e-01 2.967890e+00 2.147365e+00 2.544688e+00 1.036400e+01 4.297789e+03 1.557457e+04 2.13559 2.264847e-01
9.580000e-01 2.967890e+00 2.148540e+00 2.546019e+00 1.036902e+01 4.346755e+03 1.556389e+04 2.13467 2.287161e-01
9.570000e-01 2.967890e+00 2.148852e+00 2.546192e+00 1.037110e+01 4.399543e+03 1.555782e+04 2.13919 2.319168e-01
9.560000e-01 2.967890e+00 2.150044e+00 2.547540e+00 1.037617e+01 4.447325e+03 1.554720e+04 2.13855 2.341051e-01
9.550000e-01 2.967890e+00 2.150369e+00 2.547728e+00 1.037828e+01 4.499283e+03 1.554123e+04 2.14303 2.372649e-01
9.540000e-01 2.967890e+00 2.151566e+00 2.549082e+00 1.038340e+01 4.546361e+03 1.553064e+04 2.14247 2.394181e-01
9.530000e-01 2.967890e+00 2.151905e+00 2.549290e+00 1.038554e+01 4.597377e+03 1.552478e+04 2.14687 2.425258e-01
9.520000e-01 2.967890e+00 2.153149e+00 2.550708e+00 1.039076e+01 4.643533e+03 1.551416e+04 2.14649 2.446333e-01
9.510000e-01 2.967890e+00 2.153889e+00 2.551456e+00 1.039435e+01 4.691517e+03 1.550615e+04 2.14841 2.472128e-01
9.500000e-01 2.967890e+00 2.154232e+00 2.551671e+00 1.039650e+01 4.741061e+03 1.550050e+04 2.15265 2.502374e-01
9.490000e-01 2.967890e+00 2.155476e+00 2.553092e+00 1.040174e+01 4.785761e+03 1.549004e+04 2.15245 2.522812e-01
9.480000e-01 2.967890e+00 2.156220e+00 2.553846e+00 1.040534e+01 4.832162e+03 1.548222e+04 2.15438 2.547801e-01
9.470000e-01 2.967890e+00 2.156560e+00 2.554059e+00 1.040750e+01 4.880194e+03 1.547676e+04 2.15843 2.577143e-01
9.460000e-01 2.967890e+00 2.157815e+00 2.555492e+00 1.041277e+01 4.923486e+03 1.546642e+04 2.15845 2.597007e-01
9.450000e-01 2.967890e+00 2.158564e+00 2.556254e+00 1.041640e+01 4.968639e+03 1.545873e+04 2.1604 2.621370e-01
9.440000e-01 2.967890e+00 2.158909e+00 2.556473e+00 1.041858e+01 5.015415e+03 1.545342e+04 2.1643 2.649987e-01
9.430000e-01 2.967890e+00 2.160170e+00 2.557914e+00 1.042388e+01 5.057353e+03 1.544318e+04 2.16449 2.669260e-01
9.420000e-01 2.967890e+00 2.160491e+00 2.558103e+00 1.042603e+01 5.103277e+03 1.543804e+04 2.16824 2.697358e-01
9.410000e-01 2.967890e+00 2.161743e+00 2.559531e+00 1.043133e+01 5.144315e+03 1.542792e+04 2.16854 2.716275e-01
9.400000e-01 2.967890e+00 2.162053e+00 2.559705e+00 1.043346e+01 5.189320e+03 1.542290e+04 2.17214 2.743803e-01
9.390000e-01 2.967890e+00 2.163312e+00 2.561138e+00 1.043878e+01 5.229233e+03 1.541287e+04 2.17259 2.762255e-01
9.380000e-01 2.967890e+00 2.163602e+00 2.561285e+00 1.044091e+01 5.273267e+03 1.540799e+04 2.17602 2.789175e-01
9.370000e-01 2.967890e+00 2.164877e+00 2.562733e+00 1.044627e+01 5.312356e+03 1.539800e+04 2.17664 2.807338e-01
9.360000e-01 2.967890e+00 2.165174e+00 2.562888e+00 1.044842e+01 5.355919e+03 1.539317e+04 2.18007 2.834039e-01
9.350000e-01 2.967890e+00 2.166457e+00 2.564345e+00 1.045383e+01 5.394658e+03 1.538317e+04 2.18074 2.852032e-01
9.340000e-01 2.967890e+00 2.166767e+00 2.564517e+00 1.045602e+01 5.437738e+03 1.537839e+04 2.18415 2.878490e-01
9.330000e-01 2.967890e+00 2.168052e+00 2.565980e+00 1.046146e+01 5.475991e+03 1.536841e+04 2.18487 2.896247e-01
9.320000e-01 2.967890e+00 2.168371e+00 2.566164e+00 1.046366e+01 5.518513e+03 1.536369e+04 2.18825 2.922394e-01
9.310000e-01 2.967890e+00 2.169659e+00 2.567631e+00 1.046912e+01 5.556198e+03 1.535376e+04 2.18902 2.939896e-01
9.300000e-01 2.967890e+00 2.169979e+00 2.567820e+00 1.047133e+01 5.598074e+03 1.534912e+04 2.19233 2.965661e-01
9.290000e-01 2.967890e+00 2.171271e+00 2.569292e+00 1.047680e+01 5.635065e+03 1.533924e+04 2.19319 2.982870e-01
9.280000e-01 2.967890e+00 2.171588e+00 2.569477e+00 1.047902e+01 5.676315e+03 1.533468e+04 2.19643 3.008264e-01
9.270000e-01 2.967890e+00 2.172889e+00 2.570959e+00 1.048453e+01 5.712759e+03 1.532483e+04 2.19738 3.025259e-01
9.260000e-01 2.967890e+00 2.173211e+00 2.571151e+00 1.048676e+01 5.753527e+03 1.532033e+04 2.20058 3.050393e-01
9.250000e-01 2.967890e+00 2.174516e+00 2.572638e+00 1.049230e+01 5.789449e+03 1.531050e+04 2.20159 3.067155e-01
9.240000e-01 2.967890e+00 2.174836e+00 2.572828e+00 1.049454e+01 5.829647e+03 1.530606e+04 2.20474 3.091953e-01
9.230000e-01 2.967890e+00 2.176148e+00 2.574323e+00 1.050010e+01 5.864957e+03 1.529625e+04 2.20582 3.108461e-01
9.220000e-01 2.967890e+00 2.176463e+00 2.574507e+00 1.050235e+01 5.904596e+03 1.529187e+04 2.2089 3.132927e-01
9.210000e-01 2.967890e+00 2.177782e+00 2.576008e+00 1.050794e+01 5.939212e+03 1.528210e+04 2.21006 3.149141e-01
9.200000e-01 2.967890e+00 2.178080e+00 2.576169e+00 1.051018e+01 5.978147e+03 1.527781e+04 2.21302 3.173162e-01
9.190000e-01 2.967890e+00 2.179409e+00 2.577680e+00 1.051579e+01 6.011966e+03 1.526807e+04 2.21431 3.189069e-01
9.180000e-01 2.967890e+00 2.179701e+00 2.577831e+00 1.051803e+01 6.050419e+03 1.526384e+04 2.21721 3.212821e-01
9.170000e-01 2.967890e+00 2.181044e+00 2.579357e+00 1.052369e+01 6.083926e+03 1.525407e+04 2.21858 3.228621e-01
9.160000e-01 2.967890e+00 2.181347e+00 2.579523e+00 1.052597e+01 6.122110e+03 1.524985e+04 2.2215 3.252263e-01
9.150000e-01 2.967890e+00 2.182694e+00 2.581054e+00 1.053167e+01 6.155332e+03 1.524007e+04 2.22289 3.267914e-01
9.140000e-01 2.967890e+00 2.183006e+00 2.581232e+00 1.053397e+01 6.193147e+03 1.523588e+04 2.2258 3.291360e-01
9.130000e-01 2.967890e+00 2.184356e+00 2.582769e+00 1.053970e+01 6.225980e+03 1.522610e+04 2.22722 3.306833e-01
9.120000e-01 2.967890e+00 2.184670e+00 2.582952e+00 1.054201e+01 6.263343e+03 1.522196e+04 2.2301 3.330015e-01
9.110000e-01 2.967890e+00 2.186024e+00 2.584494e+00 1.054775e+01 6.295668e+03 1.521222e+04 2.23158 3.345268e-01
9.100000e-01 2.967890e+00 2.186334e+00 2.584672e+00 1.055006e+01 6.332529e+03 1.520814e+04 2.23439 3.368145e-01
9.090000e-01 2.967890e+00 2.187696e+00 2.586223e+00 1.055583e+01 6.364367e+03 1.519841e+04 2.23594 3.383209e-01
9.080000e-01 2.967890e+00 2.188007e+00 2.586404e+00 1.055816e+01 6.400859e+03 1.519437e+04 2.23873 3.405885e-01
9.070000e-01 2.967890e+00 2.189375e+00 2.587963e+00 1.056396e+01 6.432336e+03 1.518464e+04 2.24033 3.420797e-01
9.060000e-01 2.967890e+00 2.189687e+00 2.588145e+00 1.056630e+01 6.468447e+03 1.518064e+04 2.24309 3.443259e-01
9.050000e-01 2.967890e+00 2.191061e+00 2.589711e+00 1.057213e+01 6.499478e+03 1.517092e+04 2.24474 3.457979e-01
9.040000e-01 2.967890e+00 2.191370e+00 2.589889e+00 1.057447e+01 6.535195e+03 1.516696e+04 2.24746 3.480215e-01
9.030000e-01 2.967890e+00 2.192751e+00 2.591463e+00 1.058034e+01 6.565756e+03 1.515724e+04 2.24916 3.494737e-01
9.020000e-01 2.967890e+00 2.193047e+00 2.591624e+00 1.058268e+01 6.600981e+03 1.515334e+04 2.25181 3.516669e-01
9.010000e-01 2.967890e+00 2.194438e+00 2.593206e+00 1.058856e+01 6.630905e+03 1.514364e+04 2.2536 3.530932e-01
9.000000e-01 2.967890e+00 2.194722e+00 2.593350e+00 1.059090e+01 6.665687e+03 1.513979e+04 2.25618 3.552603e-01
8.990000e-01 2.967890e+00 2.196127e+00 2.594948e+00 1.059684e+01 6.695295e+03 1.513006e+04 2.25805 3.566767e-01
8.980000e-01 2.967890e+00 2.196421e+00 2.595104e+00 1.059921e+01 6.729902e+03 1.512622e+04 2.26065 3.588383e-01
8.970000e-01 2.967890e+00 2.197832e+00 2.596709e+00 1.060520e+01 6.759345e+03 1.511644e+04 2.26254 3.602459e-01
8.960000e-01 2.967890e+00 2.198134e+00 2.596877e+00 1.060759e+01 6.793716e+03 1.511261e+04 2.26515 3.623964e-01
8.950000e-01 2.967890e+00 2.199550e+00 2.598489e+00 1.061362e+01 6.822896e+03 1.510281e+04 2.26706 3.637912e-01
8.940000e-01 2.967890e+00 2.199856e+00 2.598664e+00 1.061603e+01 6.856951e+03 1.509901e+04 2.26966 3.659241e-01
8.930000e-01 2.967890e+00 2.201276e+00 2.600281e+00 1.062207e+01 6.885752e+03 1.508922e+04 2.27161 3.673019e-01
8.920000e-01 2.967890e+00 2.201577e+00 2.600451e+00 1.062448e+01 6.919410e+03 1.508546e+04 2.27416 3.694107e-01
8.910000e-01 2.967890e+00 2.203005e+00 2.602077e+00 1.063055e+01 6.947786e+03 1.507567e+04 2.27616 3.707715e-01
8.900000e-01 2.967890e+00 2.203305e+00 2.602246e+00 1.063297e+01 6.981131e+03 1.507194e+04 2.27869 3.728629e-01
8.890000e-01 2.967890e+00 2.204740e+00 2.603882e+00 1.063907e+01 7.009204e+03 1.506215e+04 2.28074 3.742115e-01
8.880000e-01 2.967890e+00 2.205040e+00 2.604051e+00 1.064151e+01 7.042253e+03 1.505844e+04 2.28325 3.762866e-01
8.870000e-01 2.967890e+00 2.206526e+00 2.605755e+00 1.064773e+01 7.069930e+03 1.504852e+04 2.28539 3.776113e-01
8.860000e-01 2.967890e+00 2.206794e+00 2.605882e+00 1.065012e+01 7.102693e+03 1.504492e+04 2.28783 3.796734e-01
8.850000e-01 2.967890e+00 2.208273e+00 2.607572e+00 1.065634e+01 7.130002e+03 1.503502e+04 2.29001 3.809857e-01
8.840000e-01 2.967890e+00 2.208529e+00 2.607685e+00 1.065873e+01 7.162382e+03 1.503147e+04 2.29239 3.830247e-01
8.830000e-01 2.967890e+00 2.210016e+00 2.609383e+00 1.066497e+01 7.189165e+03 1.502158e+04 2.29463 3.843150e-01
8.820000e-01 2.967890e+00 2.210258e+00 2.609477e+00 1.066735e+01 7.221164e+03 1.501807e+04 2.29695 3.863315e-01
8.810000e-01 2.967890e+00 2.211761e+00 2.611192e+00 1.067365e+01 7.247659e+03 1.500815e+04 2.29927 3.876127e-01
8.800000e-01 2.967890e+00 2.212011e+00 2.611295e+00 1.067606e+01 7.279525e+03 1.500464e+04 2.30161 3.896259e-01
8.790000e-01 2.967890e+00 2.213521e+00 2.613018e+00 1.068241e+01 7.305895e+03 1.499465e+04 2.30395 3.909003e-01
8.780000e-01 2.967890e+00 2.213779e+00 2.613133e+00 1.068485e+01 7.337596e+03 1.499114e+04 2.30631 3.929069e-01
8.770000e-01 2.967890e+00 2.215295e+00 2.614863e+00 1.069125e+01 7.363769e+03 1.498112e+04 2.30866 3.941714e-01
8.760000e-01 2.967890e+00 2.215556e+00 2.614984e+00 1.069370e+01 7.395234e+03 1.497763e+04 2.31102 3.961656e-01
8.750000e-01 2.967890e+00 2.217077e+00 2.616721e+00 1.070012e+01 7.421109e+03 1.496759e+04 2.3134 3.974163e-01
8.740000e-01 2.967890e+00 2.217332e+00 2.616836e+00 1.070259e+01 7.452256e+03 1.496413e+04 2.31572 3.993916e-01
8.730000e-01 2.967890e+00 2.218861e+00 2.618583e+00 1.070903e+01 7.477774e+03 1.495409e+04 2.31815 4.006277e-01
8.720000e-01 2.967890e+00 2.219115e+00 2.618696e+00 1.071150e+01 7.508668e+03 1.495064e+04 2.32045 4.025892e-01
8.710000e-01 2.967890e+00 2.220653e+00 2.620453e+00 1.071799e+01 7.533927e+03 1.494058e+04 2.32292 4.038146e-01
8.700000e-01 2.967890e+00 2.220904e+00 2.620565e+00 1.072047e+01 7.564573e+03 1.493715e+04 2.3252 4.057626e-01
8.690000e-01 2.967890e+00 2.222449e+00 2.622331e+00 1.072699e+01 7.589517e+03 1.492706e+04 2.32771 4.069743e-01
8.680000e-01 2.967890e+00 2.222696e+00 2.622438e+00 1.072948e+01 7.619909e+03 1.492366e+04 2.32996 4.089082e-01
8.670000e-01 2.967890e+00 2.224250e+00 2.624213e+00 1.073603e+01 7.644524e+03 1.491355e+04 2.33252 4.101059e-01
8.660000e-01 2.967890e+00 2.224484e+00 2.624302e+00 1.073852e+01 7.674577e+03 1.491019e+04 2.33472 4.120193e-01
8.650000e-01 2.967890e+00 2.226048e+00 2.626087e+00 1.074510e+01 7.698729e+03 1.490007e+04 2.33733 4.131977e-01
8.640000e-01 2.967890e+00 2.226269e+00 2.626160e+00 1.074758e+01 7.728477e+03 1.489674e+04 2.33949 4.150940e-01
8.630000e-01 2.967890e+00 2.227848e+00 2.627962e+00 1.075421e+01 7.752408e+03 1.488657e+04 2.34217 4.162654e-01
8.620000e-01 2.967890e+00 2.228076e+00 2.628043e+00 1.075673e+01 7.782054e+03 1.488324e+04 2.34434 4.181598e-01
8.610000e-01 2.967890e+00 2.229662e+00 2.629854e+00 1.076342e+01 7.805873e+03 1.487300e+04 2.34704 4.193252e-01
8.600000e-01 2.967890e+00 2.229897e+00 2.629946e+00 1.076596e+01 7.835383e+03 1.486966e+04 2.34923 4.212145e-01
8.590000e-01 2.967890e+00 2.231490e+00 2.631764e+00 1.077270e+01 7.859033e+03 1.485938e+04 2.35195 4.223712e-01
8.580000e-01 2.967890e+00 2.231727e+00 2.631860e+00 1.077526e+01 7.888347e+03 1.485605e+04 2.35413 4.242506e-01
8.570000e-01 2.967890e+00 2.233326e+00 2.633686e+00 1.078203e+01 7.911727e+03 1.484574e+04 2.35688 4.253946e-01
8.560000e-01 2.967890e+00 2.233555e+00 2.633774e+00 1.078459e+01 7.940775e+03 1.484243e+04 2.35903 4.272584e-01
8.550000e-01 2.967890e+00 2.235164e+00 2.635612e+00 1.079139e+01 7.963865e+03 1.483210e+04 2.36182 4.283907e-01
8.540000e-01 2.967890e+00 2.235392e+00 2.635699e+00 1.079396e+01 7.992713e+03 1.482881e+04 2.36397 4.302443e-01
8.530000e-01 2.967890e+00 2.237010e+00 2.637547e+00 1.080081e+01 8.015572e+03 1.481844e+04 2.36679 4.313664e-01
8.520000e-01 2.967890e+00 2.237233e+00 2.637630e+00 1.080339e+01 8.044197e+03 1.481516e+04 2.36891 4.332080e-01
8.510000e-01 2.967890e+00 2.238860e+00 2.639488e+00 1.081027e+01 8.066780e+03 1.480476e+04 2.37178 4.343181e-01
8.500000e-01 2.967890e+00 2.239077e+00 2.639564e+00 1.081286e+01 8.095187e+03 1.480150e+04 2.37387 4.361478e-01
8.490000e-01 2.967890e+00 2.240712e+00 2.641431e+00 1.081978e+01 8.117439e+03 1.479107e+04 2.37678 4.372434e-01
8.480000e-01 2.967890e+00 2.240913e+00 2.641486e+00 1.082236e+01 8.145527e+03 1.478784e+04 2.37882 4.390539e-01
8.470000e-01 2.967890e+00 2.242560e+00 2.643366e+00 1.082931e+01 8.167377e+03 1.477740e+04 2.38178 4.401331e-01
8.460000e-01 2.967890e+00 2.242754e+00 2.643411e+00 1.083190e+01 8.195263e+03 1.477418e+04 2.3838 4.419338e-01
8.450000e-01 2.967890e+00 2.244415e+00 2.645306e+00 1.083891e+01 8.216974e+03 1.476367e+04 2.38682 4.430084e-01
8.440000e-01 2.967890e+00 2.244615e+00 2.645360e+00 1.084153e+01 8.244774e+03 1.476045e+04 2.38886 4.448079e-01
8.430000e-01 2.967890e+00 2.246284e+00 2.647265e+00 1.084860e+01 8.266370e+03 1.474986e+04 2.39189 4.458760e-01
8.420000e-01 2.967890e+00 2.246488e+00 2.647325e+00 1.085124e+01 8.294040e+03 1.474663e+04 2.39394 4.476705e-01
8.410000e-01 2.967890e+00 2.248164e+00 2.649239e+00 1.085836e+01 8.315471e+03 1.473599e+04 2.397 4.487302e-01
8.400000e-01 2.967890e+00 2.248367e+00 2.649299e+00 1.086102e+01 8.342955e+03 1.473277e+04 2.39903 4.505150e-01
8.390000e-01 2.967890e+00 2.250050e+00 2.651221e+00 1.086817e+01 8.364121e+03 1.472210e+04 2.40212 4.515623e-01
8.380000e-01 2.967890e+00 2.250245e+00 2.651273e+00 1.087083e+01 8.391384e+03 1.471889e+04 2.40413 4.533349e-01
8.370000e-01 2.967890e+00 2.251940e+00 2.653209e+00 1.087802e+01 8.412328e+03 1.470818e+04 2.40726 4.543732e-01
8.360000e-01 2.967890e+00 2.252133e+00 2.653259e+00 1.088070e+01 8.439425e+03 1.470497e+04 2.40926 4.561379e-01
8.350000e-01 2.967890e+00 2.253880e+00 2.655266e+00 1.088803e+01 8.460111e+03 1.469409e+04 2.41247 4.571556e-01
8.340000e-01 2.967890e+00 2.254039e+00 2.655272e+00 1.089066e+01 8.487036e+03 1.469097e+04 2.41442 4.589157e-01
8.330000e-01 2.967890e+00 2.255781e+00 2.657268e+00 1.089799e+01 8.507476e+03 1.468010e+04 2.41765 4.599263e-01
8.320000e-01 2.967890e+00 2.255929e+00 2.657261e+00 1.090062e+01 8.534179e+03 1.467700e+04 2.41957 4.616741e-01
8.310000e-01 2.967890e+00 2.257680e+00 2.659266e+00 1.090799e+01 8.554255e+03 1.466609e+04 2.42284 4.626682e-01
8.300000e-01 2.967890e+00 2.257810e+00 2.659236e+00 1.091061e+01 8.580674e+03 1.466302e+04 2.4247 4.643995e-01
8.290000e-01 2.967890e+00 2.259576e+00 2.661258e+00 1.091803e+01 8.600476e+03 1.465207e+04 2.42804 4.653835e-01
8.280000e-01 2.967890e+00 2.259707e+00 2.661229e+00 1.092067e+01 8.626798e+03 1.464899e+04 2.4299 4.671128e-01
8.270000e-01 2.967890e+00 2.261484e+00 2.663263e+00 1.092816e+01 8.646500e+03 1.463795e+04 2.43327 4.680915e-01
8.260000e-01 2.967890e+00 2.261618e+00 2.663240e+00 1.093083e+01 8.672728e+03 1.463487e+04 2.43515 4.698188e-01
8.250000e-01 2.967890e+00 2.263405e+00 2.665285e+00 1.093837e+01 8.692299e+03 1.462375e+04 2.43854 4.707902e-01
8.240000e-01 2.967890e+00 2.263540e+00 2.665266e+00 1.094106e+01 8.718404e+03 1.462066e+04 2.44043 4.725125e-01
8.230000e-01 2.967890e+00 2.265333e+00 2.667319e+00 1.094865e+01 8.737782e+03 1.460949e+04 2.44383 4.734740e-01
8.220000e-01 2.967890e+00 2.265462e+00 2.667292e+00 1.095135e+01 8.763692e+03 1.460641e+04 2.4457 4.751859e-01
8.210000e-01 2.967890e+00 2.267266e+00 2.669358e+00 1.095898e+01 8.782829e+03 1.459520e+04 2.44915 4.761365e-01
8.200000e-01 2.967890e+00 2.267388e+00 2.669325e+00 1.096169e+01 8.808581e+03 1.459212e+04 2.45099 4.778411e-01
8.190000e-01 2.967890e+00 2.269204e+00 2.671405e+00 1.096937e+01 8.827533e+03 1.458085e+04 2.45448 4.787830e-01
8.180000e-01 2.967890e+00 2.269321e+00 2.671366e+00 1.097209e+01 8.853119e+03 1.457777e+04 2.45631 4.804794e-01
8.170000e-01 2.967890e+00 2.271146e+00 2.673457e+00 1.097982e+01 8.871839e+03 1.456645e+04 2.45983 4.814106e-01
8.160000e-01 2.967890e+00 2.271255e+00 2.673409e+00 1.098254e+01 8.897252e+03 1.456338e+04 2.46164 4.830982e-01
8.150000e-01 2.967890e+00 2.273090e+00 2.675512e+00 1.099031e+01 8.915694e+03 1.455201e+04 2.46519 4.840163e-01
8.140000e-01 2.967890e+00 2.273179e+00 2.675438e+00 1.099302e+01 8.940847e+03 1.454897e+04 2.46695 4.856891e-01
8.130000e-01 2.967890e+00 2.275029e+00 2.677557e+00 1.100084e+01 8.958944e+03 1.453756e+04 2.47056 4.865922e-01
8.120000e-01 2.967890e+00 2.275108e+00 2.677472e+00 1.100356e+01 8.983933e+03 1.453453e+04 2.47229 4.882578e-01
8.110000e-01 2.967890e+00 2.276973e+00 2.679607e+00 1.101144e+01 9.001907e+03 1.452303e+04 2.47595 4.891562e-01
8.100000e-01 2.967890e+00 2.277054e+00 2.679525e+00 1.101419e+01 9.026824e+03 1.451998e+04 2.4777 4.908213e-01
8.090000e-01 2.967890e+00 2.278929e+00 2.681672e+00 1.102213e+01 9.044679e+03 1.450840e+04 2.48138 4.917127e-01
8.080000e-01 2.967890e+00 2.279011e+00 2.681594e+00 1.102490e+01 9.069493e+03 1.450534e+04 2.48313 4.933747e-01
8.070000e-01 2.967890e+00 2.280895e+00 2.683751e+00 1.103291e+01 9.087201e+03 1.449368e+04 2.48683 4.942579e-01
8.060000e-01 2.967890e+00 2.280972e+00 2.683668e+00 1.103569e+01 9.111865e+03 1.449062e+04 2.48857 4.959128e-01
8.050000e-01 2.967890e+00 2.282865e+00 2.685837e+00 1.104375e+01 9.129341e+03 1.447890e+04 2.49231 4.967844e-01
8.040000e-01 2.967890e+00 2.282935e+00 2.685746e+00 1.104654e+01 9.153846e+03 1.447585e+04 2.49403 4.984317e-01
8.030000e-01 2.967890e+00 2.284839e+00 2.687928e+00 1.105465e+01 9.171139e+03 1.446406e+04 2.4978 4.992950e-01
8.020000e-01 2.967890e+00 2.284903e+00 2.687832e+00 1.105745e+01 9.195507e+03 1.446101e+04 2.49951 5.009363e-01
8.010000e-01 2.967890e+00 2.286819e+00 2.690027e+00 1.106561e+01 9.212596e+03 1.444916e+04 2.50332 5.017893e-01
8.000000e-01 2.967890e+00 2.286872e+00 2.689918e+00 1.106842e+01 9.236805e+03 1.444611e+04 2.505 5.034232e-01
7.990000e-01 2.967890e+00 2.288800e+00 2.692129e+00 1.107663e+01 9.253657e+03 1.443420e+04 2.50884 5.042647e-01
7.980000e-01 2.967890e+00 2.288837e+00 2.692000e+00 1.107944e+01 9.277649e+03 1.443117e+04 2.51049 5.058868e-01
7.970000e-01 2.967890e+00 2.290777e+00 2.694222e+00 1.108769e+01 9.294162e+03 1.441922e+04 2.51437 5.067126e-01
7.960000e-01 2.967890e+00 2.290797e+00 2.694072e+00 1.109049e+01 9.317952e+03 1.441620e+04 2.51598 5.083246e-01
7.950000e-01 2.967890e+00 2.292754e+00 2.696314e+00 1.109881e+01 9.334292e+03 1.440417e+04 2.51992 5.091436e-01
7.940000e-01 2.967890e+00 2.292774e+00 2.696166e+00 1.110164e+01 9.358021e+03 1.440114e+04 2.52153 5.107561e-01
7.930000e-01 2.967890e+00 2.294742e+00 2.698421e+00 1.111003e+01 9.374245e+03 1.438900e+04 2.5255 5.115680e-01
7.920000e-01 2.967890e+00 2.294762e+00 2.698274e+00 1.111288e+01 9.397882e+03 1.438596e+04 2.52712 5.131785e-01
7.910000e-01 2.967890e+00 2.296783e+00 2.700600e+00 1.112143e+01 9.413939e+03 1.437361e+04 2.53116 5.139714e-01
7.900000e-01 2.967890e+00 2.296772e+00 2.700414e+00 1.112425e+01 9.437477e+03 1.437063e+04 2.53274 5.155833e-01
7.890000e-01 2.967890e+00 2.298787e+00 2.702729e+00 1.113282e+01 9.453331e+03 1.435826e+04 2.5368 5.163696e-01
7.880000e-01 2.967890e+00 2.298764e+00 2.702531e+00 1.113564e+01 9.476711e+03 1.435529e+04 2.53835 5.179743e-01
7.870000e-01 2.967890e+00 2.300793e+00 2.704862e+00 1.114427e+01 9.492380e+03 1.434285e+04 2.54245 5.187516e-01
7.860000e-01 2.967890e+00 2.300765e+00 2.704659e+00 1.114710e+01 9.515644e+03 1.433987e+04 2.54399 5.203521e-01
7.850000e-01 2.967890e+00 2.302804e+00 2.707003e+00 1.115580e+01 9.531121e+03 1.432735e+04 2.54812 5.211193e-01
7.840000e-01 2.967890e+00 2.302763e+00 2.706785e+00 1.115864e+01 9.554237e+03 1.432438e+04 2.54964 5.227133e-01
7.830000e-01 2.967890e+00 2.304816e+00 2.709146e+00 1.116739e+01 9.569488e+03 1.431179e+04 2.5538 5.234690e-01
7.820000e-01 2.967890e+00 2.304760e+00 2.708909e+00 1.117022e+01 9.592416e+03 1.430883e+04 2.55529 5.250536e-01
7.810000e-01 2.967890e+00 2.306824e+00 2.711282e+00 1.117902e+01 9.607350e+03 1.429618e+04 2.55949 5.257938e-01
7.800000e-01 2.967890e+00 2.306746e+00 2.711018e+00 1.118184e+01 9.630069e+03 1.429324e+04 2.56092 5.273679e-01
7.790000e-01 2.967890e+00 2.308831e+00 2.713415e+00 1.119071e+01 9.644809e+03 1.428052e+04 2.56519 5.281000e-01
7.780000e-01 2.967890e+00 2.308750e+00 2.713149e+00 1.119356e+01 9.667467e+03 1.427756e+04 2.56663 5.296749e-01
7.770000e-01 2.967890e+00 2.310846e+00 2.715559e+00 1.120251e+01 9.682085e+03 1.426473e+04 2.57092 5.303994e-01
7.760000e-01 2.967890e+00 2.310763e+00 2.715293e+00 1.120538e+01 9.704657e+03 1.426175e+04 2.57237 5.319728e-01
7.750000e-01 2.967890e+00 2.312871e+00 2.717717e+00 1.121441e+01 9.719141e+03 1.424882e+04 2.57669 5.326891e-01
7.740000e-01 2.967890e+00 2.312781e+00 2.717445e+00 1.121730e+01 9.741604e+03 1.424584e+04 2.57812 5.342589e-01
7.730000e-01 2.967890e+00 2.314899e+00 2.719881e+00 1.122638e+01 9.755885e+03 1.423282e+04 2.58247 5.349638e-01
7.720000e-01 2.967890e+00 2.314797e+00 2.719594e+00 1.122928e+01 9.778200e+03 1.422984e+04 2.58387 5.365272e-01
7.710000e-01 2.967890e+00 2.316930e+00 2.722049e+00 1.123843e+01 9.792301e+03 1.421673e+04 2.58826 5.372227e-01
7.700000e-01 2.967890e+00 2.316820e+00 2.721755e+00 1.124135e+01 9.814509e+03 1.421375e+04 2.58966 5.387828e-01
7.690000e-01 2.967890e+00 2.318964e+00 2.724223e+00 1.125056e+01 9.828423e+03 1.420055e+04 2.59408 5.394680e-01
7.680000e-01 2.967890e+00 2.318840e+00 2.723914e+00 1.125348e+01 9.850494e+03 1.419757e+04 2.59544 5.410225e-01
7.670000e-01 2.967890e+00 2.320999e+00 2.726399e+00 1.126277e+01 9.864182e+03 1.418429e+04 2.5999 5.416956e-01
7.660000e-01 2.967890e+00 2.320857e+00 2.726068e+00 1.126568e+01 9.886074e+03 1.418131e+04 2.60123 5.432415e-01
7.650000e-01 2.967890e+00 2.323029e+00 2.728566e+00 1.127501e+01 9.899458e+03 1.416798e+04 2.60573 5.438992e-01
7.640000e-01 2.967890e+00 2.322863e+00 2.728205e+00 1.127792e+01 9.921154e+03 1.416502e+04 2.607 5.454360e-01
7.630000e-01 2.967890e+00 2.325056e+00 2.730729e+00 1.128733e+01 9.934357e+03 1.415159e+04 2.61156 5.460852e-01
7.620000e-01 2.967890e+00 2.324885e+00 2.730364e+00 1.129026e+01 9.955995e+03 1.414861e+04 2.61284 5.476234e-01
7.610000e-01 2.967890e+00 2.327090e+00 2.732902e+00 1.129976e+01 9.969062e+03 1.413505e+04 2.61742 5.482637e-01
7.600000e-01 2.967890e+00 2.326916e+00 2.732537e+00 1.130271e+01 9.990620e+03 1.413206e+04 2.61871 5.498006e-01
7.590000e-01 2.967890e+00 2.329131e+00 2.735086e+00 1.131229e+01 1.000355e+04 1.411839e+04 2.62332 5.504323e-01
7.580000e-01 2.967890e+00 2.328947e+00 2.734709e+00 1.131526e+01 1.002499e+04 1.411538e+04 2.62458 5.519658e-01
7.570000e-01 2.967890e+00 2.331217e+00 2.737333e+00 1.132500e+01 1.003769e+04 1.410150e+04 2.62927 5.525741e-01
7.560000e-01 2.967890e+00 2.330992e+00 2.736905e+00 1.132792e+01 1.005902e+04 1.409856e+04 2.63047 5.541089e-01
7.550000e-01 2.967890e+00 2.333262e+00 2.739525e+00 1.133770e+01 1.007155e+04 1.408462e+04 2.63518 5.547120e-01
7.540000e-01 2.967890e+00 2.333029e+00 2.739089e+00 1.134064e+01 1.009278e+04 1.408168e+04 2.63638 5.562443e-01
7.530000e-01 2.967890e+00 2.335311e+00 2.741724e+00 1.135049e+01 1.010513e+04 1.406764e+04 2.64112 5.568364e-01
7.520000e-01 2.967890e+00 2.335058e+00 2.741263e+00 1.135343e+01 1.012622e+04 1.406469e+04 2.64227 5.583636e-01
7.510000e-01 2.967890e+00 2.337356e+00 2.743918e+00 1.136335e+01 1.013833e+04 1.405055e+04 2.64706 5.589424e-01
7.500000e-01 2.967890e+00 2.337083e+00 2.743434e+00 1.136628e+01 1.015925e+04 1.404762e+04 2.64816 5.604610e-01
7.490000e-01 2.967890e+00 2.339395e+00 2.746102e+00 1.137626e+01 1.017106e+04 1.403342e+04 2.65299 5.610242e-01
7.480000e-01 2.967890e+00 2.339096e+00 2.745586e+00 1.137918e+01 1.019181e+04 1.403049e+04 2.65405 5.625370e-01
7.470000e-01 2.967890e+00 2.341431e+00 2.748282e+00 1.138925e+01 1.020347e+04 1.401616e+04 2.65893 5.630915e-01
7.460000e-01 2.967890e+00 2.341128e+00 2.747765e+00 1.139220e+01 1.022416e+04 1.401321e+04 2.65999 5.646054e-01
7.450000e-01 2.967890e+00 2.343473e+00 2.750471e+00 1.140237e+01 1.023568e+04 1.399875e+04 2.66489 5.651501e-01
7.440000e-01 2.967890e+00 2.343160e+00 2.749944e+00 1.140533e+01 1.025630e+04 1.399578e+04 2.66595 5.666635e-01
7.430000e-01 2.967890e+00 2.345519e+00 2.752668e+00 1.141559e+01 1.026766e+04 1.398119e+04 2.67088 5.671975e-01
7.420000e-01 2.967890e+00 2.345193e+00 2.752126e+00 1.141856e+01 1.028816e+04 1.397821e+04 2.6719 5.687071e-01
7.410000e-01 2.967890e+00 2.347565e+00 2.754866e+00 1.142890e+01 1.029931e+04 1.396351e+04 2.67687 5.692285e-01
7.400000e-01 2.967890e+00 2.347221e+00 2.754303e+00 1.143187e+01 1.031970e+04 1.396053e+04 2.67786 5.707350e-01
7.390000e-01 2.967890e+00 2.349611e+00 2.757065e+00 1.144230e+01 1.033068e+04 1.394570e+04 2.68286 5.712455e-01
7.380000e-01 2.967890e+00 2.349253e+00 2.756488e+00 1.144529e+01 1.035097e+04 1.394270e+04 2.68384 5.727496e-01
7.370000e-01 2.967890e+00 2.351657e+00 2.759266e+00 1.145579e+01 1.036175e+04 1.392776e+04 2.68887 5.732475e-01
7.360000e-01 2.967890e+00 2.351277e+00 2.758663e+00 1.145878e+01 1.038190e+04 1.392477e+04 2.6898 5.747466e-01
7.350000e-01 2.967890e+00 2.353697e+00 2.761460e+00 1.146936e+01 1.039242e+04 1.390972e+04 2.69487 5.752294e-01
7.340000e-01 2.967890e+00 2.353289e+00 2.760823e+00 1.147233e+01 1.041238e+04 1.390674e+04 2.69574 5.767194e-01
7.330000e-01 2.967890e+00 2.353493e+00 2.760865e+00 1.147642e+01 1.043039e+04 1.390215e+04 2.69831 5.781674e-01
7.320000e-01 2.967890e+00 2.356775e+00 2.764777e+00 1.148990e+01 1.043761e+04 1.388241e+04 2.7039 5.781532e-01
7.310000e-01 2.967890e+00 2.356324e+00 2.764085e+00 1.149284e+01 1.045745e+04 1.387946e+04 2.70471 5.796481e-01
7.300000e-01 2.967890e+00 2.356513e+00 2.764109e+00 1.149696e+01 1.047534e+04 1.387483e+04 2.70728 5.810974e-01
7.290000e-01 2.967890e+00 2.359826e+00 2.768057e+00 1.151064e+01 1.048232e+04 1.385481e+04 2.71293 5.810630e-01
7.280000e-01 2.967890e+00 2.359356e+00 2.767347e+00 1.151361e+01 1.050204e+04 1.385183e+04 2.71372 5.825573e-01
7.270000e-01 2.967890e+00 2.359523e+00 2.767345e+00 1.151775e+01 1.051977e+04 1.384717e+04 2.71625 5.840027e-01
7.260000e-01 2.967890e+00 2.362876e+00 2.771342e+00 1.153162e+01 1.052641e+04 1.382686e+04 2.72197 5.839418e-01
7.250000e-01 2.967890e+00 2.362379e+00 2.770600e+00 1.153460e+01 1.054595e+04 1.382387e+04 2.72271 5.854310e-01
7.240000e-01 2.967890e+00 2.362529e+00 2.770581e+00 1.153877e+01 1.056351e+04 1.381918e+04 2.72522 5.868715e-01
7.230000e-01 2.967890e+00 2.365923e+00 2.774626e+00 1.155283e+01 1.056984e+04 1.379860e+04 2.73103 5.867870e-01
7.220000e-01 2.967890e+00 2.365395e+00 2.773851e+00 1.155582e+01 1.058922e+04 1.379559e+04 2.73171 5.882728e-01
7.210000e-01 2.967890e+00 2.365521e+00 2.773802e+00 1.156000e+01 1.060658e+04 1.379088e+04 2.73418 5.897064e-01
7.200000e-01 2.967890e+00 2.368960e+00 2.777903e+00 1.157425e+01 1.061249e+04 1.377004e+04 2.74008 5.895930e-01
7.190000e-01 2.967890e+00 2.368388e+00 2.777075e+00 1.157722e+01 1.063162e+04 1.376705e+04 2.74067 5.910686e-01
7.180000e-01 2.967890e+00 2.368481e+00 2.776984e+00 1.158140e+01 1.064870e+04 1.376233e+04 2.74307 5.924901e-01
7.170000e-01 2.967890e+00 2.371974e+00 2.781149e+00 1.159583e+01 1.065420e+04 1.374126e+04 2.7491 5.923508e-01
7.160000e-01 2.967890e+00 2.371377e+00 2.780293e+00 1.159882e+01 1.067319e+04 1.373825e+04 2.74966 5.938259e-01
7.150000e-01 2.967890e+00 2.371458e+00 2.780191e+00 1.160304e+01 1.069014e+04 1.373348e+04 2.75206 5.952474e-01
7.140000e-01 2.967890e+00 2.374988e+00 2.784401e+00 1.161770e+01 1.069536e+04 1.371208e+04 2.75815 5.950835e-01
7.130000e-01 2.967890e+00 2.374368e+00 2.783522e+00 1.162072e+01 1.071423e+04 1.370904e+04 2.75868 5.965588e-01
7.120000e-01 2.967890e+00 2.374424e+00 2.783392e+00 1.162496e+01 1.073103e+04 1.370424e+04 2.76104 5.979772e-01
7.110000e-01 2.967890e+00 2.378036e+00 2.787708e+00 1.163993e+01 1.073585e+04 1.368242e+04 2.76725 5.977726e-01
7.100000e-01 2.967890e+00 2.377364e+00 2.786765e+00 1.164291e+01 1.075456e+04 1.367943e+04 2.7677 5.992501e-01
7.090000e-01 2.967890e+00 2.377394e+00 2.786605e+00 1.164717e+01 1.077119e+04 1.367461e+04 2.77003 6.006668e-01
7.080000e-01 2.967890e+00 2.381040e+00 2.790962e+00 1.166234e+01 1.077569e+04 1.365252e+04 2.77632 6.004389e-01
7.070000e-01 2.967890e+00 2.380334e+00 2.789981e+00 1.166533e+01 1.079424e+04 1.364952e+04 2.77671 6.019139e-01
7.060000e-01 2.967890e+00 2.380334e+00 2.789786e+00 1.166960e+01 1.081068e+04 1.364468e+04 2.77899 6.033244e-01
7.050000e-01 2.967890e+00 2.384029e+00 2.794202e+00 1.168498e+01 1.081474e+04 1.362232e+04 2.78538 6.030648e-01
7.040000e-01 2.967890e+00 2.383274e+00 2.793162e+00 1.168794e+01 1.083304e+04 1.361932e+04 2.78566 6.045306e-01
7.030000e-01 2.967890e+00 2.383241e+00 2.792924e+00 1.169221e+01 1.084920e+04 1.361447e+04 2.78788 6.059302e-01
7.020000e-01 2.967890e+00 2.386991e+00 2.797408e+00 1.170779e+01 1.085286e+04 1.359186e+04 2.79439 6.056430e-01
7.010000e-01 2.967890e+00 2.387991e+00 2.798494e+00 1.171552e+01 1.086541e+04 1.358152e+04 2.79741 6.064898e-01
7.000000e-01 2.967890e+00 2.388979e+00 2.799566e+00 1.172324e+01 1.087793e+04 1.357121e+04 2.80042 6.073393e-01
6.990000e-01 2.967890e+00 2.389964e+00 2.800635e+00 1.173099e+01 1.089039e+04 1.356084e+04 2.80342 6.081859e-01
6.980000e-01 2.967890e+00 2.390948e+00 2.801703e+00 1.173877e+01 1.090277e+04 1.355043e+04 2.80643 6.090284e-01
6.970000e-01 2.967890e+00 2.391930e+00 2.802769e+00 1.174658e+01 1.091506e+04 1.353998e+04 2.80943 6.098663e-01
6.960000e-01 2.967890e+00 2.392909e+00 2.803833e+00 1.175442e+01 1.092727e+04 1.352949e+04 2.81243 6.106997e-01
6.950000e-01 2.967890e+00 2.393887e+00 2.804896e+00 1.176229e+01 1.093942e+04 1.351895e+04 2.81542 6.115295e-01
6.940000e-01 2.967890e+00 2.394863e+00 2.805956e+00 1.177020e+01 1.095150e+04 1.350836e+04 2.81841 6.123554e-01
6.930000e-01 2.967890e+00 2.395837e+00 2.807015e+00 1.177813e+01 1.096349e+04 1.349772e+04 2.8214 6.131766e-01
6.920000e-01 2.967890e+00 2.396809e+00 2.808072e+00 1.178609e+01 1.097539e+04 1.348704e+04 2.82438 6.139927e-01
6.910000e-01 2.967890e+00 2.397776e+00 2.809124e+00 1.179407e+01 1.098719e+04 1.347632e+04 2.82735 6.148036e-01
6.900000e-01 2.967890e+00 2.398739e+00 2.810168e+00 1.180207e+01 1.099887e+04 1.346558e+04 2.83031 6.156074e-01
6.890000e-01 2.967890e+00 2.399696e+00 2.811207e+00 1.181008e+01 1.101044e+04 1.345481e+04 2.83326 6.164052e-01
6.880000e-01 2.967890e+00 2.400651e+00 2.812243e+00 1.181813e+01 1.102194e+04 1.344399e+04 2.83621 6.171995e-01
6.870000e-01 2.967890e+00 2.401605e+00 2.813278e+00 1.182622e+01 1.103338e+04 1.343310e+04 2.83916 6.179909e-01
6.860000e-01 2.967890e+00 2.402557e+00 2.814311e+00 1.183435e+01 1.104476e+04 1.342215e+04 2.8421 6.187781e-01
6.850000e-01 2.967890e+00 2.403507e+00 2.815343e+00 1.184252e+01 1.105607e+04 1.341114e+04 2.84503 6.195619e-01
6.840000e-01 2.967890e+00 2.404455e+00 2.816374e+00 1.185072e+01 1.106731e+04 1.340008e+04 2.84797 6.203417e-01
6.830000e-01 2.967890e+00 2.405437e+00 2.817453e+00 1.185905e+01 1.107843e+04 1.338884e+04 2.85094 6.211046e-01
6.820000e-01 2.967890e+00 2.406381e+00 2.818480e+00 1.186732e+01 1.108949e+04 1.337768e+04 2.85386 6.218739e-01
6.810000e-01 2.967890e+00 2.407320e+00 2.819502e+00 1.187562e+01 1.110048e+04 1.336646e+04 2.85677 6.226393e-01
6.800000e-01 2.967890e+00 2.408258e+00 2.820524e+00 1.188396e+01 1.111141e+04 1.335519e+04 2.85968 6.234012e-01
6.790000e-01 2.967890e+00 2.409194e+00 2.821543e+00 1.189234e+01 1.112225e+04 1.334387e+04 2.86258 6.241585e-01
6.780000e-01 2.967890e+00 2.410125e+00 2.822557e+00 1.190074e+01 1.113300e+04 1.333250e+04 2.86548 6.249103e-01
6.770000e-01 2.967890e+00 2.411053e+00 2.823569e+00 1.190918e+01 1.114365e+04 1.332109e+04 2.86837 6.256570e-01
6.760000e-01 2.967890e+00 2.411976e+00 2.824575e+00 1.191763e+01 1.115419e+04 1.330966e+04 2.87125 6.263973e-01
6.750000e-01 2.967890e+00 2.412894e+00 2.825572e+00 1.192610e+01 1.116460e+04 1.329820e+04 2.87412 6.271311e-01
6.740000e-01 2.967890e+00 2.413807e+00 2.826566e+00 1.193460e+01 1.117493e+04 1.328669e+04 2.87697 6.278603e-01
6.730000e-01 2.967890e+00 2.414717e+00 2.827557e+00 1.194315e+01 1.118520e+04 1.327511e+04 2.87983 6.285863e-01
6.720000e-01 2.967890e+00 2.415625e+00 2.828545e+00 1.195174e+01 1.119539e+04 1.326346e+04 2.88267 6.293078e-01
6.710000e-01 2.967890e+00 2.416531e+00 2.829533e+00 1.196038e+01 1.120553e+04 1.325175e+04 2.88552 6.300256e-01
6.700000e-01 2.967890e+00 2.417434e+00 2.830517e+00 1.196905e+01 1.121559e+04 1.323997e+04 2.88835 6.307391e-01
6.690000e-01 2.967890e+00 2.418332e+00 2.831496e+00 1.197777e+01 1.122556e+04 1.322813e+04 2.89117 6.314470e-01
6.680000e-01 2.967890e+00 2.419226e+00 2.832472e+00 1.198651e+01 1.123544e+04 1.321624e+04 2.89398 6.321496e-01
6.670000e-01 2.967890e+00 2.420116e+00 2.833442e+00 1.199529e+01 1.124524e+04 1.320430e+04 2.89678 6.328474e-01
6.660000e-01 2.967890e+00 2.421002e+00 2.834410e+00 1.200412e+01 1.125497e+04 1.319228e+04 2.89957 6.335409e-01
6.650000e-01 2.967890e+00 2.421885e+00 2.835374e+00 1.201298e+01 1.126462e+04 1.318020e+04 2.90235 6.342291e-01
6.640000e-01 2.967890e+00 2.422762e+00 2.836332e+00 1.202187e+01 1.127418e+04 1.316807e+04 2.90511 6.349117e-01
6.630000e-01 2.967890e+00 2.423668e+00 2.837332e+00 1.203088e+01 1.128359e+04 1.315577e+04 2.9079 6.355764e-01
6.620000e-01 2.967890e+00 2.424536e+00 2.838279e+00 1.203983e+01 1.129294e+04 1.314355e+04 2.91064 6.362458e-01
6.610000e-01 2.967890e+00 2.425395e+00 2.839215e+00 1.204880e+01 1.130215e+04 1.313129e+04 2.91336 6.369086e-01
6.600000e-01 2.967890e+00 2.426248e+00 2.840144e+00 1.205780e+01 1.131129e+04 1.311899e+04 2.91606 6.375661e-01
6.590000e-01 2.967890e+00 2.427098e+00 2.841071e+00 1.206685e+01 1.132036e+04 1.310660e+04 2.91875 6.382198e-01
6.580000e-01 2.967890e+00 2.427944e+00 2.841992e+00 1.207594e+01 1.132934e+04 1.309415e+04 2.92144 6.388686e-01
6.570000e-01 2.967890e+00 2.428787e+00 2.842912e+00 1.208509e+01 1.133826e+04 1.308162e+04 2.92412 6.395134e-01
6.560000e-01 2.967890e+00 2.429625e+00 2.843828e+00 1.209428e+01 1.134711e+04 1.306902e+04 2.92678 6.401532e-01
6.550000e-01 2.967890e+00 2.430459e+00 2.844738e+00 1.210351e+01 1.135585e+04 1.305635e+04 2.92943 6.407873e-01
6.540000e-01 2.967890e+00 2.431287e+00 2.845643e+00 1.211278e+01 1.136451e+04 1.304364e+04 2.93207 6.414158e-01
6.530000e-01 2.967890e+00 2.432111e+00 2.846545e+00 1.212209e+01 1.137308e+04 1.303086e+04 2.93469 6.420395e-01
6.520000e-01 2.967890e+00 2.432930e+00 2.847441e+00 1.213145e+01 1.138158e+04 1.301801e+04 2.93731 6.426584e-01
6.510000e-01 2.967890e+00 2.433744e+00 2.848333e+00 1.214085e+01 1.138998e+04 1.300509e+04 2.93991 6.432718e-01
6.500000e-01 2.967890e+00 2.434552e+00 2.849219e+00 1.215030e+01 1.139829e+04 1.299212e+04 2.94249 6.438791e-01
6.490000e-01 2.967890e+00 2.435355e+00 2.850098e+00 1.215977e+01 1.140649e+04 1.297910e+04 2.94506 6.444804e-01
6.480000e-01 2.967890e+00 2.436150e+00 2.850969e+00 1.216927e+01 1.141458e+04 1.296604e+04 2.94761 6.450746e-01
6.470000e-01 2.967890e+00 2.436937e+00 2.851828e+00 1.217879e+01 1.142254e+04 1.295295e+04 2.95015 6.456615e-01
6.460000e-01 2.967890e+00 2.437718e+00 2.852682e+00 1.218835e+01 1.143042e+04 1.293978e+04 2.95266 6.462433e-01
6.450000e-01 2.967890e+00 2.438524e+00 2.853574e+00 1.219806e+01 1.143818e+04 1.292642e+04 2.95519 6.468086e-01
6.440000e-01 2.967890e+00 2.439296e+00 2.854419e+00 1.220773e+01 1.144589e+04 1.291309e+04 2.95768 6.473797e-01
6.430000e-01 2.967890e+00 2.440061e+00 2.855256e+00 1.221746e+01 1.145354e+04 1.289968e+04 2.96015 6.479461e-01
6.420000e-01 2.967890e+00 2.440820e+00 2.856089e+00 1.222723e+01 1.146111e+04 1.288618e+04 2.96259 6.485068e-01
6.410000e-01 2.967890e+00 2.441572e+00 2.856912e+00 1.223705e+01 1.146857e+04 1.287262e+04 2.96502 6.490607e-01
6.400000e-01 2.967890e+00 2.442316e+00 2.857728e+00 1.224691e+01 1.147594e+04 1.285900e+04 2.96743 6.496084e-01
6.390000e-01 2.967890e+00 2.443054e+00 2.858537e+00 1.225681e+01 1.148323e+04 1.284529e+04 2.96981 6.501504e-01
6.380000e-01 2.967890e+00 2.443785e+00 2.859339e+00 1.226677e+01 1.149043e+04 1.283150e+04 2.97217 6.506866e-01
6.370000e-01 2.967890e+00 2.444510e+00 2.860135e+00 1.227678e+01 1.149754e+04 1.281764e+04 2.97452 6.512163e-01
6.360000e-01 2.967890e+00 2.445228e+00 2.860922e+00 1.228682e+01 1.150454e+04 1.280373e+04 2.97684 6.517395e-01
6.350000e-01 2.967890e+00 2.445938e+00 2.861701e+00 1.229690e+01 1.151144e+04 1.278976e+04 2.97915 6.522559e-01
6.340000e-01 2.967890e+00 2.446639e+00 2.862470e+00 1.230700e+01 1.151821e+04 1.277575e+04 2.98143 6.527646e-01
6.330000e-01 2.967890e+00 2.447331e+00 2.863227e+00 1.231714e+01 1.152486e+04 1.276169e+04 2.98368 6.532661e-01
6.320000e-01 2.967890e+00 2.448015e+00 2.863976e+00 1.232733e+01 1.153143e+04 1.274754e+04 2.98592 6.537625e-01
6.310000e-01 2.967890e+00 2.448693e+00 2.864718e+00 1.233758e+01 1.153793e+04 1.273330e+04 2.98813 6.542530e-01
6.300000e-01 2.967890e+00 2.449393e+00 2.865495e+00 1.234798e+01 1.154428e+04 1.271886e+04 2.99035 6.547255e-01
6.290000e-01 2.967890e+00 2.450057e+00 2.866225e+00 1.235835e+01 1.155060e+04 1.270443e+04 2.99252 6.552029e-01
6.280000e-01 2.967890e+00 2.450712e+00 2.866943e+00 1.236877e+01 1.155683e+04 1.268993e+04 2.99465 6.556737e-01
6.270000e-01 2.967890e+00 2.451357e+00 2.867650e+00 1.237923e+01 1.156295e+04 1.267534e+04 2.99676 6.561370e-01
6.260000e-01 2.967890e+00 2.451994e+00 2.868349e+00 1.238975e+01 1.156899e+04 1.266068e+04 2.99884 6.565934e-01
6.250000e-01 2.967890e+00 2.452622e+00 2.869037e+00 1.240032e+01 1.157493e+04 1.264591e+04 3.00089 6.570432e-01
6.240000e-01 2.967890e+00 2.453241e+00 2.869718e+00 1.241095e+01 1.158078e+04 1.263107e+04 3.00291 6.574861e-01
6.230000e-01 2.967890e+00 2.453852e+00 2.870389e+00 1.242162e+01 1.158652e+04 1.261615e+04 3.00491 6.579218e-01
6.220000e-01 2.967890e+00 2.454454e+00 2.871051e+00 1.243234e+01 1.159215e+04 1.260117e+04 3.00688 6.583503e-01
6.210000e-01 2.967890e+00 2.455048e+00 2.871702e+00 1.244309e+01 1.159766e+04 1.258615e+04 3.00882 6.587712e-01
6.200000e-01 2.967890e+00 2.455631e+00 2.872340e+00 1.245387e+01 1.160305e+04 1.257109e+04 3.01074 6.591844e-01
6.190000e-01 2.967890e+00 2.456205e+00 2.872969e+00 1.246470e+01 1.160834e+04 1.255595e+04 3.01264 6.595916e-01
6.180000e-01 2.967890e+00 2.456770e+00 2.873590e+00 1.247561e+01 1.161354e+04 1.254071e+04 3.0145 6.599924e-01
6.170000e-01 2.967890e+00 2.457327e+00 2.874200e+00 1.248658e+01 1.161865e+04 1.252537e+04 3.01634 6.603863e-01
6.160000e-01 2.967890e+00 2.457902e+00 2.874840e+00 1.249770e+01 1.162361e+04 1.250981e+04 3.01818 6.607612e-01
6.150000e-01 2.967890e+00 2.458442e+00 2.875434e+00 1.250881e+01 1.162853e+04 1.249426e+04 3.01996 6.611401e-01
6.140000e-01 2.967890e+00 2.458970e+00 2.876014e+00 1.251996e+01 1.163334e+04 1.247865e+04 3.0217 6.615115e-01
6.130000e-01 2.967890e+00 2.459488e+00 2.876585e+00 1.253116e+01 1.163805e+04 1.246295e+04 3.02342 6.618757e-01
6.120000e-01 2.967890e+00 2.459997e+00 2.877145e+00 1.254244e+01 1.164267e+04 1.244715e+04 3.0251 6.622332e-01
6.110000e-01 2.967890e+00 2.460497e+00 2.877696e+00 1.255378e+01 1.164718e+04 1.243126e+04 3.02676 6.625833e-01
6.100000e-01 2.967890e+00 2.460987e+00 2.878237e+00 1.256517e+01 1.165159e+04 1.241530e+04 3.02838 6.629257e-01
6.090000e-01 2.967890e+00 2.461465e+00 2.878765e+00 1.257662e+01 1.165589e+04 1.239927e+04 3.02997 6.632600e-01
6.080000e-01 2.967890e+00 2.461932e+00 2.879279e+00 1.258809e+01 1.166006e+04 1.238317e+04 3.03152 6.635855e-01
6.070000e-01 2.967890e+00 2.462386e+00 2.879776e+00 1.259961e+01 1.166411e+04 1.236702e+04 3.03303 6.639017e-01
6.060000e-01 2.967890e+00 2.462827e+00 2.880259e+00 1.261117e+01 1.166805e+04 1.235078e+04 3.0345 6.642098e-01
6.050000e-01 2.967890e+00 2.463257e+00 2.880730e+00 1.262282e+01 1.167190e+04 1.233443e+04 3.03593 6.645104e-01
6.040000e-01 2.967890e+00 2.463703e+00 2.881225e+00 1.263462e+01 1.167559e+04 1.231785e+04 3.03736 6.647911e-01
6.030000e-01 2.967890e+00 2.464111e+00 2.881674e+00 1.264641e+01 1.167924e+04 1.230126e+04 3.03871 6.650749e-01
6.020000e-01 2.967890e+00 2.464508e+00 2.882110e+00 1.265828e+01 1.168279e+04 1.228458e+04 3.04003 6.653510e-01
6.010000e-01 2.967890e+00 2.464893e+00 2.882533e+00 1.267020e+01 1.168622e+04 1.226781e+04 3.04131 6.656187e-01
6.000000e-01 2.967890e+00 2.465267e+00 2.882944e+00 1.268218e+01 1.168955e+04 1.225096e+04 3.04255 6.658783e-01
5.990000e-01 2.967890e+00 2.465631e+00 2.883344e+00 1.269425e+01 1.169277e+04 1.223400e+04 3.04376 6.661308e-01
5.980000e-01 2.967890e+00 2.465983e+00 2.883733e+00 1.270639e+01 1.169589e+04 1.221695e+04 3.04494 6.663751e-01
5.970000e-01 2.967890e+00 2.466323e+00 2.884109e+00 1.271859e+01 1.169889e+04 1.219981e+04 3.04607 6.666107e-01
5.960000e-01 2.967890e+00 2.466653e+00 2.884472e+00 1.273084e+01 1.170178e+04 1.218260e+04 3.04718 6.668382e-01
5.950000e-01 2.967890e+00 2.466971e+00 2.884822e+00 1.274314e+01 1.170454e+04 1.216534e+04 3.04824 6.670571e-01
5.940000e-01 2.967890e+00 2.467276e+00 2.885157e+00 1.275548e+01 1.170717e+04 1.214802e+04 3.04927 6.672671e-01
5.930000e-01 2.967890e+00 2.467568e+00 2.885478e+00 1.276789e+01 1.170969e+04 1.213062e+04 3.05026 6.674695e-01
5.920000e-01 2.967890e+00 2.467848e+00 2.885786e+00 1.278039e+01 1.171212e+04 1.211309e+04 3.05121 6.676637e-01
5.910000e-01 2.967890e+00 2.468140e+00 2.886114e+00 1.279305e+01 1.171437e+04 1.209533e+04 3.05213 6.678367e-01
5.900000e-01 2.967890e+00 2.468394e+00 2.886392e+00 1.280572e+01 1.171658e+04 1.207756e+04 3.05298 6.680113e-01
5.890000e-01 2.967890e+00 2.468633e+00 2.886656e+00 1.281846e+01 1.171868e+04 1.205967e+04 3.05379 6.681772e-01
5.880000e-01 2.967890e+00 2.468859e+00 2.886904e+00 1.283127e+01 1.172066e+04 1.204170e+04 3.05455 6.683334e-01
5.870000e-01 2.967890e+00 2.469069e+00 2.887135e+00 1.284415e+01 1.172253e+04 1.202361e+04 3.05525 6.684796e-01
5.860000e-01 2.967890e+00 2.469266e+00 2.887350e+00 1.285712e+01 1.172428e+04 1.200541e+04 3.0559 6.686170e-01
5.850000e-01 2.967890e+00 2.469451e+00 2.887554e+00 1.287017e+01 1.172593e+04 1.198710e+04 3.05652 6.687452e-01
5.840000e-01 2.967890e+00 2.469621e+00 2.887742e+00 1.288329e+01 1.172745e+04 1.196871e+04 3.05709 6.688641e-01
5.830000e-01 2.967890e+00 2.469782e+00 2.887919e+00 1.289647e+01 1.172886e+04 1.195025e+04 3.05762 6.689750e-01
5.820000e-01 2.967890e+00 2.469931e+00 2.888083e+00 1.290970e+01 1.173013e+04 1.193175e+04 3.05813 6.690775e-01
5.810000e-01 2.967890e+00 2.470066e+00 2.888229e+00 1.292299e+01 1.173127e+04 1.191320e+04 3.05859 6.691711e-01
5.800000e-01 2.967890e+00 2.470213e+00 2.888397e+00 1.293645e+01 1.173225e+04 1.189442e+04 3.05904 6.692452e-01
5.790000e-01 2.967890e+00 2.470324e+00 2.888521e+00 1.294992e+01 1.173318e+04 1.187563e+04 3.05943 6.693221e-01
5.780000e-01 2.967890e+00 2.470418e+00 2.888623e+00 1.296349e+01 1.173399e+04 1.185671e+04 3.05975 6.693887e-01
5.770000e-01 2.967890e+00 2.470497e+00 2.888710e+00 1.297716e+01 1.173468e+04 1.183767e+04 3.06002 6.694452e-01
5.760000e-01 2.967890e+00 2.470562e+00 2.888782e+00 1.299090e+01 1.173526e+04 1.181852e+04 3.06025 6.694919e-01
5.750000e-01 2.967890e+00 2.470610e+00 2.888833e+00 1.300473e+01 1.173571e+04 1.179927e+04 3.06041 6.695274e-01
5.740000e-01 2.967890e+00 2.470641e+00 2.888867e+00 1.301865e+01 1.173605e+04 1.177988e+04 3.06052 6.695524e-01
5.730000e-01 2.967890e+00 2.470659e+00 2.888887e+00 1.303266e+01 1.173628e+04 1.176039e+04 3.06057 6.695678e-01
5.720000e-01 2.967890e+00 2.470662e+00 2.888889e+00 1.304676e+01 1.173638e+04 1.174079e+04 3.06057 6.695727e-01
5.710000e-01 2.967890e+00 2.470654e+00 2.888879e+00 1.306093e+01 1.173635e+04 1.172112e+04 3.06055 6.695695e-01
5.718027e-01 2.967890e+00 2.472001e+00 2.890468e+00 1.305427e+01 1.173178e+04 1.173038e+04 3.06213 6.689244e-01
