1.000000e+00 3.049830e+00 2.113678e+00 2.504611e+00 1.016322e+01 0.000000e+00 1.635076e+04 0 0.000000e+00
9.990000e-01 3.049830e+00 2.116724e+00 2.512964e+00 1.017510e+01 6.732280e+02 1.623824e+04 2.03907 3.486199e-02
9.980000e-01 3.049830e+00 2.116642e+00 2.512553e+00 1.017635e+01 9.512943e+02 1.619986e+04 2.13405 5.155980e-02
9.970000e-01 3.049830e+00 2.117748e+00 2.513766e+00 1.018115e+01 1.160499e+03 1.616834e+04 2.04286 6.014823e-02
9.960000e-01 3.049830e+00 2.117916e+00 2.513684e+00 1.018288e+01 1.344972e+03 1.614317e+04 2.08624 7.117817e-02
9.950000e-01 3.049830e+00 2.119075e+00 2.514970e+00 1.018774e+01 1.503299e+03 1.611828e+04 2.0464 7.795246e-02
9.940000e-01 3.049830e+00 2.119367e+00 2.515080e+00 1.018960e+01 1.652961e+03 1.609826e+04 2.07627 8.694019e-02
9.930000e-01 3.049830e+00 2.120474e+00 2.516330e+00 1.019430e+01 1.786298e+03 1.607693e+04 2.04992 9.266438e-02
9.920000e-01 3.049830e+00 2.120823e+00 2.516537e+00 1.019622e+01 1.914705e+03 1.606004e+04 2.0724 1.003814e-01
9.910000e-01 3.049830e+00 2.121905e+00 2.517770e+00 1.020085e+01 2.031251e+03 1.604107e+04 2.05346 1.054110e-01
9.900000e-01 3.049830e+00 2.122637e+00 2.518523e+00 1.020414e+01 2.143328e+03 1.602460e+04 2.05527 1.112482e-01
9.890000e-01 3.049830e+00 2.123361e+00 2.519266e+00 1.020742e+01 2.249545e+03 1.600896e+04 2.05705 1.167828e-01
9.880000e-01 3.049830e+00 2.124084e+00 2.520009e+00 1.021069e+01 2.350543e+03 1.599405e+04 2.05883 1.220488e-01
9.870000e-01 3.049830e+00 2.124805e+00 2.520748e+00 1.021397e+01 2.446959e+03 1.597976e+04 2.06062 1.270790e-01
9.860000e-01 3.049830e+00 2.125525e+00 2.521485e+00 1.021725e+01 2.539618e+03 1.596597e+04 2.06241 1.319164e-01
9.850000e-01 3.049830e+00 2.126249e+00 2.522225e+00 1.022056e+01 2.629079e+03 1.595262e+04 2.06422 1.365897e-01
9.840000e-01 3.049830e+00 2.126974e+00 2.522969e+00 1.022387e+01 2.715614e+03 1.593967e+04 2.06603 1.411128e-01
9.830000e-01 3.049830e+00 2.127700e+00 2.523713e+00 1.022718e+01 2.799297e+03 1.592710e+04 2.06784 1.454895e-01
9.820000e-01 3.049830e+00 2.128425e+00 2.524454e+00 1.023051e+01 2.880322e+03 1.591487e+04 2.06965 1.497299e-01
9.810000e-01 3.049830e+00 2.129150e+00 2.525194e+00 1.023384e+01 2.959031e+03 1.590295e+04 2.07147 1.538516e-01
9.800000e-01 3.049830e+00 2.129874e+00 2.525931e+00 1.023718e+01 3.035487e+03 1.589133e+04 2.07329 1.578580e-01
9.790000e-01 3.049830e+00 2.130208e+00 2.526131e+00 1.023914e+01 3.112034e+03 1.588196e+04 2.08172 1.624467e-01
9.780000e-01 3.049830e+00 2.131304e+00 2.527370e+00 1.024386e+01 3.181810e+03 1.586895e+04 2.07691 1.655344e-01
9.770000e-01 3.049830e+00 2.131612e+00 2.527531e+00 1.024581e+01 3.254378e+03 1.586013e+04 2.08446 1.698759e-01
9.760000e-01 3.049830e+00 2.132729e+00 2.528787e+00 1.025060e+01 3.320667e+03 1.584748e+04 2.08054 1.728291e-01
9.750000e-01 3.049830e+00 2.133044e+00 2.528952e+00 1.025257e+01 3.390706e+03 1.583902e+04 2.08772 1.770313e-01
9.740000e-01 3.049830e+00 2.134171e+00 2.530220e+00 1.025741e+01 3.455037e+03 1.582656e+04 2.08421 1.798966e-01
9.730000e-01 3.049830e+00 2.134510e+00 2.530420e+00 1.025943e+01 3.522865e+03 1.581841e+04 2.09111 1.839770e-01
9.720000e-01 3.049830e+00 2.135635e+00 2.531689e+00 1.026428e+01 3.585267e+03 1.580620e+04 2.08791 1.867529e-01
9.710000e-01 3.049830e+00 2.136384e+00 2.532449e+00 1.026775e+01 3.648899e+03 1.579620e+04 2.08978 1.901041e-01
9.700000e-01 3.049830e+00 2.137127e+00 2.533202e+00 1.027120e+01 3.711501e+03 1.578635e+04 2.09165 1.934039e-01
9.690000e-01 3.049830e+00 2.137871e+00 2.533959e+00 1.027466e+01 3.773000e+03 1.577664e+04 2.09352 1.966473e-01
9.680000e-01 3.049830e+00 2.138617e+00 2.534717e+00 1.027812e+01 3.833373e+03 1.576707e+04 2.09539 1.998332e-01
9.670000e-01 3.049830e+00 2.139361e+00 2.535475e+00 1.028158e+01 3.892671e+03 1.575764e+04 2.09726 2.029643e-01
9.660000e-01 3.049830e+00 2.140108e+00 2.536233e+00 1.028506e+01 3.951067e+03 1.574832e+04 2.09914 2.060497e-01
9.650000e-01 3.049830e+00 2.140856e+00 2.536996e+00 1.028854e+01 4.008648e+03 1.573910e+04 2.10102 2.090937e-01
9.640000e-01 3.049830e+00 2.141607e+00 2.537761e+00 1.029202e+01 4.065397e+03 1.572999e+04 2.10291 2.120956e-01
9.630000e-01 3.049830e+00 2.142358e+00 2.538527e+00 1.029552e+01 4.121258e+03 1.572099e+04 2.1048 2.150523e-01
9.620000e-01 3.049830e+00 2.143109e+00 2.539293e+00 1.029902e+01 4.176273e+03 1.571209e+04 2.10669 2.179661e-01
9.610000e-01 3.049830e+00 2.143861e+00 2.540059e+00 1.030252e+01 4.230538e+03 1.570328e+04 2.10859 2.208420e-01
9.600000e-01 3.049830e+00 2.144209e+00 2.540278e+00 1.030459e+01 4.286124e+03 1.569683e+04 2.11357 2.241993e-01
9.590000e-01 3.049830e+00 2.145354e+00 2.541572e+00 1.030954e+01 4.336614e+03 1.568597e+04 2.11239 2.264716e-01
9.580000e-01 3.049830e+00 2.145690e+00 2.541774e+00 1.031161e+01 4.390541e+03 1.567973e+04 2.11706 2.297234e-01
9.570000e-01 3.049830e+00 2.146848e+00 2.543078e+00 1.031659e+01 4.439293e+03 1.566901e+04 2.11619 2.319275e-01
9.560000e-01 3.049830e+00 2.147177e+00 2.543267e+00 1.031867e+01 4.492028e+03 1.566293e+04 2.1207 2.351113e-01
9.550000e-01 3.049830e+00 2.148394e+00 2.544646e+00 1.032380e+01 4.539908e+03 1.565212e+04 2.12008 2.372782e-01
9.540000e-01 3.049830e+00 2.149119e+00 2.545367e+00 1.032732e+01 4.589720e+03 1.564388e+04 2.12195 2.399313e-01
9.530000e-01 3.049830e+00 2.149461e+00 2.545572e+00 1.032942e+01 4.641133e+03 1.563797e+04 2.12637 2.430475e-01
9.520000e-01 3.049830e+00 2.150680e+00 2.546956e+00 1.033459e+01 4.687763e+03 1.562727e+04 2.12589 2.451554e-01
9.510000e-01 3.049830e+00 2.151415e+00 2.547694e+00 1.033814e+01 4.736190e+03 1.561918e+04 2.12778 2.477387e-01
9.500000e-01 3.049830e+00 2.151770e+00 2.547920e+00 1.034027e+01 4.786137e+03 1.561346e+04 2.13205 2.507710e-01
9.490000e-01 3.049830e+00 2.152991e+00 2.549309e+00 1.034545e+01 4.831329e+03 1.560292e+04 2.13174 2.528160e-01
9.480000e-01 3.049830e+00 2.153730e+00 2.550054e+00 1.034902e+01 4.878176e+03 1.559502e+04 2.13364 2.553193e-01
9.470000e-01 3.049830e+00 2.154083e+00 2.550278e+00 1.035116e+01 4.926593e+03 1.558950e+04 2.13771 2.582603e-01
9.460000e-01 3.049830e+00 2.155314e+00 2.551678e+00 1.035637e+01 4.970344e+03 1.557908e+04 2.13763 2.602472e-01
9.450000e-01 3.049830e+00 2.156059e+00 2.552430e+00 1.035997e+01 5.015922e+03 1.557131e+04 2.13955 2.626874e-01
9.440000e-01 3.049830e+00 2.156417e+00 2.552662e+00 1.036213e+01 5.063096e+03 1.556593e+04 2.14348 2.655571e-01
9.430000e-01 3.049830e+00 2.157653e+00 2.554070e+00 1.036738e+01 5.105510e+03 1.555562e+04 2.14357 2.674859e-01
9.420000e-01 3.049830e+00 2.158401e+00 2.554825e+00 1.037099e+01 5.149702e+03 1.554799e+04 2.1455 2.698565e-01
9.410000e-01 3.049830e+00 2.158751e+00 2.555047e+00 1.037316e+01 5.195540e+03 1.554279e+04 2.14924 2.726456e-01
9.400000e-01 3.049830e+00 2.159998e+00 2.556465e+00 1.037844e+01 5.236506e+03 1.553258e+04 2.14953 2.745154e-01
9.390000e-01 3.049830e+00 2.160743e+00 2.557214e+00 1.038206e+01 5.279181e+03 1.552511e+04 2.15146 2.768097e-01
9.380000e-01 3.049830e+00 2.161066e+00 2.557398e+00 1.038421e+01 5.323536e+03 1.552011e+04 2.15496 2.795057e-01
9.370000e-01 3.049830e+00 2.162331e+00 2.558834e+00 1.038954e+01 5.363005e+03 1.551001e+04 2.1555 2.813196e-01
9.360000e-01 3.049830e+00 2.162641e+00 2.559000e+00 1.039168e+01 5.406894e+03 1.550512e+04 2.15894 2.839929e-01
9.350000e-01 3.049830e+00 2.163899e+00 2.560424e+00 1.039703e+01 5.446019e+03 1.549505e+04 2.15953 2.857923e-01
9.340000e-01 3.049830e+00 2.164698e+00 2.561240e+00 1.040081e+01 5.487201e+03 1.548757e+04 2.16155 2.880104e-01
9.330000e-01 3.049830e+00 2.165492e+00 2.562049e+00 1.040459e+01 5.528097e+03 1.548014e+04 2.16358 2.902168e-01
9.320000e-01 3.049830e+00 2.166289e+00 2.562863e+00 1.040838e+01 5.568723e+03 1.547273e+04 2.16562 2.924097e-01
9.310000e-01 3.049830e+00 2.167088e+00 2.563680e+00 1.041218e+01 5.609042e+03 1.546536e+04 2.16766 2.945871e-01
9.300000e-01 3.049830e+00 2.167888e+00 2.564500e+00 1.041598e+01 5.649026e+03 1.545802e+04 2.1697 2.967478e-01
9.290000e-01 3.049830e+00 2.168689e+00 2.565320e+00 1.041979e+01 5.688653e+03 1.545071e+04 2.17175 2.988907e-01
9.280000e-01 3.049830e+00 2.169491e+00 2.566142e+00 1.042361e+01 5.727974e+03 1.544344e+04 2.1738 3.010183e-01
9.270000e-01 3.049830e+00 2.170295e+00 2.566966e+00 1.042743e+01 5.767051e+03 1.543618e+04 2.17586 3.031341e-01
9.260000e-01 3.049830e+00 2.171102e+00 2.567794e+00 1.043128e+01 5.805890e+03 1.542894e+04 2.17793 3.052384e-01
9.250000e-01 3.049830e+00 2.171912e+00 2.568625e+00 1.043513e+01 5.844459e+03 1.542172e+04 2.18 3.073292e-01
9.240000e-01 3.049830e+00 2.172722e+00 2.569457e+00 1.043899e+01 5.882713e+03 1.541453e+04 2.18208 3.094045e-01
9.230000e-01 3.049830e+00 2.173533e+00 2.570290e+00 1.044286e+01 5.920679e+03 1.540735e+04 2.18416 3.114655e-01
9.220000e-01 3.049830e+00 2.174345e+00 2.571123e+00 1.044674e+01 5.958353e+03 1.540020e+04 2.18624 3.135121e-01
9.210000e-01 3.049830e+00 2.175157e+00 2.571956e+00 1.045062e+01 5.995669e+03 1.539307e+04 2.18832 3.155408e-01
9.200000e-01 3.049830e+00 2.175464e+00 2.572122e+00 1.045283e+01 6.034934e+03 1.538875e+04 2.19131 3.179503e-01
9.190000e-01 3.049830e+00 2.176764e+00 2.573595e+00 1.045838e+01 6.069113e+03 1.537895e+04 2.19249 3.195421e-01
9.180000e-01 3.049830e+00 2.177070e+00 2.573759e+00 1.046060e+01 6.107860e+03 1.537467e+04 2.19541 3.219196e-01
9.170000e-01 3.049830e+00 2.178387e+00 2.575250e+00 1.046620e+01 6.141694e+03 1.536484e+04 2.19669 3.234995e-01
9.160000e-01 3.049830e+00 2.178704e+00 2.575429e+00 1.046846e+01 6.180172e+03 1.536058e+04 2.19962 3.258661e-01
9.150000e-01 3.049830e+00 2.180025e+00 2.576925e+00 1.047411e+01 6.213730e+03 1.535073e+04 2.20092 3.274317e-01
9.140000e-01 3.049830e+00 2.180351e+00 2.577116e+00 1.047639e+01 6.251843e+03 1.534650e+04 2.20384 3.297791e-01
9.130000e-01 3.049830e+00 2.181675e+00 2.578618e+00 1.048205e+01 6.285014e+03 1.533665e+04 2.20518 3.313271e-01
9.120000e-01 3.049830e+00 2.182005e+00 2.578816e+00 1.048435e+01 6.322682e+03 1.533247e+04 2.20807 3.336489e-01
9.110000e-01 3.049830e+00 2.183332e+00 2.580322e+00 1.049003e+01 6.355354e+03 1.532265e+04 2.20945 3.351753e-01
9.100000e-01 3.049830e+00 2.183657e+00 2.580515e+00 1.049233e+01 6.392515e+03 1.531853e+04 2.21228 3.374662e-01
9.090000e-01 3.049830e+00 2.184992e+00 2.582030e+00 1.049803e+01 6.424676e+03 1.530873e+04 2.21374 3.389729e-01
9.080000e-01 3.049830e+00 2.185318e+00 2.582226e+00 1.050034e+01 6.461458e+03 1.530465e+04 2.21654 3.412431e-01
9.070000e-01 3.049830e+00 2.186660e+00 2.583749e+00 1.050608e+01 6.493259e+03 1.529486e+04 2.21805 3.427350e-01
9.060000e-01 3.049830e+00 2.186987e+00 2.583946e+00 1.050841e+01 6.529666e+03 1.529081e+04 2.22082 3.449842e-01
9.050000e-01 3.049830e+00 2.188334e+00 2.585475e+00 1.051417e+01 6.561022e+03 1.528102e+04 2.22238 3.464571e-01
9.040000e-01 3.049830e+00 2.188658e+00 2.585669e+00 1.051651e+01 6.597031e+03 1.527702e+04 2.22511 3.486834e-01
9.030000e-01 3.049830e+00 2.190013e+00 2.587207e+00 1.052230e+01 6.627925e+03 1.526723e+04 2.22673 3.501372e-01
9.020000e-01 3.049830e+00 2.190326e+00 2.587386e+00 1.052463e+01 6.663452e+03 1.526329e+04 2.22939 3.523342e-01
9.010000e-01 3.049830e+00 2.191689e+00 2.588931e+00 1.053045e+01 6.693704e+03 1.525352e+04 2.23108 3.537617e-01
9.000000e-01 3.049830e+00 2.191988e+00 2.589090e+00 1.053278e+01 6.728755e+03 1.524963e+04 2.23367 3.559301e-01
8.990000e-01 3.049830e+00 2.193366e+00 2.590651e+00 1.053865e+01 6.758645e+03 1.523984e+04 2.23545 3.573463e-01
8.980000e-01 3.049830e+00 2.193674e+00 2.590822e+00 1.054100e+01 6.793513e+03 1.523596e+04 2.23806 3.595086e-01
8.970000e-01 3.049830e+00 2.195058e+00 2.592390e+00 1.054693e+01 6.823239e+03 1.522613e+04 2.23986 3.609164e-01
8.960000e-01 3.049830e+00 2.195375e+00 2.592573e+00 1.054931e+01 6.857878e+03 1.522226e+04 2.24248 3.630682e-01
8.950000e-01 3.049830e+00 2.196809e+00 2.594208e+00 1.055535e+01 6.887310e+03 1.521227e+04 2.24436 3.644555e-01
8.940000e-01 3.049830e+00 2.197633e+00 2.595050e+00 1.055947e+01 6.919177e+03 1.520551e+04 2.24653 3.662217e-01
8.930000e-01 3.049830e+00 2.197943e+00 2.595226e+00 1.056186e+01 6.953306e+03 1.520171e+04 2.24912 3.683478e-01
8.920000e-01 3.049830e+00 2.199381e+00 2.596865e+00 1.056793e+01 6.982129e+03 1.519174e+04 2.25106 3.697096e-01
8.910000e-01 3.049830e+00 2.199667e+00 2.597012e+00 1.057027e+01 7.015906e+03 1.518804e+04 2.25356 3.718145e-01
8.900000e-01 3.049830e+00 2.201101e+00 2.598644e+00 1.057635e+01 7.044381e+03 1.517811e+04 2.25554 3.731650e-01
8.890000e-01 3.049830e+00 2.201388e+00 2.598792e+00 1.057871e+01 7.077879e+03 1.517443e+04 2.25803 3.752551e-01
8.880000e-01 3.049830e+00 2.202828e+00 2.600432e+00 1.058482e+01 7.106037e+03 1.516449e+04 2.26005 3.765920e-01
8.870000e-01 3.049830e+00 2.203112e+00 2.600578e+00 1.058719e+01 7.139213e+03 1.516084e+04 2.2625 3.786638e-01
8.860000e-01 3.049830e+00 2.204560e+00 2.602226e+00 1.059333e+01 7.167008e+03 1.515088e+04 2.26457 3.799858e-01
8.850000e-01 3.049830e+00 2.204839e+00 2.602366e+00 1.059571e+01 7.199868e+03 1.514727e+04 2.26699 3.820397e-01
8.840000e-01 3.049830e+00 2.206294e+00 2.604022e+00 1.060187e+01 7.227219e+03 1.513731e+04 2.26911 3.833426e-01
8.830000e-01 3.049830e+00 2.206557e+00 2.604139e+00 1.060424e+01 7.259644e+03 1.513375e+04 2.27146 3.853696e-01
8.820000e-01 3.049830e+00 2.208024e+00 2.605808e+00 1.061044e+01 7.286488e+03 1.512379e+04 2.27365 3.866533e-01
8.810000e-01 3.049830e+00 2.208283e+00 2.605919e+00 1.061282e+01 7.318653e+03 1.512025e+04 2.27598 3.886673e-01
8.800000e-01 3.049830e+00 2.209763e+00 2.607601e+00 1.061908e+01 7.345334e+03 1.511023e+04 2.27822 3.899456e-01
8.790000e-01 3.049830e+00 2.210031e+00 2.607725e+00 1.062149e+01 7.377369e+03 1.510669e+04 2.28058 3.919562e-01
8.780000e-01 3.049830e+00 2.211517e+00 2.609414e+00 1.062779e+01 7.403896e+03 1.509662e+04 2.28284 3.932261e-01
8.770000e-01 3.049830e+00 2.211791e+00 2.609548e+00 1.063023e+01 7.435734e+03 1.509309e+04 2.2852 3.952275e-01
8.760000e-01 3.049830e+00 2.213282e+00 2.611244e+00 1.063657e+01 7.462027e+03 1.508299e+04 2.28748 3.964862e-01
8.750000e-01 3.049830e+00 2.213557e+00 2.611379e+00 1.063902e+01 7.493594e+03 1.507948e+04 2.28982 3.984724e-01
8.740000e-01 3.049830e+00 2.215053e+00 2.613082e+00 1.064538e+01 7.519533e+03 1.506937e+04 2.29214 3.997156e-01
8.730000e-01 3.049830e+00 2.215321e+00 2.613210e+00 1.064783e+01 7.550784e+03 1.506589e+04 2.29445 4.016831e-01
8.720000e-01 3.049830e+00 2.216827e+00 2.614925e+00 1.065423e+01 7.576415e+03 1.505577e+04 2.29681 4.029145e-01
8.710000e-01 3.049830e+00 2.217096e+00 2.615055e+00 1.065670e+01 7.607437e+03 1.505230e+04 2.29911 4.048702e-01
8.700000e-01 3.049830e+00 2.218609e+00 2.616777e+00 1.066313e+01 7.632794e+03 1.504216e+04 2.30151 4.060896e-01
8.690000e-01 3.049830e+00 2.218874e+00 2.616903e+00 1.066560e+01 7.663546e+03 1.503872e+04 2.30378 4.080301e-01
8.680000e-01 3.049830e+00 2.220395e+00 2.618636e+00 1.067207e+01 7.688593e+03 1.502855e+04 2.30622 4.092369e-01
8.670000e-01 3.049830e+00 2.220654e+00 2.618754e+00 1.067455e+01 7.719080e+03 1.502513e+04 2.30846 4.111624e-01
8.660000e-01 3.049830e+00 2.222183e+00 2.620494e+00 1.068105e+01 7.743725e+03 1.501495e+04 2.31095 4.123517e-01
8.650000e-01 3.049830e+00 2.222424e+00 2.620590e+00 1.068351e+01 7.773837e+03 1.501158e+04 2.31312 4.142544e-01
8.640000e-01 3.049830e+00 2.223967e+00 2.622344e+00 1.069005e+01 7.798057e+03 1.500138e+04 2.31568 4.154276e-01
8.630000e-01 3.049830e+00 2.224205e+00 2.622436e+00 1.069253e+01 7.827976e+03 1.499802e+04 2.31784 4.173216e-01
8.620000e-01 3.049830e+00 2.225760e+00 2.624203e+00 1.069912e+01 7.852069e+03 1.498775e+04 2.32044 4.184904e-01
8.610000e-01 3.049830e+00 2.226006e+00 2.624305e+00 1.070164e+01 7.881880e+03 1.498438e+04 2.32263 4.203819e-01
8.600000e-01 3.049830e+00 2.227568e+00 2.626081e+00 1.070828e+01 7.905834e+03 1.497406e+04 2.32525 4.215431e-01
8.590000e-01 3.049830e+00 2.227819e+00 2.626191e+00 1.071082e+01 7.935483e+03 1.497069e+04 2.32744 4.234275e-01
8.580000e-01 3.049830e+00 2.229386e+00 2.627974e+00 1.071751e+01 7.959235e+03 1.496033e+04 2.33008 4.245789e-01
8.570000e-01 3.049830e+00 2.229636e+00 2.628084e+00 1.072005e+01 7.988653e+03 1.495698e+04 2.33225 4.264505e-01
8.560000e-01 3.049830e+00 2.231210e+00 2.629875e+00 1.072677e+01 8.012091e+03 1.494660e+04 2.33493 4.275880e-01
8.550000e-01 3.049830e+00 2.231453e+00 2.629978e+00 1.072932e+01 8.041257e+03 1.494327e+04 2.33707 4.294454e-01
8.540000e-01 3.049830e+00 2.233037e+00 2.631781e+00 1.073607e+01 8.064448e+03 1.493285e+04 2.33979 4.305733e-01
8.530000e-01 3.049830e+00 2.233281e+00 2.631886e+00 1.073864e+01 8.093421e+03 1.492953e+04 2.34193 4.324208e-01
8.520000e-01 3.049830e+00 2.234872e+00 2.633697e+00 1.074543e+01 8.116354e+03 1.491909e+04 2.34468 4.335372e-01
8.510000e-01 3.049830e+00 2.235109e+00 2.633794e+00 1.074800e+01 8.145100e+03 1.491578e+04 2.34679 4.353723e-01
8.500000e-01 3.049830e+00 2.236711e+00 2.635618e+00 1.075484e+01 8.167757e+03 1.490530e+04 2.34958 4.364771e-01
8.490000e-01 3.049830e+00 2.236938e+00 2.635704e+00 1.075741e+01 8.196247e+03 1.490202e+04 2.35166 4.382977e-01
8.480000e-01 3.049830e+00 2.238548e+00 2.637536e+00 1.076427e+01 8.218509e+03 1.489152e+04 2.3545 4.393853e-01
8.470000e-01 3.049830e+00 2.238757e+00 2.637597e+00 1.076684e+01 8.246674e+03 1.488827e+04 2.35651 4.411865e-01
8.460000e-01 3.049830e+00 2.240384e+00 2.639447e+00 1.077375e+01 8.268627e+03 1.487774e+04 2.35942 4.422632e-01
8.450000e-01 3.049830e+00 2.240595e+00 2.639511e+00 1.077633e+01 8.296677e+03 1.487449e+04 2.36145 4.440615e-01
8.440000e-01 3.049830e+00 2.242231e+00 2.641372e+00 1.078330e+01 8.318526e+03 1.486388e+04 2.36438 4.451332e-01
8.430000e-01 3.049830e+00 2.242448e+00 2.641445e+00 1.078592e+01 8.346473e+03 1.486062e+04 2.36642 4.469287e-01
8.420000e-01 3.049830e+00 2.244135e+00 2.643374e+00 1.079303e+01 8.368145e+03 1.484982e+04 2.36943 4.479830e-01
8.410000e-01 3.049830e+00 2.244328e+00 2.643417e+00 1.079562e+01 8.395974e+03 1.484663e+04 2.37144 4.497780e-01
8.400000e-01 3.049830e+00 2.246005e+00 2.645331e+00 1.080274e+01 8.417447e+03 1.483583e+04 2.37445 4.508260e-01
8.390000e-01 3.049830e+00 2.246192e+00 2.645367e+00 1.080533e+01 8.445057e+03 1.483267e+04 2.37644 4.526089e-01
8.380000e-01 3.049830e+00 2.247878e+00 2.647292e+00 1.081248e+01 8.466249e+03 1.482183e+04 2.37949 4.536447e-01
8.370000e-01 3.049830e+00 2.248062e+00 2.647325e+00 1.081508e+01 8.493675e+03 1.481867e+04 2.38146 4.554182e-01
8.360000e-01 3.049830e+00 2.249757e+00 2.649261e+00 1.082228e+01 8.514667e+03 1.480779e+04 2.38454 4.564455e-01
8.350000e-01 3.049830e+00 2.249937e+00 2.649291e+00 1.082490e+01 8.541910e+03 1.480464e+04 2.38651 4.582097e-01
8.340000e-01 3.049830e+00 2.251642e+00 2.651237e+00 1.083214e+01 8.562656e+03 1.479372e+04 2.38962 4.592258e-01
8.330000e-01 3.049830e+00 2.251813e+00 2.651257e+00 1.083476e+01 8.589701e+03 1.479058e+04 2.39156 4.609797e-01
8.320000e-01 3.049830e+00 2.253529e+00 2.653217e+00 1.084204e+01 8.610168e+03 1.477962e+04 2.39471 4.619835e-01
8.310000e-01 3.049830e+00 2.253683e+00 2.653215e+00 1.084465e+01 8.636937e+03 1.477651e+04 2.3966 4.637214e-01
8.300000e-01 3.049830e+00 2.255412e+00 2.655188e+00 1.085197e+01 8.657021e+03 1.476551e+04 2.39981 4.647087e-01
8.290000e-01 3.049830e+00 2.255553e+00 2.655170e+00 1.085458e+01 8.683567e+03 1.476242e+04 2.40166 4.664351e-01
8.280000e-01 3.049830e+00 2.257298e+00 2.657160e+00 1.086196e+01 8.703482e+03 1.475136e+04 2.40492 4.674167e-01
8.270000e-01 3.049830e+00 2.257444e+00 2.657149e+00 1.086460e+01 8.729954e+03 1.474826e+04 2.4068 4.691426e-01
8.260000e-01 3.049830e+00 2.259196e+00 2.659148e+00 1.087204e+01 8.749754e+03 1.473711e+04 2.41008 4.701177e-01
8.250000e-01 3.049830e+00 2.259346e+00 2.659144e+00 1.087470e+01 8.776118e+03 1.473400e+04 2.41196 4.718401e-01
8.240000e-01 3.049830e+00 2.261106e+00 2.661153e+00 1.088220e+01 8.795773e+03 1.472278e+04 2.41527 4.728075e-01
8.230000e-01 3.049830e+00 2.261253e+00 2.661146e+00 1.088488e+01 8.821986e+03 1.471967e+04 2.41714 4.745229e-01
8.220000e-01 3.049830e+00 2.263022e+00 2.663165e+00 1.089242e+01 8.841401e+03 1.470840e+04 2.42047 4.754785e-01
8.210000e-01 3.049830e+00 2.263161e+00 2.663150e+00 1.089510e+01 8.867419e+03 1.470530e+04 2.42232 4.771835e-01
8.200000e-01 3.049830e+00 2.264941e+00 2.665182e+00 1.090269e+01 8.886619e+03 1.469399e+04 2.42569 4.781300e-01
8.190000e-01 3.049830e+00 2.265078e+00 2.665166e+00 1.090538e+01 8.912497e+03 1.469089e+04 2.42754 4.798288e-01
8.180000e-01 3.049830e+00 2.266866e+00 2.667208e+00 1.091302e+01 8.931489e+03 1.467951e+04 2.43094 4.807652e-01
8.170000e-01 3.049830e+00 2.266994e+00 2.667182e+00 1.091572e+01 8.957194e+03 1.467642e+04 2.43276 4.824554e-01
8.160000e-01 3.049830e+00 2.268795e+00 2.669239e+00 1.092340e+01 8.975948e+03 1.466499e+04 2.4362 4.833810e-01
8.150000e-01 3.049830e+00 2.268912e+00 2.669199e+00 1.092611e+01 9.001447e+03 1.466191e+04 2.43799 4.850602e-01
8.140000e-01 3.049830e+00 2.270722e+00 2.671265e+00 1.093383e+01 9.019866e+03 1.465045e+04 2.44146 4.859703e-01
8.130000e-01 3.049830e+00 2.270819e+00 2.671200e+00 1.093652e+01 9.045100e+03 1.464740e+04 2.4432 4.876345e-01
8.120000e-01 3.049830e+00 2.272646e+00 2.673286e+00 1.094429e+01 9.063256e+03 1.463587e+04 2.44674 4.885345e-01
8.110000e-01 3.049830e+00 2.272741e+00 2.673219e+00 1.094701e+01 9.088400e+03 1.463282e+04 2.44848 4.901972e-01
8.100000e-01 3.049830e+00 2.274580e+00 2.675317e+00 1.095485e+01 9.106449e+03 1.462120e+04 2.45205 4.910915e-01
8.090000e-01 3.049830e+00 2.274678e+00 2.675257e+00 1.095759e+01 9.131503e+03 1.461812e+04 2.4538 4.927522e-01
8.080000e-01 3.049830e+00 2.276525e+00 2.677364e+00 1.096550e+01 9.149422e+03 1.460642e+04 2.45739 4.936393e-01
8.070000e-01 3.049830e+00 2.276622e+00 2.677304e+00 1.096826e+01 9.174365e+03 1.460334e+04 2.45914 4.952960e-01
8.060000e-01 3.049830e+00 2.278478e+00 2.679423e+00 1.097622e+01 9.192098e+03 1.459157e+04 2.46275 4.961732e-01
8.050000e-01 3.049830e+00 2.278565e+00 2.679352e+00 1.097898e+01 9.216863e+03 1.458850e+04 2.46448 4.978208e-01
8.040000e-01 3.049830e+00 2.280433e+00 2.681485e+00 1.098699e+01 9.234370e+03 1.457667e+04 2.46813 4.986875e-01
8.030000e-01 3.049830e+00 2.280515e+00 2.681409e+00 1.098977e+01 9.258999e+03 1.457360e+04 2.46985 5.003294e-01
8.020000e-01 3.049830e+00 2.282394e+00 2.683555e+00 1.099783e+01 9.276326e+03 1.456170e+04 2.47353 5.011872e-01
8.010000e-01 3.049830e+00 2.282469e+00 2.683472e+00 1.100062e+01 9.300809e+03 1.455863e+04 2.47524 5.028223e-01
8.000000e-01 3.049830e+00 2.284359e+00 2.685630e+00 1.100874e+01 9.317912e+03 1.454666e+04 2.47895 5.036695e-01
7.990000e-01 3.049830e+00 2.284423e+00 2.685534e+00 1.101153e+01 9.342224e+03 1.454360e+04 2.48063 5.052962e-01
7.980000e-01 3.049830e+00 2.286366e+00 2.687765e+00 1.101978e+01 9.359013e+03 1.453145e+04 2.48443 5.061189e-01
7.970000e-01 3.049830e+00 2.286382e+00 2.687605e+00 1.102251e+01 9.383097e+03 1.452848e+04 2.48602 5.077380e-01
7.960000e-01 3.049830e+00 2.288326e+00 2.689830e+00 1.103077e+01 9.399585e+03 1.451634e+04 2.48986 5.085517e-01
7.950000e-01 3.049830e+00 2.288334e+00 2.689662e+00 1.103351e+01 9.423546e+03 1.451337e+04 2.49143 5.101669e-01
7.940000e-01 3.049830e+00 2.290291e+00 2.691903e+00 1.104185e+01 9.439922e+03 1.450113e+04 2.49532 5.109753e-01
7.930000e-01 3.049830e+00 2.290300e+00 2.691737e+00 1.104461e+01 9.463803e+03 1.449815e+04 2.4969 5.125896e-01
7.920000e-01 3.049830e+00 2.292268e+00 2.693991e+00 1.105302e+01 9.480050e+03 1.448581e+04 2.50081 5.133904e-01
7.910000e-01 3.049830e+00 2.292274e+00 2.693824e+00 1.105581e+01 9.503838e+03 1.448282e+04 2.5024 5.150022e-01
7.900000e-01 3.049830e+00 2.294252e+00 2.696089e+00 1.106428e+01 9.519920e+03 1.447039e+04 2.50633 5.157937e-01
7.890000e-01 3.049830e+00 2.294250e+00 2.695914e+00 1.106708e+01 9.543554e+03 1.446740e+04 2.50789 5.173984e-01
7.880000e-01 3.049830e+00 2.296239e+00 2.698193e+00 1.107560e+01 9.559413e+03 1.445491e+04 2.51186 5.181789e-01
7.870000e-01 3.049830e+00 2.296228e+00 2.698009e+00 1.107841e+01 9.582915e+03 1.445192e+04 2.51341 5.197783e-01
7.860000e-01 3.049830e+00 2.298230e+00 2.700304e+00 1.108699e+01 9.598603e+03 1.443934e+04 2.51741 5.205501e-01
7.850000e-01 3.049830e+00 2.298211e+00 2.700111e+00 1.108981e+01 9.621975e+03 1.443635e+04 2.51895 5.221442e-01
7.840000e-01 3.049830e+00 2.300225e+00 2.702420e+00 1.109846e+01 9.637450e+03 1.442370e+04 2.52298 5.229052e-01
7.830000e-01 3.049830e+00 2.300194e+00 2.702212e+00 1.110128e+01 9.660666e+03 1.442071e+04 2.52449 5.244923e-01
7.820000e-01 3.049830e+00 2.302220e+00 2.704535e+00 1.110998e+01 9.675882e+03 1.440800e+04 2.52856 5.252403e-01
7.810000e-01 3.049830e+00 2.302166e+00 2.704300e+00 1.111279e+01 9.698871e+03 1.440503e+04 2.53002 5.268153e-01
7.800000e-01 3.049830e+00 2.304208e+00 2.706641e+00 1.112154e+01 9.713773e+03 1.439226e+04 2.53414 5.275488e-01
7.790000e-01 3.049830e+00 2.304143e+00 2.706392e+00 1.112436e+01 9.736626e+03 1.438930e+04 2.53557 5.291192e-01
7.780000e-01 3.049830e+00 2.306201e+00 2.708751e+00 1.113318e+01 9.751403e+03 1.437643e+04 2.53975 5.298468e-01
7.770000e-01 3.049830e+00 2.306133e+00 2.708502e+00 1.113603e+01 9.774182e+03 1.437345e+04 2.54119 5.314168e-01
7.760000e-01 3.049830e+00 2.308202e+00 2.710874e+00 1.114493e+01 9.788825e+03 1.436046e+04 2.54538 5.321362e-01
7.750000e-01 3.049830e+00 2.308132e+00 2.710624e+00 1.114780e+01 9.811518e+03 1.435747e+04 2.54682 5.337045e-01
7.740000e-01 3.049830e+00 2.310212e+00 2.713009e+00 1.115678e+01 9.826002e+03 1.434439e+04 2.55104 5.344147e-01
7.730000e-01 3.049830e+00 2.310130e+00 2.712747e+00 1.115965e+01 9.848555e+03 1.434140e+04 2.55246 5.359771e-01
7.720000e-01 3.049830e+00 2.312223e+00 2.715146e+00 1.116869e+01 9.862820e+03 1.432824e+04 2.55672 5.366757e-01
7.710000e-01 3.049830e+00 2.312131e+00 2.714875e+00 1.117158e+01 9.885252e+03 1.432525e+04 2.55812 5.382337e-01
7.700000e-01 3.049830e+00 2.314237e+00 2.717291e+00 1.118068e+01 9.899349e+03 1.431200e+04 2.56241 5.389233e-01
7.690000e-01 3.049830e+00 2.314135e+00 2.717008e+00 1.118358e+01 9.921662e+03 1.430899e+04 2.56379 5.404770e-01
7.680000e-01 3.049830e+00 2.316254e+00 2.719439e+00 1.119276e+01 9.935552e+03 1.429565e+04 2.56812 5.411554e-01
7.670000e-01 3.049830e+00 2.316137e+00 2.719139e+00 1.119566e+01 9.957714e+03 1.429265e+04 2.56947 5.427028e-01
7.660000e-01 3.049830e+00 2.318270e+00 2.721586e+00 1.120489e+01 9.971351e+03 1.427924e+04 2.57384 5.433679e-01
7.650000e-01 3.049830e+00 2.318128e+00 2.721255e+00 1.120778e+01 9.993298e+03 1.427626e+04 2.57513 5.449043e-01
7.640000e-01 3.049830e+00 2.320278e+00 2.723721e+00 1.121706e+01 1.000663e+04 1.426279e+04 2.57955 5.455548e-01
7.630000e-01 3.049830e+00 2.320124e+00 2.723377e+00 1.121996e+01 1.002846e+04 1.425980e+04 2.58082 5.470878e-01
7.620000e-01 3.049830e+00 2.322330e+00 2.725918e+00 1.122942e+01 1.004163e+04 1.424608e+04 2.58533 5.477203e-01
7.610000e-01 3.049830e+00 2.322148e+00 2.725536e+00 1.123229e+01 1.006340e+04 1.424315e+04 2.58657 5.492593e-01
7.600000e-01 3.049830e+00 2.324351e+00 2.728071e+00 1.124181e+01 1.007646e+04 1.422936e+04 2.59109 5.498877e-01
7.590000e-01 3.049830e+00 2.324160e+00 2.727681e+00 1.124469e+01 1.009815e+04 1.422642e+04 2.59233 5.514259e-01
7.580000e-01 3.049830e+00 2.326375e+00 2.730230e+00 1.125429e+01 1.011102e+04 1.421252e+04 2.59687 5.520436e-01
7.570000e-01 3.049830e+00 2.326174e+00 2.729830e+00 1.125718e+01 1.013258e+04 1.420957e+04 2.59809 5.535764e-01
7.560000e-01 3.049830e+00 2.328400e+00 2.732392e+00 1.126684e+01 1.014525e+04 1.419558e+04 2.60266 5.541826e-01
7.550000e-01 3.049830e+00 2.328186e+00 2.731977e+00 1.126974e+01 1.016669e+04 1.419263e+04 2.60386 5.557124e-01
7.540000e-01 3.049830e+00 2.330429e+00 2.734559e+00 1.127949e+01 1.017920e+04 1.417853e+04 2.60848 5.563087e-01
7.530000e-01 3.049830e+00 2.330201e+00 2.734131e+00 1.128240e+01 1.020053e+04 1.417557e+04 2.60965 5.578348e-01
7.520000e-01 3.049830e+00 2.332457e+00 2.736728e+00 1.129221e+01 1.021281e+04 1.416137e+04 2.6143 5.584187e-01
7.510000e-01 3.049830e+00 2.332211e+00 2.736278e+00 1.129513e+01 1.023400e+04 1.415842e+04 2.61543 5.599390e-01
7.500000e-01 3.049830e+00 2.334482e+00 2.738893e+00 1.130500e+01 1.024602e+04 1.414413e+04 2.62012 5.605085e-01
7.490000e-01 3.049830e+00 2.334207e+00 2.738407e+00 1.130790e+01 1.026699e+04 1.414120e+04 2.62119 5.620186e-01
7.480000e-01 3.049830e+00 2.336497e+00 2.741043e+00 1.131784e+01 1.027875e+04 1.412683e+04 2.62593 5.625743e-01
7.470000e-01 3.049830e+00 2.336211e+00 2.740545e+00 1.132075e+01 1.029963e+04 1.412388e+04 2.62699 5.640837e-01
7.460000e-01 3.049830e+00 2.338517e+00 2.743201e+00 1.133079e+01 1.031126e+04 1.410937e+04 2.63177 5.646317e-01
7.450000e-01 3.049830e+00 2.338221e+00 2.742693e+00 1.133372e+01 1.033207e+04 1.410641e+04 2.63282 5.661406e-01
7.440000e-01 3.049830e+00 2.340541e+00 2.745364e+00 1.134386e+01 1.034355e+04 1.409176e+04 2.63762 5.666783e-01
7.430000e-01 3.049830e+00 2.340237e+00 2.744849e+00 1.134680e+01 1.036427e+04 1.408877e+04 2.63866 5.681859e-01
7.420000e-01 3.049830e+00 2.342568e+00 2.747534e+00 1.135702e+01 1.037557e+04 1.407401e+04 2.64349 5.687119e-01
7.410000e-01 3.049830e+00 2.342245e+00 2.746998e+00 1.135997e+01 1.039616e+04 1.407103e+04 2.6445 5.702147e-01
7.400000e-01 3.049830e+00 2.344593e+00 2.749702e+00 1.137027e+01 1.040726e+04 1.405615e+04 2.64936 5.707286e-01
7.390000e-01 3.049830e+00 2.344258e+00 2.749153e+00 1.137323e+01 1.042775e+04 1.405315e+04 2.65035 5.722296e-01
7.380000e-01 3.049830e+00 2.346620e+00 2.751875e+00 1.138361e+01 1.043868e+04 1.403814e+04 2.65525 5.727326e-01
7.370000e-01 3.049830e+00 2.346266e+00 2.751304e+00 1.138658e+01 1.045905e+04 1.403513e+04 2.6562 5.742297e-01
7.360000e-01 3.049830e+00 2.348644e+00 2.754045e+00 1.139704e+01 1.046975e+04 1.402002e+04 2.66113 5.747189e-01
7.350000e-01 3.049830e+00 2.348266e+00 2.753446e+00 1.140000e+01 1.048996e+04 1.401701e+04 2.66204 5.762097e-01
7.340000e-01 3.049830e+00 2.350699e+00 2.756259e+00 1.141062e+01 1.050034e+04 1.400169e+04 2.66705 5.766708e-01
7.330000e-01 3.049830e+00 2.350270e+00 2.755594e+00 1.141351e+01 1.052039e+04 1.399876e+04 2.66787 5.781599e-01
7.320000e-01 3.049830e+00 2.352708e+00 2.758409e+00 1.142418e+01 1.053058e+04 1.398337e+04 2.67292 5.786151e-01
7.310000e-01 3.049830e+00 2.352268e+00 2.757733e+00 1.142710e+01 1.055056e+04 1.398043e+04 2.67373 5.801059e-01
7.300000e-01 3.049830e+00 2.354720e+00 2.760565e+00 1.143787e+01 1.056060e+04 1.396488e+04 2.67881 5.805503e-01
7.290000e-01 3.049830e+00 2.354269e+00 2.759878e+00 1.144080e+01 1.058050e+04 1.396192e+04 2.67961 5.820410e-01
7.280000e-01 3.049830e+00 2.354435e+00 2.759870e+00 1.144487e+01 1.059844e+04 1.395729e+04 2.68211 5.834894e-01
7.270000e-01 3.049830e+00 2.357735e+00 2.763798e+00 1.145860e+01 1.060517e+04 1.393687e+04 2.68767 5.834328e-01
7.260000e-01 3.049830e+00 2.357257e+00 2.763082e+00 1.146155e+01 1.062491e+04 1.393389e+04 2.68842 5.849182e-01
7.250000e-01 3.049830e+00 2.357404e+00 2.763051e+00 1.146564e+01 1.064265e+04 1.392922e+04 2.69088 5.863595e-01
7.240000e-01 3.049830e+00 2.360751e+00 2.767038e+00 1.147957e+01 1.064905e+04 1.390852e+04 2.69653 5.862777e-01
7.230000e-01 3.049830e+00 2.360246e+00 2.766292e+00 1.148253e+01 1.066864e+04 1.390551e+04 2.69724 5.877608e-01
7.220000e-01 3.049830e+00 2.360369e+00 2.766234e+00 1.148664e+01 1.068621e+04 1.390082e+04 2.69966 5.891974e-01
7.210000e-01 3.049830e+00 2.363761e+00 2.770275e+00 1.150076e+01 1.069223e+04 1.387984e+04 2.7054 5.890878e-01
7.200000e-01 3.049830e+00 2.363221e+00 2.769489e+00 1.150372e+01 1.071160e+04 1.387683e+04 2.70604 5.905635e-01
7.190000e-01 3.049830e+00 2.363310e+00 2.769389e+00 1.150782e+01 1.072892e+04 1.387212e+04 2.70839 5.919889e-01
7.180000e-01 3.049830e+00 2.366749e+00 2.773486e+00 1.152211e+01 1.073445e+04 1.385093e+04 2.71424 5.918489e-01
7.170000e-01 3.049830e+00 2.366169e+00 2.772650e+00 1.152506e+01 1.075361e+04 1.384792e+04 2.7148 5.933179e-01
7.160000e-01 3.049830e+00 2.366248e+00 2.772540e+00 1.152920e+01 1.077073e+04 1.384317e+04 2.71716 5.947396e-01
7.150000e-01 3.049830e+00 2.369766e+00 2.776739e+00 1.154380e+01 1.077596e+04 1.382155e+04 2.72313 5.945658e-01
7.140000e-01 3.049830e+00 2.369146e+00 2.775856e+00 1.154673e+01 1.079502e+04 1.381857e+04 2.72364 5.960421e-01
7.130000e-01 3.049830e+00 2.369196e+00 2.775712e+00 1.155089e+01 1.081202e+04 1.381381e+04 2.72597 5.974648e-01
7.120000e-01 3.049830e+00 2.372747e+00 2.779950e+00 1.156570e+01 1.081692e+04 1.379189e+04 2.732 5.972664e-01
7.110000e-01 3.049830e+00 2.372096e+00 2.779034e+00 1.156864e+01 1.083582e+04 1.378890e+04 2.73246 5.987394e-01
7.100000e-01 3.049830e+00 2.372121e+00 2.778860e+00 1.157281e+01 1.085262e+04 1.378411e+04 2.73474 6.001566e-01
7.090000e-01 3.049830e+00 2.375720e+00 2.783158e+00 1.158784e+01 1.085717e+04 1.376189e+04 2.74087 5.999315e-01
7.080000e-01 3.049830e+00 2.375037e+00 2.782207e+00 1.159079e+01 1.087592e+04 1.375888e+04 2.74128 6.014033e-01
7.070000e-01 3.049830e+00 2.375036e+00 2.782003e+00 1.159499e+01 1.089256e+04 1.375406e+04 2.74352 6.028165e-01
7.060000e-01 3.049830e+00 2.378682e+00 2.786359e+00 1.161024e+01 1.089671e+04 1.373154e+04 2.74974 6.025608e-01
7.050000e-01 3.049830e+00 2.377959e+00 2.785360e+00 1.161319e+01 1.091525e+04 1.372854e+04 2.75007 6.040259e-01
7.040000e-01 3.049830e+00 2.377920e+00 2.785110e+00 1.161738e+01 1.093163e+04 1.372371e+04 2.75223 6.054286e-01
7.030000e-01 3.049830e+00 2.381618e+00 2.789528e+00 1.163281e+01 1.093529e+04 1.370096e+04 2.75856 6.051404e-01
7.020000e-01 3.049830e+00 2.380852e+00 2.788479e+00 1.163575e+01 1.095362e+04 1.369794e+04 2.75882 6.066011e-01
7.010000e-01 3.049830e+00 2.380798e+00 2.788212e+00 1.163998e+01 1.096982e+04 1.369307e+04 2.76098 6.080012e-01
7.000000e-01 3.049830e+00 2.384542e+00 2.792685e+00 1.165566e+01 1.097319e+04 1.366996e+04 2.76739 6.076874e-01
6.990000e-01 3.049830e+00 2.383748e+00 2.791608e+00 1.165863e+01 1.099141e+04 1.366692e+04 2.7676 6.091496e-01
6.980000e-01 3.049830e+00 2.383665e+00 2.791309e+00 1.166289e+01 1.100747e+04 1.366200e+04 2.76972 6.105487e-01
6.970000e-01 3.049830e+00 2.387490e+00 2.795888e+00 1.167891e+01 1.101044e+04 1.363840e+04 2.77624 6.101908e-01
6.960000e-01 3.049830e+00 2.388444e+00 2.796913e+00 1.168666e+01 1.102271e+04 1.362784e+04 2.77915 6.110231e-01
6.950000e-01 3.049830e+00 2.389410e+00 2.797961e+00 1.169448e+01 1.103491e+04 1.361722e+04 2.78208 6.118484e-01
6.940000e-01 3.049830e+00 2.390375e+00 2.799006e+00 1.170232e+01 1.104703e+04 1.360655e+04 2.785 6.126700e-01
6.930000e-01 3.049830e+00 2.391337e+00 2.800050e+00 1.171020e+01 1.105907e+04 1.359583e+04 2.78792 6.134869e-01
6.920000e-01 3.049830e+00 2.392297e+00 2.801091e+00 1.171810e+01 1.107102e+04 1.358507e+04 2.79084 6.142989e-01
6.910000e-01 3.049830e+00 2.393254e+00 2.802128e+00 1.172602e+01 1.108288e+04 1.357427e+04 2.79375 6.151057e-01
6.900000e-01 3.049830e+00 2.394205e+00 2.803158e+00 1.173396e+01 1.109461e+04 1.356344e+04 2.79665 6.159055e-01
6.890000e-01 3.049830e+00 2.395152e+00 2.804182e+00 1.174192e+01 1.110622e+04 1.355259e+04 2.79953 6.166991e-01
6.880000e-01 3.049830e+00 2.396095e+00 2.805202e+00 1.174990e+01 1.111776e+04 1.354169e+04 2.80241 6.174887e-01
6.870000e-01 3.049830e+00 2.397037e+00 2.806221e+00 1.175793e+01 1.112924e+04 1.353072e+04 2.80529 6.182755e-01
6.860000e-01 3.049830e+00 2.398013e+00 2.807290e+00 1.176609e+01 1.114061e+04 1.351957e+04 2.80821 6.190461e-01
6.850000e-01 3.049830e+00 2.398953e+00 2.808309e+00 1.177420e+01 1.115196e+04 1.350847e+04 2.81108 6.198247e-01
6.840000e-01 3.049830e+00 2.399890e+00 2.809324e+00 1.178235e+01 1.116324e+04 1.349732e+04 2.81395 6.205998e-01
6.830000e-01 3.049830e+00 2.400824e+00 2.810338e+00 1.179052e+01 1.117444e+04 1.348612e+04 2.81681 6.213701e-01
6.820000e-01 3.049830e+00 2.401755e+00 2.811347e+00 1.179873e+01 1.118554e+04 1.347488e+04 2.81967 6.221353e-01
6.810000e-01 3.049830e+00 2.402682e+00 2.812353e+00 1.180697e+01 1.119657e+04 1.346358e+04 2.82251 6.228959e-01
6.800000e-01 3.049830e+00 2.403608e+00 2.813358e+00 1.181524e+01 1.120753e+04 1.345222e+04 2.82536 6.236532e-01
6.790000e-01 3.049830e+00 2.404532e+00 2.814362e+00 1.182356e+01 1.121841e+04 1.344081e+04 2.8282 6.244058e-01
6.780000e-01 3.049830e+00 2.405451e+00 2.815360e+00 1.183190e+01 1.122919e+04 1.342935e+04 2.83103 6.251531e-01
6.770000e-01 3.049830e+00 2.406367e+00 2.816356e+00 1.184027e+01 1.123988e+04 1.341786e+04 2.83385 6.258951e-01
6.760000e-01 3.049830e+00 2.407279e+00 2.817346e+00 1.184867e+01 1.125046e+04 1.340633e+04 2.83666 6.266309e-01
6.750000e-01 3.049830e+00 2.408184e+00 2.818329e+00 1.185708e+01 1.126090e+04 1.339478e+04 2.83946 6.273602e-01
6.740000e-01 3.049830e+00 2.409086e+00 2.819307e+00 1.186551e+01 1.127126e+04 1.338318e+04 2.84225 6.280845e-01
6.730000e-01 3.049830e+00 2.409984e+00 2.820282e+00 1.187400e+01 1.128155e+04 1.337151e+04 2.84504 6.288054e-01
6.720000e-01 3.049830e+00 2.410879e+00 2.821254e+00 1.188252e+01 1.129177e+04 1.335978e+04 2.84782 6.295222e-01
6.710000e-01 3.049830e+00 2.411773e+00 2.822226e+00 1.189109e+01 1.130193e+04 1.334798e+04 2.8506 6.302351e-01
6.700000e-01 3.049830e+00 2.412664e+00 2.823194e+00 1.189971e+01 1.131201e+04 1.333612e+04 2.85336 6.309437e-01
6.690000e-01 3.049830e+00 2.413550e+00 2.824157e+00 1.190836e+01 1.132201e+04 1.332419e+04 2.85612 6.316469e-01
6.680000e-01 3.049830e+00 2.414432e+00 2.825117e+00 1.191704e+01 1.133192e+04 1.331221e+04 2.85886 6.323447e-01
6.670000e-01 3.049830e+00 2.415310e+00 2.826072e+00 1.192575e+01 1.134174e+04 1.330017e+04 2.86159 6.330375e-01
6.660000e-01 3.049830e+00 2.416217e+00 2.827072e+00 1.193460e+01 1.135144e+04 1.328795e+04 2.86436 6.337139e-01
6.650000e-01 3.049830e+00 2.417089e+00 2.828022e+00 1.194340e+01 1.136111e+04 1.327577e+04 2.86707 6.343968e-01
6.640000e-01 3.049830e+00 2.417955e+00 2.828965e+00 1.195223e+01 1.137069e+04 1.326354e+04 2.86977 6.350744e-01
6.630000e-01 3.049830e+00 2.418815e+00 2.829902e+00 1.196109e+01 1.138017e+04 1.325127e+04 2.87246 6.357461e-01
6.620000e-01 3.049830e+00 2.419670e+00 2.830832e+00 1.196997e+01 1.138954e+04 1.323895e+04 2.87513 6.364113e-01
6.610000e-01 3.049830e+00 2.420517e+00 2.831753e+00 1.197888e+01 1.139878e+04 1.322660e+04 2.87778 6.370693e-01
6.600000e-01 3.049830e+00 2.421359e+00 2.832667e+00 1.198781e+01 1.140792e+04 1.321421e+04 2.88042 6.377216e-01
6.590000e-01 3.049830e+00 2.422196e+00 2.833577e+00 1.199679e+01 1.141700e+04 1.320173e+04 2.88305 6.383701e-01
6.580000e-01 3.049830e+00 2.423029e+00 2.834482e+00 1.200582e+01 1.142600e+04 1.318918e+04 2.88567 6.390138e-01
6.570000e-01 3.049830e+00 2.423860e+00 2.835386e+00 1.201489e+01 1.143493e+04 1.317656e+04 2.88828 6.396533e-01
6.560000e-01 3.049830e+00 2.424686e+00 2.836286e+00 1.202402e+01 1.144379e+04 1.316386e+04 2.89087 6.402879e-01
6.550000e-01 3.049830e+00 2.425506e+00 2.837180e+00 1.203318e+01 1.145254e+04 1.315110e+04 2.89346 6.409169e-01
6.540000e-01 3.049830e+00 2.426322e+00 2.838069e+00 1.204238e+01 1.146121e+04 1.313829e+04 2.89603 6.415403e-01
6.530000e-01 3.049830e+00 2.427134e+00 2.838955e+00 1.205162e+01 1.146980e+04 1.312541e+04 2.89859 6.421587e-01
6.520000e-01 3.049830e+00 2.427940e+00 2.839834e+00 1.206091e+01 1.147829e+04 1.311246e+04 2.90114 6.427723e-01
6.510000e-01 3.049830e+00 2.428742e+00 2.840711e+00 1.207025e+01 1.148671e+04 1.309945e+04 2.90367 6.433805e-01
6.500000e-01 3.049830e+00 2.429538e+00 2.841581e+00 1.207962e+01 1.149503e+04 1.308638e+04 2.90619 6.439828e-01
6.490000e-01 3.049830e+00 2.430328e+00 2.842444e+00 1.208903e+01 1.150324e+04 1.307325e+04 2.9087 6.445789e-01
6.480000e-01 3.049830e+00 2.431143e+00 2.843345e+00 1.209855e+01 1.151128e+04 1.305998e+04 2.91122 6.451561e-01
6.470000e-01 3.049830e+00 2.431919e+00 2.844191e+00 1.210800e+01 1.151925e+04 1.304677e+04 2.91369 6.457374e-01
6.460000e-01 3.049830e+00 2.432688e+00 2.845029e+00 1.211750e+01 1.152713e+04 1.303351e+04 2.91613 6.463136e-01
6.450000e-01 3.049830e+00 2.433451e+00 2.845862e+00 1.212704e+01 1.153493e+04 1.302016e+04 2.91857 6.468851e-01
6.440000e-01 3.049830e+00 2.434209e+00 2.846689e+00 1.213665e+01 1.154265e+04 1.300674e+04 2.92099 6.474514e-01
6.430000e-01 3.049830e+00 2.434961e+00 2.847510e+00 1.214630e+01 1.155030e+04 1.299323e+04 2.92339 6.480123e-01
6.420000e-01 3.049830e+00 2.435707e+00 2.848327e+00 1.215600e+01 1.155786e+04 1.297963e+04 2.92577 6.485677e-01
6.410000e-01 3.049830e+00 2.436447e+00 2.849134e+00 1.216575e+01 1.156532e+04 1.296597e+04 2.92814 6.491164e-01
6.400000e-01 3.049830e+00 2.437179e+00 2.849935e+00 1.217553e+01 1.157269e+04 1.295224e+04 2.93048 6.496588e-01
6.390000e-01 3.049830e+00 2.437905e+00 2.850729e+00 1.218536e+01 1.157997e+04 1.293843e+04 2.9328 6.501952e-01
6.380000e-01 3.049830e+00 2.438623e+00 2.851515e+00 1.219525e+01 1.158717e+04 1.292454e+04 2.9351 6.507261e-01
6.370000e-01 3.049830e+00 2.439336e+00 2.852295e+00 1.220518e+01 1.159427e+04 1.291058e+04 2.93738 6.512504e-01
6.360000e-01 3.049830e+00 2.440041e+00 2.853067e+00 1.221516e+01 1.160127e+04 1.289655e+04 2.93964 6.517682e-01
6.350000e-01 3.049830e+00 2.440739e+00 2.853831e+00 1.222516e+01 1.160816e+04 1.288247e+04 2.94188 6.522794e-01
6.340000e-01 3.049830e+00 2.441428e+00 2.854585e+00 1.223520e+01 1.161493e+04 1.286835e+04 2.9441 6.527827e-01
6.330000e-01 3.049830e+00 2.442107e+00 2.855326e+00 1.224526e+01 1.162157e+04 1.285419e+04 2.94629 6.532788e-01
6.320000e-01 3.049830e+00 2.442810e+00 2.856103e+00 1.225546e+01 1.162808e+04 1.283983e+04 2.9485 6.537577e-01
6.310000e-01 3.049830e+00 2.443476e+00 2.856832e+00 1.226564e+01 1.163456e+04 1.282548e+04 2.95065 6.542420e-01
6.300000e-01 3.049830e+00 2.444135e+00 2.857552e+00 1.227588e+01 1.164095e+04 1.281104e+04 2.95278 6.547206e-01
6.290000e-01 3.049830e+00 2.444786e+00 2.858264e+00 1.228617e+01 1.164725e+04 1.279651e+04 2.95488 6.551929e-01
6.280000e-01 3.049830e+00 2.445428e+00 2.858967e+00 1.229651e+01 1.165347e+04 1.278190e+04 2.95696 6.556583e-01
6.270000e-01 3.049830e+00 2.446061e+00 2.859660e+00 1.230690e+01 1.165958e+04 1.276720e+04 2.959 6.561162e-01
6.260000e-01 3.049830e+00 2.446685e+00 2.860343e+00 1.231734e+01 1.166559e+04 1.275243e+04 2.96102 6.565669e-01
6.250000e-01 3.049830e+00 2.447301e+00 2.861016e+00 1.232783e+01 1.167152e+04 1.273756e+04 2.96301 6.570112e-01
6.240000e-01 3.049830e+00 2.447908e+00 2.861682e+00 1.233838e+01 1.167735e+04 1.272260e+04 2.96497 6.574486e-01
6.230000e-01 3.049830e+00 2.448508e+00 2.862339e+00 1.234898e+01 1.168307e+04 1.270758e+04 2.96691 6.578789e-01
6.220000e-01 3.049830e+00 2.449097e+00 2.862985e+00 1.235962e+01 1.168869e+04 1.269249e+04 2.96882 6.583018e-01
6.210000e-01 3.049830e+00 2.449679e+00 2.863622e+00 1.237029e+01 1.169418e+04 1.267735e+04 2.97071 6.587174e-01
6.200000e-01 3.049830e+00 2.450250e+00 2.864247e+00 1.238100e+01 1.169955e+04 1.266217e+04 2.97257 6.591251e-01
6.190000e-01 3.049830e+00 2.450813e+00 2.864861e+00 1.239176e+01 1.170481e+04 1.264693e+04 2.97441 6.595266e-01
6.180000e-01 3.049830e+00 2.451395e+00 2.865507e+00 1.240266e+01 1.170994e+04 1.263146e+04 2.97625 6.599100e-01
6.170000e-01 3.049830e+00 2.451941e+00 2.866105e+00 1.241356e+01 1.171502e+04 1.261600e+04 2.97803 6.602976e-01
6.160000e-01 3.049830e+00 2.452476e+00 2.866691e+00 1.242452e+01 1.172001e+04 1.260044e+04 2.97978 6.606786e-01
6.150000e-01 3.049830e+00 2.453003e+00 2.867269e+00 1.243554e+01 1.172491e+04 1.258479e+04 2.9815 6.610524e-01
6.140000e-01 3.049830e+00 2.453519e+00 2.867835e+00 1.244661e+01 1.172969e+04 1.256906e+04 2.98319 6.614183e-01
6.130000e-01 3.049830e+00 2.454026e+00 2.868391e+00 1.245773e+01 1.173437e+04 1.255325e+04 2.98485 6.617768e-01
6.120000e-01 3.049830e+00 2.454523e+00 2.868937e+00 1.246893e+01 1.173896e+04 1.253734e+04 2.98648 6.621287e-01
6.110000e-01 3.049830e+00 2.455011e+00 2.869474e+00 1.248018e+01 1.174344e+04 1.252134e+04 2.98808 6.624733e-01
6.100000e-01 3.049830e+00 2.455489e+00 2.870001e+00 1.249149e+01 1.174782e+04 1.250526e+04 2.98965 6.628102e-01
6.090000e-01 3.049830e+00 2.455957e+00 2.870515e+00 1.250285e+01 1.175208e+04 1.248911e+04 2.99119 6.631389e-01
6.080000e-01 3.049830e+00 2.456412e+00 2.871015e+00 1.251425e+01 1.175623e+04 1.247289e+04 2.99269 6.634589e-01
6.070000e-01 3.049830e+00 2.456855e+00 2.871500e+00 1.252568e+01 1.176025e+04 1.245662e+04 2.99414 6.637697e-01
6.060000e-01 3.049830e+00 2.457285e+00 2.871969e+00 1.253717e+01 1.176416e+04 1.244027e+04 2.99556 6.640721e-01
6.050000e-01 3.049830e+00 2.457731e+00 2.872465e+00 1.254881e+01 1.176791e+04 1.242369e+04 2.99697 6.643553e-01
6.040000e-01 3.049830e+00 2.458140e+00 2.872911e+00 1.256044e+01 1.177162e+04 1.240710e+04 2.99831 6.646414e-01
6.030000e-01 3.049830e+00 2.458536e+00 2.873345e+00 1.257215e+01 1.177524e+04 1.239040e+04 2.99962 6.649201e-01
6.020000e-01 3.049830e+00 2.458922e+00 2.873769e+00 1.258392e+01 1.177875e+04 1.237360e+04 3.00088 6.651908e-01
6.010000e-01 3.049830e+00 2.459297e+00 2.874179e+00 1.259576e+01 1.178214e+04 1.235672e+04 3.00212 6.654530e-01
6.000000e-01 3.049830e+00 2.459660e+00 2.874577e+00 1.260766e+01 1.178543e+04 1.233975e+04 3.00331 6.657073e-01
5.990000e-01 3.049830e+00 2.460013e+00 2.874965e+00 1.261963e+01 1.178862e+04 1.232268e+04 3.00448 6.659544e-01
5.980000e-01 3.049830e+00 2.460355e+00 2.875341e+00 1.263168e+01 1.179169e+04 1.230551e+04 3.00561 6.661934e-01
5.970000e-01 3.049830e+00 2.460685e+00 2.875705e+00 1.264380e+01 1.179466e+04 1.228825e+04 3.0067 6.664236e-01
5.960000e-01 3.049830e+00 2.461004e+00 2.876056e+00 1.265596e+01 1.179750e+04 1.227092e+04 3.00776 6.666458e-01
5.950000e-01 3.049830e+00 2.461312e+00 2.876395e+00 1.266818e+01 1.180022e+04 1.225353e+04 3.00878 6.668594e-01
5.940000e-01 3.049830e+00 2.461607e+00 2.876718e+00 1.268043e+01 1.180282e+04 1.223609e+04 3.00976 6.670640e-01
5.930000e-01 3.049830e+00 2.461916e+00 2.877064e+00 1.269283e+01 1.180524e+04 1.221846e+04 3.01074 6.672494e-01
5.920000e-01 3.049830e+00 2.462188e+00 2.877362e+00 1.270524e+01 1.180762e+04 1.220081e+04 3.01164 6.674375e-01
5.910000e-01 3.049830e+00 2.462444e+00 2.877642e+00 1.271773e+01 1.180988e+04 1.218304e+04 3.0125 6.676165e-01
5.900000e-01 3.049830e+00 2.462686e+00 2.877907e+00 1.273030e+01 1.181204e+04 1.216515e+04 3.01331 6.677864e-01
5.890000e-01 3.049830e+00 2.462916e+00 2.878160e+00 1.274295e+01 1.181410e+04 1.214715e+04 3.01407 6.679470e-01
5.880000e-01 3.049830e+00 2.463132e+00 2.878397e+00 1.275566e+01 1.181603e+04 1.212905e+04 3.01479 6.680979e-01
5.870000e-01 3.049830e+00 2.463333e+00 2.878616e+00 1.276845e+01 1.181785e+04 1.211085e+04 3.01545 6.682387e-01
5.860000e-01 3.049830e+00 2.463521e+00 2.878822e+00 1.278133e+01 1.181956e+04 1.209252e+04 3.01607 6.683711e-01
5.850000e-01 3.049830e+00 2.463697e+00 2.879015e+00 1.279428e+01 1.182116e+04 1.207410e+04 3.01665 6.684944e-01
5.840000e-01 3.049830e+00 2.463859e+00 2.879194e+00 1.280730e+01 1.182263e+04 1.205558e+04 3.01719 6.686083e-01
5.830000e-01 3.049830e+00 2.464011e+00 2.879362e+00 1.282039e+01 1.182399e+04 1.203700e+04 3.01769 6.687145e-01
5.820000e-01 3.049830e+00 2.464177e+00 2.879552e+00 1.283362e+01 1.182515e+04 1.201827e+04 3.01819 6.688006e-01
5.810000e-01 3.049830e+00 2.464305e+00 2.879690e+00 1.284681e+01 1.182624e+04 1.199958e+04 3.01862 6.688886e-01
5.800000e-01 3.049830e+00 2.464420e+00 2.879815e+00 1.286008e+01 1.182723e+04 1.198080e+04 3.01902 6.689695e-01
5.790000e-01 3.049830e+00 2.464522e+00 2.879928e+00 1.287346e+01 1.182811e+04 1.196190e+04 3.01937 6.690419e-01
5.780000e-01 3.049830e+00 2.464607e+00 2.880020e+00 1.288693e+01 1.182886e+04 1.194286e+04 3.01966 6.691034e-01
5.770000e-01 3.049830e+00 2.464679e+00 2.880098e+00 1.290049e+01 1.182950e+04 1.192369e+04 3.01991 6.691551e-01
5.760000e-01 3.049830e+00 2.464736e+00 2.880161e+00 1.291413e+01 1.183002e+04 1.190442e+04 3.0201 6.691969e-01
5.750000e-01 3.049830e+00 2.464776e+00 2.880203e+00 1.292786e+01 1.183042e+04 1.188504e+04 3.02024 6.692274e-01
5.740000e-01 3.049830e+00 2.464800e+00 2.880230e+00 1.294167e+01 1.183071e+04 1.186554e+04 3.02032 6.692478e-01
5.730000e-01 3.049830e+00 2.464811e+00 2.880241e+00 1.295558e+01 1.183088e+04 1.184592e+04 3.02035 6.692587e-01
5.720000e-01 3.049830e+00 2.464807e+00 2.880236e+00 1.296958e+01 1.183092e+04 1.182620e+04 3.02033 6.692593e-01
5.722693e-01 3.049830e+00 2.464208e+00 2.879569e+00 1.296415e+01 1.183280e+04 1.183369e+04 3.01928 6.694594e-01
