1.000000e+00 3.099000e+00 2.109226e+00 2.497335e+00 1.012634e+01 0.000000e+00 1.641754e+04 0 0.000000e+00
9.990000e-01 3.099000e+00 2.115266e+00 2.510795e+00 1.014339e+01 6.763149e+02 1.630865e+04 2.02583 3.484241e-02
9.980000e-01 3.099000e+00 2.115180e+00 2.510371e+00 1.014459e+01 9.564130e+02 1.626977e+04 2.12389 5.166186e-02
9.970000e-01 3.099000e+00 2.116247e+00 2.511532e+00 1.014931e+01 1.167410e+03 1.623796e+04 2.03152 6.025571e-02
9.960000e-01 3.099000e+00 2.116417e+00 2.511448e+00 1.015103e+01 1.352454e+03 1.621261e+04 2.07489 7.128571e-02
9.950000e-01 3.099000e+00 2.117565e+00 2.512715e+00 1.015586e+01 1.511409e+03 1.618756e+04 2.03497 7.804659e-02
9.940000e-01 3.099000e+00 2.117858e+00 2.512822e+00 1.015770e+01 1.661671e+03 1.616739e+04 2.06493 8.704521e-02
9.930000e-01 3.099000e+00 2.118955e+00 2.514055e+00 1.016239e+01 1.795778e+03 1.614590e+04 2.03846 9.276795e-02
9.920000e-01 3.099000e+00 2.119308e+00 2.514263e+00 1.016430e+01 1.924780e+03 1.612887e+04 2.06105 1.005004e-01
9.910000e-01 3.099000e+00 2.120378e+00 2.515478e+00 1.016891e+01 2.042048e+03 1.610975e+04 2.04195 1.055292e-01
9.900000e-01 3.099000e+00 2.121108e+00 2.516225e+00 1.017218e+01 2.154766e+03 1.609315e+04 2.04374 1.113750e-01
9.890000e-01 3.099000e+00 2.121829e+00 2.516962e+00 1.017543e+01 2.261619e+03 1.607739e+04 2.0455 1.169193e-01
9.880000e-01 3.099000e+00 2.122549e+00 2.517698e+00 1.017869e+01 2.363233e+03 1.606236e+04 2.04727 1.221948e-01
9.870000e-01 3.099000e+00 2.123267e+00 2.518431e+00 1.018195e+01 2.460228e+03 1.604795e+04 2.04903 1.272337e-01
9.860000e-01 3.099000e+00 2.123985e+00 2.519162e+00 1.018521e+01 2.553415e+03 1.603407e+04 2.0508 1.320779e-01
9.850000e-01 3.099000e+00 2.124705e+00 2.519896e+00 1.018849e+01 2.643376e+03 1.602062e+04 2.05259 1.367573e-01
9.840000e-01 3.099000e+00 2.125427e+00 2.520634e+00 1.019179e+01 2.730408e+03 1.600757e+04 2.05438 1.412870e-01
9.830000e-01 3.099000e+00 2.126151e+00 2.521372e+00 1.019508e+01 2.814605e+03 1.599490e+04 2.05617 1.456717e-01
9.820000e-01 3.099000e+00 2.126873e+00 2.522108e+00 1.019839e+01 2.896117e+03 1.598259e+04 2.05796 1.499192e-01
9.810000e-01 3.099000e+00 2.127595e+00 2.522843e+00 1.020170e+01 2.975290e+03 1.597058e+04 2.05976 1.540475e-01
9.800000e-01 3.099000e+00 2.128317e+00 2.523575e+00 1.020502e+01 3.052217e+03 1.595887e+04 2.06156 1.580612e-01
9.790000e-01 3.099000e+00 2.129037e+00 2.524302e+00 1.020835e+01 3.126932e+03 1.594745e+04 2.06336 1.619621e-01
9.780000e-01 3.099000e+00 2.129363e+00 2.524487e+00 1.021028e+01 3.201782e+03 1.593830e+04 2.07137 1.664323e-01
9.770000e-01 3.099000e+00 2.130452e+00 2.525710e+00 1.021500e+01 3.269987e+03 1.592543e+04 2.06693 1.694403e-01
9.760000e-01 3.099000e+00 2.130765e+00 2.525873e+00 1.021694e+01 3.341463e+03 1.591675e+04 2.07428 1.737079e-01
9.750000e-01 3.099000e+00 2.131876e+00 2.527118e+00 1.022173e+01 3.407092e+03 1.590412e+04 2.07054 1.766166e-01
9.740000e-01 3.099000e+00 2.132211e+00 2.527307e+00 1.022372e+01 3.476334e+03 1.589576e+04 2.07762 1.807649e-01
9.730000e-01 3.099000e+00 2.133323e+00 2.528556e+00 1.022853e+01 3.540073e+03 1.588335e+04 2.07419 1.835841e-01
9.720000e-01 3.099000e+00 2.134065e+00 2.529304e+00 1.023197e+01 3.605007e+03 1.587316e+04 2.07603 1.869875e-01
9.710000e-01 3.099000e+00 2.134801e+00 2.530043e+00 1.023540e+01 3.668960e+03 1.586312e+04 2.07788 1.903422e-01
9.700000e-01 3.099000e+00 2.135540e+00 2.530790e+00 1.023883e+01 3.731899e+03 1.585321e+04 2.07972 1.936454e-01
9.690000e-01 3.099000e+00 2.136282e+00 2.531541e+00 1.024227e+01 3.793743e+03 1.584344e+04 2.08158 1.968928e-01
9.680000e-01 3.099000e+00 2.137025e+00 2.532294e+00 1.024571e+01 3.854460e+03 1.583381e+04 2.08343 2.000829e-01
9.670000e-01 3.099000e+00 2.137767e+00 2.533046e+00 1.024916e+01 3.914088e+03 1.582432e+04 2.08528 2.032177e-01
9.660000e-01 3.099000e+00 2.138510e+00 2.533799e+00 1.025261e+01 3.972802e+03 1.581495e+04 2.08714 2.063063e-01
9.650000e-01 3.099000e+00 2.139255e+00 2.534555e+00 1.025607e+01 4.030695e+03 1.580567e+04 2.089 2.093535e-01
9.640000e-01 3.099000e+00 2.140003e+00 2.535315e+00 1.025953e+01 4.087761e+03 1.579650e+04 2.09087 2.123588e-01
9.630000e-01 3.099000e+00 2.140751e+00 2.536075e+00 1.026301e+01 4.143945e+03 1.578744e+04 2.09274 2.153196e-01
9.620000e-01 3.099000e+00 2.141500e+00 2.536836e+00 1.026649e+01 4.199267e+03 1.577850e+04 2.09461 2.182367e-01
9.610000e-01 3.099000e+00 2.142249e+00 2.537597e+00 1.026997e+01 4.253837e+03 1.576964e+04 2.09649 2.211160e-01
9.600000e-01 3.099000e+00 2.142999e+00 2.538357e+00 1.027347e+01 4.307625e+03 1.576087e+04 2.09837 2.239559e-01
9.590000e-01 3.099000e+00 2.143748e+00 2.539115e+00 1.027697e+01 4.360554e+03 1.575220e+04 2.10025 2.267525e-01
9.580000e-01 3.099000e+00 2.144084e+00 2.539312e+00 1.027902e+01 4.414747e+03 1.574593e+04 2.10495 2.300120e-01
9.570000e-01 3.099000e+00 2.145270e+00 2.540655e+00 1.028404e+01 4.463762e+03 1.573505e+04 2.10407 2.322114e-01
9.560000e-01 3.099000e+00 2.145982e+00 2.541358e+00 1.028751e+01 4.514580e+03 1.572670e+04 2.10589 2.349030e-01
9.550000e-01 3.099000e+00 2.146317e+00 2.541548e+00 1.028958e+01 4.567143e+03 1.572065e+04 2.1104 2.380727e-01
9.540000e-01 3.099000e+00 2.147520e+00 2.542909e+00 1.029468e+01 4.614931e+03 1.570981e+04 2.10976 2.402212e-01
9.530000e-01 3.099000e+00 2.148246e+00 2.543630e+00 1.029820e+01 4.664534e+03 1.570157e+04 2.11162 2.428527e-01
9.520000e-01 3.099000e+00 2.149006e+00 2.544398e+00 1.030178e+01 4.713609e+03 1.569330e+04 2.11354 2.454571e-01
9.510000e-01 3.099000e+00 2.149772e+00 2.545172e+00 1.030537e+01 4.762232e+03 1.568508e+04 2.11547 2.480386e-01
9.500000e-01 3.099000e+00 2.150539e+00 2.545951e+00 1.030897e+01 4.810355e+03 1.567692e+04 2.1174 2.505950e-01
9.490000e-01 3.099000e+00 2.151308e+00 2.546732e+00 1.031258e+01 4.857952e+03 1.566882e+04 2.11933 2.531248e-01
9.480000e-01 3.099000e+00 2.152078e+00 2.547514e+00 1.031619e+01 4.904999e+03 1.566078e+04 2.12127 2.556269e-01
9.470000e-01 3.099000e+00 2.152848e+00 2.548297e+00 1.031981e+01 4.951558e+03 1.565279e+04 2.12321 2.581047e-01
9.460000e-01 3.099000e+00 2.153621e+00 2.549083e+00 1.032344e+01 4.997718e+03 1.564485e+04 2.12516 2.605627e-01
9.450000e-01 3.099000e+00 2.154396e+00 2.549873e+00 1.032708e+01 5.043483e+03 1.563694e+04 2.12712 2.630011e-01
9.440000e-01 3.099000e+00 2.155174e+00 2.550665e+00 1.033073e+01 5.088806e+03 1.562908e+04 2.12907 2.654174e-01
9.430000e-01 3.099000e+00 2.155951e+00 2.551457e+00 1.033438e+01 5.133635e+03 1.562126e+04 2.13104 2.678089e-01
9.420000e-01 3.099000e+00 2.156730e+00 2.552251e+00 1.033804e+01 5.178013e+03 1.561350e+04 2.133 2.701778e-01
9.410000e-01 3.099000e+00 2.157509e+00 2.553044e+00 1.034171e+01 5.221951e+03 1.560577e+04 2.13497 2.725249e-01
9.400000e-01 3.099000e+00 2.157863e+00 2.553268e+00 1.034387e+01 5.267539e+03 1.560060e+04 2.13866 2.752888e-01
9.390000e-01 3.099000e+00 2.159099e+00 2.554669e+00 1.034912e+01 5.308189e+03 1.559039e+04 2.13897 2.771358e-01
9.380000e-01 3.099000e+00 2.159839e+00 2.555408e+00 1.035273e+01 5.350586e+03 1.558293e+04 2.14087 2.794066e-01
9.370000e-01 3.099000e+00 2.160168e+00 2.555597e+00 1.035488e+01 5.394831e+03 1.557794e+04 2.14435 2.820887e-01
9.360000e-01 3.099000e+00 2.161425e+00 2.557019e+00 1.036020e+01 5.434335e+03 1.556778e+04 2.14489 2.838950e-01
9.350000e-01 3.099000e+00 2.162217e+00 2.557825e+00 1.036394e+01 5.475969e+03 1.556025e+04 2.14688 2.861260e-01
9.340000e-01 3.099000e+00 2.163004e+00 2.558622e+00 1.036769e+01 5.517350e+03 1.555276e+04 2.14888 2.883471e-01
9.330000e-01 3.099000e+00 2.163795e+00 2.559425e+00 1.037145e+01 5.558458e+03 1.554529e+04 2.15089 2.905548e-01
9.320000e-01 3.099000e+00 2.164588e+00 2.560232e+00 1.037522e+01 5.599297e+03 1.553784e+04 2.15291 2.927491e-01
9.310000e-01 3.099000e+00 2.165384e+00 2.561043e+00 1.037899e+01 5.639830e+03 1.553043e+04 2.15493 2.949282e-01
9.300000e-01 3.099000e+00 2.166181e+00 2.561856e+00 1.038277e+01 5.680031e+03 1.552305e+04 2.15695 2.970906e-01
9.290000e-01 3.099000e+00 2.166979e+00 2.562671e+00 1.038656e+01 5.719875e+03 1.551571e+04 2.15898 2.992352e-01
9.280000e-01 3.099000e+00 2.167777e+00 2.563486e+00 1.039035e+01 5.759400e+03 1.550840e+04 2.16101 3.013641e-01
9.270000e-01 3.099000e+00 2.168578e+00 2.564304e+00 1.039416e+01 5.798680e+03 1.550111e+04 2.16304 3.034812e-01
9.260000e-01 3.099000e+00 2.169382e+00 2.565126e+00 1.039798e+01 5.837726e+03 1.549383e+04 2.16509 3.055868e-01
9.250000e-01 3.099000e+00 2.170188e+00 2.565951e+00 1.040181e+01 5.876503e+03 1.548658e+04 2.16714 3.076792e-01
9.240000e-01 3.099000e+00 2.170995e+00 2.566777e+00 1.040565e+01 5.914966e+03 1.547934e+04 2.16919 3.097562e-01
9.230000e-01 3.099000e+00 2.171803e+00 2.567604e+00 1.040950e+01 5.953140e+03 1.547213e+04 2.17125 3.118188e-01
9.220000e-01 3.099000e+00 2.172612e+00 2.568432e+00 1.041336e+01 5.991024e+03 1.546495e+04 2.17331 3.138673e-01
9.210000e-01 3.099000e+00 2.173421e+00 2.569259e+00 1.041722e+01 6.028555e+03 1.545778e+04 2.17537 3.158982e-01
9.200000e-01 3.099000e+00 2.174227e+00 2.570082e+00 1.042108e+01 6.065683e+03 1.545066e+04 2.17744 3.179089e-01
9.190000e-01 3.099000e+00 2.174534e+00 2.570244e+00 1.042328e+01 6.104801e+03 1.544635e+04 2.18037 3.203003e-01
9.180000e-01 3.099000e+00 2.175827e+00 2.571705e+00 1.042881e+01 6.138948e+03 1.543651e+04 2.18157 3.218854e-01
9.170000e-01 3.099000e+00 2.176147e+00 2.571884e+00 1.043105e+01 6.177734e+03 1.543221e+04 2.1845 3.242590e-01
9.160000e-01 3.099000e+00 2.177450e+00 2.573356e+00 1.043663e+01 6.211642e+03 1.542233e+04 2.18574 3.258328e-01
9.150000e-01 3.099000e+00 2.178279e+00 2.574206e+00 1.044059e+01 6.247780e+03 1.541521e+04 2.18783 3.277933e-01
9.140000e-01 3.099000e+00 2.179099e+00 2.575044e+00 1.044453e+01 6.283712e+03 1.540813e+04 2.18994 3.297471e-01
9.130000e-01 3.099000e+00 2.179922e+00 2.575886e+00 1.044849e+01 6.319434e+03 1.540107e+04 2.19205 3.316905e-01
9.120000e-01 3.099000e+00 2.180747e+00 2.576732e+00 1.045246e+01 6.354924e+03 1.539402e+04 2.19416 3.336223e-01
9.110000e-01 3.099000e+00 2.181573e+00 2.577579e+00 1.045643e+01 6.390153e+03 1.538700e+04 2.19628 3.355412e-01
9.100000e-01 3.099000e+00 2.182399e+00 2.578426e+00 1.046040e+01 6.425107e+03 1.538000e+04 2.19839 3.374464e-01
9.090000e-01 3.099000e+00 2.183226e+00 2.579274e+00 1.046438e+01 6.459840e+03 1.537301e+04 2.20052 3.393408e-01
9.080000e-01 3.099000e+00 2.184055e+00 2.580126e+00 1.046838e+01 6.494399e+03 1.536604e+04 2.20264 3.412269e-01
9.070000e-01 3.099000e+00 2.184887e+00 2.580980e+00 1.047239e+01 6.528780e+03 1.535907e+04 2.20478 3.431045e-01
9.060000e-01 3.099000e+00 2.185720e+00 2.581837e+00 1.047641e+01 6.562955e+03 1.535212e+04 2.20692 3.449721e-01
9.050000e-01 3.099000e+00 2.186555e+00 2.582695e+00 1.048044e+01 6.596904e+03 1.534517e+04 2.20906 3.468286e-01
9.040000e-01 3.099000e+00 2.187391e+00 2.583555e+00 1.048447e+01 6.630654e+03 1.533824e+04 2.21121 3.486756e-01
9.030000e-01 3.099000e+00 2.187711e+00 2.583740e+00 1.048678e+01 6.666603e+03 1.533426e+04 2.21392 3.508928e-01
9.020000e-01 3.099000e+00 2.189051e+00 2.585255e+00 1.049255e+01 6.697379e+03 1.532445e+04 2.21552 3.523355e-01
9.010000e-01 3.099000e+00 2.189364e+00 2.585432e+00 1.049487e+01 6.732801e+03 1.532052e+04 2.21814 3.545168e-01
9.000000e-01 3.099000e+00 2.190718e+00 2.586963e+00 1.050067e+01 6.762982e+03 1.531071e+04 2.21983 3.559363e-01
8.990000e-01 3.099000e+00 2.191028e+00 2.587134e+00 1.050300e+01 6.798084e+03 1.530681e+04 2.22243 3.581013e-01
8.980000e-01 3.099000e+00 2.192440e+00 2.588739e+00 1.050895e+01 6.828030e+03 1.529683e+04 2.22423 3.595063e-01
8.970000e-01 3.099000e+00 2.193252e+00 2.589563e+00 1.051301e+01 6.860493e+03 1.529003e+04 2.22636 3.612939e-01
8.960000e-01 3.099000e+00 2.193567e+00 2.589739e+00 1.051536e+01 6.895274e+03 1.528617e+04 2.22898 3.634488e-01
8.950000e-01 3.099000e+00 2.194983e+00 2.591349e+00 1.052136e+01 6.924863e+03 1.527615e+04 2.23081 3.648370e-01
8.940000e-01 3.099000e+00 2.195804e+00 2.592185e+00 1.052547e+01 6.956897e+03 1.526935e+04 2.23296 3.666038e-01
8.930000e-01 3.099000e+00 2.196122e+00 2.592369e+00 1.052784e+01 6.991185e+03 1.526553e+04 2.23555 3.687312e-01
8.920000e-01 3.099000e+00 2.197545e+00 2.593987e+00 1.053387e+01 7.020180e+03 1.525553e+04 2.23744 3.700934e-01
8.910000e-01 3.099000e+00 2.198368e+00 2.594827e+00 1.053799e+01 7.051597e+03 1.524877e+04 2.2396 3.718298e-01
8.900000e-01 3.099000e+00 2.198680e+00 2.595005e+00 1.054037e+01 7.085345e+03 1.524501e+04 2.24213 3.739256e-01
8.890000e-01 3.099000e+00 2.200115e+00 2.596639e+00 1.054645e+01 7.113816e+03 1.523499e+04 2.2441 3.752677e-01
8.880000e-01 3.099000e+00 2.200944e+00 2.597486e+00 1.055061e+01 7.144782e+03 1.522824e+04 2.24628 3.769827e-01
8.870000e-01 3.099000e+00 2.201255e+00 2.597664e+00 1.055301e+01 7.178072e+03 1.522452e+04 2.24877 3.790531e-01
8.860000e-01 3.099000e+00 2.202701e+00 2.599310e+00 1.055914e+01 7.206012e+03 1.521449e+04 2.25081 3.803729e-01
8.850000e-01 3.099000e+00 2.203533e+00 2.600160e+00 1.056332e+01 7.236453e+03 1.520776e+04 2.253 3.820627e-01
8.840000e-01 3.099000e+00 2.203833e+00 2.600324e+00 1.056572e+01 7.269226e+03 1.520409e+04 2.25543 3.841029e-01
8.830000e-01 3.099000e+00 2.205291e+00 2.601981e+00 1.057189e+01 7.296446e+03 1.519406e+04 2.25755 3.853926e-01
8.820000e-01 3.099000e+00 2.205557e+00 2.602100e+00 1.057425e+01 7.328841e+03 1.519050e+04 2.25988 3.874098e-01
8.810000e-01 3.099000e+00 2.207015e+00 2.603755e+00 1.058044e+01 7.355723e+03 1.518047e+04 2.26205 3.886905e-01
8.800000e-01 3.099000e+00 2.207288e+00 2.603882e+00 1.058283e+01 7.387969e+03 1.517691e+04 2.2644 3.907031e-01
8.790000e-01 3.099000e+00 2.208754e+00 2.605545e+00 1.058907e+01 7.414726e+03 1.516683e+04 2.26659 3.919777e-01
8.780000e-01 3.099000e+00 2.209034e+00 2.605683e+00 1.059149e+01 7.446813e+03 1.516327e+04 2.26896 3.939843e-01
8.770000e-01 3.099000e+00 2.210506e+00 2.607353e+00 1.059778e+01 7.473375e+03 1.515315e+04 2.27117 3.952491e-01
8.760000e-01 3.099000e+00 2.210791e+00 2.607499e+00 1.060021e+01 7.505237e+03 1.514961e+04 2.27353 3.972442e-01
8.750000e-01 3.099000e+00 2.212268e+00 2.609175e+00 1.060653e+01 7.531515e+03 1.513947e+04 2.27578 3.984959e-01
8.740000e-01 3.099000e+00 2.212548e+00 2.609317e+00 1.060897e+01 7.563064e+03 1.513595e+04 2.2781 4.004726e-01
8.730000e-01 3.099000e+00 2.214032e+00 2.611002e+00 1.061531e+01 7.588970e+03 1.512580e+04 2.28039 4.017089e-01
8.720000e-01 3.099000e+00 2.214310e+00 2.611140e+00 1.061776e+01 7.620248e+03 1.512231e+04 2.28269 4.036706e-01
8.710000e-01 3.099000e+00 2.215803e+00 2.612836e+00 1.062413e+01 7.645892e+03 1.511214e+04 2.28503 4.048967e-01
8.700000e-01 3.099000e+00 2.216080e+00 2.612975e+00 1.062660e+01 7.676929e+03 1.510867e+04 2.28731 4.068455e-01
8.690000e-01 3.099000e+00 2.217579e+00 2.614679e+00 1.063301e+01 7.702262e+03 1.509847e+04 2.28968 4.080582e-01
8.680000e-01 3.099000e+00 2.217851e+00 2.614812e+00 1.063548e+01 7.733041e+03 1.509502e+04 2.29194 4.099925e-01
8.670000e-01 3.099000e+00 2.219360e+00 2.616526e+00 1.064192e+01 7.758053e+03 1.508481e+04 2.29435 4.111920e-01
8.660000e-01 3.099000e+00 2.219620e+00 2.616645e+00 1.064439e+01 7.788506e+03 1.508139e+04 2.29656 4.131069e-01
8.650000e-01 3.099000e+00 2.221138e+00 2.618368e+00 1.065086e+01 7.813052e+03 1.507117e+04 2.29903 4.142870e-01
8.640000e-01 3.099000e+00 2.221383e+00 2.618466e+00 1.065332e+01 7.843161e+03 1.506779e+04 2.30118 4.161817e-01
8.630000e-01 3.099000e+00 2.222917e+00 2.620206e+00 1.065985e+01 7.867430e+03 1.505752e+04 2.30372 4.173530e-01
8.620000e-01 3.099000e+00 2.223167e+00 2.620312e+00 1.066234e+01 7.897429e+03 1.505414e+04 2.3059 4.192455e-01
8.610000e-01 3.099000e+00 2.224709e+00 2.622061e+00 1.066892e+01 7.921587e+03 1.504381e+04 2.30845 4.204109e-01
8.600000e-01 3.099000e+00 2.224967e+00 2.622177e+00 1.067143e+01 7.951452e+03 1.504042e+04 2.31064 4.222986e-01
8.590000e-01 3.099000e+00 2.226514e+00 2.623933e+00 1.067806e+01 7.975440e+03 1.503004e+04 2.31322 4.234554e-01
8.580000e-01 3.099000e+00 2.226775e+00 2.624054e+00 1.068060e+01 8.005121e+03 1.502666e+04 2.31541 4.253341e-01
8.570000e-01 3.099000e+00 2.228328e+00 2.625817e+00 1.068726e+01 8.028855e+03 1.501625e+04 2.31801 4.264790e-01
8.560000e-01 3.099000e+00 2.228583e+00 2.625933e+00 1.068980e+01 8.058269e+03 1.501289e+04 2.32017 4.283422e-01
8.550000e-01 3.099000e+00 2.230145e+00 2.627706e+00 1.069649e+01 8.081693e+03 1.500246e+04 2.32281 4.294745e-01
8.540000e-01 3.099000e+00 2.230397e+00 2.627820e+00 1.069904e+01 8.110897e+03 1.499911e+04 2.32496 4.313267e-01
8.530000e-01 3.099000e+00 2.231968e+00 2.629604e+00 1.070578e+01 8.134095e+03 1.498864e+04 2.32764 4.324496e-01
8.520000e-01 3.099000e+00 2.232218e+00 2.629716e+00 1.070834e+01 8.163084e+03 1.498531e+04 2.32976 4.342904e-01
8.510000e-01 3.099000e+00 2.233797e+00 2.631509e+00 1.071511e+01 8.186003e+03 1.497481e+04 2.33248 4.354012e-01
8.500000e-01 3.099000e+00 2.234040e+00 2.631614e+00 1.071768e+01 8.214773e+03 1.497149e+04 2.33458 4.372300e-01
8.490000e-01 3.099000e+00 2.235628e+00 2.633417e+00 1.072449e+01 8.237376e+03 1.496096e+04 2.33734 4.383273e-01
8.480000e-01 3.099000e+00 2.235857e+00 2.633503e+00 1.072705e+01 8.265834e+03 1.495768e+04 2.33939 4.401375e-01
8.470000e-01 3.099000e+00 2.237456e+00 2.635317e+00 1.073389e+01 8.288012e+03 1.494713e+04 2.3422 4.412174e-01
8.460000e-01 3.099000e+00 2.237673e+00 2.635388e+00 1.073645e+01 8.316227e+03 1.494387e+04 2.34422 4.430148e-01
8.450000e-01 3.099000e+00 2.239332e+00 2.637280e+00 1.074344e+01 8.338200e+03 1.493313e+04 2.34713 4.440796e-01
8.440000e-01 3.099000e+00 2.239528e+00 2.637323e+00 1.074598e+01 8.366353e+03 1.492994e+04 2.34914 4.458815e-01
8.430000e-01 3.099000e+00 2.241177e+00 2.639201e+00 1.075299e+01 8.388218e+03 1.491917e+04 2.35206 4.469437e-01
8.420000e-01 3.099000e+00 2.241378e+00 2.639250e+00 1.075556e+01 8.416242e+03 1.491598e+04 2.35407 4.487408e-01
8.410000e-01 3.099000e+00 2.243035e+00 2.641137e+00 1.076262e+01 8.437948e+03 1.490516e+04 2.35702 4.497951e-01
8.400000e-01 3.099000e+00 2.243234e+00 2.641187e+00 1.076520e+01 8.465797e+03 1.490197e+04 2.35902 4.515836e-01
8.390000e-01 3.099000e+00 2.244898e+00 2.643082e+00 1.077229e+01 8.487242e+03 1.489111e+04 2.36199 4.526255e-01
8.380000e-01 3.099000e+00 2.245089e+00 2.643123e+00 1.077488e+01 8.514862e+03 1.488794e+04 2.36397 4.544013e-01
8.370000e-01 3.099000e+00 2.246765e+00 2.645033e+00 1.078202e+01 8.536068e+03 1.487704e+04 2.36698 4.554335e-01
8.360000e-01 3.099000e+00 2.246955e+00 2.645073e+00 1.078461e+01 8.563527e+03 1.487387e+04 2.36896 4.572018e-01
8.350000e-01 3.099000e+00 2.248639e+00 2.646992e+00 1.079180e+01 8.584509e+03 1.486292e+04 2.372 4.582237e-01
8.340000e-01 3.099000e+00 2.248823e+00 2.647026e+00 1.079440e+01 8.611776e+03 1.485976e+04 2.37395 4.599818e-01
8.330000e-01 3.099000e+00 2.250516e+00 2.648956e+00 1.080163e+01 8.632498e+03 1.484877e+04 2.37703 4.609925e-01
8.320000e-01 3.099000e+00 2.250692e+00 2.648981e+00 1.080424e+01 8.659552e+03 1.484563e+04 2.37895 4.627391e-01
8.310000e-01 3.099000e+00 2.252394e+00 2.650919e+00 1.081149e+01 8.679927e+03 1.483461e+04 2.38207 4.637341e-01
8.300000e-01 3.099000e+00 2.252550e+00 2.650919e+00 1.081409e+01 8.706686e+03 1.483150e+04 2.38393 4.654634e-01
8.290000e-01 3.099000e+00 2.254267e+00 2.652874e+00 1.082139e+01 8.726740e+03 1.482044e+04 2.38711 4.664462e-01
8.280000e-01 3.099000e+00 2.254421e+00 2.652870e+00 1.082401e+01 8.753372e+03 1.481733e+04 2.38898 4.681714e-01
8.270000e-01 3.099000e+00 2.256150e+00 2.654840e+00 1.083138e+01 8.773322e+03 1.480618e+04 2.39219 4.691496e-01
8.260000e-01 3.099000e+00 2.256308e+00 2.654842e+00 1.083402e+01 8.799863e+03 1.480306e+04 2.39407 4.708729e-01
8.250000e-01 3.099000e+00 2.258046e+00 2.656821e+00 1.084145e+01 8.819682e+03 1.479183e+04 2.39731 4.718437e-01
8.240000e-01 3.099000e+00 2.258205e+00 2.656829e+00 1.084411e+01 8.846102e+03 1.478871e+04 2.39919 4.735625e-01
8.230000e-01 3.099000e+00 2.259950e+00 2.658816e+00 1.085159e+01 8.865740e+03 1.477742e+04 2.40245 4.745241e-01
8.220000e-01 3.099000e+00 2.260103e+00 2.658817e+00 1.085426e+01 8.891969e+03 1.477430e+04 2.40431 4.762328e-01
8.210000e-01 3.099000e+00 2.261858e+00 2.660816e+00 1.086178e+01 8.911354e+03 1.476297e+04 2.4076 4.771830e-01
8.200000e-01 3.099000e+00 2.262005e+00 2.660811e+00 1.086446e+01 8.937417e+03 1.475986e+04 2.40945 4.788836e-01
8.190000e-01 3.099000e+00 2.263772e+00 2.662824e+00 1.087203e+01 8.956616e+03 1.474847e+04 2.41278 4.798256e-01
8.180000e-01 3.099000e+00 2.263914e+00 2.662814e+00 1.087473e+01 8.982519e+03 1.474536e+04 2.41461 4.815185e-01
8.170000e-01 3.099000e+00 2.265690e+00 2.664838e+00 1.088234e+01 9.001489e+03 1.473391e+04 2.41797 4.824498e-01
8.160000e-01 3.099000e+00 2.265824e+00 2.664819e+00 1.088504e+01 9.027217e+03 1.473081e+04 2.41978 4.841339e-01
8.150000e-01 3.099000e+00 2.267611e+00 2.666855e+00 1.089270e+01 9.045917e+03 1.471931e+04 2.42318 4.850529e-01
8.140000e-01 3.099000e+00 2.267726e+00 2.666813e+00 1.089539e+01 9.071394e+03 1.471624e+04 2.42494 4.867228e-01
8.130000e-01 3.099000e+00 2.269526e+00 2.668862e+00 1.090309e+01 9.089732e+03 1.470470e+04 2.42839 4.876259e-01
8.120000e-01 3.099000e+00 2.269629e+00 2.668805e+00 1.090578e+01 9.115011e+03 1.470164e+04 2.43012 4.892861e-01
8.110000e-01 3.099000e+00 2.271444e+00 2.670872e+00 1.091355e+01 9.133197e+03 1.469003e+04 2.43362 4.901838e-01
8.100000e-01 3.099000e+00 2.271549e+00 2.670817e+00 1.091627e+01 9.158406e+03 1.468695e+04 2.43537 4.918439e-01
8.090000e-01 3.099000e+00 2.273374e+00 2.672897e+00 1.092410e+01 9.176472e+03 1.467525e+04 2.43889 4.927345e-01
8.080000e-01 3.099000e+00 2.273481e+00 2.672846e+00 1.092684e+01 9.201579e+03 1.467216e+04 2.44064 4.943915e-01
8.070000e-01 3.099000e+00 2.275314e+00 2.674935e+00 1.093473e+01 9.219501e+03 1.466037e+04 2.44418 4.952743e-01
8.060000e-01 3.099000e+00 2.275417e+00 2.674882e+00 1.093749e+01 9.244468e+03 1.465728e+04 2.44593 4.969249e-01
8.050000e-01 3.099000e+00 2.277259e+00 2.676980e+00 1.094542e+01 9.262158e+03 1.464544e+04 2.4495 4.977963e-01
8.040000e-01 3.099000e+00 2.277352e+00 2.676917e+00 1.094819e+01 9.286953e+03 1.464235e+04 2.45122 4.994384e-01
8.030000e-01 3.099000e+00 2.279250e+00 2.679091e+00 1.095627e+01 9.304419e+03 1.463031e+04 2.45488 5.002903e-01
8.020000e-01 3.099000e+00 2.279314e+00 2.678989e+00 1.095899e+01 9.329110e+03 1.462730e+04 2.45656 5.019334e-01
8.010000e-01 3.099000e+00 2.281205e+00 2.681151e+00 1.096709e+01 9.346388e+03 1.461525e+04 2.46023 5.027798e-01
8.000000e-01 3.099000e+00 2.281257e+00 2.681035e+00 1.096982e+01 9.370916e+03 1.461224e+04 2.46188 5.044153e-01
7.990000e-01 3.099000e+00 2.283161e+00 2.683212e+00 1.097797e+01 9.387952e+03 1.460012e+04 2.46559 5.052502e-01
7.980000e-01 3.099000e+00 2.283199e+00 2.683080e+00 1.098070e+01 9.412278e+03 1.459713e+04 2.46721 5.068750e-01
7.970000e-01 3.099000e+00 2.285114e+00 2.685268e+00 1.098889e+01 9.428977e+03 1.458496e+04 2.47096 5.076942e-01
7.960000e-01 3.099000e+00 2.285132e+00 2.685111e+00 1.099161e+01 9.453076e+03 1.458199e+04 2.47253 5.093071e-01
7.950000e-01 3.099000e+00 2.287065e+00 2.687320e+00 1.099986e+01 9.469568e+03 1.456975e+04 2.47634 5.101182e-01
7.940000e-01 3.099000e+00 2.287081e+00 2.687162e+00 1.100261e+01 9.493599e+03 1.456677e+04 2.47792 5.117314e-01
7.930000e-01 3.099000e+00 2.289025e+00 2.689384e+00 1.101094e+01 9.509972e+03 1.455442e+04 2.48175 5.125353e-01
7.920000e-01 3.099000e+00 2.289043e+00 2.689230e+00 1.101370e+01 9.533912e+03 1.455142e+04 2.48334 5.141464e-01
7.910000e-01 3.099000e+00 2.290996e+00 2.691462e+00 1.102210e+01 9.550151e+03 1.453899e+04 2.4872 5.149427e-01
7.900000e-01 3.099000e+00 2.291008e+00 2.691303e+00 1.102488e+01 9.573975e+03 1.453598e+04 2.48878 5.165497e-01
7.890000e-01 3.099000e+00 2.292972e+00 2.693549e+00 1.103334e+01 9.590008e+03 1.452347e+04 2.49266 5.173349e-01
7.880000e-01 3.099000e+00 2.292973e+00 2.693378e+00 1.103613e+01 9.613668e+03 1.452047e+04 2.49421 5.189341e-01
7.870000e-01 3.099000e+00 2.294950e+00 2.695639e+00 1.104464e+01 9.629504e+03 1.450789e+04 2.49814 5.197100e-01
7.860000e-01 3.099000e+00 2.294946e+00 2.695463e+00 1.104744e+01 9.653050e+03 1.450488e+04 2.49968 5.213051e-01
7.850000e-01 3.099000e+00 2.296934e+00 2.697737e+00 1.105601e+01 9.668699e+03 1.449222e+04 2.50364 5.220713e-01
7.840000e-01 3.099000e+00 2.296918e+00 2.697549e+00 1.105882e+01 9.692100e+03 1.448922e+04 2.50516 5.236601e-01
7.830000e-01 3.099000e+00 2.298920e+00 2.699839e+00 1.106746e+01 9.707519e+03 1.447648e+04 2.50915 5.244149e-01
7.820000e-01 3.099000e+00 2.298888e+00 2.699633e+00 1.107027e+01 9.730741e+03 1.447349e+04 2.51064 5.259950e-01
7.810000e-01 3.099000e+00 2.300901e+00 2.701935e+00 1.107894e+01 9.745848e+03 1.446069e+04 2.51467 5.267345e-01
7.800000e-01 3.099000e+00 2.300847e+00 2.701699e+00 1.108174e+01 9.768842e+03 1.445772e+04 2.5161 5.283028e-01
7.790000e-01 3.099000e+00 2.302879e+00 2.704024e+00 1.109048e+01 9.783723e+03 1.444485e+04 2.52019 5.290328e-01
7.780000e-01 3.099000e+00 2.302822e+00 2.703786e+00 1.109330e+01 9.806646e+03 1.444187e+04 2.52163 5.306012e-01
7.770000e-01 3.099000e+00 2.304866e+00 2.706124e+00 1.110212e+01 9.821403e+03 1.442889e+04 2.52575 5.313238e-01
7.760000e-01 3.099000e+00 2.304805e+00 2.705886e+00 1.110497e+01 9.844240e+03 1.442589e+04 2.52719 5.328908e-01
7.750000e-01 3.099000e+00 2.306861e+00 2.708238e+00 1.111387e+01 9.858862e+03 1.441280e+04 2.53133 5.336054e-01
7.740000e-01 3.099000e+00 2.306795e+00 2.707994e+00 1.111673e+01 9.881594e+03 1.440979e+04 2.53276 5.351692e-01
7.730000e-01 3.099000e+00 2.308861e+00 2.710359e+00 1.112569e+01 9.896018e+03 1.439662e+04 2.53693 5.358726e-01
7.720000e-01 3.099000e+00 2.308782e+00 2.710101e+00 1.112856e+01 9.918597e+03 1.439362e+04 2.53834 5.374297e-01
7.710000e-01 3.099000e+00 2.310862e+00 2.712483e+00 1.113758e+01 9.932828e+03 1.438036e+04 2.54255 5.381234e-01
7.700000e-01 3.099000e+00 2.310775e+00 2.712218e+00 1.114047e+01 9.955300e+03 1.437735e+04 2.54395 5.396773e-01
7.690000e-01 3.099000e+00 2.312868e+00 2.714614e+00 1.114956e+01 9.969349e+03 1.436399e+04 2.54819 5.403610e-01
7.680000e-01 3.099000e+00 2.312768e+00 2.714334e+00 1.115245e+01 9.991688e+03 1.436098e+04 2.54956 5.419095e-01
7.670000e-01 3.099000e+00 2.314915e+00 2.716804e+00 1.116170e+01 1.000548e+04 1.434742e+04 2.55388 5.425697e-01
7.660000e-01 3.099000e+00 2.314774e+00 2.716471e+00 1.116454e+01 1.002766e+04 1.434448e+04 2.55518 5.441166e-01
7.650000e-01 3.099000e+00 2.316918e+00 2.718931e+00 1.117380e+01 1.004116e+04 1.433091e+04 2.55953 5.447664e-01
7.640000e-01 3.099000e+00 2.316750e+00 2.718565e+00 1.117662e+01 1.006314e+04 1.432800e+04 2.56077 5.463030e-01
7.630000e-01 3.099000e+00 2.318915e+00 2.721051e+00 1.118596e+01 1.007642e+04 1.431433e+04 2.56518 5.469432e-01
7.620000e-01 3.099000e+00 2.318742e+00 2.720679e+00 1.118880e+01 1.009833e+04 1.431140e+04 2.56643 5.484807e-01
7.610000e-01 3.099000e+00 2.320919e+00 2.723179e+00 1.119823e+01 1.011148e+04 1.429761e+04 2.57086 5.491120e-01
7.600000e-01 3.099000e+00 2.320743e+00 2.722807e+00 1.120110e+01 1.013331e+04 1.429467e+04 2.57211 5.506484e-01
7.590000e-01 3.099000e+00 2.322931e+00 2.725318e+00 1.121060e+01 1.014632e+04 1.428076e+04 2.57657 5.512711e-01
7.580000e-01 3.099000e+00 2.322744e+00 2.724936e+00 1.121348e+01 1.016804e+04 1.427781e+04 2.5778 5.528046e-01
7.570000e-01 3.099000e+00 2.324945e+00 2.727465e+00 1.122306e+01 1.018085e+04 1.426380e+04 2.58229 5.534155e-01
7.560000e-01 3.099000e+00 2.324742e+00 2.727063e+00 1.122595e+01 1.020243e+04 1.426085e+04 2.58349 5.549436e-01
7.550000e-01 3.099000e+00 2.326960e+00 2.729611e+00 1.123560e+01 1.021505e+04 1.424674e+04 2.58802 5.555441e-01
7.540000e-01 3.099000e+00 2.326748e+00 2.729202e+00 1.123850e+01 1.023654e+04 1.424377e+04 2.58921 5.570699e-01
7.530000e-01 3.099000e+00 2.328978e+00 2.731765e+00 1.124824e+01 1.024898e+04 1.422956e+04 2.59377 5.576597e-01
7.520000e-01 3.099000e+00 2.328748e+00 2.731334e+00 1.125114e+01 1.027033e+04 1.422659e+04 2.59493 5.591805e-01
7.510000e-01 3.099000e+00 2.330994e+00 2.733916e+00 1.126094e+01 1.028253e+04 1.421228e+04 2.59953 5.597572e-01
7.500000e-01 3.099000e+00 2.330744e+00 2.733462e+00 1.126384e+01 1.030371e+04 1.420932e+04 2.60064 5.612700e-01
7.490000e-01 3.099000e+00 2.333003e+00 2.736057e+00 1.127369e+01 1.031561e+04 1.419494e+04 2.60528 5.618309e-01
7.480000e-01 3.099000e+00 2.332726e+00 2.735569e+00 1.127658e+01 1.033660e+04 1.419200e+04 2.60633 5.633361e-01
7.470000e-01 3.099000e+00 2.335007e+00 2.738192e+00 1.128652e+01 1.034833e+04 1.417749e+04 2.61103 5.638877e-01
7.460000e-01 3.099000e+00 2.334726e+00 2.737702e+00 1.128943e+01 1.036926e+04 1.417453e+04 2.61209 5.653941e-01
7.450000e-01 3.099000e+00 2.337017e+00 2.740335e+00 1.129947e+01 1.038084e+04 1.415989e+04 2.61681 5.659359e-01
7.440000e-01 3.099000e+00 2.336726e+00 2.739834e+00 1.130240e+01 1.040169e+04 1.415690e+04 2.61785 5.674418e-01
7.430000e-01 3.099000e+00 2.339032e+00 2.742487e+00 1.131253e+01 1.041312e+04 1.414213e+04 2.6226 5.679732e-01
7.420000e-01 3.099000e+00 2.338727e+00 2.741972e+00 1.131547e+01 1.043386e+04 1.413914e+04 2.62363 5.694757e-01
7.410000e-01 3.099000e+00 2.341047e+00 2.744639e+00 1.132567e+01 1.044508e+04 1.412425e+04 2.6284 5.699941e-01
7.400000e-01 3.099000e+00 2.340724e+00 2.744105e+00 1.132861e+01 1.046570e+04 1.412125e+04 2.6294 5.714929e-01
7.390000e-01 3.099000e+00 2.343061e+00 2.746793e+00 1.133891e+01 1.047674e+04 1.410624e+04 2.63421 5.720008e-01
7.380000e-01 3.099000e+00 2.342724e+00 2.746244e+00 1.134186e+01 1.049726e+04 1.410323e+04 2.63518 5.734976e-01
7.370000e-01 3.099000e+00 2.345114e+00 2.749004e+00 1.135233e+01 1.050807e+04 1.408797e+04 2.64007 5.739808e-01
7.360000e-01 3.099000e+00 2.344735e+00 2.748400e+00 1.135523e+01 1.052847e+04 1.408502e+04 2.64098 5.754791e-01
7.350000e-01 3.099000e+00 2.347124e+00 2.751154e+00 1.136574e+01 1.053905e+04 1.406971e+04 2.64588 5.759529e-01
7.340000e-01 3.099000e+00 2.346717e+00 2.750517e+00 1.136862e+01 1.055926e+04 1.406678e+04 2.64673 5.774427e-01
7.330000e-01 3.099000e+00 2.349123e+00 2.753290e+00 1.137919e+01 1.056954e+04 1.405139e+04 2.65168 5.779010e-01
7.320000e-01 3.099000e+00 2.348695e+00 2.752627e+00 1.138208e+01 1.058964e+04 1.404846e+04 2.65249 5.793881e-01
7.310000e-01 3.099000e+00 2.351121e+00 2.755425e+00 1.139275e+01 1.059977e+04 1.403291e+04 2.65749 5.798369e-01
7.300000e-01 3.099000e+00 2.350683e+00 2.754752e+00 1.139566e+01 1.061979e+04 1.402996e+04 2.6583 5.813244e-01
7.290000e-01 3.099000e+00 2.353122e+00 2.757566e+00 1.140644e+01 1.062977e+04 1.401426e+04 2.66332 5.817623e-01
7.280000e-01 3.099000e+00 2.352671e+00 2.756880e+00 1.140936e+01 1.064971e+04 1.401129e+04 2.66411 5.832498e-01
7.270000e-01 3.099000e+00 2.352822e+00 2.756852e+00 1.141339e+01 1.066767e+04 1.400666e+04 2.66656 5.846959e-01
7.260000e-01 3.099000e+00 2.356117e+00 2.760773e+00 1.142715e+01 1.067425e+04 1.398603e+04 2.67207 5.846269e-01
7.250000e-01 3.099000e+00 2.355638e+00 2.760057e+00 1.143009e+01 1.069401e+04 1.398303e+04 2.6728 5.861082e-01
7.240000e-01 3.099000e+00 2.355774e+00 2.760012e+00 1.143415e+01 1.071178e+04 1.397836e+04 2.67523 5.875486e-01
7.230000e-01 3.099000e+00 2.359113e+00 2.763986e+00 1.144810e+01 1.071805e+04 1.395744e+04 2.68083 5.874548e-01
7.220000e-01 3.099000e+00 2.358605e+00 2.763238e+00 1.145105e+01 1.073766e+04 1.395442e+04 2.68151 5.889332e-01
7.210000e-01 3.099000e+00 2.358715e+00 2.763162e+00 1.145512e+01 1.075523e+04 1.394972e+04 2.6839 5.903670e-01
7.200000e-01 3.099000e+00 2.362100e+00 2.767193e+00 1.146927e+01 1.076108e+04 1.392854e+04 2.68958 5.902444e-01
7.190000e-01 3.099000e+00 2.361550e+00 2.766394e+00 1.147220e+01 1.078044e+04 1.392553e+04 2.69018 5.917129e-01
7.180000e-01 3.099000e+00 2.361625e+00 2.766275e+00 1.147627e+01 1.079774e+04 1.392083e+04 2.6925 5.931344e-01
7.170000e-01 3.099000e+00 2.365099e+00 2.770420e+00 1.149067e+01 1.080311e+04 1.389929e+04 2.69834 5.929724e-01
7.160000e-01 3.099000e+00 2.364502e+00 2.769562e+00 1.149357e+01 1.082233e+04 1.389633e+04 2.69888 5.944453e-01
7.150000e-01 3.099000e+00 2.364558e+00 2.769421e+00 1.149766e+01 1.083949e+04 1.389160e+04 2.70119 5.958686e-01
7.140000e-01 3.099000e+00 2.368061e+00 2.773599e+00 1.151228e+01 1.084459e+04 1.386976e+04 2.70709 5.956854e-01
7.130000e-01 3.099000e+00 2.367440e+00 2.772718e+00 1.151520e+01 1.086368e+04 1.386678e+04 2.70759 5.971587e-01
7.120000e-01 3.099000e+00 2.367473e+00 2.772550e+00 1.151932e+01 1.088069e+04 1.386201e+04 2.70987 5.985795e-01
7.110000e-01 3.099000e+00 2.371021e+00 2.776783e+00 1.153416e+01 1.088543e+04 1.383986e+04 2.71585 5.983672e-01
7.100000e-01 3.099000e+00 2.370366e+00 2.775863e+00 1.153709e+01 1.090435e+04 1.383686e+04 2.71629 5.998366e-01
7.090000e-01 3.099000e+00 2.370379e+00 2.775674e+00 1.154123e+01 1.092118e+04 1.383207e+04 2.71854 6.012532e-01
7.080000e-01 3.099000e+00 2.373971e+00 2.779962e+00 1.155629e+01 1.092557e+04 1.380961e+04 2.72461 6.010143e-01
7.070000e-01 3.099000e+00 2.373283e+00 2.779007e+00 1.155923e+01 1.094434e+04 1.380659e+04 2.725 6.024817e-01
7.060000e-01 3.099000e+00 2.373266e+00 2.778782e+00 1.156339e+01 1.096098e+04 1.380177e+04 2.72719 6.038924e-01
7.050000e-01 3.099000e+00 2.376908e+00 2.783130e+00 1.157866e+01 1.096493e+04 1.377903e+04 2.73336 6.036217e-01
7.040000e-01 3.099000e+00 2.376173e+00 2.782117e+00 1.158158e+01 1.098345e+04 1.377602e+04 2.73365 6.050803e-01
7.030000e-01 3.099000e+00 2.376119e+00 2.781847e+00 1.158574e+01 1.099981e+04 1.377119e+04 2.73577 6.064797e-01
7.020000e-01 3.099000e+00 2.379816e+00 2.786263e+00 1.160121e+01 1.100333e+04 1.374820e+04 2.74206 6.061802e-01
7.010000e-01 3.099000e+00 2.379048e+00 2.785214e+00 1.160414e+01 1.102170e+04 1.374517e+04 2.74231 6.076384e-01
7.000000e-01 3.099000e+00 2.378978e+00 2.784926e+00 1.160834e+01 1.103793e+04 1.374029e+04 2.74442 6.090383e-01
6.990000e-01 3.099000e+00 2.382752e+00 2.789442e+00 1.162415e+01 1.104109e+04 1.371679e+04 2.75081 6.086983e-01
6.980000e-01 3.099000e+00 2.381935e+00 2.788334e+00 1.162706e+01 1.105936e+04 1.371379e+04 2.75099 6.101632e-01
6.970000e-01 3.099000e+00 2.381828e+00 2.788002e+00 1.163126e+01 1.107544e+04 1.370889e+04 2.75305 6.115625e-01
6.960000e-01 3.099000e+00 2.385641e+00 2.792564e+00 1.164730e+01 1.107823e+04 1.368507e+04 2.7595 6.111924e-01
6.950000e-01 3.099000e+00 2.384786e+00 2.791414e+00 1.165021e+01 1.109633e+04 1.368205e+04 2.75961 6.126546e-01
6.940000e-01 3.099000e+00 2.384651e+00 2.791050e+00 1.165444e+01 1.111225e+04 1.367711e+04 2.76163 6.140511e-01
6.930000e-01 3.099000e+00 2.388513e+00 2.795671e+00 1.167073e+01 1.111467e+04 1.365292e+04 2.76816 6.136493e-01
6.920000e-01 3.099000e+00 2.389453e+00 2.796682e+00 1.167858e+01 1.112666e+04 1.364212e+04 2.77102 6.144616e-01
6.910000e-01 3.099000e+00 2.390403e+00 2.797711e+00 1.168647e+01 1.113854e+04 1.363127e+04 2.77389 6.152657e-01
6.900000e-01 3.099000e+00 2.391348e+00 2.798733e+00 1.169438e+01 1.115030e+04 1.362040e+04 2.77675 6.160631e-01
6.890000e-01 3.099000e+00 2.392288e+00 2.799748e+00 1.170230e+01 1.116194e+04 1.360949e+04 2.7796 6.168543e-01
6.880000e-01 3.099000e+00 2.393261e+00 2.800811e+00 1.171034e+01 1.117346e+04 1.359842e+04 2.78249 6.176291e-01
6.870000e-01 3.099000e+00 2.394197e+00 2.801823e+00 1.171834e+01 1.118496e+04 1.358740e+04 2.78533 6.184126e-01
6.860000e-01 3.099000e+00 2.395131e+00 2.802832e+00 1.172637e+01 1.119640e+04 1.357632e+04 2.78817 6.191925e-01
6.850000e-01 3.099000e+00 2.396063e+00 2.803840e+00 1.173444e+01 1.120777e+04 1.356519e+04 2.791 6.199690e-01
6.840000e-01 3.099000e+00 2.396993e+00 2.804846e+00 1.174255e+01 1.121907e+04 1.355399e+04 2.79383 6.207414e-01
6.830000e-01 3.099000e+00 2.397920e+00 2.805850e+00 1.175069e+01 1.123029e+04 1.354274e+04 2.79665 6.215090e-01
6.820000e-01 3.099000e+00 2.398844e+00 2.806850e+00 1.175886e+01 1.124142e+04 1.353144e+04 2.79947 6.222716e-01
6.810000e-01 3.099000e+00 2.399764e+00 2.807846e+00 1.176706e+01 1.125246e+04 1.352009e+04 2.80228 6.230295e-01
6.800000e-01 3.099000e+00 2.400683e+00 2.808843e+00 1.177531e+01 1.126344e+04 1.350868e+04 2.80508 6.237840e-01
6.790000e-01 3.099000e+00 2.401600e+00 2.809837e+00 1.178358e+01 1.127434e+04 1.349722e+04 2.80788 6.245339e-01
6.780000e-01 3.099000e+00 2.402512e+00 2.810826e+00 1.179189e+01 1.128514e+04 1.348571e+04 2.81067 6.252785e-01
6.770000e-01 3.099000e+00 2.403421e+00 2.811813e+00 1.180023e+01 1.129585e+04 1.347416e+04 2.81346 6.260177e-01
6.760000e-01 3.099000e+00 2.404326e+00 2.812794e+00 1.180859e+01 1.130645e+04 1.346258e+04 2.81623 6.267510e-01
6.750000e-01 3.099000e+00 2.405225e+00 2.813768e+00 1.181696e+01 1.131692e+04 1.345097e+04 2.81899 6.274777e-01
6.740000e-01 3.099000e+00 2.406119e+00 2.814737e+00 1.182536e+01 1.132729e+04 1.343933e+04 2.82175 6.281991e-01
6.730000e-01 3.099000e+00 2.407010e+00 2.815702e+00 1.183381e+01 1.133760e+04 1.342761e+04 2.82449 6.289171e-01
6.720000e-01 3.099000e+00 2.407898e+00 2.816665e+00 1.184230e+01 1.134783e+04 1.341583e+04 2.82724 6.296310e-01
6.710000e-01 3.099000e+00 2.408785e+00 2.817627e+00 1.185083e+01 1.135800e+04 1.340398e+04 2.82997 6.303411e-01
6.700000e-01 3.099000e+00 2.409668e+00 2.818587e+00 1.185941e+01 1.136810e+04 1.339206e+04 2.8327 6.310469e-01
6.690000e-01 3.099000e+00 2.410547e+00 2.819541e+00 1.186802e+01 1.137810e+04 1.338008e+04 2.83542 6.317473e-01
6.680000e-01 3.099000e+00 2.411456e+00 2.820539e+00 1.187675e+01 1.138798e+04 1.336792e+04 2.83816 6.324301e-01
6.670000e-01 3.099000e+00 2.412329e+00 2.821488e+00 1.188543e+01 1.139781e+04 1.335583e+04 2.84086 6.331195e-01
6.660000e-01 3.099000e+00 2.413196e+00 2.822430e+00 1.189416e+01 1.140757e+04 1.334367e+04 2.84355 6.338050e-01
6.650000e-01 3.099000e+00 2.414059e+00 2.823369e+00 1.190292e+01 1.141726e+04 1.333144e+04 2.84622 6.344855e-01
6.640000e-01 3.099000e+00 2.414918e+00 2.824303e+00 1.191171e+01 1.142685e+04 1.331916e+04 2.84888 6.351603e-01
6.630000e-01 3.099000e+00 2.415771e+00 2.825231e+00 1.192053e+01 1.143633e+04 1.330683e+04 2.85153 6.358291e-01
6.620000e-01 3.099000e+00 2.416619e+00 2.826152e+00 1.192938e+01 1.144572e+04 1.329446e+04 2.85416 6.364916e-01
6.610000e-01 3.099000e+00 2.417459e+00 2.827064e+00 1.193825e+01 1.145497e+04 1.328205e+04 2.85678 6.371469e-01
6.600000e-01 3.099000e+00 2.418294e+00 2.827969e+00 1.194714e+01 1.146413e+04 1.326960e+04 2.85938 6.377962e-01
6.590000e-01 3.099000e+00 2.419123e+00 2.828869e+00 1.195608e+01 1.147321e+04 1.325707e+04 2.86197 6.384416e-01
6.580000e-01 3.099000e+00 2.419949e+00 2.829765e+00 1.196507e+01 1.148222e+04 1.324446e+04 2.86455 6.390824e-01
6.570000e-01 3.099000e+00 2.420773e+00 2.830660e+00 1.197411e+01 1.149115e+04 1.323179e+04 2.86712 6.397188e-01
6.560000e-01 3.099000e+00 2.421591e+00 2.831551e+00 1.198319e+01 1.150002e+04 1.321903e+04 2.86968 6.403504e-01
6.550000e-01 3.099000e+00 2.422405e+00 2.832435e+00 1.199232e+01 1.150878e+04 1.320622e+04 2.87223 6.409765e-01
6.540000e-01 3.099000e+00 2.423213e+00 2.833315e+00 1.200148e+01 1.151745e+04 1.319335e+04 2.87476 6.415968e-01
6.530000e-01 3.099000e+00 2.424018e+00 2.834192e+00 1.201068e+01 1.152604e+04 1.318042e+04 2.87728 6.422121e-01
6.520000e-01 3.099000e+00 2.424817e+00 2.835062e+00 1.201993e+01 1.153454e+04 1.316741e+04 2.87979 6.428227e-01
6.510000e-01 3.099000e+00 2.425611e+00 2.835929e+00 1.202923e+01 1.154296e+04 1.315434e+04 2.88229 6.434279e-01
6.500000e-01 3.099000e+00 2.426432e+00 2.836836e+00 1.203865e+01 1.155123e+04 1.314109e+04 2.88481 6.440152e-01
6.490000e-01 3.099000e+00 2.427216e+00 2.837692e+00 1.204802e+01 1.155944e+04 1.312790e+04 2.88728 6.446077e-01
6.480000e-01 3.099000e+00 2.427993e+00 2.838539e+00 1.205742e+01 1.156754e+04 1.311468e+04 2.88972 6.451938e-01
6.470000e-01 3.099000e+00 2.428761e+00 2.839375e+00 1.206683e+01 1.157552e+04 1.310141e+04 2.89215 6.457727e-01
6.460000e-01 3.099000e+00 2.429522e+00 2.840203e+00 1.207628e+01 1.158340e+04 1.308809e+04 2.89457 6.463457e-01
6.450000e-01 3.099000e+00 2.430278e+00 2.841027e+00 1.208579e+01 1.159120e+04 1.307469e+04 2.89696 6.469141e-01
6.440000e-01 3.099000e+00 2.431028e+00 2.841844e+00 1.209535e+01 1.159892e+04 1.306121e+04 2.89934 6.474773e-01
6.430000e-01 3.099000e+00 2.431773e+00 2.842657e+00 1.210496e+01 1.160656e+04 1.304764e+04 2.90171 6.480350e-01
6.420000e-01 3.099000e+00 2.432513e+00 2.843464e+00 1.211462e+01 1.161412e+04 1.303398e+04 2.90406 6.485874e-01
6.410000e-01 3.099000e+00 2.433245e+00 2.844263e+00 1.212433e+01 1.162158e+04 1.302026e+04 2.90638 6.491329e-01
6.400000e-01 3.099000e+00 2.433970e+00 2.845055e+00 1.213407e+01 1.162895e+04 1.300647e+04 2.90869 6.496723e-01
6.390000e-01 3.099000e+00 2.434688e+00 2.845839e+00 1.214386e+01 1.163623e+04 1.299260e+04 2.91097 6.502055e-01
6.380000e-01 3.099000e+00 2.435400e+00 2.846616e+00 1.215371e+01 1.164342e+04 1.297865e+04 2.91324 6.507332e-01
6.370000e-01 3.099000e+00 2.436105e+00 2.847387e+00 1.216360e+01 1.165052e+04 1.296462e+04 2.91548 6.512544e-01
6.360000e-01 3.099000e+00 2.436803e+00 2.848150e+00 1.217353e+01 1.165751e+04 1.295054e+04 2.91771 6.517692e-01
6.350000e-01 3.099000e+00 2.437493e+00 2.848905e+00 1.218350e+01 1.166440e+04 1.293639e+04 2.91991 6.522772e-01
6.340000e-01 3.099000e+00 2.438205e+00 2.849693e+00 1.219357e+01 1.167111e+04 1.292210e+04 2.92212 6.527656e-01
6.330000e-01 3.099000e+00 2.438880e+00 2.850428e+00 1.220360e+01 1.167774e+04 1.290786e+04 2.92428 6.532580e-01
6.320000e-01 3.099000e+00 2.439545e+00 2.851154e+00 1.221367e+01 1.168430e+04 1.289355e+04 2.92642 6.537453e-01
6.310000e-01 3.099000e+00 2.440203e+00 2.851872e+00 1.222381e+01 1.169077e+04 1.287915e+04 2.92853 6.542269e-01
6.300000e-01 3.099000e+00 2.440854e+00 2.852583e+00 1.223400e+01 1.169715e+04 1.286465e+04 2.93062 6.547023e-01
6.290000e-01 3.099000e+00 2.441498e+00 2.853286e+00 1.224424e+01 1.170345e+04 1.285006e+04 2.93269 6.551714e-01
6.280000e-01 3.099000e+00 2.442133e+00 2.853981e+00 1.225455e+01 1.170966e+04 1.283538e+04 2.93473 6.556336e-01
6.270000e-01 3.099000e+00 2.442760e+00 2.854665e+00 1.226489e+01 1.171576e+04 1.282062e+04 2.93674 6.560884e-01
6.260000e-01 3.099000e+00 2.443377e+00 2.855339e+00 1.227528e+01 1.172176e+04 1.280579e+04 2.93873 6.565359e-01
6.250000e-01 3.099000e+00 2.443985e+00 2.856003e+00 1.228573e+01 1.172767e+04 1.279085e+04 2.94068 6.569769e-01
6.240000e-01 3.099000e+00 2.444585e+00 2.856660e+00 1.229624e+01 1.173350e+04 1.277583e+04 2.94261 6.574112e-01
6.230000e-01 3.099000e+00 2.445178e+00 2.857309e+00 1.230679e+01 1.173921e+04 1.276074e+04 2.94451 6.578383e-01
6.220000e-01 3.099000e+00 2.445760e+00 2.857946e+00 1.231739e+01 1.174481e+04 1.274558e+04 2.94639 6.582580e-01
6.210000e-01 3.099000e+00 2.446335e+00 2.858575e+00 1.232802e+01 1.175030e+04 1.273038e+04 2.94825 6.586704e-01
6.200000e-01 3.099000e+00 2.446900e+00 2.859191e+00 1.233868e+01 1.175566e+04 1.271513e+04 2.95007 6.590751e-01
6.190000e-01 3.099000e+00 2.447484e+00 2.859838e+00 1.234948e+01 1.176085e+04 1.269971e+04 2.95191 6.594613e-01
6.180000e-01 3.099000e+00 2.448032e+00 2.860438e+00 1.236026e+01 1.176601e+04 1.268429e+04 2.95369 6.598527e-01
6.170000e-01 3.099000e+00 2.448570e+00 2.861025e+00 1.237111e+01 1.177108e+04 1.266877e+04 2.95544 6.602375e-01
6.160000e-01 3.099000e+00 2.449099e+00 2.861603e+00 1.238202e+01 1.177605e+04 1.265315e+04 2.95716 6.606153e-01
6.150000e-01 3.099000e+00 2.449618e+00 2.862173e+00 1.239299e+01 1.178094e+04 1.263743e+04 2.95884 6.609858e-01
6.140000e-01 3.099000e+00 2.450128e+00 2.862730e+00 1.240401e+01 1.178570e+04 1.262163e+04 2.9605 6.613485e-01
6.130000e-01 3.099000e+00 2.450628e+00 2.863278e+00 1.241509e+01 1.179037e+04 1.260575e+04 2.96213 6.617038e-01
6.120000e-01 3.099000e+00 2.451118e+00 2.863816e+00 1.242624e+01 1.179494e+04 1.258978e+04 2.96373 6.620525e-01
6.110000e-01 3.099000e+00 2.451600e+00 2.864345e+00 1.243745e+01 1.179941e+04 1.257371e+04 2.9653 6.623938e-01
6.100000e-01 3.099000e+00 2.452071e+00 2.864864e+00 1.244871e+01 1.180377e+04 1.255756e+04 2.96683 6.627275e-01
6.090000e-01 3.099000e+00 2.452532e+00 2.865370e+00 1.246003e+01 1.180801e+04 1.254134e+04 2.96834 6.630531e-01
6.080000e-01 3.099000e+00 2.452981e+00 2.865863e+00 1.247138e+01 1.181214e+04 1.252505e+04 2.96981 6.633699e-01
6.070000e-01 3.099000e+00 2.453417e+00 2.866340e+00 1.248277e+01 1.181615e+04 1.250871e+04 2.97123 6.636775e-01
6.060000e-01 3.099000e+00 2.453869e+00 2.866840e+00 1.249428e+01 1.181997e+04 1.249218e+04 2.97265 6.639649e-01
6.050000e-01 3.099000e+00 2.454282e+00 2.867291e+00 1.250579e+01 1.182376e+04 1.247564e+04 2.974 6.642559e-01
6.040000e-01 3.099000e+00 2.454683e+00 2.867728e+00 1.251738e+01 1.182745e+04 1.245899e+04 2.97532 6.645393e-01
6.030000e-01 3.099000e+00 2.455073e+00 2.868155e+00 1.252903e+01 1.183105e+04 1.244222e+04 2.97659 6.648148e-01
6.020000e-01 3.099000e+00 2.455453e+00 2.868571e+00 1.254076e+01 1.183454e+04 1.242535e+04 2.97783 6.650823e-01
6.010000e-01 3.099000e+00 2.455821e+00 2.868973e+00 1.255254e+01 1.183791e+04 1.240840e+04 2.97904 6.653414e-01
6.000000e-01 3.099000e+00 2.456179e+00 2.869364e+00 1.256439e+01 1.184117e+04 1.239137e+04 2.98021 6.655926e-01
5.990000e-01 3.099000e+00 2.456526e+00 2.869745e+00 1.257632e+01 1.184434e+04 1.237422e+04 2.98134 6.658365e-01
5.980000e-01 3.099000e+00 2.456861e+00 2.870114e+00 1.258832e+01 1.184739e+04 1.235698e+04 2.98245 6.660724e-01
5.970000e-01 3.099000e+00 2.457186e+00 2.870471e+00 1.260038e+01 1.185033e+04 1.233965e+04 2.98351 6.662995e-01
5.960000e-01 3.099000e+00 2.457499e+00 2.870815e+00 1.261250e+01 1.185315e+04 1.232225e+04 2.98454 6.665187e-01
5.950000e-01 3.099000e+00 2.457827e+00 2.871184e+00 1.262475e+01 1.185579e+04 1.230468e+04 2.98557 6.667176e-01
5.940000e-01 3.099000e+00 2.458118e+00 2.871503e+00 1.263696e+01 1.185836e+04 1.228716e+04 2.98652 6.669186e-01
5.930000e-01 3.099000e+00 2.458395e+00 2.871806e+00 1.264922e+01 1.186081e+04 1.226958e+04 2.98745 6.671124e-01
5.920000e-01 3.099000e+00 2.458660e+00 2.872095e+00 1.266157e+01 1.186317e+04 1.225186e+04 2.98833 6.672979e-01
5.910000e-01 3.099000e+00 2.458910e+00 2.872368e+00 1.267400e+01 1.186540e+04 1.223403e+04 2.98916 6.674738e-01
5.900000e-01 3.099000e+00 2.459147e+00 2.872627e+00 1.268652e+01 1.186754e+04 1.221606e+04 2.98995 6.676406e-01
5.890000e-01 3.099000e+00 2.459371e+00 2.872874e+00 1.269912e+01 1.186957e+04 1.219799e+04 2.99069 6.677981e-01
5.880000e-01 3.099000e+00 2.459582e+00 2.873103e+00 1.271178e+01 1.187147e+04 1.217982e+04 2.99138 6.679459e-01
5.870000e-01 3.099000e+00 2.459777e+00 2.873316e+00 1.272451e+01 1.187326e+04 1.216155e+04 2.99202 6.680838e-01
5.860000e-01 3.099000e+00 2.459961e+00 2.873517e+00 1.273733e+01 1.187495e+04 1.214315e+04 2.99263 6.682133e-01
5.850000e-01 3.099000e+00 2.460131e+00 2.873704e+00 1.275023e+01 1.187651e+04 1.212466e+04 2.99318 6.683336e-01
5.840000e-01 3.099000e+00 2.460288e+00 2.873877e+00 1.276320e+01 1.187796e+04 1.210607e+04 2.9937 6.684448e-01
5.830000e-01 3.099000e+00 2.460462e+00 2.874076e+00 1.277632e+01 1.187923e+04 1.208731e+04 2.99422 6.685367e-01
5.820000e-01 3.099000e+00 2.460598e+00 2.874226e+00 1.278941e+01 1.188042e+04 1.206861e+04 2.99467 6.686308e-01
5.810000e-01 3.099000e+00 2.460721e+00 2.874358e+00 1.280255e+01 1.188149e+04 1.204985e+04 2.99508 6.687165e-01
5.800000e-01 3.099000e+00 2.460831e+00 2.874479e+00 1.281577e+01 1.188244e+04 1.203100e+04 2.99546 6.687947e-01
5.790000e-01 3.099000e+00 2.460929e+00 2.874586e+00 1.282908e+01 1.188329e+04 1.201203e+04 2.9958 6.688642e-01
5.780000e-01 3.099000e+00 2.461009e+00 2.874672e+00 1.284249e+01 1.188401e+04 1.199292e+04 2.99607 6.689229e-01
5.770000e-01 3.099000e+00 2.461076e+00 2.874746e+00 1.285600e+01 1.188462e+04 1.197368e+04 2.9963 6.689719e-01
5.760000e-01 3.099000e+00 2.461128e+00 2.874803e+00 1.286958e+01 1.188511e+04 1.195434e+04 2.99648 6.690107e-01
5.750000e-01 3.099000e+00 2.461164e+00 2.874840e+00 1.288325e+01 1.188548e+04 1.193489e+04 2.9966 6.690384e-01
5.740000e-01 3.099000e+00 2.461185e+00 2.874863e+00 1.289700e+01 1.188573e+04 1.191532e+04 2.99666 6.690562e-01
5.730000e-01 3.099000e+00 2.461192e+00 2.874870e+00 1.291085e+01 1.188587e+04 1.189563e+04 2.99668 6.690645e-01
5.720000e-01 3.099000e+00 2.461209e+00 2.874895e+00 1.292487e+01 1.188581e+04 1.187573e+04 2.99668 6.690511e-01
5.725469e-01 3.099000e+00 2.461614e+00 2.875414e+00 1.291886e+01 1.188440e+04 1.188426e+04 2.99695 6.688127e-01
