1.000000e+00 3.131770e+00 2.112077e+00 2.507320e+00 1.011260e+01 0.000000e+00 1.646728e+04 0 0.000000e+00
9.990000e-01 3.131770e+00 2.113906e+00 2.508807e+00 1.012204e+01 6.783574e+02 1.635552e+04 2.01906 3.487575e-02
9.980000e-01 3.131770e+00 2.114033e+00 2.508664e+00 1.012359e+01 9.598216e+02 1.631580e+04 2.11721 5.173902e-02
9.970000e-01 3.131770e+00 2.115185e+00 2.509938e+00 1.012846e+01 1.171971e+03 1.628353e+04 2.02397 6.032707e-02
9.960000e-01 3.131770e+00 2.115358e+00 2.509856e+00 1.013017e+01 1.357391e+03 1.625807e+04 2.06735 7.135744e-02
9.950000e-01 3.131770e+00 2.116499e+00 2.511112e+00 1.013499e+01 1.516761e+03 1.623291e+04 2.02738 7.810955e-02
9.940000e-01 3.131770e+00 2.116792e+00 2.511215e+00 1.013683e+01 1.667404e+03 1.621265e+04 2.0574 8.711436e-02
9.930000e-01 3.131770e+00 2.117883e+00 2.512438e+00 1.014150e+01 1.802005e+03 1.619104e+04 2.03084 9.283586e-02
9.920000e-01 3.131770e+00 2.118238e+00 2.512646e+00 1.014340e+01 1.931396e+03 1.617392e+04 2.0535 1.005783e-01
9.910000e-01 3.131770e+00 2.119301e+00 2.513850e+00 1.014799e+01 2.049133e+03 1.615471e+04 2.03431 1.056063e-01
9.900000e-01 3.131770e+00 2.120029e+00 2.514592e+00 1.015125e+01 2.162266e+03 1.613802e+04 2.03609 1.114574e-01
9.890000e-01 3.131770e+00 2.120748e+00 2.515325e+00 1.015449e+01 2.269532e+03 1.612218e+04 2.03784 1.170077e-01
9.880000e-01 3.131770e+00 2.121466e+00 2.516058e+00 1.015774e+01 2.371547e+03 1.610707e+04 2.03959 1.222894e-01
9.870000e-01 3.131770e+00 2.122182e+00 2.516787e+00 1.016098e+01 2.468919e+03 1.609260e+04 2.04134 1.273338e-01
9.860000e-01 3.131770e+00 2.122898e+00 2.517514e+00 1.016424e+01 2.562452e+03 1.607864e+04 2.0431 1.321825e-01
9.850000e-01 3.131770e+00 2.123616e+00 2.518244e+00 1.016751e+01 2.652740e+03 1.606513e+04 2.04487 1.368658e-01
9.840000e-01 3.131770e+00 2.124337e+00 2.518977e+00 1.017078e+01 2.740095e+03 1.605202e+04 2.04664 1.413996e-01
9.830000e-01 3.131770e+00 2.125058e+00 2.519712e+00 1.017407e+01 2.824625e+03 1.603929e+04 2.04842 1.457893e-01
9.820000e-01 3.131770e+00 2.125779e+00 2.520445e+00 1.017736e+01 2.906454e+03 1.602692e+04 2.0502 1.500414e-01
9.810000e-01 3.131770e+00 2.126500e+00 2.521176e+00 1.018066e+01 2.985928e+03 1.601485e+04 2.05199 1.541737e-01
9.800000e-01 3.131770e+00 2.127220e+00 2.521905e+00 1.018397e+01 3.063163e+03 1.600309e+04 2.05377 1.581921e-01
9.790000e-01 3.131770e+00 2.127938e+00 2.522629e+00 1.018728e+01 3.138183e+03 1.599161e+04 2.05556 1.620979e-01
9.780000e-01 3.131770e+00 2.128652e+00 2.523343e+00 1.019060e+01 3.211013e+03 1.598041e+04 2.05734 1.658923e-01
9.770000e-01 3.131770e+00 2.128967e+00 2.523508e+00 1.019252e+01 3.284173e+03 1.597150e+04 2.06496 1.702499e-01
9.760000e-01 3.131770e+00 2.130058e+00 2.524729e+00 1.019724e+01 3.351131e+03 1.595873e+04 2.0609 1.732017e-01
9.750000e-01 3.131770e+00 2.130384e+00 2.524905e+00 1.019921e+01 3.421657e+03 1.595017e+04 2.06812 1.774119e-01
9.740000e-01 3.131770e+00 2.131489e+00 2.526141e+00 1.020399e+01 3.486592e+03 1.593760e+04 2.0645 1.802758e-01
9.730000e-01 3.131770e+00 2.132224e+00 2.526877e+00 1.020740e+01 3.552788e+03 1.592722e+04 2.06632 1.837339e-01
9.720000e-01 3.131770e+00 2.132953e+00 2.527604e+00 1.021081e+01 3.617932e+03 1.591701e+04 2.06815 1.871399e-01
9.710000e-01 3.131770e+00 2.133686e+00 2.528340e+00 1.021422e+01 3.682099e+03 1.590693e+04 2.06997 1.904963e-01
9.700000e-01 3.131770e+00 2.134424e+00 2.529083e+00 1.021765e+01 3.745257e+03 1.589698e+04 2.07181 1.938016e-01
9.690000e-01 3.131770e+00 2.135164e+00 2.529830e+00 1.022107e+01 3.807325e+03 1.588717e+04 2.07365 1.970515e-01
9.680000e-01 3.131770e+00 2.135905e+00 2.530579e+00 1.022450e+01 3.868267e+03 1.587751e+04 2.07549 2.002443e-01
9.670000e-01 3.131770e+00 2.136645e+00 2.531327e+00 1.022793e+01 3.928112e+03 1.586798e+04 2.07733 2.033815e-01
9.660000e-01 3.131770e+00 2.137386e+00 2.532076e+00 1.023137e+01 3.987034e+03 1.585856e+04 2.07917 2.064721e-01
9.650000e-01 3.131770e+00 2.138129e+00 2.532829e+00 1.023481e+01 4.045131e+03 1.584925e+04 2.08102 2.095213e-01
9.640000e-01 3.131770e+00 2.138875e+00 2.533585e+00 1.023827e+01 4.102403e+03 1.584005e+04 2.08288 2.125289e-01
9.630000e-01 3.131770e+00 2.139622e+00 2.534342e+00 1.024173e+01 4.158797e+03 1.583095e+04 2.08473 2.154921e-01
9.620000e-01 3.131770e+00 2.140368e+00 2.535099e+00 1.024519e+01 4.214322e+03 1.582197e+04 2.08659 2.184115e-01
9.610000e-01 3.131770e+00 2.141116e+00 2.535856e+00 1.024867e+01 4.269090e+03 1.581308e+04 2.08846 2.212930e-01
9.600000e-01 3.131770e+00 2.141864e+00 2.536613e+00 1.025215e+01 4.323082e+03 1.580428e+04 2.09032 2.241354e-01
9.590000e-01 3.131770e+00 2.142611e+00 2.537367e+00 1.025564e+01 4.376217e+03 1.579557e+04 2.09219 2.269347e-01
9.580000e-01 3.131770e+00 2.143355e+00 2.538115e+00 1.025912e+01 4.428446e+03 1.578697e+04 2.09406 2.296883e-01
9.570000e-01 3.131770e+00 2.143686e+00 2.538303e+00 1.026116e+01 4.482056e+03 1.578077e+04 2.09864 2.329054e-01
9.560000e-01 3.131770e+00 2.144873e+00 2.539643e+00 1.026620e+01 4.530736e+03 1.576988e+04 2.09786 2.350871e-01
9.550000e-01 3.131770e+00 2.145588e+00 2.540347e+00 1.026967e+01 4.581362e+03 1.576154e+04 2.09968 2.377623e-01
9.540000e-01 3.131770e+00 2.146339e+00 2.541099e+00 1.027322e+01 4.631536e+03 1.575313e+04 2.10158 2.404147e-01
9.530000e-01 3.131770e+00 2.147095e+00 2.541859e+00 1.027678e+01 4.681250e+03 1.574477e+04 2.10348 2.430439e-01
9.520000e-01 3.131770e+00 2.147855e+00 2.542624e+00 1.028035e+01 4.730490e+03 1.573646e+04 2.10539 2.456493e-01
9.510000e-01 3.131770e+00 2.148618e+00 2.543394e+00 1.028393e+01 4.779280e+03 1.572821e+04 2.1073 2.482322e-01
9.500000e-01 3.131770e+00 2.149384e+00 2.544169e+00 1.028752e+01 4.827572e+03 1.572002e+04 2.10922 2.507900e-01
9.490000e-01 3.131770e+00 2.150151e+00 2.544947e+00 1.029111e+01 4.875341e+03 1.571189e+04 2.11114 2.533215e-01
9.480000e-01 3.131770e+00 2.150919e+00 2.545725e+00 1.029471e+01 4.922556e+03 1.570383e+04 2.11307 2.558252e-01
9.470000e-01 3.131770e+00 2.151687e+00 2.546504e+00 1.029831e+01 4.969277e+03 1.569582e+04 2.11499 2.583043e-01
9.460000e-01 3.131770e+00 2.152458e+00 2.547286e+00 1.030193e+01 5.015596e+03 1.568784e+04 2.11693 2.607635e-01
9.450000e-01 3.131770e+00 2.153231e+00 2.548071e+00 1.030555e+01 5.061522e+03 1.567991e+04 2.11887 2.632033e-01
9.440000e-01 3.131770e+00 2.154006e+00 2.548860e+00 1.030919e+01 5.107011e+03 1.567202e+04 2.12081 2.656213e-01
9.430000e-01 3.131770e+00 2.154782e+00 2.549648e+00 1.031283e+01 5.152005e+03 1.566418e+04 2.12276 2.680145e-01
9.420000e-01 3.131770e+00 2.155602e+00 2.550496e+00 1.031656e+01 5.196495e+03 1.565626e+04 2.12477 2.703792e-01
9.410000e-01 3.131770e+00 2.156337e+00 2.551229e+00 1.032013e+01 5.240644e+03 1.564863e+04 2.12667 2.727335e-01
9.400000e-01 3.131770e+00 2.157156e+00 2.552075e+00 1.032387e+01 5.284194e+03 1.564081e+04 2.12868 2.750515e-01
9.390000e-01 3.131770e+00 2.157888e+00 2.552802e+00 1.032745e+01 5.327277e+03 1.563329e+04 2.13058 2.773526e-01
9.380000e-01 3.131770e+00 2.158225e+00 2.553001e+00 1.032959e+01 5.371989e+03 1.562823e+04 2.1341 2.800549e-01
9.370000e-01 3.131770e+00 2.159466e+00 2.554403e+00 1.033485e+01 5.411847e+03 1.561805e+04 2.13455 2.818684e-01
9.360000e-01 3.131770e+00 2.160252e+00 2.555199e+00 1.033857e+01 5.453806e+03 1.561049e+04 2.13652 2.841088e-01
9.350000e-01 3.131770e+00 2.161032e+00 2.555986e+00 1.034228e+01 5.495562e+03 1.560295e+04 2.1385 2.863423e-01
9.340000e-01 3.131770e+00 2.161817e+00 2.556779e+00 1.034601e+01 5.537083e+03 1.559543e+04 2.14048 2.885643e-01
9.330000e-01 3.131770e+00 2.162605e+00 2.557578e+00 1.034976e+01 5.578331e+03 1.558794e+04 2.14248 2.907728e-01
9.320000e-01 3.131770e+00 2.163396e+00 2.558381e+00 1.035351e+01 5.619308e+03 1.558047e+04 2.14448 2.929680e-01
9.310000e-01 3.131770e+00 2.164190e+00 2.559188e+00 1.035727e+01 5.659981e+03 1.557303e+04 2.14649 2.951480e-01
9.300000e-01 3.131770e+00 2.164985e+00 2.559997e+00 1.036104e+01 5.700324e+03 1.556563e+04 2.1485 2.973116e-01
9.290000e-01 3.131770e+00 2.165780e+00 2.560808e+00 1.036481e+01 5.740309e+03 1.555826e+04 2.15051 2.994573e-01
9.280000e-01 3.131770e+00 2.166577e+00 2.561619e+00 1.036859e+01 5.779970e+03 1.555093e+04 2.15252 3.015871e-01
9.270000e-01 3.131770e+00 2.167376e+00 2.562433e+00 1.037239e+01 5.819383e+03 1.554361e+04 2.15455 3.037049e-01
9.260000e-01 3.131770e+00 2.168177e+00 2.563251e+00 1.037619e+01 5.858562e+03 1.553632e+04 2.15658 3.058113e-01
9.250000e-01 3.131770e+00 2.168981e+00 2.564072e+00 1.038001e+01 5.897475e+03 1.552904e+04 2.15861 3.079047e-01
9.240000e-01 3.131770e+00 2.169786e+00 2.564894e+00 1.038384e+01 5.936076e+03 1.552178e+04 2.16065 3.099828e-01
9.230000e-01 3.131770e+00 2.170591e+00 2.565717e+00 1.038767e+01 5.974383e+03 1.551455e+04 2.16269 3.120464e-01
9.220000e-01 3.131770e+00 2.171398e+00 2.566541e+00 1.039151e+01 6.012406e+03 1.550733e+04 2.16474 3.140961e-01
9.210000e-01 3.131770e+00 2.172205e+00 2.567364e+00 1.039536e+01 6.050077e+03 1.550015e+04 2.16679 3.161283e-01
9.200000e-01 3.131770e+00 2.173010e+00 2.568184e+00 1.039921e+01 6.087345e+03 1.549300e+04 2.16884 3.181405e-01
9.190000e-01 3.131770e+00 2.173813e+00 2.568999e+00 1.040306e+01 6.124228e+03 1.548588e+04 2.17089 3.201337e-01
9.180000e-01 3.131770e+00 2.174616e+00 2.569814e+00 1.040693e+01 6.160882e+03 1.547878e+04 2.17294 3.221161e-01
9.170000e-01 3.131770e+00 2.175423e+00 2.570633e+00 1.041081e+01 6.197410e+03 1.547167e+04 2.175 3.240930e-01
9.160000e-01 3.131770e+00 2.176235e+00 2.571457e+00 1.041472e+01 6.233813e+03 1.546455e+04 2.17708 3.260643e-01
9.150000e-01 3.131770e+00 2.177050e+00 2.572287e+00 1.041864e+01 6.270053e+03 1.545744e+04 2.17916 3.280278e-01
9.140000e-01 3.131770e+00 2.177868e+00 2.573121e+00 1.042258e+01 6.306105e+03 1.545034e+04 2.18125 3.299820e-01
9.130000e-01 3.131770e+00 2.178689e+00 2.573959e+00 1.042652e+01 6.341948e+03 1.544326e+04 2.18334 3.319261e-01
9.120000e-01 3.131770e+00 2.179512e+00 2.574800e+00 1.043047e+01 6.377561e+03 1.543619e+04 2.18544 3.338587e-01
9.110000e-01 3.131770e+00 2.180335e+00 2.575643e+00 1.043442e+01 6.412915e+03 1.542914e+04 2.18754 3.357784e-01
9.100000e-01 3.131770e+00 2.181159e+00 2.576486e+00 1.043838e+01 6.447991e+03 1.542212e+04 2.18965 3.376844e-01
9.090000e-01 3.131770e+00 2.181984e+00 2.577331e+00 1.044235e+01 6.482841e+03 1.541512e+04 2.19175 3.395793e-01
9.080000e-01 3.131770e+00 2.182810e+00 2.578178e+00 1.044633e+01 6.517516e+03 1.540812e+04 2.19387 3.414660e-01
9.070000e-01 3.131770e+00 2.183640e+00 2.579029e+00 1.045033e+01 6.552013e+03 1.540113e+04 2.19599 3.433441e-01
9.060000e-01 3.131770e+00 2.184471e+00 2.579881e+00 1.045433e+01 6.586308e+03 1.539415e+04 2.19811 3.452124e-01
9.050000e-01 3.131770e+00 2.185303e+00 2.580736e+00 1.045835e+01 6.620374e+03 1.538719e+04 2.20024 3.470696e-01
9.040000e-01 3.131770e+00 2.186137e+00 2.581591e+00 1.046237e+01 6.654241e+03 1.538024e+04 2.20238 3.489172e-01
9.030000e-01 3.131770e+00 2.186971e+00 2.582447e+00 1.046640e+01 6.687875e+03 1.537329e+04 2.20451 3.507535e-01
9.020000e-01 3.131770e+00 2.187805e+00 2.583302e+00 1.047044e+01 6.721227e+03 1.536637e+04 2.20665 3.525759e-01
9.010000e-01 3.131770e+00 2.188115e+00 2.583471e+00 1.047274e+01 6.756751e+03 1.536245e+04 2.20928 3.547608e-01
9.000000e-01 3.131770e+00 2.189500e+00 2.585043e+00 1.047860e+01 6.787003e+03 1.535250e+04 2.21099 3.561733e-01
8.990000e-01 3.131770e+00 2.190303e+00 2.585854e+00 1.048260e+01 6.819742e+03 1.534570e+04 2.21308 3.579682e-01
8.980000e-01 3.131770e+00 2.190614e+00 2.586023e+00 1.048492e+01 6.854849e+03 1.534181e+04 2.21569 3.601336e-01
8.970000e-01 3.131770e+00 2.192014e+00 2.587612e+00 1.049086e+01 6.884803e+03 1.533179e+04 2.21747 3.615344e-01
8.960000e-01 3.131770e+00 2.192828e+00 2.588436e+00 1.049493e+01 6.917250e+03 1.532497e+04 2.21959 3.633164e-01
8.950000e-01 3.131770e+00 2.193675e+00 2.589305e+00 1.049906e+01 6.949497e+03 1.531806e+04 2.22178 3.650872e-01
8.940000e-01 3.131770e+00 2.194526e+00 2.590179e+00 1.050321e+01 6.981582e+03 1.531115e+04 2.22397 3.668499e-01
8.930000e-01 3.131770e+00 2.194850e+00 2.590369e+00 1.050558e+01 7.015975e+03 1.530732e+04 2.22656 3.689779e-01
8.920000e-01 3.131770e+00 2.196263e+00 2.591974e+00 1.051159e+01 7.045082e+03 1.529728e+04 2.22842 3.703404e-01
8.910000e-01 3.131770e+00 2.197084e+00 2.592810e+00 1.051570e+01 7.076604e+03 1.529050e+04 2.23056 3.720771e-01
8.900000e-01 3.131770e+00 2.197402e+00 2.592993e+00 1.051807e+01 7.110452e+03 1.528673e+04 2.2331 3.741733e-01
8.890000e-01 3.131770e+00 2.198826e+00 2.594613e+00 1.052413e+01 7.139029e+03 1.527669e+04 2.23503 3.755156e-01
8.880000e-01 3.131770e+00 2.199653e+00 2.595456e+00 1.052827e+01 7.170100e+03 1.526992e+04 2.23719 3.772309e-01
8.870000e-01 3.131770e+00 2.199970e+00 2.595639e+00 1.053066e+01 7.203492e+03 1.526619e+04 2.23969 3.793019e-01
8.860000e-01 3.131770e+00 2.201405e+00 2.597271e+00 1.053677e+01 7.231536e+03 1.525613e+04 2.24169 3.806219e-01
8.850000e-01 3.131770e+00 2.202234e+00 2.598117e+00 1.054094e+01 7.262085e+03 1.524937e+04 2.24386 3.823122e-01
8.840000e-01 3.131770e+00 2.202541e+00 2.598288e+00 1.054334e+01 7.294961e+03 1.524570e+04 2.2463 3.843531e-01
8.830000e-01 3.131770e+00 2.203988e+00 2.599931e+00 1.054948e+01 7.322291e+03 1.523564e+04 2.24838 3.856434e-01
8.820000e-01 3.131770e+00 2.204260e+00 2.600057e+00 1.055184e+01 7.354783e+03 1.523206e+04 2.25071 3.876607e-01
8.810000e-01 3.131770e+00 2.205708e+00 2.601696e+00 1.055800e+01 7.381759e+03 1.522201e+04 2.25285 3.889414e-01
8.800000e-01 3.131770e+00 2.205985e+00 2.601829e+00 1.056038e+01 7.414096e+03 1.521844e+04 2.2552 3.909538e-01
8.790000e-01 3.131770e+00 2.207441e+00 2.603477e+00 1.056660e+01 7.440946e+03 1.520834e+04 2.25736 3.922284e-01
8.780000e-01 3.131770e+00 2.207727e+00 2.603621e+00 1.056901e+01 7.473125e+03 1.520477e+04 2.25973 3.942350e-01
8.770000e-01 3.131770e+00 2.209188e+00 2.605276e+00 1.057527e+01 7.499781e+03 1.519462e+04 2.26191 3.954997e-01
8.760000e-01 3.131770e+00 2.210077e+00 2.606199e+00 1.057965e+01 7.529043e+03 1.518772e+04 2.26419 3.971238e-01
8.750000e-01 3.131770e+00 2.210956e+00 2.607107e+00 1.058402e+01 7.558131e+03 1.518086e+04 2.26648 3.987435e-01
8.740000e-01 3.131770e+00 2.211836e+00 2.608016e+00 1.058839e+01 7.587040e+03 1.517400e+04 2.26877 4.003544e-01
8.730000e-01 3.131770e+00 2.212110e+00 2.608147e+00 1.059081e+01 7.618515e+03 1.517052e+04 2.27108 4.023244e-01
8.720000e-01 3.131770e+00 2.213586e+00 2.609819e+00 1.059713e+01 7.644371e+03 1.516035e+04 2.27336 4.035571e-01
8.710000e-01 3.131770e+00 2.213869e+00 2.609966e+00 1.059958e+01 7.675627e+03 1.515685e+04 2.27566 4.055128e-01
8.700000e-01 3.131770e+00 2.215354e+00 2.611650e+00 1.060595e+01 7.701221e+03 1.514664e+04 2.27797 4.067329e-01
8.690000e-01 3.131770e+00 2.215634e+00 2.611792e+00 1.060841e+01 7.732210e+03 1.514317e+04 2.28025 4.086736e-01
8.680000e-01 3.131770e+00 2.217128e+00 2.613487e+00 1.061482e+01 7.757490e+03 1.513294e+04 2.28261 4.098809e-01
8.670000e-01 3.131770e+00 2.217403e+00 2.613622e+00 1.061728e+01 7.788218e+03 1.512949e+04 2.28485 4.118071e-01
8.660000e-01 3.131770e+00 2.218904e+00 2.615325e+00 1.062372e+01 7.813106e+03 1.511924e+04 2.28725 4.129975e-01
8.650000e-01 3.131770e+00 2.219161e+00 2.615438e+00 1.062618e+01 7.843458e+03 1.511583e+04 2.28943 4.149007e-01
8.640000e-01 3.131770e+00 2.220675e+00 2.617154e+00 1.063264e+01 7.867897e+03 1.510557e+04 2.2919 4.160739e-01
8.630000e-01 3.131770e+00 2.220928e+00 2.617261e+00 1.063511e+01 7.898030e+03 1.510218e+04 2.29406 4.179667e-01
8.620000e-01 3.131770e+00 2.222455e+00 2.618990e+00 1.064164e+01 7.922327e+03 1.509186e+04 2.29657 4.191353e-01
8.610000e-01 3.131770e+00 2.222715e+00 2.619107e+00 1.064414e+01 7.952354e+03 1.508846e+04 2.29876 4.210258e-01
8.600000e-01 3.131770e+00 2.224248e+00 2.620844e+00 1.065072e+01 7.976513e+03 1.507808e+04 2.30129 4.221870e-01
8.590000e-01 3.131770e+00 2.224514e+00 2.620971e+00 1.065324e+01 8.006379e+03 1.507468e+04 2.30348 4.240704e-01
8.580000e-01 3.131770e+00 2.226053e+00 2.622714e+00 1.065986e+01 8.030342e+03 1.506426e+04 2.30603 4.252222e-01
8.570000e-01 3.131770e+00 2.226318e+00 2.622841e+00 1.066239e+01 8.059985e+03 1.506087e+04 2.30821 4.270933e-01
8.560000e-01 3.131770e+00 2.227863e+00 2.624593e+00 1.066904e+01 8.083636e+03 1.505043e+04 2.3108 4.282313e-01
8.550000e-01 3.131770e+00 2.228122e+00 2.624713e+00 1.067158e+01 8.113018e+03 1.504707e+04 2.31294 4.300876e-01
8.540000e-01 3.131770e+00 2.229678e+00 2.626476e+00 1.067827e+01 8.136411e+03 1.503659e+04 2.31557 4.312157e-01
8.530000e-01 3.131770e+00 2.229936e+00 2.626598e+00 1.068082e+01 8.165603e+03 1.503324e+04 2.31771 4.330625e-01
8.520000e-01 3.131770e+00 2.231499e+00 2.628370e+00 1.068755e+01 8.188744e+03 1.502273e+04 2.32037 4.341795e-01
8.510000e-01 3.131770e+00 2.231751e+00 2.628484e+00 1.069011e+01 8.217708e+03 1.501939e+04 2.32249 4.360138e-01
8.500000e-01 3.131770e+00 2.233368e+00 2.630329e+00 1.069696e+01 8.240537e+03 1.500872e+04 2.32524 4.371097e-01
8.490000e-01 3.131770e+00 2.233586e+00 2.630397e+00 1.069947e+01 8.269277e+03 1.500548e+04 2.32729 4.389355e-01
8.480000e-01 3.131770e+00 2.235194e+00 2.632226e+00 1.070632e+01 8.291726e+03 1.499484e+04 2.33007 4.400184e-01
8.470000e-01 3.131770e+00 2.235392e+00 2.632269e+00 1.070882e+01 8.320134e+03 1.499164e+04 2.33206 4.418245e-01
8.460000e-01 3.131770e+00 2.237016e+00 2.634116e+00 1.071572e+01 8.342242e+03 1.498096e+04 2.3349 4.428950e-01
8.450000e-01 3.131770e+00 2.237214e+00 2.634159e+00 1.071823e+01 8.370519e+03 1.497777e+04 2.3369 4.446969e-01
8.440000e-01 3.131770e+00 2.238849e+00 2.636017e+00 1.072519e+01 8.392518e+03 1.496701e+04 2.33977 4.457626e-01
8.430000e-01 3.131770e+00 2.239053e+00 2.636069e+00 1.072774e+01 8.420694e+03 1.496381e+04 2.34178 4.475620e-01
8.420000e-01 3.131770e+00 2.240695e+00 2.637936e+00 1.073475e+01 8.442548e+03 1.495299e+04 2.34468 4.486200e-01
8.410000e-01 3.131770e+00 2.240903e+00 2.637995e+00 1.073732e+01 8.470584e+03 1.494978e+04 2.3467 4.504136e-01
8.400000e-01 3.131770e+00 2.242550e+00 2.639869e+00 1.074437e+01 8.492238e+03 1.493891e+04 2.34961 4.514617e-01
8.390000e-01 3.131770e+00 2.242753e+00 2.639923e+00 1.074695e+01 8.520058e+03 1.493572e+04 2.35161 4.532434e-01
8.380000e-01 3.131770e+00 2.244409e+00 2.641806e+00 1.075404e+01 8.541427e+03 1.492482e+04 2.35456 4.542791e-01
8.370000e-01 3.131770e+00 2.244608e+00 2.641857e+00 1.075662e+01 8.569055e+03 1.492164e+04 2.35654 4.560509e-01
8.360000e-01 3.131770e+00 2.246274e+00 2.643753e+00 1.076376e+01 8.590223e+03 1.491069e+04 2.35952 4.570783e-01
8.350000e-01 3.131770e+00 2.246469e+00 2.643799e+00 1.076635e+01 8.617670e+03 1.490751e+04 2.36149 4.588410e-01
8.340000e-01 3.131770e+00 2.248145e+00 2.645706e+00 1.077353e+01 8.638594e+03 1.489652e+04 2.36451 4.598574e-01
8.330000e-01 3.131770e+00 2.248331e+00 2.645742e+00 1.077613e+01 8.665842e+03 1.489336e+04 2.36645 4.616097e-01
8.320000e-01 3.131770e+00 2.250018e+00 2.647663e+00 1.078335e+01 8.686492e+03 1.488232e+04 2.36951 4.626142e-01
8.310000e-01 3.131770e+00 2.250189e+00 2.647680e+00 1.078595e+01 8.713471e+03 1.487918e+04 2.37141 4.643510e-01
8.300000e-01 3.131770e+00 2.251887e+00 2.649612e+00 1.079320e+01 8.733730e+03 1.486812e+04 2.37452 4.653387e-01
8.290000e-01 3.131770e+00 2.252043e+00 2.649610e+00 1.079579e+01 8.760466e+03 1.486501e+04 2.37637 4.670625e-01
8.280000e-01 3.131770e+00 2.253758e+00 2.651560e+00 1.080310e+01 8.780529e+03 1.485388e+04 2.37954 4.680436e-01
8.270000e-01 3.131770e+00 2.253919e+00 2.651566e+00 1.080573e+01 8.807193e+03 1.485075e+04 2.38141 4.697671e-01
8.260000e-01 3.131770e+00 2.255641e+00 2.653524e+00 1.081310e+01 8.827143e+03 1.483953e+04 2.3846 4.707418e-01
8.250000e-01 3.131770e+00 2.255806e+00 2.653536e+00 1.081575e+01 8.853698e+03 1.483640e+04 2.38648 4.724618e-01
8.240000e-01 3.131770e+00 2.257536e+00 2.655504e+00 1.082318e+01 8.873503e+03 1.482512e+04 2.38969 4.734290e-01
8.230000e-01 3.131770e+00 2.257699e+00 2.655516e+00 1.082584e+01 8.899913e+03 1.482198e+04 2.39157 4.751425e-01
8.220000e-01 3.131770e+00 2.259437e+00 2.657493e+00 1.083331e+01 8.919483e+03 1.481065e+04 2.3948 4.760980e-01
8.210000e-01 3.131770e+00 2.259592e+00 2.657496e+00 1.083598e+01 8.945693e+03 1.480752e+04 2.39665 4.778007e-01
8.200000e-01 3.131770e+00 2.261341e+00 2.659486e+00 1.084350e+01 8.965039e+03 1.479613e+04 2.39993 4.787469e-01
8.190000e-01 3.131770e+00 2.261493e+00 2.659487e+00 1.084618e+01 8.991108e+03 1.479301e+04 2.40177 4.804434e-01
8.180000e-01 3.131770e+00 2.263251e+00 2.661488e+00 1.085374e+01 9.010251e+03 1.478157e+04 2.40508 4.813799e-01
8.170000e-01 3.131770e+00 2.263395e+00 2.661480e+00 1.085644e+01 9.036148e+03 1.477845e+04 2.4069 4.830678e-01
8.160000e-01 3.131770e+00 2.265165e+00 2.663495e+00 1.086405e+01 9.055051e+03 1.476695e+04 2.41024 4.839934e-01
8.150000e-01 3.131770e+00 2.265299e+00 2.663475e+00 1.086674e+01 9.080748e+03 1.476385e+04 2.41204 4.856708e-01
8.140000e-01 3.131770e+00 2.267078e+00 2.665499e+00 1.087439e+01 9.099323e+03 1.475230e+04 2.41542 4.865814e-01
8.130000e-01 3.131770e+00 2.267191e+00 2.665452e+00 1.087707e+01 9.124748e+03 1.474923e+04 2.41715 4.882434e-01
8.120000e-01 3.131770e+00 2.268987e+00 2.667496e+00 1.088477e+01 9.143033e+03 1.473764e+04 2.42059 4.891426e-01
8.110000e-01 3.131770e+00 2.269097e+00 2.667447e+00 1.088747e+01 9.168354e+03 1.473456e+04 2.42233 4.908020e-01
8.100000e-01 3.131770e+00 2.270905e+00 2.669502e+00 1.089524e+01 9.186531e+03 1.472287e+04 2.4258 4.916960e-01
8.090000e-01 3.131770e+00 2.271018e+00 2.669459e+00 1.089797e+01 9.211764e+03 1.471977e+04 2.42756 4.933535e-01
8.080000e-01 3.131770e+00 2.272834e+00 2.671524e+00 1.090580e+01 9.229810e+03 1.470800e+04 2.43105 4.942402e-01
8.070000e-01 3.131770e+00 2.272946e+00 2.671481e+00 1.090855e+01 9.254933e+03 1.470490e+04 2.4328 4.958940e-01
8.060000e-01 3.131770e+00 2.274814e+00 2.673618e+00 1.091652e+01 9.272768e+03 1.469292e+04 2.43636 4.967603e-01
8.050000e-01 3.131770e+00 2.274891e+00 2.673529e+00 1.091922e+01 9.297736e+03 1.468990e+04 2.43806 4.984112e-01
8.040000e-01 3.131770e+00 2.276754e+00 2.675656e+00 1.092721e+01 9.315344e+03 1.467792e+04 2.44164 4.992711e-01
8.030000e-01 3.131770e+00 2.276825e+00 2.675562e+00 1.092992e+01 9.340174e+03 1.467490e+04 2.44333 5.009161e-01
8.020000e-01 3.131770e+00 2.278699e+00 2.677702e+00 1.093797e+01 9.357604e+03 1.466285e+04 2.44695 5.017675e-01
8.010000e-01 3.131770e+00 2.278764e+00 2.677602e+00 1.094069e+01 9.382292e+03 1.465983e+04 2.44862 5.034060e-01
8.000000e-01 3.131770e+00 2.280649e+00 2.679753e+00 1.094879e+01 9.399496e+03 1.464771e+04 2.45227 5.042464e-01
7.990000e-01 3.131770e+00 2.280702e+00 2.679639e+00 1.095152e+01 9.424012e+03 1.464470e+04 2.45391 5.058767e-01
7.980000e-01 3.131770e+00 2.282598e+00 2.681804e+00 1.095966e+01 9.440944e+03 1.463252e+04 2.4576 5.067041e-01
7.970000e-01 3.131770e+00 2.282629e+00 2.681663e+00 1.096237e+01 9.465211e+03 1.462953e+04 2.45918 5.083207e-01
7.960000e-01 3.131770e+00 2.284542e+00 2.683846e+00 1.097056e+01 9.481816e+03 1.461731e+04 2.46293 5.091339e-01
7.950000e-01 3.131770e+00 2.284563e+00 2.683693e+00 1.097328e+01 9.505943e+03 1.461433e+04 2.4645 5.107452e-01
7.940000e-01 3.131770e+00 2.286491e+00 2.685893e+00 1.098155e+01 9.522424e+03 1.460200e+04 2.46828 5.115529e-01
7.930000e-01 3.131770e+00 2.286513e+00 2.685743e+00 1.098430e+01 9.546475e+03 1.459900e+04 2.46986 5.131636e-01
7.920000e-01 3.131770e+00 2.288450e+00 2.687954e+00 1.099263e+01 9.562828e+03 1.458658e+04 2.47367 5.139637e-01
7.910000e-01 3.131770e+00 2.288470e+00 2.687804e+00 1.099540e+01 9.586785e+03 1.458357e+04 2.47525 5.155720e-01
7.900000e-01 3.131770e+00 2.290417e+00 2.690027e+00 1.100380e+01 9.602974e+03 1.457106e+04 2.47908 5.163629e-01
7.890000e-01 3.131770e+00 2.290430e+00 2.689869e+00 1.100658e+01 9.626782e+03 1.456805e+04 2.48065 5.179644e-01
7.880000e-01 3.131770e+00 2.292387e+00 2.692105e+00 1.101503e+01 9.642745e+03 1.455547e+04 2.48451 5.187441e-01
7.870000e-01 3.131770e+00 2.292391e+00 2.691937e+00 1.101782e+01 9.666415e+03 1.455246e+04 2.48606 5.203399e-01
7.860000e-01 3.131770e+00 2.294362e+00 2.694189e+00 1.102633e+01 9.682205e+03 1.453980e+04 2.48996 5.211111e-01
7.850000e-01 3.131770e+00 2.294357e+00 2.694014e+00 1.102914e+01 9.705749e+03 1.453679e+04 2.49149 5.227019e-01
7.840000e-01 3.131770e+00 2.296340e+00 2.696279e+00 1.103771e+01 9.721328e+03 1.452405e+04 2.49543 5.234623e-01
7.830000e-01 3.131770e+00 2.296323e+00 2.696090e+00 1.104052e+01 9.744715e+03 1.452104e+04 2.49693 5.250460e-01
7.820000e-01 3.131770e+00 2.298318e+00 2.698370e+00 1.104914e+01 9.760040e+03 1.450824e+04 2.5009 5.257939e-01
7.810000e-01 3.131770e+00 2.298280e+00 2.698154e+00 1.105194e+01 9.783202e+03 1.450525e+04 2.50236 5.273658e-01
7.800000e-01 3.131770e+00 2.300290e+00 2.700450e+00 1.106061e+01 9.798201e+03 1.449239e+04 2.50638 5.280986e-01
7.790000e-01 3.131770e+00 2.300238e+00 2.700218e+00 1.106341e+01 9.821213e+03 1.448941e+04 2.50781 5.296647e-01
7.780000e-01 3.131770e+00 2.302265e+00 2.702534e+00 1.107217e+01 9.836075e+03 1.447645e+04 2.51187 5.303914e-01
7.770000e-01 3.131770e+00 2.302211e+00 2.702301e+00 1.107499e+01 9.859015e+03 1.447345e+04 2.51331 5.319573e-01
7.760000e-01 3.131770e+00 2.304248e+00 2.704629e+00 1.108382e+01 9.873742e+03 1.446038e+04 2.5174 5.326757e-01
7.750000e-01 3.131770e+00 2.304191e+00 2.704396e+00 1.108667e+01 9.896595e+03 1.445737e+04 2.51884 5.342399e-01
7.740000e-01 3.131770e+00 2.306239e+00 2.706737e+00 1.109557e+01 9.911165e+03 1.444420e+04 2.52295 5.349492e-01
7.730000e-01 3.131770e+00 2.306172e+00 2.706493e+00 1.109843e+01 9.933882e+03 1.444118e+04 2.52437 5.365079e-01
7.720000e-01 3.131770e+00 2.308233e+00 2.708848e+00 1.110739e+01 9.948229e+03 1.442793e+04 2.52852 5.372055e-01
7.710000e-01 3.131770e+00 2.308155e+00 2.708594e+00 1.111026e+01 9.970818e+03 1.442492e+04 2.52992 5.387593e-01
7.700000e-01 3.131770e+00 2.310270e+00 2.711023e+00 1.111939e+01 9.984962e+03 1.441145e+04 2.53415 5.394367e-01
7.690000e-01 3.131770e+00 2.310159e+00 2.710725e+00 1.112221e+01 1.000746e+04 1.440850e+04 2.5355 5.409930e-01
7.680000e-01 3.131770e+00 2.312271e+00 2.713146e+00 1.113137e+01 1.002141e+04 1.439499e+04 2.53975 5.416639e-01
7.670000e-01 3.131770e+00 2.312144e+00 2.712831e+00 1.113420e+01 1.004375e+04 1.439204e+04 2.54107 5.432138e-01
7.660000e-01 3.131770e+00 2.314269e+00 2.715268e+00 1.114341e+01 1.005745e+04 1.437846e+04 2.54536 5.438718e-01
7.650000e-01 3.131770e+00 2.314119e+00 2.714923e+00 1.114623e+01 1.007959e+04 1.437553e+04 2.54663 5.454112e-01
7.640000e-01 3.131770e+00 2.316260e+00 2.717378e+00 1.115549e+01 1.009297e+04 1.436188e+04 2.55096 5.460540e-01
7.630000e-01 3.131770e+00 2.316096e+00 2.717016e+00 1.115832e+01 1.011497e+04 1.435896e+04 2.55221 5.475889e-01
7.620000e-01 3.131770e+00 2.318253e+00 2.719490e+00 1.116767e+01 1.012822e+04 1.434519e+04 2.55658 5.482249e-01
7.610000e-01 3.131770e+00 2.318084e+00 2.719124e+00 1.117051e+01 1.015014e+04 1.434225e+04 2.55783 5.497597e-01
7.600000e-01 3.131770e+00 2.320254e+00 2.721614e+00 1.117995e+01 1.016325e+04 1.432836e+04 2.56224 5.503867e-01
7.590000e-01 3.131770e+00 2.320077e+00 2.721242e+00 1.118282e+01 1.018509e+04 1.432540e+04 2.56348 5.519206e-01
7.580000e-01 3.131770e+00 2.322260e+00 2.723746e+00 1.119234e+01 1.019804e+04 1.431140e+04 2.56791 5.525370e-01
7.570000e-01 3.131770e+00 2.322072e+00 2.723363e+00 1.119521e+01 1.021975e+04 1.430844e+04 2.56913 5.540658e-01
7.560000e-01 3.131770e+00 2.324267e+00 2.725881e+00 1.120479e+01 1.023247e+04 1.429434e+04 2.57359 5.546704e-01
7.550000e-01 3.131770e+00 2.324065e+00 2.725483e+00 1.120768e+01 1.025407e+04 1.429138e+04 2.57478 5.561959e-01
7.540000e-01 3.131770e+00 2.326276e+00 2.728021e+00 1.121734e+01 1.026663e+04 1.427717e+04 2.57928 5.567909e-01
7.530000e-01 3.131770e+00 2.326062e+00 2.727610e+00 1.122024e+01 1.028811e+04 1.427420e+04 2.58046 5.583128e-01
7.520000e-01 3.131770e+00 2.328286e+00 2.730162e+00 1.122998e+01 1.030046e+04 1.425989e+04 2.58499 5.588956e-01
7.510000e-01 3.131770e+00 2.328054e+00 2.729731e+00 1.123287e+01 1.032179e+04 1.425693e+04 2.58613 5.604117e-01
7.500000e-01 3.131770e+00 2.330292e+00 2.732301e+00 1.124267e+01 1.033388e+04 1.424253e+04 2.5907 5.609803e-01
7.490000e-01 3.131770e+00 2.330032e+00 2.731834e+00 1.124555e+01 1.035501e+04 1.423958e+04 2.59178 5.624863e-01
7.480000e-01 3.131770e+00 2.332289e+00 2.734424e+00 1.125542e+01 1.036680e+04 1.422510e+04 2.5964 5.630404e-01
7.470000e-01 3.131770e+00 2.332016e+00 2.733943e+00 1.125831e+01 1.038783e+04 1.422214e+04 2.59746 5.645449e-01
7.460000e-01 3.131770e+00 2.334290e+00 2.736554e+00 1.126827e+01 1.039950e+04 1.420753e+04 2.60212 5.650913e-01
7.450000e-01 3.131770e+00 2.334007e+00 2.736063e+00 1.127117e+01 1.042045e+04 1.420455e+04 2.60318 5.665954e-01
7.440000e-01 3.131770e+00 2.336294e+00 2.738689e+00 1.128123e+01 1.043197e+04 1.418980e+04 2.60786 5.671314e-01
7.430000e-01 3.131770e+00 2.336003e+00 2.738192e+00 1.128416e+01 1.045284e+04 1.418680e+04 2.60891 5.686345e-01
7.420000e-01 3.131770e+00 2.338302e+00 2.740832e+00 1.129430e+01 1.046418e+04 1.417193e+04 2.61362 5.691589e-01
7.410000e-01 3.131770e+00 2.337992e+00 2.740313e+00 1.129723e+01 1.048491e+04 1.416893e+04 2.61463 5.706572e-01
7.400000e-01 3.131770e+00 2.340346e+00 2.743027e+00 1.130753e+01 1.049601e+04 1.415381e+04 2.61942 5.711576e-01
7.390000e-01 3.131770e+00 2.340002e+00 2.742464e+00 1.131043e+01 1.051666e+04 1.415087e+04 2.62038 5.726602e-01
7.380000e-01 3.131770e+00 2.342354e+00 2.745173e+00 1.132079e+01 1.052760e+04 1.413568e+04 2.62519 5.731549e-01
7.370000e-01 3.131770e+00 2.341992e+00 2.744590e+00 1.132368e+01 1.054814e+04 1.413273e+04 2.62612 5.746540e-01
7.360000e-01 3.131770e+00 2.344359e+00 2.747316e+00 1.133412e+01 1.055885e+04 1.411742e+04 2.63096 5.751350e-01
7.350000e-01 3.131770e+00 2.343973e+00 2.746704e+00 1.133701e+01 1.057924e+04 1.411448e+04 2.63184 5.766281e-01
7.340000e-01 3.131770e+00 2.346356e+00 2.749450e+00 1.134751e+01 1.058967e+04 1.409908e+04 2.63672 5.770929e-01
7.330000e-01 3.131770e+00 2.345941e+00 2.748801e+00 1.135038e+01 1.060985e+04 1.409615e+04 2.63754 5.785774e-01
7.320000e-01 3.131770e+00 2.348345e+00 2.751571e+00 1.136097e+01 1.062006e+04 1.408064e+04 2.64247 5.790303e-01
7.310000e-01 3.131770e+00 2.347918e+00 2.750911e+00 1.136386e+01 1.064018e+04 1.407769e+04 2.64328 5.805163e-01
7.300000e-01 3.131770e+00 2.350336e+00 2.753697e+00 1.137455e+01 1.065024e+04 1.406203e+04 2.64825 5.809585e-01
7.290000e-01 3.131770e+00 2.349898e+00 2.753027e+00 1.137746e+01 1.067028e+04 1.405906e+04 2.64905 5.824443e-01
7.280000e-01 3.131770e+00 2.352331e+00 2.755830e+00 1.138826e+01 1.068018e+04 1.404324e+04 2.65403 5.828754e-01
7.270000e-01 3.131770e+00 2.351875e+00 2.755140e+00 1.139118e+01 1.070012e+04 1.404026e+04 2.6548 5.843592e-01
7.260000e-01 3.131770e+00 2.352014e+00 2.755095e+00 1.139519e+01 1.071805e+04 1.403562e+04 2.65722 5.858027e-01
7.250000e-01 3.131770e+00 2.355311e+00 2.759018e+00 1.140898e+01 1.072451e+04 1.401483e+04 2.66271 5.857236e-01
7.240000e-01 3.131770e+00 2.354830e+00 2.758301e+00 1.141191e+01 1.074428e+04 1.401182e+04 2.66344 5.872027e-01
7.230000e-01 3.131770e+00 2.354952e+00 2.758238e+00 1.141595e+01 1.076205e+04 1.400714e+04 2.66583 5.886419e-01
7.220000e-01 3.131770e+00 2.358292e+00 2.762213e+00 1.142995e+01 1.076817e+04 1.398604e+04 2.6714 5.885361e-01
7.210000e-01 3.131770e+00 2.357780e+00 2.761461e+00 1.143289e+01 1.078776e+04 1.398302e+04 2.67207 5.900101e-01
7.200000e-01 3.131770e+00 2.357875e+00 2.761366e+00 1.143694e+01 1.080531e+04 1.397832e+04 2.67441 5.914409e-01
7.190000e-01 3.131770e+00 2.361297e+00 2.765446e+00 1.145119e+01 1.081093e+04 1.395686e+04 2.68011 5.912931e-01
7.180000e-01 3.131770e+00 2.360717e+00 2.764608e+00 1.145406e+01 1.083027e+04 1.395391e+04 2.68066 5.927624e-01
7.170000e-01 3.131770e+00 2.360782e+00 2.764473e+00 1.145810e+01 1.084757e+04 1.394922e+04 2.68296 5.941857e-01
7.160000e-01 3.131770e+00 2.364245e+00 2.768603e+00 1.147253e+01 1.085284e+04 1.392753e+04 2.68877 5.940177e-01
7.150000e-01 3.131770e+00 2.363644e+00 2.767742e+00 1.147543e+01 1.087207e+04 1.392456e+04 2.68929 5.954886e-01
7.140000e-01 3.131770e+00 2.363691e+00 2.767588e+00 1.147950e+01 1.088924e+04 1.391982e+04 2.69158 5.969117e-01
7.130000e-01 3.131770e+00 2.367195e+00 2.771767e+00 1.149417e+01 1.089421e+04 1.389778e+04 2.69745 5.967170e-01
7.120000e-01 3.131770e+00 2.366567e+00 2.770879e+00 1.149709e+01 1.091330e+04 1.389479e+04 2.69793 5.981870e-01
7.110000e-01 3.131770e+00 2.366587e+00 2.770695e+00 1.150118e+01 1.093029e+04 1.389002e+04 2.70017 5.996054e-01
7.100000e-01 3.131770e+00 2.370137e+00 2.774930e+00 1.151607e+01 1.093487e+04 1.386768e+04 2.70613 5.993816e-01
7.090000e-01 3.131770e+00 2.369479e+00 2.774008e+00 1.151899e+01 1.095381e+04 1.386467e+04 2.70657 6.008492e-01
7.080000e-01 3.131770e+00 2.369476e+00 2.773799e+00 1.152312e+01 1.097064e+04 1.385987e+04 2.70878 6.022647e-01
7.070000e-01 3.131770e+00 2.373072e+00 2.778090e+00 1.153823e+01 1.097486e+04 1.383722e+04 2.71482 6.020126e-01
7.060000e-01 3.131770e+00 2.372376e+00 2.777127e+00 1.154115e+01 1.099361e+04 1.383420e+04 2.71519 6.034760e-01
7.050000e-01 3.131770e+00 2.372342e+00 2.776879e+00 1.154529e+01 1.101021e+04 1.382938e+04 2.71734 6.048836e-01
7.040000e-01 3.131770e+00 2.375987e+00 2.781229e+00 1.156059e+01 1.101396e+04 1.380647e+04 2.72348 6.045986e-01
7.030000e-01 3.131770e+00 2.375240e+00 2.780204e+00 1.156349e+01 1.103245e+04 1.380346e+04 2.72374 6.060526e-01
7.020000e-01 3.131770e+00 2.375182e+00 2.779927e+00 1.156764e+01 1.104881e+04 1.379862e+04 2.72586 6.074523e-01
7.010000e-01 3.131770e+00 2.378878e+00 2.784341e+00 1.158316e+01 1.105220e+04 1.377541e+04 2.73211 6.071415e-01
7.000000e-01 3.131770e+00 2.378105e+00 2.783288e+00 1.158609e+01 1.107058e+04 1.377237e+04 2.73234 6.085981e-01
6.990000e-01 3.131770e+00 2.378022e+00 2.782985e+00 1.159027e+01 1.108681e+04 1.376748e+04 2.73443 6.099975e-01
6.980000e-01 3.131770e+00 2.381798e+00 2.787501e+00 1.160615e+01 1.108982e+04 1.374376e+04 2.74078 6.096439e-01
6.970000e-01 3.131770e+00 2.380973e+00 2.786386e+00 1.160904e+01 1.110808e+04 1.374075e+04 2.74094 6.111055e-01
6.960000e-01 3.131770e+00 2.380851e+00 2.786035e+00 1.161322e+01 1.112414e+04 1.373585e+04 2.74296 6.125028e-01
6.950000e-01 3.131770e+00 2.384668e+00 2.790601e+00 1.162932e+01 1.112677e+04 1.371181e+04 2.74939 6.121200e-01
6.940000e-01 3.131770e+00 2.383803e+00 2.789441e+00 1.163222e+01 1.114488e+04 1.370879e+04 2.74948 6.135810e-01
6.930000e-01 3.131770e+00 2.383652e+00 2.789056e+00 1.163642e+01 1.116078e+04 1.370383e+04 2.75145 6.149755e-01
6.920000e-01 3.131770e+00 2.387520e+00 2.793684e+00 1.165277e+01 1.116302e+04 1.367943e+04 2.75796 6.145589e-01
6.910000e-01 3.131770e+00 2.388489e+00 2.794738e+00 1.166071e+01 1.117489e+04 1.366843e+04 2.76083 6.153519e-01
6.900000e-01 3.131770e+00 2.389432e+00 2.795756e+00 1.166860e+01 1.118667e+04 1.365752e+04 2.76367 6.161472e-01
6.890000e-01 3.131770e+00 2.390368e+00 2.796767e+00 1.167650e+01 1.119833e+04 1.364658e+04 2.76649 6.169367e-01
6.880000e-01 3.131770e+00 2.391300e+00 2.797772e+00 1.168443e+01 1.120990e+04 1.363560e+04 2.76931 6.177217e-01
6.870000e-01 3.131770e+00 2.392231e+00 2.798776e+00 1.169240e+01 1.122142e+04 1.362455e+04 2.77213 6.185039e-01
6.860000e-01 3.131770e+00 2.393159e+00 2.799779e+00 1.170041e+01 1.123287e+04 1.361344e+04 2.77494 6.192821e-01
6.850000e-01 3.131770e+00 2.394087e+00 2.800781e+00 1.170846e+01 1.124425e+04 1.360227e+04 2.77775 6.200568e-01
6.840000e-01 3.131770e+00 2.395012e+00 2.801781e+00 1.171655e+01 1.125557e+04 1.359104e+04 2.78056 6.208274e-01
6.830000e-01 3.131770e+00 2.395935e+00 2.802779e+00 1.172466e+01 1.126680e+04 1.357976e+04 2.78336 6.215933e-01
6.820000e-01 3.131770e+00 2.396854e+00 2.803773e+00 1.173281e+01 1.127794e+04 1.356843e+04 2.78615 6.223542e-01
6.810000e-01 3.131770e+00 2.397770e+00 2.804764e+00 1.174099e+01 1.128900e+04 1.355705e+04 2.78893 6.231103e-01
6.800000e-01 3.131770e+00 2.398685e+00 2.805754e+00 1.174921e+01 1.129999e+04 1.354561e+04 2.79171 6.238630e-01
6.790000e-01 3.131770e+00 2.399596e+00 2.806742e+00 1.175747e+01 1.131090e+04 1.353411e+04 2.79448 6.246111e-01
6.780000e-01 3.131770e+00 2.400504e+00 2.807725e+00 1.176575e+01 1.132172e+04 1.352257e+04 2.79725 6.253540e-01
6.770000e-01 3.131770e+00 2.401409e+00 2.808706e+00 1.177406e+01 1.133244e+04 1.351098e+04 2.80001 6.260914e-01
6.760000e-01 3.131770e+00 2.402308e+00 2.809681e+00 1.178240e+01 1.134305e+04 1.349937e+04 2.80276 6.268230e-01
6.750000e-01 3.131770e+00 2.403203e+00 2.810649e+00 1.179075e+01 1.135353e+04 1.348772e+04 2.8055 6.275480e-01
6.740000e-01 3.131770e+00 2.404093e+00 2.811612e+00 1.179913e+01 1.136392e+04 1.347604e+04 2.80822 6.282675e-01
6.730000e-01 3.131770e+00 2.404979e+00 2.812571e+00 1.180755e+01 1.137423e+04 1.346429e+04 2.81095 6.289836e-01
6.720000e-01 3.131770e+00 2.405863e+00 2.813528e+00 1.181602e+01 1.138448e+04 1.345247e+04 2.81366 6.296957e-01
6.710000e-01 3.131770e+00 2.406745e+00 2.814484e+00 1.182453e+01 1.139465e+04 1.344059e+04 2.81638 6.304039e-01
6.700000e-01 3.131770e+00 2.407623e+00 2.815437e+00 1.183308e+01 1.140476e+04 1.342864e+04 2.81908 6.311078e-01
6.690000e-01 3.131770e+00 2.408532e+00 2.816434e+00 1.184176e+01 1.141473e+04 1.341650e+04 2.82181 6.317943e-01
6.680000e-01 3.131770e+00 2.409404e+00 2.817380e+00 1.185038e+01 1.142466e+04 1.340443e+04 2.82449 6.324868e-01
6.670000e-01 3.131770e+00 2.410270e+00 2.818321e+00 1.185903e+01 1.143450e+04 1.339230e+04 2.82716 6.331747e-01
6.660000e-01 3.131770e+00 2.411133e+00 2.819257e+00 1.186773e+01 1.144427e+04 1.338011e+04 2.82982 6.338583e-01
6.650000e-01 3.131770e+00 2.411991e+00 2.820190e+00 1.187647e+01 1.145396e+04 1.336784e+04 2.83247 6.345370e-01
6.640000e-01 3.131770e+00 2.412845e+00 2.821118e+00 1.188524e+01 1.146356e+04 1.335553e+04 2.83511 6.352099e-01
6.630000e-01 3.131770e+00 2.413694e+00 2.822040e+00 1.189404e+01 1.147305e+04 1.334316e+04 2.83773 6.358769e-01
6.620000e-01 3.131770e+00 2.414537e+00 2.822956e+00 1.190286e+01 1.148244e+04 1.333075e+04 2.84034 6.365376e-01
6.610000e-01 3.131770e+00 2.415373e+00 2.823862e+00 1.191171e+01 1.149171e+04 1.331830e+04 2.84293 6.371911e-01
6.600000e-01 3.131770e+00 2.416203e+00 2.824761e+00 1.192057e+01 1.150086e+04 1.330582e+04 2.84551 6.378384e-01
6.590000e-01 3.131770e+00 2.417028e+00 2.825655e+00 1.192949e+01 1.150995e+04 1.329325e+04 2.84807 6.384818e-01
6.580000e-01 3.131770e+00 2.417849e+00 2.826545e+00 1.193845e+01 1.151896e+04 1.328061e+04 2.85063 6.391207e-01
6.570000e-01 3.131770e+00 2.418668e+00 2.827434e+00 1.194746e+01 1.152790e+04 1.326790e+04 2.85318 6.397551e-01
6.560000e-01 3.131770e+00 2.419481e+00 2.828318e+00 1.195652e+01 1.153677e+04 1.325511e+04 2.85571 6.403847e-01
6.550000e-01 3.131770e+00 2.420290e+00 2.829197e+00 1.196562e+01 1.154554e+04 1.324225e+04 2.85823 6.410089e-01
6.540000e-01 3.131770e+00 2.421094e+00 2.830071e+00 1.197476e+01 1.155422e+04 1.322934e+04 2.86074 6.416273e-01
6.530000e-01 3.131770e+00 2.421894e+00 2.830941e+00 1.198393e+01 1.156280e+04 1.321638e+04 2.86324 6.422406e-01
6.520000e-01 3.131770e+00 2.422688e+00 2.831805e+00 1.199316e+01 1.157131e+04 1.320333e+04 2.86572 6.428491e-01
6.510000e-01 3.131770e+00 2.423510e+00 2.832712e+00 1.200252e+01 1.157968e+04 1.319010e+04 2.86823 6.434403e-01
6.500000e-01 3.131770e+00 2.424296e+00 2.833569e+00 1.201183e+01 1.158800e+04 1.317693e+04 2.87069 6.440371e-01
6.490000e-01 3.131770e+00 2.425074e+00 2.834417e+00 1.202117e+01 1.159621e+04 1.316370e+04 2.87313 6.446281e-01
6.480000e-01 3.131770e+00 2.425845e+00 2.835259e+00 1.203054e+01 1.160432e+04 1.315044e+04 2.87556 6.452123e-01
6.470000e-01 3.131770e+00 2.426609e+00 2.836089e+00 1.203994e+01 1.161230e+04 1.313714e+04 2.87796 6.457892e-01
6.460000e-01 3.131770e+00 2.427365e+00 2.836911e+00 1.204936e+01 1.162017e+04 1.312378e+04 2.88035 6.463602e-01
6.450000e-01 3.131770e+00 2.428116e+00 2.837729e+00 1.205884e+01 1.162798e+04 1.311034e+04 2.88272 6.469265e-01
6.440000e-01 3.131770e+00 2.428862e+00 2.838540e+00 1.206837e+01 1.163569e+04 1.309682e+04 2.88508 6.474877e-01
6.430000e-01 3.131770e+00 2.429602e+00 2.839347e+00 1.207796e+01 1.164334e+04 1.308321e+04 2.88742 6.480434e-01
6.420000e-01 3.131770e+00 2.430337e+00 2.840148e+00 1.208759e+01 1.165090e+04 1.306952e+04 2.88974 6.485937e-01
6.410000e-01 3.131770e+00 2.431064e+00 2.840941e+00 1.209727e+01 1.165835e+04 1.305575e+04 2.89204 6.491373e-01
6.400000e-01 3.131770e+00 2.431785e+00 2.841727e+00 1.210699e+01 1.166572e+04 1.304192e+04 2.89433 6.496746e-01
6.390000e-01 3.131770e+00 2.432498e+00 2.842505e+00 1.211675e+01 1.167300e+04 1.302802e+04 2.89659 6.502058e-01
6.380000e-01 3.131770e+00 2.433205e+00 2.843276e+00 1.212657e+01 1.168019e+04 1.301402e+04 2.89883 6.507314e-01
6.370000e-01 3.131770e+00 2.433906e+00 2.844042e+00 1.213643e+01 1.168728e+04 1.299996e+04 2.90105 6.512506e-01
6.360000e-01 3.131770e+00 2.434599e+00 2.844799e+00 1.214634e+01 1.169427e+04 1.298583e+04 2.90325 6.517633e-01
6.350000e-01 3.131770e+00 2.435315e+00 2.845591e+00 1.215637e+01 1.170111e+04 1.297153e+04 2.90546 6.522573e-01
6.340000e-01 3.131770e+00 2.435994e+00 2.846333e+00 1.216634e+01 1.170787e+04 1.295730e+04 2.90762 6.527551e-01
6.330000e-01 3.131770e+00 2.436662e+00 2.847060e+00 1.217633e+01 1.171450e+04 1.294303e+04 2.90976 6.532459e-01
6.320000e-01 3.131770e+00 2.437323e+00 2.847780e+00 1.218638e+01 1.172105e+04 1.292868e+04 2.91187 6.537311e-01
6.310000e-01 3.131770e+00 2.437976e+00 2.848493e+00 1.219648e+01 1.172752e+04 1.291423e+04 2.91396 6.542106e-01
6.300000e-01 3.131770e+00 2.438623e+00 2.849197e+00 1.220664e+01 1.173389e+04 1.289969e+04 2.91603 6.546838e-01
6.290000e-01 3.131770e+00 2.439262e+00 2.849895e+00 1.221686e+01 1.174018e+04 1.288506e+04 2.91807 6.551509e-01
6.280000e-01 3.131770e+00 2.439892e+00 2.850584e+00 1.222714e+01 1.174638e+04 1.287034e+04 2.92009 6.556111e-01
6.270000e-01 3.131770e+00 2.440514e+00 2.851262e+00 1.223745e+01 1.175248e+04 1.285554e+04 2.92208 6.560637e-01
6.260000e-01 3.131770e+00 2.441127e+00 2.851931e+00 1.224782e+01 1.175847e+04 1.284066e+04 2.92404 6.565091e-01
6.250000e-01 3.131770e+00 2.441730e+00 2.852589e+00 1.225824e+01 1.176438e+04 1.282569e+04 2.92597 6.569481e-01
6.240000e-01 3.131770e+00 2.442326e+00 2.853241e+00 1.226872e+01 1.177019e+04 1.281062e+04 2.92788 6.573802e-01
6.230000e-01 3.131770e+00 2.442914e+00 2.853884e+00 1.227924e+01 1.177590e+04 1.279549e+04 2.92976 6.578053e-01
6.220000e-01 3.131770e+00 2.443492e+00 2.854516e+00 1.228981e+01 1.178150e+04 1.278029e+04 2.93162 6.582229e-01
6.210000e-01 3.131770e+00 2.444091e+00 2.855180e+00 1.230050e+01 1.178692e+04 1.276493e+04 2.93348 6.586215e-01
6.200000e-01 3.131770e+00 2.444653e+00 2.855793e+00 1.231114e+01 1.179227e+04 1.274963e+04 2.93529 6.590235e-01
6.190000e-01 3.131770e+00 2.445204e+00 2.856394e+00 1.232182e+01 1.179751e+04 1.273427e+04 2.93707 6.594194e-01
6.180000e-01 3.131770e+00 2.445746e+00 2.856986e+00 1.233257e+01 1.180266e+04 1.271882e+04 2.93883 6.598091e-01
6.170000e-01 3.131770e+00 2.446280e+00 2.857568e+00 1.234338e+01 1.180772e+04 1.270326e+04 2.94055 6.601919e-01
6.160000e-01 3.131770e+00 2.446804e+00 2.858140e+00 1.235426e+01 1.181268e+04 1.268759e+04 2.94225 6.605676e-01
6.150000e-01 3.131770e+00 2.447319e+00 2.858704e+00 1.236520e+01 1.181756e+04 1.267183e+04 2.94392 6.609359e-01
6.140000e-01 3.131770e+00 2.447824e+00 2.859256e+00 1.237620e+01 1.182231e+04 1.265599e+04 2.94555 6.612966e-01
6.130000e-01 3.131770e+00 2.448319e+00 2.859799e+00 1.238725e+01 1.182696e+04 1.264007e+04 2.94716 6.616497e-01
6.120000e-01 3.131770e+00 2.448806e+00 2.860332e+00 1.239836e+01 1.183152e+04 1.262405e+04 2.94874 6.619963e-01
6.110000e-01 3.131770e+00 2.449283e+00 2.860855e+00 1.240954e+01 1.183598e+04 1.260793e+04 2.95029 6.623356e-01
6.100000e-01 3.131770e+00 2.449750e+00 2.861369e+00 1.242078e+01 1.184033e+04 1.259174e+04 2.95181 6.626672e-01
6.090000e-01 3.131770e+00 2.450207e+00 2.861870e+00 1.243206e+01 1.184457e+04 1.257548e+04 2.95329 6.629907e-01
6.080000e-01 3.131770e+00 2.450679e+00 2.862397e+00 1.244347e+01 1.184863e+04 1.255903e+04 2.95477 6.632937e-01
6.070000e-01 3.131770e+00 2.451112e+00 2.862871e+00 1.245483e+01 1.185262e+04 1.254263e+04 2.95618 6.635987e-01
6.060000e-01 3.131770e+00 2.451532e+00 2.863327e+00 1.246623e+01 1.185649e+04 1.252617e+04 2.95755 6.638955e-01
6.050000e-01 3.131770e+00 2.451940e+00 2.863772e+00 1.247770e+01 1.186027e+04 1.250959e+04 2.95888 6.641849e-01
6.040000e-01 3.131770e+00 2.452337e+00 2.864204e+00 1.248925e+01 1.186394e+04 1.249289e+04 2.96017 6.644663e-01
6.030000e-01 3.131770e+00 2.452723e+00 2.864625e+00 1.250088e+01 1.186752e+04 1.247609e+04 2.96143 6.647397e-01
6.020000e-01 3.131770e+00 2.453098e+00 2.865036e+00 1.251257e+01 1.187100e+04 1.245917e+04 2.96265 6.650051e-01
6.010000e-01 3.131770e+00 2.453463e+00 2.865434e+00 1.252433e+01 1.187436e+04 1.244218e+04 2.96384 6.652622e-01
6.000000e-01 3.131770e+00 2.453816e+00 2.865820e+00 1.253614e+01 1.187760e+04 1.242510e+04 2.96499 6.655114e-01
5.990000e-01 3.131770e+00 2.454159e+00 2.866197e+00 1.254804e+01 1.188075e+04 1.240791e+04 2.96611 6.657533e-01
5.980000e-01 3.131770e+00 2.454491e+00 2.866561e+00 1.256000e+01 1.188379e+04 1.239062e+04 2.9672 6.659871e-01
5.970000e-01 3.131770e+00 2.454812e+00 2.866913e+00 1.257203e+01 1.188672e+04 1.237325e+04 2.96824 6.662123e-01
5.960000e-01 3.131770e+00 2.455148e+00 2.867291e+00 1.258420e+01 1.188946e+04 1.235569e+04 2.96929 6.664177e-01
5.950000e-01 3.131770e+00 2.455447e+00 2.867620e+00 1.259634e+01 1.189215e+04 1.233817e+04 2.97027 6.666257e-01
5.940000e-01 3.131770e+00 2.455732e+00 2.867932e+00 1.260851e+01 1.189470e+04 1.232061e+04 2.97121 6.668252e-01
5.930000e-01 3.131770e+00 2.456006e+00 2.868231e+00 1.262074e+01 1.189713e+04 1.230298e+04 2.97212 6.670170e-01
5.920000e-01 3.131770e+00 2.456267e+00 2.868516e+00 1.263306e+01 1.189947e+04 1.228522e+04 2.97298 6.672005e-01
5.910000e-01 3.131770e+00 2.456514e+00 2.868784e+00 1.264546e+01 1.190169e+04 1.226734e+04 2.9738 6.673743e-01
5.900000e-01 3.131770e+00 2.456747e+00 2.869039e+00 1.265794e+01 1.190381e+04 1.224933e+04 2.97457 6.675391e-01
5.890000e-01 3.131770e+00 2.456968e+00 2.869282e+00 1.267050e+01 1.190582e+04 1.223121e+04 2.9753 6.676947e-01
5.880000e-01 3.131770e+00 2.457174e+00 2.869507e+00 1.268313e+01 1.190771e+04 1.221300e+04 2.97598 6.678404e-01
5.870000e-01 3.131770e+00 2.457367e+00 2.869716e+00 1.269583e+01 1.190948e+04 1.219468e+04 2.9766 6.679764e-01
5.860000e-01 3.131770e+00 2.457547e+00 2.869913e+00 1.270861e+01 1.191114e+04 1.217624e+04 2.97719 6.681040e-01
5.850000e-01 3.131770e+00 2.457713e+00 2.870096e+00 1.272148e+01 1.191269e+04 1.215769e+04 2.97774 6.682223e-01
5.840000e-01 3.131770e+00 2.457894e+00 2.870302e+00 1.273450e+01 1.191406e+04 1.213895e+04 2.97827 6.683202e-01
5.830000e-01 3.131770e+00 2.458040e+00 2.870463e+00 1.274750e+01 1.191536e+04 1.212025e+04 2.97875 6.684214e-01
5.820000e-01 3.131770e+00 2.458172e+00 2.870608e+00 1.276055e+01 1.191654e+04 1.210150e+04 2.97919 6.685141e-01
5.810000e-01 3.131770e+00 2.458292e+00 2.870737e+00 1.277366e+01 1.191759e+04 1.208270e+04 2.97959 6.685980e-01
5.800000e-01 3.131770e+00 2.458400e+00 2.870855e+00 1.278683e+01 1.191852e+04 1.206381e+04 2.97996 6.686745e-01
5.790000e-01 3.131770e+00 2.458494e+00 2.870958e+00 1.280011e+01 1.191935e+04 1.204478e+04 2.98028 6.687421e-01
5.780000e-01 3.131770e+00 2.458571e+00 2.871041e+00 1.281349e+01 1.192005e+04 1.202563e+04 2.98055 6.687989e-01
5.770000e-01 3.131770e+00 2.458635e+00 2.871111e+00 1.282695e+01 1.192064e+04 1.200634e+04 2.98076 6.688461e-01
5.760000e-01 3.131770e+00 2.458685e+00 2.871165e+00 1.284050e+01 1.192111e+04 1.198695e+04 2.98093 6.688830e-01
5.750000e-01 3.131770e+00 2.458717e+00 2.871199e+00 1.285413e+01 1.192146e+04 1.196745e+04 2.98104 6.689089e-01
5.740000e-01 3.131770e+00 2.458736e+00 2.871219e+00 1.286784e+01 1.192169e+04 1.194784e+04 2.9811 6.689250e-01
5.730000e-01 3.131770e+00 2.458740e+00 2.871223e+00 1.288166e+01 1.192180e+04 1.192810e+04 2.98111 6.689315e-01
5.720000e-01 3.131770e+00 2.458755e+00 2.871246e+00 1.289564e+01 1.192173e+04 1.190816e+04 2.9811 6.689166e-01
5.727153e-01 3.131770e+00 2.459777e+00 2.872468e+00 1.288927e+01 1.191822e+04 1.191730e+04 2.98225 6.684230e-01
