1.000000e+00 3.148160e+00 2.111531e+00 2.506499e+00 1.010229e+01 0.000000e+00 1.649039e+04 0 0.000000e+00
9.990000e-01 3.148160e+00 2.113359e+00 2.507983e+00 1.011173e+01 6.798110e+02 1.637825e+04 2.0153 3.490349e-02
9.980000e-01 3.148160e+00 2.113491e+00 2.507845e+00 1.011329e+01 9.616714e+02 1.633842e+04 2.11364 5.177781e-02
9.970000e-01 3.148160e+00 2.114638e+00 2.509114e+00 1.011815e+01 1.174241e+03 1.630607e+04 2.0202 6.036252e-02
9.960000e-01 3.148160e+00 2.114812e+00 2.509031e+00 1.011985e+01 1.359846e+03 1.628056e+04 2.06359 7.139330e-02
9.950000e-01 3.148160e+00 2.115949e+00 2.510281e+00 1.012466e+01 1.519424e+03 1.625535e+04 2.0236 7.814116e-02
9.940000e-01 3.148160e+00 2.116242e+00 2.510383e+00 1.012649e+01 1.670251e+03 1.623504e+04 2.05363 8.714864e-02
9.930000e-01 3.148160e+00 2.117330e+00 2.511601e+00 1.013116e+01 1.805093e+03 1.621338e+04 2.02704 9.286947e-02
9.920000e-01 3.148160e+00 2.117687e+00 2.511809e+00 1.013306e+01 1.934675e+03 1.619622e+04 2.04974 1.006168e-01
9.910000e-01 3.148160e+00 2.118745e+00 2.513007e+00 1.013764e+01 2.052643e+03 1.617696e+04 2.0305 1.056443e-01
9.900000e-01 3.148160e+00 2.119473e+00 2.513747e+00 1.014090e+01 2.165980e+03 1.616023e+04 2.03227 1.114980e-01
9.890000e-01 3.148160e+00 2.120191e+00 2.514478e+00 1.014413e+01 2.273450e+03 1.614435e+04 2.03401 1.170512e-01
9.880000e-01 3.148160e+00 2.120908e+00 2.515209e+00 1.014737e+01 2.375662e+03 1.612920e+04 2.03575 1.223359e-01
9.870000e-01 3.148160e+00 2.121623e+00 2.515936e+00 1.015061e+01 2.473222e+03 1.611469e+04 2.0375 1.273830e-01
9.860000e-01 3.148160e+00 2.122338e+00 2.516661e+00 1.015386e+01 2.566926e+03 1.610070e+04 2.03925 1.322339e-01
9.850000e-01 3.148160e+00 2.123055e+00 2.517389e+00 1.015712e+01 2.657376e+03 1.608716e+04 2.04102 1.369191e-01
9.840000e-01 3.148160e+00 2.123775e+00 2.518120e+00 1.016039e+01 2.744889e+03 1.607402e+04 2.04278 1.414548e-01
9.830000e-01 3.148160e+00 2.124495e+00 2.518854e+00 1.016367e+01 2.829583e+03 1.606126e+04 2.04456 1.458470e-01
9.820000e-01 3.148160e+00 2.125215e+00 2.519585e+00 1.016696e+01 2.911570e+03 1.604886e+04 2.04633 1.501013e-01
9.810000e-01 3.148160e+00 2.125935e+00 2.520314e+00 1.017025e+01 2.991192e+03 1.603677e+04 2.04811 1.542357e-01
9.800000e-01 3.148160e+00 2.126655e+00 2.521042e+00 1.017355e+01 3.068578e+03 1.602497e+04 2.04989 1.582563e-01
9.790000e-01 3.148160e+00 2.127372e+00 2.521764e+00 1.017686e+01 3.143749e+03 1.601347e+04 2.05167 1.621645e-01
9.780000e-01 3.148160e+00 2.128085e+00 2.522477e+00 1.018017e+01 3.216726e+03 1.600224e+04 2.05345 1.659612e-01
9.770000e-01 3.148160e+00 2.128403e+00 2.522645e+00 1.018209e+01 3.290004e+03 1.599331e+04 2.06108 1.703220e-01
9.760000e-01 3.148160e+00 2.129489e+00 2.523859e+00 1.018680e+01 3.357096e+03 1.598051e+04 2.05699 1.732736e-01
9.750000e-01 3.148160e+00 2.129818e+00 2.524037e+00 1.018876e+01 3.427719e+03 1.597194e+04 2.06421 1.774853e-01
9.740000e-01 3.148160e+00 2.130918e+00 2.525267e+00 1.019353e+01 3.492774e+03 1.595934e+04 2.06058 1.803491e-01
9.730000e-01 3.148160e+00 2.131652e+00 2.526001e+00 1.019694e+01 3.559078e+03 1.594894e+04 2.0624 1.838079e-01
9.720000e-01 3.148160e+00 2.132380e+00 2.526727e+00 1.020034e+01 3.624330e+03 1.593871e+04 2.06421 1.872147e-01
9.710000e-01 3.148160e+00 2.133113e+00 2.527460e+00 1.020375e+01 3.688602e+03 1.592861e+04 2.06603 1.905720e-01
9.700000e-01 3.148160e+00 2.133849e+00 2.528201e+00 1.020716e+01 3.751869e+03 1.591865e+04 2.06786 1.938783e-01
9.690000e-01 3.148160e+00 2.134588e+00 2.528946e+00 1.021058e+01 3.814047e+03 1.590882e+04 2.06969 1.971294e-01
9.680000e-01 3.148160e+00 2.135328e+00 2.529693e+00 1.021401e+01 3.875100e+03 1.589913e+04 2.07153 2.003235e-01
9.670000e-01 3.148160e+00 2.136067e+00 2.530440e+00 1.021743e+01 3.935053e+03 1.588958e+04 2.07336 2.034619e-01
9.660000e-01 3.148160e+00 2.136807e+00 2.531187e+00 1.022086e+01 3.994077e+03 1.588015e+04 2.0752 2.065535e-01
9.650000e-01 3.148160e+00 2.137550e+00 2.531937e+00 1.022430e+01 4.052276e+03 1.587082e+04 2.07704 2.096037e-01
9.640000e-01 3.148160e+00 2.138294e+00 2.532691e+00 1.022775e+01 4.109649e+03 1.586160e+04 2.07889 2.126123e-01
9.630000e-01 3.148160e+00 2.139040e+00 2.533447e+00 1.023120e+01 4.166147e+03 1.585248e+04 2.08074 2.155768e-01
9.620000e-01 3.148160e+00 2.139786e+00 2.534202e+00 1.023466e+01 4.221773e+03 1.584348e+04 2.08259 2.184974e-01
9.610000e-01 3.148160e+00 2.140532e+00 2.534957e+00 1.023813e+01 4.276639e+03 1.583457e+04 2.08445 2.213798e-01
9.600000e-01 3.148160e+00 2.141279e+00 2.535713e+00 1.024160e+01 4.330731e+03 1.582575e+04 2.08631 2.242234e-01
9.590000e-01 3.148160e+00 2.142026e+00 2.536465e+00 1.024508e+01 4.383968e+03 1.581703e+04 2.08817 2.270241e-01
9.580000e-01 3.148160e+00 2.142769e+00 2.537212e+00 1.024856e+01 4.436297e+03 1.580841e+04 2.09003 2.297791e-01
9.570000e-01 3.148160e+00 2.143103e+00 2.537402e+00 1.025060e+01 4.489989e+03 1.580221e+04 2.09462 2.329977e-01
9.560000e-01 3.148160e+00 2.144285e+00 2.538736e+00 1.025562e+01 4.538761e+03 1.579130e+04 2.09382 2.351792e-01
9.550000e-01 3.148160e+00 2.144999e+00 2.539438e+00 1.025909e+01 4.589467e+03 1.578294e+04 2.09564 2.378548e-01
9.540000e-01 3.148160e+00 2.145749e+00 2.540188e+00 1.026263e+01 4.639724e+03 1.577452e+04 2.09753 2.405078e-01
9.530000e-01 3.148160e+00 2.146504e+00 2.540946e+00 1.026618e+01 4.689522e+03 1.576614e+04 2.09942 2.431376e-01
9.520000e-01 3.148160e+00 2.147263e+00 2.541709e+00 1.026975e+01 4.738844e+03 1.575782e+04 2.10132 2.457436e-01
9.510000e-01 3.148160e+00 2.148025e+00 2.542477e+00 1.027332e+01 4.787717e+03 1.574956e+04 2.10323 2.483272e-01
9.500000e-01 3.148160e+00 2.148790e+00 2.543250e+00 1.027690e+01 4.836092e+03 1.574135e+04 2.10514 2.508857e-01
9.490000e-01 3.148160e+00 2.149556e+00 2.544026e+00 1.028049e+01 4.883945e+03 1.573321e+04 2.10706 2.534180e-01
9.480000e-01 3.148160e+00 2.150322e+00 2.544802e+00 1.028408e+01 4.931244e+03 1.572513e+04 2.10898 2.559225e-01
9.470000e-01 3.148160e+00 2.151090e+00 2.545579e+00 1.028768e+01 4.978045e+03 1.571711e+04 2.1109 2.584022e-01
9.460000e-01 3.148160e+00 2.151859e+00 2.546359e+00 1.029129e+01 5.024443e+03 1.570912e+04 2.11282 2.608621e-01
9.450000e-01 3.148160e+00 2.152631e+00 2.547142e+00 1.029490e+01 5.070448e+03 1.570117e+04 2.11476 2.633025e-01
9.440000e-01 3.148160e+00 2.153449e+00 2.547987e+00 1.029862e+01 5.115969e+03 1.569314e+04 2.11676 2.657155e-01
9.430000e-01 3.148160e+00 2.154182e+00 2.548718e+00 1.030217e+01 5.161094e+03 1.568541e+04 2.11864 2.681151e-01
9.420000e-01 3.148160e+00 2.155000e+00 2.549562e+00 1.030589e+01 5.205663e+03 1.567748e+04 2.12064 2.704807e-01
9.410000e-01 3.148160e+00 2.155777e+00 2.550351e+00 1.030954e+01 5.249844e+03 1.566971e+04 2.12259 2.728301e-01
9.400000e-01 3.148160e+00 2.156553e+00 2.551138e+00 1.031319e+01 5.293524e+03 1.566200e+04 2.12454 2.751546e-01
9.390000e-01 3.148160e+00 2.157326e+00 2.551921e+00 1.031685e+01 5.336642e+03 1.565435e+04 2.12649 2.774510e-01
9.380000e-01 3.148160e+00 2.158098e+00 2.552698e+00 1.032050e+01 5.379210e+03 1.564675e+04 2.12843 2.797201e-01
9.370000e-01 3.148160e+00 2.158869e+00 2.553474e+00 1.032417e+01 5.421422e+03 1.563919e+04 2.13038 2.819719e-01
9.360000e-01 3.148160e+00 2.159643e+00 2.554254e+00 1.032786e+01 5.463432e+03 1.563163e+04 2.13235 2.842145e-01
9.350000e-01 3.148160e+00 2.160423e+00 2.555039e+00 1.033157e+01 5.505257e+03 1.562408e+04 2.13432 2.864483e-01
9.340000e-01 3.148160e+00 2.161207e+00 2.555830e+00 1.033529e+01 5.546846e+03 1.561655e+04 2.1363 2.886707e-01
9.330000e-01 3.148160e+00 2.161994e+00 2.556627e+00 1.033903e+01 5.588163e+03 1.560905e+04 2.13829 2.908797e-01
9.320000e-01 3.148160e+00 2.162784e+00 2.557428e+00 1.034277e+01 5.629209e+03 1.560156e+04 2.14028 2.930753e-01
9.310000e-01 3.148160e+00 2.163576e+00 2.558232e+00 1.034653e+01 5.669952e+03 1.559412e+04 2.14228 2.952558e-01
9.300000e-01 3.148160e+00 2.164370e+00 2.559040e+00 1.035029e+01 5.710365e+03 1.558670e+04 2.14428 2.974200e-01
9.290000e-01 3.148160e+00 2.165165e+00 2.559848e+00 1.035406e+01 5.750419e+03 1.557932e+04 2.14629 2.995662e-01
9.280000e-01 3.148160e+00 2.165960e+00 2.560658e+00 1.035783e+01 5.790147e+03 1.557198e+04 2.1483 3.016964e-01
9.270000e-01 3.148160e+00 2.166758e+00 2.561470e+00 1.036162e+01 5.829626e+03 1.556465e+04 2.15031 3.038145e-01
9.260000e-01 3.148160e+00 2.167558e+00 2.562286e+00 1.036541e+01 5.868871e+03 1.555734e+04 2.15233 3.059214e-01
9.250000e-01 3.148160e+00 2.168361e+00 2.563104e+00 1.036922e+01 5.907851e+03 1.555005e+04 2.15436 3.080153e-01
9.240000e-01 3.148160e+00 2.169164e+00 2.563924e+00 1.037304e+01 5.946520e+03 1.554278e+04 2.15639 3.100938e-01
9.230000e-01 3.148160e+00 2.169969e+00 2.564745e+00 1.037687e+01 5.984893e+03 1.553554e+04 2.15843 3.121579e-01
9.220000e-01 3.148160e+00 2.170775e+00 2.565568e+00 1.038071e+01 6.022984e+03 1.552831e+04 2.16047 3.142082e-01
9.210000e-01 3.148160e+00 2.171581e+00 2.566389e+00 1.038455e+01 6.060724e+03 1.552111e+04 2.16251 3.162411e-01
9.200000e-01 3.148160e+00 2.172385e+00 2.567207e+00 1.038839e+01 6.098062e+03 1.551395e+04 2.16455 3.182540e-01
9.190000e-01 3.148160e+00 2.173187e+00 2.568021e+00 1.039224e+01 6.135011e+03 1.550682e+04 2.16659 3.202477e-01
9.180000e-01 3.148160e+00 2.173989e+00 2.568834e+00 1.039609e+01 6.171725e+03 1.549971e+04 2.16864 3.222304e-01
9.170000e-01 3.148160e+00 2.174795e+00 2.569650e+00 1.039997e+01 6.208311e+03 1.549259e+04 2.1707 3.242074e-01
9.160000e-01 3.148160e+00 2.175605e+00 2.570473e+00 1.040387e+01 6.244773e+03 1.548546e+04 2.17276 3.261789e-01
9.150000e-01 3.148160e+00 2.176419e+00 2.571300e+00 1.040779e+01 6.281073e+03 1.547834e+04 2.17484 3.281426e-01
9.140000e-01 3.148160e+00 2.177236e+00 2.572132e+00 1.041171e+01 6.317184e+03 1.547123e+04 2.17692 3.300972e-01
9.130000e-01 3.148160e+00 2.178056e+00 2.572968e+00 1.041565e+01 6.353088e+03 1.546414e+04 2.17901 3.320416e-01
9.120000e-01 3.148160e+00 2.178877e+00 2.573807e+00 1.041959e+01 6.388761e+03 1.545706e+04 2.1811 3.339745e-01
9.110000e-01 3.148160e+00 2.179700e+00 2.574648e+00 1.042354e+01 6.424176e+03 1.545000e+04 2.18319 3.358947e-01
9.100000e-01 3.148160e+00 2.180522e+00 2.575489e+00 1.042749e+01 6.459312e+03 1.544297e+04 2.18529 3.378010e-01
9.090000e-01 3.148160e+00 2.181346e+00 2.576332e+00 1.043145e+01 6.494221e+03 1.543595e+04 2.18739 3.396962e-01
9.080000e-01 3.148160e+00 2.182172e+00 2.577177e+00 1.043543e+01 6.528953e+03 1.542894e+04 2.18949 3.415831e-01
9.070000e-01 3.148160e+00 2.183000e+00 2.578025e+00 1.043941e+01 6.563508e+03 1.542195e+04 2.1916 3.434615e-01
9.060000e-01 3.148160e+00 2.183830e+00 2.578876e+00 1.044341e+01 6.597862e+03 1.541496e+04 2.19372 3.453302e-01
9.050000e-01 3.148160e+00 2.184661e+00 2.579728e+00 1.044742e+01 6.631985e+03 1.540798e+04 2.19584 3.471876e-01
9.040000e-01 3.148160e+00 2.185493e+00 2.580582e+00 1.045144e+01 6.665910e+03 1.540102e+04 2.19797 3.490356e-01
9.030000e-01 3.148160e+00 2.186327e+00 2.581436e+00 1.045546e+01 6.699604e+03 1.539407e+04 2.2001 3.508723e-01
9.020000e-01 3.148160e+00 2.187160e+00 2.582289e+00 1.045949e+01 6.733016e+03 1.538713e+04 2.20223 3.526951e-01
9.010000e-01 3.148160e+00 2.187472e+00 2.582461e+00 1.046179e+01 6.768595e+03 1.538320e+04 2.20486 3.548806e-01
9.000000e-01 3.148160e+00 2.188853e+00 2.584026e+00 1.046763e+01 6.798904e+03 1.537324e+04 2.20655 3.562932e-01
8.990000e-01 3.148160e+00 2.189654e+00 2.584835e+00 1.047163e+01 6.831695e+03 1.536643e+04 2.20864 3.580881e-01
8.980000e-01 3.148160e+00 2.189967e+00 2.585006e+00 1.047395e+01 6.866851e+03 1.536253e+04 2.21125 3.602536e-01
8.970000e-01 3.148160e+00 2.191363e+00 2.586588e+00 1.047988e+01 6.896859e+03 1.535250e+04 2.21301 3.616544e-01
8.960000e-01 3.148160e+00 2.192176e+00 2.587411e+00 1.048394e+01 6.929358e+03 1.534567e+04 2.21513 3.634365e-01
8.950000e-01 3.148160e+00 2.193022e+00 2.588278e+00 1.048806e+01 6.961657e+03 1.533875e+04 2.21731 3.652074e-01
8.940000e-01 3.148160e+00 2.193871e+00 2.589149e+00 1.049220e+01 6.993794e+03 1.533183e+04 2.21949 3.669704e-01
8.930000e-01 3.148160e+00 2.194722e+00 2.590023e+00 1.049635e+01 7.025738e+03 1.532493e+04 2.22168 3.687237e-01
8.920000e-01 3.148160e+00 2.195573e+00 2.590897e+00 1.050051e+01 7.057461e+03 1.531804e+04 2.22386 3.704661e-01
8.910000e-01 3.148160e+00 2.195894e+00 2.591084e+00 1.050287e+01 7.091505e+03 1.531424e+04 2.22641 3.725703e-01
8.900000e-01 3.148160e+00 2.197310e+00 2.592692e+00 1.050890e+01 7.120280e+03 1.530419e+04 2.22831 3.739185e-01
8.890000e-01 3.148160e+00 2.198133e+00 2.593531e+00 1.051302e+01 7.151562e+03 1.529741e+04 2.23046 3.756416e-01
8.880000e-01 3.148160e+00 2.198455e+00 2.593720e+00 1.051541e+01 7.185174e+03 1.529365e+04 2.23298 3.777227e-01
8.870000e-01 3.148160e+00 2.199881e+00 2.595339e+00 1.052148e+01 7.213447e+03 1.528359e+04 2.23493 3.790496e-01
8.860000e-01 3.148160e+00 2.200708e+00 2.596182e+00 1.052564e+01 7.244224e+03 1.527682e+04 2.23709 3.807486e-01
8.850000e-01 3.148160e+00 2.201024e+00 2.596364e+00 1.052804e+01 7.277354e+03 1.527311e+04 2.23956 3.828023e-01
8.840000e-01 3.148160e+00 2.202461e+00 2.597996e+00 1.053416e+01 7.305020e+03 1.526304e+04 2.24159 3.841042e-01
8.830000e-01 3.148160e+00 2.202744e+00 2.598135e+00 1.053651e+01 7.337760e+03 1.525943e+04 2.24396 3.861335e-01
8.820000e-01 3.148160e+00 2.204178e+00 2.599758e+00 1.054264e+01 7.364910e+03 1.524939e+04 2.24604 3.874173e-01
8.810000e-01 3.148160e+00 2.204453e+00 2.599887e+00 1.054500e+01 7.397353e+03 1.524582e+04 2.24837 3.894309e-01
8.800000e-01 3.148160e+00 2.205901e+00 2.601525e+00 1.055118e+01 7.424312e+03 1.523573e+04 2.25051 3.907090e-01
8.790000e-01 3.148160e+00 2.206779e+00 2.602433e+00 1.055550e+01 7.453936e+03 1.522884e+04 2.25277 3.923480e-01
8.780000e-01 3.148160e+00 2.207650e+00 2.603329e+00 1.055983e+01 7.483453e+03 1.522197e+04 2.25503 3.939860e-01
8.770000e-01 3.148160e+00 2.208524e+00 2.604229e+00 1.056416e+01 7.512863e+03 1.521510e+04 2.2573 3.956191e-01
8.760000e-01 3.148160e+00 2.209401e+00 2.605132e+00 1.056851e+01 7.542154e+03 1.520823e+04 2.25957 3.972464e-01
8.750000e-01 3.148160e+00 2.210279e+00 2.606038e+00 1.057287e+01 7.571290e+03 1.520136e+04 2.26185 3.988663e-01
8.740000e-01 3.148160e+00 2.211157e+00 2.606945e+00 1.057723e+01 7.600246e+03 1.519449e+04 2.26413 4.004773e-01
8.730000e-01 3.148160e+00 2.212036e+00 2.607852e+00 1.058161e+01 7.629028e+03 1.518764e+04 2.26642 4.020798e-01
8.720000e-01 3.148160e+00 2.212916e+00 2.608762e+00 1.058599e+01 7.657688e+03 1.518078e+04 2.26871 4.036766e-01
8.710000e-01 3.148160e+00 2.213799e+00 2.609674e+00 1.059039e+01 7.686226e+03 1.517392e+04 2.271 4.052677e-01
8.700000e-01 3.148160e+00 2.214683e+00 2.610588e+00 1.059480e+01 7.714629e+03 1.516706e+04 2.2733 4.068523e-01
8.690000e-01 3.148160e+00 2.214957e+00 2.610720e+00 1.059723e+01 7.745653e+03 1.516360e+04 2.27558 4.087957e-01
8.680000e-01 3.148160e+00 2.216442e+00 2.612402e+00 1.060362e+01 7.770972e+03 1.515337e+04 2.27792 4.100041e-01
8.670000e-01 3.148160e+00 2.216719e+00 2.612541e+00 1.060608e+01 7.801746e+03 1.514991e+04 2.28016 4.119304e-01
8.660000e-01 3.148160e+00 2.218215e+00 2.614236e+00 1.061251e+01 7.826681e+03 1.513966e+04 2.28255 4.131210e-01
8.650000e-01 3.148160e+00 2.218476e+00 2.614353e+00 1.061496e+01 7.857081e+03 1.513624e+04 2.28473 4.150244e-01
8.640000e-01 3.148160e+00 2.219984e+00 2.616061e+00 1.062142e+01 7.881562e+03 1.512597e+04 2.28718 4.161976e-01
8.630000e-01 3.148160e+00 2.220239e+00 2.616171e+00 1.062388e+01 7.911738e+03 1.512257e+04 2.28934 4.180901e-01
8.620000e-01 3.148160e+00 2.221760e+00 2.617892e+00 1.063039e+01 7.936074e+03 1.511224e+04 2.29184 4.192587e-01
8.610000e-01 3.148160e+00 2.222024e+00 2.618013e+00 1.063289e+01 7.966144e+03 1.510884e+04 2.29402 4.211489e-01
8.600000e-01 3.148160e+00 2.223551e+00 2.619742e+00 1.063946e+01 7.990343e+03 1.509844e+04 2.29653 4.223101e-01
8.590000e-01 3.148160e+00 2.223820e+00 2.619872e+00 1.064197e+01 8.020252e+03 1.509504e+04 2.29873 4.241933e-01
8.580000e-01 3.148160e+00 2.225353e+00 2.621608e+00 1.064858e+01 8.044256e+03 1.508460e+04 2.30126 4.253452e-01
8.570000e-01 3.148160e+00 2.225622e+00 2.621738e+00 1.065111e+01 8.073942e+03 1.508121e+04 2.30344 4.272162e-01
8.560000e-01 3.148160e+00 2.227161e+00 2.623482e+00 1.065775e+01 8.097634e+03 1.507075e+04 2.30601 4.283543e-01
8.550000e-01 3.148160e+00 2.227423e+00 2.623605e+00 1.066029e+01 8.127059e+03 1.506739e+04 2.30816 4.302104e-01
8.540000e-01 3.148160e+00 2.228973e+00 2.625361e+00 1.066696e+01 8.150491e+03 1.505690e+04 2.31077 4.313385e-01
8.530000e-01 3.148160e+00 2.229234e+00 2.625486e+00 1.066951e+01 8.179726e+03 1.505354e+04 2.31291 4.331852e-01
8.520000e-01 3.148160e+00 2.230791e+00 2.627250e+00 1.067623e+01 8.202907e+03 1.504302e+04 2.31555 4.343022e-01
8.510000e-01 3.148160e+00 2.231047e+00 2.627368e+00 1.067878e+01 8.231915e+03 1.503968e+04 2.31767 4.361363e-01
8.500000e-01 3.148160e+00 2.232658e+00 2.629205e+00 1.068563e+01 8.254783e+03 1.502899e+04 2.3204 4.372323e-01
8.490000e-01 3.148160e+00 2.232879e+00 2.629277e+00 1.068813e+01 8.283567e+03 1.502575e+04 2.32246 4.390581e-01
8.480000e-01 3.148160e+00 2.234481e+00 2.631098e+00 1.069497e+01 8.306057e+03 1.501509e+04 2.32522 4.401411e-01
8.470000e-01 3.148160e+00 2.234682e+00 2.631145e+00 1.069747e+01 8.334508e+03 1.501189e+04 2.32721 4.419471e-01
8.460000e-01 3.148160e+00 2.236301e+00 2.632983e+00 1.070435e+01 8.356651e+03 1.500119e+04 2.33003 4.430175e-01
8.450000e-01 3.148160e+00 2.236502e+00 2.633030e+00 1.070686e+01 8.384968e+03 1.499799e+04 2.33203 4.448190e-01
8.440000e-01 3.148160e+00 2.238131e+00 2.634880e+00 1.071381e+01 8.407001e+03 1.498723e+04 2.33488 4.458846e-01
8.430000e-01 3.148160e+00 2.238338e+00 2.634936e+00 1.071635e+01 8.435217e+03 1.498402e+04 2.33689 4.476837e-01
8.420000e-01 3.148160e+00 2.239974e+00 2.636795e+00 1.072335e+01 8.457105e+03 1.497318e+04 2.33977 4.487416e-01
8.410000e-01 3.148160e+00 2.240185e+00 2.636857e+00 1.072592e+01 8.485182e+03 1.496997e+04 2.34179 4.505349e-01
8.400000e-01 3.148160e+00 2.241827e+00 2.638723e+00 1.073296e+01 8.506872e+03 1.495909e+04 2.34468 4.515831e-01
8.390000e-01 3.148160e+00 2.242032e+00 2.638780e+00 1.073553e+01 8.534732e+03 1.495589e+04 2.34668 4.533645e-01
8.380000e-01 3.148160e+00 2.243683e+00 2.640656e+00 1.074261e+01 8.556136e+03 1.494498e+04 2.34961 4.544002e-01
8.370000e-01 3.148160e+00 2.243884e+00 2.640709e+00 1.074519e+01 8.583803e+03 1.494179e+04 2.35159 4.561716e-01
8.360000e-01 3.148160e+00 2.245545e+00 2.642597e+00 1.075231e+01 8.605005e+03 1.493083e+04 2.35456 4.571990e-01
8.350000e-01 3.148160e+00 2.245743e+00 2.642647e+00 1.075490e+01 8.632492e+03 1.492765e+04 2.35653 4.589614e-01
8.340000e-01 3.148160e+00 2.247412e+00 2.644546e+00 1.076207e+01 8.653451e+03 1.491664e+04 2.35953 4.599779e-01
8.330000e-01 3.148160e+00 2.247602e+00 2.644586e+00 1.076467e+01 8.680738e+03 1.491347e+04 2.36147 4.617299e-01
8.320000e-01 3.148160e+00 2.249283e+00 2.646499e+00 1.077187e+01 8.701423e+03 1.490242e+04 2.36452 4.627344e-01
8.310000e-01 3.148160e+00 2.249457e+00 2.646519e+00 1.077447e+01 8.728443e+03 1.489928e+04 2.36641 4.644711e-01
8.300000e-01 3.148160e+00 2.251150e+00 2.648443e+00 1.078171e+01 8.748737e+03 1.488820e+04 2.3695 4.654588e-01
8.290000e-01 3.148160e+00 2.251309e+00 2.648445e+00 1.078430e+01 8.775510e+03 1.488509e+04 2.37136 4.671821e-01
8.280000e-01 3.148160e+00 2.253017e+00 2.650387e+00 1.079159e+01 8.795603e+03 1.487394e+04 2.37451 4.681632e-01
8.270000e-01 3.148160e+00 2.253182e+00 2.650397e+00 1.079421e+01 8.822304e+03 1.487081e+04 2.37638 4.698861e-01
8.260000e-01 3.148160e+00 2.254898e+00 2.652346e+00 1.080157e+01 8.842284e+03 1.485958e+04 2.37955 4.708608e-01
8.250000e-01 3.148160e+00 2.255065e+00 2.652362e+00 1.080422e+01 8.868876e+03 1.485644e+04 2.38143 4.725803e-01
8.240000e-01 3.148160e+00 2.256789e+00 2.654321e+00 1.081163e+01 8.888710e+03 1.484515e+04 2.38462 4.735474e-01
8.230000e-01 3.148160e+00 2.256955e+00 2.654336e+00 1.081429e+01 8.915159e+03 1.484201e+04 2.3865 4.752605e-01
8.220000e-01 3.148160e+00 2.258687e+00 2.656305e+00 1.082175e+01 8.934758e+03 1.483066e+04 2.38971 4.762160e-01
8.210000e-01 3.148160e+00 2.258845e+00 2.656312e+00 1.082442e+01 8.961006e+03 1.482753e+04 2.39157 4.779182e-01
8.200000e-01 3.148160e+00 2.260588e+00 2.658294e+00 1.083192e+01 8.980381e+03 1.481613e+04 2.39482 4.788644e-01
8.190000e-01 3.148160e+00 2.260744e+00 2.658298e+00 1.083460e+01 9.006486e+03 1.481300e+04 2.39667 4.805604e-01
8.180000e-01 3.148160e+00 2.262496e+00 2.660291e+00 1.084215e+01 9.025659e+03 1.480154e+04 2.39995 4.814969e-01
8.170000e-01 3.148160e+00 2.262643e+00 2.660287e+00 1.084484e+01 9.051594e+03 1.479842e+04 2.40178 4.831844e-01
8.160000e-01 3.148160e+00 2.264407e+00 2.662293e+00 1.085244e+01 9.070526e+03 1.478690e+04 2.4051 4.841100e-01
8.150000e-01 3.148160e+00 2.264544e+00 2.662277e+00 1.085513e+01 9.096261e+03 1.478379e+04 2.4069 4.857870e-01
8.140000e-01 3.148160e+00 2.266317e+00 2.664293e+00 1.086277e+01 9.114866e+03 1.477224e+04 2.41025 4.866977e-01
8.130000e-01 3.148160e+00 2.266432e+00 2.664250e+00 1.086545e+01 9.140329e+03 1.476916e+04 2.41199 4.883592e-01
8.120000e-01 3.148160e+00 2.268223e+00 2.666285e+00 1.087313e+01 9.158639e+03 1.475755e+04 2.41541 4.892583e-01
8.110000e-01 3.148160e+00 2.268336e+00 2.666240e+00 1.087583e+01 9.183995e+03 1.475447e+04 2.41715 4.909171e-01
8.100000e-01 3.148160e+00 2.270137e+00 2.668286e+00 1.088359e+01 9.202197e+03 1.474276e+04 2.4206 4.918109e-01
8.090000e-01 3.148160e+00 2.270253e+00 2.668246e+00 1.088631e+01 9.227465e+03 1.473966e+04 2.42235 4.934678e-01
8.080000e-01 3.148160e+00 2.272063e+00 2.670303e+00 1.089413e+01 9.245536e+03 1.472788e+04 2.42583 4.943544e-01
8.070000e-01 3.148160e+00 2.272178e+00 2.670264e+00 1.089687e+01 9.270694e+03 1.472477e+04 2.42758 4.960076e-01
8.060000e-01 3.148160e+00 2.274040e+00 2.672392e+00 1.090483e+01 9.288554e+03 1.471278e+04 2.43112 4.968739e-01
8.050000e-01 3.148160e+00 2.274120e+00 2.672308e+00 1.090753e+01 9.313558e+03 1.470976e+04 2.43282 4.985242e-01
8.040000e-01 3.148160e+00 2.275977e+00 2.674426e+00 1.091551e+01 9.331189e+03 1.469776e+04 2.43639 4.993840e-01
8.030000e-01 3.148160e+00 2.276051e+00 2.674335e+00 1.091822e+01 9.356054e+03 1.469474e+04 2.43807 5.010284e-01
8.020000e-01 3.148160e+00 2.277920e+00 2.676467e+00 1.092625e+01 9.373509e+03 1.468267e+04 2.44167 5.018797e-01
8.010000e-01 3.148160e+00 2.277987e+00 2.676370e+00 1.092897e+01 9.398232e+03 1.467965e+04 2.44334 5.035177e-01
8.000000e-01 3.148160e+00 2.279866e+00 2.678513e+00 1.093705e+01 9.415460e+03 1.466751e+04 2.44697 5.043581e-01
7.990000e-01 3.148160e+00 2.279922e+00 2.678403e+00 1.093977e+01 9.440012e+03 1.466449e+04 2.44861 5.059878e-01
7.980000e-01 3.148160e+00 2.281812e+00 2.680560e+00 1.094790e+01 9.456969e+03 1.465230e+04 2.45228 5.068152e-01
7.970000e-01 3.148160e+00 2.281847e+00 2.680423e+00 1.095062e+01 9.481273e+03 1.464931e+04 2.45387 5.084313e-01
7.960000e-01 3.148160e+00 2.283753e+00 2.682597e+00 1.095879e+01 9.497901e+03 1.463707e+04 2.45759 5.092444e-01
7.950000e-01 3.148160e+00 2.283777e+00 2.682448e+00 1.096151e+01 9.522060e+03 1.463408e+04 2.45916 5.108549e-01
7.940000e-01 3.148160e+00 2.285698e+00 2.684638e+00 1.096976e+01 9.538562e+03 1.462174e+04 2.46293 5.116625e-01
7.930000e-01 3.148160e+00 2.285723e+00 2.684492e+00 1.097250e+01 9.562646e+03 1.461874e+04 2.46451 5.132725e-01
7.920000e-01 3.148160e+00 2.287654e+00 2.686695e+00 1.098082e+01 9.579019e+03 1.460630e+04 2.46829 5.140725e-01
7.910000e-01 3.148160e+00 2.287677e+00 2.686548e+00 1.098359e+01 9.603009e+03 1.460329e+04 2.46988 5.156800e-01
7.900000e-01 3.148160e+00 2.289618e+00 2.688762e+00 1.099198e+01 9.619219e+03 1.459076e+04 2.47369 5.164709e-01
7.890000e-01 3.148160e+00 2.289634e+00 2.688608e+00 1.099475e+01 9.643061e+03 1.458774e+04 2.47525 5.180716e-01
7.880000e-01 3.148160e+00 2.291585e+00 2.690835e+00 1.100319e+01 9.659044e+03 1.457515e+04 2.4791 5.188513e-01
7.870000e-01 3.148160e+00 2.291591e+00 2.690671e+00 1.100597e+01 9.682747e+03 1.457214e+04 2.48064 5.204463e-01
7.860000e-01 3.148160e+00 2.293556e+00 2.692914e+00 1.101447e+01 9.698557e+03 1.455946e+04 2.48452 5.212174e-01
7.850000e-01 3.148160e+00 2.293555e+00 2.692743e+00 1.101727e+01 9.722134e+03 1.455644e+04 2.48606 5.228075e-01
7.840000e-01 3.148160e+00 2.295531e+00 2.694999e+00 1.102583e+01 9.737733e+03 1.454368e+04 2.48997 5.235678e-01
7.830000e-01 3.148160e+00 2.295517e+00 2.694814e+00 1.102864e+01 9.761153e+03 1.454067e+04 2.49148 5.251508e-01
7.820000e-01 3.148160e+00 2.297506e+00 2.697085e+00 1.103725e+01 9.776499e+03 1.452785e+04 2.49543 5.258987e-01
7.810000e-01 3.148160e+00 2.297471e+00 2.696874e+00 1.104004e+01 9.799696e+03 1.452486e+04 2.49688 5.274700e-01
7.800000e-01 3.148160e+00 2.299474e+00 2.699161e+00 1.104870e+01 9.814714e+03 1.451198e+04 2.50088 5.282027e-01
7.790000e-01 3.148160e+00 2.299425e+00 2.698932e+00 1.105150e+01 9.837757e+03 1.450900e+04 2.50231 5.297679e-01
7.780000e-01 3.148160e+00 2.301446e+00 2.701239e+00 1.106024e+01 9.852635e+03 1.449602e+04 2.50636 5.304944e-01
7.770000e-01 3.148160e+00 2.301394e+00 2.701010e+00 1.106306e+01 9.875607e+03 1.449302e+04 2.50779 5.320595e-01
7.760000e-01 3.148160e+00 2.303426e+00 2.703329e+00 1.107188e+01 9.890350e+03 1.447993e+04 2.51186 5.327777e-01
7.750000e-01 3.148160e+00 2.303371e+00 2.703099e+00 1.107472e+01 9.913234e+03 1.447691e+04 2.5133 5.343411e-01
7.740000e-01 3.148160e+00 2.305413e+00 2.705432e+00 1.108361e+01 9.927821e+03 1.446372e+04 2.51739 5.350503e-01
7.730000e-01 3.148160e+00 2.305349e+00 2.705191e+00 1.108646e+01 9.950570e+03 1.446071e+04 2.51881 5.366082e-01
7.720000e-01 3.148160e+00 2.307403e+00 2.707538e+00 1.109541e+01 9.964933e+03 1.444744e+04 2.52294 5.373056e-01
7.710000e-01 3.148160e+00 2.307329e+00 2.707287e+00 1.109828e+01 9.987552e+03 1.444442e+04 2.52434 5.388586e-01
7.700000e-01 3.148160e+00 2.309438e+00 2.709708e+00 1.110739e+01 1.000171e+04 1.443093e+04 2.52855 5.395357e-01
7.690000e-01 3.148160e+00 2.309329e+00 2.709413e+00 1.111021e+01 1.002424e+04 1.442798e+04 2.5299 5.410912e-01
7.680000e-01 3.148160e+00 2.311434e+00 2.711826e+00 1.111935e+01 1.003820e+04 1.441445e+04 2.53413 5.417620e-01
7.670000e-01 3.148160e+00 2.311311e+00 2.711514e+00 1.112218e+01 1.006058e+04 1.441150e+04 2.53545 5.433112e-01
7.660000e-01 3.148160e+00 2.313430e+00 2.713942e+00 1.113137e+01 1.007430e+04 1.439789e+04 2.53971 5.439690e-01
7.650000e-01 3.148160e+00 2.313282e+00 2.713601e+00 1.113419e+01 1.009646e+04 1.439496e+04 2.54098 5.455078e-01
7.640000e-01 3.148160e+00 2.315417e+00 2.716047e+00 1.114344e+01 1.010986e+04 1.438130e+04 2.5453 5.461503e-01
7.630000e-01 3.148160e+00 2.315255e+00 2.715689e+00 1.114626e+01 1.013189e+04 1.437837e+04 2.54654 5.476843e-01
7.620000e-01 3.148160e+00 2.317406e+00 2.718154e+00 1.115560e+01 1.014515e+04 1.436458e+04 2.5509 5.483201e-01
7.610000e-01 3.148160e+00 2.317239e+00 2.717791e+00 1.115844e+01 1.016710e+04 1.436164e+04 2.55214 5.498540e-01
7.600000e-01 3.148160e+00 2.319403e+00 2.720273e+00 1.116786e+01 1.018023e+04 1.434773e+04 2.55652 5.504807e-01
7.590000e-01 3.148160e+00 2.319229e+00 2.719904e+00 1.117072e+01 1.020210e+04 1.434477e+04 2.55776 5.520137e-01
7.580000e-01 3.148160e+00 2.321406e+00 2.722399e+00 1.118023e+01 1.021505e+04 1.433074e+04 2.56217 5.526299e-01
7.570000e-01 3.148160e+00 2.321220e+00 2.722020e+00 1.118310e+01 1.023679e+04 1.432778e+04 2.56339 5.541579e-01
7.560000e-01 3.148160e+00 2.323409e+00 2.724528e+00 1.119267e+01 1.024953e+04 1.431367e+04 2.56783 5.547622e-01
7.550000e-01 3.148160e+00 2.323210e+00 2.724134e+00 1.119555e+01 1.027116e+04 1.431070e+04 2.56903 5.562868e-01
7.540000e-01 3.148160e+00 2.325414e+00 2.726663e+00 1.120520e+01 1.028373e+04 1.429647e+04 2.57351 5.568815e-01
7.530000e-01 3.148160e+00 2.325203e+00 2.726255e+00 1.120809e+01 1.030524e+04 1.429350e+04 2.57468 5.584026e-01
7.520000e-01 3.148160e+00 2.327420e+00 2.728799e+00 1.121781e+01 1.031759e+04 1.427917e+04 2.5792 5.589852e-01
7.510000e-01 3.148160e+00 2.327191e+00 2.728371e+00 1.122070e+01 1.033896e+04 1.427620e+04 2.58033 5.605004e-01
7.500000e-01 3.148160e+00 2.329423e+00 2.730933e+00 1.123049e+01 1.035106e+04 1.426178e+04 2.58488 5.610689e-01
7.490000e-01 3.148160e+00 2.329166e+00 2.730470e+00 1.123337e+01 1.037222e+04 1.425883e+04 2.58596 5.625741e-01
7.480000e-01 3.148160e+00 2.331416e+00 2.733051e+00 1.124322e+01 1.038402e+04 1.424433e+04 2.59056 5.631279e-01
7.470000e-01 3.148160e+00 2.331146e+00 2.732573e+00 1.124610e+01 1.040508e+04 1.424137e+04 2.59162 5.646314e-01
7.460000e-01 3.148160e+00 2.333413e+00 2.735175e+00 1.125605e+01 1.041676e+04 1.422674e+04 2.59626 5.651775e-01
7.450000e-01 3.148160e+00 2.333133e+00 2.734688e+00 1.125895e+01 1.043773e+04 1.422375e+04 2.59731 5.666807e-01
7.440000e-01 3.148160e+00 2.335413e+00 2.737304e+00 1.126899e+01 1.044926e+04 1.420898e+04 2.60198 5.672164e-01
7.430000e-01 3.148160e+00 2.335126e+00 2.736811e+00 1.127192e+01 1.047016e+04 1.420598e+04 2.60302 5.687185e-01
7.420000e-01 3.148160e+00 2.337418e+00 2.739442e+00 1.128204e+01 1.048150e+04 1.419108e+04 2.60771 5.692427e-01
7.410000e-01 3.148160e+00 2.337111e+00 2.738926e+00 1.128496e+01 1.050226e+04 1.418808e+04 2.60872 5.707400e-01
7.400000e-01 3.148160e+00 2.339459e+00 2.741632e+00 1.129526e+01 1.051337e+04 1.417294e+04 2.61349 5.712400e-01
7.390000e-01 3.148160e+00 2.339117e+00 2.741072e+00 1.129815e+01 1.053405e+04 1.417000e+04 2.61445 5.727417e-01
7.380000e-01 3.148160e+00 2.341463e+00 2.743773e+00 1.130849e+01 1.054500e+04 1.415478e+04 2.61923 5.732360e-01
7.370000e-01 3.148160e+00 2.341103e+00 2.743192e+00 1.131138e+01 1.056556e+04 1.415183e+04 2.62016 5.747343e-01
7.360000e-01 3.148160e+00 2.343464e+00 2.745910e+00 1.132180e+01 1.057628e+04 1.413650e+04 2.62498 5.752149e-01
7.350000e-01 3.148160e+00 2.343080e+00 2.745302e+00 1.132469e+01 1.059669e+04 1.413356e+04 2.62586 5.767073e-01
7.340000e-01 3.148160e+00 2.345457e+00 2.748038e+00 1.133518e+01 1.060713e+04 1.411814e+04 2.63072 5.771717e-01
7.330000e-01 3.148160e+00 2.345044e+00 2.747394e+00 1.133804e+01 1.062734e+04 1.411520e+04 2.63154 5.786554e-01
7.320000e-01 3.148160e+00 2.347442e+00 2.750154e+00 1.134862e+01 1.063755e+04 1.409967e+04 2.63645 5.791078e-01
7.310000e-01 3.148160e+00 2.347017e+00 2.749497e+00 1.135150e+01 1.065770e+04 1.409672e+04 2.63726 5.805928e-01
7.300000e-01 3.148160e+00 2.349429e+00 2.752275e+00 1.136218e+01 1.066776e+04 1.408103e+04 2.6422 5.810346e-01
7.290000e-01 3.148160e+00 2.348994e+00 2.751608e+00 1.136509e+01 1.068783e+04 1.407806e+04 2.643 5.825194e-01
7.280000e-01 3.148160e+00 2.351419e+00 2.754401e+00 1.137587e+01 1.069774e+04 1.406222e+04 2.64797 5.829500e-01
7.270000e-01 3.148160e+00 2.350966e+00 2.753715e+00 1.137878e+01 1.071770e+04 1.405923e+04 2.64874 5.844329e-01
7.260000e-01 3.148160e+00 2.351104e+00 2.753667e+00 1.138278e+01 1.073566e+04 1.405460e+04 2.65115 5.858765e-01
7.250000e-01 3.148160e+00 2.354393e+00 2.757581e+00 1.139655e+01 1.074211e+04 1.403377e+04 2.65661 5.857963e-01
7.240000e-01 3.148160e+00 2.353915e+00 2.756868e+00 1.139948e+01 1.076191e+04 1.403075e+04 2.65733 5.872744e-01
7.230000e-01 3.148160e+00 2.354035e+00 2.756801e+00 1.140351e+01 1.077971e+04 1.402608e+04 2.65972 5.887136e-01
7.220000e-01 3.148160e+00 2.357369e+00 2.760768e+00 1.141750e+01 1.078581e+04 1.400494e+04 2.66526 5.886068e-01
7.210000e-01 3.148160e+00 2.356859e+00 2.760019e+00 1.142043e+01 1.080543e+04 1.400191e+04 2.66593 5.900798e-01
7.200000e-01 3.148160e+00 2.356953e+00 2.759921e+00 1.142447e+01 1.082301e+04 1.399722e+04 2.66827 5.915106e-01
7.190000e-01 3.148160e+00 2.360367e+00 2.763993e+00 1.143871e+01 1.082862e+04 1.397571e+04 2.67394 5.913617e-01
7.180000e-01 3.148160e+00 2.359791e+00 2.763158e+00 1.144157e+01 1.084799e+04 1.397277e+04 2.67449 5.928301e-01
7.170000e-01 3.148160e+00 2.359853e+00 2.763020e+00 1.144560e+01 1.086531e+04 1.396808e+04 2.67678 5.942533e-01
7.160000e-01 3.148160e+00 2.363310e+00 2.767141e+00 1.146002e+01 1.087057e+04 1.394634e+04 2.68256 5.940840e-01
7.150000e-01 3.148160e+00 2.362711e+00 2.766284e+00 1.146291e+01 1.088982e+04 1.394337e+04 2.68308 5.955540e-01
7.140000e-01 3.148160e+00 2.362756e+00 2.766126e+00 1.146697e+01 1.090701e+04 1.393864e+04 2.68536 5.969770e-01
7.130000e-01 3.148160e+00 2.366253e+00 2.770296e+00 1.148163e+01 1.091197e+04 1.391655e+04 2.69121 5.967810e-01
7.120000e-01 3.148160e+00 2.365628e+00 2.769411e+00 1.148454e+01 1.093109e+04 1.391356e+04 2.69169 5.982501e-01
7.110000e-01 3.148160e+00 2.365646e+00 2.769224e+00 1.148862e+01 1.094810e+04 1.390879e+04 2.69392 5.996684e-01
7.100000e-01 3.148160e+00 2.369189e+00 2.773450e+00 1.150349e+01 1.095267e+04 1.388641e+04 2.69985 5.994433e-01
7.090000e-01 3.148160e+00 2.368533e+00 2.772532e+00 1.150641e+01 1.097163e+04 1.388340e+04 2.70028 6.009100e-01
7.080000e-01 3.148160e+00 2.368528e+00 2.772319e+00 1.151052e+01 1.098849e+04 1.387860e+04 2.70248 6.023254e-01
7.070000e-01 3.148160e+00 2.372117e+00 2.776602e+00 1.152562e+01 1.099270e+04 1.385590e+04 2.7085 6.020721e-01
7.060000e-01 3.148160e+00 2.371424e+00 2.775642e+00 1.152854e+01 1.101147e+04 1.385288e+04 2.70887 6.035345e-01
7.050000e-01 3.148160e+00 2.371388e+00 2.775391e+00 1.153266e+01 1.102810e+04 1.384806e+04 2.71101 6.049421e-01
7.040000e-01 3.148160e+00 2.375026e+00 2.779732e+00 1.154795e+01 1.103183e+04 1.382510e+04 2.71713 6.046559e-01
7.030000e-01 3.148160e+00 2.374282e+00 2.778710e+00 1.155085e+01 1.105035e+04 1.382210e+04 2.71739 6.061089e-01
7.020000e-01 3.148160e+00 2.374221e+00 2.778430e+00 1.155498e+01 1.106673e+04 1.381725e+04 2.71949 6.075085e-01
7.010000e-01 3.148160e+00 2.377945e+00 2.782884e+00 1.157058e+01 1.107006e+04 1.379388e+04 2.72576 6.071844e-01
7.000000e-01 3.148160e+00 2.377157e+00 2.781809e+00 1.157346e+01 1.108848e+04 1.379090e+04 2.72597 6.086458e-01
6.990000e-01 3.148160e+00 2.377065e+00 2.781493e+00 1.157761e+01 1.110474e+04 1.378603e+04 2.72804 6.100475e-01
6.980000e-01 3.148160e+00 2.380824e+00 2.785987e+00 1.159345e+01 1.110775e+04 1.376230e+04 2.73435 6.096960e-01
6.970000e-01 3.148160e+00 2.380002e+00 2.784875e+00 1.159634e+01 1.112603e+04 1.375929e+04 2.73451 6.111567e-01
6.960000e-01 3.148160e+00 2.379877e+00 2.784520e+00 1.160050e+01 1.114211e+04 1.375439e+04 2.73652 6.125541e-01
6.950000e-01 3.148160e+00 2.383688e+00 2.789078e+00 1.161658e+01 1.114472e+04 1.373031e+04 2.74293 6.121699e-01
6.940000e-01 3.148160e+00 2.382825e+00 2.787921e+00 1.161948e+01 1.116286e+04 1.372728e+04 2.74301 6.136298e-01
6.930000e-01 3.148160e+00 2.382672e+00 2.787533e+00 1.162367e+01 1.117879e+04 1.372234e+04 2.74498 6.150244e-01
6.920000e-01 3.148160e+00 2.386533e+00 2.792152e+00 1.164000e+01 1.118101e+04 1.369788e+04 2.75146 6.146063e-01
6.910000e-01 3.148160e+00 2.387500e+00 2.793203e+00 1.164793e+01 1.119288e+04 1.368687e+04 2.75432 6.153984e-01
6.900000e-01 3.148160e+00 2.386566e+00 2.791962e+00 1.165078e+01 1.121076e+04 1.368387e+04 2.75428 6.168541e-01
6.890000e-01 3.148160e+00 2.386353e+00 2.791500e+00 1.165495e+01 1.122636e+04 1.367892e+04 2.75613 6.182382e-01
6.880000e-01 3.148160e+00 2.390277e+00 2.796192e+00 1.167154e+01 1.122796e+04 1.365412e+04 2.76274 6.177771e-01
6.870000e-01 3.148160e+00 2.391231e+00 2.797227e+00 1.167958e+01 1.123945e+04 1.364293e+04 2.76557 6.185478e-01
6.860000e-01 3.148160e+00 2.392160e+00 2.798230e+00 1.168758e+01 1.125090e+04 1.363180e+04 2.76837 6.193245e-01
6.850000e-01 3.148160e+00 2.393085e+00 2.799229e+00 1.169562e+01 1.126229e+04 1.362061e+04 2.77117 6.200983e-01
6.840000e-01 3.148160e+00 2.394008e+00 2.800226e+00 1.170369e+01 1.127361e+04 1.360937e+04 2.77396 6.208681e-01
6.830000e-01 3.148160e+00 2.394928e+00 2.801221e+00 1.171180e+01 1.128485e+04 1.359807e+04 2.77675 6.216331e-01
6.820000e-01 3.148160e+00 2.395845e+00 2.802212e+00 1.171994e+01 1.129600e+04 1.358672e+04 2.77952 6.223931e-01
6.810000e-01 3.148160e+00 2.396759e+00 2.803200e+00 1.172810e+01 1.130706e+04 1.357532e+04 2.78229 6.231483e-01
6.800000e-01 3.148160e+00 2.397671e+00 2.804187e+00 1.173631e+01 1.131806e+04 1.356387e+04 2.78506 6.239001e-01
6.790000e-01 3.148160e+00 2.398581e+00 2.805172e+00 1.174456e+01 1.132898e+04 1.355236e+04 2.78782 6.246474e-01
6.780000e-01 3.148160e+00 2.399486e+00 2.806152e+00 1.175283e+01 1.133980e+04 1.354079e+04 2.79058 6.253894e-01
6.770000e-01 3.148160e+00 2.400388e+00 2.807130e+00 1.176113e+01 1.135053e+04 1.352919e+04 2.79332 6.261259e-01
6.760000e-01 3.148160e+00 2.401286e+00 2.808102e+00 1.176946e+01 1.136115e+04 1.351756e+04 2.79606 6.268567e-01
6.750000e-01 3.148160e+00 2.402178e+00 2.809067e+00 1.177780e+01 1.137164e+04 1.350589e+04 2.79879 6.275808e-01
6.740000e-01 3.148160e+00 2.403066e+00 2.810027e+00 1.178616e+01 1.138202e+04 1.349420e+04 2.8015 6.282994e-01
6.730000e-01 3.148160e+00 2.403949e+00 2.810983e+00 1.179457e+01 1.139235e+04 1.348243e+04 2.80421 6.290145e-01
6.720000e-01 3.148160e+00 2.404831e+00 2.811937e+00 1.180303e+01 1.140259e+04 1.347059e+04 2.80692 6.297258e-01
6.710000e-01 3.148160e+00 2.405711e+00 2.812890e+00 1.181153e+01 1.141278e+04 1.345869e+04 2.80962 6.304330e-01
6.700000e-01 3.148160e+00 2.406621e+00 2.813889e+00 1.182015e+01 1.142284e+04 1.344660e+04 2.81235 6.311239e-01
6.690000e-01 3.148160e+00 2.407495e+00 2.814836e+00 1.182873e+01 1.143286e+04 1.343457e+04 2.81503 6.318210e-01
6.680000e-01 3.148160e+00 2.408363e+00 2.815778e+00 1.183734e+01 1.144279e+04 1.342248e+04 2.8177 6.325131e-01
6.670000e-01 3.148160e+00 2.409227e+00 2.816716e+00 1.184598e+01 1.145264e+04 1.341034e+04 2.82035 6.332001e-01
6.660000e-01 3.148160e+00 2.410087e+00 2.817649e+00 1.185467e+01 1.146241e+04 1.339812e+04 2.823 6.338827e-01
6.650000e-01 3.148160e+00 2.410944e+00 2.818579e+00 1.186340e+01 1.147211e+04 1.338584e+04 2.82564 6.345605e-01
6.640000e-01 3.148160e+00 2.411796e+00 2.819504e+00 1.187215e+01 1.148171e+04 1.337351e+04 2.82826 6.352325e-01
6.630000e-01 3.148160e+00 2.412642e+00 2.820423e+00 1.188094e+01 1.149120e+04 1.336113e+04 2.83088 6.358986e-01
6.620000e-01 3.148160e+00 2.413483e+00 2.821336e+00 1.188975e+01 1.150060e+04 1.334870e+04 2.83347 6.365584e-01
6.610000e-01 3.148160e+00 2.414317e+00 2.822239e+00 1.189859e+01 1.150987e+04 1.333623e+04 2.83605 6.372110e-01
6.600000e-01 3.148160e+00 2.415144e+00 2.823135e+00 1.190744e+01 1.151903e+04 1.332373e+04 2.83862 6.378574e-01
6.590000e-01 3.148160e+00 2.415967e+00 2.824026e+00 1.191634e+01 1.152812e+04 1.331114e+04 2.84117 6.384998e-01
6.580000e-01 3.148160e+00 2.416786e+00 2.824913e+00 1.192530e+01 1.153713e+04 1.329848e+04 2.84371 6.391377e-01
6.570000e-01 3.148160e+00 2.417602e+00 2.825798e+00 1.193430e+01 1.154607e+04 1.328575e+04 2.84625 6.397711e-01
6.560000e-01 3.148160e+00 2.418413e+00 2.826680e+00 1.194334e+01 1.155494e+04 1.327294e+04 2.84877 6.403998e-01
6.550000e-01 3.148160e+00 2.419220e+00 2.827555e+00 1.195243e+01 1.156371e+04 1.326007e+04 2.85128 6.410230e-01
6.540000e-01 3.148160e+00 2.420021e+00 2.828427e+00 1.196155e+01 1.157239e+04 1.324714e+04 2.85378 6.416404e-01
6.530000e-01 3.148160e+00 2.420818e+00 2.829294e+00 1.197072e+01 1.158098e+04 1.323416e+04 2.85626 6.422527e-01
6.520000e-01 3.148160e+00 2.421642e+00 2.830201e+00 1.198002e+01 1.158943e+04 1.322097e+04 2.85877 6.428482e-01
6.510000e-01 3.148160e+00 2.422431e+00 2.831061e+00 1.198928e+01 1.159785e+04 1.320784e+04 2.86123 6.434499e-01
6.500000e-01 3.148160e+00 2.423213e+00 2.831913e+00 1.199858e+01 1.160618e+04 1.319465e+04 2.86367 6.440462e-01
6.490000e-01 3.148160e+00 2.423989e+00 2.832759e+00 1.200791e+01 1.161439e+04 1.318141e+04 2.86611 6.446362e-01
6.480000e-01 3.148160e+00 2.424758e+00 2.833597e+00 1.201726e+01 1.162250e+04 1.316812e+04 2.86852 6.452195e-01
6.470000e-01 3.148160e+00 2.425520e+00 2.834425e+00 1.202664e+01 1.163048e+04 1.315480e+04 2.87091 6.457955e-01
6.460000e-01 3.148160e+00 2.426274e+00 2.835244e+00 1.203606e+01 1.163836e+04 1.314142e+04 2.87329 6.463654e-01
6.450000e-01 3.148160e+00 2.427022e+00 2.836058e+00 1.204552e+01 1.164616e+04 1.312797e+04 2.87565 6.469307e-01
6.440000e-01 3.148160e+00 2.427766e+00 2.836867e+00 1.205504e+01 1.165388e+04 1.311442e+04 2.87799 6.474909e-01
6.430000e-01 3.148160e+00 2.428504e+00 2.837670e+00 1.206461e+01 1.166152e+04 1.310079e+04 2.88032 6.480456e-01
6.420000e-01 3.148160e+00 2.429236e+00 2.838469e+00 1.207424e+01 1.166908e+04 1.308708e+04 2.88263 6.485949e-01
6.410000e-01 3.148160e+00 2.429961e+00 2.839259e+00 1.208390e+01 1.167653e+04 1.307330e+04 2.88492 6.491375e-01
6.400000e-01 3.148160e+00 2.430679e+00 2.840042e+00 1.209360e+01 1.168390e+04 1.305945e+04 2.88719 6.496738e-01
6.390000e-01 3.148160e+00 2.431390e+00 2.840817e+00 1.210336e+01 1.169117e+04 1.304553e+04 2.88944 6.502040e-01
6.380000e-01 3.148160e+00 2.432095e+00 2.841585e+00 1.211316e+01 1.169836e+04 1.303151e+04 2.89167 6.507285e-01
6.370000e-01 3.148160e+00 2.432793e+00 2.842348e+00 1.212301e+01 1.170546e+04 1.301743e+04 2.89388 6.512467e-01
6.360000e-01 3.148160e+00 2.433515e+00 2.843145e+00 1.213299e+01 1.171240e+04 1.300316e+04 2.8961 6.517466e-01
6.350000e-01 3.148160e+00 2.434199e+00 2.843894e+00 1.214292e+01 1.171928e+04 1.298895e+04 2.89827 6.522509e-01
6.340000e-01 3.148160e+00 2.434875e+00 2.844631e+00 1.215287e+01 1.172604e+04 1.297470e+04 2.90042 6.527482e-01
6.330000e-01 3.148160e+00 2.435541e+00 2.845355e+00 1.216285e+01 1.173267e+04 1.296041e+04 2.90254 6.532380e-01
6.320000e-01 3.148160e+00 2.436199e+00 2.846072e+00 1.217289e+01 1.173921e+04 1.294604e+04 2.90464 6.537222e-01
6.310000e-01 3.148160e+00 2.436850e+00 2.846782e+00 1.218298e+01 1.174568e+04 1.293157e+04 2.90672 6.542006e-01
6.300000e-01 3.148160e+00 2.437494e+00 2.847483e+00 1.219313e+01 1.175205e+04 1.291702e+04 2.90878 6.546728e-01
6.290000e-01 3.148160e+00 2.438131e+00 2.848178e+00 1.220333e+01 1.175834e+04 1.290236e+04 2.91081 6.551388e-01
6.280000e-01 3.148160e+00 2.438759e+00 2.848864e+00 1.221359e+01 1.176454e+04 1.288762e+04 2.91282 6.555980e-01
6.270000e-01 3.148160e+00 2.439379e+00 2.849540e+00 1.222389e+01 1.177063e+04 1.287280e+04 2.9148 6.560496e-01
6.260000e-01 3.148160e+00 2.439989e+00 2.850206e+00 1.223424e+01 1.177662e+04 1.285791e+04 2.91674 6.564940e-01
6.250000e-01 3.148160e+00 2.440590e+00 2.850862e+00 1.224465e+01 1.178253e+04 1.284291e+04 2.91867 6.569319e-01
6.240000e-01 3.148160e+00 2.441184e+00 2.851510e+00 1.225512e+01 1.178834e+04 1.282782e+04 2.92056 6.573630e-01
6.230000e-01 3.148160e+00 2.441769e+00 2.852151e+00 1.226563e+01 1.179404e+04 1.281267e+04 2.92243 6.577871e-01
6.220000e-01 3.148160e+00 2.442345e+00 2.852780e+00 1.227618e+01 1.179963e+04 1.279745e+04 2.92428 6.582036e-01
6.210000e-01 3.148160e+00 2.442942e+00 2.853441e+00 1.228686e+01 1.180505e+04 1.278206e+04 2.92613 6.586012e-01
6.200000e-01 3.148160e+00 2.443502e+00 2.854052e+00 1.229748e+01 1.181040e+04 1.276674e+04 2.92793 6.590022e-01
6.190000e-01 3.148160e+00 2.444051e+00 2.854650e+00 1.230815e+01 1.181563e+04 1.275137e+04 2.9297 6.593970e-01
6.180000e-01 3.148160e+00 2.444591e+00 2.855240e+00 1.231888e+01 1.182078e+04 1.273589e+04 2.93145 6.597857e-01
6.170000e-01 3.148160e+00 2.445122e+00 2.855818e+00 1.232968e+01 1.182583e+04 1.272031e+04 2.93316 6.601674e-01
6.160000e-01 3.148160e+00 2.445644e+00 2.856389e+00 1.234055e+01 1.183079e+04 1.270462e+04 2.93485 6.605421e-01
6.150000e-01 3.148160e+00 2.446157e+00 2.856950e+00 1.235147e+01 1.183566e+04 1.268884e+04 2.93651 6.609094e-01
6.140000e-01 3.148160e+00 2.446660e+00 2.857499e+00 1.236246e+01 1.184041e+04 1.267297e+04 2.93813 6.612690e-01
6.130000e-01 3.148160e+00 2.447153e+00 2.858039e+00 1.237349e+01 1.184506e+04 1.265703e+04 2.93973 6.616211e-01
6.120000e-01 3.148160e+00 2.447637e+00 2.858570e+00 1.238459e+01 1.184961e+04 1.264099e+04 2.9413 6.619667e-01
6.110000e-01 3.148160e+00 2.448112e+00 2.859090e+00 1.239575e+01 1.185406e+04 1.262485e+04 2.94284 6.623049e-01
6.100000e-01 3.148160e+00 2.448577e+00 2.859602e+00 1.240697e+01 1.185841e+04 1.260864e+04 2.94434 6.626354e-01
6.090000e-01 3.148160e+00 2.449032e+00 2.860100e+00 1.241824e+01 1.186264e+04 1.259235e+04 2.94582 6.629579e-01
6.080000e-01 3.148160e+00 2.449502e+00 2.860624e+00 1.242963e+01 1.186669e+04 1.257588e+04 2.94729 6.632599e-01
6.070000e-01 3.148160e+00 2.449933e+00 2.861096e+00 1.244098e+01 1.187067e+04 1.255946e+04 2.94869 6.635638e-01
6.060000e-01 3.148160e+00 2.450351e+00 2.861550e+00 1.245236e+01 1.187454e+04 1.254298e+04 2.95005 6.638596e-01
6.050000e-01 3.148160e+00 2.450757e+00 2.861992e+00 1.246382e+01 1.187831e+04 1.252637e+04 2.95137 6.641480e-01
6.040000e-01 3.148160e+00 2.451152e+00 2.862422e+00 1.247536e+01 1.188198e+04 1.250966e+04 2.95265 6.644283e-01
6.030000e-01 3.148160e+00 2.451536e+00 2.862841e+00 1.248697e+01 1.188555e+04 1.249283e+04 2.9539 6.647006e-01
6.020000e-01 3.148160e+00 2.451909e+00 2.863249e+00 1.249864e+01 1.188902e+04 1.247589e+04 2.95511 6.649651e-01
6.010000e-01 3.148160e+00 2.452271e+00 2.863644e+00 1.251038e+01 1.189237e+04 1.245887e+04 2.95629 6.652211e-01
6.000000e-01 3.148160e+00 2.452623e+00 2.864029e+00 1.252218e+01 1.189561e+04 1.244177e+04 2.95744 6.654694e-01
5.990000e-01 3.148160e+00 2.452964e+00 2.864403e+00 1.253406e+01 1.189875e+04 1.242456e+04 2.95855 6.657103e-01
5.980000e-01 3.148160e+00 2.453294e+00 2.864765e+00 1.254601e+01 1.190179e+04 1.240725e+04 2.95963 6.659431e-01
5.970000e-01 3.148160e+00 2.453613e+00 2.865115e+00 1.255803e+01 1.190470e+04 1.238985e+04 2.96067 6.661673e-01
5.960000e-01 3.148160e+00 2.453947e+00 2.865490e+00 1.257018e+01 1.190744e+04 1.237227e+04 2.9617 6.663717e-01
5.950000e-01 3.148160e+00 2.454244e+00 2.865817e+00 1.258230e+01 1.191012e+04 1.235473e+04 2.96267 6.665787e-01
5.940000e-01 3.148160e+00 2.454528e+00 2.866128e+00 1.259446e+01 1.191266e+04 1.233715e+04 2.96361 6.667772e-01
5.930000e-01 3.148160e+00 2.454800e+00 2.866424e+00 1.260667e+01 1.191509e+04 1.231949e+04 2.96451 6.669680e-01
5.920000e-01 3.148160e+00 2.455059e+00 2.866707e+00 1.261897e+01 1.191742e+04 1.230171e+04 2.96537 6.671505e-01
5.910000e-01 3.148160e+00 2.455304e+00 2.866973e+00 1.263135e+01 1.191963e+04 1.228381e+04 2.96618 6.673233e-01
5.900000e-01 3.148160e+00 2.455535e+00 2.867226e+00 1.264382e+01 1.192174e+04 1.226578e+04 2.96694 6.674871e-01
5.890000e-01 3.148160e+00 2.455755e+00 2.867467e+00 1.265636e+01 1.192374e+04 1.224763e+04 2.96766 6.676417e-01
5.880000e-01 3.148160e+00 2.455959e+00 2.867689e+00 1.266897e+01 1.192562e+04 1.222939e+04 2.96833 6.677864e-01
5.870000e-01 3.148160e+00 2.456150e+00 2.867897e+00 1.268165e+01 1.192738e+04 1.221105e+04 2.96895 6.679215e-01
5.860000e-01 3.148160e+00 2.456328e+00 2.868092e+00 1.269442e+01 1.192903e+04 1.219259e+04 2.96953 6.680482e-01
5.850000e-01 3.148160e+00 2.456493e+00 2.868273e+00 1.270727e+01 1.193058e+04 1.217402e+04 2.97007 6.681655e-01
5.840000e-01 3.148160e+00 2.456673e+00 2.868478e+00 1.272027e+01 1.193194e+04 1.215526e+04 2.9706 6.682625e-01
5.830000e-01 3.148160e+00 2.456817e+00 2.868637e+00 1.273326e+01 1.193323e+04 1.213653e+04 2.97107 6.683628e-01
5.820000e-01 3.148160e+00 2.456948e+00 2.868780e+00 1.274630e+01 1.193440e+04 1.211776e+04 2.9715 6.684546e-01
5.810000e-01 3.148160e+00 2.457066e+00 2.868907e+00 1.275938e+01 1.193543e+04 1.209893e+04 2.9719 6.685377e-01
5.800000e-01 3.148160e+00 2.457172e+00 2.869024e+00 1.277254e+01 1.193636e+04 1.208002e+04 2.97226 6.686133e-01
5.790000e-01 3.148160e+00 2.457265e+00 2.869125e+00 1.278580e+01 1.193717e+04 1.206097e+04 2.97258 6.686799e-01
5.780000e-01 3.148160e+00 2.457341e+00 2.869207e+00 1.279916e+01 1.193786e+04 1.204179e+04 2.97284 6.687358e-01
5.770000e-01 3.148160e+00 2.457404e+00 2.869275e+00 1.281261e+01 1.193845e+04 1.202249e+04 2.97305 6.687821e-01
5.760000e-01 3.148160e+00 2.457451e+00 2.869327e+00 1.282614e+01 1.193890e+04 1.200307e+04 2.97321 6.688180e-01
5.750000e-01 3.148160e+00 2.457483e+00 2.869360e+00 1.283974e+01 1.193924e+04 1.198355e+04 2.97332 6.688431e-01
5.740000e-01 3.148160e+00 2.457500e+00 2.869379e+00 1.285344e+01 1.193947e+04 1.196391e+04 2.97337 6.688584e-01
5.730000e-01 3.148160e+00 2.457528e+00 2.869415e+00 1.286732e+01 1.193950e+04 1.194405e+04 2.9734 6.688525e-01
5.720000e-01 3.148160e+00 2.457518e+00 2.869405e+00 1.288120e+01 1.193948e+04 1.192418e+04 2.97337 6.688479e-01
5.727963e-01 3.148160e+00 2.458790e+00 2.870898e+00 1.287462e+01 1.193497e+04 1.193362e+04 2.97482 6.682298e-01
