1.000000e+00 3.164550e+00 2.110962e+00 2.505642e+00 1.009203e+01 0.000000e+00 1.651338e+04 0 0.000000e+00
9.990000e-01 3.164550e+00 2.112801e+00 2.507139e+00 1.010150e+01 6.812540e+02 1.640082e+04 2.01155 3.493091e-02
9.980000e-01 3.164550e+00 2.112937e+00 2.507007e+00 1.010306e+01 9.635094e+02 1.636089e+04 2.11007 5.181631e-02
9.970000e-01 3.164550e+00 2.114080e+00 2.508270e+00 1.010791e+01 1.176501e+03 1.632846e+04 2.01644 6.039788e-02
9.960000e-01 3.164550e+00 2.114255e+00 2.508188e+00 1.010961e+01 1.362290e+03 1.630289e+04 2.05984 7.142911e-02
9.950000e-01 3.164550e+00 2.115388e+00 2.509432e+00 1.011440e+01 1.522075e+03 1.627763e+04 2.01982 7.817277e-02
9.940000e-01 3.164550e+00 2.115682e+00 2.509533e+00 1.011624e+01 1.673083e+03 1.625727e+04 2.04987 8.718278e-02
9.930000e-01 3.164550e+00 2.116766e+00 2.510745e+00 1.012090e+01 1.808163e+03 1.623556e+04 2.02325 9.290287e-02
9.920000e-01 3.164550e+00 2.117125e+00 2.510954e+00 1.012279e+01 1.937935e+03 1.621835e+04 2.04598 1.006550e-01
9.910000e-01 3.164550e+00 2.118179e+00 2.512146e+00 1.012736e+01 2.056131e+03 1.619905e+04 2.0267 1.056820e-01
9.900000e-01 3.164550e+00 2.118906e+00 2.512884e+00 1.013062e+01 2.169671e+03 1.618228e+04 2.02846 1.115382e-01
9.890000e-01 3.164550e+00 2.119623e+00 2.513613e+00 1.013385e+01 2.277342e+03 1.616636e+04 2.03019 1.170943e-01
9.880000e-01 3.164550e+00 2.120339e+00 2.514341e+00 1.013708e+01 2.379750e+03 1.615117e+04 2.03193 1.223818e-01
9.870000e-01 3.164550e+00 2.121053e+00 2.515067e+00 1.014031e+01 2.477496e+03 1.613662e+04 2.03367 1.274317e-01
9.860000e-01 3.164550e+00 2.121767e+00 2.515790e+00 1.014355e+01 2.571369e+03 1.612260e+04 2.03542 1.322847e-01
9.850000e-01 3.164550e+00 2.122483e+00 2.516516e+00 1.014681e+01 2.661979e+03 1.610903e+04 2.03717 1.369718e-01
9.840000e-01 3.164550e+00 2.123202e+00 2.517245e+00 1.015007e+01 2.749650e+03 1.609586e+04 2.03893 1.415095e-01
9.830000e-01 3.164550e+00 2.123922e+00 2.517977e+00 1.015335e+01 2.834506e+03 1.608307e+04 2.0407 1.459040e-01
9.820000e-01 3.164550e+00 2.124641e+00 2.518706e+00 1.015663e+01 2.916649e+03 1.607064e+04 2.04247 1.501605e-01
9.810000e-01 3.164550e+00 2.125360e+00 2.519434e+00 1.015991e+01 2.996419e+03 1.605852e+04 2.04424 1.542968e-01
9.800000e-01 3.164550e+00 2.126079e+00 2.520160e+00 1.016321e+01 3.073955e+03 1.604670e+04 2.04602 1.583197e-01
9.790000e-01 3.164550e+00 2.126795e+00 2.520881e+00 1.016651e+01 3.149274e+03 1.603517e+04 2.04779 1.622302e-01
9.780000e-01 3.164550e+00 2.127507e+00 2.521592e+00 1.016981e+01 3.222398e+03 1.602392e+04 2.04956 1.660292e-01
9.770000e-01 3.164550e+00 2.127828e+00 2.521763e+00 1.017173e+01 3.295794e+03 1.601496e+04 2.05721 1.703932e-01
9.760000e-01 3.164550e+00 2.128910e+00 2.522971e+00 1.017643e+01 3.363019e+03 1.600214e+04 2.05309 1.733445e-01
9.750000e-01 3.164550e+00 2.129241e+00 2.523151e+00 1.017839e+01 3.433737e+03 1.599355e+04 2.06032 1.775578e-01
9.740000e-01 3.164550e+00 2.130336e+00 2.524375e+00 1.018315e+01 3.498913e+03 1.598093e+04 2.05667 1.804214e-01
9.730000e-01 3.164550e+00 2.131070e+00 2.525107e+00 1.018655e+01 3.565326e+03 1.597051e+04 2.05848 1.838811e-01
9.720000e-01 3.164550e+00 2.131796e+00 2.525831e+00 1.018994e+01 3.630684e+03 1.596026e+04 2.06029 1.872887e-01
9.710000e-01 3.164550e+00 2.132528e+00 2.526562e+00 1.019334e+01 3.695060e+03 1.595014e+04 2.0621 1.906468e-01
9.700000e-01 3.164550e+00 2.133264e+00 2.527301e+00 1.019675e+01 3.758435e+03 1.594015e+04 2.06392 1.939541e-01
9.690000e-01 3.164550e+00 2.134002e+00 2.528044e+00 1.020017e+01 3.820722e+03 1.593030e+04 2.06575 1.972064e-01
9.680000e-01 3.164550e+00 2.134740e+00 2.528789e+00 1.020358e+01 3.881886e+03 1.592060e+04 2.06758 2.004018e-01
9.670000e-01 3.164550e+00 2.135479e+00 2.529534e+00 1.020700e+01 3.941946e+03 1.591103e+04 2.0694 2.035413e-01
9.660000e-01 3.164550e+00 2.136218e+00 2.530279e+00 1.021042e+01 4.001072e+03 1.590158e+04 2.07123 2.066340e-01
9.650000e-01 3.164550e+00 2.136959e+00 2.531028e+00 1.021386e+01 4.059370e+03 1.589223e+04 2.07307 2.096851e-01
9.640000e-01 3.164550e+00 2.137703e+00 2.531780e+00 1.021730e+01 4.116844e+03 1.588299e+04 2.07491 2.126948e-01
9.630000e-01 3.164550e+00 2.138448e+00 2.532534e+00 1.022075e+01 4.173446e+03 1.587386e+04 2.07676 2.156605e-01
9.620000e-01 3.164550e+00 2.139193e+00 2.533287e+00 1.022420e+01 4.229171e+03 1.586484e+04 2.0786 2.185821e-01
9.610000e-01 3.164550e+00 2.139938e+00 2.534041e+00 1.022766e+01 4.284133e+03 1.585592e+04 2.08046 2.214655e-01
9.600000e-01 3.164550e+00 2.140684e+00 2.534794e+00 1.023113e+01 4.338325e+03 1.584708e+04 2.08231 2.243104e-01
9.590000e-01 3.164550e+00 2.141430e+00 2.535545e+00 1.023460e+01 4.391663e+03 1.583835e+04 2.08416 2.271123e-01
9.580000e-01 3.164550e+00 2.142172e+00 2.536291e+00 1.023808e+01 4.444093e+03 1.582971e+04 2.08602 2.298686e-01
9.570000e-01 3.164550e+00 2.142509e+00 2.536484e+00 1.024011e+01 4.497865e+03 1.582349e+04 2.09061 2.330889e-01
9.560000e-01 3.164550e+00 2.143686e+00 2.537811e+00 1.024512e+01 4.546730e+03 1.581257e+04 2.08979 2.352702e-01
9.550000e-01 3.164550e+00 2.144399e+00 2.538511e+00 1.024858e+01 4.597516e+03 1.580419e+04 2.0916 2.379462e-01
9.540000e-01 3.164550e+00 2.145148e+00 2.539259e+00 1.025212e+01 4.647854e+03 1.579576e+04 2.09348 2.405997e-01
9.530000e-01 3.164550e+00 2.145902e+00 2.540015e+00 1.025566e+01 4.697735e+03 1.578737e+04 2.09537 2.432301e-01
9.520000e-01 3.164550e+00 2.146660e+00 2.540776e+00 1.025922e+01 4.747140e+03 1.577903e+04 2.09727 2.458368e-01
9.510000e-01 3.164550e+00 2.147421e+00 2.541542e+00 1.026279e+01 4.796094e+03 1.577076e+04 2.09917 2.484209e-01
9.500000e-01 3.164550e+00 2.148185e+00 2.542313e+00 1.026636e+01 4.844551e+03 1.576254e+04 2.10108 2.509801e-01
9.490000e-01 3.164550e+00 2.148950e+00 2.543087e+00 1.026994e+01 4.892488e+03 1.575438e+04 2.10298 2.535132e-01
9.480000e-01 3.164550e+00 2.149715e+00 2.543861e+00 1.027353e+01 4.939871e+03 1.574628e+04 2.1049 2.560186e-01
9.470000e-01 3.164550e+00 2.150482e+00 2.544637e+00 1.027712e+01 4.986751e+03 1.573825e+04 2.10681 2.584989e-01
9.460000e-01 3.164550e+00 2.151250e+00 2.545414e+00 1.028072e+01 5.033227e+03 1.573025e+04 2.10873 2.609593e-01
9.450000e-01 3.164550e+00 2.152065e+00 2.546254e+00 1.028442e+01 5.079262e+03 1.572216e+04 2.11072 2.633947e-01
9.440000e-01 3.164550e+00 2.152796e+00 2.546982e+00 1.028796e+01 5.124960e+03 1.571436e+04 2.11259 2.658197e-01
9.430000e-01 3.164550e+00 2.153612e+00 2.547824e+00 1.029167e+01 5.170070e+03 1.570637e+04 2.11458 2.682090e-01
9.420000e-01 3.164550e+00 2.154388e+00 2.548611e+00 1.029530e+01 5.214765e+03 1.569855e+04 2.11652 2.705807e-01
9.410000e-01 3.164550e+00 2.155163e+00 2.549398e+00 1.029894e+01 5.259026e+03 1.569077e+04 2.11846 2.729311e-01
9.400000e-01 3.164550e+00 2.155938e+00 2.550183e+00 1.030259e+01 5.302787e+03 1.568305e+04 2.1204 2.752565e-01
9.390000e-01 3.164550e+00 2.156711e+00 2.550964e+00 1.030623e+01 5.345987e+03 1.567538e+04 2.12235 2.775539e-01
9.380000e-01 3.164550e+00 2.157481e+00 2.551740e+00 1.030988e+01 5.388633e+03 1.566777e+04 2.12428 2.798238e-01
9.370000e-01 3.164550e+00 2.158251e+00 2.552514e+00 1.031354e+01 5.430913e+03 1.566019e+04 2.12623 2.820760e-01
9.360000e-01 3.164550e+00 2.159025e+00 2.553291e+00 1.031723e+01 5.472991e+03 1.565263e+04 2.12818 2.843188e-01
9.350000e-01 3.164550e+00 2.159803e+00 2.554074e+00 1.032093e+01 5.514882e+03 1.564507e+04 2.13015 2.865530e-01
9.340000e-01 3.164550e+00 2.160586e+00 2.554864e+00 1.032465e+01 5.556540e+03 1.563752e+04 2.13212 2.887757e-01
9.330000e-01 3.164550e+00 2.161372e+00 2.555658e+00 1.032837e+01 5.597925e+03 1.563000e+04 2.1341 2.909851e-01
9.320000e-01 3.164550e+00 2.162161e+00 2.556457e+00 1.033211e+01 5.639039e+03 1.562251e+04 2.13609 2.931811e-01
9.310000e-01 3.164550e+00 2.162952e+00 2.557259e+00 1.033586e+01 5.679851e+03 1.561505e+04 2.13808 2.953621e-01
9.300000e-01 3.164550e+00 2.163745e+00 2.558065e+00 1.033962e+01 5.720335e+03 1.560762e+04 2.14008 2.975268e-01
9.290000e-01 3.164550e+00 2.164538e+00 2.558871e+00 1.034338e+01 5.760458e+03 1.560023e+04 2.14208 2.996736e-01
9.280000e-01 3.164550e+00 2.165333e+00 2.559679e+00 1.034714e+01 5.800252e+03 1.559287e+04 2.14408 3.018042e-01
9.270000e-01 3.164550e+00 2.166129e+00 2.560489e+00 1.035092e+01 5.839796e+03 1.558554e+04 2.14608 3.039227e-01
9.260000e-01 3.164550e+00 2.166928e+00 2.561303e+00 1.035471e+01 5.879106e+03 1.557821e+04 2.1481 3.060300e-01
9.250000e-01 3.164550e+00 2.167730e+00 2.562119e+00 1.035852e+01 5.918152e+03 1.557091e+04 2.15012 3.081243e-01
9.240000e-01 3.164550e+00 2.168533e+00 2.562937e+00 1.036233e+01 5.956889e+03 1.556363e+04 2.15215 3.102034e-01
9.230000e-01 3.164550e+00 2.169336e+00 2.563757e+00 1.036615e+01 5.995328e+03 1.555638e+04 2.15417 3.122679e-01
9.220000e-01 3.164550e+00 2.170141e+00 2.564577e+00 1.036998e+01 6.033486e+03 1.554914e+04 2.15621 3.143187e-01
9.210000e-01 3.164550e+00 2.170946e+00 2.565397e+00 1.037381e+01 6.071295e+03 1.554193e+04 2.15824 3.163523e-01
9.200000e-01 3.164550e+00 2.171749e+00 2.566213e+00 1.037765e+01 6.108703e+03 1.553476e+04 2.16028 3.183659e-01
9.190000e-01 3.164550e+00 2.172550e+00 2.567025e+00 1.038149e+01 6.145717e+03 1.552762e+04 2.16231 3.203602e-01
9.180000e-01 3.164550e+00 2.173351e+00 2.567836e+00 1.038534e+01 6.182490e+03 1.552049e+04 2.16435 3.223430e-01
9.170000e-01 3.164550e+00 2.174156e+00 2.568650e+00 1.038921e+01 6.219133e+03 1.551336e+04 2.1664 3.243203e-01
9.160000e-01 3.164550e+00 2.174965e+00 2.569470e+00 1.039310e+01 6.255654e+03 1.550623e+04 2.16846 3.262919e-01
9.150000e-01 3.164550e+00 2.175778e+00 2.570296e+00 1.039701e+01 6.292013e+03 1.549910e+04 2.17053 3.282559e-01
9.140000e-01 3.164550e+00 2.176594e+00 2.571126e+00 1.040093e+01 6.328183e+03 1.549197e+04 2.1726 3.302107e-01
9.130000e-01 3.164550e+00 2.177412e+00 2.571960e+00 1.040485e+01 6.364147e+03 1.548487e+04 2.17468 3.321554e-01
9.120000e-01 3.164550e+00 2.178232e+00 2.572797e+00 1.040879e+01 6.399881e+03 1.547778e+04 2.17676 3.340888e-01
9.110000e-01 3.164550e+00 2.179054e+00 2.573636e+00 1.041273e+01 6.435357e+03 1.547071e+04 2.17885 3.360093e-01
9.100000e-01 3.164550e+00 2.179875e+00 2.574475e+00 1.041668e+01 6.470553e+03 1.546366e+04 2.18094 3.379160e-01
9.090000e-01 3.164550e+00 2.180698e+00 2.575315e+00 1.042063e+01 6.505519e+03 1.545664e+04 2.18303 3.398115e-01
9.080000e-01 3.164550e+00 2.181522e+00 2.576158e+00 1.042460e+01 6.540308e+03 1.544962e+04 2.18513 3.416986e-01
9.070000e-01 3.164550e+00 2.182349e+00 2.577005e+00 1.042858e+01 6.574920e+03 1.544261e+04 2.18723 3.435772e-01
9.060000e-01 3.164550e+00 2.183178e+00 2.577854e+00 1.043257e+01 6.609332e+03 1.543561e+04 2.18934 3.454463e-01
9.050000e-01 3.164550e+00 2.184008e+00 2.578704e+00 1.043657e+01 6.643513e+03 1.542863e+04 2.19146 3.473040e-01
9.040000e-01 3.164550e+00 2.184840e+00 2.579555e+00 1.044058e+01 6.677495e+03 1.542165e+04 2.19358 3.491523e-01
9.030000e-01 3.164550e+00 2.185672e+00 2.580407e+00 1.044460e+01 6.711247e+03 1.541469e+04 2.1957 3.509893e-01
9.020000e-01 3.164550e+00 2.186504e+00 2.581258e+00 1.044863e+01 6.744720e+03 1.540775e+04 2.19783 3.528126e-01
9.010000e-01 3.164550e+00 2.187334e+00 2.582106e+00 1.045265e+01 6.777875e+03 1.540083e+04 2.19995 3.546204e-01
9.000000e-01 3.164550e+00 2.187642e+00 2.582272e+00 1.045494e+01 6.813279e+03 1.539691e+04 2.20255 3.567929e-01
8.990000e-01 3.164550e+00 2.189026e+00 2.583839e+00 1.046080e+01 6.843505e+03 1.538692e+04 2.20427 3.582018e-01
8.980000e-01 3.164550e+00 2.189830e+00 2.584650e+00 1.046482e+01 6.876271e+03 1.538009e+04 2.20636 3.599939e-01
8.970000e-01 3.164550e+00 2.190669e+00 2.585505e+00 1.046891e+01 6.908886e+03 1.537316e+04 2.20851 3.617774e-01
8.960000e-01 3.164550e+00 2.191512e+00 2.586367e+00 1.047302e+01 6.941379e+03 1.536623e+04 2.21067 3.635551e-01
8.950000e-01 3.164550e+00 2.192357e+00 2.587233e+00 1.047714e+01 6.973728e+03 1.535930e+04 2.21285 3.653260e-01
8.940000e-01 3.164550e+00 2.193206e+00 2.588102e+00 1.048128e+01 7.005919e+03 1.535237e+04 2.21502 3.670891e-01
8.930000e-01 3.164550e+00 2.194055e+00 2.588974e+00 1.048542e+01 7.037916e+03 1.534545e+04 2.2172 3.688427e-01
8.920000e-01 3.164550e+00 2.194905e+00 2.589846e+00 1.048957e+01 7.069692e+03 1.533855e+04 2.21938 3.705853e-01
8.910000e-01 3.164550e+00 2.195755e+00 2.590719e+00 1.049372e+01 7.101259e+03 1.533167e+04 2.22156 3.723177e-01
8.900000e-01 3.164550e+00 2.196607e+00 2.591594e+00 1.049788e+01 7.132673e+03 1.532478e+04 2.22375 3.740429e-01
8.890000e-01 3.164550e+00 2.197461e+00 2.592472e+00 1.050206e+01 7.163946e+03 1.531790e+04 2.22595 3.757614e-01
8.880000e-01 3.164550e+00 2.198317e+00 2.593352e+00 1.050625e+01 7.195061e+03 1.531102e+04 2.22815 3.774724e-01
8.870000e-01 3.164550e+00 2.198641e+00 2.593543e+00 1.050863e+01 7.228553e+03 1.530727e+04 2.23065 3.795439e-01
8.860000e-01 3.164550e+00 2.200066e+00 2.595161e+00 1.051472e+01 7.256701e+03 1.529719e+04 2.23262 3.808640e-01
8.850000e-01 3.164550e+00 2.200893e+00 2.596003e+00 1.051887e+01 7.287354e+03 1.529042e+04 2.23478 3.825547e-01
8.840000e-01 3.164550e+00 2.201205e+00 2.596180e+00 1.052127e+01 7.320332e+03 1.528673e+04 2.23722 3.845964e-01
8.830000e-01 3.164550e+00 2.202642e+00 2.597809e+00 1.052739e+01 7.347770e+03 1.527664e+04 2.23926 3.858871e-01
8.820000e-01 3.164550e+00 2.202920e+00 2.597941e+00 1.052974e+01 7.380358e+03 1.527305e+04 2.2416 3.879047e-01
8.810000e-01 3.164550e+00 2.204357e+00 2.599566e+00 1.053588e+01 7.407428e+03 1.526298e+04 2.2437 3.891852e-01
8.800000e-01 3.164550e+00 2.205230e+00 2.600467e+00 1.054017e+01 7.437163e+03 1.525610e+04 2.24594 3.908268e-01
8.790000e-01 3.164550e+00 2.206097e+00 2.601355e+00 1.054447e+01 7.466815e+03 1.524923e+04 2.24818 3.924688e-01
8.780000e-01 3.164550e+00 2.206966e+00 2.602249e+00 1.054878e+01 7.496377e+03 1.524236e+04 2.25044 3.941068e-01
8.770000e-01 3.164550e+00 2.207839e+00 2.603147e+00 1.055311e+01 7.525832e+03 1.523548e+04 2.2527 3.957399e-01
8.760000e-01 3.164550e+00 2.208714e+00 2.604048e+00 1.055745e+01 7.555170e+03 1.522859e+04 2.25496 3.973673e-01
8.750000e-01 3.164550e+00 2.209591e+00 2.604952e+00 1.056180e+01 7.584353e+03 1.522171e+04 2.25724 3.989873e-01
8.740000e-01 3.164550e+00 2.210468e+00 2.605856e+00 1.056616e+01 7.613357e+03 1.521484e+04 2.25951 4.005984e-01
8.730000e-01 3.164550e+00 2.211346e+00 2.606762e+00 1.057053e+01 7.642185e+03 1.520797e+04 2.26179 4.022009e-01
8.720000e-01 3.164550e+00 2.212225e+00 2.607669e+00 1.057490e+01 7.670890e+03 1.520111e+04 2.26407 4.037977e-01
8.710000e-01 3.164550e+00 2.213106e+00 2.608579e+00 1.057929e+01 7.699473e+03 1.519424e+04 2.26635 4.053888e-01
8.700000e-01 3.164550e+00 2.213989e+00 2.609491e+00 1.058370e+01 7.727922e+03 1.518736e+04 2.26865 4.069736e-01
8.690000e-01 3.164550e+00 2.214873e+00 2.610405e+00 1.058811e+01 7.756214e+03 1.518049e+04 2.27094 4.085508e-01
8.680000e-01 3.164550e+00 2.215758e+00 2.611320e+00 1.059253e+01 7.784374e+03 1.517362e+04 2.27325 4.101217e-01
8.670000e-01 3.164550e+00 2.216029e+00 2.611449e+00 1.059497e+01 7.815184e+03 1.517019e+04 2.27549 4.120507e-01
8.660000e-01 3.164550e+00 2.217516e+00 2.613130e+00 1.060138e+01 7.840158e+03 1.515993e+04 2.27786 4.132427e-01
8.650000e-01 3.164550e+00 2.217780e+00 2.613252e+00 1.060383e+01 7.870605e+03 1.515651e+04 2.28004 4.151462e-01
8.640000e-01 3.164550e+00 2.219282e+00 2.614951e+00 1.061027e+01 7.895129e+03 1.514622e+04 2.28247 4.163194e-01
8.630000e-01 3.164550e+00 2.219541e+00 2.615064e+00 1.061273e+01 7.925347e+03 1.514282e+04 2.28463 4.182117e-01
8.620000e-01 3.164550e+00 2.221056e+00 2.616778e+00 1.061923e+01 7.949722e+03 1.513248e+04 2.28711 4.193803e-01
8.610000e-01 3.164550e+00 2.221322e+00 2.616902e+00 1.062172e+01 7.979834e+03 1.512907e+04 2.2893 4.212702e-01
8.600000e-01 3.164550e+00 2.222844e+00 2.618623e+00 1.062828e+01 8.004072e+03 1.511866e+04 2.2918 4.224314e-01
8.590000e-01 3.164550e+00 2.223116e+00 2.618756e+00 1.063079e+01 8.034024e+03 1.511525e+04 2.29399 4.243144e-01
8.580000e-01 3.164550e+00 2.224643e+00 2.620485e+00 1.063739e+01 8.058068e+03 1.510480e+04 2.29651 4.254663e-01
8.570000e-01 3.164550e+00 2.224915e+00 2.620618e+00 1.063992e+01 8.087798e+03 1.510141e+04 2.29869 4.273373e-01
8.560000e-01 3.164550e+00 2.226448e+00 2.622354e+00 1.064654e+01 8.111532e+03 1.509093e+04 2.30124 4.284754e-01
8.550000e-01 3.164550e+00 2.226713e+00 2.622481e+00 1.064908e+01 8.140998e+03 1.508756e+04 2.30339 4.303313e-01
8.540000e-01 3.164550e+00 2.228257e+00 2.624229e+00 1.065574e+01 8.164470e+03 1.507706e+04 2.30598 4.314595e-01
8.530000e-01 3.164550e+00 2.228522e+00 2.624357e+00 1.065829e+01 8.193746e+03 1.507370e+04 2.30812 4.333059e-01
8.520000e-01 3.164550e+00 2.230118e+00 2.626174e+00 1.066508e+01 8.216935e+03 1.506303e+04 2.3108 4.344136e-01
8.510000e-01 3.164550e+00 2.230349e+00 2.626259e+00 1.066758e+01 8.246010e+03 1.505976e+04 2.31288 4.362531e-01
8.500000e-01 3.164550e+00 2.231938e+00 2.628065e+00 1.067437e+01 8.268925e+03 1.504911e+04 2.31558 4.373529e-01
8.490000e-01 3.164550e+00 2.232162e+00 2.628140e+00 1.067688e+01 8.297753e+03 1.504587e+04 2.31763 4.391787e-01
8.480000e-01 3.164550e+00 2.233759e+00 2.629954e+00 1.068371e+01 8.320284e+03 1.503519e+04 2.32038 4.402619e-01
8.470000e-01 3.164550e+00 2.233963e+00 2.630004e+00 1.068620e+01 8.348777e+03 1.503199e+04 2.32237 4.420678e-01
8.460000e-01 3.164550e+00 2.235575e+00 2.631834e+00 1.069307e+01 8.370956e+03 1.502128e+04 2.32517 4.431381e-01
8.450000e-01 3.164550e+00 2.235779e+00 2.631884e+00 1.069558e+01 8.399312e+03 1.501808e+04 2.32717 4.449392e-01
8.440000e-01 3.164550e+00 2.237403e+00 2.633727e+00 1.070251e+01 8.421379e+03 1.500729e+04 2.33001 4.460048e-01
8.430000e-01 3.164550e+00 2.237613e+00 2.633785e+00 1.070505e+01 8.449635e+03 1.500408e+04 2.33202 4.478035e-01
8.420000e-01 3.164550e+00 2.239243e+00 2.635636e+00 1.071203e+01 8.471557e+03 1.499323e+04 2.33488 4.488614e-01
8.410000e-01 3.164550e+00 2.239456e+00 2.635702e+00 1.071460e+01 8.499673e+03 1.499002e+04 2.3369 4.506543e-01
8.400000e-01 3.164550e+00 2.241093e+00 2.637560e+00 1.072163e+01 8.521398e+03 1.497912e+04 2.33977 4.517025e-01
8.390000e-01 3.164550e+00 2.241301e+00 2.637620e+00 1.072420e+01 8.549299e+03 1.497592e+04 2.34177 4.534837e-01
8.380000e-01 3.164550e+00 2.242946e+00 2.639488e+00 1.073126e+01 8.570738e+03 1.496499e+04 2.34469 4.545194e-01
8.370000e-01 3.164550e+00 2.243150e+00 2.639545e+00 1.073384e+01 8.598443e+03 1.496180e+04 2.34666 4.562904e-01
8.360000e-01 3.164550e+00 2.244805e+00 2.641425e+00 1.074095e+01 8.619680e+03 1.495082e+04 2.34962 4.573179e-01
8.350000e-01 3.164550e+00 2.245006e+00 2.641479e+00 1.074354e+01 8.647206e+03 1.494764e+04 2.35158 4.590799e-01
8.340000e-01 3.164550e+00 2.246670e+00 2.643370e+00 1.075069e+01 8.668200e+03 1.493662e+04 2.35457 4.600965e-01
8.330000e-01 3.164550e+00 2.246862e+00 2.643412e+00 1.075329e+01 8.695526e+03 1.493345e+04 2.35651 4.618481e-01
8.320000e-01 3.164550e+00 2.248538e+00 2.645318e+00 1.076048e+01 8.716246e+03 1.492238e+04 2.35954 4.628528e-01
8.310000e-01 3.164550e+00 2.248715e+00 2.645342e+00 1.076307e+01 8.743307e+03 1.491923e+04 2.36143 4.645892e-01
8.300000e-01 3.164550e+00 2.250402e+00 2.647258e+00 1.077030e+01 8.763634e+03 1.490814e+04 2.3645 4.655770e-01
8.290000e-01 3.164550e+00 2.250564e+00 2.647263e+00 1.077289e+01 8.790445e+03 1.490502e+04 2.36636 4.672998e-01
8.280000e-01 3.164550e+00 2.252267e+00 2.649197e+00 1.078017e+01 8.810566e+03 1.489386e+04 2.36949 4.682808e-01
8.270000e-01 3.164550e+00 2.252434e+00 2.649210e+00 1.078279e+01 8.837304e+03 1.489073e+04 2.37136 4.700032e-01
8.260000e-01 3.164550e+00 2.254144e+00 2.651152e+00 1.079013e+01 8.857314e+03 1.487949e+04 2.37451 4.709779e-01
8.250000e-01 3.164550e+00 2.254315e+00 2.651170e+00 1.079278e+01 8.883942e+03 1.487634e+04 2.3764 4.726969e-01
8.240000e-01 3.164550e+00 2.256033e+00 2.653122e+00 1.080018e+01 8.903806e+03 1.486503e+04 2.37957 4.736639e-01
8.230000e-01 3.164550e+00 2.256202e+00 2.653141e+00 1.080284e+01 8.930293e+03 1.486189e+04 2.38145 4.753766e-01
8.220000e-01 3.164550e+00 2.257928e+00 2.655101e+00 1.081028e+01 8.949922e+03 1.485052e+04 2.38464 4.763321e-01
8.210000e-01 3.164550e+00 2.258089e+00 2.655111e+00 1.081294e+01 8.976207e+03 1.484739e+04 2.3865 4.780339e-01
8.200000e-01 3.164550e+00 2.259826e+00 2.657085e+00 1.082043e+01 8.995610e+03 1.483598e+04 2.38973 4.789799e-01
8.190000e-01 3.164550e+00 2.259984e+00 2.657093e+00 1.082311e+01 9.021752e+03 1.483284e+04 2.39158 4.806755e-01
8.180000e-01 3.164550e+00 2.261730e+00 2.659078e+00 1.083065e+01 9.040955e+03 1.482137e+04 2.39484 4.816120e-01
8.170000e-01 3.164550e+00 2.261881e+00 2.659077e+00 1.083333e+01 9.066927e+03 1.481825e+04 2.39667 4.832990e-01
8.160000e-01 3.164550e+00 2.263638e+00 2.661075e+00 1.084092e+01 9.085887e+03 1.480671e+04 2.39997 4.842246e-01
8.150000e-01 3.164550e+00 2.263779e+00 2.661063e+00 1.084361e+01 9.111660e+03 1.480360e+04 2.40177 4.859012e-01
8.140000e-01 3.164550e+00 2.265546e+00 2.663071e+00 1.085123e+01 9.130296e+03 1.479203e+04 2.40511 4.868120e-01
8.130000e-01 3.164550e+00 2.265664e+00 2.663031e+00 1.085391e+01 9.155795e+03 1.478895e+04 2.40685 4.884731e-01
8.120000e-01 3.164550e+00 2.267449e+00 2.665058e+00 1.086158e+01 9.174131e+03 1.477732e+04 2.41025 4.893720e-01
8.110000e-01 3.164550e+00 2.267565e+00 2.665016e+00 1.086428e+01 9.199522e+03 1.477424e+04 2.41199 4.910302e-01
8.100000e-01 3.164550e+00 2.269360e+00 2.667054e+00 1.087202e+01 9.217749e+03 1.476252e+04 2.41542 4.919240e-01
8.090000e-01 3.164550e+00 2.269479e+00 2.667018e+00 1.087474e+01 9.243050e+03 1.475942e+04 2.41717 4.935802e-01
8.080000e-01 3.164550e+00 2.271326e+00 2.669127e+00 1.088263e+01 9.261114e+03 1.474748e+04 2.42067 4.944561e-01
8.070000e-01 3.164550e+00 2.271418e+00 2.669055e+00 1.088532e+01 9.286330e+03 1.474445e+04 2.42239 4.961148e-01
8.060000e-01 3.164550e+00 2.273257e+00 2.671152e+00 1.089323e+01 9.304224e+03 1.473250e+04 2.4259 4.969854e-01
8.050000e-01 3.164550e+00 2.273340e+00 2.671070e+00 1.089593e+01 9.329263e+03 1.472947e+04 2.4276 4.986353e-01
8.040000e-01 3.164550e+00 2.275191e+00 2.673180e+00 1.090389e+01 9.346919e+03 1.471746e+04 2.43115 4.994949e-01
8.030000e-01 3.164550e+00 2.275268e+00 2.673092e+00 1.090659e+01 9.371818e+03 1.471443e+04 2.43283 5.011388e-01
8.020000e-01 3.164550e+00 2.277130e+00 2.675216e+00 1.091461e+01 9.389297e+03 1.470235e+04 2.43641 5.019900e-01
8.010000e-01 3.164550e+00 2.277201e+00 2.675123e+00 1.091733e+01 9.414055e+03 1.469932e+04 2.43808 5.036274e-01
8.000000e-01 3.164550e+00 2.279073e+00 2.677257e+00 1.092540e+01 9.431308e+03 1.468717e+04 2.44169 5.044678e-01
7.990000e-01 3.164550e+00 2.279132e+00 2.677151e+00 1.092812e+01 9.455894e+03 1.468415e+04 2.44333 5.060969e-01
7.980000e-01 3.164550e+00 2.281017e+00 2.679300e+00 1.093624e+01 9.472877e+03 1.467194e+04 2.44698 5.069244e-01
7.970000e-01 3.164550e+00 2.281054e+00 2.679166e+00 1.093895e+01 9.497216e+03 1.466894e+04 2.44857 5.085400e-01
7.960000e-01 3.164550e+00 2.282954e+00 2.681332e+00 1.094710e+01 9.513866e+03 1.465669e+04 2.45227 5.093529e-01
7.950000e-01 3.164550e+00 2.282981e+00 2.681186e+00 1.094982e+01 9.538058e+03 1.465370e+04 2.45384 5.109628e-01
7.940000e-01 3.164550e+00 2.284896e+00 2.683368e+00 1.095806e+01 9.554581e+03 1.464134e+04 2.45759 5.117702e-01
7.930000e-01 3.164550e+00 2.284924e+00 2.683225e+00 1.096080e+01 9.578697e+03 1.463833e+04 2.45917 5.133794e-01
7.920000e-01 3.164550e+00 2.286849e+00 2.685420e+00 1.096910e+01 9.595091e+03 1.462588e+04 2.46294 5.141793e-01
7.910000e-01 3.164550e+00 2.286875e+00 2.685276e+00 1.097187e+01 9.619113e+03 1.462286e+04 2.46452 5.157861e-01
7.900000e-01 3.164550e+00 2.288809e+00 2.687482e+00 1.098024e+01 9.635344e+03 1.461031e+04 2.46831 5.165769e-01
7.890000e-01 3.164550e+00 2.288828e+00 2.687331e+00 1.098301e+01 9.659219e+03 1.460730e+04 2.46988 5.181770e-01
7.880000e-01 3.164550e+00 2.290773e+00 2.689550e+00 1.099144e+01 9.675223e+03 1.459468e+04 2.4737 5.189565e-01
7.870000e-01 3.164550e+00 2.290782e+00 2.689389e+00 1.099422e+01 9.698958e+03 1.459167e+04 2.47525 5.205508e-01
7.860000e-01 3.164550e+00 2.292741e+00 2.691624e+00 1.100271e+01 9.714788e+03 1.457897e+04 2.47911 5.213218e-01
7.850000e-01 3.164550e+00 2.292742e+00 2.691456e+00 1.100550e+01 9.738398e+03 1.457595e+04 2.48064 5.229112e-01
7.840000e-01 3.164550e+00 2.294712e+00 2.693704e+00 1.101405e+01 9.754018e+03 1.456318e+04 2.48453 5.236714e-01
7.830000e-01 3.164550e+00 2.294701e+00 2.693522e+00 1.101685e+01 9.777470e+03 1.456017e+04 2.48604 5.252537e-01
7.820000e-01 3.164550e+00 2.296684e+00 2.695785e+00 1.102545e+01 9.792836e+03 1.454732e+04 2.48997 5.260015e-01
7.810000e-01 3.164550e+00 2.296652e+00 2.695577e+00 1.102824e+01 9.816068e+03 1.454433e+04 2.49142 5.275722e-01
7.800000e-01 3.164550e+00 2.298649e+00 2.697855e+00 1.103688e+01 9.831104e+03 1.453143e+04 2.4954 5.283048e-01
7.790000e-01 3.164550e+00 2.298602e+00 2.697630e+00 1.103968e+01 9.854178e+03 1.452845e+04 2.49683 5.298692e-01
7.780000e-01 3.164550e+00 2.300617e+00 2.699929e+00 1.104840e+01 9.869073e+03 1.451545e+04 2.50086 5.305955e-01
7.770000e-01 3.164550e+00 2.300569e+00 2.699703e+00 1.105122e+01 9.892075e+03 1.451244e+04 2.50229 5.321598e-01
7.760000e-01 3.164550e+00 2.302593e+00 2.702013e+00 1.106002e+01 9.906835e+03 1.449934e+04 2.50634 5.328778e-01
7.750000e-01 3.164550e+00 2.302542e+00 2.701787e+00 1.106286e+01 9.929749e+03 1.449632e+04 2.50778 5.344404e-01
7.740000e-01 3.164550e+00 2.304578e+00 2.704110e+00 1.107173e+01 9.944353e+03 1.448311e+04 2.51185 5.351494e-01
7.730000e-01 3.164550e+00 2.304516e+00 2.703874e+00 1.107459e+01 9.967134e+03 1.448009e+04 2.51327 5.367066e-01
7.720000e-01 3.164550e+00 2.306605e+00 2.706269e+00 1.108361e+01 9.981479e+03 1.446668e+04 2.51742 5.373924e-01
7.710000e-01 3.164550e+00 2.306509e+00 2.705988e+00 1.108642e+01 1.000415e+04 1.446373e+04 2.51879 5.389509e-01
7.700000e-01 3.164550e+00 2.308596e+00 2.708377e+00 1.109548e+01 1.001834e+04 1.445027e+04 2.52296 5.396327e-01
7.690000e-01 3.164550e+00 2.308490e+00 2.708086e+00 1.109830e+01 1.004090e+04 1.444732e+04 2.52432 5.411875e-01
7.680000e-01 3.164550e+00 2.310588e+00 2.710489e+00 1.110742e+01 1.005488e+04 1.443377e+04 2.52852 5.418581e-01
7.670000e-01 3.164550e+00 2.310468e+00 2.710181e+00 1.111025e+01 1.007728e+04 1.443082e+04 2.52985 5.434066e-01
7.660000e-01 3.164550e+00 2.312580e+00 2.712601e+00 1.111943e+01 1.009101e+04 1.441719e+04 2.53409 5.440643e-01
7.650000e-01 3.164550e+00 2.312436e+00 2.712264e+00 1.112224e+01 1.011321e+04 1.441426e+04 2.53536 5.456024e-01
7.640000e-01 3.164550e+00 2.314564e+00 2.714700e+00 1.113148e+01 1.012663e+04 1.440057e+04 2.53965 5.462447e-01
7.630000e-01 3.164550e+00 2.314405e+00 2.714345e+00 1.113429e+01 1.014868e+04 1.439764e+04 2.54089 5.477778e-01
7.620000e-01 3.164550e+00 2.316550e+00 2.716802e+00 1.114362e+01 1.016196e+04 1.438383e+04 2.54523 5.484133e-01
7.610000e-01 3.164550e+00 2.316385e+00 2.716443e+00 1.114645e+01 1.018394e+04 1.438089e+04 2.54647 5.499464e-01
7.600000e-01 3.164550e+00 2.318543e+00 2.718915e+00 1.115586e+01 1.019707e+04 1.436696e+04 2.55083 5.505728e-01
7.590000e-01 3.164550e+00 2.318372e+00 2.718550e+00 1.115872e+01 1.021898e+04 1.436400e+04 2.55207 5.521050e-01
7.580000e-01 3.164550e+00 2.320542e+00 2.721036e+00 1.116821e+01 1.023194e+04 1.434995e+04 2.55646 5.527209e-01
7.570000e-01 3.164550e+00 2.320359e+00 2.720660e+00 1.117108e+01 1.025371e+04 1.434698e+04 2.55768 5.542481e-01
7.560000e-01 3.164550e+00 2.322541e+00 2.723160e+00 1.118063e+01 1.026646e+04 1.433285e+04 2.5621 5.548522e-01
7.550000e-01 3.164550e+00 2.322345e+00 2.722769e+00 1.118351e+01 1.028811e+04 1.432988e+04 2.5633 5.563758e-01
7.540000e-01 3.164550e+00 2.324543e+00 2.725289e+00 1.119314e+01 1.030070e+04 1.431563e+04 2.56775 5.569703e-01
7.530000e-01 3.164550e+00 2.324334e+00 2.724886e+00 1.119603e+01 1.032224e+04 1.431266e+04 2.56893 5.584906e-01
7.520000e-01 3.164550e+00 2.326545e+00 2.727421e+00 1.120574e+01 1.033460e+04 1.429830e+04 2.57342 5.590729e-01
7.510000e-01 3.164550e+00 2.326319e+00 2.726996e+00 1.120863e+01 1.035600e+04 1.429533e+04 2.57456 5.605873e-01
7.500000e-01 3.164550e+00 2.328545e+00 2.729549e+00 1.121840e+01 1.036811e+04 1.428089e+04 2.57909 5.611556e-01
7.490000e-01 3.164550e+00 2.328291e+00 2.729090e+00 1.122127e+01 1.038930e+04 1.427794e+04 2.58016 5.626600e-01
7.480000e-01 3.164550e+00 2.330534e+00 2.731662e+00 1.123111e+01 1.040111e+04 1.426342e+04 2.58474 5.632135e-01
7.470000e-01 3.164550e+00 2.330267e+00 2.731188e+00 1.123399e+01 1.042220e+04 1.426045e+04 2.5858 5.647160e-01
7.460000e-01 3.164550e+00 2.332527e+00 2.733780e+00 1.124392e+01 1.043388e+04 1.424580e+04 2.59042 5.652618e-01
7.450000e-01 3.164550e+00 2.332250e+00 2.733297e+00 1.124682e+01 1.045489e+04 1.424282e+04 2.59147 5.667641e-01
7.440000e-01 3.164550e+00 2.334524e+00 2.735904e+00 1.125685e+01 1.046642e+04 1.422802e+04 2.59611 5.672995e-01
7.430000e-01 3.164550e+00 2.334239e+00 2.735414e+00 1.125977e+01 1.048734e+04 1.422502e+04 2.59716 5.688007e-01
7.420000e-01 3.164550e+00 2.336563e+00 2.738092e+00 1.126996e+01 1.049866e+04 1.420997e+04 2.60186 5.693128e-01
7.410000e-01 3.164550e+00 2.336237e+00 2.737549e+00 1.127284e+01 1.051947e+04 1.420704e+04 2.60285 5.708156e-01
7.400000e-01 3.164550e+00 2.338562e+00 2.740222e+00 1.128308e+01 1.053060e+04 1.419193e+04 2.60758 5.713204e-01
7.390000e-01 3.164550e+00 2.338223e+00 2.739666e+00 1.128596e+01 1.055131e+04 1.418898e+04 2.60854 5.728213e-01
7.380000e-01 3.164550e+00 2.340562e+00 2.742357e+00 1.129629e+01 1.056226e+04 1.417375e+04 2.6133 5.733153e-01
7.370000e-01 3.164550e+00 2.340205e+00 2.741780e+00 1.129917e+01 1.058285e+04 1.417080e+04 2.61423 5.748128e-01
7.360000e-01 3.164550e+00 2.342559e+00 2.744489e+00 1.130958e+01 1.059358e+04 1.415544e+04 2.61903 5.752930e-01
7.350000e-01 3.164550e+00 2.342178e+00 2.743884e+00 1.131246e+01 1.061402e+04 1.415249e+04 2.61991 5.767846e-01
7.340000e-01 3.164550e+00 2.344549e+00 2.746612e+00 1.132294e+01 1.062446e+04 1.413705e+04 2.62475 5.772487e-01
7.330000e-01 3.164550e+00 2.344138e+00 2.745971e+00 1.132580e+01 1.064470e+04 1.413412e+04 2.62556 5.787315e-01
7.320000e-01 3.164550e+00 2.346529e+00 2.748722e+00 1.133636e+01 1.065492e+04 1.411856e+04 2.63045 5.791834e-01
7.310000e-01 3.164550e+00 2.346107e+00 2.748068e+00 1.133924e+01 1.067509e+04 1.411561e+04 2.63126 5.806675e-01
7.300000e-01 3.164550e+00 2.348513e+00 2.750837e+00 1.134990e+01 1.068516e+04 1.409989e+04 2.63618 5.811088e-01
7.290000e-01 3.164550e+00 2.348080e+00 2.750174e+00 1.135280e+01 1.070525e+04 1.409692e+04 2.63698 5.825927e-01
7.280000e-01 3.164550e+00 2.350499e+00 2.752958e+00 1.136357e+01 1.071516e+04 1.408105e+04 2.64192 5.830229e-01
7.270000e-01 3.164550e+00 2.350048e+00 2.752275e+00 1.136648e+01 1.073515e+04 1.407807e+04 2.64269 5.845049e-01
7.260000e-01 3.164550e+00 2.350184e+00 2.752225e+00 1.137046e+01 1.075314e+04 1.407344e+04 2.64509 5.859485e-01
7.250000e-01 3.164550e+00 2.353467e+00 2.756129e+00 1.138423e+01 1.075958e+04 1.405256e+04 2.65053 5.858672e-01
7.240000e-01 3.164550e+00 2.352991e+00 2.755419e+00 1.138715e+01 1.077940e+04 1.404955e+04 2.65125 5.873443e-01
7.230000e-01 3.164550e+00 2.353110e+00 2.755350e+00 1.139117e+01 1.079723e+04 1.404488e+04 2.65363 5.887835e-01
7.220000e-01 3.164550e+00 2.356436e+00 2.759308e+00 1.140514e+01 1.080332e+04 1.402369e+04 2.65915 5.886756e-01
7.210000e-01 3.164550e+00 2.355929e+00 2.758562e+00 1.140807e+01 1.082297e+04 1.402067e+04 2.65981 5.901477e-01
7.200000e-01 3.164550e+00 2.356021e+00 2.758462e+00 1.141209e+01 1.084057e+04 1.401597e+04 2.66214 5.915785e-01
7.190000e-01 3.164550e+00 2.359429e+00 2.762525e+00 1.142632e+01 1.084618e+04 1.399443e+04 2.66779 5.914285e-01
7.180000e-01 3.164550e+00 2.358855e+00 2.761693e+00 1.142918e+01 1.086557e+04 1.399148e+04 2.66834 5.928960e-01
7.170000e-01 3.164550e+00 2.358915e+00 2.761552e+00 1.143320e+01 1.088291e+04 1.398679e+04 2.67062 5.943191e-01
7.160000e-01 3.164550e+00 2.362366e+00 2.765665e+00 1.144760e+01 1.088816e+04 1.396502e+04 2.67638 5.941486e-01
7.150000e-01 3.164550e+00 2.361769e+00 2.764810e+00 1.145049e+01 1.090744e+04 1.396204e+04 2.6769 5.956176e-01
7.140000e-01 3.164550e+00 2.361811e+00 2.764649e+00 1.145454e+01 1.092466e+04 1.395731e+04 2.67916 5.970405e-01
7.130000e-01 3.164550e+00 2.365302e+00 2.768811e+00 1.146918e+01 1.092960e+04 1.393518e+04 2.68499 5.968433e-01
7.120000e-01 3.164550e+00 2.364679e+00 2.767929e+00 1.147208e+01 1.094874e+04 1.393219e+04 2.68547 5.983114e-01
7.110000e-01 3.164550e+00 2.364695e+00 2.767738e+00 1.147616e+01 1.096578e+04 1.392743e+04 2.68769 5.997298e-01
7.100000e-01 3.164550e+00 2.368232e+00 2.771956e+00 1.149101e+01 1.097034e+04 1.390500e+04 2.6936 5.995034e-01
7.090000e-01 3.164550e+00 2.367578e+00 2.771041e+00 1.149393e+01 1.098932e+04 1.390199e+04 2.69403 6.009690e-01
7.080000e-01 3.164550e+00 2.367571e+00 2.770825e+00 1.149803e+01 1.100620e+04 1.389719e+04 2.69622 6.023845e-01
7.070000e-01 3.164550e+00 2.371154e+00 2.775099e+00 1.151311e+01 1.101040e+04 1.387444e+04 2.70221 6.021298e-01
7.060000e-01 3.164550e+00 2.370463e+00 2.774142e+00 1.151603e+01 1.102920e+04 1.387142e+04 2.70258 6.035913e-01
7.050000e-01 3.164550e+00 2.370425e+00 2.773888e+00 1.152013e+01 1.104585e+04 1.386661e+04 2.70471 6.049990e-01
7.040000e-01 3.164550e+00 2.374056e+00 2.778221e+00 1.153541e+01 1.104957e+04 1.384360e+04 2.7108 6.047114e-01
7.030000e-01 3.164550e+00 2.373314e+00 2.777202e+00 1.153830e+01 1.106811e+04 1.384059e+04 2.71106 6.061634e-01
7.020000e-01 3.164550e+00 2.373251e+00 2.776918e+00 1.154242e+01 1.108451e+04 1.383575e+04 2.71316 6.075630e-01
7.010000e-01 3.164550e+00 2.376969e+00 2.781364e+00 1.155801e+01 1.108782e+04 1.381233e+04 2.71939 6.072375e-01
7.000000e-01 3.164550e+00 2.376183e+00 2.780292e+00 1.156088e+01 1.110627e+04 1.380935e+04 2.7196 6.086978e-01
6.990000e-01 3.164550e+00 2.376089e+00 2.779973e+00 1.156502e+01 1.112256e+04 1.380449e+04 2.72166 6.100996e-01
6.980000e-01 3.164550e+00 2.379841e+00 2.784458e+00 1.158084e+01 1.112554e+04 1.378071e+04 2.72795 6.097467e-01
6.970000e-01 3.164550e+00 2.379021e+00 2.783350e+00 1.158373e+01 1.114385e+04 1.377770e+04 2.72811 6.112063e-01
6.960000e-01 3.164550e+00 2.378894e+00 2.782991e+00 1.158788e+01 1.115996e+04 1.377280e+04 2.73011 6.126037e-01
6.950000e-01 3.164550e+00 2.382698e+00 2.787540e+00 1.160395e+01 1.116255e+04 1.374867e+04 2.73649 6.122180e-01
6.940000e-01 3.164550e+00 2.381838e+00 2.786386e+00 1.160684e+01 1.118071e+04 1.374565e+04 2.73658 6.136770e-01
6.930000e-01 3.164550e+00 2.381682e+00 2.785995e+00 1.161101e+01 1.119666e+04 1.374070e+04 2.73853 6.150717e-01
6.920000e-01 3.164550e+00 2.385538e+00 2.790606e+00 1.162734e+01 1.119886e+04 1.371620e+04 2.74499 6.146521e-01
6.910000e-01 3.164550e+00 2.384633e+00 2.789402e+00 1.163022e+01 1.121683e+04 1.371315e+04 2.74499 6.161068e-01
6.900000e-01 3.164550e+00 2.384435e+00 2.788959e+00 1.163439e+01 1.123255e+04 1.370819e+04 2.74687 6.174933e-01
6.890000e-01 3.164550e+00 2.388345e+00 2.793635e+00 1.165092e+01 1.123426e+04 1.368338e+04 2.75342 6.170364e-01
6.880000e-01 3.164550e+00 2.389298e+00 2.794669e+00 1.165891e+01 1.124580e+04 1.367224e+04 2.75624 6.178091e-01
6.870000e-01 3.164550e+00 2.390226e+00 2.795670e+00 1.166686e+01 1.125733e+04 1.366116e+04 2.75904 6.185888e-01
6.860000e-01 3.164550e+00 2.391151e+00 2.796667e+00 1.167485e+01 1.126879e+04 1.365002e+04 2.76182 6.193652e-01
6.850000e-01 3.164550e+00 2.392074e+00 2.797663e+00 1.168287e+01 1.128019e+04 1.363882e+04 2.76461 6.201382e-01
6.840000e-01 3.164550e+00 2.392995e+00 2.798657e+00 1.169094e+01 1.129152e+04 1.362755e+04 2.76739 6.209071e-01
6.830000e-01 3.164550e+00 2.393913e+00 2.799649e+00 1.169903e+01 1.130277e+04 1.361624e+04 2.77016 6.216713e-01
6.820000e-01 3.164550e+00 2.394828e+00 2.800637e+00 1.170716e+01 1.131392e+04 1.360488e+04 2.77293 6.224305e-01
6.810000e-01 3.164550e+00 2.395739e+00 2.801622e+00 1.171532e+01 1.132499e+04 1.359346e+04 2.77569 6.231848e-01
6.800000e-01 3.164550e+00 2.396649e+00 2.802606e+00 1.172351e+01 1.133600e+04 1.358199e+04 2.77844 6.239357e-01
6.790000e-01 3.164550e+00 2.397556e+00 2.803588e+00 1.173175e+01 1.134692e+04 1.357046e+04 2.78119 6.246821e-01
6.780000e-01 3.164550e+00 2.398460e+00 2.804565e+00 1.174001e+01 1.135775e+04 1.355888e+04 2.78394 6.254232e-01
6.770000e-01 3.164550e+00 2.399359e+00 2.805540e+00 1.174830e+01 1.136849e+04 1.354727e+04 2.78667 6.261589e-01
6.760000e-01 3.164550e+00 2.400255e+00 2.806510e+00 1.175661e+01 1.137911e+04 1.353561e+04 2.78939 6.268888e-01
6.750000e-01 3.164550e+00 2.401145e+00 2.807472e+00 1.176494e+01 1.138961e+04 1.352393e+04 2.79211 6.276121e-01
6.740000e-01 3.164550e+00 2.402030e+00 2.808429e+00 1.177330e+01 1.140000e+04 1.351222e+04 2.79481 6.283297e-01
6.730000e-01 3.164550e+00 2.402912e+00 2.809381e+00 1.178170e+01 1.141032e+04 1.350043e+04 2.79751 6.290439e-01
6.720000e-01 3.164550e+00 2.403791e+00 2.810332e+00 1.179014e+01 1.142058e+04 1.348858e+04 2.8002 6.297543e-01
6.710000e-01 3.164550e+00 2.404668e+00 2.811282e+00 1.179863e+01 1.143076e+04 1.347666e+04 2.80289 6.304606e-01
6.700000e-01 3.164550e+00 2.405577e+00 2.812279e+00 1.180724e+01 1.144083e+04 1.346456e+04 2.80561 6.311505e-01
6.690000e-01 3.164550e+00 2.406448e+00 2.813223e+00 1.181581e+01 1.145085e+04 1.345250e+04 2.80828 6.318467e-01
6.680000e-01 3.164550e+00 2.407314e+00 2.814162e+00 1.182441e+01 1.146079e+04 1.344040e+04 2.81093 6.325379e-01
6.670000e-01 3.164550e+00 2.408176e+00 2.815097e+00 1.183304e+01 1.147064e+04 1.342824e+04 2.81358 6.332240e-01
6.660000e-01 3.164550e+00 2.409034e+00 2.816026e+00 1.184171e+01 1.148042e+04 1.341601e+04 2.81621 6.339057e-01
6.650000e-01 3.164550e+00 2.409888e+00 2.816954e+00 1.185043e+01 1.149011e+04 1.340371e+04 2.81884 6.345826e-01
6.640000e-01 3.164550e+00 2.410737e+00 2.817876e+00 1.185917e+01 1.149972e+04 1.339136e+04 2.82145 6.352537e-01
6.630000e-01 3.164550e+00 2.411581e+00 2.818792e+00 1.186795e+01 1.150922e+04 1.337895e+04 2.82405 6.359188e-01
6.620000e-01 3.164550e+00 2.412420e+00 2.819702e+00 1.187675e+01 1.151862e+04 1.336651e+04 2.82663 6.365778e-01
6.610000e-01 3.164550e+00 2.413252e+00 2.820602e+00 1.188557e+01 1.152789e+04 1.335402e+04 2.8292 6.372295e-01
6.600000e-01 3.164550e+00 2.414077e+00 2.821495e+00 1.189441e+01 1.153705e+04 1.334150e+04 2.83175 6.378749e-01
6.590000e-01 3.164550e+00 2.414897e+00 2.822383e+00 1.190330e+01 1.154615e+04 1.332890e+04 2.83429 6.385164e-01
6.580000e-01 3.164550e+00 2.415714e+00 2.823267e+00 1.191224e+01 1.155516e+04 1.331622e+04 2.83683 6.391533e-01
6.570000e-01 3.164550e+00 2.416527e+00 2.824150e+00 1.192123e+01 1.156411e+04 1.330347e+04 2.83935 6.397858e-01
6.560000e-01 3.164550e+00 2.417336e+00 2.825028e+00 1.193026e+01 1.157297e+04 1.329065e+04 2.84186 6.404134e-01
6.550000e-01 3.164550e+00 2.418141e+00 2.825901e+00 1.193934e+01 1.158174e+04 1.327775e+04 2.84436 6.410357e-01
6.540000e-01 3.164550e+00 2.418940e+00 2.826769e+00 1.194845e+01 1.159043e+04 1.326481e+04 2.84684 6.416522e-01
6.530000e-01 3.164550e+00 2.419735e+00 2.827633e+00 1.195760e+01 1.159902e+04 1.325180e+04 2.84931 6.422634e-01
6.520000e-01 3.164550e+00 2.420556e+00 2.828537e+00 1.196689e+01 1.160747e+04 1.323860e+04 2.85181 6.428580e-01
6.510000e-01 3.164550e+00 2.421343e+00 2.829394e+00 1.197614e+01 1.161589e+04 1.322545e+04 2.85426 6.434587e-01
6.500000e-01 3.164550e+00 2.422123e+00 2.830244e+00 1.198543e+01 1.162422e+04 1.321224e+04 2.85669 6.440539e-01
6.490000e-01 3.164550e+00 2.422896e+00 2.831087e+00 1.199474e+01 1.163244e+04 1.319898e+04 2.85911 6.446430e-01
6.480000e-01 3.164550e+00 2.423663e+00 2.831922e+00 1.200409e+01 1.164054e+04 1.318567e+04 2.86151 6.452254e-01
6.470000e-01 3.164550e+00 2.424422e+00 2.832747e+00 1.201346e+01 1.164853e+04 1.317233e+04 2.86389 6.458004e-01
6.460000e-01 3.164550e+00 2.425174e+00 2.833563e+00 1.202286e+01 1.165640e+04 1.315893e+04 2.86626 6.463693e-01
6.450000e-01 3.164550e+00 2.425920e+00 2.834375e+00 1.203231e+01 1.166420e+04 1.314546e+04 2.8686 6.469336e-01
6.440000e-01 3.164550e+00 2.426662e+00 2.835180e+00 1.204182e+01 1.167192e+04 1.313189e+04 2.87094 6.474928e-01
6.430000e-01 3.164550e+00 2.427397e+00 2.835981e+00 1.205137e+01 1.167956e+04 1.311825e+04 2.87325 6.480465e-01
6.420000e-01 3.164550e+00 2.428127e+00 2.836777e+00 1.206098e+01 1.168712e+04 1.310452e+04 2.87555 6.485948e-01
6.410000e-01 3.164550e+00 2.428850e+00 2.837563e+00 1.207064e+01 1.169457e+04 1.309072e+04 2.87783 6.491364e-01
6.400000e-01 3.164550e+00 2.429566e+00 2.838344e+00 1.208033e+01 1.170194e+04 1.307685e+04 2.88009 6.496717e-01
6.390000e-01 3.164550e+00 2.430275e+00 2.839116e+00 1.209006e+01 1.170921e+04 1.306290e+04 2.88233 6.502009e-01
6.380000e-01 3.164550e+00 2.430977e+00 2.839881e+00 1.209986e+01 1.171640e+04 1.304887e+04 2.88455 6.507245e-01
6.370000e-01 3.164550e+00 2.431673e+00 2.840641e+00 1.210969e+01 1.172349e+04 1.303476e+04 2.88674 6.512417e-01
6.360000e-01 3.164550e+00 2.432392e+00 2.841436e+00 1.211966e+01 1.173043e+04 1.302048e+04 2.88895 6.517405e-01
6.350000e-01 3.164550e+00 2.433074e+00 2.842181e+00 1.212958e+01 1.173731e+04 1.300624e+04 2.89111 6.522438e-01
6.340000e-01 3.164550e+00 2.433747e+00 2.842915e+00 1.213952e+01 1.174407e+04 1.299197e+04 2.89325 6.527401e-01
6.330000e-01 3.164550e+00 2.434411e+00 2.843637e+00 1.214949e+01 1.175070e+04 1.297766e+04 2.89536 6.532289e-01
6.320000e-01 3.164550e+00 2.435067e+00 2.844351e+00 1.215950e+01 1.175724e+04 1.296327e+04 2.89745 6.537120e-01
6.310000e-01 3.164550e+00 2.435716e+00 2.845058e+00 1.216958e+01 1.176371e+04 1.294879e+04 2.89952 6.541894e-01
6.300000e-01 3.164550e+00 2.436358e+00 2.845757e+00 1.217972e+01 1.177007e+04 1.293421e+04 2.90156 6.546606e-01
6.290000e-01 3.164550e+00 2.436992e+00 2.846449e+00 1.218991e+01 1.177636e+04 1.291953e+04 2.90359 6.551256e-01
6.280000e-01 3.164550e+00 2.437618e+00 2.847132e+00 1.220015e+01 1.178255e+04 1.290477e+04 2.90558 6.555838e-01
6.270000e-01 3.164550e+00 2.438236e+00 2.847805e+00 1.221044e+01 1.178864e+04 1.288993e+04 2.90755 6.560344e-01
6.260000e-01 3.164550e+00 2.438843e+00 2.848468e+00 1.222078e+01 1.179463e+04 1.287502e+04 2.90948 6.564777e-01
6.250000e-01 3.164550e+00 2.439443e+00 2.849121e+00 1.223117e+01 1.180053e+04 1.286000e+04 2.9114 6.569146e-01
6.240000e-01 3.164550e+00 2.440034e+00 2.849767e+00 1.224162e+01 1.180634e+04 1.284489e+04 2.91328 6.573447e-01
6.230000e-01 3.164550e+00 2.440617e+00 2.850405e+00 1.225212e+01 1.181204e+04 1.282971e+04 2.91514 6.577677e-01
6.220000e-01 3.164550e+00 2.441220e+00 2.851072e+00 1.226275e+01 1.181757e+04 1.281436e+04 2.91701 6.581714e-01
6.210000e-01 3.164550e+00 2.441787e+00 2.851692e+00 1.227333e+01 1.182304e+04 1.279906e+04 2.91882 6.585793e-01
6.200000e-01 3.164550e+00 2.442343e+00 2.852298e+00 1.228393e+01 1.182838e+04 1.278372e+04 2.9206 6.589798e-01
6.190000e-01 3.164550e+00 2.442890e+00 2.852894e+00 1.229459e+01 1.183361e+04 1.276833e+04 2.92237 6.593735e-01
6.180000e-01 3.164550e+00 2.443428e+00 2.853481e+00 1.230530e+01 1.183876e+04 1.275283e+04 2.9241 6.597612e-01
6.170000e-01 3.164550e+00 2.443957e+00 2.854057e+00 1.231609e+01 1.184380e+04 1.273722e+04 2.92581 6.601419e-01
6.160000e-01 3.164550e+00 2.444477e+00 2.854624e+00 1.232694e+01 1.184876e+04 1.272152e+04 2.92748 6.605155e-01
6.150000e-01 3.164550e+00 2.444987e+00 2.855183e+00 1.233785e+01 1.185362e+04 1.270571e+04 2.92913 6.608818e-01
6.140000e-01 3.164550e+00 2.445488e+00 2.855730e+00 1.234882e+01 1.185837e+04 1.268983e+04 2.93075 6.612404e-01
6.130000e-01 3.164550e+00 2.445979e+00 2.856267e+00 1.235984e+01 1.186301e+04 1.267386e+04 2.93233 6.615915e-01
6.120000e-01 3.164550e+00 2.446461e+00 2.856795e+00 1.237092e+01 1.186756e+04 1.265780e+04 2.93389 6.619360e-01
6.110000e-01 3.164550e+00 2.446934e+00 2.857313e+00 1.238207e+01 1.187200e+04 1.264164e+04 2.93542 6.622732e-01
6.100000e-01 3.164550e+00 2.447397e+00 2.857822e+00 1.239328e+01 1.187634e+04 1.262541e+04 2.93692 6.626027e-01
6.090000e-01 3.164550e+00 2.447877e+00 2.858357e+00 1.240462e+01 1.188051e+04 1.260898e+04 2.93841 6.629124e-01
6.080000e-01 3.164550e+00 2.448319e+00 2.858841e+00 1.241592e+01 1.188461e+04 1.259260e+04 2.93984 6.632246e-01
6.070000e-01 3.164550e+00 2.448747e+00 2.859309e+00 1.242724e+01 1.188859e+04 1.257616e+04 2.94123 6.635280e-01
6.060000e-01 3.164550e+00 2.449163e+00 2.859761e+00 1.243861e+01 1.189245e+04 1.255965e+04 2.94258 6.638228e-01
6.050000e-01 3.164550e+00 2.449566e+00 2.860200e+00 1.245006e+01 1.189621e+04 1.254303e+04 2.9439 6.641100e-01
6.040000e-01 3.164550e+00 2.449959e+00 2.860627e+00 1.246158e+01 1.189988e+04 1.252629e+04 2.94517 6.643894e-01
6.030000e-01 3.164550e+00 2.450341e+00 2.861044e+00 1.247317e+01 1.190344e+04 1.250944e+04 2.94641 6.646607e-01
6.020000e-01 3.164550e+00 2.450713e+00 2.861450e+00 1.248483e+01 1.190691e+04 1.249248e+04 2.94761 6.649241e-01
6.010000e-01 3.164550e+00 2.451073e+00 2.861842e+00 1.249655e+01 1.191025e+04 1.247544e+04 2.94878 6.651792e-01
6.000000e-01 3.164550e+00 2.451423e+00 2.862225e+00 1.250834e+01 1.191348e+04 1.245831e+04 2.94992 6.654265e-01
5.990000e-01 3.164550e+00 2.451762e+00 2.862597e+00 1.252020e+01 1.191662e+04 1.244108e+04 2.95103 6.656664e-01
5.980000e-01 3.164550e+00 2.452090e+00 2.862956e+00 1.253214e+01 1.191964e+04 1.242375e+04 2.95209 6.658982e-01
5.970000e-01 3.164550e+00 2.452407e+00 2.863304e+00 1.254413e+01 1.192255e+04 1.240633e+04 2.95313 6.661214e-01
5.960000e-01 3.164550e+00 2.452739e+00 2.863678e+00 1.255627e+01 1.192528e+04 1.238873e+04 2.95415 6.663248e-01
5.950000e-01 3.164550e+00 2.453035e+00 2.864002e+00 1.256838e+01 1.192795e+04 1.237116e+04 2.95512 6.665308e-01
5.940000e-01 3.164550e+00 2.453317e+00 2.864311e+00 1.258052e+01 1.193049e+04 1.235356e+04 2.95604 6.667284e-01
5.930000e-01 3.164550e+00 2.453587e+00 2.864605e+00 1.259272e+01 1.193290e+04 1.233588e+04 2.95694 6.669181e-01
5.920000e-01 3.164550e+00 2.453844e+00 2.864886e+00 1.260500e+01 1.193522e+04 1.231808e+04 2.95779 6.670997e-01
5.910000e-01 3.164550e+00 2.454087e+00 2.865150e+00 1.261737e+01 1.193743e+04 1.230015e+04 2.95859 6.672715e-01
5.900000e-01 3.164550e+00 2.454317e+00 2.865401e+00 1.262981e+01 1.193953e+04 1.228209e+04 2.95934 6.674343e-01
5.890000e-01 3.164550e+00 2.454534e+00 2.865640e+00 1.264234e+01 1.194152e+04 1.226393e+04 2.96006 6.675880e-01
5.880000e-01 3.164550e+00 2.454737e+00 2.865860e+00 1.265493e+01 1.194339e+04 1.224566e+04 2.96072 6.677316e-01
5.870000e-01 3.164550e+00 2.454926e+00 2.866066e+00 1.266760e+01 1.194514e+04 1.222730e+04 2.96133 6.678658e-01
5.860000e-01 3.164550e+00 2.455103e+00 2.866259e+00 1.268035e+01 1.194679e+04 1.220882e+04 2.96191 6.679916e-01
5.850000e-01 3.164550e+00 2.455292e+00 2.866474e+00 1.269326e+01 1.194826e+04 1.219012e+04 2.96247 6.680964e-01
5.840000e-01 3.164550e+00 2.455445e+00 2.866643e+00 1.270617e+01 1.194967e+04 1.217144e+04 2.96296 6.682036e-01
5.830000e-01 3.164550e+00 2.455587e+00 2.866799e+00 1.271914e+01 1.195096e+04 1.215269e+04 2.96343 6.683035e-01
5.820000e-01 3.164550e+00 2.455716e+00 2.866941e+00 1.273215e+01 1.195212e+04 1.213389e+04 2.96386 6.683944e-01
5.810000e-01 3.164550e+00 2.455833e+00 2.867066e+00 1.274522e+01 1.195314e+04 1.211504e+04 2.96425 6.684766e-01
5.800000e-01 3.164550e+00 2.455938e+00 2.867181e+00 1.275836e+01 1.195406e+04 1.209611e+04 2.96461 6.685513e-01
5.790000e-01 3.164550e+00 2.456029e+00 2.867280e+00 1.277161e+01 1.195486e+04 1.207704e+04 2.96492 6.686170e-01
5.780000e-01 3.164550e+00 2.456104e+00 2.867360e+00 1.278494e+01 1.195554e+04 1.205784e+04 2.96517 6.686720e-01
5.770000e-01 3.164550e+00 2.456165e+00 2.867427e+00 1.279837e+01 1.195611e+04 1.203851e+04 2.96538 6.687175e-01
5.760000e-01 3.164550e+00 2.456211e+00 2.867477e+00 1.281189e+01 1.195656e+04 1.201907e+04 2.96554 6.687524e-01
5.750000e-01 3.164550e+00 2.456242e+00 2.867509e+00 1.282548e+01 1.195689e+04 1.199952e+04 2.96564 6.687767e-01
5.740000e-01 3.164550e+00 2.456258e+00 2.867526e+00 1.283915e+01 1.195710e+04 1.197986e+04 2.96569 6.687912e-01
5.730000e-01 3.164550e+00 2.456284e+00 2.867561e+00 1.285301e+01 1.195713e+04 1.195997e+04 2.96571 6.687843e-01
5.720000e-01 3.164550e+00 2.456274e+00 2.867550e+00 1.286688e+01 1.195709e+04 1.194008e+04 2.96567 6.687790e-01
5.728741e-01 3.164550e+00 2.457784e+00 2.869303e+00 1.286009e+01 1.195162e+04 1.194979e+04 2.9674 6.680412e-01
