1.000000e+00 3.230100e+00 2.108610e+00 2.502077e+00 1.005175e+01 0.000000e+00 1.660363e+04 0 0.000000e+00
9.990000e-01 3.230100e+00 2.110469e+00 2.503591e+00 1.006131e+01 6.869140e+02 1.648951e+04 1.99662 3.503704e-02
9.980000e-01 3.230100e+00 2.110622e+00 2.503480e+00 1.006286e+01 9.707410e+02 1.644917e+04 2.09585 5.196729e-02
9.970000e-01 3.230100e+00 2.111748e+00 2.504723e+00 1.006766e+01 1.185438e+03 1.641642e+04 2.00146 6.053817e-02
9.960000e-01 3.230100e+00 2.111927e+00 2.504642e+00 1.006935e+01 1.371958e+03 1.639063e+04 2.04489 7.157149e-02
9.950000e-01 3.230100e+00 2.113045e+00 2.505863e+00 1.007411e+01 1.532560e+03 1.636518e+04 2.00478 7.829861e-02
9.940000e-01 3.230100e+00 2.113340e+00 2.505959e+00 1.007593e+01 1.684270e+03 1.634464e+04 2.0349 8.731784e-02
9.930000e-01 3.230100e+00 2.114411e+00 2.507151e+00 1.008056e+01 1.820270e+03 1.632273e+04 2.00816 9.303430e-02
9.920000e-01 3.230100e+00 2.114775e+00 2.507361e+00 1.008244e+01 1.950782e+03 1.630535e+04 2.03102 1.008048e-01
9.910000e-01 3.230100e+00 2.115815e+00 2.508531e+00 1.008698e+01 2.069871e+03 1.628587e+04 2.01155 1.058296e-01
9.900000e-01 3.230100e+00 2.116538e+00 2.509261e+00 1.009021e+01 2.184199e+03 1.626892e+04 2.01329 1.116952e-01
9.890000e-01 3.230100e+00 2.117251e+00 2.509980e+00 1.009342e+01 2.292652e+03 1.625285e+04 2.015 1.172618e-01
9.880000e-01 3.230100e+00 2.117963e+00 2.510701e+00 1.009663e+01 2.395829e+03 1.623751e+04 2.01672 1.225606e-01
9.870000e-01 3.230100e+00 2.118674e+00 2.511419e+00 1.009984e+01 2.494305e+03 1.622283e+04 2.01843 1.276210e-01
9.860000e-01 3.230100e+00 2.119384e+00 2.512135e+00 1.010306e+01 2.588839e+03 1.620868e+04 2.02015 1.324819e-01
9.850000e-01 3.230100e+00 2.120096e+00 2.512853e+00 1.010629e+01 2.680079e+03 1.619499e+04 2.02188 1.371763e-01
9.840000e-01 3.230100e+00 2.120811e+00 2.513574e+00 1.010953e+01 2.768367e+03 1.618170e+04 2.02362 1.417214e-01
9.830000e-01 3.230100e+00 2.121527e+00 2.514299e+00 1.011278e+01 2.853854e+03 1.616879e+04 2.02536 1.461248e-01
9.820000e-01 3.230100e+00 2.122243e+00 2.515022e+00 1.011603e+01 2.936611e+03 1.615625e+04 2.0271 1.503901e-01
9.810000e-01 3.230100e+00 2.122959e+00 2.515742e+00 1.011930e+01 3.016959e+03 1.614403e+04 2.02885 1.545338e-01
9.800000e-01 3.230100e+00 2.123674e+00 2.516462e+00 1.012257e+01 3.095079e+03 1.613210e+04 2.0306 1.585651e-01
9.790000e-01 3.230100e+00 2.124388e+00 2.517177e+00 1.012584e+01 3.170984e+03 1.612046e+04 2.03235 1.624845e-01
9.780000e-01 3.230100e+00 2.125097e+00 2.517883e+00 1.012912e+01 3.244682e+03 1.610911e+04 2.0341 1.662927e-01
9.770000e-01 3.230100e+00 2.125802e+00 2.518578e+00 1.013241e+01 3.316297e+03 1.609802e+04 2.03584 1.699959e-01
9.760000e-01 3.230100e+00 2.126504e+00 2.519266e+00 1.013571e+01 3.386301e+03 1.608713e+04 2.03758 1.736185e-01
9.750000e-01 3.230100e+00 2.127210e+00 2.519956e+00 1.013903e+01 3.455179e+03 1.607638e+04 2.03934 1.771850e-01
9.740000e-01 3.230100e+00 2.127922e+00 2.520654e+00 1.014237e+01 3.523040e+03 1.606576e+04 2.04111 1.807006e-01
9.730000e-01 3.230100e+00 2.128640e+00 2.521362e+00 1.014573e+01 3.589873e+03 1.605528e+04 2.04289 1.841646e-01
9.720000e-01 3.230100e+00 2.129363e+00 2.522077e+00 1.014910e+01 3.655653e+03 1.604495e+04 2.04467 1.875755e-01
9.710000e-01 3.230100e+00 2.130090e+00 2.522801e+00 1.015247e+01 3.720444e+03 1.603475e+04 2.04646 1.909367e-01
9.700000e-01 3.230100e+00 2.130822e+00 2.523531e+00 1.015586e+01 3.784241e+03 1.602468e+04 2.04826 1.942480e-01
9.690000e-01 3.230100e+00 2.131556e+00 2.524267e+00 1.015925e+01 3.846960e+03 1.601476e+04 2.05006 1.975048e-01
9.680000e-01 3.230100e+00 2.132291e+00 2.525005e+00 1.016264e+01 3.908557e+03 1.600497e+04 2.05186 2.007052e-01
9.670000e-01 3.230100e+00 2.133026e+00 2.525742e+00 1.016603e+01 3.969038e+03 1.599533e+04 2.05366 2.038494e-01
9.660000e-01 3.230100e+00 2.133761e+00 2.526480e+00 1.016943e+01 4.028562e+03 1.598581e+04 2.05547 2.069458e-01
9.650000e-01 3.230100e+00 2.134498e+00 2.527221e+00 1.017284e+01 4.087254e+03 1.597639e+04 2.05728 2.100006e-01
9.640000e-01 3.230100e+00 2.135238e+00 2.527966e+00 1.017625e+01 4.145122e+03 1.596708e+04 2.0591 2.130142e-01
9.630000e-01 3.230100e+00 2.135979e+00 2.528712e+00 1.017968e+01 4.202128e+03 1.595788e+04 2.06092 2.159846e-01
9.620000e-01 3.230100e+00 2.136721e+00 2.529459e+00 1.018310e+01 4.258246e+03 1.594879e+04 2.06274 2.189105e-01
9.610000e-01 3.230100e+00 2.137462e+00 2.530206e+00 1.018654e+01 4.313586e+03 1.593980e+04 2.06456 2.217976e-01
9.600000e-01 3.230100e+00 2.138205e+00 2.530953e+00 1.018998e+01 4.368168e+03 1.593090e+04 2.06639 2.246470e-01
9.590000e-01 3.230100e+00 2.138947e+00 2.531697e+00 1.019343e+01 4.421901e+03 1.592210e+04 2.06822 2.274540e-01
9.580000e-01 3.230100e+00 2.139686e+00 2.532436e+00 1.019688e+01 4.474723e+03 1.591340e+04 2.07005 2.302154e-01
9.570000e-01 3.230100e+00 2.140423e+00 2.533169e+00 1.020034e+01 4.526693e+03 1.590479e+04 2.07188 2.329345e-01
9.560000e-01 3.230100e+00 2.141159e+00 2.533899e+00 1.020381e+01 4.578106e+03 1.589624e+04 2.07371 2.356264e-01
9.550000e-01 3.230100e+00 2.141900e+00 2.534634e+00 1.020730e+01 4.629147e+03 1.588771e+04 2.07556 2.383004e-01
9.540000e-01 3.230100e+00 2.142646e+00 2.535375e+00 1.021081e+01 4.679805e+03 1.587922e+04 2.07741 2.409557e-01
9.530000e-01 3.230100e+00 2.143397e+00 2.536123e+00 1.021434e+01 4.730013e+03 1.587078e+04 2.07928 2.435886e-01
9.520000e-01 3.230100e+00 2.144150e+00 2.536877e+00 1.021787e+01 4.779739e+03 1.586239e+04 2.08115 2.461975e-01
9.510000e-01 3.230100e+00 2.144950e+00 2.537693e+00 1.022149e+01 4.828964e+03 1.585393e+04 2.08308 2.487786e-01
9.500000e-01 3.230100e+00 2.145668e+00 2.538400e+00 1.022496e+01 4.877795e+03 1.584578e+04 2.0849 2.513457e-01
9.490000e-01 3.230100e+00 2.146471e+00 2.539223e+00 1.022860e+01 4.926011e+03 1.583744e+04 2.08684 2.538765e-01
9.480000e-01 3.230100e+00 2.147234e+00 2.539991e+00 1.023216e+01 4.973719e+03 1.582929e+04 2.08873 2.563847e-01
9.470000e-01 3.230100e+00 2.147996e+00 2.540759e+00 1.023572e+01 5.020911e+03 1.582120e+04 2.09062 2.588674e-01
9.460000e-01 3.230100e+00 2.148761e+00 2.541530e+00 1.023930e+01 5.067693e+03 1.581315e+04 2.09251 2.613299e-01
9.450000e-01 3.230100e+00 2.149528e+00 2.542304e+00 1.024288e+01 5.114085e+03 1.580513e+04 2.09441 2.637734e-01
9.440000e-01 3.230100e+00 2.150297e+00 2.543081e+00 1.024648e+01 5.160048e+03 1.579716e+04 2.09632 2.661956e-01
9.430000e-01 3.230100e+00 2.151068e+00 2.543859e+00 1.025008e+01 5.205524e+03 1.578924e+04 2.09823 2.685936e-01
9.420000e-01 3.230100e+00 2.151838e+00 2.544637e+00 1.025369e+01 5.250527e+03 1.578136e+04 2.10014 2.709682e-01
9.410000e-01 3.230100e+00 2.152610e+00 2.545417e+00 1.025731e+01 5.295100e+03 1.577353e+04 2.10205 2.733217e-01
9.400000e-01 3.230100e+00 2.153381e+00 2.546195e+00 1.026093e+01 5.339179e+03 1.576575e+04 2.10397 2.756506e-01
9.390000e-01 3.230100e+00 2.154151e+00 2.546970e+00 1.026455e+01 5.382701e+03 1.575803e+04 2.10588 2.779519e-01
9.380000e-01 3.230100e+00 2.154917e+00 2.547739e+00 1.026817e+01 5.425653e+03 1.575037e+04 2.1078 2.802249e-01
9.370000e-01 3.230100e+00 2.155683e+00 2.548505e+00 1.027181e+01 5.468206e+03 1.574275e+04 2.10971 2.824786e-01
9.360000e-01 3.230100e+00 2.156452e+00 2.549275e+00 1.027546e+01 5.510545e+03 1.573514e+04 2.11164 2.847225e-01
9.350000e-01 3.230100e+00 2.157226e+00 2.550050e+00 1.027913e+01 5.552700e+03 1.572753e+04 2.11358 2.869578e-01
9.340000e-01 3.230100e+00 2.158004e+00 2.550831e+00 1.028282e+01 5.594625e+03 1.571994e+04 2.11552 2.891820e-01
9.330000e-01 3.230100e+00 2.158786e+00 2.551617e+00 1.028653e+01 5.636279e+03 1.571237e+04 2.11748 2.913930e-01
9.320000e-01 3.230100e+00 2.159570e+00 2.552408e+00 1.029024e+01 5.677659e+03 1.570483e+04 2.11944 2.935905e-01
9.310000e-01 3.230100e+00 2.160357e+00 2.553203e+00 1.029396e+01 5.718741e+03 1.569732e+04 2.1214 2.957733e-01
9.300000e-01 3.230100e+00 2.161146e+00 2.554000e+00 1.029769e+01 5.759498e+03 1.568985e+04 2.12337 2.979401e-01
9.290000e-01 3.230100e+00 2.161936e+00 2.554799e+00 1.030142e+01 5.799895e+03 1.568241e+04 2.12534 3.000890e-01
9.280000e-01 3.230100e+00 2.162726e+00 2.555599e+00 1.030516e+01 5.839951e+03 1.567500e+04 2.12731 3.022212e-01
9.270000e-01 3.230100e+00 2.163518e+00 2.556401e+00 1.030891e+01 5.879751e+03 1.566762e+04 2.12929 3.043411e-01
9.260000e-01 3.230100e+00 2.164312e+00 2.557207e+00 1.031268e+01 5.919318e+03 1.566025e+04 2.13128 3.064498e-01
9.250000e-01 3.230100e+00 2.165110e+00 2.558015e+00 1.031645e+01 5.958625e+03 1.565291e+04 2.13327 3.085459e-01
9.240000e-01 3.230100e+00 2.165908e+00 2.558826e+00 1.032024e+01 5.997627e+03 1.564558e+04 2.13527 3.106270e-01
9.230000e-01 3.230100e+00 2.166708e+00 2.559637e+00 1.032403e+01 6.036323e+03 1.563828e+04 2.13727 3.126932e-01
9.220000e-01 3.230100e+00 2.167508e+00 2.560450e+00 1.032783e+01 6.074744e+03 1.563100e+04 2.13928 3.147461e-01
9.210000e-01 3.230100e+00 2.168309e+00 2.561263e+00 1.033164e+01 6.112822e+03 1.562375e+04 2.14128 3.167821e-01
9.200000e-01 3.230100e+00 2.169109e+00 2.562072e+00 1.033545e+01 6.150501e+03 1.561653e+04 2.14329 3.187985e-01
9.190000e-01 3.230100e+00 2.169906e+00 2.562877e+00 1.033927e+01 6.187773e+03 1.560934e+04 2.1453 3.207948e-01
9.180000e-01 3.230100e+00 2.170703e+00 2.563680e+00 1.034309e+01 6.224781e+03 1.560217e+04 2.14731 3.227786e-01
9.170000e-01 3.230100e+00 2.171503e+00 2.564487e+00 1.034693e+01 6.261652e+03 1.559500e+04 2.14933 3.247564e-01
9.160000e-01 3.230100e+00 2.172307e+00 2.565299e+00 1.035079e+01 6.298402e+03 1.558783e+04 2.15136 3.267288e-01
9.150000e-01 3.230100e+00 2.173115e+00 2.566116e+00 1.035467e+01 6.334993e+03 1.558066e+04 2.15339 3.286938e-01
9.140000e-01 3.230100e+00 2.173927e+00 2.566937e+00 1.035856e+01 6.371396e+03 1.557349e+04 2.15544 3.306496e-01
9.130000e-01 3.230100e+00 2.174741e+00 2.567763e+00 1.036247e+01 6.407592e+03 1.556634e+04 2.15749 3.325954e-01
9.120000e-01 3.230100e+00 2.175556e+00 2.568592e+00 1.036638e+01 6.443562e+03 1.555921e+04 2.15955 3.345300e-01
9.110000e-01 3.230100e+00 2.176373e+00 2.569423e+00 1.037029e+01 6.479277e+03 1.555210e+04 2.1616 3.364521e-01
9.100000e-01 3.230100e+00 2.177191e+00 2.570254e+00 1.037421e+01 6.514712e+03 1.554501e+04 2.16366 3.383603e-01
9.090000e-01 3.230100e+00 2.178009e+00 2.571087e+00 1.037814e+01 6.549903e+03 1.553794e+04 2.16573 3.402568e-01
9.080000e-01 3.230100e+00 2.178829e+00 2.571922e+00 1.038208e+01 6.584914e+03 1.553088e+04 2.1678 3.421447e-01
9.070000e-01 3.230100e+00 2.179651e+00 2.572760e+00 1.038603e+01 6.619751e+03 1.552383e+04 2.16987 3.440244e-01
9.060000e-01 3.230100e+00 2.180475e+00 2.573601e+00 1.038999e+01 6.654391e+03 1.551679e+04 2.17195 3.458946e-01
9.050000e-01 3.230100e+00 2.181301e+00 2.574443e+00 1.039396e+01 6.688800e+03 1.550977e+04 2.17404 3.477536e-01
9.040000e-01 3.230100e+00 2.182128e+00 2.575286e+00 1.039795e+01 6.723005e+03 1.550275e+04 2.17613 3.496029e-01
9.030000e-01 3.230100e+00 2.182956e+00 2.576131e+00 1.040194e+01 6.756987e+03 1.549575e+04 2.17822 3.514414e-01
9.020000e-01 3.230100e+00 2.183784e+00 2.576975e+00 1.040594e+01 6.790693e+03 1.548876e+04 2.18032 3.532665e-01
9.010000e-01 3.230100e+00 2.184610e+00 2.577815e+00 1.040994e+01 6.824081e+03 1.548180e+04 2.18242 3.550759e-01
9.000000e-01 3.230100e+00 2.185434e+00 2.578652e+00 1.041394e+01 6.857196e+03 1.547486e+04 2.18451 3.568723e-01
8.990000e-01 3.230100e+00 2.186261e+00 2.579490e+00 1.041797e+01 6.890181e+03 1.546791e+04 2.18662 3.586629e-01
8.980000e-01 3.230100e+00 2.187091e+00 2.580333e+00 1.042201e+01 6.923088e+03 1.546095e+04 2.18873 3.604506e-01
8.970000e-01 3.230100e+00 2.187926e+00 2.581182e+00 1.042608e+01 6.955905e+03 1.545399e+04 2.19086 3.622343e-01
8.960000e-01 3.230100e+00 2.188764e+00 2.582035e+00 1.043016e+01 6.988600e+03 1.544701e+04 2.19299 3.640124e-01
8.950000e-01 3.230100e+00 2.189605e+00 2.582892e+00 1.043426e+01 7.021152e+03 1.544004e+04 2.19513 3.657836e-01
8.940000e-01 3.230100e+00 2.190448e+00 2.583753e+00 1.043836e+01 7.053548e+03 1.543308e+04 2.19727 3.675473e-01
8.930000e-01 3.230100e+00 2.191293e+00 2.584617e+00 1.044248e+01 7.085754e+03 1.542612e+04 2.19942 3.693017e-01
8.920000e-01 3.230100e+00 2.192138e+00 2.585481e+00 1.044659e+01 7.117741e+03 1.541918e+04 2.20158 3.710454e-01
8.910000e-01 3.230100e+00 2.192984e+00 2.586346e+00 1.045072e+01 7.149511e+03 1.541225e+04 2.20373 3.727784e-01
8.900000e-01 3.230100e+00 2.193831e+00 2.587213e+00 1.045485e+01 7.181122e+03 1.540533e+04 2.20589 3.745040e-01
8.890000e-01 3.230100e+00 2.194680e+00 2.588082e+00 1.045900e+01 7.212593e+03 1.539841e+04 2.20805 3.762230e-01
8.880000e-01 3.230100e+00 2.195576e+00 2.589014e+00 1.046325e+01 7.243865e+03 1.539137e+04 2.21028 3.779268e-01
8.870000e-01 3.230100e+00 2.196385e+00 2.589830e+00 1.046733e+01 7.275044e+03 1.538458e+04 2.2124 3.796373e-01
8.860000e-01 3.230100e+00 2.197282e+00 2.590763e+00 1.047160e+01 7.305964e+03 1.537755e+04 2.21463 3.813244e-01
8.850000e-01 3.230100e+00 2.198138e+00 2.591641e+00 1.047579e+01 7.336761e+03 1.537065e+04 2.21682 3.830110e-01
8.840000e-01 3.230100e+00 2.198993e+00 2.592517e+00 1.047999e+01 7.367334e+03 1.536376e+04 2.219 3.846870e-01
8.830000e-01 3.230100e+00 2.199846e+00 2.593390e+00 1.048419e+01 7.397650e+03 1.535688e+04 2.22119 3.863504e-01
8.820000e-01 3.230100e+00 2.200698e+00 2.594260e+00 1.048840e+01 7.427723e+03 1.535002e+04 2.22337 3.880021e-01
8.810000e-01 3.230100e+00 2.201551e+00 2.595131e+00 1.049262e+01 7.457679e+03 1.534315e+04 2.22556 3.896488e-01
8.800000e-01 3.230100e+00 2.202408e+00 2.596006e+00 1.049687e+01 7.487572e+03 1.533627e+04 2.22777 3.912931e-01
8.790000e-01 3.230100e+00 2.203269e+00 2.596886e+00 1.050113e+01 7.517402e+03 1.532937e+04 2.22998 3.929350e-01
8.780000e-01 3.230100e+00 2.204134e+00 2.597771e+00 1.050542e+01 7.547143e+03 1.532245e+04 2.2322 3.945729e-01
8.770000e-01 3.230100e+00 2.205001e+00 2.598660e+00 1.050972e+01 7.576777e+03 1.531554e+04 2.23443 3.962059e-01
8.760000e-01 3.230100e+00 2.205871e+00 2.599552e+00 1.051403e+01 7.606297e+03 1.530862e+04 2.23667 3.978335e-01
8.750000e-01 3.230100e+00 2.206743e+00 2.600448e+00 1.051835e+01 7.635665e+03 1.530170e+04 2.23891 3.994537e-01
8.740000e-01 3.230100e+00 2.207616e+00 2.601344e+00 1.052268e+01 7.664856e+03 1.529479e+04 2.24115 4.010652e-01
8.730000e-01 3.230100e+00 2.208488e+00 2.602241e+00 1.052702e+01 7.693865e+03 1.528789e+04 2.24339 4.026679e-01
8.720000e-01 3.230100e+00 2.209362e+00 2.603140e+00 1.053136e+01 7.722746e+03 1.528098e+04 2.24564 4.042647e-01
8.710000e-01 3.230100e+00 2.210239e+00 2.604041e+00 1.053573e+01 7.751506e+03 1.527408e+04 2.2479 4.058559e-01
8.700000e-01 3.230100e+00 2.211117e+00 2.604945e+00 1.054010e+01 7.780136e+03 1.526717e+04 2.25016 4.074408e-01
8.690000e-01 3.230100e+00 2.211995e+00 2.605851e+00 1.054448e+01 7.808608e+03 1.526026e+04 2.25242 4.090183e-01
8.680000e-01 3.230100e+00 2.212876e+00 2.606757e+00 1.054888e+01 7.836943e+03 1.525335e+04 2.25469 4.105893e-01
8.670000e-01 3.230100e+00 2.213757e+00 2.607665e+00 1.055328e+01 7.865128e+03 1.524644e+04 2.25697 4.121532e-01
8.660000e-01 3.230100e+00 2.214638e+00 2.608572e+00 1.055769e+01 7.893112e+03 1.523954e+04 2.25924 4.137074e-01
8.650000e-01 3.230100e+00 2.215517e+00 2.609475e+00 1.056211e+01 7.920873e+03 1.523265e+04 2.26152 4.152507e-01
8.640000e-01 3.230100e+00 2.215775e+00 2.609585e+00 1.056453e+01 7.951318e+03 1.522925e+04 2.26368 4.171473e-01
8.630000e-01 3.230100e+00 2.217260e+00 2.611258e+00 1.057094e+01 7.975901e+03 1.521891e+04 2.26608 4.183196e-01
8.620000e-01 3.230100e+00 2.217533e+00 2.611388e+00 1.057341e+01 8.006231e+03 1.521548e+04 2.26825 4.202098e-01
8.610000e-01 3.230100e+00 2.219030e+00 2.613076e+00 1.057989e+01 8.030706e+03 1.520505e+04 2.27067 4.213754e-01
8.600000e-01 3.230100e+00 2.219311e+00 2.613217e+00 1.058238e+01 8.060905e+03 1.520162e+04 2.27286 4.232612e-01
8.590000e-01 3.230100e+00 2.220858e+00 2.614972e+00 1.058900e+01 8.085178e+03 1.519101e+04 2.27535 4.244088e-01
8.580000e-01 3.230100e+00 2.221726e+00 2.615860e+00 1.059348e+01 8.112339e+03 1.518412e+04 2.27763 4.259281e-01
8.570000e-01 3.230100e+00 2.222622e+00 2.616785e+00 1.059802e+01 8.139316e+03 1.517715e+04 2.27996 4.274364e-01
8.560000e-01 3.230100e+00 2.222890e+00 2.616911e+00 1.060052e+01 8.169063e+03 1.517378e+04 2.28212 4.293019e-01
8.550000e-01 3.230100e+00 2.224447e+00 2.618677e+00 1.060719e+01 8.192761e+03 1.516313e+04 2.28468 4.304262e-01
8.540000e-01 3.230100e+00 2.225319e+00 2.619570e+00 1.061171e+01 8.219390e+03 1.515623e+04 2.28697 4.319201e-01
8.530000e-01 3.230100e+00 2.225584e+00 2.619694e+00 1.061422e+01 8.248821e+03 1.515288e+04 2.28911 4.337691e-01
8.520000e-01 3.230100e+00 2.227153e+00 2.621474e+00 1.062095e+01 8.272158e+03 1.514218e+04 2.29172 4.348785e-01
8.510000e-01 3.230100e+00 2.228029e+00 2.622373e+00 1.062551e+01 8.298429e+03 1.513526e+04 2.29403 4.363556e-01
8.500000e-01 3.230100e+00 2.228286e+00 2.622488e+00 1.062804e+01 8.327524e+03 1.513194e+04 2.29614 4.381863e-01
8.490000e-01 3.230100e+00 2.229869e+00 2.624284e+00 1.063482e+01 8.350410e+03 1.512119e+04 2.2988 4.392768e-01
8.480000e-01 3.230100e+00 2.230096e+00 2.624363e+00 1.063732e+01 8.379242e+03 1.511794e+04 2.30083 4.410922e-01
8.470000e-01 3.230100e+00 2.231676e+00 2.626152e+00 1.064411e+01 8.401711e+03 1.510721e+04 2.30353 4.421672e-01
8.460000e-01 3.230100e+00 2.231889e+00 2.626211e+00 1.064660e+01 8.430262e+03 1.510398e+04 2.30551 4.439670e-01
8.450000e-01 3.230100e+00 2.233486e+00 2.628019e+00 1.065344e+01 8.452518e+03 1.509319e+04 2.30828 4.450354e-01
8.440000e-01 3.230100e+00 2.233704e+00 2.628085e+00 1.065596e+01 8.480981e+03 1.508996e+04 2.31028 4.468341e-01
8.430000e-01 3.230100e+00 2.235309e+00 2.629901e+00 1.066287e+01 8.503123e+03 1.507910e+04 2.31306 4.478963e-01
8.420000e-01 3.230100e+00 2.235531e+00 2.629975e+00 1.066541e+01 8.531457e+03 1.507586e+04 2.31507 4.496903e-01
8.410000e-01 3.230100e+00 2.237143e+00 2.631800e+00 1.067237e+01 8.553439e+03 1.506493e+04 2.31787 4.507445e-01
8.400000e-01 3.230100e+00 2.237366e+00 2.631876e+00 1.067492e+01 8.581610e+03 1.506170e+04 2.31988 4.525309e-01
8.390000e-01 3.230100e+00 2.238984e+00 2.633709e+00 1.068192e+01 8.603338e+03 1.505074e+04 2.32271 4.535731e-01
8.380000e-01 3.230100e+00 2.239200e+00 2.633777e+00 1.068448e+01 8.631277e+03 1.504752e+04 2.32469 4.553464e-01
8.370000e-01 3.230100e+00 2.240829e+00 2.635623e+00 1.069152e+01 8.652746e+03 1.503652e+04 2.32756 4.563783e-01
8.360000e-01 3.230100e+00 2.241043e+00 2.635691e+00 1.069409e+01 8.680521e+03 1.503331e+04 2.32953 4.581439e-01
8.350000e-01 3.230100e+00 2.242680e+00 2.637546e+00 1.070117e+01 8.701772e+03 1.502226e+04 2.33243 4.591660e-01
8.340000e-01 3.230100e+00 2.242889e+00 2.637609e+00 1.070376e+01 8.729359e+03 1.501906e+04 2.33439 4.609218e-01
8.330000e-01 3.230100e+00 2.244535e+00 2.639474e+00 1.071088e+01 8.750346e+03 1.500796e+04 2.33732 4.619325e-01
8.320000e-01 3.230100e+00 2.244738e+00 2.639530e+00 1.071347e+01 8.777725e+03 1.500477e+04 2.33926 4.636771e-01
8.310000e-01 3.230100e+00 2.246392e+00 2.641403e+00 1.072063e+01 8.798381e+03 1.499364e+04 2.34222 4.646733e-01
8.300000e-01 3.230100e+00 2.246574e+00 2.641433e+00 1.072321e+01 8.825457e+03 1.499049e+04 2.3441 4.664002e-01
8.290000e-01 3.230100e+00 2.248243e+00 2.643323e+00 1.073040e+01 8.845757e+03 1.497933e+04 2.34713 4.673824e-01
8.280000e-01 3.230100e+00 2.248419e+00 2.643344e+00 1.073300e+01 8.872678e+03 1.497618e+04 2.34899 4.691033e-01
8.270000e-01 3.230100e+00 2.250103e+00 2.645251e+00 1.074026e+01 8.892867e+03 1.496493e+04 2.35206 4.700812e-01
8.260000e-01 3.230100e+00 2.250282e+00 2.645279e+00 1.074288e+01 8.919699e+03 1.496177e+04 2.35394 4.718004e-01
8.250000e-01 3.230100e+00 2.251974e+00 2.647194e+00 1.075020e+01 8.939750e+03 1.495044e+04 2.35703 4.727708e-01
8.240000e-01 3.230100e+00 2.252156e+00 2.647228e+00 1.075284e+01 8.966462e+03 1.494727e+04 2.35891 4.744855e-01
8.230000e-01 3.230100e+00 2.253855e+00 2.649152e+00 1.076021e+01 8.986343e+03 1.493588e+04 2.36202 4.754474e-01
8.220000e-01 3.230100e+00 2.254032e+00 2.649180e+00 1.076286e+01 9.012871e+03 1.493272e+04 2.36389 4.771525e-01
8.210000e-01 3.230100e+00 2.255739e+00 2.651115e+00 1.077028e+01 9.032491e+03 1.492128e+04 2.36703 4.781026e-01
8.200000e-01 3.230100e+00 2.255910e+00 2.651136e+00 1.077294e+01 9.058843e+03 1.491813e+04 2.36888 4.797990e-01
8.190000e-01 3.230100e+00 2.257629e+00 2.653084e+00 1.078040e+01 9.078269e+03 1.490663e+04 2.37206 4.807408e-01
8.180000e-01 3.230100e+00 2.257796e+00 2.653104e+00 1.078307e+01 9.104469e+03 1.490348e+04 2.3739 4.824301e-01
8.170000e-01 3.230100e+00 2.259524e+00 2.655062e+00 1.079058e+01 9.123672e+03 1.489192e+04 2.37711 4.833616e-01
8.160000e-01 3.230100e+00 2.259682e+00 2.655071e+00 1.079326e+01 9.149694e+03 1.488878e+04 2.37892 4.850419e-01
8.150000e-01 3.230100e+00 2.261421e+00 2.657042e+00 1.080082e+01 9.168631e+03 1.487717e+04 2.38217 4.859615e-01
8.140000e-01 3.230100e+00 2.261564e+00 2.657032e+00 1.080349e+01 9.194412e+03 1.487405e+04 2.38394 4.876283e-01
8.130000e-01 3.230100e+00 2.263314e+00 2.659014e+00 1.081108e+01 9.212980e+03 1.486240e+04 2.38723 4.885317e-01
8.120000e-01 3.230100e+00 2.263441e+00 2.658984e+00 1.081375e+01 9.238534e+03 1.485930e+04 2.38896 4.901867e-01
8.110000e-01 3.230100e+00 2.265251e+00 2.661046e+00 1.082149e+01 9.256886e+03 1.484745e+04 2.39236 4.910731e-01
8.100000e-01 3.230100e+00 2.265353e+00 2.660983e+00 1.082414e+01 9.282393e+03 1.484441e+04 2.39407 4.927342e-01
8.090000e-01 3.230100e+00 2.267157e+00 2.663032e+00 1.083191e+01 9.300630e+03 1.483252e+04 2.39748 4.936177e-01
8.080000e-01 3.230100e+00 2.267261e+00 2.662974e+00 1.083458e+01 9.326038e+03 1.482947e+04 2.3992 4.952759e-01
8.070000e-01 3.230100e+00 2.269072e+00 2.665032e+00 1.084241e+01 9.344131e+03 1.481749e+04 2.40262 4.961518e-01
8.060000e-01 3.230100e+00 2.269173e+00 2.664972e+00 1.084510e+01 9.369406e+03 1.481444e+04 2.40433 4.978044e-01
8.050000e-01 3.230100e+00 2.270993e+00 2.667040e+00 1.085298e+01 9.387271e+03 1.480240e+04 2.40778 4.986689e-01
8.040000e-01 3.230100e+00 2.271083e+00 2.666969e+00 1.085567e+01 9.412366e+03 1.479936e+04 2.40947 5.003124e-01
8.030000e-01 3.230100e+00 2.272916e+00 2.669052e+00 1.086360e+01 9.430029e+03 1.478725e+04 2.41296 5.011679e-01
8.020000e-01 3.230100e+00 2.273003e+00 2.668978e+00 1.086630e+01 9.454998e+03 1.478421e+04 2.41464 5.028065e-01
8.010000e-01 3.230100e+00 2.274846e+00 2.671074e+00 1.087429e+01 9.472467e+03 1.477203e+04 2.41816 5.036525e-01
8.000000e-01 3.230100e+00 2.274921e+00 2.670987e+00 1.087700e+01 9.497276e+03 1.476899e+04 2.41981 5.052836e-01
7.990000e-01 3.230100e+00 2.276777e+00 2.673097e+00 1.088505e+01 9.514502e+03 1.475674e+04 2.42337 5.061180e-01
7.980000e-01 3.230100e+00 2.276841e+00 2.672996e+00 1.088775e+01 9.539119e+03 1.475371e+04 2.42499 5.077392e-01
7.970000e-01 3.230100e+00 2.278706e+00 2.675116e+00 1.089584e+01 9.556015e+03 1.474142e+04 2.42858 5.085582e-01
7.960000e-01 3.230100e+00 2.278747e+00 2.674988e+00 1.089853e+01 9.580385e+03 1.473842e+04 2.43015 5.101661e-01
7.950000e-01 3.230100e+00 2.280631e+00 2.677129e+00 1.090667e+01 9.597038e+03 1.472605e+04 2.43381 5.109757e-01
7.940000e-01 3.230100e+00 2.280670e+00 2.676998e+00 1.090939e+01 9.621330e+03 1.472304e+04 2.43538 5.125832e-01
7.930000e-01 3.230100e+00 2.282565e+00 2.679153e+00 1.091761e+01 9.637866e+03 1.471057e+04 2.43906 5.133860e-01
7.920000e-01 3.230100e+00 2.282605e+00 2.679025e+00 1.092035e+01 9.662067e+03 1.470754e+04 2.44064 5.149914e-01
7.910000e-01 3.230100e+00 2.284509e+00 2.681190e+00 1.092863e+01 9.678465e+03 1.469498e+04 2.44434 5.157865e-01
7.900000e-01 3.230100e+00 2.284545e+00 2.681059e+00 1.093139e+01 9.702556e+03 1.469194e+04 2.44592 5.173882e-01
7.890000e-01 3.230100e+00 2.286459e+00 2.683237e+00 1.093973e+01 9.718755e+03 1.467930e+04 2.44965 5.181726e-01
7.880000e-01 3.230100e+00 2.286483e+00 2.683094e+00 1.094250e+01 9.742679e+03 1.467627e+04 2.4512 5.197663e-01
7.870000e-01 3.230100e+00 2.288411e+00 2.685286e+00 1.095090e+01 9.758667e+03 1.466355e+04 2.45496 5.205409e-01
7.860000e-01 3.230100e+00 2.288429e+00 2.685138e+00 1.095368e+01 9.782474e+03 1.466051e+04 2.45651 5.221304e-01
7.850000e-01 3.230100e+00 2.290368e+00 2.687344e+00 1.096214e+01 9.798283e+03 1.464771e+04 2.4603 5.228959e-01
7.840000e-01 3.230100e+00 2.290375e+00 2.687185e+00 1.096493e+01 9.821948e+03 1.464468e+04 2.46182 5.244793e-01
7.830000e-01 3.230100e+00 2.292327e+00 2.689406e+00 1.097344e+01 9.837523e+03 1.463179e+04 2.46565 5.252332e-01
7.820000e-01 3.230100e+00 2.292320e+00 2.689230e+00 1.097623e+01 9.861015e+03 1.462877e+04 2.46714 5.268083e-01
7.810000e-01 3.230100e+00 2.294283e+00 2.691464e+00 1.098480e+01 9.876289e+03 1.461583e+04 2.47101 5.275476e-01
7.800000e-01 3.230100e+00 2.294253e+00 2.691257e+00 1.098757e+01 9.899542e+03 1.461283e+04 2.47244 5.291103e-01
7.790000e-01 3.230100e+00 2.296234e+00 2.693512e+00 1.099620e+01 9.914554e+03 1.459983e+04 2.47637 5.298384e-01
7.780000e-01 3.230100e+00 2.296199e+00 2.693302e+00 1.099899e+01 9.937722e+03 1.459681e+04 2.4778 5.314002e-01
7.770000e-01 3.230100e+00 2.298193e+00 2.695571e+00 1.100770e+01 9.952611e+03 1.458369e+04 2.48176 5.321215e-01
7.760000e-01 3.230100e+00 2.298155e+00 2.695360e+00 1.101052e+01 9.975693e+03 1.458066e+04 2.48319 5.336818e-01
7.750000e-01 3.230100e+00 2.300201e+00 2.697700e+00 1.101939e+01 9.990409e+03 1.456730e+04 2.48722 5.343834e-01
7.740000e-01 3.230100e+00 2.300134e+00 2.697451e+00 1.102217e+01 1.001341e+04 1.456434e+04 2.48862 5.359474e-01
7.730000e-01 3.230100e+00 2.302174e+00 2.699780e+00 1.103107e+01 1.002795e+04 1.455094e+04 2.49266 5.366431e-01
7.720000e-01 3.230100e+00 2.302093e+00 2.699516e+00 1.103386e+01 1.005080e+04 1.454798e+04 2.49403 5.382004e-01
7.710000e-01 3.230100e+00 2.304148e+00 2.701863e+00 1.104283e+01 1.006512e+04 1.453450e+04 2.49811 5.388857e-01
7.700000e-01 3.230100e+00 2.304059e+00 2.701592e+00 1.104563e+01 1.008787e+04 1.453154e+04 2.49947 5.404398e-01
7.690000e-01 3.230100e+00 2.306126e+00 2.703953e+00 1.105467e+01 1.010201e+04 1.451796e+04 2.50358 5.411156e-01
7.680000e-01 3.230100e+00 2.306025e+00 2.703668e+00 1.105748e+01 1.012463e+04 1.451499e+04 2.50492 5.426645e-01
7.670000e-01 3.230100e+00 2.308105e+00 2.706046e+00 1.106658e+01 1.013854e+04 1.450133e+04 2.50906 5.433282e-01
7.660000e-01 3.230100e+00 2.307987e+00 2.705742e+00 1.106939e+01 1.016099e+04 1.449837e+04 2.51036 5.448697e-01
7.650000e-01 3.230100e+00 2.310080e+00 2.708132e+00 1.107854e+01 1.017461e+04 1.448463e+04 2.51454 5.455184e-01
7.640000e-01 3.230100e+00 2.309935e+00 2.707795e+00 1.108133e+01 1.019683e+04 1.448170e+04 2.51578 5.470488e-01
7.630000e-01 3.230100e+00 2.312049e+00 2.710210e+00 1.109055e+01 1.021021e+04 1.446788e+04 2.52002 5.476865e-01
7.620000e-01 3.230100e+00 2.311898e+00 2.709866e+00 1.109337e+01 1.023236e+04 1.446493e+04 2.52126 5.492171e-01
7.610000e-01 3.230100e+00 2.314024e+00 2.712296e+00 1.110267e+01 1.024560e+04 1.445098e+04 2.52553 5.498464e-01
7.600000e-01 3.230100e+00 2.313869e+00 2.711950e+00 1.110551e+01 1.026766e+04 1.444801e+04 2.52677 5.513758e-01
7.590000e-01 3.230100e+00 2.316006e+00 2.714392e+00 1.111490e+01 1.028077e+04 1.443395e+04 2.53106 5.519964e-01
7.580000e-01 3.230100e+00 2.315841e+00 2.714036e+00 1.111775e+01 1.030273e+04 1.443097e+04 2.53229 5.535234e-01
7.570000e-01 3.230100e+00 2.317991e+00 2.716496e+00 1.112722e+01 1.031563e+04 1.441680e+04 2.53661 5.541323e-01
7.560000e-01 3.230100e+00 2.317810e+00 2.716122e+00 1.113007e+01 1.033745e+04 1.441382e+04 2.53781 5.556535e-01
7.550000e-01 3.230100e+00 2.319976e+00 2.718599e+00 1.113961e+01 1.035015e+04 1.439955e+04 2.54217 5.562518e-01
7.540000e-01 3.230100e+00 2.319787e+00 2.718218e+00 1.114248e+01 1.037187e+04 1.439656e+04 2.54336 5.577708e-01
7.530000e-01 3.230100e+00 2.321965e+00 2.720710e+00 1.115210e+01 1.038440e+04 1.438218e+04 2.54775 5.583587e-01
7.520000e-01 3.230100e+00 2.321758e+00 2.720309e+00 1.115497e+01 1.040598e+04 1.437919e+04 2.5489 5.598729e-01
7.510000e-01 3.230100e+00 2.323952e+00 2.722819e+00 1.116466e+01 1.041827e+04 1.436471e+04 2.55333 5.604477e-01
7.500000e-01 3.230100e+00 2.323726e+00 2.722396e+00 1.116753e+01 1.043969e+04 1.436173e+04 2.55444 5.619545e-01
7.490000e-01 3.230100e+00 2.325932e+00 2.724920e+00 1.117727e+01 1.045168e+04 1.434717e+04 2.5589 5.625136e-01
7.480000e-01 3.230100e+00 2.325678e+00 2.724461e+00 1.118012e+01 1.047290e+04 1.434421e+04 2.55996 5.640116e-01
7.470000e-01 3.230100e+00 2.327907e+00 2.727012e+00 1.118995e+01 1.048468e+04 1.432954e+04 2.56448 5.645605e-01
7.460000e-01 3.230100e+00 2.327647e+00 2.726550e+00 1.119282e+01 1.050584e+04 1.432656e+04 2.56554 5.660594e-01
7.450000e-01 3.230100e+00 2.329926e+00 2.729168e+00 1.120283e+01 1.051744e+04 1.431162e+04 2.57012 5.665869e-01
7.440000e-01 3.230100e+00 2.329634e+00 2.728663e+00 1.120568e+01 1.053854e+04 1.430869e+04 2.57114 5.680916e-01
7.430000e-01 3.230100e+00 2.331911e+00 2.731276e+00 1.121574e+01 1.055000e+04 1.429367e+04 2.57574 5.686138e-01
7.420000e-01 3.230100e+00 2.331606e+00 2.730759e+00 1.121860e+01 1.057099e+04 1.429072e+04 2.57674 5.701158e-01
7.410000e-01 3.230100e+00 2.333896e+00 2.733386e+00 1.122874e+01 1.058224e+04 1.427559e+04 2.58136 5.706251e-01
7.400000e-01 3.230100e+00 2.333572e+00 2.732848e+00 1.123160e+01 1.060310e+04 1.427264e+04 2.58233 5.721229e-01
7.390000e-01 3.230100e+00 2.335879e+00 2.735497e+00 1.124183e+01 1.061417e+04 1.425738e+04 2.58699 5.726214e-01
7.380000e-01 3.230100e+00 2.335543e+00 2.734945e+00 1.124470e+01 1.063494e+04 1.425443e+04 2.58794 5.741177e-01
7.370000e-01 3.230100e+00 2.337864e+00 2.737610e+00 1.125501e+01 1.064581e+04 1.423904e+04 2.59263 5.746036e-01
7.360000e-01 3.230100e+00 2.337506e+00 2.737034e+00 1.125788e+01 1.066644e+04 1.423608e+04 2.59354 5.760949e-01
7.350000e-01 3.230100e+00 2.339843e+00 2.739717e+00 1.126827e+01 1.067706e+04 1.422058e+04 2.59827 5.765665e-01
7.340000e-01 3.230100e+00 2.339459e+00 2.739110e+00 1.127112e+01 1.069751e+04 1.421763e+04 2.59912 5.780498e-01
7.330000e-01 3.230100e+00 2.341812e+00 2.741812e+00 1.128157e+01 1.070783e+04 1.420205e+04 2.60389 5.785052e-01
7.320000e-01 3.230100e+00 2.341403e+00 2.741174e+00 1.128442e+01 1.072813e+04 1.419910e+04 2.6047 5.799843e-01
7.310000e-01 3.230100e+00 2.343778e+00 2.743901e+00 1.129498e+01 1.073829e+04 1.418337e+04 2.60952 5.804298e-01
7.300000e-01 3.230100e+00 2.343360e+00 2.743255e+00 1.129785e+01 1.075852e+04 1.418040e+04 2.61032 5.819096e-01
7.290000e-01 3.230100e+00 2.345747e+00 2.745998e+00 1.130850e+01 1.076853e+04 1.416452e+04 2.61516 5.823443e-01
7.280000e-01 3.230100e+00 2.345316e+00 2.745338e+00 1.131139e+01 1.078868e+04 1.416153e+04 2.61595 5.838241e-01
7.270000e-01 3.230100e+00 2.347717e+00 2.748097e+00 1.132215e+01 1.079850e+04 1.414550e+04 2.62081 5.842457e-01
7.260000e-01 3.230100e+00 2.347266e+00 2.747416e+00 1.132504e+01 1.081853e+04 1.414250e+04 2.62156 5.857218e-01
7.250000e-01 3.230100e+00 2.347390e+00 2.747349e+00 1.132898e+01 1.083655e+04 1.413787e+04 2.62392 5.871632e-01
7.240000e-01 3.230100e+00 2.350695e+00 2.751286e+00 1.134285e+01 1.084282e+04 1.411662e+04 2.62933 5.870586e-01
7.230000e-01 3.230100e+00 2.350200e+00 2.750551e+00 1.134572e+01 1.086272e+04 1.411365e+04 2.63001 5.885375e-01
7.220000e-01 3.230100e+00 2.350295e+00 2.750448e+00 1.134967e+01 1.088059e+04 1.410900e+04 2.63233 5.899767e-01
7.210000e-01 3.230100e+00 2.353639e+00 2.754431e+00 1.136372e+01 1.088648e+04 1.408748e+04 2.63781 5.898460e-01
7.200000e-01 3.230100e+00 2.353110e+00 2.753657e+00 1.136659e+01 1.090618e+04 1.408451e+04 2.63843 5.913182e-01
7.190000e-01 3.230100e+00 2.353172e+00 2.753514e+00 1.137054e+01 1.092379e+04 1.407985e+04 2.64068 5.927467e-01
7.180000e-01 3.230100e+00 2.356563e+00 2.757552e+00 1.138475e+01 1.092919e+04 1.405810e+04 2.64627 5.925851e-01
7.170000e-01 3.230100e+00 2.355989e+00 2.756724e+00 1.138760e+01 1.094864e+04 1.405514e+04 2.6468 5.940488e-01
7.160000e-01 3.230100e+00 2.356039e+00 2.756567e+00 1.139158e+01 1.096604e+04 1.405045e+04 2.64905 5.954720e-01
7.150000e-01 3.230100e+00 2.359474e+00 2.760659e+00 1.140601e+01 1.097114e+04 1.402839e+04 2.65472 5.952881e-01
7.140000e-01 3.230100e+00 2.358879e+00 2.759810e+00 1.140888e+01 1.099048e+04 1.402540e+04 2.65523 5.967535e-01
7.130000e-01 3.230100e+00 2.358907e+00 2.759628e+00 1.141289e+01 1.100774e+04 1.402066e+04 2.65745 5.981757e-01
7.120000e-01 3.230100e+00 2.362385e+00 2.763772e+00 1.142756e+01 1.101251e+04 1.399826e+04 2.66319 5.979637e-01
7.110000e-01 3.230100e+00 2.361760e+00 2.762892e+00 1.143044e+01 1.103169e+04 1.399525e+04 2.66366 5.994261e-01
7.100000e-01 3.230100e+00 2.361760e+00 2.762677e+00 1.143447e+01 1.104876e+04 1.399049e+04 2.66582 6.008428e-01
7.090000e-01 3.230100e+00 2.365286e+00 2.766881e+00 1.144935e+01 1.105316e+04 1.396778e+04 2.67166 6.006031e-01
7.080000e-01 3.230100e+00 2.364631e+00 2.765967e+00 1.145225e+01 1.107219e+04 1.396476e+04 2.67208 6.020643e-01
7.070000e-01 3.230100e+00 2.364606e+00 2.765726e+00 1.145630e+01 1.108909e+04 1.395996e+04 2.67421 6.034778e-01
7.060000e-01 3.230100e+00 2.368178e+00 2.769986e+00 1.147141e+01 1.109309e+04 1.393694e+04 2.68013 6.032075e-01
7.050000e-01 3.230100e+00 2.367483e+00 2.769026e+00 1.147430e+01 1.111191e+04 1.393391e+04 2.68047 6.046628e-01
7.040000e-01 3.230100e+00 2.367421e+00 2.768739e+00 1.147835e+01 1.112856e+04 1.392911e+04 2.68253 6.060662e-01
7.030000e-01 3.230100e+00 2.371081e+00 2.773111e+00 1.149373e+01 1.113201e+04 1.390572e+04 2.6886 6.057508e-01
7.020000e-01 3.230100e+00 2.370321e+00 2.772070e+00 1.149656e+01 1.115063e+04 1.390275e+04 2.68883 6.072057e-01
7.010000e-01 3.230100e+00 2.370237e+00 2.771757e+00 1.150063e+01 1.116708e+04 1.389793e+04 2.69088 6.086074e-01
7.000000e-01 3.230100e+00 2.373932e+00 2.776171e+00 1.151623e+01 1.117023e+04 1.387423e+04 2.69702 6.082699e-01
6.990000e-01 3.230100e+00 2.373145e+00 2.775103e+00 1.151908e+01 1.118873e+04 1.387124e+04 2.69722 6.097268e-01
6.980000e-01 3.230100e+00 2.373032e+00 2.774756e+00 1.152317e+01 1.120506e+04 1.386637e+04 2.69922 6.111281e-01
6.970000e-01 3.230100e+00 2.376775e+00 2.779228e+00 1.153903e+01 1.120784e+04 1.384229e+04 2.70543 6.107581e-01
6.960000e-01 3.230100e+00 2.375950e+00 2.778117e+00 1.154190e+01 1.122618e+04 1.383927e+04 2.70556 6.122125e-01
6.950000e-01 3.230100e+00 2.375806e+00 2.777736e+00 1.154600e+01 1.124231e+04 1.383437e+04 2.70751 6.136089e-01
6.940000e-01 3.230100e+00 2.379600e+00 2.782270e+00 1.156211e+01 1.124472e+04 1.380992e+04 2.71381 6.132077e-01
6.930000e-01 3.230100e+00 2.378736e+00 2.781115e+00 1.156498e+01 1.126292e+04 1.380688e+04 2.71388 6.146616e-01
6.920000e-01 3.230100e+00 2.378560e+00 2.780696e+00 1.156910e+01 1.127888e+04 1.380194e+04 2.71578 6.160545e-01
6.910000e-01 3.230100e+00 2.382405e+00 2.785293e+00 1.158545e+01 1.128086e+04 1.377713e+04 2.72215 6.156176e-01
6.900000e-01 3.230100e+00 2.381491e+00 2.784079e+00 1.158830e+01 1.129884e+04 1.377409e+04 2.72212 6.170653e-01
6.890000e-01 3.230100e+00 2.381271e+00 2.783606e+00 1.159242e+01 1.131455e+04 1.376913e+04 2.72393 6.184479e-01
6.880000e-01 3.230100e+00 2.385174e+00 2.788272e+00 1.160897e+01 1.131603e+04 1.374403e+04 2.73042 6.179747e-01
6.870000e-01 3.230100e+00 2.386119e+00 2.789295e+00 1.161696e+01 1.132754e+04 1.373276e+04 2.73319 6.187404e-01
6.860000e-01 3.230100e+00 2.387036e+00 2.790284e+00 1.162491e+01 1.133903e+04 1.372155e+04 2.73593 6.195128e-01
6.850000e-01 3.230100e+00 2.387951e+00 2.791268e+00 1.163289e+01 1.135045e+04 1.371028e+04 2.73867 6.202824e-01
6.840000e-01 3.230100e+00 2.388863e+00 2.792251e+00 1.164091e+01 1.136180e+04 1.369896e+04 2.7414 6.210479e-01
6.830000e-01 3.230100e+00 2.389772e+00 2.793231e+00 1.164897e+01 1.137308e+04 1.368758e+04 2.74413 6.218088e-01
6.820000e-01 3.230100e+00 2.390678e+00 2.794208e+00 1.165705e+01 1.138426e+04 1.367615e+04 2.74685 6.225646e-01
6.810000e-01 3.230100e+00 2.391581e+00 2.795181e+00 1.166516e+01 1.139535e+04 1.366467e+04 2.74956 6.233154e-01
6.800000e-01 3.230100e+00 2.392482e+00 2.796153e+00 1.167331e+01 1.140638e+04 1.365313e+04 2.75227 6.240628e-01
6.790000e-01 3.230100e+00 2.393380e+00 2.797124e+00 1.168150e+01 1.141733e+04 1.364154e+04 2.75497 6.248059e-01
6.780000e-01 3.230100e+00 2.394274e+00 2.798089e+00 1.168972e+01 1.142818e+04 1.362989e+04 2.75766 6.255435e-01
6.770000e-01 3.230100e+00 2.395165e+00 2.799052e+00 1.169797e+01 1.143894e+04 1.361821e+04 2.76035 6.262758e-01
6.760000e-01 3.230100e+00 2.396052e+00 2.800010e+00 1.170624e+01 1.144959e+04 1.360648e+04 2.76302 6.270025e-01
6.750000e-01 3.230100e+00 2.396933e+00 2.800961e+00 1.171453e+01 1.146011e+04 1.359473e+04 2.76569 6.277224e-01
6.740000e-01 3.230100e+00 2.397810e+00 2.801906e+00 1.172284e+01 1.147052e+04 1.358295e+04 2.76835 6.284365e-01
6.730000e-01 3.230100e+00 2.398716e+00 2.802897e+00 1.173128e+01 1.148082e+04 1.357098e+04 2.77103 6.291349e-01
6.720000e-01 3.230100e+00 2.399588e+00 2.803838e+00 1.173968e+01 1.149109e+04 1.355906e+04 2.77368 6.298411e-01
6.710000e-01 3.230100e+00 2.400457e+00 2.804777e+00 1.174812e+01 1.150129e+04 1.354707e+04 2.77632 6.305436e-01
6.700000e-01 3.230100e+00 2.401322e+00 2.805713e+00 1.175660e+01 1.151142e+04 1.353502e+04 2.77895 6.312420e-01
6.690000e-01 3.230100e+00 2.402183e+00 2.806644e+00 1.176513e+01 1.152146e+04 1.352290e+04 2.78157 6.319352e-01
6.680000e-01 3.230100e+00 2.403040e+00 2.807571e+00 1.177368e+01 1.153141e+04 1.351072e+04 2.78418 6.326228e-01
6.670000e-01 3.230100e+00 2.403893e+00 2.808494e+00 1.178226e+01 1.154128e+04 1.349850e+04 2.78678 6.333053e-01
6.660000e-01 3.230100e+00 2.404742e+00 2.809412e+00 1.179089e+01 1.155106e+04 1.348620e+04 2.78937 6.339834e-01
6.650000e-01 3.230100e+00 2.405587e+00 2.810328e+00 1.179956e+01 1.156078e+04 1.347383e+04 2.79194 6.346566e-01
6.640000e-01 3.230100e+00 2.406427e+00 2.811238e+00 1.180826e+01 1.157039e+04 1.346141e+04 2.79451 6.353241e-01
6.630000e-01 3.230100e+00 2.407263e+00 2.812143e+00 1.181699e+01 1.157991e+04 1.344893e+04 2.79706 6.359857e-01
6.620000e-01 3.230100e+00 2.408092e+00 2.813041e+00 1.182575e+01 1.158932e+04 1.343641e+04 2.7996 6.366413e-01
6.610000e-01 3.230100e+00 2.408915e+00 2.813931e+00 1.183452e+01 1.159861e+04 1.342386e+04 2.80212 6.372894e-01
6.600000e-01 3.230100e+00 2.409731e+00 2.814812e+00 1.184332e+01 1.160778e+04 1.341126e+04 2.80462 6.379311e-01
6.590000e-01 3.230100e+00 2.410543e+00 2.815689e+00 1.185216e+01 1.161688e+04 1.339859e+04 2.80712 6.385688e-01
6.580000e-01 3.230100e+00 2.411350e+00 2.816561e+00 1.186105e+01 1.162591e+04 1.338584e+04 2.8096 6.392019e-01
6.570000e-01 3.230100e+00 2.412154e+00 2.817431e+00 1.186999e+01 1.163486e+04 1.337302e+04 2.81207 6.398306e-01
6.560000e-01 3.230100e+00 2.412954e+00 2.818298e+00 1.187898e+01 1.164373e+04 1.336012e+04 2.81454 6.404544e-01
6.550000e-01 3.230100e+00 2.413749e+00 2.819159e+00 1.188801e+01 1.165251e+04 1.334716e+04 2.81699 6.410730e-01
6.540000e-01 3.230100e+00 2.414572e+00 2.820063e+00 1.189716e+01 1.166115e+04 1.333402e+04 2.81946 6.416736e-01
6.530000e-01 3.230100e+00 2.415359e+00 2.820917e+00 1.190626e+01 1.166974e+04 1.332093e+04 2.82189 6.422804e-01
6.520000e-01 3.230100e+00 2.416140e+00 2.821764e+00 1.191542e+01 1.167825e+04 1.330777e+04 2.8243 6.428830e-01
6.510000e-01 3.230100e+00 2.416916e+00 2.822607e+00 1.192462e+01 1.168667e+04 1.329455e+04 2.8267 6.434804e-01
6.500000e-01 3.230100e+00 2.417687e+00 2.823446e+00 1.193385e+01 1.169501e+04 1.328127e+04 2.82909 6.440720e-01
6.490000e-01 3.230100e+00 2.418451e+00 2.824276e+00 1.194312e+01 1.170322e+04 1.326793e+04 2.83146 6.446572e-01
6.480000e-01 3.230100e+00 2.419209e+00 2.825101e+00 1.195242e+01 1.171134e+04 1.325455e+04 2.83382 6.452360e-01
6.470000e-01 3.230100e+00 2.419959e+00 2.825915e+00 1.196174e+01 1.171932e+04 1.324113e+04 2.83615 6.458073e-01
6.460000e-01 3.230100e+00 2.420702e+00 2.826719e+00 1.197109e+01 1.172720e+04 1.322766e+04 2.83847 6.463722e-01
6.450000e-01 3.230100e+00 2.421439e+00 2.827519e+00 1.198049e+01 1.173500e+04 1.321410e+04 2.84077 6.469326e-01
6.440000e-01 3.230100e+00 2.422171e+00 2.828313e+00 1.198995e+01 1.174271e+04 1.320047e+04 2.84306 6.474879e-01
6.430000e-01 3.230100e+00 2.422897e+00 2.829102e+00 1.199946e+01 1.175035e+04 1.318674e+04 2.84533 6.480377e-01
6.420000e-01 3.230100e+00 2.423618e+00 2.829887e+00 1.200902e+01 1.175791e+04 1.317294e+04 2.84758 6.485820e-01
6.410000e-01 3.230100e+00 2.424332e+00 2.830662e+00 1.201862e+01 1.176536e+04 1.315906e+04 2.84981 6.491198e-01
6.400000e-01 3.230100e+00 2.425039e+00 2.831431e+00 1.202826e+01 1.177272e+04 1.314511e+04 2.85203 6.496512e-01
6.390000e-01 3.230100e+00 2.425738e+00 2.832192e+00 1.203795e+01 1.177999e+04 1.313109e+04 2.85422 6.501764e-01
6.380000e-01 3.230100e+00 2.426462e+00 2.832990e+00 1.204777e+01 1.178712e+04 1.311686e+04 2.85642 6.506840e-01
6.370000e-01 3.230100e+00 2.427150e+00 2.833740e+00 1.205756e+01 1.179420e+04 1.310267e+04 2.85858 6.511967e-01
6.360000e-01 3.230100e+00 2.427830e+00 2.834481e+00 1.206739e+01 1.180119e+04 1.308842e+04 2.86071 6.517034e-01
6.350000e-01 3.230100e+00 2.428503e+00 2.835213e+00 1.207726e+01 1.180806e+04 1.307411e+04 2.86282 6.522034e-01
6.340000e-01 3.230100e+00 2.429167e+00 2.835937e+00 1.208715e+01 1.181481e+04 1.305976e+04 2.86491 6.526958e-01
6.330000e-01 3.230100e+00 2.429822e+00 2.836648e+00 1.209707e+01 1.182144e+04 1.304536e+04 2.86698 6.531808e-01
6.320000e-01 3.230100e+00 2.430469e+00 2.837351e+00 1.210703e+01 1.182797e+04 1.303089e+04 2.86903 6.536598e-01
6.310000e-01 3.230100e+00 2.431109e+00 2.838046e+00 1.211706e+01 1.183443e+04 1.301633e+04 2.87105 6.541331e-01
6.300000e-01 3.230100e+00 2.431741e+00 2.838734e+00 1.212714e+01 1.184078e+04 1.300167e+04 2.87305 6.546003e-01
6.290000e-01 3.230100e+00 2.432367e+00 2.839415e+00 1.213728e+01 1.184706e+04 1.298692e+04 2.87503 6.550613e-01
6.280000e-01 3.230100e+00 2.432984e+00 2.840087e+00 1.214747e+01 1.185324e+04 1.297207e+04 2.87698 6.555155e-01
6.270000e-01 3.230100e+00 2.433592e+00 2.840749e+00 1.215771e+01 1.185931e+04 1.295715e+04 2.87891 6.559621e-01
6.260000e-01 3.230100e+00 2.434191e+00 2.841401e+00 1.216799e+01 1.186529e+04 1.294215e+04 2.8808 6.564014e-01
6.250000e-01 3.230100e+00 2.434782e+00 2.842043e+00 1.217833e+01 1.187118e+04 1.292705e+04 2.88267 6.568343e-01
6.240000e-01 3.230100e+00 2.435393e+00 2.842720e+00 1.218881e+01 1.187691e+04 1.291175e+04 2.88454 6.572485e-01
6.230000e-01 3.230100e+00 2.435969e+00 2.843349e+00 1.219925e+01 1.188260e+04 1.289648e+04 2.88636 6.576670e-01
6.220000e-01 3.230100e+00 2.436535e+00 2.843965e+00 1.220974e+01 1.188817e+04 1.288115e+04 2.88816 6.580784e-01
6.210000e-01 3.230100e+00 2.437092e+00 2.844573e+00 1.222027e+01 1.189363e+04 1.286577e+04 2.88993 6.584829e-01
6.200000e-01 3.230100e+00 2.437640e+00 2.845169e+00 1.223082e+01 1.189896e+04 1.285035e+04 2.89167 6.588795e-01
6.190000e-01 3.230100e+00 2.438178e+00 2.845754e+00 1.224142e+01 1.190417e+04 1.283487e+04 2.89339 6.592691e-01
6.180000e-01 3.230100e+00 2.438707e+00 2.846330e+00 1.225208e+01 1.190929e+04 1.281929e+04 2.89509 6.596528e-01
6.170000e-01 3.230100e+00 2.439228e+00 2.846896e+00 1.226281e+01 1.191432e+04 1.280361e+04 2.89675 6.600294e-01
6.160000e-01 3.230100e+00 2.439739e+00 2.847453e+00 1.227360e+01 1.191926e+04 1.278782e+04 2.89839 6.603990e-01
6.150000e-01 3.230100e+00 2.440241e+00 2.848001e+00 1.228446e+01 1.192410e+04 1.277193e+04 2.89999 6.607612e-01
6.140000e-01 3.230100e+00 2.440733e+00 2.848538e+00 1.229537e+01 1.192882e+04 1.275596e+04 2.90157 6.611158e-01
6.130000e-01 3.230100e+00 2.441216e+00 2.849065e+00 1.230633e+01 1.193344e+04 1.273991e+04 2.90312 6.614629e-01
6.120000e-01 3.230100e+00 2.441690e+00 2.849583e+00 1.231736e+01 1.193797e+04 1.272376e+04 2.90464 6.618034e-01
6.110000e-01 3.230100e+00 2.442154e+00 2.850091e+00 1.232845e+01 1.194239e+04 1.270752e+04 2.90613 6.621366e-01
6.100000e-01 3.230100e+00 2.442637e+00 2.850629e+00 1.233968e+01 1.194665e+04 1.269108e+04 2.90762 6.624503e-01
6.090000e-01 3.230100e+00 2.443082e+00 2.851117e+00 1.235088e+01 1.195085e+04 1.267467e+04 2.90905 6.627672e-01
6.080000e-01 3.230100e+00 2.443515e+00 2.851590e+00 1.236212e+01 1.195493e+04 1.265820e+04 2.91044 6.630758e-01
6.070000e-01 3.230100e+00 2.443935e+00 2.852049e+00 1.237339e+01 1.195889e+04 1.264167e+04 2.91179 6.633752e-01
6.060000e-01 3.230100e+00 2.444343e+00 2.852491e+00 1.238470e+01 1.196272e+04 1.262508e+04 2.91311 6.636660e-01
6.050000e-01 3.230100e+00 2.444738e+00 2.852920e+00 1.239609e+01 1.196646e+04 1.260837e+04 2.91438 6.639492e-01
6.040000e-01 3.230100e+00 2.445123e+00 2.853338e+00 1.240755e+01 1.197010e+04 1.259154e+04 2.91562 6.642245e-01
6.030000e-01 3.230100e+00 2.445497e+00 2.853746e+00 1.241908e+01 1.197363e+04 1.257461e+04 2.91683 6.644919e-01
6.020000e-01 3.230100e+00 2.445861e+00 2.854143e+00 1.243068e+01 1.197707e+04 1.255756e+04 2.918 6.647514e-01
6.010000e-01 3.230100e+00 2.446214e+00 2.854526e+00 1.244234e+01 1.198038e+04 1.254043e+04 2.91913 6.650025e-01
6.000000e-01 3.230100e+00 2.446556e+00 2.854900e+00 1.245407e+01 1.198359e+04 1.252322e+04 2.92024 6.652461e-01
5.990000e-01 3.230100e+00 2.446888e+00 2.855263e+00 1.246587e+01 1.198669e+04 1.250590e+04 2.92131 6.654821e-01
5.980000e-01 3.230100e+00 2.447235e+00 2.855651e+00 1.247782e+01 1.198963e+04 1.248837e+04 2.92237 6.656982e-01
5.970000e-01 3.230100e+00 2.447546e+00 2.855992e+00 1.248976e+01 1.199250e+04 1.247085e+04 2.92338 6.659171e-01
5.960000e-01 3.230100e+00 2.447845e+00 2.856320e+00 1.250176e+01 1.199526e+04 1.245327e+04 2.92435 6.661283e-01
5.950000e-01 3.230100e+00 2.448132e+00 2.856635e+00 1.251380e+01 1.199790e+04 1.243562e+04 2.92528 6.663310e-01
5.940000e-01 3.230100e+00 2.448407e+00 2.856936e+00 1.252588e+01 1.200041e+04 1.241792e+04 2.92617 6.665249e-01
5.930000e-01 3.230100e+00 2.448670e+00 2.857222e+00 1.253801e+01 1.200280e+04 1.240015e+04 2.92704 6.667108e-01
5.920000e-01 3.230100e+00 2.448920e+00 2.857494e+00 1.255023e+01 1.200508e+04 1.238226e+04 2.92786 6.668883e-01
5.910000e-01 3.230100e+00 2.449156e+00 2.857749e+00 1.256253e+01 1.200725e+04 1.236424e+04 2.92863 6.670563e-01
5.900000e-01 3.230100e+00 2.449379e+00 2.857993e+00 1.257492e+01 1.200932e+04 1.234610e+04 2.92936 6.672154e-01
5.890000e-01 3.230100e+00 2.449590e+00 2.858224e+00 1.258738e+01 1.201128e+04 1.232785e+04 2.93004 6.673652e-01
5.880000e-01 3.230100e+00 2.449785e+00 2.858435e+00 1.259991e+01 1.201311e+04 1.230949e+04 2.93068 6.675050e-01
5.870000e-01 3.230100e+00 2.449968e+00 2.858634e+00 1.261250e+01 1.201483e+04 1.229104e+04 2.93127 6.676355e-01
5.860000e-01 3.230100e+00 2.450165e+00 2.858856e+00 1.262527e+01 1.201638e+04 1.227235e+04 2.93184 6.677460e-01
5.850000e-01 3.230100e+00 2.450323e+00 2.859030e+00 1.263804e+01 1.201787e+04 1.225367e+04 2.93235 6.678582e-01
5.840000e-01 3.230100e+00 2.450470e+00 2.859191e+00 1.265087e+01 1.201925e+04 1.223490e+04 2.93283 6.679626e-01
5.830000e-01 3.230100e+00 2.450606e+00 2.859341e+00 1.266378e+01 1.202050e+04 1.221607e+04 2.93327 6.680591e-01
5.820000e-01 3.230100e+00 2.450729e+00 2.859476e+00 1.267673e+01 1.202162e+04 1.219717e+04 2.93368 6.681465e-01
5.810000e-01 3.230100e+00 2.450840e+00 2.859596e+00 1.268973e+01 1.202261e+04 1.217823e+04 2.93405 6.682253e-01
5.800000e-01 3.230100e+00 2.450940e+00 2.859704e+00 1.270280e+01 1.202349e+04 1.215921e+04 2.93438 6.682967e-01
5.790000e-01 3.230100e+00 2.451025e+00 2.859796e+00 1.271597e+01 1.202425e+04 1.214005e+04 2.93467 6.683585e-01
5.780000e-01 3.230100e+00 2.451094e+00 2.859871e+00 1.272924e+01 1.202489e+04 1.212076e+04 2.93491 6.684102e-01
5.770000e-01 3.230100e+00 2.451150e+00 2.859931e+00 1.274260e+01 1.202542e+04 1.210134e+04 2.9351 6.684523e-01
5.760000e-01 3.230100e+00 2.451191e+00 2.859975e+00 1.275604e+01 1.202583e+04 1.208180e+04 2.93523 6.684836e-01
5.750000e-01 3.230100e+00 2.451216e+00 2.860001e+00 1.276956e+01 1.202612e+04 1.206217e+04 2.93531 6.685044e-01
5.740000e-01 3.230100e+00 2.451253e+00 2.860048e+00 1.278325e+01 1.202623e+04 1.204231e+04 2.93537 6.685041e-01
5.730000e-01 3.230100e+00 2.451250e+00 2.860044e+00 1.279696e+01 1.202627e+04 1.202243e+04 2.93536 6.685050e-01
5.732183e-01 3.230100e+00 2.451248e+00 2.860036e+00 1.279397e+01 1.202625e+04 1.202673e+04 2.93535 6.685029e-01
