1.000000e+00 3.262880e+00 2.107377e+00 2.500196e+00 1.003202e+01 0.000000e+00 1.664782e+04 0 0.000000e+00
9.990000e-01 3.262880e+00 2.109293e+00 2.501783e+00 1.004171e+01 6.893998e+02 1.653288e+04 1.98934 3.507462e-02
9.980000e-01 3.262880e+00 2.109424e+00 2.501640e+00 1.004320e+01 9.741813e+02 1.649238e+04 2.08895 5.203871e-02
9.970000e-01 3.262880e+00 2.110525e+00 2.502851e+00 1.004795e+01 1.189839e+03 1.645949e+04 1.99402 6.060731e-02
9.960000e-01 3.262880e+00 2.110707e+00 2.502772e+00 1.004963e+01 1.376722e+03 1.643360e+04 2.03746 7.164198e-02
9.950000e-01 3.262880e+00 2.111817e+00 2.503981e+00 1.005438e+01 1.537731e+03 1.640805e+04 1.99731 7.836107e-02
9.940000e-01 3.262880e+00 2.112113e+00 2.504076e+00 1.005619e+01 1.689781e+03 1.638743e+04 2.02745 8.738448e-02
9.930000e-01 3.262880e+00 2.113177e+00 2.505257e+00 1.006081e+01 1.826222e+03 1.636542e+04 2.00067 9.309872e-02
9.920000e-01 3.262880e+00 2.113887e+00 2.505952e+00 1.006403e+01 1.955307e+03 1.634630e+04 2.00239 9.969796e-02
9.910000e-01 3.262880e+00 2.114589e+00 2.506645e+00 1.006723e+01 2.076610e+03 1.632835e+04 2.00407 1.059016e-01
9.900000e-01 3.262880e+00 2.115298e+00 2.507352e+00 1.007043e+01 2.191327e+03 1.631136e+04 2.00576 1.117714e-01
9.890000e-01 3.262880e+00 2.116009e+00 2.508068e+00 1.007363e+01 2.300159e+03 1.629521e+04 2.00746 1.173429e-01
9.880000e-01 3.262880e+00 2.116720e+00 2.508785e+00 1.007683e+01 2.403711e+03 1.627980e+04 2.00916 1.226471e-01
9.870000e-01 3.262880e+00 2.117429e+00 2.509499e+00 1.008003e+01 2.502545e+03 1.626504e+04 2.01086 1.277125e-01
9.860000e-01 3.262880e+00 2.118137e+00 2.510211e+00 1.008323e+01 2.597400e+03 1.625084e+04 2.01257 1.325772e-01
9.850000e-01 3.262880e+00 2.118847e+00 2.510925e+00 1.008645e+01 2.688948e+03 1.623708e+04 2.01429 1.372751e-01
9.840000e-01 3.262880e+00 2.119560e+00 2.511643e+00 1.008968e+01 2.777537e+03 1.622374e+04 2.01601 1.418236e-01
9.830000e-01 3.262880e+00 2.120274e+00 2.512364e+00 1.009292e+01 2.863330e+03 1.621077e+04 2.01774 1.462311e-01
9.820000e-01 3.262880e+00 2.120988e+00 2.513083e+00 1.009616e+01 2.946388e+03 1.619818e+04 2.01947 1.505007e-01
9.810000e-01 3.262880e+00 2.121702e+00 2.513801e+00 1.009941e+01 3.027018e+03 1.618590e+04 2.02121 1.546479e-01
9.800000e-01 3.262880e+00 2.122416e+00 2.514517e+00 1.010267e+01 3.105422e+03 1.617392e+04 2.02294 1.586831e-01
9.790000e-01 3.262880e+00 2.123128e+00 2.515229e+00 1.010593e+01 3.181611e+03 1.616223e+04 2.02468 1.626069e-01
9.780000e-01 3.262880e+00 2.123836e+00 2.515933e+00 1.010920e+01 3.255593e+03 1.615083e+04 2.02642 1.664194e-01
9.770000e-01 3.262880e+00 2.124540e+00 2.516625e+00 1.011247e+01 3.327472e+03 1.613970e+04 2.02815 1.701264e-01
9.760000e-01 3.262880e+00 2.125240e+00 2.517310e+00 1.011576e+01 3.397700e+03 1.612877e+04 2.02988 1.737509e-01
9.750000e-01 3.262880e+00 2.125944e+00 2.517996e+00 1.011907e+01 3.466787e+03 1.611797e+04 2.03163 1.773187e-01
9.740000e-01 3.262880e+00 2.126654e+00 2.518690e+00 1.012240e+01 3.534856e+03 1.610731e+04 2.03338 1.808357e-01
9.730000e-01 3.262880e+00 2.127370e+00 2.519394e+00 1.012574e+01 3.601895e+03 1.609679e+04 2.03515 1.843011e-01
9.720000e-01 3.262880e+00 2.128091e+00 2.520106e+00 1.012910e+01 3.667881e+03 1.608642e+04 2.03692 1.877136e-01
9.710000e-01 3.262880e+00 2.128816e+00 2.520825e+00 1.013246e+01 3.732874e+03 1.607619e+04 2.0387 1.910763e-01
9.700000e-01 3.262880e+00 2.129546e+00 2.521551e+00 1.013584e+01 3.796877e+03 1.606608e+04 2.04048 1.943893e-01
9.690000e-01 3.262880e+00 2.130278e+00 2.522283e+00 1.013921e+01 3.859806e+03 1.605612e+04 2.04227 1.976484e-01
9.680000e-01 3.262880e+00 2.131011e+00 2.523017e+00 1.014259e+01 3.921617e+03 1.604629e+04 2.04406 2.008512e-01
9.670000e-01 3.262880e+00 2.131744e+00 2.523751e+00 1.014597e+01 3.982306e+03 1.603661e+04 2.04585 2.039978e-01
9.660000e-01 3.262880e+00 2.132477e+00 2.524486e+00 1.014936e+01 4.042025e+03 1.602706e+04 2.04764 2.070959e-01
9.650000e-01 3.262880e+00 2.133212e+00 2.525223e+00 1.015275e+01 4.100910e+03 1.601761e+04 2.04944 2.101525e-01
9.640000e-01 3.262880e+00 2.133950e+00 2.525964e+00 1.015616e+01 4.158972e+03 1.600826e+04 2.05124 2.131680e-01
9.630000e-01 3.262880e+00 2.134690e+00 2.526707e+00 1.015957e+01 4.216173e+03 1.599903e+04 2.05305 2.161405e-01
9.620000e-01 3.262880e+00 2.135429e+00 2.527450e+00 1.016299e+01 4.272484e+03 1.598991e+04 2.05486 2.190685e-01
9.610000e-01 3.262880e+00 2.136169e+00 2.528193e+00 1.016641e+01 4.328009e+03 1.598088e+04 2.05667 2.219575e-01
9.600000e-01 3.262880e+00 2.136910e+00 2.528937e+00 1.016984e+01 4.382780e+03 1.597195e+04 2.05849 2.248089e-01
9.590000e-01 3.262880e+00 2.137650e+00 2.529679e+00 1.017328e+01 4.436707e+03 1.596312e+04 2.06031 2.276183e-01
9.580000e-01 3.262880e+00 2.138388e+00 2.530415e+00 1.017672e+01 4.489722e+03 1.595438e+04 2.06213 2.303823e-01
9.570000e-01 3.262880e+00 2.139123e+00 2.531144e+00 1.018016e+01 4.541870e+03 1.594575e+04 2.06394 2.331032e-01
9.560000e-01 3.262880e+00 2.139858e+00 2.531871e+00 1.018362e+01 4.593442e+03 1.593717e+04 2.06576 2.357960e-01
9.550000e-01 3.262880e+00 2.140596e+00 2.532602e+00 1.018710e+01 4.644637e+03 1.592862e+04 2.0676 2.384708e-01
9.540000e-01 3.262880e+00 2.141384e+00 2.533397e+00 1.019068e+01 4.695402e+03 1.591998e+04 2.0695 2.411217e-01
9.530000e-01 3.262880e+00 2.142090e+00 2.534085e+00 1.019411e+01 4.745818e+03 1.591162e+04 2.07129 2.437609e-01
9.520000e-01 3.262880e+00 2.142884e+00 2.534891e+00 1.019771e+01 4.795653e+03 1.590309e+04 2.07321 2.463657e-01
9.510000e-01 3.262880e+00 2.143639e+00 2.535647e+00 1.020124e+01 4.845083e+03 1.589472e+04 2.07507 2.489531e-01
9.500000e-01 3.262880e+00 2.144397e+00 2.536407e+00 1.020478e+01 4.894023e+03 1.588642e+04 2.07694 2.515162e-01
9.490000e-01 3.262880e+00 2.145156e+00 2.537169e+00 1.020832e+01 4.942448e+03 1.587818e+04 2.07881 2.540536e-01
9.480000e-01 3.262880e+00 2.145916e+00 2.537933e+00 1.021187e+01 4.990316e+03 1.587000e+04 2.08068 2.565634e-01
9.470000e-01 3.262880e+00 2.146677e+00 2.538697e+00 1.021542e+01 5.037662e+03 1.586188e+04 2.08255 2.590473e-01
9.460000e-01 3.262880e+00 2.147439e+00 2.539464e+00 1.021898e+01 5.084593e+03 1.585381e+04 2.08443 2.615109e-01
9.450000e-01 3.262880e+00 2.148204e+00 2.540234e+00 1.022255e+01 5.131135e+03 1.584577e+04 2.08632 2.639554e-01
9.440000e-01 3.262880e+00 2.148971e+00 2.541007e+00 1.022614e+01 5.177251e+03 1.583777e+04 2.08821 2.663790e-01
9.430000e-01 3.262880e+00 2.149740e+00 2.541782e+00 1.022973e+01 5.222882e+03 1.582982e+04 2.09011 2.687785e-01
9.420000e-01 3.262880e+00 2.150508e+00 2.542557e+00 1.023332e+01 5.268035e+03 1.582192e+04 2.09201 2.711544e-01
9.410000e-01 3.262880e+00 2.151278e+00 2.543333e+00 1.023693e+01 5.312759e+03 1.581407e+04 2.09391 2.735093e-01
9.400000e-01 3.262880e+00 2.152048e+00 2.544108e+00 1.024054e+01 5.356994e+03 1.580626e+04 2.09581 2.758399e-01
9.390000e-01 3.262880e+00 2.152815e+00 2.544879e+00 1.024415e+01 5.400673e+03 1.579851e+04 2.09771 2.781430e-01
9.380000e-01 3.262880e+00 2.153580e+00 2.545645e+00 1.024776e+01 5.443776e+03 1.579083e+04 2.09962 2.804175e-01
9.370000e-01 3.262880e+00 2.154344e+00 2.546408e+00 1.025138e+01 5.486464e+03 1.578318e+04 2.10152 2.826720e-01
9.360000e-01 3.262880e+00 2.155111e+00 2.547174e+00 1.025502e+01 5.528930e+03 1.577554e+04 2.10343 2.849164e-01
9.350000e-01 3.262880e+00 2.155883e+00 2.547945e+00 1.025868e+01 5.571214e+03 1.576792e+04 2.10536 2.871522e-01
9.340000e-01 3.262880e+00 2.156659e+00 2.548722e+00 1.026236e+01 5.613270e+03 1.576030e+04 2.10729 2.893771e-01
9.330000e-01 3.262880e+00 2.157438e+00 2.549504e+00 1.026604e+01 5.655055e+03 1.575271e+04 2.10923 2.915888e-01
9.320000e-01 3.262880e+00 2.158221e+00 2.550291e+00 1.026974e+01 5.696565e+03 1.574515e+04 2.11117 2.937871e-01
9.310000e-01 3.262880e+00 2.159005e+00 2.551082e+00 1.027345e+01 5.737779e+03 1.573762e+04 2.11312 2.959707e-01
9.300000e-01 3.262880e+00 2.159792e+00 2.551876e+00 1.027717e+01 5.778669e+03 1.573012e+04 2.11508 2.981384e-01
9.290000e-01 3.262880e+00 2.160579e+00 2.552671e+00 1.028089e+01 5.819200e+03 1.572266e+04 2.11704 3.002884e-01
9.280000e-01 3.262880e+00 2.161367e+00 2.553466e+00 1.028461e+01 5.859385e+03 1.571523e+04 2.119 3.024213e-01
9.270000e-01 3.262880e+00 2.162157e+00 2.554265e+00 1.028835e+01 5.899310e+03 1.570782e+04 2.12096 3.045418e-01
9.260000e-01 3.262880e+00 2.162950e+00 2.555066e+00 1.029210e+01 5.939002e+03 1.570043e+04 2.12294 3.066512e-01
9.250000e-01 3.262880e+00 2.163745e+00 2.555871e+00 1.029587e+01 5.978436e+03 1.569306e+04 2.12492 3.087482e-01
9.240000e-01 3.262880e+00 2.164541e+00 2.556678e+00 1.029964e+01 6.017568e+03 1.568572e+04 2.1269 3.108303e-01
9.230000e-01 3.262880e+00 2.165339e+00 2.557486e+00 1.030342e+01 6.056390e+03 1.567839e+04 2.12889 3.128973e-01
9.220000e-01 3.262880e+00 2.166138e+00 2.558295e+00 1.030721e+01 6.094939e+03 1.567109e+04 2.13088 3.149512e-01
9.210000e-01 3.262880e+00 2.166936e+00 2.559104e+00 1.031100e+01 6.133148e+03 1.566382e+04 2.13287 3.169883e-01
9.200000e-01 3.262880e+00 2.167734e+00 2.559910e+00 1.031480e+01 6.170960e+03 1.565657e+04 2.13487 3.190059e-01
9.190000e-01 3.262880e+00 2.168529e+00 2.560711e+00 1.031860e+01 6.208359e+03 1.564937e+04 2.13686 3.210033e-01
9.180000e-01 3.262880e+00 2.169324e+00 2.561511e+00 1.032241e+01 6.245482e+03 1.564218e+04 2.13886 3.229875e-01
9.170000e-01 3.262880e+00 2.170122e+00 2.562313e+00 1.032624e+01 6.282464e+03 1.563499e+04 2.14086 3.249656e-01
9.160000e-01 3.262880e+00 2.170924e+00 2.563121e+00 1.033009e+01 6.319326e+03 1.562779e+04 2.14288 3.269384e-01
9.150000e-01 3.262880e+00 2.171730e+00 2.563934e+00 1.033396e+01 6.356031e+03 1.562060e+04 2.1449 3.289038e-01
9.140000e-01 3.262880e+00 2.172539e+00 2.564752e+00 1.033783e+01 6.392548e+03 1.561341e+04 2.14693 3.308601e-01
9.130000e-01 3.262880e+00 2.173350e+00 2.565573e+00 1.034172e+01 6.428857e+03 1.560624e+04 2.14897 3.328063e-01
9.120000e-01 3.262880e+00 2.174164e+00 2.566398e+00 1.034562e+01 6.464943e+03 1.559909e+04 2.15101 3.347416e-01
9.110000e-01 3.262880e+00 2.174979e+00 2.567225e+00 1.034952e+01 6.500775e+03 1.559196e+04 2.15305 3.366644e-01
9.100000e-01 3.262880e+00 2.175794e+00 2.568053e+00 1.035343e+01 6.536325e+03 1.558485e+04 2.1551 3.385734e-01
9.090000e-01 3.262880e+00 2.176610e+00 2.568881e+00 1.035734e+01 6.571628e+03 1.557776e+04 2.15715 3.404702e-01
9.080000e-01 3.262880e+00 2.177428e+00 2.569712e+00 1.036126e+01 6.606748e+03 1.557068e+04 2.1592 3.423586e-01
9.070000e-01 3.262880e+00 2.178248e+00 2.570546e+00 1.036520e+01 6.641695e+03 1.556361e+04 2.16127 3.442387e-01
9.060000e-01 3.262880e+00 2.179070e+00 2.571383e+00 1.036915e+01 6.676445e+03 1.555655e+04 2.16333 3.461094e-01
9.050000e-01 3.262880e+00 2.179893e+00 2.572221e+00 1.037311e+01 6.710966e+03 1.554950e+04 2.1654 3.479690e-01
9.040000e-01 3.262880e+00 2.180718e+00 2.573061e+00 1.037708e+01 6.745280e+03 1.554247e+04 2.16748 3.498188e-01
9.030000e-01 3.262880e+00 2.181544e+00 2.573902e+00 1.038106e+01 6.779374e+03 1.553544e+04 2.16956 3.516580e-01
9.020000e-01 3.262880e+00 2.182370e+00 2.574742e+00 1.038505e+01 6.813194e+03 1.552844e+04 2.17164 3.534839e-01
9.010000e-01 3.262880e+00 2.183194e+00 2.575579e+00 1.038903e+01 6.846696e+03 1.552146e+04 2.17372 3.552942e-01
9.000000e-01 3.262880e+00 2.184016e+00 2.576412e+00 1.039303e+01 6.879917e+03 1.551449e+04 2.17581 3.570910e-01
8.990000e-01 3.262880e+00 2.184840e+00 2.577247e+00 1.039704e+01 6.913000e+03 1.550753e+04 2.17789 3.588817e-01
8.980000e-01 3.262880e+00 2.185668e+00 2.578085e+00 1.040107e+01 6.946003e+03 1.550055e+04 2.17999 3.606693e-01
8.970000e-01 3.262880e+00 2.186500e+00 2.578930e+00 1.040512e+01 6.978919e+03 1.549357e+04 2.1821 3.624532e-01
8.960000e-01 3.262880e+00 2.187336e+00 2.579778e+00 1.040919e+01 7.011713e+03 1.548657e+04 2.18422 3.642314e-01
8.950000e-01 3.262880e+00 2.188174e+00 2.580632e+00 1.041327e+01 7.044364e+03 1.547959e+04 2.18635 3.660029e-01
8.940000e-01 3.262880e+00 2.189015e+00 2.581489e+00 1.041736e+01 7.076860e+03 1.547260e+04 2.18848 3.677668e-01
8.930000e-01 3.262880e+00 2.189858e+00 2.582348e+00 1.042146e+01 7.109167e+03 1.546563e+04 2.19061 3.695216e-01
8.920000e-01 3.262880e+00 2.190701e+00 2.583209e+00 1.042557e+01 7.141258e+03 1.545867e+04 2.19275 3.712657e-01
8.910000e-01 3.262880e+00 2.191545e+00 2.584069e+00 1.042968e+01 7.173127e+03 1.545172e+04 2.19489 3.729990e-01
8.900000e-01 3.262880e+00 2.192433e+00 2.584991e+00 1.043389e+01 7.204792e+03 1.544465e+04 2.19709 3.747170e-01
8.890000e-01 3.262880e+00 2.193281e+00 2.585858e+00 1.043802e+01 7.236359e+03 1.543771e+04 2.19924 3.764359e-01
8.880000e-01 3.262880e+00 2.194130e+00 2.586727e+00 1.044217e+01 7.267773e+03 1.543077e+04 2.20139 3.781478e-01
8.870000e-01 3.262880e+00 2.194981e+00 2.587597e+00 1.044633e+01 7.299006e+03 1.542385e+04 2.20355 3.798510e-01
8.860000e-01 3.262880e+00 2.195832e+00 2.588468e+00 1.045049e+01 7.330066e+03 1.541692e+04 2.20572 3.815459e-01
8.850000e-01 3.262880e+00 2.196685e+00 2.589341e+00 1.045467e+01 7.360962e+03 1.541000e+04 2.20789 3.832331e-01
8.840000e-01 3.262880e+00 2.197537e+00 2.590213e+00 1.045886e+01 7.391635e+03 1.540309e+04 2.21006 3.849096e-01
8.830000e-01 3.262880e+00 2.198389e+00 2.591083e+00 1.046305e+01 7.422053e+03 1.539619e+04 2.21223 3.865736e-01
8.820000e-01 3.262880e+00 2.199238e+00 2.591949e+00 1.046724e+01 7.452222e+03 1.538931e+04 2.2144 3.882256e-01
8.810000e-01 3.262880e+00 2.200089e+00 2.592816e+00 1.047145e+01 7.482265e+03 1.538242e+04 2.21658 3.898721e-01
8.800000e-01 3.262880e+00 2.200944e+00 2.593686e+00 1.047568e+01 7.512243e+03 1.537552e+04 2.21876 3.915163e-01
8.790000e-01 3.262880e+00 2.201802e+00 2.594562e+00 1.047993e+01 7.542161e+03 1.536861e+04 2.22096 3.931581e-01
8.780000e-01 3.262880e+00 2.202664e+00 2.595442e+00 1.048420e+01 7.571990e+03 1.536168e+04 2.22317 3.947960e-01
8.770000e-01 3.262880e+00 2.203529e+00 2.596327e+00 1.048848e+01 7.601711e+03 1.535474e+04 2.22538 3.964288e-01
8.760000e-01 3.262880e+00 2.204397e+00 2.597216e+00 1.049278e+01 7.631319e+03 1.534781e+04 2.2276 3.980564e-01
8.750000e-01 3.262880e+00 2.205266e+00 2.598107e+00 1.049709e+01 7.660778e+03 1.534087e+04 2.22982 3.996767e-01
8.740000e-01 3.262880e+00 2.206136e+00 2.598999e+00 1.050141e+01 7.690060e+03 1.533394e+04 2.23205 4.012885e-01
8.730000e-01 3.262880e+00 2.207006e+00 2.599892e+00 1.050573e+01 7.719158e+03 1.532702e+04 2.23428 4.028913e-01
8.720000e-01 3.262880e+00 2.207878e+00 2.600787e+00 1.051006e+01 7.748125e+03 1.532010e+04 2.23652 4.044880e-01
8.710000e-01 3.262880e+00 2.208752e+00 2.601684e+00 1.051441e+01 7.776971e+03 1.531317e+04 2.23876 4.060791e-01
8.700000e-01 3.262880e+00 2.209627e+00 2.602584e+00 1.051877e+01 7.805689e+03 1.530625e+04 2.241 4.076642e-01
8.690000e-01 3.262880e+00 2.210504e+00 2.603485e+00 1.052314e+01 7.834249e+03 1.529932e+04 2.24325 4.092417e-01
8.680000e-01 3.262880e+00 2.211381e+00 2.604387e+00 1.052752e+01 7.862670e+03 1.529239e+04 2.2455 4.108128e-01
8.670000e-01 3.262880e+00 2.212260e+00 2.605291e+00 1.053191e+01 7.890942e+03 1.528546e+04 2.24776 4.123768e-01
8.660000e-01 3.262880e+00 2.213139e+00 2.606194e+00 1.053631e+01 7.919017e+03 1.527854e+04 2.25002 4.139313e-01
8.650000e-01 3.262880e+00 2.214016e+00 2.607094e+00 1.054071e+01 7.946869e+03 1.527163e+04 2.25228 4.154749e-01
8.640000e-01 3.262880e+00 2.214891e+00 2.607991e+00 1.054512e+01 7.974516e+03 1.526473e+04 2.25454 4.170088e-01
8.630000e-01 3.262880e+00 2.215768e+00 2.608890e+00 1.054954e+01 8.002077e+03 1.525781e+04 2.25681 4.185392e-01
8.620000e-01 3.262880e+00 2.216649e+00 2.609792e+00 1.055399e+01 8.029584e+03 1.525088e+04 2.25909 4.200677e-01
8.610000e-01 3.262880e+00 2.217534e+00 2.610700e+00 1.055846e+01 8.057038e+03 1.524392e+04 2.26137 4.215942e-01
8.600000e-01 3.262880e+00 2.218422e+00 2.611612e+00 1.056295e+01 8.084412e+03 1.523695e+04 2.26367 4.231172e-01
8.590000e-01 3.262880e+00 2.219312e+00 2.612528e+00 1.056746e+01 8.111700e+03 1.522997e+04 2.26597 4.246363e-01
8.580000e-01 3.262880e+00 2.220206e+00 2.613447e+00 1.057197e+01 8.138889e+03 1.522299e+04 2.26828 4.261509e-01
8.570000e-01 3.262880e+00 2.221100e+00 2.614369e+00 1.057650e+01 8.165946e+03 1.521600e+04 2.2706 4.276590e-01
8.560000e-01 3.262880e+00 2.221996e+00 2.615291e+00 1.058104e+01 8.192846e+03 1.520901e+04 2.27291 4.291596e-01
8.550000e-01 3.262880e+00 2.222891e+00 2.616215e+00 1.058559e+01 8.219603e+03 1.520202e+04 2.27523 4.306533e-01
8.540000e-01 3.262880e+00 2.223789e+00 2.617140e+00 1.059015e+01 8.246258e+03 1.519503e+04 2.27756 4.321424e-01
8.530000e-01 3.262880e+00 2.224688e+00 2.618069e+00 1.059473e+01 8.272809e+03 1.518802e+04 2.27989 4.336267e-01
8.520000e-01 3.262880e+00 2.225589e+00 2.618999e+00 1.059931e+01 8.299236e+03 1.518102e+04 2.28223 4.351051e-01
8.510000e-01 3.262880e+00 2.225855e+00 2.619124e+00 1.060183e+01 8.328522e+03 1.517767e+04 2.28434 4.369414e-01
8.500000e-01 3.262880e+00 2.227423e+00 2.620901e+00 1.060858e+01 8.351650e+03 1.516691e+04 2.28696 4.380391e-01
8.490000e-01 3.262880e+00 2.228298e+00 2.621797e+00 1.061314e+01 8.377724e+03 1.515997e+04 2.28926 4.395031e-01
8.480000e-01 3.262880e+00 2.228547e+00 2.621903e+00 1.061566e+01 8.406602e+03 1.515666e+04 2.29132 4.413161e-01
8.470000e-01 3.262880e+00 2.230129e+00 2.623694e+00 1.062245e+01 8.429132e+03 1.514587e+04 2.294 4.423889e-01
8.460000e-01 3.262880e+00 2.230347e+00 2.623759e+00 1.062493e+01 8.457759e+03 1.514264e+04 2.29599 4.441880e-01
8.450000e-01 3.262880e+00 2.231933e+00 2.625552e+00 1.063176e+01 8.480081e+03 1.513182e+04 2.29871 4.452562e-01
8.440000e-01 3.262880e+00 2.232157e+00 2.625624e+00 1.063427e+01 8.508618e+03 1.512858e+04 2.30072 4.470542e-01
8.430000e-01 3.262880e+00 2.233750e+00 2.627425e+00 1.064115e+01 8.530827e+03 1.511769e+04 2.30346 4.481163e-01
8.420000e-01 3.262880e+00 2.233978e+00 2.627505e+00 1.064369e+01 8.559236e+03 1.511444e+04 2.30548 4.499096e-01
8.410000e-01 3.262880e+00 2.235579e+00 2.629315e+00 1.065062e+01 8.581283e+03 1.510349e+04 2.30825 4.509637e-01
8.400000e-01 3.262880e+00 2.235808e+00 2.629398e+00 1.065317e+01 8.609532e+03 1.510025e+04 2.31026 4.527495e-01
8.390000e-01 3.262880e+00 2.237415e+00 2.631215e+00 1.066014e+01 8.631328e+03 1.508926e+04 2.31305 4.537918e-01
8.380000e-01 3.262880e+00 2.237636e+00 2.631290e+00 1.066270e+01 8.659344e+03 1.508603e+04 2.31503 4.555645e-01
8.370000e-01 3.262880e+00 2.239254e+00 2.633120e+00 1.066971e+01 8.680876e+03 1.507500e+04 2.31786 4.565962e-01
8.360000e-01 3.262880e+00 2.239474e+00 2.633195e+00 1.067228e+01 8.708727e+03 1.507179e+04 2.31984 4.583611e-01
8.350000e-01 3.262880e+00 2.241099e+00 2.635034e+00 1.067934e+01 8.730042e+03 1.506071e+04 2.3227 4.593832e-01
8.340000e-01 3.262880e+00 2.241315e+00 2.635105e+00 1.068192e+01 8.757706e+03 1.505750e+04 2.32466 4.611384e-01
8.330000e-01 3.262880e+00 2.242949e+00 2.636954e+00 1.068902e+01 8.778757e+03 1.504637e+04 2.32756 4.621491e-01
8.320000e-01 3.262880e+00 2.243158e+00 2.637017e+00 1.069160e+01 8.806212e+03 1.504318e+04 2.32949 4.638932e-01
8.310000e-01 3.262880e+00 2.244800e+00 2.638874e+00 1.069874e+01 8.826937e+03 1.503202e+04 2.33243 4.648896e-01
8.300000e-01 3.262880e+00 2.244989e+00 2.638912e+00 1.070131e+01 8.854089e+03 1.502886e+04 2.3343 4.666159e-01
8.290000e-01 3.262880e+00 2.246646e+00 2.640786e+00 1.070848e+01 8.874450e+03 1.501766e+04 2.33729 4.675981e-01
8.280000e-01 3.262880e+00 2.246828e+00 2.640814e+00 1.071107e+01 8.901440e+03 1.501451e+04 2.33916 4.693178e-01
8.270000e-01 3.262880e+00 2.248500e+00 2.642705e+00 1.071830e+01 8.921685e+03 1.500323e+04 2.34219 4.702957e-01
8.260000e-01 3.262880e+00 2.248685e+00 2.642739e+00 1.072092e+01 8.948587e+03 1.500006e+04 2.34407 4.720138e-01
8.250000e-01 3.262880e+00 2.250365e+00 2.644639e+00 1.072822e+01 8.968695e+03 1.498871e+04 2.34712 4.729842e-01
8.240000e-01 3.262880e+00 2.250554e+00 2.644679e+00 1.073085e+01 8.995477e+03 1.498553e+04 2.34901 4.746977e-01
8.230000e-01 3.262880e+00 2.252240e+00 2.646587e+00 1.073820e+01 9.015416e+03 1.497411e+04 2.35208 4.756597e-01
8.220000e-01 3.262880e+00 2.252423e+00 2.646622e+00 1.074085e+01 9.042016e+03 1.497094e+04 2.35395 4.773640e-01
8.210000e-01 3.262880e+00 2.254119e+00 2.648541e+00 1.074823e+01 9.061692e+03 1.495948e+04 2.35706 4.783140e-01
8.200000e-01 3.262880e+00 2.254296e+00 2.648569e+00 1.075089e+01 9.088113e+03 1.495632e+04 2.3589 4.800093e-01
8.190000e-01 3.262880e+00 2.256003e+00 2.650501e+00 1.075832e+01 9.107594e+03 1.494479e+04 2.36205 4.809511e-01
8.180000e-01 3.262880e+00 2.256177e+00 2.650528e+00 1.076099e+01 9.133866e+03 1.494163e+04 2.36389 4.826395e-01
8.170000e-01 3.262880e+00 2.257892e+00 2.652470e+00 1.076848e+01 9.153123e+03 1.493004e+04 2.36706 4.835710e-01
8.160000e-01 3.262880e+00 2.258056e+00 2.652486e+00 1.077115e+01 9.179216e+03 1.492690e+04 2.36888 4.852503e-01
8.150000e-01 3.262880e+00 2.259827e+00 2.654501e+00 1.077877e+01 9.198177e+03 1.491512e+04 2.37214 4.861595e-01
8.140000e-01 3.262880e+00 2.259950e+00 2.654463e+00 1.078139e+01 9.224055e+03 1.491207e+04 2.37388 4.878315e-01
8.130000e-01 3.262880e+00 2.261715e+00 2.656465e+00 1.078901e+01 9.242654e+03 1.490032e+04 2.37717 4.887288e-01
8.120000e-01 3.262880e+00 2.261821e+00 2.656407e+00 1.079162e+01 9.268299e+03 1.489729e+04 2.37886 4.903887e-01
8.110000e-01 3.262880e+00 2.263603e+00 2.658429e+00 1.079930e+01 9.286706e+03 1.488546e+04 2.38221 4.912793e-01
8.100000e-01 3.262880e+00 2.263711e+00 2.658372e+00 1.080194e+01 9.312280e+03 1.488241e+04 2.38392 4.929392e-01
8.090000e-01 3.262880e+00 2.265502e+00 2.660405e+00 1.080969e+01 9.330564e+03 1.487049e+04 2.38729 4.938225e-01
8.080000e-01 3.262880e+00 2.265612e+00 2.660353e+00 1.081235e+01 9.356038e+03 1.486743e+04 2.38901 4.954796e-01
8.070000e-01 3.262880e+00 2.267411e+00 2.662395e+00 1.082016e+01 9.374178e+03 1.485543e+04 2.39239 4.963552e-01
8.060000e-01 3.262880e+00 2.267518e+00 2.662342e+00 1.082284e+01 9.399521e+03 1.485237e+04 2.39411 4.980067e-01
8.050000e-01 3.262880e+00 2.269326e+00 2.664394e+00 1.083069e+01 9.417433e+03 1.484030e+04 2.39752 4.988711e-01
8.040000e-01 3.262880e+00 2.269422e+00 2.664329e+00 1.083337e+01 9.442595e+03 1.483725e+04 2.39921 5.005135e-01
8.030000e-01 3.262880e+00 2.271243e+00 2.666397e+00 1.084128e+01 9.460303e+03 1.482511e+04 2.40266 5.013688e-01
8.020000e-01 3.262880e+00 2.271336e+00 2.666329e+00 1.084398e+01 9.485338e+03 1.482206e+04 2.40434 5.030062e-01
8.010000e-01 3.262880e+00 2.273167e+00 2.668409e+00 1.085194e+01 9.502854e+03 1.480985e+04 2.40782 5.038521e-01
8.000000e-01 3.262880e+00 2.273248e+00 2.668329e+00 1.085465e+01 9.527730e+03 1.480680e+04 2.40948 5.054821e-01
7.990000e-01 3.262880e+00 2.275092e+00 2.670423e+00 1.086266e+01 9.545001e+03 1.479452e+04 2.413 5.063164e-01
7.980000e-01 3.262880e+00 2.275162e+00 2.670330e+00 1.086537e+01 9.569687e+03 1.479149e+04 2.41462 5.079365e-01
7.970000e-01 3.262880e+00 2.277015e+00 2.672433e+00 1.087342e+01 9.586630e+03 1.477916e+04 2.41817 5.087556e-01
7.960000e-01 3.262880e+00 2.277062e+00 2.672311e+00 1.087612e+01 9.611066e+03 1.477615e+04 2.41974 5.103623e-01
7.950000e-01 3.262880e+00 2.278934e+00 2.674437e+00 1.088423e+01 9.627758e+03 1.476376e+04 2.42336 5.111715e-01
7.940000e-01 3.262880e+00 2.278979e+00 2.674312e+00 1.088694e+01 9.652113e+03 1.476074e+04 2.42493 5.127775e-01
7.930000e-01 3.262880e+00 2.280862e+00 2.676451e+00 1.089513e+01 9.668688e+03 1.474823e+04 2.42857 5.135801e-01
7.920000e-01 3.262880e+00 2.280907e+00 2.676329e+00 1.089787e+01 9.692951e+03 1.474520e+04 2.43016 5.151840e-01
7.910000e-01 3.262880e+00 2.282799e+00 2.678478e+00 1.090612e+01 9.709388e+03 1.473260e+04 2.43382 5.159789e-01
7.900000e-01 3.262880e+00 2.282840e+00 2.678354e+00 1.090888e+01 9.733542e+03 1.472956e+04 2.4354 5.175792e-01
7.890000e-01 3.262880e+00 2.284742e+00 2.680515e+00 1.091719e+01 9.749781e+03 1.471688e+04 2.43908 5.183636e-01
7.880000e-01 3.262880e+00 2.284772e+00 2.680378e+00 1.091995e+01 9.773768e+03 1.471384e+04 2.44064 5.199559e-01
7.870000e-01 3.262880e+00 2.286688e+00 2.682554e+00 1.092832e+01 9.789793e+03 1.470109e+04 2.44436 5.207302e-01
7.860000e-01 3.262880e+00 2.286712e+00 2.682413e+00 1.093110e+01 9.813662e+03 1.469805e+04 2.44591 5.223183e-01
7.850000e-01 3.262880e+00 2.288638e+00 2.684603e+00 1.093953e+01 9.829509e+03 1.468521e+04 2.44966 5.230835e-01
7.840000e-01 3.262880e+00 2.288652e+00 2.684450e+00 1.094231e+01 9.853238e+03 1.468217e+04 2.45118 5.246656e-01
7.830000e-01 3.262880e+00 2.290591e+00 2.686654e+00 1.095081e+01 9.868850e+03 1.466926e+04 2.45498 5.254192e-01
7.820000e-01 3.262880e+00 2.290591e+00 2.686486e+00 1.095359e+01 9.892405e+03 1.466622e+04 2.45647 5.269931e-01
7.810000e-01 3.262880e+00 2.292541e+00 2.688703e+00 1.096213e+01 9.907719e+03 1.465325e+04 2.46029 5.277323e-01
7.800000e-01 3.262880e+00 2.292516e+00 2.688504e+00 1.096490e+01 9.931035e+03 1.465024e+04 2.46173 5.292936e-01
7.790000e-01 3.262880e+00 2.294486e+00 2.690742e+00 1.097350e+01 9.946078e+03 1.463720e+04 2.46561 5.300214e-01
7.780000e-01 3.262880e+00 2.294456e+00 2.690538e+00 1.097628e+01 9.969306e+03 1.463418e+04 2.46705 5.315815e-01
7.770000e-01 3.262880e+00 2.296479e+00 2.692849e+00 1.098505e+01 9.984192e+03 1.462090e+04 2.47101 5.322910e-01
7.760000e-01 3.262880e+00 2.296422e+00 2.692610e+00 1.098781e+01 1.000736e+04 1.461794e+04 2.47241 5.338561e-01
7.750000e-01 3.262880e+00 2.298440e+00 2.694910e+00 1.099662e+01 1.002211e+04 1.460459e+04 2.47638 5.345622e-01
7.740000e-01 3.262880e+00 2.298378e+00 2.694668e+00 1.099940e+01 1.004518e+04 1.460162e+04 2.47779 5.361247e-01
7.730000e-01 3.262880e+00 2.300406e+00 2.696980e+00 1.100827e+01 1.005974e+04 1.458819e+04 2.48178 5.368201e-01
7.720000e-01 3.262880e+00 2.300330e+00 2.696723e+00 1.101105e+01 1.008265e+04 1.458523e+04 2.48316 5.383759e-01
7.710000e-01 3.262880e+00 2.302372e+00 2.699053e+00 1.101999e+01 1.009701e+04 1.457171e+04 2.48719 5.390608e-01
7.700000e-01 3.262880e+00 2.302289e+00 2.698789e+00 1.102279e+01 1.011981e+04 1.456874e+04 2.48855 5.406133e-01
7.690000e-01 3.262880e+00 2.304344e+00 2.701133e+00 1.103180e+01 1.013399e+04 1.455512e+04 2.49262 5.412887e-01
7.680000e-01 3.262880e+00 2.304248e+00 2.700855e+00 1.103460e+01 1.015666e+04 1.455215e+04 2.49396 5.428362e-01
7.670000e-01 3.262880e+00 2.306316e+00 2.703215e+00 1.104368e+01 1.017060e+04 1.453844e+04 2.49806 5.434995e-01
7.660000e-01 3.262880e+00 2.306204e+00 2.702919e+00 1.104648e+01 1.019311e+04 1.453548e+04 2.49936 5.450396e-01
7.650000e-01 3.262880e+00 2.308284e+00 2.705292e+00 1.105560e+01 1.020676e+04 1.452171e+04 2.5035 5.456881e-01
7.640000e-01 3.262880e+00 2.308145e+00 2.704962e+00 1.105839e+01 1.022904e+04 1.451876e+04 2.50475 5.472170e-01
7.630000e-01 3.262880e+00 2.310246e+00 2.707360e+00 1.106758e+01 1.024245e+04 1.450491e+04 2.50894 5.478541e-01
7.620000e-01 3.262880e+00 2.310101e+00 2.707023e+00 1.107039e+01 1.026465e+04 1.450195e+04 2.51018 5.493830e-01
7.610000e-01 3.262880e+00 2.312214e+00 2.709435e+00 1.107967e+01 1.027791e+04 1.448797e+04 2.51441 5.500118e-01
7.600000e-01 3.262880e+00 2.312064e+00 2.709096e+00 1.108250e+01 1.030003e+04 1.448499e+04 2.51565 5.515395e-01
7.590000e-01 3.262880e+00 2.314189e+00 2.711521e+00 1.109186e+01 1.031316e+04 1.447089e+04 2.5199 5.521596e-01
7.580000e-01 3.262880e+00 2.314029e+00 2.711172e+00 1.109471e+01 1.033517e+04 1.446790e+04 2.52113 5.536849e-01
7.570000e-01 3.262880e+00 2.316167e+00 2.713614e+00 1.110414e+01 1.034810e+04 1.445369e+04 2.52541 5.542935e-01
7.560000e-01 3.262880e+00 2.315992e+00 2.713248e+00 1.110699e+01 1.036997e+04 1.445071e+04 2.52661 5.558129e-01
7.550000e-01 3.262880e+00 2.318145e+00 2.715707e+00 1.111650e+01 1.038270e+04 1.443640e+04 2.53092 5.564107e-01
7.540000e-01 3.262880e+00 2.317961e+00 2.715333e+00 1.111936e+01 1.040447e+04 1.443341e+04 2.53211 5.579280e-01
7.530000e-01 3.262880e+00 2.320126e+00 2.717807e+00 1.112895e+01 1.041702e+04 1.441898e+04 2.53646 5.585154e-01
7.520000e-01 3.262880e+00 2.319925e+00 2.717414e+00 1.113182e+01 1.043866e+04 1.441599e+04 2.53761 5.600280e-01
7.510000e-01 3.262880e+00 2.322106e+00 2.719906e+00 1.114148e+01 1.045097e+04 1.440146e+04 2.542 5.606024e-01
7.500000e-01 3.262880e+00 2.321886e+00 2.719491e+00 1.114434e+01 1.047245e+04 1.439848e+04 2.54311 5.621076e-01
7.490000e-01 3.262880e+00 2.324080e+00 2.721998e+00 1.115406e+01 1.048446e+04 1.438388e+04 2.54753 5.626664e-01
7.480000e-01 3.262880e+00 2.323831e+00 2.721546e+00 1.115690e+01 1.050573e+04 1.438091e+04 2.54859 5.641625e-01
7.470000e-01 3.262880e+00 2.326047e+00 2.724079e+00 1.116670e+01 1.051753e+04 1.436620e+04 2.55307 5.647108e-01
7.460000e-01 3.262880e+00 2.325793e+00 2.723624e+00 1.116957e+01 1.053874e+04 1.436321e+04 2.55412 5.662078e-01
7.450000e-01 3.262880e+00 2.328059e+00 2.726225e+00 1.117955e+01 1.055035e+04 1.434823e+04 2.55867 5.667346e-01
7.440000e-01 3.262880e+00 2.327772e+00 2.725727e+00 1.118239e+01 1.057150e+04 1.434529e+04 2.55969 5.682376e-01
7.430000e-01 3.262880e+00 2.330037e+00 2.728323e+00 1.119243e+01 1.058298e+04 1.433023e+04 2.56424 5.687591e-01
7.420000e-01 3.262880e+00 2.329737e+00 2.727813e+00 1.119528e+01 1.060402e+04 1.432728e+04 2.56524 5.702594e-01
7.410000e-01 3.262880e+00 2.332014e+00 2.730423e+00 1.120539e+01 1.061529e+04 1.431211e+04 2.56982 5.707681e-01
7.400000e-01 3.262880e+00 2.331695e+00 2.729891e+00 1.120824e+01 1.063620e+04 1.430916e+04 2.57079 5.722641e-01
7.390000e-01 3.262880e+00 2.333990e+00 2.732523e+00 1.121844e+01 1.064728e+04 1.429385e+04 2.57541 5.727619e-01
7.380000e-01 3.262880e+00 2.333659e+00 2.731978e+00 1.122130e+01 1.066810e+04 1.429089e+04 2.57636 5.742564e-01
7.370000e-01 3.262880e+00 2.335967e+00 2.734625e+00 1.123159e+01 1.067898e+04 1.427546e+04 2.58101 5.747418e-01
7.360000e-01 3.262880e+00 2.335614e+00 2.734056e+00 1.123445e+01 1.069966e+04 1.427249e+04 2.58191 5.762313e-01
7.350000e-01 3.262880e+00 2.337939e+00 2.736722e+00 1.124481e+01 1.071030e+04 1.425695e+04 2.5866 5.767024e-01
7.340000e-01 3.262880e+00 2.337560e+00 2.736123e+00 1.124766e+01 1.073080e+04 1.425399e+04 2.58745 5.781841e-01
7.330000e-01 3.262880e+00 2.339901e+00 2.738807e+00 1.125808e+01 1.074113e+04 1.423837e+04 2.59218 5.786388e-01
7.320000e-01 3.262880e+00 2.339497e+00 2.738175e+00 1.126092e+01 1.076149e+04 1.423542e+04 2.59299 5.801159e-01
7.310000e-01 3.262880e+00 2.341859e+00 2.740885e+00 1.127145e+01 1.077165e+04 1.421964e+04 2.59776 5.805607e-01
7.300000e-01 3.262880e+00 2.341446e+00 2.740246e+00 1.127431e+01 1.079193e+04 1.421667e+04 2.59856 5.820386e-01
7.290000e-01 3.262880e+00 2.343820e+00 2.742971e+00 1.128494e+01 1.080195e+04 1.420074e+04 2.60336 5.824724e-01
7.280000e-01 3.262880e+00 2.343394e+00 2.742319e+00 1.128782e+01 1.082215e+04 1.419774e+04 2.60415 5.839504e-01
7.270000e-01 3.262880e+00 2.345782e+00 2.745059e+00 1.129854e+01 1.083198e+04 1.418166e+04 2.60897 5.843712e-01
7.260000e-01 3.262880e+00 2.345337e+00 2.744386e+00 1.130143e+01 1.085206e+04 1.417866e+04 2.60972 5.858455e-01
7.250000e-01 3.262880e+00 2.345457e+00 2.744312e+00 1.130535e+01 1.087013e+04 1.417403e+04 2.61206 5.872868e-01
7.240000e-01 3.262880e+00 2.348749e+00 2.748233e+00 1.131919e+01 1.087638e+04 1.415271e+04 2.61742 5.871801e-01
7.230000e-01 3.262880e+00 2.348259e+00 2.747505e+00 1.132205e+01 1.089633e+04 1.414974e+04 2.6181 5.886571e-01
7.220000e-01 3.262880e+00 2.348351e+00 2.747396e+00 1.132598e+01 1.091424e+04 1.414509e+04 2.6204 5.900963e-01
7.210000e-01 3.262880e+00 2.351682e+00 2.751361e+00 1.134001e+01 1.092012e+04 1.412349e+04 2.62584 5.899635e-01
7.200000e-01 3.262880e+00 2.351157e+00 2.750595e+00 1.134286e+01 1.093987e+04 1.412052e+04 2.62646 5.914339e-01
7.190000e-01 3.262880e+00 2.351216e+00 2.750446e+00 1.134679e+01 1.095752e+04 1.411586e+04 2.62869 5.928626e-01
7.180000e-01 3.262880e+00 2.354594e+00 2.754466e+00 1.136098e+01 1.096291e+04 1.409403e+04 2.63423 5.926988e-01
7.170000e-01 3.262880e+00 2.354025e+00 2.753645e+00 1.136382e+01 1.098241e+04 1.409106e+04 2.63476 5.941605e-01
7.160000e-01 3.262880e+00 2.354071e+00 2.753482e+00 1.136778e+01 1.099985e+04 1.408637e+04 2.63699 5.955836e-01
7.150000e-01 3.262880e+00 2.357493e+00 2.757556e+00 1.138218e+01 1.100493e+04 1.406423e+04 2.64261 5.953974e-01
7.140000e-01 3.262880e+00 2.356902e+00 2.756714e+00 1.138505e+01 1.102432e+04 1.406124e+04 2.64312 5.968608e-01
7.130000e-01 3.262880e+00 2.356926e+00 2.756526e+00 1.138903e+01 1.104163e+04 1.405651e+04 2.64532 5.982829e-01
7.120000e-01 3.262880e+00 2.360391e+00 2.760653e+00 1.140367e+01 1.104637e+04 1.403402e+04 2.65101 5.980685e-01
7.110000e-01 3.262880e+00 2.359771e+00 2.759779e+00 1.140655e+01 1.106560e+04 1.403101e+04 2.65148 5.995290e-01
7.100000e-01 3.262880e+00 2.359767e+00 2.759558e+00 1.141055e+01 1.108271e+04 1.402625e+04 2.65363 6.009457e-01
7.090000e-01 3.262880e+00 2.363280e+00 2.763745e+00 1.142541e+01 1.108708e+04 1.400346e+04 2.65942 6.007036e-01
7.080000e-01 3.262880e+00 2.362629e+00 2.762838e+00 1.142830e+01 1.110616e+04 1.400043e+04 2.65983 6.021629e-01
7.070000e-01 3.262880e+00 2.362601e+00 2.762590e+00 1.143233e+01 1.112311e+04 1.399564e+04 2.66195 6.035763e-01
7.060000e-01 3.262880e+00 2.366195e+00 2.766883e+00 1.144749e+01 1.112704e+04 1.397240e+04 2.66785 6.032916e-01
7.050000e-01 3.262880e+00 2.365487e+00 2.765905e+00 1.145034e+01 1.114593e+04 1.396943e+04 2.66817 6.047510e-01
7.040000e-01 3.262880e+00 2.365414e+00 2.765602e+00 1.145434e+01 1.116263e+04 1.396466e+04 2.67021 6.061568e-01
7.030000e-01 3.262880e+00 2.369050e+00 2.769943e+00 1.146967e+01 1.116606e+04 1.394121e+04 2.67621 6.058423e-01
7.020000e-01 3.262880e+00 2.368295e+00 2.768908e+00 1.147250e+01 1.118473e+04 1.393825e+04 2.67645 6.072952e-01
7.010000e-01 3.262880e+00 2.368207e+00 2.768588e+00 1.147653e+01 1.120123e+04 1.393343e+04 2.67847 6.086969e-01
7.000000e-01 3.262880e+00 2.371889e+00 2.772985e+00 1.149211e+01 1.120434e+04 1.390964e+04 2.68456 6.083568e-01
6.990000e-01 3.262880e+00 2.371107e+00 2.771923e+00 1.149495e+01 1.122289e+04 1.390665e+04 2.68476 6.098117e-01
6.980000e-01 3.262880e+00 2.370989e+00 2.771569e+00 1.149902e+01 1.123926e+04 1.390179e+04 2.68675 6.112130e-01
6.970000e-01 3.262880e+00 2.374719e+00 2.776025e+00 1.151485e+01 1.124200e+04 1.387761e+04 2.69291 6.108403e-01
6.960000e-01 3.262880e+00 2.373899e+00 2.774921e+00 1.151771e+01 1.126039e+04 1.387459e+04 2.69304 6.122928e-01
6.950000e-01 3.262880e+00 2.373751e+00 2.774532e+00 1.152179e+01 1.127657e+04 1.386970e+04 2.69497 6.136891e-01
6.940000e-01 3.262880e+00 2.377532e+00 2.779050e+00 1.153787e+01 1.127893e+04 1.384515e+04 2.70122 6.132852e-01
6.930000e-01 3.262880e+00 2.376672e+00 2.777902e+00 1.154073e+01 1.129718e+04 1.384212e+04 2.70129 6.147372e-01
6.920000e-01 3.262880e+00 2.376492e+00 2.777476e+00 1.154482e+01 1.131319e+04 1.383718e+04 2.70317 6.161301e-01
6.910000e-01 3.262880e+00 2.380324e+00 2.782057e+00 1.156115e+01 1.131512e+04 1.381227e+04 2.70949 6.156905e-01
6.900000e-01 3.262880e+00 2.379415e+00 2.780850e+00 1.156399e+01 1.133315e+04 1.380923e+04 2.70946 6.171364e-01
6.890000e-01 3.262880e+00 2.379191e+00 2.780370e+00 1.156808e+01 1.134891e+04 1.380427e+04 2.71126 6.185191e-01
6.880000e-01 3.262880e+00 2.383114e+00 2.785067e+00 1.158470e+01 1.135029e+04 1.377895e+04 2.71773 6.180310e-01
6.870000e-01 3.262880e+00 2.382140e+00 2.783778e+00 1.158749e+01 1.136815e+04 1.377595e+04 2.71759 6.194792e-01
6.860000e-01 3.262880e+00 2.381886e+00 2.783264e+00 1.159159e+01 1.138374e+04 1.377097e+04 2.71935 6.208621e-01
6.850000e-01 3.262880e+00 2.385848e+00 2.788005e+00 1.160847e+01 1.138481e+04 1.374526e+04 2.72588 6.203461e-01
6.840000e-01 3.262880e+00 2.386752e+00 2.788974e+00 1.161647e+01 1.139617e+04 1.373388e+04 2.72858 6.211097e-01
6.830000e-01 3.262880e+00 2.387658e+00 2.789950e+00 1.162450e+01 1.140745e+04 1.372247e+04 2.73128 6.218686e-01
6.820000e-01 3.262880e+00 2.388559e+00 2.790922e+00 1.163256e+01 1.141865e+04 1.371101e+04 2.73398 6.226228e-01
6.810000e-01 3.262880e+00 2.389458e+00 2.791889e+00 1.164066e+01 1.142975e+04 1.369950e+04 2.73667 6.233719e-01
6.800000e-01 3.262880e+00 2.390354e+00 2.792855e+00 1.164879e+01 1.144079e+04 1.368793e+04 2.73935 6.241176e-01
6.790000e-01 3.262880e+00 2.391248e+00 2.793820e+00 1.165695e+01 1.145175e+04 1.367630e+04 2.74203 6.248590e-01
6.780000e-01 3.262880e+00 2.392138e+00 2.794780e+00 1.166515e+01 1.146261e+04 1.366462e+04 2.7447 6.255950e-01
6.770000e-01 3.262880e+00 2.393025e+00 2.795737e+00 1.167338e+01 1.147338e+04 1.365290e+04 2.74736 6.263256e-01
6.760000e-01 3.262880e+00 2.393907e+00 2.796690e+00 1.168163e+01 1.148405e+04 1.364115e+04 2.75001 6.270506e-01
6.750000e-01 3.262880e+00 2.394784e+00 2.797635e+00 1.168990e+01 1.149458e+04 1.362936e+04 2.75266 6.277689e-01
6.740000e-01 3.262880e+00 2.395656e+00 2.798575e+00 1.169818e+01 1.150500e+04 1.361755e+04 2.75529 6.284812e-01
6.730000e-01 3.262880e+00 2.396559e+00 2.799560e+00 1.170660e+01 1.151530e+04 1.360554e+04 2.75795 6.291778e-01
6.720000e-01 3.262880e+00 2.397426e+00 2.800495e+00 1.171498e+01 1.152558e+04 1.359358e+04 2.76058 6.298822e-01
6.710000e-01 3.262880e+00 2.398290e+00 2.801428e+00 1.172340e+01 1.153579e+04 1.358156e+04 2.76319 6.305829e-01
6.700000e-01 3.262880e+00 2.399151e+00 2.802359e+00 1.173186e+01 1.154592e+04 1.356948e+04 2.7658 6.312796e-01
6.690000e-01 3.262880e+00 2.400008e+00 2.803284e+00 1.174036e+01 1.155597e+04 1.355732e+04 2.7684 6.319710e-01
6.680000e-01 3.262880e+00 2.400861e+00 2.804205e+00 1.174889e+01 1.156594e+04 1.354512e+04 2.77098 6.326569e-01
6.670000e-01 3.262880e+00 2.401709e+00 2.805123e+00 1.175745e+01 1.157581e+04 1.353286e+04 2.77356 6.333377e-01
6.660000e-01 3.262880e+00 2.402553e+00 2.806035e+00 1.176606e+01 1.158560e+04 1.352052e+04 2.77613 6.340139e-01
6.650000e-01 3.262880e+00 2.403394e+00 2.806945e+00 1.177471e+01 1.159532e+04 1.350812e+04 2.77868 6.346855e-01
6.640000e-01 3.262880e+00 2.404230e+00 2.807850e+00 1.178339e+01 1.160494e+04 1.349566e+04 2.78122 6.353512e-01
6.630000e-01 3.262880e+00 2.405061e+00 2.808749e+00 1.179209e+01 1.161446e+04 1.348315e+04 2.78375 6.360110e-01
6.620000e-01 3.262880e+00 2.405886e+00 2.809642e+00 1.180083e+01 1.162389e+04 1.347060e+04 2.78627 6.366649e-01
6.610000e-01 3.262880e+00 2.406705e+00 2.810526e+00 1.180958e+01 1.163318e+04 1.345800e+04 2.78876 6.373113e-01
6.600000e-01 3.262880e+00 2.407516e+00 2.811402e+00 1.181836e+01 1.164235e+04 1.344537e+04 2.79124 6.379512e-01
6.590000e-01 3.262880e+00 2.408323e+00 2.812273e+00 1.182718e+01 1.165146e+04 1.343267e+04 2.79371 6.385870e-01
6.580000e-01 3.262880e+00 2.409126e+00 2.813139e+00 1.183605e+01 1.166049e+04 1.341988e+04 2.79618 6.392183e-01
6.570000e-01 3.262880e+00 2.409926e+00 2.814004e+00 1.184496e+01 1.166944e+04 1.340703e+04 2.79863 6.398451e-01
6.560000e-01 3.262880e+00 2.410721e+00 2.814865e+00 1.185393e+01 1.167831e+04 1.339410e+04 2.80107 6.404671e-01
6.550000e-01 3.262880e+00 2.411545e+00 2.815767e+00 1.186302e+01 1.168705e+04 1.338097e+04 2.80353 6.410717e-01
6.540000e-01 3.262880e+00 2.412332e+00 2.816620e+00 1.187206e+01 1.169574e+04 1.336791e+04 2.80595 6.416820e-01
6.530000e-01 3.262880e+00 2.413113e+00 2.817467e+00 1.188114e+01 1.170433e+04 1.335479e+04 2.80835 6.422874e-01
6.520000e-01 3.262880e+00 2.413889e+00 2.818308e+00 1.189027e+01 1.171284e+04 1.334160e+04 2.81074 6.428881e-01
6.510000e-01 3.262880e+00 2.414661e+00 2.819146e+00 1.189945e+01 1.172127e+04 1.332834e+04 2.81312 6.434837e-01
6.500000e-01 3.262880e+00 2.415427e+00 2.819979e+00 1.190866e+01 1.172960e+04 1.331502e+04 2.81548 6.440734e-01
6.490000e-01 3.262880e+00 2.416187e+00 2.820804e+00 1.191791e+01 1.173782e+04 1.330164e+04 2.81783 6.446568e-01
6.480000e-01 3.262880e+00 2.416941e+00 2.821623e+00 1.192718e+01 1.174594e+04 1.328822e+04 2.82016 6.452337e-01
6.470000e-01 3.262880e+00 2.417687e+00 2.822431e+00 1.193648e+01 1.175393e+04 1.327476e+04 2.82247 6.458032e-01
6.460000e-01 3.262880e+00 2.418425e+00 2.823231e+00 1.194581e+01 1.176180e+04 1.326125e+04 2.82477 6.463663e-01
6.450000e-01 3.262880e+00 2.419158e+00 2.824025e+00 1.195519e+01 1.176960e+04 1.324767e+04 2.82705 6.469247e-01
6.440000e-01 3.262880e+00 2.419885e+00 2.824813e+00 1.196462e+01 1.177732e+04 1.323399e+04 2.82931 6.474781e-01
6.430000e-01 3.262880e+00 2.420607e+00 2.825597e+00 1.197410e+01 1.178495e+04 1.322023e+04 2.83156 6.480260e-01
6.420000e-01 3.262880e+00 2.421323e+00 2.826375e+00 1.198364e+01 1.179251e+04 1.320639e+04 2.83379 6.485684e-01
6.410000e-01 3.262880e+00 2.422033e+00 2.827145e+00 1.199321e+01 1.179996e+04 1.319247e+04 2.836 6.491043e-01
6.400000e-01 3.262880e+00 2.422735e+00 2.827908e+00 1.200283e+01 1.180732e+04 1.317848e+04 2.83819 6.496338e-01
6.390000e-01 3.262880e+00 2.423461e+00 2.828708e+00 1.201258e+01 1.181453e+04 1.316430e+04 2.84039 6.501451e-01
6.380000e-01 3.262880e+00 2.424151e+00 2.829458e+00 1.202230e+01 1.182170e+04 1.315015e+04 2.84255 6.506621e-01
6.370000e-01 3.262880e+00 2.424834e+00 2.830202e+00 1.203206e+01 1.182879e+04 1.313592e+04 2.84468 6.511734e-01
6.360000e-01 3.262880e+00 2.425509e+00 2.830937e+00 1.204186e+01 1.183577e+04 1.312163e+04 2.84679 6.516782e-01
6.350000e-01 3.262880e+00 2.426177e+00 2.831664e+00 1.205171e+01 1.184264e+04 1.310728e+04 2.84888 6.521762e-01
6.340000e-01 3.262880e+00 2.426837e+00 2.832382e+00 1.206157e+01 1.184939e+04 1.309289e+04 2.85095 6.526668e-01
6.330000e-01 3.262880e+00 2.427488e+00 2.833088e+00 1.207147e+01 1.185601e+04 1.307846e+04 2.853 6.531499e-01
6.320000e-01 3.262880e+00 2.428131e+00 2.833785e+00 1.208141e+01 1.186254e+04 1.306395e+04 2.85502 6.536269e-01
6.310000e-01 3.262880e+00 2.428766e+00 2.834476e+00 1.209140e+01 1.186899e+04 1.304935e+04 2.85702 6.540983e-01
6.300000e-01 3.262880e+00 2.429394e+00 2.835157e+00 1.210146e+01 1.187534e+04 1.303465e+04 2.859 6.545635e-01
6.290000e-01 3.262880e+00 2.430015e+00 2.835833e+00 1.211157e+01 1.188161e+04 1.301986e+04 2.86096 6.550226e-01
6.280000e-01 3.262880e+00 2.430628e+00 2.836500e+00 1.212174e+01 1.188779e+04 1.300497e+04 2.86289 6.554748e-01
6.270000e-01 3.262880e+00 2.431232e+00 2.837157e+00 1.213195e+01 1.189386e+04 1.299001e+04 2.86479 6.559195e-01
6.260000e-01 3.262880e+00 2.431827e+00 2.837803e+00 1.214220e+01 1.189983e+04 1.297497e+04 2.86667 6.563568e-01
6.250000e-01 3.262880e+00 2.432413e+00 2.838440e+00 1.215252e+01 1.190570e+04 1.295983e+04 2.86852 6.567878e-01
6.240000e-01 3.262880e+00 2.433021e+00 2.839112e+00 1.216297e+01 1.191143e+04 1.294449e+04 2.87037 6.571999e-01
6.230000e-01 3.262880e+00 2.433592e+00 2.839736e+00 1.217339e+01 1.191711e+04 1.292918e+04 2.87217 6.576164e-01
6.220000e-01 3.262880e+00 2.434153e+00 2.840347e+00 1.218386e+01 1.192267e+04 1.291381e+04 2.87394 6.580259e-01
6.210000e-01 3.262880e+00 2.434706e+00 2.840949e+00 1.219436e+01 1.192813e+04 1.289838e+04 2.87569 6.584285e-01
6.200000e-01 3.262880e+00 2.435250e+00 2.841541e+00 1.220489e+01 1.193345e+04 1.288292e+04 2.87742 6.588232e-01
6.190000e-01 3.262880e+00 2.435784e+00 2.842120e+00 1.221546e+01 1.193865e+04 1.286740e+04 2.87912 6.592108e-01
6.180000e-01 3.262880e+00 2.436309e+00 2.842692e+00 1.222609e+01 1.194376e+04 1.285178e+04 2.88079 6.595926e-01
6.170000e-01 3.262880e+00 2.436825e+00 2.843253e+00 1.223679e+01 1.194878e+04 1.283605e+04 2.88244 6.599672e-01
6.160000e-01 3.262880e+00 2.437332e+00 2.843805e+00 1.224756e+01 1.195371e+04 1.282022e+04 2.88406 6.603348e-01
6.150000e-01 3.262880e+00 2.437830e+00 2.844348e+00 1.225839e+01 1.195854e+04 1.280429e+04 2.88564 6.606951e-01
6.140000e-01 3.262880e+00 2.438319e+00 2.844879e+00 1.226927e+01 1.196325e+04 1.278828e+04 2.8872 6.610477e-01
6.130000e-01 3.262880e+00 2.438797e+00 2.845402e+00 1.228020e+01 1.196787e+04 1.277218e+04 2.88873 6.613929e-01
6.120000e-01 3.262880e+00 2.439267e+00 2.845915e+00 1.229120e+01 1.197238e+04 1.275600e+04 2.89023 6.617313e-01
6.110000e-01 3.262880e+00 2.439755e+00 2.846458e+00 1.230235e+01 1.197674e+04 1.273960e+04 2.89173 6.620508e-01
6.100000e-01 3.262880e+00 2.440207e+00 2.846953e+00 1.231347e+01 1.198104e+04 1.272322e+04 2.89318 6.623738e-01
6.090000e-01 3.262880e+00 2.440648e+00 2.847435e+00 1.232464e+01 1.198523e+04 1.270678e+04 2.89459 6.626892e-01
6.080000e-01 3.262880e+00 2.441076e+00 2.847903e+00 1.233586e+01 1.198930e+04 1.269026e+04 2.89596 6.629959e-01
6.070000e-01 3.262880e+00 2.441492e+00 2.848357e+00 1.234710e+01 1.199324e+04 1.267369e+04 2.89729 6.632934e-01
6.060000e-01 3.262880e+00 2.441896e+00 2.848795e+00 1.235838e+01 1.199706e+04 1.265706e+04 2.89859 6.635822e-01
6.050000e-01 3.262880e+00 2.442288e+00 2.849219e+00 1.236974e+01 1.200079e+04 1.264030e+04 2.89985 6.638634e-01
6.040000e-01 3.262880e+00 2.442669e+00 2.849633e+00 1.238117e+01 1.200441e+04 1.262343e+04 2.90107 6.641368e-01
6.030000e-01 3.262880e+00 2.443040e+00 2.850036e+00 1.239267e+01 1.200794e+04 1.260645e+04 2.90226 6.644023e-01
6.020000e-01 3.262880e+00 2.443399e+00 2.850428e+00 1.240424e+01 1.201136e+04 1.258937e+04 2.90341 6.646598e-01
6.010000e-01 3.262880e+00 2.443748e+00 2.850807e+00 1.241587e+01 1.201466e+04 1.257219e+04 2.90453 6.649091e-01
6.000000e-01 3.262880e+00 2.444087e+00 2.851177e+00 1.242757e+01 1.201785e+04 1.255494e+04 2.90562 6.651508e-01
5.990000e-01 3.262880e+00 2.444442e+00 2.851573e+00 1.243942e+01 1.202088e+04 1.253747e+04 2.90671 6.653732e-01
5.980000e-01 3.262880e+00 2.444760e+00 2.851921e+00 1.245127e+01 1.202385e+04 1.251999e+04 2.90773 6.655985e-01
5.970000e-01 3.262880e+00 2.445066e+00 2.852257e+00 1.246318e+01 1.202672e+04 1.250244e+04 2.90871 6.658161e-01
5.960000e-01 3.262880e+00 2.445362e+00 2.852581e+00 1.247514e+01 1.202946e+04 1.248481e+04 2.90967 6.660255e-01
5.950000e-01 3.262880e+00 2.445645e+00 2.852891e+00 1.248715e+01 1.203209e+04 1.246711e+04 2.91058 6.662262e-01
5.940000e-01 3.262880e+00 2.445917e+00 2.853188e+00 1.249921e+01 1.203458e+04 1.244937e+04 2.91147 6.664183e-01
5.930000e-01 3.262880e+00 2.446177e+00 2.853471e+00 1.251131e+01 1.203695e+04 1.243156e+04 2.91232 6.666024e-01
5.920000e-01 3.262880e+00 2.446423e+00 2.853738e+00 1.252349e+01 1.203922e+04 1.241363e+04 2.91312 6.667780e-01
5.910000e-01 3.262880e+00 2.446656e+00 2.853990e+00 1.253576e+01 1.204137e+04 1.239556e+04 2.91388 6.669441e-01
5.900000e-01 3.262880e+00 2.446876e+00 2.854230e+00 1.254812e+01 1.204343e+04 1.237738e+04 2.9146 6.671013e-01
5.890000e-01 3.262880e+00 2.447083e+00 2.854456e+00 1.256055e+01 1.204537e+04 1.235908e+04 2.91527 6.672493e-01
5.880000e-01 3.262880e+00 2.447275e+00 2.854664e+00 1.257304e+01 1.204718e+04 1.234068e+04 2.91589 6.673872e-01
5.870000e-01 3.262880e+00 2.447481e+00 2.854896e+00 1.258569e+01 1.204882e+04 1.232207e+04 2.91649 6.675044e-01
5.860000e-01 3.262880e+00 2.447650e+00 2.855080e+00 1.259835e+01 1.205041e+04 1.230345e+04 2.91703 6.676242e-01
5.850000e-01 3.262880e+00 2.447804e+00 2.855249e+00 1.261108e+01 1.205189e+04 1.228472e+04 2.91753 6.677351e-01
5.840000e-01 3.262880e+00 2.447948e+00 2.855407e+00 1.262388e+01 1.205325e+04 1.226591e+04 2.91799 6.678379e-01
5.830000e-01 3.262880e+00 2.448081e+00 2.855553e+00 1.263675e+01 1.205448e+04 1.224703e+04 2.91843 6.679327e-01
5.820000e-01 3.262880e+00 2.448202e+00 2.855685e+00 1.264968e+01 1.205558e+04 1.222809e+04 2.91882 6.680184e-01
5.810000e-01 3.262880e+00 2.448310e+00 2.855802e+00 1.266265e+01 1.205656e+04 1.220910e+04 2.91918 6.680956e-01
5.800000e-01 3.262880e+00 2.448408e+00 2.855908e+00 1.267568e+01 1.205741e+04 1.219004e+04 2.91951 6.681653e-01
5.790000e-01 3.262880e+00 2.448489e+00 2.855997e+00 1.268882e+01 1.205816e+04 1.217083e+04 2.91979 6.682254e-01
5.780000e-01 3.262880e+00 2.448556e+00 2.856068e+00 1.270205e+01 1.205878e+04 1.215150e+04 2.92001 6.682754e-01
5.770000e-01 3.262880e+00 2.448610e+00 2.856126e+00 1.271538e+01 1.205929e+04 1.213204e+04 2.92019 6.683158e-01
5.760000e-01 3.262880e+00 2.448647e+00 2.856166e+00 1.272879e+01 1.205968e+04 1.211245e+04 2.92032 6.683454e-01
5.750000e-01 3.262880e+00 2.448695e+00 2.856225e+00 1.274235e+01 1.205989e+04 1.209266e+04 2.92042 6.683530e-01
5.740000e-01 3.262880e+00 2.448705e+00 2.856236e+00 1.275593e+01 1.206004e+04 1.207287e+04 2.92044 6.683622e-01
5.730000e-01 3.262880e+00 2.448700e+00 2.856228e+00 1.276960e+01 1.206006e+04 1.205295e+04 2.92042 6.683619e-01
5.733929e-01 3.262880e+00 2.448738e+00 2.856383e+00 1.276424e+01 1.206049e+04 1.206099e+04 2.92041 6.683607e-01
