1.000000e+00 3.295650e+00 2.103339e+00 2.488164e+00 1.000670e+01 0.000000e+00 1.669387e+04 0 0.000000e+00
9.990000e-01 3.295650e+00 2.108312e+00 2.500215e+00 1.002280e+01 6.932893e+02 1.657475e+04 1.98121 3.516115e-02
9.980000e-01 3.295650e+00 2.108264e+00 2.499836e+00 1.002396e+01 9.781259e+02 1.653468e+04 2.0813 5.211538e-02
9.970000e-01 3.295650e+00 2.109269e+00 2.500922e+00 1.002853e+01 1.194210e+03 1.650194e+04 1.9866 6.067559e-02
9.960000e-01 3.295650e+00 2.109454e+00 2.500844e+00 1.003020e+01 1.381444e+03 1.647596e+04 2.03007 7.171188e-02
9.950000e-01 3.295650e+00 2.110599e+00 2.502099e+00 1.003501e+01 1.542769e+03 1.645021e+04 1.98999 7.842012e-02
9.940000e-01 3.295650e+00 2.110869e+00 2.502157e+00 1.003676e+01 1.695206e+03 1.642956e+04 2.02009 8.744959e-02
9.930000e-01 3.295650e+00 2.111910e+00 2.503304e+00 1.004134e+01 1.832105e+03 1.640750e+04 1.99321 9.316220e-02
9.920000e-01 3.295650e+00 2.112618e+00 2.503995e+00 1.004455e+01 1.961590e+03 1.638830e+04 1.99492 9.976503e-02
9.910000e-01 3.295650e+00 2.113318e+00 2.504683e+00 1.004774e+01 2.083273e+03 1.637027e+04 1.99659 1.059722e-01
9.900000e-01 3.295650e+00 2.114024e+00 2.505386e+00 1.005093e+01 2.198363e+03 1.635320e+04 1.99827 1.118460e-01
9.890000e-01 3.295650e+00 2.114733e+00 2.506097e+00 1.005412e+01 2.307568e+03 1.633697e+04 1.99995 1.174223e-01
9.880000e-01 3.295650e+00 2.115442e+00 2.506810e+00 1.005730e+01 2.411490e+03 1.632149e+04 2.00164 1.227317e-01
9.870000e-01 3.295650e+00 2.116149e+00 2.507521e+00 1.006049e+01 2.510673e+03 1.630667e+04 2.00333 1.278020e-01
9.860000e-01 3.295650e+00 2.116856e+00 2.508229e+00 1.006369e+01 2.605846e+03 1.629240e+04 2.00503 1.326703e-01
9.850000e-01 3.295650e+00 2.117564e+00 2.508939e+00 1.006689e+01 2.697697e+03 1.627859e+04 2.00673 1.373715e-01
9.840000e-01 3.295650e+00 2.118275e+00 2.509653e+00 1.007011e+01 2.786582e+03 1.626519e+04 2.00844 1.419235e-01
9.830000e-01 3.295650e+00 2.118987e+00 2.510371e+00 1.007334e+01 2.872673e+03 1.625217e+04 2.01016 1.463348e-01
9.820000e-01 3.295650e+00 2.119700e+00 2.511087e+00 1.007657e+01 2.956028e+03 1.623952e+04 2.01188 1.506085e-01
9.810000e-01 3.295650e+00 2.120412e+00 2.511801e+00 1.007981e+01 3.036935e+03 1.622719e+04 2.0136 1.547591e-01
9.800000e-01 3.295650e+00 2.121124e+00 2.512514e+00 1.008305e+01 3.115618e+03 1.621516e+04 2.01533 1.587982e-01
9.790000e-01 3.295650e+00 2.121835e+00 2.513224e+00 1.008631e+01 3.192088e+03 1.620342e+04 2.01706 1.627260e-01
9.780000e-01 3.295650e+00 2.122542e+00 2.513925e+00 1.008956e+01 3.266349e+03 1.619197e+04 2.01878 1.665429e-01
9.770000e-01 3.295650e+00 2.123244e+00 2.514614e+00 1.009282e+01 3.338489e+03 1.618079e+04 2.0205 1.702536e-01
9.760000e-01 3.295650e+00 2.123943e+00 2.515296e+00 1.009610e+01 3.408939e+03 1.616982e+04 2.02222 1.738800e-01
9.750000e-01 3.295650e+00 2.124645e+00 2.515978e+00 1.009940e+01 3.478233e+03 1.615899e+04 2.02395 1.774491e-01
9.740000e-01 3.295650e+00 2.125353e+00 2.516669e+00 1.010271e+01 3.546506e+03 1.614829e+04 2.0257 1.809674e-01
9.730000e-01 3.295650e+00 2.126067e+00 2.517368e+00 1.010605e+01 3.613748e+03 1.613773e+04 2.02745 1.844342e-01
9.720000e-01 3.295650e+00 2.126785e+00 2.518076e+00 1.010939e+01 3.679938e+03 1.612732e+04 2.02921 1.878483e-01
9.710000e-01 3.295650e+00 2.127508e+00 2.518791e+00 1.011274e+01 3.745129e+03 1.611705e+04 2.03097 1.912123e-01
9.700000e-01 3.295650e+00 2.128236e+00 2.519514e+00 1.011610e+01 3.809335e+03 1.610691e+04 2.03275 1.945271e-01
9.690000e-01 3.295650e+00 2.128966e+00 2.520242e+00 1.011947e+01 3.872470e+03 1.609690e+04 2.03452 1.977882e-01
9.680000e-01 3.295650e+00 2.129697e+00 2.520973e+00 1.012283e+01 3.934491e+03 1.608704e+04 2.0363 2.009934e-01
9.670000e-01 3.295650e+00 2.130428e+00 2.521703e+00 1.012620e+01 3.995385e+03 1.607732e+04 2.03808 2.041422e-01
9.660000e-01 3.295650e+00 2.131160e+00 2.522434e+00 1.012958e+01 4.055296e+03 1.606773e+04 2.03986 2.072421e-01
9.650000e-01 3.295650e+00 2.131893e+00 2.523168e+00 1.013296e+01 4.114373e+03 1.605825e+04 2.04165 2.103005e-01
9.640000e-01 3.295650e+00 2.132629e+00 2.523905e+00 1.013635e+01 4.172626e+03 1.604887e+04 2.04344 2.133179e-01
9.630000e-01 3.295650e+00 2.133367e+00 2.524644e+00 1.013975e+01 4.230021e+03 1.603960e+04 2.04523 2.162925e-01
9.620000e-01 3.295650e+00 2.134104e+00 2.525384e+00 1.014315e+01 4.286521e+03 1.603044e+04 2.04703 2.192225e-01
9.610000e-01 3.295650e+00 2.134843e+00 2.526124e+00 1.014657e+01 4.342229e+03 1.602139e+04 2.04883 2.221132e-01
9.600000e-01 3.295650e+00 2.135582e+00 2.526864e+00 1.014999e+01 4.397185e+03 1.601243e+04 2.05064 2.249667e-01
9.590000e-01 3.295650e+00 2.136321e+00 2.527603e+00 1.015341e+01 4.451301e+03 1.600356e+04 2.05244 2.277784e-01
9.580000e-01 3.295650e+00 2.137057e+00 2.528336e+00 1.015684e+01 4.504508e+03 1.599479e+04 2.05425 2.305448e-01
9.570000e-01 3.295650e+00 2.137790e+00 2.529062e+00 1.016027e+01 4.556833e+03 1.598613e+04 2.05605 2.332675e-01
9.560000e-01 3.295650e+00 2.138523e+00 2.529786e+00 1.016372e+01 4.608561e+03 1.597752e+04 2.05786 2.359613e-01
9.550000e-01 3.295650e+00 2.139303e+00 2.530570e+00 1.016726e+01 4.659859e+03 1.596882e+04 2.05974 2.386316e-01
9.540000e-01 3.295650e+00 2.140046e+00 2.531306e+00 1.017075e+01 4.710827e+03 1.596028e+04 2.06157 2.412885e-01
9.530000e-01 3.295650e+00 2.140792e+00 2.532047e+00 1.017425e+01 4.761351e+03 1.595178e+04 2.06341 2.439235e-01
9.520000e-01 3.295650e+00 2.141542e+00 2.532792e+00 1.017776e+01 4.811391e+03 1.594333e+04 2.06525 2.465346e-01
9.510000e-01 3.295650e+00 2.142294e+00 2.533543e+00 1.018128e+01 4.860975e+03 1.593494e+04 2.0671 2.491232e-01
9.500000e-01 3.295650e+00 2.143050e+00 2.534299e+00 1.018480e+01 4.910071e+03 1.592661e+04 2.06895 2.516874e-01
9.490000e-01 3.295650e+00 2.143807e+00 2.535058e+00 1.018833e+01 4.958653e+03 1.591834e+04 2.07081 2.542262e-01
9.480000e-01 3.295650e+00 2.144565e+00 2.535818e+00 1.019186e+01 5.006679e+03 1.591014e+04 2.07267 2.567374e-01
9.470000e-01 3.295650e+00 2.145324e+00 2.536579e+00 1.019540e+01 5.054175e+03 1.590200e+04 2.07453 2.592224e-01
9.460000e-01 3.295650e+00 2.146084e+00 2.537342e+00 1.019895e+01 5.101253e+03 1.589390e+04 2.0764 2.616870e-01
9.450000e-01 3.295650e+00 2.146847e+00 2.538108e+00 1.020252e+01 5.147942e+03 1.588583e+04 2.07828 2.641327e-01
9.440000e-01 3.295650e+00 2.147612e+00 2.538878e+00 1.020609e+01 5.194209e+03 1.587781e+04 2.08016 2.665575e-01
9.430000e-01 3.295650e+00 2.148379e+00 2.539649e+00 1.020967e+01 5.239994e+03 1.586983e+04 2.08204 2.689585e-01
9.420000e-01 3.295650e+00 2.149146e+00 2.540420e+00 1.021325e+01 5.285293e+03 1.586191e+04 2.08393 2.713356e-01
9.410000e-01 3.295650e+00 2.149913e+00 2.541192e+00 1.021684e+01 5.330167e+03 1.585403e+04 2.08581 2.736918e-01
9.400000e-01 3.295650e+00 2.150681e+00 2.541964e+00 1.022044e+01 5.374555e+03 1.584620e+04 2.08771 2.760241e-01
9.390000e-01 3.295650e+00 2.151447e+00 2.542732e+00 1.022404e+01 5.418388e+03 1.583843e+04 2.0896 2.783289e-01
9.380000e-01 3.295650e+00 2.152210e+00 2.543495e+00 1.022763e+01 5.461639e+03 1.583071e+04 2.09148 2.806050e-01
9.370000e-01 3.295650e+00 2.152972e+00 2.544255e+00 1.023124e+01 5.504461e+03 1.582304e+04 2.09337 2.828603e-01
9.360000e-01 3.295650e+00 2.153737e+00 2.545017e+00 1.023487e+01 5.547054e+03 1.581539e+04 2.09527 2.851051e-01
9.350000e-01 3.295650e+00 2.154507e+00 2.545784e+00 1.023852e+01 5.589464e+03 1.580774e+04 2.09718 2.873414e-01
9.340000e-01 3.295650e+00 2.155281e+00 2.546557e+00 1.024218e+01 5.631649e+03 1.580010e+04 2.0991 2.895670e-01
9.330000e-01 3.295650e+00 2.156058e+00 2.547335e+00 1.024586e+01 5.673562e+03 1.579249e+04 2.10103 2.917794e-01
9.320000e-01 3.295650e+00 2.156838e+00 2.548118e+00 1.024954e+01 5.715201e+03 1.578490e+04 2.10296 2.939783e-01
9.310000e-01 3.295650e+00 2.157621e+00 2.548905e+00 1.025324e+01 5.756545e+03 1.577735e+04 2.1049 2.961628e-01
9.300000e-01 3.295650e+00 2.158405e+00 2.549695e+00 1.025694e+01 5.797566e+03 1.576983e+04 2.10684 2.983314e-01
9.290000e-01 3.295650e+00 2.159191e+00 2.550486e+00 1.026065e+01 5.838228e+03 1.576234e+04 2.10879 3.004823e-01
9.280000e-01 3.295650e+00 2.159976e+00 2.551278e+00 1.026436e+01 5.878541e+03 1.575489e+04 2.11073 3.026161e-01
9.270000e-01 3.295650e+00 2.160764e+00 2.552073e+00 1.026809e+01 5.918588e+03 1.574746e+04 2.11268 3.047371e-01
9.260000e-01 3.295650e+00 2.161555e+00 2.552870e+00 1.027183e+01 5.958403e+03 1.574005e+04 2.11464 3.068471e-01
9.250000e-01 3.295650e+00 2.162348e+00 2.553672e+00 1.027558e+01 5.997963e+03 1.573266e+04 2.11661 3.089449e-01
9.240000e-01 3.295650e+00 2.163142e+00 2.554474e+00 1.027934e+01 6.037223e+03 1.572529e+04 2.11858 3.110279e-01
9.230000e-01 3.295650e+00 2.163937e+00 2.555279e+00 1.028310e+01 6.076170e+03 1.571795e+04 2.12055 3.130957e-01
9.220000e-01 3.295650e+00 2.164734e+00 2.556084e+00 1.028688e+01 6.114845e+03 1.571062e+04 2.12253 3.151505e-01
9.210000e-01 3.295650e+00 2.165531e+00 2.556889e+00 1.029066e+01 6.153181e+03 1.570332e+04 2.12451 3.171887e-01
9.200000e-01 3.295650e+00 2.166327e+00 2.557692e+00 1.029445e+01 6.191124e+03 1.569606e+04 2.12649 3.192076e-01
9.190000e-01 3.295650e+00 2.167120e+00 2.558490e+00 1.029824e+01 6.228649e+03 1.568883e+04 2.12847 3.212060e-01
9.180000e-01 3.295650e+00 2.167913e+00 2.559286e+00 1.030204e+01 6.265886e+03 1.568162e+04 2.13046 3.231907e-01
9.170000e-01 3.295650e+00 2.168708e+00 2.560084e+00 1.030585e+01 6.302978e+03 1.567441e+04 2.13245 3.251690e-01
9.160000e-01 3.295650e+00 2.169508e+00 2.560888e+00 1.030969e+01 6.339950e+03 1.566720e+04 2.13445 3.271421e-01
9.150000e-01 3.295650e+00 2.170312e+00 2.561697e+00 1.031354e+01 6.376768e+03 1.565998e+04 2.13646 3.291080e-01
9.140000e-01 3.295650e+00 2.171119e+00 2.562511e+00 1.031740e+01 6.413396e+03 1.565278e+04 2.13848 3.310647e-01
9.130000e-01 3.295650e+00 2.171928e+00 2.563328e+00 1.032128e+01 6.449817e+03 1.564559e+04 2.1405 3.330114e-01
9.120000e-01 3.295650e+00 2.172739e+00 2.564149e+00 1.032516e+01 6.486017e+03 1.563841e+04 2.14253 3.349473e-01
9.110000e-01 3.295650e+00 2.173552e+00 2.564972e+00 1.032905e+01 6.521963e+03 1.563126e+04 2.14456 3.368707e-01
9.100000e-01 3.295650e+00 2.174365e+00 2.565796e+00 1.033294e+01 6.557628e+03 1.562413e+04 2.14659 3.387803e-01
9.090000e-01 3.295650e+00 2.175179e+00 2.566621e+00 1.033684e+01 6.593040e+03 1.561702e+04 2.14862 3.406777e-01
9.080000e-01 3.295650e+00 2.175994e+00 2.567448e+00 1.034076e+01 6.628267e+03 1.560992e+04 2.15067 3.425664e-01
9.070000e-01 3.295650e+00 2.176812e+00 2.568278e+00 1.034468e+01 6.663322e+03 1.560283e+04 2.15271 3.444470e-01
9.060000e-01 3.295650e+00 2.177632e+00 2.569111e+00 1.034862e+01 6.698182e+03 1.559575e+04 2.15477 3.463182e-01
9.050000e-01 3.295650e+00 2.178453e+00 2.569946e+00 1.035256e+01 6.732812e+03 1.558868e+04 2.15682 3.481784e-01
9.040000e-01 3.295650e+00 2.179276e+00 2.570782e+00 1.035652e+01 6.767234e+03 1.558163e+04 2.15888 3.500286e-01
9.030000e-01 3.295650e+00 2.180099e+00 2.571618e+00 1.036049e+01 6.801438e+03 1.557458e+04 2.16095 3.518685e-01
9.020000e-01 3.295650e+00 2.180923e+00 2.572455e+00 1.036446e+01 6.835369e+03 1.556756e+04 2.16302 3.536950e-01
9.010000e-01 3.295650e+00 2.181745e+00 2.573288e+00 1.036844e+01 6.868985e+03 1.556056e+04 2.16509 3.555062e-01
9.000000e-01 3.295650e+00 2.182566e+00 2.574118e+00 1.037242e+01 6.902311e+03 1.555357e+04 2.16716 3.573034e-01
8.990000e-01 3.295650e+00 2.183387e+00 2.574948e+00 1.037641e+01 6.935490e+03 1.554659e+04 2.16923 3.590942e-01
8.980000e-01 3.295650e+00 2.184213e+00 2.575783e+00 1.038043e+01 6.968589e+03 1.553959e+04 2.17132 3.608818e-01
8.970000e-01 3.295650e+00 2.185043e+00 2.576623e+00 1.038447e+01 7.001602e+03 1.553259e+04 2.17341 3.626658e-01
8.960000e-01 3.295650e+00 2.185876e+00 2.577468e+00 1.038852e+01 7.034493e+03 1.552558e+04 2.17551 3.644442e-01
8.950000e-01 3.295650e+00 2.186712e+00 2.578317e+00 1.039259e+01 7.067241e+03 1.551857e+04 2.17762 3.662158e-01
8.940000e-01 3.295650e+00 2.187595e+00 2.579229e+00 1.039675e+01 7.099792e+03 1.551144e+04 2.1798 3.679723e-01
8.930000e-01 3.295650e+00 2.188392e+00 2.580027e+00 1.040076e+01 7.132244e+03 1.550457e+04 2.18186 3.697349e-01
8.920000e-01 3.295650e+00 2.189276e+00 2.580941e+00 1.040493e+01 7.164391e+03 1.549747e+04 2.18404 3.714719e-01
8.910000e-01 3.295650e+00 2.190118e+00 2.581800e+00 1.040903e+01 7.196359e+03 1.549050e+04 2.18616 3.732053e-01
8.900000e-01 3.295650e+00 2.190961e+00 2.582658e+00 1.041314e+01 7.228162e+03 1.548354e+04 2.18829 3.749311e-01
8.890000e-01 3.295650e+00 2.191806e+00 2.583520e+00 1.041726e+01 7.259825e+03 1.547658e+04 2.19043 3.766504e-01
8.880000e-01 3.295650e+00 2.192652e+00 2.584385e+00 1.042140e+01 7.291335e+03 1.546963e+04 2.19257 3.783625e-01
8.870000e-01 3.295650e+00 2.193500e+00 2.585251e+00 1.042554e+01 7.322666e+03 1.546268e+04 2.19471 3.800660e-01
8.860000e-01 3.295650e+00 2.194349e+00 2.586118e+00 1.042969e+01 7.353821e+03 1.545574e+04 2.19686 3.817612e-01
8.850000e-01 3.295650e+00 2.195200e+00 2.586987e+00 1.043386e+01 7.384812e+03 1.544880e+04 2.19902 3.834487e-01
8.840000e-01 3.295650e+00 2.196050e+00 2.587855e+00 1.043803e+01 7.415584e+03 1.544187e+04 2.20117 3.851256e-01
8.830000e-01 3.295650e+00 2.196899e+00 2.588721e+00 1.044221e+01 7.446103e+03 1.543495e+04 2.20333 3.867902e-01
8.820000e-01 3.295650e+00 2.197747e+00 2.589584e+00 1.044639e+01 7.476367e+03 1.542805e+04 2.20549 3.884425e-01
8.810000e-01 3.295650e+00 2.198595e+00 2.590446e+00 1.045058e+01 7.506495e+03 1.542115e+04 2.20765 3.900889e-01
8.800000e-01 3.295650e+00 2.199447e+00 2.591313e+00 1.045480e+01 7.536559e+03 1.541423e+04 2.20982 3.917329e-01
8.790000e-01 3.295650e+00 2.200303e+00 2.592185e+00 1.045904e+01 7.566563e+03 1.540729e+04 2.212 3.933746e-01
8.780000e-01 3.295650e+00 2.201163e+00 2.593061e+00 1.046329e+01 7.596478e+03 1.540035e+04 2.21419 3.950124e-01
8.770000e-01 3.295650e+00 2.202025e+00 2.593941e+00 1.046756e+01 7.626285e+03 1.539340e+04 2.21639 3.966451e-01
8.760000e-01 3.295650e+00 2.202890e+00 2.594826e+00 1.047185e+01 7.655980e+03 1.538644e+04 2.2186 3.982727e-01
8.750000e-01 3.295650e+00 2.203757e+00 2.595713e+00 1.047614e+01 7.685528e+03 1.537949e+04 2.22081 3.998931e-01
8.740000e-01 3.295650e+00 2.204625e+00 2.596601e+00 1.048044e+01 7.714900e+03 1.537254e+04 2.22302 4.015051e-01
8.730000e-01 3.295650e+00 2.205493e+00 2.597490e+00 1.048475e+01 7.744086e+03 1.536560e+04 2.22523 4.031080e-01
8.720000e-01 3.295650e+00 2.206362e+00 2.598380e+00 1.048907e+01 7.773136e+03 1.535866e+04 2.22745 4.047046e-01
8.710000e-01 3.295650e+00 2.207233e+00 2.599273e+00 1.049341e+01 7.802068e+03 1.535172e+04 2.22968 4.062957e-01
8.700000e-01 3.295650e+00 2.208106e+00 2.600169e+00 1.049775e+01 7.830871e+03 1.534477e+04 2.23191 4.078808e-01
8.690000e-01 3.295650e+00 2.208980e+00 2.601066e+00 1.050211e+01 7.859519e+03 1.533783e+04 2.23414 4.094585e-01
8.680000e-01 3.295650e+00 2.209856e+00 2.601965e+00 1.050647e+01 7.888025e+03 1.533088e+04 2.23638 4.110295e-01
8.670000e-01 3.295650e+00 2.210732e+00 2.602864e+00 1.051085e+01 7.916383e+03 1.532394e+04 2.23862 4.125936e-01
8.660000e-01 3.295650e+00 2.211608e+00 2.603763e+00 1.051524e+01 7.944547e+03 1.531700e+04 2.24087 4.141483e-01
8.650000e-01 3.295650e+00 2.212483e+00 2.604659e+00 1.051963e+01 7.972487e+03 1.531007e+04 2.24311 4.156922e-01
8.640000e-01 3.295650e+00 2.213356e+00 2.605553e+00 1.052402e+01 8.000218e+03 1.530314e+04 2.24536 4.172262e-01
8.630000e-01 3.295650e+00 2.214231e+00 2.606447e+00 1.052843e+01 8.027856e+03 1.529621e+04 2.24761 4.187563e-01
8.620000e-01 3.295650e+00 2.215109e+00 2.607345e+00 1.053287e+01 8.055439e+03 1.528926e+04 2.24987 4.202845e-01
8.610000e-01 3.295650e+00 2.215991e+00 2.608249e+00 1.053732e+01 8.082970e+03 1.528229e+04 2.25214 4.218107e-01
8.600000e-01 3.295650e+00 2.216876e+00 2.609156e+00 1.054180e+01 8.110421e+03 1.527530e+04 2.25442 4.233334e-01
8.590000e-01 3.295650e+00 2.217764e+00 2.610068e+00 1.054629e+01 8.137786e+03 1.526831e+04 2.25671 4.248522e-01
8.580000e-01 3.295650e+00 2.218655e+00 2.610983e+00 1.055079e+01 8.165053e+03 1.526130e+04 2.259 4.263666e-01
8.570000e-01 3.295650e+00 2.219547e+00 2.611901e+00 1.055531e+01 8.192190e+03 1.525429e+04 2.2613 4.278747e-01
8.560000e-01 3.295650e+00 2.220440e+00 2.612819e+00 1.055983e+01 8.219170e+03 1.524729e+04 2.2636 4.293752e-01
8.550000e-01 3.295650e+00 2.221333e+00 2.613738e+00 1.056436e+01 8.246005e+03 1.524028e+04 2.2659 4.308687e-01
8.540000e-01 3.295650e+00 2.222228e+00 2.614659e+00 1.056891e+01 8.272735e+03 1.523327e+04 2.26821 4.323576e-01
8.530000e-01 3.295650e+00 2.223125e+00 2.615583e+00 1.057347e+01 8.299362e+03 1.522625e+04 2.27053 4.338417e-01
8.520000e-01 3.295650e+00 2.224023e+00 2.616510e+00 1.057804e+01 8.325867e+03 1.521922e+04 2.27285 4.353200e-01
8.510000e-01 3.295650e+00 2.224922e+00 2.617437e+00 1.058263e+01 8.352242e+03 1.521219e+04 2.27517 4.367922e-01
8.500000e-01 3.295650e+00 2.225823e+00 2.618366e+00 1.058723e+01 8.378489e+03 1.520516e+04 2.2775 4.382585e-01
8.490000e-01 3.295650e+00 2.226723e+00 2.619295e+00 1.059183e+01 8.404589e+03 1.519812e+04 2.27983 4.397178e-01
8.480000e-01 3.295650e+00 2.226979e+00 2.619407e+00 1.059435e+01 8.433548e+03 1.519480e+04 2.28189 4.415306e-01
8.470000e-01 3.295650e+00 2.228550e+00 2.621184e+00 1.060111e+01 8.456153e+03 1.518399e+04 2.28454 4.426036e-01
8.460000e-01 3.295650e+00 2.229420e+00 2.622070e+00 1.060569e+01 8.481776e+03 1.517703e+04 2.28683 4.440422e-01
8.450000e-01 3.295650e+00 2.229662e+00 2.622164e+00 1.060821e+01 8.510395e+03 1.517374e+04 2.28885 4.458380e-01
8.440000e-01 3.295650e+00 2.231253e+00 2.623963e+00 1.061506e+01 8.532710e+03 1.516283e+04 2.29158 4.469007e-01
8.430000e-01 3.295650e+00 2.232132e+00 2.624860e+00 1.061970e+01 8.558182e+03 1.515581e+04 2.29389 4.483340e-01
8.420000e-01 3.295650e+00 2.232381e+00 2.624966e+00 1.062226e+01 8.586627e+03 1.515252e+04 2.29593 4.501244e-01
8.410000e-01 3.295650e+00 2.233983e+00 2.626778e+00 1.062920e+01 8.608722e+03 1.514151e+04 2.29869 4.511759e-01
8.400000e-01 3.295650e+00 2.234913e+00 2.627746e+00 1.063397e+01 8.633891e+03 1.513432e+04 2.30107 4.525879e-01
8.390000e-01 3.295650e+00 2.235830e+00 2.628694e+00 1.063873e+01 8.658923e+03 1.512718e+04 2.30346 4.539985e-01
8.380000e-01 3.295650e+00 2.236746e+00 2.629641e+00 1.064349e+01 8.683816e+03 1.512004e+04 2.30585 4.554026e-01
8.370000e-01 3.295650e+00 2.237664e+00 2.630590e+00 1.064827e+01 8.708609e+03 1.511289e+04 2.30824 4.568021e-01
8.360000e-01 3.295650e+00 2.238583e+00 2.631542e+00 1.065306e+01 8.733316e+03 1.510573e+04 2.31064 4.581977e-01
8.350000e-01 3.295650e+00 2.239504e+00 2.632496e+00 1.065786e+01 8.757913e+03 1.509855e+04 2.31305 4.595883e-01
8.340000e-01 3.295650e+00 2.240426e+00 2.633451e+00 1.066268e+01 8.782406e+03 1.509137e+04 2.31546 4.609739e-01
8.330000e-01 3.295650e+00 2.240631e+00 2.633505e+00 1.066524e+01 8.810024e+03 1.508820e+04 2.3174 4.627259e-01
8.320000e-01 3.295650e+00 2.242256e+00 2.635340e+00 1.067232e+01 8.831006e+03 1.507705e+04 2.32028 4.637331e-01
8.310000e-01 3.295650e+00 2.242459e+00 2.635395e+00 1.067490e+01 8.858383e+03 1.507386e+04 2.32219 4.654677e-01
8.300000e-01 3.295650e+00 2.244099e+00 2.637247e+00 1.068202e+01 8.878973e+03 1.506266e+04 2.32512 4.664562e-01
8.290000e-01 3.295650e+00 2.244285e+00 2.637281e+00 1.068459e+01 8.906076e+03 1.505950e+04 2.32697 4.681753e-01
8.280000e-01 3.295650e+00 2.245941e+00 2.639150e+00 1.069177e+01 8.926422e+03 1.504824e+04 2.32996 4.691555e-01
8.270000e-01 3.295650e+00 2.246132e+00 2.639191e+00 1.069437e+01 8.953447e+03 1.504506e+04 2.33183 4.708738e-01
8.260000e-01 3.295650e+00 2.247795e+00 2.641068e+00 1.070161e+01 8.973681e+03 1.503372e+04 2.33484 4.718481e-01
8.250000e-01 3.295650e+00 2.247988e+00 2.641113e+00 1.070423e+01 9.000594e+03 1.503054e+04 2.33672 4.735630e-01
8.240000e-01 3.295650e+00 2.249660e+00 2.643001e+00 1.071153e+01 9.020682e+03 1.501912e+04 2.33976 4.745296e-01
8.230000e-01 3.295650e+00 2.249853e+00 2.643048e+00 1.071417e+01 9.047459e+03 1.501594e+04 2.34164 4.762388e-01
8.220000e-01 3.295650e+00 2.251532e+00 2.644943e+00 1.072151e+01 9.067321e+03 1.500447e+04 2.34469 4.771944e-01
8.210000e-01 3.295650e+00 2.251717e+00 2.644982e+00 1.072415e+01 9.093893e+03 1.500130e+04 2.34654 4.788924e-01
8.200000e-01 3.295650e+00 2.253407e+00 2.646891e+00 1.073154e+01 9.113515e+03 1.498978e+04 2.34964 4.798380e-01
8.190000e-01 3.295650e+00 2.253589e+00 2.646927e+00 1.073420e+01 9.139940e+03 1.498661e+04 2.35148 4.815295e-01
8.180000e-01 3.295650e+00 2.255331e+00 2.648907e+00 1.074172e+01 9.159334e+03 1.497489e+04 2.35465 4.824556e-01
8.170000e-01 3.295650e+00 2.255480e+00 2.648900e+00 1.074434e+01 9.185616e+03 1.497180e+04 2.35645 4.841449e-01
8.160000e-01 3.295650e+00 2.257217e+00 2.650869e+00 1.075188e+01 9.204773e+03 1.496008e+04 2.35964 4.850643e-01
8.150000e-01 3.295650e+00 2.257356e+00 2.650852e+00 1.075449e+01 9.230860e+03 1.495701e+04 2.36141 4.867436e-01
8.140000e-01 3.295650e+00 2.259102e+00 2.652831e+00 1.076207e+01 9.249705e+03 1.494524e+04 2.36463 4.876489e-01
8.130000e-01 3.295650e+00 2.259220e+00 2.652785e+00 1.076468e+01 9.275516e+03 1.494220e+04 2.36634 4.893125e-01
8.120000e-01 3.295650e+00 2.260982e+00 2.654782e+00 1.077229e+01 9.294027e+03 1.493039e+04 2.36963 4.902045e-01
8.110000e-01 3.295650e+00 2.261095e+00 2.654731e+00 1.077491e+01 9.319706e+03 1.492734e+04 2.37133 4.918635e-01
8.100000e-01 3.295650e+00 2.262870e+00 2.656742e+00 1.078260e+01 9.338101e+03 1.491543e+04 2.37465 4.927505e-01
8.090000e-01 3.295650e+00 2.262984e+00 2.656695e+00 1.078525e+01 9.363692e+03 1.491238e+04 2.37637 4.944078e-01
8.080000e-01 3.295650e+00 2.264768e+00 2.658717e+00 1.079300e+01 9.381954e+03 1.490038e+04 2.37971 4.952874e-01
8.070000e-01 3.295650e+00 2.264882e+00 2.658671e+00 1.079567e+01 9.407438e+03 1.489732e+04 2.38143 4.969413e-01
8.060000e-01 3.295650e+00 2.266675e+00 2.660703e+00 1.080348e+01 9.425526e+03 1.488524e+04 2.38479 4.978116e-01
8.050000e-01 3.295650e+00 2.266781e+00 2.660650e+00 1.080615e+01 9.450838e+03 1.488218e+04 2.38649 4.994571e-01
8.040000e-01 3.295650e+00 2.268584e+00 2.662694e+00 1.081401e+01 9.468680e+03 1.487005e+04 2.38989 5.003161e-01
8.030000e-01 3.295650e+00 2.268684e+00 2.662634e+00 1.081669e+01 9.493845e+03 1.486699e+04 2.39157 5.019549e-01
8.020000e-01 3.295650e+00 2.270498e+00 2.664692e+00 1.082460e+01 9.511508e+03 1.485479e+04 2.395 5.028056e-01
8.010000e-01 3.295650e+00 2.270593e+00 2.664627e+00 1.082730e+01 9.536535e+03 1.485173e+04 2.39667 5.044385e-01
8.000000e-01 3.295650e+00 2.272417e+00 2.666696e+00 1.083527e+01 9.553974e+03 1.483945e+04 2.40013 5.052785e-01
7.990000e-01 3.295650e+00 2.272500e+00 2.666618e+00 1.083797e+01 9.578830e+03 1.483640e+04 2.40178 5.069030e-01
7.980000e-01 3.295650e+00 2.274337e+00 2.668702e+00 1.084598e+01 9.596007e+03 1.482407e+04 2.40528 5.077308e-01
7.970000e-01 3.295650e+00 2.274399e+00 2.668598e+00 1.084867e+01 9.620621e+03 1.482104e+04 2.40687 5.093422e-01
7.960000e-01 3.295650e+00 2.276250e+00 2.670697e+00 1.085672e+01 9.637447e+03 1.480865e+04 2.41042 5.101545e-01
7.950000e-01 3.295650e+00 2.276300e+00 2.670578e+00 1.085942e+01 9.661889e+03 1.480563e+04 2.41198 5.117583e-01
7.940000e-01 3.295650e+00 2.278167e+00 2.672695e+00 1.086754e+01 9.678570e+03 1.479315e+04 2.41558 5.125648e-01
7.930000e-01 3.295650e+00 2.278217e+00 2.672579e+00 1.087026e+01 9.702939e+03 1.479012e+04 2.41716 5.141683e-01
7.920000e-01 3.295650e+00 2.280093e+00 2.674707e+00 1.087846e+01 9.719486e+03 1.477754e+04 2.42077 5.149670e-01
7.910000e-01 3.295650e+00 2.280142e+00 2.674591e+00 1.088120e+01 9.743761e+03 1.477449e+04 2.42235 5.165681e-01
7.900000e-01 3.295650e+00 2.282028e+00 2.676730e+00 1.088946e+01 9.760152e+03 1.476182e+04 2.42599 5.173582e-01
7.890000e-01 3.295650e+00 2.282069e+00 2.676607e+00 1.089222e+01 9.784285e+03 1.475877e+04 2.42756 5.189531e-01
7.880000e-01 3.295650e+00 2.283965e+00 2.678758e+00 1.090053e+01 9.800444e+03 1.474602e+04 2.43123 5.197316e-01
7.870000e-01 3.295650e+00 2.283997e+00 2.678625e+00 1.090329e+01 9.824428e+03 1.474298e+04 2.43277 5.213200e-01
7.860000e-01 3.295650e+00 2.285907e+00 2.680792e+00 1.091167e+01 9.840407e+03 1.473015e+04 2.43648 5.220900e-01
7.850000e-01 3.295650e+00 2.285932e+00 2.680654e+00 1.091444e+01 9.864273e+03 1.472710e+04 2.43801 5.236741e-01
7.840000e-01 3.295650e+00 2.287852e+00 2.682833e+00 1.092288e+01 9.880046e+03 1.471419e+04 2.44174 5.244336e-01
7.830000e-01 3.295650e+00 2.287865e+00 2.682680e+00 1.092566e+01 9.903751e+03 1.471114e+04 2.44325 5.260103e-01
7.820000e-01 3.295650e+00 2.289798e+00 2.684875e+00 1.093415e+01 9.919274e+03 1.469816e+04 2.44702 5.267577e-01
7.810000e-01 3.295650e+00 2.289792e+00 2.684700e+00 1.093692e+01 9.942768e+03 1.469513e+04 2.44848 5.283236e-01
7.800000e-01 3.295650e+00 2.291738e+00 2.686908e+00 1.094546e+01 9.957953e+03 1.468210e+04 2.4523 5.290554e-01
7.790000e-01 3.295650e+00 2.291714e+00 2.686711e+00 1.094823e+01 9.981264e+03 1.467908e+04 2.45373 5.306131e-01
7.780000e-01 3.295650e+00 2.293721e+00 2.689000e+00 1.095693e+01 9.996249e+03 1.466582e+04 2.45764 5.313265e-01
7.770000e-01 3.295650e+00 2.293670e+00 2.688768e+00 1.095967e+01 1.001951e+04 1.466286e+04 2.45904 5.328907e-01
7.760000e-01 3.295650e+00 2.295671e+00 2.691045e+00 1.096842e+01 1.003437e+04 1.464954e+04 2.46296 5.336007e-01
7.750000e-01 3.295650e+00 2.295617e+00 2.690811e+00 1.097118e+01 1.005755e+04 1.464656e+04 2.46437 5.351632e-01
7.740000e-01 3.295650e+00 2.297628e+00 2.693102e+00 1.098000e+01 1.007225e+04 1.463314e+04 2.46831 5.358643e-01
7.730000e-01 3.295650e+00 2.297565e+00 2.692859e+00 1.098277e+01 1.009530e+04 1.463016e+04 2.4697 5.374221e-01
7.720000e-01 3.295650e+00 2.299587e+00 2.695163e+00 1.099165e+01 1.010978e+04 1.461665e+04 2.47368 5.381112e-01
7.710000e-01 3.295650e+00 2.299513e+00 2.694908e+00 1.099443e+01 1.013269e+04 1.461368e+04 2.47504 5.396634e-01
7.700000e-01 3.295650e+00 2.301550e+00 2.697229e+00 1.100338e+01 1.014699e+04 1.460008e+04 2.47906 5.403437e-01
7.690000e-01 3.295650e+00 2.301466e+00 2.696965e+00 1.100617e+01 1.016979e+04 1.459710e+04 2.48041 5.418925e-01
7.680000e-01 3.295650e+00 2.303515e+00 2.699301e+00 1.101519e+01 1.018389e+04 1.458340e+04 2.48445 5.425618e-01
7.670000e-01 3.295650e+00 2.303417e+00 2.699021e+00 1.101799e+01 1.020653e+04 1.458042e+04 2.48577 5.441042e-01
7.660000e-01 3.295650e+00 2.305480e+00 2.701373e+00 1.102706e+01 1.022038e+04 1.456664e+04 2.48986 5.447609e-01
7.650000e-01 3.295650e+00 2.305360e+00 2.701066e+00 1.102985e+01 1.024283e+04 1.456368e+04 2.49113 5.462935e-01
7.640000e-01 3.295650e+00 2.307437e+00 2.703433e+00 1.103898e+01 1.025635e+04 1.454983e+04 2.49525 5.469343e-01
7.630000e-01 3.295650e+00 2.307299e+00 2.703105e+00 1.104176e+01 1.027864e+04 1.454688e+04 2.49649 5.484604e-01
7.620000e-01 3.295650e+00 2.309395e+00 2.705494e+00 1.105098e+01 1.029200e+04 1.453292e+04 2.50067 5.490939e-01
7.610000e-01 3.295650e+00 2.309251e+00 2.705161e+00 1.105379e+01 1.031421e+04 1.452995e+04 2.50191 5.506201e-01
7.600000e-01 3.295650e+00 2.311359e+00 2.707565e+00 1.106308e+01 1.032744e+04 1.451587e+04 2.5061 5.512445e-01
7.590000e-01 3.295650e+00 2.311209e+00 2.707227e+00 1.106591e+01 1.034956e+04 1.451288e+04 2.50734 5.527697e-01
7.580000e-01 3.295650e+00 2.313328e+00 2.709644e+00 1.107529e+01 1.036262e+04 1.449868e+04 2.51156 5.533839e-01
7.570000e-01 3.295650e+00 2.313168e+00 2.709296e+00 1.107813e+01 1.038462e+04 1.449569e+04 2.51278 5.549045e-01
7.560000e-01 3.295650e+00 2.315299e+00 2.711726e+00 1.108757e+01 1.039746e+04 1.448140e+04 2.51704 5.555067e-01
7.550000e-01 3.295650e+00 2.315124e+00 2.711362e+00 1.109042e+01 1.041933e+04 1.447840e+04 2.51823 5.570233e-01
7.540000e-01 3.295650e+00 2.317272e+00 2.713813e+00 1.109994e+01 1.043200e+04 1.446400e+04 2.52252 5.576159e-01
7.530000e-01 3.295650e+00 2.317086e+00 2.713438e+00 1.110280e+01 1.045377e+04 1.446099e+04 2.52369 5.591294e-01
7.520000e-01 3.295650e+00 2.319246e+00 2.715903e+00 1.111240e+01 1.046622e+04 1.444648e+04 2.52801 5.597100e-01
7.510000e-01 3.295650e+00 2.319042e+00 2.715508e+00 1.111526e+01 1.048784e+04 1.444348e+04 2.52916 5.612178e-01
7.500000e-01 3.295650e+00 2.321217e+00 2.717991e+00 1.112492e+01 1.050003e+04 1.442887e+04 2.53351 5.617847e-01
7.490000e-01 3.295650e+00 2.320987e+00 2.717564e+00 1.112777e+01 1.052145e+04 1.442589e+04 2.5346 5.632828e-01
7.480000e-01 3.295650e+00 2.323218e+00 2.720120e+00 1.113758e+01 1.053330e+04 1.441108e+04 2.53904 5.638223e-01
7.470000e-01 3.295650e+00 2.322949e+00 2.719641e+00 1.114038e+01 1.055462e+04 1.440816e+04 2.54008 5.653235e-01
7.460000e-01 3.295650e+00 2.325182e+00 2.722197e+00 1.115025e+01 1.056634e+04 1.439327e+04 2.54455 5.658603e-01
7.450000e-01 3.295650e+00 2.324904e+00 2.721710e+00 1.115307e+01 1.058758e+04 1.439034e+04 2.54558 5.673616e-01
7.440000e-01 3.295650e+00 2.327149e+00 2.724279e+00 1.116303e+01 1.059915e+04 1.437530e+04 2.55007 5.678879e-01
7.430000e-01 3.295650e+00 2.326863e+00 2.723785e+00 1.116587e+01 1.062031e+04 1.437235e+04 2.55109 5.693884e-01
7.420000e-01 3.295650e+00 2.329120e+00 2.726370e+00 1.117592e+01 1.063170e+04 1.435719e+04 2.55561 5.699033e-01
7.410000e-01 3.295650e+00 2.328815e+00 2.725855e+00 1.117876e+01 1.065272e+04 1.435424e+04 2.5566 5.713993e-01
7.400000e-01 3.295650e+00 2.331088e+00 2.728457e+00 1.118889e+01 1.066389e+04 1.433896e+04 2.56115 5.719013e-01
7.390000e-01 3.295650e+00 2.330770e+00 2.727928e+00 1.119174e+01 1.068482e+04 1.433600e+04 2.56211 5.733950e-01
7.380000e-01 3.295650e+00 2.333058e+00 2.730549e+00 1.120195e+01 1.069582e+04 1.432058e+04 2.5667 5.738867e-01
7.370000e-01 3.295650e+00 2.332722e+00 2.730001e+00 1.120481e+01 1.071663e+04 1.431761e+04 2.56763 5.753773e-01
7.360000e-01 3.295650e+00 2.335025e+00 2.732639e+00 1.121510e+01 1.072740e+04 1.430208e+04 2.57226 5.758548e-01
7.350000e-01 3.295650e+00 2.334667e+00 2.732065e+00 1.121796e+01 1.074806e+04 1.429911e+04 2.57314 5.773398e-01
7.340000e-01 3.295650e+00 2.336986e+00 2.734721e+00 1.122832e+01 1.075856e+04 1.428348e+04 2.5778 5.778017e-01
7.330000e-01 3.295650e+00 2.336597e+00 2.734110e+00 1.123115e+01 1.077901e+04 1.428053e+04 2.57863 5.792775e-01
7.320000e-01 3.295650e+00 2.338936e+00 2.736789e+00 1.124159e+01 1.078925e+04 1.426479e+04 2.58334 5.797261e-01
7.310000e-01 3.295650e+00 2.338534e+00 2.736163e+00 1.124444e+01 1.080963e+04 1.426182e+04 2.58415 5.812024e-01
7.300000e-01 3.295650e+00 2.340888e+00 2.738861e+00 1.125499e+01 1.081972e+04 1.424592e+04 2.58889 5.816407e-01
7.290000e-01 3.295650e+00 2.340475e+00 2.738224e+00 1.125785e+01 1.084001e+04 1.424294e+04 2.58968 5.831169e-01
7.280000e-01 3.295650e+00 2.342843e+00 2.740938e+00 1.126850e+01 1.084995e+04 1.422688e+04 2.59445 5.835441e-01
7.270000e-01 3.295650e+00 2.342413e+00 2.740283e+00 1.127138e+01 1.087014e+04 1.422388e+04 2.59522 5.850186e-01
7.260000e-01 3.295650e+00 2.344796e+00 2.743015e+00 1.128212e+01 1.087986e+04 1.420769e+04 2.60001 5.854318e-01
7.250000e-01 3.295650e+00 2.344347e+00 2.742339e+00 1.128500e+01 1.089993e+04 1.420468e+04 2.60075 5.869025e-01
7.240000e-01 3.295650e+00 2.344459e+00 2.742254e+00 1.128890e+01 1.091800e+04 1.420004e+04 2.60307 5.883429e-01
7.230000e-01 3.295650e+00 2.347751e+00 2.746173e+00 1.130279e+01 1.092413e+04 1.417853e+04 2.6084 5.882260e-01
7.220000e-01 3.295650e+00 2.347254e+00 2.745439e+00 1.130564e+01 1.094407e+04 1.417556e+04 2.60907 5.896994e-01
7.210000e-01 3.295650e+00 2.347335e+00 2.745316e+00 1.130955e+01 1.096195e+04 1.417091e+04 2.61133 5.911357e-01
7.200000e-01 3.295650e+00 2.350667e+00 2.749282e+00 1.132362e+01 1.096767e+04 1.414914e+04 2.61675 5.909916e-01
7.190000e-01 3.295650e+00 2.350130e+00 2.748500e+00 1.132645e+01 1.098737e+04 1.414617e+04 2.61733 5.924559e-01
7.180000e-01 3.295650e+00 2.350175e+00 2.748332e+00 1.133036e+01 1.100497e+04 1.414152e+04 2.61953 5.938801e-01
7.170000e-01 3.295650e+00 2.353559e+00 2.752360e+00 1.134459e+01 1.101021e+04 1.411952e+04 2.62506 5.937065e-01
7.160000e-01 3.295650e+00 2.352990e+00 2.751541e+00 1.134743e+01 1.102972e+04 1.411654e+04 2.62559 5.951674e-01
7.150000e-01 3.295650e+00 2.353023e+00 2.751361e+00 1.135137e+01 1.104716e+04 1.411184e+04 2.62779 5.965901e-01
7.140000e-01 3.295650e+00 2.356446e+00 2.755436e+00 1.136583e+01 1.105212e+04 1.408950e+04 2.63339 5.963926e-01
7.130000e-01 3.295650e+00 2.355853e+00 2.754593e+00 1.136870e+01 1.107151e+04 1.408649e+04 2.63389 5.978541e-01
7.120000e-01 3.295650e+00 2.355862e+00 2.754386e+00 1.137266e+01 1.108881e+04 1.408176e+04 2.63605 5.992746e-01
7.110000e-01 3.295650e+00 2.359330e+00 2.758516e+00 1.138735e+01 1.109339e+04 1.405908e+04 2.64172 5.990479e-01
7.100000e-01 3.295650e+00 2.358703e+00 2.757635e+00 1.139022e+01 1.111260e+04 1.405607e+04 2.64217 6.005052e-01
7.090000e-01 3.295650e+00 2.358691e+00 2.757404e+00 1.139421e+01 1.112971e+04 1.405130e+04 2.6443 6.019212e-01
7.080000e-01 3.295650e+00 2.362205e+00 2.761590e+00 1.140912e+01 1.113394e+04 1.402831e+04 2.65006 6.016676e-01
7.070000e-01 3.295650e+00 2.361547e+00 2.760676e+00 1.141200e+01 1.115301e+04 1.402527e+04 2.65045 6.031235e-01
7.060000e-01 3.295650e+00 2.361504e+00 2.760410e+00 1.141601e+01 1.116993e+04 1.402048e+04 2.65253 6.045342e-01
7.050000e-01 3.295650e+00 2.365102e+00 2.764707e+00 1.143122e+01 1.117367e+04 1.399706e+04 2.65842 6.042366e-01
7.040000e-01 3.295650e+00 2.364380e+00 2.763712e+00 1.143404e+01 1.119251e+04 1.399410e+04 2.6587 6.056901e-01
7.030000e-01 3.295650e+00 2.364293e+00 2.763390e+00 1.143802e+01 1.120916e+04 1.398932e+04 2.6607 6.070920e-01
7.020000e-01 3.295650e+00 2.367936e+00 2.767739e+00 1.145340e+01 1.121244e+04 1.396569e+04 2.6667 6.067673e-01
7.010000e-01 3.295650e+00 2.367178e+00 2.766704e+00 1.145623e+01 1.123112e+04 1.396271e+04 2.66693 6.082192e-01
7.000000e-01 3.295650e+00 2.367074e+00 2.766364e+00 1.146025e+01 1.124762e+04 1.395789e+04 2.66892 6.096207e-01
6.990000e-01 3.295650e+00 2.370760e+00 2.770765e+00 1.147589e+01 1.125058e+04 1.393387e+04 2.67499 6.092679e-01
6.980000e-01 3.295650e+00 2.369971e+00 2.769697e+00 1.147873e+01 1.126913e+04 1.393087e+04 2.67517 6.107210e-01
6.970000e-01 3.295650e+00 2.369838e+00 2.769323e+00 1.148277e+01 1.128548e+04 1.392600e+04 2.67711 6.121204e-01
6.960000e-01 3.295650e+00 2.373573e+00 2.773785e+00 1.149867e+01 1.128805e+04 1.390161e+04 2.68325 6.117339e-01
6.950000e-01 3.295650e+00 2.372744e+00 2.772671e+00 1.150151e+01 1.130643e+04 1.389859e+04 2.68337 6.131840e-01
6.940000e-01 3.295650e+00 2.372583e+00 2.772266e+00 1.150557e+01 1.132261e+04 1.389368e+04 2.68527 6.145804e-01
6.930000e-01 3.295650e+00 2.376367e+00 2.776788e+00 1.152172e+01 1.132480e+04 1.386892e+04 2.69149 6.141619e-01
6.920000e-01 3.295650e+00 2.375498e+00 2.775630e+00 1.152456e+01 1.134303e+04 1.386587e+04 2.69153 6.156108e-01
6.910000e-01 3.295650e+00 2.375300e+00 2.775182e+00 1.152864e+01 1.135901e+04 1.386093e+04 2.69337 6.170013e-01
6.900000e-01 3.295650e+00 2.379170e+00 2.779814e+00 1.154509e+01 1.136069e+04 1.383570e+04 2.69971 6.165344e-01
6.890000e-01 3.295650e+00 2.378230e+00 2.778566e+00 1.154787e+01 1.137870e+04 1.383272e+04 2.69962 6.179808e-01
6.880000e-01 3.295650e+00 2.377985e+00 2.778058e+00 1.155192e+01 1.139442e+04 1.382778e+04 2.70137 6.193631e-01
6.870000e-01 3.295650e+00 2.381904e+00 2.782748e+00 1.156858e+01 1.139566e+04 1.380228e+04 2.70782 6.188669e-01
6.860000e-01 3.295650e+00 2.380922e+00 2.781453e+00 1.157136e+01 1.141353e+04 1.379927e+04 2.70767 6.203141e-01
6.850000e-01 3.295650e+00 2.380654e+00 2.780919e+00 1.157545e+01 1.142911e+04 1.379427e+04 2.70939 6.216970e-01
6.840000e-01 3.295650e+00 2.384619e+00 2.785665e+00 1.159240e+01 1.143001e+04 1.376831e+04 2.71589 6.211659e-01
6.830000e-01 3.295650e+00 2.385517e+00 2.786627e+00 1.160041e+01 1.144130e+04 1.375684e+04 2.71856 6.219230e-01
6.820000e-01 3.295650e+00 2.386415e+00 2.787594e+00 1.160846e+01 1.145251e+04 1.374535e+04 2.72123 6.226752e-01
6.810000e-01 3.295650e+00 2.387309e+00 2.788555e+00 1.161653e+01 1.146363e+04 1.373380e+04 2.7239 6.234227e-01
6.800000e-01 3.295650e+00 2.388201e+00 2.789516e+00 1.162464e+01 1.147467e+04 1.372220e+04 2.72656 6.241667e-01
6.790000e-01 3.295650e+00 2.389091e+00 2.790475e+00 1.163279e+01 1.148565e+04 1.371054e+04 2.72921 6.249065e-01
6.780000e-01 3.295650e+00 2.389977e+00 2.791429e+00 1.164096e+01 1.149652e+04 1.369883e+04 2.73186 6.256408e-01
6.770000e-01 3.295650e+00 2.390859e+00 2.792381e+00 1.164917e+01 1.150730e+04 1.368708e+04 2.7345 6.263698e-01
6.760000e-01 3.295650e+00 2.391772e+00 2.793378e+00 1.165749e+01 1.151793e+04 1.367517e+04 2.73717 6.270811e-01
6.750000e-01 3.295650e+00 2.392611e+00 2.794270e+00 1.166565e+01 1.152852e+04 1.366346e+04 2.73975 6.278093e-01
6.740000e-01 3.295650e+00 2.393513e+00 2.795252e+00 1.167400e+01 1.153890e+04 1.365150e+04 2.7424 6.285082e-01
6.730000e-01 3.295650e+00 2.394378e+00 2.796184e+00 1.168232e+01 1.154926e+04 1.363958e+04 2.745 6.292147e-01
6.720000e-01 3.295650e+00 2.395240e+00 2.797112e+00 1.169067e+01 1.155955e+04 1.362759e+04 2.7476 6.299178e-01
6.710000e-01 3.295650e+00 2.396099e+00 2.798039e+00 1.169907e+01 1.156976e+04 1.361554e+04 2.75019 6.306168e-01
6.700000e-01 3.295650e+00 2.396956e+00 2.798964e+00 1.170751e+01 1.157991e+04 1.360342e+04 2.75278 6.313117e-01
6.690000e-01 3.295650e+00 2.397808e+00 2.799884e+00 1.171599e+01 1.158996e+04 1.359123e+04 2.75536 6.320014e-01
6.680000e-01 3.295650e+00 2.398657e+00 2.800800e+00 1.172449e+01 1.159993e+04 1.357899e+04 2.75792 6.326857e-01
6.670000e-01 3.295650e+00 2.399501e+00 2.801712e+00 1.173303e+01 1.160981e+04 1.356670e+04 2.76047 6.333647e-01
6.660000e-01 3.295650e+00 2.400341e+00 2.802618e+00 1.174162e+01 1.161961e+04 1.355433e+04 2.76301 6.340392e-01
6.650000e-01 3.295650e+00 2.401177e+00 2.803523e+00 1.175024e+01 1.162934e+04 1.354190e+04 2.76555 6.347090e-01
6.640000e-01 3.295650e+00 2.402008e+00 2.804422e+00 1.175890e+01 1.163897e+04 1.352940e+04 2.76806 6.353729e-01
6.630000e-01 3.295650e+00 2.402835e+00 2.805315e+00 1.176759e+01 1.164849e+04 1.351686e+04 2.77057 6.360311e-01
6.620000e-01 3.295650e+00 2.403656e+00 2.806203e+00 1.177630e+01 1.165792e+04 1.350427e+04 2.77306 6.366833e-01
6.610000e-01 3.295650e+00 2.404470e+00 2.807081e+00 1.178504e+01 1.166722e+04 1.349164e+04 2.77554 6.373280e-01
6.600000e-01 3.295650e+00 2.405278e+00 2.807952e+00 1.179379e+01 1.167640e+04 1.347897e+04 2.778 6.379661e-01
6.590000e-01 3.295650e+00 2.406080e+00 2.808817e+00 1.180259e+01 1.168551e+04 1.346623e+04 2.78044 6.386001e-01
6.580000e-01 3.295650e+00 2.406879e+00 2.809678e+00 1.181143e+01 1.169454e+04 1.345341e+04 2.78288 6.392296e-01
6.570000e-01 3.295650e+00 2.407674e+00 2.810537e+00 1.182033e+01 1.170350e+04 1.344052e+04 2.78531 6.398545e-01
6.560000e-01 3.295650e+00 2.408498e+00 2.811439e+00 1.182935e+01 1.171232e+04 1.342743e+04 2.78776 6.404625e-01
6.550000e-01 3.295650e+00 2.409286e+00 2.812291e+00 1.183834e+01 1.172111e+04 1.341439e+04 2.79017 6.410769e-01
6.540000e-01 3.295650e+00 2.410067e+00 2.813137e+00 1.184736e+01 1.172980e+04 1.340130e+04 2.79256 6.416858e-01
6.530000e-01 3.295650e+00 2.410844e+00 2.813978e+00 1.185641e+01 1.173840e+04 1.338815e+04 2.79494 6.422894e-01
6.520000e-01 3.295650e+00 2.411616e+00 2.814814e+00 1.186552e+01 1.174691e+04 1.337491e+04 2.79731 6.428883e-01
6.510000e-01 3.295650e+00 2.412383e+00 2.815646e+00 1.187467e+01 1.175534e+04 1.336162e+04 2.79967 6.434821e-01
6.500000e-01 3.295650e+00 2.413145e+00 2.816474e+00 1.188386e+01 1.176368e+04 1.334826e+04 2.80201 6.440699e-01
6.490000e-01 3.295650e+00 2.413900e+00 2.817293e+00 1.189309e+01 1.177190e+04 1.333485e+04 2.80434 6.446515e-01
6.480000e-01 3.295650e+00 2.414650e+00 2.818106e+00 1.190234e+01 1.178001e+04 1.332139e+04 2.80664 6.452267e-01
6.470000e-01 3.295650e+00 2.415391e+00 2.818909e+00 1.191162e+01 1.178800e+04 1.330789e+04 2.80893 6.457944e-01
6.460000e-01 3.295650e+00 2.416125e+00 2.819703e+00 1.192092e+01 1.179587e+04 1.329435e+04 2.81121 6.463556e-01
6.450000e-01 3.295650e+00 2.416853e+00 2.820492e+00 1.193028e+01 1.180367e+04 1.328072e+04 2.81346 6.469122e-01
6.440000e-01 3.295650e+00 2.417576e+00 2.821275e+00 1.193968e+01 1.181139e+04 1.326701e+04 2.81571 6.474637e-01
6.430000e-01 3.295650e+00 2.418294e+00 2.822053e+00 1.194914e+01 1.181902e+04 1.325321e+04 2.81793 6.480096e-01
6.420000e-01 3.295650e+00 2.419006e+00 2.822826e+00 1.195865e+01 1.182658e+04 1.323933e+04 2.82014 6.485502e-01
6.410000e-01 3.295650e+00 2.419711e+00 2.823590e+00 1.196821e+01 1.183402e+04 1.322537e+04 2.82233 6.490842e-01
6.400000e-01 3.295650e+00 2.420440e+00 2.824392e+00 1.197789e+01 1.184133e+04 1.321123e+04 2.82453 6.495998e-01
6.390000e-01 3.295650e+00 2.421132e+00 2.825145e+00 1.198753e+01 1.184859e+04 1.319713e+04 2.82668 6.501206e-01
6.380000e-01 3.295650e+00 2.421817e+00 2.825888e+00 1.199722e+01 1.185576e+04 1.318294e+04 2.82881 6.506362e-01
6.370000e-01 3.295650e+00 2.422495e+00 2.826625e+00 1.200696e+01 1.186285e+04 1.316867e+04 2.83092 6.511457e-01
6.360000e-01 3.295650e+00 2.423166e+00 2.827355e+00 1.201674e+01 1.186982e+04 1.315434e+04 2.83301 6.516486e-01
6.350000e-01 3.295650e+00 2.423830e+00 2.828077e+00 1.202656e+01 1.187669e+04 1.313996e+04 2.83508 6.521447e-01
6.340000e-01 3.295650e+00 2.424485e+00 2.828790e+00 1.203640e+01 1.188344e+04 1.312552e+04 2.83713 6.526335e-01
6.330000e-01 3.295650e+00 2.425132e+00 2.829491e+00 1.204627e+01 1.189006e+04 1.311105e+04 2.83915 6.531147e-01
6.320000e-01 3.295650e+00 2.425770e+00 2.830183e+00 1.205618e+01 1.189658e+04 1.309650e+04 2.84116 6.535897e-01
6.310000e-01 3.295650e+00 2.426401e+00 2.830868e+00 1.206616e+01 1.190302e+04 1.308186e+04 2.84314 6.540592e-01
6.300000e-01 3.295650e+00 2.427025e+00 2.831544e+00 1.207619e+01 1.190937e+04 1.306712e+04 2.8451 6.545225e-01
6.290000e-01 3.295650e+00 2.427642e+00 2.832215e+00 1.208628e+01 1.191563e+04 1.305229e+04 2.84703 6.549796e-01
6.280000e-01 3.295650e+00 2.428250e+00 2.832877e+00 1.209642e+01 1.192180e+04 1.303737e+04 2.84894 6.554299e-01
6.270000e-01 3.295650e+00 2.428850e+00 2.833528e+00 1.210660e+01 1.192787e+04 1.302237e+04 2.85083 6.558727e-01
6.260000e-01 3.295650e+00 2.429441e+00 2.834169e+00 1.211683e+01 1.193383e+04 1.300729e+04 2.85268 6.563081e-01
6.250000e-01 3.295650e+00 2.430052e+00 2.834843e+00 1.212721e+01 1.193965e+04 1.299199e+04 2.85454 6.567251e-01
6.240000e-01 3.295650e+00 2.430627e+00 2.835469e+00 1.213755e+01 1.194542e+04 1.297672e+04 2.85634 6.571467e-01
6.230000e-01 3.295650e+00 2.431193e+00 2.836086e+00 1.214795e+01 1.195109e+04 1.296137e+04 2.85812 6.575618e-01
6.220000e-01 3.295650e+00 2.431751e+00 2.836692e+00 1.215838e+01 1.195665e+04 1.294596e+04 2.85987 6.579694e-01
6.210000e-01 3.295650e+00 2.432300e+00 2.837290e+00 1.216886e+01 1.196209e+04 1.293050e+04 2.86161 6.583701e-01
6.200000e-01 3.295650e+00 2.432839e+00 2.837877e+00 1.217936e+01 1.196741e+04 1.291499e+04 2.86331 6.587630e-01
6.190000e-01 3.295650e+00 2.433369e+00 2.838451e+00 1.218990e+01 1.197260e+04 1.289943e+04 2.86499 6.591487e-01
6.180000e-01 3.295650e+00 2.433890e+00 2.839018e+00 1.220051e+01 1.197771e+04 1.288377e+04 2.86665 6.595285e-01
6.170000e-01 3.295650e+00 2.434402e+00 2.839574e+00 1.221119e+01 1.198271e+04 1.286800e+04 2.86828 6.599012e-01
6.160000e-01 3.295650e+00 2.434905e+00 2.840121e+00 1.222193e+01 1.198763e+04 1.285213e+04 2.86987 6.602669e-01
6.150000e-01 3.295650e+00 2.435399e+00 2.840659e+00 1.223273e+01 1.199245e+04 1.283616e+04 2.87144 6.606252e-01
6.140000e-01 3.295650e+00 2.435883e+00 2.841186e+00 1.224359e+01 1.199716e+04 1.282010e+04 2.87298 6.609759e-01
6.130000e-01 3.295650e+00 2.436358e+00 2.841703e+00 1.225449e+01 1.200176e+04 1.280397e+04 2.87449 6.613192e-01
6.120000e-01 3.295650e+00 2.436851e+00 2.842251e+00 1.226555e+01 1.200621e+04 1.278762e+04 2.876 6.616439e-01
6.110000e-01 3.295650e+00 2.437309e+00 2.842752e+00 1.227659e+01 1.201060e+04 1.277129e+04 2.87746 6.619727e-01
6.100000e-01 3.295650e+00 2.437756e+00 2.843241e+00 1.228768e+01 1.201490e+04 1.275488e+04 2.87888 6.622942e-01
6.090000e-01 3.295650e+00 2.438193e+00 2.843718e+00 1.229882e+01 1.201907e+04 1.273839e+04 2.88028 6.626077e-01
6.080000e-01 3.295650e+00 2.438617e+00 2.844182e+00 1.231001e+01 1.202314e+04 1.272183e+04 2.88163 6.629125e-01
6.070000e-01 3.295650e+00 2.439030e+00 2.844631e+00 1.232123e+01 1.202707e+04 1.270522e+04 2.88295 6.632081e-01
6.060000e-01 3.295650e+00 2.439430e+00 2.845064e+00 1.233248e+01 1.203088e+04 1.268854e+04 2.88423 6.634950e-01
6.050000e-01 3.295650e+00 2.439817e+00 2.845484e+00 1.234381e+01 1.203459e+04 1.267174e+04 2.88547 6.637743e-01
6.040000e-01 3.295650e+00 2.440195e+00 2.845893e+00 1.235521e+01 1.203820e+04 1.265483e+04 2.88668 6.640457e-01
6.030000e-01 3.295650e+00 2.440562e+00 2.846291e+00 1.236668e+01 1.204171e+04 1.263781e+04 2.88785 6.643093e-01
6.020000e-01 3.295650e+00 2.440918e+00 2.846679e+00 1.237822e+01 1.204512e+04 1.262068e+04 2.88899 6.645649e-01
6.010000e-01 3.295650e+00 2.441263e+00 2.847054e+00 1.238983e+01 1.204840e+04 1.260346e+04 2.89009 6.648124e-01
6.000000e-01 3.295650e+00 2.441599e+00 2.847420e+00 1.240150e+01 1.205158e+04 1.258617e+04 2.89117 6.650523e-01
5.990000e-01 3.295650e+00 2.441950e+00 2.847813e+00 1.241332e+01 1.205460e+04 1.256865e+04 2.89223 6.652728e-01
5.980000e-01 3.295650e+00 2.442264e+00 2.848156e+00 1.242514e+01 1.205756e+04 1.255114e+04 2.89324 6.654962e-01
5.970000e-01 3.295650e+00 2.442567e+00 2.848488e+00 1.243702e+01 1.206041e+04 1.253354e+04 2.89421 6.657120e-01
5.960000e-01 3.295650e+00 2.442859e+00 2.848808e+00 1.244895e+01 1.206314e+04 1.251587e+04 2.89515 6.659196e-01
5.950000e-01 3.295650e+00 2.443139e+00 2.849114e+00 1.246094e+01 1.206575e+04 1.249812e+04 2.89605 6.661184e-01
5.940000e-01 3.295650e+00 2.443408e+00 2.849407e+00 1.247296e+01 1.206823e+04 1.248034e+04 2.89692 6.663088e-01
5.930000e-01 3.295650e+00 2.443665e+00 2.849686e+00 1.248503e+01 1.207058e+04 1.246248e+04 2.89776 6.664911e-01
5.920000e-01 3.295650e+00 2.443907e+00 2.849949e+00 1.249719e+01 1.207283e+04 1.244451e+04 2.89855 6.666648e-01
5.910000e-01 3.295650e+00 2.444136e+00 2.850197e+00 1.250943e+01 1.207497e+04 1.242640e+04 2.89929 6.668290e-01
5.900000e-01 3.295650e+00 2.444353e+00 2.850433e+00 1.252175e+01 1.207701e+04 1.240817e+04 2.89999 6.669845e-01
5.890000e-01 3.295650e+00 2.444557e+00 2.850656e+00 1.253415e+01 1.207893e+04 1.238983e+04 2.90065 6.671306e-01
5.880000e-01 3.295650e+00 2.444746e+00 2.850860e+00 1.254661e+01 1.208073e+04 1.237138e+04 2.90126 6.672667e-01
5.870000e-01 3.295650e+00 2.444949e+00 2.851089e+00 1.255923e+01 1.208235e+04 1.235273e+04 2.90185 6.673820e-01
5.860000e-01 3.295650e+00 2.445115e+00 2.851270e+00 1.257185e+01 1.208393e+04 1.233407e+04 2.90238 6.675001e-01
5.850000e-01 3.295650e+00 2.445267e+00 2.851435e+00 1.258456e+01 1.208538e+04 1.231529e+04 2.90287 6.676094e-01
5.840000e-01 3.295650e+00 2.445408e+00 2.851590e+00 1.259733e+01 1.208672e+04 1.229644e+04 2.90332 6.677106e-01
5.830000e-01 3.295650e+00 2.445538e+00 2.851733e+00 1.261017e+01 1.208794e+04 1.227752e+04 2.90374 6.678037e-01
5.820000e-01 3.295650e+00 2.445656e+00 2.851862e+00 1.262306e+01 1.208902e+04 1.225853e+04 2.90413 6.678877e-01
5.810000e-01 3.295650e+00 2.445762e+00 2.851977e+00 1.263600e+01 1.208998e+04 1.223950e+04 2.90448 6.679634e-01
5.800000e-01 3.295650e+00 2.445857e+00 2.852080e+00 1.264900e+01 1.209082e+04 1.222039e+04 2.9048 6.680315e-01
5.790000e-01 3.295650e+00 2.445935e+00 2.852165e+00 1.266211e+01 1.209155e+04 1.220114e+04 2.90506 6.680898e-01
5.780000e-01 3.295650e+00 2.446000e+00 2.852233e+00 1.267531e+01 1.209215e+04 1.218176e+04 2.90528 6.681382e-01
5.770000e-01 3.295650e+00 2.446051e+00 2.852288e+00 1.268860e+01 1.209264e+04 1.216226e+04 2.90545 6.681769e-01
5.760000e-01 3.295650e+00 2.446086e+00 2.852325e+00 1.270197e+01 1.209301e+04 1.214263e+04 2.90557 6.682048e-01
5.750000e-01 3.295650e+00 2.446131e+00 2.852381e+00 1.271551e+01 1.209320e+04 1.212279e+04 2.90566 6.682108e-01
5.740000e-01 3.295650e+00 2.446139e+00 2.852390e+00 1.272904e+01 1.209333e+04 1.210295e+04 2.90568 6.682184e-01
5.730000e-01 3.295650e+00 2.446131e+00 2.852380e+00 1.274268e+01 1.209333e+04 1.208299e+04 2.90565 6.682166e-01
5.735559e-01 3.295650e+00 2.446551e+00 2.852916e+00 1.273680e+01 1.209177e+04 1.209159e+04 2.90591 6.679598e-01
