1.000000e+00 3.312040e+00 2.105459e+00 2.497255e+00 1.000294e+01 0.000000e+00 1.671297e+04 0 0.000000e+00
9.990000e-01 3.312040e+00 2.107396e+00 2.498865e+00 1.001271e+01 6.934686e+02 1.659689e+04 1.97827 3.514847e-02
9.980000e-01 3.312040e+00 2.107540e+00 2.498737e+00 1.001420e+01 9.794225e+02 1.655609e+04 2.0784 5.214778e-02
9.970000e-01 3.312040e+00 2.108670e+00 2.499990e+00 1.001899e+01 1.196269e+03 1.652287e+04 1.98305 6.070620e-02
9.960000e-01 3.312040e+00 2.108831e+00 2.499880e+00 1.002062e+01 1.383750e+03 1.649688e+04 2.02645 7.174590e-02
9.950000e-01 3.312040e+00 2.109956e+00 2.501108e+00 1.002539e+01 1.545311e+03 1.647113e+04 1.98629 7.845095e-02
9.940000e-01 3.312040e+00 2.110227e+00 2.501164e+00 1.002713e+01 1.697913e+03 1.645044e+04 2.0164 8.748239e-02
9.930000e-01 3.312040e+00 2.111308e+00 2.502365e+00 1.003178e+01 1.834951e+03 1.642822e+04 1.98959 9.319041e-02
9.920000e-01 3.312040e+00 2.111972e+00 2.502997e+00 1.003491e+01 1.964703e+03 1.640908e+04 1.9912 9.979809e-02
9.910000e-01 3.312040e+00 2.112670e+00 2.503681e+00 1.003809e+01 2.086574e+03 1.639102e+04 1.99286 1.060070e-01
9.900000e-01 3.312040e+00 2.113375e+00 2.504381e+00 1.004128e+01 2.201850e+03 1.637391e+04 1.99453 1.118828e-01
9.890000e-01 3.312040e+00 2.114083e+00 2.505090e+00 1.004446e+01 2.311238e+03 1.635764e+04 1.99621 1.174613e-01
9.880000e-01 3.312040e+00 2.114791e+00 2.505801e+00 1.004764e+01 2.415343e+03 1.634213e+04 1.9979 1.227733e-01
9.870000e-01 3.312040e+00 2.115498e+00 2.506510e+00 1.005082e+01 2.514699e+03 1.632727e+04 1.99958 1.278459e-01
9.860000e-01 3.312040e+00 2.116203e+00 2.507217e+00 1.005401e+01 2.610027e+03 1.631297e+04 2.00127 1.327160e-01
9.850000e-01 3.312040e+00 2.116910e+00 2.507925e+00 1.005721e+01 2.702029e+03 1.629913e+04 2.00297 1.374189e-01
9.840000e-01 3.312040e+00 2.117620e+00 2.508637e+00 1.006043e+01 2.791060e+03 1.628570e+04 2.00467 1.419725e-01
9.830000e-01 3.312040e+00 2.118332e+00 2.509353e+00 1.006365e+01 2.877299e+03 1.627266e+04 2.00639 1.463857e-01
9.820000e-01 3.312040e+00 2.119044e+00 2.510067e+00 1.006687e+01 2.960800e+03 1.625998e+04 2.0081 1.506614e-01
9.810000e-01 3.312040e+00 2.119755e+00 2.510780e+00 1.007010e+01 3.041844e+03 1.624763e+04 2.00982 1.548137e-01
9.800000e-01 3.312040e+00 2.120466e+00 2.511492e+00 1.007335e+01 3.120665e+03 1.623557e+04 2.01154 1.588546e-01
9.790000e-01 3.312040e+00 2.121176e+00 2.512199e+00 1.007659e+01 3.197274e+03 1.622381e+04 2.01326 1.627845e-01
9.780000e-01 3.312040e+00 2.121882e+00 2.512899e+00 1.007984e+01 3.271672e+03 1.621233e+04 2.01498 1.666035e-01
9.770000e-01 3.312040e+00 2.122584e+00 2.513588e+00 1.008310e+01 3.343942e+03 1.620113e+04 2.01669 1.703160e-01
9.760000e-01 3.312040e+00 2.123282e+00 2.514267e+00 1.008637e+01 3.414504e+03 1.619014e+04 2.01841 1.739434e-01
9.750000e-01 3.312040e+00 2.123983e+00 2.514948e+00 1.008966e+01 3.483899e+03 1.617929e+04 2.02013 1.775131e-01
9.740000e-01 3.312040e+00 2.124690e+00 2.515637e+00 1.009297e+01 3.552274e+03 1.616857e+04 2.02187 1.810321e-01
9.730000e-01 3.312040e+00 2.125403e+00 2.516335e+00 1.009630e+01 3.619616e+03 1.615799e+04 2.02362 1.844996e-01
9.720000e-01 3.312040e+00 2.126120e+00 2.517040e+00 1.009963e+01 3.685907e+03 1.614756e+04 2.02537 1.879144e-01
9.710000e-01 3.312040e+00 2.126842e+00 2.517754e+00 1.010298e+01 3.751196e+03 1.613727e+04 2.02713 1.912791e-01
9.700000e-01 3.312040e+00 2.127569e+00 2.518474e+00 1.010633e+01 3.815502e+03 1.612711e+04 2.02889 1.945947e-01
9.690000e-01 3.312040e+00 2.128298e+00 2.519201e+00 1.010969e+01 3.878739e+03 1.611709e+04 2.03066 1.978568e-01
9.680000e-01 3.312040e+00 2.129028e+00 2.519929e+00 1.011305e+01 3.940863e+03 1.610721e+04 2.03244 2.010632e-01
9.670000e-01 3.312040e+00 2.129758e+00 2.520658e+00 1.011642e+01 4.001859e+03 1.609748e+04 2.03421 2.042131e-01
9.660000e-01 3.312040e+00 2.130489e+00 2.521387e+00 1.011979e+01 4.061865e+03 1.608787e+04 2.03598 2.073138e-01
9.650000e-01 3.312040e+00 2.131222e+00 2.522119e+00 1.012316e+01 4.121036e+03 1.607837e+04 2.03776 2.103730e-01
9.640000e-01 3.312040e+00 2.131957e+00 2.522854e+00 1.012655e+01 4.179384e+03 1.606897e+04 2.03955 2.133913e-01
9.630000e-01 3.312040e+00 2.132693e+00 2.523592e+00 1.012994e+01 4.236875e+03 1.605968e+04 2.04134 2.163670e-01
9.620000e-01 3.312040e+00 2.133430e+00 2.524330e+00 1.013334e+01 4.293470e+03 1.605051e+04 2.04313 2.192981e-01
9.610000e-01 3.312040e+00 2.134167e+00 2.525068e+00 1.013675e+01 4.349268e+03 1.604144e+04 2.04492 2.221896e-01
9.600000e-01 3.312040e+00 2.134906e+00 2.525807e+00 1.014016e+01 4.404315e+03 1.603246e+04 2.04672 2.250440e-01
9.590000e-01 3.312040e+00 2.135643e+00 2.526544e+00 1.014358e+01 4.458525e+03 1.602358e+04 2.04852 2.278568e-01
9.580000e-01 3.312040e+00 2.136379e+00 2.527276e+00 1.014700e+01 4.511826e+03 1.601480e+04 2.05032 2.306245e-01
9.570000e-01 3.312040e+00 2.137111e+00 2.528001e+00 1.015043e+01 4.564240e+03 1.600612e+04 2.05212 2.333482e-01
9.560000e-01 3.312040e+00 2.137843e+00 2.528722e+00 1.015387e+01 4.616045e+03 1.599750e+04 2.05392 2.360423e-01
9.550000e-01 3.312040e+00 2.138622e+00 2.529505e+00 1.015741e+01 4.667418e+03 1.598879e+04 2.0558 2.387130e-01
9.540000e-01 3.312040e+00 2.139364e+00 2.530239e+00 1.016089e+01 4.718463e+03 1.598023e+04 2.05762 2.413703e-01
9.530000e-01 3.312040e+00 2.140109e+00 2.530978e+00 1.016438e+01 4.769064e+03 1.597171e+04 2.05945 2.440059e-01
9.520000e-01 3.312040e+00 2.140858e+00 2.531722e+00 1.016789e+01 4.819182e+03 1.596325e+04 2.06129 2.466175e-01
9.510000e-01 3.312040e+00 2.141610e+00 2.532471e+00 1.017140e+01 4.868842e+03 1.595485e+04 2.06313 2.492066e-01
9.500000e-01 3.312040e+00 2.142364e+00 2.533224e+00 1.017491e+01 4.918014e+03 1.594651e+04 2.06498 2.517714e-01
9.490000e-01 3.312040e+00 2.143120e+00 2.533982e+00 1.017844e+01 4.966673e+03 1.593823e+04 2.06683 2.543109e-01
9.480000e-01 3.312040e+00 2.143878e+00 2.534740e+00 1.018197e+01 5.014778e+03 1.593001e+04 2.06869 2.568228e-01
9.470000e-01 3.312040e+00 2.144635e+00 2.535499e+00 1.018550e+01 5.062349e+03 1.592185e+04 2.07054 2.593084e-01
9.460000e-01 3.312040e+00 2.145394e+00 2.536260e+00 1.018904e+01 5.109499e+03 1.591374e+04 2.0724 2.617734e-01
9.450000e-01 3.312040e+00 2.146157e+00 2.537024e+00 1.019260e+01 5.156261e+03 1.590566e+04 2.07427 2.642196e-01
9.440000e-01 3.312040e+00 2.146921e+00 2.537792e+00 1.019617e+01 5.202602e+03 1.589763e+04 2.07614 2.666450e-01
9.430000e-01 3.312040e+00 2.147686e+00 2.538562e+00 1.019974e+01 5.248463e+03 1.588964e+04 2.07802 2.690467e-01
9.420000e-01 3.312040e+00 2.148452e+00 2.539331e+00 1.020331e+01 5.293835e+03 1.588171e+04 2.0799 2.714244e-01
9.410000e-01 3.312040e+00 2.149219e+00 2.540102e+00 1.020690e+01 5.338782e+03 1.587381e+04 2.08178 2.737813e-01
9.400000e-01 3.312040e+00 2.149986e+00 2.540872e+00 1.021049e+01 5.383245e+03 1.586597e+04 2.08367 2.761143e-01
9.390000e-01 3.312040e+00 2.150751e+00 2.541638e+00 1.021408e+01 5.427155e+03 1.585818e+04 2.08555 2.784200e-01
9.380000e-01 3.312040e+00 2.151513e+00 2.542400e+00 1.021768e+01 5.470480e+03 1.585046e+04 2.08743 2.806968e-01
9.370000e-01 3.312040e+00 2.152275e+00 2.543158e+00 1.022128e+01 5.513368e+03 1.584278e+04 2.08932 2.829525e-01
9.360000e-01 3.312040e+00 2.153038e+00 2.543917e+00 1.022490e+01 5.556024e+03 1.583511e+04 2.09121 2.851976e-01
9.350000e-01 3.312040e+00 2.153807e+00 2.544683e+00 1.022854e+01 5.598497e+03 1.582745e+04 2.09312 2.874342e-01
9.340000e-01 3.312040e+00 2.154579e+00 2.545454e+00 1.023220e+01 5.640745e+03 1.581980e+04 2.09503 2.896600e-01
9.330000e-01 3.312040e+00 2.155356e+00 2.546230e+00 1.023587e+01 5.682722e+03 1.581218e+04 2.09695 2.918728e-01
9.320000e-01 3.312040e+00 2.156135e+00 2.547011e+00 1.023955e+01 5.724424e+03 1.580458e+04 2.09887 2.940720e-01
9.310000e-01 3.312040e+00 2.156916e+00 2.547796e+00 1.024324e+01 5.765832e+03 1.579702e+04 2.10081 2.962569e-01
9.300000e-01 3.312040e+00 2.157700e+00 2.548584e+00 1.024693e+01 5.806918e+03 1.578948e+04 2.10274 2.984259e-01
9.290000e-01 3.312040e+00 2.158484e+00 2.549374e+00 1.025064e+01 5.847645e+03 1.578199e+04 2.10468 3.005773e-01
9.280000e-01 3.312040e+00 2.159269e+00 2.550164e+00 1.025434e+01 5.888021e+03 1.577452e+04 2.10662 3.027115e-01
9.270000e-01 3.312040e+00 2.160056e+00 2.550956e+00 1.025806e+01 5.928129e+03 1.576709e+04 2.10856 3.048328e-01
9.260000e-01 3.312040e+00 2.160845e+00 2.551752e+00 1.026179e+01 5.968005e+03 1.575967e+04 2.11052 3.069431e-01
9.250000e-01 3.312040e+00 2.161637e+00 2.552551e+00 1.026554e+01 6.007627e+03 1.575226e+04 2.11248 3.090412e-01
9.240000e-01 3.312040e+00 2.162430e+00 2.553353e+00 1.026929e+01 6.046949e+03 1.574488e+04 2.11444 3.111247e-01
9.230000e-01 3.312040e+00 2.163225e+00 2.554155e+00 1.027305e+01 6.085959e+03 1.573753e+04 2.11641 3.131930e-01
9.220000e-01 3.312040e+00 2.164020e+00 2.554958e+00 1.027682e+01 6.124696e+03 1.573019e+04 2.11838 3.152482e-01
9.210000e-01 3.312040e+00 2.164816e+00 2.555762e+00 1.028060e+01 6.163094e+03 1.572288e+04 2.12035 3.172868e-01
9.200000e-01 3.312040e+00 2.165611e+00 2.556563e+00 1.028438e+01 6.201103e+03 1.571560e+04 2.12233 3.193063e-01
9.190000e-01 3.312040e+00 2.166403e+00 2.557359e+00 1.028816e+01 6.238690e+03 1.570836e+04 2.1243 3.213052e-01
9.180000e-01 3.312040e+00 2.167195e+00 2.558153e+00 1.029195e+01 6.275984e+03 1.570115e+04 2.12628 3.232902e-01
9.170000e-01 3.312040e+00 2.167989e+00 2.558950e+00 1.029576e+01 6.313130e+03 1.569393e+04 2.12826 3.252687e-01
9.160000e-01 3.312040e+00 2.168788e+00 2.559752e+00 1.029959e+01 6.350157e+03 1.568670e+04 2.13025 3.272419e-01
9.150000e-01 3.312040e+00 2.169591e+00 2.560558e+00 1.030344e+01 6.387030e+03 1.567948e+04 2.13226 3.292079e-01
9.140000e-01 3.312040e+00 2.170396e+00 2.561370e+00 1.030729e+01 6.423713e+03 1.567226e+04 2.13427 3.311649e-01
9.130000e-01 3.312040e+00 2.171205e+00 2.562186e+00 1.031116e+01 6.460189e+03 1.566506e+04 2.13628 3.331118e-01
9.120000e-01 3.312040e+00 2.172015e+00 2.563005e+00 1.031504e+01 6.496445e+03 1.565788e+04 2.1383 3.350480e-01
9.110000e-01 3.312040e+00 2.172827e+00 2.563826e+00 1.031892e+01 6.532449e+03 1.565071e+04 2.14033 3.369717e-01
9.100000e-01 3.312040e+00 2.173639e+00 2.564648e+00 1.032281e+01 6.568170e+03 1.564357e+04 2.14235 3.388817e-01
9.090000e-01 3.312040e+00 2.174451e+00 2.565471e+00 1.032670e+01 6.603637e+03 1.563645e+04 2.14438 3.407793e-01
9.080000e-01 3.312040e+00 2.175265e+00 2.566296e+00 1.033061e+01 6.638917e+03 1.562935e+04 2.14642 3.426681e-01
9.070000e-01 3.312040e+00 2.176082e+00 2.567124e+00 1.033453e+01 6.674025e+03 1.562225e+04 2.14846 3.445489e-01
9.060000e-01 3.312040e+00 2.176901e+00 2.567955e+00 1.033846e+01 6.708938e+03 1.561516e+04 2.1505 3.464204e-01
9.050000e-01 3.312040e+00 2.177721e+00 2.568788e+00 1.034240e+01 6.743623e+03 1.560808e+04 2.15255 3.482808e-01
9.040000e-01 3.312040e+00 2.178543e+00 2.569622e+00 1.034635e+01 6.778098e+03 1.560101e+04 2.15461 3.501313e-01
9.030000e-01 3.312040e+00 2.179365e+00 2.570457e+00 1.035031e+01 6.812357e+03 1.559396e+04 2.15667 3.519715e-01
9.020000e-01 3.312040e+00 2.180188e+00 2.571291e+00 1.035427e+01 6.846343e+03 1.558692e+04 2.15873 3.537984e-01
9.010000e-01 3.312040e+00 2.181009e+00 2.572123e+00 1.035824e+01 6.880015e+03 1.557991e+04 2.16079 3.556100e-01
9.000000e-01 3.312040e+00 2.181829e+00 2.572951e+00 1.036222e+01 6.913392e+03 1.557292e+04 2.16285 3.574074e-01
8.990000e-01 3.312040e+00 2.182649e+00 2.573779e+00 1.036621e+01 6.946620e+03 1.556593e+04 2.16492 3.591983e-01
8.980000e-01 3.312040e+00 2.183473e+00 2.574612e+00 1.037022e+01 6.979766e+03 1.555892e+04 2.16699 3.609859e-01
8.970000e-01 3.312040e+00 2.184302e+00 2.575450e+00 1.037425e+01 7.012826e+03 1.555191e+04 2.16908 3.627699e-01
8.960000e-01 3.312040e+00 2.185134e+00 2.576293e+00 1.037830e+01 7.045767e+03 1.554489e+04 2.17118 3.645483e-01
8.950000e-01 3.312040e+00 2.186013e+00 2.577199e+00 1.038244e+01 7.078518e+03 1.553774e+04 2.17334 3.663123e-01
8.940000e-01 3.312040e+00 2.186852e+00 2.578051e+00 1.038652e+01 7.111162e+03 1.553073e+04 2.17545 3.680764e-01
8.930000e-01 3.312040e+00 2.187691e+00 2.578905e+00 1.039060e+01 7.143619e+03 1.552372e+04 2.17756 3.698316e-01
8.920000e-01 3.312040e+00 2.188531e+00 2.579760e+00 1.039468e+01 7.175860e+03 1.551673e+04 2.17968 3.715763e-01
8.910000e-01 3.312040e+00 2.189371e+00 2.580615e+00 1.039878e+01 7.207877e+03 1.550976e+04 2.18179 3.733101e-01
8.900000e-01 3.312040e+00 2.190212e+00 2.581472e+00 1.040288e+01 7.239727e+03 1.550279e+04 2.18392 3.750359e-01
8.890000e-01 3.312040e+00 2.191056e+00 2.582331e+00 1.040699e+01 7.271437e+03 1.549583e+04 2.18604 3.767553e-01
8.880000e-01 3.312040e+00 2.191901e+00 2.583194e+00 1.041112e+01 7.302995e+03 1.548886e+04 2.18818 3.784676e-01
8.870000e-01 3.312040e+00 2.192748e+00 2.584058e+00 1.041526e+01 7.334374e+03 1.548190e+04 2.19031 3.801712e-01
8.860000e-01 3.312040e+00 2.193596e+00 2.584923e+00 1.041940e+01 7.365576e+03 1.547495e+04 2.19246 3.818666e-01
8.850000e-01 3.312040e+00 2.194446e+00 2.585790e+00 1.042356e+01 7.396614e+03 1.546800e+04 2.1946 3.835542e-01
8.840000e-01 3.312040e+00 2.195295e+00 2.586657e+00 1.042773e+01 7.427436e+03 1.546106e+04 2.19675 3.852313e-01
8.830000e-01 3.312040e+00 2.196143e+00 2.587521e+00 1.043190e+01 7.458003e+03 1.545414e+04 2.1989 3.868961e-01
8.820000e-01 3.312040e+00 2.196990e+00 2.588382e+00 1.043607e+01 7.488315e+03 1.544723e+04 2.20105 3.885486e-01
8.810000e-01 3.312040e+00 2.197837e+00 2.589242e+00 1.044026e+01 7.518486e+03 1.544032e+04 2.2032 3.901949e-01
8.800000e-01 3.312040e+00 2.198687e+00 2.590107e+00 1.044447e+01 7.548591e+03 1.543339e+04 2.20537 3.918388e-01
8.790000e-01 3.312040e+00 2.199542e+00 2.590976e+00 1.044870e+01 7.578638e+03 1.542645e+04 2.20754 3.934805e-01
8.780000e-01 3.312040e+00 2.200400e+00 2.591850e+00 1.045295e+01 7.608596e+03 1.541949e+04 2.20973 3.951182e-01
8.770000e-01 3.312040e+00 2.201262e+00 2.592729e+00 1.045721e+01 7.638446e+03 1.541253e+04 2.21192 3.967509e-01
8.760000e-01 3.312040e+00 2.202125e+00 2.593611e+00 1.046149e+01 7.668183e+03 1.540557e+04 2.21412 3.983785e-01
8.750000e-01 3.312040e+00 2.202991e+00 2.594496e+00 1.046578e+01 7.697775e+03 1.539860e+04 2.21632 3.999990e-01
8.740000e-01 3.312040e+00 2.203858e+00 2.595383e+00 1.047007e+01 7.727191e+03 1.539165e+04 2.21852 4.016110e-01
8.730000e-01 3.312040e+00 2.204724e+00 2.596269e+00 1.047438e+01 7.756421e+03 1.538470e+04 2.22073 4.032139e-01
8.720000e-01 3.312040e+00 2.205592e+00 2.597157e+00 1.047869e+01 7.785513e+03 1.537775e+04 2.22294 4.048105e-01
8.710000e-01 3.312040e+00 2.206462e+00 2.598048e+00 1.048301e+01 7.814487e+03 1.537080e+04 2.22516 4.064015e-01
8.700000e-01 3.312040e+00 2.207334e+00 2.598942e+00 1.048735e+01 7.843333e+03 1.536384e+04 2.22738 4.079867e-01
8.690000e-01 3.312040e+00 2.208207e+00 2.599837e+00 1.049170e+01 7.872023e+03 1.535689e+04 2.22961 4.095644e-01
8.680000e-01 3.312040e+00 2.209081e+00 2.600734e+00 1.049606e+01 7.900572e+03 1.534994e+04 2.23184 4.111355e-01
8.670000e-01 3.312040e+00 2.209956e+00 2.601631e+00 1.050043e+01 7.928972e+03 1.534298e+04 2.23407 4.126996e-01
8.660000e-01 3.312040e+00 2.210831e+00 2.602528e+00 1.050481e+01 7.957179e+03 1.533603e+04 2.23631 4.142544e-01
8.650000e-01 3.312040e+00 2.211705e+00 2.603423e+00 1.050920e+01 7.985164e+03 1.532909e+04 2.23855 4.157985e-01
8.640000e-01 3.312040e+00 2.212577e+00 2.604314e+00 1.051358e+01 8.012936e+03 1.532216e+04 2.24078 4.173324e-01
8.630000e-01 3.312040e+00 2.213450e+00 2.605207e+00 1.051799e+01 8.040612e+03 1.531522e+04 2.24303 4.188623e-01
8.620000e-01 3.312040e+00 2.214327e+00 2.606103e+00 1.052241e+01 8.068233e+03 1.530826e+04 2.24528 4.203904e-01
8.610000e-01 3.312040e+00 2.215208e+00 2.607004e+00 1.052686e+01 8.095802e+03 1.530128e+04 2.24754 4.219165e-01
8.600000e-01 3.312040e+00 2.216092e+00 2.607909e+00 1.053133e+01 8.123292e+03 1.529429e+04 2.24982 4.234391e-01
8.590000e-01 3.312040e+00 2.216979e+00 2.608819e+00 1.053581e+01 8.150694e+03 1.528728e+04 2.2521 4.249577e-01
8.580000e-01 3.312040e+00 2.217868e+00 2.609731e+00 1.054031e+01 8.178000e+03 1.528027e+04 2.25438 4.264720e-01
8.570000e-01 3.312040e+00 2.218759e+00 2.610647e+00 1.054482e+01 8.205176e+03 1.527325e+04 2.25667 4.279801e-01
8.560000e-01 3.312040e+00 2.219650e+00 2.611563e+00 1.054934e+01 8.232196e+03 1.526623e+04 2.25897 4.294805e-01
8.550000e-01 3.312040e+00 2.220542e+00 2.612481e+00 1.055386e+01 8.259069e+03 1.525922e+04 2.26126 4.309740e-01
8.540000e-01 3.312040e+00 2.221436e+00 2.613400e+00 1.055840e+01 8.285837e+03 1.525220e+04 2.26356 4.324627e-01
8.530000e-01 3.312040e+00 2.222331e+00 2.614322e+00 1.056296e+01 8.312502e+03 1.524517e+04 2.26587 4.339467e-01
8.520000e-01 3.312040e+00 2.223228e+00 2.615246e+00 1.056752e+01 8.339045e+03 1.523814e+04 2.26818 4.354250e-01
8.510000e-01 3.312040e+00 2.224126e+00 2.616171e+00 1.057210e+01 8.365458e+03 1.523110e+04 2.2705 4.368971e-01
8.500000e-01 3.312040e+00 2.225025e+00 2.617098e+00 1.057669e+01 8.391743e+03 1.522405e+04 2.27282 4.383633e-01
8.490000e-01 3.312040e+00 2.225925e+00 2.618025e+00 1.058129e+01 8.417882e+03 1.521701e+04 2.27514 4.398226e-01
8.480000e-01 3.312040e+00 2.226183e+00 2.618140e+00 1.058380e+01 8.446881e+03 1.521368e+04 2.2772 4.416353e-01
8.470000e-01 3.312040e+00 2.227749e+00 2.619909e+00 1.059056e+01 8.469523e+03 1.520285e+04 2.27984 4.427084e-01
8.460000e-01 3.312040e+00 2.228618e+00 2.620794e+00 1.059513e+01 8.495181e+03 1.519589e+04 2.28212 4.441468e-01
8.450000e-01 3.312040e+00 2.228862e+00 2.620891e+00 1.059764e+01 8.523837e+03 1.519260e+04 2.28414 4.459422e-01
8.440000e-01 3.312040e+00 2.230448e+00 2.622682e+00 1.060449e+01 8.546184e+03 1.518167e+04 2.28685 4.470049e-01
8.430000e-01 3.312040e+00 2.231325e+00 2.623578e+00 1.060912e+01 8.571690e+03 1.517465e+04 2.28915 4.484380e-01
8.420000e-01 3.312040e+00 2.231578e+00 2.623687e+00 1.061167e+01 8.600172e+03 1.517134e+04 2.29119 4.502279e-01
8.410000e-01 3.312040e+00 2.233174e+00 2.625491e+00 1.061860e+01 8.622299e+03 1.516032e+04 2.29393 4.512794e-01
8.400000e-01 3.312040e+00 2.234103e+00 2.626457e+00 1.062337e+01 8.647503e+03 1.515312e+04 2.29631 4.526913e-01
8.390000e-01 3.312040e+00 2.235019e+00 2.627402e+00 1.062811e+01 8.672571e+03 1.514598e+04 2.29869 4.541017e-01
8.380000e-01 3.312040e+00 2.235933e+00 2.628347e+00 1.063287e+01 8.697498e+03 1.513882e+04 2.30107 4.555056e-01
8.370000e-01 3.312040e+00 2.236850e+00 2.629294e+00 1.063764e+01 8.722325e+03 1.513167e+04 2.30346 4.569049e-01
8.360000e-01 3.312040e+00 2.237768e+00 2.630244e+00 1.064242e+01 8.747066e+03 1.512449e+04 2.30585 4.583004e-01
8.350000e-01 3.312040e+00 2.238687e+00 2.631196e+00 1.064722e+01 8.771697e+03 1.511731e+04 2.30824 4.596908e-01
8.340000e-01 3.312040e+00 2.239608e+00 2.632149e+00 1.065203e+01 8.796224e+03 1.511012e+04 2.31065 4.610763e-01
8.330000e-01 3.312040e+00 2.240529e+00 2.633103e+00 1.065686e+01 8.820618e+03 1.510292e+04 2.31305 4.624556e-01
8.320000e-01 3.312040e+00 2.241452e+00 2.634059e+00 1.066169e+01 8.844906e+03 1.509572e+04 2.31546 4.638299e-01
8.310000e-01 3.312040e+00 2.241647e+00 2.634101e+00 1.066425e+01 8.872312e+03 1.509256e+04 2.31736 4.655676e-01
8.300000e-01 3.312040e+00 2.243275e+00 2.635937e+00 1.067134e+01 8.892930e+03 1.508137e+04 2.32027 4.665580e-01
8.290000e-01 3.312040e+00 2.243464e+00 2.635974e+00 1.067391e+01 8.920069e+03 1.507821e+04 2.32212 4.682767e-01
8.280000e-01 3.312040e+00 2.245114e+00 2.637835e+00 1.068108e+01 8.940442e+03 1.506694e+04 2.3251 4.692569e-01
8.270000e-01 3.312040e+00 2.245308e+00 2.637879e+00 1.068367e+01 8.967501e+03 1.506376e+04 2.32697 4.709747e-01
8.260000e-01 3.312040e+00 2.246965e+00 2.639748e+00 1.069090e+01 8.987762e+03 1.505240e+04 2.32996 4.719490e-01
8.250000e-01 3.312040e+00 2.247162e+00 2.639797e+00 1.069352e+01 9.014710e+03 1.504922e+04 2.33184 4.736634e-01
8.240000e-01 3.312040e+00 2.248827e+00 2.641676e+00 1.070081e+01 9.034824e+03 1.503779e+04 2.33486 4.746299e-01
8.230000e-01 3.312040e+00 2.249024e+00 2.641727e+00 1.070344e+01 9.061637e+03 1.503460e+04 2.33674 4.763386e-01
8.220000e-01 3.312040e+00 2.250697e+00 2.643615e+00 1.071077e+01 9.081527e+03 1.502311e+04 2.33977 4.772942e-01
8.210000e-01 3.312040e+00 2.250885e+00 2.643657e+00 1.071342e+01 9.108133e+03 1.501994e+04 2.34163 4.789917e-01
8.200000e-01 3.312040e+00 2.252612e+00 2.645618e+00 1.072088e+01 9.127748e+03 1.500827e+04 2.34475 4.799268e-01
8.190000e-01 3.312040e+00 2.252771e+00 2.645621e+00 1.072348e+01 9.154231e+03 1.500517e+04 2.34657 4.816238e-01
8.180000e-01 3.312040e+00 2.254491e+00 2.647571e+00 1.073096e+01 9.173662e+03 1.499350e+04 2.3497 4.825543e-01
8.170000e-01 3.312040e+00 2.254642e+00 2.647566e+00 1.073357e+01 9.199979e+03 1.499041e+04 2.3515 4.842431e-01
8.160000e-01 3.312040e+00 2.256373e+00 2.649528e+00 1.074110e+01 9.219161e+03 1.497867e+04 2.35467 4.851625e-01
8.150000e-01 3.312040e+00 2.256516e+00 2.649514e+00 1.074371e+01 9.245284e+03 1.497559e+04 2.35644 4.868414e-01
8.140000e-01 3.312040e+00 2.258256e+00 2.651485e+00 1.075128e+01 9.264157e+03 1.496381e+04 2.35965 4.877468e-01
8.130000e-01 3.312040e+00 2.258377e+00 2.651443e+00 1.075388e+01 9.290002e+03 1.496076e+04 2.36136 4.894099e-01
8.120000e-01 3.312040e+00 2.260133e+00 2.653432e+00 1.076149e+01 9.308538e+03 1.494894e+04 2.36463 4.903018e-01
8.110000e-01 3.312040e+00 2.260249e+00 2.653384e+00 1.076410e+01 9.334249e+03 1.494589e+04 2.36633 4.919602e-01
8.100000e-01 3.312040e+00 2.262018e+00 2.655387e+00 1.077178e+01 9.352667e+03 1.493397e+04 2.36964 4.928471e-01
8.090000e-01 3.312040e+00 2.262135e+00 2.655344e+00 1.077442e+01 9.378290e+03 1.493091e+04 2.37135 4.945038e-01
8.080000e-01 3.312040e+00 2.263913e+00 2.657357e+00 1.078216e+01 9.396575e+03 1.491890e+04 2.37467 4.953833e-01
8.070000e-01 3.312040e+00 2.264030e+00 2.657315e+00 1.078483e+01 9.422091e+03 1.491583e+04 2.37639 4.970366e-01
8.060000e-01 3.312040e+00 2.265817e+00 2.659339e+00 1.079262e+01 9.440202e+03 1.490374e+04 2.37974 4.979069e-01
8.050000e-01 3.312040e+00 2.265926e+00 2.659289e+00 1.079530e+01 9.465547e+03 1.490068e+04 2.38144 4.995518e-01
8.040000e-01 3.312040e+00 2.267723e+00 2.661325e+00 1.080314e+01 9.483412e+03 1.488853e+04 2.38482 5.004107e-01
8.030000e-01 3.312040e+00 2.267826e+00 2.661269e+00 1.080582e+01 9.508609e+03 1.488547e+04 2.3865 5.020489e-01
8.020000e-01 3.312040e+00 2.269634e+00 2.663319e+00 1.081372e+01 9.526293e+03 1.487325e+04 2.38991 5.028995e-01
8.010000e-01 3.312040e+00 2.269732e+00 2.663258e+00 1.081641e+01 9.551353e+03 1.487019e+04 2.39158 5.045318e-01
8.000000e-01 3.312040e+00 2.271550e+00 2.665318e+00 1.082437e+01 9.568814e+03 1.485790e+04 2.39503 5.053718e-01
7.990000e-01 3.312040e+00 2.271636e+00 2.665244e+00 1.082707e+01 9.593702e+03 1.485484e+04 2.39667 5.069957e-01
7.980000e-01 3.312040e+00 2.273467e+00 2.667320e+00 1.083507e+01 9.610902e+03 1.484249e+04 2.40015 5.078235e-01
7.970000e-01 3.312040e+00 2.273532e+00 2.667220e+00 1.083775e+01 9.635549e+03 1.483945e+04 2.40174 5.094344e-01
7.960000e-01 3.312040e+00 2.275377e+00 2.669311e+00 1.084580e+01 9.652398e+03 1.482706e+04 2.40527 5.102467e-01
7.950000e-01 3.312040e+00 2.275429e+00 2.669195e+00 1.084849e+01 9.676870e+03 1.482403e+04 2.40684 5.118497e-01
7.940000e-01 3.312040e+00 2.277291e+00 2.671304e+00 1.085660e+01 9.693569e+03 1.481154e+04 2.41042 5.126562e-01
7.930000e-01 3.312040e+00 2.277344e+00 2.671191e+00 1.085932e+01 9.717969e+03 1.480850e+04 2.41199 5.142589e-01
7.920000e-01 3.312040e+00 2.279214e+00 2.673310e+00 1.086750e+01 9.734535e+03 1.479590e+04 2.41559 5.150575e-01
7.910000e-01 3.312040e+00 2.279265e+00 2.673198e+00 1.087024e+01 9.758840e+03 1.479285e+04 2.41717 5.166579e-01
7.900000e-01 3.312040e+00 2.281145e+00 2.675329e+00 1.087849e+01 9.775250e+03 1.478016e+04 2.42079 5.174479e-01
7.890000e-01 3.312040e+00 2.281190e+00 2.675210e+00 1.088124e+01 9.799414e+03 1.477711e+04 2.42236 5.190421e-01
7.880000e-01 3.312040e+00 2.283080e+00 2.677352e+00 1.088954e+01 9.815592e+03 1.476435e+04 2.42601 5.198206e-01
7.870000e-01 3.312040e+00 2.283114e+00 2.677223e+00 1.089230e+01 9.839606e+03 1.476130e+04 2.42755 5.214082e-01
7.860000e-01 3.312040e+00 2.285018e+00 2.679382e+00 1.090066e+01 9.855603e+03 1.474845e+04 2.43124 5.221781e-01
7.850000e-01 3.312040e+00 2.285046e+00 2.679247e+00 1.090343e+01 9.879499e+03 1.474540e+04 2.43277 5.237614e-01
7.840000e-01 3.312040e+00 2.286960e+00 2.681418e+00 1.091186e+01 9.895290e+03 1.473247e+04 2.43649 5.245209e-01
7.830000e-01 3.312040e+00 2.286976e+00 2.681269e+00 1.091463e+01 9.919026e+03 1.472942e+04 2.43799 5.260969e-01
7.820000e-01 3.312040e+00 2.288903e+00 2.683455e+00 1.092311e+01 9.934567e+03 1.471642e+04 2.44175 5.268443e-01
7.810000e-01 3.312040e+00 2.288900e+00 2.683283e+00 1.092588e+01 9.958093e+03 1.471339e+04 2.44321 5.284095e-01
7.800000e-01 3.312040e+00 2.290882e+00 2.685542e+00 1.093450e+01 9.973262e+03 1.470021e+04 2.44705 5.291299e-01
7.790000e-01 3.312040e+00 2.290836e+00 2.685314e+00 1.093721e+01 9.996625e+03 1.469726e+04 2.44845 5.306931e-01
7.780000e-01 3.312040e+00 2.292820e+00 2.687571e+00 1.094586e+01 1.001163e+04 1.468404e+04 2.45233 5.314112e-01
7.770000e-01 3.312040e+00 2.292772e+00 2.687342e+00 1.094860e+01 1.003493e+04 1.468108e+04 2.45373 5.329746e-01
7.760000e-01 3.312040e+00 2.294766e+00 2.689611e+00 1.095733e+01 1.004980e+04 1.466774e+04 2.45763 5.336845e-01
7.750000e-01 3.312040e+00 2.294715e+00 2.689380e+00 1.096009e+01 1.007301e+04 1.466476e+04 2.45903 5.352463e-01
7.740000e-01 3.312040e+00 2.296720e+00 2.691663e+00 1.096890e+01 1.008773e+04 1.465132e+04 2.46296 5.359472e-01
7.730000e-01 3.312040e+00 2.296660e+00 2.691423e+00 1.097167e+01 1.011081e+04 1.464834e+04 2.46435 5.375042e-01
7.720000e-01 3.312040e+00 2.298676e+00 2.693719e+00 1.098053e+01 1.012530e+04 1.463481e+04 2.4683 5.381932e-01
7.710000e-01 3.312040e+00 2.298604e+00 2.693467e+00 1.098331e+01 1.014824e+04 1.463183e+04 2.46967 5.397446e-01
7.700000e-01 3.312040e+00 2.300635e+00 2.695780e+00 1.099224e+01 1.016255e+04 1.461821e+04 2.47366 5.404246e-01
7.690000e-01 3.312040e+00 2.300554e+00 2.695520e+00 1.099504e+01 1.018538e+04 1.461523e+04 2.47502 5.419728e-01
7.680000e-01 3.312040e+00 2.302597e+00 2.697847e+00 1.100404e+01 1.019949e+04 1.460151e+04 2.47904 5.426419e-01
7.670000e-01 3.312040e+00 2.302501e+00 2.697570e+00 1.100683e+01 1.022217e+04 1.459853e+04 2.48036 5.441835e-01
7.660000e-01 3.312040e+00 2.304558e+00 2.699914e+00 1.101590e+01 1.023603e+04 1.458473e+04 2.48442 5.448401e-01
7.650000e-01 3.312040e+00 2.304441e+00 2.699611e+00 1.101868e+01 1.025851e+04 1.458177e+04 2.4857 5.463720e-01
7.640000e-01 3.312040e+00 2.306512e+00 2.701970e+00 1.102780e+01 1.027204e+04 1.456790e+04 2.4898 5.470127e-01
7.630000e-01 3.312040e+00 2.306377e+00 2.701645e+00 1.103058e+01 1.029435e+04 1.456495e+04 2.49104 5.485378e-01
7.620000e-01 3.312040e+00 2.308466e+00 2.704025e+00 1.103978e+01 1.030773e+04 1.455097e+04 2.49519 5.491712e-01
7.610000e-01 3.312040e+00 2.308326e+00 2.703696e+00 1.104259e+01 1.032997e+04 1.454800e+04 2.49643 5.506964e-01
7.600000e-01 3.312040e+00 2.310427e+00 2.706091e+00 1.105187e+01 1.034320e+04 1.453390e+04 2.50061 5.513207e-01
7.590000e-01 3.312040e+00 2.310280e+00 2.705757e+00 1.105469e+01 1.036536e+04 1.453091e+04 2.50185 5.528450e-01
7.580000e-01 3.312040e+00 2.312393e+00 2.708165e+00 1.106406e+01 1.037842e+04 1.451669e+04 2.50605 5.534590e-01
7.570000e-01 3.312040e+00 2.312236e+00 2.707821e+00 1.106689e+01 1.040045e+04 1.451369e+04 2.50727 5.549788e-01
7.560000e-01 3.312040e+00 2.314361e+00 2.710243e+00 1.107632e+01 1.041330e+04 1.449938e+04 2.5115 5.555808e-01
7.550000e-01 3.312040e+00 2.314188e+00 2.709882e+00 1.107917e+01 1.043520e+04 1.449638e+04 2.51269 5.570964e-01
7.540000e-01 3.312040e+00 2.316330e+00 2.712324e+00 1.108868e+01 1.044788e+04 1.448195e+04 2.51697 5.576888e-01
7.530000e-01 3.312040e+00 2.316146e+00 2.711953e+00 1.109153e+01 1.046967e+04 1.447895e+04 2.51814 5.592016e-01
7.520000e-01 3.312040e+00 2.318300e+00 2.714409e+00 1.110112e+01 1.048213e+04 1.446441e+04 2.52244 5.597819e-01
7.510000e-01 3.312040e+00 2.318099e+00 2.714018e+00 1.110398e+01 1.050378e+04 1.446141e+04 2.52358 5.612889e-01
7.500000e-01 3.312040e+00 2.320307e+00 2.716548e+00 1.111372e+01 1.051595e+04 1.444666e+04 2.52796 5.618438e-01
7.490000e-01 3.312040e+00 2.320058e+00 2.716093e+00 1.111651e+01 1.053742e+04 1.444374e+04 2.52902 5.633475e-01
7.480000e-01 3.312040e+00 2.322266e+00 2.718617e+00 1.112627e+01 1.054929e+04 1.442896e+04 2.53343 5.638920e-01
7.470000e-01 3.312040e+00 2.321999e+00 2.718141e+00 1.112907e+01 1.057063e+04 1.442605e+04 2.53446 5.653923e-01
7.460000e-01 3.312040e+00 2.324226e+00 2.720688e+00 1.113892e+01 1.058236e+04 1.441114e+04 2.53892 5.659289e-01
7.450000e-01 3.312040e+00 2.323950e+00 2.720205e+00 1.114174e+01 1.060363e+04 1.440820e+04 2.53994 5.674293e-01
7.440000e-01 3.312040e+00 2.326189e+00 2.722765e+00 1.115169e+01 1.061521e+04 1.439314e+04 2.54442 5.679553e-01
7.430000e-01 3.312040e+00 2.325905e+00 2.722275e+00 1.115452e+01 1.063639e+04 1.439019e+04 2.54543 5.694549e-01
7.420000e-01 3.312040e+00 2.328157e+00 2.724851e+00 1.116455e+01 1.064778e+04 1.437501e+04 2.54994 5.699696e-01
7.410000e-01 3.312040e+00 2.327855e+00 2.724339e+00 1.116739e+01 1.066884e+04 1.437205e+04 2.55092 5.714647e-01
7.400000e-01 3.312040e+00 2.330121e+00 2.726933e+00 1.117750e+01 1.068001e+04 1.435675e+04 2.55546 5.719664e-01
7.390000e-01 3.312040e+00 2.329805e+00 2.726407e+00 1.118035e+01 1.070096e+04 1.435379e+04 2.55642 5.734591e-01
7.380000e-01 3.312040e+00 2.332087e+00 2.729020e+00 1.119055e+01 1.071197e+04 1.433835e+04 2.56099 5.739505e-01
7.370000e-01 3.312040e+00 2.331754e+00 2.728475e+00 1.119341e+01 1.073280e+04 1.433538e+04 2.56192 5.754403e-01
7.360000e-01 3.312040e+00 2.334051e+00 2.731105e+00 1.120369e+01 1.074358e+04 1.431982e+04 2.56652 5.759175e-01
7.350000e-01 3.312040e+00 2.333696e+00 2.730534e+00 1.120654e+01 1.076427e+04 1.431685e+04 2.56741 5.774017e-01
7.340000e-01 3.312040e+00 2.336008e+00 2.733182e+00 1.121689e+01 1.077477e+04 1.430120e+04 2.57204 5.778633e-01
7.330000e-01 3.312040e+00 2.335622e+00 2.732574e+00 1.121972e+01 1.079525e+04 1.429824e+04 2.57287 5.793383e-01
7.320000e-01 3.312040e+00 2.337955e+00 2.735244e+00 1.123014e+01 1.080549e+04 1.428248e+04 2.57756 5.797865e-01
7.310000e-01 3.312040e+00 2.337555e+00 2.734622e+00 1.123299e+01 1.082589e+04 1.427951e+04 2.57837 5.812618e-01
7.300000e-01 3.312040e+00 2.339903e+00 2.737311e+00 1.124352e+01 1.083599e+04 1.426359e+04 2.58309 5.816998e-01
7.290000e-01 3.312040e+00 2.339492e+00 2.736678e+00 1.124638e+01 1.085631e+04 1.426060e+04 2.58388 5.831750e-01
7.280000e-01 3.312040e+00 2.341854e+00 2.739383e+00 1.125702e+01 1.086624e+04 1.424453e+04 2.58863 5.836018e-01
7.270000e-01 3.312040e+00 2.341426e+00 2.738731e+00 1.125989e+01 1.088646e+04 1.424152e+04 2.5894 5.850754e-01
7.260000e-01 3.312040e+00 2.343803e+00 2.741455e+00 1.127061e+01 1.089619e+04 1.422531e+04 2.59417 5.854883e-01
7.250000e-01 3.312040e+00 2.343356e+00 2.740782e+00 1.127349e+01 1.091628e+04 1.422230e+04 2.59491 5.869580e-01
7.240000e-01 3.312040e+00 2.343466e+00 2.740694e+00 1.127739e+01 1.093437e+04 1.421766e+04 2.59721 5.883984e-01
7.230000e-01 3.312040e+00 2.346752e+00 2.744605e+00 1.129126e+01 1.094049e+04 1.419611e+04 2.60252 5.882805e-01
7.220000e-01 3.312040e+00 2.346258e+00 2.743874e+00 1.129411e+01 1.096045e+04 1.419314e+04 2.60319 5.897529e-01
7.210000e-01 3.312040e+00 2.346337e+00 2.743749e+00 1.129801e+01 1.097836e+04 1.418849e+04 2.60545 5.911892e-01
7.200000e-01 3.312040e+00 2.349663e+00 2.747706e+00 1.131206e+01 1.098407e+04 1.416668e+04 2.61084 5.910441e-01
7.190000e-01 3.312040e+00 2.349128e+00 2.746928e+00 1.131489e+01 1.100379e+04 1.416371e+04 2.61143 5.925075e-01
7.180000e-01 3.312040e+00 2.349172e+00 2.746757e+00 1.131878e+01 1.102142e+04 1.415906e+04 2.61361 5.939318e-01
7.170000e-01 3.312040e+00 2.352549e+00 2.750776e+00 1.133301e+01 1.102664e+04 1.413702e+04 2.61912 5.937571e-01
7.160000e-01 3.312040e+00 2.351982e+00 2.749960e+00 1.133584e+01 1.104618e+04 1.413404e+04 2.61965 5.952169e-01
7.150000e-01 3.312040e+00 2.352014e+00 2.749777e+00 1.133977e+01 1.106365e+04 1.412934e+04 2.62184 5.966396e-01
7.140000e-01 3.312040e+00 2.355430e+00 2.753844e+00 1.135422e+01 1.106859e+04 1.410696e+04 2.62741 5.964411e-01
7.130000e-01 3.312040e+00 2.354840e+00 2.753004e+00 1.135708e+01 1.108801e+04 1.410395e+04 2.62792 5.979015e-01
7.120000e-01 3.312040e+00 2.354847e+00 2.752794e+00 1.136103e+01 1.110533e+04 1.409922e+04 2.63007 5.993220e-01
7.110000e-01 3.312040e+00 2.358308e+00 2.756915e+00 1.137571e+01 1.110990e+04 1.407650e+04 2.63572 5.990942e-01
7.100000e-01 3.312040e+00 2.357683e+00 2.756038e+00 1.137858e+01 1.112913e+04 1.407348e+04 2.63616 6.005505e-01
7.090000e-01 3.312040e+00 2.357669e+00 2.755804e+00 1.138255e+01 1.114627e+04 1.406872e+04 2.63828 6.019665e-01
7.080000e-01 3.312040e+00 2.361212e+00 2.760032e+00 1.139754e+01 1.115044e+04 1.404556e+04 2.64406 6.016997e-01
7.070000e-01 3.312040e+00 2.360538e+00 2.759096e+00 1.140038e+01 1.116955e+04 1.404258e+04 2.64443 6.031606e-01
7.060000e-01 3.312040e+00 2.360487e+00 2.758817e+00 1.140435e+01 1.118650e+04 1.403781e+04 2.64649 6.045736e-01
7.050000e-01 3.312040e+00 2.364068e+00 2.763091e+00 1.141953e+01 1.119024e+04 1.401439e+04 2.65235 6.042784e-01
7.040000e-01 3.312040e+00 2.363348e+00 2.762100e+00 1.142234e+01 1.120911e+04 1.401143e+04 2.65263 6.057311e-01
7.030000e-01 3.312040e+00 2.363259e+00 2.761774e+00 1.142631e+01 1.122578e+04 1.400665e+04 2.65462 6.071330e-01
7.020000e-01 3.312040e+00 2.366896e+00 2.766115e+00 1.144168e+01 1.122904e+04 1.398298e+04 2.6606 6.068070e-01
7.010000e-01 3.312040e+00 2.366140e+00 2.765083e+00 1.144450e+01 1.124774e+04 1.398000e+04 2.66082 6.082579e-01
7.000000e-01 3.312040e+00 2.366034e+00 2.764739e+00 1.144851e+01 1.126426e+04 1.397518e+04 2.66281 6.096594e-01
6.990000e-01 3.312040e+00 2.369714e+00 2.769133e+00 1.146414e+01 1.126721e+04 1.395112e+04 2.66884 6.093053e-01
6.980000e-01 3.312040e+00 2.368927e+00 2.768067e+00 1.146697e+01 1.128578e+04 1.394811e+04 2.66903 6.107575e-01
6.970000e-01 3.312040e+00 2.368792e+00 2.767690e+00 1.147100e+01 1.130215e+04 1.394325e+04 2.67096 6.121569e-01
6.960000e-01 3.312040e+00 2.372520e+00 2.772143e+00 1.148688e+01 1.130470e+04 1.391881e+04 2.67708 6.117691e-01
6.950000e-01 3.312040e+00 2.371693e+00 2.771034e+00 1.148972e+01 1.132310e+04 1.391579e+04 2.67719 6.132182e-01
6.940000e-01 3.312040e+00 2.371530e+00 2.770625e+00 1.149377e+01 1.133930e+04 1.391088e+04 2.67909 6.146145e-01
6.930000e-01 3.312040e+00 2.375308e+00 2.775138e+00 1.150991e+01 1.134147e+04 1.388607e+04 2.68528 6.141948e-01
6.920000e-01 3.312040e+00 2.374441e+00 2.773984e+00 1.151275e+01 1.135972e+04 1.388303e+04 2.68532 6.156427e-01
6.910000e-01 3.312040e+00 2.374242e+00 2.773532e+00 1.151681e+01 1.137573e+04 1.387809e+04 2.68715 6.170333e-01
6.900000e-01 3.312040e+00 2.378106e+00 2.778157e+00 1.153326e+01 1.137739e+04 1.385281e+04 2.69346 6.165650e-01
6.890000e-01 3.312040e+00 2.377167e+00 2.776912e+00 1.153603e+01 1.139542e+04 1.384983e+04 2.69338 6.180104e-01
6.880000e-01 3.312040e+00 2.376920e+00 2.776401e+00 1.154006e+01 1.141116e+04 1.384489e+04 2.69512 6.193928e-01
6.870000e-01 3.312040e+00 2.380834e+00 2.781083e+00 1.155671e+01 1.141238e+04 1.381934e+04 2.70154 6.188951e-01
6.860000e-01 3.312040e+00 2.379854e+00 2.779791e+00 1.155949e+01 1.143027e+04 1.381633e+04 2.70139 6.203413e-01
6.850000e-01 3.312040e+00 2.379583e+00 2.779254e+00 1.156356e+01 1.144587e+04 1.381133e+04 2.70311 6.217242e-01
6.840000e-01 3.312040e+00 2.383542e+00 2.783991e+00 1.158050e+01 1.144675e+04 1.378533e+04 2.70958 6.211917e-01
6.830000e-01 3.312040e+00 2.382522e+00 2.782656e+00 1.158329e+01 1.146450e+04 1.378228e+04 2.70937 6.226389e-01
6.820000e-01 3.312040e+00 2.382213e+00 2.782073e+00 1.158737e+01 1.147995e+04 1.377724e+04 2.71101 6.240190e-01
6.810000e-01 3.312040e+00 2.386226e+00 2.786876e+00 1.160459e+01 1.148039e+04 1.375081e+04 2.71756 6.234477e-01
6.800000e-01 3.312040e+00 2.387114e+00 2.787830e+00 1.161270e+01 1.149144e+04 1.373916e+04 2.7202 6.241896e-01
6.790000e-01 3.312040e+00 2.388003e+00 2.788788e+00 1.162084e+01 1.150241e+04 1.372748e+04 2.72285 6.249282e-01
6.780000e-01 3.312040e+00 2.388887e+00 2.789739e+00 1.162900e+01 1.151329e+04 1.371576e+04 2.72548 6.256616e-01
6.770000e-01 3.312040e+00 2.389767e+00 2.790688e+00 1.163720e+01 1.152408e+04 1.370399e+04 2.72811 6.263898e-01
6.760000e-01 3.312040e+00 2.390678e+00 2.791682e+00 1.164551e+01 1.153471e+04 1.369206e+04 2.73077 6.271003e-01
6.750000e-01 3.312040e+00 2.391550e+00 2.792621e+00 1.165375e+01 1.154526e+04 1.368022e+04 2.73338 6.278156e-01
6.740000e-01 3.312040e+00 2.392416e+00 2.793553e+00 1.166201e+01 1.155569e+04 1.366835e+04 2.73598 6.285253e-01
6.730000e-01 3.312040e+00 2.393277e+00 2.794480e+00 1.167031e+01 1.156606e+04 1.365642e+04 2.73857 6.292313e-01
6.720000e-01 3.312040e+00 2.394137e+00 2.795406e+00 1.167865e+01 1.157634e+04 1.364442e+04 2.74116 6.299336e-01
6.710000e-01 3.312040e+00 2.394995e+00 2.796330e+00 1.168704e+01 1.158656e+04 1.363235e+04 2.74374 6.306318e-01
6.700000e-01 3.312040e+00 2.395849e+00 2.797252e+00 1.169546e+01 1.159671e+04 1.362021e+04 2.74631 6.313258e-01
6.690000e-01 3.312040e+00 2.396699e+00 2.798169e+00 1.170393e+01 1.160677e+04 1.360801e+04 2.74888 6.320147e-01
6.680000e-01 3.312040e+00 2.397545e+00 2.799082e+00 1.171243e+01 1.161675e+04 1.359575e+04 2.75143 6.326981e-01
6.670000e-01 3.312040e+00 2.398387e+00 2.799991e+00 1.172096e+01 1.162663e+04 1.358344e+04 2.75397 6.333762e-01
6.660000e-01 3.312040e+00 2.399225e+00 2.800895e+00 1.172953e+01 1.163643e+04 1.357106e+04 2.7565 6.340498e-01
6.650000e-01 3.312040e+00 2.400059e+00 2.801797e+00 1.173815e+01 1.164616e+04 1.355860e+04 2.75902 6.347188e-01
6.640000e-01 3.312040e+00 2.400889e+00 2.802693e+00 1.174679e+01 1.165579e+04 1.354609e+04 2.76153 6.353819e-01
6.630000e-01 3.312040e+00 2.401713e+00 2.803583e+00 1.175547e+01 1.166532e+04 1.353353e+04 2.76403 6.360392e-01
6.620000e-01 3.312040e+00 2.402532e+00 2.804469e+00 1.176418e+01 1.167475e+04 1.352092e+04 2.76651 6.366905e-01
6.610000e-01 3.312040e+00 2.403344e+00 2.805344e+00 1.177290e+01 1.168406e+04 1.350828e+04 2.76897 6.373344e-01
6.600000e-01 3.312040e+00 2.404149e+00 2.806212e+00 1.178164e+01 1.169324e+04 1.349559e+04 2.77142 6.379717e-01
6.590000e-01 3.312040e+00 2.404950e+00 2.807075e+00 1.179043e+01 1.170235e+04 1.348284e+04 2.77386 6.386048e-01
6.580000e-01 3.312040e+00 2.405746e+00 2.807933e+00 1.179926e+01 1.171138e+04 1.347000e+04 2.77628 6.392334e-01
6.570000e-01 3.312040e+00 2.406572e+00 2.808836e+00 1.180823e+01 1.172029e+04 1.345697e+04 2.77873 6.398453e-01
6.560000e-01 3.312040e+00 2.407362e+00 2.809690e+00 1.181716e+01 1.172916e+04 1.344398e+04 2.78114 6.404640e-01
6.550000e-01 3.312040e+00 2.408147e+00 2.810538e+00 1.182614e+01 1.173795e+04 1.343092e+04 2.78354 6.410779e-01
6.540000e-01 3.312040e+00 2.408926e+00 2.811381e+00 1.183514e+01 1.174665e+04 1.341781e+04 2.78592 6.416859e-01
6.530000e-01 3.312040e+00 2.409701e+00 2.812220e+00 1.184419e+01 1.175525e+04 1.340464e+04 2.78829 6.422886e-01
6.520000e-01 3.312040e+00 2.410470e+00 2.813052e+00 1.185329e+01 1.176376e+04 1.339139e+04 2.79064 6.428866e-01
6.510000e-01 3.312040e+00 2.411235e+00 2.813882e+00 1.186243e+01 1.177219e+04 1.337808e+04 2.79299 6.434794e-01
6.500000e-01 3.312040e+00 2.411995e+00 2.814706e+00 1.187160e+01 1.178052e+04 1.336470e+04 2.79532 6.440664e-01
6.490000e-01 3.312040e+00 2.412748e+00 2.815523e+00 1.188082e+01 1.178875e+04 1.335127e+04 2.79764 6.446471e-01
6.480000e-01 3.312040e+00 2.413495e+00 2.816334e+00 1.189006e+01 1.179687e+04 1.333779e+04 2.79993 6.452214e-01
6.470000e-01 3.312040e+00 2.414235e+00 2.817134e+00 1.189933e+01 1.180486e+04 1.332428e+04 2.80221 6.457882e-01
6.460000e-01 3.312040e+00 2.414967e+00 2.817926e+00 1.190862e+01 1.181273e+04 1.331071e+04 2.80448 6.463485e-01
6.450000e-01 3.312040e+00 2.415693e+00 2.818712e+00 1.191796e+01 1.182053e+04 1.329707e+04 2.80672 6.469041e-01
6.440000e-01 3.312040e+00 2.416414e+00 2.819492e+00 1.192736e+01 1.182824e+04 1.328334e+04 2.80895 6.474547e-01
6.430000e-01 3.312040e+00 2.417129e+00 2.820267e+00 1.193680e+01 1.183587e+04 1.326952e+04 2.81117 6.479997e-01
6.420000e-01 3.312040e+00 2.417838e+00 2.821037e+00 1.194630e+01 1.184342e+04 1.325563e+04 2.81337 6.485393e-01
6.410000e-01 3.312040e+00 2.418541e+00 2.821799e+00 1.195585e+01 1.185087e+04 1.324165e+04 2.81555 6.490725e-01
6.400000e-01 3.312040e+00 2.419268e+00 2.822598e+00 1.196551e+01 1.185818e+04 1.322749e+04 2.81774 6.495871e-01
6.390000e-01 3.312040e+00 2.419958e+00 2.823348e+00 1.197514e+01 1.186544e+04 1.321337e+04 2.81987 6.501069e-01
6.380000e-01 3.312040e+00 2.420641e+00 2.824088e+00 1.198482e+01 1.187261e+04 1.319916e+04 2.82199 6.506216e-01
6.370000e-01 3.312040e+00 2.421317e+00 2.824823e+00 1.199455e+01 1.187969e+04 1.318487e+04 2.82409 6.511301e-01
6.360000e-01 3.312040e+00 2.421986e+00 2.825551e+00 1.200432e+01 1.188666e+04 1.317052e+04 2.82617 6.516321e-01
6.350000e-01 3.312040e+00 2.422647e+00 2.826270e+00 1.201412e+01 1.189353e+04 1.315612e+04 2.82823 6.521273e-01
6.340000e-01 3.312040e+00 2.423301e+00 2.826980e+00 1.202396e+01 1.190028e+04 1.314166e+04 2.83027 6.526152e-01
6.330000e-01 3.312040e+00 2.423945e+00 2.827678e+00 1.203382e+01 1.190690e+04 1.312717e+04 2.83228 6.530955e-01
6.320000e-01 3.312040e+00 2.424582e+00 2.828368e+00 1.204372e+01 1.191342e+04 1.311260e+04 2.83427 6.535696e-01
6.310000e-01 3.312040e+00 2.425210e+00 2.829050e+00 1.205368e+01 1.191986e+04 1.309794e+04 2.83624 6.540381e-01
6.300000e-01 3.312040e+00 2.425832e+00 2.829724e+00 1.206369e+01 1.192620e+04 1.308319e+04 2.8382 6.545004e-01
6.290000e-01 3.312040e+00 2.426447e+00 2.830392e+00 1.207377e+01 1.193246e+04 1.306834e+04 2.84012 6.549566e-01
6.280000e-01 3.312040e+00 2.427053e+00 2.831051e+00 1.208390e+01 1.193863e+04 1.305339e+04 2.84202 6.554060e-01
6.270000e-01 3.312040e+00 2.427651e+00 2.831699e+00 1.209407e+01 1.194469e+04 1.303837e+04 2.84389 6.558478e-01
6.260000e-01 3.312040e+00 2.428269e+00 2.832380e+00 1.210437e+01 1.195059e+04 1.302316e+04 2.84577 6.562703e-01
6.250000e-01 3.312040e+00 2.428850e+00 2.833012e+00 1.211465e+01 1.195646e+04 1.300795e+04 2.84759 6.566978e-01
6.240000e-01 3.312040e+00 2.429422e+00 2.833634e+00 1.212499e+01 1.196223e+04 1.299266e+04 2.84938 6.571189e-01
6.230000e-01 3.312040e+00 2.429986e+00 2.834248e+00 1.213537e+01 1.196790e+04 1.297730e+04 2.85115 6.575330e-01
6.220000e-01 3.312040e+00 2.430541e+00 2.834852e+00 1.214579e+01 1.197345e+04 1.296186e+04 2.85289 6.579397e-01
6.210000e-01 3.312040e+00 2.431088e+00 2.835447e+00 1.215625e+01 1.197889e+04 1.294638e+04 2.85461 6.583395e-01
6.200000e-01 3.312040e+00 2.431626e+00 2.836032e+00 1.216674e+01 1.198420e+04 1.293085e+04 2.85631 6.587315e-01
6.190000e-01 3.312040e+00 2.432153e+00 2.836604e+00 1.217727e+01 1.198939e+04 1.291527e+04 2.85798 6.591161e-01
6.180000e-01 3.312040e+00 2.432673e+00 2.837168e+00 1.218787e+01 1.199449e+04 1.289959e+04 2.85963 6.594950e-01
6.170000e-01 3.312040e+00 2.433183e+00 2.837721e+00 1.219853e+01 1.199950e+04 1.288380e+04 2.86125 6.598668e-01
6.160000e-01 3.312040e+00 2.433684e+00 2.838266e+00 1.220926e+01 1.200441e+04 1.286791e+04 2.86284 6.602315e-01
6.150000e-01 3.312040e+00 2.434175e+00 2.838802e+00 1.222005e+01 1.200922e+04 1.285192e+04 2.86439 6.605889e-01
6.140000e-01 3.312040e+00 2.434658e+00 2.839325e+00 1.223089e+01 1.201392e+04 1.283584e+04 2.86592 6.609386e-01
6.130000e-01 3.312040e+00 2.435130e+00 2.839841e+00 1.224178e+01 1.201852e+04 1.281969e+04 2.86743 6.612810e-01
6.120000e-01 3.312040e+00 2.435622e+00 2.840387e+00 1.225282e+01 1.202296e+04 1.280332e+04 2.86893 6.616046e-01
6.110000e-01 3.312040e+00 2.436078e+00 2.840885e+00 1.226385e+01 1.202735e+04 1.278697e+04 2.87038 6.619325e-01
6.100000e-01 3.312040e+00 2.436523e+00 2.841372e+00 1.227493e+01 1.203164e+04 1.277054e+04 2.87179 6.622531e-01
6.090000e-01 3.312040e+00 2.436957e+00 2.841846e+00 1.228606e+01 1.203581e+04 1.275403e+04 2.87318 6.625657e-01
6.080000e-01 3.312040e+00 2.437380e+00 2.842308e+00 1.229723e+01 1.203987e+04 1.273744e+04 2.87452 6.628695e-01
6.070000e-01 3.312040e+00 2.437791e+00 2.842755e+00 1.230844e+01 1.204380e+04 1.272081e+04 2.87583 6.631641e-01
6.060000e-01 3.312040e+00 2.438189e+00 2.843186e+00 1.231968e+01 1.204760e+04 1.270411e+04 2.8771 6.634501e-01
6.050000e-01 3.312040e+00 2.438575e+00 2.843603e+00 1.233099e+01 1.205130e+04 1.268729e+04 2.87833 6.637284e-01
6.040000e-01 3.312040e+00 2.438950e+00 2.844010e+00 1.234238e+01 1.205491e+04 1.267036e+04 2.87953 6.639989e-01
6.030000e-01 3.312040e+00 2.439315e+00 2.844406e+00 1.235384e+01 1.205841e+04 1.265332e+04 2.8807 6.642616e-01
6.020000e-01 3.312040e+00 2.439669e+00 2.844792e+00 1.236536e+01 1.206181e+04 1.263617e+04 2.88183 6.645163e-01
6.010000e-01 3.312040e+00 2.440013e+00 2.845165e+00 1.237696e+01 1.206509e+04 1.261893e+04 2.88292 6.647629e-01
6.000000e-01 3.312040e+00 2.440347e+00 2.845528e+00 1.238861e+01 1.206826e+04 1.260161e+04 2.88399 6.650019e-01
5.990000e-01 3.312040e+00 2.440697e+00 2.845919e+00 1.240042e+01 1.207127e+04 1.258407e+04 2.88505 6.652214e-01
5.980000e-01 3.312040e+00 2.441009e+00 2.846261e+00 1.241222e+01 1.207422e+04 1.256654e+04 2.88605 6.654439e-01
5.970000e-01 3.312040e+00 2.441310e+00 2.846591e+00 1.242409e+01 1.207707e+04 1.254892e+04 2.88701 6.656588e-01
5.960000e-01 3.312040e+00 2.441601e+00 2.846908e+00 1.243601e+01 1.207979e+04 1.253122e+04 2.88795 6.658655e-01
5.950000e-01 3.312040e+00 2.441879e+00 2.847213e+00 1.244798e+01 1.208239e+04 1.251346e+04 2.88884 6.660634e-01
5.940000e-01 3.312040e+00 2.442146e+00 2.847505e+00 1.245999e+01 1.208487e+04 1.249565e+04 2.8897 6.662530e-01
5.930000e-01 3.312040e+00 2.442401e+00 2.847781e+00 1.247205e+01 1.208721e+04 1.247778e+04 2.89053 6.664343e-01
5.920000e-01 3.312040e+00 2.442642e+00 2.848042e+00 1.248419e+01 1.208946e+04 1.245978e+04 2.89132 6.666070e-01
5.910000e-01 3.312040e+00 2.442869e+00 2.848288e+00 1.249641e+01 1.209158e+04 1.244165e+04 2.89205 6.667704e-01
5.900000e-01 3.312040e+00 2.443085e+00 2.848523e+00 1.250872e+01 1.209361e+04 1.242340e+04 2.89275 6.669250e-01
5.890000e-01 3.312040e+00 2.443287e+00 2.848743e+00 1.252110e+01 1.209553e+04 1.240503e+04 2.8934 6.670702e-01
5.880000e-01 3.312040e+00 2.443475e+00 2.848946e+00 1.253355e+01 1.209732e+04 1.238656e+04 2.894 6.672054e-01
5.870000e-01 3.312040e+00 2.443676e+00 2.849173e+00 1.254615e+01 1.209893e+04 1.236789e+04 2.89459 6.673198e-01
5.860000e-01 3.312040e+00 2.443840e+00 2.849352e+00 1.255876e+01 1.210050e+04 1.234920e+04 2.89511 6.674370e-01
5.850000e-01 3.312040e+00 2.443991e+00 2.849516e+00 1.257145e+01 1.210195e+04 1.233041e+04 2.89559 6.675455e-01
5.840000e-01 3.312040e+00 2.444131e+00 2.849670e+00 1.258421e+01 1.210328e+04 1.231154e+04 2.89604 6.676460e-01
5.830000e-01 3.312040e+00 2.444260e+00 2.849811e+00 1.259703e+01 1.210448e+04 1.229259e+04 2.89646 6.677383e-01
5.820000e-01 3.312040e+00 2.444376e+00 2.849938e+00 1.260990e+01 1.210556e+04 1.227358e+04 2.89684 6.678215e-01
5.810000e-01 3.312040e+00 2.444481e+00 2.850052e+00 1.262283e+01 1.210651e+04 1.225453e+04 2.89719 6.678964e-01
5.800000e-01 3.312040e+00 2.444574e+00 2.850153e+00 1.263582e+01 1.210734e+04 1.223540e+04 2.8975 6.679636e-01
5.790000e-01 3.312040e+00 2.444652e+00 2.850237e+00 1.264891e+01 1.210806e+04 1.221613e+04 2.89776 6.680210e-01
5.780000e-01 3.312040e+00 2.444715e+00 2.850303e+00 1.266209e+01 1.210865e+04 1.219673e+04 2.89797 6.680687e-01
5.770000e-01 3.312040e+00 2.444764e+00 2.850357e+00 1.267536e+01 1.210913e+04 1.217720e+04 2.89814 6.681065e-01
5.760000e-01 3.312040e+00 2.444823e+00 2.850428e+00 1.268880e+01 1.210943e+04 1.215744e+04 2.89827 6.681220e-01
5.750000e-01 3.312040e+00 2.444844e+00 2.850449e+00 1.270224e+01 1.210967e+04 1.213769e+04 2.89834 6.681383e-01
5.740000e-01 3.312040e+00 2.444850e+00 2.850456e+00 1.271576e+01 1.210979e+04 1.211783e+04 2.89836 6.681456e-01
5.730000e-01 3.312040e+00 2.444841e+00 2.850444e+00 1.272938e+01 1.210978e+04 1.209784e+04 2.89832 6.681431e-01
5.736336e-01 3.312040e+00 2.445608e+00 2.851392e+00 1.272340e+01 1.210721e+04 1.210673e+04 2.89915 6.677723e-01
