1.000000e+00 3.361200e+00 2.103476e+00 2.494198e+00 9.974470e+00 0.000000e+00 1.677678e+04 0 0.000000e+00
9.990000e-01 3.361200e+00 2.105429e+00 2.495823e+00 9.984297e+00 6.974557e+02 1.665960e+04 1.96728 3.521999e-02
9.980000e-01 3.361200e+00 2.105585e+00 2.495711e+00 9.985787e+00 9.845863e+02 1.661850e+04 2.06795 5.225588e-02
9.970000e-01 3.361200e+00 2.106703e+00 2.496949e+00 9.990552e+00 1.202678e+03 1.658505e+04 1.97204 6.080596e-02
9.960000e-01 3.361200e+00 2.106869e+00 2.496843e+00 9.992164e+00 1.390702e+03 1.655891e+04 2.01547 7.184927e-02
9.950000e-01 3.361200e+00 2.107982e+00 2.498054e+00 9.996908e+00 1.552864e+03 1.653302e+04 1.97524 7.854271e-02
9.940000e-01 3.361200e+00 2.108255e+00 2.498109e+00 9.998646e+00 1.705956e+03 1.651221e+04 2.00538 8.758007e-02
9.930000e-01 3.361200e+00 2.109326e+00 2.499294e+00 1.000327e+01 1.843605e+03 1.648985e+04 1.9785 9.328326e-02
9.920000e-01 3.361200e+00 2.109987e+00 2.499919e+00 1.000639e+01 1.973936e+03 1.647059e+04 1.9801 9.989584e-02
9.910000e-01 3.361200e+00 2.110681e+00 2.500595e+00 1.000956e+01 2.096359e+03 1.645241e+04 1.98174 1.061096e-01
9.900000e-01 3.361200e+00 2.111383e+00 2.501289e+00 1.001272e+01 2.212177e+03 1.643518e+04 1.9834 1.119909e-01
9.890000e-01 3.361200e+00 2.112088e+00 2.501991e+00 1.001589e+01 2.322106e+03 1.641881e+04 1.98506 1.175760e-01
9.880000e-01 3.361200e+00 2.112793e+00 2.502697e+00 1.001906e+01 2.426748e+03 1.640319e+04 1.98672 1.228953e-01
9.870000e-01 3.361200e+00 2.113497e+00 2.503401e+00 1.002222e+01 2.526615e+03 1.638824e+04 1.98839 1.279748e-01
9.860000e-01 3.361200e+00 2.114200e+00 2.504102e+00 1.002540e+01 2.622406e+03 1.637385e+04 1.99006 1.328500e-01
9.850000e-01 3.361200e+00 2.114904e+00 2.504804e+00 1.002858e+01 2.714852e+03 1.635993e+04 1.99174 1.375577e-01
9.840000e-01 3.361200e+00 2.115611e+00 2.505511e+00 1.003178e+01 2.804315e+03 1.634641e+04 1.99343 1.421161e-01
9.830000e-01 3.361200e+00 2.116320e+00 2.506221e+00 1.003498e+01 2.890983e+03 1.633329e+04 1.99512 1.465346e-01
9.820000e-01 3.361200e+00 2.117030e+00 2.506931e+00 1.003819e+01 2.974920e+03 1.632053e+04 1.99682 1.508161e-01
9.810000e-01 3.361200e+00 2.117738e+00 2.507639e+00 1.004140e+01 3.056368e+03 1.630810e+04 1.99852 1.549733e-01
9.800000e-01 3.361200e+00 2.118447e+00 2.508346e+00 1.004463e+01 3.135595e+03 1.629597e+04 2.00022 1.590195e-01
9.790000e-01 3.361200e+00 2.119155e+00 2.509049e+00 1.004786e+01 3.212612e+03 1.628414e+04 2.00193 1.629553e-01
9.780000e-01 3.361200e+00 2.119859e+00 2.509745e+00 1.005109e+01 3.287417e+03 1.627259e+04 2.00363 1.667805e-01
9.770000e-01 3.361200e+00 2.120559e+00 2.510430e+00 1.005433e+01 3.360073e+03 1.626132e+04 2.00533 1.704984e-01
9.760000e-01 3.361200e+00 2.121254e+00 2.511105e+00 1.005758e+01 3.430966e+03 1.625027e+04 2.00702 1.741289e-01
9.750000e-01 3.361200e+00 2.121952e+00 2.511781e+00 1.006086e+01 3.500665e+03 1.623936e+04 2.00873 1.777005e-01
9.740000e-01 3.361200e+00 2.122656e+00 2.512464e+00 1.006415e+01 3.569339e+03 1.622858e+04 2.01045 1.812213e-01
9.730000e-01 3.361200e+00 2.123366e+00 2.513156e+00 1.006746e+01 3.636978e+03 1.621795e+04 2.01218 1.846907e-01
9.720000e-01 3.361200e+00 2.124081e+00 2.513856e+00 1.007078e+01 3.703567e+03 1.620747e+04 2.01391 1.881077e-01
9.710000e-01 3.361200e+00 2.124800e+00 2.514563e+00 1.007410e+01 3.769147e+03 1.619712e+04 2.01566 1.914745e-01
9.700000e-01 3.361200e+00 2.125523e+00 2.515278e+00 1.007744e+01 3.833747e+03 1.618691e+04 2.0174 1.947924e-01
9.690000e-01 3.361200e+00 2.126250e+00 2.515999e+00 1.008078e+01 3.897285e+03 1.617683e+04 2.01916 1.980574e-01
9.680000e-01 3.361200e+00 2.126977e+00 2.516723e+00 1.008413e+01 3.959715e+03 1.616690e+04 2.02091 2.012670e-01
9.670000e-01 3.361200e+00 2.127705e+00 2.517446e+00 1.008747e+01 4.021010e+03 1.615711e+04 2.02267 2.044202e-01
9.660000e-01 3.361200e+00 2.128432e+00 2.518170e+00 1.009083e+01 4.081298e+03 1.614745e+04 2.02442 2.075233e-01
9.650000e-01 3.361200e+00 2.129162e+00 2.518896e+00 1.009419e+01 4.140747e+03 1.613790e+04 2.02618 2.105850e-01
9.640000e-01 3.361200e+00 2.129894e+00 2.519626e+00 1.009755e+01 4.199374e+03 1.612845e+04 2.02795 2.136060e-01
9.630000e-01 3.361200e+00 2.130628e+00 2.520359e+00 1.010093e+01 4.257147e+03 1.611911e+04 2.02972 2.165847e-01
9.620000e-01 3.361200e+00 2.131362e+00 2.521092e+00 1.010431e+01 4.314024e+03 1.610989e+04 2.0315 2.195188e-01
9.610000e-01 3.361200e+00 2.132097e+00 2.521825e+00 1.010770e+01 4.370089e+03 1.610077e+04 2.03327 2.224128e-01
9.600000e-01 3.361200e+00 2.132833e+00 2.522558e+00 1.011110e+01 4.425408e+03 1.609175e+04 2.03506 2.252700e-01
9.590000e-01 3.361200e+00 2.133568e+00 2.523291e+00 1.011450e+01 4.479893e+03 1.608282e+04 2.03684 2.280861e-01
9.580000e-01 3.361200e+00 2.134301e+00 2.524018e+00 1.011790e+01 4.533474e+03 1.607399e+04 2.03862 2.308572e-01
9.570000e-01 3.361200e+00 2.135074e+00 2.524796e+00 1.012139e+01 4.586101e+03 1.606514e+04 2.04046 2.335787e-01
9.560000e-01 3.361200e+00 2.135761e+00 2.525457e+00 1.012473e+01 4.638186e+03 1.605661e+04 2.04219 2.362791e-01
9.550000e-01 3.361200e+00 2.136536e+00 2.526234e+00 1.012826e+01 4.689781e+03 1.604786e+04 2.04404 2.389509e-01
9.540000e-01 3.361200e+00 2.137275e+00 2.526962e+00 1.013172e+01 4.741052e+03 1.603926e+04 2.04585 2.416095e-01
9.530000e-01 3.361200e+00 2.138018e+00 2.527695e+00 1.013520e+01 4.791883e+03 1.603070e+04 2.04766 2.442466e-01
9.520000e-01 3.361200e+00 2.138763e+00 2.528433e+00 1.013868e+01 4.842228e+03 1.602221e+04 2.04948 2.468598e-01
9.510000e-01 3.361200e+00 2.139512e+00 2.529177e+00 1.014217e+01 4.892113e+03 1.601376e+04 2.0513 2.494503e-01
9.500000e-01 3.361200e+00 2.140263e+00 2.529925e+00 1.014567e+01 4.941511e+03 1.600538e+04 2.05313 2.520168e-01
9.490000e-01 3.361200e+00 2.141017e+00 2.530676e+00 1.014918e+01 4.990400e+03 1.599706e+04 2.05496 2.545580e-01
9.480000e-01 3.361200e+00 2.141771e+00 2.531430e+00 1.015269e+01 5.038736e+03 1.598881e+04 2.0568 2.570720e-01
9.470000e-01 3.361200e+00 2.142526e+00 2.532183e+00 1.015621e+01 5.086529e+03 1.598061e+04 2.05864 2.595593e-01
9.460000e-01 3.361200e+00 2.143282e+00 2.532939e+00 1.015973e+01 5.133892e+03 1.597246e+04 2.06048 2.620256e-01
9.450000e-01 3.361200e+00 2.144041e+00 2.533698e+00 1.016327e+01 5.180870e+03 1.596435e+04 2.06233 2.644733e-01
9.440000e-01 3.361200e+00 2.144803e+00 2.534460e+00 1.016682e+01 5.227430e+03 1.595628e+04 2.06418 2.669005e-01
9.430000e-01 3.361200e+00 2.145565e+00 2.535225e+00 1.017037e+01 5.273513e+03 1.594825e+04 2.06604 2.693042e-01
9.420000e-01 3.361200e+00 2.146328e+00 2.535989e+00 1.017393e+01 5.319103e+03 1.594028e+04 2.0679 2.716837e-01
9.410000e-01 3.361200e+00 2.147092e+00 2.536754e+00 1.017750e+01 5.364268e+03 1.593235e+04 2.06977 2.740425e-01
9.400000e-01 3.361200e+00 2.147856e+00 2.537519e+00 1.018107e+01 5.408952e+03 1.592447e+04 2.07163 2.763778e-01
9.390000e-01 3.361200e+00 2.148619e+00 2.538281e+00 1.018465e+01 5.453086e+03 1.591665e+04 2.0735 2.786859e-01
9.380000e-01 3.361200e+00 2.149379e+00 2.539038e+00 1.018822e+01 5.496631e+03 1.590888e+04 2.07536 2.809650e-01
9.370000e-01 3.361200e+00 2.150137e+00 2.539791e+00 1.019181e+01 5.539716e+03 1.590117e+04 2.07723 2.832219e-01
9.360000e-01 3.361200e+00 2.150898e+00 2.540545e+00 1.019541e+01 5.582557e+03 1.589347e+04 2.0791 2.854676e-01
9.350000e-01 3.361200e+00 2.151663e+00 2.541305e+00 1.019903e+01 5.625214e+03 1.588578e+04 2.08099 2.877049e-01
9.340000e-01 3.361200e+00 2.152432e+00 2.542070e+00 1.020267e+01 5.667651e+03 1.587810e+04 2.08288 2.899316e-01
9.330000e-01 3.361200e+00 2.153205e+00 2.542841e+00 1.020632e+01 5.709818e+03 1.587044e+04 2.08478 2.921454e-01
9.320000e-01 3.361200e+00 2.153981e+00 2.543616e+00 1.020998e+01 5.751706e+03 1.586281e+04 2.08669 2.943455e-01
9.310000e-01 3.361200e+00 2.154760e+00 2.544395e+00 1.021366e+01 5.793303e+03 1.585521e+04 2.0886 2.965315e-01
9.300000e-01 3.361200e+00 2.155540e+00 2.545178e+00 1.021733e+01 5.834579e+03 1.584764e+04 2.09051 2.987017e-01
9.290000e-01 3.361200e+00 2.156322e+00 2.545962e+00 1.022102e+01 5.875500e+03 1.584011e+04 2.09243 3.008545e-01
9.280000e-01 3.361200e+00 2.157104e+00 2.546747e+00 1.022471e+01 5.916062e+03 1.583262e+04 2.09435 3.029898e-01
9.270000e-01 3.361200e+00 2.157887e+00 2.547533e+00 1.022841e+01 5.956349e+03 1.582515e+04 2.09628 3.051120e-01
9.260000e-01 3.361200e+00 2.158673e+00 2.548323e+00 1.023212e+01 5.996404e+03 1.581770e+04 2.09821 3.072231e-01
9.250000e-01 3.361200e+00 2.159462e+00 2.549117e+00 1.023585e+01 6.036209e+03 1.581026e+04 2.10015 3.093223e-01
9.240000e-01 3.361200e+00 2.160252e+00 2.549913e+00 1.023958e+01 6.075718e+03 1.580285e+04 2.1021 3.114070e-01
9.230000e-01 3.361200e+00 2.161044e+00 2.550709e+00 1.024332e+01 6.114910e+03 1.579546e+04 2.10404 3.134765e-01
9.220000e-01 3.361200e+00 2.161836e+00 2.551507e+00 1.024707e+01 6.153830e+03 1.578809e+04 2.106 3.155329e-01
9.210000e-01 3.361200e+00 2.162629e+00 2.552305e+00 1.025083e+01 6.192416e+03 1.578075e+04 2.10795 3.175730e-01
9.200000e-01 3.361200e+00 2.163421e+00 2.553101e+00 1.025460e+01 6.230615e+03 1.577344e+04 2.10991 3.195943e-01
9.190000e-01 3.361200e+00 2.164211e+00 2.553893e+00 1.025836e+01 6.268390e+03 1.576617e+04 2.11186 3.215948e-01
9.180000e-01 3.361200e+00 2.164999e+00 2.554681e+00 1.026213e+01 6.305851e+03 1.575892e+04 2.11381 3.235804e-01
9.170000e-01 3.361200e+00 2.165790e+00 2.555472e+00 1.026592e+01 6.343157e+03 1.575167e+04 2.11578 3.255592e-01
9.160000e-01 3.361200e+00 2.166586e+00 2.556268e+00 1.026973e+01 6.380344e+03 1.574442e+04 2.11775 3.275328e-01
9.150000e-01 3.361200e+00 2.167385e+00 2.557069e+00 1.027356e+01 6.417381e+03 1.573717e+04 2.11974 3.294995e-01
9.140000e-01 3.361200e+00 2.168187e+00 2.557875e+00 1.027740e+01 6.454228e+03 1.572992e+04 2.12173 3.314570e-01
9.130000e-01 3.361200e+00 2.168992e+00 2.558685e+00 1.028125e+01 6.490867e+03 1.572269e+04 2.12372 3.334045e-01
9.120000e-01 3.361200e+00 2.169799e+00 2.559498e+00 1.028510e+01 6.527289e+03 1.571547e+04 2.12572 3.353415e-01
9.110000e-01 3.361200e+00 2.170608e+00 2.560314e+00 1.028897e+01 6.563460e+03 1.570828e+04 2.12772 3.372662e-01
9.100000e-01 3.361200e+00 2.171417e+00 2.561130e+00 1.029284e+01 6.599349e+03 1.570111e+04 2.12973 3.391772e-01
9.090000e-01 3.361200e+00 2.172226e+00 2.561947e+00 1.029671e+01 6.634976e+03 1.569396e+04 2.13174 3.410754e-01
9.080000e-01 3.361200e+00 2.173037e+00 2.562766e+00 1.030060e+01 6.670413e+03 1.568682e+04 2.13375 3.429647e-01
9.070000e-01 3.361200e+00 2.173850e+00 2.563589e+00 1.030450e+01 6.705680e+03 1.567969e+04 2.13577 3.448461e-01
9.060000e-01 3.361200e+00 2.174666e+00 2.564414e+00 1.030841e+01 6.740752e+03 1.567257e+04 2.1378 3.467182e-01
9.050000e-01 3.361200e+00 2.175483e+00 2.565241e+00 1.031233e+01 6.775598e+03 1.566547e+04 2.13983 3.485795e-01
9.040000e-01 3.361200e+00 2.176301e+00 2.566069e+00 1.031626e+01 6.810229e+03 1.565837e+04 2.14186 3.504306e-01
9.030000e-01 3.361200e+00 2.177121e+00 2.566899e+00 1.032020e+01 6.844649e+03 1.565129e+04 2.1439 3.522716e-01
9.020000e-01 3.361200e+00 2.177940e+00 2.567728e+00 1.032415e+01 6.878798e+03 1.564422e+04 2.14594 3.540995e-01
9.010000e-01 3.361200e+00 2.178758e+00 2.568554e+00 1.032810e+01 6.912634e+03 1.563718e+04 2.14798 3.559122e-01
9.000000e-01 3.361200e+00 2.179575e+00 2.569377e+00 1.033206e+01 6.946166e+03 1.563016e+04 2.15002 3.577104e-01
8.990000e-01 3.361200e+00 2.180392e+00 2.570200e+00 1.033603e+01 6.979537e+03 1.562314e+04 2.15207 3.595014e-01
8.980000e-01 3.361200e+00 2.181213e+00 2.571026e+00 1.034002e+01 7.012823e+03 1.561611e+04 2.15412 3.612889e-01
8.970000e-01 3.361200e+00 2.182082e+00 2.571918e+00 1.034411e+01 7.045979e+03 1.560894e+04 2.15625 3.630654e-01
8.960000e-01 3.361200e+00 2.182912e+00 2.572756e+00 1.034814e+01 7.079063e+03 1.560189e+04 2.15832 3.648439e-01
8.950000e-01 3.361200e+00 2.183743e+00 2.573597e+00 1.035219e+01 7.112000e+03 1.559484e+04 2.1604 3.666156e-01
8.940000e-01 3.361200e+00 2.184577e+00 2.574442e+00 1.035624e+01 7.144788e+03 1.558780e+04 2.16249 3.683801e-01
8.930000e-01 3.361200e+00 2.185413e+00 2.575290e+00 1.036030e+01 7.177392e+03 1.558077e+04 2.16458 3.701358e-01
8.920000e-01 3.361200e+00 2.186250e+00 2.576139e+00 1.036437e+01 7.209780e+03 1.557375e+04 2.16668 3.718811e-01
8.910000e-01 3.361200e+00 2.187087e+00 2.576988e+00 1.036844e+01 7.241941e+03 1.556675e+04 2.16877 3.736152e-01
8.900000e-01 3.361200e+00 2.187925e+00 2.577839e+00 1.037252e+01 7.273930e+03 1.555975e+04 2.17087 3.753413e-01
8.890000e-01 3.361200e+00 2.188765e+00 2.578693e+00 1.037662e+01 7.305779e+03 1.555276e+04 2.17298 3.770609e-01
8.880000e-01 3.361200e+00 2.189607e+00 2.579550e+00 1.038073e+01 7.337478e+03 1.554577e+04 2.17509 3.787735e-01
8.870000e-01 3.361200e+00 2.190450e+00 2.580408e+00 1.038484e+01 7.369000e+03 1.553878e+04 2.17721 3.804776e-01
8.860000e-01 3.361200e+00 2.191295e+00 2.581268e+00 1.038897e+01 7.400342e+03 1.553180e+04 2.17933 3.821732e-01
8.850000e-01 3.361200e+00 2.192141e+00 2.582129e+00 1.039311e+01 7.431519e+03 1.552482e+04 2.18145 3.838612e-01
8.840000e-01 3.361200e+00 2.192987e+00 2.582990e+00 1.039726e+01 7.462483e+03 1.551786e+04 2.18358 3.855389e-01
8.830000e-01 3.361200e+00 2.193832e+00 2.583849e+00 1.040141e+01 7.493197e+03 1.551090e+04 2.18571 3.872044e-01
8.820000e-01 3.361200e+00 2.194675e+00 2.584704e+00 1.040556e+01 7.523649e+03 1.550397e+04 2.18784 3.888574e-01
8.810000e-01 3.361200e+00 2.195519e+00 2.585559e+00 1.040973e+01 7.553948e+03 1.549703e+04 2.18997 3.905036e-01
8.800000e-01 3.361200e+00 2.196366e+00 2.586417e+00 1.041392e+01 7.584177e+03 1.549008e+04 2.19211 3.921472e-01
8.790000e-01 3.361200e+00 2.197217e+00 2.587280e+00 1.041813e+01 7.614349e+03 1.548311e+04 2.19426 3.937886e-01
8.780000e-01 3.361200e+00 2.198071e+00 2.588148e+00 1.042236e+01 7.644434e+03 1.547613e+04 2.19643 3.954263e-01
8.770000e-01 3.361200e+00 2.198929e+00 2.589021e+00 1.042660e+01 7.674409e+03 1.546914e+04 2.19859 3.970588e-01
8.760000e-01 3.361200e+00 2.199789e+00 2.589897e+00 1.043086e+01 7.704273e+03 1.546215e+04 2.20077 3.986863e-01
8.750000e-01 3.361200e+00 2.200651e+00 2.590775e+00 1.043513e+01 7.733994e+03 1.545516e+04 2.20295 4.003069e-01
8.740000e-01 3.361200e+00 2.201514e+00 2.591656e+00 1.043941e+01 7.763541e+03 1.544818e+04 2.20513 4.019190e-01
8.730000e-01 3.361200e+00 2.202377e+00 2.592537e+00 1.044369e+01 7.792899e+03 1.544120e+04 2.20732 4.035221e-01
8.720000e-01 3.361200e+00 2.203242e+00 2.593419e+00 1.044798e+01 7.822115e+03 1.543422e+04 2.2095 4.051185e-01
8.710000e-01 3.361200e+00 2.204108e+00 2.594304e+00 1.045229e+01 7.851213e+03 1.542725e+04 2.2117 4.067095e-01
8.700000e-01 3.361200e+00 2.204976e+00 2.595192e+00 1.045661e+01 7.880185e+03 1.542027e+04 2.2139 4.082947e-01
8.690000e-01 3.361200e+00 2.205845e+00 2.596081e+00 1.046094e+01 7.909002e+03 1.541329e+04 2.2161 4.098725e-01
8.680000e-01 3.361200e+00 2.206716e+00 2.596971e+00 1.046528e+01 7.937675e+03 1.540630e+04 2.21831 4.114436e-01
8.670000e-01 3.361200e+00 2.207587e+00 2.597863e+00 1.046963e+01 7.966201e+03 1.539932e+04 2.22052 4.130079e-01
8.660000e-01 3.361200e+00 2.208459e+00 2.598754e+00 1.047399e+01 7.994537e+03 1.539235e+04 2.22274 4.145630e-01
8.650000e-01 3.361200e+00 2.209329e+00 2.599643e+00 1.047835e+01 8.022651e+03 1.538538e+04 2.22495 4.161073e-01
8.640000e-01 3.361200e+00 2.210198e+00 2.600529e+00 1.048272e+01 8.050547e+03 1.537842e+04 2.22717 4.176414e-01
8.630000e-01 3.361200e+00 2.211068e+00 2.601415e+00 1.048710e+01 8.078335e+03 1.537146e+04 2.22939 4.191708e-01
8.620000e-01 3.361200e+00 2.211941e+00 2.602305e+00 1.049151e+01 8.106067e+03 1.536447e+04 2.23162 4.206984e-01
8.610000e-01 3.361200e+00 2.212817e+00 2.603199e+00 1.049594e+01 8.133749e+03 1.535747e+04 2.23386 4.222240e-01
8.600000e-01 3.361200e+00 2.213697e+00 2.604098e+00 1.050038e+01 8.161351e+03 1.535045e+04 2.23611 4.237462e-01
8.590000e-01 3.361200e+00 2.214580e+00 2.605001e+00 1.050484e+01 8.188865e+03 1.534342e+04 2.23837 4.252644e-01
8.580000e-01 3.361200e+00 2.215466e+00 2.605908e+00 1.050932e+01 8.216286e+03 1.533638e+04 2.24063 4.267784e-01
8.570000e-01 3.361200e+00 2.216353e+00 2.606817e+00 1.051381e+01 8.243578e+03 1.532933e+04 2.24289 4.282863e-01
8.560000e-01 3.361200e+00 2.217241e+00 2.607727e+00 1.051831e+01 8.270715e+03 1.532229e+04 2.24516 4.297866e-01
8.550000e-01 3.361200e+00 2.218129e+00 2.608639e+00 1.052282e+01 8.297701e+03 1.531525e+04 2.24744 4.312798e-01
8.540000e-01 3.361200e+00 2.219018e+00 2.609551e+00 1.052733e+01 8.324580e+03 1.530820e+04 2.24971 4.327681e-01
8.530000e-01 3.361200e+00 2.219910e+00 2.610467e+00 1.053187e+01 8.351356e+03 1.530115e+04 2.252 4.342518e-01
8.520000e-01 3.361200e+00 2.220803e+00 2.611385e+00 1.053641e+01 8.378013e+03 1.529409e+04 2.25429 4.357299e-01
8.510000e-01 3.361200e+00 2.221698e+00 2.612304e+00 1.054097e+01 8.404538e+03 1.528702e+04 2.25658 4.372018e-01
8.500000e-01 3.361200e+00 2.222593e+00 2.613224e+00 1.054554e+01 8.430934e+03 1.527995e+04 2.25888 4.386677e-01
8.490000e-01 3.361200e+00 2.223489e+00 2.614145e+00 1.055012e+01 8.457188e+03 1.527288e+04 2.26118 4.401270e-01
8.480000e-01 3.361200e+00 2.224384e+00 2.615065e+00 1.055471e+01 8.483252e+03 1.526581e+04 2.26348 4.415770e-01
8.470000e-01 3.361200e+00 2.225277e+00 2.615981e+00 1.055930e+01 8.509114e+03 1.525875e+04 2.26578 4.430174e-01
8.460000e-01 3.361200e+00 2.225527e+00 2.616085e+00 1.056179e+01 8.537924e+03 1.525544e+04 2.26779 4.448122e-01
8.450000e-01 3.361200e+00 2.227094e+00 2.617851e+00 1.056857e+01 8.560423e+03 1.524452e+04 2.27044 4.458777e-01
8.440000e-01 3.361200e+00 2.228008e+00 2.618795e+00 1.057325e+01 8.586040e+03 1.523736e+04 2.27277 4.473027e-01
8.430000e-01 3.361200e+00 2.228910e+00 2.619722e+00 1.057791e+01 8.611593e+03 1.523023e+04 2.2751 4.487303e-01
8.420000e-01 3.361200e+00 2.229815e+00 2.620652e+00 1.058260e+01 8.637060e+03 1.522308e+04 2.27743 4.501541e-01
8.410000e-01 3.361200e+00 2.230723e+00 2.621586e+00 1.058730e+01 8.662459e+03 1.521593e+04 2.27978 4.515750e-01
8.400000e-01 3.361200e+00 2.231633e+00 2.622522e+00 1.059201e+01 8.687755e+03 1.520875e+04 2.28213 4.529911e-01
8.390000e-01 3.361200e+00 2.232543e+00 2.623461e+00 1.059674e+01 8.712925e+03 1.520158e+04 2.28448 4.544012e-01
8.380000e-01 3.361200e+00 2.233454e+00 2.624400e+00 1.060147e+01 8.737957e+03 1.519440e+04 2.28684 4.558047e-01
8.370000e-01 3.361200e+00 2.234366e+00 2.625340e+00 1.060622e+01 8.762881e+03 1.518722e+04 2.2892 4.572033e-01
8.360000e-01 3.361200e+00 2.235280e+00 2.626283e+00 1.061098e+01 8.787723e+03 1.518002e+04 2.29157 4.585982e-01
8.350000e-01 3.361200e+00 2.236196e+00 2.627228e+00 1.061576e+01 8.812454e+03 1.517281e+04 2.29394 4.599881e-01
8.340000e-01 3.361200e+00 2.237113e+00 2.628176e+00 1.062055e+01 8.837084e+03 1.516559e+04 2.29632 4.613731e-01
8.330000e-01 3.361200e+00 2.238030e+00 2.629123e+00 1.062536e+01 8.861579e+03 1.515837e+04 2.2987 4.627520e-01
8.320000e-01 3.361200e+00 2.238949e+00 2.630072e+00 1.063017e+01 8.885967e+03 1.515114e+04 2.30108 4.641258e-01
8.310000e-01 3.361200e+00 2.239866e+00 2.631019e+00 1.063499e+01 8.910179e+03 1.514390e+04 2.30347 4.654912e-01
8.300000e-01 3.361200e+00 2.240782e+00 2.631964e+00 1.063982e+01 8.934211e+03 1.513667e+04 2.30585 4.668479e-01
8.290000e-01 3.361200e+00 2.240969e+00 2.631994e+00 1.064236e+01 8.961448e+03 1.513353e+04 2.3077 4.685690e-01
8.280000e-01 3.361200e+00 2.242595e+00 2.633823e+00 1.064947e+01 8.981897e+03 1.512225e+04 2.31062 4.695509e-01
8.270000e-01 3.361200e+00 2.242797e+00 2.633877e+00 1.065206e+01 9.009057e+03 1.511906e+04 2.31249 4.712672e-01
8.260000e-01 3.361200e+00 2.244437e+00 2.635722e+00 1.065925e+01 9.029399e+03 1.510767e+04 2.31544 4.722413e-01
8.250000e-01 3.361200e+00 2.244642e+00 2.635780e+00 1.066186e+01 9.056447e+03 1.510446e+04 2.31732 4.739541e-01
8.240000e-01 3.361200e+00 2.246334e+00 2.637697e+00 1.066920e+01 9.076609e+03 1.509287e+04 2.32033 4.749102e-01
8.230000e-01 3.361200e+00 2.247241e+00 2.638629e+00 1.067411e+01 9.100159e+03 1.508557e+04 2.32272 4.762485e-01
8.220000e-01 3.361200e+00 2.247429e+00 2.638666e+00 1.067672e+01 9.126961e+03 1.508241e+04 2.32458 4.779540e-01
8.210000e-01 3.361200e+00 2.249127e+00 2.640588e+00 1.068411e+01 9.146764e+03 1.507076e+04 2.32763 4.788958e-01
8.200000e-01 3.361200e+00 2.250036e+00 2.641522e+00 1.068906e+01 9.169977e+03 1.506343e+04 2.33003 4.802184e-01
8.190000e-01 3.361200e+00 2.250216e+00 2.641553e+00 1.069168e+01 9.196528e+03 1.506028e+04 2.33187 4.819118e-01
8.180000e-01 3.361200e+00 2.251929e+00 2.643493e+00 1.069914e+01 9.216025e+03 1.504854e+04 2.33497 4.828402e-01
8.170000e-01 3.361200e+00 2.252089e+00 2.643499e+00 1.070174e+01 9.242444e+03 1.504544e+04 2.33677 4.845277e-01
8.160000e-01 3.361200e+00 2.253803e+00 2.645437e+00 1.070923e+01 9.261704e+03 1.503366e+04 2.33989 4.854470e-01
8.150000e-01 3.361200e+00 2.253955e+00 2.645433e+00 1.071184e+01 9.287930e+03 1.503057e+04 2.34166 4.871245e-01
8.140000e-01 3.361200e+00 2.255678e+00 2.647381e+00 1.071937e+01 9.306885e+03 1.501875e+04 2.34482 4.880302e-01
8.130000e-01 3.361200e+00 2.255807e+00 2.647350e+00 1.072197e+01 9.332834e+03 1.501568e+04 2.34653 4.896920e-01
8.120000e-01 3.361200e+00 2.257547e+00 2.649316e+00 1.072954e+01 9.351442e+03 1.500382e+04 2.34974 4.905837e-01
8.110000e-01 3.361200e+00 2.257670e+00 2.649278e+00 1.073215e+01 9.377247e+03 1.500076e+04 2.35145 4.922401e-01
8.100000e-01 3.361200e+00 2.259422e+00 2.651257e+00 1.073979e+01 9.395733e+03 1.498879e+04 2.3547 4.931267e-01
8.090000e-01 3.361200e+00 2.259548e+00 2.651223e+00 1.074242e+01 9.421451e+03 1.498572e+04 2.35641 4.947816e-01
8.080000e-01 3.361200e+00 2.261308e+00 2.653213e+00 1.075013e+01 9.439804e+03 1.497367e+04 2.35968 4.956609e-01
8.070000e-01 3.361200e+00 2.261433e+00 2.653181e+00 1.075278e+01 9.465414e+03 1.497059e+04 2.3614 4.973122e-01
8.060000e-01 3.361200e+00 2.263203e+00 2.655181e+00 1.076054e+01 9.483594e+03 1.495846e+04 2.3647 4.981825e-01
8.050000e-01 3.361200e+00 2.263321e+00 2.655142e+00 1.076321e+01 9.509037e+03 1.495538e+04 2.36639 4.998257e-01
8.040000e-01 3.361200e+00 2.265101e+00 2.657154e+00 1.077101e+01 9.526968e+03 1.494319e+04 2.36972 5.006844e-01
8.030000e-01 3.361200e+00 2.265212e+00 2.657108e+00 1.077369e+01 9.552259e+03 1.494012e+04 2.3714 5.023207e-01
8.020000e-01 3.361200e+00 2.267003e+00 2.659134e+00 1.078155e+01 9.570008e+03 1.492785e+04 2.37476 5.031711e-01
8.010000e-01 3.361200e+00 2.267109e+00 2.659083e+00 1.078424e+01 9.595164e+03 1.492478e+04 2.37643 5.048017e-01
8.000000e-01 3.361200e+00 2.268910e+00 2.661120e+00 1.079215e+01 9.612692e+03 1.491244e+04 2.37982 5.056416e-01
7.990000e-01 3.361200e+00 2.269004e+00 2.661056e+00 1.079484e+01 9.637675e+03 1.490937e+04 2.38147 5.072637e-01
7.980000e-01 3.361200e+00 2.270817e+00 2.663108e+00 1.080281e+01 9.654942e+03 1.489698e+04 2.3849 5.080915e-01
7.970000e-01 3.361200e+00 2.270892e+00 2.663020e+00 1.080549e+01 9.679688e+03 1.489393e+04 2.38649 5.097009e-01
7.960000e-01 3.361200e+00 2.272719e+00 2.665086e+00 1.081349e+01 9.696599e+03 1.488149e+04 2.38997 5.105130e-01
7.950000e-01 3.361200e+00 2.272780e+00 2.664981e+00 1.081618e+01 9.721161e+03 1.487845e+04 2.39153 5.121139e-01
7.940000e-01 3.361200e+00 2.274623e+00 2.667065e+00 1.082425e+01 9.737917e+03 1.486591e+04 2.39505 5.129200e-01
7.930000e-01 3.361200e+00 2.274684e+00 2.666962e+00 1.082696e+01 9.762406e+03 1.486286e+04 2.39663 5.145205e-01
7.920000e-01 3.361200e+00 2.276537e+00 2.669057e+00 1.083511e+01 9.779026e+03 1.485022e+04 2.40017 5.153188e-01
7.910000e-01 3.361200e+00 2.276597e+00 2.668955e+00 1.083784e+01 9.803421e+03 1.484715e+04 2.40175 5.169170e-01
7.900000e-01 3.361200e+00 2.278459e+00 2.671061e+00 1.084605e+01 9.819887e+03 1.483442e+04 2.40532 5.177067e-01
7.890000e-01 3.361200e+00 2.278512e+00 2.670953e+00 1.084879e+01 9.844143e+03 1.483135e+04 2.40688 5.192990e-01
7.880000e-01 3.361200e+00 2.280384e+00 2.673071e+00 1.085706e+01 9.860376e+03 1.481855e+04 2.41048 5.200771e-01
7.870000e-01 3.361200e+00 2.280427e+00 2.672952e+00 1.085981e+01 9.884478e+03 1.481549e+04 2.41202 5.216625e-01
7.860000e-01 3.361200e+00 2.282313e+00 2.675086e+00 1.086813e+01 9.900528e+03 1.480259e+04 2.41565 5.224321e-01
7.850000e-01 3.361200e+00 2.282350e+00 2.674962e+00 1.087090e+01 9.924514e+03 1.479953e+04 2.41719 5.240134e-01
7.840000e-01 3.361200e+00 2.284288e+00 2.677167e+00 1.087937e+01 9.940325e+03 1.478642e+04 2.42089 5.247613e-01
7.830000e-01 3.361200e+00 2.284287e+00 2.676994e+00 1.088209e+01 9.964174e+03 1.478343e+04 2.42237 5.263415e-01
7.820000e-01 3.361200e+00 2.286222e+00 2.679191e+00 1.089058e+01 9.979746e+03 1.477031e+04 2.4261 5.270822e-01
7.810000e-01 3.361200e+00 2.286203e+00 2.678997e+00 1.089329e+01 1.000339e+04 1.476733e+04 2.42753 5.286520e-01
7.800000e-01 3.361200e+00 2.288150e+00 2.681207e+00 1.090183e+01 1.001862e+04 1.475416e+04 2.4313 5.293769e-01
7.790000e-01 3.361200e+00 2.288112e+00 2.680988e+00 1.090454e+01 1.004207e+04 1.475120e+04 2.4327 5.309379e-01
7.780000e-01 3.361200e+00 2.290078e+00 2.683221e+00 1.091315e+01 1.005712e+04 1.473793e+04 2.43652 5.316555e-01
7.770000e-01 3.361200e+00 2.290038e+00 2.683002e+00 1.091588e+01 1.008050e+04 1.473496e+04 2.43792 5.332166e-01
7.760000e-01 3.361200e+00 2.292014e+00 2.685246e+00 1.092457e+01 1.009542e+04 1.472157e+04 2.44177 5.339259e-01
7.750000e-01 3.361200e+00 2.291971e+00 2.685025e+00 1.092732e+01 1.011871e+04 1.471858e+04 2.44317 5.354853e-01
7.740000e-01 3.361200e+00 2.293958e+00 2.687282e+00 1.093609e+01 1.013347e+04 1.470508e+04 2.44704 5.361858e-01
7.730000e-01 3.361200e+00 2.293906e+00 2.687054e+00 1.093885e+01 1.015664e+04 1.470209e+04 2.44842 5.377406e-01
7.720000e-01 3.361200e+00 2.295904e+00 2.689324e+00 1.094768e+01 1.017117e+04 1.468851e+04 2.45232 5.384291e-01
7.710000e-01 3.361200e+00 2.295840e+00 2.689082e+00 1.095045e+01 1.019419e+04 1.468552e+04 2.45369 5.399780e-01
7.700000e-01 3.361200e+00 2.297853e+00 2.691370e+00 1.095934e+01 1.020855e+04 1.467185e+04 2.45762 5.406576e-01
7.690000e-01 3.361200e+00 2.297780e+00 2.691120e+00 1.096212e+01 1.023146e+04 1.466886e+04 2.45897 5.422034e-01
7.680000e-01 3.361200e+00 2.299805e+00 2.693423e+00 1.097109e+01 1.024562e+04 1.465508e+04 2.46294 5.428721e-01
7.670000e-01 3.361200e+00 2.299718e+00 2.693157e+00 1.097388e+01 1.026838e+04 1.465209e+04 2.46426 5.444114e-01
7.660000e-01 3.361200e+00 2.301756e+00 2.695475e+00 1.098290e+01 1.028228e+04 1.463824e+04 2.46827 5.450677e-01
7.650000e-01 3.361200e+00 2.301648e+00 2.695184e+00 1.098568e+01 1.030485e+04 1.463526e+04 2.46954 5.465976e-01
7.640000e-01 3.361200e+00 2.303701e+00 2.697517e+00 1.099475e+01 1.031843e+04 1.462134e+04 2.47359 5.472378e-01
7.630000e-01 3.361200e+00 2.303573e+00 2.697202e+00 1.099753e+01 1.034082e+04 1.461838e+04 2.47483 5.487603e-01
7.620000e-01 3.361200e+00 2.305644e+00 2.699558e+00 1.100669e+01 1.035423e+04 1.460435e+04 2.47892 5.493930e-01
7.610000e-01 3.361200e+00 2.305511e+00 2.699238e+00 1.100948e+01 1.037654e+04 1.460136e+04 2.48016 5.509157e-01
7.600000e-01 3.361200e+00 2.307595e+00 2.701608e+00 1.101872e+01 1.038981e+04 1.458721e+04 2.48428 5.515392e-01
7.590000e-01 3.361200e+00 2.307456e+00 2.701285e+00 1.102154e+01 1.041204e+04 1.458421e+04 2.48552 5.530610e-01
7.580000e-01 3.361200e+00 2.309550e+00 2.703667e+00 1.103087e+01 1.042514e+04 1.456993e+04 2.48966 5.536744e-01
7.570000e-01 3.361200e+00 2.309401e+00 2.703334e+00 1.103370e+01 1.044725e+04 1.456693e+04 2.49088 5.551917e-01
7.560000e-01 3.361200e+00 2.311507e+00 2.705730e+00 1.104308e+01 1.046013e+04 1.455256e+04 2.49505 5.557931e-01
7.550000e-01 3.361200e+00 2.311343e+00 2.705379e+00 1.104592e+01 1.048211e+04 1.454955e+04 2.49624 5.573061e-01
7.540000e-01 3.361200e+00 2.313466e+00 2.707796e+00 1.105539e+01 1.049481e+04 1.453506e+04 2.50045 5.578978e-01
7.530000e-01 3.361200e+00 2.313291e+00 2.707435e+00 1.105824e+01 1.051669e+04 1.453205e+04 2.50163 5.594080e-01
7.520000e-01 3.361200e+00 2.315466e+00 2.709923e+00 1.106787e+01 1.052914e+04 1.451732e+04 2.50591 5.599760e-01
7.510000e-01 3.361200e+00 2.315251e+00 2.709510e+00 1.107067e+01 1.055090e+04 1.451438e+04 2.50703 5.614868e-01
7.500000e-01 3.361200e+00 2.317424e+00 2.711992e+00 1.108033e+01 1.056311e+04 1.449962e+04 2.51133 5.620463e-01
7.490000e-01 3.361200e+00 2.317183e+00 2.711548e+00 1.108312e+01 1.058466e+04 1.449670e+04 2.51239 5.635479e-01
7.480000e-01 3.361200e+00 2.319372e+00 2.714046e+00 1.109284e+01 1.059656e+04 1.448186e+04 2.51674 5.640917e-01
7.470000e-01 3.361200e+00 2.319113e+00 2.713580e+00 1.109562e+01 1.061797e+04 1.447894e+04 2.51777 5.655892e-01
7.460000e-01 3.361200e+00 2.321321e+00 2.716102e+00 1.110544e+01 1.062972e+04 1.446397e+04 2.52216 5.661250e-01
7.450000e-01 3.361200e+00 2.321053e+00 2.715628e+00 1.110824e+01 1.065106e+04 1.446102e+04 2.52319 5.676226e-01
7.440000e-01 3.361200e+00 2.323273e+00 2.718164e+00 1.111815e+01 1.066266e+04 1.444590e+04 2.5276 5.681478e-01
7.430000e-01 3.361200e+00 2.322997e+00 2.717683e+00 1.112098e+01 1.068392e+04 1.444294e+04 2.52862 5.696447e-01
7.420000e-01 3.361200e+00 2.325230e+00 2.720234e+00 1.113097e+01 1.069533e+04 1.442770e+04 2.53306 5.701586e-01
7.410000e-01 3.361200e+00 2.324936e+00 2.719733e+00 1.113380e+01 1.071646e+04 1.442473e+04 2.53404 5.716511e-01
7.400000e-01 3.361200e+00 2.327184e+00 2.722300e+00 1.114387e+01 1.072766e+04 1.440937e+04 2.53852 5.721519e-01
7.390000e-01 3.361200e+00 2.326876e+00 2.721786e+00 1.114671e+01 1.074868e+04 1.440640e+04 2.53948 5.736419e-01
7.380000e-01 3.361200e+00 2.329139e+00 2.724373e+00 1.115687e+01 1.075971e+04 1.439090e+04 2.54399 5.741325e-01
7.370000e-01 3.361200e+00 2.328813e+00 2.723838e+00 1.115971e+01 1.078062e+04 1.438792e+04 2.54492 5.756197e-01
7.360000e-01 3.361200e+00 2.331092e+00 2.726442e+00 1.116995e+01 1.079141e+04 1.437230e+04 2.54946 5.760960e-01
7.350000e-01 3.361200e+00 2.330745e+00 2.725883e+00 1.117279e+01 1.081217e+04 1.436932e+04 2.55035 5.775777e-01
7.340000e-01 3.361200e+00 2.333038e+00 2.728505e+00 1.118310e+01 1.082269e+04 1.435360e+04 2.55492 5.780386e-01
7.330000e-01 3.361200e+00 2.332660e+00 2.727908e+00 1.118592e+01 1.084325e+04 1.435063e+04 2.55575 5.795110e-01
7.320000e-01 3.361200e+00 2.334974e+00 2.730552e+00 1.119631e+01 1.085350e+04 1.433481e+04 2.56037 5.799581e-01
7.310000e-01 3.361200e+00 2.334582e+00 2.729939e+00 1.119914e+01 1.087397e+04 1.433183e+04 2.56118 5.814305e-01
7.300000e-01 3.361200e+00 2.336911e+00 2.732603e+00 1.120963e+01 1.088407e+04 1.431585e+04 2.56584 5.818675e-01
7.290000e-01 3.361200e+00 2.336508e+00 2.731980e+00 1.121248e+01 1.090447e+04 1.431285e+04 2.56664 5.833399e-01
7.280000e-01 3.361200e+00 2.338850e+00 2.734658e+00 1.122308e+01 1.091441e+04 1.429671e+04 2.57132 5.837656e-01
7.270000e-01 3.361200e+00 2.338430e+00 2.734018e+00 1.122594e+01 1.093470e+04 1.429370e+04 2.57209 5.852364e-01
7.260000e-01 3.361200e+00 2.340826e+00 2.736769e+00 1.123671e+01 1.094440e+04 1.427728e+04 2.57684 5.856362e-01
7.250000e-01 3.361200e+00 2.340366e+00 2.736078e+00 1.123953e+01 1.096458e+04 1.427433e+04 2.57755 5.871094e-01
7.240000e-01 3.361200e+00 2.342762e+00 2.738826e+00 1.125035e+01 1.097409e+04 1.425784e+04 2.58232 5.875026e-01
7.230000e-01 3.361200e+00 2.342284e+00 2.738115e+00 1.125318e+01 1.099419e+04 1.425488e+04 2.58301 5.889754e-01
7.220000e-01 3.361200e+00 2.342364e+00 2.737986e+00 1.125703e+01 1.101225e+04 1.425026e+04 2.58525 5.904152e-01
7.210000e-01 3.361200e+00 2.345651e+00 2.741896e+00 1.127098e+01 1.101808e+04 1.422843e+04 2.59054 5.902778e-01
7.200000e-01 3.361200e+00 2.345142e+00 2.741150e+00 1.127382e+01 1.103797e+04 1.422545e+04 2.59116 5.917429e-01
7.190000e-01 3.361200e+00 2.345192e+00 2.740986e+00 1.127768e+01 1.105578e+04 1.422080e+04 2.59335 5.931719e-01
7.180000e-01 3.361200e+00 2.348529e+00 2.744954e+00 1.129180e+01 1.106110e+04 1.419872e+04 2.59874 5.930020e-01
7.170000e-01 3.361200e+00 2.347975e+00 2.744153e+00 1.129461e+01 1.108074e+04 1.419575e+04 2.59927 5.944577e-01
7.160000e-01 3.361200e+00 2.348010e+00 2.743972e+00 1.129850e+01 1.109832e+04 1.419107e+04 2.60144 5.958803e-01
7.150000e-01 3.361200e+00 2.351393e+00 2.747996e+00 1.131283e+01 1.110332e+04 1.416870e+04 2.60693 5.956877e-01
7.140000e-01 3.361200e+00 2.350817e+00 2.747173e+00 1.131567e+01 1.112285e+04 1.416569e+04 2.60744 5.971452e-01
7.130000e-01 3.361200e+00 2.350829e+00 2.746966e+00 1.131959e+01 1.114030e+04 1.416097e+04 2.60958 5.985670e-01
7.120000e-01 3.361200e+00 2.354255e+00 2.751042e+00 1.133416e+01 1.114497e+04 1.413823e+04 2.61513 5.983460e-01
7.110000e-01 3.361200e+00 2.353650e+00 2.750190e+00 1.133701e+01 1.116433e+04 1.413521e+04 2.6156 5.998008e-01
7.100000e-01 3.361200e+00 2.353634e+00 2.749949e+00 1.134094e+01 1.118158e+04 1.413047e+04 2.61769 6.012171e-01
7.090000e-01 3.361200e+00 2.357143e+00 2.754136e+00 1.135581e+01 1.118583e+04 1.410729e+04 2.62337 6.009559e-01
7.080000e-01 3.361200e+00 2.356489e+00 2.753223e+00 1.135863e+01 1.120507e+04 1.410432e+04 2.62377 6.024154e-01
7.070000e-01 3.361200e+00 2.356442e+00 2.752947e+00 1.136257e+01 1.122216e+04 1.409956e+04 2.62582 6.038310e-01
7.060000e-01 3.361200e+00 2.359988e+00 2.757176e+00 1.137765e+01 1.122601e+04 1.407610e+04 2.63157 6.035428e-01
7.050000e-01 3.361200e+00 2.359294e+00 2.756218e+00 1.138046e+01 1.124505e+04 1.407312e+04 2.63189 6.049968e-01
7.040000e-01 3.361200e+00 2.359210e+00 2.755898e+00 1.138440e+01 1.126189e+04 1.406836e+04 2.63388 6.064028e-01
7.030000e-01 3.361200e+00 2.362807e+00 2.760188e+00 1.139966e+01 1.126523e+04 1.404465e+04 2.63973 6.060811e-01
7.020000e-01 3.361200e+00 2.362066e+00 2.759172e+00 1.140245e+01 1.128402e+04 1.404168e+04 2.63997 6.075279e-01
7.010000e-01 3.361200e+00 2.361965e+00 2.758833e+00 1.140642e+01 1.130065e+04 1.403687e+04 2.64194 6.089292e-01
7.000000e-01 3.361200e+00 2.365609e+00 2.763181e+00 1.142192e+01 1.130366e+04 1.401282e+04 2.64788 6.085816e-01
6.990000e-01 3.361200e+00 2.364840e+00 2.762138e+00 1.142474e+01 1.132234e+04 1.400982e+04 2.64808 6.100307e-01
6.980000e-01 3.361200e+00 2.364710e+00 2.761765e+00 1.142873e+01 1.133884e+04 1.400497e+04 2.65001 6.114317e-01
6.970000e-01 3.361200e+00 2.368402e+00 2.766171e+00 1.144449e+01 1.134147e+04 1.398052e+04 2.65602 6.110515e-01
6.960000e-01 3.361200e+00 2.367596e+00 2.765087e+00 1.144732e+01 1.135999e+04 1.397750e+04 2.65616 6.124983e-01
6.950000e-01 3.361200e+00 2.367435e+00 2.764678e+00 1.145132e+01 1.137630e+04 1.397262e+04 2.65804 6.138943e-01
6.940000e-01 3.361200e+00 2.371177e+00 2.769146e+00 1.146733e+01 1.137854e+04 1.394781e+04 2.66414 6.134826e-01
6.930000e-01 3.361200e+00 2.370332e+00 2.768018e+00 1.147016e+01 1.139693e+04 1.394476e+04 2.66421 6.149289e-01
6.920000e-01 3.361200e+00 2.370140e+00 2.767574e+00 1.147418e+01 1.141306e+04 1.393984e+04 2.66604 6.163219e-01
6.910000e-01 3.361200e+00 2.373967e+00 2.772152e+00 1.149053e+01 1.141484e+04 1.391452e+04 2.67224 6.158622e-01
6.900000e-01 3.361200e+00 2.373056e+00 2.770944e+00 1.149330e+01 1.143302e+04 1.391153e+04 2.67221 6.173085e-01
6.890000e-01 3.361200e+00 2.372814e+00 2.770436e+00 1.149730e+01 1.144892e+04 1.390661e+04 2.67394 6.186939e-01
6.880000e-01 3.361200e+00 2.376688e+00 2.775068e+00 1.151382e+01 1.145019e+04 1.388105e+04 2.68024 6.182010e-01
6.870000e-01 3.361200e+00 2.375726e+00 2.773799e+00 1.151658e+01 1.146817e+04 1.387805e+04 2.68011 6.196432e-01
6.860000e-01 3.361200e+00 2.375460e+00 2.773264e+00 1.152060e+01 1.148388e+04 1.387308e+04 2.68182 6.210260e-01
6.850000e-01 3.361200e+00 2.379383e+00 2.777956e+00 1.153741e+01 1.148481e+04 1.384709e+04 2.68819 6.205016e-01
6.840000e-01 3.361200e+00 2.378384e+00 2.776646e+00 1.154018e+01 1.150268e+04 1.384405e+04 2.68801 6.219462e-01
6.830000e-01 3.361200e+00 2.378083e+00 2.776071e+00 1.154422e+01 1.151824e+04 1.383903e+04 2.68966 6.233281e-01
6.820000e-01 3.361200e+00 2.382058e+00 2.780827e+00 1.156132e+01 1.151877e+04 1.381259e+04 2.6961 6.227653e-01
6.810000e-01 3.361200e+00 2.381011e+00 2.779462e+00 1.156408e+01 1.153646e+04 1.380953e+04 2.69583 6.242077e-01
6.800000e-01 3.361200e+00 2.380676e+00 2.778848e+00 1.156814e+01 1.155185e+04 1.380446e+04 2.69742 6.255860e-01
6.790000e-01 3.361200e+00 2.384707e+00 2.783673e+00 1.158552e+01 1.155197e+04 1.377760e+04 2.70394 6.249874e-01
6.780000e-01 3.361200e+00 2.385619e+00 2.784664e+00 1.159376e+01 1.156281e+04 1.376567e+04 2.70658 6.257043e-01
6.770000e-01 3.361200e+00 2.386495e+00 2.785608e+00 1.160193e+01 1.157360e+04 1.375384e+04 2.70918 6.264292e-01
6.760000e-01 3.361200e+00 2.387365e+00 2.786545e+00 1.161012e+01 1.158430e+04 1.374198e+04 2.71176 6.271494e-01
6.750000e-01 3.361200e+00 2.388230e+00 2.787474e+00 1.161833e+01 1.159487e+04 1.373009e+04 2.71434 6.278628e-01
6.740000e-01 3.361200e+00 2.389089e+00 2.788397e+00 1.162656e+01 1.160531e+04 1.371818e+04 2.7169 6.285701e-01
6.730000e-01 3.361200e+00 2.389945e+00 2.789316e+00 1.163483e+01 1.161569e+04 1.370620e+04 2.71946 6.292735e-01
6.720000e-01 3.361200e+00 2.390798e+00 2.790234e+00 1.164314e+01 1.162599e+04 1.369415e+04 2.72202 6.299733e-01
6.710000e-01 3.361200e+00 2.391649e+00 2.791149e+00 1.165149e+01 1.163622e+04 1.368203e+04 2.72456 6.306689e-01
6.700000e-01 3.361200e+00 2.392497e+00 2.792063e+00 1.165989e+01 1.164638e+04 1.366985e+04 2.72711 6.313604e-01
6.690000e-01 3.361200e+00 2.393341e+00 2.792972e+00 1.166833e+01 1.165645e+04 1.365759e+04 2.72964 6.320468e-01
6.680000e-01 3.361200e+00 2.394181e+00 2.793877e+00 1.167680e+01 1.166644e+04 1.364529e+04 2.73215 6.327277e-01
6.670000e-01 3.361200e+00 2.395016e+00 2.794778e+00 1.168529e+01 1.167633e+04 1.363293e+04 2.73466 6.334033e-01
6.660000e-01 3.361200e+00 2.395848e+00 2.795673e+00 1.169384e+01 1.168614e+04 1.362049e+04 2.73716 6.340743e-01
6.650000e-01 3.361200e+00 2.396675e+00 2.796567e+00 1.170242e+01 1.169587e+04 1.360799e+04 2.73965 6.347407e-01
6.640000e-01 3.361200e+00 2.397498e+00 2.797455e+00 1.171103e+01 1.170552e+04 1.359543e+04 2.74212 6.354013e-01
6.630000e-01 3.361200e+00 2.398316e+00 2.798338e+00 1.171968e+01 1.171506e+04 1.358281e+04 2.74459 6.360562e-01
6.620000e-01 3.361200e+00 2.399129e+00 2.799215e+00 1.172835e+01 1.172450e+04 1.357015e+04 2.74703 6.367050e-01
6.610000e-01 3.361200e+00 2.399935e+00 2.800083e+00 1.173705e+01 1.173381e+04 1.355745e+04 2.74947 6.373464e-01
6.600000e-01 3.361200e+00 2.400734e+00 2.800942e+00 1.174576e+01 1.174300e+04 1.354472e+04 2.75188 6.379811e-01
6.590000e-01 3.361200e+00 2.401528e+00 2.801797e+00 1.175451e+01 1.175211e+04 1.353191e+04 2.75428 6.386115e-01
6.580000e-01 3.361200e+00 2.402351e+00 2.802694e+00 1.176340e+01 1.176110e+04 1.351890e+04 2.75671 6.392253e-01
6.570000e-01 3.361200e+00 2.403139e+00 2.803544e+00 1.177225e+01 1.177005e+04 1.350593e+04 2.7591 6.398460e-01
6.560000e-01 3.361200e+00 2.403921e+00 2.804388e+00 1.178115e+01 1.177894e+04 1.349290e+04 2.76147 6.404625e-01
6.550000e-01 3.361200e+00 2.404699e+00 2.805228e+00 1.179009e+01 1.178773e+04 1.347979e+04 2.76384 6.410737e-01
6.540000e-01 3.361200e+00 2.405473e+00 2.806063e+00 1.179907e+01 1.179643e+04 1.346662e+04 2.76618 6.416792e-01
6.530000e-01 3.361200e+00 2.406240e+00 2.806893e+00 1.180808e+01 1.180503e+04 1.345340e+04 2.76852 6.422792e-01
6.520000e-01 3.361200e+00 2.407003e+00 2.807717e+00 1.181714e+01 1.181354e+04 1.344010e+04 2.77084 6.428745e-01
6.510000e-01 3.361200e+00 2.407762e+00 2.808539e+00 1.182625e+01 1.182198e+04 1.342673e+04 2.77316 6.434646e-01
6.500000e-01 3.361200e+00 2.408515e+00 2.809356e+00 1.183539e+01 1.183031e+04 1.341330e+04 2.77545 6.440490e-01
6.490000e-01 3.361200e+00 2.409262e+00 2.810164e+00 1.184457e+01 1.183854e+04 1.339981e+04 2.77774 6.446270e-01
6.480000e-01 3.361200e+00 2.410003e+00 2.810967e+00 1.185379e+01 1.184666e+04 1.338628e+04 2.78 6.451987e-01
6.470000e-01 3.361200e+00 2.410736e+00 2.811760e+00 1.186302e+01 1.185465e+04 1.337270e+04 2.78225 6.457629e-01
6.460000e-01 3.361200e+00 2.411462e+00 2.812543e+00 1.187228e+01 1.186252e+04 1.335909e+04 2.78448 6.463205e-01
6.450000e-01 3.361200e+00 2.412182e+00 2.813321e+00 1.188158e+01 1.187032e+04 1.334539e+04 2.7867 6.468734e-01
6.440000e-01 3.361200e+00 2.412896e+00 2.814093e+00 1.189095e+01 1.187803e+04 1.333160e+04 2.7889 6.474212e-01
6.430000e-01 3.361200e+00 2.413605e+00 2.814860e+00 1.190036e+01 1.188566e+04 1.331773e+04 2.79108 6.479634e-01
6.420000e-01 3.361200e+00 2.414339e+00 2.815667e+00 1.190991e+01 1.189316e+04 1.330366e+04 2.79328 6.484883e-01
6.410000e-01 3.361200e+00 2.415037e+00 2.816422e+00 1.191942e+01 1.190060e+04 1.328962e+04 2.79543 6.490181e-01
6.400000e-01 3.361200e+00 2.415727e+00 2.817170e+00 1.192897e+01 1.190795e+04 1.327552e+04 2.79755 6.495419e-01
6.390000e-01 3.361200e+00 2.416409e+00 2.817910e+00 1.193856e+01 1.191521e+04 1.326135e+04 2.79966 6.500595e-01
6.380000e-01 3.361200e+00 2.417085e+00 2.818643e+00 1.194821e+01 1.192238e+04 1.324708e+04 2.80175 6.505714e-01
6.370000e-01 3.361200e+00 2.417755e+00 2.819370e+00 1.195790e+01 1.192945e+04 1.323275e+04 2.80381 6.510772e-01
6.360000e-01 3.361200e+00 2.418418e+00 2.820089e+00 1.196763e+01 1.193643e+04 1.321834e+04 2.80586 6.515764e-01
6.350000e-01 3.361200e+00 2.419073e+00 2.820801e+00 1.197740e+01 1.194329e+04 1.320387e+04 2.80789 6.520689e-01
6.340000e-01 3.361200e+00 2.419720e+00 2.821503e+00 1.198720e+01 1.195003e+04 1.318936e+04 2.8099 6.525541e-01
6.330000e-01 3.361200e+00 2.420358e+00 2.822194e+00 1.199703e+01 1.195664e+04 1.317480e+04 2.81188 6.530317e-01
6.320000e-01 3.361200e+00 2.420988e+00 2.822876e+00 1.200689e+01 1.196316e+04 1.316018e+04 2.81384 6.535029e-01
6.310000e-01 3.361200e+00 2.421611e+00 2.823550e+00 1.201682e+01 1.196959e+04 1.314547e+04 2.81578 6.539687e-01
6.300000e-01 3.361200e+00 2.422226e+00 2.824216e+00 1.202680e+01 1.197592e+04 1.313065e+04 2.8177 6.544282e-01
6.290000e-01 3.361200e+00 2.422835e+00 2.824876e+00 1.203684e+01 1.198217e+04 1.311574e+04 2.8196 6.548816e-01
6.280000e-01 3.361200e+00 2.423435e+00 2.825528e+00 1.204693e+01 1.198833e+04 1.310074e+04 2.82147 6.553281e-01
6.270000e-01 3.361200e+00 2.424056e+00 2.826211e+00 1.205715e+01 1.199433e+04 1.308555e+04 2.82334 6.557552e-01
6.260000e-01 3.361200e+00 2.424639e+00 2.826844e+00 1.206733e+01 1.200027e+04 1.307038e+04 2.82516 6.561863e-01
6.250000e-01 3.361200e+00 2.425213e+00 2.827467e+00 1.207757e+01 1.200613e+04 1.305512e+04 2.82695 6.566113e-01
6.240000e-01 3.361200e+00 2.425779e+00 2.828081e+00 1.208787e+01 1.201189e+04 1.303977e+04 2.82871 6.570296e-01
6.230000e-01 3.361200e+00 2.426337e+00 2.828688e+00 1.209821e+01 1.201755e+04 1.302435e+04 2.83045 6.574410e-01
6.220000e-01 3.361200e+00 2.426886e+00 2.829284e+00 1.210860e+01 1.202309e+04 1.300885e+04 2.83217 6.578450e-01
6.210000e-01 3.361200e+00 2.427427e+00 2.829873e+00 1.211903e+01 1.202852e+04 1.299331e+04 2.83386 6.582420e-01
6.200000e-01 3.361200e+00 2.427959e+00 2.830450e+00 1.212948e+01 1.203382e+04 1.297772e+04 2.83553 6.586313e-01
6.190000e-01 3.361200e+00 2.428481e+00 2.831015e+00 1.213998e+01 1.203900e+04 1.296208e+04 2.83717 6.590131e-01
6.180000e-01 3.361200e+00 2.428994e+00 2.831572e+00 1.215053e+01 1.204409e+04 1.294634e+04 2.83879 6.593892e-01
6.170000e-01 3.361200e+00 2.429498e+00 2.832118e+00 1.216116e+01 1.204908e+04 1.293049e+04 2.84038 6.597581e-01
6.160000e-01 3.361200e+00 2.429993e+00 2.832655e+00 1.217184e+01 1.205397e+04 1.291454e+04 2.84194 6.601200e-01
6.150000e-01 3.361200e+00 2.430479e+00 2.833184e+00 1.218259e+01 1.205878e+04 1.289848e+04 2.84347 6.604746e-01
6.140000e-01 3.361200e+00 2.430955e+00 2.833701e+00 1.219340e+01 1.206346e+04 1.288235e+04 2.84498 6.608216e-01
6.130000e-01 3.361200e+00 2.431450e+00 2.834249e+00 1.220434e+01 1.206798e+04 1.286602e+04 2.84648 6.611493e-01
6.120000e-01 3.361200e+00 2.431910e+00 2.834750e+00 1.221526e+01 1.207246e+04 1.284970e+04 2.84793 6.614813e-01
6.110000e-01 3.361200e+00 2.432359e+00 2.835240e+00 1.222624e+01 1.207684e+04 1.283329e+04 2.84935 6.618069e-01
6.100000e-01 3.361200e+00 2.432798e+00 2.835720e+00 1.223728e+01 1.208111e+04 1.281679e+04 2.85074 6.621247e-01
6.090000e-01 3.361200e+00 2.433227e+00 2.836188e+00 1.224837e+01 1.208527e+04 1.280022e+04 2.8521 6.624346e-01
6.080000e-01 3.361200e+00 2.433644e+00 2.836643e+00 1.225951e+01 1.208931e+04 1.278357e+04 2.85342 6.627357e-01
6.070000e-01 3.361200e+00 2.434049e+00 2.837083e+00 1.227067e+01 1.209322e+04 1.276687e+04 2.8547 6.630275e-01
6.060000e-01 3.361200e+00 2.434441e+00 2.837507e+00 1.228187e+01 1.209700e+04 1.275011e+04 2.85595 6.633107e-01
6.050000e-01 3.361200e+00 2.434821e+00 2.837918e+00 1.229315e+01 1.210069e+04 1.273323e+04 2.85716 6.635861e-01
6.040000e-01 3.361200e+00 2.435191e+00 2.838318e+00 1.230449e+01 1.210427e+04 1.271624e+04 2.85833 6.638539e-01
6.030000e-01 3.361200e+00 2.435551e+00 2.838708e+00 1.231591e+01 1.210776e+04 1.269913e+04 2.85947 6.641138e-01
6.020000e-01 3.361200e+00 2.435900e+00 2.839087e+00 1.232739e+01 1.211114e+04 1.268192e+04 2.86058 6.643658e-01
6.010000e-01 3.361200e+00 2.436265e+00 2.839492e+00 1.233903e+01 1.211434e+04 1.266451e+04 2.86168 6.645980e-01
6.000000e-01 3.361200e+00 2.436595e+00 2.839852e+00 1.235065e+01 1.211749e+04 1.264712e+04 2.86273 6.648338e-01
5.990000e-01 3.361200e+00 2.436913e+00 2.840199e+00 1.236233e+01 1.212053e+04 1.262963e+04 2.86374 6.650622e-01
5.980000e-01 3.361200e+00 2.437219e+00 2.840532e+00 1.237409e+01 1.212347e+04 1.261204e+04 2.86471 6.652825e-01
5.970000e-01 3.361200e+00 2.437516e+00 2.840856e+00 1.238591e+01 1.212629e+04 1.259436e+04 2.86566 6.654948e-01
5.960000e-01 3.361200e+00 2.437801e+00 2.841169e+00 1.239779e+01 1.212899e+04 1.257660e+04 2.86657 6.656989e-01
5.950000e-01 3.361200e+00 2.438074e+00 2.841467e+00 1.240972e+01 1.213157e+04 1.255877e+04 2.86744 6.658942e-01
5.940000e-01 3.361200e+00 2.438337e+00 2.841754e+00 1.242169e+01 1.213402e+04 1.254089e+04 2.86829 6.660812e-01
5.930000e-01 3.361200e+00 2.438587e+00 2.842025e+00 1.243370e+01 1.213634e+04 1.252295e+04 2.8691 6.662598e-01
5.920000e-01 3.361200e+00 2.438823e+00 2.842280e+00 1.244580e+01 1.213856e+04 1.250489e+04 2.86986 6.664298e-01
5.910000e-01 3.361200e+00 2.439046e+00 2.842521e+00 1.245798e+01 1.214067e+04 1.248670e+04 2.87058 6.665906e-01
5.900000e-01 3.361200e+00 2.439256e+00 2.842749e+00 1.247024e+01 1.214267e+04 1.246838e+04 2.87125 6.667425e-01
5.890000e-01 3.361200e+00 2.439453e+00 2.842964e+00 1.248257e+01 1.214457e+04 1.244995e+04 2.87188 6.668850e-01
5.880000e-01 3.361200e+00 2.439663e+00 2.843198e+00 1.249507e+01 1.214627e+04 1.243131e+04 2.87249 6.670058e-01
5.870000e-01 3.361200e+00 2.439835e+00 2.843385e+00 1.250754e+01 1.214792e+04 1.241268e+04 2.87304 6.671290e-01
5.860000e-01 3.361200e+00 2.439994e+00 2.843558e+00 1.252010e+01 1.214946e+04 1.239393e+04 2.87355 6.672441e-01
5.850000e-01 3.361200e+00 2.440140e+00 2.843718e+00 1.253274e+01 1.215088e+04 1.237508e+04 2.87401 6.673502e-01
5.840000e-01 3.361200e+00 2.440277e+00 2.843867e+00 1.254546e+01 1.215219e+04 1.235614e+04 2.87445 6.674484e-01
5.830000e-01 3.361200e+00 2.440402e+00 2.844004e+00 1.255823e+01 1.215336e+04 1.233712e+04 2.87485 6.675382e-01
5.820000e-01 3.361200e+00 2.440514e+00 2.844127e+00 1.257107e+01 1.215442e+04 1.231805e+04 2.87521 6.676190e-01
5.810000e-01 3.361200e+00 2.440615e+00 2.844237e+00 1.258395e+01 1.215534e+04 1.229893e+04 2.87555 6.676917e-01
5.800000e-01 3.361200e+00 2.440705e+00 2.844333e+00 1.259689e+01 1.215614e+04 1.227973e+04 2.87585 6.677564e-01
5.790000e-01 3.361200e+00 2.440778e+00 2.844412e+00 1.260993e+01 1.215683e+04 1.226040e+04 2.87609 6.678114e-01
5.780000e-01 3.361200e+00 2.440838e+00 2.844475e+00 1.262306e+01 1.215740e+04 1.224093e+04 2.87629 6.678566e-01
5.770000e-01 3.361200e+00 2.440883e+00 2.844524e+00 1.263629e+01 1.215785e+04 1.222134e+04 2.87645 6.678921e-01
5.760000e-01 3.361200e+00 2.440938e+00 2.844591e+00 1.264968e+01 1.215812e+04 1.220152e+04 2.87657 6.679050e-01
5.750000e-01 3.361200e+00 2.440956e+00 2.844609e+00 1.266307e+01 1.215833e+04 1.218170e+04 2.87662 6.679190e-01
5.740000e-01 3.361200e+00 2.440959e+00 2.844612e+00 1.267654e+01 1.215842e+04 1.216178e+04 2.87663 6.679241e-01
5.730000e-01 3.361200e+00 2.440947e+00 2.844597e+00 1.269011e+01 1.215839e+04 1.214172e+04 2.87659 6.679195e-01
5.738525e-01 3.361200e+00 2.442368e+00 2.846254e+00 1.268358e+01 1.215307e+04 1.215137e+04 2.87816 6.672142e-01
