1.000000e+00 4.277590e-01 5.684712e-01 5.867965e-01 1.287839e+01 0.000000e+00 5.938741e+03 0 0.000000e+00
9.990000e-01 4.277590e-01 5.687100e-01 5.870634e-01 1.288317e+01 2.443015e+02 5.935820e+03 0.467255 4.015923e-02
9.980000e-01 4.277590e-01 5.689419e-01 5.873144e-01 1.288885e+01 3.459312e+02 5.932891e+03 0.465204 5.656973e-02
9.970000e-01 4.277590e-01 5.692639e-01 5.876432e-01 1.289792e+01 4.021341e+02 5.927172e+03 0.456891 6.451242e-02
9.960000e-01 4.277590e-01 5.695158e-01 5.879161e-01 1.290359e+01 4.741517e+02 5.924916e+03 0.461127 7.670326e-02
9.950000e-01 4.277590e-01 5.698186e-01 5.882247e-01 1.291242e+01 5.188722e+02 5.919668e+03 0.458156 8.330819e-02
9.940000e-01 4.277590e-01 5.700691e-01 5.884961e-01 1.291811e+01 5.765076e+02 5.917579e+03 0.461122 9.307922e-02
9.930000e-01 4.277590e-01 5.703705e-01 5.888032e-01 1.292697e+01 6.135239e+02 5.912481e+03 0.459376 9.857631e-02
9.920000e-01 4.277590e-01 5.706197e-01 5.890730e-01 1.293268e+01 6.629503e+02 5.910484e+03 0.46173 1.069702e-01
9.910000e-01 4.277590e-01 5.709202e-01 5.893788e-01 1.294158e+01 6.951402e+02 5.905466e+03 0.460587 1.117688e-01
9.900000e-01 4.277590e-01 5.711685e-01 5.896478e-01 1.294732e+01 7.391149e+02 5.903527e+03 0.462581 1.192501e-01
9.890000e-01 4.277590e-01 5.714686e-01 5.899530e-01 1.295627e+01 7.679636e+02 5.898553e+03 0.461796 1.235643e-01
9.880000e-01 4.277590e-01 5.717167e-01 5.902217e-01 1.296203e+01 8.079807e+02 5.896655e+03 0.463553 1.303846e-01
9.870000e-01 4.277590e-01 5.720182e-01 5.905282e-01 1.297103e+01 8.344232e+02 5.891703e+03 0.463006 1.343509e-01
9.860000e-01 4.277590e-01 5.722668e-01 5.907976e-01 1.297682e+01 8.714041e+02 5.889834e+03 0.464597 1.406649e-01
9.850000e-01 4.277590e-01 5.725703e-01 5.911062e-01 1.298589e+01 8.959924e+02 5.884895e+03 0.46422 1.443635e-01
9.840000e-01 4.277590e-01 5.728197e-01 5.913764e-01 1.299170e+01 9.305374e+02 5.883049e+03 0.465685 1.502719e-01
9.830000e-01 4.277590e-01 5.731324e-01 5.916944e-01 1.300090e+01 9.534650e+02 5.878075e+03 0.465454 1.537301e-01
9.820000e-01 4.277590e-01 5.733785e-01 5.919613e-01 1.300670e+01 9.860592e+02 5.876270e+03 0.466815 1.593133e-01
9.810000e-01 4.277590e-01 5.736887e-01 5.922768e-01 1.301590e+01 1.007722e+03 5.871322e+03 0.466674 1.625881e-01
9.800000e-01 4.277590e-01 5.739351e-01 5.925440e-01 1.302172e+01 1.038611e+03 5.869532e+03 0.467958 1.678887e-01
9.790000e-01 4.277590e-01 5.742466e-01 5.928608e-01 1.303097e+01 1.059156e+03 5.864584e+03 0.467898 1.710021e-01
9.780000e-01 4.277590e-01 5.744935e-01 5.931286e-01 1.303681e+01 1.088587e+03 5.862805e+03 0.46912 1.760614e-01
9.770000e-01 4.277590e-01 5.748070e-01 5.934474e-01 1.304612e+01 1.108197e+03 5.857853e+03 0.469127 1.790402e-01
9.760000e-01 4.277590e-01 5.750550e-01 5.937164e-01 1.305199e+01 1.136367e+03 5.856083e+03 0.470299 1.838914e-01
9.750000e-01 4.277590e-01 5.753707e-01 5.940376e-01 1.306135e+01 1.155179e+03 5.851124e+03 0.470362 1.867554e-01
9.740000e-01 4.277590e-01 5.756195e-01 5.943075e-01 1.306724e+01 1.182228e+03 5.849362e+03 0.471491 1.914216e-01
9.730000e-01 4.277590e-01 5.759365e-01 5.946301e-01 1.307665e+01 1.200277e+03 5.844400e+03 0.471601 1.941754e-01
9.720000e-01 4.277590e-01 5.761856e-01 5.949003e-01 1.308256e+01 1.226320e+03 5.842644e+03 0.472693 1.986762e-01
9.710000e-01 4.277590e-01 5.765032e-01 5.952234e-01 1.309200e+01 1.243643e+03 5.837678e+03 0.472845 2.013252e-01
9.700000e-01 4.277590e-01 5.767522e-01 5.954936e-01 1.309794e+01 1.268782e+03 5.835926e+03 0.473905 2.056776e-01
9.690000e-01 4.277590e-01 5.770703e-01 5.958171e-01 1.310742e+01 1.285446e+03 5.830954e+03 0.474092 2.082316e-01
9.680000e-01 4.277590e-01 5.773192e-01 5.960873e-01 1.311337e+01 1.309770e+03 5.829207e+03 0.475125 2.124507e-01
9.670000e-01 4.277590e-01 5.776380e-01 5.964114e-01 1.312290e+01 1.325848e+03 5.824225e+03 0.475345 2.149207e-01
9.660000e-01 4.277590e-01 5.778872e-01 5.966819e-01 1.312888e+01 1.349439e+03 5.822479e+03 0.476354 2.190202e-01
9.650000e-01 4.277590e-01 5.782073e-01 5.970073e-01 1.313846e+01 1.365013e+03 5.817482e+03 0.476602 2.214179e-01
9.640000e-01 4.277590e-01 5.784570e-01 5.972784e-01 1.314447e+01 1.387937e+03 5.815738e+03 0.477591 2.254088e-01
9.630000e-01 4.277590e-01 5.787786e-01 5.976054e-01 1.315410e+01 1.403055e+03 5.810726e+03 0.477865 2.277415e-01
9.620000e-01 4.277590e-01 5.790288e-01 5.978770e-01 1.316014e+01 1.425364e+03 5.808982e+03 0.478836 2.316323e-01
9.610000e-01 4.277590e-01 5.793516e-01 5.982052e-01 1.316983e+01 1.440048e+03 5.803954e+03 0.479133 2.339032e-01
9.600000e-01 4.277590e-01 5.796021e-01 5.984772e-01 1.317589e+01 1.461786e+03 5.802210e+03 0.480088 2.377014e-01
9.590000e-01 4.277590e-01 5.799261e-01 5.988067e-01 1.318562e+01 1.476063e+03 5.797168e+03 0.480406 2.399140e-01
9.580000e-01 4.277590e-01 5.801771e-01 5.990792e-01 1.319171e+01 1.497273e+03 5.795425e+03 0.481347 2.436268e-01
9.570000e-01 4.277590e-01 5.805025e-01 5.994101e-01 1.320149e+01 1.511173e+03 5.790368e+03 0.481685 2.457858e-01
9.560000e-01 4.277590e-01 5.807541e-01 5.996833e-01 1.320761e+01 1.531895e+03 5.788624e+03 0.482613 2.494197e-01
9.550000e-01 4.277590e-01 5.810814e-01 6.000162e-01 1.321745e+01 1.545464e+03 5.783551e+03 0.48297 2.515318e-01
9.540000e-01 4.277590e-01 5.813338e-01 6.002903e-01 1.322359e+01 1.565730e+03 5.781807e+03 0.483887 2.550920e-01
9.530000e-01 4.277590e-01 5.816626e-01 6.006248e-01 1.323348e+01 1.578978e+03 5.776719e+03 0.484261 2.571584e-01
9.520000e-01 4.277590e-01 5.819154e-01 6.008994e-01 1.323965e+01 1.598811e+03 5.774974e+03 0.485167 2.606490e-01
9.510000e-01 4.277590e-01 5.822453e-01 6.012349e-01 1.324959e+01 1.611735e+03 5.769871e+03 0.485557 2.626691e-01
9.500000e-01 4.277590e-01 5.824982e-01 6.015097e-01 1.325577e+01 1.631158e+03 5.768124e+03 0.486453 2.660939e-01
9.490000e-01 4.277590e-01 5.828288e-01 6.018459e-01 1.326576e+01 1.643763e+03 5.763008e+03 0.486857 2.680685e-01
9.480000e-01 4.277590e-01 5.830819e-01 6.021209e-01 1.327197e+01 1.662800e+03 5.761260e+03 0.487745 2.714318e-01
9.470000e-01 4.277590e-01 5.834135e-01 6.024581e-01 1.328200e+01 1.675106e+03 5.756130e+03 0.488163 2.733640e-01
9.460000e-01 4.277590e-01 5.836668e-01 6.027334e-01 1.328824e+01 1.693784e+03 5.754380e+03 0.489043 2.766699e-01
9.450000e-01 4.277590e-01 5.839995e-01 6.030717e-01 1.329833e+01 1.705823e+03 5.749231e+03 0.489474 2.785646e-01
9.440000e-01 4.277590e-01 5.842533e-01 6.033476e-01 1.330459e+01 1.724163e+03 5.747479e+03 0.490347 2.818168e-01
9.430000e-01 4.277590e-01 5.845874e-01 6.036874e-01 1.331474e+01 1.735955e+03 5.742312e+03 0.490791 2.836765e-01
9.420000e-01 4.277590e-01 5.848417e-01 6.039638e-01 1.332103e+01 1.753975e+03 5.740558e+03 0.491658 2.868779e-01
9.410000e-01 4.277590e-01 5.851772e-01 6.043049e-01 1.333123e+01 1.765528e+03 5.735372e+03 0.492114 2.887039e-01
9.400000e-01 4.277590e-01 5.854318e-01 6.045818e-01 1.333755e+01 1.783242e+03 5.733615e+03 0.492975 2.918569e-01
9.390000e-01 4.277590e-01 5.857685e-01 6.049242e-01 1.334780e+01 1.794563e+03 5.728410e+03 0.493442 2.936502e-01
9.380000e-01 4.277590e-01 5.860234e-01 6.052014e-01 1.335414e+01 1.811987e+03 5.726651e+03 0.494298 2.967574e-01
9.370000e-01 4.277590e-01 5.863614e-01 6.055451e-01 1.336445e+01 1.823089e+03 5.721426e+03 0.494776 2.985198e-01
9.360000e-01 4.277590e-01 5.866168e-01 6.058230e-01 1.337083e+01 1.840237e+03 5.719663e+03 0.495628 3.015836e-01
9.350000e-01 4.277590e-01 5.869564e-01 6.061683e-01 1.338119e+01 1.851142e+03 5.714418e+03 0.496116 3.033182e-01
9.340000e-01 4.277590e-01 5.872124e-01 6.064468e-01 1.338759e+01 1.868028e+03 5.712651e+03 0.496964 3.063408e-01
9.330000e-01 4.277590e-01 5.875535e-01 6.067937e-01 1.339802e+01 1.878740e+03 5.707385e+03 0.497462 3.080483e-01
9.320000e-01 4.277590e-01 5.878099e-01 6.070726e-01 1.340445e+01 1.895373e+03 5.705615e+03 0.498305 3.110310e-01
9.310000e-01 4.277590e-01 5.881521e-01 6.074207e-01 1.341493e+01 1.905886e+03 5.700330e+03 0.498812 3.127103e-01
9.300000e-01 4.277590e-01 5.884086e-01 6.076998e-01 1.342138e+01 1.922273e+03 5.698556e+03 0.499652 3.156545e-01
9.290000e-01 4.277590e-01 5.887517e-01 6.080487e-01 1.343191e+01 1.932587e+03 5.693253e+03 0.500168 3.173056e-01
9.280000e-01 4.277590e-01 5.890084e-01 6.083281e-01 1.343839e+01 1.948740e+03 5.691475e+03 0.501004 3.202133e-01
9.270000e-01 4.277590e-01 5.893524e-01 6.086778e-01 1.344897e+01 1.958865e+03 5.686151e+03 0.501528 3.218378e-01
9.260000e-01 4.277590e-01 5.896092e-01 6.089574e-01 1.345549e+01 1.974795e+03 5.684369e+03 0.502361 3.247109e-01
9.250000e-01 4.277590e-01 5.899544e-01 6.093084e-01 1.346613e+01 1.984749e+03 5.679022e+03 0.502894 3.263114e-01
9.240000e-01 4.277590e-01 5.902115e-01 6.095883e-01 1.347267e+01 2.000467e+03 5.677235e+03 0.503724 3.291516e-01
9.230000e-01 4.277590e-01 5.905581e-01 6.099407e-01 1.348337e+01 2.010260e+03 5.671863e+03 0.504265 3.307294e-01
9.220000e-01 4.277590e-01 5.908155e-01 6.102209e-01 1.348994e+01 2.025774e+03 5.670071e+03 0.505093 3.335381e-01
9.210000e-01 4.277590e-01 5.911633e-01 6.105746e-01 1.350071e+01 2.035409e+03 5.664674e+03 0.505641 3.350937e-01
9.200000e-01 4.277590e-01 5.914210e-01 6.108552e-01 1.350730e+01 2.050725e+03 5.662878e+03 0.506467 3.378719e-01
9.190000e-01 4.277590e-01 5.917701e-01 6.112101e-01 1.351813e+01 2.060203e+03 5.657458e+03 0.507023 3.394053e-01
9.180000e-01 4.277590e-01 5.920281e-01 6.114911e-01 1.352475e+01 2.075329e+03 5.655657e+03 0.507846 3.421543e-01
9.170000e-01 4.277590e-01 5.923784e-01 6.118473e-01 1.353564e+01 2.084655e+03 5.650215e+03 0.50841 3.436664e-01
9.160000e-01 4.277590e-01 5.926368e-01 6.121288e-01 1.354230e+01 2.099599e+03 5.648410e+03 0.509232 3.463874e-01
9.150000e-01 4.277590e-01 5.929887e-01 6.124866e-01 1.355324e+01 2.108785e+03 5.642945e+03 0.509803 3.478799e-01
9.140000e-01 4.277590e-01 5.932476e-01 6.127687e-01 1.355993e+01 2.123552e+03 5.641134e+03 0.510624 3.505738e-01
9.130000e-01 4.277590e-01 5.936008e-01 6.131278e-01 1.357094e+01 2.132600e+03 5.635645e+03 0.511202 3.520468e-01
9.120000e-01 4.277590e-01 5.938599e-01 6.134102e-01 1.357766e+01 2.147195e+03 5.633830e+03 0.512021 3.547142e-01
9.110000e-01 4.277590e-01 5.942142e-01 6.137704e-01 1.358873e+01 2.156100e+03 5.628317e+03 0.512606 3.561670e-01
9.100000e-01 4.277590e-01 5.944734e-01 6.140529e-01 1.359547e+01 2.170526e+03 5.626497e+03 0.513423 3.588088e-01
9.090000e-01 4.277590e-01 5.948287e-01 6.144141e-01 1.360660e+01 2.179289e+03 5.620962e+03 0.514015 3.602414e-01
9.080000e-01 4.277590e-01 5.950879e-01 6.146968e-01 1.361337e+01 2.193552e+03 5.619136e+03 0.514831 3.628586e-01
9.070000e-01 4.277590e-01 5.954442e-01 6.150590e-01 1.362456e+01 2.202177e+03 5.613578e+03 0.515428 3.642717e-01
9.060000e-01 4.277590e-01 5.957037e-01 6.153419e-01 1.363136e+01 2.216285e+03 5.611747e+03 0.516243 3.668655e-01
9.050000e-01 4.277590e-01 5.960612e-01 6.157054e-01 1.364261e+01 2.224784e+03 5.606163e+03 0.516847 3.682610e-01
9.040000e-01 4.277590e-01 5.963210e-01 6.159887e-01 1.364944e+01 2.238743e+03 5.604327e+03 0.517662 3.708322e-01
9.030000e-01 4.277590e-01 5.966799e-01 6.163535e-01 1.366076e+01 2.247118e+03 5.598719e+03 0.518273 3.722104e-01
9.020000e-01 4.277590e-01 5.969399e-01 6.166372e-01 1.366763e+01 2.260931e+03 5.596877e+03 0.519086 3.747597e-01
9.010000e-01 4.277590e-01 5.973000e-01 6.170032e-01 1.367901e+01 2.269185e+03 5.591242e+03 0.519703 3.761208e-01
9.000000e-01 4.277590e-01 5.975602e-01 6.172870e-01 1.368591e+01 2.282856e+03 5.589394e+03 0.520516 3.786488e-01
8.990000e-01 4.277590e-01 5.979214e-01 6.176542e-01 1.369736e+01 2.290994e+03 5.583732e+03 0.521138 3.799933e-01
8.980000e-01 4.277590e-01 5.981818e-01 6.179383e-01 1.370428e+01 2.304527e+03 5.581878e+03 0.521951 3.825007e-01
8.970000e-01 4.277590e-01 5.985442e-01 6.183067e-01 1.371581e+01 2.312551e+03 5.576188e+03 0.522579 3.838290e-01
8.960000e-01 4.277590e-01 5.988048e-01 6.185912e-01 1.372276e+01 2.325952e+03 5.574328e+03 0.523391 3.863167e-01
8.950000e-01 4.277590e-01 5.991687e-01 6.189610e-01 1.373435e+01 2.333871e+03 5.568609e+03 0.524024 3.876300e-01
8.940000e-01 4.277590e-01 5.994294e-01 6.192456e-01 1.374134e+01 2.347142e+03 5.566742e+03 0.524836 3.900981e-01
8.930000e-01 4.277590e-01 5.997944e-01 6.196165e-01 1.375300e+01 2.354951e+03 5.560993e+03 0.525474 3.913957e-01
8.920000e-01 4.277590e-01 6.000551e-01 6.199012e-01 1.376002e+01 2.368094e+03 5.559120e+03 0.526285 3.938449e-01
8.910000e-01 4.277590e-01 6.004210e-01 6.202731e-01 1.377175e+01 2.375793e+03 5.553343e+03 0.526929 3.951265e-01
8.900000e-01 4.277590e-01 6.006817e-01 6.205577e-01 1.377880e+01 2.388811e+03 5.551463e+03 0.527739 3.975571e-01
8.890000e-01 4.277590e-01 6.010485e-01 6.209304e-01 1.379060e+01 2.396400e+03 5.545656e+03 0.528387 3.988229e-01
8.880000e-01 4.277590e-01 6.013091e-01 6.212150e-01 1.379768e+01 2.409297e+03 5.543769e+03 0.529197 4.012357e-01
8.870000e-01 4.277590e-01 6.016769e-01 6.215887e-01 1.380955e+01 2.416783e+03 5.537931e+03 0.52985 4.024866e-01
8.860000e-01 4.277590e-01 6.019375e-01 6.218735e-01 1.381666e+01 2.429565e+03 5.536036e+03 0.53066 4.048823e-01
8.850000e-01 4.277590e-01 6.023066e-01 6.222483e-01 1.382861e+01 2.436953e+03 5.530166e+03 0.531318 4.061192e-01
8.840000e-01 4.277590e-01 6.025673e-01 6.225333e-01 1.383575e+01 2.449621e+03 5.528265e+03 0.532127 4.084983e-01
8.830000e-01 4.277590e-01 6.029375e-01 6.229093e-01 1.384777e+01 2.456911e+03 5.522365e+03 0.53279 4.097210e-01
8.820000e-01 4.277590e-01 6.031984e-01 6.231944e-01 1.385495e+01 2.469468e+03 5.520456e+03 0.533599 4.120837e-01
8.810000e-01 4.277590e-01 6.035697e-01 6.235716e-01 1.386704e+01 2.476660e+03 5.514526e+03 0.534267 4.132924e-01
8.800000e-01 4.277590e-01 6.038306e-01 6.238568e-01 1.387425e+01 2.489108e+03 5.512611e+03 0.535076 4.156392e-01
8.790000e-01 4.277590e-01 6.042031e-01 6.242351e-01 1.388641e+01 2.496205e+03 5.506650e+03 0.535749 4.168340e-01
8.780000e-01 4.277590e-01 6.044640e-01 6.245204e-01 1.389366e+01 2.508547e+03 5.504727e+03 0.536558 4.191654e-01
8.770000e-01 4.277590e-01 6.048376e-01 6.248998e-01 1.390590e+01 2.515553e+03 5.498733e+03 0.537235 4.203469e-01
8.760000e-01 4.277590e-01 6.050987e-01 6.251854e-01 1.391318e+01 2.527791e+03 5.496803e+03 0.538045 4.226632e-01
8.750000e-01 4.277590e-01 6.054810e-01 6.255738e-01 1.392559e+01 2.534664e+03 5.490729e+03 0.538738 4.238228e-01
8.740000e-01 4.277590e-01 6.057383e-01 6.258555e-01 1.393286e+01 2.546824e+03 5.488816e+03 0.539541 4.261289e-01
8.730000e-01 4.277590e-01 6.061179e-01 6.262410e-01 1.394530e+01 2.553623e+03 5.482734e+03 0.540234 4.272787e-01
8.720000e-01 4.277590e-01 6.063750e-01 6.265227e-01 1.395260e+01 2.565682e+03 5.480813e+03 0.541037 4.295703e-01
8.710000e-01 4.277590e-01 6.067556e-01 6.269091e-01 1.396511e+01 2.572386e+03 5.474701e+03 0.541733 4.307063e-01
8.700000e-01 4.277590e-01 6.070125e-01 6.271906e-01 1.397244e+01 2.584347e+03 5.472774e+03 0.542536 4.329838e-01
8.690000e-01 4.277590e-01 6.073940e-01 6.275779e-01 1.398503e+01 2.590958e+03 5.466630e+03 0.543237 4.341062e-01
8.680000e-01 4.277590e-01 6.076509e-01 6.278593e-01 1.399240e+01 2.602824e+03 5.464695e+03 0.54404 4.363701e-01
8.670000e-01 4.277590e-01 6.080336e-01 6.282479e-01 1.400507e+01 2.609350e+03 5.458518e+03 0.544746 4.374799e-01
8.660000e-01 4.277590e-01 6.082905e-01 6.285295e-01 1.401247e+01 2.621124e+03 5.456576e+03 0.545549 4.397307e-01
8.650000e-01 4.277590e-01 6.086744e-01 6.289193e-01 1.402522e+01 2.627561e+03 5.450368e+03 0.546259 4.408278e-01
8.640000e-01 4.277590e-01 6.089314e-01 6.292010e-01 1.403265e+01 2.639244e+03 5.448420e+03 0.547064 4.430656e-01
8.630000e-01 4.277590e-01 6.093164e-01 6.295919e-01 1.404548e+01 2.645595e+03 5.442180e+03 0.547778 4.441500e-01
8.620000e-01 4.277590e-01 6.095733e-01 6.298737e-01 1.405295e+01 2.657188e+03 5.440224e+03 0.548583 4.463753e-01
8.610000e-01 4.277590e-01 6.099595e-01 6.302657e-01 1.406586e+01 2.663454e+03 5.433953e+03 0.549302 4.474471e-01
8.600000e-01 4.277590e-01 6.102164e-01 6.305475e-01 1.407336e+01 2.674959e+03 5.431990e+03 0.550108 4.496600e-01
8.590000e-01 4.277590e-01 6.106036e-01 6.309406e-01 1.408636e+01 2.681140e+03 5.425686e+03 0.550831 4.507194e-01
8.580000e-01 4.277590e-01 6.108605e-01 6.312225e-01 1.409389e+01 2.692560e+03 5.423716e+03 0.551637 4.529202e-01
8.570000e-01 4.277590e-01 6.112490e-01 6.316168e-01 1.410697e+01 2.698662e+03 5.417377e+03 0.552364 4.539678e-01
8.560000e-01 4.277590e-01 6.115058e-01 6.318988e-01 1.411455e+01 2.709997e+03 5.415400e+03 0.553171 4.561567e-01
8.550000e-01 4.277590e-01 6.118953e-01 6.322941e-01 1.412771e+01 2.716014e+03 5.409030e+03 0.553903 4.571917e-01
8.540000e-01 4.277590e-01 6.121520e-01 6.325760e-01 1.413532e+01 2.727265e+03 5.407045e+03 0.554709 4.593689e-01
8.530000e-01 4.277590e-01 6.125425e-01 6.329723e-01 1.414856e+01 2.733195e+03 5.400646e+03 0.555446 4.603911e-01
8.520000e-01 4.277590e-01 6.127991e-01 6.332541e-01 1.415620e+01 2.744363e+03 5.398654e+03 0.556253 4.625569e-01
8.510000e-01 4.277590e-01 6.131905e-01 6.336514e-01 1.416952e+01 2.750208e+03 5.392224e+03 0.556993 4.635664e-01
8.500000e-01 4.277590e-01 6.134468e-01 6.339330e-01 1.417720e+01 2.761297e+03 5.390225e+03 0.557801 4.657212e-01
8.490000e-01 4.277590e-01 6.138393e-01 6.343313e-01 1.419060e+01 2.767063e+03 5.383760e+03 0.558545 4.667190e-01
8.480000e-01 4.277590e-01 6.140955e-01 6.346129e-01 1.419832e+01 2.778074e+03 5.381753e+03 0.559354 4.688630e-01
8.470000e-01 4.277590e-01 6.144890e-01 6.350122e-01 1.421182e+01 2.783764e+03 5.375252e+03 0.560102 4.698491e-01
8.460000e-01 4.277590e-01 6.147450e-01 6.352937e-01 1.421957e+01 2.794698e+03 5.373237e+03 0.560911 4.719825e-01
8.450000e-01 4.277590e-01 6.151395e-01 6.356939e-01 1.423316e+01 2.800310e+03 5.366699e+03 0.561662 4.729568e-01
8.440000e-01 4.277590e-01 6.153952e-01 6.359752e-01 1.424095e+01 2.811169e+03 5.364676e+03 0.562471 4.750798e-01
8.430000e-01 4.277590e-01 6.157907e-01 6.363764e-01 1.425462e+01 2.816705e+03 5.358101e+03 0.563227 4.760424e-01
8.420000e-01 4.277590e-01 6.160461e-01 6.366575e-01 1.426245e+01 2.827490e+03 5.356070e+03 0.564036 4.781551e-01
8.410000e-01 4.277590e-01 6.164425e-01 6.370596e-01 1.427622e+01 2.832949e+03 5.349459e+03 0.564795 4.791060e-01
8.400000e-01 4.277590e-01 6.166978e-01 6.373405e-01 1.428408e+01 2.843661e+03 5.347419e+03 0.565605 4.812087e-01
8.390000e-01 4.277590e-01 6.170952e-01 6.377437e-01 1.429794e+01 2.849048e+03 5.340769e+03 0.566367 4.821483e-01
8.380000e-01 4.277590e-01 6.173503e-01 6.380245e-01 1.430585e+01 2.859689e+03 5.338722e+03 0.567178 4.842412e-01
8.370000e-01 4.277590e-01 6.177487e-01 6.384286e-01 1.431980e+01 2.864999e+03 5.332036e+03 0.567943 4.851691e-01
8.360000e-01 4.277590e-01 6.180034e-01 6.387091e-01 1.432774e+01 2.875567e+03 5.329981e+03 0.568754 4.872523e-01
8.350000e-01 4.277590e-01 6.184024e-01 6.391138e-01 1.434178e+01 2.880798e+03 5.323259e+03 0.569523 4.881679e-01
8.340000e-01 4.277590e-01 6.186566e-01 6.393939e-01 1.434976e+01 2.891297e+03 5.321195e+03 0.570335 4.902416e-01
8.330000e-01 4.277590e-01 6.190563e-01 6.397992e-01 1.436390e+01 2.896451e+03 5.314433e+03 0.571106 4.911453e-01
8.320000e-01 4.277590e-01 6.193101e-01 6.400789e-01 1.437192e+01 2.906881e+03 5.312360e+03 0.571918 4.932098e-01
8.310000e-01 4.277590e-01 6.197106e-01 6.404850e-01 1.438616e+01 2.911963e+03 5.305557e+03 0.572692 4.941020e-01
8.300000e-01 4.277590e-01 6.199641e-01 6.407644e-01 1.439422e+01 2.922327e+03 5.303476e+03 0.573504 4.961574e-01
8.290000e-01 4.277590e-01 6.203655e-01 6.411713e-01 1.440855e+01 2.927338e+03 5.296633e+03 0.574282 4.970383e-01
8.280000e-01 4.277590e-01 6.206185e-01 6.414505e-01 1.441665e+01 2.937635e+03 5.294542e+03 0.575094 4.990847e-01
8.270000e-01 4.277590e-01 6.210207e-01 6.418581e-01 1.443108e+01 2.942574e+03 5.287659e+03 0.575874 4.999542e-01
8.260000e-01 4.277590e-01 6.212734e-01 6.421369e-01 1.443922e+01 2.952806e+03 5.285559e+03 0.576687 5.019918e-01
8.250000e-01 4.277590e-01 6.216763e-01 6.425453e-01 1.445376e+01 2.957675e+03 5.278635e+03 0.57747 5.028498e-01
8.240000e-01 4.277590e-01 6.219284e-01 6.428236e-01 1.446193e+01 2.967842e+03 5.276526e+03 0.578282 5.048786e-01
8.230000e-01 4.277590e-01 6.223320e-01 6.432325e-01 1.447657e+01 2.972640e+03 5.269558e+03 0.579067 5.057252e-01
8.220000e-01 4.277590e-01 6.225836e-01 6.435104e-01 1.448479e+01 2.982745e+03 5.267439e+03 0.57988 5.077455e-01
8.210000e-01 4.277590e-01 6.229879e-01 6.439200e-01 1.449954e+01 2.987476e+03 5.260426e+03 0.580667 5.085808e-01
8.200000e-01 4.277590e-01 6.232390e-01 6.441974e-01 1.450780e+01 2.997518e+03 5.258298e+03 0.58148 5.105926e-01
8.190000e-01 4.277590e-01 6.236437e-01 6.446074e-01 1.452265e+01 3.002178e+03 5.251240e+03 0.582269 5.114162e-01
8.180000e-01 4.277590e-01 6.238942e-01 6.448843e-01 1.453095e+01 3.012158e+03 5.249103e+03 0.583081 5.134196e-01
8.170000e-01 4.277590e-01 6.242994e-01 6.452946e-01 1.454590e+01 3.016745e+03 5.242002e+03 0.583873 5.142311e-01
8.160000e-01 4.277590e-01 6.245491e-01 6.455708e-01 1.455424e+01 3.026664e+03 5.239855e+03 0.584685 5.162263e-01
8.150000e-01 4.277590e-01 6.249547e-01 6.459814e-01 1.456930e+01 3.031179e+03 5.232710e+03 0.585478 5.170258e-01
8.140000e-01 4.277590e-01 6.252037e-01 6.462568e-01 1.457768e+01 3.041037e+03 5.230553e+03 0.58629 5.190129e-01
8.130000e-01 4.277590e-01 6.256098e-01 6.466679e-01 1.459285e+01 3.045484e+03 5.223361e+03 0.587084 5.198008e-01
8.120000e-01 4.277590e-01 6.258580e-01 6.469427e-01 1.460127e+01 3.055283e+03 5.221193e+03 0.587896 5.217800e-01
8.110000e-01 4.277590e-01 6.262646e-01 6.473541e-01 1.461655e+01 3.059663e+03 5.213951e+03 0.588692 5.225564e-01
8.100000e-01 4.277590e-01 6.265121e-01 6.476283e-01 1.462502e+01 3.069405e+03 5.211773e+03 0.589503 5.245278e-01
8.090000e-01 4.277590e-01 6.269263e-01 6.480475e-01 1.464052e+01 3.073681e+03 5.204435e+03 0.590311 5.252840e-01
8.080000e-01 4.277590e-01 6.271699e-01 6.483176e-01 1.464898e+01 3.083381e+03 5.202271e+03 0.591118 5.272518e-01
8.070000e-01 4.277590e-01 6.275812e-01 6.487338e-01 1.466454e+01 3.087603e+03 5.194916e+03 0.591924 5.280005e-01
8.060000e-01 4.277590e-01 6.278243e-01 6.490036e-01 1.467304e+01 3.097246e+03 5.192744e+03 0.59273 5.299609e-01
8.050000e-01 4.277590e-01 6.282364e-01 6.494205e-01 1.468871e+01 3.101395e+03 5.185350e+03 0.593539 5.306982e-01
8.040000e-01 4.277590e-01 6.284790e-01 6.496899e-01 1.469726e+01 3.110982e+03 5.183170e+03 0.594347 5.326513e-01
8.030000e-01 4.277590e-01 6.288921e-01 6.501078e-01 1.471303e+01 3.115060e+03 5.175738e+03 0.595159 5.333772e-01
8.020000e-01 4.277590e-01 6.291340e-01 6.503766e-01 1.472162e+01 3.124591e+03 5.173550e+03 0.595967 5.353232e-01
8.010000e-01 4.277590e-01 6.295476e-01 6.507950e-01 1.473751e+01 3.128596e+03 5.166076e+03 0.596781 5.360371e-01
8.000000e-01 4.277590e-01 6.297888e-01 6.510631e-01 1.474614e+01 3.138071e+03 5.163878e+03 0.597589 5.379760e-01
7.990000e-01 4.277590e-01 6.302027e-01 6.514818e-01 1.476214e+01 3.142002e+03 5.156362e+03 0.598406 5.386776e-01
7.980000e-01 4.277590e-01 6.304431e-01 6.517491e-01 1.477082e+01 3.151422e+03 5.154154e+03 0.599213 5.406094e-01
7.970000e-01 4.277590e-01 6.308573e-01 6.521681e-01 1.478693e+01 3.155281e+03 5.146593e+03 0.600032 5.412989e-01
7.960000e-01 4.277590e-01 6.310968e-01 6.524346e-01 1.479565e+01 3.164647e+03 5.144376e+03 0.600839 5.432237e-01
7.950000e-01 4.277590e-01 6.315116e-01 6.528540e-01 1.481189e+01 3.168437e+03 5.136768e+03 0.601659 5.439015e-01
7.940000e-01 4.277590e-01 6.317504e-01 6.531199e-01 1.482065e+01 3.177750e+03 5.134542e+03 0.602467 5.458195e-01
7.930000e-01 4.277590e-01 6.321654e-01 6.535395e-01 1.483701e+01 3.181472e+03 5.126885e+03 0.603288 5.464852e-01
7.920000e-01 4.277590e-01 6.324032e-01 6.538045e-01 1.484582e+01 3.190732e+03 5.124648e+03 0.604095 5.483963e-01
7.910000e-01 4.277590e-01 6.328185e-01 6.542242e-01 1.486231e+01 3.194384e+03 5.116941e+03 0.604917 5.490499e-01
7.900000e-01 4.277590e-01 6.330552e-01 6.544881e-01 1.487116e+01 3.203593e+03 5.114694e+03 0.605723 5.509542e-01
7.890000e-01 4.277590e-01 6.334706e-01 6.549079e-01 1.488778e+01 3.207178e+03 5.106933e+03 0.606546 5.515956e-01
7.880000e-01 4.277590e-01 6.337065e-01 6.551711e-01 1.489668e+01 3.216335e+03 5.104676e+03 0.607352 5.534933e-01
7.870000e-01 4.277590e-01 6.341223e-01 6.555912e-01 1.491342e+01 3.219851e+03 5.096866e+03 0.608176 5.541227e-01
7.860000e-01 4.277590e-01 6.343573e-01 6.558535e-01 1.492237e+01 3.228957e+03 5.094599e+03 0.608981 5.560138e-01
7.850000e-01 4.277590e-01 6.347733e-01 6.562737e-01 1.493925e+01 3.232404e+03 5.086739e+03 0.609806 5.566309e-01
7.840000e-01 4.277590e-01 6.350072e-01 6.565350e-01 1.494824e+01 3.241460e+03 5.084462e+03 0.610611 5.585156e-01
7.830000e-01 4.277590e-01 6.354233e-01 6.569553e-01 1.496524e+01 3.244834e+03 5.076554e+03 0.611437 5.591200e-01
7.820000e-01 4.277590e-01 6.356561e-01 6.572155e-01 1.497428e+01 3.253839e+03 5.074267e+03 0.612241 5.609982e-01
7.810000e-01 4.277590e-01 6.360722e-01 6.576356e-01 1.499141e+01 3.257141e+03 5.066309e+03 0.613067 5.615898e-01
7.800000e-01 4.277590e-01 6.363036e-01 6.578946e-01 1.500050e+01 3.266096e+03 5.064012e+03 0.613871 5.634617e-01
7.790000e-01 4.277590e-01 6.367197e-01 6.583146e-01 1.501776e+01 3.269328e+03 5.056000e+03 0.614697 5.640406e-01
7.780000e-01 4.277590e-01 6.369500e-01 6.585725e-01 1.502690e+01 3.278236e+03 5.053691e+03 0.6155 5.659062e-01
7.770000e-01 4.277590e-01 6.373660e-01 6.589922e-01 1.504430e+01 3.281400e+03 5.045623e+03 0.616325 5.664724e-01
7.760000e-01 4.277590e-01 6.375951e-01 6.592490e-01 1.505349e+01 3.290259e+03 5.043303e+03 0.617127 5.683316e-01
7.750000e-01 4.277590e-01 6.380107e-01 6.596682e-01 1.507103e+01 3.293355e+03 5.035178e+03 0.617952 5.688848e-01
7.740000e-01 4.277590e-01 6.382385e-01 6.599237e-01 1.508027e+01 3.302167e+03 5.032847e+03 0.618752 5.707378e-01
7.730000e-01 4.277590e-01 6.386538e-01 6.603424e-01 1.509796e+01 3.305195e+03 5.024662e+03 0.619575 5.712778e-01
7.720000e-01 4.277590e-01 6.388801e-01 6.605964e-01 1.510724e+01 3.313959e+03 5.022318e+03 0.620374 5.731245e-01
7.710000e-01 4.277590e-01 6.392949e-01 6.610145e-01 1.512508e+01 3.316919e+03 5.014071e+03 0.621195 5.736510e-01
7.700000e-01 4.277590e-01 6.395196e-01 6.612669e-01 1.513441e+01 3.325636e+03 5.011715e+03 0.621992 5.754914e-01
7.690000e-01 4.277590e-01 6.399337e-01 6.616842e-01 1.515241e+01 3.328529e+03 5.003401e+03 0.622811 5.760042e-01
7.680000e-01 4.277590e-01 6.401570e-01 6.619352e-01 1.516179e+01 3.337200e+03 5.001033e+03 0.623606 5.778385e-01
7.670000e-01 4.277590e-01 6.405708e-01 6.623520e-01 1.517993e+01 3.340019e+03 4.992662e+03 0.624424 5.783375e-01
7.660000e-01 4.277590e-01 6.407927e-01 6.626017e-01 1.518937e+01 3.348643e+03 4.990283e+03 0.625217 5.801657e-01
7.650000e-01 4.277590e-01 6.412063e-01 6.630182e-01 1.520764e+01 3.351386e+03 4.981864e+03 0.626036 5.806511e-01
7.640000e-01 4.277590e-01 6.414269e-01 6.632667e-01 1.521713e+01 3.359963e+03 4.979476e+03 0.626829 5.824734e-01
7.630000e-01 4.277590e-01 6.418467e-01 6.636895e-01 1.523565e+01 3.362602e+03 4.970953e+03 0.627656 5.829369e-01
7.620000e-01 4.277590e-01 6.420629e-01 6.639336e-01 1.524514e+01 3.371148e+03 4.968577e+03 0.628443 5.847574e-01
7.610000e-01 4.277590e-01 6.424794e-01 6.643528e-01 1.526376e+01 3.373729e+03 4.960030e+03 0.629266 5.852121e-01
7.600000e-01 4.277590e-01 6.426943e-01 6.645957e-01 1.527329e+01 3.382230e+03 4.957643e+03 0.630052 5.870271e-01
7.590000e-01 4.277590e-01 6.431106e-01 6.650148e-01 1.529206e+01 3.384738e+03 4.949044e+03 0.630876 5.874686e-01
7.580000e-01 4.277590e-01 6.433242e-01 6.652563e-01 1.530165e+01 3.393194e+03 4.946647e+03 0.631661 5.892780e-01
7.570000e-01 4.277590e-01 6.437400e-01 6.656748e-01 1.532058e+01 3.395629e+03 4.937990e+03 0.632483 5.897058e-01
7.560000e-01 4.277590e-01 6.439521e-01 6.659149e-01 1.533022e+01 3.404041e+03 4.935582e+03 0.633267 5.915097e-01
7.550000e-01 4.277590e-01 6.443674e-01 6.663327e-01 1.534931e+01 3.406403e+03 4.926865e+03 0.634088 5.919236e-01
7.540000e-01 4.277590e-01 6.445778e-01 6.665712e-01 1.535900e+01 3.414771e+03 4.924446e+03 0.63487 5.937219e-01
7.530000e-01 4.277590e-01 6.449925e-01 6.669882e-01 1.537826e+01 3.417061e+03 4.915665e+03 0.635689 5.941216e-01
7.520000e-01 4.277590e-01 6.452011e-01 6.672250e-01 1.538801e+01 3.425386e+03 4.913234e+03 0.636469 5.959145e-01
7.510000e-01 4.277590e-01 6.456151e-01 6.676411e-01 1.540742e+01 3.427601e+03 4.904393e+03 0.637286 5.962994e-01
7.500000e-01 4.277590e-01 6.458222e-01 6.678765e-01 1.541723e+01 3.435881e+03 4.901952e+03 0.638065 5.980867e-01
7.490000e-01 4.277590e-01 6.462357e-01 6.682919e-01 1.543680e+01 3.438018e+03 4.893056e+03 0.63888 5.984573e-01
7.480000e-01 4.277590e-01 6.464407e-01 6.685253e-01 1.544665e+01 3.446254e+03 4.890604e+03 0.639657 6.002390e-01
7.470000e-01 4.277590e-01 6.468531e-01 6.689395e-01 1.546639e+01 3.448315e+03 4.881647e+03 0.64047 6.005945e-01
7.460000e-01 4.277590e-01 6.470563e-01 6.691710e-01 1.547630e+01 3.456506e+03 4.879184e+03 0.641244 6.023703e-01
7.450000e-01 4.277590e-01 6.474676e-01 6.695840e-01 1.549620e+01 3.458493e+03 4.870163e+03 0.642053 6.027109e-01
7.440000e-01 4.277590e-01 6.476690e-01 6.698138e-01 1.550617e+01 3.466642e+03 4.867688e+03 0.642825 6.044811e-01
7.430000e-01 4.277590e-01 6.480795e-01 6.702257e-01 1.552625e+01 3.468555e+03 4.858604e+03 0.643632 6.048069e-01
7.420000e-01 4.277590e-01 6.482787e-01 6.704533e-01 1.553627e+01 3.476662e+03 4.856116e+03 0.6444 6.065716e-01
7.410000e-01 4.277590e-01 6.486878e-01 6.708637e-01 1.555653e+01 3.478499e+03 4.846962e+03 0.645203 6.068817e-01
7.400000e-01 4.277590e-01 6.488849e-01 6.710893e-01 1.556660e+01 3.486565e+03 4.844462e+03 0.645969 6.086409e-01
7.390000e-01 4.277590e-01 6.492923e-01 6.714977e-01 1.558706e+01 3.488328e+03 4.835233e+03 0.646766 6.089349e-01
7.380000e-01 4.277590e-01 6.494871e-01 6.717209e-01 1.559719e+01 3.496352e+03 4.832719e+03 0.647528 6.106884e-01
7.370000e-01 4.277590e-01 6.498927e-01 6.721272e-01 1.561784e+01 3.498040e+03 4.823412e+03 0.648318 6.109659e-01
7.360000e-01 4.277590e-01 6.500852e-01 6.723482e-01 1.562803e+01 3.506023e+03 4.820884e+03 0.649077 6.127138e-01
7.350000e-01 4.277590e-01 6.504891e-01 6.727525e-01 1.564887e+01 3.507634e+03 4.811502e+03 0.649862 6.129746e-01
7.340000e-01 4.277590e-01 6.506793e-01 6.729712e-01 1.565912e+01 3.515575e+03 4.808962e+03 0.650617 6.147168e-01
7.330000e-01 4.277590e-01 6.510820e-01 6.733741e-01 1.568013e+01 3.517105e+03 4.799517e+03 0.651398 6.149613e-01
7.320000e-01 4.277590e-01 6.512698e-01 6.735905e-01 1.569044e+01 3.525004e+03 4.796965e+03 0.65215 6.166981e-01
7.310000e-01 4.277590e-01 6.516708e-01 6.739916e-01 1.571164e+01 3.526453e+03 4.787454e+03 0.652926 6.169260e-01
7.300000e-01 4.277590e-01 6.518563e-01 6.742056e-01 1.572200e+01 3.534309e+03 4.784891e+03 0.653675 6.186571e-01
7.290000e-01 4.277590e-01 6.522617e-01 6.746111e-01 1.574350e+01 3.535650e+03 4.775261e+03 0.654455 6.188600e-01
7.280000e-01 4.277590e-01 6.524428e-01 6.748207e-01 1.575388e+01 3.543478e+03 4.772709e+03 0.655198 6.205896e-01
7.270000e-01 4.277590e-01 6.528441e-01 6.752218e-01 1.577550e+01 3.544753e+03 4.763048e+03 0.655971 6.207818e-01
7.260000e-01 4.277590e-01 6.530229e-01 6.754293e-01 1.578594e+01 3.552541e+03 4.760485e+03 0.656711 6.225065e-01
7.250000e-01 4.277590e-01 6.534226e-01 6.758286e-01 1.580776e+01 3.553734e+03 4.750758e+03 0.65748 6.226822e-01
7.240000e-01 4.277590e-01 6.535991e-01 6.760337e-01 1.581825e+01 3.561482e+03 4.748182e+03 0.658217 6.244018e-01
7.230000e-01 4.277590e-01 6.539970e-01 6.764310e-01 1.584028e+01 3.562593e+03 4.738382e+03 0.658981 6.245606e-01
7.220000e-01 4.277590e-01 6.541711e-01 6.766338e-01 1.585083e+01 3.570301e+03 4.735795e+03 0.659714 6.262751e-01
7.210000e-01 4.277590e-01 6.545675e-01 6.770294e-01 1.587307e+01 3.571330e+03 4.725926e+03 0.660473 6.264169e-01
7.200000e-01 4.277590e-01 6.547393e-01 6.772300e-01 1.588368e+01 3.578999e+03 4.723327e+03 0.661203 6.281264e-01
7.190000e-01 4.277590e-01 6.551345e-01 6.776242e-01 1.590612e+01 3.579946e+03 4.713394e+03 0.661959 6.282516e-01
7.180000e-01 4.277590e-01 6.553036e-01 6.778221e-01 1.591679e+01 3.587575e+03 4.710783e+03 0.662685 6.299560e-01
7.170000e-01 4.277590e-01 6.556963e-01 6.782135e-01 1.593943e+01 3.588435e+03 4.700777e+03 0.663433 6.300629e-01
7.160000e-01 4.277590e-01 6.558624e-01 6.784085e-01 1.595017e+01 3.596025e+03 4.698153e+03 0.664154 6.317620e-01
7.150000e-01 4.277590e-01 6.562528e-01 6.787973e-01 1.597302e+01 3.596799e+03 4.688072e+03 0.664895 6.318504e-01
7.140000e-01 4.277590e-01 6.564162e-01 6.789896e-01 1.598382e+01 3.604349e+03 4.685436e+03 0.665612 6.335442e-01
7.130000e-01 4.277590e-01 6.568041e-01 6.793756e-01 1.600690e+01 3.605039e+03 4.675277e+03 0.666345 6.336141e-01
7.120000e-01 4.277590e-01 6.569646e-01 6.795650e-01 1.601776e+01 3.612550e+03 4.672628e+03 0.667057 6.353025e-01
7.110000e-01 4.277590e-01 6.573493e-01 6.799475e-01 1.604107e+01 3.613155e+03 4.662383e+03 0.66778 6.353529e-01
7.100000e-01 4.277590e-01 6.575065e-01 6.801335e-01 1.605200e+01 3.620627e+03 4.659719e+03 0.668487 6.370356e-01
7.090000e-01 4.277590e-01 6.578881e-01 6.805125e-01 1.607554e+01 3.621145e+03 4.649384e+03 0.669199 6.370657e-01
7.080000e-01 4.277590e-01 6.580421e-01 6.806954e-01 1.608654e+01 3.628579e+03 4.646706e+03 0.669899 6.387430e-01
7.070000e-01 4.277590e-01 6.584208e-01 6.810712e-01 1.611032e+01 3.629010e+03 4.636289e+03 0.670602 6.387531e-01
7.060000e-01 4.277590e-01 6.585717e-01 6.812510e-01 1.612138e+01 3.636406e+03 4.633597e+03 0.671297 6.404250e-01
7.050000e-01 4.277590e-01 6.589476e-01 6.816237e-01 1.614539e+01 3.636749e+03 4.623101e+03 0.67199 6.404152e-01
7.040000e-01 4.277590e-01 6.590953e-01 6.818002e-01 1.615652e+01 3.644107e+03 4.620395e+03 0.67268 6.420817e-01
7.030000e-01 4.277590e-01 6.594683e-01 6.821697e-01 1.618077e+01 3.644359e+03 4.609818e+03 0.673364 6.420520e-01
7.020000e-01 4.277590e-01 6.596130e-01 6.823433e-01 1.619196e+01 3.651678e+03 4.607100e+03 0.674048 6.437133e-01
7.010000e-01 4.277590e-01 6.599885e-01 6.827150e-01 1.621656e+01 3.651808e+03 4.596395e+03 0.674731 6.436550e-01
7.000000e-01 4.277590e-01 6.601281e-01 6.828835e-01 1.622777e+01 3.659100e+03 4.593686e+03 0.675409 6.453153e-01
6.990000e-01 4.277590e-01 6.604983e-01 6.832498e-01 1.625254e+01 3.659152e+03 4.582943e+03 0.676082 6.452432e-01
6.980000e-01 4.277590e-01 6.606347e-01 6.834151e-01 1.626382e+01 3.666407e+03 4.580222e+03 0.676755 6.468987e-01
6.970000e-01 4.277590e-01 6.610023e-01 6.837785e-01 1.628883e+01 3.666367e+03 4.569402e+03 0.677419 6.468070e-01
6.960000e-01 4.277590e-01 6.611357e-01 6.839409e-01 1.630018e+01 3.673585e+03 4.566670e+03 0.678087 6.484574e-01
6.950000e-01 4.277590e-01 6.615009e-01 6.843015e-01 1.632543e+01 3.673452e+03 4.555778e+03 0.678744 6.483460e-01
6.940000e-01 4.277590e-01 6.616313e-01 6.844610e-01 1.633684e+01 3.680632e+03 4.553035e+03 0.679407 6.499916e-01
6.930000e-01 4.277590e-01 6.619934e-01 6.848183e-01 1.636234e+01 3.680406e+03 4.542066e+03 0.680055 6.498600e-01
6.920000e-01 4.277590e-01 6.621201e-01 6.849741e-01 1.637383e+01 3.687548e+03 4.539309e+03 0.680712 6.515002e-01
6.910000e-01 4.277590e-01 6.624783e-01 6.853271e-01 1.639959e+01 3.687228e+03 4.528252e+03 0.681347 6.513464e-01
6.900000e-01 4.277590e-01 6.626012e-01 6.854791e-01 1.641115e+01 3.694333e+03 4.525482e+03 0.681996 6.529813e-01
6.890000e-01 4.277590e-01 6.629557e-01 6.858280e-01 1.643718e+01 3.693916e+03 4.514335e+03 0.682619 6.528052e-01
6.880000e-01 4.277590e-01 6.630747e-01 6.859760e-01 1.644881e+01 3.700984e+03 4.511551e+03 0.683261 6.544348e-01
6.870000e-01 4.277590e-01 6.634244e-01 6.863197e-01 1.647512e+01 3.700466e+03 4.500310e+03 0.683869 6.542353e-01
6.860000e-01 4.277590e-01 6.636547e-01 6.865611e-01 1.649424e+01 3.703693e+03 4.493247e+03 0.684483 6.549391e-01
6.850000e-01 4.277590e-01 6.638836e-01 6.868013e-01 1.651343e+01 3.706881e+03 4.486165e+03 0.685094 6.556354e-01
6.840000e-01 4.277590e-01 6.641106e-01 6.870393e-01 1.653271e+01 3.710037e+03 4.479057e+03 0.6857 6.563245e-01
6.830000e-01 4.277590e-01 6.643354e-01 6.872751e-01 1.655208e+01 3.713157e+03 4.471924e+03 0.6863 6.570065e-01
6.820000e-01 4.277590e-01 6.645580e-01 6.875085e-01 1.657154e+01 3.716244e+03 4.464763e+03 0.686894 6.576808e-01
6.810000e-01 4.277590e-01 6.647786e-01 6.877398e-01 1.659109e+01 3.719297e+03 4.457575e+03 0.687482 6.583479e-01
6.800000e-01 4.277590e-01 6.650016e-01 6.879735e-01 1.661085e+01 3.722282e+03 4.450307e+03 0.68807 6.589977e-01
6.790000e-01 4.277590e-01 6.652185e-01 6.882010e-01 1.663059e+01 3.725264e+03 4.443067e+03 0.688649 6.596502e-01
6.780000e-01 4.277590e-01 6.654335e-01 6.884265e-01 1.665041e+01 3.728210e+03 4.435808e+03 0.689224 6.602965e-01
6.770000e-01 4.277590e-01 6.656466e-01 6.886501e-01 1.667032e+01 3.731121e+03 4.428527e+03 0.689795 6.609361e-01
6.760000e-01 4.277590e-01 6.658581e-01 6.888719e-01 1.669032e+01 3.733998e+03 4.421223e+03 0.690362 6.615688e-01
6.750000e-01 4.277590e-01 6.660676e-01 6.890918e-01 1.671041e+01 3.736838e+03 4.413897e+03 0.690925 6.621948e-01
6.740000e-01 4.277590e-01 6.662755e-01 6.893099e-01 1.673059e+01 3.739645e+03 4.406550e+03 0.691483 6.628139e-01
6.730000e-01 4.277590e-01 6.664816e-01 6.895262e-01 1.675086e+01 3.742415e+03 4.399183e+03 0.692038 6.634265e-01
6.720000e-01 4.277590e-01 6.666854e-01 6.897401e-01 1.677122e+01 3.745150e+03 4.391791e+03 0.692587 6.640317e-01
6.710000e-01 4.277590e-01 6.668868e-01 6.899514e-01 1.679167e+01 3.747849e+03 4.384371e+03 0.693129 6.646289e-01
6.700000e-01 4.277590e-01 6.670854e-01 6.901599e-01 1.681223e+01 3.750511e+03 4.376924e+03 0.693664 6.652181e-01
6.690000e-01 4.277590e-01 6.672816e-01 6.903658e-01 1.683288e+01 3.753138e+03 4.369447e+03 0.694192 6.657992e-01
6.680000e-01 4.277590e-01 6.674753e-01 6.905689e-01 1.685364e+01 3.755727e+03 4.361943e+03 0.694714 6.663726e-01
6.670000e-01 4.277590e-01 6.676661e-01 6.907692e-01 1.687450e+01 3.758279e+03 4.354407e+03 0.695228 6.669376e-01
6.660000e-01 4.277590e-01 6.678543e-01 6.909665e-01 1.689547e+01 3.760795e+03 4.346840e+03 0.695735 6.674940e-01
6.650000e-01 4.277590e-01 6.680397e-01 6.911610e-01 1.691654e+01 3.763274e+03 4.339245e+03 0.696234 6.680421e-01
6.640000e-01 4.277590e-01 6.682226e-01 6.913529e-01 1.693772e+01 3.765716e+03 4.331621e+03 0.696726 6.685818e-01
6.630000e-01 4.277590e-01 6.684029e-01 6.915420e-01 1.695899e+01 3.768121e+03 4.323971e+03 0.697211 6.691134e-01
6.620000e-01 4.277590e-01 6.685803e-01 6.917280e-01 1.698037e+01 3.770489e+03 4.316291e+03 0.697688 6.696363e-01
6.610000e-01 4.277590e-01 6.687552e-01 6.919113e-01 1.700186e+01 3.772819e+03 4.308583e+03 0.698158 6.701509e-01
6.600000e-01 4.277590e-01 6.689273e-01 6.920919e-01 1.702345e+01 3.775110e+03 4.300849e+03 0.698621 6.706575e-01
6.590000e-01 4.277590e-01 6.690975e-01 6.922704e-01 1.704515e+01 3.777365e+03 4.293091e+03 0.699079 6.711567e-01
6.580000e-01 4.277590e-01 6.692654e-01 6.924464e-01 1.706694e+01 3.779581e+03 4.285311e+03 0.699533 6.716487e-01
6.570000e-01 4.277590e-01 6.694312e-01 6.926203e-01 1.708884e+01 3.781759e+03 4.277510e+03 0.699981 6.721333e-01
6.560000e-01 4.277590e-01 6.695949e-01 6.927921e-01 1.711083e+01 3.783899e+03 4.269687e+03 0.700424 6.726107e-01
6.550000e-01 4.277590e-01 6.697564e-01 6.929616e-01 1.713292e+01 3.786001e+03 4.261844e+03 0.700862 6.730807e-01
6.540000e-01 4.277590e-01 6.699198e-01 6.931330e-01 1.715525e+01 3.788035e+03 4.253924e+03 0.701299 6.735331e-01
6.530000e-01 4.277590e-01 6.700765e-01 6.932976e-01 1.717756e+01 3.790060e+03 4.246030e+03 0.701725 6.739869e-01
6.520000e-01 4.277590e-01 6.702301e-01 6.934587e-01 1.719998e+01 3.792049e+03 4.238106e+03 0.702142 6.744319e-01
6.510000e-01 4.277590e-01 6.703805e-01 6.936166e-01 1.722252e+01 3.793999e+03 4.230153e+03 0.70255 6.748679e-01
6.500000e-01 4.277590e-01 6.705278e-01 6.937712e-01 1.724518e+01 3.795909e+03 4.222170e+03 0.702949 6.752950e-01
6.490000e-01 4.277590e-01 6.706719e-01 6.939224e-01 1.726795e+01 3.797779e+03 4.214154e+03 0.70334 6.757126e-01
6.480000e-01 4.277590e-01 6.708126e-01 6.940699e-01 1.729085e+01 3.799608e+03 4.206107e+03 0.703721 6.761209e-01
6.470000e-01 4.277590e-01 6.709501e-01 6.942142e-01 1.731386e+01 3.801399e+03 4.198029e+03 0.704093 6.765196e-01
6.460000e-01 4.277590e-01 6.710846e-01 6.943552e-01 1.733699e+01 3.803148e+03 4.189925e+03 0.704457 6.769093e-01
6.450000e-01 4.277590e-01 6.712158e-01 6.944928e-01 1.736023e+01 3.804859e+03 4.181791e+03 0.704812 6.772897e-01
6.440000e-01 4.277590e-01 6.713437e-01 6.946269e-01 1.738360e+01 3.806528e+03 4.173625e+03 0.705157 6.776606e-01
6.430000e-01 4.277590e-01 6.714686e-01 6.947579e-01 1.740708e+01 3.808156e+03 4.165436e+03 0.705495 6.780228e-01
6.420000e-01 4.277590e-01 6.715911e-01 6.948863e-01 1.743068e+01 3.809746e+03 4.157221e+03 0.705826 6.783767e-01
6.410000e-01 4.277590e-01 6.717110e-01 6.950121e-01 1.745439e+01 3.811293e+03 4.148986e+03 0.706152 6.787230e-01
6.400000e-01 4.277590e-01 6.718286e-01 6.951354e-01 1.747822e+01 3.812802e+03 4.140729e+03 0.706471 6.790615e-01
6.390000e-01 4.277590e-01 6.719439e-01 6.952564e-01 1.750216e+01 3.814271e+03 4.132451e+03 0.706786 6.793921e-01
6.380000e-01 4.277590e-01 6.720569e-01 6.953751e-01 1.752621e+01 3.815701e+03 4.124154e+03 0.707095 6.797153e-01
6.370000e-01 4.277590e-01 6.721674e-01 6.954912e-01 1.755037e+01 3.817093e+03 4.115834e+03 0.707397 6.800302e-01
6.360000e-01 4.277590e-01 6.722741e-01 6.956032e-01 1.757467e+01 3.818441e+03 4.107484e+03 0.707689 6.803351e-01
6.350000e-01 4.277590e-01 6.723774e-01 6.957116e-01 1.759909e+01 3.819750e+03 4.099102e+03 0.70797 6.806299e-01
6.340000e-01 4.277590e-01 6.724772e-01 6.958164e-01 1.762365e+01 3.821016e+03 4.090692e+03 0.708243 6.809152e-01
6.330000e-01 4.277590e-01 6.725731e-01 6.959171e-01 1.764833e+01 3.822239e+03 4.082249e+03 0.708504 6.811903e-01
6.320000e-01 4.277590e-01 6.726682e-01 6.960167e-01 1.767329e+01 3.823383e+03 4.073716e+03 0.708756 6.814438e-01
6.310000e-01 4.277590e-01 6.727565e-01 6.961093e-01 1.769826e+01 3.824517e+03 4.065205e+03 0.708996 6.816973e-01
6.300000e-01 4.277590e-01 6.728416e-01 6.961985e-01 1.772335e+01 3.825612e+03 4.056670e+03 0.709226 6.819414e-01
6.290000e-01 4.277590e-01 6.729227e-01 6.962835e-01 1.774857e+01 3.826662e+03 4.048105e+03 0.709445 6.821754e-01
6.280000e-01 4.277590e-01 6.730004e-01 6.963649e-01 1.777392e+01 3.827671e+03 4.039513e+03 0.709655 6.823993e-01
6.270000e-01 4.277590e-01 6.730751e-01 6.964432e-01 1.779940e+01 3.828636e+03 4.030897e+03 0.709858 6.826145e-01
6.260000e-01 4.277590e-01 6.731476e-01 6.965192e-01 1.782500e+01 3.829561e+03 4.022263e+03 0.710055 6.828220e-01
6.250000e-01 4.277590e-01 6.732171e-01 6.965921e-01 1.785073e+01 3.830443e+03 4.013605e+03 0.710245 6.830209e-01
6.240000e-01 4.277590e-01 6.732842e-01 6.966626e-01 1.787659e+01 3.831284e+03 4.004929e+03 0.710429 6.832118e-01
6.230000e-01 4.277590e-01 6.733492e-01 6.967309e-01 1.790257e+01 3.832087e+03 3.996234e+03 0.710608 6.833947e-01
6.220000e-01 4.277590e-01 6.734110e-01 6.967959e-01 1.792868e+01 3.832846e+03 3.987520e+03 0.710778 6.835690e-01
6.210000e-01 4.277590e-01 6.734688e-01 6.968566e-01 1.795493e+01 3.833563e+03 3.978773e+03 0.710937 6.837323e-01
6.200000e-01 4.277590e-01 6.735227e-01 6.969133e-01 1.798133e+01 3.834235e+03 3.969996e+03 0.711085 6.838849e-01
6.190000e-01 4.277590e-01 6.735730e-01 6.969661e-01 1.800786e+01 3.834863e+03 3.961192e+03 0.711223 6.840276e-01
6.180000e-01 4.277590e-01 6.736188e-01 6.970141e-01 1.803455e+01 3.835445e+03 3.952353e+03 0.711348 6.841588e-01
6.170000e-01 4.277590e-01 6.736599e-01 6.970572e-01 1.806140e+01 3.835980e+03 3.943481e+03 0.71146 6.842783e-01
6.160000e-01 4.277590e-01 6.736975e-01 6.970966e-01 1.808839e+01 3.836472e+03 3.934579e+03 0.711561 6.843868e-01
6.150000e-01 4.277590e-01 6.737311e-01 6.971317e-01 1.811551e+01 3.836918e+03 3.925653e+03 0.711652 6.844851e-01
6.140000e-01 4.277590e-01 6.737610e-01 6.971630e-01 1.814278e+01 3.837320e+03 3.916698e+03 0.711731 6.845727e-01
6.130000e-01 4.277590e-01 6.737879e-01 6.971911e-01 1.817019e+01 3.837678e+03 3.907724e+03 0.711804 6.846515e-01
6.120000e-01 4.277590e-01 6.738128e-01 6.972172e-01 1.819773e+01 3.837995e+03 3.898736e+03 0.711872 6.847228e-01
6.110000e-01 4.277590e-01 6.738346e-01 6.972401e-01 1.822541e+01 3.838269e+03 3.889726e+03 0.711932 6.847854e-01
6.100000e-01 4.277590e-01 6.738536e-01 6.972601e-01 1.825324e+01 3.838499e+03 3.880697e+03 0.711985 6.848393e-01
6.090000e-01 4.277590e-01 6.738733e-01 6.972808e-01 1.828133e+01 3.838653e+03 3.871601e+03 0.712035 6.848742e-01
6.080000e-01 4.277590e-01 6.738863e-01 6.972946e-01 1.830943e+01 3.838796e+03 3.862532e+03 0.712072 6.849095e-01
6.070000e-01 4.277590e-01 6.738950e-01 6.973037e-01 1.833770e+01 3.838897e+03 3.853431e+03 0.712097 6.849332e-01
6.060000e-01 4.277590e-01 6.738998e-01 6.973089e-01 1.836611e+01 3.838950e+03 3.844307e+03 0.712111 6.849469e-01
6.050000e-01 4.277590e-01 6.739007e-01 6.973098e-01 1.839469e+01 3.838959e+03 3.835154e+03 0.712114 6.849493e-01
6.054368e-01 4.277590e-01 6.740465e-01 6.974554e-01 1.838778e+01 3.837052e+03 3.837041e+03 0.712263 6.844567e-01
