1.000000e+00 3.410370e+00 2.101423e+00 2.491019e+00 9.946560e+00 0.000000e+00 1.683932e+04 0 0.000000e+00
9.990000e-01 3.410370e+00 2.103398e+00 2.492668e+00 9.956464e+00 7.013641e+02 1.672104e+04 1.95639 3.528928e-02
9.980000e-01 3.410370e+00 2.103567e+00 2.492572e+00 9.957952e+00 9.896465e+02 1.667966e+04 2.05755 5.236074e-02
9.970000e-01 3.410370e+00 2.104671e+00 2.493795e+00 9.962685e+00 1.208977e+03 1.664599e+04 1.96112 6.090326e-02
9.960000e-01 3.410370e+00 2.104843e+00 2.493695e+00 9.964289e+00 1.397548e+03 1.661970e+04 2.00458 7.195131e-02
9.950000e-01 3.410370e+00 2.105944e+00 2.494888e+00 9.969007e+00 1.560307e+03 1.659368e+04 1.96428 7.863323e-02
9.940000e-01 3.410370e+00 2.106219e+00 2.494942e+00 9.970736e+00 1.713874e+03 1.657274e+04 1.99444 8.767602e-02
9.930000e-01 3.410370e+00 2.107281e+00 2.496112e+00 9.975344e+00 1.852114e+03 1.655026e+04 1.96751 9.337406e-02
9.920000e-01 3.410370e+00 2.107938e+00 2.496730e+00 9.978445e+00 1.983010e+03 1.653087e+04 1.96909 9.999113e-02
9.910000e-01 3.410370e+00 2.108629e+00 2.497399e+00 9.981597e+00 2.105969e+03 1.651257e+04 1.97071 1.062092e-01
9.900000e-01 3.410370e+00 2.109328e+00 2.498086e+00 9.984750e+00 2.222314e+03 1.649524e+04 1.97235 1.120957e-01
9.890000e-01 3.410370e+00 2.110030e+00 2.498782e+00 9.987902e+00 2.332770e+03 1.647876e+04 1.974 1.176869e-01
9.880000e-01 3.410370e+00 2.110733e+00 2.499482e+00 9.991052e+00 2.437934e+03 1.646304e+04 1.97564 1.230131e-01
9.870000e-01 3.410370e+00 2.111434e+00 2.500181e+00 9.994203e+00 2.538302e+03 1.644799e+04 1.97729 1.280993e-01
9.860000e-01 3.410370e+00 2.112134e+00 2.500877e+00 9.997360e+00 2.634548e+03 1.643352e+04 1.97895 1.329795e-01
9.850000e-01 3.410370e+00 2.112835e+00 2.501574e+00 1.000053e+01 2.727427e+03 1.641951e+04 1.98061 1.376918e-01
9.840000e-01 3.410370e+00 2.113540e+00 2.502275e+00 1.000371e+01 2.817311e+03 1.640592e+04 1.98228 1.422547e-01
9.830000e-01 3.410370e+00 2.114246e+00 2.502980e+00 1.000689e+01 2.904397e+03 1.639271e+04 1.98396 1.466780e-01
9.820000e-01 3.410370e+00 2.114953e+00 2.503685e+00 1.001009e+01 2.988759e+03 1.637988e+04 1.98564 1.509652e-01
9.810000e-01 3.410370e+00 2.115659e+00 2.504388e+00 1.001329e+01 3.070602e+03 1.636738e+04 1.98732 1.551270e-01
9.800000e-01 3.410370e+00 2.116366e+00 2.505090e+00 1.001649e+01 3.150225e+03 1.635518e+04 1.98901 1.591782e-01
9.790000e-01 3.410370e+00 2.117071e+00 2.505790e+00 1.001971e+01 3.227642e+03 1.634327e+04 1.99069 1.631196e-01
9.780000e-01 3.410370e+00 2.117774e+00 2.506482e+00 1.002293e+01 3.302843e+03 1.633165e+04 1.99238 1.669507e-01
9.770000e-01 3.410370e+00 2.118471e+00 2.507163e+00 1.002615e+01 3.375879e+03 1.632031e+04 1.99406 1.706740e-01
9.760000e-01 3.410370e+00 2.119164e+00 2.507834e+00 1.002938e+01 3.447100e+03 1.630920e+04 1.99574 1.743075e-01
9.750000e-01 3.410370e+00 2.119860e+00 2.508504e+00 1.003264e+01 3.517097e+03 1.629824e+04 1.99743 1.778809e-01
9.740000e-01 3.410370e+00 2.120560e+00 2.509182e+00 1.003591e+01 3.586064e+03 1.628741e+04 1.99913 1.814036e-01
9.730000e-01 3.410370e+00 2.121267e+00 2.509868e+00 1.003920e+01 3.653995e+03 1.627672e+04 2.00084 1.848748e-01
9.720000e-01 3.410370e+00 2.121979e+00 2.510562e+00 1.004251e+01 3.720876e+03 1.626618e+04 2.00256 1.882939e-01
9.710000e-01 3.410370e+00 2.122695e+00 2.511264e+00 1.004582e+01 3.786739e+03 1.625578e+04 2.00429 1.916625e-01
9.700000e-01 3.410370e+00 2.123415e+00 2.511974e+00 1.004914e+01 3.851627e+03 1.624552e+04 2.00602 1.949827e-01
9.690000e-01 3.410370e+00 2.124139e+00 2.512689e+00 1.005246e+01 3.915458e+03 1.623539e+04 2.00775 1.982503e-01
9.680000e-01 3.410370e+00 2.124864e+00 2.513407e+00 1.005579e+01 3.978186e+03 1.622540e+04 2.00949 2.014632e-01
9.670000e-01 3.410370e+00 2.125589e+00 2.514126e+00 1.005912e+01 4.039775e+03 1.621556e+04 2.01123 2.046194e-01
9.660000e-01 3.410370e+00 2.126314e+00 2.514844e+00 1.006246e+01 4.100339e+03 1.620585e+04 2.01296 2.077249e-01
9.650000e-01 3.410370e+00 2.127041e+00 2.515565e+00 1.006580e+01 4.160060e+03 1.619625e+04 2.01471 2.107889e-01
9.640000e-01 3.410370e+00 2.127770e+00 2.516290e+00 1.006915e+01 4.218959e+03 1.618675e+04 2.01646 2.138124e-01
9.630000e-01 3.410370e+00 2.128501e+00 2.517017e+00 1.007251e+01 4.277007e+03 1.617737e+04 2.01821 2.167937e-01
9.620000e-01 3.410370e+00 2.129276e+00 2.517803e+00 1.007596e+01 4.334109e+03 1.616797e+04 2.02003 2.197259e-01
9.610000e-01 3.410370e+00 2.129966e+00 2.518476e+00 1.007925e+01 4.390484e+03 1.615893e+04 2.02173 2.226269e-01
9.600000e-01 3.410370e+00 2.130741e+00 2.519260e+00 1.008271e+01 4.446020e+03 1.614973e+04 2.02355 2.254821e-01
9.590000e-01 3.410370e+00 2.131475e+00 2.519989e+00 1.008610e+01 4.500776e+03 1.614075e+04 2.02532 2.283011e-01
9.580000e-01 3.410370e+00 2.132206e+00 2.520713e+00 1.008949e+01 4.554630e+03 1.613188e+04 2.02709 2.310756e-01
9.570000e-01 3.410370e+00 2.132933e+00 2.521429e+00 1.009288e+01 4.607567e+03 1.612311e+04 2.02885 2.338050e-01
9.560000e-01 3.410370e+00 2.133660e+00 2.522141e+00 1.009628e+01 4.659831e+03 1.611441e+04 2.03061 2.365018e-01
9.550000e-01 3.410370e+00 2.134390e+00 2.522856e+00 1.009970e+01 4.711694e+03 1.610575e+04 2.03239 2.391795e-01
9.540000e-01 3.410370e+00 2.135125e+00 2.523577e+00 1.010315e+01 4.763186e+03 1.609711e+04 2.03418 2.418395e-01
9.530000e-01 3.410370e+00 2.135864e+00 2.524305e+00 1.010661e+01 4.814241e+03 1.608852e+04 2.03597 2.444780e-01
9.520000e-01 3.410370e+00 2.136607e+00 2.525038e+00 1.011007e+01 4.864810e+03 1.607999e+04 2.03777 2.470927e-01
9.510000e-01 3.410370e+00 2.137352e+00 2.525776e+00 1.011355e+01 4.914914e+03 1.607151e+04 2.03958 2.496846e-01
9.500000e-01 3.410370e+00 2.138101e+00 2.526518e+00 1.011703e+01 4.964535e+03 1.606308e+04 2.04139 2.522526e-01
9.490000e-01 3.410370e+00 2.138851e+00 2.527265e+00 1.012052e+01 5.013647e+03 1.605473e+04 2.04321 2.547956e-01
9.480000e-01 3.410370e+00 2.139603e+00 2.528013e+00 1.012401e+01 5.062208e+03 1.604643e+04 2.04502 2.573115e-01
9.470000e-01 3.410370e+00 2.140355e+00 2.528761e+00 1.012751e+01 5.110219e+03 1.603820e+04 2.04684 2.598004e-01
9.460000e-01 3.410370e+00 2.141108e+00 2.529511e+00 1.013102e+01 5.157792e+03 1.603001e+04 2.04867 2.622680e-01
9.450000e-01 3.410370e+00 2.141864e+00 2.530265e+00 1.013454e+01 5.204980e+03 1.602186e+04 2.0505 2.647171e-01
9.440000e-01 3.410370e+00 2.142623e+00 2.531022e+00 1.013807e+01 5.251753e+03 1.601376e+04 2.05234 2.671459e-01
9.430000e-01 3.410370e+00 2.143383e+00 2.531781e+00 1.014161e+01 5.298055e+03 1.600569e+04 2.05418 2.695516e-01
9.420000e-01 3.410370e+00 2.144143e+00 2.532540e+00 1.014515e+01 5.343859e+03 1.599769e+04 2.05602 2.719329e-01
9.410000e-01 3.410370e+00 2.144904e+00 2.533301e+00 1.014870e+01 5.389235e+03 1.598972e+04 2.05786 2.742934e-01
9.400000e-01 3.410370e+00 2.145665e+00 2.534061e+00 1.015226e+01 5.434135e+03 1.598180e+04 2.05971 2.766307e-01
9.390000e-01 3.410370e+00 2.146426e+00 2.534818e+00 1.015582e+01 5.478488e+03 1.597394e+04 2.06156 2.789411e-01
9.380000e-01 3.410370e+00 2.147183e+00 2.535571e+00 1.015938e+01 5.522250e+03 1.596615e+04 2.06341 2.812225e-01
9.370000e-01 3.410370e+00 2.147939e+00 2.536318e+00 1.016294e+01 5.565528e+03 1.595840e+04 2.06525 2.834806e-01
9.360000e-01 3.410370e+00 2.148696e+00 2.537067e+00 1.016653e+01 5.608549e+03 1.595067e+04 2.06711 2.857268e-01
9.350000e-01 3.410370e+00 2.149458e+00 2.537821e+00 1.017013e+01 5.651388e+03 1.594294e+04 2.06897 2.879647e-01
9.340000e-01 3.410370e+00 2.150224e+00 2.538581e+00 1.017375e+01 5.694009e+03 1.593523e+04 2.07085 2.901923e-01
9.330000e-01 3.410370e+00 2.150994e+00 2.539346e+00 1.017739e+01 5.736361e+03 1.592754e+04 2.07273 2.924070e-01
9.320000e-01 3.410370e+00 2.151767e+00 2.540116e+00 1.018103e+01 5.778432e+03 1.591988e+04 2.07462 2.946080e-01
9.310000e-01 3.410370e+00 2.152542e+00 2.540889e+00 1.018468e+01 5.820213e+03 1.591225e+04 2.07651 2.967950e-01
9.300000e-01 3.410370e+00 2.153320e+00 2.541666e+00 1.018834e+01 5.861676e+03 1.590465e+04 2.07841 2.989664e-01
9.290000e-01 3.410370e+00 2.154098e+00 2.542445e+00 1.019201e+01 5.902786e+03 1.589708e+04 2.08031 3.011205e-01
9.280000e-01 3.410370e+00 2.154877e+00 2.543224e+00 1.019568e+01 5.943531e+03 1.588956e+04 2.08221 3.032569e-01
9.270000e-01 3.410370e+00 2.155657e+00 2.544006e+00 1.019936e+01 5.983993e+03 1.588206e+04 2.08411 3.053797e-01
9.260000e-01 3.410370e+00 2.156440e+00 2.544790e+00 1.020306e+01 6.024224e+03 1.587457e+04 2.08603 3.074917e-01
9.250000e-01 3.410370e+00 2.157226e+00 2.545578e+00 1.020677e+01 6.064206e+03 1.586711e+04 2.08795 3.095918e-01
9.240000e-01 3.410370e+00 2.158013e+00 2.546368e+00 1.021048e+01 6.103897e+03 1.585966e+04 2.08987 3.116778e-01
9.230000e-01 3.410370e+00 2.158802e+00 2.547160e+00 1.021421e+01 6.143268e+03 1.585224e+04 2.0918 3.137483e-01
9.220000e-01 3.410370e+00 2.159591e+00 2.547952e+00 1.021794e+01 6.182364e+03 1.584484e+04 2.09373 3.158057e-01
9.210000e-01 3.410370e+00 2.160381e+00 2.548745e+00 1.022168e+01 6.221134e+03 1.583747e+04 2.09567 3.178474e-01
9.200000e-01 3.410370e+00 2.161170e+00 2.549536e+00 1.022543e+01 6.259519e+03 1.583013e+04 2.0976 3.198702e-01
9.190000e-01 3.410370e+00 2.161957e+00 2.550323e+00 1.022917e+01 6.297478e+03 1.582282e+04 2.09954 3.218723e-01
9.180000e-01 3.410370e+00 2.162743e+00 2.551106e+00 1.023293e+01 6.335104e+03 1.581554e+04 2.10148 3.238586e-01
9.170000e-01 3.410370e+00 2.163531e+00 2.551891e+00 1.023670e+01 6.372568e+03 1.580827e+04 2.10342 3.258377e-01
9.160000e-01 3.410370e+00 2.164323e+00 2.552681e+00 1.024049e+01 6.409912e+03 1.580099e+04 2.10537 3.278117e-01
9.150000e-01 3.410370e+00 2.165119e+00 2.553477e+00 1.024430e+01 6.447110e+03 1.579370e+04 2.10734 3.297789e-01
9.140000e-01 3.410370e+00 2.165918e+00 2.554277e+00 1.024812e+01 6.484117e+03 1.578643e+04 2.10931 3.317370e-01
9.130000e-01 3.410370e+00 2.166720e+00 2.555081e+00 1.025195e+01 6.520915e+03 1.577917e+04 2.11128 3.336850e-01
9.120000e-01 3.410370e+00 2.167524e+00 2.555888e+00 1.025579e+01 6.557499e+03 1.577192e+04 2.11326 3.356228e-01
9.110000e-01 3.410370e+00 2.168329e+00 2.556698e+00 1.025964e+01 6.593833e+03 1.576470e+04 2.11525 3.375483e-01
9.100000e-01 3.410370e+00 2.169135e+00 2.557509e+00 1.026349e+01 6.629887e+03 1.575750e+04 2.11723 3.394602e-01
9.090000e-01 3.410370e+00 2.169941e+00 2.558321e+00 1.026734e+01 6.665672e+03 1.575032e+04 2.11922 3.413591e-01
9.080000e-01 3.410370e+00 2.170748e+00 2.559134e+00 1.027121e+01 6.701262e+03 1.574315e+04 2.12121 3.432488e-01
9.070000e-01 3.410370e+00 2.171559e+00 2.559951e+00 1.027509e+01 6.736682e+03 1.573600e+04 2.12321 3.451307e-01
9.060000e-01 3.410370e+00 2.172371e+00 2.560770e+00 1.027899e+01 6.771910e+03 1.572885e+04 2.12522 3.470034e-01
9.050000e-01 3.410370e+00 2.173185e+00 2.561592e+00 1.028289e+01 6.806914e+03 1.572171e+04 2.12723 3.488655e-01
9.040000e-01 3.410370e+00 2.174000e+00 2.562414e+00 1.028680e+01 6.841697e+03 1.571459e+04 2.12924 3.507170e-01
9.030000e-01 3.410370e+00 2.174816e+00 2.563239e+00 1.029072e+01 6.876275e+03 1.570747e+04 2.13126 3.525589e-01
9.020000e-01 3.410370e+00 2.175633e+00 2.564062e+00 1.029465e+01 6.910583e+03 1.570038e+04 2.13328 3.543878e-01
9.010000e-01 3.410370e+00 2.176448e+00 2.564884e+00 1.029859e+01 6.944580e+03 1.569331e+04 2.1353 3.562016e-01
9.000000e-01 3.410370e+00 2.177261e+00 2.565701e+00 1.030252e+01 6.978265e+03 1.568625e+04 2.13732 3.580005e-01
8.990000e-01 3.410370e+00 2.178119e+00 2.566577e+00 1.030656e+01 7.011731e+03 1.567908e+04 2.1394 3.597840e-01
8.980000e-01 3.410370e+00 2.178937e+00 2.567400e+00 1.031053e+01 7.045153e+03 1.567202e+04 2.14144 3.615713e-01
8.970000e-01 3.410370e+00 2.179759e+00 2.568226e+00 1.031453e+01 7.078493e+03 1.566495e+04 2.14349 3.633553e-01
8.960000e-01 3.410370e+00 2.180585e+00 2.569057e+00 1.031854e+01 7.111717e+03 1.565788e+04 2.14554 3.651341e-01
8.950000e-01 3.410370e+00 2.181413e+00 2.569893e+00 1.032256e+01 7.144793e+03 1.565080e+04 2.1476 3.669059e-01
8.940000e-01 3.410370e+00 2.182244e+00 2.570732e+00 1.032659e+01 7.177720e+03 1.564374e+04 2.14967 3.686707e-01
8.930000e-01 3.410370e+00 2.183076e+00 2.571574e+00 1.033064e+01 7.210468e+03 1.563668e+04 2.15174 3.704269e-01
8.920000e-01 3.410370e+00 2.183910e+00 2.572417e+00 1.033468e+01 7.243001e+03 1.562963e+04 2.15381 3.721726e-01
8.910000e-01 3.410370e+00 2.184743e+00 2.573261e+00 1.033874e+01 7.275304e+03 1.562260e+04 2.15589 3.739072e-01
8.900000e-01 3.410370e+00 2.185577e+00 2.574106e+00 1.034280e+01 7.307428e+03 1.561558e+04 2.15797 3.756334e-01
8.890000e-01 3.410370e+00 2.186414e+00 2.574954e+00 1.034688e+01 7.339412e+03 1.560856e+04 2.16005 3.773531e-01
8.880000e-01 3.410370e+00 2.187253e+00 2.575805e+00 1.035097e+01 7.371249e+03 1.560154e+04 2.16214 3.790660e-01
8.870000e-01 3.410370e+00 2.188093e+00 2.576657e+00 1.035507e+01 7.402911e+03 1.559452e+04 2.16424 3.807705e-01
8.860000e-01 3.410370e+00 2.188934e+00 2.577511e+00 1.035918e+01 7.434390e+03 1.558752e+04 2.16634 3.824665e-01
8.850000e-01 3.410370e+00 2.189777e+00 2.578367e+00 1.036330e+01 7.465703e+03 1.558051e+04 2.16844 3.841547e-01
8.840000e-01 3.410370e+00 2.190619e+00 2.579222e+00 1.036742e+01 7.496807e+03 1.557352e+04 2.17055 3.858329e-01
8.830000e-01 3.410370e+00 2.191461e+00 2.580076e+00 1.037156e+01 7.527662e+03 1.556654e+04 2.17266 3.874991e-01
8.820000e-01 3.410370e+00 2.192301e+00 2.580926e+00 1.037569e+01 7.558251e+03 1.555957e+04 2.17476 3.891526e-01
8.810000e-01 3.410370e+00 2.193142e+00 2.581775e+00 1.037984e+01 7.588676e+03 1.555261e+04 2.17687 3.907986e-01
8.800000e-01 3.410370e+00 2.193985e+00 2.582627e+00 1.038401e+01 7.619028e+03 1.554563e+04 2.17899 3.924420e-01
8.790000e-01 3.410370e+00 2.194832e+00 2.583484e+00 1.038820e+01 7.649322e+03 1.553864e+04 2.18112 3.940831e-01
8.780000e-01 3.410370e+00 2.195683e+00 2.584346e+00 1.039241e+01 7.679531e+03 1.553163e+04 2.18326 3.957206e-01
8.770000e-01 3.410370e+00 2.196537e+00 2.585212e+00 1.039663e+01 7.709629e+03 1.552462e+04 2.18541 3.973530e-01
8.760000e-01 3.410370e+00 2.197394e+00 2.586082e+00 1.040087e+01 7.739617e+03 1.551760e+04 2.18756 3.989804e-01
8.750000e-01 3.410370e+00 2.198252e+00 2.586955e+00 1.040512e+01 7.769464e+03 1.551058e+04 2.18972 4.006010e-01
8.740000e-01 3.410370e+00 2.199112e+00 2.587830e+00 1.040938e+01 7.799138e+03 1.550357e+04 2.19188 4.022133e-01
8.730000e-01 3.410370e+00 2.199972e+00 2.588705e+00 1.041364e+01 7.828623e+03 1.549657e+04 2.19404 4.038165e-01
8.720000e-01 3.410370e+00 2.200832e+00 2.589581e+00 1.041792e+01 7.857960e+03 1.548957e+04 2.19621 4.054127e-01
8.710000e-01 3.410370e+00 2.201695e+00 2.590460e+00 1.042220e+01 7.887179e+03 1.548257e+04 2.19838 4.070036e-01
8.700000e-01 3.410370e+00 2.202559e+00 2.591342e+00 1.042650e+01 7.916273e+03 1.547556e+04 2.20056 4.085888e-01
8.690000e-01 3.410370e+00 2.203425e+00 2.592225e+00 1.043082e+01 7.945215e+03 1.546855e+04 2.20274 4.101667e-01
8.680000e-01 3.410370e+00 2.204292e+00 2.593110e+00 1.043514e+01 7.974010e+03 1.546155e+04 2.20493 4.117378e-01
8.670000e-01 3.410370e+00 2.205160e+00 2.593995e+00 1.043947e+01 8.002658e+03 1.545454e+04 2.20712 4.133020e-01
8.660000e-01 3.410370e+00 2.206028e+00 2.594881e+00 1.044381e+01 8.031120e+03 1.544753e+04 2.20932 4.148574e-01
8.650000e-01 3.410370e+00 2.206895e+00 2.595765e+00 1.044815e+01 8.059360e+03 1.544054e+04 2.21151 4.164021e-01
8.640000e-01 3.410370e+00 2.207761e+00 2.596645e+00 1.045250e+01 8.087377e+03 1.543356e+04 2.2137 4.179362e-01
8.630000e-01 3.410370e+00 2.208627e+00 2.597525e+00 1.045687e+01 8.115275e+03 1.542656e+04 2.2159 4.194651e-01
8.620000e-01 3.410370e+00 2.209496e+00 2.598408e+00 1.046125e+01 8.143118e+03 1.541955e+04 2.21811 4.209922e-01
8.610000e-01 3.410370e+00 2.210369e+00 2.599297e+00 1.046566e+01 8.170909e+03 1.541253e+04 2.22032 4.225174e-01
8.600000e-01 3.410370e+00 2.211245e+00 2.600190e+00 1.047009e+01 8.198622e+03 1.540548e+04 2.22255 4.240392e-01
8.590000e-01 3.410370e+00 2.212124e+00 2.601087e+00 1.047453e+01 8.226246e+03 1.539843e+04 2.22478 4.255570e-01
8.580000e-01 3.410370e+00 2.213005e+00 2.601987e+00 1.047899e+01 8.253777e+03 1.539136e+04 2.22702 4.270706e-01
8.570000e-01 3.410370e+00 2.213889e+00 2.602890e+00 1.048346e+01 8.281183e+03 1.538429e+04 2.22927 4.285783e-01
8.560000e-01 3.410370e+00 2.214773e+00 2.603794e+00 1.048793e+01 8.308434e+03 1.537722e+04 2.23151 4.300785e-01
8.550000e-01 3.410370e+00 2.215657e+00 2.604699e+00 1.049242e+01 8.335531e+03 1.537016e+04 2.23376 4.315714e-01
8.540000e-01 3.410370e+00 2.216543e+00 2.605606e+00 1.049692e+01 8.362518e+03 1.536308e+04 2.23602 4.330593e-01
8.530000e-01 3.410370e+00 2.217431e+00 2.606515e+00 1.050143e+01 8.389402e+03 1.535600e+04 2.23828 4.345426e-01
8.520000e-01 3.410370e+00 2.218320e+00 2.607427e+00 1.050596e+01 8.416170e+03 1.534891e+04 2.24054 4.360204e-01
8.510000e-01 3.410370e+00 2.219211e+00 2.608340e+00 1.051050e+01 8.442806e+03 1.534182e+04 2.24281 4.374921e-01
8.500000e-01 3.410370e+00 2.220102e+00 2.609254e+00 1.051505e+01 8.469310e+03 1.533473e+04 2.24509 4.389577e-01
8.490000e-01 3.410370e+00 2.220995e+00 2.610169e+00 1.051961e+01 8.495675e+03 1.532762e+04 2.24737 4.404168e-01
8.480000e-01 3.410370e+00 2.221930e+00 2.611143e+00 1.052426e+01 8.521811e+03 1.532040e+04 2.2497 4.418577e-01
8.470000e-01 3.410370e+00 2.222777e+00 2.611995e+00 1.052875e+01 8.547827e+03 1.531344e+04 2.25192 4.433069e-01
8.460000e-01 3.410370e+00 2.223709e+00 2.612962e+00 1.053341e+01 8.573596e+03 1.530622e+04 2.25425 4.447308e-01
8.450000e-01 3.410370e+00 2.224601e+00 2.613875e+00 1.053801e+01 8.599351e+03 1.529910e+04 2.25654 4.461614e-01
8.440000e-01 3.410370e+00 2.225496e+00 2.614790e+00 1.054264e+01 8.625054e+03 1.529197e+04 2.25884 4.475904e-01
8.430000e-01 3.410370e+00 2.226394e+00 2.615710e+00 1.054728e+01 8.650705e+03 1.528482e+04 2.26115 4.490174e-01
8.420000e-01 3.410370e+00 2.227295e+00 2.616633e+00 1.055194e+01 8.676271e+03 1.527765e+04 2.26346 4.504406e-01
8.410000e-01 3.410370e+00 2.228199e+00 2.617561e+00 1.055662e+01 8.701769e+03 1.527046e+04 2.26578 4.518608e-01
8.400000e-01 3.410370e+00 2.229104e+00 2.618491e+00 1.056132e+01 8.727166e+03 1.526327e+04 2.26811 4.532765e-01
8.390000e-01 3.410370e+00 2.230011e+00 2.619423e+00 1.056602e+01 8.752438e+03 1.525607e+04 2.27044 4.546861e-01
8.380000e-01 3.410370e+00 2.230918e+00 2.620356e+00 1.057074e+01 8.777572e+03 1.524886e+04 2.27277 4.560892e-01
8.370000e-01 3.410370e+00 2.231826e+00 2.621290e+00 1.057547e+01 8.802591e+03 1.524165e+04 2.27511 4.574870e-01
8.360000e-01 3.410370e+00 2.232736e+00 2.622227e+00 1.058021e+01 8.827532e+03 1.523443e+04 2.27745 4.588814e-01
8.350000e-01 3.410370e+00 2.233648e+00 2.623165e+00 1.058497e+01 8.852361e+03 1.522719e+04 2.2798 4.602707e-01
8.340000e-01 3.410370e+00 2.234561e+00 2.624107e+00 1.058974e+01 8.877092e+03 1.521995e+04 2.28215 4.616554e-01
8.330000e-01 3.410370e+00 2.235474e+00 2.625047e+00 1.059452e+01 8.901685e+03 1.521270e+04 2.28451 4.630338e-01
8.320000e-01 3.410370e+00 2.236389e+00 2.625991e+00 1.059932e+01 8.926170e+03 1.520544e+04 2.28687 4.644070e-01
8.310000e-01 3.410370e+00 2.237302e+00 2.626932e+00 1.060412e+01 8.950486e+03 1.519817e+04 2.28923 4.657722e-01
8.300000e-01 3.410370e+00 2.238214e+00 2.627870e+00 1.060893e+01 8.974616e+03 1.519092e+04 2.29159 4.671286e-01
8.290000e-01 3.410370e+00 2.239125e+00 2.628807e+00 1.061374e+01 8.998594e+03 1.518366e+04 2.29395 4.684778e-01
8.280000e-01 3.410370e+00 2.240037e+00 2.629743e+00 1.061858e+01 9.022498e+03 1.517638e+04 2.29632 4.698243e-01
8.270000e-01 3.410370e+00 2.240953e+00 2.630686e+00 1.062344e+01 9.046371e+03 1.516907e+04 2.2987 4.711698e-01
8.260000e-01 3.410370e+00 2.241872e+00 2.631631e+00 1.062832e+01 9.070177e+03 1.516174e+04 2.30108 4.725126e-01
8.250000e-01 3.410370e+00 2.242793e+00 2.632580e+00 1.063322e+01 9.093923e+03 1.515439e+04 2.30347 4.738529e-01
8.240000e-01 3.410370e+00 2.243718e+00 2.633534e+00 1.063814e+01 9.117597e+03 1.514702e+04 2.30588 4.751900e-01
8.230000e-01 3.410370e+00 2.244643e+00 2.634489e+00 1.064307e+01 9.141192e+03 1.513963e+04 2.30828 4.765235e-01
8.220000e-01 3.410370e+00 2.245570e+00 2.635446e+00 1.064802e+01 9.164666e+03 1.513223e+04 2.31069 4.778513e-01
8.210000e-01 3.410370e+00 2.246498e+00 2.636405e+00 1.065298e+01 9.188023e+03 1.512483e+04 2.31311 4.791735e-01
8.200000e-01 3.410370e+00 2.247426e+00 2.637364e+00 1.065795e+01 9.211278e+03 1.511741e+04 2.31552 4.804911e-01
8.190000e-01 3.410370e+00 2.247615e+00 2.637404e+00 1.066057e+01 9.237927e+03 1.511426e+04 2.31736 4.821830e-01
8.180000e-01 3.410370e+00 2.249311e+00 2.639321e+00 1.066799e+01 9.257500e+03 1.510247e+04 2.32041 4.831113e-01
8.170000e-01 3.410370e+00 2.250220e+00 2.640255e+00 1.067297e+01 9.280532e+03 1.509507e+04 2.32281 4.844208e-01
8.160000e-01 3.410370e+00 2.250398e+00 2.640283e+00 1.067560e+01 9.306921e+03 1.509192e+04 2.32461 4.860999e-01
8.150000e-01 3.410370e+00 2.252111e+00 2.642219e+00 1.068309e+01 9.326114e+03 1.508005e+04 2.32772 4.870114e-01
8.140000e-01 3.410370e+00 2.252261e+00 2.642215e+00 1.068569e+01 9.352309e+03 1.507696e+04 2.32947 4.886802e-01
8.130000e-01 3.410370e+00 2.253974e+00 2.644146e+00 1.069320e+01 9.371147e+03 1.506508e+04 2.3326 4.895777e-01
8.120000e-01 3.410370e+00 2.254106e+00 2.644117e+00 1.069579e+01 9.397086e+03 1.506201e+04 2.33429 4.912325e-01
8.110000e-01 3.410370e+00 2.255836e+00 2.646069e+00 1.070336e+01 9.415693e+03 1.505006e+04 2.33748 4.921219e-01
8.100000e-01 3.410370e+00 2.255968e+00 2.646042e+00 1.070598e+01 9.441555e+03 1.504698e+04 2.33919 4.937763e-01
8.090000e-01 3.410370e+00 2.257708e+00 2.648004e+00 1.071361e+01 9.460039e+03 1.503493e+04 2.3424 4.946588e-01
8.080000e-01 3.410370e+00 2.257843e+00 2.647982e+00 1.071625e+01 9.485801e+03 1.503184e+04 2.34412 4.963104e-01
8.070000e-01 3.410370e+00 2.259590e+00 2.649953e+00 1.072395e+01 9.504139e+03 1.501971e+04 2.34735 4.971853e-01
8.060000e-01 3.410370e+00 2.259722e+00 2.649930e+00 1.072660e+01 9.529775e+03 1.501661e+04 2.34906 4.988318e-01
8.050000e-01 3.410370e+00 2.261478e+00 2.651911e+00 1.073435e+01 9.547894e+03 1.500441e+04 2.35232 4.996958e-01
8.040000e-01 3.410370e+00 2.261600e+00 2.651877e+00 1.073701e+01 9.573343e+03 1.500132e+04 2.354 5.013328e-01
8.030000e-01 3.410370e+00 2.263369e+00 2.653873e+00 1.074481e+01 9.591244e+03 1.498906e+04 2.3573 5.021873e-01
8.020000e-01 3.410370e+00 2.263486e+00 2.653835e+00 1.074748e+01 9.616564e+03 1.498596e+04 2.35897 5.038193e-01
8.010000e-01 3.410370e+00 2.265265e+00 2.655843e+00 1.075534e+01 9.634277e+03 1.497362e+04 2.3623 5.046647e-01
8.000000e-01 3.410370e+00 2.265373e+00 2.655796e+00 1.075802e+01 9.659443e+03 1.497054e+04 2.36395 5.062895e-01
7.990000e-01 3.410370e+00 2.267164e+00 2.657817e+00 1.076593e+01 9.676907e+03 1.495812e+04 2.36731 5.071234e-01
7.980000e-01 3.410370e+00 2.267261e+00 2.657758e+00 1.076861e+01 9.701887e+03 1.495505e+04 2.36894 5.087387e-01
7.970000e-01 3.410370e+00 2.269061e+00 2.659788e+00 1.077656e+01 9.719034e+03 1.494259e+04 2.37233 5.095580e-01
7.960000e-01 3.410370e+00 2.269134e+00 2.659700e+00 1.077923e+01 9.743755e+03 1.493954e+04 2.3739 5.111594e-01
7.950000e-01 3.410370e+00 2.270953e+00 2.661751e+00 1.078723e+01 9.760618e+03 1.492701e+04 2.37735 5.119673e-01
7.940000e-01 3.410370e+00 2.271022e+00 2.661658e+00 1.078992e+01 9.785241e+03 1.492395e+04 2.37893 5.135666e-01
7.930000e-01 3.410370e+00 2.272852e+00 2.663723e+00 1.079799e+01 9.801982e+03 1.491132e+04 2.3824 5.143683e-01
7.920000e-01 3.410370e+00 2.272922e+00 2.663631e+00 1.080070e+01 9.826513e+03 1.490825e+04 2.38398 5.159657e-01
7.910000e-01 3.410370e+00 2.274761e+00 2.665707e+00 1.080885e+01 9.843116e+03 1.489551e+04 2.38748 5.167596e-01
7.900000e-01 3.410370e+00 2.274827e+00 2.665615e+00 1.081158e+01 9.867542e+03 1.489243e+04 2.38906 5.183537e-01
7.890000e-01 3.410370e+00 2.276676e+00 2.667701e+00 1.081978e+01 9.883952e+03 1.487962e+04 2.39258 5.191374e-01
7.880000e-01 3.410370e+00 2.276732e+00 2.667597e+00 1.082252e+01 9.908210e+03 1.487654e+04 2.39413 5.207235e-01
7.870000e-01 3.410370e+00 2.278635e+00 2.669758e+00 1.083086e+01 9.924359e+03 1.486352e+04 2.39774 5.214854e-01
7.860000e-01 3.410370e+00 2.278660e+00 2.669613e+00 1.083356e+01 9.948518e+03 1.486051e+04 2.39925 5.230732e-01
7.850000e-01 3.410370e+00 2.280558e+00 2.671765e+00 1.084193e+01 9.964501e+03 1.484745e+04 2.40287 5.238311e-01
7.840000e-01 3.410370e+00 2.280573e+00 2.671611e+00 1.084464e+01 9.988526e+03 1.484445e+04 2.40437 5.254135e-01
7.830000e-01 3.410370e+00 2.282483e+00 2.673774e+00 1.085307e+01 1.000427e+04 1.483131e+04 2.40802 5.261597e-01
7.820000e-01 3.410370e+00 2.282484e+00 2.673605e+00 1.085578e+01 1.002813e+04 1.482832e+04 2.40948 5.277342e-01
7.810000e-01 3.410370e+00 2.284405e+00 2.675782e+00 1.086426e+01 1.004359e+04 1.481512e+04 2.41317 5.284666e-01
7.800000e-01 3.410370e+00 2.284382e+00 2.675582e+00 1.086696e+01 1.006720e+04 1.481214e+04 2.41458 5.300284e-01
7.790000e-01 3.410370e+00 2.286322e+00 2.677780e+00 1.087549e+01 1.008236e+04 1.479888e+04 2.41832 5.307479e-01
7.780000e-01 3.410370e+00 2.286291e+00 2.677571e+00 1.087820e+01 1.010586e+04 1.479590e+04 2.41972 5.323071e-01
7.770000e-01 3.410370e+00 2.288244e+00 2.679785e+00 1.088682e+01 1.012089e+04 1.478252e+04 2.4235 5.330200e-01
7.760000e-01 3.410370e+00 2.288211e+00 2.679576e+00 1.088955e+01 1.014431e+04 1.477953e+04 2.4249 5.345782e-01
7.750000e-01 3.410370e+00 2.290174e+00 2.681801e+00 1.089824e+01 1.015919e+04 1.476603e+04 2.4287 5.352826e-01
7.740000e-01 3.410370e+00 2.290137e+00 2.681590e+00 1.090099e+01 1.018251e+04 1.476303e+04 2.4301 5.368383e-01
7.730000e-01 3.410370e+00 2.292110e+00 2.683827e+00 1.090975e+01 1.019721e+04 1.474944e+04 2.43392 5.375325e-01
7.720000e-01 3.410370e+00 2.292060e+00 2.683601e+00 1.091251e+01 1.022038e+04 1.474644e+04 2.4353 5.390815e-01
7.710000e-01 3.410370e+00 2.294047e+00 2.685856e+00 1.092133e+01 1.023486e+04 1.473277e+04 2.43916 5.397646e-01
7.700000e-01 3.410370e+00 2.293988e+00 2.685622e+00 1.092410e+01 1.025791e+04 1.472976e+04 2.44052 5.413099e-01
7.690000e-01 3.410370e+00 2.295988e+00 2.687891e+00 1.093299e+01 1.027221e+04 1.471598e+04 2.44441 5.419839e-01
7.680000e-01 3.410370e+00 2.295918e+00 2.687646e+00 1.093577e+01 1.029514e+04 1.471298e+04 2.44575 5.435247e-01
7.670000e-01 3.410370e+00 2.297931e+00 2.689930e+00 1.094472e+01 1.030921e+04 1.469911e+04 2.44968 5.441866e-01
7.660000e-01 3.410370e+00 2.297845e+00 2.689667e+00 1.094750e+01 1.033198e+04 1.469611e+04 2.45099 5.457202e-01
7.650000e-01 3.410370e+00 2.299870e+00 2.691965e+00 1.095652e+01 1.034576e+04 1.468217e+04 2.45495 5.463679e-01
7.640000e-01 3.410370e+00 2.299757e+00 2.691668e+00 1.095928e+01 1.036830e+04 1.467919e+04 2.45619 5.478901e-01
7.630000e-01 3.410370e+00 2.301802e+00 2.693989e+00 1.096835e+01 1.038180e+04 1.466517e+04 2.46021 5.485250e-01
7.620000e-01 3.410370e+00 2.301680e+00 2.693683e+00 1.097113e+01 1.040424e+04 1.466219e+04 2.46145 5.500459e-01
7.610000e-01 3.410370e+00 2.303739e+00 2.696019e+00 1.098029e+01 1.041760e+04 1.464804e+04 2.4655 5.506729e-01
7.600000e-01 3.410370e+00 2.303613e+00 2.695711e+00 1.098309e+01 1.043996e+04 1.464504e+04 2.46674 5.521928e-01
7.590000e-01 3.410370e+00 2.305682e+00 2.698060e+00 1.099233e+01 1.045318e+04 1.463077e+04 2.47081 5.528110e-01
7.580000e-01 3.410370e+00 2.305546e+00 2.697742e+00 1.099515e+01 1.047544e+04 1.462775e+04 2.47204 5.543288e-01
7.570000e-01 3.410370e+00 2.307629e+00 2.700108e+00 1.100447e+01 1.048846e+04 1.461337e+04 2.47614 5.549357e-01
7.560000e-01 3.410370e+00 2.307479e+00 2.699774e+00 1.100729e+01 1.051058e+04 1.461036e+04 2.47734 5.564476e-01
7.550000e-01 3.410370e+00 2.309615e+00 2.702212e+00 1.101677e+01 1.052335e+04 1.459574e+04 2.48152 5.570314e-01
7.540000e-01 3.410370e+00 2.309433e+00 2.701838e+00 1.101956e+01 1.054539e+04 1.459279e+04 2.48268 5.585473e-01
7.530000e-01 3.410370e+00 2.311566e+00 2.704269e+00 1.102908e+01 1.055799e+04 1.457812e+04 2.48687 5.591262e-01
7.520000e-01 3.410370e+00 2.311367e+00 2.703875e+00 1.103187e+01 1.057991e+04 1.457517e+04 2.488 5.606379e-01
7.510000e-01 3.410370e+00 2.313515e+00 2.706324e+00 1.104146e+01 1.059228e+04 1.456039e+04 2.49223 5.612037e-01
7.500000e-01 3.410370e+00 2.313297e+00 2.705909e+00 1.104424e+01 1.061402e+04 1.455744e+04 2.49333 5.627085e-01
7.490000e-01 3.410370e+00 2.315459e+00 2.708373e+00 1.105389e+01 1.062610e+04 1.454259e+04 2.49759 5.632591e-01
7.480000e-01 3.410370e+00 2.315211e+00 2.707921e+00 1.105666e+01 1.064763e+04 1.453966e+04 2.49862 5.647541e-01
7.470000e-01 3.410370e+00 2.317395e+00 2.710409e+00 1.106639e+01 1.065947e+04 1.452470e+04 2.50294 5.652929e-01
7.460000e-01 3.410370e+00 2.317141e+00 2.709953e+00 1.106918e+01 1.068093e+04 1.452176e+04 2.50397 5.667884e-01
7.450000e-01 3.410370e+00 2.319335e+00 2.712454e+00 1.107900e+01 1.069261e+04 1.450666e+04 2.50832 5.673178e-01
7.440000e-01 3.410370e+00 2.319070e+00 2.711985e+00 1.108181e+01 1.071399e+04 1.450370e+04 2.50933 5.688129e-01
7.430000e-01 3.410370e+00 2.321279e+00 2.714505e+00 1.109172e+01 1.072553e+04 1.448845e+04 2.51371 5.693319e-01
7.420000e-01 3.410370e+00 2.321003e+00 2.714027e+00 1.109454e+01 1.074680e+04 1.448548e+04 2.51471 5.708243e-01
7.410000e-01 3.410370e+00 2.323224e+00 2.716559e+00 1.110453e+01 1.075812e+04 1.447011e+04 2.5191 5.713307e-01
7.400000e-01 3.410370e+00 2.322928e+00 2.716057e+00 1.110735e+01 1.077926e+04 1.446714e+04 2.52007 5.728186e-01
7.390000e-01 3.410370e+00 2.325167e+00 2.718612e+00 1.111743e+01 1.079038e+04 1.445165e+04 2.52451 5.733135e-01
7.380000e-01 3.410370e+00 2.324860e+00 2.718101e+00 1.112026e+01 1.081144e+04 1.444866e+04 2.52546 5.748003e-01
7.370000e-01 3.410370e+00 2.327111e+00 2.720670e+00 1.113042e+01 1.082237e+04 1.443303e+04 2.52992 5.752831e-01
7.360000e-01 3.410370e+00 2.326783e+00 2.720133e+00 1.113326e+01 1.084328e+04 1.443004e+04 2.53083 5.767649e-01
7.350000e-01 3.410370e+00 2.329051e+00 2.722722e+00 1.114350e+01 1.085397e+04 1.441430e+04 2.53533 5.772336e-01
7.340000e-01 3.410370e+00 2.328697e+00 2.722156e+00 1.114632e+01 1.087470e+04 1.441132e+04 2.53619 5.787080e-01
7.330000e-01 3.410370e+00 2.330981e+00 2.724762e+00 1.115662e+01 1.088508e+04 1.439549e+04 2.54072 5.791601e-01
7.320000e-01 3.410370e+00 2.330600e+00 2.724162e+00 1.115943e+01 1.090565e+04 1.439252e+04 2.54153 5.806286e-01
7.310000e-01 3.410370e+00 2.332905e+00 2.726794e+00 1.116983e+01 1.091584e+04 1.437655e+04 2.54612 5.810701e-01
7.300000e-01 3.410370e+00 2.332516e+00 2.726186e+00 1.117266e+01 1.093634e+04 1.437356e+04 2.54692 5.825395e-01
7.290000e-01 3.410370e+00 2.334833e+00 2.728832e+00 1.118316e+01 1.094637e+04 1.435743e+04 2.55153 5.829703e-01
7.280000e-01 3.410370e+00 2.334430e+00 2.728211e+00 1.118601e+01 1.096679e+04 1.435442e+04 2.55232 5.844396e-01
7.270000e-01 3.410370e+00 2.336799e+00 2.730928e+00 1.119670e+01 1.097660e+04 1.433800e+04 2.55699 5.848453e-01
7.260000e-01 3.410370e+00 2.336356e+00 2.730257e+00 1.119951e+01 1.099692e+04 1.433504e+04 2.55772 5.863177e-01
7.250000e-01 3.410370e+00 2.338725e+00 2.732970e+00 1.121024e+01 1.100653e+04 1.431856e+04 2.56241 5.867153e-01
7.240000e-01 3.410370e+00 2.338264e+00 2.732279e+00 1.121305e+01 1.102674e+04 1.431560e+04 2.56311 5.881855e-01
7.230000e-01 3.410370e+00 2.340648e+00 2.735011e+00 1.122389e+01 1.103616e+04 1.429896e+04 2.56783 5.885714e-01
7.220000e-01 3.410370e+00 2.340167e+00 2.734297e+00 1.122671e+01 1.105627e+04 1.429599e+04 2.5685 5.900398e-01
7.210000e-01 3.410370e+00 2.340235e+00 2.734153e+00 1.123053e+01 1.107433e+04 1.429136e+04 2.5707 5.914768e-01
7.200000e-01 3.410370e+00 2.343517e+00 2.738054e+00 1.124451e+01 1.107998e+04 1.426933e+04 2.57595 5.913273e-01
7.190000e-01 3.410370e+00 2.342998e+00 2.737298e+00 1.124732e+01 1.109985e+04 1.426635e+04 2.57654 5.927856e-01
7.180000e-01 3.410370e+00 2.343031e+00 2.737110e+00 1.125115e+01 1.111762e+04 1.426171e+04 2.57868 5.942100e-01
7.170000e-01 3.410370e+00 2.346369e+00 2.741078e+00 1.126530e+01 1.112278e+04 1.423943e+04 2.58404 5.940289e-01
7.160000e-01 3.410370e+00 2.345816e+00 2.740282e+00 1.126811e+01 1.114245e+04 1.423644e+04 2.58458 5.954828e-01
7.150000e-01 3.410370e+00 2.345838e+00 2.740082e+00 1.127197e+01 1.116005e+04 1.423175e+04 2.58671 5.969051e-01
7.140000e-01 3.410370e+00 2.349215e+00 2.744097e+00 1.128635e+01 1.116491e+04 1.420913e+04 2.59214 5.967002e-01
7.130000e-01 3.410370e+00 2.348639e+00 2.743277e+00 1.128919e+01 1.118447e+04 1.420611e+04 2.59265 5.981547e-01
7.120000e-01 3.410370e+00 2.348636e+00 2.743050e+00 1.129307e+01 1.120192e+04 1.420139e+04 2.59475 5.995751e-01
7.110000e-01 3.410370e+00 2.352093e+00 2.747172e+00 1.130777e+01 1.120638e+04 1.417830e+04 2.60029 5.993288e-01
7.100000e-01 3.410370e+00 2.351465e+00 2.746288e+00 1.131056e+01 1.122577e+04 1.417533e+04 2.60072 6.007852e-01
7.090000e-01 3.410370e+00 2.351432e+00 2.746026e+00 1.131445e+01 1.124304e+04 1.417060e+04 2.60278 6.022031e-01
7.080000e-01 3.410370e+00 2.354927e+00 2.750191e+00 1.132935e+01 1.124714e+04 1.414723e+04 2.6084 6.019330e-01
7.070000e-01 3.410370e+00 2.354267e+00 2.749274e+00 1.133216e+01 1.126638e+04 1.414425e+04 2.60877 6.033882e-01
7.060000e-01 3.410370e+00 2.354205e+00 2.748978e+00 1.133606e+01 1.128347e+04 1.413949e+04 2.61079 6.048014e-01
7.050000e-01 3.410370e+00 2.357748e+00 2.753201e+00 1.135117e+01 1.128713e+04 1.411581e+04 2.61649 6.044993e-01
7.040000e-01 3.410370e+00 2.357043e+00 2.752232e+00 1.135396e+01 1.130613e+04 1.411283e+04 2.61678 6.059467e-01
7.030000e-01 3.410370e+00 2.356942e+00 2.751888e+00 1.135786e+01 1.132294e+04 1.410807e+04 2.61872 6.073488e-01
7.020000e-01 3.410370e+00 2.360540e+00 2.756178e+00 1.137317e+01 1.132610e+04 1.408413e+04 2.62455 6.070153e-01
7.010000e-01 3.410370e+00 2.359798e+00 2.755165e+00 1.137596e+01 1.134493e+04 1.408115e+04 2.62478 6.084601e-01
7.000000e-01 3.410370e+00 2.359681e+00 2.754804e+00 1.137989e+01 1.136157e+04 1.407634e+04 2.62671 6.098613e-01
6.990000e-01 3.410370e+00 2.363321e+00 2.759147e+00 1.139545e+01 1.136441e+04 1.405202e+04 2.6326 6.095000e-01
6.980000e-01 3.410370e+00 2.362548e+00 2.758101e+00 1.139826e+01 1.138312e+04 1.404900e+04 2.63279 6.109462e-01
6.970000e-01 3.410370e+00 2.362402e+00 2.757706e+00 1.140222e+01 1.139962e+04 1.404415e+04 2.63467 6.123455e-01
6.960000e-01 3.410370e+00 2.366091e+00 2.762109e+00 1.141803e+01 1.140205e+04 1.401945e+04 2.64064 6.119505e-01
6.950000e-01 3.410370e+00 2.365278e+00 2.761019e+00 1.142084e+01 1.142058e+04 1.401642e+04 2.64076 6.133936e-01
6.940000e-01 3.410370e+00 2.365104e+00 2.760592e+00 1.142482e+01 1.143691e+04 1.401153e+04 2.6426 6.147896e-01
6.930000e-01 3.410370e+00 2.368877e+00 2.765104e+00 1.144097e+01 1.143892e+04 1.398632e+04 2.64868 6.143505e-01
6.920000e-01 3.410370e+00 2.368008e+00 2.763948e+00 1.144374e+01 1.145732e+04 1.398333e+04 2.64871 6.157984e-01
6.910000e-01 3.410370e+00 2.367789e+00 2.763467e+00 1.144771e+01 1.147346e+04 1.397843e+04 2.65048 6.171914e-01
6.900000e-01 3.410370e+00 2.371606e+00 2.768029e+00 1.146407e+01 1.147502e+04 1.395291e+04 2.65663 6.167192e-01
6.890000e-01 3.410370e+00 2.370681e+00 2.766805e+00 1.146682e+01 1.149318e+04 1.394992e+04 2.65656 6.181594e-01
6.880000e-01 3.410370e+00 2.370421e+00 2.766273e+00 1.147077e+01 1.150904e+04 1.394500e+04 2.65825 6.195417e-01
6.870000e-01 3.410370e+00 2.374297e+00 2.770907e+00 1.148736e+01 1.151013e+04 1.391917e+04 2.66452 6.190358e-01
6.860000e-01 3.410370e+00 2.373331e+00 2.769635e+00 1.149010e+01 1.152814e+04 1.391616e+04 2.66437 6.204760e-01
6.850000e-01 3.410370e+00 2.373047e+00 2.769077e+00 1.149410e+01 1.154386e+04 1.391118e+04 2.66604 6.218588e-01
6.840000e-01 3.410370e+00 2.376968e+00 2.773766e+00 1.151097e+01 1.154460e+04 1.388489e+04 2.67236 6.213182e-01
6.830000e-01 3.410370e+00 2.375962e+00 2.772451e+00 1.151373e+01 1.156248e+04 1.388184e+04 2.67215 6.227597e-01
6.820000e-01 3.410370e+00 2.375640e+00 2.771849e+00 1.151773e+01 1.157805e+04 1.387682e+04 2.67375 6.241398e-01
6.810000e-01 3.410370e+00 2.379615e+00 2.776603e+00 1.153488e+01 1.157835e+04 1.385010e+04 2.68014 6.235601e-01
6.800000e-01 3.410370e+00 2.378562e+00 2.775235e+00 1.153764e+01 1.159607e+04 1.384702e+04 2.67986 6.250004e-01
6.790000e-01 3.410370e+00 2.378209e+00 2.774598e+00 1.154167e+01 1.161147e+04 1.384195e+04 2.68141 6.263784e-01
6.780000e-01 3.410370e+00 2.382269e+00 2.779464e+00 1.155919e+01 1.161131e+04 1.381467e+04 2.68791 6.257498e-01
6.770000e-01 3.410370e+00 2.381153e+00 2.778020e+00 1.156190e+01 1.162888e+04 1.381164e+04 2.68752 6.271937e-01
6.760000e-01 3.410370e+00 2.383988e+00 2.781306e+00 1.157546e+01 1.163285e+04 1.379094e+04 2.69301 6.271957e-01
6.750000e-01 3.410370e+00 2.384864e+00 2.782251e+00 1.158369e+01 1.164340e+04 1.377891e+04 2.69557 6.278991e-01
6.740000e-01 3.410370e+00 2.385719e+00 2.783168e+00 1.159190e+01 1.165386e+04 1.376694e+04 2.6981 6.286035e-01
6.730000e-01 3.410370e+00 2.386568e+00 2.784080e+00 1.160013e+01 1.166425e+04 1.375492e+04 2.70063 6.293044e-01
6.720000e-01 3.410370e+00 2.387415e+00 2.784989e+00 1.160842e+01 1.167456e+04 1.374282e+04 2.70315 6.300017e-01
6.710000e-01 3.410370e+00 2.388260e+00 2.785896e+00 1.161674e+01 1.168480e+04 1.373066e+04 2.70566 6.306948e-01
6.700000e-01 3.410370e+00 2.389102e+00 2.786802e+00 1.162511e+01 1.169497e+04 1.371842e+04 2.70817 6.313839e-01
6.690000e-01 3.410370e+00 2.389939e+00 2.787702e+00 1.163352e+01 1.170505e+04 1.370612e+04 2.71067 6.320677e-01
6.680000e-01 3.410370e+00 2.390773e+00 2.788600e+00 1.164195e+01 1.171504e+04 1.369376e+04 2.71316 6.327462e-01
6.670000e-01 3.410370e+00 2.391602e+00 2.789493e+00 1.165042e+01 1.172494e+04 1.368135e+04 2.71563 6.334194e-01
6.660000e-01 3.410370e+00 2.392427e+00 2.790380e+00 1.165893e+01 1.173476e+04 1.366887e+04 2.7181 6.340879e-01
6.650000e-01 3.410370e+00 2.393249e+00 2.791266e+00 1.166748e+01 1.174451e+04 1.365632e+04 2.72055 6.347518e-01
6.640000e-01 3.410370e+00 2.394065e+00 2.792146e+00 1.167607e+01 1.175416e+04 1.364371e+04 2.723 6.354099e-01
6.630000e-01 3.410370e+00 2.394877e+00 2.793020e+00 1.168469e+01 1.176370e+04 1.363104e+04 2.72543 6.360623e-01
6.620000e-01 3.410370e+00 2.395684e+00 2.793890e+00 1.169333e+01 1.177315e+04 1.361833e+04 2.72784 6.367086e-01
6.610000e-01 3.410370e+00 2.396483e+00 2.794750e+00 1.170199e+01 1.178247e+04 1.360558e+04 2.73024 6.373476e-01
6.600000e-01 3.410370e+00 2.397309e+00 2.795649e+00 1.171076e+01 1.179162e+04 1.359267e+04 2.73266 6.379677e-01
6.590000e-01 3.410370e+00 2.398098e+00 2.796498e+00 1.171949e+01 1.180074e+04 1.357980e+04 2.73504 6.385950e-01
6.580000e-01 3.410370e+00 2.398882e+00 2.797340e+00 1.172826e+01 1.180978e+04 1.356687e+04 2.7374 6.392182e-01
6.570000e-01 3.410370e+00 2.399663e+00 2.798180e+00 1.173708e+01 1.181874e+04 1.355385e+04 2.73975 6.398367e-01
6.560000e-01 3.410370e+00 2.400439e+00 2.799017e+00 1.174594e+01 1.182763e+04 1.354076e+04 2.74209 6.404506e-01
6.550000e-01 3.410370e+00 2.401211e+00 2.799848e+00 1.175485e+01 1.183642e+04 1.352760e+04 2.74442 6.410593e-01
6.540000e-01 3.410370e+00 2.401977e+00 2.800675e+00 1.176379e+01 1.184512e+04 1.351439e+04 2.74674 6.416622e-01
6.530000e-01 3.410370e+00 2.402739e+00 2.801498e+00 1.177278e+01 1.185373e+04 1.350111e+04 2.74904 6.422596e-01
6.520000e-01 3.410370e+00 2.403496e+00 2.802314e+00 1.178181e+01 1.186224e+04 1.348776e+04 2.75134 6.428522e-01
6.510000e-01 3.410370e+00 2.404248e+00 2.803127e+00 1.179088e+01 1.187068e+04 1.347433e+04 2.75362 6.434398e-01
6.500000e-01 3.410370e+00 2.404995e+00 2.803936e+00 1.179999e+01 1.187902e+04 1.346085e+04 2.75588 6.440215e-01
6.490000e-01 3.410370e+00 2.405736e+00 2.804737e+00 1.180914e+01 1.188724e+04 1.344731e+04 2.75814 6.445970e-01
6.480000e-01 3.410370e+00 2.406470e+00 2.805532e+00 1.181832e+01 1.189537e+04 1.343372e+04 2.76037 6.451661e-01
6.470000e-01 3.410370e+00 2.407197e+00 2.806317e+00 1.182752e+01 1.190336e+04 1.342009e+04 2.76259 6.457278e-01
6.460000e-01 3.410370e+00 2.407917e+00 2.807093e+00 1.183675e+01 1.191123e+04 1.340642e+04 2.76479 6.462827e-01
6.450000e-01 3.410370e+00 2.408630e+00 2.807863e+00 1.184603e+01 1.191903e+04 1.339267e+04 2.76697 6.468329e-01
6.440000e-01 3.410370e+00 2.409338e+00 2.808627e+00 1.185535e+01 1.192674e+04 1.337883e+04 2.76914 6.473780e-01
6.430000e-01 3.410370e+00 2.410072e+00 2.809431e+00 1.186482e+01 1.193431e+04 1.336479e+04 2.77132 6.479055e-01
6.420000e-01 3.410370e+00 2.410770e+00 2.810187e+00 1.187425e+01 1.194185e+04 1.335077e+04 2.77346 6.484391e-01
6.410000e-01 3.410370e+00 2.411461e+00 2.810934e+00 1.188373e+01 1.194929e+04 1.333668e+04 2.77558 6.489667e-01
6.400000e-01 3.410370e+00 2.412144e+00 2.811673e+00 1.189325e+01 1.195664e+04 1.332253e+04 2.77767 6.494878e-01
6.390000e-01 3.410370e+00 2.412821e+00 2.812406e+00 1.190280e+01 1.196390e+04 1.330830e+04 2.77975 6.500027e-01
6.380000e-01 3.410370e+00 2.413490e+00 2.813130e+00 1.191242e+01 1.197106e+04 1.329398e+04 2.7818 6.505120e-01
6.370000e-01 3.410370e+00 2.414154e+00 2.813850e+00 1.192207e+01 1.197813e+04 1.327958e+04 2.78384 6.510151e-01
6.360000e-01 3.410370e+00 2.414810e+00 2.814562e+00 1.193177e+01 1.198510e+04 1.326512e+04 2.78586 6.515117e-01
6.350000e-01 3.410370e+00 2.415459e+00 2.815265e+00 1.194151e+01 1.199196e+04 1.325060e+04 2.78786 6.520015e-01
6.340000e-01 3.410370e+00 2.416101e+00 2.815961e+00 1.195128e+01 1.199870e+04 1.323603e+04 2.78984 6.524841e-01
6.330000e-01 3.410370e+00 2.416733e+00 2.816644e+00 1.196107e+01 1.200530e+04 1.322141e+04 2.79179 6.529590e-01
6.320000e-01 3.410370e+00 2.417357e+00 2.817318e+00 1.197090e+01 1.201181e+04 1.320673e+04 2.79372 6.534274e-01
6.310000e-01 3.410370e+00 2.417973e+00 2.817985e+00 1.198079e+01 1.201823e+04 1.319196e+04 2.79563 6.538904e-01
6.300000e-01 3.410370e+00 2.418583e+00 2.818644e+00 1.199073e+01 1.202455e+04 1.317709e+04 2.79752 6.543472e-01
6.290000e-01 3.410370e+00 2.419185e+00 2.819296e+00 1.200074e+01 1.203080e+04 1.316212e+04 2.79939 6.547979e-01
6.280000e-01 3.410370e+00 2.419808e+00 2.819983e+00 1.201088e+01 1.203689e+04 1.314695e+04 2.80126 6.552296e-01
6.270000e-01 3.410370e+00 2.420395e+00 2.820618e+00 1.202099e+01 1.204293e+04 1.313180e+04 2.80308 6.556653e-01
6.260000e-01 3.410370e+00 2.420972e+00 2.821243e+00 1.203113e+01 1.204887e+04 1.311658e+04 2.80486 6.560942e-01
6.250000e-01 3.410370e+00 2.421539e+00 2.821857e+00 1.204133e+01 1.205472e+04 1.310127e+04 2.80662 6.565164e-01
6.240000e-01 3.410370e+00 2.422099e+00 2.822465e+00 1.205159e+01 1.206047e+04 1.308586e+04 2.80836 6.569321e-01
6.230000e-01 3.410370e+00 2.422651e+00 2.823064e+00 1.206190e+01 1.206612e+04 1.307038e+04 2.81007 6.573407e-01
6.220000e-01 3.410370e+00 2.423195e+00 2.823653e+00 1.207225e+01 1.207165e+04 1.305482e+04 2.81176 6.577421e-01
6.210000e-01 3.410370e+00 2.423730e+00 2.824235e+00 1.208265e+01 1.207707e+04 1.303921e+04 2.81343 6.581364e-01
6.200000e-01 3.410370e+00 2.424256e+00 2.824806e+00 1.209307e+01 1.208236e+04 1.302357e+04 2.81507 6.585231e-01
6.190000e-01 3.410370e+00 2.424772e+00 2.825363e+00 1.210352e+01 1.208752e+04 1.300786e+04 2.81669 6.589022e-01
6.180000e-01 3.410370e+00 2.425279e+00 2.825913e+00 1.211404e+01 1.209259e+04 1.299206e+04 2.81828 6.592754e-01
6.170000e-01 3.410370e+00 2.425777e+00 2.826452e+00 1.212463e+01 1.209757e+04 1.297616e+04 2.81984 6.596417e-01
6.160000e-01 3.410370e+00 2.426266e+00 2.826982e+00 1.213528e+01 1.210245e+04 1.296015e+04 2.82137 6.600008e-01
6.150000e-01 3.410370e+00 2.426747e+00 2.827504e+00 1.214599e+01 1.210724e+04 1.294404e+04 2.82288 6.603527e-01
6.140000e-01 3.410370e+00 2.427245e+00 2.828054e+00 1.215684e+01 1.211185e+04 1.292772e+04 2.82439 6.606850e-01
6.130000e-01 3.410370e+00 2.427708e+00 2.828558e+00 1.216766e+01 1.211641e+04 1.291144e+04 2.82584 6.610213e-01
6.120000e-01 3.410370e+00 2.428161e+00 2.829051e+00 1.217854e+01 1.212088e+04 1.289507e+04 2.82726 6.613510e-01
6.110000e-01 3.410370e+00 2.428604e+00 2.829533e+00 1.218949e+01 1.212524e+04 1.287860e+04 2.82865 6.616739e-01
6.100000e-01 3.410370e+00 2.429038e+00 2.830006e+00 1.220049e+01 1.212950e+04 1.286204e+04 2.83002 6.619890e-01
6.090000e-01 3.410370e+00 2.429461e+00 2.830468e+00 1.221155e+01 1.213364e+04 1.284540e+04 2.83135 6.622962e-01
6.080000e-01 3.410370e+00 2.429872e+00 2.830916e+00 1.222264e+01 1.213766e+04 1.282869e+04 2.83265 6.625946e-01
6.070000e-01 3.410370e+00 2.430272e+00 2.831350e+00 1.223377e+01 1.214156e+04 1.281193e+04 2.83391 6.628837e-01
6.060000e-01 3.410370e+00 2.430659e+00 2.831768e+00 1.224493e+01 1.214532e+04 1.279510e+04 2.83513 6.631641e-01
6.050000e-01 3.410370e+00 2.431034e+00 2.832173e+00 1.225616e+01 1.214899e+04 1.277816e+04 2.83631 6.634369e-01
6.040000e-01 3.410370e+00 2.431399e+00 2.832567e+00 1.226747e+01 1.215256e+04 1.276111e+04 2.83747 6.637019e-01
6.030000e-01 3.410370e+00 2.431753e+00 2.832950e+00 1.227885e+01 1.215602e+04 1.274395e+04 2.83858 6.639592e-01
6.020000e-01 3.410370e+00 2.432124e+00 2.833362e+00 1.229038e+01 1.215932e+04 1.272656e+04 2.83969 6.641967e-01
6.010000e-01 3.410370e+00 2.432459e+00 2.833724e+00 1.230189e+01 1.216256e+04 1.270919e+04 2.84075 6.644375e-01
6.000000e-01 3.410370e+00 2.432783e+00 2.834077e+00 1.231346e+01 1.216569e+04 1.269174e+04 2.84177 6.646712e-01
5.990000e-01 3.410370e+00 2.433095e+00 2.834418e+00 1.232511e+01 1.216872e+04 1.267420e+04 2.84276 6.648970e-01
5.980000e-01 3.410370e+00 2.433397e+00 2.834745e+00 1.233682e+01 1.217163e+04 1.265654e+04 2.84372 6.651147e-01
5.970000e-01 3.410370e+00 2.433688e+00 2.835064e+00 1.234861e+01 1.217443e+04 1.263879e+04 2.84464 6.653245e-01
5.960000e-01 3.410370e+00 2.433968e+00 2.835370e+00 1.236044e+01 1.217711e+04 1.262097e+04 2.84553 6.655260e-01
5.950000e-01 3.410370e+00 2.434237e+00 2.835663e+00 1.237233e+01 1.217967e+04 1.260307e+04 2.84638 6.657187e-01
5.940000e-01 3.410370e+00 2.434495e+00 2.835945e+00 1.238426e+01 1.218210e+04 1.258513e+04 2.84721 6.659032e-01
5.930000e-01 3.410370e+00 2.434740e+00 2.836210e+00 1.239624e+01 1.218440e+04 1.256713e+04 2.848 6.660793e-01
5.920000e-01 3.410370e+00 2.434971e+00 2.836460e+00 1.240829e+01 1.218659e+04 1.254901e+04 2.84874 6.662465e-01
5.910000e-01 3.410370e+00 2.435189e+00 2.836695e+00 1.242043e+01 1.218868e+04 1.253075e+04 2.84944 6.664048e-01
5.900000e-01 3.410370e+00 2.435395e+00 2.836918e+00 1.243264e+01 1.219066e+04 1.251238e+04 2.8501 6.665541e-01
5.890000e-01 3.410370e+00 2.435614e+00 2.837165e+00 1.244502e+01 1.219246e+04 1.249377e+04 2.85074 6.666822e-01
5.880000e-01 3.410370e+00 2.435795e+00 2.837359e+00 1.245739e+01 1.219420e+04 1.247517e+04 2.85131 6.668117e-01
5.870000e-01 3.410370e+00 2.435962e+00 2.837540e+00 1.246982e+01 1.219582e+04 1.245648e+04 2.85184 6.669329e-01
5.860000e-01 3.410370e+00 2.436116e+00 2.837708e+00 1.248233e+01 1.219734e+04 1.243767e+04 2.85233 6.670455e-01
5.850000e-01 3.410370e+00 2.436259e+00 2.837863e+00 1.249493e+01 1.219874e+04 1.241875e+04 2.85278 6.671494e-01
5.840000e-01 3.410370e+00 2.436392e+00 2.838009e+00 1.250760e+01 1.220002e+04 1.239975e+04 2.8532 6.672454e-01
5.830000e-01 3.410370e+00 2.436512e+00 2.838140e+00 1.252034e+01 1.220117e+04 1.238067e+04 2.85359 6.673328e-01
5.820000e-01 3.410370e+00 2.436621e+00 2.838259e+00 1.253313e+01 1.220220e+04 1.236153e+04 2.85394 6.674114e-01
5.810000e-01 3.410370e+00 2.436719e+00 2.838366e+00 1.254596e+01 1.220310e+04 1.234234e+04 2.85426 6.674818e-01
5.800000e-01 3.410370e+00 2.436804e+00 2.838458e+00 1.255886e+01 1.220387e+04 1.232309e+04 2.85454 6.675441e-01
5.790000e-01 3.410370e+00 2.436874e+00 2.838532e+00 1.257185e+01 1.220453e+04 1.230369e+04 2.85477 6.675967e-01
5.780000e-01 3.410370e+00 2.436930e+00 2.838591e+00 1.258494e+01 1.220507e+04 1.228416e+04 2.85496 6.676397e-01
5.770000e-01 3.410370e+00 2.436997e+00 2.838672e+00 1.259820e+01 1.220544e+04 1.226439e+04 2.85513 6.676609e-01
5.760000e-01 3.410370e+00 2.437025e+00 2.838701e+00 1.261147e+01 1.220574e+04 1.224461e+04 2.85521 6.676827e-01
5.750000e-01 3.410370e+00 2.437038e+00 2.838714e+00 1.262481e+01 1.220592e+04 1.222473e+04 2.85525 6.676950e-01
5.740000e-01 3.410370e+00 2.437038e+00 2.838713e+00 1.263823e+01 1.220599e+04 1.220474e+04 2.85525 6.676978e-01
5.740719e-01 3.410370e+00 2.437047e+00 2.838724e+00 1.263730e+01 1.220594e+04 1.220612e+04 2.85526 6.676921e-01
