1.000000e+00 3.525080e+00 2.094885e+00 2.474709e+00 9.878976e+00 0.000000e+00 1.699504e+04 0 0.000000e+00
9.990000e-01 3.525080e+00 2.098735e+00 2.485306e+00 9.894207e+00 7.113981e+02 1.685865e+04 1.93091 3.548511e-02
9.980000e-01 3.525080e+00 2.098737e+00 2.484987e+00 9.895354e+00 1.001524e+03 1.681731e+04 2.03294 5.259665e-02
9.970000e-01 3.525080e+00 2.099722e+00 2.486058e+00 9.899850e+00 1.223266e+03 1.678345e+04 1.936 6.112098e-02
9.960000e-01 3.525080e+00 2.099908e+00 2.485973e+00 9.901438e+00 1.413126e+03 1.675683e+04 1.9796 7.218457e-02
9.950000e-01 3.525080e+00 2.100980e+00 2.487126e+00 9.906093e+00 1.577240e+03 1.673051e+04 1.9391 7.883891e-02
9.940000e-01 3.525080e+00 2.101261e+00 2.487178e+00 9.907801e+00 1.731862e+03 1.670931e+04 1.96929 8.789239e-02
9.930000e-01 3.525080e+00 2.102299e+00 2.488314e+00 9.912363e+00 1.871421e+03 1.668653e+04 1.94225 9.357821e-02
9.920000e-01 3.525080e+00 2.102950e+00 2.488917e+00 9.915434e+00 2.003572e+03 1.666687e+04 1.9438 1.002041e-01
9.910000e-01 3.525080e+00 2.103634e+00 2.489570e+00 9.918552e+00 2.127726e+03 1.664832e+04 1.94539 1.064311e-01
9.900000e-01 3.525080e+00 2.104325e+00 2.490242e+00 9.921672e+00 2.245249e+03 1.663075e+04 1.94698 1.123282e-01
9.890000e-01 3.525080e+00 2.105020e+00 2.490924e+00 9.924790e+00 2.356877e+03 1.661403e+04 1.94859 1.179321e-01
9.880000e-01 3.525080e+00 2.105256e+00 2.490991e+00 9.926597e+00 2.464606e+03 1.659982e+04 1.95663 1.238039e-01
9.870000e-01 3.525080e+00 2.105698e+00 2.491318e+00 9.928885e+00 2.566902e+03 1.658589e+04 1.96416 1.293839e-01
9.860000e-01 3.525080e+00 2.107122e+00 2.493002e+00 9.934180e+00 2.661934e+03 1.656809e+04 1.95345 1.332626e-01
9.850000e-01 3.525080e+00 2.107342e+00 2.493050e+00 9.935974e+00 2.757320e+03 1.655575e+04 1.9598 1.384573e-01
9.840000e-01 3.525080e+00 2.107782e+00 2.493374e+00 9.938275e+00 2.848945e+03 1.654336e+04 1.96629 1.434723e-01
9.830000e-01 3.525080e+00 2.109216e+00 2.495070e+00 9.943607e+00 2.934628e+03 1.652675e+04 1.95835 1.469903e-01
9.820000e-01 3.525080e+00 2.109440e+00 2.495125e+00 9.945422e+00 3.021488e+03 1.651567e+04 1.96373 1.517248e-01
9.810000e-01 3.525080e+00 2.109874e+00 2.495442e+00 9.947730e+00 3.105096e+03 1.650441e+04 1.96934 1.563040e-01
9.800000e-01 3.525080e+00 2.111318e+00 2.497148e+00 9.953100e+00 3.183179e+03 1.648871e+04 1.96329 1.595235e-01
9.790000e-01 3.525080e+00 2.112004e+00 2.497818e+00 9.956245e+00 3.261535e+03 1.647670e+04 1.9649 1.634788e-01
9.780000e-01 3.525080e+00 2.112700e+00 2.498500e+00 9.959426e+00 3.337624e+03 1.646493e+04 1.96655 1.673225e-01
9.770000e-01 3.525080e+00 2.113393e+00 2.499172e+00 9.962612e+00 3.411523e+03 1.645344e+04 1.9682 1.710580e-01
9.760000e-01 3.525080e+00 2.114081e+00 2.499834e+00 9.965807e+00 3.483502e+03 1.644219e+04 1.96984 1.746991e-01
9.750000e-01 3.525080e+00 2.114770e+00 2.500493e+00 9.969022e+00 3.554171e+03 1.643110e+04 1.97149 1.782764e-01
9.740000e-01 3.525080e+00 2.115464e+00 2.501158e+00 9.972259e+00 3.623800e+03 1.642015e+04 1.97315 1.818028e-01
9.730000e-01 3.525080e+00 2.116207e+00 2.501889e+00 9.975593e+00 3.692337e+03 1.640921e+04 1.97488 1.852738e-01
9.720000e-01 3.525080e+00 2.116870e+00 2.502516e+00 9.978778e+00 3.759927e+03 1.639867e+04 1.9765 1.887016e-01
9.710000e-01 3.525080e+00 2.117621e+00 2.503260e+00 9.982131e+00 3.826379e+03 1.638803e+04 1.97825 1.920698e-01
9.700000e-01 3.525080e+00 2.118336e+00 2.503959e+00 9.985416e+00 3.891910e+03 1.637764e+04 1.97994 1.953943e-01
9.690000e-01 3.525080e+00 2.119053e+00 2.504662e+00 9.988706e+00 3.956400e+03 1.636739e+04 1.98163 1.986676e-01
9.680000e-01 3.525080e+00 2.119772e+00 2.505368e+00 9.991998e+00 4.019795e+03 1.635729e+04 1.98333 2.018869e-01
9.670000e-01 3.525080e+00 2.120491e+00 2.506075e+00 9.995291e+00 4.082047e+03 1.634733e+04 1.98503 2.050499e-01
9.660000e-01 3.525080e+00 2.121210e+00 2.506782e+00 9.998587e+00 4.143238e+03 1.633751e+04 1.98673 2.081607e-01
9.650000e-01 3.525080e+00 2.121930e+00 2.507492e+00 1.000189e+01 4.203565e+03 1.632780e+04 1.98844 2.112294e-01
9.640000e-01 3.525080e+00 2.122653e+00 2.508205e+00 1.000521e+01 4.263075e+03 1.631819e+04 1.99015 2.142581e-01
9.630000e-01 3.525080e+00 2.123378e+00 2.508921e+00 1.000853e+01 4.321739e+03 1.630869e+04 1.99186 2.172452e-01
9.620000e-01 3.525080e+00 2.124104e+00 2.509638e+00 1.001186e+01 4.379510e+03 1.629931e+04 1.99358 2.201885e-01
9.610000e-01 3.525080e+00 2.124830e+00 2.510354e+00 1.001519e+01 4.436422e+03 1.629004e+04 1.9953 2.230898e-01
9.600000e-01 3.525080e+00 2.125557e+00 2.511072e+00 1.001853e+01 4.492601e+03 1.628087e+04 1.99702 2.259554e-01
9.590000e-01 3.525080e+00 2.126284e+00 2.511789e+00 1.002188e+01 4.547965e+03 1.627179e+04 1.99875 2.287811e-01
9.580000e-01 3.525080e+00 2.127010e+00 2.512503e+00 1.002524e+01 4.602431e+03 1.626281e+04 2.00048 2.315629e-01
9.570000e-01 3.525080e+00 2.127732e+00 2.513209e+00 1.002859e+01 4.655961e+03 1.625394e+04 2.0022 2.342990e-01
9.560000e-01 3.525080e+00 2.128452e+00 2.513911e+00 1.003195e+01 4.708751e+03 1.624515e+04 2.00393 2.369992e-01
9.550000e-01 3.525080e+00 2.129176e+00 2.514613e+00 1.003534e+01 4.761108e+03 1.623640e+04 2.00566 2.396791e-01
9.540000e-01 3.525080e+00 2.129903e+00 2.515322e+00 1.003874e+01 4.813099e+03 1.622768e+04 2.00741 2.423415e-01
9.530000e-01 3.525080e+00 2.130636e+00 2.516037e+00 1.004216e+01 4.864660e+03 1.621900e+04 2.00916 2.449832e-01
9.520000e-01 3.525080e+00 2.131372e+00 2.516758e+00 1.004559e+01 4.915736e+03 1.621037e+04 2.01092 2.476011e-01
9.510000e-01 3.525080e+00 2.132111e+00 2.517483e+00 1.004903e+01 4.966333e+03 1.620180e+04 2.01269 2.501958e-01
9.500000e-01 3.525080e+00 2.132852e+00 2.518214e+00 1.005247e+01 5.016452e+03 1.619330e+04 2.01446 2.527671e-01
9.490000e-01 3.525080e+00 2.133596e+00 2.518948e+00 1.005592e+01 5.066068e+03 1.618485e+04 2.01623 2.553139e-01
9.480000e-01 3.525080e+00 2.134341e+00 2.519684e+00 1.005938e+01 5.115137e+03 1.617647e+04 2.01801 2.578339e-01
9.470000e-01 3.525080e+00 2.135087e+00 2.520421e+00 1.006284e+01 5.163642e+03 1.616815e+04 2.01979 2.603264e-01
9.460000e-01 3.525080e+00 2.135833e+00 2.521159e+00 1.006631e+01 5.211684e+03 1.615988e+04 2.02157 2.627966e-01
9.450000e-01 3.525080e+00 2.136583e+00 2.521900e+00 1.006979e+01 5.259344e+03 1.615165e+04 2.02336 2.652485e-01
9.440000e-01 3.525080e+00 2.137334e+00 2.522645e+00 1.007328e+01 5.306596e+03 1.614346e+04 2.02516 2.676807e-01
9.430000e-01 3.525080e+00 2.138088e+00 2.523393e+00 1.007678e+01 5.353388e+03 1.613532e+04 2.02696 2.700905e-01
9.420000e-01 3.525080e+00 2.138842e+00 2.524141e+00 1.008029e+01 5.399674e+03 1.612723e+04 2.02876 2.724757e-01
9.410000e-01 3.525080e+00 2.139596e+00 2.524889e+00 1.008380e+01 5.445519e+03 1.611918e+04 2.03056 2.748396e-01
9.400000e-01 3.525080e+00 2.140352e+00 2.525638e+00 1.008732e+01 5.490905e+03 1.611119e+04 2.03237 2.771813e-01
9.390000e-01 3.525080e+00 2.141106e+00 2.526385e+00 1.009084e+01 5.535749e+03 1.610324e+04 2.03418 2.794966e-01
9.380000e-01 3.525080e+00 2.141858e+00 2.527127e+00 1.009436e+01 5.580000e+03 1.609536e+04 2.03598 2.817830e-01
9.370000e-01 3.525080e+00 2.142607e+00 2.527864e+00 1.009789e+01 5.623722e+03 1.608754e+04 2.03779 2.840440e-01
9.360000e-01 3.525080e+00 2.143358e+00 2.528601e+00 1.010143e+01 5.667153e+03 1.607974e+04 2.0396 2.862915e-01
9.350000e-01 3.525080e+00 2.144112e+00 2.529342e+00 1.010500e+01 5.710399e+03 1.607194e+04 2.04142 2.885307e-01
9.340000e-01 3.525080e+00 2.144872e+00 2.530089e+00 1.010858e+01 5.753433e+03 1.606416e+04 2.04326 2.907600e-01
9.330000e-01 3.525080e+00 2.145634e+00 2.530842e+00 1.011217e+01 5.796202e+03 1.605640e+04 2.0451 2.929766e-01
9.320000e-01 3.525080e+00 2.146400e+00 2.531598e+00 1.011578e+01 5.838683e+03 1.604866e+04 2.04694 2.951794e-01
9.310000e-01 3.525080e+00 2.147168e+00 2.532360e+00 1.011939e+01 5.880880e+03 1.604095e+04 2.04879 2.973684e-01
9.300000e-01 3.525080e+00 2.147939e+00 2.533124e+00 1.012301e+01 5.922762e+03 1.603328e+04 2.05064 2.995423e-01
9.290000e-01 3.525080e+00 2.148710e+00 2.533891e+00 1.012664e+01 5.964292e+03 1.602564e+04 2.0525 3.016990e-01
9.280000e-01 3.525080e+00 2.149483e+00 2.534658e+00 1.013027e+01 6.005453e+03 1.601804e+04 2.05436 3.038379e-01
9.270000e-01 3.525080e+00 2.150256e+00 2.535427e+00 1.013391e+01 6.046309e+03 1.601047e+04 2.05622 3.059622e-01
9.260000e-01 3.525080e+00 2.151031e+00 2.536198e+00 1.013757e+01 6.086933e+03 1.600292e+04 2.05809 3.080757e-01
9.250000e-01 3.525080e+00 2.151810e+00 2.536974e+00 1.014123e+01 6.127315e+03 1.599538e+04 2.05997 3.101777e-01
9.240000e-01 3.525080e+00 2.152590e+00 2.537752e+00 1.014491e+01 6.167413e+03 1.598786e+04 2.06185 3.122662e-01
9.230000e-01 3.525080e+00 2.153372e+00 2.538531e+00 1.014860e+01 6.207187e+03 1.598038e+04 2.06374 3.143391e-01
9.220000e-01 3.525080e+00 2.154154e+00 2.539311e+00 1.015229e+01 6.246679e+03 1.597291e+04 2.06563 3.163986e-01
9.210000e-01 3.525080e+00 2.154938e+00 2.540093e+00 1.015599e+01 6.285859e+03 1.596546e+04 2.06752 3.184432e-01
9.200000e-01 3.525080e+00 2.155720e+00 2.540872e+00 1.015970e+01 6.324660e+03 1.595805e+04 2.06941 3.204694e-01
9.190000e-01 3.525080e+00 2.156501e+00 2.541648e+00 1.016341e+01 6.363033e+03 1.595067e+04 2.0713 3.224749e-01
9.180000e-01 3.525080e+00 2.157280e+00 2.542419e+00 1.016712e+01 6.401039e+03 1.594332e+04 2.0732 3.244630e-01
9.170000e-01 3.525080e+00 2.158060e+00 2.543192e+00 1.017085e+01 6.438856e+03 1.593598e+04 2.0751 3.264427e-01
9.160000e-01 3.525080e+00 2.158845e+00 2.543969e+00 1.017460e+01 6.476558e+03 1.592863e+04 2.077 3.284174e-01
9.150000e-01 3.525080e+00 2.159633e+00 2.544751e+00 1.017837e+01 6.514114e+03 1.592129e+04 2.07892 3.303855e-01
9.140000e-01 3.525080e+00 2.160425e+00 2.545538e+00 1.018215e+01 6.551482e+03 1.591395e+04 2.08085 3.323448e-01
9.130000e-01 3.525080e+00 2.161219e+00 2.546329e+00 1.018594e+01 6.588640e+03 1.590662e+04 2.08278 3.342940e-01
9.120000e-01 3.525080e+00 2.162016e+00 2.547124e+00 1.018974e+01 6.625588e+03 1.589930e+04 2.08471 3.362332e-01
9.110000e-01 3.525080e+00 2.162814e+00 2.547921e+00 1.019354e+01 6.662287e+03 1.589201e+04 2.08665 3.381603e-01
9.100000e-01 3.525080e+00 2.163612e+00 2.548719e+00 1.019735e+01 6.698710e+03 1.588474e+04 2.08859 3.400742e-01
9.090000e-01 3.525080e+00 2.164455e+00 2.549577e+00 1.020126e+01 6.734808e+03 1.587737e+04 2.09059 3.419674e-01
9.080000e-01 3.525080e+00 2.165213e+00 2.550320e+00 1.020500e+01 6.770788e+03 1.587026e+04 2.09249 3.438649e-01
9.070000e-01 3.525080e+00 2.166058e+00 2.551181e+00 1.020892e+01 6.806506e+03 1.586291e+04 2.09449 3.457406e-01
9.060000e-01 3.525080e+00 2.166864e+00 2.551990e+00 1.021278e+01 6.842085e+03 1.585569e+04 2.09645 3.476144e-01
9.050000e-01 3.525080e+00 2.167671e+00 2.552799e+00 1.021664e+01 6.877443e+03 1.584849e+04 2.09842 3.494779e-01
9.040000e-01 3.525080e+00 2.168479e+00 2.553609e+00 1.022051e+01 6.912573e+03 1.584130e+04 2.10039 3.513307e-01
9.030000e-01 3.525080e+00 2.169288e+00 2.554421e+00 1.022439e+01 6.947496e+03 1.583412e+04 2.10236 3.531738e-01
9.020000e-01 3.525080e+00 2.170097e+00 2.555233e+00 1.022828e+01 6.982163e+03 1.582696e+04 2.10434 3.550046e-01
9.010000e-01 3.525080e+00 2.170906e+00 2.556043e+00 1.023218e+01 7.016523e+03 1.581982e+04 2.10631 3.568207e-01
9.000000e-01 3.525080e+00 2.171712e+00 2.556848e+00 1.023608e+01 7.050555e+03 1.581270e+04 2.10829 3.586212e-01
8.990000e-01 3.525080e+00 2.172519e+00 2.557653e+00 1.023998e+01 7.084382e+03 1.580559e+04 2.11027 3.604123e-01
8.980000e-01 3.525080e+00 2.173329e+00 2.558461e+00 1.024391e+01 7.118112e+03 1.579847e+04 2.11226 3.621996e-01
8.970000e-01 3.525080e+00 2.174143e+00 2.559274e+00 1.024786e+01 7.151765e+03 1.579135e+04 2.11426 3.639837e-01
8.960000e-01 3.525080e+00 2.174960e+00 2.560092e+00 1.025183e+01 7.185304e+03 1.578421e+04 2.11626 3.657627e-01
8.950000e-01 3.525080e+00 2.175780e+00 2.560914e+00 1.025581e+01 7.218693e+03 1.577708e+04 2.11828 3.675348e-01
8.940000e-01 3.525080e+00 2.176603e+00 2.561739e+00 1.025980e+01 7.251936e+03 1.576994e+04 2.1203 3.693000e-01
8.930000e-01 3.525080e+00 2.177428e+00 2.562568e+00 1.026380e+01 7.285003e+03 1.576282e+04 2.12232 3.710568e-01
8.920000e-01 3.525080e+00 2.178254e+00 2.563399e+00 1.026781e+01 7.317860e+03 1.575571e+04 2.12435 3.728035e-01
8.910000e-01 3.525080e+00 2.179080e+00 2.564230e+00 1.027183e+01 7.350485e+03 1.574862e+04 2.12638 3.745391e-01
8.900000e-01 3.525080e+00 2.179907e+00 2.565062e+00 1.027585e+01 7.382916e+03 1.574153e+04 2.12841 3.762655e-01
8.890000e-01 3.525080e+00 2.180735e+00 2.565896e+00 1.027988e+01 7.415205e+03 1.573445e+04 2.13045 3.779854e-01
8.880000e-01 3.525080e+00 2.181566e+00 2.566734e+00 1.028393e+01 7.447349e+03 1.572737e+04 2.13249 3.796987e-01
8.870000e-01 3.525080e+00 2.182399e+00 2.567574e+00 1.028799e+01 7.479321e+03 1.572029e+04 2.13454 3.814039e-01
8.860000e-01 3.525080e+00 2.183232e+00 2.568415e+00 1.029205e+01 7.511110e+03 1.571322e+04 2.13659 3.831005e-01
8.850000e-01 3.525080e+00 2.184067e+00 2.569257e+00 1.029613e+01 7.542730e+03 1.570616e+04 2.13865 3.847893e-01
8.840000e-01 3.525080e+00 2.184903e+00 2.570100e+00 1.030022e+01 7.574150e+03 1.569910e+04 2.14071 3.864685e-01
8.830000e-01 3.525080e+00 2.185737e+00 2.570941e+00 1.030431e+01 7.605322e+03 1.569205e+04 2.14277 3.881360e-01
8.820000e-01 3.525080e+00 2.186570e+00 2.571779e+00 1.030841e+01 7.636221e+03 1.568503e+04 2.14483 3.897905e-01
8.810000e-01 3.525080e+00 2.187403e+00 2.572615e+00 1.031251e+01 7.666929e+03 1.567800e+04 2.14689 3.914362e-01
8.800000e-01 3.525080e+00 2.188238e+00 2.573454e+00 1.031664e+01 7.697558e+03 1.567097e+04 2.14896 3.930789e-01
8.790000e-01 3.525080e+00 2.189077e+00 2.574298e+00 1.032078e+01 7.728127e+03 1.566392e+04 2.15104 3.947194e-01
8.780000e-01 3.525080e+00 2.189919e+00 2.575146e+00 1.032495e+01 7.758615e+03 1.565685e+04 2.15313 3.963565e-01
8.770000e-01 3.525080e+00 2.190765e+00 2.575998e+00 1.032913e+01 7.788992e+03 1.564978e+04 2.15523 3.979885e-01
8.760000e-01 3.525080e+00 2.191613e+00 2.576855e+00 1.033333e+01 7.819256e+03 1.564271e+04 2.15733 3.996153e-01
8.750000e-01 3.525080e+00 2.192463e+00 2.577714e+00 1.033753e+01 7.849388e+03 1.563563e+04 2.15944 4.012360e-01
8.740000e-01 3.525080e+00 2.193315e+00 2.578575e+00 1.034175e+01 7.879347e+03 1.562856e+04 2.16155 4.028484e-01
8.730000e-01 3.525080e+00 2.194167e+00 2.579437e+00 1.034597e+01 7.909117e+03 1.562149e+04 2.16367 4.044518e-01
8.720000e-01 3.525080e+00 2.195019e+00 2.580300e+00 1.035020e+01 7.938725e+03 1.561443e+04 2.16579 4.060475e-01
8.710000e-01 3.525080e+00 2.195873e+00 2.581165e+00 1.035445e+01 7.968217e+03 1.560737e+04 2.16791 4.076381e-01
8.700000e-01 3.525080e+00 2.196730e+00 2.582033e+00 1.035870e+01 7.997585e+03 1.560030e+04 2.17004 4.092230e-01
8.690000e-01 3.525080e+00 2.197588e+00 2.582903e+00 1.036297e+01 8.026806e+03 1.559324e+04 2.17217 4.108010e-01
8.680000e-01 3.525080e+00 2.198446e+00 2.583775e+00 1.036725e+01 8.055877e+03 1.558617e+04 2.17431 4.123720e-01
8.670000e-01 3.525080e+00 2.199306e+00 2.584647e+00 1.037154e+01 8.084798e+03 1.557910e+04 2.17645 4.139362e-01
8.660000e-01 3.525080e+00 2.200167e+00 2.585520e+00 1.037584e+01 8.113542e+03 1.557203e+04 2.17859 4.154919e-01
8.650000e-01 3.525080e+00 2.201026e+00 2.586391e+00 1.038014e+01 8.142064e+03 1.556498e+04 2.18074 4.170371e-01
8.640000e-01 3.525080e+00 2.201883e+00 2.587258e+00 1.038445e+01 8.170356e+03 1.555793e+04 2.18288 4.185714e-01
8.630000e-01 3.525080e+00 2.202741e+00 2.588125e+00 1.038877e+01 8.198503e+03 1.555089e+04 2.18503 4.200992e-01
8.620000e-01 3.525080e+00 2.203601e+00 2.588995e+00 1.039311e+01 8.226595e+03 1.554382e+04 2.18718 4.216252e-01
8.610000e-01 3.525080e+00 2.204466e+00 2.589869e+00 1.039747e+01 8.254632e+03 1.553673e+04 2.18935 4.231492e-01
8.600000e-01 3.525080e+00 2.205333e+00 2.590748e+00 1.040185e+01 8.282596e+03 1.552963e+04 2.19152 4.246702e-01
8.590000e-01 3.525080e+00 2.206203e+00 2.591630e+00 1.040625e+01 8.310466e+03 1.552252e+04 2.19371 4.261869e-01
8.580000e-01 3.525080e+00 2.207076e+00 2.592517e+00 1.041067e+01 8.338246e+03 1.551539e+04 2.19589 4.276995e-01
8.570000e-01 3.525080e+00 2.207995e+00 2.593465e+00 1.041518e+01 8.365862e+03 1.550813e+04 2.19814 4.291976e-01
8.560000e-01 3.525080e+00 2.208871e+00 2.594357e+00 1.041962e+01 8.393368e+03 1.550100e+04 2.20034 4.306971e-01
8.550000e-01 3.525080e+00 2.209748e+00 2.595249e+00 1.042406e+01 8.420716e+03 1.549387e+04 2.20254 4.321893e-01
8.540000e-01 3.525080e+00 2.210625e+00 2.596142e+00 1.042851e+01 8.447945e+03 1.548674e+04 2.20474 4.336760e-01
8.530000e-01 3.525080e+00 2.211504e+00 2.597037e+00 1.043298e+01 8.475072e+03 1.547960e+04 2.20695 4.351583e-01
8.520000e-01 3.525080e+00 2.212385e+00 2.597935e+00 1.043747e+01 8.502088e+03 1.547245e+04 2.20916 4.366354e-01
8.510000e-01 3.525080e+00 2.213267e+00 2.598835e+00 1.044196e+01 8.528971e+03 1.546530e+04 2.21138 4.381064e-01
8.500000e-01 3.525080e+00 2.214150e+00 2.599736e+00 1.044647e+01 8.555720e+03 1.545814e+04 2.2136 4.395712e-01
8.490000e-01 3.525080e+00 2.215034e+00 2.600637e+00 1.045099e+01 8.582333e+03 1.545098e+04 2.21583 4.410297e-01
8.480000e-01 3.525080e+00 2.215918e+00 2.601538e+00 1.045551e+01 8.608766e+03 1.544382e+04 2.21806 4.424796e-01
8.470000e-01 3.525080e+00 2.216799e+00 2.602436e+00 1.046004e+01 8.634992e+03 1.543667e+04 2.22028 4.439197e-01
8.460000e-01 3.525080e+00 2.217680e+00 2.603331e+00 1.046457e+01 8.661039e+03 1.542952e+04 2.22251 4.453516e-01
8.450000e-01 3.525080e+00 2.218562e+00 2.604228e+00 1.046913e+01 8.687015e+03 1.542235e+04 2.22474 4.467807e-01
8.440000e-01 3.525080e+00 2.219448e+00 2.605129e+00 1.047371e+01 8.712940e+03 1.541516e+04 2.22699 4.482081e-01
8.430000e-01 3.525080e+00 2.220337e+00 2.606034e+00 1.047830e+01 8.738813e+03 1.540795e+04 2.22924 4.496335e-01
8.420000e-01 3.525080e+00 2.221229e+00 2.606943e+00 1.048292e+01 8.764603e+03 1.540072e+04 2.2315 4.510553e-01
8.410000e-01 3.525080e+00 2.222123e+00 2.607856e+00 1.048755e+01 8.790320e+03 1.539348e+04 2.23377 4.524738e-01
8.400000e-01 3.525080e+00 2.223020e+00 2.608772e+00 1.049220e+01 8.815946e+03 1.538622e+04 2.23604 4.538883e-01
8.390000e-01 3.525080e+00 2.223917e+00 2.609690e+00 1.049687e+01 8.841444e+03 1.537896e+04 2.23832 4.552968e-01
8.380000e-01 3.525080e+00 2.224816e+00 2.610609e+00 1.050154e+01 8.866807e+03 1.537170e+04 2.2406 4.566988e-01
8.370000e-01 3.525080e+00 2.225714e+00 2.611528e+00 1.050622e+01 8.892042e+03 1.536443e+04 2.24288 4.580950e-01
8.360000e-01 3.525080e+00 2.226615e+00 2.612450e+00 1.051092e+01 8.917203e+03 1.535714e+04 2.24517 4.594880e-01
8.350000e-01 3.525080e+00 2.227517e+00 2.613374e+00 1.051563e+01 8.942253e+03 1.534985e+04 2.24746 4.608759e-01
8.340000e-01 3.525080e+00 2.228422e+00 2.614301e+00 1.052036e+01 8.967206e+03 1.534254e+04 2.24976 4.622594e-01
8.330000e-01 3.525080e+00 2.229326e+00 2.615228e+00 1.052509e+01 8.992024e+03 1.533523e+04 2.25206 4.636367e-01
8.320000e-01 3.525080e+00 2.230231e+00 2.616157e+00 1.052984e+01 9.016726e+03 1.532791e+04 2.25437 4.650086e-01
8.310000e-01 3.525080e+00 2.231136e+00 2.617085e+00 1.053460e+01 9.041274e+03 1.532058e+04 2.25667 4.663732e-01
8.300000e-01 3.525080e+00 2.232039e+00 2.618009e+00 1.053937e+01 9.065626e+03 1.531326e+04 2.25898 4.677286e-01
8.290000e-01 3.525080e+00 2.232942e+00 2.618932e+00 1.054414e+01 9.089822e+03 1.530594e+04 2.26129 4.690766e-01
8.280000e-01 3.525080e+00 2.233844e+00 2.619854e+00 1.054893e+01 9.113922e+03 1.529860e+04 2.2636 4.704209e-01
8.270000e-01 3.525080e+00 2.234751e+00 2.620782e+00 1.055374e+01 9.137994e+03 1.529124e+04 2.26592 4.717643e-01
8.260000e-01 3.525080e+00 2.235660e+00 2.621712e+00 1.055857e+01 9.162001e+03 1.528385e+04 2.26825 4.731052e-01
8.250000e-01 3.525080e+00 2.236571e+00 2.622647e+00 1.056342e+01 9.185945e+03 1.527643e+04 2.27059 4.744435e-01
8.240000e-01 3.525080e+00 2.237486e+00 2.623585e+00 1.056830e+01 9.209819e+03 1.526901e+04 2.27294 4.757786e-01
8.230000e-01 3.525080e+00 2.238402e+00 2.624526e+00 1.057319e+01 9.233613e+03 1.526156e+04 2.27529 4.771103e-01
8.220000e-01 3.525080e+00 2.239320e+00 2.625468e+00 1.057809e+01 9.257293e+03 1.525410e+04 2.27764 4.784365e-01
8.210000e-01 3.525080e+00 2.240238e+00 2.626412e+00 1.058300e+01 9.280851e+03 1.524663e+04 2.28 4.797570e-01
8.200000e-01 3.525080e+00 2.241156e+00 2.627357e+00 1.058793e+01 9.304302e+03 1.523916e+04 2.28236 4.810726e-01
8.190000e-01 3.525080e+00 2.242077e+00 2.628303e+00 1.059287e+01 9.327675e+03 1.523166e+04 2.28472 4.823849e-01
8.180000e-01 3.525080e+00 2.242999e+00 2.629253e+00 1.059783e+01 9.350961e+03 1.522415e+04 2.2871 4.836931e-01
8.170000e-01 3.525080e+00 2.243922e+00 2.630204e+00 1.060281e+01 9.374145e+03 1.521663e+04 2.28947 4.849968e-01
8.160000e-01 3.525080e+00 2.244845e+00 2.631155e+00 1.060779e+01 9.397214e+03 1.520909e+04 2.29185 4.862951e-01
8.150000e-01 3.525080e+00 2.245770e+00 2.632107e+00 1.061279e+01 9.420168e+03 1.520155e+04 2.29423 4.875881e-01
8.140000e-01 3.525080e+00 2.246693e+00 2.633059e+00 1.061780e+01 9.442976e+03 1.519399e+04 2.29662 4.888741e-01
8.130000e-01 3.525080e+00 2.247615e+00 2.634007e+00 1.062281e+01 9.465607e+03 1.518644e+04 2.299 4.901517e-01
8.120000e-01 3.525080e+00 2.247779e+00 2.634018e+00 1.062542e+01 9.491728e+03 1.518331e+04 2.30072 4.918009e-01
8.110000e-01 3.525080e+00 2.249480e+00 2.635930e+00 1.063292e+01 9.510469e+03 1.517124e+04 2.30381 4.926875e-01
8.100000e-01 3.525080e+00 2.250425e+00 2.636910e+00 1.063803e+01 9.532857e+03 1.516355e+04 2.30622 4.939483e-01
8.090000e-01 3.525080e+00 2.251353e+00 2.637865e+00 1.064313e+01 9.555177e+03 1.515591e+04 2.30862 4.952127e-01
8.080000e-01 3.525080e+00 2.252284e+00 2.638824e+00 1.064824e+01 9.577441e+03 1.514825e+04 2.31104 4.964750e-01
8.070000e-01 3.525080e+00 2.253216e+00 2.639785e+00 1.065337e+01 9.599633e+03 1.514056e+04 2.31346 4.977342e-01
8.060000e-01 3.525080e+00 2.254150e+00 2.640748e+00 1.065852e+01 9.621747e+03 1.513285e+04 2.31588 4.989898e-01
8.050000e-01 3.525080e+00 2.255084e+00 2.641713e+00 1.066368e+01 9.643748e+03 1.512513e+04 2.31831 5.002401e-01
8.040000e-01 3.525080e+00 2.256019e+00 2.642679e+00 1.066885e+01 9.665641e+03 1.511740e+04 2.32074 5.014853e-01
8.030000e-01 3.525080e+00 2.256955e+00 2.643645e+00 1.067404e+01 9.687449e+03 1.510965e+04 2.32317 5.027268e-01
8.020000e-01 3.525080e+00 2.257892e+00 2.644614e+00 1.067925e+01 9.709181e+03 1.510188e+04 2.32561 5.039648e-01
8.010000e-01 3.525080e+00 2.258831e+00 2.645586e+00 1.068448e+01 9.730831e+03 1.509409e+04 2.32805 5.051993e-01
8.000000e-01 3.525080e+00 2.259771e+00 2.646558e+00 1.068972e+01 9.752378e+03 1.508628e+04 2.3305 5.064289e-01
7.990000e-01 3.525080e+00 2.260711e+00 2.647531e+00 1.069497e+01 9.773812e+03 1.507846e+04 2.33295 5.076533e-01
7.980000e-01 3.525080e+00 2.260815e+00 2.647476e+00 1.069761e+01 9.799002e+03 1.507540e+04 2.33458 5.092693e-01
7.970000e-01 3.525080e+00 2.262565e+00 2.649439e+00 1.070545e+01 9.816299e+03 1.506287e+04 2.33784 5.100920e-01
7.960000e-01 3.525080e+00 2.262659e+00 2.649376e+00 1.070811e+01 9.841230e+03 1.505979e+04 2.33942 5.116893e-01
7.950000e-01 3.525080e+00 2.264437e+00 2.651371e+00 1.071603e+01 9.858219e+03 1.504717e+04 2.34275 5.124965e-01
7.940000e-01 3.525080e+00 2.264525e+00 2.651301e+00 1.071870e+01 9.883036e+03 1.504408e+04 2.34432 5.140906e-01
7.930000e-01 3.525080e+00 2.266358e+00 2.653371e+00 1.072678e+01 9.899863e+03 1.503121e+04 2.34772 5.148804e-01
7.920000e-01 3.525080e+00 2.266421e+00 2.653269e+00 1.072943e+01 9.924614e+03 1.502819e+04 2.34927 5.164790e-01
7.910000e-01 3.525080e+00 2.268246e+00 2.655326e+00 1.073754e+01 9.941312e+03 1.501528e+04 2.35268 5.172658e-01
7.900000e-01 3.525080e+00 2.268306e+00 2.655221e+00 1.074021e+01 9.965959e+03 1.501224e+04 2.35423 5.188613e-01
7.890000e-01 3.525080e+00 2.270140e+00 2.657289e+00 1.074838e+01 9.982467e+03 1.499924e+04 2.35766 5.196380e-01
7.880000e-01 3.525080e+00 2.270191e+00 2.657174e+00 1.075105e+01 1.000695e+04 1.499621e+04 2.35918 5.212258e-01
7.870000e-01 3.525080e+00 2.272037e+00 2.659256e+00 1.075927e+01 1.002322e+04 1.498314e+04 2.36265 5.219916e-01
7.860000e-01 3.525080e+00 2.272079e+00 2.659134e+00 1.076196e+01 1.004758e+04 1.498011e+04 2.36416 5.235746e-01
7.850000e-01 3.525080e+00 2.273937e+00 2.661230e+00 1.077025e+01 1.006367e+04 1.496694e+04 2.36766 5.243318e-01
7.840000e-01 3.525080e+00 2.273972e+00 2.661100e+00 1.077294e+01 1.008790e+04 1.496391e+04 2.36915 5.259095e-01
7.830000e-01 3.525080e+00 2.275841e+00 2.663208e+00 1.078129e+01 1.010376e+04 1.495066e+04 2.37268 5.266552e-01
7.820000e-01 3.525080e+00 2.275862e+00 2.663064e+00 1.078398e+01 1.012781e+04 1.494764e+04 2.37415 5.282250e-01
7.810000e-01 3.525080e+00 2.277743e+00 2.665185e+00 1.079238e+01 1.014339e+04 1.493432e+04 2.37771 5.289572e-01
7.800000e-01 3.525080e+00 2.277740e+00 2.665011e+00 1.079506e+01 1.016720e+04 1.493132e+04 2.37912 5.305144e-01
7.790000e-01 3.525080e+00 2.279638e+00 2.667152e+00 1.080351e+01 1.018246e+04 1.491794e+04 2.38274 5.312329e-01
7.780000e-01 3.525080e+00 2.279626e+00 2.666967e+00 1.080620e+01 1.020615e+04 1.491494e+04 2.38414 5.327865e-01
7.770000e-01 3.525080e+00 2.281538e+00 2.669124e+00 1.081473e+01 1.022128e+04 1.490145e+04 2.38779 5.334984e-01
7.760000e-01 3.525080e+00 2.281523e+00 2.668939e+00 1.081745e+01 1.024488e+04 1.489843e+04 2.38919 5.350511e-01
7.750000e-01 3.525080e+00 2.283446e+00 2.671108e+00 1.082605e+01 1.025986e+04 1.488482e+04 2.39287 5.357545e-01
7.740000e-01 3.525080e+00 2.283427e+00 2.670920e+00 1.082879e+01 1.028337e+04 1.488179e+04 2.39426 5.373048e-01
7.730000e-01 3.525080e+00 2.285360e+00 2.673101e+00 1.083746e+01 1.029816e+04 1.486808e+04 2.39796 5.379981e-01
7.720000e-01 3.525080e+00 2.285328e+00 2.672900e+00 1.084020e+01 1.032152e+04 1.486506e+04 2.39934 5.395419e-01
7.710000e-01 3.525080e+00 2.287274e+00 2.675097e+00 1.084894e+01 1.033609e+04 1.485126e+04 2.40307 5.402238e-01
7.700000e-01 3.525080e+00 2.287233e+00 2.674887e+00 1.085169e+01 1.035932e+04 1.484823e+04 2.40443 5.417636e-01
7.690000e-01 3.525080e+00 2.289192e+00 2.677100e+00 1.086050e+01 1.037371e+04 1.483434e+04 2.4082 5.424367e-01
7.680000e-01 3.525080e+00 2.289141e+00 2.676879e+00 1.086326e+01 1.039683e+04 1.483130e+04 2.40954 5.439721e-01
7.670000e-01 3.525080e+00 2.291112e+00 2.679106e+00 1.087213e+01 1.041099e+04 1.481731e+04 2.41334 5.446332e-01
7.660000e-01 3.525080e+00 2.291046e+00 2.678868e+00 1.087489e+01 1.043394e+04 1.481429e+04 2.41464 5.461616e-01
7.650000e-01 3.525080e+00 2.293030e+00 2.681110e+00 1.088382e+01 1.044782e+04 1.480022e+04 2.41848 5.468087e-01
7.640000e-01 3.525080e+00 2.292937e+00 2.680839e+00 1.088657e+01 1.047054e+04 1.479722e+04 2.41973 5.483258e-01
7.630000e-01 3.525080e+00 2.294940e+00 2.683102e+00 1.089555e+01 1.048412e+04 1.478308e+04 2.42362 5.489593e-01
7.620000e-01 3.525080e+00 2.294836e+00 2.682820e+00 1.089832e+01 1.050673e+04 1.478007e+04 2.42485 5.504741e-01
7.610000e-01 3.525080e+00 2.296894e+00 2.685156e+00 1.090748e+01 1.052013e+04 1.476566e+04 2.42882 5.510881e-01
7.600000e-01 3.525080e+00 2.296763e+00 2.684840e+00 1.091021e+01 1.054268e+04 1.476271e+04 2.43003 5.526084e-01
7.590000e-01 3.525080e+00 2.298814e+00 2.687165e+00 1.091942e+01 1.055595e+04 1.474824e+04 2.434 5.532186e-01
7.580000e-01 3.525080e+00 2.298674e+00 2.686838e+00 1.092217e+01 1.057841e+04 1.474527e+04 2.4352 5.547370e-01
7.570000e-01 3.525080e+00 2.300738e+00 2.689180e+00 1.093145e+01 1.059147e+04 1.473069e+04 2.4392 5.553360e-01
7.560000e-01 3.525080e+00 2.300584e+00 2.688838e+00 1.093420e+01 1.061379e+04 1.472772e+04 2.44037 5.568487e-01
7.550000e-01 3.525080e+00 2.302662e+00 2.691195e+00 1.094356e+01 1.062663e+04 1.471303e+04 2.4444 5.574361e-01
7.540000e-01 3.525080e+00 2.302497e+00 2.690844e+00 1.094632e+01 1.064885e+04 1.471006e+04 2.44556 5.589463e-01
7.530000e-01 3.525080e+00 2.304588e+00 2.693217e+00 1.095575e+01 1.066152e+04 1.469526e+04 2.44962 5.595238e-01
7.520000e-01 3.525080e+00 2.304408e+00 2.692848e+00 1.095853e+01 1.068361e+04 1.469228e+04 2.45075 5.610300e-01
7.510000e-01 3.525080e+00 2.306514e+00 2.695239e+00 1.096803e+01 1.069604e+04 1.467737e+04 2.45485 5.615943e-01
7.500000e-01 3.525080e+00 2.306315e+00 2.694850e+00 1.097080e+01 1.071796e+04 1.467440e+04 2.45594 5.630938e-01
7.490000e-01 3.525080e+00 2.308435e+00 2.697255e+00 1.098037e+01 1.073010e+04 1.465941e+04 2.46007 5.636432e-01
7.480000e-01 3.525080e+00 2.308206e+00 2.696829e+00 1.098312e+01 1.075181e+04 1.465646e+04 2.46111 5.651326e-01
7.470000e-01 3.525080e+00 2.310347e+00 2.699259e+00 1.099276e+01 1.076369e+04 1.464136e+04 2.46529 5.656695e-01
7.460000e-01 3.525080e+00 2.310111e+00 2.698827e+00 1.099552e+01 1.078531e+04 1.463840e+04 2.46633 5.671586e-01
7.450000e-01 3.525080e+00 2.312263e+00 2.701270e+00 1.100525e+01 1.079704e+04 1.462316e+04 2.47053 5.676864e-01
7.440000e-01 3.525080e+00 2.312016e+00 2.700825e+00 1.100804e+01 1.081859e+04 1.462018e+04 2.47155 5.691752e-01
7.430000e-01 3.525080e+00 2.314183e+00 2.703287e+00 1.101787e+01 1.083016e+04 1.460480e+04 2.47579 5.696925e-01
7.420000e-01 3.525080e+00 2.313925e+00 2.702833e+00 1.102067e+01 1.085160e+04 1.460181e+04 2.47679 5.711789e-01
7.410000e-01 3.525080e+00 2.316104e+00 2.705307e+00 1.103057e+01 1.086296e+04 1.458630e+04 2.48105 5.716837e-01
7.400000e-01 3.525080e+00 2.315825e+00 2.704830e+00 1.103337e+01 1.088427e+04 1.458331e+04 2.48202 5.731653e-01
7.390000e-01 3.525080e+00 2.318022e+00 2.707326e+00 1.104336e+01 1.089543e+04 1.456767e+04 2.48632 5.736584e-01
7.380000e-01 3.525080e+00 2.317733e+00 2.706839e+00 1.104617e+01 1.091665e+04 1.456467e+04 2.48727 5.751390e-01
7.370000e-01 3.525080e+00 2.319942e+00 2.709349e+00 1.105625e+01 1.092760e+04 1.454889e+04 2.4916 5.756200e-01
7.360000e-01 3.525080e+00 2.319633e+00 2.708839e+00 1.105906e+01 1.094869e+04 1.454589e+04 2.49251 5.770959e-01
7.350000e-01 3.525080e+00 2.321857e+00 2.711369e+00 1.106921e+01 1.095941e+04 1.453000e+04 2.49687 5.775630e-01
7.340000e-01 3.525080e+00 2.321523e+00 2.710829e+00 1.107201e+01 1.098031e+04 1.452700e+04 2.49774 5.790316e-01
7.330000e-01 3.525080e+00 2.323802e+00 2.713431e+00 1.108232e+01 1.099068e+04 1.451089e+04 2.50217 5.794700e-01
7.320000e-01 3.525080e+00 2.323418e+00 2.712826e+00 1.108506e+01 1.101143e+04 1.450796e+04 2.50296 5.809382e-01
7.310000e-01 3.525080e+00 2.325702e+00 2.715429e+00 1.109542e+01 1.102162e+04 1.449177e+04 2.50743 5.813710e-01
7.300000e-01 3.525080e+00 2.325309e+00 2.714817e+00 1.109818e+01 1.104230e+04 1.448883e+04 2.50821 5.828403e-01
7.290000e-01 3.525080e+00 2.327605e+00 2.717434e+00 1.110864e+01 1.105232e+04 1.447248e+04 2.51271 5.832622e-01
7.280000e-01 3.525080e+00 2.327198e+00 2.716807e+00 1.111142e+01 1.107292e+04 1.446952e+04 2.51347 5.847315e-01
7.270000e-01 3.525080e+00 2.329508e+00 2.719441e+00 1.112198e+01 1.108277e+04 1.445301e+04 2.51799 5.851407e-01
7.260000e-01 3.525080e+00 2.329083e+00 2.718794e+00 1.112476e+01 1.110325e+04 1.445004e+04 2.51872 5.866069e-01
7.250000e-01 3.525080e+00 2.331408e+00 2.721448e+00 1.113540e+01 1.111286e+04 1.443340e+04 2.52327 5.870023e-01
7.240000e-01 3.525080e+00 2.330964e+00 2.720780e+00 1.113819e+01 1.113323e+04 1.443042e+04 2.52397 5.884660e-01
7.230000e-01 3.525080e+00 2.333306e+00 2.723454e+00 1.114894e+01 1.114266e+04 1.441362e+04 2.52855 5.888496e-01
7.220000e-01 3.525080e+00 2.332842e+00 2.722764e+00 1.115173e+01 1.116293e+04 1.441064e+04 2.52922 5.903117e-01
7.210000e-01 3.525080e+00 2.335201e+00 2.725458e+00 1.116257e+01 1.117213e+04 1.439369e+04 2.53383 5.906805e-01
7.200000e-01 3.525080e+00 2.334715e+00 2.724744e+00 1.116536e+01 1.119226e+04 1.439071e+04 2.53446 5.921382e-01
7.190000e-01 3.525080e+00 2.334748e+00 2.724552e+00 1.116911e+01 1.121030e+04 1.438609e+04 2.53657 5.935682e-01
7.180000e-01 3.525080e+00 2.338015e+00 2.728429e+00 1.118312e+01 1.121553e+04 1.436364e+04 2.54172 5.933908e-01
7.170000e-01 3.525080e+00 2.337485e+00 2.727662e+00 1.118589e+01 1.123539e+04 1.436065e+04 2.54226 5.948368e-01
7.160000e-01 3.525080e+00 2.337503e+00 2.727453e+00 1.118967e+01 1.125318e+04 1.435599e+04 2.54435 5.962585e-01
7.150000e-01 3.525080e+00 2.340858e+00 2.731446e+00 1.120398e+01 1.125802e+04 1.433310e+04 2.54964 5.960441e-01
7.140000e-01 3.525080e+00 2.340287e+00 2.730630e+00 1.120674e+01 1.127779e+04 1.433014e+04 2.55014 5.974979e-01
7.130000e-01 3.525080e+00 2.340276e+00 2.730386e+00 1.121053e+01 1.129545e+04 1.432547e+04 2.55219 5.989213e-01
7.120000e-01 3.525080e+00 2.343664e+00 2.734416e+00 1.122505e+01 1.129997e+04 1.430224e+04 2.55754 5.986816e-01
7.110000e-01 3.525080e+00 2.343064e+00 2.733571e+00 1.122782e+01 1.131958e+04 1.429926e+04 2.55799 6.001331e-01
7.100000e-01 3.525080e+00 2.343024e+00 2.733292e+00 1.123162e+01 1.133705e+04 1.429456e+04 2.55999 6.015513e-01
7.090000e-01 3.525080e+00 2.346459e+00 2.737382e+00 1.124637e+01 1.134116e+04 1.427101e+04 2.56543 6.012826e-01
7.080000e-01 3.525080e+00 2.345829e+00 2.736502e+00 1.124915e+01 1.136062e+04 1.426802e+04 2.56583 6.027328e-01
7.070000e-01 3.525080e+00 2.345764e+00 2.736198e+00 1.125297e+01 1.137793e+04 1.426329e+04 2.5678 6.041482e-01
7.060000e-01 3.525080e+00 2.349246e+00 2.740344e+00 1.126794e+01 1.138164e+04 1.423941e+04 2.57332 6.038493e-01
7.050000e-01 3.525080e+00 2.348576e+00 2.739421e+00 1.127072e+01 1.140090e+04 1.423641e+04 2.57365 6.052942e-01
7.040000e-01 3.525080e+00 2.348476e+00 2.739073e+00 1.127454e+01 1.141796e+04 1.423167e+04 2.57556 6.067006e-01
7.030000e-01 3.525080e+00 2.352009e+00 2.743280e+00 1.128970e+01 1.142115e+04 1.420752e+04 2.58117 6.063678e-01
7.020000e-01 3.525080e+00 2.351290e+00 2.742298e+00 1.129245e+01 1.144015e+04 1.420454e+04 2.58141 6.078048e-01
7.010000e-01 3.525080e+00 2.351171e+00 2.741929e+00 1.129630e+01 1.145698e+04 1.419976e+04 2.5833 6.092052e-01
7.000000e-01 3.525080e+00 2.354751e+00 2.746194e+00 1.131169e+01 1.145982e+04 1.417529e+04 2.58901 6.088464e-01
6.990000e-01 3.525080e+00 2.354006e+00 2.745185e+00 1.131447e+01 1.147871e+04 1.417227e+04 2.58921 6.102857e-01
6.980000e-01 3.525080e+00 2.353858e+00 2.744783e+00 1.131834e+01 1.149541e+04 1.416745e+04 2.59106 6.116862e-01
6.970000e-01 3.525080e+00 2.357520e+00 2.749155e+00 1.133409e+01 1.149782e+04 1.414243e+04 2.59687 6.112825e-01
6.960000e-01 3.525080e+00 2.356721e+00 2.748082e+00 1.133683e+01 1.151657e+04 1.413946e+04 2.597 6.127255e-01
6.950000e-01 3.525080e+00 2.356534e+00 2.747633e+00 1.134070e+01 1.153309e+04 1.413463e+04 2.59878 6.141235e-01
6.940000e-01 3.525080e+00 2.360237e+00 2.752054e+00 1.135666e+01 1.153511e+04 1.410929e+04 2.60467 6.136913e-01
6.930000e-01 3.525080e+00 2.359399e+00 2.750936e+00 1.135941e+01 1.155372e+04 1.410629e+04 2.60473 6.151341e-01
6.920000e-01 3.525080e+00 2.359182e+00 2.750453e+00 1.136329e+01 1.157007e+04 1.410141e+04 2.60647 6.165294e-01
6.910000e-01 3.525080e+00 2.362935e+00 2.754935e+00 1.137951e+01 1.157165e+04 1.407569e+04 2.61243 6.160612e-01
6.900000e-01 3.525080e+00 2.362049e+00 2.753763e+00 1.138224e+01 1.159006e+04 1.407268e+04 2.61241 6.174988e-01
6.890000e-01 3.525080e+00 2.361787e+00 2.753225e+00 1.138612e+01 1.160616e+04 1.406779e+04 2.61406 6.188847e-01
6.880000e-01 3.525080e+00 2.365597e+00 2.757775e+00 1.140254e+01 1.160722e+04 1.404176e+04 2.62012 6.183790e-01
6.870000e-01 3.525080e+00 2.364659e+00 2.756539e+00 1.140525e+01 1.162540e+04 1.403875e+04 2.62 6.198113e-01
6.860000e-01 3.525080e+00 2.364374e+00 2.755975e+00 1.140915e+01 1.164130e+04 1.403381e+04 2.62163 6.211937e-01
6.850000e-01 3.525080e+00 2.368233e+00 2.760585e+00 1.142585e+01 1.164201e+04 1.400736e+04 2.62776 6.206567e-01
6.840000e-01 3.525080e+00 2.367257e+00 2.759309e+00 1.142857e+01 1.166007e+04 1.400432e+04 2.62758 6.220916e-01
6.830000e-01 3.525080e+00 2.366937e+00 2.758704e+00 1.143249e+01 1.167583e+04 1.399932e+04 2.62915 6.234734e-01
6.820000e-01 3.525080e+00 2.370881e+00 2.763425e+00 1.144956e+01 1.167608e+04 1.397229e+04 2.63538 6.228856e-01
6.810000e-01 3.525080e+00 2.369841e+00 2.762072e+00 1.145224e+01 1.169400e+04 1.396928e+04 2.63511 6.243240e-01
6.800000e-01 3.525080e+00 2.369480e+00 2.761417e+00 1.145616e+01 1.170958e+04 1.396426e+04 2.63661 6.257043e-01
6.790000e-01 3.525080e+00 2.373470e+00 2.766193e+00 1.147349e+01 1.170943e+04 1.393684e+04 2.64291 6.250840e-01
6.780000e-01 3.525080e+00 2.372384e+00 2.764788e+00 1.147617e+01 1.172721e+04 1.393381e+04 2.64256 6.265229e-01
6.770000e-01 3.525080e+00 2.371983e+00 2.764088e+00 1.148010e+01 1.174261e+04 1.392875e+04 2.644 6.278998e-01
6.760000e-01 3.525080e+00 2.376029e+00 2.768934e+00 1.149770e+01 1.174197e+04 1.390092e+04 2.65038 6.272388e-01
6.750000e-01 3.525080e+00 2.374888e+00 2.767463e+00 1.150036e+01 1.175952e+04 1.389789e+04 2.64992 6.286720e-01
6.740000e-01 3.525080e+00 2.377700e+00 2.770714e+00 1.151393e+01 1.176310e+04 1.387683e+04 2.6553 6.286489e-01
6.730000e-01 3.525080e+00 2.378554e+00 2.771634e+00 1.152215e+01 1.177347e+04 1.386460e+04 2.65777 6.293357e-01
6.720000e-01 3.525080e+00 2.379389e+00 2.772527e+00 1.153038e+01 1.178380e+04 1.385239e+04 2.66022 6.300268e-01
6.710000e-01 3.525080e+00 2.380219e+00 2.773416e+00 1.153863e+01 1.179407e+04 1.384011e+04 2.66266 6.307142e-01
6.700000e-01 3.525080e+00 2.381047e+00 2.774304e+00 1.154693e+01 1.180426e+04 1.382777e+04 2.6651 6.313978e-01
6.690000e-01 3.525080e+00 2.381870e+00 2.775186e+00 1.155527e+01 1.181436e+04 1.381536e+04 2.66752 6.320761e-01
6.680000e-01 3.525080e+00 2.382690e+00 2.776066e+00 1.156364e+01 1.182438e+04 1.380289e+04 2.66994 6.327491e-01
6.670000e-01 3.525080e+00 2.383505e+00 2.776941e+00 1.157205e+01 1.183430e+04 1.379037e+04 2.67234 6.334167e-01
6.660000e-01 3.525080e+00 2.384316e+00 2.777810e+00 1.158049e+01 1.184413e+04 1.377777e+04 2.67474 6.340795e-01
6.650000e-01 3.525080e+00 2.385123e+00 2.778677e+00 1.158897e+01 1.185390e+04 1.376511e+04 2.67712 6.347378e-01
6.640000e-01 3.525080e+00 2.385959e+00 2.779588e+00 1.159758e+01 1.186351e+04 1.375226e+04 2.67952 6.353781e-01
6.630000e-01 3.525080e+00 2.386759e+00 2.780447e+00 1.160613e+01 1.187308e+04 1.373947e+04 2.68189 6.360244e-01
6.620000e-01 3.525080e+00 2.387552e+00 2.781299e+00 1.161471e+01 1.188254e+04 1.372664e+04 2.68423 6.366651e-01
6.610000e-01 3.525080e+00 2.388338e+00 2.782142e+00 1.162331e+01 1.189188e+04 1.371376e+04 2.68656 6.372986e-01
6.600000e-01 3.525080e+00 2.389117e+00 2.782976e+00 1.163193e+01 1.190109e+04 1.370085e+04 2.68887 6.379252e-01
6.590000e-01 3.525080e+00 2.389891e+00 2.783805e+00 1.164058e+01 1.191022e+04 1.368788e+04 2.69117 6.385470e-01
6.580000e-01 3.525080e+00 2.390660e+00 2.784630e+00 1.164928e+01 1.191927e+04 1.367483e+04 2.69347 6.391644e-01
6.570000e-01 3.525080e+00 2.391426e+00 2.785451e+00 1.165803e+01 1.192824e+04 1.366170e+04 2.69575 6.397770e-01
6.560000e-01 3.525080e+00 2.392188e+00 2.786270e+00 1.166682e+01 1.193713e+04 1.364849e+04 2.69802 6.403851e-01
6.550000e-01 3.525080e+00 2.392946e+00 2.787083e+00 1.167566e+01 1.194594e+04 1.363521e+04 2.70028 6.409880e-01
6.540000e-01 3.525080e+00 2.393698e+00 2.787893e+00 1.168454e+01 1.195464e+04 1.362188e+04 2.70252 6.415851e-01
6.530000e-01 3.525080e+00 2.394446e+00 2.788697e+00 1.169345e+01 1.196325e+04 1.360848e+04 2.70476 6.421767e-01
6.520000e-01 3.525080e+00 2.395188e+00 2.789495e+00 1.170241e+01 1.197177e+04 1.359501e+04 2.70698 6.427633e-01
6.510000e-01 3.525080e+00 2.395926e+00 2.790291e+00 1.171141e+01 1.198021e+04 1.358146e+04 2.70919 6.433450e-01
6.500000e-01 3.525080e+00 2.396659e+00 2.791082e+00 1.172045e+01 1.198855e+04 1.356786e+04 2.71138 6.439210e-01
6.490000e-01 3.525080e+00 2.397386e+00 2.791865e+00 1.172953e+01 1.199678e+04 1.355419e+04 2.71357 6.444907e-01
6.480000e-01 3.525080e+00 2.398106e+00 2.792643e+00 1.173864e+01 1.200491e+04 1.354048e+04 2.71573 6.450540e-01
6.470000e-01 3.525080e+00 2.398820e+00 2.793411e+00 1.174777e+01 1.201291e+04 1.352672e+04 2.71788 6.456100e-01
6.460000e-01 3.525080e+00 2.399556e+00 2.794215e+00 1.175702e+01 1.202072e+04 1.351280e+04 2.72004 6.461470e-01
6.450000e-01 3.525080e+00 2.400257e+00 2.794969e+00 1.176622e+01 1.202851e+04 1.349893e+04 2.72216 6.466905e-01
6.440000e-01 3.525080e+00 2.400951e+00 2.795716e+00 1.177548e+01 1.203621e+04 1.348496e+04 2.72426 6.472294e-01
6.430000e-01 3.525080e+00 2.401640e+00 2.796458e+00 1.178478e+01 1.204383e+04 1.347091e+04 2.72634 6.477627e-01
6.420000e-01 3.525080e+00 2.402323e+00 2.797195e+00 1.179414e+01 1.205137e+04 1.345678e+04 2.72841 6.482908e-01
6.410000e-01 3.525080e+00 2.402999e+00 2.797924e+00 1.180355e+01 1.205880e+04 1.344257e+04 2.73046 6.488125e-01
6.400000e-01 3.525080e+00 2.403669e+00 2.798646e+00 1.181299e+01 1.206614e+04 1.342829e+04 2.73248 6.493276e-01
6.390000e-01 3.525080e+00 2.404331e+00 2.799362e+00 1.182247e+01 1.207339e+04 1.341393e+04 2.73449 6.498365e-01
6.380000e-01 3.525080e+00 2.404987e+00 2.800068e+00 1.183201e+01 1.208054e+04 1.339948e+04 2.73648 6.503397e-01
6.370000e-01 3.525080e+00 2.405637e+00 2.800771e+00 1.184159e+01 1.208760e+04 1.338496e+04 2.73845 6.508368e-01
6.360000e-01 3.525080e+00 2.406279e+00 2.801466e+00 1.185121e+01 1.209456e+04 1.337037e+04 2.7404 6.513274e-01
6.350000e-01 3.525080e+00 2.406914e+00 2.802153e+00 1.186088e+01 1.210140e+04 1.335571e+04 2.74233 6.518112e-01
6.340000e-01 3.525080e+00 2.407542e+00 2.802831e+00 1.187057e+01 1.210813e+04 1.334101e+04 2.74424 6.522880e-01
6.330000e-01 3.525080e+00 2.408161e+00 2.803498e+00 1.188029e+01 1.211473e+04 1.332626e+04 2.74613 6.527570e-01
6.320000e-01 3.525080e+00 2.408771e+00 2.804155e+00 1.189004e+01 1.212121e+04 1.331146e+04 2.748 6.532192e-01
6.310000e-01 3.525080e+00 2.409374e+00 2.804806e+00 1.189985e+01 1.212762e+04 1.329655e+04 2.74984 6.536761e-01
6.300000e-01 3.525080e+00 2.409999e+00 2.805490e+00 1.190981e+01 1.213387e+04 1.328143e+04 2.7517 6.541146e-01
6.290000e-01 3.525080e+00 2.410589e+00 2.806128e+00 1.191974e+01 1.214009e+04 1.326633e+04 2.7535 6.545584e-01
6.280000e-01 3.525080e+00 2.411170e+00 2.806756e+00 1.192972e+01 1.214622e+04 1.325114e+04 2.75528 6.549960e-01
6.270000e-01 3.525080e+00 2.411742e+00 2.807373e+00 1.193974e+01 1.215223e+04 1.323587e+04 2.75703 6.554260e-01
6.260000e-01 3.525080e+00 2.412305e+00 2.807981e+00 1.194981e+01 1.215815e+04 1.322052e+04 2.75876 6.558488e-01
6.250000e-01 3.525080e+00 2.412859e+00 2.808579e+00 1.195993e+01 1.216397e+04 1.320507e+04 2.76045 6.562649e-01
6.240000e-01 3.525080e+00 2.413405e+00 2.809170e+00 1.197011e+01 1.216970e+04 1.318953e+04 2.76213 6.566745e-01
6.230000e-01 3.525080e+00 2.413944e+00 2.809754e+00 1.198034e+01 1.217532e+04 1.317391e+04 2.76378 6.570769e-01
6.220000e-01 3.525080e+00 2.414474e+00 2.810327e+00 1.199062e+01 1.218083e+04 1.315822e+04 2.7654 6.574723e-01
6.210000e-01 3.525080e+00 2.414996e+00 2.810893e+00 1.200093e+01 1.218622e+04 1.314247e+04 2.76701 6.578607e-01
6.200000e-01 3.525080e+00 2.415510e+00 2.811449e+00 1.201127e+01 1.219149e+04 1.312669e+04 2.76859 6.582415e-01
6.190000e-01 3.525080e+00 2.416013e+00 2.811990e+00 1.202165e+01 1.219662e+04 1.311085e+04 2.77015 6.586145e-01
6.180000e-01 3.525080e+00 2.416507e+00 2.812524e+00 1.203209e+01 1.220166e+04 1.309492e+04 2.77168 6.589816e-01
6.170000e-01 3.525080e+00 2.416992e+00 2.813048e+00 1.204259e+01 1.220661e+04 1.307888e+04 2.77318 6.593418e-01
6.160000e-01 3.525080e+00 2.417497e+00 2.813603e+00 1.205324e+01 1.221140e+04 1.306261e+04 2.77469 6.596826e-01
6.150000e-01 3.525080e+00 2.417966e+00 2.814112e+00 1.206388e+01 1.221615e+04 1.304636e+04 2.77614 6.600278e-01
6.140000e-01 3.525080e+00 2.418424e+00 2.814607e+00 1.207456e+01 1.222079e+04 1.303002e+04 2.77756 6.603658e-01
6.130000e-01 3.525080e+00 2.418873e+00 2.815093e+00 1.208530e+01 1.222532e+04 1.301360e+04 2.77895 6.606966e-01
6.120000e-01 3.525080e+00 2.419313e+00 2.815571e+00 1.209609e+01 1.222975e+04 1.299710e+04 2.78031 6.610203e-01
6.110000e-01 3.525080e+00 2.419743e+00 2.816039e+00 1.210696e+01 1.223407e+04 1.298049e+04 2.78165 6.613371e-01
6.100000e-01 3.525080e+00 2.420164e+00 2.816497e+00 1.211787e+01 1.223829e+04 1.296379e+04 2.78296 6.616462e-01
6.090000e-01 3.525080e+00 2.420575e+00 2.816943e+00 1.212884e+01 1.224239e+04 1.294702e+04 2.78424 6.619473e-01
6.080000e-01 3.525080e+00 2.420975e+00 2.817378e+00 1.213986e+01 1.224638e+04 1.293016e+04 2.78548 6.622397e-01
6.070000e-01 3.525080e+00 2.421362e+00 2.817797e+00 1.215090e+01 1.225024e+04 1.291325e+04 2.78669 6.625228e-01
6.060000e-01 3.525080e+00 2.421737e+00 2.818200e+00 1.216198e+01 1.225396e+04 1.289628e+04 2.78786 6.627970e-01
6.050000e-01 3.525080e+00 2.422100e+00 2.818591e+00 1.217312e+01 1.225759e+04 1.287921e+04 2.78899 6.630637e-01
6.040000e-01 3.525080e+00 2.422453e+00 2.818972e+00 1.218434e+01 1.226112e+04 1.286201e+04 2.79009 6.633228e-01
6.030000e-01 3.525080e+00 2.422823e+00 2.819380e+00 1.219571e+01 1.226447e+04 1.284459e+04 2.79119 6.635620e-01
6.020000e-01 3.525080e+00 2.423157e+00 2.819741e+00 1.220707e+01 1.226779e+04 1.282717e+04 2.79222 6.638049e-01
6.010000e-01 3.525080e+00 2.423479e+00 2.820090e+00 1.221850e+01 1.227098e+04 1.280967e+04 2.79323 6.640404e-01
6.000000e-01 3.525080e+00 2.423792e+00 2.820429e+00 1.222998e+01 1.227407e+04 1.279208e+04 2.79421 6.642683e-01
5.990000e-01 3.525080e+00 2.424094e+00 2.820757e+00 1.224154e+01 1.227705e+04 1.277440e+04 2.79515 6.644883e-01
5.980000e-01 3.525080e+00 2.424384e+00 2.821072e+00 1.225316e+01 1.227991e+04 1.275660e+04 2.79606 6.647002e-01
5.970000e-01 3.525080e+00 2.424664e+00 2.821377e+00 1.226485e+01 1.228266e+04 1.273871e+04 2.79694 6.649042e-01
5.960000e-01 3.525080e+00 2.424934e+00 2.821671e+00 1.227660e+01 1.228529e+04 1.272074e+04 2.79778 6.651000e-01
5.950000e-01 3.525080e+00 2.425192e+00 2.821953e+00 1.228840e+01 1.228781e+04 1.270270e+04 2.79859 6.652872e-01
5.940000e-01 3.525080e+00 2.425440e+00 2.822222e+00 1.230024e+01 1.229019e+04 1.268461e+04 2.79937 6.654660e-01
5.930000e-01 3.525080e+00 2.425675e+00 2.822475e+00 1.231213e+01 1.229244e+04 1.266646e+04 2.80012 6.656362e-01
5.920000e-01 3.525080e+00 2.425895e+00 2.822712e+00 1.232409e+01 1.229458e+04 1.264820e+04 2.80082 6.657976e-01
5.910000e-01 3.525080e+00 2.426130e+00 2.822974e+00 1.233621e+01 1.229655e+04 1.262969e+04 2.80151 6.659384e-01
5.900000e-01 3.525080e+00 2.426326e+00 2.823187e+00 1.234833e+01 1.229847e+04 1.261116e+04 2.80212 6.660812e-01
5.890000e-01 3.525080e+00 2.426509e+00 2.823384e+00 1.236053e+01 1.230028e+04 1.259252e+04 2.8027 6.662151e-01
5.880000e-01 3.525080e+00 2.426679e+00 2.823566e+00 1.237280e+01 1.230197e+04 1.257378e+04 2.80323 6.663397e-01
5.870000e-01 3.525080e+00 2.426837e+00 2.823737e+00 1.238514e+01 1.230354e+04 1.255494e+04 2.80372 6.664555e-01
5.860000e-01 3.525080e+00 2.426982e+00 2.823894e+00 1.239756e+01 1.230500e+04 1.253599e+04 2.80418 6.665626e-01
5.850000e-01 3.525080e+00 2.427117e+00 2.824040e+00 1.241006e+01 1.230634e+04 1.251693e+04 2.8046 6.666615e-01
5.840000e-01 3.525080e+00 2.427241e+00 2.824176e+00 1.242263e+01 1.230756e+04 1.249779e+04 2.80499 6.667525e-01
5.830000e-01 3.525080e+00 2.427353e+00 2.824298e+00 1.243527e+01 1.230866e+04 1.247856e+04 2.80534 6.668346e-01
5.820000e-01 3.525080e+00 2.427453e+00 2.824408e+00 1.244796e+01 1.230963e+04 1.245927e+04 2.80566 6.669082e-01
5.810000e-01 3.525080e+00 2.427544e+00 2.824506e+00 1.246070e+01 1.231047e+04 1.243994e+04 2.80596 6.669737e-01
5.800000e-01 3.525080e+00 2.427620e+00 2.824588e+00 1.247350e+01 1.231118e+04 1.242054e+04 2.80621 6.670305e-01
5.790000e-01 3.525080e+00 2.427707e+00 2.824690e+00 1.248647e+01 1.231172e+04 1.240089e+04 2.80644 6.670663e-01
5.780000e-01 3.525080e+00 2.427757e+00 2.824742e+00 1.249946e+01 1.231219e+04 1.238121e+04 2.8066 6.671036e-01
5.770000e-01 3.525080e+00 2.427790e+00 2.824777e+00 1.251253e+01 1.231256e+04 1.236140e+04 2.80671 6.671308e-01
5.760000e-01 3.525080e+00 2.427810e+00 2.824797e+00 1.252570e+01 1.231280e+04 1.234148e+04 2.80677 6.671480e-01
5.750000e-01 3.525080e+00 2.427816e+00 2.824802e+00 1.253893e+01 1.231292e+04 1.232145e+04 2.80679 6.671554e-01
5.740000e-01 3.525080e+00 2.427808e+00 2.824793e+00 1.255225e+01 1.231292e+04 1.230132e+04 2.80677 6.671533e-01
5.746136e-01 3.525080e+00 2.428514e+00 2.825677e+00 1.254651e+01 1.231052e+04 1.231014e+04 2.8075 6.668095e-01
