1.000000e+00 3.623410e+00 2.091950e+00 2.476190e+00 9.831989e+00 0.000000e+00 1.709626e+04 0 0.000000e+00
9.990000e-01 3.623410e+00 2.094009e+00 2.477935e+00 9.842201e+00 7.176132e+02 1.697346e+04 1.91037 3.557439e-02
9.980000e-01 3.623410e+00 2.094229e+00 2.477902e+00 9.843686e+00 1.010476e+03 1.693095e+04 2.01321 5.277805e-02
9.970000e-01 3.623410e+00 2.095281e+00 2.479066e+00 9.848288e+00 1.235053e+03 1.689634e+04 1.91496 6.129829e-02
9.960000e-01 3.623410e+00 2.095484e+00 2.479000e+00 9.849870e+00 1.426042e+03 1.686942e+04 1.95867 7.237893e-02
9.950000e-01 3.623410e+00 2.096532e+00 2.480120e+00 9.854473e+00 1.591298e+03 1.684286e+04 1.91798 7.900944e-02
9.940000e-01 3.623410e+00 2.096818e+00 2.480174e+00 9.856166e+00 1.746766e+03 1.682144e+04 1.94817 8.806987e-02
9.930000e-01 3.623410e+00 2.097837e+00 2.481281e+00 9.860688e+00 1.887402e+03 1.679844e+04 1.92107 9.374555e-02
9.920000e-01 3.623410e+00 2.098483e+00 2.481872e+00 9.863734e+00 2.020551e+03 1.677856e+04 1.92259 1.003767e-01
9.910000e-01 3.623410e+00 2.099160e+00 2.482513e+00 9.866826e+00 2.145680e+03 1.675981e+04 1.92414 1.066102e-01
9.900000e-01 3.623410e+00 2.099845e+00 2.483171e+00 9.869919e+00 2.264149e+03 1.674203e+04 1.92571 1.125146e-01
9.890000e-01 3.623410e+00 2.100084e+00 2.483233e+00 9.871706e+00 2.378018e+03 1.672686e+04 1.93459 1.186910e-01
9.880000e-01 3.623410e+00 2.100529e+00 2.483558e+00 9.873970e+00 2.485949e+03 1.671209e+04 1.94273 1.245474e-01
9.870000e-01 3.623410e+00 2.101931e+00 2.485214e+00 9.879221e+00 2.586370e+03 1.669351e+04 1.93047 1.285887e-01
9.860000e-01 3.623410e+00 2.102160e+00 2.485270e+00 9.880996e+00 2.685950e+03 1.668051e+04 1.93728 1.339817e-01
9.850000e-01 3.623410e+00 2.102593e+00 2.485580e+00 9.883254e+00 2.781349e+03 1.666756e+04 1.94406 1.391687e-01
9.840000e-01 3.623410e+00 2.104003e+00 2.487243e+00 9.888532e+00 2.870713e+03 1.665041e+04 1.93525 1.427974e-01
9.830000e-01 3.623410e+00 2.104237e+00 2.487307e+00 9.890330e+00 2.960962e+03 1.663881e+04 1.94099 1.476909e-01
9.820000e-01 3.623410e+00 2.104675e+00 2.487625e+00 9.892609e+00 3.047835e+03 1.662708e+04 1.94689 1.524225e-01
9.810000e-01 3.623410e+00 2.106090e+00 2.489294e+00 9.897917e+00 3.129057e+03 1.661094e+04 1.94008 1.557278e-01
9.800000e-01 3.623410e+00 2.106316e+00 2.489348e+00 9.899723e+00 3.211796e+03 1.660044e+04 1.94496 1.602133e-01
9.790000e-01 3.623410e+00 2.106746e+00 2.489652e+00 9.902010e+00 3.291702e+03 1.658969e+04 1.95015 1.645704e-01
9.780000e-01 3.623410e+00 2.108176e+00 2.491333e+00 9.907365e+00 3.366114e+03 1.657435e+04 1.94494 1.676130e-01
9.770000e-01 3.623410e+00 2.108851e+00 2.491983e+00 9.910492e+00 3.440773e+03 1.656278e+04 1.94652 1.713602e-01
9.760000e-01 3.623410e+00 2.109534e+00 2.492635e+00 9.913654e+00 3.513385e+03 1.655143e+04 1.94813 1.750079e-01
9.750000e-01 3.623410e+00 2.110260e+00 2.493342e+00 9.916919e+00 3.584555e+03 1.654012e+04 1.94981 1.785840e-01
9.740000e-01 3.623410e+00 2.110950e+00 2.493999e+00 9.920127e+00 3.654726e+03 1.652906e+04 1.95144 1.821131e-01
9.730000e-01 3.623410e+00 2.111645e+00 2.494663e+00 9.923349e+00 3.723861e+03 1.651814e+04 1.95308 1.855918e-01
9.720000e-01 3.623410e+00 2.112345e+00 2.495335e+00 9.926583e+00 3.791937e+03 1.650737e+04 1.95473 1.890186e-01
9.710000e-01 3.623410e+00 2.112530e+00 2.495323e+00 9.928393e+00 3.860573e+03 1.649901e+04 1.95825 1.927534e-01
9.700000e-01 3.623410e+00 2.112959e+00 2.495617e+00 9.930747e+00 3.927449e+03 1.649008e+04 1.96239 1.964272e-01
9.690000e-01 3.623410e+00 2.114483e+00 2.497411e+00 9.936370e+00 3.990010e+03 1.647588e+04 1.95973 1.989984e-01
9.680000e-01 3.623410e+00 2.114678e+00 2.497418e+00 9.938190e+00 4.055533e+03 1.646798e+04 1.96303 2.025695e-01
9.670000e-01 3.623410e+00 2.115103e+00 2.497711e+00 9.940539e+00 4.119196e+03 1.645951e+04 1.96686 2.060675e-01
9.660000e-01 3.623410e+00 2.116624e+00 2.499503e+00 9.946163e+00 4.178448e+03 1.644570e+04 1.96473 2.085060e-01
9.650000e-01 3.623410e+00 2.116815e+00 2.499507e+00 9.947988e+00 4.240887e+03 1.643824e+04 1.96777 2.119103e-01
9.640000e-01 3.623410e+00 2.117245e+00 2.499806e+00 9.950355e+00 4.301755e+03 1.643015e+04 1.97142 2.152633e-01
9.630000e-01 3.623410e+00 2.118776e+00 2.501612e+00 9.956017e+00 4.358442e+03 1.641662e+04 1.96977 2.176023e-01
9.620000e-01 3.623410e+00 2.118971e+00 2.501622e+00 9.957858e+00 4.418351e+03 1.640952e+04 1.97262 2.208721e-01
9.610000e-01 3.623410e+00 2.119397e+00 2.501917e+00 9.960231e+00 4.476649e+03 1.640178e+04 1.97605 2.240859e-01
9.600000e-01 3.623410e+00 2.120940e+00 2.503736e+00 9.965929e+00 4.530774e+03 1.638853e+04 1.97483 2.263256e-01
9.590000e-01 3.623410e+00 2.121127e+00 2.503736e+00 9.967777e+00 4.588309e+03 1.638177e+04 1.97749 2.294675e-01
9.580000e-01 3.623410e+00 2.121544e+00 2.504017e+00 9.970157e+00 4.644229e+03 1.637436e+04 1.98073 2.325534e-01
9.570000e-01 3.623410e+00 2.123101e+00 2.505848e+00 9.975897e+00 4.695617e+03 1.636135e+04 1.97992 2.346853e-01
9.560000e-01 3.623410e+00 2.123803e+00 2.506524e+00 9.979201e+00 4.748885e+03 1.635254e+04 1.98158 2.373895e-01
9.550000e-01 3.623410e+00 2.124519e+00 2.507215e+00 9.982550e+00 4.801649e+03 1.634372e+04 1.98328 2.400711e-01
9.540000e-01 3.623410e+00 2.125242e+00 2.507914e+00 9.985922e+00 4.854047e+03 1.633493e+04 1.98499 2.427354e-01
9.530000e-01 3.623410e+00 2.125968e+00 2.508619e+00 9.989310e+00 4.906025e+03 1.632617e+04 1.98671 2.453794e-01
9.520000e-01 3.623410e+00 2.126699e+00 2.509329e+00 9.992707e+00 4.957515e+03 1.631747e+04 1.98844 2.479999e-01
9.510000e-01 3.623410e+00 2.127432e+00 2.510044e+00 9.996113e+00 5.008519e+03 1.630883e+04 1.99017 2.505967e-01
9.500000e-01 3.623410e+00 2.128168e+00 2.510764e+00 9.999527e+00 5.059046e+03 1.630025e+04 1.99191 2.531705e-01
9.490000e-01 3.623410e+00 2.128906e+00 2.511488e+00 1.000295e+01 5.109074e+03 1.629173e+04 1.99365 2.557201e-01
9.480000e-01 3.623410e+00 2.129646e+00 2.512215e+00 1.000637e+01 5.158559e+03 1.628328e+04 1.99539 2.582433e-01
9.470000e-01 3.623410e+00 2.130386e+00 2.512942e+00 1.000980e+01 5.207472e+03 1.627489e+04 1.99714 2.607387e-01
9.460000e-01 3.623410e+00 2.131127e+00 2.513670e+00 1.001324e+01 5.255900e+03 1.626656e+04 1.99889 2.632109e-01
9.450000e-01 3.623410e+00 2.131870e+00 2.514401e+00 1.001669e+01 5.303944e+03 1.625826e+04 2.00064 2.656648e-01
9.440000e-01 3.623410e+00 2.132617e+00 2.515136e+00 1.002015e+01 5.351587e+03 1.625001e+04 2.0024 2.680995e-01
9.430000e-01 3.623410e+00 2.133365e+00 2.515874e+00 1.002362e+01 5.398776e+03 1.624179e+04 2.00417 2.705123e-01
9.420000e-01 3.623410e+00 2.134113e+00 2.516613e+00 1.002710e+01 5.445458e+03 1.623363e+04 2.00594 2.729005e-01
9.410000e-01 3.623410e+00 2.134862e+00 2.517352e+00 1.003058e+01 5.491687e+03 1.622552e+04 2.00771 2.752670e-01
9.400000e-01 3.623410e+00 2.135612e+00 2.518091e+00 1.003407e+01 5.537467e+03 1.621746e+04 2.00948 2.776120e-01
9.390000e-01 3.623410e+00 2.136362e+00 2.518829e+00 1.003756e+01 5.582711e+03 1.620945e+04 2.01126 2.799310e-01
9.380000e-01 3.623410e+00 2.137109e+00 2.519563e+00 1.004105e+01 5.627364e+03 1.620150e+04 2.01303 2.822214e-01
9.370000e-01 3.623410e+00 2.137853e+00 2.520291e+00 1.004455e+01 5.671457e+03 1.619361e+04 2.01481 2.844849e-01
9.360000e-01 3.623410e+00 2.138598e+00 2.521018e+00 1.004806e+01 5.715226e+03 1.618575e+04 2.01658 2.867335e-01
9.350000e-01 3.623410e+00 2.139347e+00 2.521749e+00 1.005159e+01 5.758805e+03 1.617790e+04 2.01837 2.889735e-01
9.340000e-01 3.623410e+00 2.140100e+00 2.522486e+00 1.005514e+01 5.802178e+03 1.617005e+04 2.02017 2.912041e-01
9.330000e-01 3.623410e+00 2.140857e+00 2.523228e+00 1.005870e+01 5.845288e+03 1.616223e+04 2.02197 2.934221e-01
9.320000e-01 3.623410e+00 2.141617e+00 2.523974e+00 1.006227e+01 5.888108e+03 1.615444e+04 2.02378 2.956263e-01
9.310000e-01 3.623410e+00 2.142379e+00 2.524725e+00 1.006585e+01 5.930640e+03 1.614667e+04 2.0256 2.978167e-01
9.300000e-01 3.623410e+00 2.143144e+00 2.525479e+00 1.006944e+01 5.972863e+03 1.613893e+04 2.02741 2.999922e-01
9.290000e-01 3.623410e+00 2.143910e+00 2.526236e+00 1.007304e+01 6.014739e+03 1.613124e+04 2.02924 3.021510e-01
9.280000e-01 3.623410e+00 2.144676e+00 2.526993e+00 1.007664e+01 6.056240e+03 1.612358e+04 2.03106 3.042917e-01
9.270000e-01 3.623410e+00 2.145443e+00 2.527752e+00 1.008025e+01 6.097420e+03 1.611595e+04 2.03289 3.064172e-01
9.260000e-01 3.623410e+00 2.146213e+00 2.528513e+00 1.008387e+01 6.138364e+03 1.610834e+04 2.03472 3.085317e-01
9.250000e-01 3.623410e+00 2.146985e+00 2.529278e+00 1.008751e+01 6.179071e+03 1.610074e+04 2.03656 3.106351e-01
9.240000e-01 3.623410e+00 2.147760e+00 2.530046e+00 1.009115e+01 6.219500e+03 1.609317e+04 2.03841 3.127253e-01
9.230000e-01 3.623410e+00 2.148536e+00 2.530815e+00 1.009481e+01 6.259605e+03 1.608562e+04 2.04026 3.148000e-01
9.220000e-01 3.623410e+00 2.149312e+00 2.531585e+00 1.009847e+01 6.299420e+03 1.607809e+04 2.04211 3.168610e-01
9.210000e-01 3.623410e+00 2.150090e+00 2.532357e+00 1.010214e+01 6.338933e+03 1.607059e+04 2.04397 3.189077e-01
9.200000e-01 3.623410e+00 2.150867e+00 2.533127e+00 1.010582e+01 6.378072e+03 1.606311e+04 2.04583 3.209364e-01
9.190000e-01 3.623410e+00 2.151643e+00 2.533893e+00 1.010950e+01 6.416785e+03 1.605568e+04 2.04769 3.229446e-01
9.180000e-01 3.623410e+00 2.152416e+00 2.534656e+00 1.011318e+01 6.455104e+03 1.604827e+04 2.04954 3.249341e-01
9.170000e-01 3.623410e+00 2.153191e+00 2.535418e+00 1.011687e+01 6.493215e+03 1.604088e+04 2.05141 3.269144e-01
9.160000e-01 3.623410e+00 2.153969e+00 2.536184e+00 1.012059e+01 6.531205e+03 1.603348e+04 2.05328 3.288894e-01
9.150000e-01 3.623410e+00 2.154795e+00 2.537014e+00 1.012440e+01 6.569009e+03 1.602595e+04 2.05522 3.308512e-01
9.140000e-01 3.623410e+00 2.155581e+00 2.537792e+00 1.012815e+01 6.606674e+03 1.601855e+04 2.0571 3.328111e-01
9.130000e-01 3.623410e+00 2.156369e+00 2.538572e+00 1.013191e+01 6.644125e+03 1.601116e+04 2.059 3.347610e-01
9.120000e-01 3.623410e+00 2.157160e+00 2.539356e+00 1.013568e+01 6.681367e+03 1.600379e+04 2.0609 3.367010e-01
9.110000e-01 3.623410e+00 2.157952e+00 2.540143e+00 1.013945e+01 6.718367e+03 1.599644e+04 2.0628 3.386294e-01
9.100000e-01 3.623410e+00 2.158745e+00 2.540932e+00 1.014323e+01 6.755093e+03 1.598912e+04 2.06471 3.405446e-01
9.090000e-01 3.623410e+00 2.159538e+00 2.541720e+00 1.014702e+01 6.791531e+03 1.598181e+04 2.06661 3.424461e-01
9.080000e-01 3.623410e+00 2.160332e+00 2.542510e+00 1.015081e+01 6.827746e+03 1.597453e+04 2.06852 3.443371e-01
9.070000e-01 3.623410e+00 2.161129e+00 2.543304e+00 1.015462e+01 6.863791e+03 1.596725e+04 2.07044 3.462203e-01
9.060000e-01 3.623410e+00 2.161928e+00 2.544100e+00 1.015844e+01 6.899655e+03 1.595998e+04 2.07236 3.480951e-01
9.050000e-01 3.623410e+00 2.162728e+00 2.544899e+00 1.016227e+01 6.935302e+03 1.595272e+04 2.07429 3.499598e-01
9.040000e-01 3.623410e+00 2.163530e+00 2.545699e+00 1.016611e+01 6.970716e+03 1.594548e+04 2.07622 3.518134e-01
9.030000e-01 3.623410e+00 2.164333e+00 2.546500e+00 1.016996e+01 7.005922e+03 1.593825e+04 2.07816 3.536574e-01
9.020000e-01 3.623410e+00 2.165137e+00 2.547302e+00 1.017382e+01 7.040879e+03 1.593103e+04 2.0801 3.554896e-01
9.010000e-01 3.623410e+00 2.165939e+00 2.548102e+00 1.017768e+01 7.075534e+03 1.592383e+04 2.08204 3.573074e-01
9.000000e-01 3.623410e+00 2.166740e+00 2.548898e+00 1.018154e+01 7.109856e+03 1.591666e+04 2.08397 3.591094e-01
8.990000e-01 3.623410e+00 2.167541e+00 2.549693e+00 1.018542e+01 7.143944e+03 1.590950e+04 2.08592 3.609006e-01
8.980000e-01 3.623410e+00 2.168344e+00 2.550490e+00 1.018931e+01 7.177929e+03 1.590233e+04 2.08787 3.626877e-01
8.970000e-01 3.623410e+00 2.169151e+00 2.551292e+00 1.019323e+01 7.211835e+03 1.589515e+04 2.08983 3.644716e-01
8.960000e-01 3.623410e+00 2.169962e+00 2.552098e+00 1.019716e+01 7.245631e+03 1.588797e+04 2.0918 3.662507e-01
8.950000e-01 3.623410e+00 2.170776e+00 2.552909e+00 1.020111e+01 7.279280e+03 1.588078e+04 2.09377 3.680230e-01
8.940000e-01 3.623410e+00 2.171592e+00 2.553724e+00 1.020506e+01 7.312777e+03 1.587360e+04 2.09575 3.697882e-01
8.930000e-01 3.623410e+00 2.172410e+00 2.554542e+00 1.020903e+01 7.346106e+03 1.586642e+04 2.09774 3.715455e-01
8.920000e-01 3.623410e+00 2.173230e+00 2.555362e+00 1.021301e+01 7.379228e+03 1.585926e+04 2.09973 3.732929e-01
8.910000e-01 3.623410e+00 2.174050e+00 2.556182e+00 1.021699e+01 7.412116e+03 1.585211e+04 2.10172 3.750291e-01
8.900000e-01 3.623410e+00 2.174870e+00 2.557003e+00 1.022098e+01 7.444799e+03 1.584497e+04 2.10371 3.767556e-01
8.890000e-01 3.623410e+00 2.175692e+00 2.557827e+00 1.022498e+01 7.477337e+03 1.583784e+04 2.10571 3.784756e-01
8.880000e-01 3.623410e+00 2.176516e+00 2.558653e+00 1.022899e+01 7.509732e+03 1.583071e+04 2.10771 3.801890e-01
8.870000e-01 3.623410e+00 2.177342e+00 2.559482e+00 1.023302e+01 7.541958e+03 1.582358e+04 2.10972 3.818946e-01
8.860000e-01 3.623410e+00 2.178170e+00 2.560313e+00 1.023705e+01 7.574001e+03 1.581646e+04 2.11174 3.835916e-01
8.850000e-01 3.623410e+00 2.178998e+00 2.561145e+00 1.024110e+01 7.605870e+03 1.580934e+04 2.11375 3.852806e-01
8.840000e-01 3.623410e+00 2.179827e+00 2.561977e+00 1.024515e+01 7.637546e+03 1.580223e+04 2.11578 3.869606e-01
8.830000e-01 3.623410e+00 2.180656e+00 2.562808e+00 1.024921e+01 7.668977e+03 1.579513e+04 2.1178 3.886289e-01
8.820000e-01 3.623410e+00 2.181482e+00 2.563636e+00 1.025327e+01 7.700134e+03 1.578805e+04 2.11982 3.902842e-01
8.810000e-01 3.623410e+00 2.182309e+00 2.564462e+00 1.025734e+01 7.731075e+03 1.578098e+04 2.12184 3.919296e-01
8.800000e-01 3.623410e+00 2.183137e+00 2.565289e+00 1.026143e+01 7.761931e+03 1.577390e+04 2.12387 3.935717e-01
8.790000e-01 3.623410e+00 2.183969e+00 2.566122e+00 1.026554e+01 7.792724e+03 1.576680e+04 2.12592 3.952116e-01
8.780000e-01 3.623410e+00 2.184804e+00 2.566959e+00 1.026968e+01 7.823440e+03 1.575968e+04 2.12797 3.968482e-01
8.770000e-01 3.623410e+00 2.185643e+00 2.567800e+00 1.027382e+01 7.854045e+03 1.575256e+04 2.13002 3.984798e-01
8.760000e-01 3.623410e+00 2.186484e+00 2.568645e+00 1.027798e+01 7.884535e+03 1.574544e+04 2.13209 4.001061e-01
8.750000e-01 3.623410e+00 2.187328e+00 2.569493e+00 1.028215e+01 7.914899e+03 1.573831e+04 2.13415 4.017267e-01
8.740000e-01 3.623410e+00 2.188173e+00 2.570343e+00 1.028634e+01 7.945091e+03 1.573119e+04 2.13623 4.033390e-01
8.730000e-01 3.623410e+00 2.189018e+00 2.571194e+00 1.029052e+01 7.975096e+03 1.572407e+04 2.1383 4.049425e-01
8.720000e-01 3.623410e+00 2.189864e+00 2.572046e+00 1.029472e+01 8.004926e+03 1.571696e+04 2.14038 4.065378e-01
8.710000e-01 3.623410e+00 2.190711e+00 2.572900e+00 1.029893e+01 8.034641e+03 1.570985e+04 2.14246 4.081279e-01
8.700000e-01 3.623410e+00 2.191560e+00 2.573757e+00 1.030315e+01 8.064230e+03 1.570273e+04 2.14455 4.097124e-01
8.690000e-01 3.623410e+00 2.192412e+00 2.574616e+00 1.030739e+01 8.093679e+03 1.569562e+04 2.14664 4.112903e-01
8.680000e-01 3.623410e+00 2.193264e+00 2.575476e+00 1.031163e+01 8.122974e+03 1.568850e+04 2.14874 4.128612e-01
8.670000e-01 3.623410e+00 2.194117e+00 2.576338e+00 1.031589e+01 8.152118e+03 1.568138e+04 2.15084 4.144250e-01
8.660000e-01 3.623410e+00 2.194970e+00 2.577200e+00 1.032015e+01 8.181090e+03 1.567426e+04 2.15294 4.159809e-01
8.650000e-01 3.623410e+00 2.195823e+00 2.578060e+00 1.032442e+01 8.209844e+03 1.566716e+04 2.15505 4.175264e-01
8.640000e-01 3.623410e+00 2.196674e+00 2.578917e+00 1.032870e+01 8.238363e+03 1.566006e+04 2.15715 4.190608e-01
8.630000e-01 3.623410e+00 2.197525e+00 2.579773e+00 1.033298e+01 8.266717e+03 1.565296e+04 2.15926 4.205878e-01
8.620000e-01 3.623410e+00 2.198422e+00 2.580690e+00 1.033737e+01 8.294967e+03 1.564572e+04 2.16142 4.221040e-01
8.610000e-01 3.623410e+00 2.199280e+00 2.581555e+00 1.034170e+01 8.323204e+03 1.563858e+04 2.16355 4.236266e-01
8.600000e-01 3.623410e+00 2.200140e+00 2.582422e+00 1.034605e+01 8.351373e+03 1.563143e+04 2.16568 4.251466e-01
8.590000e-01 3.623410e+00 2.201004e+00 2.583294e+00 1.035041e+01 8.379444e+03 1.562426e+04 2.16782 4.266622e-01
8.580000e-01 3.623410e+00 2.201869e+00 2.584169e+00 1.035479e+01 8.407426e+03 1.561709e+04 2.16997 4.281739e-01
8.570000e-01 3.623410e+00 2.202737e+00 2.585047e+00 1.035918e+01 8.435292e+03 1.560991e+04 2.17212 4.296803e-01
8.560000e-01 3.623410e+00 2.203606e+00 2.585926e+00 1.036358e+01 8.463008e+03 1.560273e+04 2.17427 4.311795e-01
8.550000e-01 3.623410e+00 2.204475e+00 2.586806e+00 1.036799e+01 8.490561e+03 1.559556e+04 2.17643 4.326711e-01
8.540000e-01 3.623410e+00 2.205345e+00 2.587688e+00 1.037241e+01 8.517987e+03 1.558838e+04 2.17859 4.341569e-01
8.530000e-01 3.623410e+00 2.206217e+00 2.588571e+00 1.037684e+01 8.545313e+03 1.558118e+04 2.18076 4.356382e-01
8.520000e-01 3.623410e+00 2.207091e+00 2.589458e+00 1.038129e+01 8.572529e+03 1.557399e+04 2.18293 4.371146e-01
8.510000e-01 3.623410e+00 2.207966e+00 2.590346e+00 1.038575e+01 8.599617e+03 1.556678e+04 2.1851 4.385851e-01
8.500000e-01 3.623410e+00 2.208842e+00 2.591236e+00 1.039022e+01 8.626566e+03 1.555958e+04 2.18728 4.400492e-01
8.490000e-01 3.623410e+00 2.209719e+00 2.592126e+00 1.039470e+01 8.653379e+03 1.555236e+04 2.18947 4.415070e-01
8.480000e-01 3.623410e+00 2.210595e+00 2.593016e+00 1.039919e+01 8.680020e+03 1.554515e+04 2.19165 4.429567e-01
8.470000e-01 3.623410e+00 2.211470e+00 2.593903e+00 1.040369e+01 8.706452e+03 1.553795e+04 2.19384 4.443965e-01
8.460000e-01 3.623410e+00 2.212344e+00 2.594787e+00 1.040819e+01 8.732694e+03 1.553075e+04 2.19602 4.458276e-01
8.450000e-01 3.623410e+00 2.213218e+00 2.595673e+00 1.041271e+01 8.758851e+03 1.552353e+04 2.19821 4.472553e-01
8.440000e-01 3.623410e+00 2.214096e+00 2.596562e+00 1.041725e+01 8.784957e+03 1.551630e+04 2.20041 4.486813e-01
8.430000e-01 3.623410e+00 2.214978e+00 2.597455e+00 1.042181e+01 8.811012e+03 1.550904e+04 2.20262 4.501053e-01
8.420000e-01 3.623410e+00 2.215862e+00 2.598352e+00 1.042639e+01 8.836985e+03 1.550176e+04 2.20484 4.515258e-01
8.410000e-01 3.623410e+00 2.216749e+00 2.599253e+00 1.043099e+01 8.862881e+03 1.549447e+04 2.20706 4.529429e-01
8.400000e-01 3.623410e+00 2.217638e+00 2.600157e+00 1.043560e+01 8.888692e+03 1.548716e+04 2.20929 4.543563e-01
8.390000e-01 3.623410e+00 2.218528e+00 2.601063e+00 1.044022e+01 8.914374e+03 1.547985e+04 2.21152 4.557637e-01
8.380000e-01 3.623410e+00 2.219419e+00 2.601970e+00 1.044486e+01 8.939924e+03 1.547253e+04 2.21376 4.571648e-01
8.370000e-01 3.623410e+00 2.220310e+00 2.602877e+00 1.044950e+01 8.965339e+03 1.546521e+04 2.216 4.585597e-01
8.360000e-01 3.623410e+00 2.221203e+00 2.603788e+00 1.045417e+01 8.990676e+03 1.545788e+04 2.21824 4.599512e-01
8.350000e-01 3.623410e+00 2.222098e+00 2.604700e+00 1.045884e+01 9.015906e+03 1.545053e+04 2.22049 4.613380e-01
8.340000e-01 3.623410e+00 2.222994e+00 2.605615e+00 1.046353e+01 9.041040e+03 1.544317e+04 2.22274 4.627204e-01
8.330000e-01 3.623410e+00 2.223891e+00 2.606531e+00 1.046823e+01 9.066040e+03 1.543581e+04 2.225 4.640967e-01
8.320000e-01 3.623410e+00 2.224789e+00 2.607447e+00 1.047295e+01 9.090918e+03 1.542843e+04 2.22726 4.654673e-01
8.310000e-01 3.623410e+00 2.225687e+00 2.608364e+00 1.047767e+01 9.115654e+03 1.542106e+04 2.22953 4.668313e-01
8.300000e-01 3.623410e+00 2.226582e+00 2.609277e+00 1.048240e+01 9.140188e+03 1.541368e+04 2.23179 4.681858e-01
8.290000e-01 3.623410e+00 2.227477e+00 2.610189e+00 1.048714e+01 9.164563e+03 1.540631e+04 2.23405 4.695328e-01
8.280000e-01 3.623410e+00 2.228372e+00 2.611099e+00 1.049189e+01 9.188827e+03 1.539892e+04 2.23632 4.708753e-01
8.270000e-01 3.623410e+00 2.229271e+00 2.612014e+00 1.049666e+01 9.213061e+03 1.539151e+04 2.2386 4.722170e-01
8.260000e-01 3.623410e+00 2.230172e+00 2.612933e+00 1.050146e+01 9.237232e+03 1.538407e+04 2.24088 4.735562e-01
8.250000e-01 3.623410e+00 2.231075e+00 2.613855e+00 1.050627e+01 9.261338e+03 1.537661e+04 2.24317 4.748927e-01
8.240000e-01 3.623410e+00 2.231982e+00 2.614781e+00 1.051111e+01 9.285374e+03 1.536913e+04 2.24547 4.762262e-01
8.230000e-01 3.623410e+00 2.232890e+00 2.615709e+00 1.051596e+01 9.309330e+03 1.536163e+04 2.24778 4.775562e-01
8.220000e-01 3.623410e+00 2.233800e+00 2.616640e+00 1.052083e+01 9.333177e+03 1.535412e+04 2.25009 4.788810e-01
8.210000e-01 3.623410e+00 2.234710e+00 2.617572e+00 1.052570e+01 9.356900e+03 1.534660e+04 2.2524 4.802001e-01
8.200000e-01 3.623410e+00 2.235621e+00 2.618504e+00 1.053059e+01 9.380512e+03 1.533907e+04 2.25471 4.815141e-01
8.190000e-01 3.623410e+00 2.236533e+00 2.619438e+00 1.053550e+01 9.404041e+03 1.533153e+04 2.25703 4.828245e-01
8.180000e-01 3.623410e+00 2.237447e+00 2.620375e+00 1.054042e+01 9.427488e+03 1.532397e+04 2.25936 4.841312e-01
8.170000e-01 3.623410e+00 2.238405e+00 2.621374e+00 1.054544e+01 9.450791e+03 1.531626e+04 2.26174 4.854232e-01
8.160000e-01 3.623410e+00 2.239322e+00 2.622314e+00 1.055040e+01 9.474021e+03 1.530866e+04 2.26407 4.867197e-01
8.150000e-01 3.623410e+00 2.240238e+00 2.623255e+00 1.055536e+01 9.497134e+03 1.530106e+04 2.26641 4.880111e-01
8.140000e-01 3.623410e+00 2.241154e+00 2.624195e+00 1.056033e+01 9.520107e+03 1.529346e+04 2.26875 4.892958e-01
8.130000e-01 3.623410e+00 2.242068e+00 2.625131e+00 1.056531e+01 9.542902e+03 1.528585e+04 2.27108 4.905722e-01
8.120000e-01 3.623410e+00 2.242981e+00 2.626065e+00 1.057030e+01 9.565543e+03 1.527824e+04 2.27342 4.918414e-01
8.110000e-01 3.623410e+00 2.243895e+00 2.627001e+00 1.057530e+01 9.588112e+03 1.527060e+04 2.27576 4.931080e-01
8.100000e-01 3.623410e+00 2.244811e+00 2.627939e+00 1.058033e+01 9.610640e+03 1.526294e+04 2.27811 4.943732e-01
8.090000e-01 3.623410e+00 2.245730e+00 2.628881e+00 1.058538e+01 9.633106e+03 1.525525e+04 2.28047 4.956357e-01
8.080000e-01 3.623410e+00 2.246652e+00 2.629827e+00 1.059045e+01 9.655514e+03 1.524753e+04 2.28283 4.968959e-01
8.070000e-01 3.623410e+00 2.247576e+00 2.630775e+00 1.059554e+01 9.677850e+03 1.523979e+04 2.28521 4.981530e-01
8.060000e-01 3.623410e+00 2.248502e+00 2.631726e+00 1.060065e+01 9.700110e+03 1.523203e+04 2.28758 4.994067e-01
8.050000e-01 3.623410e+00 2.249428e+00 2.632679e+00 1.060578e+01 9.722260e+03 1.522426e+04 2.28996 5.006552e-01
8.040000e-01 3.623410e+00 2.250355e+00 2.633632e+00 1.061091e+01 9.744299e+03 1.521647e+04 2.29235 5.018986e-01
8.030000e-01 3.623410e+00 2.251282e+00 2.634586e+00 1.061607e+01 9.766248e+03 1.520867e+04 2.29473 5.031379e-01
8.020000e-01 3.623410e+00 2.252211e+00 2.635542e+00 1.062124e+01 9.788120e+03 1.520084e+04 2.29712 5.043739e-01
8.010000e-01 3.623410e+00 2.253142e+00 2.636501e+00 1.062642e+01 9.809913e+03 1.519300e+04 2.29952 5.056064e-01
8.000000e-01 3.623410e+00 2.254073e+00 2.637461e+00 1.063163e+01 9.831605e+03 1.518514e+04 2.30192 5.068342e-01
7.990000e-01 3.623410e+00 2.255004e+00 2.638421e+00 1.063684e+01 9.853181e+03 1.517726e+04 2.30432 5.080567e-01
7.980000e-01 3.623410e+00 2.255936e+00 2.639382e+00 1.064207e+01 9.874650e+03 1.516937e+04 2.30673 5.092741e-01
7.970000e-01 3.623410e+00 2.256866e+00 2.640340e+00 1.064731e+01 9.895963e+03 1.516147e+04 2.30913 5.104842e-01
7.960000e-01 3.623410e+00 2.257794e+00 2.641295e+00 1.065255e+01 9.917115e+03 1.515357e+04 2.31153 5.116868e-01
7.950000e-01 3.623410e+00 2.258722e+00 2.642249e+00 1.065781e+01 9.938157e+03 1.514565e+04 2.31394 5.128844e-01
7.940000e-01 3.623410e+00 2.259651e+00 2.643205e+00 1.066309e+01 9.959151e+03 1.513771e+04 2.31635 5.140805e-01
7.930000e-01 3.623410e+00 2.260583e+00 2.644164e+00 1.066839e+01 9.980092e+03 1.512973e+04 2.31877 5.152746e-01
7.920000e-01 3.623410e+00 2.261517e+00 2.645127e+00 1.067372e+01 1.000098e+04 1.512172e+04 2.3212 5.164662e-01
7.910000e-01 3.623410e+00 2.261606e+00 2.645057e+00 1.067638e+01 1.002581e+04 1.511864e+04 2.32277 5.180580e-01
7.900000e-01 3.623410e+00 2.263409e+00 2.647083e+00 1.068447e+01 1.004251e+04 1.510558e+04 2.3261 5.188382e-01
7.890000e-01 3.623410e+00 2.264330e+00 2.648030e+00 1.068983e+01 1.006321e+04 1.509753e+04 2.32851 5.200228e-01
7.880000e-01 3.623410e+00 2.264407e+00 2.647949e+00 1.069251e+01 1.008783e+04 1.509445e+04 2.33005 5.216053e-01
7.870000e-01 3.623410e+00 2.266227e+00 2.649994e+00 1.070068e+01 1.010419e+04 1.508128e+04 2.33343 5.223689e-01
7.860000e-01 3.623410e+00 2.266285e+00 2.649892e+00 1.070335e+01 1.012870e+04 1.507822e+04 2.33494 5.239476e-01
7.850000e-01 3.623410e+00 2.268109e+00 2.651942e+00 1.071157e+01 1.014489e+04 1.506497e+04 2.33834 5.247044e-01
7.840000e-01 3.623410e+00 2.268159e+00 2.651832e+00 1.071425e+01 1.016928e+04 1.506191e+04 2.33983 5.262781e-01
7.830000e-01 3.623410e+00 2.269995e+00 2.653894e+00 1.072253e+01 1.018523e+04 1.504857e+04 2.34327 5.270233e-01
7.820000e-01 3.623410e+00 2.270032e+00 2.653771e+00 1.072522e+01 1.020945e+04 1.504552e+04 2.34473 5.285891e-01
7.810000e-01 3.623410e+00 2.271880e+00 2.655846e+00 1.073355e+01 1.022512e+04 1.503211e+04 2.3482 5.293211e-01
7.800000e-01 3.623410e+00 2.271894e+00 2.655693e+00 1.073622e+01 1.024910e+04 1.502908e+04 2.34961 5.308744e-01
7.790000e-01 3.623410e+00 2.273758e+00 2.657788e+00 1.074460e+01 1.026444e+04 1.501561e+04 2.35312 5.315922e-01
7.780000e-01 3.623410e+00 2.273761e+00 2.657623e+00 1.074728e+01 1.028828e+04 1.501259e+04 2.35452 5.331411e-01
7.770000e-01 3.623410e+00 2.275639e+00 2.659733e+00 1.075574e+01 1.030348e+04 1.499900e+04 2.35807 5.338522e-01
7.760000e-01 3.623410e+00 2.275640e+00 2.659567e+00 1.075844e+01 1.032724e+04 1.499596e+04 2.35947 5.354002e-01
7.750000e-01 3.623410e+00 2.277528e+00 2.661690e+00 1.076698e+01 1.034229e+04 1.498226e+04 2.36304 5.361029e-01
7.740000e-01 3.623410e+00 2.277525e+00 2.661522e+00 1.076970e+01 1.036595e+04 1.497921e+04 2.36444 5.376485e-01
7.730000e-01 3.623410e+00 2.279424e+00 2.663657e+00 1.077830e+01 1.038082e+04 1.496540e+04 2.36804 5.383412e-01
7.720000e-01 3.623410e+00 2.279408e+00 2.663475e+00 1.078103e+01 1.040434e+04 1.496235e+04 2.36941 5.398805e-01
7.710000e-01 3.623410e+00 2.281319e+00 2.665626e+00 1.078970e+01 1.041897e+04 1.494846e+04 2.37304 5.405616e-01
7.700000e-01 3.623410e+00 2.281294e+00 2.665436e+00 1.079243e+01 1.044236e+04 1.494541e+04 2.3744 5.420966e-01
7.690000e-01 3.623410e+00 2.283219e+00 2.667601e+00 1.080117e+01 1.045682e+04 1.493141e+04 2.37806 5.427690e-01
7.680000e-01 3.623410e+00 2.283184e+00 2.667401e+00 1.080392e+01 1.048009e+04 1.492835e+04 2.3794 5.442998e-01
7.670000e-01 3.623410e+00 2.285161e+00 2.669639e+00 1.081282e+01 1.049428e+04 1.491413e+04 2.38314 5.449485e-01
7.660000e-01 3.623410e+00 2.285088e+00 2.669389e+00 1.081552e+01 1.051741e+04 1.491115e+04 2.38442 5.464787e-01
7.650000e-01 3.623410e+00 2.287061e+00 2.671617e+00 1.082443e+01 1.053133e+04 1.489690e+04 2.38818 5.471189e-01
7.640000e-01 3.623410e+00 2.286961e+00 2.671336e+00 1.082711e+01 1.055424e+04 1.489395e+04 2.3894 5.486380e-01
7.630000e-01 3.623410e+00 2.288953e+00 2.673584e+00 1.083608e+01 1.056785e+04 1.487963e+04 2.39321 5.492640e-01
7.620000e-01 3.623410e+00 2.288841e+00 2.673289e+00 1.083878e+01 1.059063e+04 1.487667e+04 2.39442 5.507801e-01
7.610000e-01 3.623410e+00 2.290847e+00 2.675554e+00 1.084783e+01 1.060409e+04 1.486223e+04 2.39826 5.513983e-01
7.600000e-01 3.623410e+00 2.290732e+00 2.675257e+00 1.085055e+01 1.062680e+04 1.485925e+04 2.39947 5.529137e-01
7.590000e-01 3.623410e+00 2.292748e+00 2.677534e+00 1.085969e+01 1.064011e+04 1.484468e+04 2.40334 5.535228e-01
7.580000e-01 3.623410e+00 2.292623e+00 2.677228e+00 1.086242e+01 1.066272e+04 1.484169e+04 2.40454 5.550365e-01
7.570000e-01 3.623410e+00 2.294653e+00 2.679522e+00 1.087163e+01 1.067584e+04 1.482700e+04 2.40843 5.556343e-01
7.560000e-01 3.623410e+00 2.294514e+00 2.679201e+00 1.087437e+01 1.069830e+04 1.482401e+04 2.4096 5.571424e-01
7.550000e-01 3.623410e+00 2.296557e+00 2.681509e+00 1.088365e+01 1.071119e+04 1.480922e+04 2.41353 5.577284e-01
7.540000e-01 3.623410e+00 2.296407e+00 2.681178e+00 1.088640e+01 1.073355e+04 1.480623e+04 2.41469 5.592337e-01
7.530000e-01 3.623410e+00 2.298464e+00 2.683504e+00 1.089577e+01 1.074626e+04 1.479131e+04 2.41864 5.598101e-01
7.520000e-01 3.623410e+00 2.298299e+00 2.683156e+00 1.089852e+01 1.076850e+04 1.478831e+04 2.41977 5.613115e-01
7.510000e-01 3.623410e+00 2.300370e+00 2.685498e+00 1.090796e+01 1.078097e+04 1.477329e+04 2.42376 5.618747e-01
7.500000e-01 3.623410e+00 2.300188e+00 2.685131e+00 1.091072e+01 1.080305e+04 1.477030e+04 2.42486 5.633696e-01
7.490000e-01 3.623410e+00 2.302272e+00 2.687488e+00 1.092021e+01 1.081524e+04 1.475519e+04 2.42888 5.639181e-01
7.480000e-01 3.623410e+00 2.302059e+00 2.687084e+00 1.092295e+01 1.083709e+04 1.475222e+04 2.42991 5.654027e-01
7.470000e-01 3.623410e+00 2.304165e+00 2.689465e+00 1.093252e+01 1.084900e+04 1.473701e+04 2.43399 5.659382e-01
7.460000e-01 3.623410e+00 2.303944e+00 2.689054e+00 1.093527e+01 1.087076e+04 1.473403e+04 2.43502 5.674220e-01
7.450000e-01 3.623410e+00 2.306061e+00 2.691447e+00 1.094493e+01 1.088253e+04 1.471868e+04 2.43912 5.679484e-01
7.440000e-01 3.623410e+00 2.305829e+00 2.691024e+00 1.094770e+01 1.090421e+04 1.471569e+04 2.44014 5.694321e-01
7.430000e-01 3.623410e+00 2.307960e+00 2.693437e+00 1.095745e+01 1.091581e+04 1.470019e+04 2.44427 5.699480e-01
7.420000e-01 3.623410e+00 2.307718e+00 2.693004e+00 1.096024e+01 1.093739e+04 1.469718e+04 2.44527 5.714293e-01
7.410000e-01 3.623410e+00 2.309861e+00 2.695429e+00 1.097007e+01 1.094878e+04 1.468155e+04 2.44942 5.719328e-01
7.400000e-01 3.623410e+00 2.309598e+00 2.694973e+00 1.097285e+01 1.097022e+04 1.467854e+04 2.45039 5.734092e-01
7.390000e-01 3.623410e+00 2.311798e+00 2.697476e+00 1.098286e+01 1.098136e+04 1.466266e+04 2.45462 5.738887e-01
7.380000e-01 3.623410e+00 2.311503e+00 2.696980e+00 1.098561e+01 1.100274e+04 1.465970e+04 2.45555 5.753704e-01
7.370000e-01 3.623410e+00 2.313698e+00 2.699472e+00 1.099566e+01 1.101370e+04 1.464374e+04 2.45979 5.758435e-01
7.360000e-01 3.623410e+00 2.313383e+00 2.698953e+00 1.099841e+01 1.103494e+04 1.464078e+04 2.46068 5.773207e-01
7.350000e-01 3.623410e+00 2.315594e+00 2.701465e+00 1.100854e+01 1.104566e+04 1.462470e+04 2.46495 5.777799e-01
7.340000e-01 3.623410e+00 2.315255e+00 2.700916e+00 1.101128e+01 1.106673e+04 1.462175e+04 2.4658 5.792502e-01
7.330000e-01 3.623410e+00 2.317481e+00 2.703445e+00 1.102147e+01 1.107714e+04 1.460557e+04 2.4701 5.796928e-01
7.320000e-01 3.623410e+00 2.317112e+00 2.702861e+00 1.102420e+01 1.109803e+04 1.460264e+04 2.47089 5.811558e-01
7.310000e-01 3.623410e+00 2.319360e+00 2.705415e+00 1.103448e+01 1.110822e+04 1.458632e+04 2.47525 5.815867e-01
7.300000e-01 3.623410e+00 2.318982e+00 2.704823e+00 1.103723e+01 1.112903e+04 1.458337e+04 2.47603 5.830507e-01
7.290000e-01 3.623410e+00 2.321242e+00 2.707391e+00 1.104762e+01 1.113907e+04 1.456689e+04 2.48041 5.834708e-01
7.280000e-01 3.623410e+00 2.320850e+00 2.706784e+00 1.105037e+01 1.115980e+04 1.456392e+04 2.48118 5.849348e-01
7.270000e-01 3.623410e+00 2.323124e+00 2.709369e+00 1.106086e+01 1.116965e+04 1.454728e+04 2.48558 5.853422e-01
7.260000e-01 3.623410e+00 2.322713e+00 2.708743e+00 1.106363e+01 1.119026e+04 1.454429e+04 2.48631 5.868032e-01
7.250000e-01 3.623410e+00 2.325003e+00 2.711348e+00 1.107420e+01 1.119988e+04 1.452752e+04 2.49075 5.871968e-01
7.240000e-01 3.623410e+00 2.324573e+00 2.710700e+00 1.107697e+01 1.122038e+04 1.452453e+04 2.49145 5.886550e-01
7.230000e-01 3.623410e+00 2.326880e+00 2.713325e+00 1.108764e+01 1.122981e+04 1.450760e+04 2.49592 5.890367e-01
7.220000e-01 3.623410e+00 2.326431e+00 2.712656e+00 1.109042e+01 1.125021e+04 1.450460e+04 2.49659 5.904935e-01
7.210000e-01 3.623410e+00 2.328754e+00 2.715300e+00 1.110118e+01 1.125942e+04 1.448752e+04 2.50109 5.908606e-01
7.200000e-01 3.623410e+00 2.328282e+00 2.714608e+00 1.110396e+01 1.127968e+04 1.448452e+04 2.50172 5.923130e-01
7.190000e-01 3.623410e+00 2.330620e+00 2.717268e+00 1.111480e+01 1.128861e+04 1.446732e+04 2.50625 5.926641e-01
7.180000e-01 3.623410e+00 2.330115e+00 2.716534e+00 1.111755e+01 1.130867e+04 1.446433e+04 2.50681 5.941088e-01
7.170000e-01 3.623410e+00 2.330120e+00 2.716305e+00 1.112124e+01 1.132664e+04 1.445972e+04 2.50884 5.955308e-01
7.160000e-01 3.623410e+00 2.333423e+00 2.720230e+00 1.113541e+01 1.133151e+04 1.443673e+04 2.51398 5.953202e-01
7.150000e-01 3.623410e+00 2.332876e+00 2.719444e+00 1.113814e+01 1.135144e+04 1.443377e+04 2.51449 5.967682e-01
7.140000e-01 3.623410e+00 2.332861e+00 2.719191e+00 1.114186e+01 1.136928e+04 1.442912e+04 2.51651 5.981917e-01
7.130000e-01 3.623410e+00 2.336197e+00 2.723155e+00 1.115625e+01 1.137383e+04 1.440579e+04 2.5217 5.979561e-01
7.120000e-01 3.623410e+00 2.335624e+00 2.722342e+00 1.115900e+01 1.139363e+04 1.440280e+04 2.52218 5.994040e-01
7.110000e-01 3.623410e+00 2.335583e+00 2.722060e+00 1.116273e+01 1.141130e+04 1.439812e+04 2.52415 6.008240e-01
7.100000e-01 3.623410e+00 2.338964e+00 2.726079e+00 1.117734e+01 1.141545e+04 1.437445e+04 2.52942 6.005580e-01
7.090000e-01 3.623410e+00 2.338356e+00 2.725228e+00 1.118009e+01 1.143507e+04 1.437145e+04 2.52984 6.020025e-01
7.080000e-01 3.623410e+00 2.338294e+00 2.724923e+00 1.118385e+01 1.145257e+04 1.436674e+04 2.53179 6.034193e-01
7.070000e-01 3.623410e+00 2.341722e+00 2.728999e+00 1.119869e+01 1.145634e+04 1.434272e+04 2.53714 6.031252e-01
7.060000e-01 3.623410e+00 2.341081e+00 2.728113e+00 1.120145e+01 1.147580e+04 1.433971e+04 2.53751 6.045669e-01
7.050000e-01 3.623410e+00 2.340986e+00 2.727769e+00 1.120521e+01 1.149308e+04 1.433498e+04 2.5394 6.059773e-01
7.040000e-01 3.623410e+00 2.344462e+00 2.731904e+00 1.122025e+01 1.149637e+04 1.431067e+04 2.54484 6.056501e-01
7.030000e-01 3.623410e+00 2.343771e+00 2.730958e+00 1.122299e+01 1.151556e+04 1.430768e+04 2.54511 6.070825e-01
7.020000e-01 3.623410e+00 2.343643e+00 2.730574e+00 1.122675e+01 1.153256e+04 1.430293e+04 2.54694 6.084825e-01
7.010000e-01 3.623410e+00 2.347209e+00 2.734826e+00 1.124209e+01 1.153535e+04 1.427821e+04 2.55253 6.081145e-01
7.000000e-01 3.623410e+00 2.346470e+00 2.733822e+00 1.124480e+01 1.155442e+04 1.427525e+04 2.55274 6.095533e-01
6.990000e-01 3.623410e+00 2.346316e+00 2.733407e+00 1.124858e+01 1.157129e+04 1.427048e+04 2.55455 6.109561e-01
6.980000e-01 3.623410e+00 2.349914e+00 2.737696e+00 1.126415e+01 1.157375e+04 1.424539e+04 2.56019 6.105610e-01
6.970000e-01 3.623410e+00 2.349142e+00 2.736657e+00 1.126687e+01 1.159268e+04 1.424241e+04 2.56035 6.120001e-01
6.960000e-01 3.623410e+00 2.348956e+00 2.736205e+00 1.127067e+01 1.160938e+04 1.423761e+04 2.5621 6.133995e-01
6.950000e-01 3.623410e+00 2.352604e+00 2.740556e+00 1.128649e+01 1.161141e+04 1.421214e+04 2.56782 6.129704e-01
6.940000e-01 3.623410e+00 2.351792e+00 2.739472e+00 1.128921e+01 1.163019e+04 1.420914e+04 2.56792 6.144079e-01
6.930000e-01 3.623410e+00 2.351576e+00 2.738986e+00 1.129303e+01 1.164672e+04 1.420430e+04 2.56963 6.158049e-01
6.920000e-01 3.623410e+00 2.355276e+00 2.743401e+00 1.130911e+01 1.164835e+04 1.417843e+04 2.57542 6.153425e-01
6.910000e-01 3.623410e+00 2.354419e+00 2.742266e+00 1.131182e+01 1.166694e+04 1.417542e+04 2.57544 6.167768e-01
6.900000e-01 3.623410e+00 2.354167e+00 2.741738e+00 1.131564e+01 1.168326e+04 1.417054e+04 2.57709 6.181670e-01
6.890000e-01 3.623410e+00 2.357918e+00 2.746214e+00 1.133194e+01 1.168438e+04 1.414434e+04 2.58297 6.176666e-01
6.880000e-01 3.623410e+00 2.357005e+00 2.745011e+00 1.133462e+01 1.170271e+04 1.414134e+04 2.58287 6.190926e-01
6.870000e-01 3.623410e+00 2.356719e+00 2.744440e+00 1.133844e+01 1.171877e+04 1.413643e+04 2.58446 6.204743e-01
6.860000e-01 3.623410e+00 2.360526e+00 2.748985e+00 1.135498e+01 1.171947e+04 1.410988e+04 2.59044 6.199422e-01
6.850000e-01 3.623410e+00 2.359576e+00 2.747742e+00 1.135767e+01 1.173769e+04 1.410684e+04 2.59029 6.213706e-01
6.840000e-01 3.623410e+00 2.359258e+00 2.747136e+00 1.136153e+01 1.175361e+04 1.410187e+04 2.59184 6.227530e-01
6.830000e-01 3.623410e+00 2.363148e+00 2.751789e+00 1.137845e+01 1.175387e+04 1.407471e+04 2.59791 6.221714e-01
6.820000e-01 3.623410e+00 2.362140e+00 2.750477e+00 1.138110e+01 1.177197e+04 1.407170e+04 2.59767 6.236052e-01
6.810000e-01 3.623410e+00 2.361774e+00 2.749811e+00 1.138494e+01 1.178772e+04 1.406672e+04 2.59914 6.249859e-01
6.800000e-01 3.623410e+00 2.365711e+00 2.754520e+00 1.140212e+01 1.178755e+04 1.403917e+04 2.60528 6.243698e-01
6.790000e-01 3.623410e+00 2.364658e+00 2.753157e+00 1.140477e+01 1.180550e+04 1.403614e+04 2.60497 6.258039e-01
6.780000e-01 3.623410e+00 2.364255e+00 2.752450e+00 1.140863e+01 1.182109e+04 1.403111e+04 2.60638 6.271830e-01
6.770000e-01 3.623410e+00 2.368247e+00 2.757227e+00 1.142609e+01 1.182047e+04 1.400312e+04 2.6126 6.265275e-01
6.760000e-01 3.623410e+00 2.367143e+00 2.755806e+00 1.142873e+01 1.183823e+04 1.400007e+04 2.6122 6.279582e-01
6.750000e-01 3.623410e+00 2.366696e+00 2.755046e+00 1.143259e+01 1.185357e+04 1.399502e+04 2.61352 6.293296e-01
6.740000e-01 3.623410e+00 2.370745e+00 2.759893e+00 1.145029e+01 1.185241e+04 1.396670e+04 2.61983 6.286334e-01
6.730000e-01 3.623410e+00 2.369581e+00 2.758400e+00 1.145290e+01 1.186992e+04 1.396366e+04 2.61932 6.300583e-01
6.720000e-01 3.623410e+00 2.372411e+00 2.761676e+00 1.146662e+01 1.187315e+04 1.394208e+04 2.62464 6.300029e-01
6.710000e-01 3.623410e+00 2.371211e+00 2.760142e+00 1.146922e+01 1.189061e+04 1.393906e+04 2.62408 6.314339e-01
6.700000e-01 3.623410e+00 2.374046e+00 2.763423e+00 1.148307e+01 1.189364e+04 1.391728e+04 2.6294 6.313648e-01
6.690000e-01 3.623410e+00 2.372812e+00 2.761851e+00 1.148568e+01 1.191102e+04 1.391423e+04 2.62879 6.327976e-01
6.680000e-01 3.623410e+00 2.375665e+00 2.765154e+00 1.149968e+01 1.191380e+04 1.389222e+04 2.63412 6.327074e-01
6.670000e-01 3.623410e+00 2.376492e+00 2.766046e+00 1.150809e+01 1.192369e+04 1.387949e+04 2.63649 6.333609e-01
6.660000e-01 3.623410e+00 2.377292e+00 2.766903e+00 1.151649e+01 1.193353e+04 1.386680e+04 2.63883 6.340184e-01
6.650000e-01 3.623410e+00 2.378088e+00 2.767755e+00 1.152492e+01 1.194331e+04 1.385403e+04 2.64115 6.346718e-01
6.640000e-01 3.623410e+00 2.378880e+00 2.768603e+00 1.153338e+01 1.195299e+04 1.384121e+04 2.64346 6.353197e-01
6.630000e-01 3.623410e+00 2.379666e+00 2.769446e+00 1.154188e+01 1.196257e+04 1.382833e+04 2.64577 6.359620e-01
6.620000e-01 3.623410e+00 2.380447e+00 2.770283e+00 1.155040e+01 1.197205e+04 1.381540e+04 2.64805 6.365981e-01
6.610000e-01 3.623410e+00 2.381222e+00 2.771112e+00 1.155895e+01 1.198140e+04 1.380243e+04 2.65033 6.372273e-01
6.600000e-01 3.623410e+00 2.381990e+00 2.771932e+00 1.156751e+01 1.199062e+04 1.378942e+04 2.65258 6.378493e-01
6.590000e-01 3.623410e+00 2.382752e+00 2.772747e+00 1.157611e+01 1.199976e+04 1.377635e+04 2.65483 6.384663e-01
6.580000e-01 3.623410e+00 2.383510e+00 2.773557e+00 1.158476e+01 1.200881e+04 1.376320e+04 2.65706 6.390789e-01
6.570000e-01 3.623410e+00 2.384264e+00 2.774364e+00 1.159345e+01 1.201779e+04 1.374998e+04 2.65928 6.396868e-01
6.560000e-01 3.623410e+00 2.385015e+00 2.775167e+00 1.160219e+01 1.202669e+04 1.373667e+04 2.66149 6.402901e-01
6.550000e-01 3.623410e+00 2.385760e+00 2.775966e+00 1.161097e+01 1.203550e+04 1.372329e+04 2.6637 6.408883e-01
6.540000e-01 3.623410e+00 2.386502e+00 2.776761e+00 1.161979e+01 1.204421e+04 1.370986e+04 2.66589 6.414807e-01
6.530000e-01 3.623410e+00 2.387237e+00 2.777551e+00 1.162864e+01 1.205282e+04 1.369636e+04 2.66806 6.420674e-01
6.520000e-01 3.623410e+00 2.387968e+00 2.778335e+00 1.163754e+01 1.206134e+04 1.368279e+04 2.67023 6.426493e-01
6.510000e-01 3.623410e+00 2.388694e+00 2.779116e+00 1.164649e+01 1.206978e+04 1.366914e+04 2.67238 6.432262e-01
6.500000e-01 3.623410e+00 2.389416e+00 2.779892e+00 1.165548e+01 1.207812e+04 1.365544e+04 2.67452 6.437974e-01
6.490000e-01 3.623410e+00 2.390163e+00 2.780707e+00 1.166459e+01 1.208630e+04 1.364154e+04 2.67668 6.443502e-01
6.480000e-01 3.623410e+00 2.390873e+00 2.781472e+00 1.167364e+01 1.209443e+04 1.362772e+04 2.67879 6.449082e-01
6.470000e-01 3.623410e+00 2.391576e+00 2.782227e+00 1.168272e+01 1.210243e+04 1.361386e+04 2.68088 6.454594e-01
6.460000e-01 3.623410e+00 2.392270e+00 2.782972e+00 1.169182e+01 1.211029e+04 1.359995e+04 2.68296 6.460037e-01
6.450000e-01 3.623410e+00 2.392958e+00 2.783710e+00 1.170097e+01 1.211808e+04 1.358598e+04 2.68501 6.465427e-01
6.440000e-01 3.623410e+00 2.393640e+00 2.784443e+00 1.171016e+01 1.212578e+04 1.357192e+04 2.68706 6.470767e-01
6.430000e-01 3.623410e+00 2.394317e+00 2.785170e+00 1.171941e+01 1.213339e+04 1.355776e+04 2.68908 6.476051e-01
6.420000e-01 3.623410e+00 2.394989e+00 2.785893e+00 1.172871e+01 1.214092e+04 1.354353e+04 2.6911 6.481282e-01
6.410000e-01 3.623410e+00 2.395654e+00 2.786608e+00 1.173805e+01 1.214835e+04 1.352921e+04 2.69309 6.486452e-01
6.400000e-01 3.623410e+00 2.396312e+00 2.787316e+00 1.174744e+01 1.215568e+04 1.351482e+04 2.69506 6.491554e-01
6.390000e-01 3.623410e+00 2.396963e+00 2.788017e+00 1.175686e+01 1.216292e+04 1.350036e+04 2.69701 6.496593e-01
6.380000e-01 3.623410e+00 2.397607e+00 2.788710e+00 1.176634e+01 1.217006e+04 1.348581e+04 2.69895 6.501575e-01
6.370000e-01 3.623410e+00 2.398245e+00 2.789398e+00 1.177586e+01 1.217711e+04 1.347118e+04 2.70087 6.506498e-01
6.360000e-01 3.623410e+00 2.398877e+00 2.790080e+00 1.178542e+01 1.218406e+04 1.345648e+04 2.70276 6.511355e-01
6.350000e-01 3.623410e+00 2.399501e+00 2.790752e+00 1.179503e+01 1.219089e+04 1.344172e+04 2.70464 6.516145e-01
6.340000e-01 3.623410e+00 2.400117e+00 2.791417e+00 1.180466e+01 1.219761e+04 1.342690e+04 2.7065 6.520865e-01
6.330000e-01 3.623410e+00 2.400755e+00 2.792114e+00 1.181441e+01 1.220414e+04 1.341192e+04 2.70837 6.525386e-01
6.320000e-01 3.623410e+00 2.401355e+00 2.792760e+00 1.182411e+01 1.221061e+04 1.339700e+04 2.71018 6.529952e-01
6.310000e-01 3.623410e+00 2.401947e+00 2.793397e+00 1.183385e+01 1.221700e+04 1.338199e+04 2.71197 6.534470e-01
6.300000e-01 3.623410e+00 2.402532e+00 2.794025e+00 1.184366e+01 1.222328e+04 1.336688e+04 2.71375 6.538924e-01
6.290000e-01 3.623410e+00 2.403109e+00 2.794647e+00 1.185353e+01 1.222949e+04 1.335168e+04 2.7155 6.543317e-01
6.280000e-01 3.623410e+00 2.403679e+00 2.795262e+00 1.186344e+01 1.223560e+04 1.333638e+04 2.71722 6.547643e-01
6.270000e-01 3.623410e+00 2.404240e+00 2.795865e+00 1.187341e+01 1.224160e+04 1.332100e+04 2.71892 6.551894e-01
6.260000e-01 3.623410e+00 2.404791e+00 2.796459e+00 1.188341e+01 1.224750e+04 1.330553e+04 2.72059 6.556071e-01
6.250000e-01 3.623410e+00 2.405335e+00 2.797045e+00 1.189347e+01 1.225330e+04 1.328998e+04 2.72224 6.560182e-01
6.240000e-01 3.623410e+00 2.405870e+00 2.797623e+00 1.190359e+01 1.225901e+04 1.327432e+04 2.72386 6.564229e-01
6.230000e-01 3.623410e+00 2.406398e+00 2.798193e+00 1.191375e+01 1.226461e+04 1.325860e+04 2.72546 6.568204e-01
6.220000e-01 3.623410e+00 2.406918e+00 2.798753e+00 1.192397e+01 1.227009e+04 1.324279e+04 2.72704 6.572110e-01
6.210000e-01 3.623410e+00 2.407429e+00 2.799306e+00 1.193422e+01 1.227547e+04 1.322693e+04 2.7286 6.575946e-01
6.200000e-01 3.623410e+00 2.407932e+00 2.799850e+00 1.194450e+01 1.228071e+04 1.321103e+04 2.73013 6.579705e-01
6.190000e-01 3.623410e+00 2.408425e+00 2.800380e+00 1.195481e+01 1.228582e+04 1.319508e+04 2.73164 6.583387e-01
6.180000e-01 3.623410e+00 2.408937e+00 2.800941e+00 1.196527e+01 1.229078e+04 1.317892e+04 2.73316 6.586886e-01
6.170000e-01 3.623410e+00 2.409414e+00 2.801455e+00 1.197571e+01 1.229570e+04 1.316276e+04 2.73461 6.590433e-01
6.160000e-01 3.623410e+00 2.409879e+00 2.801957e+00 1.198621e+01 1.230052e+04 1.314650e+04 2.73604 6.593908e-01
6.150000e-01 3.623410e+00 2.410336e+00 2.802451e+00 1.199677e+01 1.230524e+04 1.313014e+04 2.73744 6.597316e-01
6.140000e-01 3.623410e+00 2.410784e+00 2.802934e+00 1.200739e+01 1.230985e+04 1.311369e+04 2.73882 6.600648e-01
6.130000e-01 3.623410e+00 2.411223e+00 2.803408e+00 1.201806e+01 1.231435e+04 1.309716e+04 2.74016 6.603906e-01
6.120000e-01 3.623410e+00 2.411653e+00 2.803874e+00 1.202879e+01 1.231875e+04 1.308054e+04 2.74149 6.607094e-01
6.110000e-01 3.623410e+00 2.412073e+00 2.804329e+00 1.203959e+01 1.232305e+04 1.306381e+04 2.74278 6.610213e-01
6.100000e-01 3.623410e+00 2.412484e+00 2.804775e+00 1.205044e+01 1.232723e+04 1.304700e+04 2.74405 6.613255e-01
6.090000e-01 3.623410e+00 2.412885e+00 2.805210e+00 1.206134e+01 1.233131e+04 1.303010e+04 2.74528 6.616216e-01
6.080000e-01 3.623410e+00 2.413274e+00 2.805633e+00 1.207228e+01 1.233526e+04 1.301313e+04 2.74648 6.619091e-01
6.070000e-01 3.623410e+00 2.413652e+00 2.806041e+00 1.208326e+01 1.233909e+04 1.299610e+04 2.74764 6.621874e-01
6.060000e-01 3.623410e+00 2.414017e+00 2.806432e+00 1.209428e+01 1.234278e+04 1.297901e+04 2.74877 6.624566e-01
6.050000e-01 3.623410e+00 2.414398e+00 2.806851e+00 1.210543e+01 1.234631e+04 1.296171e+04 2.74989 6.627065e-01
6.040000e-01 3.623410e+00 2.414743e+00 2.807222e+00 1.211658e+01 1.234980e+04 1.294439e+04 2.75095 6.629601e-01
6.030000e-01 3.623410e+00 2.415076e+00 2.807580e+00 1.212780e+01 1.235318e+04 1.292697e+04 2.75197 6.632062e-01
6.020000e-01 3.623410e+00 2.415400e+00 2.807930e+00 1.213909e+01 1.235646e+04 1.290944e+04 2.75297 6.634449e-01
6.010000e-01 3.623410e+00 2.415713e+00 2.808268e+00 1.215044e+01 1.235962e+04 1.289182e+04 2.75394 6.636759e-01
6.000000e-01 3.623410e+00 2.416017e+00 2.808596e+00 1.216186e+01 1.236267e+04 1.287412e+04 2.75488 6.638990e-01
5.990000e-01 3.623410e+00 2.416310e+00 2.808914e+00 1.217334e+01 1.236560e+04 1.285631e+04 2.75579 6.641142e-01
5.980000e-01 3.623410e+00 2.416592e+00 2.809219e+00 1.218489e+01 1.236843e+04 1.283840e+04 2.75666 6.643216e-01
5.970000e-01 3.623410e+00 2.416863e+00 2.809514e+00 1.219651e+01 1.237114e+04 1.282039e+04 2.7575 6.645210e-01
5.960000e-01 3.623410e+00 2.417124e+00 2.809797e+00 1.220819e+01 1.237373e+04 1.280230e+04 2.75831 6.647120e-01
5.950000e-01 3.623410e+00 2.417374e+00 2.810070e+00 1.221992e+01 1.237621e+04 1.278414e+04 2.75909 6.648948e-01
5.940000e-01 3.623410e+00 2.417613e+00 2.810330e+00 1.223169e+01 1.237855e+04 1.276593e+04 2.75984 6.650691e-01
5.930000e-01 3.623410e+00 2.417839e+00 2.810572e+00 1.224350e+01 1.238076e+04 1.274766e+04 2.76055 6.652344e-01
5.920000e-01 3.623410e+00 2.418078e+00 2.810838e+00 1.225546e+01 1.238279e+04 1.272916e+04 2.76124 6.653792e-01
5.910000e-01 3.623410e+00 2.418280e+00 2.811055e+00 1.226743e+01 1.238478e+04 1.271064e+04 2.76187 6.655265e-01
5.900000e-01 3.623410e+00 2.418467e+00 2.811256e+00 1.227948e+01 1.238666e+04 1.269200e+04 2.76245 6.656651e-01
5.890000e-01 3.623410e+00 2.418642e+00 2.811445e+00 1.229160e+01 1.238843e+04 1.267324e+04 2.76299 6.657944e-01
5.880000e-01 3.623410e+00 2.418804e+00 2.811618e+00 1.230380e+01 1.239007e+04 1.265438e+04 2.7635 6.659146e-01
5.870000e-01 3.623410e+00 2.418955e+00 2.811780e+00 1.231605e+01 1.239159e+04 1.263542e+04 2.76396 6.660260e-01
5.860000e-01 3.623410e+00 2.419093e+00 2.811929e+00 1.232839e+01 1.239300e+04 1.261636e+04 2.76439 6.661288e-01
5.850000e-01 3.623410e+00 2.419220e+00 2.812067e+00 1.234082e+01 1.239430e+04 1.259718e+04 2.76479 6.662237e-01
5.840000e-01 3.623410e+00 2.419338e+00 2.812196e+00 1.235331e+01 1.239548e+04 1.257792e+04 2.76515 6.663105e-01
5.830000e-01 3.623410e+00 2.419443e+00 2.812310e+00 1.236587e+01 1.239652e+04 1.255857e+04 2.76548 6.663884e-01
5.820000e-01 3.623410e+00 2.419537e+00 2.812413e+00 1.237849e+01 1.239745e+04 1.253916e+04 2.76578 6.664581e-01
5.810000e-01 3.623410e+00 2.419621e+00 2.812505e+00 1.239115e+01 1.239824e+04 1.251970e+04 2.76605 6.665196e-01
5.800000e-01 3.623410e+00 2.419716e+00 2.812615e+00 1.240395e+01 1.239884e+04 1.250007e+04 2.7663 6.665601e-01
5.790000e-01 3.623410e+00 2.419773e+00 2.812675e+00 1.241676e+01 1.239939e+04 1.248040e+04 2.76649 6.666028e-01
5.780000e-01 3.623410e+00 2.419815e+00 2.812719e+00 1.242967e+01 1.239981e+04 1.246061e+04 2.76663 6.666363e-01
5.770000e-01 3.623410e+00 2.419842e+00 2.812747e+00 1.244266e+01 1.240013e+04 1.244068e+04 2.76672 6.666593e-01
5.760000e-01 3.623410e+00 2.419856e+00 2.812760e+00 1.245574e+01 1.240032e+04 1.242064e+04 2.76676 6.666725e-01
5.750000e-01 3.623410e+00 2.419856e+00 2.812759e+00 1.246889e+01 1.240039e+04 1.240049e+04 2.76676 6.666760e-01
5.740000e-01 3.623410e+00 2.419843e+00 2.812744e+00 1.248212e+01 1.240034e+04 1.238024e+04 2.76672 6.666700e-01
5.749956e-01 3.623410e+00 2.420307e+00 2.813399e+00 1.247043e+01 1.239921e+04 1.239841e+04 2.76718 6.664654e-01
