1.000000e+00 3.656190e+00 2.089501e+00 2.466067e+00 9.811152e+00 0.000000e+00 1.715310e+04 0 0.000000e+00
9.990000e-01 3.656190e+00 2.092787e+00 2.475925e+00 9.825992e+00 7.211419e+02 1.700941e+04 1.90317 3.565620e-02
9.980000e-01 3.656190e+00 2.092816e+00 2.475641e+00 9.827137e+00 1.013982e+03 1.696740e+04 2.00596 5.284190e-02
9.970000e-01 3.656190e+00 2.093771e+00 2.476678e+00 9.831556e+00 1.238909e+03 1.693299e+04 1.90802 6.135531e-02
9.960000e-01 3.656190e+00 2.093978e+00 2.476617e+00 9.833133e+00 1.430262e+03 1.690599e+04 1.95178 7.244206e-02
9.950000e-01 3.656190e+00 2.095016e+00 2.477724e+00 9.837717e+00 1.595889e+03 1.687935e+04 1.91103 7.906486e-02
9.940000e-01 3.656190e+00 2.095304e+00 2.477779e+00 9.839406e+00 1.751630e+03 1.685786e+04 1.94122 8.812734e-02
9.930000e-01 3.656190e+00 2.096318e+00 2.478876e+00 9.843915e+00 1.892615e+03 1.683478e+04 1.91411 9.379969e-02
9.920000e-01 3.656190e+00 2.096961e+00 2.479463e+00 9.846953e+00 2.026084e+03 1.681484e+04 1.91562 1.004322e-01
9.910000e-01 3.656190e+00 2.097637e+00 2.480100e+00 9.850036e+00 2.151530e+03 1.679601e+04 1.91716 1.066678e-01
9.900000e-01 3.656190e+00 2.097865e+00 2.480141e+00 9.851808e+00 2.271583e+03 1.677989e+04 1.9269 1.131672e-01
9.890000e-01 3.656190e+00 2.098310e+00 2.480459e+00 9.854065e+00 2.385047e+03 1.676430e+04 1.93572 1.193130e-01
9.880000e-01 3.656190e+00 2.099710e+00 2.482112e+00 9.859316e+00 2.490708e+03 1.674498e+04 1.92187 1.235422e-01
9.870000e-01 3.656190e+00 2.099949e+00 2.482179e+00 9.861088e+00 2.594800e+03 1.673129e+04 1.9293 1.291737e-01
9.860000e-01 3.656190e+00 2.100378e+00 2.482484e+00 9.863327e+00 2.693984e+03 1.671780e+04 1.93637 1.345473e-01
9.850000e-01 3.656190e+00 2.101776e+00 2.484130e+00 9.868574e+00 2.786698e+03 1.670020e+04 1.9266 1.382918e-01
9.840000e-01 3.656190e+00 2.102009e+00 2.484192e+00 9.870360e+00 2.879989e+03 1.668813e+04 1.93267 1.433396e-01
9.830000e-01 3.656190e+00 2.102448e+00 2.484509e+00 9.872627e+00 2.969767e+03 1.667599e+04 1.93887 1.482203e-01
9.820000e-01 3.656190e+00 2.103855e+00 2.486167e+00 9.877912e+00 3.053909e+03 1.665947e+04 1.93139 1.516290e-01
9.810000e-01 3.656190e+00 2.104087e+00 2.486229e+00 9.879710e+00 3.139114e+03 1.664860e+04 1.93653 1.562397e-01
9.800000e-01 3.656190e+00 2.104519e+00 2.486537e+00 9.881985e+00 3.221373e+03 1.663752e+04 1.94195 1.607164e-01
9.790000e-01 3.656190e+00 2.105938e+00 2.488206e+00 9.887311e+00 3.298336e+03 1.662185e+04 1.93621 1.638492e-01
9.780000e-01 3.656190e+00 2.106154e+00 2.488243e+00 9.889110e+00 3.376963e+03 1.661195e+04 1.9406 1.681007e-01
9.770000e-01 3.656190e+00 2.106562e+00 2.488515e+00 9.891378e+00 3.452785e+03 1.660177e+04 1.9453 1.722249e-01
9.760000e-01 3.656190e+00 2.108001e+00 2.490195e+00 9.896761e+00 3.523040e+03 1.658685e+04 1.94103 1.751040e-01
9.750000e-01 3.656190e+00 2.108712e+00 2.490883e+00 9.899985e+00 3.594438e+03 1.657556e+04 1.94267 1.786826e-01
9.740000e-01 3.656190e+00 2.109399e+00 2.491535e+00 9.903180e+00 3.664786e+03 1.656447e+04 1.94429 1.822127e-01
9.730000e-01 3.656190e+00 2.110092e+00 2.492196e+00 9.906393e+00 3.734097e+03 1.655352e+04 1.94592 1.856924e-01
9.720000e-01 3.656190e+00 2.110272e+00 2.492175e+00 9.908186e+00 3.803968e+03 1.654497e+04 1.94951 1.894839e-01
9.710000e-01 3.656190e+00 2.110695e+00 2.492456e+00 9.910519e+00 3.872008e+03 1.653588e+04 1.95371 1.932115e-01
9.700000e-01 3.656190e+00 2.112213e+00 2.494240e+00 9.916125e+00 3.935735e+03 1.652151e+04 1.95087 1.958245e-01
9.690000e-01 3.656190e+00 2.112408e+00 2.494245e+00 9.917936e+00 4.002510e+03 1.651344e+04 1.95427 1.994563e-01
9.680000e-01 3.656190e+00 2.112835e+00 2.494538e+00 9.920277e+00 4.067455e+03 1.650479e+04 1.9582 2.030184e-01
9.670000e-01 3.656190e+00 2.114346e+00 2.496318e+00 9.925881e+00 4.128020e+03 1.649081e+04 1.95584 2.054992e-01
9.660000e-01 3.656190e+00 2.114540e+00 2.496324e+00 9.927697e+00 4.191497e+03 1.648320e+04 1.95894 2.089517e-01
9.650000e-01 3.656190e+00 2.114966e+00 2.496616e+00 9.930044e+00 4.253337e+03 1.647497e+04 1.96264 2.123490e-01
9.640000e-01 3.656190e+00 2.116488e+00 2.498409e+00 9.935681e+00 4.311043e+03 1.646131e+04 1.96083 2.147226e-01
9.630000e-01 3.656190e+00 2.116686e+00 2.498422e+00 9.937515e+00 4.371978e+03 1.645406e+04 1.96376 2.180419e-01
9.620000e-01 3.656190e+00 2.117114e+00 2.498718e+00 9.939877e+00 4.431295e+03 1.644619e+04 1.96726 2.213046e-01
9.610000e-01 3.656190e+00 2.118644e+00 2.500521e+00 9.945544e+00 4.486367e+03 1.643281e+04 1.96585 2.235720e-01
9.600000e-01 3.656190e+00 2.118837e+00 2.500529e+00 9.947386e+00 4.544826e+03 1.642592e+04 1.96858 2.267580e-01
9.590000e-01 3.656190e+00 2.119261e+00 2.500818e+00 9.949759e+00 4.601755e+03 1.641838e+04 1.97191 2.298942e-01
9.580000e-01 3.656190e+00 2.120804e+00 2.502634e+00 9.955471e+00 4.654318e+03 1.640525e+04 1.97091 2.320642e-01
9.570000e-01 3.656190e+00 2.120977e+00 2.502612e+00 9.957304e+00 4.710241e+03 1.639871e+04 1.97339 2.351098e-01
9.560000e-01 3.656190e+00 2.121379e+00 2.502869e+00 9.959670e+00 4.764612e+03 1.639149e+04 1.97649 2.381071e-01
9.550000e-01 3.656190e+00 2.122951e+00 2.504711e+00 9.965451e+00 4.814762e+03 1.637853e+04 1.97596 2.401934e-01
9.540000e-01 3.656190e+00 2.123657e+00 2.505389e+00 9.968784e+00 4.867338e+03 1.636976e+04 1.97763 2.428595e-01
9.530000e-01 3.656190e+00 2.124381e+00 2.506089e+00 9.972159e+00 4.919451e+03 1.636099e+04 1.97934 2.455044e-01
9.520000e-01 3.656190e+00 2.125110e+00 2.506796e+00 9.975547e+00 4.971075e+03 1.635227e+04 1.98106 2.481256e-01
9.510000e-01 3.656190e+00 2.125841e+00 2.507508e+00 9.978943e+00 5.022211e+03 1.634360e+04 1.98278 2.507232e-01
9.500000e-01 3.656190e+00 2.126575e+00 2.508225e+00 9.982347e+00 5.072870e+03 1.633500e+04 1.9845 2.532977e-01
9.490000e-01 3.656190e+00 2.127312e+00 2.508946e+00 9.985758e+00 5.123032e+03 1.632646e+04 1.98623 2.558481e-01
9.480000e-01 3.656190e+00 2.128050e+00 2.509669e+00 9.989174e+00 5.172650e+03 1.631798e+04 1.98797 2.583722e-01
9.470000e-01 3.656190e+00 2.128788e+00 2.510393e+00 9.992595e+00 5.221697e+03 1.630957e+04 1.9897 2.608687e-01
9.460000e-01 3.656190e+00 2.129527e+00 2.511118e+00 9.996023e+00 5.270252e+03 1.630121e+04 1.99144 2.633415e-01
9.450000e-01 3.656190e+00 2.130269e+00 2.511846e+00 9.999463e+00 5.318419e+03 1.629289e+04 1.99318 2.657960e-01
9.440000e-01 3.656190e+00 2.131013e+00 2.512578e+00 1.000291e+01 5.366189e+03 1.628461e+04 1.99494 2.682315e-01
9.430000e-01 3.656190e+00 2.131759e+00 2.513312e+00 1.000637e+01 5.413506e+03 1.627638e+04 1.99669 2.706452e-01
9.420000e-01 3.656190e+00 2.132506e+00 2.514047e+00 1.000984e+01 5.460317e+03 1.626820e+04 1.99845 2.730344e-01
9.410000e-01 3.656190e+00 2.133254e+00 2.514783e+00 1.001331e+01 5.506670e+03 1.626007e+04 2.00021 2.754016e-01
9.400000e-01 3.656190e+00 2.134002e+00 2.515520e+00 1.001679e+01 5.552578e+03 1.625198e+04 2.00197 2.777476e-01
9.390000e-01 3.656190e+00 2.134749e+00 2.516255e+00 1.002027e+01 5.597951e+03 1.624395e+04 2.00374 2.800677e-01
9.380000e-01 3.656190e+00 2.135495e+00 2.516986e+00 1.002375e+01 5.642734e+03 1.623598e+04 2.0055 2.823594e-01
9.370000e-01 3.656190e+00 2.136238e+00 2.517711e+00 1.002724e+01 5.686948e+03 1.622807e+04 2.00726 2.846237e-01
9.360000e-01 3.656190e+00 2.136981e+00 2.518435e+00 1.003074e+01 5.730828e+03 1.622019e+04 2.00903 2.868726e-01
9.350000e-01 3.656190e+00 2.137727e+00 2.519163e+00 1.003426e+01 5.774515e+03 1.621231e+04 2.0108 2.891129e-01
9.340000e-01 3.656190e+00 2.138479e+00 2.519896e+00 1.003780e+01 5.817997e+03 1.620445e+04 2.01259 2.913438e-01
9.330000e-01 3.656190e+00 2.139234e+00 2.520635e+00 1.004135e+01 5.861219e+03 1.619661e+04 2.01438 2.935624e-01
9.320000e-01 3.656190e+00 2.139991e+00 2.521378e+00 1.004491e+01 5.904148e+03 1.618880e+04 2.01618 2.957669e-01
9.310000e-01 3.656190e+00 2.140752e+00 2.522125e+00 1.004848e+01 5.946788e+03 1.618101e+04 2.01798 2.979577e-01
9.300000e-01 3.656190e+00 2.141515e+00 2.522876e+00 1.005206e+01 5.989122e+03 1.617325e+04 2.01979 3.001337e-01
9.290000e-01 3.656190e+00 2.142279e+00 2.523630e+00 1.005565e+01 6.031110e+03 1.616554e+04 2.0216 3.022931e-01
9.280000e-01 3.656190e+00 2.143043e+00 2.524384e+00 1.005924e+01 6.072721e+03 1.615786e+04 2.02342 3.044345e-01
9.270000e-01 3.656190e+00 2.143809e+00 2.525139e+00 1.006284e+01 6.114007e+03 1.615021e+04 2.02523 3.065603e-01
9.260000e-01 3.656190e+00 2.144576e+00 2.525897e+00 1.006645e+01 6.155054e+03 1.614258e+04 2.02705 3.086751e-01
9.250000e-01 3.656190e+00 2.145347e+00 2.526658e+00 1.007008e+01 6.195866e+03 1.613497e+04 2.02888 3.107789e-01
9.240000e-01 3.656190e+00 2.146119e+00 2.527423e+00 1.007371e+01 6.236402e+03 1.612737e+04 2.03072 3.128696e-01
9.230000e-01 3.656190e+00 2.146893e+00 2.528189e+00 1.007736e+01 6.276614e+03 1.611981e+04 2.03256 3.149449e-01
9.220000e-01 3.656190e+00 2.147668e+00 2.528956e+00 1.008101e+01 6.316534e+03 1.611226e+04 2.0344 3.170064e-01
9.210000e-01 3.656190e+00 2.148444e+00 2.529724e+00 1.008467e+01 6.356154e+03 1.610474e+04 2.03625 3.190536e-01
9.200000e-01 3.656190e+00 2.149220e+00 2.530491e+00 1.008834e+01 6.395401e+03 1.609724e+04 2.03809 3.210831e-01
9.190000e-01 3.656190e+00 2.149993e+00 2.531254e+00 1.009200e+01 6.434225e+03 1.608979e+04 2.03994 3.230921e-01
9.180000e-01 3.656190e+00 2.150765e+00 2.532014e+00 1.009567e+01 6.472646e+03 1.608237e+04 2.04178 3.250821e-01
9.170000e-01 3.656190e+00 2.151537e+00 2.532773e+00 1.009936e+01 6.510854e+03 1.607495e+04 2.04364 3.270625e-01
9.160000e-01 3.656190e+00 2.152357e+00 2.533594e+00 1.010315e+01 6.548891e+03 1.606740e+04 2.04555 3.290307e-01
9.150000e-01 3.656190e+00 2.153138e+00 2.534364e+00 1.010687e+01 6.586835e+03 1.605998e+04 2.04742 3.309994e-01
9.140000e-01 3.656190e+00 2.153922e+00 2.535137e+00 1.011061e+01 6.624597e+03 1.605257e+04 2.0493 3.329597e-01
9.130000e-01 3.656190e+00 2.154708e+00 2.535914e+00 1.011436e+01 6.662143e+03 1.604516e+04 2.05118 3.349098e-01
9.120000e-01 3.656190e+00 2.155497e+00 2.536694e+00 1.011811e+01 6.699479e+03 1.603778e+04 2.05307 3.368500e-01
9.110000e-01 3.656190e+00 2.156287e+00 2.537478e+00 1.012188e+01 6.736576e+03 1.603041e+04 2.05496 3.387788e-01
9.100000e-01 3.656190e+00 2.157078e+00 2.538263e+00 1.012565e+01 6.773400e+03 1.602306e+04 2.05685 3.406945e-01
9.090000e-01 3.656190e+00 2.157869e+00 2.539048e+00 1.012942e+01 6.809934e+03 1.601574e+04 2.05874 3.425963e-01
9.080000e-01 3.656190e+00 2.158661e+00 2.539835e+00 1.013321e+01 6.846242e+03 1.600844e+04 2.06064 3.444875e-01
9.070000e-01 3.656190e+00 2.159455e+00 2.540625e+00 1.013700e+01 6.882378e+03 1.600114e+04 2.06255 3.463709e-01
9.060000e-01 3.656190e+00 2.160252e+00 2.541418e+00 1.014081e+01 6.918333e+03 1.599386e+04 2.06446 3.482459e-01
9.050000e-01 3.656190e+00 2.161051e+00 2.542213e+00 1.014463e+01 6.954074e+03 1.598658e+04 2.06637 3.501108e-01
9.040000e-01 3.656190e+00 2.161851e+00 2.543010e+00 1.014846e+01 6.989580e+03 1.597932e+04 2.06829 3.519648e-01
9.030000e-01 3.656190e+00 2.162652e+00 2.543808e+00 1.015230e+01 7.024878e+03 1.597207e+04 2.07022 3.538090e-01
9.020000e-01 3.656190e+00 2.163453e+00 2.544606e+00 1.015615e+01 7.059929e+03 1.596483e+04 2.07214 3.556416e-01
9.010000e-01 3.656190e+00 2.164254e+00 2.545403e+00 1.016000e+01 7.094678e+03 1.595762e+04 2.07407 3.574599e-01
9.000000e-01 3.656190e+00 2.165053e+00 2.546196e+00 1.016385e+01 7.129094e+03 1.595043e+04 2.076 3.592623e-01
8.990000e-01 3.656190e+00 2.165852e+00 2.546987e+00 1.016772e+01 7.163267e+03 1.594325e+04 2.07793 3.610536e-01
8.980000e-01 3.656190e+00 2.166653e+00 2.547780e+00 1.017160e+01 7.197335e+03 1.593607e+04 2.07987 3.628406e-01
8.970000e-01 3.656190e+00 2.167458e+00 2.548579e+00 1.017550e+01 7.231324e+03 1.592887e+04 2.08181 3.646245e-01
8.960000e-01 3.656190e+00 2.168267e+00 2.549382e+00 1.017943e+01 7.265203e+03 1.592167e+04 2.08377 3.664036e-01
8.950000e-01 3.656190e+00 2.169078e+00 2.550189e+00 1.018336e+01 7.298936e+03 1.591446e+04 2.08573 3.681759e-01
8.940000e-01 3.656190e+00 2.169892e+00 2.551000e+00 1.018731e+01 7.332516e+03 1.590726e+04 2.0877 3.699411e-01
8.930000e-01 3.656190e+00 2.170709e+00 2.551815e+00 1.019127e+01 7.365930e+03 1.590007e+04 2.08968 3.716985e-01
8.920000e-01 3.656190e+00 2.171526e+00 2.552631e+00 1.019523e+01 7.399137e+03 1.589289e+04 2.09165 3.734460e-01
8.910000e-01 3.656190e+00 2.172344e+00 2.553448e+00 1.019920e+01 7.432110e+03 1.588572e+04 2.09363 3.751824e-01
8.900000e-01 3.656190e+00 2.173162e+00 2.554266e+00 1.020318e+01 7.464875e+03 1.587857e+04 2.09561 3.769090e-01
8.890000e-01 3.656190e+00 2.173982e+00 2.555085e+00 1.020717e+01 7.497494e+03 1.587142e+04 2.0976 3.786289e-01
8.880000e-01 3.656190e+00 2.174804e+00 2.555909e+00 1.021117e+01 7.529969e+03 1.586427e+04 2.09959 3.803424e-01
8.870000e-01 3.656190e+00 2.175628e+00 2.556734e+00 1.021519e+01 7.562279e+03 1.585713e+04 2.10159 3.820481e-01
8.860000e-01 3.656190e+00 2.176453e+00 2.557561e+00 1.021921e+01 7.594403e+03 1.584999e+04 2.10359 3.837452e-01
8.850000e-01 3.656190e+00 2.177279e+00 2.558389e+00 1.022324e+01 7.626352e+03 1.584285e+04 2.10559 3.854342e-01
8.840000e-01 3.656190e+00 2.178106e+00 2.559218e+00 1.022729e+01 7.658111e+03 1.583573e+04 2.1076 3.871143e-01
8.830000e-01 3.656190e+00 2.178933e+00 2.560046e+00 1.023134e+01 7.689626e+03 1.582861e+04 2.10961 3.887829e-01
8.820000e-01 3.656190e+00 2.179758e+00 2.560871e+00 1.023539e+01 7.720866e+03 1.582151e+04 2.11162 3.904385e-01
8.810000e-01 3.656190e+00 2.180582e+00 2.561693e+00 1.023945e+01 7.751885e+03 1.581443e+04 2.11363 3.920839e-01
8.800000e-01 3.656190e+00 2.181408e+00 2.562517e+00 1.024353e+01 7.782813e+03 1.580733e+04 2.11565 3.937258e-01
8.790000e-01 3.656190e+00 2.182237e+00 2.563346e+00 1.024763e+01 7.813680e+03 1.580021e+04 2.11768 3.953654e-01
8.780000e-01 3.656190e+00 2.183071e+00 2.564179e+00 1.025175e+01 7.844470e+03 1.579308e+04 2.11971 3.970018e-01
8.770000e-01 3.656190e+00 2.183907e+00 2.565016e+00 1.025588e+01 7.875148e+03 1.578595e+04 2.12176 3.986332e-01
8.760000e-01 3.656190e+00 2.184746e+00 2.565858e+00 1.026003e+01 7.905711e+03 1.577880e+04 2.12381 4.002594e-01
8.750000e-01 3.656190e+00 2.185588e+00 2.566702e+00 1.026419e+01 7.936151e+03 1.577166e+04 2.12586 4.018799e-01
8.740000e-01 3.656190e+00 2.186430e+00 2.567549e+00 1.026836e+01 7.966418e+03 1.576452e+04 2.12792 4.034922e-01
8.730000e-01 3.656190e+00 2.187273e+00 2.568397e+00 1.027254e+01 7.996498e+03 1.575739e+04 2.12998 4.050956e-01
8.720000e-01 3.656190e+00 2.188117e+00 2.569244e+00 1.027673e+01 8.026401e+03 1.575026e+04 2.13205 4.066908e-01
8.710000e-01 3.656190e+00 2.188962e+00 2.570095e+00 1.028092e+01 8.056188e+03 1.574313e+04 2.13412 4.082808e-01
8.700000e-01 3.656190e+00 2.189809e+00 2.570948e+00 1.028514e+01 8.085848e+03 1.573600e+04 2.13619 4.098650e-01
8.690000e-01 3.656190e+00 2.190658e+00 2.571803e+00 1.028936e+01 8.115371e+03 1.572887e+04 2.13827 4.114429e-01
8.680000e-01 3.656190e+00 2.191508e+00 2.572660e+00 1.029359e+01 8.144739e+03 1.572173e+04 2.14036 4.130137e-01
8.670000e-01 3.656190e+00 2.192359e+00 2.573518e+00 1.029784e+01 8.173954e+03 1.571460e+04 2.14244 4.145775e-01
8.660000e-01 3.656190e+00 2.193210e+00 2.574377e+00 1.030209e+01 8.203000e+03 1.570746e+04 2.14453 4.161333e-01
8.650000e-01 3.656190e+00 2.194061e+00 2.575234e+00 1.030635e+01 8.231829e+03 1.570034e+04 2.14663 4.176789e-01
8.640000e-01 3.656190e+00 2.194910e+00 2.576087e+00 1.031062e+01 8.260422e+03 1.569323e+04 2.14872 4.192133e-01
8.630000e-01 3.656190e+00 2.195802e+00 2.576999e+00 1.031497e+01 8.288799e+03 1.568598e+04 2.15086 4.207313e-01
8.620000e-01 3.656190e+00 2.196654e+00 2.577855e+00 1.031927e+01 8.317159e+03 1.567885e+04 2.15296 4.222556e-01
8.610000e-01 3.656190e+00 2.197509e+00 2.578714e+00 1.032358e+01 8.345461e+03 1.567170e+04 2.15507 4.237781e-01
8.600000e-01 3.656190e+00 2.198367e+00 2.579578e+00 1.032792e+01 8.373695e+03 1.566453e+04 2.15719 4.252977e-01
8.590000e-01 3.656190e+00 2.199228e+00 2.580446e+00 1.033227e+01 8.401832e+03 1.565735e+04 2.15932 4.268131e-01
8.580000e-01 3.656190e+00 2.200091e+00 2.581317e+00 1.033664e+01 8.429880e+03 1.565016e+04 2.16145 4.283245e-01
8.570000e-01 3.656190e+00 2.200957e+00 2.582191e+00 1.034102e+01 8.457812e+03 1.564297e+04 2.16359 4.298306e-01
8.560000e-01 3.656190e+00 2.201823e+00 2.583067e+00 1.034541e+01 8.485596e+03 1.563577e+04 2.16573 4.313296e-01
8.550000e-01 3.656190e+00 2.202690e+00 2.583943e+00 1.034981e+01 8.513215e+03 1.562858e+04 2.16787 4.328209e-01
8.540000e-01 3.656190e+00 2.203558e+00 2.584821e+00 1.035421e+01 8.540705e+03 1.562138e+04 2.17002 4.343064e-01
8.530000e-01 3.656190e+00 2.204427e+00 2.585701e+00 1.035864e+01 8.568096e+03 1.561417e+04 2.17217 4.357875e-01
8.520000e-01 3.656190e+00 2.205298e+00 2.586584e+00 1.036307e+01 8.595376e+03 1.560696e+04 2.17433 4.372635e-01
8.510000e-01 3.656190e+00 2.206171e+00 2.587469e+00 1.036752e+01 8.622530e+03 1.559974e+04 2.17649 4.387338e-01
8.500000e-01 3.656190e+00 2.207045e+00 2.588355e+00 1.037198e+01 8.649545e+03 1.559251e+04 2.17866 4.401977e-01
8.490000e-01 3.656190e+00 2.207919e+00 2.589241e+00 1.037645e+01 8.676422e+03 1.558529e+04 2.18083 4.416553e-01
8.480000e-01 3.656190e+00 2.208793e+00 2.590127e+00 1.038093e+01 8.703129e+03 1.557806e+04 2.183 4.431049e-01
8.470000e-01 3.656190e+00 2.209666e+00 2.591011e+00 1.038541e+01 8.729628e+03 1.557084e+04 2.18517 4.445446e-01
8.460000e-01 3.656190e+00 2.210537e+00 2.591892e+00 1.038990e+01 8.755934e+03 1.556362e+04 2.18734 4.459754e-01
8.450000e-01 3.656190e+00 2.211410e+00 2.592773e+00 1.039441e+01 8.782149e+03 1.555639e+04 2.18952 4.474026e-01
8.440000e-01 3.656190e+00 2.212285e+00 2.593658e+00 1.039894e+01 8.808315e+03 1.554914e+04 2.19171 4.488282e-01
8.430000e-01 3.656190e+00 2.213164e+00 2.594548e+00 1.040349e+01 8.834428e+03 1.554186e+04 2.1939 4.502517e-01
8.420000e-01 3.656190e+00 2.214046e+00 2.595441e+00 1.040806e+01 8.860461e+03 1.553457e+04 2.1961 4.516718e-01
8.410000e-01 3.656190e+00 2.214930e+00 2.596338e+00 1.041264e+01 8.886414e+03 1.552726e+04 2.19831 4.530884e-01
8.400000e-01 3.656190e+00 2.215816e+00 2.597238e+00 1.041724e+01 8.912285e+03 1.551994e+04 2.20053 4.545014e-01
8.390000e-01 3.656190e+00 2.216704e+00 2.598140e+00 1.042186e+01 8.938028e+03 1.551261e+04 2.20274 4.559084e-01
8.380000e-01 3.656190e+00 2.217593e+00 2.599044e+00 1.042648e+01 8.963637e+03 1.550527e+04 2.20497 4.573092e-01
8.370000e-01 3.656190e+00 2.218481e+00 2.599947e+00 1.043112e+01 8.989110e+03 1.549794e+04 2.20719 4.587037e-01
8.360000e-01 3.656190e+00 2.219372e+00 2.600854e+00 1.043576e+01 9.014504e+03 1.549059e+04 2.20942 4.600948e-01
8.350000e-01 3.656190e+00 2.220264e+00 2.601762e+00 1.044043e+01 9.039793e+03 1.548322e+04 2.21166 4.614812e-01
8.340000e-01 3.656190e+00 2.221158e+00 2.602673e+00 1.044511e+01 9.064985e+03 1.547585e+04 2.2139 4.628631e-01
8.330000e-01 3.656190e+00 2.222053e+00 2.603585e+00 1.044980e+01 9.090045e+03 1.546847e+04 2.21614 4.642391e-01
8.320000e-01 3.656190e+00 2.222948e+00 2.604498e+00 1.045450e+01 9.114980e+03 1.546108e+04 2.21839 4.656093e-01
8.310000e-01 3.656190e+00 2.223843e+00 2.605411e+00 1.045921e+01 9.139775e+03 1.545368e+04 2.22064 4.669730e-01
8.300000e-01 3.656190e+00 2.224737e+00 2.606320e+00 1.046393e+01 9.164369e+03 1.544629e+04 2.22288 4.683273e-01
8.290000e-01 3.656190e+00 2.225629e+00 2.607228e+00 1.046865e+01 9.188802e+03 1.543890e+04 2.22513 4.696739e-01
8.280000e-01 3.656190e+00 2.226522e+00 2.608135e+00 1.047339e+01 9.213119e+03 1.543150e+04 2.22739 4.710158e-01
8.270000e-01 3.656190e+00 2.227417e+00 2.609046e+00 1.047815e+01 9.237405e+03 1.542406e+04 2.22965 4.723569e-01
8.260000e-01 3.656190e+00 2.228316e+00 2.609960e+00 1.048294e+01 9.261630e+03 1.541661e+04 2.23192 4.736956e-01
8.250000e-01 3.656190e+00 2.229217e+00 2.610878e+00 1.048774e+01 9.285787e+03 1.540913e+04 2.23419 4.750315e-01
8.240000e-01 3.656190e+00 2.230121e+00 2.611800e+00 1.049257e+01 9.309876e+03 1.540164e+04 2.23648 4.763644e-01
8.230000e-01 3.656190e+00 2.231026e+00 2.612725e+00 1.049741e+01 9.333885e+03 1.539412e+04 2.23877 4.776938e-01
8.220000e-01 3.656190e+00 2.231933e+00 2.613651e+00 1.050226e+01 9.357786e+03 1.538659e+04 2.24106 4.790182e-01
8.210000e-01 3.656190e+00 2.232841e+00 2.614579e+00 1.050712e+01 9.381562e+03 1.537906e+04 2.24336 4.803368e-01
8.200000e-01 3.656190e+00 2.233749e+00 2.615508e+00 1.051200e+01 9.405226e+03 1.537151e+04 2.24566 4.816502e-01
8.190000e-01 3.656190e+00 2.234702e+00 2.616497e+00 1.051698e+01 9.428762e+03 1.536382e+04 2.24801 4.829499e-01
8.180000e-01 3.656190e+00 2.235614e+00 2.617432e+00 1.052190e+01 9.452260e+03 1.535624e+04 2.25033 4.842557e-01
8.170000e-01 3.656190e+00 2.236527e+00 2.618367e+00 1.052682e+01 9.475659e+03 1.534864e+04 2.25264 4.855573e-01
8.160000e-01 3.656190e+00 2.237440e+00 2.619303e+00 1.053176e+01 9.498941e+03 1.534103e+04 2.25496 4.868536e-01
8.150000e-01 3.656190e+00 2.238354e+00 2.620240e+00 1.053671e+01 9.522106e+03 1.533342e+04 2.25728 4.881445e-01
8.140000e-01 3.656190e+00 2.239267e+00 2.621176e+00 1.054167e+01 9.545132e+03 1.532579e+04 2.2596 4.894288e-01
8.130000e-01 3.656190e+00 2.240179e+00 2.622108e+00 1.054664e+01 9.567980e+03 1.531817e+04 2.26192 4.907047e-01
8.120000e-01 3.656190e+00 2.241089e+00 2.623039e+00 1.055161e+01 9.590672e+03 1.531054e+04 2.26425 4.919735e-01
8.110000e-01 3.656190e+00 2.242000e+00 2.623970e+00 1.055660e+01 9.613288e+03 1.530289e+04 2.26657 4.932393e-01
8.100000e-01 3.656190e+00 2.242914e+00 2.624904e+00 1.056162e+01 9.635863e+03 1.529521e+04 2.26891 4.945038e-01
8.090000e-01 3.656190e+00 2.243830e+00 2.625842e+00 1.056666e+01 9.658375e+03 1.528750e+04 2.27125 4.957657e-01
8.080000e-01 3.656190e+00 2.244750e+00 2.626784e+00 1.057172e+01 9.680831e+03 1.527977e+04 2.2736 4.970252e-01
8.070000e-01 3.656190e+00 2.245671e+00 2.627728e+00 1.057680e+01 9.703212e+03 1.527201e+04 2.27596 4.982816e-01
8.060000e-01 3.656190e+00 2.246593e+00 2.628675e+00 1.058190e+01 9.725520e+03 1.526423e+04 2.27832 4.995346e-01
8.050000e-01 3.656190e+00 2.247517e+00 2.629623e+00 1.058701e+01 9.747719e+03 1.525644e+04 2.28068 5.007826e-01
8.040000e-01 3.656190e+00 2.248441e+00 2.630573e+00 1.059213e+01 9.769804e+03 1.524864e+04 2.28305 5.020253e-01
8.030000e-01 3.656190e+00 2.249366e+00 2.631523e+00 1.059727e+01 9.791799e+03 1.524082e+04 2.28542 5.032639e-01
8.020000e-01 3.656190e+00 2.250292e+00 2.632475e+00 1.060243e+01 9.813716e+03 1.523297e+04 2.2878 5.044992e-01
8.010000e-01 3.656190e+00 2.251219e+00 2.633430e+00 1.060760e+01 9.835555e+03 1.522511e+04 2.29018 5.057311e-01
8.000000e-01 3.656190e+00 2.252148e+00 2.634386e+00 1.061280e+01 9.857294e+03 1.521723e+04 2.29256 5.069583e-01
7.990000e-01 3.656190e+00 2.253077e+00 2.635342e+00 1.061800e+01 9.878916e+03 1.520933e+04 2.29495 5.081801e-01
7.980000e-01 3.656190e+00 2.254006e+00 2.636298e+00 1.062322e+01 9.900432e+03 1.520142e+04 2.29734 5.093970e-01
7.970000e-01 3.656190e+00 2.254933e+00 2.637253e+00 1.062844e+01 9.921792e+03 1.519351e+04 2.29973 5.106066e-01
7.960000e-01 3.656190e+00 2.255859e+00 2.638204e+00 1.063367e+01 9.942991e+03 1.518559e+04 2.30211 5.118085e-01
7.950000e-01 3.656190e+00 2.256783e+00 2.639153e+00 1.063892e+01 9.964075e+03 1.517765e+04 2.3045 5.130054e-01
7.940000e-01 3.656190e+00 2.257710e+00 2.640105e+00 1.064418e+01 9.985110e+03 1.516969e+04 2.3069 5.142007e-01
7.930000e-01 3.656190e+00 2.258639e+00 2.641060e+00 1.064948e+01 1.000609e+04 1.516169e+04 2.3093 5.153940e-01
7.920000e-01 3.656190e+00 2.259570e+00 2.642018e+00 1.065479e+01 1.002702e+04 1.515366e+04 2.31171 5.165848e-01
7.910000e-01 3.656190e+00 2.260504e+00 2.642980e+00 1.066013e+01 1.004788e+04 1.514561e+04 2.31413 5.177731e-01
7.900000e-01 3.656190e+00 2.261439e+00 2.643943e+00 1.066549e+01 1.006868e+04 1.513753e+04 2.31655 5.189582e-01
7.890000e-01 3.656190e+00 2.262375e+00 2.644909e+00 1.067086e+01 1.008938e+04 1.512942e+04 2.31898 5.201392e-01
7.880000e-01 3.656190e+00 2.262457e+00 2.644835e+00 1.067354e+01 1.011405e+04 1.512634e+04 2.32052 5.217204e-01
7.870000e-01 3.656190e+00 2.264265e+00 2.646865e+00 1.068168e+01 1.013044e+04 1.511313e+04 2.32387 5.224838e-01
7.860000e-01 3.656190e+00 2.265186e+00 2.647810e+00 1.068708e+01 1.015090e+04 1.510501e+04 2.32627 5.236551e-01
7.850000e-01 3.656190e+00 2.265257e+00 2.647726e+00 1.068977e+01 1.017539e+04 1.510192e+04 2.3278 5.252291e-01
7.840000e-01 3.656190e+00 2.267082e+00 2.649776e+00 1.069801e+01 1.019149e+04 1.508857e+04 2.33119 5.259789e-01
7.830000e-01 3.656190e+00 2.267131e+00 2.649665e+00 1.070069e+01 1.021584e+04 1.508551e+04 2.33267 5.275473e-01
7.820000e-01 3.656190e+00 2.268962e+00 2.651721e+00 1.070898e+01 1.023170e+04 1.507210e+04 2.33609 5.282865e-01
7.810000e-01 3.656190e+00 2.268995e+00 2.651592e+00 1.071165e+01 1.025586e+04 1.506905e+04 2.33753 5.298454e-01
7.800000e-01 3.656190e+00 2.270838e+00 2.653659e+00 1.071999e+01 1.027138e+04 1.505559e+04 2.34098 5.305691e-01
7.790000e-01 3.656190e+00 2.270847e+00 2.653502e+00 1.072265e+01 1.029531e+04 1.505256e+04 2.34237 5.321166e-01
7.780000e-01 3.656190e+00 2.272710e+00 2.655593e+00 1.073105e+01 1.031060e+04 1.503900e+04 2.34588 5.328312e-01
7.770000e-01 3.656190e+00 2.272717e+00 2.655433e+00 1.073374e+01 1.033445e+04 1.503596e+04 2.34728 5.343785e-01
7.760000e-01 3.656190e+00 2.274589e+00 2.657534e+00 1.074221e+01 1.034960e+04 1.502229e+04 2.35081 5.350850e-01
7.750000e-01 3.656190e+00 2.274593e+00 2.657374e+00 1.074492e+01 1.037337e+04 1.501923e+04 2.35221 5.366306e-01
7.740000e-01 3.656190e+00 2.276476e+00 2.659488e+00 1.075347e+01 1.038836e+04 1.500545e+04 2.35576 5.373285e-01
7.730000e-01 3.656190e+00 2.276473e+00 2.659322e+00 1.075619e+01 1.041201e+04 1.500238e+04 2.35715 5.388700e-01
7.720000e-01 3.656190e+00 2.278366e+00 2.661448e+00 1.076481e+01 1.042678e+04 1.498850e+04 2.36073 5.395562e-01
7.710000e-01 3.656190e+00 2.278349e+00 2.661267e+00 1.076753e+01 1.045027e+04 1.498545e+04 2.36209 5.410911e-01
7.700000e-01 3.656190e+00 2.280257e+00 2.663410e+00 1.077621e+01 1.046484e+04 1.497147e+04 2.36571 5.417677e-01
7.690000e-01 3.656190e+00 2.280233e+00 2.663223e+00 1.077895e+01 1.048822e+04 1.496841e+04 2.36706 5.432999e-01
7.680000e-01 3.656190e+00 2.282193e+00 2.665439e+00 1.078779e+01 1.050256e+04 1.495419e+04 2.37075 5.439544e-01
7.670000e-01 3.656190e+00 2.282132e+00 2.665204e+00 1.079049e+01 1.052582e+04 1.495120e+04 2.37204 5.454867e-01
7.660000e-01 3.656190e+00 2.284089e+00 2.667411e+00 1.079935e+01 1.053992e+04 1.493696e+04 2.37575 5.461341e-01
7.650000e-01 3.656190e+00 2.284009e+00 2.667154e+00 1.080205e+01 1.056300e+04 1.493398e+04 2.37701 5.476579e-01
7.640000e-01 3.656190e+00 2.285978e+00 2.669374e+00 1.081096e+01 1.057677e+04 1.491967e+04 2.38075 5.482896e-01
7.630000e-01 3.656190e+00 2.285875e+00 2.669089e+00 1.081364e+01 1.059963e+04 1.491672e+04 2.38196 5.498037e-01
7.620000e-01 3.656190e+00 2.287864e+00 2.671332e+00 1.082263e+01 1.061319e+04 1.490230e+04 2.38576 5.504261e-01
7.610000e-01 3.656190e+00 2.287755e+00 2.671041e+00 1.082533e+01 1.063597e+04 1.489933e+04 2.38697 5.519404e-01
7.600000e-01 3.656190e+00 2.289756e+00 2.673299e+00 1.083440e+01 1.064938e+04 1.488479e+04 2.39079 5.525537e-01
7.590000e-01 3.656190e+00 2.289640e+00 2.673004e+00 1.083712e+01 1.067209e+04 1.488180e+04 2.39199 5.540670e-01
7.580000e-01 3.656190e+00 2.291652e+00 2.675273e+00 1.084628e+01 1.068533e+04 1.486712e+04 2.39584 5.546704e-01
7.570000e-01 3.656190e+00 2.291527e+00 2.674970e+00 1.084901e+01 1.070792e+04 1.486413e+04 2.39703 5.561799e-01
7.560000e-01 3.656190e+00 2.293551e+00 2.677253e+00 1.085824e+01 1.072094e+04 1.484935e+04 2.4009 5.567713e-01
7.550000e-01 3.656190e+00 2.293409e+00 2.676930e+00 1.086097e+01 1.074338e+04 1.484636e+04 2.40206 5.582757e-01
7.540000e-01 3.656190e+00 2.295449e+00 2.679234e+00 1.087027e+01 1.075621e+04 1.483147e+04 2.40597 5.588569e-01
7.530000e-01 3.656190e+00 2.295298e+00 2.678903e+00 1.087302e+01 1.077855e+04 1.482847e+04 2.40712 5.603592e-01
7.520000e-01 3.656190e+00 2.297350e+00 2.681221e+00 1.088240e+01 1.079117e+04 1.481346e+04 2.41105 5.609289e-01
7.510000e-01 3.656190e+00 2.297182e+00 2.680870e+00 1.088516e+01 1.081337e+04 1.481046e+04 2.41217 5.624253e-01
7.500000e-01 3.656190e+00 2.299249e+00 2.683206e+00 1.089460e+01 1.082574e+04 1.479535e+04 2.41614 5.629819e-01
7.490000e-01 3.656190e+00 2.299057e+00 2.682828e+00 1.089734e+01 1.084775e+04 1.479236e+04 2.41721 5.644699e-01
7.480000e-01 3.656190e+00 2.301139e+00 2.685179e+00 1.090685e+01 1.085978e+04 1.477717e+04 2.42122 5.650101e-01
7.470000e-01 3.656190e+00 2.300924e+00 2.684773e+00 1.090958e+01 1.088162e+04 1.477420e+04 2.42224 5.664916e-01
7.460000e-01 3.656190e+00 2.303027e+00 2.687150e+00 1.091917e+01 1.089348e+04 1.475889e+04 2.4263 5.670230e-01
7.450000e-01 3.656190e+00 2.302804e+00 2.686736e+00 1.092193e+01 1.091524e+04 1.475589e+04 2.42732 5.685048e-01
7.440000e-01 3.656190e+00 2.304917e+00 2.689124e+00 1.093162e+01 1.092693e+04 1.474043e+04 2.4314 5.690256e-01
7.430000e-01 3.656190e+00 2.304687e+00 2.688706e+00 1.093439e+01 1.094861e+04 1.473741e+04 2.43242 5.705066e-01
7.420000e-01 3.656190e+00 2.306812e+00 2.691108e+00 1.094416e+01 1.096013e+04 1.472181e+04 2.43652 5.710165e-01
7.410000e-01 3.656190e+00 2.306565e+00 2.690672e+00 1.094694e+01 1.098169e+04 1.471880e+04 2.43751 5.724937e-01
7.400000e-01 3.656190e+00 2.308743e+00 2.693145e+00 1.095688e+01 1.099293e+04 1.470294e+04 2.44168 5.729778e-01
7.390000e-01 3.656190e+00 2.308460e+00 2.692662e+00 1.095962e+01 1.101439e+04 1.469998e+04 2.44262 5.744579e-01
7.380000e-01 3.656190e+00 2.310637e+00 2.695132e+00 1.096960e+01 1.102547e+04 1.468405e+04 2.44681 5.749377e-01
7.370000e-01 3.656190e+00 2.310336e+00 2.694630e+00 1.097235e+01 1.104683e+04 1.468109e+04 2.44772 5.764157e-01
7.360000e-01 3.656190e+00 2.312528e+00 2.697117e+00 1.098242e+01 1.105768e+04 1.466502e+04 2.45194 5.768813e-01
7.350000e-01 3.656190e+00 2.312208e+00 2.696593e+00 1.098516e+01 1.107889e+04 1.466206e+04 2.45281 5.783541e-01
7.340000e-01 3.656190e+00 2.314414e+00 2.699097e+00 1.099530e+01 1.108947e+04 1.464589e+04 2.45706 5.788048e-01
7.330000e-01 3.656190e+00 2.314064e+00 2.698536e+00 1.099803e+01 1.111048e+04 1.464294e+04 2.45788 5.802688e-01
7.320000e-01 3.656190e+00 2.316289e+00 2.701061e+00 1.100824e+01 1.112076e+04 1.462667e+04 2.46217 5.807039e-01
7.310000e-01 3.656190e+00 2.315919e+00 2.700477e+00 1.101097e+01 1.114165e+04 1.462372e+04 2.46296 5.821659e-01
7.300000e-01 3.656190e+00 2.318162e+00 2.703024e+00 1.102128e+01 1.115177e+04 1.460728e+04 2.46729 5.825910e-01
7.290000e-01 3.656190e+00 2.317782e+00 2.702431e+00 1.102402e+01 1.117258e+04 1.460431e+04 2.46807 5.840533e-01
7.280000e-01 3.656190e+00 2.320038e+00 2.704992e+00 1.103444e+01 1.118253e+04 1.458771e+04 2.47242 5.844667e-01
7.270000e-01 3.656190e+00 2.319642e+00 2.704383e+00 1.103720e+01 1.120326e+04 1.458472e+04 2.47317 5.859281e-01
7.260000e-01 3.656190e+00 2.321912e+00 2.706962e+00 1.104771e+01 1.121299e+04 1.456797e+04 2.47755 5.863277e-01
7.250000e-01 3.656190e+00 2.321497e+00 2.706332e+00 1.105047e+01 1.123358e+04 1.456498e+04 2.47827 5.877850e-01
7.240000e-01 3.656190e+00 2.323783e+00 2.708929e+00 1.106106e+01 1.124310e+04 1.454809e+04 2.48269 5.881719e-01
7.230000e-01 3.656190e+00 2.323350e+00 2.708280e+00 1.106383e+01 1.126361e+04 1.454509e+04 2.48338 5.896286e-01
7.220000e-01 3.656190e+00 2.325651e+00 2.710897e+00 1.107453e+01 1.127293e+04 1.452804e+04 2.48782 5.900022e-01
7.210000e-01 3.656190e+00 2.325198e+00 2.710226e+00 1.107730e+01 1.129330e+04 1.452503e+04 2.48848 5.914554e-01
7.200000e-01 3.656190e+00 2.327515e+00 2.712861e+00 1.108808e+01 1.130238e+04 1.450785e+04 2.49295 5.918145e-01
7.190000e-01 3.656190e+00 2.327034e+00 2.712157e+00 1.109084e+01 1.132259e+04 1.450484e+04 2.49355 5.932617e-01
7.180000e-01 3.656190e+00 2.327043e+00 2.711931e+00 1.109451e+01 1.134070e+04 1.450024e+04 2.49557 5.946871e-01
7.170000e-01 3.656190e+00 2.330316e+00 2.715818e+00 1.110859e+01 1.134565e+04 1.447728e+04 2.50064 5.944812e-01
7.160000e-01 3.656190e+00 2.329780e+00 2.715045e+00 1.111130e+01 1.136565e+04 1.447433e+04 2.50116 5.959267e-01
7.150000e-01 3.656190e+00 2.329771e+00 2.714798e+00 1.111499e+01 1.138357e+04 1.446970e+04 2.50317 5.973503e-01
7.140000e-01 3.656190e+00 2.333080e+00 2.718727e+00 1.112928e+01 1.138822e+04 1.444641e+04 2.5083 5.971224e-01
7.130000e-01 3.656190e+00 2.332520e+00 2.717930e+00 1.113202e+01 1.140811e+04 1.444343e+04 2.50879 5.985690e-01
7.120000e-01 3.656190e+00 2.332487e+00 2.717656e+00 1.113573e+01 1.142588e+04 1.443876e+04 2.51077 5.999910e-01
7.110000e-01 3.656190e+00 2.335840e+00 2.721639e+00 1.115025e+01 1.143015e+04 1.441512e+04 2.51597 5.997334e-01
7.100000e-01 3.656190e+00 2.335247e+00 2.720806e+00 1.115299e+01 1.144986e+04 1.441212e+04 2.5164 6.011761e-01
7.090000e-01 3.656190e+00 2.335188e+00 2.720502e+00 1.115672e+01 1.146744e+04 1.440742e+04 2.51834 6.025931e-01
7.080000e-01 3.656190e+00 2.338589e+00 2.724545e+00 1.117146e+01 1.147133e+04 1.438345e+04 2.52363 6.023077e-01
7.070000e-01 3.656190e+00 2.337965e+00 2.723679e+00 1.117422e+01 1.149089e+04 1.438043e+04 2.52401 6.037492e-01
7.060000e-01 3.656190e+00 2.337879e+00 2.723345e+00 1.117796e+01 1.150829e+04 1.437571e+04 2.52591 6.051622e-01
7.050000e-01 3.656190e+00 2.341326e+00 2.727444e+00 1.119292e+01 1.151173e+04 1.435141e+04 2.53128 6.048447e-01
7.040000e-01 3.656190e+00 2.340659e+00 2.726528e+00 1.119566e+01 1.153105e+04 1.434840e+04 2.53158 6.062790e-01
7.030000e-01 3.656190e+00 2.340534e+00 2.726146e+00 1.119940e+01 1.154818e+04 1.434367e+04 2.53341 6.076812e-01
7.020000e-01 3.656190e+00 2.344071e+00 2.730361e+00 1.121464e+01 1.155105e+04 1.431898e+04 2.53892 6.073191e-01
7.010000e-01 3.656190e+00 2.343345e+00 2.729373e+00 1.121733e+01 1.157019e+04 1.431603e+04 2.53914 6.087550e-01
7.000000e-01 3.656190e+00 2.343197e+00 2.728962e+00 1.122108e+01 1.158714e+04 1.431128e+04 2.54095 6.101576e-01
6.990000e-01 3.656190e+00 2.346767e+00 2.733217e+00 1.123655e+01 1.158970e+04 1.428625e+04 2.54652 6.097716e-01
6.980000e-01 3.656190e+00 2.346012e+00 2.732197e+00 1.123926e+01 1.160872e+04 1.428327e+04 2.5467 6.112093e-01
6.970000e-01 3.656190e+00 2.345833e+00 2.731752e+00 1.124303e+01 1.162552e+04 1.427848e+04 2.54847 6.126106e-01
6.960000e-01 3.656190e+00 2.349452e+00 2.736068e+00 1.125875e+01 1.162766e+04 1.425305e+04 2.55411 6.121906e-01
6.950000e-01 3.656190e+00 2.348657e+00 2.735003e+00 1.126146e+01 1.164651e+04 1.425006e+04 2.55423 6.136253e-01
6.940000e-01 3.656190e+00 2.348449e+00 2.734526e+00 1.126525e+01 1.166313e+04 1.424523e+04 2.55594 6.150231e-01
6.930000e-01 3.656190e+00 2.352119e+00 2.738902e+00 1.128123e+01 1.166487e+04 1.421941e+04 2.56167 6.145707e-01
6.920000e-01 3.656190e+00 2.351285e+00 2.737797e+00 1.128394e+01 1.168358e+04 1.421640e+04 2.56172 6.160049e-01
6.910000e-01 3.656190e+00 2.351039e+00 2.737274e+00 1.128774e+01 1.170001e+04 1.421154e+04 2.56337 6.173980e-01
6.900000e-01 3.656190e+00 2.354762e+00 2.741716e+00 1.130395e+01 1.170128e+04 1.418535e+04 2.56918 6.169088e-01
6.890000e-01 3.656190e+00 2.353874e+00 2.740545e+00 1.130664e+01 1.171974e+04 1.418234e+04 2.56913 6.183357e-01
6.880000e-01 3.656190e+00 2.353587e+00 2.739971e+00 1.131043e+01 1.173590e+04 1.417746e+04 2.5707 6.197181e-01
6.870000e-01 3.656190e+00 2.357368e+00 2.744483e+00 1.132686e+01 1.173667e+04 1.415096e+04 2.57661 6.191936e-01
6.860000e-01 3.656190e+00 2.356437e+00 2.743263e+00 1.132954e+01 1.175496e+04 1.414793e+04 2.57649 6.206194e-01
6.850000e-01 3.656190e+00 2.356125e+00 2.742661e+00 1.133336e+01 1.177096e+04 1.414299e+04 2.57804 6.220015e-01
6.840000e-01 3.656190e+00 2.359986e+00 2.747278e+00 1.135016e+01 1.177132e+04 1.411589e+04 2.58404 6.214307e-01
6.830000e-01 3.656190e+00 2.358999e+00 2.745991e+00 1.135282e+01 1.178951e+04 1.411289e+04 2.58384 6.228636e-01
6.820000e-01 3.656190e+00 2.358644e+00 2.745337e+00 1.135663e+01 1.180536e+04 1.410793e+04 2.58532 6.242460e-01
6.810000e-01 3.656190e+00 2.362547e+00 2.750003e+00 1.137369e+01 1.180529e+04 1.408043e+04 2.59138 6.236393e-01
6.800000e-01 3.656190e+00 2.361513e+00 2.748663e+00 1.137633e+01 1.182331e+04 1.407741e+04 2.5911 6.250708e-01
6.790000e-01 3.656190e+00 2.361125e+00 2.747973e+00 1.138017e+01 1.183900e+04 1.407239e+04 2.59252 6.264510e-01
6.780000e-01 3.656190e+00 2.365082e+00 2.752705e+00 1.139752e+01 1.183850e+04 1.404445e+04 2.59866 6.258070e-01
6.770000e-01 3.656190e+00 2.364000e+00 2.751311e+00 1.140016e+01 1.185636e+04 1.404141e+04 2.59829 6.272375e-01
6.760000e-01 3.656190e+00 2.363569e+00 2.750571e+00 1.140400e+01 1.187184e+04 1.403636e+04 2.59965 6.286122e-01
6.750000e-01 3.656190e+00 2.367583e+00 2.755373e+00 1.142160e+01 1.187082e+04 1.400804e+04 2.60587 6.279274e-01
6.740000e-01 3.656190e+00 2.366440e+00 2.753906e+00 1.142421e+01 1.188843e+04 1.400501e+04 2.60539 6.293508e-01
6.730000e-01 3.656190e+00 2.369248e+00 2.757154e+00 1.143783e+01 1.189174e+04 1.398350e+04 2.61064 6.293023e-01
6.720000e-01 3.656190e+00 2.368066e+00 2.755641e+00 1.144041e+01 1.190927e+04 1.398048e+04 2.61011 6.307304e-01
6.710000e-01 3.656190e+00 2.370881e+00 2.758895e+00 1.145416e+01 1.191239e+04 1.395877e+04 2.61538 6.306693e-01
6.700000e-01 3.656190e+00 2.369671e+00 2.757354e+00 1.145676e+01 1.192985e+04 1.395573e+04 2.61481 6.320996e-01
6.690000e-01 3.656190e+00 2.372500e+00 2.760624e+00 1.147066e+01 1.193273e+04 1.393377e+04 2.62009 6.320192e-01
6.680000e-01 3.656190e+00 2.371255e+00 2.759043e+00 1.147325e+01 1.195008e+04 1.393072e+04 2.61945 6.334496e-01
6.670000e-01 3.656190e+00 2.374104e+00 2.762339e+00 1.148729e+01 1.195271e+04 1.390853e+04 2.62475 6.333482e-01
6.660000e-01 3.656190e+00 2.374923e+00 2.763221e+00 1.149573e+01 1.196252e+04 1.389570e+04 2.62709 6.339949e-01
6.650000e-01 3.656190e+00 2.373616e+00 2.761567e+00 1.149829e+01 1.197974e+04 1.389266e+04 2.62636 6.354297e-01
6.640000e-01 3.656190e+00 2.376478e+00 2.764879e+00 1.151252e+01 1.198203e+04 1.387017e+04 2.63167 6.353036e-01
6.630000e-01 3.656190e+00 2.377285e+00 2.765750e+00 1.152107e+01 1.199156e+04 1.385714e+04 2.63398 6.359342e-01
6.620000e-01 3.656190e+00 2.378064e+00 2.766585e+00 1.152958e+01 1.200104e+04 1.384417e+04 2.63625 6.365682e-01
6.610000e-01 3.656190e+00 2.378835e+00 2.767409e+00 1.153811e+01 1.201040e+04 1.383117e+04 2.6385 6.371958e-01
6.600000e-01 3.656190e+00 2.379599e+00 2.768225e+00 1.154666e+01 1.201963e+04 1.381813e+04 2.64074 6.378164e-01
6.590000e-01 3.656190e+00 2.380358e+00 2.769035e+00 1.155524e+01 1.202877e+04 1.380503e+04 2.64296 6.384319e-01
6.580000e-01 3.656190e+00 2.381112e+00 2.769840e+00 1.156387e+01 1.203782e+04 1.379185e+04 2.64518 6.390430e-01
6.570000e-01 3.656190e+00 2.381863e+00 2.770642e+00 1.157254e+01 1.204680e+04 1.377859e+04 2.64738 6.396493e-01
6.560000e-01 3.656190e+00 2.382609e+00 2.771441e+00 1.158126e+01 1.205570e+04 1.376525e+04 2.64957 6.402511e-01
6.550000e-01 3.656190e+00 2.383351e+00 2.772235e+00 1.159002e+01 1.206451e+04 1.375184e+04 2.65176 6.408477e-01
6.540000e-01 3.656190e+00 2.384089e+00 2.773025e+00 1.159883e+01 1.207322e+04 1.373837e+04 2.65393 6.414386e-01
6.530000e-01 3.656190e+00 2.384821e+00 2.773810e+00 1.160766e+01 1.208184e+04 1.372484e+04 2.65609 6.420238e-01
6.520000e-01 3.656190e+00 2.385548e+00 2.774589e+00 1.161655e+01 1.209036e+04 1.371124e+04 2.65823 6.426041e-01
6.510000e-01 3.656190e+00 2.386270e+00 2.775365e+00 1.162547e+01 1.209880e+04 1.369756e+04 2.66037 6.431794e-01
6.500000e-01 3.656190e+00 2.387020e+00 2.776184e+00 1.163453e+01 1.210709e+04 1.368370e+04 2.66252 6.437368e-01
6.490000e-01 3.656190e+00 2.387733e+00 2.776950e+00 1.164354e+01 1.211531e+04 1.366989e+04 2.66463 6.442997e-01
6.480000e-01 3.656190e+00 2.388438e+00 2.777709e+00 1.165257e+01 1.212344e+04 1.365603e+04 2.66672 6.448567e-01
6.470000e-01 3.656190e+00 2.389137e+00 2.778459e+00 1.166163e+01 1.213144e+04 1.364214e+04 2.6688 6.454064e-01
6.460000e-01 3.656190e+00 2.389828e+00 2.779199e+00 1.167072e+01 1.213931e+04 1.362820e+04 2.67085 6.459492e-01
6.450000e-01 3.656190e+00 2.390512e+00 2.779933e+00 1.167984e+01 1.214709e+04 1.361419e+04 2.67289 6.464866e-01
6.440000e-01 3.656190e+00 2.391190e+00 2.780661e+00 1.168902e+01 1.215479e+04 1.360010e+04 2.67492 6.470190e-01
6.430000e-01 3.656190e+00 2.391864e+00 2.781383e+00 1.169825e+01 1.216240e+04 1.358591e+04 2.67693 6.475458e-01
6.420000e-01 3.656190e+00 2.392532e+00 2.782102e+00 1.170753e+01 1.216993e+04 1.357164e+04 2.67892 6.480674e-01
6.410000e-01 3.656190e+00 2.393193e+00 2.782813e+00 1.171685e+01 1.217736e+04 1.355729e+04 2.6809 6.485828e-01
6.400000e-01 3.656190e+00 2.393847e+00 2.783516e+00 1.172622e+01 1.218469e+04 1.354287e+04 2.68285 6.490913e-01
6.390000e-01 3.656190e+00 2.394495e+00 2.784213e+00 1.173562e+01 1.219192e+04 1.352837e+04 2.68479 6.495937e-01
6.380000e-01 3.656190e+00 2.395135e+00 2.784901e+00 1.174508e+01 1.219906e+04 1.351378e+04 2.68671 6.500903e-01
6.370000e-01 3.656190e+00 2.395770e+00 2.785584e+00 1.175458e+01 1.220610e+04 1.349912e+04 2.68861 6.505810e-01
6.360000e-01 3.656190e+00 2.396397e+00 2.786261e+00 1.176413e+01 1.221305e+04 1.348438e+04 2.69049 6.510652e-01
6.350000e-01 3.656190e+00 2.397018e+00 2.786929e+00 1.177371e+01 1.221988e+04 1.346959e+04 2.69235 6.515425e-01
6.340000e-01 3.656190e+00 2.397661e+00 2.787634e+00 1.178342e+01 1.222654e+04 1.345462e+04 2.69422 6.520009e-01
6.330000e-01 3.656190e+00 2.398266e+00 2.788285e+00 1.179306e+01 1.223312e+04 1.343971e+04 2.69604 6.524630e-01
6.320000e-01 3.656190e+00 2.398862e+00 2.788925e+00 1.180273e+01 1.223958e+04 1.342476e+04 2.69784 6.529185e-01
6.310000e-01 3.656190e+00 2.399450e+00 2.789557e+00 1.181246e+01 1.224597e+04 1.340972e+04 2.69961 6.533686e-01
6.300000e-01 3.656190e+00 2.400031e+00 2.790181e+00 1.182225e+01 1.225225e+04 1.339458e+04 2.70137 6.538124e-01
6.290000e-01 3.656190e+00 2.400605e+00 2.790799e+00 1.183210e+01 1.225845e+04 1.337934e+04 2.7031 6.542501e-01
6.280000e-01 3.656190e+00 2.401171e+00 2.791409e+00 1.184199e+01 1.226456e+04 1.336400e+04 2.70481 6.546811e-01
6.270000e-01 3.656190e+00 2.401728e+00 2.792008e+00 1.185194e+01 1.227055e+04 1.334858e+04 2.70649 6.551046e-01
6.260000e-01 3.656190e+00 2.402276e+00 2.792598e+00 1.186192e+01 1.227644e+04 1.333308e+04 2.70815 6.555207e-01
6.250000e-01 3.656190e+00 2.402816e+00 2.793179e+00 1.187196e+01 1.228224e+04 1.331749e+04 2.70978 6.559302e-01
6.240000e-01 3.656190e+00 2.403348e+00 2.793752e+00 1.188206e+01 1.228794e+04 1.330180e+04 2.71139 6.563332e-01
6.230000e-01 3.656190e+00 2.403872e+00 2.794318e+00 1.189220e+01 1.229353e+04 1.328603e+04 2.71297 6.567292e-01
6.220000e-01 3.656190e+00 2.404389e+00 2.794875e+00 1.190239e+01 1.229901e+04 1.327019e+04 2.71453 6.571182e-01
6.210000e-01 3.656190e+00 2.404897e+00 2.795424e+00 1.191263e+01 1.230438e+04 1.325430e+04 2.71608 6.575002e-01
6.200000e-01 3.656190e+00 2.405396e+00 2.795963e+00 1.192289e+01 1.230961e+04 1.323836e+04 2.71759 6.578746e-01
6.190000e-01 3.656190e+00 2.405915e+00 2.796530e+00 1.193327e+01 1.231465e+04 1.322225e+04 2.71912 6.582293e-01
6.180000e-01 3.656190e+00 2.406396e+00 2.797049e+00 1.194362e+01 1.231966e+04 1.320617e+04 2.72059 6.585889e-01
6.170000e-01 3.656190e+00 2.406868e+00 2.797557e+00 1.195404e+01 1.232457e+04 1.318998e+04 2.72203 6.589424e-01
6.160000e-01 3.656190e+00 2.407330e+00 2.798054e+00 1.196452e+01 1.232938e+04 1.317368e+04 2.72344 6.592884e-01
6.150000e-01 3.656190e+00 2.407784e+00 2.798544e+00 1.197506e+01 1.233410e+04 1.315728e+04 2.72483 6.596276e-01
6.140000e-01 3.656190e+00 2.408228e+00 2.799024e+00 1.198566e+01 1.233870e+04 1.314079e+04 2.72619 6.599592e-01
6.130000e-01 3.656190e+00 2.408664e+00 2.799494e+00 1.199631e+01 1.234319e+04 1.312422e+04 2.72752 6.602834e-01
6.120000e-01 3.656190e+00 2.409090e+00 2.799956e+00 1.200701e+01 1.234758e+04 1.310757e+04 2.72883 6.606007e-01
6.110000e-01 3.656190e+00 2.409508e+00 2.800407e+00 1.201779e+01 1.235187e+04 1.309080e+04 2.73011 6.609110e-01
6.100000e-01 3.656190e+00 2.409915e+00 2.800849e+00 1.202861e+01 1.235604e+04 1.307396e+04 2.73136 6.612136e-01
6.090000e-01 3.656190e+00 2.410313e+00 2.801280e+00 1.203950e+01 1.236011e+04 1.305702e+04 2.73258 6.615081e-01
6.080000e-01 3.656190e+00 2.410699e+00 2.801699e+00 1.205042e+01 1.236405e+04 1.304001e+04 2.73376 6.617941e-01
6.070000e-01 3.656190e+00 2.411073e+00 2.802103e+00 1.206138e+01 1.236787e+04 1.302294e+04 2.73491 6.620707e-01
6.060000e-01 3.656190e+00 2.411463e+00 2.802530e+00 1.207245e+01 1.237149e+04 1.300569e+04 2.73605 6.623264e-01
6.050000e-01 3.656190e+00 2.411815e+00 2.802908e+00 1.208350e+01 1.237507e+04 1.298846e+04 2.73713 6.625861e-01
6.040000e-01 3.656190e+00 2.412155e+00 2.803275e+00 1.209463e+01 1.237854e+04 1.297111e+04 2.73818 6.628385e-01
6.030000e-01 3.656190e+00 2.412486e+00 2.803629e+00 1.210582e+01 1.238191e+04 1.295365e+04 2.73919 6.630831e-01
6.020000e-01 3.656190e+00 2.412806e+00 2.803975e+00 1.211709e+01 1.238518e+04 1.293609e+04 2.74018 6.633203e-01
6.010000e-01 3.656190e+00 2.413117e+00 2.804310e+00 1.212842e+01 1.238833e+04 1.291843e+04 2.74113 6.635498e-01
6.000000e-01 3.656190e+00 2.413418e+00 2.804635e+00 1.213981e+01 1.239136e+04 1.290069e+04 2.74206 6.637714e-01
5.990000e-01 3.656190e+00 2.413708e+00 2.804949e+00 1.215127e+01 1.239429e+04 1.288285e+04 2.74296 6.639851e-01
5.980000e-01 3.656190e+00 2.413987e+00 2.805250e+00 1.216280e+01 1.239710e+04 1.286489e+04 2.74382 6.641911e-01
5.970000e-01 3.656190e+00 2.414255e+00 2.805542e+00 1.217440e+01 1.239980e+04 1.284685e+04 2.74465 6.643889e-01
5.960000e-01 3.656190e+00 2.414513e+00 2.805822e+00 1.218605e+01 1.240238e+04 1.282872e+04 2.74545 6.645784e-01
5.950000e-01 3.656190e+00 2.414761e+00 2.806092e+00 1.219776e+01 1.240484e+04 1.281052e+04 2.74621 6.647598e-01
5.940000e-01 3.656190e+00 2.414997e+00 2.806349e+00 1.220951e+01 1.240717e+04 1.279227e+04 2.74695 6.649326e-01
5.930000e-01 3.656190e+00 2.415247e+00 2.806626e+00 1.222138e+01 1.240930e+04 1.277385e+04 2.74768 6.650845e-01
5.920000e-01 3.656190e+00 2.415458e+00 2.806853e+00 1.223324e+01 1.241138e+04 1.275542e+04 2.74833 6.652391e-01
5.910000e-01 3.656190e+00 2.415656e+00 2.807065e+00 1.224518e+01 1.241336e+04 1.273686e+04 2.74895 6.653854e-01
5.900000e-01 3.656190e+00 2.415841e+00 2.807263e+00 1.225720e+01 1.241522e+04 1.271818e+04 2.74952 6.655225e-01
5.890000e-01 3.656190e+00 2.416013e+00 2.807449e+00 1.226930e+01 1.241697e+04 1.269938e+04 2.75006 6.656503e-01
5.880000e-01 3.656190e+00 2.416173e+00 2.807619e+00 1.228147e+01 1.241860e+04 1.268048e+04 2.75055 6.657690e-01
5.870000e-01 3.656190e+00 2.416321e+00 2.807779e+00 1.229371e+01 1.242011e+04 1.266149e+04 2.75101 6.658790e-01
5.860000e-01 3.656190e+00 2.416457e+00 2.807925e+00 1.230602e+01 1.242151e+04 1.264238e+04 2.75143 6.659805e-01
5.850000e-01 3.656190e+00 2.416582e+00 2.808061e+00 1.231842e+01 1.242279e+04 1.262317e+04 2.75182 6.660741e-01
5.840000e-01 3.656190e+00 2.416697e+00 2.808188e+00 1.233089e+01 1.242395e+04 1.260387e+04 2.75217 6.661596e-01
5.830000e-01 3.656190e+00 2.416800e+00 2.808299e+00 1.234342e+01 1.242498e+04 1.258448e+04 2.7525 6.662362e-01
5.820000e-01 3.656190e+00 2.416892e+00 2.808400e+00 1.235602e+01 1.242589e+04 1.256503e+04 2.75279 6.663046e-01
5.810000e-01 3.656190e+00 2.417000e+00 2.808526e+00 1.236874e+01 1.242660e+04 1.254542e+04 2.75307 6.663530e-01
5.800000e-01 3.656190e+00 2.417069e+00 2.808599e+00 1.238143e+01 1.242725e+04 1.252585e+04 2.7533 6.664034e-01
5.790000e-01 3.656190e+00 2.417122e+00 2.808655e+00 1.239422e+01 1.242778e+04 1.250615e+04 2.75347 6.664451e-01
5.780000e-01 3.656190e+00 2.417162e+00 2.808696e+00 1.240709e+01 1.242819e+04 1.248632e+04 2.75361 6.664772e-01
5.770000e-01 3.656190e+00 2.417187e+00 2.808722e+00 1.242006e+01 1.242849e+04 1.246636e+04 2.75369 6.664989e-01
5.760000e-01 3.656190e+00 2.417199e+00 2.808733e+00 1.243311e+01 1.242867e+04 1.244627e+04 2.75372 6.665108e-01
5.750000e-01 3.656190e+00 2.417198e+00 2.808731e+00 1.244624e+01 1.242872e+04 1.242609e+04 2.75372 6.665130e-01
5.751497e-01 3.656190e+00 2.417200e+00 2.808729e+00 1.244429e+01 1.242868e+04 1.242905e+04 2.75371 6.665093e-01
