1.000000e+00 3.721740e+00 2.087325e+00 2.468882e+00 9.782341e+00 0.000000e+00 1.720772e+04 0 0.000000e+00
9.990000e-01 3.721740e+00 2.089431e+00 2.470682e+00 9.792711e+00 7.246930e+02 1.708293e+04 1.88983 3.569503e-02
9.980000e-01 3.721740e+00 2.089673e+00 2.470676e+00 9.794195e+00 1.019502e+03 1.703993e+04 1.99324 5.295156e-02
9.970000e-01 3.721740e+00 2.090703e+00 2.471816e+00 9.798740e+00 1.246448e+03 1.700491e+04 1.89435 6.146643e-02
9.960000e-01 3.721740e+00 2.090922e+00 2.471769e+00 9.800315e+00 1.438544e+03 1.697772e+04 1.93818 7.256542e-02
9.950000e-01 3.721740e+00 2.091945e+00 2.472855e+00 9.804866e+00 1.604925e+03 1.695093e+04 1.89731 7.917332e-02
9.940000e-01 3.721740e+00 2.092237e+00 2.472912e+00 9.806546e+00 1.761198e+03 1.692931e+04 1.92748 8.823957e-02
9.930000e-01 3.721740e+00 2.093237e+00 2.473991e+00 9.811029e+00 1.902867e+03 1.690607e+04 1.90034 9.390521e-02
9.920000e-01 3.721740e+00 2.093878e+00 2.474571e+00 9.814052e+00 2.036962e+03 1.688600e+04 1.90184 1.005404e-01
9.910000e-01 3.721740e+00 2.094549e+00 2.475200e+00 9.817118e+00 2.163027e+03 1.686704e+04 1.90336 1.067798e-01
9.900000e-01 3.721740e+00 2.094781e+00 2.475241e+00 9.818880e+00 2.283620e+03 1.685081e+04 1.91313 1.132864e-01
9.890000e-01 3.721740e+00 2.095223e+00 2.475552e+00 9.821119e+00 2.397640e+03 1.683512e+04 1.92196 1.194414e-01
9.880000e-01 3.721740e+00 2.096611e+00 2.477189e+00 9.826345e+00 2.503975e+03 1.681565e+04 1.908 1.236690e-01
9.870000e-01 3.721740e+00 2.096855e+00 2.477261e+00 9.828111e+00 2.608595e+03 1.680186e+04 1.91548 1.293107e-01
9.860000e-01 3.721740e+00 2.097283e+00 2.477561e+00 9.830331e+00 2.708290e+03 1.678828e+04 1.92254 1.346928e-01
9.850000e-01 3.721740e+00 2.098666e+00 2.479188e+00 9.835551e+00 2.801579e+03 1.677057e+04 1.91268 1.384347e-01
9.840000e-01 3.721740e+00 2.098905e+00 2.479254e+00 9.837329e+00 2.895313e+03 1.675842e+04 1.91877 1.434892e-01
9.830000e-01 3.721740e+00 2.099343e+00 2.479567e+00 9.839577e+00 2.985544e+03 1.674620e+04 1.92497 1.483774e-01
9.820000e-01 3.721740e+00 2.100735e+00 2.481206e+00 9.844835e+00 3.070240e+03 1.672957e+04 1.91741 1.517858e-01
9.810000e-01 3.721740e+00 2.100974e+00 2.481274e+00 9.846626e+00 3.155877e+03 1.671862e+04 1.92257 1.564043e-01
9.800000e-01 3.721740e+00 2.101405e+00 2.481578e+00 9.848883e+00 3.238554e+03 1.670747e+04 1.92799 1.608876e-01
9.790000e-01 3.721740e+00 2.102809e+00 2.483228e+00 9.854180e+00 3.316043e+03 1.669170e+04 1.92217 1.640209e-01
9.780000e-01 3.721740e+00 2.103033e+00 2.483273e+00 9.855973e+00 3.395084e+03 1.668172e+04 1.92658 1.682804e-01
9.770000e-01 3.721740e+00 2.103441e+00 2.483542e+00 9.858223e+00 3.471332e+03 1.667148e+04 1.93129 1.724133e-01
9.760000e-01 3.721740e+00 2.104864e+00 2.485203e+00 9.863575e+00 3.542066e+03 1.665647e+04 1.92693 1.752920e-01
9.750000e-01 3.721740e+00 2.105574e+00 2.485887e+00 9.866782e+00 3.613821e+03 1.664511e+04 1.92855 1.788725e-01
9.740000e-01 3.721740e+00 2.105742e+00 2.485846e+00 9.868536e+00 3.686182e+03 1.663618e+04 1.93225 1.827752e-01
9.730000e-01 3.721740e+00 2.106152e+00 2.486106e+00 9.870828e+00 3.756694e+03 1.662673e+04 1.93662 1.866203e-01
9.720000e-01 3.721740e+00 2.107655e+00 2.487866e+00 9.876386e+00 3.822727e+03 1.661203e+04 1.9334 1.893145e-01
9.710000e-01 3.721740e+00 2.107842e+00 2.487854e+00 9.878168e+00 3.891863e+03 1.660361e+04 1.93692 1.930550e-01
9.700000e-01 3.721740e+00 2.108263e+00 2.488134e+00 9.880481e+00 3.959223e+03 1.659463e+04 1.94104 1.967349e-01
9.690000e-01 3.721740e+00 2.109762e+00 2.489894e+00 9.886056e+00 4.022358e+03 1.658030e+04 1.93828 1.993051e-01
9.680000e-01 3.721740e+00 2.109965e+00 2.489909e+00 9.887863e+00 4.088361e+03 1.657233e+04 1.9416 2.028829e-01
9.670000e-01 3.721740e+00 2.110389e+00 2.490196e+00 9.890183e+00 4.152522e+03 1.656379e+04 1.94542 2.063890e-01
9.660000e-01 3.721740e+00 2.111888e+00 2.491958e+00 9.895765e+00 4.212334e+03 1.654986e+04 1.94319 2.088261e-01
9.650000e-01 3.721740e+00 2.112088e+00 2.491970e+00 9.897578e+00 4.275212e+03 1.654232e+04 1.94624 2.122351e-01
9.640000e-01 3.721740e+00 2.112515e+00 2.492262e+00 9.899914e+00 4.336536e+03 1.653417e+04 1.94988 2.155946e-01
9.630000e-01 3.721740e+00 2.114025e+00 2.494039e+00 9.905534e+00 4.393756e+03 1.652051e+04 1.94814 2.179328e-01
9.620000e-01 3.721740e+00 2.114228e+00 2.494058e+00 9.907362e+00 4.454115e+03 1.651334e+04 1.951 2.212088e-01
9.610000e-01 3.721740e+00 2.114653e+00 2.494347e+00 9.909706e+00 4.512863e+03 1.650555e+04 1.95442 2.244293e-01
9.600000e-01 3.721740e+00 2.116173e+00 2.496136e+00 9.915361e+00 4.567493e+03 1.649218e+04 1.95311 2.266676e-01
9.590000e-01 3.721740e+00 2.116370e+00 2.496146e+00 9.917197e+00 4.625468e+03 1.648535e+04 1.95578 2.298159e-01
9.580000e-01 3.721740e+00 2.116786e+00 2.496422e+00 9.919548e+00 4.681842e+03 1.647788e+04 1.95901 2.329095e-01
9.570000e-01 3.721740e+00 2.118321e+00 2.498223e+00 9.925245e+00 4.733758e+03 1.646476e+04 1.9581 2.350420e-01
9.560000e-01 3.721740e+00 2.118490e+00 2.498193e+00 9.927067e+00 4.789164e+03 1.645829e+04 1.96051 2.380476e-01
9.550000e-01 3.721740e+00 2.118897e+00 2.498450e+00 9.929429e+00 4.843276e+03 1.645110e+04 1.96362 2.410265e-01
9.540000e-01 3.721740e+00 2.120461e+00 2.500281e+00 9.935213e+00 4.893349e+03 1.643806e+04 1.96312 2.430967e-01
9.530000e-01 3.721740e+00 2.120641e+00 2.500262e+00 9.937072e+00 4.947458e+03 1.643176e+04 1.96551 2.460426e-01
9.520000e-01 3.721740e+00 2.121060e+00 2.500534e+00 9.939473e+00 5.000269e+03 1.642472e+04 1.96856 2.489568e-01
9.510000e-01 3.721740e+00 2.122634e+00 2.502381e+00 9.945315e+00 5.049007e+03 1.641176e+04 1.9682 2.509645e-01
9.500000e-01 3.721740e+00 2.122827e+00 2.502382e+00 9.947200e+00 5.101637e+03 1.640566e+04 1.97054 2.538353e-01
9.490000e-01 3.721740e+00 2.123254e+00 2.502668e+00 9.949620e+00 5.152974e+03 1.639881e+04 1.97351 2.566727e-01
9.480000e-01 3.721740e+00 2.124832e+00 2.504522e+00 9.955488e+00 5.200227e+03 1.638600e+04 1.97333 2.586184e-01
9.470000e-01 3.721740e+00 2.125026e+00 2.504528e+00 9.957385e+00 5.251268e+03 1.638011e+04 1.97556 2.614046e-01
9.460000e-01 3.721740e+00 2.125451e+00 2.504812e+00 9.959813e+00 5.301012e+03 1.637347e+04 1.97842 2.641574e-01
9.450000e-01 3.721740e+00 2.127040e+00 2.506680e+00 9.965719e+00 5.346747e+03 1.636078e+04 1.97848 2.660464e-01
9.440000e-01 3.721740e+00 2.127238e+00 2.506691e+00 9.967636e+00 5.396510e+03 1.635506e+04 1.98065 2.687677e-01
9.430000e-01 3.721740e+00 2.127668e+00 2.506982e+00 9.970086e+00 5.445023e+03 1.634856e+04 1.98346 2.714580e-01
9.420000e-01 3.721740e+00 2.129267e+00 2.508863e+00 9.976036e+00 5.489395e+03 1.633596e+04 1.98368 2.732897e-01
9.410000e-01 3.721740e+00 2.129461e+00 2.508870e+00 9.977962e+00 5.537775e+03 1.633041e+04 1.98576 2.759370e-01
9.400000e-01 3.721740e+00 2.129887e+00 2.509157e+00 9.980421e+00 5.584908e+03 1.632408e+04 1.98847 2.785545e-01
9.390000e-01 3.721740e+00 2.131500e+00 2.511052e+00 9.986412e+00 5.627771e+03 1.631158e+04 1.98891 2.803285e-01
9.380000e-01 3.721740e+00 2.132230e+00 2.511763e+00 9.989851e+00 5.672861e+03 1.630361e+04 1.99061 2.826234e-01
9.370000e-01 3.721740e+00 2.132969e+00 2.512482e+00 9.993316e+00 5.717315e+03 1.629566e+04 1.99235 2.848896e-01
9.360000e-01 3.721740e+00 2.133708e+00 2.513199e+00 9.996795e+00 5.761413e+03 1.628774e+04 1.9941 2.871392e-01
9.350000e-01 3.721740e+00 2.134451e+00 2.513921e+00 1.000029e+01 5.805311e+03 1.627983e+04 1.99585 2.893799e-01
9.340000e-01 3.721740e+00 2.135198e+00 2.514647e+00 1.000381e+01 5.849007e+03 1.627193e+04 1.99761 2.916114e-01
9.330000e-01 3.721740e+00 2.135950e+00 2.515380e+00 1.000734e+01 5.892446e+03 1.626405e+04 1.99939 2.938308e-01
9.320000e-01 3.721740e+00 2.136704e+00 2.516116e+00 1.001089e+01 5.935591e+03 1.625620e+04 2.00116 2.960362e-01
9.310000e-01 3.721740e+00 2.137460e+00 2.516857e+00 1.001444e+01 5.978443e+03 1.624837e+04 2.00294 2.982276e-01
9.300000e-01 3.721740e+00 2.138219e+00 2.517601e+00 1.001800e+01 6.020994e+03 1.624058e+04 2.00473 3.004047e-01
9.290000e-01 3.721740e+00 2.138980e+00 2.518348e+00 1.002157e+01 6.063199e+03 1.623282e+04 2.00652 3.025652e-01
9.280000e-01 3.721740e+00 2.139740e+00 2.519096e+00 1.002514e+01 6.105028e+03 1.622510e+04 2.00831 3.047077e-01
9.270000e-01 3.721740e+00 2.140502e+00 2.519845e+00 1.002872e+01 6.146521e+03 1.621742e+04 2.0101 3.068342e-01
9.260000e-01 3.721740e+00 2.141266e+00 2.520596e+00 1.003231e+01 6.187770e+03 1.620975e+04 2.0119 3.089495e-01
9.250000e-01 3.721740e+00 2.142032e+00 2.521351e+00 1.003591e+01 6.228787e+03 1.620210e+04 2.01371 3.110540e-01
9.240000e-01 3.721740e+00 2.142801e+00 2.522109e+00 1.003953e+01 6.269532e+03 1.619447e+04 2.01552 3.131456e-01
9.230000e-01 3.721740e+00 2.143571e+00 2.522868e+00 1.004315e+01 6.309954e+03 1.618687e+04 2.01734 3.152219e-01
9.220000e-01 3.721740e+00 2.144386e+00 2.523687e+00 1.004687e+01 6.350033e+03 1.617915e+04 2.01921 3.172776e-01
9.210000e-01 3.721740e+00 2.145116e+00 2.524393e+00 1.005043e+01 6.389907e+03 1.617172e+04 2.02098 3.193324e-01
9.200000e-01 3.721740e+00 2.145930e+00 2.525210e+00 1.005416e+01 6.429322e+03 1.616406e+04 2.02286 3.213566e-01
9.190000e-01 3.721740e+00 2.146701e+00 2.525969e+00 1.005781e+01 6.468361e+03 1.615657e+04 2.02469 3.233671e-01
9.180000e-01 3.721740e+00 2.147470e+00 2.526723e+00 1.006146e+01 6.506986e+03 1.614911e+04 2.02651 3.253581e-01
9.170000e-01 3.721740e+00 2.148238e+00 2.527475e+00 1.006512e+01 6.545380e+03 1.614166e+04 2.02834 3.273387e-01
9.160000e-01 3.721740e+00 2.149011e+00 2.528232e+00 1.006881e+01 6.583644e+03 1.613421e+04 2.03017 3.293138e-01
9.150000e-01 3.721740e+00 2.149787e+00 2.528993e+00 1.007251e+01 6.621774e+03 1.612675e+04 2.03202 3.312829e-01
9.140000e-01 3.721740e+00 2.150567e+00 2.529760e+00 1.007623e+01 6.659725e+03 1.611930e+04 2.03388 3.332438e-01
9.130000e-01 3.721740e+00 2.151349e+00 2.530530e+00 1.007995e+01 6.697457e+03 1.611187e+04 2.03573 3.351942e-01
9.120000e-01 3.721740e+00 2.152133e+00 2.531304e+00 1.008369e+01 6.734979e+03 1.610444e+04 2.0376 3.371348e-01
9.110000e-01 3.721740e+00 2.152920e+00 2.532080e+00 1.008743e+01 6.772266e+03 1.609704e+04 2.03947 3.390642e-01
9.100000e-01 3.721740e+00 2.153707e+00 2.532859e+00 1.009118e+01 6.809281e+03 1.608966e+04 2.04134 3.409807e-01
9.090000e-01 3.721740e+00 2.154494e+00 2.533638e+00 1.009494e+01 6.846003e+03 1.608230e+04 2.04321 3.428831e-01
9.080000e-01 3.721740e+00 2.155282e+00 2.534417e+00 1.009870e+01 6.882490e+03 1.607496e+04 2.04508 3.447746e-01
9.070000e-01 3.721740e+00 2.156073e+00 2.535200e+00 1.010248e+01 6.918804e+03 1.606763e+04 2.04696 3.466583e-01
9.060000e-01 3.721740e+00 2.156865e+00 2.535987e+00 1.010627e+01 6.954940e+03 1.606031e+04 2.04885 3.485337e-01
9.050000e-01 3.721740e+00 2.157660e+00 2.536775e+00 1.011007e+01 6.990864e+03 1.605300e+04 2.05074 3.503992e-01
9.040000e-01 3.721740e+00 2.158456e+00 2.537565e+00 1.011387e+01 7.026552e+03 1.604570e+04 2.05264 3.522537e-01
9.030000e-01 3.721740e+00 2.159253e+00 2.538357e+00 1.011769e+01 7.062027e+03 1.603842e+04 2.05454 3.540983e-01
9.020000e-01 3.721740e+00 2.160051e+00 2.539149e+00 1.012152e+01 7.097261e+03 1.603114e+04 2.05644 3.559317e-01
9.010000e-01 3.721740e+00 2.160848e+00 2.539939e+00 1.012535e+01 7.132196e+03 1.602389e+04 2.05835 3.577508e-01
9.000000e-01 3.721740e+00 2.161643e+00 2.540726e+00 1.012919e+01 7.166796e+03 1.601667e+04 2.06025 3.595541e-01
8.990000e-01 3.721740e+00 2.162438e+00 2.541511e+00 1.013303e+01 7.201138e+03 1.600946e+04 2.06216 3.613455e-01
8.980000e-01 3.721740e+00 2.163235e+00 2.542297e+00 1.013689e+01 7.235368e+03 1.600224e+04 2.06407 3.631324e-01
8.970000e-01 3.721740e+00 2.164035e+00 2.543088e+00 1.014077e+01 7.269519e+03 1.599501e+04 2.06599 3.649161e-01
8.960000e-01 3.721740e+00 2.164840e+00 2.543884e+00 1.014467e+01 7.303561e+03 1.598778e+04 2.06792 3.666951e-01
8.950000e-01 3.721740e+00 2.165647e+00 2.544685e+00 1.014859e+01 7.337458e+03 1.598054e+04 2.06986 3.684675e-01
8.940000e-01 3.721740e+00 2.166457e+00 2.545489e+00 1.015252e+01 7.371200e+03 1.597331e+04 2.07181 3.702326e-01
8.930000e-01 3.721740e+00 2.167269e+00 2.546296e+00 1.015645e+01 7.404780e+03 1.596608e+04 2.07376 3.719902e-01
8.920000e-01 3.721740e+00 2.168083e+00 2.547106e+00 1.016040e+01 7.438153e+03 1.595886e+04 2.07571 3.737380e-01
8.910000e-01 3.721740e+00 2.168896e+00 2.547916e+00 1.016435e+01 7.471293e+03 1.595166e+04 2.07766 3.754747e-01
8.900000e-01 3.721740e+00 2.169710e+00 2.548727e+00 1.016830e+01 7.504220e+03 1.594448e+04 2.07962 3.772014e-01
8.890000e-01 3.721740e+00 2.170526e+00 2.549540e+00 1.017227e+01 7.536996e+03 1.593729e+04 2.08158 3.789212e-01
8.880000e-01 3.721740e+00 2.171344e+00 2.550356e+00 1.017625e+01 7.569630e+03 1.593011e+04 2.08355 3.806347e-01
8.870000e-01 3.721740e+00 2.172164e+00 2.551174e+00 1.018025e+01 7.602101e+03 1.592293e+04 2.08552 3.823405e-01
8.860000e-01 3.721740e+00 2.172984e+00 2.551994e+00 1.018425e+01 7.634386e+03 1.591576e+04 2.0875 3.840378e-01
8.850000e-01 3.721740e+00 2.173806e+00 2.552816e+00 1.018826e+01 7.666492e+03 1.590859e+04 2.08948 3.857268e-01
8.840000e-01 3.721740e+00 2.174629e+00 2.553638e+00 1.019228e+01 7.698412e+03 1.590143e+04 2.09146 3.874072e-01
8.830000e-01 3.721740e+00 2.175452e+00 2.554459e+00 1.019631e+01 7.730091e+03 1.589428e+04 2.09345 3.890763e-01
8.820000e-01 3.721740e+00 2.176273e+00 2.555278e+00 1.020035e+01 7.761495e+03 1.588715e+04 2.09543 3.907324e-01
8.810000e-01 3.721740e+00 2.177093e+00 2.556093e+00 1.020439e+01 7.792666e+03 1.588003e+04 2.09742 3.923777e-01
8.800000e-01 3.721740e+00 2.177914e+00 2.556910e+00 1.020844e+01 7.823738e+03 1.587290e+04 2.09941 3.940191e-01
8.790000e-01 3.721740e+00 2.178740e+00 2.557732e+00 1.021252e+01 7.854746e+03 1.586575e+04 2.10141 3.956581e-01
8.780000e-01 3.721740e+00 2.179569e+00 2.558558e+00 1.021662e+01 7.885681e+03 1.585859e+04 2.10342 3.972942e-01
8.770000e-01 3.721740e+00 2.180401e+00 2.559388e+00 1.022073e+01 7.916504e+03 1.585142e+04 2.10544 3.989253e-01
8.760000e-01 3.721740e+00 2.181235e+00 2.560222e+00 1.022486e+01 7.947210e+03 1.584425e+04 2.10747 4.005511e-01
8.750000e-01 3.721740e+00 2.182072e+00 2.561060e+00 1.022900e+01 7.977796e+03 1.583707e+04 2.1095 4.021713e-01
8.740000e-01 3.721740e+00 2.182910e+00 2.561899e+00 1.023315e+01 8.008211e+03 1.582990e+04 2.11153 4.037836e-01
8.730000e-01 3.721740e+00 2.183749e+00 2.562740e+00 1.023730e+01 8.038439e+03 1.582274e+04 2.11357 4.053870e-01
8.720000e-01 3.721740e+00 2.184588e+00 2.563580e+00 1.024147e+01 8.068485e+03 1.581558e+04 2.11561 4.069819e-01
8.710000e-01 3.721740e+00 2.185429e+00 2.564424e+00 1.024564e+01 8.098412e+03 1.580842e+04 2.11765 4.085714e-01
8.700000e-01 3.721740e+00 2.186271e+00 2.565269e+00 1.024983e+01 8.128213e+03 1.580125e+04 2.1197 4.101554e-01
8.690000e-01 3.721740e+00 2.187159e+00 2.566177e+00 1.025412e+01 8.157834e+03 1.579395e+04 2.1218 4.117244e-01
8.680000e-01 3.721740e+00 2.188006e+00 2.567028e+00 1.025834e+01 8.187345e+03 1.578678e+04 2.12386 4.132948e-01
8.670000e-01 3.721740e+00 2.188853e+00 2.567880e+00 1.026256e+01 8.216701e+03 1.577961e+04 2.12593 4.148582e-01
8.660000e-01 3.721740e+00 2.189700e+00 2.568731e+00 1.026679e+01 8.245890e+03 1.577244e+04 2.12799 4.164139e-01
8.650000e-01 3.721740e+00 2.190546e+00 2.569582e+00 1.027103e+01 8.274865e+03 1.576529e+04 2.13006 4.179595e-01
8.640000e-01 3.721740e+00 2.191391e+00 2.570429e+00 1.027528e+01 8.303602e+03 1.575814e+04 2.13212 4.194940e-01
8.630000e-01 3.721740e+00 2.192236e+00 2.571274e+00 1.027953e+01 8.332157e+03 1.575099e+04 2.13419 4.210202e-01
8.620000e-01 3.721740e+00 2.193082e+00 2.572122e+00 1.028380e+01 8.360644e+03 1.574383e+04 2.13626 4.225440e-01
8.610000e-01 3.721740e+00 2.193932e+00 2.572974e+00 1.028809e+01 8.389074e+03 1.573665e+04 2.13835 4.240657e-01
8.600000e-01 3.721740e+00 2.194786e+00 2.573830e+00 1.029240e+01 8.417437e+03 1.572945e+04 2.14044 4.255847e-01
8.590000e-01 3.721740e+00 2.195642e+00 2.574690e+00 1.029673e+01 8.445703e+03 1.572224e+04 2.14254 4.270994e-01
8.580000e-01 3.721740e+00 2.196501e+00 2.575554e+00 1.030108e+01 8.473879e+03 1.571502e+04 2.14465 4.286102e-01
8.570000e-01 3.721740e+00 2.197361e+00 2.576421e+00 1.030544e+01 8.501941e+03 1.570780e+04 2.14676 4.301158e-01
8.560000e-01 3.721740e+00 2.198223e+00 2.577290e+00 1.030980e+01 8.529856e+03 1.570057e+04 2.14887 4.316144e-01
8.550000e-01 3.721740e+00 2.199086e+00 2.578159e+00 1.031418e+01 8.557606e+03 1.569334e+04 2.15099 4.331053e-01
8.540000e-01 3.721740e+00 2.199949e+00 2.579029e+00 1.031857e+01 8.585223e+03 1.568611e+04 2.15311 4.345901e-01
8.530000e-01 3.721740e+00 2.200813e+00 2.579902e+00 1.032297e+01 8.612738e+03 1.567887e+04 2.15524 4.360705e-01
8.520000e-01 3.721740e+00 2.201680e+00 2.580778e+00 1.032738e+01 8.640145e+03 1.567163e+04 2.15737 4.375460e-01
8.510000e-01 3.721740e+00 2.202548e+00 2.581655e+00 1.033181e+01 8.667428e+03 1.566437e+04 2.1595 4.390159e-01
8.500000e-01 3.721740e+00 2.203417e+00 2.582534e+00 1.033625e+01 8.694570e+03 1.565712e+04 2.16164 4.404792e-01
8.490000e-01 3.721740e+00 2.204287e+00 2.583413e+00 1.034070e+01 8.721574e+03 1.564986e+04 2.16378 4.419363e-01
8.480000e-01 3.721740e+00 2.205157e+00 2.584292e+00 1.034515e+01 8.748410e+03 1.564260e+04 2.16593 4.433856e-01
8.470000e-01 3.721740e+00 2.206025e+00 2.585169e+00 1.034961e+01 8.775040e+03 1.563534e+04 2.16807 4.448251e-01
8.460000e-01 3.721740e+00 2.206892e+00 2.586042e+00 1.035408e+01 8.801470e+03 1.562809e+04 2.17022 4.462554e-01
8.450000e-01 3.721740e+00 2.207759e+00 2.586917e+00 1.035857e+01 8.827802e+03 1.562083e+04 2.17237 4.476817e-01
8.440000e-01 3.721740e+00 2.208630e+00 2.587794e+00 1.036307e+01 8.854083e+03 1.561354e+04 2.17452 4.491063e-01
8.430000e-01 3.721740e+00 2.209504e+00 2.588676e+00 1.036760e+01 8.880309e+03 1.560624e+04 2.17669 4.505289e-01
8.420000e-01 3.721740e+00 2.210381e+00 2.589561e+00 1.037214e+01 8.906459e+03 1.559891e+04 2.17887 4.519481e-01
8.410000e-01 3.721740e+00 2.211260e+00 2.590451e+00 1.037671e+01 8.932526e+03 1.559157e+04 2.18105 4.533639e-01
8.400000e-01 3.721740e+00 2.212142e+00 2.591343e+00 1.038129e+01 8.958514e+03 1.558422e+04 2.18323 4.547760e-01
8.390000e-01 3.721740e+00 2.213024e+00 2.592238e+00 1.038588e+01 8.984374e+03 1.557685e+04 2.18542 4.561823e-01
8.380000e-01 3.721740e+00 2.213908e+00 2.593134e+00 1.039048e+01 9.010100e+03 1.556949e+04 2.18762 4.575824e-01
8.370000e-01 3.721740e+00 2.214792e+00 2.594030e+00 1.039509e+01 9.035688e+03 1.556212e+04 2.18981 4.589760e-01
8.360000e-01 3.721740e+00 2.215678e+00 2.594929e+00 1.039972e+01 9.061193e+03 1.555473e+04 2.19202 4.603661e-01
8.350000e-01 3.721740e+00 2.216565e+00 2.595829e+00 1.040436e+01 9.086595e+03 1.554734e+04 2.19422 4.617517e-01
8.340000e-01 3.721740e+00 2.217454e+00 2.596733e+00 1.040901e+01 9.111900e+03 1.553993e+04 2.19644 4.631329e-01
8.330000e-01 3.721740e+00 2.218343e+00 2.597637e+00 1.041368e+01 9.137076e+03 1.553251e+04 2.19865 4.645081e-01
8.320000e-01 3.721740e+00 2.219234e+00 2.598542e+00 1.041836e+01 9.162123e+03 1.552509e+04 2.20087 4.658775e-01
8.310000e-01 3.721740e+00 2.220124e+00 2.599448e+00 1.042305e+01 9.187035e+03 1.551766e+04 2.20309 4.672406e-01
8.300000e-01 3.721740e+00 2.221013e+00 2.600350e+00 1.042775e+01 9.211746e+03 1.551024e+04 2.20531 4.685943e-01
8.290000e-01 3.721740e+00 2.221901e+00 2.601251e+00 1.043245e+01 9.236292e+03 1.550281e+04 2.20753 4.699403e-01
8.280000e-01 3.721740e+00 2.222788e+00 2.602150e+00 1.043716e+01 9.260715e+03 1.549538e+04 2.20976 4.712812e-01
8.270000e-01 3.721740e+00 2.223679e+00 2.603053e+00 1.044190e+01 9.285102e+03 1.548791e+04 2.21199 4.726210e-01
8.260000e-01 3.721740e+00 2.224572e+00 2.603960e+00 1.044666e+01 9.309431e+03 1.548043e+04 2.21423 4.739586e-01
8.250000e-01 3.721740e+00 2.225468e+00 2.604870e+00 1.045144e+01 9.333691e+03 1.547291e+04 2.21648 4.752933e-01
8.240000e-01 3.721740e+00 2.226367e+00 2.605784e+00 1.045624e+01 9.357882e+03 1.546539e+04 2.21873 4.766251e-01
8.230000e-01 3.721740e+00 2.227310e+00 2.606761e+00 1.046115e+01 9.381949e+03 1.545770e+04 2.22105 4.779433e-01
8.220000e-01 3.721740e+00 2.228213e+00 2.607681e+00 1.046598e+01 9.405956e+03 1.545014e+04 2.22331 4.792665e-01
8.210000e-01 3.721740e+00 2.229116e+00 2.608601e+00 1.047082e+01 9.429836e+03 1.544257e+04 2.22558 4.805839e-01
8.200000e-01 3.721740e+00 2.230019e+00 2.609522e+00 1.047568e+01 9.453601e+03 1.543499e+04 2.22785 4.818962e-01
8.190000e-01 3.721740e+00 2.230924e+00 2.610445e+00 1.048055e+01 9.477280e+03 1.542739e+04 2.23013 4.832047e-01
8.180000e-01 3.721740e+00 2.231830e+00 2.611371e+00 1.048544e+01 9.500879e+03 1.541978e+04 2.23241 4.845097e-01
8.170000e-01 3.721740e+00 2.232738e+00 2.612298e+00 1.049034e+01 9.524380e+03 1.541215e+04 2.23469 4.858104e-01
8.160000e-01 3.721740e+00 2.233646e+00 2.613226e+00 1.049525e+01 9.547764e+03 1.540451e+04 2.23698 4.871056e-01
8.150000e-01 3.721740e+00 2.234555e+00 2.614155e+00 1.050018e+01 9.571030e+03 1.539686e+04 2.23928 4.883955e-01
8.140000e-01 3.721740e+00 2.235463e+00 2.615083e+00 1.050512e+01 9.594159e+03 1.538920e+04 2.24157 4.896789e-01
8.130000e-01 3.721740e+00 2.236370e+00 2.616009e+00 1.051006e+01 9.617111e+03 1.538154e+04 2.24386 4.909540e-01
8.120000e-01 3.721740e+00 2.237275e+00 2.616932e+00 1.051501e+01 9.639903e+03 1.537387e+04 2.24615 4.922218e-01
8.110000e-01 3.721740e+00 2.238181e+00 2.617855e+00 1.051998e+01 9.662612e+03 1.536619e+04 2.24845 4.934863e-01
8.100000e-01 3.721740e+00 2.239089e+00 2.618782e+00 1.052498e+01 9.685278e+03 1.535848e+04 2.25076 4.947494e-01
8.090000e-01 3.721740e+00 2.240000e+00 2.619711e+00 1.052999e+01 9.707881e+03 1.535074e+04 2.25307 4.960098e-01
8.080000e-01 3.721740e+00 2.240914e+00 2.620645e+00 1.053503e+01 9.730428e+03 1.534297e+04 2.25539 4.972680e-01
8.070000e-01 3.721740e+00 2.241829e+00 2.621581e+00 1.054008e+01 9.752901e+03 1.533518e+04 2.25772 4.985231e-01
8.060000e-01 3.721740e+00 2.242747e+00 2.622520e+00 1.054516e+01 9.775301e+03 1.532737e+04 2.26005 4.997748e-01
8.050000e-01 3.721740e+00 2.243665e+00 2.623461e+00 1.055024e+01 9.797594e+03 1.531954e+04 2.26238 5.010216e-01
8.040000e-01 3.721740e+00 2.244584e+00 2.624402e+00 1.055534e+01 9.819771e+03 1.531170e+04 2.26472 5.022631e-01
8.030000e-01 3.721740e+00 2.245503e+00 2.625344e+00 1.056046e+01 9.841855e+03 1.530384e+04 2.26706 5.035003e-01
8.020000e-01 3.721740e+00 2.246423e+00 2.626288e+00 1.056559e+01 9.863860e+03 1.529597e+04 2.2694 5.047342e-01
8.010000e-01 3.721740e+00 2.247346e+00 2.627235e+00 1.057074e+01 9.885789e+03 1.528807e+04 2.27175 5.059647e-01
8.000000e-01 3.721740e+00 2.248269e+00 2.628183e+00 1.057591e+01 9.907620e+03 1.528015e+04 2.27411 5.071908e-01
7.990000e-01 3.721740e+00 2.249192e+00 2.629131e+00 1.058109e+01 9.929332e+03 1.527222e+04 2.27647 5.084113e-01
7.980000e-01 3.721740e+00 2.250116e+00 2.630079e+00 1.058628e+01 9.950937e+03 1.526427e+04 2.27882 5.096270e-01
7.970000e-01 3.721740e+00 2.251038e+00 2.631026e+00 1.059149e+01 9.972391e+03 1.525632e+04 2.28118 5.108355e-01
7.960000e-01 3.721740e+00 2.251958e+00 2.631970e+00 1.059669e+01 9.993680e+03 1.524837e+04 2.28354 5.120363e-01
7.950000e-01 3.721740e+00 2.252878e+00 2.632912e+00 1.060191e+01 1.001485e+04 1.524040e+04 2.2859 5.132317e-01
7.940000e-01 3.721740e+00 2.253799e+00 2.633855e+00 1.060716e+01 1.003597e+04 1.523239e+04 2.28826 5.144254e-01
7.930000e-01 3.721740e+00 2.254722e+00 2.634802e+00 1.061243e+01 1.005703e+04 1.522436e+04 2.29064 5.156172e-01
7.920000e-01 3.721740e+00 2.255648e+00 2.635752e+00 1.061772e+01 1.007804e+04 1.521630e+04 2.29302 5.168064e-01
7.910000e-01 3.721740e+00 2.256575e+00 2.636705e+00 1.062303e+01 1.009898e+04 1.520821e+04 2.2954 5.179932e-01
7.900000e-01 3.721740e+00 2.257505e+00 2.637660e+00 1.062836e+01 1.011986e+04 1.520009e+04 2.29779 5.191767e-01
7.890000e-01 3.721740e+00 2.258435e+00 2.638618e+00 1.063371e+01 1.014064e+04 1.519195e+04 2.30019 5.203562e-01
7.880000e-01 3.721740e+00 2.259366e+00 2.639576e+00 1.063908e+01 1.016132e+04 1.518380e+04 2.30258 5.215307e-01
7.870000e-01 3.721740e+00 2.260297e+00 2.640534e+00 1.064446e+01 1.018190e+04 1.517562e+04 2.30498 5.227006e-01
7.860000e-01 3.721740e+00 2.261229e+00 2.641494e+00 1.064985e+01 1.020241e+04 1.516742e+04 2.30739 5.238675e-01
7.850000e-01 3.721740e+00 2.262163e+00 2.642457e+00 1.065527e+01 1.022284e+04 1.515920e+04 2.3098 5.250313e-01
7.840000e-01 3.721740e+00 2.263097e+00 2.643421e+00 1.066071e+01 1.024319e+04 1.515095e+04 2.31221 5.261909e-01
7.830000e-01 3.721740e+00 2.263166e+00 2.643337e+00 1.066340e+01 1.026761e+04 1.514785e+04 2.31371 5.277554e-01
7.820000e-01 3.721740e+00 2.264983e+00 2.645372e+00 1.067166e+01 1.028352e+04 1.513437e+04 2.31707 5.284930e-01
7.810000e-01 3.721740e+00 2.265026e+00 2.645256e+00 1.067433e+01 1.030778e+04 1.513130e+04 2.31852 5.300494e-01
7.800000e-01 3.721740e+00 2.266847e+00 2.647294e+00 1.068261e+01 1.032336e+04 1.511778e+04 2.32191 5.307730e-01
7.790000e-01 3.721740e+00 2.266867e+00 2.647150e+00 1.068527e+01 1.034739e+04 1.511473e+04 2.3233 5.323177e-01
7.780000e-01 3.721740e+00 2.268708e+00 2.649210e+00 1.069363e+01 1.036273e+04 1.510112e+04 2.32674 5.330318e-01
7.770000e-01 3.721740e+00 2.268724e+00 2.649064e+00 1.069631e+01 1.038668e+04 1.509806e+04 2.32814 5.345760e-01
7.760000e-01 3.721740e+00 2.270575e+00 2.651135e+00 1.070474e+01 1.040188e+04 1.508432e+04 2.33161 5.352820e-01
7.750000e-01 3.721740e+00 2.270589e+00 2.650988e+00 1.070744e+01 1.042574e+04 1.508125e+04 2.333 5.368245e-01
7.740000e-01 3.721740e+00 2.272450e+00 2.653072e+00 1.071595e+01 1.044078e+04 1.506740e+04 2.33649 5.375219e-01
7.730000e-01 3.721740e+00 2.272457e+00 2.652919e+00 1.071866e+01 1.046452e+04 1.506433e+04 2.33788 5.390605e-01
7.720000e-01 3.721740e+00 2.274369e+00 2.655073e+00 1.072732e+01 1.047930e+04 1.505025e+04 2.34144 5.397346e-01
7.710000e-01 3.721740e+00 2.274339e+00 2.654873e+00 1.072999e+01 1.050291e+04 1.504725e+04 2.34277 5.412728e-01
7.700000e-01 3.721740e+00 2.276249e+00 2.657020e+00 1.073868e+01 1.051750e+04 1.503313e+04 2.34635 5.419422e-01
7.690000e-01 3.721740e+00 2.276211e+00 2.656812e+00 1.074136e+01 1.054101e+04 1.503013e+04 2.34767 5.434778e-01
7.680000e-01 3.721740e+00 2.278132e+00 2.658973e+00 1.075012e+01 1.055540e+04 1.501591e+04 2.35128 5.441370e-01
7.670000e-01 3.721740e+00 2.278081e+00 2.658751e+00 1.075281e+01 1.057876e+04 1.501291e+04 2.35258 5.456666e-01
7.660000e-01 3.721740e+00 2.280016e+00 2.660927e+00 1.076163e+01 1.059290e+04 1.499859e+04 2.35622 5.463135e-01
7.650000e-01 3.721740e+00 2.279946e+00 2.660685e+00 1.076431e+01 1.061608e+04 1.499560e+04 2.35748 5.478346e-01
7.640000e-01 3.721740e+00 2.281893e+00 2.662874e+00 1.077318e+01 1.062989e+04 1.498123e+04 2.36115 5.484659e-01
7.630000e-01 3.721740e+00 2.281800e+00 2.662602e+00 1.077586e+01 1.065285e+04 1.497825e+04 2.36236 5.499769e-01
7.620000e-01 3.721740e+00 2.283767e+00 2.664815e+00 1.078480e+01 1.066644e+04 1.496377e+04 2.36609 5.505986e-01
7.610000e-01 3.721740e+00 2.283667e+00 2.664537e+00 1.078749e+01 1.068932e+04 1.496079e+04 2.3673 5.521096e-01
7.600000e-01 3.721740e+00 2.285646e+00 2.666764e+00 1.079652e+01 1.070276e+04 1.494618e+04 2.37106 5.527223e-01
7.590000e-01 3.721740e+00 2.285541e+00 2.666482e+00 1.079923e+01 1.072556e+04 1.494317e+04 2.37226 5.542323e-01
7.580000e-01 3.721740e+00 2.287530e+00 2.668721e+00 1.080835e+01 1.073883e+04 1.492843e+04 2.37604 5.548350e-01
7.570000e-01 3.721740e+00 2.287415e+00 2.668431e+00 1.081107e+01 1.076151e+04 1.492542e+04 2.37723 5.563414e-01
7.560000e-01 3.721740e+00 2.289416e+00 2.670684e+00 1.082025e+01 1.077456e+04 1.491058e+04 2.38103 5.569323e-01
7.550000e-01 3.721740e+00 2.289284e+00 2.670373e+00 1.082298e+01 1.079709e+04 1.490757e+04 2.38219 5.584333e-01
7.540000e-01 3.721740e+00 2.291302e+00 2.672647e+00 1.083224e+01 1.080995e+04 1.489261e+04 2.38603 5.590138e-01
7.530000e-01 3.721740e+00 2.291161e+00 2.672330e+00 1.083498e+01 1.083239e+04 1.488959e+04 2.38718 5.605129e-01
7.520000e-01 3.721740e+00 2.293190e+00 2.674616e+00 1.084431e+01 1.084503e+04 1.487451e+04 2.39105 5.610819e-01
7.510000e-01 3.721740e+00 2.293033e+00 2.674280e+00 1.084706e+01 1.086733e+04 1.487150e+04 2.39217 5.625753e-01
7.500000e-01 3.721740e+00 2.295077e+00 2.676584e+00 1.085646e+01 1.087972e+04 1.485632e+04 2.39607 5.631312e-01
7.490000e-01 3.721740e+00 2.294896e+00 2.676221e+00 1.085919e+01 1.090182e+04 1.485331e+04 2.39714 5.646162e-01
7.480000e-01 3.721740e+00 2.296954e+00 2.678540e+00 1.086865e+01 1.091389e+04 1.483805e+04 2.40108 5.651558e-01
7.470000e-01 3.721740e+00 2.296750e+00 2.678148e+00 1.087138e+01 1.093581e+04 1.483506e+04 2.4021 5.666339e-01
7.460000e-01 3.721740e+00 2.298829e+00 2.680493e+00 1.088093e+01 1.094769e+04 1.481968e+04 2.40609 5.671644e-01
7.450000e-01 3.721740e+00 2.298616e+00 2.680093e+00 1.088367e+01 1.096954e+04 1.481667e+04 2.40712 5.686428e-01
7.440000e-01 3.721740e+00 2.300707e+00 2.682450e+00 1.089331e+01 1.098125e+04 1.480113e+04 2.41113 5.691628e-01
7.430000e-01 3.721740e+00 2.300487e+00 2.682045e+00 1.089608e+01 1.100302e+04 1.479811e+04 2.41214 5.706404e-01
7.420000e-01 3.721740e+00 2.302628e+00 2.684473e+00 1.090589e+01 1.101451e+04 1.478230e+04 2.41622 5.711373e-01
7.410000e-01 3.721740e+00 2.302370e+00 2.684019e+00 1.090862e+01 1.103618e+04 1.477934e+04 2.41718 5.726175e-01
7.400000e-01 3.721740e+00 2.304508e+00 2.686437e+00 1.091847e+01 1.104745e+04 1.476346e+04 2.42126 5.731062e-01
7.390000e-01 3.721740e+00 2.304234e+00 2.685967e+00 1.092120e+01 1.106900e+04 1.476050e+04 2.4222 5.745831e-01
7.380000e-01 3.721740e+00 2.306389e+00 2.688406e+00 1.093114e+01 1.108010e+04 1.474449e+04 2.42632 5.750619e-01
7.370000e-01 3.721740e+00 2.306098e+00 2.687917e+00 1.093387e+01 1.110154e+04 1.474152e+04 2.42724 5.765367e-01
7.360000e-01 3.721740e+00 2.308267e+00 2.690373e+00 1.094390e+01 1.111241e+04 1.472537e+04 2.43138 5.770014e-01
7.350000e-01 3.721740e+00 2.307957e+00 2.689862e+00 1.094663e+01 1.113370e+04 1.472240e+04 2.43226 5.784710e-01
7.340000e-01 3.721740e+00 2.310140e+00 2.692335e+00 1.095673e+01 1.114430e+04 1.470614e+04 2.43644 5.789209e-01
7.330000e-01 3.721740e+00 2.309800e+00 2.691789e+00 1.095945e+01 1.116539e+04 1.470319e+04 2.43726 5.803818e-01
7.320000e-01 3.721740e+00 2.312002e+00 2.694281e+00 1.096961e+01 1.117568e+04 1.468683e+04 2.44148 5.808158e-01
7.310000e-01 3.721740e+00 2.311642e+00 2.693712e+00 1.097233e+01 1.119666e+04 1.468387e+04 2.44227 5.822742e-01
7.300000e-01 3.721740e+00 2.313862e+00 2.696227e+00 1.098260e+01 1.120678e+04 1.466736e+04 2.44653 5.826983e-01
7.290000e-01 3.721740e+00 2.313492e+00 2.695647e+00 1.098533e+01 1.122768e+04 1.466437e+04 2.44731 5.841570e-01
7.280000e-01 3.721740e+00 2.315724e+00 2.698177e+00 1.099570e+01 1.123763e+04 1.464769e+04 2.45159 5.845694e-01
7.270000e-01 3.721740e+00 2.315338e+00 2.697582e+00 1.099845e+01 1.125844e+04 1.464469e+04 2.45234 5.860272e-01
7.260000e-01 3.721740e+00 2.317585e+00 2.700128e+00 1.100891e+01 1.126818e+04 1.462786e+04 2.45665 5.864258e-01
7.250000e-01 3.721740e+00 2.317180e+00 2.699512e+00 1.101166e+01 1.128885e+04 1.462486e+04 2.45737 5.878796e-01
7.240000e-01 3.721740e+00 2.319442e+00 2.702078e+00 1.102221e+01 1.129838e+04 1.460789e+04 2.46171 5.882654e-01
7.230000e-01 3.721740e+00 2.319019e+00 2.701442e+00 1.102497e+01 1.131896e+04 1.460487e+04 2.46241 5.897185e-01
7.220000e-01 3.721740e+00 2.321297e+00 2.704027e+00 1.103562e+01 1.132828e+04 1.458773e+04 2.46677 5.900911e-01
7.210000e-01 3.721740e+00 2.320854e+00 2.703369e+00 1.103838e+01 1.134874e+04 1.458471e+04 2.46743 5.915408e-01
7.200000e-01 3.721740e+00 2.323148e+00 2.705973e+00 1.104912e+01 1.135782e+04 1.456744e+04 2.47183 5.918988e-01
7.190000e-01 3.721740e+00 2.322676e+00 2.705283e+00 1.105187e+01 1.137811e+04 1.456443e+04 2.47244 5.933427e-01
7.180000e-01 3.721740e+00 2.325024e+00 2.707959e+00 1.106277e+01 1.138684e+04 1.454691e+04 2.47691 5.936709e-01
7.170000e-01 3.721740e+00 2.324501e+00 2.707201e+00 1.106545e+01 1.140697e+04 1.454398e+04 2.47743 5.951138e-01
7.160000e-01 3.721740e+00 2.324491e+00 2.706949e+00 1.106909e+01 1.142501e+04 1.453938e+04 2.47942 5.965376e-01
7.150000e-01 3.721740e+00 2.327758e+00 2.710825e+00 1.108325e+01 1.142972e+04 1.451610e+04 2.48445 5.963175e-01
7.140000e-01 3.721740e+00 2.327215e+00 2.710049e+00 1.108596e+01 1.144973e+04 1.451312e+04 2.48495 5.977603e-01
7.130000e-01 3.721740e+00 2.327185e+00 2.709774e+00 1.108963e+01 1.146764e+04 1.450847e+04 2.48691 5.991830e-01
7.120000e-01 3.721740e+00 2.330499e+00 2.713709e+00 1.110404e+01 1.147200e+04 1.448479e+04 2.49201 5.989325e-01
7.110000e-01 3.721740e+00 2.329928e+00 2.712903e+00 1.110677e+01 1.149185e+04 1.448178e+04 2.49247 6.003732e-01
7.100000e-01 3.721740e+00 2.329869e+00 2.712596e+00 1.111045e+01 1.150957e+04 1.447711e+04 2.49438 6.017908e-01
7.090000e-01 3.721740e+00 2.333230e+00 2.716587e+00 1.112508e+01 1.151351e+04 1.445310e+04 2.49956 6.015104e-01
7.080000e-01 3.721740e+00 2.332627e+00 2.715748e+00 1.112782e+01 1.153321e+04 1.445008e+04 2.49997 6.029496e-01
7.070000e-01 3.721740e+00 2.332545e+00 2.715414e+00 1.113152e+01 1.155076e+04 1.444537e+04 2.50185 6.043644e-01
7.060000e-01 3.721740e+00 2.335952e+00 2.719463e+00 1.114638e+01 1.155430e+04 1.442101e+04 2.50711 6.040543e-01
7.050000e-01 3.721740e+00 2.335311e+00 2.718581e+00 1.114911e+01 1.157380e+04 1.441799e+04 2.50745 6.054883e-01
7.040000e-01 3.721740e+00 2.335194e+00 2.718206e+00 1.115282e+01 1.159110e+04 1.441326e+04 2.50927 6.068947e-01
7.030000e-01 3.721740e+00 2.338686e+00 2.722366e+00 1.116795e+01 1.159407e+04 1.438850e+04 2.51466 6.065382e-01
7.020000e-01 3.721740e+00 2.337978e+00 2.721399e+00 1.117062e+01 1.161333e+04 1.438556e+04 2.51489 6.079696e-01
7.010000e-01 3.721740e+00 2.337833e+00 2.720989e+00 1.117433e+01 1.163039e+04 1.438083e+04 2.51668 6.093715e-01
7.000000e-01 3.721740e+00 2.341364e+00 2.725194e+00 1.118966e+01 1.163300e+04 1.435578e+04 2.52215 6.089920e-01
6.990000e-01 3.721740e+00 2.340628e+00 2.724199e+00 1.119235e+01 1.165214e+04 1.435281e+04 2.52235 6.104259e-01
6.980000e-01 3.721740e+00 2.340454e+00 2.723757e+00 1.119608e+01 1.166908e+04 1.434804e+04 2.5241 6.118280e-01
6.970000e-01 3.721740e+00 2.344032e+00 2.728019e+00 1.121169e+01 1.167130e+04 1.432257e+04 2.52963 6.114156e-01
6.960000e-01 3.721740e+00 2.343261e+00 2.726986e+00 1.121438e+01 1.169028e+04 1.431957e+04 2.52977 6.128478e-01
6.950000e-01 3.721740e+00 2.343053e+00 2.726505e+00 1.121812e+01 1.170702e+04 1.431477e+04 2.53147 6.142453e-01
6.940000e-01 3.721740e+00 2.346683e+00 2.730831e+00 1.123397e+01 1.170882e+04 1.428893e+04 2.53709 6.138002e-01
6.930000e-01 3.721740e+00 2.345872e+00 2.729754e+00 1.123667e+01 1.172766e+04 1.428591e+04 2.53717 6.152320e-01
6.920000e-01 3.721740e+00 2.345635e+00 2.729240e+00 1.124043e+01 1.174424e+04 1.428106e+04 2.53882 6.166270e-01
6.910000e-01 3.721740e+00 2.349314e+00 2.733625e+00 1.125653e+01 1.174559e+04 1.425482e+04 2.54451 6.161460e-01
6.900000e-01 3.721740e+00 2.348458e+00 2.732496e+00 1.125922e+01 1.176423e+04 1.425180e+04 2.5445 6.175730e-01
6.890000e-01 3.721740e+00 2.348177e+00 2.731928e+00 1.126297e+01 1.178056e+04 1.424693e+04 2.54607 6.189590e-01
6.880000e-01 3.721740e+00 2.351945e+00 2.736429e+00 1.127937e+01 1.178133e+04 1.422025e+04 2.55189 6.184280e-01
6.870000e-01 3.721740e+00 2.351018e+00 2.735211e+00 1.128199e+01 1.179975e+04 1.421729e+04 2.55177 6.198544e-01
6.860000e-01 3.721740e+00 2.350707e+00 2.734607e+00 1.128575e+01 1.181588e+04 1.421240e+04 2.5533 6.212384e-01
6.850000e-01 3.721740e+00 2.354515e+00 2.739153e+00 1.130238e+01 1.181630e+04 1.418534e+04 2.55918 6.206796e-01
6.840000e-01 3.721740e+00 2.353551e+00 2.737896e+00 1.130502e+01 1.183461e+04 1.418234e+04 2.55901 6.221089e-01
6.830000e-01 3.721740e+00 2.353203e+00 2.737249e+00 1.130879e+01 1.185059e+04 1.417740e+04 2.56049 6.234928e-01
6.820000e-01 3.721740e+00 2.357063e+00 2.741861e+00 1.132572e+01 1.185059e+04 1.414987e+04 2.56643 6.228950e-01
6.810000e-01 3.721740e+00 2.356051e+00 2.740548e+00 1.132835e+01 1.186873e+04 1.414685e+04 2.56618 6.243224e-01
6.800000e-01 3.721740e+00 2.355668e+00 2.739860e+00 1.133213e+01 1.188453e+04 1.414187e+04 2.5676 6.257024e-01
6.790000e-01 3.721740e+00 2.359584e+00 2.744541e+00 1.134934e+01 1.188409e+04 1.411390e+04 2.57362 6.250675e-01
6.780000e-01 3.721740e+00 2.358526e+00 2.743178e+00 1.135197e+01 1.190209e+04 1.411085e+04 2.57329 6.264956e-01
6.770000e-01 3.721740e+00 2.358104e+00 2.742445e+00 1.135577e+01 1.191772e+04 1.410583e+04 2.57464 6.278726e-01
6.760000e-01 3.721740e+00 2.362076e+00 2.747195e+00 1.137326e+01 1.191679e+04 1.407743e+04 2.58075 6.271968e-01
6.750000e-01 3.721740e+00 2.360963e+00 2.745768e+00 1.137587e+01 1.193456e+04 1.407439e+04 2.58031 6.286196e-01
6.740000e-01 3.721740e+00 2.360493e+00 2.744976e+00 1.137965e+01 1.194992e+04 1.406934e+04 2.58158 6.299873e-01
6.730000e-01 3.721740e+00 2.364559e+00 2.749848e+00 1.139747e+01 1.194840e+04 1.404050e+04 2.58782 6.292603e-01
6.720000e-01 3.721740e+00 2.363380e+00 2.748339e+00 1.140002e+01 1.196601e+04 1.403750e+04 2.58728 6.306868e-01
6.710000e-01 3.721740e+00 2.366167e+00 2.751554e+00 1.141371e+01 1.196908e+04 1.401569e+04 2.59247 6.306249e-01
6.700000e-01 3.721740e+00 2.364966e+00 2.750027e+00 1.141629e+01 1.198661e+04 1.401265e+04 2.5919 6.320516e-01
6.690000e-01 3.721740e+00 2.367771e+00 2.753265e+00 1.143014e+01 1.198944e+04 1.399057e+04 2.5971 6.319690e-01
6.680000e-01 3.721740e+00 2.366536e+00 2.751697e+00 1.143271e+01 1.200687e+04 1.398751e+04 2.59648 6.333958e-01
6.670000e-01 3.721740e+00 2.369361e+00 2.754961e+00 1.144671e+01 1.200944e+04 1.396521e+04 2.6017 6.332923e-01
6.660000e-01 3.721740e+00 2.368085e+00 2.753347e+00 1.144927e+01 1.202676e+04 1.396213e+04 2.601 6.347189e-01
6.650000e-01 3.721740e+00 2.370932e+00 2.756639e+00 1.146342e+01 1.202909e+04 1.393958e+04 2.60624 6.345953e-01
6.640000e-01 3.721740e+00 2.371737e+00 2.757507e+00 1.147191e+01 1.203873e+04 1.392654e+04 2.60852 6.352285e-01
6.630000e-01 3.721740e+00 2.370399e+00 2.755821e+00 1.147444e+01 1.205591e+04 1.392349e+04 2.60773 6.366589e-01
6.620000e-01 3.721740e+00 2.373289e+00 2.759170e+00 1.148884e+01 1.205782e+04 1.390054e+04 2.61301 6.364967e-01
6.610000e-01 3.721740e+00 2.374048e+00 2.759976e+00 1.149733e+01 1.206718e+04 1.388747e+04 2.61522 6.371225e-01
6.600000e-01 3.721740e+00 2.374805e+00 2.760783e+00 1.150584e+01 1.207641e+04 1.387436e+04 2.61743 6.377400e-01
6.590000e-01 3.721740e+00 2.375557e+00 2.761584e+00 1.151439e+01 1.208555e+04 1.386120e+04 2.61961 6.383525e-01
6.580000e-01 3.721740e+00 2.376303e+00 2.762380e+00 1.152298e+01 1.209462e+04 1.384795e+04 2.62179 6.389605e-01
6.570000e-01 3.721740e+00 2.377046e+00 2.763172e+00 1.153162e+01 1.210360e+04 1.383463e+04 2.62396 6.395639e-01
6.560000e-01 3.721740e+00 2.377785e+00 2.763962e+00 1.154031e+01 1.211250e+04 1.382123e+04 2.62612 6.401626e-01
6.550000e-01 3.721740e+00 2.378520e+00 2.764747e+00 1.154904e+01 1.212131e+04 1.380776e+04 2.62827 6.407562e-01
6.540000e-01 3.721740e+00 2.379250e+00 2.765528e+00 1.155780e+01 1.213003e+04 1.379422e+04 2.6304 6.413441e-01
6.530000e-01 3.721740e+00 2.379975e+00 2.766304e+00 1.156660e+01 1.213864e+04 1.378063e+04 2.63252 6.419263e-01
6.520000e-01 3.721740e+00 2.380726e+00 2.767120e+00 1.157554e+01 1.214711e+04 1.376684e+04 2.63467 6.424913e-01
6.510000e-01 3.721740e+00 2.381443e+00 2.767890e+00 1.158444e+01 1.215555e+04 1.375309e+04 2.63677 6.430630e-01
6.500000e-01 3.721740e+00 2.382154e+00 2.768653e+00 1.159337e+01 1.216389e+04 1.373928e+04 2.63886 6.436295e-01
6.490000e-01 3.721740e+00 2.382858e+00 2.769408e+00 1.160234e+01 1.217212e+04 1.372541e+04 2.64093 6.441899e-01
6.480000e-01 3.721740e+00 2.383556e+00 2.770158e+00 1.161134e+01 1.218025e+04 1.371149e+04 2.64298 6.447439e-01
6.470000e-01 3.721740e+00 2.384248e+00 2.770900e+00 1.162037e+01 1.218825e+04 1.369753e+04 2.64502 6.452907e-01
6.460000e-01 3.721740e+00 2.384931e+00 2.771631e+00 1.162942e+01 1.219612e+04 1.368352e+04 2.64705 6.458304e-01
6.450000e-01 3.721740e+00 2.385608e+00 2.772356e+00 1.163850e+01 1.220389e+04 1.366945e+04 2.64905 6.463647e-01
6.440000e-01 3.721740e+00 2.386280e+00 2.773075e+00 1.164765e+01 1.221159e+04 1.365528e+04 2.65104 6.468941e-01
6.430000e-01 3.721740e+00 2.386945e+00 2.773788e+00 1.165684e+01 1.221919e+04 1.364103e+04 2.65302 6.474178e-01
6.420000e-01 3.721740e+00 2.387606e+00 2.774497e+00 1.166608e+01 1.222672e+04 1.362670e+04 2.65497 6.479362e-01
6.410000e-01 3.721740e+00 2.388260e+00 2.775199e+00 1.167537e+01 1.223414e+04 1.361228e+04 2.65692 6.484485e-01
6.400000e-01 3.721740e+00 2.388907e+00 2.775893e+00 1.168470e+01 1.224147e+04 1.359778e+04 2.65884 6.489540e-01
6.390000e-01 3.721740e+00 2.389547e+00 2.776581e+00 1.169406e+01 1.224869e+04 1.358322e+04 2.66074 6.494533e-01
6.380000e-01 3.721740e+00 2.390180e+00 2.777260e+00 1.170348e+01 1.225582e+04 1.356857e+04 2.66262 6.499468e-01
6.370000e-01 3.721740e+00 2.390808e+00 2.777935e+00 1.171295e+01 1.226287e+04 1.355383e+04 2.66449 6.504344e-01
6.360000e-01 3.721740e+00 2.391459e+00 2.778648e+00 1.172254e+01 1.226975e+04 1.353891e+04 2.66636 6.509033e-01
6.350000e-01 3.721740e+00 2.392073e+00 2.779309e+00 1.173210e+01 1.227656e+04 1.352403e+04 2.66819 6.513770e-01
6.340000e-01 3.721740e+00 2.392679e+00 2.779962e+00 1.174168e+01 1.228327e+04 1.350911e+04 2.67 6.518443e-01
6.330000e-01 3.721740e+00 2.393277e+00 2.780603e+00 1.175128e+01 1.228985e+04 1.349414e+04 2.67179 6.523039e-01
6.320000e-01 3.721740e+00 2.393865e+00 2.781234e+00 1.176092e+01 1.229630e+04 1.347912e+04 2.67355 6.527562e-01
6.310000e-01 3.721740e+00 2.394446e+00 2.781858e+00 1.177061e+01 1.230268e+04 1.346401e+04 2.67529 6.532032e-01
6.300000e-01 3.721740e+00 2.395020e+00 2.782472e+00 1.178036e+01 1.230895e+04 1.344880e+04 2.67702 6.536439e-01
6.290000e-01 3.721740e+00 2.395587e+00 2.783082e+00 1.179017e+01 1.231514e+04 1.343349e+04 2.67872 6.540784e-01
6.280000e-01 3.721740e+00 2.396146e+00 2.783683e+00 1.180002e+01 1.232123e+04 1.341808e+04 2.6804 6.545062e-01
6.270000e-01 3.721740e+00 2.396696e+00 2.784274e+00 1.180993e+01 1.232722e+04 1.340259e+04 2.68205 6.549266e-01
6.260000e-01 3.721740e+00 2.397237e+00 2.784855e+00 1.181987e+01 1.233310e+04 1.338702e+04 2.68367 6.553396e-01
6.250000e-01 3.721740e+00 2.397771e+00 2.785428e+00 1.182987e+01 1.233888e+04 1.337135e+04 2.68527 6.557459e-01
6.240000e-01 3.721740e+00 2.398296e+00 2.785993e+00 1.183993e+01 1.234456e+04 1.335559e+04 2.68685 6.561458e-01
6.230000e-01 3.721740e+00 2.398813e+00 2.786551e+00 1.185004e+01 1.235015e+04 1.333976e+04 2.6884 6.565387e-01
6.220000e-01 3.721740e+00 2.399323e+00 2.787100e+00 1.186019e+01 1.235561e+04 1.332385e+04 2.68993 6.569246e-01
6.210000e-01 3.721740e+00 2.399853e+00 2.787683e+00 1.187047e+01 1.236090e+04 1.330776e+04 2.69147 6.572916e-01
6.200000e-01 3.721740e+00 2.400347e+00 2.788216e+00 1.188069e+01 1.236612e+04 1.329174e+04 2.69296 6.576624e-01
6.190000e-01 3.721740e+00 2.400830e+00 2.788734e+00 1.189095e+01 1.237121e+04 1.327568e+04 2.69443 6.580259e-01
6.180000e-01 3.721740e+00 2.401304e+00 2.789243e+00 1.190126e+01 1.237620e+04 1.325952e+04 2.69587 6.583829e-01
6.170000e-01 3.721740e+00 2.401769e+00 2.789743e+00 1.191164e+01 1.238110e+04 1.324326e+04 2.69728 6.587332e-01
6.160000e-01 3.721740e+00 2.402225e+00 2.790233e+00 1.192208e+01 1.238589e+04 1.322689e+04 2.69866 6.590761e-01
6.150000e-01 3.721740e+00 2.402672e+00 2.790715e+00 1.193258e+01 1.239058e+04 1.321042e+04 2.70002 6.594122e-01
6.140000e-01 3.721740e+00 2.403110e+00 2.791186e+00 1.194313e+01 1.239517e+04 1.319386e+04 2.70135 6.597407e-01
6.130000e-01 3.721740e+00 2.403539e+00 2.791649e+00 1.195374e+01 1.239964e+04 1.317721e+04 2.70265 6.600617e-01
6.120000e-01 3.721740e+00 2.403959e+00 2.792104e+00 1.196441e+01 1.240401e+04 1.316048e+04 2.70393 6.603760e-01
6.110000e-01 3.721740e+00 2.404370e+00 2.792547e+00 1.197514e+01 1.240828e+04 1.314365e+04 2.70519 6.606832e-01
6.100000e-01 3.721740e+00 2.404772e+00 2.792982e+00 1.198593e+01 1.241243e+04 1.312672e+04 2.70641 6.609827e-01
6.090000e-01 3.721740e+00 2.405163e+00 2.793405e+00 1.199676e+01 1.241648e+04 1.310972e+04 2.7076 6.612742e-01
6.080000e-01 3.721740e+00 2.405543e+00 2.793816e+00 1.200765e+01 1.242040e+04 1.309263e+04 2.70876 6.615570e-01
6.070000e-01 3.721740e+00 2.405939e+00 2.794253e+00 1.201864e+01 1.242414e+04 1.307536e+04 2.70991 6.618186e-01
6.060000e-01 3.721740e+00 2.406296e+00 2.794635e+00 1.202960e+01 1.242779e+04 1.305815e+04 2.711 6.620826e-01
6.050000e-01 3.721740e+00 2.406641e+00 2.795005e+00 1.204061e+01 1.243135e+04 1.304085e+04 2.71205 6.623396e-01
6.040000e-01 3.721740e+00 2.406975e+00 2.795364e+00 1.205169e+01 1.243481e+04 1.302343e+04 2.71307 6.625890e-01
6.030000e-01 3.721740e+00 2.407300e+00 2.795712e+00 1.206284e+01 1.243815e+04 1.300589e+04 2.71406 6.628306e-01
6.020000e-01 3.721740e+00 2.407614e+00 2.796051e+00 1.207406e+01 1.244140e+04 1.298825e+04 2.71502 6.630648e-01
6.010000e-01 3.721740e+00 2.407920e+00 2.796379e+00 1.208535e+01 1.244452e+04 1.297052e+04 2.71596 6.632915e-01
6.000000e-01 3.721740e+00 2.408215e+00 2.796698e+00 1.209670e+01 1.244753e+04 1.295270e+04 2.71686 6.635101e-01
5.990000e-01 3.721740e+00 2.408499e+00 2.797005e+00 1.210811e+01 1.245043e+04 1.293478e+04 2.71773 6.637208e-01
5.980000e-01 3.721740e+00 2.408773e+00 2.797301e+00 1.211960e+01 1.245322e+04 1.291676e+04 2.71857 6.639239e-01
5.970000e-01 3.721740e+00 2.409036e+00 2.797587e+00 1.213115e+01 1.245589e+04 1.289864e+04 2.71938 6.641188e-01
5.960000e-01 3.721740e+00 2.409288e+00 2.797860e+00 1.214276e+01 1.245845e+04 1.288043e+04 2.72016 6.643054e-01
5.950000e-01 3.721740e+00 2.409557e+00 2.798162e+00 1.215450e+01 1.246082e+04 1.286204e+04 2.72093 6.644722e-01
5.940000e-01 3.721740e+00 2.409790e+00 2.798415e+00 1.216621e+01 1.246312e+04 1.284371e+04 2.72165 6.646416e-01
5.930000e-01 3.721740e+00 2.410008e+00 2.798648e+00 1.217795e+01 1.246529e+04 1.282532e+04 2.72233 6.648022e-01
5.920000e-01 3.721740e+00 2.410213e+00 2.798867e+00 1.218977e+01 1.246734e+04 1.280681e+04 2.72296 6.649543e-01
5.910000e-01 3.721740e+00 2.410406e+00 2.799074e+00 1.220166e+01 1.246929e+04 1.278819e+04 2.72356 6.650977e-01
5.900000e-01 3.721740e+00 2.410585e+00 2.799266e+00 1.221363e+01 1.247113e+04 1.276943e+04 2.72411 6.652318e-01
5.890000e-01 3.721740e+00 2.410752e+00 2.799445e+00 1.222568e+01 1.247285e+04 1.275055e+04 2.72462 6.653568e-01
5.880000e-01 3.721740e+00 2.410908e+00 2.799611e+00 1.223781e+01 1.247445e+04 1.273157e+04 2.7251 6.654728e-01
5.870000e-01 3.721740e+00 2.411051e+00 2.799765e+00 1.224999e+01 1.247593e+04 1.271250e+04 2.72554 6.655800e-01
5.860000e-01 3.721740e+00 2.411183e+00 2.799907e+00 1.226226e+01 1.247730e+04 1.269332e+04 2.72595 6.656789e-01
5.850000e-01 3.721740e+00 2.411304e+00 2.800038e+00 1.227461e+01 1.247855e+04 1.267403e+04 2.72632 6.657701e-01
5.840000e-01 3.721740e+00 2.411415e+00 2.800159e+00 1.228703e+01 1.247968e+04 1.265466e+04 2.72666 6.658528e-01
5.830000e-01 3.721740e+00 2.411514e+00 2.800266e+00 1.229952e+01 1.248068e+04 1.263519e+04 2.72697 6.659268e-01
5.820000e-01 3.721740e+00 2.411628e+00 2.800400e+00 1.231215e+01 1.248150e+04 1.261555e+04 2.72727 6.659809e-01
5.810000e-01 3.721740e+00 2.411707e+00 2.800487e+00 1.232474e+01 1.248224e+04 1.259597e+04 2.72752 6.660380e-01
5.800000e-01 3.721740e+00 2.411771e+00 2.800554e+00 1.233739e+01 1.248286e+04 1.257633e+04 2.72773 6.660861e-01
5.790000e-01 3.721740e+00 2.411820e+00 2.800606e+00 1.235012e+01 1.248336e+04 1.255655e+04 2.72789 6.661252e-01
5.780000e-01 3.721740e+00 2.411856e+00 2.800641e+00 1.236294e+01 1.248374e+04 1.253664e+04 2.72801 6.661546e-01
5.770000e-01 3.721740e+00 2.411877e+00 2.800663e+00 1.237586e+01 1.248400e+04 1.251660e+04 2.72808 6.661737e-01
5.760000e-01 3.721740e+00 2.411885e+00 2.800671e+00 1.238886e+01 1.248415e+04 1.249644e+04 2.7281 6.661830e-01
5.750000e-01 3.721740e+00 2.411881e+00 2.800664e+00 1.240193e+01 1.248417e+04 1.247617e+04 2.72809 6.661828e-01
5.754330e-01 3.721740e+00 2.412080e+00 2.801012e+00 1.239682e+01 1.248402e+04 1.248438e+04 2.72826 6.661060e-01
