1.000000e+00 3.770900e+00 2.084972e+00 2.465149e+00 9.758240e+00 0.000000e+00 1.726185e+04 0 0.000000e+00
9.990000e-01 3.770900e+00 2.087100e+00 2.466975e+00 9.768688e+00 7.281275e+02 1.713610e+04 1.87974 3.575236e-02
9.980000e-01 3.770900e+00 2.087353e+00 2.466983e+00 9.770171e+00 1.023879e+03 1.709287e+04 1.9834 5.303394e-02
9.970000e-01 3.770900e+00 2.088371e+00 2.468110e+00 9.774690e+00 1.251982e+03 1.705765e+04 1.88422 6.154640e-02
9.960000e-01 3.770900e+00 2.088598e+00 2.468073e+00 9.776263e+00 1.444634e+03 1.703032e+04 1.92812 7.265555e-02
9.950000e-01 3.770900e+00 2.089609e+00 2.469144e+00 9.780787e+00 1.611577e+03 1.700342e+04 1.88715 7.925262e-02
9.940000e-01 3.770900e+00 2.089905e+00 2.469202e+00 9.782461e+00 1.768237e+03 1.698170e+04 1.9173 8.832131e-02
9.930000e-01 3.770900e+00 2.090896e+00 2.470267e+00 9.786925e+00 1.910405e+03 1.695836e+04 1.89015 9.398193e-02
9.920000e-01 3.770900e+00 2.091534e+00 2.470841e+00 9.789936e+00 2.044958e+03 1.693819e+04 1.89164 1.006189e-01
9.910000e-01 3.770900e+00 2.091750e+00 2.470852e+00 9.791674e+00 2.172711e+03 1.692084e+04 1.9024 1.074910e-01
9.900000e-01 3.770900e+00 2.092182e+00 2.471142e+00 9.793895e+00 2.293002e+03 1.690420e+04 1.91195 1.139645e-01
9.890000e-01 3.770900e+00 2.093571e+00 2.472775e+00 9.799128e+00 2.405133e+03 1.688388e+04 1.89621 1.183959e-01
9.880000e-01 3.770900e+00 2.093821e+00 2.472850e+00 9.800889e+00 2.514940e+03 1.686929e+04 1.90441 1.243069e-01
9.870000e-01 3.770900e+00 2.094255e+00 2.473155e+00 9.803099e+00 2.619334e+03 1.685502e+04 1.91197 1.299275e-01
9.860000e-01 3.770900e+00 2.095621e+00 2.474762e+00 9.808284e+00 2.716772e+03 1.683674e+04 1.90083 1.338004e-01
9.850000e-01 3.770900e+00 2.095861e+00 2.474826e+00 9.810047e+00 2.813874e+03 1.682406e+04 1.90727 1.390203e-01
9.840000e-01 3.770900e+00 2.096295e+00 2.475132e+00 9.812274e+00 2.907254e+03 1.681139e+04 1.91377 1.440638e-01
9.830000e-01 3.770900e+00 2.097676e+00 2.476755e+00 9.817502e+00 2.995049e+03 1.679433e+04 1.90549 1.475781e-01
9.820000e-01 3.770900e+00 2.097923e+00 2.476833e+00 9.819289e+00 3.083597e+03 1.678295e+04 1.91099 1.523433e-01
9.810000e-01 3.770900e+00 2.098355e+00 2.477137e+00 9.821527e+00 3.168904e+03 1.677143e+04 1.9166 1.569531e-01
9.800000e-01 3.770900e+00 2.099743e+00 2.478767e+00 9.826787e+00 3.248954e+03 1.675532e+04 1.9102 1.601689e-01
9.790000e-01 3.770900e+00 2.099980e+00 2.478830e+00 9.828579e+00 3.330488e+03 1.674497e+04 1.9149 1.645549e-01
9.780000e-01 3.770900e+00 2.100400e+00 2.479116e+00 9.830822e+00 3.409181e+03 1.673438e+04 1.91984 1.688104e-01
9.770000e-01 3.770900e+00 2.101847e+00 2.480815e+00 9.836212e+00 3.482435e+03 1.671893e+04 1.91499 1.717649e-01
9.760000e-01 3.770900e+00 2.102016e+00 2.480781e+00 9.837926e+00 3.557656e+03 1.670960e+04 1.91886 1.758014e-01
9.750000e-01 3.770900e+00 2.102404e+00 2.481013e+00 9.840156e+00 3.630636e+03 1.669983e+04 1.92331 1.797574e-01
9.740000e-01 3.770900e+00 2.103885e+00 2.482740e+00 9.845640e+00 3.698940e+03 1.668487e+04 1.91972 1.825401e-01
9.730000e-01 3.770900e+00 2.104059e+00 2.482708e+00 9.847389e+00 3.770487e+03 1.667608e+04 1.92336 1.863932e-01
9.720000e-01 3.770900e+00 2.104469e+00 2.482967e+00 9.849669e+00 3.840166e+03 1.666677e+04 1.92763 1.901846e-01
9.710000e-01 3.770900e+00 2.105958e+00 2.484710e+00 9.855210e+00 3.905486e+03 1.665214e+04 1.92452 1.928346e-01
9.700000e-01 3.770900e+00 2.106156e+00 2.484714e+00 9.856997e+00 3.973829e+03 1.664383e+04 1.92799 1.965257e-01
9.690000e-01 3.770900e+00 2.106581e+00 2.484997e+00 9.859302e+00 4.040405e+03 1.663497e+04 1.93201 2.001549e-01
9.680000e-01 3.770900e+00 2.108067e+00 2.486742e+00 9.864859e+00 4.102768e+03 1.662070e+04 1.92937 2.026799e-01
9.670000e-01 3.770900e+00 2.108274e+00 2.486762e+00 9.866661e+00 4.167883e+03 1.661284e+04 1.93259 2.061999e-01
9.660000e-01 3.770900e+00 2.108694e+00 2.487043e+00 9.868966e+00 4.231179e+03 1.660442e+04 1.93631 2.096503e-01
9.650000e-01 3.770900e+00 2.110188e+00 2.488796e+00 9.874540e+00 4.290307e+03 1.659053e+04 1.93424 2.120531e-01
9.640000e-01 3.770900e+00 2.110394e+00 2.488816e+00 9.876355e+00 4.352589e+03 1.658308e+04 1.93724 2.154228e-01
9.630000e-01 3.770900e+00 2.110821e+00 2.489106e+00 9.878681e+00 4.413300e+03 1.657501e+04 1.9408 2.187407e-01
9.620000e-01 3.770900e+00 2.112323e+00 2.490872e+00 9.884291e+00 4.469892e+03 1.656140e+04 1.93915 2.210426e-01
9.610000e-01 3.770900e+00 2.112528e+00 2.490892e+00 9.886114e+00 4.529588e+03 1.655432e+04 1.94195 2.242738e-01
9.600000e-01 3.770900e+00 2.112952e+00 2.491178e+00 9.888450e+00 4.587789e+03 1.654660e+04 1.94532 2.274587e-01
9.590000e-01 3.770900e+00 2.114466e+00 2.492957e+00 9.894099e+00 4.641872e+03 1.653325e+04 1.94409 2.296656e-01
9.580000e-01 3.770900e+00 2.114661e+00 2.492963e+00 9.895927e+00 4.699202e+03 1.652651e+04 1.94669 2.327694e-01
9.570000e-01 3.770900e+00 2.115068e+00 2.493224e+00 9.898259e+00 4.754895e+03 1.651913e+04 1.94982 2.358170e-01
9.560000e-01 3.770900e+00 2.116600e+00 2.495017e+00 9.903955e+00 4.806128e+03 1.650602e+04 1.94904 2.379171e-01
9.550000e-01 3.770900e+00 2.116772e+00 2.494989e+00 9.905779e+00 4.861217e+03 1.649959e+04 1.95143 2.409000e-01
9.540000e-01 3.770900e+00 2.117185e+00 2.495249e+00 9.908144e+00 4.915120e+03 1.649242e+04 1.95454 2.438641e-01
9.530000e-01 3.770900e+00 2.118742e+00 2.497071e+00 9.913933e+00 4.965015e+03 1.647934e+04 1.95403 2.459140e-01
9.520000e-01 3.770900e+00 2.118931e+00 2.497063e+00 9.915796e+00 5.018814e+03 1.647308e+04 1.95641 2.488366e-01
9.510000e-01 3.770900e+00 2.119351e+00 2.497337e+00 9.918189e+00 5.071311e+03 1.646608e+04 1.95942 2.517268e-01
9.500000e-01 3.770900e+00 2.120917e+00 2.499173e+00 9.924020e+00 5.119785e+03 1.645311e+04 1.95908 2.537144e-01
9.490000e-01 3.770900e+00 2.121116e+00 2.499183e+00 9.925906e+00 5.172102e+03 1.644705e+04 1.9614 2.565612e-01
9.480000e-01 3.770900e+00 2.121542e+00 2.499466e+00 9.928314e+00 5.223094e+03 1.644025e+04 1.96432 2.593722e-01
9.470000e-01 3.770900e+00 2.123111e+00 2.501308e+00 9.934169e+00 5.269971e+03 1.642744e+04 1.96417 2.612944e-01
9.460000e-01 3.770900e+00 2.123308e+00 2.501316e+00 9.936063e+00 5.320688e+03 1.642159e+04 1.96638 2.640558e-01
9.450000e-01 3.770900e+00 2.123735e+00 2.501602e+00 9.938485e+00 5.370203e+03 1.641498e+04 1.96922 2.667916e-01
9.440000e-01 3.770900e+00 2.125317e+00 2.503459e+00 9.944387e+00 5.415740e+03 1.640226e+04 1.9693 2.686636e-01
9.430000e-01 3.770900e+00 2.125520e+00 2.503476e+00 9.946304e+00 5.465239e+03 1.639657e+04 1.97145 2.713634e-01
9.420000e-01 3.770900e+00 2.125946e+00 2.503761e+00 9.948740e+00 5.513442e+03 1.639011e+04 1.9742 2.740294e-01
9.410000e-01 3.770900e+00 2.127539e+00 2.505632e+00 9.954683e+00 5.557515e+03 1.637749e+04 1.97446 2.758424e-01
9.400000e-01 3.770900e+00 2.127736e+00 2.505643e+00 9.956606e+00 5.605642e+03 1.637197e+04 1.97651 2.784687e-01
9.390000e-01 3.770900e+00 2.128156e+00 2.505919e+00 9.959050e+00 5.652449e+03 1.636568e+04 1.97917 2.810606e-01
9.380000e-01 3.770900e+00 2.129763e+00 2.507804e+00 9.965030e+00 5.694885e+03 1.635318e+04 1.97964 2.828109e-01
9.370000e-01 3.770900e+00 2.130489e+00 2.508507e+00 9.968459e+00 5.739569e+03 1.634524e+04 1.98133 2.850790e-01
9.360000e-01 3.770900e+00 2.131225e+00 2.509219e+00 9.971922e+00 5.783827e+03 1.633730e+04 1.98306 2.873292e-01
9.350000e-01 3.770900e+00 2.131965e+00 2.509935e+00 9.975406e+00 5.827879e+03 1.632936e+04 1.9848 2.895702e-01
9.340000e-01 3.770900e+00 2.132709e+00 2.510657e+00 9.978909e+00 5.871732e+03 1.632143e+04 1.98654 2.918021e-01
9.330000e-01 3.770900e+00 2.133458e+00 2.511385e+00 9.982427e+00 5.915331e+03 1.631352e+04 1.9883 2.940221e-01
9.320000e-01 3.770900e+00 2.134209e+00 2.512116e+00 9.985956e+00 5.958633e+03 1.630564e+04 1.99006 2.962280e-01
9.310000e-01 3.770900e+00 2.134963e+00 2.512852e+00 9.989493e+00 6.001640e+03 1.629779e+04 1.99182 2.984199e-01
9.300000e-01 3.770900e+00 2.135719e+00 2.513592e+00 9.993039e+00 6.044350e+03 1.628996e+04 1.99359 3.005976e-01
9.290000e-01 3.770900e+00 2.136476e+00 2.514334e+00 9.996592e+00 6.086715e+03 1.628218e+04 1.99537 3.027589e-01
9.280000e-01 3.770900e+00 2.137235e+00 2.515077e+00 1.000015e+01 6.128702e+03 1.627443e+04 1.99714 3.049022e-01
9.270000e-01 3.770900e+00 2.137993e+00 2.515821e+00 1.000371e+01 6.170347e+03 1.626672e+04 1.99892 3.070292e-01
9.260000e-01 3.770900e+00 2.138754e+00 2.516567e+00 1.000729e+01 6.211744e+03 1.625903e+04 2.0007 3.091448e-01
9.250000e-01 3.770900e+00 2.139561e+00 2.517375e+00 1.001096e+01 6.252866e+03 1.625122e+04 2.00255 3.112432e-01
9.240000e-01 3.770900e+00 2.139729e+00 2.517347e+00 1.001293e+01 6.295688e+03 1.624644e+04 2.00432 3.136026e-01
9.230000e-01 3.770900e+00 2.140150e+00 2.517621e+00 1.001546e+01 6.337317e+03 1.624076e+04 2.00675 3.159347e-01
9.220000e-01 3.770900e+00 2.141832e+00 2.519595e+00 1.002174e+01 6.374600e+03 1.622840e+04 2.00793 3.174812e-01
9.210000e-01 3.770900e+00 2.142634e+00 2.520399e+00 1.002542e+01 6.414592e+03 1.622073e+04 2.00976 3.195241e-01
9.200000e-01 3.770900e+00 2.143403e+00 2.521155e+00 1.002906e+01 6.454209e+03 1.621317e+04 2.01156 3.215557e-01
9.190000e-01 3.770900e+00 2.144171e+00 2.521909e+00 1.003269e+01 6.493405e+03 1.620564e+04 2.01337 3.235675e-01
9.180000e-01 3.770900e+00 2.144937e+00 2.522658e+00 1.003633e+01 6.532181e+03 1.619816e+04 2.01518 3.255593e-01
9.170000e-01 3.770900e+00 2.145703e+00 2.523406e+00 1.003998e+01 6.570711e+03 1.619069e+04 2.01699 3.275400e-01
9.160000e-01 3.770900e+00 2.146472e+00 2.524157e+00 1.004365e+01 6.609109e+03 1.618321e+04 2.01881 3.295151e-01
9.150000e-01 3.770900e+00 2.147246e+00 2.524914e+00 1.004733e+01 6.647375e+03 1.617573e+04 2.02064 3.314844e-01
9.140000e-01 3.770900e+00 2.148022e+00 2.525676e+00 1.005104e+01 6.685465e+03 1.616825e+04 2.02248 3.334456e-01
9.130000e-01 3.770900e+00 2.148802e+00 2.526441e+00 1.005475e+01 6.723332e+03 1.616079e+04 2.02432 3.353963e-01
9.120000e-01 3.770900e+00 2.149583e+00 2.527209e+00 1.005847e+01 6.760990e+03 1.615334e+04 2.02617 3.373372e-01
9.110000e-01 3.770900e+00 2.150366e+00 2.527981e+00 1.006220e+01 6.798416e+03 1.614591e+04 2.02802 3.392670e-01
9.100000e-01 3.770900e+00 2.151151e+00 2.528755e+00 1.006594e+01 6.835570e+03 1.613850e+04 2.02987 3.411840e-01
9.090000e-01 3.770900e+00 2.151935e+00 2.529529e+00 1.006968e+01 6.872429e+03 1.613112e+04 2.03172 3.430869e-01
9.080000e-01 3.770900e+00 2.152720e+00 2.530304e+00 1.007342e+01 6.909049e+03 1.612376e+04 2.03358 3.449786e-01
9.070000e-01 3.770900e+00 2.153508e+00 2.531082e+00 1.007718e+01 6.945494e+03 1.611640e+04 2.03545 3.468624e-01
9.060000e-01 3.770900e+00 2.154298e+00 2.531863e+00 1.008096e+01 6.981760e+03 1.610905e+04 2.03732 3.487380e-01
9.050000e-01 3.770900e+00 2.155089e+00 2.532647e+00 1.008474e+01 7.017818e+03 1.610171e+04 2.03919 3.506039e-01
9.040000e-01 3.770900e+00 2.155882e+00 2.533432e+00 1.008854e+01 7.053640e+03 1.609439e+04 2.04107 3.524588e-01
9.030000e-01 3.770900e+00 2.156676e+00 2.534218e+00 1.009234e+01 7.089244e+03 1.608708e+04 2.04295 3.543037e-01
9.020000e-01 3.770900e+00 2.157471e+00 2.535005e+00 1.009615e+01 7.124613e+03 1.607978e+04 2.04484 3.561375e-01
9.010000e-01 3.770900e+00 2.158266e+00 2.535791e+00 1.009997e+01 7.159683e+03 1.607251e+04 2.04673 3.579572e-01
9.000000e-01 3.770900e+00 2.159058e+00 2.536574e+00 1.010379e+01 7.194419e+03 1.606525e+04 2.04861 3.597612e-01
8.990000e-01 3.770900e+00 2.159850e+00 2.537353e+00 1.010762e+01 7.228884e+03 1.605802e+04 2.0505 3.615526e-01
8.980000e-01 3.770900e+00 2.160643e+00 2.538135e+00 1.011146e+01 7.263233e+03 1.605078e+04 2.0524 3.633394e-01
8.970000e-01 3.770900e+00 2.161441e+00 2.538921e+00 1.011533e+01 7.297501e+03 1.604353e+04 2.0543 3.651229e-01
8.960000e-01 3.770900e+00 2.162242e+00 2.539712e+00 1.011922e+01 7.331664e+03 1.603626e+04 2.05622 3.669019e-01
8.950000e-01 3.770900e+00 2.163047e+00 2.540507e+00 1.012312e+01 7.365681e+03 1.602900e+04 2.05814 3.686742e-01
8.940000e-01 3.770900e+00 2.163853e+00 2.541306e+00 1.012703e+01 7.399542e+03 1.602175e+04 2.06006 3.704393e-01
8.930000e-01 3.770900e+00 2.164663e+00 2.542108e+00 1.013095e+01 7.433242e+03 1.601449e+04 2.062 3.721970e-01
8.920000e-01 3.770900e+00 2.165473e+00 2.542913e+00 1.013488e+01 7.466737e+03 1.600725e+04 2.06393 3.739449e-01
8.910000e-01 3.770900e+00 2.166283e+00 2.543718e+00 1.013881e+01 7.499999e+03 1.600003e+04 2.06587 3.756818e-01
8.900000e-01 3.770900e+00 2.167095e+00 2.544524e+00 1.014275e+01 7.533045e+03 1.599281e+04 2.06781 3.774085e-01
8.890000e-01 3.770900e+00 2.167907e+00 2.545331e+00 1.014671e+01 7.565936e+03 1.598561e+04 2.06975 3.791283e-01
8.880000e-01 3.770900e+00 2.168722e+00 2.546142e+00 1.015067e+01 7.598686e+03 1.597840e+04 2.0717 3.808417e-01
8.870000e-01 3.770900e+00 2.169538e+00 2.546956e+00 1.015465e+01 7.631274e+03 1.597120e+04 2.07365 3.825476e-01
8.860000e-01 3.770900e+00 2.170356e+00 2.547771e+00 1.015864e+01 7.663677e+03 1.596400e+04 2.07561 3.842450e-01
8.850000e-01 3.770900e+00 2.171175e+00 2.548587e+00 1.016264e+01 7.695898e+03 1.595681e+04 2.07757 3.859340e-01
8.840000e-01 3.770900e+00 2.171995e+00 2.549404e+00 1.016664e+01 7.727935e+03 1.594962e+04 2.07954 3.876146e-01
8.830000e-01 3.770900e+00 2.172815e+00 2.550221e+00 1.017066e+01 7.759734e+03 1.594245e+04 2.08151 3.892839e-01
8.820000e-01 3.770900e+00 2.173633e+00 2.551035e+00 1.017468e+01 7.791258e+03 1.593529e+04 2.08347 3.909403e-01
8.810000e-01 3.770900e+00 2.174450e+00 2.551846e+00 1.017870e+01 7.822541e+03 1.592814e+04 2.08544 3.925856e-01
8.800000e-01 3.770900e+00 2.175268e+00 2.552657e+00 1.018274e+01 7.853718e+03 1.592099e+04 2.08742 3.942266e-01
8.790000e-01 3.770900e+00 2.176090e+00 2.553473e+00 1.018680e+01 7.884831e+03 1.591382e+04 2.0894 3.958653e-01
8.780000e-01 3.770900e+00 2.176916e+00 2.554294e+00 1.019088e+01 7.915871e+03 1.590664e+04 2.09139 3.975011e-01
8.770000e-01 3.770900e+00 2.177744e+00 2.555119e+00 1.019498e+01 7.946800e+03 1.589945e+04 2.09339 3.991318e-01
8.760000e-01 3.770900e+00 2.178575e+00 2.555948e+00 1.019909e+01 7.977611e+03 1.589225e+04 2.0954 4.007573e-01
8.750000e-01 3.770900e+00 2.179409e+00 2.556780e+00 1.020322e+01 8.008303e+03 1.588505e+04 2.09741 4.023774e-01
8.740000e-01 3.770900e+00 2.180244e+00 2.557614e+00 1.020735e+01 8.038826e+03 1.587785e+04 2.09943 4.039895e-01
8.730000e-01 3.770900e+00 2.181080e+00 2.558450e+00 1.021149e+01 8.069163e+03 1.587066e+04 2.10144 4.055928e-01
8.720000e-01 3.770900e+00 2.181959e+00 2.559344e+00 1.021573e+01 8.099269e+03 1.586334e+04 2.10351 4.071790e-01
8.710000e-01 3.770900e+00 2.182797e+00 2.560184e+00 1.021989e+01 8.129298e+03 1.585616e+04 2.10554 4.087680e-01
8.700000e-01 3.770900e+00 2.183637e+00 2.561025e+00 1.022407e+01 8.159202e+03 1.584897e+04 2.10757 4.103516e-01
8.690000e-01 3.770900e+00 2.184478e+00 2.561868e+00 1.022825e+01 8.188973e+03 1.584177e+04 2.10961 4.119290e-01
8.680000e-01 3.770900e+00 2.185321e+00 2.562713e+00 1.023245e+01 8.218587e+03 1.583458e+04 2.11164 4.134994e-01
8.670000e-01 3.770900e+00 2.186164e+00 2.563559e+00 1.023666e+01 8.248046e+03 1.582739e+04 2.11369 4.150626e-01
8.660000e-01 3.770900e+00 2.187008e+00 2.564406e+00 1.024088e+01 8.277340e+03 1.582020e+04 2.11573 4.166182e-01
8.650000e-01 3.770900e+00 2.187852e+00 2.565251e+00 1.024510e+01 8.306421e+03 1.581302e+04 2.11778 4.181639e-01
8.640000e-01 3.770900e+00 2.188694e+00 2.566094e+00 1.024933e+01 8.335264e+03 1.580584e+04 2.11983 4.196984e-01
8.630000e-01 3.770900e+00 2.189535e+00 2.566934e+00 1.025356e+01 8.363918e+03 1.579868e+04 2.12188 4.212242e-01
8.620000e-01 3.770900e+00 2.190378e+00 2.567776e+00 1.025782e+01 8.392498e+03 1.579149e+04 2.12393 4.227475e-01
8.610000e-01 3.770900e+00 2.191224e+00 2.568623e+00 1.026209e+01 8.421021e+03 1.578429e+04 2.126 4.242686e-01
8.600000e-01 3.770900e+00 2.192074e+00 2.569474e+00 1.026639e+01 8.449479e+03 1.577707e+04 2.12807 4.257871e-01
8.590000e-01 3.770900e+00 2.192927e+00 2.570328e+00 1.027070e+01 8.477839e+03 1.576983e+04 2.13015 4.273013e-01
8.580000e-01 3.770900e+00 2.193782e+00 2.571187e+00 1.027503e+01 8.506108e+03 1.576259e+04 2.13224 4.288116e-01
8.570000e-01 3.770900e+00 2.194640e+00 2.572048e+00 1.027938e+01 8.534266e+03 1.575534e+04 2.13433 4.303168e-01
8.560000e-01 3.770900e+00 2.195498e+00 2.572912e+00 1.028373e+01 8.562277e+03 1.574809e+04 2.13642 4.318150e-01
8.550000e-01 3.770900e+00 2.196357e+00 2.573775e+00 1.028809e+01 8.590123e+03 1.574083e+04 2.13852 4.333057e-01
8.540000e-01 3.770900e+00 2.197217e+00 2.574640e+00 1.029246e+01 8.617832e+03 1.573358e+04 2.14062 4.347900e-01
8.530000e-01 3.770900e+00 2.198078e+00 2.575508e+00 1.029684e+01 8.645439e+03 1.572632e+04 2.14273 4.362699e-01
8.520000e-01 3.770900e+00 2.198941e+00 2.576378e+00 1.030124e+01 8.672938e+03 1.571905e+04 2.14484 4.377449e-01
8.510000e-01 3.770900e+00 2.199806e+00 2.577250e+00 1.030565e+01 8.700315e+03 1.571177e+04 2.14696 4.392144e-01
8.500000e-01 3.770900e+00 2.200672e+00 2.578123e+00 1.031007e+01 8.727549e+03 1.570449e+04 2.14908 4.406774e-01
8.490000e-01 3.770900e+00 2.201538e+00 2.578997e+00 1.031451e+01 8.754645e+03 1.569721e+04 2.1512 4.421340e-01
8.480000e-01 3.770900e+00 2.202404e+00 2.579871e+00 1.031895e+01 8.781576e+03 1.568992e+04 2.15332 4.435831e-01
8.470000e-01 3.770900e+00 2.203269e+00 2.580743e+00 1.032340e+01 8.808301e+03 1.568264e+04 2.15545 4.450224e-01
8.460000e-01 3.770900e+00 2.204133e+00 2.581611e+00 1.032785e+01 8.834824e+03 1.567537e+04 2.15757 4.464523e-01
8.450000e-01 3.770900e+00 2.204997e+00 2.582480e+00 1.033231e+01 8.861240e+03 1.566808e+04 2.1597 4.478779e-01
8.440000e-01 3.770900e+00 2.205864e+00 2.583352e+00 1.033680e+01 8.887605e+03 1.566077e+04 2.16184 4.493019e-01
8.430000e-01 3.770900e+00 2.206734e+00 2.584228e+00 1.034131e+01 8.913915e+03 1.565344e+04 2.16399 4.507236e-01
8.420000e-01 3.770900e+00 2.207607e+00 2.585108e+00 1.034584e+01 8.940150e+03 1.564609e+04 2.16614 4.521423e-01
8.410000e-01 3.770900e+00 2.208483e+00 2.585992e+00 1.035039e+01 8.966302e+03 1.563873e+04 2.1683 4.535573e-01
8.400000e-01 3.770900e+00 2.209361e+00 2.586879e+00 1.035495e+01 8.992373e+03 1.563135e+04 2.17047 4.549688e-01
8.390000e-01 3.770900e+00 2.210240e+00 2.587768e+00 1.035953e+01 9.018319e+03 1.562396e+04 2.17264 4.563746e-01
8.380000e-01 3.770900e+00 2.211120e+00 2.588658e+00 1.036411e+01 9.044131e+03 1.561657e+04 2.17481 4.577741e-01
8.370000e-01 3.770900e+00 2.212000e+00 2.589548e+00 1.036871e+01 9.069802e+03 1.560918e+04 2.17699 4.591671e-01
8.360000e-01 3.770900e+00 2.212883e+00 2.590442e+00 1.037332e+01 9.095388e+03 1.560177e+04 2.17917 4.605564e-01
8.350000e-01 3.770900e+00 2.213766e+00 2.591337e+00 1.037794e+01 9.120874e+03 1.559435e+04 2.18136 4.619414e-01
8.340000e-01 3.770900e+00 2.214651e+00 2.592235e+00 1.038258e+01 9.146262e+03 1.558692e+04 2.18355 4.633220e-01
8.330000e-01 3.770900e+00 2.215538e+00 2.593134e+00 1.038723e+01 9.171523e+03 1.557948e+04 2.18574 4.646967e-01
8.320000e-01 3.770900e+00 2.216424e+00 2.594033e+00 1.039190e+01 9.196650e+03 1.557203e+04 2.18794 4.660654e-01
8.310000e-01 3.770900e+00 2.217311e+00 2.594934e+00 1.039657e+01 9.221648e+03 1.556458e+04 2.19014 4.674281e-01
8.300000e-01 3.770900e+00 2.218197e+00 2.595831e+00 1.040125e+01 9.246444e+03 1.555712e+04 2.19234 4.687814e-01
8.290000e-01 3.770900e+00 2.219081e+00 2.596727e+00 1.040593e+01 9.271073e+03 1.554967e+04 2.19454 4.701268e-01
8.280000e-01 3.770900e+00 2.219965e+00 2.597620e+00 1.041063e+01 9.295574e+03 1.554221e+04 2.19675 4.714669e-01
8.270000e-01 3.770900e+00 2.220851e+00 2.598517e+00 1.041535e+01 9.320035e+03 1.553473e+04 2.19896 4.728058e-01
8.260000e-01 3.770900e+00 2.221741e+00 2.599419e+00 1.042010e+01 9.344440e+03 1.552722e+04 2.20118 4.741425e-01
8.250000e-01 3.770900e+00 2.222676e+00 2.600382e+00 1.042495e+01 9.368730e+03 1.551954e+04 2.20345 4.754663e-01
8.240000e-01 3.770900e+00 2.223572e+00 2.601292e+00 1.042973e+01 9.392996e+03 1.551199e+04 2.20569 4.767970e-01
8.230000e-01 3.770900e+00 2.224469e+00 2.602204e+00 1.043453e+01 9.417182e+03 1.550441e+04 2.20793 4.781243e-01
8.220000e-01 3.770900e+00 2.225367e+00 2.603117e+00 1.043935e+01 9.441266e+03 1.549683e+04 2.21017 4.794470e-01
8.210000e-01 3.770900e+00 2.226266e+00 2.604032e+00 1.044418e+01 9.465222e+03 1.548923e+04 2.21242 4.807637e-01
8.200000e-01 3.770900e+00 2.227166e+00 2.604947e+00 1.044901e+01 9.489061e+03 1.548163e+04 2.21467 4.820752e-01
8.190000e-01 3.770900e+00 2.228066e+00 2.605864e+00 1.045387e+01 9.512813e+03 1.547401e+04 2.21693 4.833828e-01
8.180000e-01 3.770900e+00 2.228969e+00 2.606784e+00 1.045874e+01 9.536485e+03 1.546637e+04 2.21919 4.846870e-01
8.170000e-01 3.770900e+00 2.229873e+00 2.607705e+00 1.046362e+01 9.560061e+03 1.545872e+04 2.22145 4.859869e-01
8.160000e-01 3.770900e+00 2.230777e+00 2.608628e+00 1.046852e+01 9.583519e+03 1.545105e+04 2.22372 4.872813e-01
8.150000e-01 3.770900e+00 2.231682e+00 2.609551e+00 1.047343e+01 9.606858e+03 1.544337e+04 2.22599 4.885704e-01
8.140000e-01 3.770900e+00 2.232587e+00 2.610474e+00 1.047836e+01 9.630063e+03 1.543569e+04 2.22826 4.898532e-01
8.130000e-01 3.770900e+00 2.233490e+00 2.611394e+00 1.048328e+01 9.653091e+03 1.542800e+04 2.23053 4.911277e-01
8.120000e-01 3.770900e+00 2.234391e+00 2.612311e+00 1.048822e+01 9.675957e+03 1.542031e+04 2.2328 4.923947e-01
8.110000e-01 3.770900e+00 2.235293e+00 2.613229e+00 1.049317e+01 9.698733e+03 1.541260e+04 2.23508 4.936582e-01
8.100000e-01 3.770900e+00 2.236198e+00 2.614150e+00 1.049814e+01 9.721466e+03 1.540486e+04 2.23736 4.949203e-01
8.090000e-01 3.770900e+00 2.237105e+00 2.615073e+00 1.050314e+01 9.744136e+03 1.539710e+04 2.23965 4.961797e-01
8.080000e-01 3.770900e+00 2.238014e+00 2.616001e+00 1.050816e+01 9.766750e+03 1.538930e+04 2.24195 4.974369e-01
8.070000e-01 3.770900e+00 2.238926e+00 2.616931e+00 1.051320e+01 9.789290e+03 1.538149e+04 2.24426 4.986909e-01
8.060000e-01 3.770900e+00 2.239839e+00 2.617865e+00 1.051825e+01 9.811756e+03 1.537365e+04 2.24657 4.999417e-01
8.050000e-01 3.770900e+00 2.240754e+00 2.618799e+00 1.052332e+01 9.834118e+03 1.536580e+04 2.24888 5.011876e-01
8.040000e-01 3.770900e+00 2.241668e+00 2.619735e+00 1.052841e+01 9.856362e+03 1.535793e+04 2.25119 5.024281e-01
8.030000e-01 3.770900e+00 2.242584e+00 2.620671e+00 1.053350e+01 9.878511e+03 1.535005e+04 2.25351 5.036643e-01
8.020000e-01 3.770900e+00 2.243500e+00 2.621609e+00 1.053862e+01 9.900581e+03 1.534215e+04 2.25583 5.048972e-01
8.010000e-01 3.770900e+00 2.244418e+00 2.622550e+00 1.054376e+01 9.922576e+03 1.533422e+04 2.25816 5.061268e-01
8.000000e-01 3.770900e+00 2.245338e+00 2.623492e+00 1.054891e+01 9.944473e+03 1.532628e+04 2.26049 5.073519e-01
7.990000e-01 3.770900e+00 2.246257e+00 2.624434e+00 1.055407e+01 9.966251e+03 1.531832e+04 2.26283 5.085715e-01
7.980000e-01 3.770900e+00 2.247176e+00 2.625377e+00 1.055924e+01 9.987922e+03 1.531035e+04 2.26517 5.097862e-01
7.970000e-01 3.770900e+00 2.248095e+00 2.626318e+00 1.056443e+01 1.000944e+04 1.530237e+04 2.2675 5.109939e-01
7.960000e-01 3.770900e+00 2.249011e+00 2.627256e+00 1.056962e+01 1.003080e+04 1.529438e+04 2.26984 5.121939e-01
7.950000e-01 3.770900e+00 2.249927e+00 2.628192e+00 1.057482e+01 1.005203e+04 1.528639e+04 2.27217 5.133882e-01
7.940000e-01 3.770900e+00 2.250843e+00 2.629129e+00 1.058005e+01 1.007320e+04 1.527836e+04 2.27452 5.145808e-01
7.930000e-01 3.770900e+00 2.251763e+00 2.630070e+00 1.058530e+01 1.009433e+04 1.527030e+04 2.27687 5.157714e-01
7.920000e-01 3.770900e+00 2.252684e+00 2.631014e+00 1.059057e+01 1.011540e+04 1.526222e+04 2.27922 5.169595e-01
7.910000e-01 3.770900e+00 2.253608e+00 2.631961e+00 1.059587e+01 1.013640e+04 1.525410e+04 2.28159 5.181450e-01
7.900000e-01 3.770900e+00 2.254533e+00 2.632911e+00 1.060118e+01 1.015733e+04 1.524595e+04 2.28395 5.193274e-01
7.890000e-01 3.770900e+00 2.255459e+00 2.633862e+00 1.060651e+01 1.017818e+04 1.523779e+04 2.28633 5.205059e-01
7.880000e-01 3.770900e+00 2.256386e+00 2.634814e+00 1.061186e+01 1.019892e+04 1.522960e+04 2.2887 5.216793e-01
7.870000e-01 3.770900e+00 2.257313e+00 2.635766e+00 1.061722e+01 1.021955e+04 1.522140e+04 2.29108 5.228480e-01
7.860000e-01 3.770900e+00 2.258240e+00 2.636720e+00 1.062260e+01 1.024012e+04 1.521318e+04 2.29346 5.240137e-01
7.850000e-01 3.770900e+00 2.259212e+00 2.637736e+00 1.062809e+01 1.026057e+04 1.520479e+04 2.29589 5.251653e-01
7.840000e-01 3.770900e+00 2.260143e+00 2.638695e+00 1.063351e+01 1.028097e+04 1.519651e+04 2.29828 5.263234e-01
7.830000e-01 3.770900e+00 2.261074e+00 2.639654e+00 1.063895e+01 1.030127e+04 1.518821e+04 2.30067 5.274770e-01
7.820000e-01 3.770900e+00 2.262004e+00 2.640613e+00 1.064440e+01 1.032146e+04 1.517990e+04 2.30307 5.286256e-01
7.810000e-01 3.770900e+00 2.262934e+00 2.641570e+00 1.064986e+01 1.034152e+04 1.517158e+04 2.30546 5.297682e-01
7.800000e-01 3.770900e+00 2.263861e+00 2.642524e+00 1.065532e+01 1.036142e+04 1.516325e+04 2.30786 5.309033e-01
7.790000e-01 3.770900e+00 2.264787e+00 2.643476e+00 1.066080e+01 1.038119e+04 1.515490e+04 2.31025 5.320325e-01
7.780000e-01 3.770900e+00 2.265714e+00 2.644429e+00 1.066630e+01 1.040090e+04 1.514653e+04 2.31265 5.331595e-01
7.770000e-01 3.770900e+00 2.266642e+00 2.645384e+00 1.067183e+01 1.042055e+04 1.513812e+04 2.31505 5.342844e-01
7.760000e-01 3.770900e+00 2.267573e+00 2.646343e+00 1.067738e+01 1.044015e+04 1.512968e+04 2.31746 5.354068e-01
7.750000e-01 3.770900e+00 2.268505e+00 2.647304e+00 1.068295e+01 1.045968e+04 1.512120e+04 2.31988 5.365268e-01
7.740000e-01 3.770900e+00 2.269440e+00 2.648268e+00 1.068855e+01 1.047915e+04 1.511270e+04 2.3223 5.376439e-01
7.730000e-01 3.770900e+00 2.270375e+00 2.649233e+00 1.069417e+01 1.049853e+04 1.510417e+04 2.32473 5.387571e-01
7.720000e-01 3.770900e+00 2.270366e+00 2.649059e+00 1.069684e+01 1.052227e+04 1.510114e+04 2.32609 5.402954e-01
7.710000e-01 3.770900e+00 2.272256e+00 2.651180e+00 1.070547e+01 1.053697e+04 1.508703e+04 2.32961 5.409680e-01
7.700000e-01 3.770900e+00 2.272230e+00 2.650987e+00 1.070814e+01 1.056060e+04 1.508401e+04 2.33094 5.425025e-01
7.690000e-01 3.770900e+00 2.274129e+00 2.653118e+00 1.071683e+01 1.057513e+04 1.506980e+04 2.33448 5.431672e-01
7.680000e-01 3.770900e+00 2.274093e+00 2.652914e+00 1.071951e+01 1.059864e+04 1.506678e+04 2.33579 5.446979e-01
7.670000e-01 3.770900e+00 2.276004e+00 2.655059e+00 1.072827e+01 1.061294e+04 1.505246e+04 2.33937 5.453506e-01
7.660000e-01 3.770900e+00 2.275953e+00 2.654840e+00 1.073095e+01 1.063629e+04 1.504945e+04 2.34065 5.468744e-01
7.650000e-01 3.770900e+00 2.277877e+00 2.657000e+00 1.073977e+01 1.065032e+04 1.503506e+04 2.34426 5.475138e-01
7.640000e-01 3.770900e+00 2.277801e+00 2.656750e+00 1.074244e+01 1.067344e+04 1.503207e+04 2.34549 5.490268e-01
7.630000e-01 3.770900e+00 2.279742e+00 2.658929e+00 1.075131e+01 1.068713e+04 1.501760e+04 2.34915 5.496513e-01
7.620000e-01 3.770900e+00 2.279652e+00 2.658663e+00 1.075398e+01 1.071012e+04 1.501461e+04 2.35035 5.511601e-01
7.610000e-01 3.770900e+00 2.281609e+00 2.660860e+00 1.076294e+01 1.072366e+04 1.500001e+04 2.35405 5.517768e-01
7.600000e-01 3.770900e+00 2.281515e+00 2.660592e+00 1.076564e+01 1.074656e+04 1.499701e+04 2.35526 5.532849e-01
7.590000e-01 3.770900e+00 2.283482e+00 2.662801e+00 1.077468e+01 1.075995e+04 1.498228e+04 2.35897 5.538926e-01
7.580000e-01 3.770900e+00 2.283378e+00 2.662524e+00 1.077739e+01 1.078276e+04 1.497926e+04 2.36017 5.553990e-01
7.570000e-01 3.770900e+00 2.285358e+00 2.664749e+00 1.078650e+01 1.079596e+04 1.496441e+04 2.36391 5.559955e-01
7.560000e-01 3.770900e+00 2.285242e+00 2.664459e+00 1.078922e+01 1.081863e+04 1.496140e+04 2.36509 5.574965e-01
7.550000e-01 3.770900e+00 2.287234e+00 2.666697e+00 1.079841e+01 1.083158e+04 1.494645e+04 2.36886 5.580809e-01
7.540000e-01 3.770900e+00 2.287107e+00 2.666397e+00 1.080114e+01 1.085414e+04 1.494342e+04 2.37002 5.595787e-01
7.530000e-01 3.770900e+00 2.289113e+00 2.668653e+00 1.081040e+01 1.086693e+04 1.492835e+04 2.37382 5.601538e-01
7.520000e-01 3.770900e+00 2.288971e+00 2.668335e+00 1.081314e+01 1.088936e+04 1.492532e+04 2.37495 5.616480e-01
7.510000e-01 3.770900e+00 2.290991e+00 2.670608e+00 1.082248e+01 1.090191e+04 1.491013e+04 2.37879 5.622099e-01
7.500000e-01 3.770900e+00 2.290832e+00 2.670272e+00 1.082522e+01 1.092418e+04 1.490711e+04 2.37989 5.636977e-01
7.490000e-01 3.770900e+00 2.292865e+00 2.672560e+00 1.083461e+01 1.093644e+04 1.489184e+04 2.38375 5.642451e-01
7.480000e-01 3.770900e+00 2.292677e+00 2.672188e+00 1.083733e+01 1.095850e+04 1.488883e+04 2.38479 5.657228e-01
7.470000e-01 3.770900e+00 2.294730e+00 2.674498e+00 1.084680e+01 1.097046e+04 1.487346e+04 2.38871 5.662563e-01
7.460000e-01 3.770900e+00 2.294532e+00 2.674117e+00 1.084953e+01 1.099242e+04 1.487045e+04 2.38974 5.677322e-01
7.450000e-01 3.770900e+00 2.296637e+00 2.676497e+00 1.085918e+01 1.100418e+04 1.485481e+04 2.39373 5.682449e-01
7.440000e-01 3.770900e+00 2.296405e+00 2.676073e+00 1.086188e+01 1.102608e+04 1.485185e+04 2.39472 5.697271e-01
7.430000e-01 3.770900e+00 2.298508e+00 2.678447e+00 1.087158e+01 1.103770e+04 1.483611e+04 2.39872 5.702345e-01
7.420000e-01 3.770900e+00 2.298266e+00 2.678014e+00 1.087430e+01 1.105950e+04 1.483315e+04 2.3997 5.717148e-01
7.410000e-01 3.770900e+00 2.300380e+00 2.680400e+00 1.088408e+01 1.107091e+04 1.481728e+04 2.40372 5.722098e-01
7.400000e-01 3.770900e+00 2.300119e+00 2.679944e+00 1.088679e+01 1.109257e+04 1.481431e+04 2.40467 5.736852e-01
7.390000e-01 3.770900e+00 2.302250e+00 2.682352e+00 1.089666e+01 1.110376e+04 1.479831e+04 2.40872 5.741680e-01
7.380000e-01 3.770900e+00 2.301977e+00 2.681886e+00 1.089939e+01 1.112533e+04 1.479533e+04 2.40965 5.756423e-01
7.370000e-01 3.770900e+00 2.304120e+00 2.684308e+00 1.090934e+01 1.113632e+04 1.477920e+04 2.41373 5.761134e-01
7.360000e-01 3.770900e+00 2.303828e+00 2.683820e+00 1.091207e+01 1.115776e+04 1.477621e+04 2.41463 5.775834e-01
7.350000e-01 3.770900e+00 2.305987e+00 2.686261e+00 1.092210e+01 1.116851e+04 1.475995e+04 2.41874 5.780405e-01
7.340000e-01 3.770900e+00 2.305671e+00 2.685745e+00 1.092482e+01 1.118978e+04 1.475697e+04 2.41959 5.795038e-01
7.330000e-01 3.770900e+00 2.307846e+00 2.688203e+00 1.093491e+01 1.120022e+04 1.474062e+04 2.42374 5.799446e-01
7.320000e-01 3.770900e+00 2.307498e+00 2.687649e+00 1.093762e+01 1.122129e+04 1.473766e+04 2.42453 5.813998e-01
7.310000e-01 3.770900e+00 2.309695e+00 2.690133e+00 1.094780e+01 1.123150e+04 1.472116e+04 2.42873 5.818284e-01
7.300000e-01 3.770900e+00 2.309339e+00 2.689571e+00 1.095052e+01 1.125250e+04 1.471818e+04 2.42951 5.832845e-01
7.290000e-01 3.770900e+00 2.311547e+00 2.692068e+00 1.096080e+01 1.126254e+04 1.470153e+04 2.43373 5.837022e-01
7.280000e-01 3.770900e+00 2.311176e+00 2.691491e+00 1.096354e+01 1.128346e+04 1.469853e+04 2.4345 5.851582e-01
7.270000e-01 3.770900e+00 2.313399e+00 2.694006e+00 1.097393e+01 1.129332e+04 1.468170e+04 2.43874 5.855633e-01
7.260000e-01 3.770900e+00 2.313010e+00 2.693410e+00 1.097667e+01 1.131412e+04 1.467869e+04 2.43948 5.870165e-01
7.250000e-01 3.770900e+00 2.315248e+00 2.695943e+00 1.098714e+01 1.132375e+04 1.466173e+04 2.44375 5.874077e-01
7.240000e-01 3.770900e+00 2.314840e+00 2.695326e+00 1.098988e+01 1.134443e+04 1.465872e+04 2.44446 5.888579e-01
7.230000e-01 3.770900e+00 2.317094e+00 2.697879e+00 1.100045e+01 1.135386e+04 1.464160e+04 2.44876 5.892371e-01
7.220000e-01 3.770900e+00 2.316668e+00 2.697242e+00 1.100320e+01 1.137444e+04 1.463857e+04 2.44944 5.906861e-01
7.210000e-01 3.770900e+00 2.318975e+00 2.699868e+00 1.101396e+01 1.138361e+04 1.462117e+04 2.45381 5.910387e-01
7.200000e-01 3.770900e+00 2.318506e+00 2.699178e+00 1.101666e+01 1.140407e+04 1.461821e+04 2.45443 5.924894e-01
7.190000e-01 3.770900e+00 2.320812e+00 2.701796e+00 1.102745e+01 1.141298e+04 1.460074e+04 2.45881 5.928318e-01
7.180000e-01 3.770900e+00 2.320310e+00 2.701067e+00 1.103014e+01 1.143326e+04 1.459780e+04 2.45936 5.942752e-01
7.170000e-01 3.770900e+00 2.322635e+00 2.703708e+00 1.104100e+01 1.144186e+04 1.458022e+04 2.46379 5.946006e-01
7.160000e-01 3.770900e+00 2.322112e+00 2.702953e+00 1.104369e+01 1.146201e+04 1.457727e+04 2.46431 5.960416e-01
7.150000e-01 3.770900e+00 2.322091e+00 2.702686e+00 1.104730e+01 1.148006e+04 1.457266e+04 2.46626 5.974655e-01
7.140000e-01 3.770900e+00 2.325352e+00 2.706553e+00 1.106151e+01 1.148463e+04 1.454915e+04 2.47125 5.972335e-01
7.130000e-01 3.770900e+00 2.324808e+00 2.705779e+00 1.106423e+01 1.150465e+04 1.454615e+04 2.47174 5.986738e-01
7.120000e-01 3.770900e+00 2.324765e+00 2.705489e+00 1.106787e+01 1.152257e+04 1.454149e+04 2.47367 6.000954e-01
7.110000e-01 3.770900e+00 2.328075e+00 2.709417e+00 1.108233e+01 1.152675e+04 1.451759e+04 2.47873 5.998318e-01
7.100000e-01 3.770900e+00 2.327499e+00 2.708607e+00 1.108505e+01 1.154659e+04 1.451458e+04 2.47917 6.012682e-01
7.090000e-01 3.770900e+00 2.327429e+00 2.708285e+00 1.108871e+01 1.156430e+04 1.450990e+04 2.48105 6.026847e-01
7.080000e-01 3.770900e+00 2.330788e+00 2.712273e+00 1.110339e+01 1.156809e+04 1.448566e+04 2.4862 6.023929e-01
7.070000e-01 3.770900e+00 2.330180e+00 2.711432e+00 1.110612e+01 1.158779e+04 1.448263e+04 2.48659 6.038282e-01
7.060000e-01 3.770900e+00 2.330084e+00 2.711081e+00 1.110980e+01 1.160532e+04 1.447791e+04 2.48844 6.052409e-01
7.050000e-01 3.770900e+00 2.333524e+00 2.715175e+00 1.112478e+01 1.160862e+04 1.445321e+04 2.4937 6.049048e-01
7.040000e-01 3.770900e+00 2.332856e+00 2.714258e+00 1.112746e+01 1.162810e+04 1.445025e+04 2.49399 6.063391e-01
7.030000e-01 3.770900e+00 2.332714e+00 2.713850e+00 1.113111e+01 1.164537e+04 1.444555e+04 2.49576 6.077436e-01
7.020000e-01 3.770900e+00 2.336198e+00 2.717996e+00 1.114626e+01 1.164815e+04 1.442063e+04 2.50112 6.073781e-01
7.010000e-01 3.770900e+00 2.335489e+00 2.717030e+00 1.114893e+01 1.166742e+04 1.441767e+04 2.50134 6.088077e-01
7.000000e-01 3.770900e+00 2.335329e+00 2.716603e+00 1.115261e+01 1.168450e+04 1.441293e+04 2.5031 6.102099e-01
6.990000e-01 3.770900e+00 2.338857e+00 2.720802e+00 1.116801e+01 1.168694e+04 1.438762e+04 2.50853 6.098170e-01
6.980000e-01 3.770900e+00 2.338117e+00 2.719805e+00 1.117070e+01 1.170609e+04 1.438463e+04 2.50871 6.112483e-01
6.970000e-01 3.770900e+00 2.337928e+00 2.719344e+00 1.117440e+01 1.172302e+04 1.437985e+04 2.51043 6.126494e-01
6.960000e-01 3.770900e+00 2.341505e+00 2.723604e+00 1.119006e+01 1.172504e+04 1.435414e+04 2.51593 6.122224e-01
6.950000e-01 3.770900e+00 2.340725e+00 2.722563e+00 1.119275e+01 1.174402e+04 1.435114e+04 2.51604 6.136508e-01
6.940000e-01 3.770900e+00 2.340507e+00 2.722068e+00 1.119647e+01 1.176076e+04 1.434633e+04 2.51771 6.150481e-01
6.930000e-01 3.770900e+00 2.344134e+00 2.726389e+00 1.121238e+01 1.176238e+04 1.432022e+04 2.52329 6.145888e-01
6.920000e-01 3.770900e+00 2.343316e+00 2.725308e+00 1.121507e+01 1.178121e+04 1.431720e+04 2.52335 6.160167e-01
6.910000e-01 3.770900e+00 2.343061e+00 2.724769e+00 1.121880e+01 1.179777e+04 1.431235e+04 2.52495 6.174096e-01
6.900000e-01 3.770900e+00 2.346774e+00 2.729203e+00 1.123503e+01 1.179886e+04 1.428574e+04 2.53064 6.169014e-01
6.890000e-01 3.770900e+00 2.345887e+00 2.728034e+00 1.123765e+01 1.181748e+04 1.428277e+04 2.53058 6.183278e-01
6.880000e-01 3.770900e+00 2.345582e+00 2.727434e+00 1.124136e+01 1.183377e+04 1.427793e+04 2.5321 6.197124e-01
6.870000e-01 3.770900e+00 2.349344e+00 2.731924e+00 1.125778e+01 1.183436e+04 1.425105e+04 2.53789 6.191721e-01
6.860000e-01 3.770900e+00 2.348412e+00 2.730704e+00 1.126040e+01 1.185280e+04 1.424807e+04 2.53776 6.205969e-01
6.850000e-01 3.770900e+00 2.348083e+00 2.730076e+00 1.126413e+01 1.186893e+04 1.424317e+04 2.53925 6.219811e-01
6.840000e-01 3.770900e+00 2.351891e+00 2.734623e+00 1.128084e+01 1.186916e+04 1.421582e+04 2.54509 6.214067e-01
6.830000e-01 3.770900e+00 2.350920e+00 2.733359e+00 1.128346e+01 1.188747e+04 1.421281e+04 2.5449 6.228333e-01
6.820000e-01 3.770900e+00 2.350553e+00 2.732688e+00 1.128721e+01 1.190345e+04 1.420786e+04 2.54633 6.242156e-01
6.810000e-01 3.770900e+00 2.354414e+00 2.737299e+00 1.130420e+01 1.190322e+04 1.418006e+04 2.55224 6.236012e-01
6.800000e-01 3.770900e+00 2.353395e+00 2.735982e+00 1.130682e+01 1.192136e+04 1.417703e+04 2.55196 6.250262e-01
6.790000e-01 3.770900e+00 2.352995e+00 2.735274e+00 1.131058e+01 1.193717e+04 1.417203e+04 2.55335 6.264062e-01
6.780000e-01 3.770900e+00 2.356910e+00 2.739952e+00 1.132786e+01 1.193651e+04 1.414378e+04 2.55932 6.257543e-01
6.770000e-01 3.770900e+00 2.355844e+00 2.738582e+00 1.133048e+01 1.195450e+04 1.414072e+04 2.55897 6.271786e-01
6.760000e-01 3.770900e+00 2.355402e+00 2.737825e+00 1.133424e+01 1.197010e+04 1.413570e+04 2.56028 6.285533e-01
6.750000e-01 3.770900e+00 2.359406e+00 2.742618e+00 1.135187e+01 1.196886e+04 1.410693e+04 2.56637 6.278485e-01
6.740000e-01 3.770900e+00 2.358264e+00 2.741154e+00 1.135441e+01 1.198662e+04 1.410394e+04 2.56589 6.292711e-01
6.730000e-01 3.770900e+00 2.357775e+00 2.740338e+00 1.135815e+01 1.200196e+04 1.409891e+04 2.56712 6.306390e-01
6.720000e-01 3.770900e+00 2.361829e+00 2.745192e+00 1.137601e+01 1.200025e+04 1.406983e+04 2.57331 6.299022e-01
6.710000e-01 3.770900e+00 2.360643e+00 2.743679e+00 1.137856e+01 1.201787e+04 1.406682e+04 2.57277 6.313270e-01
6.700000e-01 3.770900e+00 2.363420e+00 2.746881e+00 1.139229e+01 1.202080e+04 1.404480e+04 2.5779 6.312546e-01
6.690000e-01 3.770900e+00 2.362207e+00 2.745340e+00 1.139485e+01 1.203833e+04 1.404174e+04 2.57731 6.326792e-01
6.680000e-01 3.770900e+00 2.365007e+00 2.748571e+00 1.140874e+01 1.204100e+04 1.401946e+04 2.58246 6.325844e-01
6.670000e-01 3.770900e+00 2.363759e+00 2.746992e+00 1.141130e+01 1.205841e+04 1.401639e+04 2.58181 6.340076e-01
6.660000e-01 3.770900e+00 2.366608e+00 2.750289e+00 1.142542e+01 1.206077e+04 1.399376e+04 2.58701 6.338806e-01
6.650000e-01 3.770900e+00 2.365309e+00 2.748647e+00 1.142793e+01 1.207812e+04 1.399072e+04 2.58628 6.353109e-01
6.640000e-01 3.770900e+00 2.368161e+00 2.751947e+00 1.144216e+01 1.208026e+04 1.396789e+04 2.59148 6.351690e-01
6.630000e-01 3.770900e+00 2.366823e+00 2.750260e+00 1.144466e+01 1.209750e+04 1.396485e+04 2.59068 6.365986e-01
6.620000e-01 3.770900e+00 2.369696e+00 2.753585e+00 1.145903e+01 1.209936e+04 1.394180e+04 2.59591 6.364347e-01
6.610000e-01 3.770900e+00 2.370449e+00 2.754384e+00 1.146750e+01 1.210873e+04 1.392869e+04 2.59809 6.370583e-01
6.600000e-01 3.770900e+00 2.371201e+00 2.755185e+00 1.147599e+01 1.211797e+04 1.391553e+04 2.60027 6.376738e-01
6.590000e-01 3.770900e+00 2.371947e+00 2.755979e+00 1.148451e+01 1.212711e+04 1.390232e+04 2.60243 6.382841e-01
6.580000e-01 3.770900e+00 2.372688e+00 2.756768e+00 1.149308e+01 1.213618e+04 1.388903e+04 2.60458 6.388899e-01
6.570000e-01 3.770900e+00 2.373426e+00 2.757554e+00 1.150169e+01 1.214516e+04 1.387566e+04 2.60673 6.394910e-01
6.560000e-01 3.770900e+00 2.374159e+00 2.758337e+00 1.151035e+01 1.215406e+04 1.386222e+04 2.60886 6.400875e-01
6.550000e-01 3.770900e+00 2.374889e+00 2.759115e+00 1.151906e+01 1.216288e+04 1.384870e+04 2.61098 6.406790e-01
6.540000e-01 3.770900e+00 2.375613e+00 2.759889e+00 1.152780e+01 1.217159e+04 1.383511e+04 2.61309 6.412647e-01
6.530000e-01 3.770900e+00 2.376365e+00 2.760705e+00 1.153666e+01 1.218016e+04 1.382135e+04 2.61522 6.418324e-01
6.520000e-01 3.770900e+00 2.377081e+00 2.761471e+00 1.154549e+01 1.218867e+04 1.380762e+04 2.6173 6.424068e-01
6.510000e-01 3.770900e+00 2.377791e+00 2.762231e+00 1.155436e+01 1.219711e+04 1.379383e+04 2.61938 6.429768e-01
6.500000e-01 3.770900e+00 2.378496e+00 2.762988e+00 1.156326e+01 1.220546e+04 1.377998e+04 2.62144 6.435411e-01
6.490000e-01 3.770900e+00 2.379195e+00 2.763736e+00 1.157221e+01 1.221369e+04 1.376606e+04 2.62349 6.440993e-01
6.480000e-01 3.770900e+00 2.379888e+00 2.764480e+00 1.158119e+01 1.222181e+04 1.375208e+04 2.62552 6.446511e-01
6.470000e-01 3.770900e+00 2.380574e+00 2.765215e+00 1.159019e+01 1.222982e+04 1.373807e+04 2.62753 6.451957e-01
6.460000e-01 3.770900e+00 2.381252e+00 2.765940e+00 1.159921e+01 1.223768e+04 1.372402e+04 2.62953 6.457333e-01
6.450000e-01 3.770900e+00 2.381924e+00 2.766658e+00 1.160827e+01 1.224546e+04 1.370990e+04 2.63151 6.462653e-01
6.440000e-01 3.770900e+00 2.382590e+00 2.767371e+00 1.161739e+01 1.225315e+04 1.369568e+04 2.63347 6.467924e-01
6.430000e-01 3.770900e+00 2.383251e+00 2.768077e+00 1.162655e+01 1.226075e+04 1.368138e+04 2.63542 6.473138e-01
6.420000e-01 3.770900e+00 2.383906e+00 2.768780e+00 1.163577e+01 1.226827e+04 1.366700e+04 2.63735 6.478300e-01
6.410000e-01 3.770900e+00 2.384555e+00 2.769475e+00 1.164503e+01 1.227569e+04 1.365253e+04 2.63927 6.483401e-01
6.400000e-01 3.770900e+00 2.385196e+00 2.770163e+00 1.165433e+01 1.228301e+04 1.363798e+04 2.64117 6.488433e-01
6.390000e-01 3.770900e+00 2.385831e+00 2.770845e+00 1.166367e+01 1.229024e+04 1.362337e+04 2.64304 6.493403e-01
6.380000e-01 3.770900e+00 2.386459e+00 2.771517e+00 1.167307e+01 1.229736e+04 1.360867e+04 2.6449 6.498315e-01
6.370000e-01 3.770900e+00 2.387112e+00 2.772230e+00 1.168259e+01 1.230434e+04 1.359376e+04 2.64677 6.503047e-01
6.360000e-01 3.770900e+00 2.387729e+00 2.772894e+00 1.169208e+01 1.231127e+04 1.357890e+04 2.6486 6.507829e-01
6.350000e-01 3.770900e+00 2.388337e+00 2.773547e+00 1.170160e+01 1.231808e+04 1.356398e+04 2.6504 6.512548e-01
6.340000e-01 3.770900e+00 2.388938e+00 2.774193e+00 1.171115e+01 1.232479e+04 1.354900e+04 2.65219 6.517200e-01
6.330000e-01 3.770900e+00 2.389530e+00 2.774829e+00 1.172073e+01 1.233136e+04 1.353398e+04 2.65395 6.521773e-01
6.320000e-01 3.770900e+00 2.390113e+00 2.775453e+00 1.173034e+01 1.233781e+04 1.351891e+04 2.65569 6.526273e-01
6.310000e-01 3.770900e+00 2.390689e+00 2.776071e+00 1.174001e+01 1.234417e+04 1.350375e+04 2.65741 6.530720e-01
6.300000e-01 3.770900e+00 2.391258e+00 2.776680e+00 1.174973e+01 1.235044e+04 1.348848e+04 2.65911 6.535104e-01
6.290000e-01 3.770900e+00 2.391820e+00 2.777282e+00 1.175950e+01 1.235662e+04 1.347312e+04 2.66078 6.539426e-01
6.280000e-01 3.770900e+00 2.392373e+00 2.777878e+00 1.176933e+01 1.236270e+04 1.345766e+04 2.66244 6.543682e-01
6.270000e-01 3.770900e+00 2.392918e+00 2.778462e+00 1.177921e+01 1.236868e+04 1.344212e+04 2.66406 6.547862e-01
6.260000e-01 3.770900e+00 2.393455e+00 2.779038e+00 1.178913e+01 1.237455e+04 1.342649e+04 2.66567 6.551969e-01
6.250000e-01 3.770900e+00 2.393983e+00 2.779605e+00 1.179910e+01 1.238032e+04 1.341078e+04 2.66724 6.556009e-01
6.240000e-01 3.770900e+00 2.394503e+00 2.780163e+00 1.180913e+01 1.238600e+04 1.339496e+04 2.6688 6.559985e-01
6.230000e-01 3.770900e+00 2.395016e+00 2.780715e+00 1.181921e+01 1.239157e+04 1.337907e+04 2.67033 6.563892e-01
6.220000e-01 3.770900e+00 2.395549e+00 2.781300e+00 1.182941e+01 1.239696e+04 1.336299e+04 2.67187 6.567609e-01
6.210000e-01 3.770900e+00 2.396047e+00 2.781837e+00 1.183958e+01 1.240230e+04 1.334696e+04 2.67336 6.571371e-01
6.200000e-01 3.770900e+00 2.396535e+00 2.782363e+00 1.184978e+01 1.240751e+04 1.333089e+04 2.67482 6.575060e-01
6.190000e-01 3.770900e+00 2.397014e+00 2.782876e+00 1.186001e+01 1.241259e+04 1.331478e+04 2.67627 6.578674e-01
6.180000e-01 3.770900e+00 2.397483e+00 2.783379e+00 1.187029e+01 1.241757e+04 1.329857e+04 2.67769 6.582221e-01
6.170000e-01 3.770900e+00 2.397943e+00 2.783873e+00 1.188064e+01 1.242245e+04 1.328225e+04 2.67908 6.585701e-01
6.160000e-01 3.770900e+00 2.398394e+00 2.784357e+00 1.189104e+01 1.242723e+04 1.326583e+04 2.68044 6.589107e-01
6.150000e-01 3.770900e+00 2.398836e+00 2.784833e+00 1.190152e+01 1.243191e+04 1.324931e+04 2.68178 6.592445e-01
6.140000e-01 3.770900e+00 2.399269e+00 2.785299e+00 1.191204e+01 1.243648e+04 1.323269e+04 2.68309 6.595708e-01
6.130000e-01 3.770900e+00 2.399694e+00 2.785756e+00 1.192262e+01 1.244094e+04 1.321599e+04 2.68437 6.598896e-01
6.120000e-01 3.770900e+00 2.400110e+00 2.786206e+00 1.193326e+01 1.244530e+04 1.319921e+04 2.68563 6.602016e-01
6.110000e-01 3.770900e+00 2.400516e+00 2.786644e+00 1.194396e+01 1.244955e+04 1.318232e+04 2.68686 6.605066e-01
6.100000e-01 3.770900e+00 2.400913e+00 2.787073e+00 1.195471e+01 1.245369e+04 1.316534e+04 2.68807 6.608038e-01
6.090000e-01 3.770900e+00 2.401299e+00 2.787491e+00 1.196552e+01 1.245772e+04 1.314827e+04 2.68924 6.610930e-01
6.080000e-01 3.770900e+00 2.401702e+00 2.787937e+00 1.197646e+01 1.246157e+04 1.313101e+04 2.6904 6.613616e-01
6.070000e-01 3.770900e+00 2.402067e+00 2.788330e+00 1.198735e+01 1.246535e+04 1.311380e+04 2.69151 6.616323e-01
6.060000e-01 3.770900e+00 2.402419e+00 2.788706e+00 1.199827e+01 1.246899e+04 1.309654e+04 2.69257 6.618945e-01
6.050000e-01 3.770900e+00 2.402760e+00 2.789070e+00 1.200924e+01 1.247253e+04 1.307918e+04 2.69361 6.621492e-01
6.040000e-01 3.770900e+00 2.403090e+00 2.789425e+00 1.202029e+01 1.247598e+04 1.306170e+04 2.69461 6.623965e-01
6.030000e-01 3.770900e+00 2.403410e+00 2.789767e+00 1.203141e+01 1.247930e+04 1.304412e+04 2.69559 6.626359e-01
6.020000e-01 3.770900e+00 2.403720e+00 2.790101e+00 1.204260e+01 1.248253e+04 1.302642e+04 2.69653 6.628679e-01
6.010000e-01 3.770900e+00 2.404022e+00 2.790425e+00 1.205386e+01 1.248563e+04 1.300863e+04 2.69745 6.630925e-01
6.000000e-01 3.770900e+00 2.404313e+00 2.790739e+00 1.206518e+01 1.248863e+04 1.299076e+04 2.69834 6.633090e-01
5.990000e-01 3.770900e+00 2.404593e+00 2.791041e+00 1.207656e+01 1.249151e+04 1.297279e+04 2.69919 6.635176e-01
5.980000e-01 3.770900e+00 2.404863e+00 2.791332e+00 1.208801e+01 1.249428e+04 1.295470e+04 2.70001 6.637185e-01
5.970000e-01 3.770900e+00 2.405122e+00 2.791614e+00 1.209953e+01 1.249693e+04 1.293653e+04 2.70081 6.639114e-01
5.960000e-01 3.770900e+00 2.405397e+00 2.791921e+00 1.211119e+01 1.249941e+04 1.291815e+04 2.70159 6.640839e-01
5.950000e-01 3.770900e+00 2.405637e+00 2.792182e+00 1.212283e+01 1.250182e+04 1.289981e+04 2.70233 6.642599e-01
5.940000e-01 3.770900e+00 2.405865e+00 2.792429e+00 1.213450e+01 1.250411e+04 1.288142e+04 2.70303 6.644278e-01
5.930000e-01 3.770900e+00 2.406079e+00 2.792658e+00 1.214621e+01 1.250625e+04 1.286298e+04 2.70369 6.645862e-01
5.920000e-01 3.770900e+00 2.406280e+00 2.792873e+00 1.215799e+01 1.250829e+04 1.284442e+04 2.70431 6.647361e-01
5.910000e-01 3.770900e+00 2.406469e+00 2.793075e+00 1.216985e+01 1.251022e+04 1.282573e+04 2.70489 6.648774e-01
5.900000e-01 3.770900e+00 2.406645e+00 2.793263e+00 1.218179e+01 1.251203e+04 1.280692e+04 2.70543 6.650094e-01
5.890000e-01 3.770900e+00 2.406808e+00 2.793438e+00 1.219380e+01 1.251373e+04 1.278799e+04 2.70593 6.651323e-01
5.880000e-01 3.770900e+00 2.406960e+00 2.793600e+00 1.220589e+01 1.251531e+04 1.276895e+04 2.7064 6.652463e-01
5.870000e-01 3.770900e+00 2.407101e+00 2.793751e+00 1.221805e+01 1.251677e+04 1.274982e+04 2.70682 6.653515e-01
5.860000e-01 3.770900e+00 2.407229e+00 2.793889e+00 1.223028e+01 1.251812e+04 1.273059e+04 2.70722 6.654485e-01
5.850000e-01 3.770900e+00 2.407348e+00 2.794017e+00 1.224259e+01 1.251934e+04 1.271125e+04 2.70758 6.655379e-01
5.840000e-01 3.770900e+00 2.407455e+00 2.794134e+00 1.225498e+01 1.252045e+04 1.269181e+04 2.70791 6.656186e-01
5.830000e-01 3.770900e+00 2.407577e+00 2.794275e+00 1.226752e+01 1.252137e+04 1.267218e+04 2.70823 6.656790e-01
5.820000e-01 3.770900e+00 2.407664e+00 2.794370e+00 1.228003e+01 1.252222e+04 1.265258e+04 2.7085 6.657426e-01
5.810000e-01 3.770900e+00 2.407739e+00 2.794452e+00 1.229259e+01 1.252295e+04 1.263295e+04 2.70874 6.657982e-01
5.800000e-01 3.770900e+00 2.407800e+00 2.794516e+00 1.230519e+01 1.252354e+04 1.261325e+04 2.70894 6.658444e-01
5.790000e-01 3.770900e+00 2.407846e+00 2.794565e+00 1.231789e+01 1.252402e+04 1.259342e+04 2.70909 6.658816e-01
5.780000e-01 3.770900e+00 2.407879e+00 2.794597e+00 1.233068e+01 1.252438e+04 1.257345e+04 2.7092 6.659089e-01
5.770000e-01 3.770900e+00 2.407898e+00 2.794616e+00 1.234355e+01 1.252462e+04 1.255335e+04 2.70926 6.659262e-01
5.760000e-01 3.770900e+00 2.407903e+00 2.794621e+00 1.235652e+01 1.252474e+04 1.253313e+04 2.70927 6.659337e-01
5.750000e-01 3.770900e+00 2.407896e+00 2.794611e+00 1.236956e+01 1.252473e+04 1.251281e+04 2.70925 6.659317e-01
5.756247e-01 3.770900e+00 2.408630e+00 2.795532e+00 1.236397e+01 1.252212e+04 1.252169e+04 2.70999 6.655673e-01
