1.000000e+00 3.820070e+00 2.082594e+00 2.461368e+00 9.734594e+00 0.000000e+00 1.731499e+04 0 0.000000e+00
9.990000e-01 3.820070e+00 2.084746e+00 2.463222e+00 9.745123e+00 7.314939e+02 1.718828e+04 1.86976 3.580777e-02
9.980000e-01 3.820070e+00 2.085008e+00 2.463242e+00 9.746606e+00 1.028169e+03 1.714483e+04 1.97365 5.311362e-02
9.970000e-01 3.820070e+00 2.086016e+00 2.464358e+00 9.751099e+00 1.257406e+03 1.710941e+04 1.87421 6.162340e-02
9.960000e-01 3.820070e+00 2.086252e+00 2.464331e+00 9.752669e+00 1.450618e+03 1.708195e+04 1.91818 7.274365e-02
9.950000e-01 3.820070e+00 2.087251e+00 2.465386e+00 9.757168e+00 1.618123e+03 1.705494e+04 1.8771 7.933007e-02
9.940000e-01 3.820070e+00 2.087549e+00 2.465446e+00 9.758836e+00 1.775162e+03 1.703312e+04 1.90724 8.840097e-02
9.930000e-01 3.820070e+00 2.088531e+00 2.466497e+00 9.763281e+00 1.917818e+03 1.700968e+04 1.88008 9.405657e-02
9.920000e-01 3.820070e+00 2.088716e+00 2.466457e+00 9.764968e+00 2.054065e+03 1.699105e+04 1.8921 1.013646e-01
9.910000e-01 3.820070e+00 2.089129e+00 2.466712e+00 9.767158e+00 2.181506e+03 1.697335e+04 1.90244 1.081989e-01
9.900000e-01 3.820070e+00 2.090517e+00 2.468333e+00 9.772395e+00 2.299950e+03 1.695209e+04 1.88456 1.128520e-01
9.890000e-01 3.820070e+00 2.090764e+00 2.468399e+00 9.774145e+00 2.415443e+03 1.693662e+04 1.89355 1.190557e-01
9.880000e-01 3.820070e+00 2.091200e+00 2.468703e+00 9.776346e+00 2.525010e+03 1.692158e+04 1.90171 1.249408e-01
9.870000e-01 3.820070e+00 2.092558e+00 2.470299e+00 9.781514e+00 2.627416e+03 1.690260e+04 1.88913 1.289801e-01
9.860000e-01 3.820070e+00 2.092804e+00 2.470371e+00 9.783268e+00 2.728453e+03 1.688932e+04 1.89604 1.343983e-01
9.850000e-01 3.820070e+00 2.093232e+00 2.470666e+00 9.785469e+00 2.825239e+03 1.687615e+04 1.90279 1.396046e-01
9.840000e-01 3.820070e+00 2.094600e+00 2.472272e+00 9.790666e+00 2.916254e+03 1.685865e+04 1.89373 1.432284e-01
9.830000e-01 3.820070e+00 2.094851e+00 2.472351e+00 9.792442e+00 3.007795e+03 1.684681e+04 1.89954 1.481422e-01
9.820000e-01 3.820070e+00 2.095286e+00 2.472658e+00 9.794667e+00 3.096010e+03 1.683487e+04 1.90546 1.528979e-01
9.810000e-01 3.820070e+00 2.096702e+00 2.474329e+00 9.799975e+00 3.178795e+03 1.681828e+04 1.89845 1.561980e-01
9.800000e-01 3.820070e+00 2.096917e+00 2.474361e+00 9.801703e+00 3.262760e+03 1.680764e+04 1.90335 1.607046e-01
9.790000e-01 3.820070e+00 2.097337e+00 2.474645e+00 9.803921e+00 3.343946e+03 1.679673e+04 1.90855 1.650869e-01
9.780000e-01 3.820070e+00 2.098762e+00 2.476320e+00 9.809264e+00 3.419863e+03 1.678096e+04 1.90313 1.681276e-01
9.770000e-01 3.820070e+00 2.098953e+00 2.476318e+00 9.810984e+00 3.497403e+03 1.677128e+04 1.90728 1.722826e-01
9.760000e-01 3.820070e+00 2.099340e+00 2.476551e+00 9.813187e+00 3.572219e+03 1.676126e+04 1.91177 1.763173e-01
9.750000e-01 3.820070e+00 2.100795e+00 2.478249e+00 9.818608e+00 3.641938e+03 1.674615e+04 1.90781 1.791380e-01
9.740000e-01 3.820070e+00 2.100965e+00 2.478209e+00 9.820335e+00 3.714787e+03 1.673716e+04 1.9115 1.830453e-01
9.730000e-01 3.820070e+00 2.101369e+00 2.478456e+00 9.822590e+00 3.785785e+03 1.672765e+04 1.91586 1.868966e-01
9.720000e-01 3.820070e+00 2.102847e+00 2.480183e+00 9.828100e+00 3.852386e+03 1.671283e+04 1.91255 1.895891e-01
9.710000e-01 3.820070e+00 2.103041e+00 2.480178e+00 9.829869e+00 3.921974e+03 1.670434e+04 1.91607 1.933341e-01
9.700000e-01 3.820070e+00 2.103460e+00 2.480450e+00 9.832153e+00 3.989790e+03 1.669530e+04 1.92017 1.970194e-01
9.690000e-01 3.820070e+00 2.104938e+00 2.482183e+00 9.837688e+00 4.053472e+03 1.668084e+04 1.91734 1.995880e-01
9.680000e-01 3.820070e+00 2.105150e+00 2.482206e+00 9.839484e+00 4.119934e+03 1.667279e+04 1.92067 2.031717e-01
9.670000e-01 3.820070e+00 2.105572e+00 2.482487e+00 9.841776e+00 4.184569e+03 1.666419e+04 1.92447 2.066854e-01
9.660000e-01 3.820070e+00 2.107050e+00 2.484220e+00 9.847318e+00 4.244924e+03 1.665013e+04 1.92216 2.091210e-01
9.650000e-01 3.820070e+00 2.107258e+00 2.484240e+00 9.849119e+00 4.308224e+03 1.664253e+04 1.92521 2.125344e-01
9.640000e-01 3.820070e+00 2.107683e+00 2.484526e+00 9.851426e+00 4.369982e+03 1.663432e+04 1.92884 2.158998e-01
9.630000e-01 3.820070e+00 2.109172e+00 2.486274e+00 9.857006e+00 4.427713e+03 1.662054e+04 1.92702 2.182369e-01
9.620000e-01 3.820070e+00 2.109384e+00 2.486302e+00 9.858824e+00 4.488503e+03 1.661330e+04 1.92989 2.215188e-01
9.610000e-01 3.820070e+00 2.109806e+00 2.486585e+00 9.861139e+00 4.547684e+03 1.660545e+04 1.9333 2.247454e-01
9.600000e-01 3.820070e+00 2.111305e+00 2.488344e+00 9.866753e+00 4.602799e+03 1.659196e+04 1.9319 2.269823e-01
9.590000e-01 3.820070e+00 2.111512e+00 2.488365e+00 9.868579e+00 4.661191e+03 1.658507e+04 1.93458 2.301361e-01
9.580000e-01 3.820070e+00 2.111927e+00 2.488636e+00 9.870902e+00 4.717998e+03 1.657755e+04 1.9378 2.332368e-01
9.570000e-01 3.820070e+00 2.113439e+00 2.490408e+00 9.876558e+00 4.770422e+03 1.656431e+04 1.93681 2.353698e-01
9.560000e-01 3.820070e+00 2.113618e+00 2.490389e+00 9.878369e+00 4.826216e+03 1.655778e+04 1.93922 2.383796e-01
9.550000e-01 3.820070e+00 2.114022e+00 2.490639e+00 9.880700e+00 4.880697e+03 1.655055e+04 1.94231 2.413618e-01
9.540000e-01 3.820070e+00 2.115564e+00 2.492440e+00 9.886441e+00 4.931180e+03 1.653741e+04 1.94173 2.434301e-01
9.530000e-01 3.820070e+00 2.115752e+00 2.492429e+00 9.888288e+00 4.985648e+03 1.653106e+04 1.94412 2.463787e-01
9.520000e-01 3.820070e+00 2.116169e+00 2.492695e+00 9.890659e+00 5.038831e+03 1.652398e+04 1.94716 2.492975e-01
9.510000e-01 3.820070e+00 2.117721e+00 2.494512e+00 9.896459e+00 5.087980e+03 1.651091e+04 1.94672 2.513036e-01
9.500000e-01 3.820070e+00 2.117922e+00 2.494521e+00 9.898333e+00 5.140960e+03 1.650475e+04 1.94906 2.541770e-01
9.490000e-01 3.820070e+00 2.118347e+00 2.494801e+00 9.900724e+00 5.192663e+03 1.649787e+04 1.95201 2.570190e-01
9.480000e-01 3.820070e+00 2.119903e+00 2.496625e+00 9.906550e+00 5.240329e+03 1.648495e+04 1.95175 2.589638e-01
9.470000e-01 3.820070e+00 2.120106e+00 2.496640e+00 9.908436e+00 5.291728e+03 1.647900e+04 1.95399 2.617536e-01
9.460000e-01 3.820070e+00 2.120528e+00 2.496917e+00 9.910834e+00 5.341823e+03 1.647233e+04 1.95683 2.645101e-01
9.450000e-01 3.820070e+00 2.122096e+00 2.498755e+00 9.916698e+00 5.387938e+03 1.645954e+04 1.95682 2.663975e-01
9.440000e-01 3.820070e+00 2.122302e+00 2.498775e+00 9.918603e+00 5.438041e+03 1.645376e+04 1.95899 2.691214e-01
9.430000e-01 3.820070e+00 2.122730e+00 2.499060e+00 9.921024e+00 5.486906e+03 1.644723e+04 1.96178 2.718164e-01
9.420000e-01 3.820070e+00 2.124306e+00 2.500910e+00 9.926932e+00 5.531675e+03 1.643452e+04 1.96192 2.736476e-01
9.410000e-01 3.820070e+00 2.124510e+00 2.500928e+00 9.928847e+00 5.580391e+03 1.642892e+04 1.96401 2.762976e-01
9.400000e-01 3.820070e+00 2.124934e+00 2.501208e+00 9.931278e+00 5.627873e+03 1.642255e+04 1.9667 2.789197e-01
9.390000e-01 3.820070e+00 2.126524e+00 2.503073e+00 9.937226e+00 5.671128e+03 1.640995e+04 1.96706 2.806938e-01
9.380000e-01 3.820070e+00 2.126713e+00 2.503072e+00 9.939138e+00 5.718368e+03 1.640455e+04 1.96901 2.832631e-01
9.370000e-01 3.820070e+00 2.127118e+00 2.503325e+00 9.941559e+00 5.764228e+03 1.639838e+04 1.97157 2.857961e-01
9.360000e-01 3.820070e+00 2.128731e+00 2.505211e+00 9.947556e+00 5.805755e+03 1.638589e+04 1.97219 2.875103e-01
9.350000e-01 3.820070e+00 2.128909e+00 2.505191e+00 9.949475e+00 5.851841e+03 1.638064e+04 1.97407 2.900206e-01
9.340000e-01 3.820070e+00 2.129325e+00 2.505455e+00 9.951937e+00 5.896856e+03 1.637456e+04 1.97665 2.925190e-01
9.330000e-01 3.820070e+00 2.130956e+00 2.507363e+00 9.958018e+00 5.937719e+03 1.636203e+04 1.97738 2.942043e-01
9.320000e-01 3.820070e+00 2.131146e+00 2.507360e+00 9.959973e+00 5.983052e+03 1.635687e+04 1.97927 2.966800e-01
9.310000e-01 3.820070e+00 2.131568e+00 2.507633e+00 9.962459e+00 6.027221e+03 1.635089e+04 1.98181 2.991349e-01
9.300000e-01 3.820070e+00 2.133208e+00 2.509555e+00 9.968588e+00 6.067199e+03 1.633839e+04 1.98263 3.007815e-01
9.290000e-01 3.820070e+00 2.133404e+00 2.509563e+00 9.970562e+00 6.111607e+03 1.633335e+04 1.98448 3.032098e-01
9.280000e-01 3.820070e+00 2.133825e+00 2.509836e+00 9.973058e+00 6.154786e+03 1.632748e+04 1.98695 3.056121e-01
9.270000e-01 3.820070e+00 2.135475e+00 2.511770e+00 9.979221e+00 6.193657e+03 1.631506e+04 1.98791 3.072150e-01
9.260000e-01 3.820070e+00 2.135668e+00 2.511776e+00 9.981207e+00 6.237115e+03 1.631014e+04 1.98971 3.095941e-01
9.250000e-01 3.820070e+00 2.136095e+00 2.512056e+00 9.983727e+00 6.279462e+03 1.630437e+04 1.99217 3.119569e-01
9.240000e-01 3.820070e+00 2.137802e+00 2.514067e+00 9.990031e+00 6.317522e+03 1.629182e+04 1.99328 3.135220e-01
9.230000e-01 3.820070e+00 2.137967e+00 2.514036e+00 9.991980e+00 6.360218e+03 1.628708e+04 1.99501 3.158661e-01
9.220000e-01 3.820070e+00 2.138382e+00 2.514300e+00 9.994497e+00 6.401707e+03 1.628143e+04 1.99741 3.181852e-01
9.210000e-01 3.820070e+00 2.140099e+00 2.516321e+00 1.000084e+01 6.438798e+03 1.626891e+04 1.99864 3.197127e-01
9.200000e-01 3.820070e+00 2.140257e+00 2.516281e+00 1.000280e+01 6.480580e+03 1.626428e+04 2.00031 3.220087e-01
9.190000e-01 3.820070e+00 2.140660e+00 2.516529e+00 1.000532e+01 6.521053e+03 1.625874e+04 2.00263 3.242733e-01
9.180000e-01 3.820070e+00 2.142394e+00 2.518567e+00 1.001171e+01 6.556839e+03 1.624626e+04 2.00402 3.257507e-01
9.170000e-01 3.820070e+00 2.143147e+00 2.519298e+00 1.001532e+01 6.595550e+03 1.623880e+04 2.00579 3.277321e-01
9.160000e-01 3.820070e+00 2.143913e+00 2.520044e+00 1.001897e+01 6.634081e+03 1.623130e+04 2.00759 3.297074e-01
9.150000e-01 3.820070e+00 2.144683e+00 2.520796e+00 1.002265e+01 6.672479e+03 1.622380e+04 2.0094 3.316768e-01
9.140000e-01 3.820070e+00 2.145457e+00 2.521552e+00 1.002633e+01 6.710705e+03 1.621630e+04 2.01122 3.336384e-01
9.130000e-01 3.820070e+00 2.146233e+00 2.522313e+00 1.003003e+01 6.748705e+03 1.620881e+04 2.01305 3.355892e-01
9.120000e-01 3.820070e+00 2.147012e+00 2.523077e+00 1.003374e+01 6.786497e+03 1.620134e+04 2.01488 3.375303e-01
9.110000e-01 3.820070e+00 2.147792e+00 2.523844e+00 1.003746e+01 6.824058e+03 1.619388e+04 2.01671 3.394606e-01
9.100000e-01 3.820070e+00 2.148574e+00 2.524612e+00 1.004118e+01 6.861348e+03 1.618644e+04 2.01855 3.413779e-01
9.090000e-01 3.820070e+00 2.149355e+00 2.525382e+00 1.004490e+01 6.898342e+03 1.617904e+04 2.02039 3.432813e-01
9.080000e-01 3.820070e+00 2.150138e+00 2.526152e+00 1.004864e+01 6.935092e+03 1.617165e+04 2.02223 3.451732e-01
9.070000e-01 3.820070e+00 2.150922e+00 2.526925e+00 1.005238e+01 6.971664e+03 1.616427e+04 2.02408 3.470571e-01
9.060000e-01 3.820070e+00 2.151709e+00 2.527701e+00 1.005614e+01 7.008059e+03 1.615689e+04 2.02593 3.489329e-01
9.050000e-01 3.820070e+00 2.152498e+00 2.528480e+00 1.005991e+01 7.044247e+03 1.614953e+04 2.02779 3.507991e-01
9.040000e-01 3.820070e+00 2.153288e+00 2.529260e+00 1.006369e+01 7.080199e+03 1.614218e+04 2.02965 3.526543e-01
9.030000e-01 3.820070e+00 2.154079e+00 2.530042e+00 1.006748e+01 7.115932e+03 1.613484e+04 2.03151 3.544995e-01
9.020000e-01 3.820070e+00 2.154871e+00 2.530824e+00 1.007128e+01 7.151432e+03 1.612752e+04 2.03338 3.563337e-01
9.010000e-01 3.820070e+00 2.155663e+00 2.531606e+00 1.007508e+01 7.186634e+03 1.612022e+04 2.03525 3.581540e-01
9.000000e-01 3.820070e+00 2.156453e+00 2.532384e+00 1.007889e+01 7.221503e+03 1.611294e+04 2.03712 3.599585e-01
8.990000e-01 3.820070e+00 2.157242e+00 2.533159e+00 1.008270e+01 7.256090e+03 1.610568e+04 2.039 3.617501e-01
8.980000e-01 3.820070e+00 2.158032e+00 2.533935e+00 1.008653e+01 7.290555e+03 1.609842e+04 2.04087 3.635366e-01
8.970000e-01 3.820070e+00 2.158827e+00 2.534716e+00 1.009039e+01 7.324938e+03 1.609114e+04 2.04276 3.653200e-01
8.960000e-01 3.820070e+00 2.159625e+00 2.535502e+00 1.009426e+01 7.359218e+03 1.608385e+04 2.04466 3.670989e-01
8.950000e-01 3.820070e+00 2.160426e+00 2.536292e+00 1.009814e+01 7.393353e+03 1.607657e+04 2.04656 3.688712e-01
8.940000e-01 3.820070e+00 2.161230e+00 2.537086e+00 1.010204e+01 7.427330e+03 1.606929e+04 2.04847 3.706362e-01
8.930000e-01 3.820070e+00 2.162036e+00 2.537883e+00 1.010594e+01 7.461149e+03 1.606201e+04 2.05038 3.723939e-01
8.920000e-01 3.820070e+00 2.162843e+00 2.538683e+00 1.010986e+01 7.494764e+03 1.605474e+04 2.0523 3.741420e-01
8.910000e-01 3.820070e+00 2.163651e+00 2.539483e+00 1.011378e+01 7.528146e+03 1.604749e+04 2.05422 3.758790e-01
8.900000e-01 3.820070e+00 2.164459e+00 2.540284e+00 1.011770e+01 7.561307e+03 1.604026e+04 2.05614 3.776058e-01
8.890000e-01 3.820070e+00 2.165268e+00 2.541087e+00 1.012164e+01 7.594311e+03 1.603302e+04 2.05807 3.793254e-01
8.880000e-01 3.820070e+00 2.166080e+00 2.541892e+00 1.012559e+01 7.627174e+03 1.602579e+04 2.06 3.810387e-01
8.870000e-01 3.820070e+00 2.166893e+00 2.542701e+00 1.012956e+01 7.659877e+03 1.601857e+04 2.06194 3.827447e-01
8.860000e-01 3.820070e+00 2.167708e+00 2.543511e+00 1.013353e+01 7.692396e+03 1.601134e+04 2.06388 3.844422e-01
8.850000e-01 3.820070e+00 2.168524e+00 2.544322e+00 1.013751e+01 7.724729e+03 1.600413e+04 2.06582 3.861311e-01
8.840000e-01 3.820070e+00 2.169341e+00 2.545135e+00 1.014151e+01 7.756882e+03 1.599692e+04 2.06777 3.878118e-01
8.830000e-01 3.820070e+00 2.170158e+00 2.545947e+00 1.014551e+01 7.788797e+03 1.598972e+04 2.06972 3.894813e-01
8.820000e-01 3.820070e+00 2.170973e+00 2.546756e+00 1.014951e+01 7.820439e+03 1.598253e+04 2.07167 3.911380e-01
8.810000e-01 3.820070e+00 2.171787e+00 2.547562e+00 1.015352e+01 7.851833e+03 1.597537e+04 2.07362 3.927833e-01
8.800000e-01 3.820070e+00 2.172602e+00 2.548369e+00 1.015754e+01 7.883113e+03 1.596819e+04 2.07558 3.944240e-01
8.790000e-01 3.820070e+00 2.173421e+00 2.549179e+00 1.016159e+01 7.914328e+03 1.596100e+04 2.07754 3.960622e-01
8.780000e-01 3.820070e+00 2.174243e+00 2.549995e+00 1.016566e+01 7.945471e+03 1.595379e+04 2.07952 3.976977e-01
8.770000e-01 3.820070e+00 2.175068e+00 2.550815e+00 1.016974e+01 7.976504e+03 1.594657e+04 2.0815 3.993282e-01
8.760000e-01 3.820070e+00 2.175940e+00 2.551697e+00 1.017392e+01 8.007373e+03 1.593922e+04 2.08354 4.009450e-01
8.750000e-01 3.820070e+00 2.176728e+00 2.552467e+00 1.017795e+01 8.038213e+03 1.593213e+04 2.08548 4.025729e-01
8.740000e-01 3.820070e+00 2.177602e+00 2.553354e+00 1.018215e+01 8.068797e+03 1.592477e+04 2.08753 4.041766e-01
8.730000e-01 3.820070e+00 2.178436e+00 2.554186e+00 1.018628e+01 8.099239e+03 1.591756e+04 2.08953 4.057796e-01
8.720000e-01 3.820070e+00 2.179269e+00 2.555016e+00 1.019041e+01 8.129493e+03 1.591035e+04 2.09153 4.073740e-01
8.710000e-01 3.820070e+00 2.180103e+00 2.555849e+00 1.019456e+01 8.159622e+03 1.590314e+04 2.09354 4.089628e-01
8.700000e-01 3.820070e+00 2.180939e+00 2.556685e+00 1.019872e+01 8.189627e+03 1.589593e+04 2.09555 4.105461e-01
8.690000e-01 3.820070e+00 2.181777e+00 2.557523e+00 1.020289e+01 8.219500e+03 1.588871e+04 2.09757 4.121234e-01
8.680000e-01 3.820070e+00 2.182617e+00 2.558363e+00 1.020707e+01 8.249217e+03 1.588149e+04 2.09959 4.136936e-01
8.670000e-01 3.820070e+00 2.183457e+00 2.559204e+00 1.021126e+01 8.278776e+03 1.587428e+04 2.10161 4.152566e-01
8.660000e-01 3.820070e+00 2.184298e+00 2.560046e+00 1.021547e+01 8.308172e+03 1.586706e+04 2.10364 4.168120e-01
8.650000e-01 3.820070e+00 2.185138e+00 2.560886e+00 1.021968e+01 8.337358e+03 1.585986e+04 2.10567 4.183577e-01
8.640000e-01 3.820070e+00 2.185977e+00 2.561724e+00 1.022389e+01 8.366305e+03 1.585266e+04 2.1077 4.198922e-01
8.630000e-01 3.820070e+00 2.186815e+00 2.562559e+00 1.022811e+01 8.395055e+03 1.584547e+04 2.10973 4.214177e-01
8.620000e-01 3.820070e+00 2.187655e+00 2.563396e+00 1.023235e+01 8.423727e+03 1.583826e+04 2.11176 4.229404e-01
8.610000e-01 3.820070e+00 2.188498e+00 2.564238e+00 1.023661e+01 8.452342e+03 1.583104e+04 2.11381 4.244610e-01
8.600000e-01 3.820070e+00 2.189344e+00 2.565083e+00 1.024089e+01 8.480892e+03 1.582379e+04 2.11586 4.259790e-01
8.590000e-01 3.820070e+00 2.190194e+00 2.565932e+00 1.024519e+01 8.509344e+03 1.581653e+04 2.11792 4.274927e-01
8.580000e-01 3.820070e+00 2.191046e+00 2.566786e+00 1.024950e+01 8.537705e+03 1.580927e+04 2.11999 4.290024e-01
8.570000e-01 3.820070e+00 2.191900e+00 2.567642e+00 1.025383e+01 8.565956e+03 1.580199e+04 2.12206 4.305072e-01
8.560000e-01 3.820070e+00 2.192755e+00 2.568500e+00 1.025816e+01 8.594061e+03 1.579472e+04 2.12414 4.320051e-01
8.550000e-01 3.820070e+00 2.193610e+00 2.569358e+00 1.026251e+01 8.622001e+03 1.578744e+04 2.12622 4.334954e-01
8.540000e-01 3.820070e+00 2.194466e+00 2.570218e+00 1.026686e+01 8.649800e+03 1.578016e+04 2.1283 4.349792e-01
8.530000e-01 3.820070e+00 2.195324e+00 2.571080e+00 1.027123e+01 8.677497e+03 1.577288e+04 2.13039 4.364586e-01
8.520000e-01 3.820070e+00 2.196184e+00 2.571945e+00 1.027562e+01 8.705087e+03 1.576559e+04 2.13248 4.379331e-01
8.510000e-01 3.820070e+00 2.197046e+00 2.572812e+00 1.028001e+01 8.732555e+03 1.575828e+04 2.13458 4.394022e-01
8.500000e-01 3.820070e+00 2.197908e+00 2.573680e+00 1.028442e+01 8.759880e+03 1.575098e+04 2.13668 4.408648e-01
8.490000e-01 3.820070e+00 2.198771e+00 2.574549e+00 1.028884e+01 8.787066e+03 1.574367e+04 2.13878 4.423210e-01
8.480000e-01 3.820070e+00 2.199634e+00 2.575417e+00 1.029326e+01 8.814090e+03 1.573636e+04 2.14089 4.437698e-01
8.470000e-01 3.820070e+00 2.200496e+00 2.576284e+00 1.029769e+01 8.840908e+03 1.572906e+04 2.14299 4.452089e-01
8.460000e-01 3.820070e+00 2.201356e+00 2.577147e+00 1.030213e+01 8.867521e+03 1.572176e+04 2.1451 4.466385e-01
8.450000e-01 3.820070e+00 2.202217e+00 2.578011e+00 1.030658e+01 8.894021e+03 1.571445e+04 2.14721 4.480634e-01
8.440000e-01 3.820070e+00 2.203080e+00 2.578877e+00 1.031105e+01 8.920468e+03 1.570712e+04 2.14933 4.494866e-01
8.430000e-01 3.820070e+00 2.203947e+00 2.579748e+00 1.031555e+01 8.946860e+03 1.569976e+04 2.15145 4.509077e-01
8.420000e-01 3.820070e+00 2.204816e+00 2.580623e+00 1.032006e+01 8.973178e+03 1.569239e+04 2.15359 4.523257e-01
8.410000e-01 3.820070e+00 2.205688e+00 2.581501e+00 1.032459e+01 8.999411e+03 1.568500e+04 2.15573 4.537400e-01
8.400000e-01 3.820070e+00 2.206563e+00 2.582382e+00 1.032914e+01 9.025565e+03 1.567760e+04 2.15787 4.551509e-01
8.390000e-01 3.820070e+00 2.207438e+00 2.583266e+00 1.033370e+01 9.051595e+03 1.567019e+04 2.16003 4.565561e-01
8.380000e-01 3.820070e+00 2.208315e+00 2.584151e+00 1.033827e+01 9.077491e+03 1.566278e+04 2.16218 4.579550e-01
8.370000e-01 3.820070e+00 2.209191e+00 2.585036e+00 1.034285e+01 9.103244e+03 1.565536e+04 2.16434 4.593474e-01
8.360000e-01 3.820070e+00 2.210070e+00 2.585924e+00 1.034744e+01 9.128909e+03 1.564793e+04 2.1665 4.607360e-01
8.350000e-01 3.820070e+00 2.210950e+00 2.586813e+00 1.035205e+01 9.154477e+03 1.564048e+04 2.16866 4.621203e-01
8.340000e-01 3.820070e+00 2.211832e+00 2.587706e+00 1.035667e+01 9.179946e+03 1.563302e+04 2.17083 4.635003e-01
8.330000e-01 3.820070e+00 2.212714e+00 2.588599e+00 1.036131e+01 9.205289e+03 1.562556e+04 2.17301 4.648744e-01
8.320000e-01 3.820070e+00 2.213597e+00 2.589493e+00 1.036596e+01 9.230496e+03 1.561809e+04 2.17519 4.662425e-01
8.310000e-01 3.820070e+00 2.214481e+00 2.590389e+00 1.037061e+01 9.255576e+03 1.561061e+04 2.17737 4.676046e-01
8.300000e-01 3.820070e+00 2.215363e+00 2.591280e+00 1.037528e+01 9.280457e+03 1.560313e+04 2.17955 4.689576e-01
8.290000e-01 3.820070e+00 2.216244e+00 2.592171e+00 1.037995e+01 9.305167e+03 1.559566e+04 2.18173 4.703025e-01
8.280000e-01 3.820070e+00 2.217124e+00 2.593059e+00 1.038463e+01 9.329744e+03 1.558817e+04 2.18391 4.716418e-01
8.270000e-01 3.820070e+00 2.218050e+00 2.594010e+00 1.038942e+01 9.354232e+03 1.558052e+04 2.18615 4.729697e-01
8.260000e-01 3.820070e+00 2.218937e+00 2.594907e+00 1.039415e+01 9.378711e+03 1.557299e+04 2.18835 4.743053e-01
8.250000e-01 3.820070e+00 2.219825e+00 2.595806e+00 1.039890e+01 9.403118e+03 1.556542e+04 2.19056 4.756382e-01
8.240000e-01 3.820070e+00 2.220717e+00 2.596709e+00 1.040367e+01 9.427459e+03 1.555785e+04 2.19277 4.769682e-01
8.230000e-01 3.820070e+00 2.221610e+00 2.597615e+00 1.040845e+01 9.451719e+03 1.555025e+04 2.19499 4.782948e-01
8.220000e-01 3.820070e+00 2.222504e+00 2.598523e+00 1.041325e+01 9.475877e+03 1.554264e+04 2.19722 4.796167e-01
8.210000e-01 3.820070e+00 2.223400e+00 2.599432e+00 1.041806e+01 9.499907e+03 1.553502e+04 2.19944 4.809327e-01
8.200000e-01 3.820070e+00 2.224295e+00 2.600341e+00 1.042288e+01 9.523819e+03 1.552739e+04 2.20167 4.822433e-01
8.190000e-01 3.820070e+00 2.225192e+00 2.601253e+00 1.042772e+01 9.547643e+03 1.551974e+04 2.20391 4.835501e-01
8.180000e-01 3.820070e+00 2.226091e+00 2.602167e+00 1.043257e+01 9.571387e+03 1.551208e+04 2.20615 4.848534e-01
8.170000e-01 3.820070e+00 2.226991e+00 2.603083e+00 1.043744e+01 9.595035e+03 1.550440e+04 2.20839 4.861525e-01
8.160000e-01 3.820070e+00 2.227892e+00 2.604000e+00 1.044232e+01 9.618566e+03 1.549671e+04 2.21064 4.874462e-01
8.150000e-01 3.820070e+00 2.228793e+00 2.604918e+00 1.044722e+01 9.641977e+03 1.548901e+04 2.21289 4.887345e-01
8.140000e-01 3.820070e+00 2.229694e+00 2.605835e+00 1.045212e+01 9.665255e+03 1.548130e+04 2.21514 4.900166e-01
8.130000e-01 3.820070e+00 2.230593e+00 2.606750e+00 1.045703e+01 9.688358e+03 1.547358e+04 2.21739 4.912905e-01
8.120000e-01 3.820070e+00 2.231491e+00 2.607662e+00 1.046195e+01 9.711295e+03 1.546587e+04 2.21964 4.925568e-01
8.110000e-01 3.820070e+00 2.232389e+00 2.608574e+00 1.046689e+01 9.734138e+03 1.545813e+04 2.22189 4.938193e-01
8.100000e-01 3.820070e+00 2.233290e+00 2.609489e+00 1.047185e+01 9.756937e+03 1.545037e+04 2.22416 4.950803e-01
8.090000e-01 3.820070e+00 2.234193e+00 2.610407e+00 1.047683e+01 9.779672e+03 1.544258e+04 2.22642 4.963387e-01
8.080000e-01 3.820070e+00 2.235099e+00 2.611329e+00 1.048183e+01 9.802351e+03 1.543476e+04 2.2287 4.975949e-01
8.070000e-01 3.820070e+00 2.236006e+00 2.612253e+00 1.048685e+01 9.824956e+03 1.542692e+04 2.23098 4.988479e-01
8.060000e-01 3.820070e+00 2.236916e+00 2.613180e+00 1.049189e+01 9.847489e+03 1.541906e+04 2.23327 5.000977e-01
8.050000e-01 3.820070e+00 2.237826e+00 2.614110e+00 1.049694e+01 9.869917e+03 1.541118e+04 2.23556 5.013428e-01
8.040000e-01 3.820070e+00 2.238737e+00 2.615039e+00 1.050201e+01 9.892227e+03 1.540329e+04 2.23786 5.025824e-01
8.030000e-01 3.820070e+00 2.239648e+00 2.615970e+00 1.050709e+01 9.914439e+03 1.539538e+04 2.24015 5.038175e-01
8.020000e-01 3.820070e+00 2.240561e+00 2.616901e+00 1.051219e+01 9.936573e+03 1.538745e+04 2.24245 5.050494e-01
8.010000e-01 3.820070e+00 2.241475e+00 2.617837e+00 1.051731e+01 9.958631e+03 1.537950e+04 2.24476 5.062779e-01
8.000000e-01 3.820070e+00 2.242391e+00 2.618774e+00 1.052244e+01 9.980593e+03 1.537153e+04 2.24707 5.075021e-01
7.990000e-01 3.820070e+00 2.243306e+00 2.619710e+00 1.052759e+01 1.000244e+04 1.536355e+04 2.24938 5.087208e-01
7.980000e-01 3.820070e+00 2.244221e+00 2.620647e+00 1.053275e+01 1.002417e+04 1.535555e+04 2.2517 5.099346e-01
7.970000e-01 3.820070e+00 2.245136e+00 2.621583e+00 1.053791e+01 1.004576e+04 1.534754e+04 2.25401 5.111415e-01
7.960000e-01 3.820070e+00 2.246049e+00 2.622515e+00 1.054309e+01 1.006718e+04 1.533953e+04 2.25633 5.123406e-01
7.950000e-01 3.820070e+00 2.246960e+00 2.623445e+00 1.054827e+01 1.008847e+04 1.533151e+04 2.25864 5.135340e-01
7.940000e-01 3.820070e+00 2.247873e+00 2.624377e+00 1.055348e+01 1.010970e+04 1.532346e+04 2.26096 5.147253e-01
7.930000e-01 3.820070e+00 2.248788e+00 2.625312e+00 1.055871e+01 1.013089e+04 1.531537e+04 2.26329 5.159148e-01
7.920000e-01 3.820070e+00 2.249705e+00 2.626250e+00 1.056397e+01 1.015201e+04 1.530726e+04 2.26562 5.171017e-01
7.910000e-01 3.820070e+00 2.250625e+00 2.627191e+00 1.056925e+01 1.017307e+04 1.529911e+04 2.26796 5.182862e-01
7.900000e-01 3.820070e+00 2.251546e+00 2.628134e+00 1.057454e+01 1.019407e+04 1.529094e+04 2.27031 5.194674e-01
7.890000e-01 3.820070e+00 2.252468e+00 2.629080e+00 1.057986e+01 1.021497e+04 1.528275e+04 2.27266 5.206448e-01
7.880000e-01 3.820070e+00 2.253391e+00 2.630026e+00 1.058519e+01 1.023577e+04 1.527454e+04 2.27501 5.218171e-01
7.870000e-01 3.820070e+00 2.254356e+00 2.631031e+00 1.059062e+01 1.025642e+04 1.526617e+04 2.27741 5.229736e-01
7.860000e-01 3.820070e+00 2.255280e+00 2.631981e+00 1.059599e+01 1.027704e+04 1.525792e+04 2.27977 5.241378e-01
7.850000e-01 3.820070e+00 2.256206e+00 2.632932e+00 1.060137e+01 1.029758e+04 1.524964e+04 2.28214 5.252992e-01
7.840000e-01 3.820070e+00 2.257132e+00 2.633884e+00 1.060678e+01 1.031804e+04 1.524133e+04 2.2845 5.264565e-01
7.830000e-01 3.820070e+00 2.258058e+00 2.634837e+00 1.061219e+01 1.033840e+04 1.523301e+04 2.28687 5.276090e-01
7.820000e-01 3.820070e+00 2.258985e+00 2.635790e+00 1.061762e+01 1.035864e+04 1.522467e+04 2.28925 5.287565e-01
7.810000e-01 3.820070e+00 2.259910e+00 2.636741e+00 1.062307e+01 1.037876e+04 1.521632e+04 2.29162 5.298982e-01
7.800000e-01 3.820070e+00 2.260834e+00 2.637690e+00 1.062852e+01 1.039872e+04 1.520796e+04 2.29399 5.310322e-01
7.790000e-01 3.820070e+00 2.261755e+00 2.638635e+00 1.063398e+01 1.041854e+04 1.519959e+04 2.29636 5.321603e-01
7.780000e-01 3.820070e+00 2.262678e+00 2.639582e+00 1.063946e+01 1.043830e+04 1.519119e+04 2.29873 5.332860e-01
7.770000e-01 3.820070e+00 2.263602e+00 2.640531e+00 1.064497e+01 1.045801e+04 1.518275e+04 2.30111 5.344096e-01
7.760000e-01 3.820070e+00 2.264528e+00 2.641484e+00 1.065050e+01 1.047766e+04 1.517428e+04 2.3035 5.355307e-01
7.750000e-01 3.820070e+00 2.265456e+00 2.642438e+00 1.065606e+01 1.049724e+04 1.516577e+04 2.3059 5.366494e-01
7.740000e-01 3.820070e+00 2.266386e+00 2.643396e+00 1.066163e+01 1.051676e+04 1.515724e+04 2.30829 5.377651e-01
7.730000e-01 3.820070e+00 2.267317e+00 2.644356e+00 1.066723e+01 1.053620e+04 1.514868e+04 2.3107 5.388772e-01
7.720000e-01 3.820070e+00 2.268248e+00 2.645315e+00 1.067285e+01 1.055553e+04 1.514010e+04 2.3131 5.399843e-01
7.710000e-01 3.820070e+00 2.269178e+00 2.646275e+00 1.067848e+01 1.057477e+04 1.513150e+04 2.31551 5.410871e-01
7.700000e-01 3.820070e+00 2.270110e+00 2.647237e+00 1.068413e+01 1.059393e+04 1.512287e+04 2.31792 5.421868e-01
7.690000e-01 3.820070e+00 2.271043e+00 2.648200e+00 1.068981e+01 1.061302e+04 1.511421e+04 2.32034 5.432836e-01
7.680000e-01 3.820070e+00 2.271021e+00 2.648016e+00 1.069249e+01 1.063658e+04 1.511117e+04 2.32166 5.448113e-01
7.670000e-01 3.820070e+00 2.272920e+00 2.650145e+00 1.070123e+01 1.065091e+04 1.509680e+04 2.3252 5.454631e-01
7.660000e-01 3.820070e+00 2.272877e+00 2.649935e+00 1.070391e+01 1.067432e+04 1.509378e+04 2.32648 5.469847e-01
7.650000e-01 3.820070e+00 2.274784e+00 2.652073e+00 1.071269e+01 1.068838e+04 1.507933e+04 2.33004 5.476239e-01
7.640000e-01 3.820070e+00 2.274716e+00 2.651833e+00 1.071536e+01 1.071157e+04 1.507633e+04 2.33127 5.491348e-01
7.630000e-01 3.820070e+00 2.276641e+00 2.653990e+00 1.072420e+01 1.072529e+04 1.506181e+04 2.33488 5.497589e-01
7.620000e-01 3.820070e+00 2.276558e+00 2.653734e+00 1.072687e+01 1.074835e+04 1.505881e+04 2.33609 5.512653e-01
7.610000e-01 3.820070e+00 2.278499e+00 2.655909e+00 1.073579e+01 1.076191e+04 1.504417e+04 2.33974 5.518815e-01
7.600000e-01 3.820070e+00 2.278412e+00 2.655650e+00 1.073848e+01 1.078488e+04 1.504115e+04 2.34094 5.533873e-01
7.590000e-01 3.820070e+00 2.280363e+00 2.657837e+00 1.074749e+01 1.079829e+04 1.502638e+04 2.34461 5.539945e-01
7.580000e-01 3.820070e+00 2.280267e+00 2.657570e+00 1.075020e+01 1.082117e+04 1.502335e+04 2.34581 5.554985e-01
7.570000e-01 3.820070e+00 2.282230e+00 2.659773e+00 1.075928e+01 1.083438e+04 1.500845e+04 2.3495 5.560946e-01
7.560000e-01 3.820070e+00 2.282122e+00 2.659493e+00 1.076199e+01 1.085712e+04 1.500542e+04 2.35068 5.575933e-01
7.550000e-01 3.820070e+00 2.284097e+00 2.661708e+00 1.077115e+01 1.087010e+04 1.499042e+04 2.3544 5.581772e-01
7.540000e-01 3.820070e+00 2.283977e+00 2.661418e+00 1.077387e+01 1.089272e+04 1.498739e+04 2.35556 5.596726e-01
7.530000e-01 3.820070e+00 2.285967e+00 2.663651e+00 1.078310e+01 1.090553e+04 1.497226e+04 2.35931 5.602473e-01
7.520000e-01 3.820070e+00 2.285832e+00 2.663343e+00 1.078584e+01 1.092803e+04 1.496922e+04 2.36045 5.617391e-01
7.510000e-01 3.820070e+00 2.287836e+00 2.665594e+00 1.079514e+01 1.094059e+04 1.495398e+04 2.36423 5.623006e-01
7.500000e-01 3.820070e+00 2.287684e+00 2.665268e+00 1.079787e+01 1.096293e+04 1.495095e+04 2.36533 5.637860e-01
7.490000e-01 3.820070e+00 2.289701e+00 2.667533e+00 1.080724e+01 1.097521e+04 1.493562e+04 2.36915 5.643331e-01
7.480000e-01 3.820070e+00 2.289520e+00 2.667172e+00 1.080996e+01 1.099734e+04 1.493261e+04 2.37019 5.658085e-01
7.470000e-01 3.820070e+00 2.291597e+00 2.669515e+00 1.081948e+01 1.100927e+04 1.491705e+04 2.3741 5.663294e-01
7.460000e-01 3.820070e+00 2.291384e+00 2.669113e+00 1.082216e+01 1.103131e+04 1.491410e+04 2.37511 5.678091e-01
7.450000e-01 3.820070e+00 2.293455e+00 2.671446e+00 1.083173e+01 1.104311e+04 1.489846e+04 2.37903 5.683267e-01
7.440000e-01 3.820070e+00 2.293231e+00 2.671032e+00 1.083443e+01 1.106507e+04 1.489550e+04 2.38002 5.698064e-01
7.430000e-01 3.820070e+00 2.295317e+00 2.673383e+00 1.084410e+01 1.107670e+04 1.487970e+04 2.38397 5.703133e-01
7.420000e-01 3.820070e+00 2.295082e+00 2.672960e+00 1.084681e+01 1.109856e+04 1.487673e+04 2.38495 5.717912e-01
7.410000e-01 3.820070e+00 2.297180e+00 2.675324e+00 1.085656e+01 1.110998e+04 1.486080e+04 2.38892 5.722855e-01
7.400000e-01 3.820070e+00 2.296925e+00 2.674878e+00 1.085927e+01 1.113170e+04 1.485783e+04 2.38987 5.737585e-01
7.390000e-01 3.820070e+00 2.299040e+00 2.677263e+00 1.086910e+01 1.114290e+04 1.484178e+04 2.39387 5.742407e-01
7.380000e-01 3.820070e+00 2.298774e+00 2.676806e+00 1.087182e+01 1.116454e+04 1.483879e+04 2.39481 5.757125e-01
7.370000e-01 3.820070e+00 2.300901e+00 2.679206e+00 1.088174e+01 1.117554e+04 1.482259e+04 2.39884 5.761830e-01
7.360000e-01 3.820070e+00 2.300616e+00 2.678727e+00 1.088446e+01 1.119704e+04 1.481960e+04 2.39973 5.776505e-01
7.350000e-01 3.820070e+00 2.302759e+00 2.681146e+00 1.089446e+01 1.120780e+04 1.480328e+04 2.4038 5.781071e-01
7.340000e-01 3.820070e+00 2.302450e+00 2.680641e+00 1.089718e+01 1.122913e+04 1.480029e+04 2.40465 5.795681e-01
7.330000e-01 3.820070e+00 2.304608e+00 2.683076e+00 1.090724e+01 1.123958e+04 1.478387e+04 2.40874 5.800083e-01
7.320000e-01 3.820070e+00 2.304268e+00 2.682532e+00 1.090994e+01 1.126071e+04 1.478090e+04 2.40954 5.814610e-01
7.310000e-01 3.820070e+00 2.306448e+00 2.684993e+00 1.092009e+01 1.127093e+04 1.476435e+04 2.41368 5.818888e-01
7.300000e-01 3.820070e+00 2.306098e+00 2.684441e+00 1.092280e+01 1.129198e+04 1.476137e+04 2.41447 5.833423e-01
7.290000e-01 3.820070e+00 2.308290e+00 2.686915e+00 1.093305e+01 1.130203e+04 1.474465e+04 2.41864 5.837593e-01
7.280000e-01 3.820070e+00 2.307926e+00 2.686348e+00 1.093578e+01 1.132301e+04 1.474164e+04 2.4194 5.852127e-01
7.270000e-01 3.820070e+00 2.310132e+00 2.688839e+00 1.094613e+01 1.133287e+04 1.472476e+04 2.42359 5.856171e-01
7.260000e-01 3.820070e+00 2.309751e+00 2.688254e+00 1.094887e+01 1.135373e+04 1.472174e+04 2.42433 5.870677e-01
7.250000e-01 3.820070e+00 2.311971e+00 2.690764e+00 1.095931e+01 1.136336e+04 1.470472e+04 2.42855 5.874583e-01
7.240000e-01 3.820070e+00 2.311570e+00 2.690157e+00 1.096204e+01 1.138410e+04 1.470170e+04 2.42926 5.889058e-01
7.230000e-01 3.820070e+00 2.313845e+00 2.692740e+00 1.097267e+01 1.139349e+04 1.468438e+04 2.43355 5.892720e-01
7.220000e-01 3.820070e+00 2.313406e+00 2.692086e+00 1.097537e+01 1.141415e+04 1.468142e+04 2.43421 5.907246e-01
7.210000e-01 3.820070e+00 2.315680e+00 2.694664e+00 1.098605e+01 1.142334e+04 1.466401e+04 2.43851 5.910821e-01
7.200000e-01 3.820070e+00 2.315218e+00 2.693984e+00 1.098874e+01 1.144386e+04 1.466104e+04 2.43913 5.925304e-01
7.190000e-01 3.820070e+00 2.317506e+00 2.696579e+00 1.099950e+01 1.145277e+04 1.464351e+04 2.44346 5.928722e-01
7.180000e-01 3.820070e+00 2.317012e+00 2.695860e+00 1.100218e+01 1.147311e+04 1.464056e+04 2.44401 5.943132e-01
7.170000e-01 3.820070e+00 2.319320e+00 2.698477e+00 1.101301e+01 1.148170e+04 1.462292e+04 2.44839 5.946377e-01
7.160000e-01 3.820070e+00 2.318803e+00 2.697732e+00 1.101569e+01 1.150191e+04 1.461996e+04 2.44891 5.960760e-01
7.150000e-01 3.820070e+00 2.318778e+00 2.697459e+00 1.101928e+01 1.152002e+04 1.461536e+04 2.45084 5.974997e-01
7.140000e-01 3.820070e+00 2.322021e+00 2.701302e+00 1.103346e+01 1.152455e+04 1.459174e+04 2.45577 5.972654e-01
7.130000e-01 3.820070e+00 2.321485e+00 2.700538e+00 1.103617e+01 1.154463e+04 1.458874e+04 2.45627 5.987029e-01
7.120000e-01 3.820070e+00 2.321438e+00 2.700242e+00 1.103979e+01 1.156260e+04 1.458408e+04 2.45817 6.001244e-01
7.110000e-01 3.820070e+00 2.324730e+00 2.704146e+00 1.105421e+01 1.156674e+04 1.456007e+04 2.46318 5.998584e-01
7.100000e-01 3.820070e+00 2.324160e+00 2.703346e+00 1.105693e+01 1.158664e+04 1.455705e+04 2.46361 6.012921e-01
7.090000e-01 3.820070e+00 2.324086e+00 2.703018e+00 1.106056e+01 1.160441e+04 1.455237e+04 2.46548 6.027083e-01
7.080000e-01 3.820070e+00 2.327462e+00 2.707033e+00 1.107530e+01 1.160811e+04 1.452789e+04 2.4706 6.024017e-01
7.070000e-01 3.820070e+00 2.326844e+00 2.706176e+00 1.107798e+01 1.162788e+04 1.452492e+04 2.47098 6.038403e-01
7.060000e-01 3.820070e+00 2.326737e+00 2.705809e+00 1.108161e+01 1.164548e+04 1.452023e+04 2.4728 6.052552e-01
7.050000e-01 3.820070e+00 2.330149e+00 2.709865e+00 1.109655e+01 1.164875e+04 1.449546e+04 2.47799 6.049202e-01
7.040000e-01 3.820070e+00 2.329488e+00 2.708959e+00 1.109922e+01 1.166829e+04 1.449249e+04 2.47828 6.063521e-01
7.030000e-01 3.820070e+00 2.329342e+00 2.708544e+00 1.110284e+01 1.168562e+04 1.448780e+04 2.48003 6.077566e-01
7.020000e-01 3.820070e+00 2.332808e+00 2.712666e+00 1.111796e+01 1.168835e+04 1.446276e+04 2.48533 6.073884e-01
7.010000e-01 3.820070e+00 2.332105e+00 2.711710e+00 1.112062e+01 1.170768e+04 1.445979e+04 2.48556 6.088152e-01
7.000000e-01 3.820070e+00 2.331941e+00 2.711276e+00 1.112428e+01 1.172481e+04 1.445506e+04 2.48729 6.102172e-01
6.990000e-01 3.820070e+00 2.335451e+00 2.715452e+00 1.113965e+01 1.172719e+04 1.442964e+04 2.49266 6.098215e-01
6.980000e-01 3.820070e+00 2.334718e+00 2.714465e+00 1.114233e+01 1.174640e+04 1.442664e+04 2.49285 6.112501e-01
6.970000e-01 3.820070e+00 2.334525e+00 2.713998e+00 1.114600e+01 1.176339e+04 1.442187e+04 2.49454 6.126510e-01
6.960000e-01 3.820070e+00 2.338084e+00 2.718234e+00 1.116164e+01 1.176535e+04 1.439604e+04 2.49998 6.122213e-01
6.950000e-01 3.820070e+00 2.337310e+00 2.717202e+00 1.116431e+01 1.178438e+04 1.439303e+04 2.5001 6.136470e-01
6.940000e-01 3.820070e+00 2.337088e+00 2.716701e+00 1.116800e+01 1.180118e+04 1.438822e+04 2.50175 6.150441e-01
6.930000e-01 3.820070e+00 2.340697e+00 2.720999e+00 1.118389e+01 1.180274e+04 1.436200e+04 2.50726 6.145819e-01
6.920000e-01 3.820070e+00 2.339886e+00 2.719927e+00 1.118657e+01 1.182163e+04 1.435897e+04 2.50733 6.160071e-01
6.910000e-01 3.820070e+00 2.339626e+00 2.719382e+00 1.119027e+01 1.183824e+04 1.435413e+04 2.50891 6.174000e-01
6.900000e-01 3.820070e+00 2.343322e+00 2.723793e+00 1.120648e+01 1.183928e+04 1.432739e+04 2.51454 6.168887e-01
6.890000e-01 3.820070e+00 2.342442e+00 2.722635e+00 1.120909e+01 1.185795e+04 1.432442e+04 2.51448 6.183126e-01
6.880000e-01 3.820070e+00 2.342132e+00 2.722028e+00 1.121276e+01 1.187429e+04 1.431959e+04 2.51598 6.196973e-01
6.870000e-01 3.820070e+00 2.345877e+00 2.726494e+00 1.122916e+01 1.187482e+04 1.429258e+04 2.52171 6.191537e-01
6.860000e-01 3.820070e+00 2.344952e+00 2.725284e+00 1.123177e+01 1.189331e+04 1.428959e+04 2.52158 6.205759e-01
6.850000e-01 3.820070e+00 2.344618e+00 2.724649e+00 1.123547e+01 1.190950e+04 1.428470e+04 2.52305 6.219599e-01
6.840000e-01 3.820070e+00 2.348408e+00 2.729173e+00 1.125215e+01 1.190966e+04 1.425723e+04 2.52883 6.213824e-01
6.830000e-01 3.820070e+00 2.347443e+00 2.727920e+00 1.125477e+01 1.192802e+04 1.425421e+04 2.52864 6.228063e-01
6.820000e-01 3.820070e+00 2.347072e+00 2.727242e+00 1.125848e+01 1.194405e+04 1.424927e+04 2.53005 6.241886e-01
6.810000e-01 3.820070e+00 2.350915e+00 2.731830e+00 1.127545e+01 1.194375e+04 1.422134e+04 2.5359 6.235710e-01
6.800000e-01 3.820070e+00 2.349903e+00 2.730523e+00 1.127806e+01 1.196195e+04 1.421831e+04 2.53563 6.249933e-01
6.790000e-01 3.820070e+00 2.349499e+00 2.729808e+00 1.128179e+01 1.197781e+04 1.421332e+04 2.53699 6.263731e-01
6.780000e-01 3.820070e+00 2.353396e+00 2.734462e+00 1.129904e+01 1.197708e+04 1.418493e+04 2.54291 6.257181e-01
6.770000e-01 3.820070e+00 2.352336e+00 2.733102e+00 1.130164e+01 1.199512e+04 1.418188e+04 2.54256 6.271397e-01
6.760000e-01 3.820070e+00 2.351890e+00 2.732338e+00 1.130538e+01 1.201077e+04 1.417685e+04 2.54385 6.285144e-01
6.750000e-01 3.820070e+00 2.355876e+00 2.737109e+00 1.132298e+01 1.200946e+04 1.414795e+04 2.54988 6.278062e-01
6.740000e-01 3.820070e+00 2.354741e+00 2.735655e+00 1.132551e+01 1.202728e+04 1.414496e+04 2.5494 6.292262e-01
6.730000e-01 3.820070e+00 2.354247e+00 2.734832e+00 1.132923e+01 1.204266e+04 1.413994e+04 2.55061 6.305941e-01
6.720000e-01 3.820070e+00 2.358284e+00 2.739663e+00 1.134706e+01 1.204088e+04 1.411072e+04 2.55674 6.298538e-01
6.710000e-01 3.820070e+00 2.357104e+00 2.738160e+00 1.134959e+01 1.205855e+04 1.410771e+04 2.5562 6.312759e-01
6.700000e-01 3.820070e+00 2.359864e+00 2.741338e+00 1.136329e+01 1.206144e+04 1.408560e+04 2.56127 6.312020e-01
6.690000e-01 3.820070e+00 2.358658e+00 2.739808e+00 1.136584e+01 1.207902e+04 1.408254e+04 2.56069 6.326238e-01
6.680000e-01 3.820070e+00 2.361440e+00 2.743014e+00 1.137970e+01 1.208166e+04 1.406017e+04 2.56578 6.325277e-01
6.670000e-01 3.820070e+00 2.360199e+00 2.741446e+00 1.138224e+01 1.209912e+04 1.405710e+04 2.56513 6.339483e-01
6.660000e-01 3.820070e+00 2.363031e+00 2.744720e+00 1.139632e+01 1.210144e+04 1.403438e+04 2.57028 6.338196e-01
6.650000e-01 3.820070e+00 2.361738e+00 2.743088e+00 1.139882e+01 1.211884e+04 1.403134e+04 2.56955 6.352472e-01
6.640000e-01 3.820070e+00 2.364574e+00 2.746365e+00 1.141302e+01 1.212095e+04 1.400843e+04 2.5747 6.351038e-01
6.630000e-01 3.820070e+00 2.363242e+00 2.744688e+00 1.141551e+01 1.213823e+04 1.400538e+04 2.57391 6.365308e-01
6.620000e-01 3.820070e+00 2.366097e+00 2.747989e+00 1.142984e+01 1.214005e+04 1.398224e+04 2.57908 6.363653e-01
6.610000e-01 3.820070e+00 2.364722e+00 2.746261e+00 1.143231e+01 1.215719e+04 1.397920e+04 2.5782 6.377889e-01
6.600000e-01 3.820070e+00 2.367596e+00 2.749584e+00 1.144676e+01 1.215867e+04 1.395588e+04 2.58339 6.376000e-01
6.590000e-01 3.820070e+00 2.368333e+00 2.750364e+00 1.145525e+01 1.216782e+04 1.394263e+04 2.58552 6.382086e-01
6.580000e-01 3.820070e+00 2.369069e+00 2.751146e+00 1.146379e+01 1.217688e+04 1.392929e+04 2.58765 6.388121e-01
6.570000e-01 3.820070e+00 2.369801e+00 2.751925e+00 1.147238e+01 1.218587e+04 1.391587e+04 2.58976 6.394111e-01
6.560000e-01 3.820070e+00 2.370529e+00 2.752702e+00 1.148102e+01 1.219477e+04 1.390238e+04 2.59187 6.400054e-01
6.550000e-01 3.820070e+00 2.371286e+00 2.753520e+00 1.148979e+01 1.220353e+04 1.388869e+04 2.594 6.405825e-01
6.540000e-01 3.820070e+00 2.372007e+00 2.754290e+00 1.149851e+01 1.221225e+04 1.387505e+04 2.59609 6.411655e-01
6.530000e-01 3.820070e+00 2.372721e+00 2.755053e+00 1.150726e+01 1.222087e+04 1.386136e+04 2.59816 6.417432e-01
6.520000e-01 3.820070e+00 2.373430e+00 2.755810e+00 1.151606e+01 1.222939e+04 1.384760e+04 2.60022 6.423159e-01
6.510000e-01 3.820070e+00 2.374135e+00 2.756564e+00 1.152490e+01 1.223783e+04 1.383376e+04 2.60227 6.428837e-01
6.500000e-01 3.820070e+00 2.374835e+00 2.757314e+00 1.153379e+01 1.224617e+04 1.381985e+04 2.6043 6.434459e-01
6.490000e-01 3.820070e+00 2.375529e+00 2.758056e+00 1.154271e+01 1.225440e+04 1.380588e+04 2.60632 6.440019e-01
6.480000e-01 3.820070e+00 2.376217e+00 2.758794e+00 1.155166e+01 1.226253e+04 1.379186e+04 2.60833 6.445516e-01
6.470000e-01 3.820070e+00 2.376897e+00 2.759522e+00 1.156064e+01 1.227053e+04 1.377780e+04 2.61032 6.450941e-01
6.460000e-01 3.820070e+00 2.377571e+00 2.760241e+00 1.156964e+01 1.227840e+04 1.376370e+04 2.61229 6.456296e-01
6.450000e-01 3.820070e+00 2.378237e+00 2.760953e+00 1.157867e+01 1.228617e+04 1.374953e+04 2.61424 6.461593e-01
6.440000e-01 3.820070e+00 2.378898e+00 2.761659e+00 1.158776e+01 1.229386e+04 1.373527e+04 2.61618 6.466842e-01
6.430000e-01 3.820070e+00 2.379553e+00 2.762359e+00 1.159690e+01 1.230146e+04 1.372092e+04 2.61811 6.472035e-01
6.420000e-01 3.820070e+00 2.380203e+00 2.763055e+00 1.160609e+01 1.230897e+04 1.370648e+04 2.62002 6.477174e-01
6.410000e-01 3.820070e+00 2.380847e+00 2.763744e+00 1.161533e+01 1.231639e+04 1.369196e+04 2.62191 6.482252e-01
6.400000e-01 3.820070e+00 2.381483e+00 2.764425e+00 1.162460e+01 1.232371e+04 1.367737e+04 2.62378 6.487263e-01
6.390000e-01 3.820070e+00 2.382113e+00 2.765101e+00 1.163392e+01 1.233093e+04 1.366271e+04 2.62564 6.492211e-01
6.380000e-01 3.820070e+00 2.382767e+00 2.765812e+00 1.164337e+01 1.233799e+04 1.364783e+04 2.6275 6.496979e-01
6.370000e-01 3.820070e+00 2.383385e+00 2.766476e+00 1.165279e+01 1.234501e+04 1.363299e+04 2.62932 6.501804e-01
6.360000e-01 3.820070e+00 2.383995e+00 2.767132e+00 1.166224e+01 1.235194e+04 1.361809e+04 2.63112 6.506569e-01
6.350000e-01 3.820070e+00 2.384598e+00 2.767779e+00 1.167174e+01 1.235875e+04 1.360311e+04 2.6329 6.511266e-01
6.340000e-01 3.820070e+00 2.385194e+00 2.768419e+00 1.168127e+01 1.236545e+04 1.358809e+04 2.63466 6.515896e-01
6.330000e-01 3.820070e+00 2.385782e+00 2.769048e+00 1.169082e+01 1.237202e+04 1.357301e+04 2.6364 6.520447e-01
6.320000e-01 3.820070e+00 2.386360e+00 2.769667e+00 1.170041e+01 1.237846e+04 1.355789e+04 2.63811 6.524926e-01
6.310000e-01 3.820070e+00 2.386931e+00 2.770278e+00 1.171004e+01 1.238481e+04 1.354268e+04 2.63981 6.529350e-01
6.300000e-01 3.820070e+00 2.387495e+00 2.770881e+00 1.171974e+01 1.239107e+04 1.352736e+04 2.64149 6.533711e-01
6.290000e-01 3.820070e+00 2.388051e+00 2.771478e+00 1.172949e+01 1.239724e+04 1.351195e+04 2.64314 6.538011e-01
6.280000e-01 3.820070e+00 2.388600e+00 2.772067e+00 1.173929e+01 1.240332e+04 1.349644e+04 2.64477 6.542244e-01
6.270000e-01 3.820070e+00 2.389140e+00 2.772645e+00 1.174914e+01 1.240929e+04 1.348084e+04 2.64638 6.546402e-01
6.260000e-01 3.820070e+00 2.389671e+00 2.773215e+00 1.175903e+01 1.241515e+04 1.346516e+04 2.64796 6.550487e-01
6.250000e-01 3.820070e+00 2.390195e+00 2.773776e+00 1.176897e+01 1.242091e+04 1.344940e+04 2.64951 6.554504e-01
6.240000e-01 3.820070e+00 2.390710e+00 2.774329e+00 1.177897e+01 1.242658e+04 1.343353e+04 2.65104 6.558458e-01
6.230000e-01 3.820070e+00 2.391247e+00 2.774917e+00 1.178911e+01 1.243208e+04 1.341747e+04 2.65258 6.562222e-01
6.220000e-01 3.820070e+00 2.391748e+00 2.775456e+00 1.179921e+01 1.243752e+04 1.340145e+04 2.65407 6.566031e-01
6.210000e-01 3.820070e+00 2.392240e+00 2.775986e+00 1.180935e+01 1.244285e+04 1.338537e+04 2.65554 6.569777e-01
6.200000e-01 3.820070e+00 2.392724e+00 2.776506e+00 1.181952e+01 1.244805e+04 1.336925e+04 2.65699 6.573445e-01
6.190000e-01 3.820070e+00 2.393197e+00 2.777014e+00 1.182972e+01 1.245311e+04 1.335308e+04 2.65841 6.577036e-01
6.180000e-01 3.820070e+00 2.393661e+00 2.777511e+00 1.183997e+01 1.245808e+04 1.333682e+04 2.65981 6.580561e-01
6.170000e-01 3.820070e+00 2.394117e+00 2.778000e+00 1.185029e+01 1.246295e+04 1.332045e+04 2.66118 6.584019e-01
6.160000e-01 3.820070e+00 2.394563e+00 2.778478e+00 1.186067e+01 1.246772e+04 1.330398e+04 2.66252 6.587403e-01
6.150000e-01 3.820070e+00 2.395001e+00 2.778949e+00 1.187111e+01 1.247239e+04 1.328740e+04 2.66383 6.590718e-01
6.140000e-01 3.820070e+00 2.395430e+00 2.779409e+00 1.188161e+01 1.247695e+04 1.327073e+04 2.66512 6.593959e-01
6.130000e-01 3.820070e+00 2.395849e+00 2.779861e+00 1.189216e+01 1.248140e+04 1.325398e+04 2.66639 6.597125e-01
6.120000e-01 3.820070e+00 2.396261e+00 2.780305e+00 1.190276e+01 1.248574e+04 1.323714e+04 2.66763 6.600224e-01
6.110000e-01 3.820070e+00 2.396662e+00 2.780737e+00 1.191344e+01 1.248997e+04 1.322020e+04 2.66884 6.603251e-01
6.100000e-01 3.820070e+00 2.397055e+00 2.781161e+00 1.192416e+01 1.249410e+04 1.320316e+04 2.67003 6.606202e-01
6.090000e-01 3.820070e+00 2.397465e+00 2.781615e+00 1.193503e+01 1.249805e+04 1.318592e+04 2.67121 6.608952e-01
6.080000e-01 3.820070e+00 2.397837e+00 2.782017e+00 1.194585e+01 1.250195e+04 1.316872e+04 2.67233 6.611729e-01
6.070000e-01 3.820070e+00 2.398196e+00 2.782404e+00 1.195671e+01 1.250572e+04 1.315146e+04 2.67341 6.614419e-01
6.060000e-01 3.820070e+00 2.398544e+00 2.782774e+00 1.196760e+01 1.250934e+04 1.313414e+04 2.67446 6.617020e-01
6.050000e-01 3.820070e+00 2.398880e+00 2.783134e+00 1.197855e+01 1.251287e+04 1.311672e+04 2.67548 6.619545e-01
6.040000e-01 3.820070e+00 2.399206e+00 2.783483e+00 1.198957e+01 1.251629e+04 1.309920e+04 2.67646 6.621996e-01
6.030000e-01 3.820070e+00 2.399522e+00 2.783821e+00 1.200066e+01 1.251960e+04 1.308155e+04 2.67742 6.624369e-01
6.020000e-01 3.820070e+00 2.399829e+00 2.784150e+00 1.201182e+01 1.252281e+04 1.306380e+04 2.67835 6.626668e-01
6.010000e-01 3.820070e+00 2.400126e+00 2.784470e+00 1.202304e+01 1.252590e+04 1.304596e+04 2.67925 6.628894e-01
6.000000e-01 3.820070e+00 2.400413e+00 2.784779e+00 1.203433e+01 1.252888e+04 1.302803e+04 2.68012 6.631038e-01
5.990000e-01 3.820070e+00 2.400689e+00 2.785076e+00 1.204568e+01 1.253174e+04 1.301001e+04 2.68096 6.633102e-01
5.980000e-01 3.820070e+00 2.400955e+00 2.785363e+00 1.205710e+01 1.253449e+04 1.299187e+04 2.68177 6.635091e-01
5.970000e-01 3.820070e+00 2.401211e+00 2.785640e+00 1.206859e+01 1.253713e+04 1.297364e+04 2.68255 6.637000e-01
5.960000e-01 3.820070e+00 2.401482e+00 2.785943e+00 1.208022e+01 1.253958e+04 1.295520e+04 2.68332 6.638703e-01
5.950000e-01 3.820070e+00 2.401719e+00 2.786200e+00 1.209182e+01 1.254198e+04 1.293681e+04 2.68403 6.640443e-01
5.940000e-01 3.820070e+00 2.401943e+00 2.786443e+00 1.210346e+01 1.254424e+04 1.291836e+04 2.68472 6.642101e-01
5.930000e-01 3.820070e+00 2.402153e+00 2.786667e+00 1.211514e+01 1.254637e+04 1.289986e+04 2.68537 6.643664e-01
5.920000e-01 3.820070e+00 2.402350e+00 2.786878e+00 1.212689e+01 1.254839e+04 1.288125e+04 2.68597 6.645142e-01
5.910000e-01 3.820070e+00 2.402536e+00 2.787076e+00 1.213871e+01 1.255030e+04 1.286250e+04 2.68654 6.646534e-01
5.900000e-01 3.820070e+00 2.402708e+00 2.787260e+00 1.215062e+01 1.255209e+04 1.284364e+04 2.68707 6.647833e-01
5.890000e-01 3.820070e+00 2.402868e+00 2.787431e+00 1.216260e+01 1.255377e+04 1.282465e+04 2.68756 6.649042e-01
5.880000e-01 3.820070e+00 2.403017e+00 2.787589e+00 1.217466e+01 1.255533e+04 1.280556e+04 2.68801 6.650163e-01
5.870000e-01 3.820070e+00 2.403154e+00 2.787736e+00 1.218678e+01 1.255677e+04 1.278637e+04 2.68842 6.651196e-01
5.860000e-01 3.820070e+00 2.403280e+00 2.787871e+00 1.219898e+01 1.255809e+04 1.276708e+04 2.68881 6.652148e-01
5.850000e-01 3.820070e+00 2.403395e+00 2.787996e+00 1.221126e+01 1.255930e+04 1.274769e+04 2.68916 6.653024e-01
5.840000e-01 3.820070e+00 2.403525e+00 2.788147e+00 1.222369e+01 1.256032e+04 1.272808e+04 2.6895 6.653694e-01
5.830000e-01 3.820070e+00 2.403620e+00 2.788249e+00 1.223612e+01 1.256127e+04 1.270850e+04 2.68979 6.654393e-01
5.820000e-01 3.820070e+00 2.403703e+00 2.788341e+00 1.224860e+01 1.256211e+04 1.268885e+04 2.69005 6.655015e-01
5.810000e-01 3.820070e+00 2.403775e+00 2.788419e+00 1.226112e+01 1.256282e+04 1.266916e+04 2.69028 6.655552e-01
5.800000e-01 3.820070e+00 2.403833e+00 2.788480e+00 1.227369e+01 1.256339e+04 1.264941e+04 2.69047 6.655996e-01
5.790000e-01 3.820070e+00 2.403877e+00 2.788526e+00 1.228635e+01 1.256385e+04 1.262952e+04 2.69061 6.656349e-01
5.780000e-01 3.820070e+00 2.403907e+00 2.788555e+00 1.229910e+01 1.256418e+04 1.260950e+04 2.69071 6.656602e-01
5.770000e-01 3.820070e+00 2.403923e+00 2.788570e+00 1.231194e+01 1.256439e+04 1.258934e+04 2.69076 6.656757e-01
5.760000e-01 3.820070e+00 2.403926e+00 2.788573e+00 1.232487e+01 1.256449e+04 1.256907e+04 2.69077 6.656815e-01
5.750000e-01 3.820070e+00 2.403916e+00 2.788561e+00 1.233787e+01 1.256446e+04 1.254869e+04 2.69074 6.656777e-01
5.758014e-01 3.820070e+00 2.405138e+00 2.790002e+00 1.233185e+01 1.255956e+04 1.255818e+04 2.69198 6.650495e-01
