1.000000e+00 3.902010e+00 2.078589e+00 2.454980e+00 9.696189e+00 0.000000e+00 1.740135e+04 0 0.000000e+00
9.990000e-01 3.902010e+00 2.080827e+00 2.456947e+00 9.706934e+00 7.367129e+02 1.727302e+04 1.85348 3.588403e-02
9.980000e-01 3.902010e+00 2.081075e+00 2.456946e+00 9.708361e+00 1.035029e+03 1.722926e+04 1.95776 5.323814e-02
9.970000e-01 3.902010e+00 2.082048e+00 2.458018e+00 9.712783e+00 1.266198e+03 1.719355e+04 1.85779 6.174532e-02
9.960000e-01 3.902010e+00 2.082298e+00 2.458008e+00 9.714350e+00 1.460353e+03 1.716586e+04 1.90188 7.288571e-02
9.950000e-01 3.902010e+00 2.083277e+00 2.459037e+00 9.718807e+00 1.628796e+03 1.713867e+04 1.86063 7.945487e-02
9.940000e-01 3.902010e+00 2.083581e+00 2.459102e+00 9.720466e+00 1.786448e+03 1.711670e+04 1.89073 8.852907e-02
9.930000e-01 3.902010e+00 2.084547e+00 2.460131e+00 9.724880e+00 1.929894e+03 1.709310e+04 1.86356 9.417628e-02
9.920000e-01 3.902010e+00 2.084737e+00 2.460092e+00 9.726557e+00 2.066812e+03 1.707433e+04 1.87561 1.014912e-01
9.910000e-01 3.902010e+00 2.085147e+00 2.460339e+00 9.728725e+00 2.194924e+03 1.705650e+04 1.88595 1.083337e-01
9.900000e-01 3.902010e+00 2.086563e+00 2.461998e+00 9.734018e+00 2.314092e+03 1.703494e+04 1.86805 1.129777e-01
9.890000e-01 3.902010e+00 2.086786e+00 2.462029e+00 9.735703e+00 2.430245e+03 1.701943e+04 1.87702 1.191928e-01
9.880000e-01 3.902010e+00 2.087212e+00 2.462315e+00 9.737866e+00 2.540457e+03 1.700431e+04 1.88518 1.250889e-01
9.870000e-01 3.902010e+00 2.088592e+00 2.463940e+00 9.743079e+00 2.643588e+03 1.698506e+04 1.87254 1.291235e-01
9.860000e-01 3.902010e+00 2.088816e+00 2.463980e+00 9.744769e+00 2.745239e+03 1.697175e+04 1.87944 1.345539e-01
9.850000e-01 3.902010e+00 2.089233e+00 2.464257e+00 9.746931e+00 2.842581e+03 1.695851e+04 1.88617 1.397681e-01
9.840000e-01 3.902010e+00 2.090622e+00 2.465891e+00 9.752170e+00 2.934196e+03 1.694077e+04 1.87707 1.433859e-01
9.830000e-01 3.902010e+00 2.090850e+00 2.465937e+00 9.753881e+00 3.026276e+03 1.692891e+04 1.88287 1.483096e-01
9.820000e-01 3.902010e+00 2.091275e+00 2.466228e+00 9.756069e+00 3.115021e+03 1.691693e+04 1.88876 1.530747e-01
9.810000e-01 3.902010e+00 2.092670e+00 2.467869e+00 9.761336e+00 3.198442e+03 1.690021e+04 1.88166 1.563744e-01
9.800000e-01 3.902010e+00 2.092892e+00 2.467908e+00 9.763056e+00 3.282875e+03 1.688950e+04 1.88658 1.608878e-01
9.790000e-01 3.902010e+00 2.093311e+00 2.468189e+00 9.765253e+00 3.364553e+03 1.687851e+04 1.89178 1.652790e-01
9.780000e-01 3.902010e+00 2.094718e+00 2.469841e+00 9.770564e+00 3.441072e+03 1.686262e+04 1.88628 1.683198e-01
9.770000e-01 3.902010e+00 2.094918e+00 2.469848e+00 9.772277e+00 3.519087e+03 1.685285e+04 1.89045 1.724837e-01
9.760000e-01 3.902010e+00 2.095305e+00 2.470079e+00 9.774459e+00 3.594374e+03 1.684277e+04 1.89493 1.765266e-01
9.750000e-01 3.902010e+00 2.096742e+00 2.471752e+00 9.779845e+00 3.664589e+03 1.682755e+04 1.89089 1.793445e-01
9.740000e-01 3.902010e+00 2.096918e+00 2.471719e+00 9.781562e+00 3.737808e+03 1.681849e+04 1.89459 1.832549e-01
9.730000e-01 3.902010e+00 2.097320e+00 2.471961e+00 9.783794e+00 3.809192e+03 1.680894e+04 1.89893 1.871108e-01
9.720000e-01 3.902010e+00 2.098781e+00 2.473664e+00 9.789271e+00 3.876246e+03 1.679401e+04 1.89555 1.898015e-01
9.710000e-01 3.902010e+00 2.098982e+00 2.473666e+00 9.791031e+00 3.946199e+03 1.678545e+04 1.89909 1.935501e-01
9.700000e-01 3.902010e+00 2.099398e+00 2.473932e+00 9.793292e+00 4.014383e+03 1.677636e+04 1.90317 1.972395e-01
9.690000e-01 3.902010e+00 2.100859e+00 2.475641e+00 9.798794e+00 4.078500e+03 1.676180e+04 1.90027 1.998065e-01
9.680000e-01 3.902010e+00 2.101078e+00 2.475671e+00 9.800582e+00 4.145329e+03 1.675369e+04 1.90361 2.033948e-01
9.670000e-01 3.902010e+00 2.101499e+00 2.475948e+00 9.802853e+00 4.210345e+03 1.674504e+04 1.90741 2.069142e-01
9.660000e-01 3.902010e+00 2.102959e+00 2.477657e+00 9.808363e+00 4.271138e+03 1.673088e+04 1.90503 2.093487e-01
9.650000e-01 3.902010e+00 2.103174e+00 2.477685e+00 9.810154e+00 4.334777e+03 1.672322e+04 1.90808 2.127655e-01
9.640000e-01 3.902010e+00 2.103597e+00 2.477964e+00 9.812439e+00 4.396882e+03 1.671497e+04 1.9117 2.161353e-01
9.630000e-01 3.902010e+00 2.105068e+00 2.479689e+00 9.817986e+00 4.455022e+03 1.670109e+04 1.90981 2.184715e-01
9.620000e-01 3.902010e+00 2.105288e+00 2.479725e+00 9.819796e+00 4.516156e+03 1.669379e+04 1.91269 2.217577e-01
9.610000e-01 3.902010e+00 2.105709e+00 2.480003e+00 9.822089e+00 4.575687e+03 1.668590e+04 1.91609 2.249893e-01
9.600000e-01 3.902010e+00 2.107190e+00 2.481738e+00 9.827669e+00 4.631191e+03 1.667232e+04 1.91462 2.272248e-01
9.590000e-01 3.902010e+00 2.107404e+00 2.481767e+00 9.829487e+00 4.689916e+03 1.666538e+04 1.91731 2.303827e-01
9.580000e-01 3.902010e+00 2.107818e+00 2.482035e+00 9.831789e+00 4.747070e+03 1.665781e+04 1.92052 2.334890e-01
9.570000e-01 3.902010e+00 2.109313e+00 2.483782e+00 9.837412e+00 4.799899e+03 1.664448e+04 1.91946 2.356222e-01
9.560000e-01 3.902010e+00 2.109500e+00 2.483772e+00 9.839215e+00 4.856011e+03 1.663790e+04 1.92188 2.386355e-01
9.550000e-01 3.902010e+00 2.109902e+00 2.484017e+00 9.841522e+00 4.910789e+03 1.663064e+04 1.92495 2.416202e-01
9.540000e-01 3.902010e+00 2.111426e+00 2.485793e+00 9.847227e+00 4.961602e+03 1.661742e+04 1.92431 2.436870e-01
9.530000e-01 3.902010e+00 2.111620e+00 2.485790e+00 9.849065e+00 5.016357e+03 1.661102e+04 1.92671 2.466376e-01
9.520000e-01 3.902010e+00 2.112035e+00 2.486051e+00 9.851414e+00 5.069840e+03 1.660390e+04 1.92973 2.495599e-01
9.510000e-01 3.902010e+00 2.113570e+00 2.487843e+00 9.857180e+00 5.119320e+03 1.659075e+04 1.92923 2.515647e-01
9.500000e-01 3.902010e+00 2.113778e+00 2.487860e+00 9.859045e+00 5.172581e+03 1.658455e+04 1.93157 2.544401e-01
9.490000e-01 3.902010e+00 2.114201e+00 2.488134e+00 9.861413e+00 5.224576e+03 1.657763e+04 1.9345 2.572855e-01
9.480000e-01 3.902010e+00 2.115739e+00 2.489934e+00 9.867206e+00 5.272572e+03 1.656463e+04 1.93419 2.592295e-01
9.470000e-01 3.902010e+00 2.115949e+00 2.489957e+00 9.869084e+00 5.324259e+03 1.655864e+04 1.93643 2.620220e-01
9.460000e-01 3.902010e+00 2.116369e+00 2.490229e+00 9.871458e+00 5.374638e+03 1.655193e+04 1.93925 2.647815e-01
9.450000e-01 3.902010e+00 2.117918e+00 2.492042e+00 9.877287e+00 5.421058e+03 1.653906e+04 1.93918 2.666675e-01
9.440000e-01 3.902010e+00 2.118132e+00 2.492069e+00 9.879184e+00 5.471432e+03 1.653325e+04 1.94135 2.693933e-01
9.430000e-01 3.902010e+00 2.118558e+00 2.492349e+00 9.881582e+00 5.520579e+03 1.652668e+04 1.94412 2.720917e-01
9.420000e-01 3.902010e+00 2.120116e+00 2.494174e+00 9.887456e+00 5.565665e+03 1.651389e+04 1.94421 2.739225e-01
9.410000e-01 3.902010e+00 2.120327e+00 2.494200e+00 9.889363e+00 5.614651e+03 1.650825e+04 1.94629 2.765746e-01
9.400000e-01 3.902010e+00 2.120750e+00 2.494476e+00 9.891770e+00 5.662410e+03 1.650186e+04 1.94897 2.792001e-01
9.390000e-01 3.902010e+00 2.122322e+00 2.496316e+00 9.897685e+00 5.705981e+03 1.648917e+04 1.94927 2.809742e-01
9.380000e-01 3.902010e+00 2.122520e+00 2.496324e+00 9.899590e+00 5.753502e+03 1.648372e+04 1.95123 2.835466e-01
9.370000e-01 3.902010e+00 2.122923e+00 2.496573e+00 9.901988e+00 5.799642e+03 1.647753e+04 1.95377 2.860833e-01
9.360000e-01 3.902010e+00 2.124517e+00 2.498434e+00 9.907949e+00 5.841447e+03 1.646496e+04 1.95433 2.877960e-01
9.350000e-01 3.902010e+00 2.124701e+00 2.498421e+00 9.909860e+00 5.887770e+03 1.645967e+04 1.95621 2.903067e-01
9.340000e-01 3.902010e+00 2.125116e+00 2.498680e+00 9.912297e+00 5.933031e+03 1.645357e+04 1.95877 2.928072e-01
9.330000e-01 3.902010e+00 2.126728e+00 2.500563e+00 9.918344e+00 5.974160e+03 1.644096e+04 1.95944 2.944917e-01
9.320000e-01 3.902010e+00 2.126925e+00 2.500567e+00 9.920289e+00 6.019735e+03 1.643577e+04 1.96133 2.969683e-01
9.310000e-01 3.902010e+00 2.127345e+00 2.500835e+00 9.922751e+00 6.064149e+03 1.642976e+04 1.96385 2.994255e-01
9.300000e-01 3.902010e+00 2.129011e+00 2.502793e+00 9.928930e+00 6.104355e+03 1.641705e+04 1.96466 3.010644e-01
9.290000e-01 3.902010e+00 2.129184e+00 2.502768e+00 9.930838e+00 6.149034e+03 1.641207e+04 1.96648 3.034984e-01
9.280000e-01 3.902010e+00 2.129595e+00 2.503024e+00 9.933294e+00 6.192469e+03 1.640621e+04 1.96892 3.059049e-01
9.270000e-01 3.902010e+00 2.131265e+00 2.504986e+00 9.939497e+00 6.231560e+03 1.639358e+04 1.96987 3.075006e-01
9.260000e-01 3.902010e+00 2.131435e+00 2.504958e+00 9.941416e+00 6.275277e+03 1.638872e+04 1.97162 3.098848e-01
9.250000e-01 3.902010e+00 2.131850e+00 2.505220e+00 9.943895e+00 6.317864e+03 1.638296e+04 1.97406 3.122510e-01
9.240000e-01 3.902010e+00 2.133534e+00 2.507199e+00 9.950156e+00 6.356174e+03 1.637035e+04 1.97511 3.138162e-01
9.230000e-01 3.902010e+00 2.133707e+00 2.507176e+00 9.952095e+00 6.399108e+03 1.636558e+04 1.97684 3.161616e-01
9.220000e-01 3.902010e+00 2.134119e+00 2.507434e+00 9.954587e+00 6.440835e+03 1.635991e+04 1.97922 3.184829e-01
9.210000e-01 3.902010e+00 2.135818e+00 2.509431e+00 9.960902e+00 6.478171e+03 1.634731e+04 1.9804 3.200097e-01
9.200000e-01 3.902010e+00 2.135984e+00 2.509399e+00 9.962848e+00 6.520194e+03 1.634264e+04 1.98207 3.223072e-01
9.190000e-01 3.902010e+00 2.136385e+00 2.509643e+00 9.965343e+00 6.560913e+03 1.633708e+04 1.98437 3.245748e-01
9.180000e-01 3.902010e+00 2.138100e+00 2.511656e+00 9.971700e+00 6.596947e+03 1.632453e+04 1.98569 3.260518e-01
9.170000e-01 3.902010e+00 2.138246e+00 2.511595e+00 9.973638e+00 6.637909e+03 1.631999e+04 1.98727 3.282920e-01
9.160000e-01 3.902010e+00 2.138647e+00 2.511835e+00 9.976153e+00 6.677776e+03 1.631451e+04 1.98957 3.305210e-01
9.150000e-01 3.902010e+00 2.140387e+00 2.513875e+00 9.982592e+00 6.713186e+03 1.630190e+04 1.99103 3.319775e-01
9.140000e-01 3.902010e+00 2.140542e+00 2.513827e+00 9.984566e+00 6.753717e+03 1.629740e+04 1.99262 3.342011e-01
9.130000e-01 3.902010e+00 2.140948e+00 2.514073e+00 9.987111e+00 6.793060e+03 1.629196e+04 1.9949 3.364050e-01
9.120000e-01 3.902010e+00 2.142701e+00 2.516131e+00 9.993614e+00 6.827854e+03 1.627931e+04 1.99642 3.378320e-01
9.110000e-01 3.902010e+00 2.142861e+00 2.516092e+00 9.995609e+00 6.867736e+03 1.627488e+04 1.998 3.400234e-01
9.100000e-01 3.902010e+00 2.143268e+00 2.516341e+00 9.998168e+00 6.906390e+03 1.626951e+04 2.00025 3.421917e-01
9.090000e-01 3.902010e+00 2.145030e+00 2.518413e+00 1.000471e+01 6.940358e+03 1.625689e+04 2.00185 3.435849e-01
9.080000e-01 3.902010e+00 2.145184e+00 2.518368e+00 1.000671e+01 6.979455e+03 1.625255e+04 2.00338 3.457347e-01
9.070000e-01 3.902010e+00 2.145592e+00 2.518618e+00 1.000928e+01 7.017393e+03 1.624725e+04 2.00561 3.478680e-01
9.060000e-01 3.902010e+00 2.147370e+00 2.520708e+00 1.001588e+01 7.050698e+03 1.623462e+04 2.00731 3.492371e-01
9.050000e-01 3.902010e+00 2.147526e+00 2.520668e+00 1.001790e+01 7.089259e+03 1.623034e+04 2.00883 3.513615e-01
9.040000e-01 3.902010e+00 2.147932e+00 2.520917e+00 1.002049e+01 7.126607e+03 1.622510e+04 2.01103 3.534653e-01
9.030000e-01 3.902010e+00 2.149725e+00 2.523025e+00 1.002715e+01 7.159201e+03 1.621245e+04 2.01281 3.548049e-01
9.020000e-01 3.902010e+00 2.149876e+00 2.522979e+00 1.002918e+01 7.197115e+03 1.620824e+04 2.0143 3.568963e-01
9.010000e-01 3.902010e+00 2.150275e+00 2.523217e+00 1.003178e+01 7.233754e+03 1.620307e+04 2.01645 3.589637e-01
9.000000e-01 3.902010e+00 2.152085e+00 2.525344e+00 1.003849e+01 7.265412e+03 1.619042e+04 2.01834 3.602663e-01
8.990000e-01 3.902010e+00 2.152860e+00 2.526102e+00 1.004226e+01 7.300253e+03 1.618315e+04 2.02016 3.620583e-01
8.980000e-01 3.902010e+00 2.153645e+00 2.526870e+00 1.004606e+01 7.334907e+03 1.617585e+04 2.02201 3.638446e-01
8.970000e-01 3.902010e+00 2.154435e+00 2.527643e+00 1.004989e+01 7.369476e+03 1.616853e+04 2.02387 3.656276e-01
8.960000e-01 3.902010e+00 2.155228e+00 2.528420e+00 1.005374e+01 7.403947e+03 1.616121e+04 2.02573 3.674063e-01
8.950000e-01 3.902010e+00 2.156024e+00 2.529202e+00 1.005760e+01 7.438273e+03 1.615388e+04 2.02761 3.691785e-01
8.940000e-01 3.902010e+00 2.156823e+00 2.529988e+00 1.006147e+01 7.472437e+03 1.614656e+04 2.02949 3.709432e-01
8.930000e-01 3.902010e+00 2.157624e+00 2.530777e+00 1.006535e+01 7.506448e+03 1.613924e+04 2.03138 3.727010e-01
8.920000e-01 3.902010e+00 2.158426e+00 2.531568e+00 1.006924e+01 7.540256e+03 1.613194e+04 2.03326 3.744492e-01
8.910000e-01 3.902010e+00 2.159229e+00 2.532361e+00 1.007314e+01 7.573833e+03 1.612465e+04 2.03516 3.761865e-01
8.900000e-01 3.902010e+00 2.160032e+00 2.533153e+00 1.007704e+01 7.607183e+03 1.611737e+04 2.03705 3.779132e-01
8.890000e-01 3.902010e+00 2.160836e+00 2.533948e+00 1.008096e+01 7.640369e+03 1.611010e+04 2.03895 3.796326e-01
8.880000e-01 3.902010e+00 2.161643e+00 2.534745e+00 1.008489e+01 7.673416e+03 1.610283e+04 2.04085 3.813457e-01
8.870000e-01 3.902010e+00 2.162451e+00 2.535546e+00 1.008882e+01 7.706305e+03 1.609556e+04 2.04276 3.830517e-01
8.860000e-01 3.902010e+00 2.163261e+00 2.536348e+00 1.009277e+01 7.739012e+03 1.608830e+04 2.04467 3.847493e-01
8.850000e-01 3.902010e+00 2.164072e+00 2.537151e+00 1.009673e+01 7.771528e+03 1.608104e+04 2.04658 3.864381e-01
8.840000e-01 3.902010e+00 2.164884e+00 2.537956e+00 1.010070e+01 7.803865e+03 1.607379e+04 2.0485 3.881188e-01
8.830000e-01 3.902010e+00 2.165696e+00 2.538760e+00 1.010468e+01 7.835970e+03 1.606655e+04 2.05043 3.897887e-01
8.820000e-01 3.902010e+00 2.166506e+00 2.539561e+00 1.010866e+01 7.867802e+03 1.605933e+04 2.05235 3.914458e-01
8.810000e-01 3.902010e+00 2.167316e+00 2.540360e+00 1.011265e+01 7.899376e+03 1.605212e+04 2.05427 3.930910e-01
8.800000e-01 3.902010e+00 2.168126e+00 2.541158e+00 1.011665e+01 7.930823e+03 1.604490e+04 2.0562 3.947310e-01
8.790000e-01 3.902010e+00 2.168982e+00 2.542019e+00 1.012075e+01 7.962159e+03 1.603754e+04 2.05818 3.963603e-01
8.780000e-01 3.902010e+00 2.169800e+00 2.542828e+00 1.012480e+01 7.993470e+03 1.603029e+04 2.06013 3.979949e-01
8.770000e-01 3.902010e+00 2.170621e+00 2.543640e+00 1.012885e+01 8.024670e+03 1.602303e+04 2.06208 3.996248e-01
8.760000e-01 3.902010e+00 2.171444e+00 2.544455e+00 1.013293e+01 8.055751e+03 1.601577e+04 2.06404 4.012493e-01
8.750000e-01 3.902010e+00 2.172269e+00 2.545274e+00 1.013701e+01 8.086713e+03 1.600851e+04 2.066 4.028685e-01
8.740000e-01 3.902010e+00 2.173096e+00 2.546095e+00 1.014111e+01 8.117513e+03 1.600125e+04 2.06797 4.044802e-01
8.730000e-01 3.902010e+00 2.173923e+00 2.546918e+00 1.014521e+01 8.148127e+03 1.599399e+04 2.06994 4.060831e-01
8.720000e-01 3.902010e+00 2.174751e+00 2.547740e+00 1.014932e+01 8.178549e+03 1.598675e+04 2.07191 4.076772e-01
8.710000e-01 3.902010e+00 2.175580e+00 2.548565e+00 1.015344e+01 8.208840e+03 1.597950e+04 2.07389 4.092654e-01
8.700000e-01 3.902010e+00 2.176411e+00 2.549392e+00 1.015758e+01 8.239009e+03 1.597225e+04 2.07587 4.108482e-01
8.690000e-01 3.902010e+00 2.177244e+00 2.550222e+00 1.016172e+01 8.269046e+03 1.596499e+04 2.07786 4.124251e-01
8.680000e-01 3.902010e+00 2.178078e+00 2.551053e+00 1.016588e+01 8.298930e+03 1.595774e+04 2.07985 4.139950e-01
8.670000e-01 3.902010e+00 2.178913e+00 2.551886e+00 1.017005e+01 8.328651e+03 1.595048e+04 2.08185 4.155574e-01
8.660000e-01 3.902010e+00 2.179748e+00 2.552719e+00 1.017423e+01 8.358213e+03 1.594323e+04 2.08384 4.171127e-01
8.650000e-01 3.902010e+00 2.180584e+00 2.553552e+00 1.017842e+01 8.387567e+03 1.593598e+04 2.08584 4.186582e-01
8.640000e-01 3.902010e+00 2.181418e+00 2.554382e+00 1.018261e+01 8.416682e+03 1.592875e+04 2.08784 4.201926e-01
8.630000e-01 3.902010e+00 2.182250e+00 2.555209e+00 1.018680e+01 8.445590e+03 1.592151e+04 2.08984 4.217177e-01
8.620000e-01 3.902010e+00 2.183084e+00 2.556038e+00 1.019102e+01 8.474411e+03 1.591427e+04 2.09185 4.232394e-01
8.610000e-01 3.902010e+00 2.183922e+00 2.556870e+00 1.019525e+01 8.503174e+03 1.590701e+04 2.09386 4.247590e-01
8.600000e-01 3.902010e+00 2.184763e+00 2.557707e+00 1.019951e+01 8.531873e+03 1.589972e+04 2.09589 4.262761e-01
8.590000e-01 3.902010e+00 2.185607e+00 2.558548e+00 1.020378e+01 8.560476e+03 1.589243e+04 2.09792 4.277890e-01
8.580000e-01 3.902010e+00 2.186453e+00 2.559393e+00 1.020807e+01 8.588986e+03 1.588513e+04 2.09995 4.292979e-01
8.570000e-01 3.902010e+00 2.187302e+00 2.560240e+00 1.021237e+01 8.617387e+03 1.587781e+04 2.102 4.308019e-01
8.560000e-01 3.902010e+00 2.188151e+00 2.561090e+00 1.021668e+01 8.645644e+03 1.587050e+04 2.10404 4.322992e-01
8.550000e-01 3.902010e+00 2.189001e+00 2.561940e+00 1.022100e+01 8.673735e+03 1.586318e+04 2.10609 4.337888e-01
8.540000e-01 3.902010e+00 2.189852e+00 2.562791e+00 1.022533e+01 8.701682e+03 1.585587e+04 2.10814 4.352718e-01
8.530000e-01 3.902010e+00 2.190704e+00 2.563644e+00 1.022967e+01 8.729524e+03 1.584854e+04 2.1102 4.367503e-01
8.520000e-01 3.902010e+00 2.191559e+00 2.564500e+00 1.023403e+01 8.757260e+03 1.584121e+04 2.11226 4.382240e-01
8.510000e-01 3.902010e+00 2.192414e+00 2.565359e+00 1.023840e+01 8.784876e+03 1.583387e+04 2.11432 4.396925e-01
8.500000e-01 3.902010e+00 2.193271e+00 2.566218e+00 1.024278e+01 8.812348e+03 1.582653e+04 2.11639 4.411544e-01
8.490000e-01 3.902010e+00 2.194129e+00 2.567078e+00 1.024718e+01 8.839680e+03 1.581918e+04 2.11847 4.426098e-01
8.480000e-01 3.902010e+00 2.194986e+00 2.567939e+00 1.025158e+01 8.866853e+03 1.581183e+04 2.12054 4.440580e-01
8.470000e-01 3.902010e+00 2.195843e+00 2.568797e+00 1.025599e+01 8.893822e+03 1.580448e+04 2.12262 4.454967e-01
8.460000e-01 3.902010e+00 2.196698e+00 2.569652e+00 1.026040e+01 8.920582e+03 1.579714e+04 2.12469 4.469258e-01
8.450000e-01 3.902010e+00 2.197553e+00 2.570508e+00 1.026482e+01 8.947217e+03 1.578980e+04 2.12677 4.483496e-01
8.440000e-01 3.902010e+00 2.198410e+00 2.571365e+00 1.026927e+01 8.973798e+03 1.578243e+04 2.12885 4.497716e-01
8.430000e-01 3.902010e+00 2.199271e+00 2.572227e+00 1.027374e+01 9.000322e+03 1.577504e+04 2.13095 4.511914e-01
8.420000e-01 3.902010e+00 2.200135e+00 2.573093e+00 1.027823e+01 9.026775e+03 1.576763e+04 2.13305 4.526083e-01
8.410000e-01 3.902010e+00 2.201001e+00 2.573962e+00 1.028273e+01 9.053141e+03 1.576020e+04 2.13516 4.540215e-01
8.400000e-01 3.902010e+00 2.201869e+00 2.574834e+00 1.028725e+01 9.079428e+03 1.575276e+04 2.13727 4.554312e-01
8.390000e-01 3.902010e+00 2.202739e+00 2.575709e+00 1.029178e+01 9.105594e+03 1.574531e+04 2.13939 4.568355e-01
8.380000e-01 3.902010e+00 2.203610e+00 2.576585e+00 1.029633e+01 9.131625e+03 1.573785e+04 2.14151 4.582334e-01
8.370000e-01 3.902010e+00 2.204481e+00 2.577461e+00 1.030088e+01 9.157512e+03 1.573039e+04 2.14364 4.596248e-01
8.360000e-01 3.902010e+00 2.205354e+00 2.578340e+00 1.030545e+01 9.183306e+03 1.572292e+04 2.14577 4.610121e-01
8.350000e-01 3.902010e+00 2.206228e+00 2.579221e+00 1.031003e+01 9.209005e+03 1.571544e+04 2.1479 4.623954e-01
8.340000e-01 3.902010e+00 2.207104e+00 2.580105e+00 1.031463e+01 9.234604e+03 1.570794e+04 2.15004 4.637743e-01
8.330000e-01 3.902010e+00 2.208023e+00 2.581049e+00 1.031933e+01 9.260036e+03 1.570030e+04 2.15223 4.651377e-01
8.320000e-01 3.902010e+00 2.208901e+00 2.581935e+00 1.032395e+01 9.285372e+03 1.569278e+04 2.15438 4.665043e-01
8.310000e-01 3.902010e+00 2.209780e+00 2.582822e+00 1.032859e+01 9.310586e+03 1.568526e+04 2.15653 4.678656e-01
8.300000e-01 3.902010e+00 2.210656e+00 2.583705e+00 1.033323e+01 9.335602e+03 1.567774e+04 2.15867 4.692177e-01
8.290000e-01 3.902010e+00 2.211531e+00 2.584587e+00 1.033787e+01 9.360443e+03 1.567023e+04 2.16082 4.705617e-01
8.280000e-01 3.902010e+00 2.212406e+00 2.585467e+00 1.034253e+01 9.385144e+03 1.566270e+04 2.16297 4.718996e-01
8.270000e-01 3.902010e+00 2.213283e+00 2.586349e+00 1.034721e+01 9.409793e+03 1.565515e+04 2.16513 4.732359e-01
8.260000e-01 3.902010e+00 2.214163e+00 2.587237e+00 1.035191e+01 9.434393e+03 1.564758e+04 2.1673 4.745704e-01
8.250000e-01 3.902010e+00 2.215045e+00 2.588126e+00 1.035663e+01 9.458918e+03 1.563998e+04 2.16947 4.759018e-01
8.240000e-01 3.902010e+00 2.215930e+00 2.589020e+00 1.036137e+01 9.483379e+03 1.563236e+04 2.17165 4.772305e-01
8.230000e-01 3.902010e+00 2.216817e+00 2.589917e+00 1.036613e+01 9.507758e+03 1.562472e+04 2.17384 4.785557e-01
8.220000e-01 3.902010e+00 2.217706e+00 2.590815e+00 1.037090e+01 9.532037e+03 1.561707e+04 2.17603 4.798763e-01
8.210000e-01 3.902010e+00 2.218595e+00 2.591716e+00 1.037568e+01 9.556188e+03 1.560941e+04 2.17822 4.811910e-01
8.200000e-01 3.902010e+00 2.219485e+00 2.592616e+00 1.038048e+01 9.580218e+03 1.560174e+04 2.18042 4.825003e-01
8.190000e-01 3.902010e+00 2.220375e+00 2.593518e+00 1.038529e+01 9.604157e+03 1.559405e+04 2.18261 4.838056e-01
8.180000e-01 3.902010e+00 2.221268e+00 2.594423e+00 1.039011e+01 9.628017e+03 1.558635e+04 2.18482 4.851076e-01
8.170000e-01 3.902010e+00 2.222162e+00 2.595330e+00 1.039496e+01 9.651783e+03 1.557863e+04 2.18703 4.864054e-01
8.160000e-01 3.902010e+00 2.223056e+00 2.596238e+00 1.039982e+01 9.675432e+03 1.557089e+04 2.18924 4.876978e-01
8.150000e-01 3.902010e+00 2.223951e+00 2.597147e+00 1.040468e+01 9.698959e+03 1.556315e+04 2.19146 4.889847e-01
8.140000e-01 3.902010e+00 2.224846e+00 2.598055e+00 1.040956e+01 9.722356e+03 1.555540e+04 2.19368 4.902657e-01
8.130000e-01 3.902010e+00 2.225740e+00 2.598961e+00 1.041445e+01 9.745579e+03 1.554764e+04 2.19589 4.915386e-01
8.120000e-01 3.902010e+00 2.226632e+00 2.599864e+00 1.041934e+01 9.768633e+03 1.553988e+04 2.19811 4.928037e-01
8.110000e-01 3.902010e+00 2.227524e+00 2.600768e+00 1.042425e+01 9.791583e+03 1.553211e+04 2.20033 4.940645e-01
8.100000e-01 3.902010e+00 2.228418e+00 2.601673e+00 1.042918e+01 9.814487e+03 1.552431e+04 2.20256 4.953238e-01
8.090000e-01 3.902010e+00 2.229314e+00 2.602582e+00 1.043413e+01 9.837328e+03 1.551647e+04 2.20479 4.965806e-01
8.080000e-01 3.902010e+00 2.230214e+00 2.603494e+00 1.043911e+01 9.860113e+03 1.550862e+04 2.20704 4.978351e-01
8.070000e-01 3.902010e+00 2.231115e+00 2.604409e+00 1.044410e+01 9.882825e+03 1.550073e+04 2.20928 4.990865e-01
8.060000e-01 3.902010e+00 2.232018e+00 2.605327e+00 1.044912e+01 9.905463e+03 1.549283e+04 2.21154 5.003347e-01
8.050000e-01 3.902010e+00 2.232922e+00 2.606247e+00 1.045414e+01 9.927999e+03 1.548491e+04 2.21379 5.015782e-01
8.040000e-01 3.902010e+00 2.233827e+00 2.607167e+00 1.045918e+01 9.950415e+03 1.547697e+04 2.21605 5.028163e-01
8.030000e-01 3.902010e+00 2.234731e+00 2.608088e+00 1.046424e+01 9.972731e+03 1.546903e+04 2.21831 5.040498e-01
8.020000e-01 3.902010e+00 2.235637e+00 2.609011e+00 1.046931e+01 9.994967e+03 1.546105e+04 2.22058 5.052799e-01
8.010000e-01 3.902010e+00 2.236545e+00 2.609936e+00 1.047440e+01 1.001713e+04 1.545306e+04 2.22285 5.065069e-01
8.000000e-01 3.902010e+00 2.237454e+00 2.610864e+00 1.047950e+01 1.003920e+04 1.544505e+04 2.22513 5.077295e-01
7.990000e-01 3.902010e+00 2.238363e+00 2.611791e+00 1.048462e+01 1.006114e+04 1.543702e+04 2.2274 5.089467e-01
7.980000e-01 3.902010e+00 2.239272e+00 2.612718e+00 1.048976e+01 1.008298e+04 1.542898e+04 2.22968 5.101588e-01
7.970000e-01 3.902010e+00 2.240181e+00 2.613645e+00 1.049490e+01 1.010467e+04 1.542093e+04 2.23196 5.113644e-01
7.960000e-01 3.902010e+00 2.241087e+00 2.614569e+00 1.050005e+01 1.012620e+04 1.541287e+04 2.23424 5.125621e-01
7.950000e-01 3.902010e+00 2.241992e+00 2.615490e+00 1.050521e+01 1.014759e+04 1.540480e+04 2.23652 5.137538e-01
7.940000e-01 3.902010e+00 2.242898e+00 2.616412e+00 1.051039e+01 1.016892e+04 1.539671e+04 2.23881 5.149432e-01
7.930000e-01 3.902010e+00 2.243807e+00 2.617337e+00 1.051559e+01 1.019020e+04 1.538858e+04 2.2411 5.161309e-01
7.920000e-01 3.902010e+00 2.244717e+00 2.618265e+00 1.052082e+01 1.021141e+04 1.538042e+04 2.2434 5.173159e-01
7.910000e-01 3.902010e+00 2.245672e+00 2.619256e+00 1.052616e+01 1.023253e+04 1.537210e+04 2.24575 5.184874e-01
7.900000e-01 3.902010e+00 2.246588e+00 2.620191e+00 1.053143e+01 1.025361e+04 1.536388e+04 2.24806 5.196664e-01
7.890000e-01 3.902010e+00 2.247504e+00 2.621128e+00 1.053672e+01 1.027461e+04 1.535564e+04 2.25037 5.208419e-01
7.880000e-01 3.902010e+00 2.248420e+00 2.622064e+00 1.054202e+01 1.029550e+04 1.534739e+04 2.25269 5.220124e-01
7.870000e-01 3.902010e+00 2.249336e+00 2.623001e+00 1.054734e+01 1.031628e+04 1.533911e+04 2.255 5.231781e-01
7.860000e-01 3.902010e+00 2.250253e+00 2.623940e+00 1.055267e+01 1.033699e+04 1.533082e+04 2.25733 5.243406e-01
7.850000e-01 3.902010e+00 2.251171e+00 2.624881e+00 1.055803e+01 1.035763e+04 1.532249e+04 2.25965 5.255001e-01
7.840000e-01 3.902010e+00 2.252091e+00 2.625823e+00 1.056340e+01 1.037818e+04 1.531414e+04 2.26199 5.266555e-01
7.830000e-01 3.902010e+00 2.253010e+00 2.626767e+00 1.056879e+01 1.039863e+04 1.530577e+04 2.26432 5.278063e-01
7.820000e-01 3.902010e+00 2.253930e+00 2.627710e+00 1.057419e+01 1.041897e+04 1.529739e+04 2.26665 5.289519e-01
7.810000e-01 3.902010e+00 2.254849e+00 2.628652e+00 1.057961e+01 1.043918e+04 1.528898e+04 2.26899 5.300919e-01
7.800000e-01 3.902010e+00 2.255766e+00 2.629591e+00 1.058503e+01 1.045923e+04 1.528058e+04 2.27132 5.312244e-01
7.790000e-01 3.902010e+00 2.256681e+00 2.630527e+00 1.059047e+01 1.047914e+04 1.527216e+04 2.27366 5.323505e-01
7.780000e-01 3.902010e+00 2.257596e+00 2.631465e+00 1.059592e+01 1.049899e+04 1.526371e+04 2.27599 5.334741e-01
7.770000e-01 3.902010e+00 2.258513e+00 2.632404e+00 1.060140e+01 1.051878e+04 1.525523e+04 2.27834 5.345956e-01
7.760000e-01 3.902010e+00 2.259433e+00 2.633346e+00 1.060690e+01 1.053851e+04 1.524671e+04 2.28069 5.357146e-01
7.750000e-01 3.902010e+00 2.260354e+00 2.634291e+00 1.061243e+01 1.055818e+04 1.523816e+04 2.28304 5.368311e-01
7.740000e-01 3.902010e+00 2.261276e+00 2.635238e+00 1.061798e+01 1.057778e+04 1.522958e+04 2.28541 5.379448e-01
7.730000e-01 3.902010e+00 2.262200e+00 2.636188e+00 1.062355e+01 1.059730e+04 1.522098e+04 2.28777 5.390548e-01
7.720000e-01 3.902010e+00 2.263124e+00 2.637137e+00 1.062914e+01 1.061671e+04 1.521235e+04 2.29014 5.401599e-01
7.710000e-01 3.902010e+00 2.264047e+00 2.638087e+00 1.063474e+01 1.063603e+04 1.520370e+04 2.29251 5.412606e-01
7.700000e-01 3.902010e+00 2.264972e+00 2.639039e+00 1.064036e+01 1.065527e+04 1.519502e+04 2.29488 5.423581e-01
7.690000e-01 3.902010e+00 2.265897e+00 2.639992e+00 1.064601e+01 1.067444e+04 1.518631e+04 2.29726 5.434528e-01
7.680000e-01 3.902010e+00 2.266823e+00 2.640947e+00 1.065167e+01 1.069353e+04 1.517758e+04 2.29964 5.445434e-01
7.670000e-01 3.902010e+00 2.267750e+00 2.641902e+00 1.065735e+01 1.071251e+04 1.516882e+04 2.30202 5.456294e-01
7.660000e-01 3.902010e+00 2.268676e+00 2.642858e+00 1.066305e+01 1.073139e+04 1.516004e+04 2.30441 5.467106e-01
7.650000e-01 3.902010e+00 2.269600e+00 2.643811e+00 1.066876e+01 1.075015e+04 1.515125e+04 2.30679 5.477861e-01
7.640000e-01 3.902010e+00 2.269552e+00 2.643598e+00 1.067143e+01 1.077343e+04 1.514822e+04 2.30804 5.492930e-01
7.630000e-01 3.902010e+00 2.271453e+00 2.645723e+00 1.068022e+01 1.078719e+04 1.513362e+04 2.31158 5.499160e-01
7.620000e-01 3.902010e+00 2.271383e+00 2.645483e+00 1.068289e+01 1.081035e+04 1.513060e+04 2.31278 5.514185e-01
7.610000e-01 3.902010e+00 2.273297e+00 2.647621e+00 1.069176e+01 1.082395e+04 1.511588e+04 2.31635 5.520341e-01
7.600000e-01 3.902010e+00 2.273221e+00 2.647378e+00 1.069444e+01 1.084703e+04 1.511284e+04 2.31756 5.535358e-01
7.590000e-01 3.902010e+00 2.275145e+00 2.649529e+00 1.070340e+01 1.086048e+04 1.509799e+04 2.32115 5.541424e-01
7.580000e-01 3.902010e+00 2.275061e+00 2.649278e+00 1.070610e+01 1.088346e+04 1.509494e+04 2.32235 5.556425e-01
7.570000e-01 3.902010e+00 2.276998e+00 2.651444e+00 1.071513e+01 1.089671e+04 1.507996e+04 2.32597 5.562379e-01
7.560000e-01 3.902010e+00 2.276902e+00 2.651181e+00 1.071784e+01 1.091955e+04 1.507691e+04 2.32714 5.577328e-01
7.550000e-01 3.902010e+00 2.278851e+00 2.653359e+00 1.072694e+01 1.093257e+04 1.506183e+04 2.33079 5.583159e-01
7.540000e-01 3.902010e+00 2.278743e+00 2.653085e+00 1.072965e+01 1.095529e+04 1.505877e+04 2.33194 5.598073e-01
7.530000e-01 3.902010e+00 2.280705e+00 2.655281e+00 1.073883e+01 1.096813e+04 1.504356e+04 2.33562 5.603813e-01
7.520000e-01 3.902010e+00 2.280583e+00 2.654990e+00 1.074156e+01 1.099073e+04 1.504051e+04 2.33675 5.618691e-01
7.510000e-01 3.902010e+00 2.282600e+00 2.657261e+00 1.075090e+01 1.100329e+04 1.502505e+04 2.3405 5.624180e-01
7.500000e-01 3.902010e+00 2.282438e+00 2.656920e+00 1.075358e+01 1.102576e+04 1.502207e+04 2.34158 5.639059e-01
7.490000e-01 3.902010e+00 2.284451e+00 2.659181e+00 1.076295e+01 1.103805e+04 1.500658e+04 2.34534 5.644458e-01
7.480000e-01 3.902010e+00 2.284260e+00 2.658805e+00 1.076560e+01 1.106031e+04 1.500362e+04 2.34636 5.659239e-01
7.470000e-01 3.902010e+00 2.286292e+00 2.661087e+00 1.077504e+01 1.107228e+04 1.498803e+04 2.35017 5.664493e-01
7.460000e-01 3.902010e+00 2.286091e+00 2.660700e+00 1.077770e+01 1.109442e+04 1.498507e+04 2.35118 5.679250e-01
7.450000e-01 3.902010e+00 2.288135e+00 2.662997e+00 1.078723e+01 1.110624e+04 1.496934e+04 2.35502 5.684417e-01
7.440000e-01 3.902010e+00 2.287922e+00 2.662598e+00 1.078991e+01 1.112830e+04 1.496636e+04 2.35602 5.699173e-01
7.430000e-01 3.902010e+00 2.289982e+00 2.664913e+00 1.079953e+01 1.113996e+04 1.495048e+04 2.35988 5.704233e-01
7.420000e-01 3.902010e+00 2.289759e+00 2.664505e+00 1.080223e+01 1.116192e+04 1.494749e+04 2.36087 5.718972e-01
7.410000e-01 3.902010e+00 2.291829e+00 2.666832e+00 1.081193e+01 1.117336e+04 1.493147e+04 2.36475 5.723906e-01
7.400000e-01 3.902010e+00 2.291587e+00 2.666403e+00 1.081463e+01 1.119518e+04 1.492848e+04 2.3657 5.738596e-01
7.390000e-01 3.902010e+00 2.293674e+00 2.668751e+00 1.082441e+01 1.120639e+04 1.491234e+04 2.36963 5.743406e-01
7.380000e-01 3.902010e+00 2.293420e+00 2.668311e+00 1.082712e+01 1.122812e+04 1.490933e+04 2.37056 5.758083e-01
7.370000e-01 3.902010e+00 2.295520e+00 2.670672e+00 1.083699e+01 1.123915e+04 1.489304e+04 2.37451 5.762779e-01
7.360000e-01 3.902010e+00 2.295246e+00 2.670211e+00 1.083970e+01 1.126074e+04 1.489004e+04 2.37541 5.777415e-01
7.350000e-01 3.902010e+00 2.297362e+00 2.672592e+00 1.084965e+01 1.127152e+04 1.487362e+04 2.37939 5.781971e-01
7.340000e-01 3.902010e+00 2.297066e+00 2.672104e+00 1.085235e+01 1.129295e+04 1.487062e+04 2.38024 5.796542e-01
7.330000e-01 3.902010e+00 2.299196e+00 2.674502e+00 1.086237e+01 1.130342e+04 1.485411e+04 2.38426 5.800935e-01
7.320000e-01 3.902010e+00 2.298868e+00 2.673975e+00 1.086505e+01 1.132465e+04 1.485112e+04 2.38505 5.815421e-01
7.310000e-01 3.902010e+00 2.301021e+00 2.676398e+00 1.087515e+01 1.133487e+04 1.483448e+04 2.38911 5.819688e-01
7.300000e-01 3.902010e+00 2.300683e+00 2.675863e+00 1.087785e+01 1.135602e+04 1.483147e+04 2.3899 5.834180e-01
7.290000e-01 3.902010e+00 2.302847e+00 2.678299e+00 1.088805e+01 1.136607e+04 1.481466e+04 2.39399 5.838338e-01
7.280000e-01 3.902010e+00 2.302495e+00 2.677749e+00 1.089077e+01 1.138714e+04 1.481164e+04 2.39476 5.852830e-01
7.270000e-01 3.902010e+00 2.304673e+00 2.680202e+00 1.090107e+01 1.139701e+04 1.479466e+04 2.39886 5.856862e-01
7.260000e-01 3.902010e+00 2.304304e+00 2.679634e+00 1.090379e+01 1.141797e+04 1.479163e+04 2.39961 5.871327e-01
7.250000e-01 3.902010e+00 2.306535e+00 2.682161e+00 1.091427e+01 1.142756e+04 1.477437e+04 2.40378 5.875098e-01
7.240000e-01 3.902010e+00 2.306125e+00 2.681541e+00 1.091695e+01 1.144841e+04 1.477140e+04 2.40447 5.889592e-01
7.230000e-01 3.902010e+00 2.308356e+00 2.684063e+00 1.092748e+01 1.145782e+04 1.475405e+04 2.40866 5.893298e-01
7.220000e-01 3.902010e+00 2.307928e+00 2.683424e+00 1.093017e+01 1.147858e+04 1.475107e+04 2.40932 5.907784e-01
7.210000e-01 3.902010e+00 2.310174e+00 2.685964e+00 1.094080e+01 1.148776e+04 1.473356e+04 2.41353 5.911347e-01
7.200000e-01 3.902010e+00 2.309724e+00 2.685301e+00 1.094348e+01 1.150838e+04 1.473058e+04 2.41415 5.925789e-01
7.190000e-01 3.902010e+00 2.311985e+00 2.687859e+00 1.095419e+01 1.151729e+04 1.471294e+04 2.4184 5.929195e-01
7.180000e-01 3.902010e+00 2.311503e+00 2.687157e+00 1.095685e+01 1.153772e+04 1.470998e+04 2.41896 5.943565e-01
7.170000e-01 3.902010e+00 2.313783e+00 2.689736e+00 1.096764e+01 1.154632e+04 1.469223e+04 2.42325 5.946797e-01
7.160000e-01 3.902010e+00 2.313278e+00 2.689008e+00 1.097030e+01 1.156661e+04 1.468926e+04 2.42377 5.961136e-01
7.150000e-01 3.902010e+00 2.315576e+00 2.691609e+00 1.098119e+01 1.157502e+04 1.467134e+04 2.42809 5.964255e-01
7.140000e-01 3.902010e+00 2.315054e+00 2.690864e+00 1.098387e+01 1.159523e+04 1.466835e+04 2.4286 5.978603e-01
7.130000e-01 3.902010e+00 2.315008e+00 2.690563e+00 1.098743e+01 1.161335e+04 1.466373e+04 2.43048 5.992831e-01
7.120000e-01 3.902010e+00 2.318250e+00 2.694403e+00 1.100173e+01 1.161758e+04 1.463968e+04 2.43536 5.990258e-01
7.110000e-01 3.902010e+00 2.317705e+00 2.693635e+00 1.100443e+01 1.163764e+04 1.463665e+04 2.43583 6.004570e-01
7.100000e-01 3.902010e+00 2.317631e+00 2.693303e+00 1.100801e+01 1.165556e+04 1.463199e+04 2.43766 6.018738e-01
7.090000e-01 3.902010e+00 2.320962e+00 2.697260e+00 1.102263e+01 1.165931e+04 1.460745e+04 2.44266 6.015718e-01
7.080000e-01 3.902010e+00 2.320366e+00 2.696431e+00 1.102529e+01 1.167923e+04 1.460447e+04 2.44306 6.030071e-01
7.070000e-01 3.902010e+00 2.320263e+00 2.696065e+00 1.102888e+01 1.169699e+04 1.459980e+04 2.44486 6.044237e-01
7.060000e-01 3.902010e+00 2.323629e+00 2.700064e+00 1.104370e+01 1.170034e+04 1.457494e+04 2.44993 6.040955e-01
7.050000e-01 3.902010e+00 2.322996e+00 2.699194e+00 1.104636e+01 1.172007e+04 1.457196e+04 2.45026 6.055261e-01
7.040000e-01 3.902010e+00 2.322858e+00 2.698787e+00 1.104995e+01 1.173759e+04 1.456727e+04 2.452 6.069348e-01
7.030000e-01 3.902010e+00 2.326274e+00 2.702845e+00 1.106497e+01 1.174042e+04 1.454213e+04 2.45716 6.065724e-01
7.020000e-01 3.902010e+00 2.325590e+00 2.701914e+00 1.106760e+01 1.175987e+04 1.453916e+04 2.4574 6.079941e-01
7.010000e-01 3.902010e+00 2.325429e+00 2.701480e+00 1.107120e+01 1.177713e+04 1.453446e+04 2.45911 6.093951e-01
7.000000e-01 3.902010e+00 2.328895e+00 2.705600e+00 1.108644e+01 1.177956e+04 1.450899e+04 2.46436 6.090057e-01
6.990000e-01 3.902010e+00 2.328184e+00 2.704640e+00 1.108910e+01 1.179890e+04 1.450599e+04 2.46457 6.104297e-01
6.980000e-01 3.902010e+00 2.327994e+00 2.704174e+00 1.109273e+01 1.181603e+04 1.450124e+04 2.46625 6.118310e-01
6.970000e-01 3.902010e+00 2.331507e+00 2.708351e+00 1.110823e+01 1.181806e+04 1.447535e+04 2.47156 6.114087e-01
6.960000e-01 3.902010e+00 2.330760e+00 2.707354e+00 1.111090e+01 1.183724e+04 1.447233e+04 2.47171 6.128311e-01
6.950000e-01 3.902010e+00 2.330536e+00 2.706848e+00 1.111453e+01 1.185418e+04 1.446755e+04 2.47333 6.142280e-01
6.940000e-01 3.902010e+00 2.334101e+00 2.711088e+00 1.113029e+01 1.185577e+04 1.444127e+04 2.47873 6.137725e-01
6.930000e-01 3.902010e+00 2.333315e+00 2.710049e+00 1.113295e+01 1.187481e+04 1.443823e+04 2.47882 6.151943e-01
6.920000e-01 3.902010e+00 2.333063e+00 2.709510e+00 1.113661e+01 1.189158e+04 1.443341e+04 2.4804 6.165889e-01
6.910000e-01 3.902010e+00 2.336710e+00 2.713860e+00 1.115270e+01 1.189269e+04 1.440659e+04 2.4859 6.160852e-01
6.900000e-01 3.902010e+00 2.335863e+00 2.712745e+00 1.115532e+01 1.191154e+04 1.440360e+04 2.48589 6.175083e-01
6.890000e-01 3.902010e+00 2.335560e+00 2.712145e+00 1.115894e+01 1.192808e+04 1.439878e+04 2.48738 6.188967e-01
6.880000e-01 3.902010e+00 2.339253e+00 2.716545e+00 1.117522e+01 1.192865e+04 1.437169e+04 2.49296 6.183587e-01
6.870000e-01 3.902010e+00 2.338350e+00 2.715363e+00 1.117781e+01 1.194726e+04 1.436871e+04 2.49286 6.197751e-01
6.860000e-01 3.902010e+00 2.338023e+00 2.714735e+00 1.118145e+01 1.196357e+04 1.436384e+04 2.49432 6.211584e-01
6.850000e-01 3.902010e+00 2.341765e+00 2.719196e+00 1.119799e+01 1.196376e+04 1.433634e+04 2.49997 6.205887e-01
6.840000e-01 3.902010e+00 2.340825e+00 2.717975e+00 1.120059e+01 1.198226e+04 1.433332e+04 2.49982 6.220081e-01
6.830000e-01 3.902010e+00 2.340461e+00 2.717304e+00 1.120425e+01 1.199843e+04 1.432841e+04 2.50122 6.233915e-01
6.820000e-01 3.902010e+00 2.344256e+00 2.721830e+00 1.122109e+01 1.199819e+04 1.430041e+04 2.50694 6.227825e-01
6.810000e-01 3.902010e+00 2.343269e+00 2.720555e+00 1.122368e+01 1.201652e+04 1.429738e+04 2.5067 6.242002e-01
6.800000e-01 3.902010e+00 2.342868e+00 2.719840e+00 1.122735e+01 1.203250e+04 1.429242e+04 2.50804 6.255797e-01
6.790000e-01 3.902010e+00 2.346719e+00 2.724436e+00 1.124447e+01 1.203182e+04 1.426397e+04 2.51384 6.249331e-01
6.780000e-01 3.902010e+00 2.345686e+00 2.723111e+00 1.124706e+01 1.205000e+04 1.426091e+04 2.51353 6.263513e-01
6.770000e-01 3.902010e+00 2.345248e+00 2.722353e+00 1.125074e+01 1.206581e+04 1.425591e+04 2.51481 6.277281e-01
6.760000e-01 3.902010e+00 2.349187e+00 2.727065e+00 1.126822e+01 1.206458e+04 1.422690e+04 2.52071 6.270284e-01
6.750000e-01 3.902010e+00 2.348085e+00 2.725654e+00 1.127075e+01 1.208257e+04 1.422390e+04 2.52028 6.284472e-01
6.740000e-01 3.902010e+00 2.347591e+00 2.724829e+00 1.127441e+01 1.209813e+04 1.421890e+04 2.52147 6.298173e-01
6.730000e-01 3.902010e+00 2.351582e+00 2.729601e+00 1.129210e+01 1.209635e+04 1.418961e+04 2.52747 6.290817e-01
6.720000e-01 3.902010e+00 2.350426e+00 2.728128e+00 1.129462e+01 1.211414e+04 1.418660e+04 2.52695 6.304983e-01
6.710000e-01 3.902010e+00 2.349905e+00 2.727271e+00 1.129830e+01 1.212951e+04 1.418155e+04 2.52811 6.318672e-01
6.700000e-01 3.902010e+00 2.353945e+00 2.732106e+00 1.131631e+01 1.212733e+04 1.415177e+04 2.53416 6.310948e-01
6.690000e-01 3.902010e+00 2.352743e+00 2.730583e+00 1.131883e+01 1.214500e+04 1.414872e+04 2.53358 6.325142e-01
6.680000e-01 3.902010e+00 2.355526e+00 2.733792e+00 1.133271e+01 1.214752e+04 1.412610e+04 2.53861 6.324049e-01
6.670000e-01 3.902010e+00 2.354281e+00 2.732219e+00 1.133519e+01 1.216509e+04 1.412308e+04 2.53796 6.338266e-01
6.660000e-01 3.902010e+00 2.357068e+00 2.735430e+00 1.134917e+01 1.216738e+04 1.410028e+04 2.54299 6.337019e-01
6.650000e-01 3.902010e+00 2.355786e+00 2.733815e+00 1.135166e+01 1.218486e+04 1.409724e+04 2.54228 6.351252e-01
6.640000e-01 3.902010e+00 2.358594e+00 2.737053e+00 1.136580e+01 1.218690e+04 1.407418e+04 2.54733 6.349795e-01
6.630000e-01 3.902010e+00 2.357273e+00 2.735394e+00 1.136827e+01 1.220426e+04 1.407113e+04 2.54655 6.364022e-01
6.620000e-01 3.902010e+00 2.360100e+00 2.738656e+00 1.138254e+01 1.220602e+04 1.404785e+04 2.55162 6.362343e-01
6.610000e-01 3.902010e+00 2.358736e+00 2.736945e+00 1.138499e+01 1.222324e+04 1.404479e+04 2.55076 6.376537e-01
6.600000e-01 3.902010e+00 2.361582e+00 2.740230e+00 1.139939e+01 1.222466e+04 1.402133e+04 2.55586 6.374624e-01
6.590000e-01 3.902010e+00 2.360174e+00 2.738466e+00 1.140181e+01 1.224171e+04 1.401828e+04 2.55492 6.388779e-01
6.580000e-01 3.902010e+00 2.363042e+00 2.741779e+00 1.141635e+01 1.224288e+04 1.399459e+04 2.56004 6.386673e-01
6.570000e-01 3.902010e+00 2.363793e+00 2.742586e+00 1.142498e+01 1.225181e+04 1.398097e+04 2.56214 6.392509e-01
6.560000e-01 3.902010e+00 2.362324e+00 2.740752e+00 1.142737e+01 1.226877e+04 1.397793e+04 2.56111 6.406754e-01
6.550000e-01 3.902010e+00 2.365200e+00 2.744073e+00 1.144213e+01 1.226959e+04 1.395389e+04 2.56624 6.404396e-01
6.540000e-01 3.902010e+00 2.365940e+00 2.744871e+00 1.145090e+01 1.227825e+04 1.394005e+04 2.56831 6.410074e-01
6.530000e-01 3.902010e+00 2.366647e+00 2.745625e+00 1.145962e+01 1.228687e+04 1.392627e+04 2.57034 6.415810e-01
6.520000e-01 3.902010e+00 2.367348e+00 2.746372e+00 1.146837e+01 1.229539e+04 1.391243e+04 2.57236 6.421501e-01
6.510000e-01 3.902010e+00 2.368044e+00 2.747115e+00 1.147718e+01 1.230383e+04 1.389852e+04 2.57437 6.427144e-01
6.500000e-01 3.902010e+00 2.368736e+00 2.747855e+00 1.148602e+01 1.231217e+04 1.388453e+04 2.57636 6.432731e-01
6.490000e-01 3.902010e+00 2.369421e+00 2.748587e+00 1.149490e+01 1.232040e+04 1.387049e+04 2.57834 6.438256e-01
6.480000e-01 3.902010e+00 2.370101e+00 2.749314e+00 1.150382e+01 1.232853e+04 1.385639e+04 2.58031 6.443719e-01
6.470000e-01 3.902010e+00 2.370773e+00 2.750032e+00 1.151275e+01 1.233653e+04 1.384224e+04 2.58226 6.449110e-01
6.460000e-01 3.902010e+00 2.371438e+00 2.750741e+00 1.152172e+01 1.234439e+04 1.382805e+04 2.58419 6.454430e-01
6.450000e-01 3.902010e+00 2.372096e+00 2.751442e+00 1.153071e+01 1.235216e+04 1.381381e+04 2.5861 6.459691e-01
6.440000e-01 3.902010e+00 2.372748e+00 2.752138e+00 1.153976e+01 1.235985e+04 1.379947e+04 2.588 6.464904e-01
6.430000e-01 3.902010e+00 2.373395e+00 2.752827e+00 1.154886e+01 1.236744e+04 1.378504e+04 2.58989 6.470061e-01
6.420000e-01 3.902010e+00 2.374037e+00 2.753513e+00 1.155801e+01 1.237495e+04 1.377052e+04 2.59176 6.475165e-01
6.410000e-01 3.902010e+00 2.374672e+00 2.754191e+00 1.156720e+01 1.238236e+04 1.375592e+04 2.59361 6.480207e-01
6.400000e-01 3.902010e+00 2.375331e+00 2.754908e+00 1.157652e+01 1.238961e+04 1.374113e+04 2.59548 6.485060e-01
6.390000e-01 3.902010e+00 2.375954e+00 2.755575e+00 1.158580e+01 1.239682e+04 1.372638e+04 2.59729 6.489966e-01
6.380000e-01 3.902010e+00 2.376569e+00 2.756232e+00 1.159512e+01 1.240393e+04 1.371154e+04 2.59909 6.494819e-01
6.370000e-01 3.902010e+00 2.377177e+00 2.756883e+00 1.160450e+01 1.241095e+04 1.369662e+04 2.60087 6.499612e-01
6.360000e-01 3.902010e+00 2.377780e+00 2.757530e+00 1.161391e+01 1.241787e+04 1.368163e+04 2.60263 6.504342e-01
6.350000e-01 3.902010e+00 2.378374e+00 2.758167e+00 1.162337e+01 1.242467e+04 1.366658e+04 2.60437 6.509004e-01
6.340000e-01 3.902010e+00 2.378962e+00 2.758797e+00 1.163286e+01 1.243136e+04 1.365147e+04 2.60609 6.513599e-01
6.330000e-01 3.902010e+00 2.379541e+00 2.759417e+00 1.164237e+01 1.243792e+04 1.363631e+04 2.6078 6.518115e-01
6.320000e-01 3.902010e+00 2.380112e+00 2.760026e+00 1.165191e+01 1.244435e+04 1.362110e+04 2.60947 6.522557e-01
6.310000e-01 3.902010e+00 2.380674e+00 2.760627e+00 1.166150e+01 1.245069e+04 1.360580e+04 2.61113 6.526945e-01
6.300000e-01 3.902010e+00 2.381230e+00 2.761220e+00 1.167115e+01 1.245694e+04 1.359041e+04 2.61277 6.531271e-01
6.290000e-01 3.902010e+00 2.381778e+00 2.761807e+00 1.168086e+01 1.246309e+04 1.357491e+04 2.61439 6.535534e-01
6.280000e-01 3.902010e+00 2.382319e+00 2.762386e+00 1.169062e+01 1.246916e+04 1.355932e+04 2.61598 6.539730e-01
6.270000e-01 3.902010e+00 2.382851e+00 2.762955e+00 1.170042e+01 1.247511e+04 1.354363e+04 2.61755 6.543852e-01
6.260000e-01 3.902010e+00 2.383374e+00 2.763515e+00 1.171027e+01 1.248096e+04 1.352787e+04 2.6191 6.547901e-01
6.250000e-01 3.902010e+00 2.383919e+00 2.764109e+00 1.172025e+01 1.248665e+04 1.351190e+04 2.62064 6.551761e-01
6.240000e-01 3.902010e+00 2.384428e+00 2.764654e+00 1.173021e+01 1.249229e+04 1.349595e+04 2.62214 6.555673e-01
6.230000e-01 3.902010e+00 2.384928e+00 2.765191e+00 1.174022e+01 1.249783e+04 1.347992e+04 2.62362 6.559521e-01
6.220000e-01 3.902010e+00 2.385420e+00 2.765719e+00 1.175028e+01 1.250326e+04 1.346381e+04 2.62507 6.563300e-01
6.210000e-01 3.902010e+00 2.385905e+00 2.766241e+00 1.176037e+01 1.250857e+04 1.344765e+04 2.62651 6.567011e-01
6.200000e-01 3.902010e+00 2.386381e+00 2.766752e+00 1.177050e+01 1.251376e+04 1.343144e+04 2.62792 6.570644e-01
6.190000e-01 3.902010e+00 2.386847e+00 2.767250e+00 1.178065e+01 1.251881e+04 1.341518e+04 2.62931 6.574200e-01
6.180000e-01 3.902010e+00 2.387304e+00 2.767739e+00 1.179086e+01 1.252375e+04 1.339883e+04 2.63067 6.577689e-01
6.170000e-01 3.902010e+00 2.387751e+00 2.768218e+00 1.180113e+01 1.252860e+04 1.338238e+04 2.63201 6.581110e-01
6.160000e-01 3.902010e+00 2.388190e+00 2.768687e+00 1.181147e+01 1.253335e+04 1.336582e+04 2.63332 6.584459e-01
6.150000e-01 3.902010e+00 2.388620e+00 2.769149e+00 1.182186e+01 1.253800e+04 1.334915e+04 2.6346 6.587737e-01
6.140000e-01 3.902010e+00 2.389042e+00 2.769601e+00 1.183232e+01 1.254253e+04 1.333240e+04 2.63586 6.590944e-01
6.130000e-01 3.902010e+00 2.389454e+00 2.770044e+00 1.184282e+01 1.254696e+04 1.331556e+04 2.63709 6.594076e-01
6.120000e-01 3.902010e+00 2.389858e+00 2.770479e+00 1.185338e+01 1.255128e+04 1.329863e+04 2.6383 6.597138e-01
6.110000e-01 3.902010e+00 2.390281e+00 2.770944e+00 1.186409e+01 1.255543e+04 1.328149e+04 2.63951 6.600010e-01
6.100000e-01 3.902010e+00 2.390667e+00 2.771361e+00 1.187477e+01 1.255953e+04 1.326436e+04 2.64067 6.602920e-01
6.090000e-01 3.902010e+00 2.391042e+00 2.771766e+00 1.188550e+01 1.256352e+04 1.324715e+04 2.64179 6.605753e-01
6.080000e-01 3.902010e+00 2.391406e+00 2.772158e+00 1.189628e+01 1.256739e+04 1.322985e+04 2.64288 6.608498e-01
6.070000e-01 3.902010e+00 2.391758e+00 2.772536e+00 1.190709e+01 1.257114e+04 1.321250e+04 2.64393 6.611153e-01
6.060000e-01 3.902010e+00 2.392099e+00 2.772899e+00 1.191794e+01 1.257474e+04 1.319509e+04 2.64495 6.613719e-01
6.050000e-01 3.902010e+00 2.392428e+00 2.773251e+00 1.192883e+01 1.257824e+04 1.317759e+04 2.64594 6.616208e-01
6.040000e-01 3.902010e+00 2.392748e+00 2.773592e+00 1.193980e+01 1.258164e+04 1.315997e+04 2.6469 6.618625e-01
6.030000e-01 3.902010e+00 2.393057e+00 2.773922e+00 1.195084e+01 1.258492e+04 1.314224e+04 2.64783 6.620964e-01
6.020000e-01 3.902010e+00 2.393357e+00 2.774244e+00 1.196195e+01 1.258810e+04 1.312440e+04 2.64873 6.623230e-01
6.010000e-01 3.902010e+00 2.393649e+00 2.774556e+00 1.197313e+01 1.259116e+04 1.310647e+04 2.64961 6.625422e-01
6.000000e-01 3.902010e+00 2.393929e+00 2.774858e+00 1.198437e+01 1.259411e+04 1.308845e+04 2.65045 6.627532e-01
5.990000e-01 3.902010e+00 2.394199e+00 2.775148e+00 1.199567e+01 1.259694e+04 1.307034e+04 2.65126 6.629563e-01
5.980000e-01 3.902010e+00 2.394486e+00 2.775466e+00 1.200712e+01 1.259960e+04 1.305200e+04 2.65207 6.631400e-01
5.970000e-01 3.902010e+00 2.394736e+00 2.775737e+00 1.201856e+01 1.260221e+04 1.303367e+04 2.65283 6.633268e-01
5.960000e-01 3.902010e+00 2.394975e+00 2.775996e+00 1.203006e+01 1.260469e+04 1.301526e+04 2.65355 6.635059e-01
5.950000e-01 3.902010e+00 2.395204e+00 2.776245e+00 1.204161e+01 1.260706e+04 1.299678e+04 2.65424 6.636770e-01
5.940000e-01 3.902010e+00 2.395422e+00 2.776481e+00 1.205320e+01 1.260930e+04 1.297824e+04 2.65491 6.638395e-01
5.930000e-01 3.902010e+00 2.395627e+00 2.776698e+00 1.206483e+01 1.261139e+04 1.295964e+04 2.65553 6.639924e-01
5.920000e-01 3.902010e+00 2.395818e+00 2.776902e+00 1.207652e+01 1.261338e+04 1.294094e+04 2.65611 6.641369e-01
5.910000e-01 3.902010e+00 2.395998e+00 2.777093e+00 1.208830e+01 1.261526e+04 1.292210e+04 2.65666 6.642727e-01
5.900000e-01 3.902010e+00 2.396164e+00 2.777270e+00 1.210015e+01 1.261702e+04 1.290315e+04 2.65716 6.643993e-01
5.890000e-01 3.902010e+00 2.396319e+00 2.777436e+00 1.211208e+01 1.261867e+04 1.288407e+04 2.65763 6.645169e-01
5.880000e-01 3.902010e+00 2.396463e+00 2.777588e+00 1.212408e+01 1.262019e+04 1.286488e+04 2.65806 6.646259e-01
5.870000e-01 3.902010e+00 2.396594e+00 2.777729e+00 1.213615e+01 1.262160e+04 1.284561e+04 2.65846 6.647261e-01
5.860000e-01 3.902010e+00 2.396716e+00 2.777859e+00 1.214830e+01 1.262289e+04 1.282623e+04 2.65883 6.648184e-01
5.850000e-01 3.902010e+00 2.396852e+00 2.778016e+00 1.216060e+01 1.262399e+04 1.280663e+04 2.65919 6.648912e-01
5.840000e-01 3.902010e+00 2.396953e+00 2.778126e+00 1.217291e+01 1.262504e+04 1.278704e+04 2.65949 6.649665e-01
5.830000e-01 3.902010e+00 2.397042e+00 2.778222e+00 1.218527e+01 1.262596e+04 1.276737e+04 2.65977 6.650340e-01
5.820000e-01 3.902010e+00 2.397121e+00 2.778309e+00 1.219770e+01 1.262676e+04 1.274764e+04 2.66001 6.650934e-01
5.810000e-01 3.902010e+00 2.397188e+00 2.778382e+00 1.221017e+01 1.262743e+04 1.272785e+04 2.66022 6.651440e-01
5.800000e-01 3.902010e+00 2.397241e+00 2.778438e+00 1.222268e+01 1.262797e+04 1.270800e+04 2.66039 6.651854e-01
5.790000e-01 3.902010e+00 2.397281e+00 2.778479e+00 1.223529e+01 1.262839e+04 1.268803e+04 2.66052 6.652178e-01
5.780000e-01 3.902010e+00 2.397306e+00 2.778502e+00 1.224798e+01 1.262868e+04 1.266791e+04 2.6606 6.652399e-01
5.770000e-01 3.902010e+00 2.397318e+00 2.778513e+00 1.226077e+01 1.262886e+04 1.264766e+04 2.66064 6.652525e-01
5.760000e-01 3.902010e+00 2.397317e+00 2.778511e+00 1.227363e+01 1.262893e+04 1.262730e+04 2.66064 6.652554e-01
5.760928e-01 3.902010e+00 2.397338e+00 2.778539e+00 1.227252e+01 1.262885e+04 1.262906e+04 2.66065 6.652437e-01
