1.000000e+00 3.967560e+00 2.075711e+00 2.443769e+00 9.663255e+00 0.000000e+00 1.749056e+04 0 0.000000e+00
9.990000e-01 3.967560e+00 2.077879e+00 2.452140e+00 9.677597e+00 7.428090e+02 1.733792e+04 1.84132 3.604560e-02
9.980000e-01 3.967560e+00 2.077948e+00 2.451906e+00 9.678722e+00 1.041262e+03 1.729461e+04 1.94432 5.335147e-02
9.970000e-01 3.967560e+00 2.078845e+00 2.452884e+00 9.683003e+00 1.273066e+03 1.725899e+04 1.84485 6.183807e-02
9.960000e-01 3.967560e+00 2.079105e+00 2.452888e+00 9.684566e+00 1.467949e+03 1.723114e+04 1.88907 7.299496e-02
9.950000e-01 3.967560e+00 2.080067e+00 2.453895e+00 9.688987e+00 1.637125e+03 1.720382e+04 1.8477 7.955088e-02
9.940000e-01 3.967560e+00 2.080376e+00 2.453963e+00 9.690640e+00 1.795253e+03 1.718173e+04 1.87776 8.862744e-02
9.930000e-01 3.967560e+00 2.080480e+00 2.453808e+00 9.692534e+00 1.941384e+03 1.716137e+04 1.87638 9.576167e-02
9.920000e-01 3.967560e+00 2.082007e+00 2.455592e+00 9.698096e+00 2.075525e+03 1.713730e+04 1.85209 1.009051e-01
9.910000e-01 3.967560e+00 2.082206e+00 2.455573e+00 9.699751e+00 2.204894e+03 1.711972e+04 1.8629 1.077996e-01
9.900000e-01 3.967560e+00 2.082618e+00 2.455828e+00 9.701896e+00 2.326738e+03 1.710284e+04 1.87242 1.142925e-01
9.890000e-01 3.967560e+00 2.084006e+00 2.457456e+00 9.707130e+00 2.440689e+03 1.708201e+04 1.8565 1.187125e-01
9.880000e-01 3.967560e+00 2.084241e+00 2.457504e+00 9.708814e+00 2.552003e+03 1.706722e+04 1.86474 1.246497e-01
9.870000e-01 3.967560e+00 2.084663e+00 2.457785e+00 9.710959e+00 2.657906e+03 1.705272e+04 1.87232 1.302972e-01
9.860000e-01 3.967560e+00 2.086028e+00 2.459390e+00 9.716145e+00 2.757071e+03 1.703396e+04 1.86095 1.341622e-01
9.850000e-01 3.967560e+00 2.086253e+00 2.459429e+00 9.717831e+00 2.855458e+03 1.702113e+04 1.8674 1.394013e-01
9.840000e-01 3.967560e+00 2.086674e+00 2.459710e+00 9.719990e+00 2.950106e+03 1.700828e+04 1.87388 1.444632e-01
9.830000e-01 3.967560e+00 2.088054e+00 2.461330e+00 9.725217e+00 3.039380e+03 1.699079e+04 1.86545 1.479697e-01
9.820000e-01 3.967560e+00 2.088288e+00 2.461385e+00 9.726927e+00 3.129169e+03 1.697927e+04 1.87096 1.527568e-01
9.810000e-01 3.967560e+00 2.088709e+00 2.461667e+00 9.729099e+00 3.215721e+03 1.696759e+04 1.87656 1.573886e-01
9.800000e-01 3.967560e+00 2.090094e+00 2.463293e+00 9.734355e+00 3.297153e+03 1.695108e+04 1.87 1.605963e-01
9.790000e-01 3.967560e+00 2.090320e+00 2.463336e+00 9.736073e+00 3.379864e+03 1.694060e+04 1.87471 1.650042e-01
9.780000e-01 3.967560e+00 2.090730e+00 2.463602e+00 9.738250e+00 3.459748e+03 1.692987e+04 1.87965 1.692825e-01
9.770000e-01 3.967560e+00 2.092130e+00 2.465240e+00 9.743553e+00 3.534440e+03 1.691414e+04 1.87456 1.722386e-01
9.760000e-01 3.967560e+00 2.092320e+00 2.465229e+00 9.745251e+00 3.610742e+03 1.690462e+04 1.87849 1.762938e-01
9.750000e-01 3.967560e+00 2.092703e+00 2.465449e+00 9.747425e+00 3.684701e+03 1.689472e+04 1.88289 1.802599e-01
9.740000e-01 3.967560e+00 2.094141e+00 2.467119e+00 9.752825e+00 3.754109e+03 1.687951e+04 1.87913 1.830369e-01
9.730000e-01 3.967560e+00 2.094331e+00 2.467103e+00 9.754552e+00 3.826548e+03 1.687057e+04 1.88279 1.868983e-01
9.720000e-01 3.967560e+00 2.094736e+00 2.467349e+00 9.756778e+00 3.897147e+03 1.686113e+04 1.88703 1.907010e-01
9.710000e-01 3.967560e+00 2.096185e+00 2.469036e+00 9.762241e+00 3.963528e+03 1.684625e+04 1.88376 1.933461e-01
9.700000e-01 3.967560e+00 2.096398e+00 2.469054e+00 9.764005e+00 4.032721e+03 1.683779e+04 1.88724 1.970449e-01
9.690000e-01 3.967560e+00 2.096818e+00 2.469324e+00 9.766257e+00 4.100187e+03 1.682881e+04 1.89124 2.006857e-01
9.680000e-01 3.967560e+00 2.098264e+00 2.471014e+00 9.771736e+00 4.163612e+03 1.681430e+04 1.88844 2.032081e-01
9.670000e-01 3.967560e+00 2.098488e+00 2.471051e+00 9.773520e+00 4.229611e+03 1.680629e+04 1.89169 2.067398e-01
9.660000e-01 3.967560e+00 2.098905e+00 2.471320e+00 9.775772e+00 4.293799e+03 1.679776e+04 1.89538 2.102030e-01
9.650000e-01 3.967560e+00 2.100355e+00 2.473017e+00 9.781267e+00 4.353913e+03 1.678363e+04 1.89315 2.126012e-01
9.640000e-01 3.967560e+00 2.100578e+00 2.473053e+00 9.783060e+00 4.417000e+03 1.677604e+04 1.89616 2.159791e-01
9.630000e-01 3.967560e+00 2.101002e+00 2.473332e+00 9.785334e+00 4.478552e+03 1.676787e+04 1.8997 2.193089e-01
9.620000e-01 3.967560e+00 2.102461e+00 2.475040e+00 9.790866e+00 4.536131e+03 1.675402e+04 1.89789 2.216090e-01
9.610000e-01 3.967560e+00 2.102684e+00 2.475080e+00 9.792670e+00 4.596638e+03 1.674681e+04 1.9007 2.248502e-01
9.600000e-01 3.967560e+00 2.103104e+00 2.475354e+00 9.794951e+00 4.655639e+03 1.673900e+04 1.90404 2.280449e-01
9.590000e-01 3.967560e+00 2.104575e+00 2.477075e+00 9.800521e+00 4.710670e+03 1.672542e+04 1.90266 2.302509e-01
9.580000e-01 3.967560e+00 2.104790e+00 2.477103e+00 9.802332e+00 4.768807e+03 1.671855e+04 1.90527 2.333656e-01
9.570000e-01 3.967560e+00 2.105196e+00 2.477356e+00 9.804612e+00 4.825334e+03 1.671107e+04 1.90839 2.364270e-01
9.560000e-01 3.967560e+00 2.106683e+00 2.479091e+00 9.810226e+00 4.877480e+03 1.669775e+04 1.90744 2.385251e-01
9.550000e-01 3.967560e+00 2.106873e+00 2.479081e+00 9.812029e+00 4.933254e+03 1.669121e+04 1.90983 2.415120e-01
9.540000e-01 3.967560e+00 2.107280e+00 2.479329e+00 9.814337e+00 4.987852e+03 1.668397e+04 1.9129 2.444823e-01
9.530000e-01 3.967560e+00 2.108795e+00 2.481092e+00 9.820043e+00 5.038545e+03 1.667069e+04 1.91225 2.465296e-01
9.520000e-01 3.967560e+00 2.109000e+00 2.481102e+00 9.821885e+00 5.093043e+03 1.666432e+04 1.91463 2.494579e-01
9.510000e-01 3.967560e+00 2.109416e+00 2.481362e+00 9.824221e+00 5.146243e+03 1.665724e+04 1.91761 2.523557e-01
9.500000e-01 3.967560e+00 2.110938e+00 2.483139e+00 9.829972e+00 5.195492e+03 1.664407e+04 1.91713 2.543399e-01
9.490000e-01 3.967560e+00 2.111155e+00 2.483167e+00 9.831838e+00 5.248492e+03 1.663790e+04 1.91945 2.571923e-01
9.480000e-01 3.967560e+00 2.111576e+00 2.483438e+00 9.834191e+00 5.300189e+03 1.663103e+04 1.92233 2.600121e-01
9.470000e-01 3.967560e+00 2.113102e+00 2.485221e+00 9.839966e+00 5.347857e+03 1.661801e+04 1.92204 2.619325e-01
9.460000e-01 3.967560e+00 2.113317e+00 2.485249e+00 9.841840e+00 5.399232e+03 1.661206e+04 1.92425 2.646985e-01
9.450000e-01 3.967560e+00 2.113739e+00 2.485521e+00 9.844206e+00 5.449406e+03 1.660538e+04 1.92705 2.674407e-01
9.440000e-01 3.967560e+00 2.115277e+00 2.487319e+00 9.850026e+00 5.495679e+03 1.659247e+04 1.92699 2.693104e-01
9.430000e-01 3.967560e+00 2.115498e+00 2.487355e+00 9.851923e+00 5.545836e+03 1.658667e+04 1.92914 2.720156e-01
9.420000e-01 3.967560e+00 2.115920e+00 2.487629e+00 9.854305e+00 5.594723e+03 1.658015e+04 1.93186 2.746906e-01
9.410000e-01 3.967560e+00 2.117468e+00 2.489439e+00 9.860165e+00 5.639533e+03 1.656733e+04 1.93197 2.765015e-01
9.400000e-01 3.967560e+00 2.117684e+00 2.489470e+00 9.862070e+00 5.688308e+03 1.656171e+04 1.93403 2.791331e-01
9.390000e-01 3.967560e+00 2.118101e+00 2.489737e+00 9.864460e+00 5.735796e+03 1.655535e+04 1.93666 2.817346e-01
9.380000e-01 3.967560e+00 2.119663e+00 2.491561e+00 9.870359e+00 5.778993e+03 1.654265e+04 1.93698 2.834852e-01
9.370000e-01 3.967560e+00 2.119858e+00 2.491564e+00 9.872252e+00 5.826154e+03 1.653724e+04 1.93888 2.860275e-01
9.360000e-01 3.967560e+00 2.120260e+00 2.491806e+00 9.874638e+00 5.872063e+03 1.653108e+04 1.9414 2.885463e-01
9.350000e-01 3.967560e+00 2.121848e+00 2.493657e+00 9.880602e+00 5.913824e+03 1.651844e+04 1.94199 2.902513e-01
9.340000e-01 3.967560e+00 2.122043e+00 2.493657e+00 9.882521e+00 5.960134e+03 1.651315e+04 1.94388 2.927546e-01
9.330000e-01 3.967560e+00 2.122458e+00 2.493915e+00 9.884950e+00 6.005341e+03 1.650706e+04 1.94641 2.952443e-01
9.320000e-01 3.967560e+00 2.124104e+00 2.495843e+00 9.891074e+00 6.046343e+03 1.649426e+04 1.94712 2.969073e-01
9.310000e-01 3.967560e+00 2.124280e+00 2.495819e+00 9.892963e+00 6.091835e+03 1.648916e+04 1.94896 2.993740e-01
9.300000e-01 3.967560e+00 2.124691e+00 2.496073e+00 9.895396e+00 6.136156e+03 1.648320e+04 1.95144 3.018197e-01
9.290000e-01 3.967560e+00 2.126340e+00 2.498007e+00 9.901550e+00 6.176220e+03 1.647047e+04 1.95224 3.034441e-01
9.280000e-01 3.967560e+00 2.126517e+00 2.497987e+00 9.903453e+00 6.220728e+03 1.646550e+04 1.95403 3.058597e-01
9.270000e-01 3.967560e+00 2.126924e+00 2.498237e+00 9.905893e+00 6.264000e+03 1.645967e+04 1.95645 3.082499e-01
9.260000e-01 3.967560e+00 2.128586e+00 2.500186e+00 9.912089e+00 6.303001e+03 1.644699e+04 1.9574 3.098353e-01
9.250000e-01 3.967560e+00 2.128764e+00 2.500168e+00 9.914010e+00 6.346672e+03 1.644213e+04 1.95915 3.122095e-01
9.240000e-01 3.967560e+00 2.129177e+00 2.500426e+00 9.916476e+00 6.389187e+03 1.643639e+04 1.96155 3.145643e-01
9.230000e-01 3.967560e+00 2.130851e+00 2.502390e+00 9.922729e+00 6.427367e+03 1.642371e+04 1.9626 3.161150e-01
9.220000e-01 3.967560e+00 2.131027e+00 2.502372e+00 9.924664e+00 6.470184e+03 1.641895e+04 1.96431 3.184454e-01
9.210000e-01 3.967560e+00 2.131438e+00 2.502626e+00 9.927143e+00 6.511810e+03 1.641330e+04 1.96666 3.207545e-01
9.200000e-01 3.967560e+00 2.133126e+00 2.504607e+00 9.933447e+00 6.548967e+03 1.640064e+04 1.96783 3.222658e-01
9.190000e-01 3.967560e+00 2.133291e+00 2.504573e+00 9.935383e+00 6.590788e+03 1.639600e+04 1.96946 3.245430e-01
9.180000e-01 3.967560e+00 2.133684e+00 2.504803e+00 9.937855e+00 6.631284e+03 1.639047e+04 1.97172 3.267907e-01
9.170000e-01 3.967560e+00 2.135395e+00 2.506807e+00 9.944208e+00 6.667163e+03 1.637785e+04 1.97307 3.282572e-01
9.160000e-01 3.967560e+00 2.135548e+00 2.506754e+00 9.946151e+00 6.708152e+03 1.637331e+04 1.97465 3.304924e-01
9.150000e-01 3.967560e+00 2.135951e+00 2.506993e+00 9.948660e+00 6.748054e+03 1.636782e+04 1.97693 3.327174e-01
9.140000e-01 3.967560e+00 2.137680e+00 2.509020e+00 9.955099e+00 6.783464e+03 1.635513e+04 1.97836 3.341640e-01
9.130000e-01 3.967560e+00 2.137843e+00 2.508981e+00 9.957073e+00 6.823941e+03 1.635063e+04 1.97995 3.363767e-01
9.120000e-01 3.967560e+00 2.138249e+00 2.509225e+00 9.959605e+00 6.863243e+03 1.634520e+04 1.98221 3.385716e-01
9.110000e-01 3.967560e+00 2.139990e+00 2.511268e+00 9.966097e+00 6.897975e+03 1.633248e+04 1.98371 3.399882e-01
9.100000e-01 3.967560e+00 2.140155e+00 2.511235e+00 9.968087e+00 6.937766e+03 1.632806e+04 1.98527 3.421660e-01
9.090000e-01 3.967560e+00 2.140557e+00 2.511477e+00 9.970627e+00 6.976311e+03 1.632271e+04 1.98749 3.443209e-01
9.080000e-01 3.967560e+00 2.142310e+00 2.513534e+00 9.977156e+00 7.010163e+03 1.631003e+04 1.98908 3.457034e-01
9.070000e-01 3.967560e+00 2.142471e+00 2.513498e+00 9.979156e+00 7.049246e+03 1.630569e+04 1.99061 3.478450e-01
9.060000e-01 3.967560e+00 2.142878e+00 2.513745e+00 9.981719e+00 7.087174e+03 1.630040e+04 1.99281 3.499715e-01
9.050000e-01 3.967560e+00 2.144645e+00 2.515820e+00 9.988308e+00 7.120426e+03 1.628769e+04 1.9945 3.513305e-01
9.040000e-01 3.967560e+00 2.144806e+00 2.515785e+00 9.990326e+00 7.158930e+03 1.628341e+04 1.996 3.534437e-01
9.030000e-01 3.967560e+00 2.145209e+00 2.516028e+00 9.992904e+00 7.196226e+03 1.627818e+04 1.99817 3.555380e-01
9.020000e-01 3.967560e+00 2.146993e+00 2.518123e+00 9.999552e+00 7.228727e+03 1.626546e+04 1.99995 3.568673e-01
9.010000e-01 3.967560e+00 2.147145e+00 2.518077e+00 1.000158e+01 7.266535e+03 1.626126e+04 2.00141 3.589444e-01
9.000000e-01 3.967560e+00 2.147535e+00 2.518303e+00 1.000416e+01 7.303034e+03 1.625611e+04 2.00352 3.609968e-01
8.990000e-01 3.967560e+00 2.149339e+00 2.520417e+00 1.001085e+01 7.334507e+03 1.624340e+04 2.00542 3.622872e-01
8.980000e-01 3.967560e+00 2.150113e+00 2.521172e+00 1.001463e+01 7.369361e+03 1.623609e+04 2.00721 3.640730e-01
8.970000e-01 3.967560e+00 2.150897e+00 2.521937e+00 1.001843e+01 7.404076e+03 1.622875e+04 2.00905 3.658557e-01
8.960000e-01 3.967560e+00 2.151687e+00 2.522708e+00 1.002226e+01 7.438693e+03 1.622139e+04 2.0109 3.676343e-01
8.950000e-01 3.967560e+00 2.152479e+00 2.523484e+00 1.002610e+01 7.473168e+03 1.621404e+04 2.01275 3.694064e-01
8.940000e-01 3.967560e+00 2.153273e+00 2.524263e+00 1.002996e+01 7.507478e+03 1.620669e+04 2.01461 3.711709e-01
8.930000e-01 3.967560e+00 2.154071e+00 2.525045e+00 1.003382e+01 7.541637e+03 1.619934e+04 2.01647 3.729285e-01
8.920000e-01 3.967560e+00 2.154869e+00 2.525831e+00 1.003769e+01 7.575595e+03 1.619200e+04 2.01834 3.746768e-01
8.910000e-01 3.967560e+00 2.155668e+00 2.526617e+00 1.004157e+01 7.609322e+03 1.618467e+04 2.02021 3.764142e-01
8.900000e-01 3.967560e+00 2.156467e+00 2.527403e+00 1.004546e+01 7.642819e+03 1.617736e+04 2.02208 3.781409e-01
8.890000e-01 3.967560e+00 2.157268e+00 2.528192e+00 1.004936e+01 7.676147e+03 1.617006e+04 2.02396 3.798601e-01
8.880000e-01 3.967560e+00 2.158070e+00 2.528983e+00 1.005326e+01 7.709336e+03 1.616276e+04 2.02584 3.815730e-01
8.870000e-01 3.967560e+00 2.158875e+00 2.529777e+00 1.005718e+01 7.742369e+03 1.615546e+04 2.02772 3.832789e-01
8.860000e-01 3.967560e+00 2.159681e+00 2.530573e+00 1.006112e+01 7.775222e+03 1.614817e+04 2.02961 3.849765e-01
8.850000e-01 3.967560e+00 2.160488e+00 2.531370e+00 1.006506e+01 7.807881e+03 1.614088e+04 2.03151 3.866653e-01
8.840000e-01 3.967560e+00 2.161296e+00 2.532168e+00 1.006901e+01 7.840360e+03 1.613360e+04 2.0334 3.883459e-01
8.830000e-01 3.967560e+00 2.162147e+00 2.533024e+00 1.007305e+01 7.872565e+03 1.612619e+04 2.03535 3.900077e-01
8.820000e-01 3.967560e+00 2.162912e+00 2.533763e+00 1.007693e+01 7.904590e+03 1.611907e+04 2.0372 3.916730e-01
8.810000e-01 3.967560e+00 2.163759e+00 2.534612e+00 1.008098e+01 7.936259e+03 1.611169e+04 2.03915 3.933102e-01
8.800000e-01 3.967560e+00 2.164566e+00 2.535406e+00 1.008497e+01 7.967837e+03 1.610444e+04 2.04106 3.949494e-01
8.790000e-01 3.967560e+00 2.165376e+00 2.536202e+00 1.008897e+01 7.999346e+03 1.609718e+04 2.04297 3.965864e-01
8.780000e-01 3.967560e+00 2.166189e+00 2.537004e+00 1.009299e+01 8.030787e+03 1.608991e+04 2.0449 3.982207e-01
8.770000e-01 3.967560e+00 2.167005e+00 2.537809e+00 1.009703e+01 8.062119e+03 1.608262e+04 2.04682 3.998501e-01
8.760000e-01 3.967560e+00 2.167824e+00 2.538617e+00 1.010108e+01 8.093330e+03 1.607533e+04 2.04876 4.014742e-01
8.750000e-01 3.967560e+00 2.168645e+00 2.539430e+00 1.010515e+01 8.124421e+03 1.606804e+04 2.0507 4.030929e-01
8.740000e-01 3.967560e+00 2.169468e+00 2.540244e+00 1.010923e+01 8.155354e+03 1.606075e+04 2.05265 4.047043e-01
8.730000e-01 3.967560e+00 2.170291e+00 2.541060e+00 1.011331e+01 8.186099e+03 1.605346e+04 2.05459 4.063070e-01
8.720000e-01 3.967560e+00 2.171115e+00 2.541876e+00 1.011740e+01 8.216652e+03 1.604618e+04 2.05654 4.079008e-01
8.710000e-01 3.967560e+00 2.171940e+00 2.542695e+00 1.012151e+01 8.247068e+03 1.603891e+04 2.0585 4.094885e-01
8.700000e-01 3.967560e+00 2.172766e+00 2.543515e+00 1.012562e+01 8.277364e+03 1.603162e+04 2.06046 4.110708e-01
8.690000e-01 3.967560e+00 2.173595e+00 2.544339e+00 1.012975e+01 8.307529e+03 1.602434e+04 2.06242 4.126473e-01
8.680000e-01 3.967560e+00 2.174425e+00 2.545164e+00 1.013389e+01 8.337542e+03 1.601705e+04 2.06439 4.142170e-01
8.670000e-01 3.967560e+00 2.175256e+00 2.545990e+00 1.013804e+01 8.367390e+03 1.600977e+04 2.06636 4.157790e-01
8.660000e-01 3.967560e+00 2.176087e+00 2.546817e+00 1.014220e+01 8.397078e+03 1.600248e+04 2.06833 4.173339e-01
8.650000e-01 3.967560e+00 2.176919e+00 2.547643e+00 1.014637e+01 8.426563e+03 1.599520e+04 2.07031 4.188794e-01
8.640000e-01 3.967560e+00 2.177749e+00 2.548467e+00 1.015054e+01 8.455808e+03 1.598793e+04 2.07229 4.204137e-01
8.630000e-01 3.967560e+00 2.178577e+00 2.549288e+00 1.015472e+01 8.484839e+03 1.598067e+04 2.07426 4.219383e-01
8.620000e-01 3.967560e+00 2.179407e+00 2.550110e+00 1.015891e+01 8.513776e+03 1.597340e+04 2.07625 4.234592e-01
8.610000e-01 3.967560e+00 2.180240e+00 2.550936e+00 1.016313e+01 8.542655e+03 1.596611e+04 2.07824 4.249782e-01
8.600000e-01 3.967560e+00 2.181077e+00 2.551766e+00 1.016736e+01 8.571469e+03 1.595879e+04 2.08024 4.264945e-01
8.590000e-01 3.967560e+00 2.181917e+00 2.552600e+00 1.017162e+01 8.600189e+03 1.595147e+04 2.08224 4.280068e-01
8.580000e-01 3.967560e+00 2.182759e+00 2.553438e+00 1.017589e+01 8.628813e+03 1.594413e+04 2.08426 4.295149e-01
8.570000e-01 3.967560e+00 2.183603e+00 2.554279e+00 1.018017e+01 8.657331e+03 1.593679e+04 2.08628 4.310182e-01
8.560000e-01 3.967560e+00 2.184448e+00 2.555122e+00 1.018446e+01 8.685706e+03 1.592944e+04 2.0883 4.325150e-01
8.550000e-01 3.967560e+00 2.185294e+00 2.555965e+00 1.018876e+01 8.713915e+03 1.592210e+04 2.09032 4.340041e-01
8.540000e-01 3.967560e+00 2.186140e+00 2.556810e+00 1.019307e+01 8.741976e+03 1.591475e+04 2.09235 4.354865e-01
8.530000e-01 3.967560e+00 2.186988e+00 2.557656e+00 1.019740e+01 8.769931e+03 1.590740e+04 2.09438 4.369642e-01
8.520000e-01 3.967560e+00 2.187838e+00 2.558505e+00 1.020174e+01 8.797779e+03 1.590004e+04 2.09642 4.384373e-01
8.510000e-01 3.967560e+00 2.188689e+00 2.559357e+00 1.020609e+01 8.825510e+03 1.589266e+04 2.09846 4.399052e-01
8.500000e-01 3.967560e+00 2.189542e+00 2.560210e+00 1.021045e+01 8.853097e+03 1.588529e+04 2.1005 4.413664e-01
8.490000e-01 3.967560e+00 2.190395e+00 2.561064e+00 1.021482e+01 8.880542e+03 1.587791e+04 2.10255 4.428213e-01
8.480000e-01 3.967560e+00 2.191248e+00 2.561917e+00 1.021921e+01 8.907829e+03 1.587053e+04 2.1046 4.442690e-01
8.470000e-01 3.967560e+00 2.192101e+00 2.562770e+00 1.022360e+01 8.934915e+03 1.586315e+04 2.10665 4.457074e-01
8.460000e-01 3.967560e+00 2.192951e+00 2.563618e+00 1.022799e+01 8.961789e+03 1.585578e+04 2.1087 4.471360e-01
8.450000e-01 3.967560e+00 2.193802e+00 2.564467e+00 1.023240e+01 8.988529e+03 1.584841e+04 2.11076 4.485589e-01
8.440000e-01 3.967560e+00 2.194655e+00 2.565318e+00 1.023682e+01 9.015214e+03 1.584101e+04 2.11282 4.499799e-01
8.430000e-01 3.967560e+00 2.195511e+00 2.566172e+00 1.024127e+01 9.041840e+03 1.583358e+04 2.11489 4.513988e-01
8.420000e-01 3.967560e+00 2.196370e+00 2.567031e+00 1.024574e+01 9.068398e+03 1.582614e+04 2.11697 4.528148e-01
8.410000e-01 3.967560e+00 2.197232e+00 2.567893e+00 1.025022e+01 9.094867e+03 1.581869e+04 2.11905 4.542270e-01
8.400000e-01 3.967560e+00 2.198096e+00 2.568759e+00 1.025472e+01 9.121258e+03 1.581121e+04 2.12114 4.556358e-01
8.390000e-01 3.967560e+00 2.198961e+00 2.569627e+00 1.025924e+01 9.147528e+03 1.580373e+04 2.12323 4.570393e-01
8.380000e-01 3.967560e+00 2.199828e+00 2.570496e+00 1.026376e+01 9.173664e+03 1.579625e+04 2.12533 4.584364e-01
8.370000e-01 3.967560e+00 2.200737e+00 2.571425e+00 1.026838e+01 9.199609e+03 1.578862e+04 2.12748 4.598173e-01
8.360000e-01 3.967560e+00 2.201606e+00 2.572298e+00 1.027293e+01 9.225502e+03 1.578111e+04 2.12958 4.612034e-01
8.350000e-01 3.967560e+00 2.202475e+00 2.573172e+00 1.027750e+01 9.251303e+03 1.577360e+04 2.13169 4.625857e-01
8.340000e-01 3.967560e+00 2.203347e+00 2.574049e+00 1.028208e+01 9.277003e+03 1.576607e+04 2.1338 4.639636e-01
8.330000e-01 3.967560e+00 2.204219e+00 2.574927e+00 1.028667e+01 9.302583e+03 1.575853e+04 2.13592 4.653360e-01
8.320000e-01 3.967560e+00 2.205092e+00 2.575805e+00 1.029127e+01 9.328019e+03 1.575098e+04 2.13804 4.667020e-01
8.310000e-01 3.967560e+00 2.205966e+00 2.576686e+00 1.029588e+01 9.353336e+03 1.574343e+04 2.14017 4.680625e-01
8.300000e-01 3.967560e+00 2.206837e+00 2.577562e+00 1.030051e+01 9.378457e+03 1.573588e+04 2.14229 4.694140e-01
8.290000e-01 3.967560e+00 2.207708e+00 2.578438e+00 1.030513e+01 9.403399e+03 1.572833e+04 2.14441 4.707573e-01
8.280000e-01 3.967560e+00 2.208578e+00 2.579311e+00 1.030977e+01 9.428196e+03 1.572078e+04 2.14654 4.720942e-01
8.270000e-01 3.967560e+00 2.209450e+00 2.580186e+00 1.031443e+01 9.452937e+03 1.571319e+04 2.14867 4.734293e-01
8.260000e-01 3.967560e+00 2.210326e+00 2.581066e+00 1.031911e+01 9.477630e+03 1.570559e+04 2.15081 4.747626e-01
8.250000e-01 3.967560e+00 2.211203e+00 2.581948e+00 1.032381e+01 9.502248e+03 1.569796e+04 2.15296 4.760929e-01
8.240000e-01 3.967560e+00 2.212084e+00 2.582835e+00 1.032853e+01 9.526802e+03 1.569031e+04 2.15511 4.774205e-01
8.230000e-01 3.967560e+00 2.212966e+00 2.583725e+00 1.033326e+01 9.551273e+03 1.568264e+04 2.15727 4.787446e-01
8.220000e-01 3.967560e+00 2.213850e+00 2.584616e+00 1.033802e+01 9.575645e+03 1.567495e+04 2.15944 4.800642e-01
8.210000e-01 3.967560e+00 2.214734e+00 2.585510e+00 1.034278e+01 9.599890e+03 1.566726e+04 2.1616 4.813779e-01
8.200000e-01 3.967560e+00 2.215619e+00 2.586403e+00 1.034755e+01 9.624011e+03 1.565956e+04 2.16377 4.826861e-01
8.190000e-01 3.967560e+00 2.216505e+00 2.587298e+00 1.035234e+01 9.648040e+03 1.565184e+04 2.16595 4.839903e-01
8.180000e-01 3.967560e+00 2.217392e+00 2.588196e+00 1.035715e+01 9.671990e+03 1.564411e+04 2.16812 4.852911e-01
8.170000e-01 3.967560e+00 2.218281e+00 2.589095e+00 1.036198e+01 9.695846e+03 1.563635e+04 2.17031 4.865878e-01
8.160000e-01 3.967560e+00 2.219171e+00 2.589996e+00 1.036681e+01 9.719586e+03 1.562858e+04 2.1725 4.878792e-01
8.150000e-01 3.967560e+00 2.220061e+00 2.590898e+00 1.037166e+01 9.743203e+03 1.562081e+04 2.17469 4.891651e-01
8.140000e-01 3.967560e+00 2.220952e+00 2.591800e+00 1.037652e+01 9.766692e+03 1.561302e+04 2.17688 4.904452e-01
8.130000e-01 3.967560e+00 2.221841e+00 2.592699e+00 1.038139e+01 9.790008e+03 1.560523e+04 2.17907 4.917172e-01
8.120000e-01 3.967560e+00 2.222728e+00 2.593595e+00 1.038626e+01 9.813152e+03 1.559744e+04 2.18126 4.929813e-01
8.110000e-01 3.967560e+00 2.223615e+00 2.594491e+00 1.039115e+01 9.836185e+03 1.558963e+04 2.18345 4.942408e-01
8.100000e-01 3.967560e+00 2.224504e+00 2.595389e+00 1.039606e+01 9.859172e+03 1.558180e+04 2.18565 4.954988e-01
8.090000e-01 3.967560e+00 2.225396e+00 2.596291e+00 1.040099e+01 9.882095e+03 1.557394e+04 2.18786 4.967543e-01
8.080000e-01 3.967560e+00 2.226290e+00 2.597196e+00 1.040594e+01 9.904962e+03 1.556604e+04 2.19008 4.980074e-01
8.070000e-01 3.967560e+00 2.227186e+00 2.598104e+00 1.041091e+01 9.927756e+03 1.555813e+04 2.1923 4.992576e-01
8.060000e-01 3.967560e+00 2.228084e+00 2.599014e+00 1.041591e+01 9.950476e+03 1.555019e+04 2.19452 5.005045e-01
8.050000e-01 3.967560e+00 2.228983e+00 2.599927e+00 1.042091e+01 9.973095e+03 1.554224e+04 2.19675 5.017468e-01
8.040000e-01 3.967560e+00 2.229883e+00 2.600840e+00 1.042593e+01 9.995594e+03 1.553427e+04 2.19898 5.029836e-01
8.030000e-01 3.967560e+00 2.230782e+00 2.601754e+00 1.043097e+01 1.001799e+04 1.552629e+04 2.20122 5.042158e-01
8.020000e-01 3.967560e+00 2.231683e+00 2.602668e+00 1.043602e+01 1.004030e+04 1.551828e+04 2.20346 5.054446e-01
8.010000e-01 3.967560e+00 2.232586e+00 2.603587e+00 1.044109e+01 1.006255e+04 1.551026e+04 2.2057 5.066703e-01
8.000000e-01 3.967560e+00 2.233490e+00 2.604507e+00 1.044617e+01 1.008469e+04 1.550221e+04 2.20795 5.078917e-01
7.990000e-01 3.967560e+00 2.234394e+00 2.605427e+00 1.045127e+01 1.010672e+04 1.549415e+04 2.2102 5.091077e-01
7.980000e-01 3.967560e+00 2.235298e+00 2.606347e+00 1.045638e+01 1.012864e+04 1.548607e+04 2.21245 5.103185e-01
7.970000e-01 3.967560e+00 2.236201e+00 2.607267e+00 1.046150e+01 1.015042e+04 1.547798e+04 2.21471 5.115230e-01
7.960000e-01 3.967560e+00 2.237103e+00 2.608183e+00 1.046663e+01 1.017202e+04 1.546989e+04 2.21696 5.127196e-01
7.950000e-01 3.967560e+00 2.238003e+00 2.609097e+00 1.047177e+01 1.019349e+04 1.546179e+04 2.21921 5.139100e-01
7.940000e-01 3.967560e+00 2.238946e+00 2.610071e+00 1.047702e+01 1.021485e+04 1.545353e+04 2.22151 5.150870e-01
7.930000e-01 3.967560e+00 2.239851e+00 2.610991e+00 1.048220e+01 1.023620e+04 1.544536e+04 2.22378 5.162728e-01
7.920000e-01 3.967560e+00 2.240756e+00 2.611912e+00 1.048741e+01 1.025749e+04 1.543717e+04 2.22605 5.174562e-01
7.910000e-01 3.967560e+00 2.241664e+00 2.612836e+00 1.049264e+01 1.027871e+04 1.542895e+04 2.22833 5.186371e-01
7.900000e-01 3.967560e+00 2.242573e+00 2.613762e+00 1.049789e+01 1.029987e+04 1.542070e+04 2.23061 5.198149e-01
7.890000e-01 3.967560e+00 2.243484e+00 2.614691e+00 1.050315e+01 1.032094e+04 1.541242e+04 2.23289 5.209890e-01
7.880000e-01 3.967560e+00 2.244395e+00 2.615621e+00 1.050844e+01 1.034191e+04 1.540413e+04 2.23518 5.221581e-01
7.870000e-01 3.967560e+00 2.245305e+00 2.616550e+00 1.051373e+01 1.036276e+04 1.539582e+04 2.23747 5.233224e-01
7.860000e-01 3.967560e+00 2.246217e+00 2.617481e+00 1.051905e+01 1.038354e+04 1.538749e+04 2.23976 5.244833e-01
7.850000e-01 3.967560e+00 2.247130e+00 2.618415e+00 1.052438e+01 1.040425e+04 1.537913e+04 2.24206 5.256413e-01
7.840000e-01 3.967560e+00 2.248044e+00 2.619349e+00 1.052973e+01 1.042487e+04 1.537074e+04 2.24437 5.267953e-01
7.830000e-01 3.967560e+00 2.248959e+00 2.620285e+00 1.053510e+01 1.044539e+04 1.536234e+04 2.24667 5.279446e-01
7.820000e-01 3.967560e+00 2.249873e+00 2.621221e+00 1.054048e+01 1.046580e+04 1.535391e+04 2.24898 5.290888e-01
7.810000e-01 3.967560e+00 2.250787e+00 2.622156e+00 1.054588e+01 1.048608e+04 1.534548e+04 2.25128 5.302275e-01
7.800000e-01 3.967560e+00 2.251698e+00 2.623087e+00 1.055128e+01 1.050621e+04 1.533703e+04 2.25359 5.313586e-01
7.790000e-01 3.967560e+00 2.252608e+00 2.624016e+00 1.055669e+01 1.052619e+04 1.532858e+04 2.2559 5.324834e-01
7.780000e-01 3.967560e+00 2.253518e+00 2.624946e+00 1.056212e+01 1.054610e+04 1.532009e+04 2.2582 5.336053e-01
7.770000e-01 3.967560e+00 2.254430e+00 2.625877e+00 1.056758e+01 1.056595e+04 1.531158e+04 2.26052 5.347251e-01
7.760000e-01 3.967560e+00 2.255344e+00 2.626812e+00 1.057306e+01 1.058574e+04 1.530302e+04 2.26284 5.358424e-01
7.750000e-01 3.967560e+00 2.256259e+00 2.627749e+00 1.057857e+01 1.060548e+04 1.529444e+04 2.26517 5.369573e-01
7.740000e-01 3.967560e+00 2.257177e+00 2.628689e+00 1.058409e+01 1.062514e+04 1.528582e+04 2.2675 5.380693e-01
7.730000e-01 3.967560e+00 2.258095e+00 2.629630e+00 1.058964e+01 1.064472e+04 1.527717e+04 2.26984 5.391777e-01
7.720000e-01 3.967560e+00 2.259013e+00 2.630572e+00 1.059521e+01 1.066420e+04 1.526851e+04 2.27217 5.402812e-01
7.710000e-01 3.967560e+00 2.259931e+00 2.631514e+00 1.060079e+01 1.068358e+04 1.525982e+04 2.27451 5.413802e-01
7.700000e-01 3.967560e+00 2.260850e+00 2.632458e+00 1.060639e+01 1.070288e+04 1.525111e+04 2.27686 5.424760e-01
7.690000e-01 3.967560e+00 2.261770e+00 2.633404e+00 1.061201e+01 1.072212e+04 1.524236e+04 2.27921 5.435690e-01
7.680000e-01 3.967560e+00 2.262690e+00 2.634351e+00 1.061765e+01 1.074127e+04 1.523359e+04 2.28156 5.446580e-01
7.670000e-01 3.967560e+00 2.263611e+00 2.635298e+00 1.062331e+01 1.076031e+04 1.522479e+04 2.28391 5.457425e-01
7.660000e-01 3.967560e+00 2.264531e+00 2.636246e+00 1.062899e+01 1.077925e+04 1.521597e+04 2.28627 5.468219e-01
7.650000e-01 3.967560e+00 2.265451e+00 2.637192e+00 1.063468e+01 1.079807e+04 1.520714e+04 2.28862 5.478959e-01
7.640000e-01 3.967560e+00 2.266368e+00 2.638135e+00 1.064038e+01 1.081674e+04 1.519830e+04 2.29097 5.489627e-01
7.630000e-01 3.967560e+00 2.266317e+00 2.637920e+00 1.064303e+01 1.084000e+04 1.519526e+04 2.2922 5.504621e-01
7.620000e-01 3.967560e+00 2.268208e+00 2.640028e+00 1.065183e+01 1.085371e+04 1.518054e+04 2.2957 5.510811e-01
7.610000e-01 3.967560e+00 2.268144e+00 2.639799e+00 1.065449e+01 1.087690e+04 1.517750e+04 2.29691 5.525803e-01
7.600000e-01 3.967560e+00 2.270042e+00 2.641915e+00 1.066337e+01 1.089046e+04 1.516265e+04 2.30043 5.531908e-01
7.590000e-01 3.967560e+00 2.269973e+00 2.641682e+00 1.066605e+01 1.091357e+04 1.515959e+04 2.30164 5.546891e-01
7.580000e-01 3.967560e+00 2.271882e+00 2.643810e+00 1.067501e+01 1.092696e+04 1.514461e+04 2.30518 5.552897e-01
7.570000e-01 3.967560e+00 2.271804e+00 2.643570e+00 1.067771e+01 1.094996e+04 1.514154e+04 2.30637 5.567845e-01
7.560000e-01 3.967560e+00 2.273724e+00 2.645711e+00 1.068674e+01 1.096312e+04 1.512645e+04 2.30994 5.573734e-01
7.550000e-01 3.967560e+00 2.273627e+00 2.645450e+00 1.068944e+01 1.098597e+04 1.512339e+04 2.3111 5.588625e-01
7.540000e-01 3.967560e+00 2.275605e+00 2.647670e+00 1.069863e+01 1.099888e+04 1.510804e+04 2.31474 5.594285e-01
7.530000e-01 3.967560e+00 2.275479e+00 2.647371e+00 1.070130e+01 1.102166e+04 1.510504e+04 2.31587 5.609222e-01
7.520000e-01 3.967560e+00 2.277449e+00 2.649578e+00 1.071053e+01 1.103438e+04 1.508962e+04 2.31952 5.614823e-01
7.510000e-01 3.967560e+00 2.277307e+00 2.649262e+00 1.071320e+01 1.105702e+04 1.508663e+04 2.32062 5.629706e-01
7.500000e-01 3.967560e+00 2.279292e+00 2.651485e+00 1.072250e+01 1.106948e+04 1.507111e+04 2.3243 5.635179e-01
7.490000e-01 3.967560e+00 2.279127e+00 2.651143e+00 1.072516e+01 1.109194e+04 1.506813e+04 2.32536 5.649984e-01
7.480000e-01 3.967560e+00 2.281126e+00 2.653382e+00 1.073452e+01 1.110408e+04 1.505252e+04 2.32908 5.655295e-01
7.470000e-01 3.967560e+00 2.280935e+00 2.653008e+00 1.073716e+01 1.112633e+04 1.504956e+04 2.33008 5.670017e-01
7.460000e-01 3.967560e+00 2.282956e+00 2.655273e+00 1.074660e+01 1.113825e+04 1.503384e+04 2.33386 5.675227e-01
7.450000e-01 3.967560e+00 2.282756e+00 2.654891e+00 1.074927e+01 1.116042e+04 1.503085e+04 2.33485 5.689952e-01
7.440000e-01 3.967560e+00 2.284788e+00 2.657168e+00 1.075880e+01 1.117218e+04 1.501497e+04 2.33865 5.695056e-01
7.430000e-01 3.967560e+00 2.284581e+00 2.656781e+00 1.076149e+01 1.119427e+04 1.501197e+04 2.33964 5.709774e-01
7.420000e-01 3.967560e+00 2.286624e+00 2.659072e+00 1.077111e+01 1.120584e+04 1.499595e+04 2.34346 5.714771e-01
7.410000e-01 3.967560e+00 2.286401e+00 2.658667e+00 1.077380e+01 1.122781e+04 1.499295e+04 2.34442 5.729454e-01
7.400000e-01 3.967560e+00 2.288458e+00 2.660974e+00 1.078350e+01 1.123915e+04 1.497680e+04 2.34826 5.734314e-01
7.390000e-01 3.967560e+00 2.288218e+00 2.660551e+00 1.078620e+01 1.126099e+04 1.497379e+04 2.3492 5.748958e-01
7.380000e-01 3.967560e+00 2.290292e+00 2.662879e+00 1.079598e+01 1.127213e+04 1.495750e+04 2.35308 5.753715e-01
7.370000e-01 3.967560e+00 2.290036e+00 2.662440e+00 1.079869e+01 1.129388e+04 1.495448e+04 2.35399 5.768341e-01
7.360000e-01 3.967560e+00 2.292123e+00 2.664783e+00 1.080856e+01 1.130479e+04 1.493805e+04 2.3579 5.772960e-01
7.350000e-01 3.967560e+00 2.291850e+00 2.664324e+00 1.081126e+01 1.132639e+04 1.493503e+04 2.35878 5.787534e-01
7.340000e-01 3.967560e+00 2.293951e+00 2.666684e+00 1.082121e+01 1.133703e+04 1.491849e+04 2.36271 5.792010e-01
7.330000e-01 3.967560e+00 2.293648e+00 2.666190e+00 1.082389e+01 1.135844e+04 1.491548e+04 2.36354 5.806501e-01
7.320000e-01 3.967560e+00 2.295767e+00 2.668569e+00 1.083390e+01 1.136876e+04 1.489884e+04 2.36751 5.810809e-01
7.310000e-01 3.967560e+00 2.295442e+00 2.668049e+00 1.083659e+01 1.139002e+04 1.489584e+04 2.3683 5.825263e-01
7.300000e-01 3.967560e+00 2.297580e+00 2.670451e+00 1.084669e+01 1.140017e+04 1.487903e+04 2.37231 5.829471e-01
7.290000e-01 3.967560e+00 2.297244e+00 2.669921e+00 1.084940e+01 1.142135e+04 1.487601e+04 2.37309 5.843928e-01
7.280000e-01 3.967560e+00 2.299432e+00 2.672391e+00 1.085970e+01 1.143127e+04 1.485890e+04 2.37716 5.847895e-01
7.270000e-01 3.967560e+00 2.299061e+00 2.671817e+00 1.086236e+01 1.145239e+04 1.485593e+04 2.3779 5.862408e-01
7.260000e-01 3.967560e+00 2.301246e+00 2.674280e+00 1.087272e+01 1.146212e+04 1.483872e+04 2.38198 5.866296e-01
7.250000e-01 3.967560e+00 2.300856e+00 2.673685e+00 1.087538e+01 1.148311e+04 1.483575e+04 2.38268 5.880770e-01
7.240000e-01 3.967560e+00 2.303056e+00 2.676166e+00 1.088582e+01 1.149261e+04 1.481840e+04 2.38679 5.884525e-01
7.230000e-01 3.967560e+00 2.302647e+00 2.675550e+00 1.088850e+01 1.151350e+04 1.481542e+04 2.38747 5.898989e-01
7.220000e-01 3.967560e+00 2.304863e+00 2.678051e+00 1.089904e+01 1.152279e+04 1.479790e+04 2.39161 5.902615e-01
7.210000e-01 3.967560e+00 2.304435e+00 2.677415e+00 1.090172e+01 1.154356e+04 1.479491e+04 2.39225 5.917050e-01
7.200000e-01 3.967560e+00 2.306666e+00 2.679934e+00 1.091235e+01 1.155261e+04 1.477725e+04 2.39642 5.920527e-01
7.190000e-01 3.967560e+00 2.306211e+00 2.679267e+00 1.091502e+01 1.157322e+04 1.477427e+04 2.39701 5.934909e-01
7.180000e-01 3.967560e+00 2.308459e+00 2.681804e+00 1.092572e+01 1.158197e+04 1.475649e+04 2.40121 5.938213e-01
7.170000e-01 3.967560e+00 2.307970e+00 2.681097e+00 1.092837e+01 1.160238e+04 1.475352e+04 2.40174 5.952517e-01
7.160000e-01 3.967560e+00 2.310240e+00 2.683662e+00 1.093916e+01 1.161087e+04 1.473561e+04 2.40599 5.955684e-01
7.150000e-01 3.967560e+00 2.309736e+00 2.682938e+00 1.094183e+01 1.163119e+04 1.473262e+04 2.40651 5.969996e-01
7.140000e-01 3.967560e+00 2.309691e+00 2.682636e+00 1.094534e+01 1.164943e+04 1.472802e+04 2.40837 5.984222e-01
7.130000e-01 3.967560e+00 2.312932e+00 2.686480e+00 1.095962e+01 1.165369e+04 1.470383e+04 2.41319 5.981595e-01
7.120000e-01 3.967560e+00 2.312389e+00 2.685712e+00 1.096227e+01 1.167390e+04 1.470086e+04 2.41366 5.995948e-01
7.110000e-01 3.967560e+00 2.312313e+00 2.685374e+00 1.096579e+01 1.169198e+04 1.469624e+04 2.41548 6.010160e-01
7.100000e-01 3.967560e+00 2.315594e+00 2.689265e+00 1.098028e+01 1.169582e+04 1.467170e+04 2.42037 6.007239e-01
7.090000e-01 3.967560e+00 2.315015e+00 2.688457e+00 1.098293e+01 1.171585e+04 1.466872e+04 2.42078 6.021554e-01
7.080000e-01 3.967560e+00 2.314917e+00 2.688095e+00 1.098647e+01 1.173374e+04 1.466407e+04 2.42257 6.035731e-01
7.070000e-01 3.967560e+00 2.318245e+00 2.692044e+00 1.100119e+01 1.173719e+04 1.463918e+04 2.42754 6.032525e-01
7.060000e-01 3.967560e+00 2.317634e+00 2.691203e+00 1.100385e+01 1.175707e+04 1.463619e+04 2.4279 6.046820e-01
7.050000e-01 3.967560e+00 2.317504e+00 2.690803e+00 1.100740e+01 1.177475e+04 1.463151e+04 2.42964 6.060938e-01
7.040000e-01 3.967560e+00 2.320880e+00 2.694811e+00 1.102233e+01 1.177771e+04 1.460631e+04 2.43469 6.057401e-01
7.030000e-01 3.967560e+00 2.320222e+00 2.693913e+00 1.102496e+01 1.179732e+04 1.460333e+04 2.43496 6.071608e-01
7.020000e-01 3.967560e+00 2.320055e+00 2.693470e+00 1.102851e+01 1.181471e+04 1.459864e+04 2.43664 6.085619e-01
7.010000e-01 3.967560e+00 2.323487e+00 2.697545e+00 1.104364e+01 1.181718e+04 1.457316e+04 2.4418 6.081778e-01
7.000000e-01 3.967560e+00 2.322794e+00 2.696609e+00 1.104628e+01 1.183663e+04 1.457016e+04 2.44202 6.095977e-01
6.990000e-01 3.967560e+00 2.322609e+00 2.696146e+00 1.104986e+01 1.185387e+04 1.456543e+04 2.44368 6.109989e-01
6.980000e-01 3.967560e+00 2.326082e+00 2.700272e+00 1.106525e+01 1.185598e+04 1.453953e+04 2.4489 6.105845e-01
6.970000e-01 3.967560e+00 2.325358e+00 2.699304e+00 1.106790e+01 1.187529e+04 1.453650e+04 2.44908 6.120050e-01
6.960000e-01 3.967560e+00 2.325141e+00 2.698804e+00 1.107150e+01 1.189237e+04 1.453174e+04 2.4507 6.134034e-01
6.950000e-01 3.967560e+00 2.328697e+00 2.703039e+00 1.108722e+01 1.189397e+04 1.450531e+04 2.45602 6.129421e-01
6.940000e-01 3.967560e+00 2.327916e+00 2.702001e+00 1.108983e+01 1.191314e+04 1.450234e+04 2.45611 6.143662e-01
6.930000e-01 3.967560e+00 2.327665e+00 2.701461e+00 1.109343e+01 1.193005e+04 1.449755e+04 2.45768 6.157644e-01
6.920000e-01 3.967560e+00 2.331261e+00 2.705744e+00 1.110938e+01 1.193126e+04 1.447075e+04 2.46307 6.152736e-01
6.910000e-01 3.967560e+00 2.330437e+00 2.704659e+00 1.111199e+01 1.195026e+04 1.446776e+04 2.46309 6.166955e-01
6.900000e-01 3.967560e+00 2.330149e+00 2.704074e+00 1.111559e+01 1.196696e+04 1.446295e+04 2.4646 6.180876e-01
6.890000e-01 3.967560e+00 2.333797e+00 2.708420e+00 1.113177e+01 1.196765e+04 1.443579e+04 2.47006 6.175587e-01
6.880000e-01 3.967560e+00 2.332916e+00 2.707266e+00 1.113435e+01 1.198639e+04 1.443281e+04 2.46998 6.189724e-01
6.870000e-01 3.967560e+00 2.332591e+00 2.706636e+00 1.113794e+01 1.200281e+04 1.442798e+04 2.47142 6.203550e-01
6.860000e-01 3.967560e+00 2.336297e+00 2.711053e+00 1.115436e+01 1.200305e+04 1.440047e+04 2.47699 6.197932e-01
6.850000e-01 3.967560e+00 2.335377e+00 2.709856e+00 1.115694e+01 1.202164e+04 1.439746e+04 2.47685 6.212083e-01
6.840000e-01 3.967560e+00 2.335022e+00 2.709192e+00 1.116056e+01 1.203793e+04 1.439257e+04 2.47826 6.225918e-01
6.830000e-01 3.967560e+00 2.338776e+00 2.713667e+00 1.117727e+01 1.203776e+04 1.436456e+04 2.48387 6.219926e-01
6.820000e-01 3.967560e+00 2.337815e+00 2.712425e+00 1.117985e+01 1.205622e+04 1.436153e+04 2.48367 6.234079e-01
6.810000e-01 3.967560e+00 2.337418e+00 2.711713e+00 1.118348e+01 1.207233e+04 1.435660e+04 2.485 6.247880e-01
6.800000e-01 3.967560e+00 2.341261e+00 2.716304e+00 1.120055e+01 1.207164e+04 1.432801e+04 2.49073 6.241374e-01
6.790000e-01 3.967560e+00 2.340238e+00 2.714988e+00 1.120309e+01 1.208997e+04 1.432501e+04 2.49043 6.255579e-01
6.780000e-01 3.967560e+00 2.339800e+00 2.714226e+00 1.120672e+01 1.210592e+04 1.432005e+04 2.49171 6.269387e-01
6.770000e-01 3.967560e+00 2.343687e+00 2.718871e+00 1.122405e+01 1.210479e+04 1.429105e+04 2.49749 6.262524e-01
6.760000e-01 3.967560e+00 2.342615e+00 2.717500e+00 1.122658e+01 1.212293e+04 1.428804e+04 2.49711 6.276702e-01
6.750000e-01 3.967560e+00 2.342132e+00 2.716685e+00 1.123021e+01 1.213865e+04 1.428306e+04 2.49831 6.290443e-01
6.740000e-01 3.967560e+00 2.346076e+00 2.721399e+00 1.124779e+01 1.213696e+04 1.425370e+04 2.50418 6.283167e-01
6.730000e-01 3.967560e+00 2.344944e+00 2.719955e+00 1.125028e+01 1.215485e+04 1.425069e+04 2.50369 6.297280e-01
6.720000e-01 3.967560e+00 2.344430e+00 2.719104e+00 1.125392e+01 1.217032e+04 1.424567e+04 2.50484 6.310963e-01
6.710000e-01 3.967560e+00 2.348428e+00 2.723886e+00 1.127178e+01 1.216819e+04 1.421590e+04 2.5108 6.303339e-01
6.700000e-01 3.967560e+00 2.347253e+00 2.722396e+00 1.127429e+01 1.218597e+04 1.421287e+04 2.51025 6.317491e-01
6.690000e-01 3.967560e+00 2.350003e+00 2.725562e+00 1.128804e+01 1.218858e+04 1.419025e+04 2.5152 6.316487e-01
6.680000e-01 3.967560e+00 2.348786e+00 2.724023e+00 1.129053e+01 1.220627e+04 1.418723e+04 2.51459 6.330677e-01
6.670000e-01 3.967560e+00 2.351541e+00 2.727194e+00 1.130439e+01 1.220864e+04 1.416444e+04 2.51954 6.329514e-01
6.660000e-01 3.967560e+00 2.350284e+00 2.725609e+00 1.130686e+01 1.222622e+04 1.416141e+04 2.51886 6.343700e-01
6.650000e-01 3.967560e+00 2.353061e+00 2.728807e+00 1.132088e+01 1.222834e+04 1.413837e+04 2.52383 6.342334e-01
6.640000e-01 3.967560e+00 2.351771e+00 2.727185e+00 1.132334e+01 1.224583e+04 1.413532e+04 2.5231 6.356532e-01
6.630000e-01 3.967560e+00 2.354565e+00 2.730404e+00 1.133751e+01 1.224768e+04 1.411203e+04 2.52809 6.354948e-01
6.620000e-01 3.967560e+00 2.353234e+00 2.728735e+00 1.133995e+01 1.226504e+04 1.410897e+04 2.52728 6.369127e-01
6.610000e-01 3.967560e+00 2.356046e+00 2.731977e+00 1.135425e+01 1.226658e+04 1.408548e+04 2.53229 6.367316e-01
6.600000e-01 3.967560e+00 2.354667e+00 2.730249e+00 1.135666e+01 1.228377e+04 1.408243e+04 2.53139 6.381450e-01
6.590000e-01 3.967560e+00 2.357503e+00 2.733521e+00 1.137108e+01 1.228500e+04 1.405876e+04 2.53643 6.379415e-01
6.580000e-01 3.967560e+00 2.356085e+00 2.731749e+00 1.137348e+01 1.230208e+04 1.405569e+04 2.53547 6.393556e-01
6.570000e-01 3.967560e+00 2.358940e+00 2.735043e+00 1.138807e+01 1.230306e+04 1.403174e+04 2.54053 6.391319e-01
6.560000e-01 3.967560e+00 2.357489e+00 2.733236e+00 1.139048e+01 1.232007e+04 1.402864e+04 2.53952 6.405486e-01
6.550000e-01 3.967560e+00 2.360393e+00 2.736598e+00 1.140533e+01 1.232074e+04 1.400428e+04 2.54462 6.402912e-01
6.540000e-01 3.967560e+00 2.358890e+00 2.734727e+00 1.140770e+01 1.233767e+04 1.400122e+04 2.54353 6.417142e-01
6.530000e-01 3.967560e+00 2.361796e+00 2.738091e+00 1.142266e+01 1.233808e+04 1.397668e+04 2.54863 6.414403e-01
6.520000e-01 3.967560e+00 2.362490e+00 2.738828e+00 1.143140e+01 1.234659e+04 1.396276e+04 2.55061 6.420056e-01
6.510000e-01 3.967560e+00 2.363180e+00 2.739564e+00 1.144018e+01 1.235503e+04 1.394878e+04 2.55259 6.425670e-01
6.500000e-01 3.967560e+00 2.363865e+00 2.740295e+00 1.144899e+01 1.236337e+04 1.393474e+04 2.55456 6.431230e-01
6.490000e-01 3.967560e+00 2.364544e+00 2.741019e+00 1.145784e+01 1.237160e+04 1.392063e+04 2.55651 6.436728e-01
6.480000e-01 3.967560e+00 2.365217e+00 2.741738e+00 1.146672e+01 1.237972e+04 1.390646e+04 2.55844 6.442163e-01
6.470000e-01 3.967560e+00 2.365883e+00 2.742449e+00 1.147563e+01 1.238772e+04 1.389226e+04 2.56036 6.447528e-01
6.460000e-01 3.967560e+00 2.366541e+00 2.743149e+00 1.148456e+01 1.239559e+04 1.387801e+04 2.56226 6.452822e-01
6.450000e-01 3.967560e+00 2.367193e+00 2.743843e+00 1.149353e+01 1.240335e+04 1.386370e+04 2.56415 6.458055e-01
6.440000e-01 3.967560e+00 2.367839e+00 2.744530e+00 1.150254e+01 1.241103e+04 1.384929e+04 2.56602 6.463240e-01
6.430000e-01 3.967560e+00 2.368479e+00 2.745212e+00 1.151161e+01 1.241862e+04 1.383480e+04 2.56787 6.468369e-01
6.420000e-01 3.967560e+00 2.369114e+00 2.745890e+00 1.152073e+01 1.242613e+04 1.382023e+04 2.56971 6.473445e-01
6.410000e-01 3.967560e+00 2.369774e+00 2.746605e+00 1.152998e+01 1.243347e+04 1.380544e+04 2.57156 6.478336e-01
6.400000e-01 3.967560e+00 2.370397e+00 2.747271e+00 1.153918e+01 1.244078e+04 1.379069e+04 2.57337 6.483279e-01
6.390000e-01 3.967560e+00 2.371012e+00 2.747928e+00 1.154842e+01 1.244798e+04 1.377589e+04 2.57515 6.488162e-01
6.380000e-01 3.967560e+00 2.371621e+00 2.748577e+00 1.155772e+01 1.245508e+04 1.376099e+04 2.57692 6.492987e-01
6.370000e-01 3.967560e+00 2.372223e+00 2.749221e+00 1.156706e+01 1.246210e+04 1.374600e+04 2.57867 6.497752e-01
6.360000e-01 3.967560e+00 2.372819e+00 2.749860e+00 1.157644e+01 1.246901e+04 1.373095e+04 2.5804 6.502455e-01
6.350000e-01 3.967560e+00 2.373407e+00 2.750489e+00 1.158587e+01 1.247580e+04 1.371583e+04 2.58212 6.507090e-01
6.340000e-01 3.967560e+00 2.373989e+00 2.751112e+00 1.159532e+01 1.248249e+04 1.370065e+04 2.58381 6.511657e-01
6.330000e-01 3.967560e+00 2.374562e+00 2.751724e+00 1.160481e+01 1.248904e+04 1.368543e+04 2.58548 6.516146e-01
6.320000e-01 3.967560e+00 2.375126e+00 2.752325e+00 1.161431e+01 1.249546e+04 1.367015e+04 2.58713 6.520560e-01
6.310000e-01 3.967560e+00 2.375682e+00 2.752919e+00 1.162387e+01 1.250179e+04 1.365479e+04 2.58876 6.524920e-01
6.300000e-01 3.967560e+00 2.376232e+00 2.753505e+00 1.163349e+01 1.250803e+04 1.363933e+04 2.59038 6.529218e-01
6.290000e-01 3.967560e+00 2.376773e+00 2.754084e+00 1.164316e+01 1.251417e+04 1.362377e+04 2.59196 6.533452e-01
6.280000e-01 3.967560e+00 2.377308e+00 2.754656e+00 1.165289e+01 1.252023e+04 1.360811e+04 2.59353 6.537620e-01
6.270000e-01 3.967560e+00 2.377834e+00 2.755216e+00 1.166266e+01 1.252616e+04 1.359236e+04 2.59507 6.541714e-01
6.260000e-01 3.967560e+00 2.378380e+00 2.755812e+00 1.167256e+01 1.253194e+04 1.357641e+04 2.59661 6.545614e-01
6.250000e-01 3.967560e+00 2.378891e+00 2.756358e+00 1.168243e+01 1.253767e+04 1.356048e+04 2.59811 6.549562e-01
6.240000e-01 3.967560e+00 2.379392e+00 2.756894e+00 1.169235e+01 1.254331e+04 1.354447e+04 2.59958 6.553450e-01
6.230000e-01 3.967560e+00 2.379887e+00 2.757425e+00 1.170233e+01 1.254884e+04 1.352837e+04 2.60103 6.557270e-01
6.220000e-01 3.967560e+00 2.380373e+00 2.757946e+00 1.171235e+01 1.255425e+04 1.351220e+04 2.60246 6.561023e-01
6.210000e-01 3.967560e+00 2.380852e+00 2.758460e+00 1.172241e+01 1.255955e+04 1.349597e+04 2.60387 6.564707e-01
6.200000e-01 3.967560e+00 2.381322e+00 2.758964e+00 1.173250e+01 1.256472e+04 1.347969e+04 2.60525 6.568313e-01
6.190000e-01 3.967560e+00 2.381782e+00 2.759456e+00 1.174263e+01 1.256976e+04 1.346336e+04 2.60662 6.571842e-01
6.180000e-01 3.967560e+00 2.382233e+00 2.759937e+00 1.175280e+01 1.257469e+04 1.344695e+04 2.60795 6.575303e-01
6.170000e-01 3.967560e+00 2.382675e+00 2.760409e+00 1.176303e+01 1.257952e+04 1.343043e+04 2.60926 6.578695e-01
6.160000e-01 3.967560e+00 2.383108e+00 2.760872e+00 1.177333e+01 1.258425e+04 1.341380e+04 2.61055 6.582017e-01
6.150000e-01 3.967560e+00 2.383532e+00 2.761326e+00 1.178369e+01 1.258888e+04 1.339707e+04 2.61181 6.585268e-01
6.140000e-01 3.967560e+00 2.383948e+00 2.761772e+00 1.179411e+01 1.259340e+04 1.338024e+04 2.61304 6.588447e-01
6.130000e-01 3.967560e+00 2.384355e+00 2.762209e+00 1.180458e+01 1.259781e+04 1.336333e+04 2.61425 6.591552e-01
6.120000e-01 3.967560e+00 2.384781e+00 2.762678e+00 1.181518e+01 1.260205e+04 1.334622e+04 2.61546 6.594466e-01
6.110000e-01 3.967560e+00 2.385172e+00 2.763097e+00 1.182578e+01 1.260624e+04 1.332912e+04 2.61662 6.597425e-01
6.100000e-01 3.967560e+00 2.385552e+00 2.763507e+00 1.183642e+01 1.261033e+04 1.331192e+04 2.61775 6.600312e-01
6.090000e-01 3.967560e+00 2.385921e+00 2.763904e+00 1.184712e+01 1.261430e+04 1.329464e+04 2.61885 6.603117e-01
6.080000e-01 3.967560e+00 2.386279e+00 2.764290e+00 1.185786e+01 1.261815e+04 1.327728e+04 2.61991 6.605835e-01
6.070000e-01 3.967560e+00 2.386626e+00 2.764662e+00 1.186864e+01 1.262188e+04 1.325985e+04 2.62095 6.608463e-01
6.060000e-01 3.967560e+00 2.386961e+00 2.765019e+00 1.187945e+01 1.262546e+04 1.324237e+04 2.62194 6.611002e-01
6.050000e-01 3.967560e+00 2.387286e+00 2.765364e+00 1.189031e+01 1.262894e+04 1.322480e+04 2.62291 6.613464e-01
6.040000e-01 3.967560e+00 2.387600e+00 2.765700e+00 1.190124e+01 1.263232e+04 1.320711e+04 2.62385 6.615854e-01
6.030000e-01 3.967560e+00 2.387904e+00 2.766024e+00 1.191224e+01 1.263558e+04 1.318931e+04 2.62476 6.618166e-01
6.020000e-01 3.967560e+00 2.388199e+00 2.766340e+00 1.192331e+01 1.263874e+04 1.317141e+04 2.62564 6.620407e-01
6.010000e-01 3.967560e+00 2.388486e+00 2.766646e+00 1.193446e+01 1.264178e+04 1.315341e+04 2.6265 6.622574e-01
6.000000e-01 3.967560e+00 2.388761e+00 2.766942e+00 1.194565e+01 1.264470e+04 1.313532e+04 2.62732 6.624658e-01
5.990000e-01 3.967560e+00 2.389053e+00 2.767266e+00 1.195700e+01 1.264745e+04 1.311702e+04 2.62814 6.626543e-01
5.980000e-01 3.967560e+00 2.389309e+00 2.767541e+00 1.196833e+01 1.265014e+04 1.309871e+04 2.62891 6.628467e-01
5.970000e-01 3.967560e+00 2.389554e+00 2.767806e+00 1.197973e+01 1.265273e+04 1.308032e+04 2.62964 6.630314e-01
5.960000e-01 3.967560e+00 2.389789e+00 2.768059e+00 1.199119e+01 1.265519e+04 1.306184e+04 2.63035 6.632081e-01
5.950000e-01 3.967560e+00 2.390013e+00 2.768303e+00 1.200270e+01 1.265754e+04 1.304329e+04 2.63102 6.633767e-01
5.940000e-01 3.967560e+00 2.390227e+00 2.768533e+00 1.201425e+01 1.265975e+04 1.302468e+04 2.63166 6.635365e-01
5.930000e-01 3.967560e+00 2.390427e+00 2.768745e+00 1.202585e+01 1.266182e+04 1.300600e+04 2.63227 6.636869e-01
5.920000e-01 3.967560e+00 2.390614e+00 2.768945e+00 1.203750e+01 1.266379e+04 1.298723e+04 2.63284 6.638288e-01
5.910000e-01 3.967560e+00 2.390789e+00 2.769130e+00 1.204923e+01 1.266564e+04 1.296833e+04 2.63337 6.639619e-01
5.900000e-01 3.967560e+00 2.390951e+00 2.769303e+00 1.206105e+01 1.266737e+04 1.294930e+04 2.63386 6.640860e-01
5.890000e-01 3.967560e+00 2.391102e+00 2.769463e+00 1.207294e+01 1.266900e+04 1.293015e+04 2.63431 6.642013e-01
5.880000e-01 3.967560e+00 2.391241e+00 2.769611e+00 1.208490e+01 1.267049e+04 1.291089e+04 2.63473 6.643078e-01
5.870000e-01 3.967560e+00 2.391369e+00 2.769748e+00 1.209693e+01 1.267187e+04 1.289155e+04 2.63511 6.644056e-01
5.860000e-01 3.967560e+00 2.391513e+00 2.769911e+00 1.210911e+01 1.267307e+04 1.287199e+04 2.63549 6.644838e-01
5.850000e-01 3.967560e+00 2.391621e+00 2.770028e+00 1.212130e+01 1.267421e+04 1.285242e+04 2.63581 6.645656e-01
5.840000e-01 3.967560e+00 2.391717e+00 2.770133e+00 1.213356e+01 1.267523e+04 1.283277e+04 2.6361 6.646391e-01
5.830000e-01 3.967560e+00 2.391803e+00 2.770225e+00 1.214589e+01 1.267613e+04 1.281303e+04 2.63636 6.647044e-01
5.820000e-01 3.967560e+00 2.391878e+00 2.770309e+00 1.215827e+01 1.267690e+04 1.279322e+04 2.6366 6.647616e-01
5.810000e-01 3.967560e+00 2.391941e+00 2.770377e+00 1.217070e+01 1.267755e+04 1.277336e+04 2.63679 6.648099e-01
5.800000e-01 3.967560e+00 2.391992e+00 2.770430e+00 1.218317e+01 1.267805e+04 1.275344e+04 2.63695 6.648490e-01
5.790000e-01 3.967560e+00 2.392028e+00 2.770467e+00 1.219573e+01 1.267845e+04 1.273339e+04 2.63707 6.648790e-01
5.780000e-01 3.967560e+00 2.392049e+00 2.770486e+00 1.220838e+01 1.267871e+04 1.271320e+04 2.63714 6.648987e-01
5.770000e-01 3.967560e+00 2.392058e+00 2.770494e+00 1.222112e+01 1.267886e+04 1.269289e+04 2.63717 6.649091e-01
5.760000e-01 3.967560e+00 2.392054e+00 2.770489e+00 1.223394e+01 1.267889e+04 1.267245e+04 2.63716 6.649098e-01
5.763513e-01 3.967560e+00 2.391866e+00 2.770346e+00 1.222893e+01 1.267984e+04 1.268049e+04 2.63676 6.649631e-01
