1.000000e+00 4.000330e+00 2.074214e+00 2.441285e+00 9.648731e+00 0.000000e+00 1.751697e+04 0 0.000000e+00
9.990000e-01 4.000330e+00 2.076274e+00 2.449561e+00 9.663010e+00 7.449359e+02 1.737028e+04 1.83504 3.608130e-02
9.980000e-01 4.000330e+00 2.076595e+00 2.449734e+00 9.665402e+00 1.045344e+03 1.732604e+04 1.83709 5.067247e-02
9.970000e-01 4.000330e+00 2.076887e+00 2.449786e+00 9.666958e+00 1.277015e+03 1.729243e+04 1.89946 6.398635e-02
9.960000e-01 4.000330e+00 2.077843e+00 2.450805e+00 9.671360e+00 1.469987e+03 1.726180e+04 1.83989 7.128006e-02
9.950000e-01 4.000330e+00 2.078113e+00 2.450816e+00 9.672956e+00 1.643076e+03 1.723734e+04 1.875 8.117229e-02
9.940000e-01 4.000330e+00 2.079076e+00 2.451826e+00 9.677372e+00 1.798110e+03 1.721197e+04 1.84274 8.722236e-02
9.930000e-01 4.000330e+00 2.079734e+00 2.452408e+00 9.680420e+00 1.943926e+03 1.718981e+04 1.84423 9.431210e-02
9.920000e-01 4.000330e+00 2.079911e+00 2.452348e+00 9.682056e+00 2.081627e+03 1.717092e+04 1.85627 1.016345e-01
9.910000e-01 4.000330e+00 2.080315e+00 2.452582e+00 9.684195e+00 2.210515e+03 1.715295e+04 1.8666 1.084861e-01
9.900000e-01 4.000330e+00 2.081714e+00 2.454216e+00 9.689458e+00 2.330585e+03 1.713119e+04 1.84859 1.131233e-01
9.890000e-01 4.000330e+00 2.081943e+00 2.454251e+00 9.691133e+00 2.447450e+03 1.711554e+04 1.8576 1.193481e-01
9.880000e-01 4.000330e+00 2.082367e+00 2.454530e+00 9.693273e+00 2.558392e+03 1.710029e+04 1.86577 1.252557e-01
9.870000e-01 4.000330e+00 2.083728e+00 2.456131e+00 9.698453e+00 2.662409e+03 1.708085e+04 1.85301 1.292878e-01
9.860000e-01 4.000330e+00 2.083961e+00 2.456179e+00 9.700134e+00 2.764731e+03 1.706742e+04 1.85995 1.347295e-01
9.850000e-01 4.000330e+00 2.084375e+00 2.456449e+00 9.702271e+00 2.862706e+03 1.705408e+04 1.86666 1.399518e-01
9.840000e-01 4.000330e+00 2.085745e+00 2.458057e+00 9.707474e+00 2.955061e+03 1.703617e+04 1.85746 1.435660e-01
9.830000e-01 4.000330e+00 2.085980e+00 2.458110e+00 9.709176e+00 3.047724e+03 1.702421e+04 1.86328 1.484980e-01
9.820000e-01 4.000330e+00 2.086404e+00 2.458395e+00 9.711339e+00 3.137068e+03 1.701213e+04 1.86917 1.532725e-01
9.810000e-01 4.000330e+00 2.087779e+00 2.460009e+00 9.716571e+00 3.221219e+03 1.699527e+04 1.86197 1.565711e-01
9.800000e-01 4.000330e+00 2.088009e+00 2.460058e+00 9.718281e+00 3.306194e+03 1.698446e+04 1.86691 1.610923e-01
9.790000e-01 4.000330e+00 2.088427e+00 2.460334e+00 9.720454e+00 3.388436e+03 1.697339e+04 1.87211 1.654928e-01
9.780000e-01 4.000330e+00 2.089814e+00 2.461959e+00 9.725729e+00 3.465652e+03 1.695735e+04 1.86651 1.685337e-01
9.770000e-01 4.000330e+00 2.090024e+00 2.461977e+00 9.727434e+00 3.544212e+03 1.694749e+04 1.87071 1.727074e-01
9.760000e-01 4.000330e+00 2.090411e+00 2.462206e+00 9.729592e+00 3.620046e+03 1.693733e+04 1.87519 1.767600e-01
9.750000e-01 4.000330e+00 2.091826e+00 2.463850e+00 9.734937e+00 3.690840e+03 1.692198e+04 1.87104 1.795745e-01
9.740000e-01 4.000330e+00 2.092011e+00 2.463825e+00 9.736644e+00 3.764489e+03 1.691286e+04 1.87475 1.834882e-01
9.730000e-01 4.000330e+00 2.092410e+00 2.464061e+00 9.738850e+00 3.836319e+03 1.690324e+04 1.87907 1.873493e-01
9.720000e-01 4.000330e+00 2.093851e+00 2.465737e+00 9.744289e+00 3.903898e+03 1.688819e+04 1.87562 1.900379e-01
9.710000e-01 4.000330e+00 2.094059e+00 2.465746e+00 9.746038e+00 3.974275e+03 1.687955e+04 1.87917 1.937905e-01
9.700000e-01 4.000330e+00 2.094473e+00 2.466006e+00 9.748273e+00 4.042884e+03 1.687041e+04 1.88323 1.974844e-01
9.690000e-01 4.000330e+00 2.095914e+00 2.467687e+00 9.753739e+00 4.107504e+03 1.685573e+04 1.88026 2.000494e-01
9.680000e-01 4.000330e+00 2.096141e+00 2.467726e+00 9.755517e+00 4.174757e+03 1.684755e+04 1.88361 2.036426e-01
9.670000e-01 4.000330e+00 2.096560e+00 2.467997e+00 9.757763e+00 4.240211e+03 1.683884e+04 1.8874 2.071684e-01
9.660000e-01 4.000330e+00 2.098000e+00 2.469679e+00 9.763235e+00 4.301513e+03 1.682456e+04 1.88494 2.096017e-01
9.650000e-01 4.000330e+00 2.098223e+00 2.469715e+00 9.765017e+00 4.365545e+03 1.681684e+04 1.888 2.130222e-01
9.640000e-01 4.000330e+00 2.098644e+00 2.469989e+00 9.767276e+00 4.428050e+03 1.680853e+04 1.8916 2.163967e-01
9.630000e-01 4.000330e+00 2.100095e+00 2.471685e+00 9.772785e+00 4.486663e+03 1.679454e+04 1.88964 2.187317e-01
9.620000e-01 4.000330e+00 2.100323e+00 2.471730e+00 9.774586e+00 4.548193e+03 1.678718e+04 1.89253 2.220225e-01
9.610000e-01 4.000330e+00 2.100743e+00 2.472003e+00 9.776855e+00 4.608129e+03 1.677924e+04 1.89591 2.252599e-01
9.600000e-01 4.000330e+00 2.102202e+00 2.473710e+00 9.782396e+00 4.664083e+03 1.676555e+04 1.89437 2.274937e-01
9.590000e-01 4.000330e+00 2.102426e+00 2.473748e+00 9.784205e+00 4.723190e+03 1.675854e+04 1.89707 2.306560e-01
9.580000e-01 4.000330e+00 2.102839e+00 2.474012e+00 9.786482e+00 4.780743e+03 1.675093e+04 1.90027 2.337683e-01
9.570000e-01 4.000330e+00 2.104312e+00 2.475731e+00 9.792066e+00 4.834041e+03 1.673749e+04 1.89913 2.359017e-01
9.560000e-01 4.000330e+00 2.104509e+00 2.475732e+00 9.793861e+00 4.890524e+03 1.673085e+04 1.90156 2.389192e-01
9.550000e-01 4.000330e+00 2.104908e+00 2.475971e+00 9.796142e+00 4.945650e+03 1.672355e+04 1.9046 2.419067e-01
9.540000e-01 4.000330e+00 2.106411e+00 2.477718e+00 9.801806e+00 4.996844e+03 1.671023e+04 1.90389 2.439716e-01
9.530000e-01 4.000330e+00 2.106614e+00 2.477723e+00 9.803634e+00 5.051931e+03 1.670379e+04 1.90629 2.469242e-01
9.520000e-01 4.000330e+00 2.107027e+00 2.477979e+00 9.805956e+00 5.105761e+03 1.669663e+04 1.90929 2.498506e-01
9.510000e-01 4.000330e+00 2.108540e+00 2.479742e+00 9.811683e+00 5.155624e+03 1.668338e+04 1.90873 2.518538e-01
9.500000e-01 4.000330e+00 2.108756e+00 2.479767e+00 9.813538e+00 5.209210e+03 1.667713e+04 1.91106 2.547312e-01
9.490000e-01 4.000330e+00 2.109177e+00 2.480036e+00 9.815880e+00 5.261543e+03 1.667017e+04 1.91398 2.575805e-01
9.480000e-01 4.000330e+00 2.110693e+00 2.481806e+00 9.821634e+00 5.309920e+03 1.665707e+04 1.9136 2.595234e-01
9.470000e-01 4.000330e+00 2.110913e+00 2.481840e+00 9.823503e+00 5.361939e+03 1.665103e+04 1.91585 2.623187e-01
9.460000e-01 4.000330e+00 2.111330e+00 2.482105e+00 9.825851e+00 5.412647e+03 1.664429e+04 1.91865 2.650817e-01
9.450000e-01 4.000330e+00 2.112858e+00 2.483889e+00 9.831641e+00 5.459421e+03 1.663132e+04 1.9185 2.669660e-01
9.440000e-01 4.000330e+00 2.113080e+00 2.483926e+00 9.833528e+00 5.510107e+03 1.662546e+04 1.92068 2.696937e-01
9.430000e-01 4.000330e+00 2.113504e+00 2.484200e+00 9.835900e+00 5.559579e+03 1.661886e+04 1.92344 2.723958e-01
9.420000e-01 4.000330e+00 2.115041e+00 2.485996e+00 9.841735e+00 5.605031e+03 1.660597e+04 1.92345 2.742261e-01
9.410000e-01 4.000330e+00 2.115261e+00 2.486032e+00 9.843633e+00 5.654332e+03 1.660029e+04 1.92554 2.768805e-01
9.400000e-01 4.000330e+00 2.115682e+00 2.486302e+00 9.846014e+00 5.702410e+03 1.659386e+04 1.9282 2.795097e-01
9.390000e-01 4.000330e+00 2.117232e+00 2.488112e+00 9.851889e+00 5.746343e+03 1.658107e+04 1.92842 2.812836e-01
9.380000e-01 4.000330e+00 2.117440e+00 2.488132e+00 9.853787e+00 5.794186e+03 1.657558e+04 1.93039 2.838592e-01
9.370000e-01 4.000330e+00 2.117842e+00 2.488377e+00 9.856159e+00 5.840652e+03 1.656935e+04 1.93291 2.864003e-01
9.360000e-01 4.000330e+00 2.119457e+00 2.490267e+00 9.862163e+00 5.882747e+03 1.655655e+04 1.93345 2.881049e-01
9.350000e-01 4.000330e+00 2.119620e+00 2.490224e+00 9.864007e+00 5.929374e+03 1.655132e+04 1.93529 2.906202e-01
9.340000e-01 4.000330e+00 2.120023e+00 2.490464e+00 9.866400e+00 5.974925e+03 1.654522e+04 1.93782 2.931245e-01
9.330000e-01 4.000330e+00 2.121653e+00 2.492370e+00 9.872481e+00 6.016327e+03 1.653240e+04 1.93848 2.948019e-01
9.320000e-01 4.000330e+00 2.121828e+00 2.492344e+00 9.874359e+00 6.062214e+03 1.652725e+04 1.94032 2.972840e-01
9.310000e-01 4.000330e+00 2.122237e+00 2.492592e+00 9.876776e+00 6.106917e+03 1.652125e+04 1.94281 2.997450e-01
9.300000e-01 4.000330e+00 2.123877e+00 2.494514e+00 9.882907e+00 6.147425e+03 1.650846e+04 1.94356 3.013836e-01
9.290000e-01 4.000330e+00 2.124058e+00 2.494498e+00 9.884805e+00 6.192386e+03 1.650343e+04 1.94537 3.038189e-01
9.280000e-01 4.000330e+00 2.124466e+00 2.494748e+00 9.887233e+00 6.236110e+03 1.649755e+04 1.9478 3.062284e-01
9.270000e-01 4.000330e+00 2.126115e+00 2.496681e+00 9.893398e+00 6.275497e+03 1.648483e+04 1.94867 3.078228e-01
9.260000e-01 4.000330e+00 2.126293e+00 2.496662e+00 9.895306e+00 6.319480e+03 1.647993e+04 1.95043 3.102075e-01
9.250000e-01 4.000330e+00 2.126705e+00 2.496918e+00 9.897756e+00 6.362338e+03 1.647415e+04 1.95284 3.125759e-01
9.240000e-01 4.000330e+00 2.128368e+00 2.498867e+00 9.903979e+00 6.400933e+03 1.646144e+04 1.95383 3.141401e-01
9.230000e-01 4.000330e+00 2.128549e+00 2.498854e+00 9.905908e+00 6.444143e+03 1.645663e+04 1.95556 3.164867e-01
9.220000e-01 4.000330e+00 2.128959e+00 2.499106e+00 9.908372e+00 6.486146e+03 1.645095e+04 1.95791 3.188106e-01
9.210000e-01 4.000330e+00 2.130636e+00 2.501073e+00 9.914648e+00 6.523764e+03 1.643825e+04 1.95902 3.203363e-01
9.200000e-01 4.000330e+00 2.130811e+00 2.501052e+00 9.916585e+00 6.566064e+03 1.643355e+04 1.96069 3.226353e-01
9.190000e-01 4.000330e+00 2.131210e+00 2.501290e+00 9.919052e+00 6.607067e+03 1.642797e+04 1.96298 3.249064e-01
9.180000e-01 4.000330e+00 2.132903e+00 2.503273e+00 9.925370e+00 6.643390e+03 1.641531e+04 1.96423 3.263828e-01
9.170000e-01 4.000330e+00 2.133057e+00 2.503223e+00 9.927298e+00 6.684603e+03 1.641074e+04 1.9658 3.286231e-01
9.160000e-01 4.000330e+00 2.133455e+00 2.503455e+00 9.929784e+00 6.724719e+03 1.640524e+04 1.96807 3.308535e-01
9.150000e-01 4.000330e+00 2.135173e+00 2.505466e+00 9.936183e+00 6.760379e+03 1.639254e+04 1.96947 3.323088e-01
9.140000e-01 4.000330e+00 2.135337e+00 2.505427e+00 9.938146e+00 6.801159e+03 1.638802e+04 1.97106 3.345324e-01
9.130000e-01 4.000330e+00 2.135740e+00 2.505666e+00 9.940662e+00 6.840757e+03 1.638256e+04 1.97332 3.367383e-01
9.120000e-01 4.000330e+00 2.137471e+00 2.507694e+00 9.947126e+00 6.875799e+03 1.636981e+04 1.97477 3.381641e-01
9.110000e-01 4.000330e+00 2.137639e+00 2.507665e+00 9.949110e+00 6.915932e+03 1.636535e+04 1.97635 3.403558e-01
9.100000e-01 4.000330e+00 2.138043e+00 2.507908e+00 9.951640e+00 6.954843e+03 1.635996e+04 1.97857 3.425264e-01
9.090000e-01 4.000330e+00 2.139784e+00 2.509949e+00 9.958142e+00 6.989064e+03 1.634724e+04 1.98011 3.439187e-01
9.080000e-01 4.000330e+00 2.139947e+00 2.509914e+00 9.960132e+00 7.028406e+03 1.634287e+04 1.98164 3.460685e-01
9.070000e-01 4.000330e+00 2.140350e+00 2.510157e+00 9.962676e+00 7.066586e+03 1.633755e+04 1.98384 3.482033e-01
9.060000e-01 4.000330e+00 2.142106e+00 2.512217e+00 9.969232e+00 7.100127e+03 1.632483e+04 1.98547 3.495713e-01
9.050000e-01 4.000330e+00 2.142272e+00 2.512187e+00 9.971243e+00 7.138931e+03 1.632052e+04 1.98699 3.516958e-01
9.040000e-01 4.000330e+00 2.142675e+00 2.512429e+00 9.973806e+00 7.176527e+03 1.631526e+04 1.98916 3.538017e-01
9.030000e-01 4.000330e+00 2.144445e+00 2.514506e+00 9.980421e+00 7.209355e+03 1.630251e+04 1.99088 3.551402e-01
9.020000e-01 4.000330e+00 2.144605e+00 2.514470e+00 9.982444e+00 7.247512e+03 1.629827e+04 1.99236 3.572318e-01
9.010000e-01 4.000330e+00 2.145001e+00 2.514703e+00 9.985017e+00 7.284403e+03 1.629308e+04 1.9945 3.593016e-01
9.000000e-01 4.000330e+00 2.146789e+00 2.516799e+00 9.991683e+00 7.316305e+03 1.628033e+04 1.99632 3.606038e-01
8.990000e-01 4.000330e+00 2.146929e+00 2.516736e+00 9.993698e+00 7.353601e+03 1.627619e+04 1.99772 3.626491e-01
8.980000e-01 4.000330e+00 2.147318e+00 2.516957e+00 9.996281e+00 7.389726e+03 1.627107e+04 1.99983 3.646824e-01
8.970000e-01 4.000330e+00 2.149131e+00 2.519081e+00 1.000303e+01 7.420984e+03 1.625827e+04 2.00178 3.659641e-01
8.960000e-01 4.000330e+00 2.149277e+00 2.519024e+00 1.000507e+01 7.457967e+03 1.625416e+04 2.00319 3.679986e-01
8.950000e-01 4.000330e+00 2.149673e+00 2.519253e+00 1.000769e+01 7.493765e+03 1.624906e+04 2.00531 3.700194e-01
8.940000e-01 4.000330e+00 2.151501e+00 2.521397e+00 1.001452e+01 7.524603e+03 1.623617e+04 2.0073 3.712791e-01
8.930000e-01 4.000330e+00 2.151652e+00 2.521349e+00 1.001659e+01 7.561145e+03 1.623209e+04 2.00872 3.732933e-01
8.920000e-01 4.000330e+00 2.152049e+00 2.521580e+00 1.001923e+01 7.596446e+03 1.622702e+04 2.01082 3.752892e-01
8.910000e-01 4.000330e+00 2.153890e+00 2.523741e+00 1.002611e+01 7.626665e+03 1.621411e+04 2.01287 3.765225e-01
8.900000e-01 4.000330e+00 2.154680e+00 2.524518e+00 1.002997e+01 7.660290e+03 1.620681e+04 2.0147 3.782488e-01
8.890000e-01 4.000330e+00 2.155478e+00 2.525302e+00 1.003386e+01 7.693689e+03 1.619949e+04 2.01656 3.799680e-01
8.880000e-01 4.000330e+00 2.156278e+00 2.526090e+00 1.003776e+01 7.726947e+03 1.619218e+04 2.01843 3.816807e-01
8.870000e-01 4.000330e+00 2.157081e+00 2.526881e+00 1.004167e+01 7.760051e+03 1.618486e+04 2.02031 3.833866e-01
8.860000e-01 4.000330e+00 2.157885e+00 2.527674e+00 1.004559e+01 7.792975e+03 1.617755e+04 2.02219 3.850842e-01
8.850000e-01 4.000330e+00 2.158733e+00 2.528526e+00 1.004961e+01 7.825658e+03 1.617011e+04 2.02412 3.867648e-01
8.840000e-01 4.000330e+00 2.158845e+00 2.528429e+00 1.005167e+01 7.860623e+03 1.616628e+04 2.02545 3.887066e-01
8.830000e-01 4.000330e+00 2.159226e+00 2.528640e+00 1.005434e+01 7.894292e+03 1.616137e+04 2.02747 3.906240e-01
8.820000e-01 4.000330e+00 2.161159e+00 2.530919e+00 1.006147e+01 7.922533e+03 1.614823e+04 2.02981 3.917725e-01
8.810000e-01 4.000330e+00 2.161955e+00 2.531701e+00 1.006542e+01 7.954363e+03 1.614099e+04 2.03168 3.934176e-01
8.800000e-01 4.000330e+00 2.162759e+00 2.532490e+00 1.006939e+01 7.986006e+03 1.613373e+04 2.03357 3.950568e-01
8.790000e-01 4.000330e+00 2.163567e+00 2.533283e+00 1.007338e+01 8.017578e+03 1.612646e+04 2.03547 3.966935e-01
8.780000e-01 4.000330e+00 2.164378e+00 2.534081e+00 1.007740e+01 8.049083e+03 1.611917e+04 2.03738 3.983275e-01
8.770000e-01 4.000330e+00 2.165192e+00 2.534883e+00 1.008143e+01 8.080478e+03 1.611187e+04 2.0393 3.999568e-01
8.760000e-01 4.000330e+00 2.166009e+00 2.535688e+00 1.008547e+01 8.111753e+03 1.610456e+04 2.04123 4.015806e-01
8.750000e-01 4.000330e+00 2.166828e+00 2.536497e+00 1.008953e+01 8.142908e+03 1.609725e+04 2.04316 4.031991e-01
8.740000e-01 4.000330e+00 2.167649e+00 2.537309e+00 1.009360e+01 8.173905e+03 1.608995e+04 2.04509 4.048104e-01
8.730000e-01 4.000330e+00 2.168470e+00 2.538121e+00 1.009767e+01 8.204716e+03 1.608265e+04 2.04703 4.064129e-01
8.720000e-01 4.000330e+00 2.169292e+00 2.538934e+00 1.010176e+01 8.235332e+03 1.607535e+04 2.04897 4.080065e-01
8.710000e-01 4.000330e+00 2.170114e+00 2.539749e+00 1.010585e+01 8.265810e+03 1.606806e+04 2.05091 4.095939e-01
8.700000e-01 4.000330e+00 2.170939e+00 2.540567e+00 1.010996e+01 8.296167e+03 1.606076e+04 2.05286 4.111761e-01
8.690000e-01 4.000330e+00 2.171766e+00 2.541387e+00 1.011408e+01 8.326395e+03 1.605346e+04 2.05481 4.127523e-01
8.680000e-01 4.000330e+00 2.172594e+00 2.542209e+00 1.011821e+01 8.356471e+03 1.604616e+04 2.05677 4.143218e-01
8.670000e-01 4.000330e+00 2.173423e+00 2.543032e+00 1.012235e+01 8.386381e+03 1.603886e+04 2.05873 4.158837e-01
8.660000e-01 4.000330e+00 2.174252e+00 2.543856e+00 1.012650e+01 8.416132e+03 1.603156e+04 2.06069 4.174384e-01
8.650000e-01 4.000330e+00 2.175081e+00 2.544679e+00 1.013066e+01 8.445680e+03 1.602427e+04 2.06265 4.189838e-01
8.640000e-01 4.000330e+00 2.175910e+00 2.545500e+00 1.013482e+01 8.474989e+03 1.601698e+04 2.06462 4.205181e-01
8.630000e-01 4.000330e+00 2.176736e+00 2.546318e+00 1.013899e+01 8.504081e+03 1.600971e+04 2.06658 4.220425e-01
8.620000e-01 4.000330e+00 2.177564e+00 2.547137e+00 1.014317e+01 8.533074e+03 1.600242e+04 2.06856 4.235630e-01
8.610000e-01 4.000330e+00 2.178395e+00 2.547959e+00 1.014738e+01 8.562010e+03 1.599511e+04 2.07054 4.250816e-01
8.600000e-01 4.000330e+00 2.179230e+00 2.548786e+00 1.015161e+01 8.590881e+03 1.598778e+04 2.07252 4.265976e-01
8.590000e-01 4.000330e+00 2.180067e+00 2.549617e+00 1.015585e+01 8.619657e+03 1.598044e+04 2.07452 4.281094e-01
8.580000e-01 4.000330e+00 2.180907e+00 2.550451e+00 1.016011e+01 8.648338e+03 1.597309e+04 2.07652 4.296172e-01
8.570000e-01 4.000330e+00 2.181749e+00 2.551289e+00 1.016438e+01 8.676912e+03 1.596573e+04 2.07853 4.311202e-01
8.560000e-01 4.000330e+00 2.182592e+00 2.552128e+00 1.016867e+01 8.705346e+03 1.595837e+04 2.08054 4.326167e-01
8.550000e-01 4.000330e+00 2.183436e+00 2.552968e+00 1.017296e+01 8.733613e+03 1.595101e+04 2.08255 4.341056e-01
8.540000e-01 4.000330e+00 2.184280e+00 2.553810e+00 1.017726e+01 8.761729e+03 1.594365e+04 2.08456 4.355876e-01
8.530000e-01 4.000330e+00 2.185126e+00 2.554653e+00 1.018157e+01 8.789739e+03 1.593628e+04 2.08658 4.370650e-01
8.520000e-01 4.000330e+00 2.185973e+00 2.555499e+00 1.018590e+01 8.817643e+03 1.592890e+04 2.08861 4.385377e-01
8.510000e-01 4.000330e+00 2.186823e+00 2.556347e+00 1.019025e+01 8.845430e+03 1.592152e+04 2.09064 4.400053e-01
8.500000e-01 4.000330e+00 2.187673e+00 2.557197e+00 1.019460e+01 8.873072e+03 1.591413e+04 2.09267 4.414662e-01
8.490000e-01 4.000330e+00 2.188524e+00 2.558047e+00 1.019896e+01 8.900572e+03 1.590673e+04 2.09471 4.429208e-01
8.480000e-01 4.000330e+00 2.189375e+00 2.558898e+00 1.020334e+01 8.927916e+03 1.589934e+04 2.09675 4.443682e-01
8.470000e-01 4.000330e+00 2.190225e+00 2.559747e+00 1.020772e+01 8.955059e+03 1.589194e+04 2.09879 4.458064e-01
8.460000e-01 4.000330e+00 2.191074e+00 2.560593e+00 1.021210e+01 8.981989e+03 1.588456e+04 2.10082 4.472348e-01
8.450000e-01 4.000330e+00 2.191922e+00 2.561438e+00 1.021650e+01 9.008781e+03 1.587717e+04 2.10287 4.486572e-01
8.440000e-01 4.000330e+00 2.192773e+00 2.562285e+00 1.022092e+01 9.035516e+03 1.586975e+04 2.10492 4.500778e-01
8.430000e-01 4.000330e+00 2.193627e+00 2.563136e+00 1.022535e+01 9.062193e+03 1.586232e+04 2.10697 4.514961e-01
8.420000e-01 4.000330e+00 2.194484e+00 2.563992e+00 1.022981e+01 9.088802e+03 1.585486e+04 2.10904 4.529117e-01
8.410000e-01 4.000330e+00 2.195343e+00 2.564851e+00 1.023429e+01 9.115322e+03 1.584739e+04 2.11111 4.543235e-01
8.400000e-01 4.000330e+00 2.196205e+00 2.565713e+00 1.023878e+01 9.141762e+03 1.583990e+04 2.11319 4.557318e-01
8.390000e-01 4.000330e+00 2.197111e+00 2.566637e+00 1.024337e+01 9.168039e+03 1.583227e+04 2.11532 4.571252e-01
8.380000e-01 4.000330e+00 2.197976e+00 2.567504e+00 1.024789e+01 9.194225e+03 1.582476e+04 2.1174 4.585217e-01
8.370000e-01 4.000330e+00 2.198841e+00 2.568370e+00 1.025241e+01 9.220267e+03 1.581725e+04 2.11949 4.599118e-01
8.360000e-01 4.000330e+00 2.199706e+00 2.569239e+00 1.025695e+01 9.246209e+03 1.580974e+04 2.12158 4.612976e-01
8.350000e-01 4.000330e+00 2.200574e+00 2.570110e+00 1.026151e+01 9.272060e+03 1.580220e+04 2.12368 4.626795e-01
8.340000e-01 4.000330e+00 2.201443e+00 2.570983e+00 1.026607e+01 9.297809e+03 1.579466e+04 2.12578 4.640569e-01
8.330000e-01 4.000330e+00 2.202313e+00 2.571858e+00 1.027066e+01 9.323439e+03 1.578711e+04 2.12788 4.654289e-01
8.320000e-01 4.000330e+00 2.203183e+00 2.572733e+00 1.027525e+01 9.348924e+03 1.577954e+04 2.12999 4.667945e-01
8.310000e-01 4.000330e+00 2.204055e+00 2.573610e+00 1.027985e+01 9.374291e+03 1.577198e+04 2.1321 4.681546e-01
8.300000e-01 4.000330e+00 2.204925e+00 2.574483e+00 1.028447e+01 9.399464e+03 1.576441e+04 2.13421 4.695059e-01
8.290000e-01 4.000330e+00 2.205793e+00 2.575355e+00 1.028908e+01 9.424455e+03 1.575684e+04 2.13633 4.708487e-01
8.280000e-01 4.000330e+00 2.206661e+00 2.576225e+00 1.029371e+01 9.449299e+03 1.574927e+04 2.13844 4.721851e-01
8.270000e-01 4.000330e+00 2.207531e+00 2.577096e+00 1.029836e+01 9.474085e+03 1.574167e+04 2.14056 4.735196e-01
8.260000e-01 4.000330e+00 2.208404e+00 2.577974e+00 1.030303e+01 9.498824e+03 1.573405e+04 2.14269 4.748524e-01
8.250000e-01 4.000330e+00 2.209279e+00 2.578852e+00 1.030772e+01 9.523487e+03 1.572641e+04 2.14482 4.761822e-01
8.240000e-01 4.000330e+00 2.210157e+00 2.579735e+00 1.031243e+01 9.548086e+03 1.571874e+04 2.14696 4.775092e-01
8.230000e-01 4.000330e+00 2.211037e+00 2.580622e+00 1.031716e+01 9.572602e+03 1.571106e+04 2.14911 4.788327e-01
8.220000e-01 4.000330e+00 2.211918e+00 2.581510e+00 1.032190e+01 9.597020e+03 1.570336e+04 2.15126 4.801518e-01
8.210000e-01 4.000330e+00 2.212800e+00 2.582399e+00 1.032665e+01 9.621311e+03 1.569565e+04 2.15341 4.814650e-01
8.200000e-01 4.000330e+00 2.213683e+00 2.583289e+00 1.033142e+01 9.645477e+03 1.568793e+04 2.15557 4.827727e-01
8.190000e-01 4.000330e+00 2.214566e+00 2.584180e+00 1.033620e+01 9.669549e+03 1.568020e+04 2.15773 4.840763e-01
8.180000e-01 4.000330e+00 2.215451e+00 2.585075e+00 1.034099e+01 9.693543e+03 1.567244e+04 2.1599 4.853766e-01
8.170000e-01 4.000330e+00 2.216338e+00 2.585971e+00 1.034581e+01 9.717444e+03 1.566467e+04 2.16207 4.866727e-01
8.160000e-01 4.000330e+00 2.217225e+00 2.586869e+00 1.035064e+01 9.741228e+03 1.565689e+04 2.16424 4.879636e-01
8.150000e-01 4.000330e+00 2.218113e+00 2.587767e+00 1.035547e+01 9.764889e+03 1.564910e+04 2.16642 4.892490e-01
8.140000e-01 4.000330e+00 2.219001e+00 2.588665e+00 1.036032e+01 9.788423e+03 1.564130e+04 2.1686 4.905286e-01
8.130000e-01 4.000330e+00 2.219888e+00 2.589561e+00 1.036518e+01 9.811785e+03 1.563349e+04 2.17078 4.918002e-01
8.120000e-01 4.000330e+00 2.220773e+00 2.590454e+00 1.037004e+01 9.834972e+03 1.562568e+04 2.17296 4.930637e-01
8.110000e-01 4.000330e+00 2.221657e+00 2.591346e+00 1.037492e+01 9.858047e+03 1.561786e+04 2.17514 4.943226e-01
8.100000e-01 4.000330e+00 2.222544e+00 2.592241e+00 1.037982e+01 9.881074e+03 1.561001e+04 2.17732 4.955800e-01
8.090000e-01 4.000330e+00 2.223433e+00 2.593139e+00 1.038474e+01 9.904037e+03 1.560213e+04 2.17952 4.968348e-01
8.080000e-01 4.000330e+00 2.224325e+00 2.594040e+00 1.038969e+01 9.926944e+03 1.559422e+04 2.18172 4.980873e-01
8.070000e-01 4.000330e+00 2.225219e+00 2.594945e+00 1.039465e+01 9.949779e+03 1.558629e+04 2.18393 4.993369e-01
8.060000e-01 4.000330e+00 2.226114e+00 2.595851e+00 1.039963e+01 9.972538e+03 1.557834e+04 2.18614 5.005831e-01
8.050000e-01 4.000330e+00 2.227011e+00 2.596760e+00 1.040463e+01 9.995198e+03 1.557037e+04 2.18836 5.018248e-01
8.040000e-01 4.000330e+00 2.227908e+00 2.597670e+00 1.040964e+01 1.001774e+04 1.556238e+04 2.19058 5.030610e-01
8.030000e-01 4.000330e+00 2.228805e+00 2.598580e+00 1.041466e+01 1.004017e+04 1.555438e+04 2.1928 5.042925e-01
8.020000e-01 4.000330e+00 2.229703e+00 2.599491e+00 1.041970e+01 1.006253e+04 1.554636e+04 2.19502 5.055206e-01
8.010000e-01 4.000330e+00 2.230604e+00 2.600406e+00 1.042476e+01 1.008481e+04 1.553832e+04 2.19725 5.067457e-01
8.000000e-01 4.000330e+00 2.231505e+00 2.601323e+00 1.042983e+01 1.010699e+04 1.553025e+04 2.19949 5.079665e-01
7.990000e-01 4.000330e+00 2.232407e+00 2.602239e+00 1.043492e+01 1.012906e+04 1.552217e+04 2.20172 5.091819e-01
7.980000e-01 4.000330e+00 2.233308e+00 2.603156e+00 1.044003e+01 1.015102e+04 1.551408e+04 2.20396 5.103921e-01
7.970000e-01 4.000330e+00 2.234209e+00 2.604072e+00 1.044514e+01 1.017283e+04 1.550598e+04 2.2062 5.115960e-01
7.960000e-01 4.000330e+00 2.235151e+00 2.605044e+00 1.045034e+01 1.019443e+04 1.549773e+04 2.20849 5.127812e-01
7.950000e-01 4.000330e+00 2.236007e+00 2.605897e+00 1.045539e+01 1.021599e+04 1.548975e+04 2.21068 5.139815e-01
7.940000e-01 4.000330e+00 2.236947e+00 2.606866e+00 1.046062e+01 1.023738e+04 1.548147e+04 2.21297 5.151580e-01
7.930000e-01 4.000330e+00 2.237849e+00 2.607782e+00 1.046580e+01 1.025876e+04 1.547328e+04 2.21522 5.163430e-01
7.920000e-01 4.000330e+00 2.238752e+00 2.608699e+00 1.047099e+01 1.028009e+04 1.546508e+04 2.21748 5.175257e-01
7.910000e-01 4.000330e+00 2.239657e+00 2.609620e+00 1.047621e+01 1.030135e+04 1.545684e+04 2.21974 5.187059e-01
7.900000e-01 4.000330e+00 2.240564e+00 2.610543e+00 1.048145e+01 1.032254e+04 1.544857e+04 2.22201 5.198830e-01
7.890000e-01 4.000330e+00 2.241472e+00 2.611468e+00 1.048671e+01 1.034365e+04 1.544028e+04 2.22428 5.210564e-01
7.880000e-01 4.000330e+00 2.242380e+00 2.612394e+00 1.049198e+01 1.036465e+04 1.543197e+04 2.22656 5.222248e-01
7.870000e-01 4.000330e+00 2.243288e+00 2.613319e+00 1.049726e+01 1.038554e+04 1.542364e+04 2.22883 5.233883e-01
7.860000e-01 4.000330e+00 2.244197e+00 2.614247e+00 1.050257e+01 1.040636e+04 1.541529e+04 2.23111 5.245484e-01
7.850000e-01 4.000330e+00 2.245108e+00 2.615176e+00 1.050789e+01 1.042710e+04 1.540691e+04 2.2334 5.257057e-01
7.840000e-01 4.000330e+00 2.246019e+00 2.616108e+00 1.051323e+01 1.044775e+04 1.539851e+04 2.23569 5.268590e-01
7.830000e-01 4.000330e+00 2.246931e+00 2.617040e+00 1.051859e+01 1.046831e+04 1.539009e+04 2.23798 5.280076e-01
7.820000e-01 4.000330e+00 2.247843e+00 2.617972e+00 1.052396e+01 1.048875e+04 1.538165e+04 2.24027 5.291511e-01
7.810000e-01 4.000330e+00 2.248754e+00 2.618903e+00 1.052935e+01 1.050907e+04 1.537319e+04 2.24257 5.302891e-01
7.800000e-01 4.000330e+00 2.249663e+00 2.619831e+00 1.053474e+01 1.052923e+04 1.536473e+04 2.24486 5.314196e-01
7.790000e-01 4.000330e+00 2.250570e+00 2.620756e+00 1.054014e+01 1.054924e+04 1.535625e+04 2.24715 5.325436e-01
7.780000e-01 4.000330e+00 2.251478e+00 2.621682e+00 1.054556e+01 1.056918e+04 1.534775e+04 2.24944 5.336647e-01
7.770000e-01 4.000330e+00 2.252387e+00 2.622610e+00 1.055101e+01 1.058907e+04 1.533922e+04 2.25174 5.347837e-01
7.760000e-01 4.000330e+00 2.253298e+00 2.623540e+00 1.055648e+01 1.060889e+04 1.533065e+04 2.25405 5.359002e-01
7.750000e-01 4.000330e+00 2.254211e+00 2.624474e+00 1.056197e+01 1.062866e+04 1.532204e+04 2.25636 5.370143e-01
7.740000e-01 4.000330e+00 2.255125e+00 2.625410e+00 1.056749e+01 1.064835e+04 1.531341e+04 2.25868 5.381254e-01
7.730000e-01 4.000330e+00 2.256040e+00 2.626348e+00 1.057303e+01 1.066797e+04 1.530474e+04 2.261 5.392330e-01
7.720000e-01 4.000330e+00 2.256956e+00 2.627286e+00 1.057858e+01 1.068748e+04 1.529606e+04 2.26333 5.403358e-01
7.710000e-01 4.000330e+00 2.257871e+00 2.628224e+00 1.058415e+01 1.070688e+04 1.528735e+04 2.26565 5.414340e-01
7.700000e-01 4.000330e+00 2.258787e+00 2.629164e+00 1.058974e+01 1.072622e+04 1.527862e+04 2.26798 5.425289e-01
7.690000e-01 4.000330e+00 2.259704e+00 2.630106e+00 1.059535e+01 1.074548e+04 1.526985e+04 2.27032 5.436211e-01
7.680000e-01 4.000330e+00 2.260622e+00 2.631049e+00 1.060098e+01 1.076466e+04 1.526106e+04 2.27265 5.447093e-01
7.670000e-01 4.000330e+00 2.261540e+00 2.631992e+00 1.060663e+01 1.078374e+04 1.525224e+04 2.27499 5.457929e-01
7.660000e-01 4.000330e+00 2.262458e+00 2.632936e+00 1.061230e+01 1.080270e+04 1.524341e+04 2.27733 5.468716e-01
7.650000e-01 4.000330e+00 2.263374e+00 2.633879e+00 1.061798e+01 1.082156e+04 1.523456e+04 2.27967 5.479448e-01
7.640000e-01 4.000330e+00 2.264289e+00 2.634818e+00 1.062366e+01 1.084025e+04 1.522569e+04 2.28201 5.490109e-01
7.630000e-01 4.000330e+00 2.265201e+00 2.635754e+00 1.062936e+01 1.085881e+04 1.521682e+04 2.28435 5.500709e-01
7.620000e-01 4.000330e+00 2.266114e+00 2.636691e+00 1.063508e+01 1.087731e+04 1.520791e+04 2.28669 5.511284e-01
7.610000e-01 4.000330e+00 2.267027e+00 2.637629e+00 1.064083e+01 1.089574e+04 1.519896e+04 2.28904 5.521835e-01
7.600000e-01 4.000330e+00 2.266972e+00 2.637413e+00 1.064351e+01 1.091891e+04 1.519590e+04 2.29026 5.536801e-01
7.590000e-01 4.000330e+00 2.268869e+00 2.639526e+00 1.065241e+01 1.093240e+04 1.518094e+04 2.29377 5.542856e-01
7.580000e-01 4.000330e+00 2.268799e+00 2.639294e+00 1.065510e+01 1.095550e+04 1.517788e+04 2.29497 5.557811e-01
7.570000e-01 4.000330e+00 2.270744e+00 2.641474e+00 1.066416e+01 1.096876e+04 1.516266e+04 2.29853 5.563640e-01
7.560000e-01 4.000330e+00 2.271656e+00 2.642412e+00 1.067002e+01 1.098683e+04 1.515355e+04 2.30088 5.574026e-01
7.550000e-01 4.000330e+00 2.272574e+00 2.643359e+00 1.067590e+01 1.100479e+04 1.514440e+04 2.30325 5.584363e-01
7.540000e-01 4.000330e+00 2.273493e+00 2.644308e+00 1.068180e+01 1.102268e+04 1.513523e+04 2.30562 5.594676e-01
7.530000e-01 4.000330e+00 2.274412e+00 2.645258e+00 1.068773e+01 1.104051e+04 1.512602e+04 2.30799 5.604958e-01
7.520000e-01 4.000330e+00 2.274286e+00 2.644960e+00 1.069040e+01 1.106324e+04 1.512301e+04 2.30911 5.619853e-01
7.510000e-01 4.000330e+00 2.276256e+00 2.647165e+00 1.069965e+01 1.107585e+04 1.510752e+04 2.31276 5.625391e-01
7.500000e-01 4.000330e+00 2.276108e+00 2.646844e+00 1.070231e+01 1.109844e+04 1.510452e+04 2.31384 5.640227e-01
7.490000e-01 4.000330e+00 2.278089e+00 2.649061e+00 1.071162e+01 1.111077e+04 1.508892e+04 2.31751 5.645619e-01
7.480000e-01 4.000330e+00 2.277913e+00 2.648706e+00 1.071427e+01 1.113315e+04 1.508594e+04 2.31853 5.660357e-01
7.470000e-01 4.000330e+00 2.279914e+00 2.650944e+00 1.072365e+01 1.114515e+04 1.507026e+04 2.32225 5.665601e-01
7.460000e-01 4.000330e+00 2.279725e+00 2.650576e+00 1.072630e+01 1.116741e+04 1.506727e+04 2.32326 5.680309e-01
7.450000e-01 4.000330e+00 2.281739e+00 2.652830e+00 1.073577e+01 1.117925e+04 1.505144e+04 2.32701 5.685466e-01
7.440000e-01 4.000330e+00 2.281539e+00 2.652450e+00 1.073844e+01 1.120143e+04 1.504844e+04 2.328 5.700173e-01
7.430000e-01 4.000330e+00 2.283568e+00 2.654722e+00 1.074800e+01 1.121310e+04 1.503246e+04 2.33178 5.705223e-01
7.420000e-01 4.000330e+00 2.283358e+00 2.654333e+00 1.075069e+01 1.123518e+04 1.502945e+04 2.33276 5.719914e-01
7.410000e-01 4.000330e+00 2.285397e+00 2.656617e+00 1.076033e+01 1.124664e+04 1.501332e+04 2.33656 5.724838e-01
7.400000e-01 4.000330e+00 2.285169e+00 2.656207e+00 1.076301e+01 1.126858e+04 1.501031e+04 2.33751 5.739481e-01
7.390000e-01 4.000330e+00 2.287224e+00 2.658511e+00 1.077274e+01 1.127981e+04 1.499406e+04 2.34134 5.744280e-01
7.380000e-01 4.000330e+00 2.286984e+00 2.658090e+00 1.077544e+01 1.130166e+04 1.499104e+04 2.34227 5.758907e-01
7.370000e-01 4.000330e+00 2.289052e+00 2.660409e+00 1.078525e+01 1.131270e+04 1.497464e+04 2.34613 5.763594e-01
7.360000e-01 4.000330e+00 2.288792e+00 2.659967e+00 1.078795e+01 1.133441e+04 1.497161e+04 2.34703 5.778181e-01
7.350000e-01 4.000330e+00 2.290876e+00 2.662304e+00 1.079784e+01 1.134520e+04 1.495509e+04 2.35091 5.782727e-01
7.340000e-01 4.000330e+00 2.290595e+00 2.661837e+00 1.080053e+01 1.136675e+04 1.495207e+04 2.35177 5.797252e-01
7.330000e-01 4.000330e+00 2.292693e+00 2.664191e+00 1.081049e+01 1.137723e+04 1.493544e+04 2.35569 5.801636e-01
7.320000e-01 4.000330e+00 2.292379e+00 2.663684e+00 1.081316e+01 1.139858e+04 1.493243e+04 2.35649 5.816073e-01
7.310000e-01 4.000330e+00 2.294500e+00 2.666063e+00 1.082320e+01 1.140881e+04 1.491568e+04 2.36046 5.820328e-01
7.300000e-01 4.000330e+00 2.294175e+00 2.665547e+00 1.082589e+01 1.143007e+04 1.491266e+04 2.36124 5.834769e-01
7.290000e-01 4.000330e+00 2.296345e+00 2.667995e+00 1.083612e+01 1.144008e+04 1.489560e+04 2.36527 5.838792e-01
7.280000e-01 4.000330e+00 2.295987e+00 2.667435e+00 1.083878e+01 1.146128e+04 1.489263e+04 2.36602 5.853295e-01
7.270000e-01 4.000330e+00 2.298154e+00 2.669874e+00 1.084907e+01 1.147113e+04 1.487546e+04 2.37006 5.857249e-01
7.260000e-01 4.000330e+00 2.297779e+00 2.669297e+00 1.085173e+01 1.149222e+04 1.487248e+04 2.37078 5.871728e-01
7.250000e-01 4.000330e+00 2.299960e+00 2.671754e+00 1.086210e+01 1.150183e+04 1.485517e+04 2.37484 5.875544e-01
7.240000e-01 4.000330e+00 2.299563e+00 2.671153e+00 1.086477e+01 1.152279e+04 1.485218e+04 2.37553 5.889989e-01
7.230000e-01 4.000330e+00 2.301762e+00 2.673631e+00 1.087524e+01 1.153220e+04 1.483471e+04 2.37962 5.893681e-01
7.220000e-01 4.000330e+00 2.301348e+00 2.673012e+00 1.087792e+01 1.155307e+04 1.483172e+04 2.38029 5.908118e-01
7.210000e-01 4.000330e+00 2.303562e+00 2.675508e+00 1.088848e+01 1.156225e+04 1.481409e+04 2.38441 5.911667e-01
7.200000e-01 4.000330e+00 2.303126e+00 2.674865e+00 1.089115e+01 1.158298e+04 1.481109e+04 2.38503 5.926061e-01
7.190000e-01 4.000330e+00 2.305354e+00 2.677378e+00 1.090181e+01 1.159189e+04 1.479333e+04 2.38918 5.929454e-01
7.180000e-01 4.000330e+00 2.304887e+00 2.676697e+00 1.090446e+01 1.161243e+04 1.479035e+04 2.38974 5.943776e-01
7.170000e-01 4.000330e+00 2.307134e+00 2.679232e+00 1.091518e+01 1.162102e+04 1.477247e+04 2.39393 5.946994e-01
7.160000e-01 4.000330e+00 2.306642e+00 2.678523e+00 1.091783e+01 1.164142e+04 1.476949e+04 2.39446 5.961281e-01
7.150000e-01 4.000330e+00 2.308909e+00 2.681080e+00 1.092866e+01 1.164981e+04 1.475145e+04 2.39868 5.964385e-01
7.140000e-01 4.000330e+00 2.308400e+00 2.680354e+00 1.093132e+01 1.167013e+04 1.474845e+04 2.39919 5.978681e-01
7.130000e-01 4.000330e+00 2.308346e+00 2.680042e+00 1.093483e+01 1.168836e+04 1.474383e+04 2.40103 5.992903e-01
7.120000e-01 4.000330e+00 2.311590e+00 2.683889e+00 1.094917e+01 1.169247e+04 1.471945e+04 2.40584 5.990164e-01
7.110000e-01 4.000330e+00 2.311040e+00 2.683113e+00 1.095182e+01 1.171265e+04 1.471647e+04 2.40629 6.004485e-01
7.100000e-01 4.000330e+00 2.310951e+00 2.682760e+00 1.095533e+01 1.173069e+04 1.471184e+04 2.40808 6.018673e-01
7.090000e-01 4.000330e+00 2.314238e+00 2.686657e+00 1.096987e+01 1.173437e+04 1.468712e+04 2.41296 6.015642e-01
7.080000e-01 4.000330e+00 2.313655e+00 2.685847e+00 1.097252e+01 1.175440e+04 1.468413e+04 2.41336 6.029944e-01
7.070000e-01 4.000330e+00 2.313544e+00 2.685470e+00 1.097606e+01 1.177226e+04 1.467947e+04 2.41513 6.044106e-01
7.060000e-01 4.000330e+00 2.316876e+00 2.689423e+00 1.099083e+01 1.177553e+04 1.465440e+04 2.42008 6.040777e-01
7.050000e-01 4.000330e+00 2.316256e+00 2.688572e+00 1.099348e+01 1.179536e+04 1.465140e+04 2.42042 6.055033e-01
7.040000e-01 4.000330e+00 2.316111e+00 2.688154e+00 1.099702e+01 1.181299e+04 1.464672e+04 2.42213 6.069118e-01
7.030000e-01 4.000330e+00 2.319492e+00 2.692167e+00 1.101199e+01 1.181574e+04 1.462136e+04 2.42717 6.065448e-01
7.020000e-01 4.000330e+00 2.318822e+00 2.691256e+00 1.101461e+01 1.183529e+04 1.461838e+04 2.42742 6.079614e-01
7.010000e-01 4.000330e+00 2.318653e+00 2.690809e+00 1.101816e+01 1.185266e+04 1.461368e+04 2.42909 6.093618e-01
7.000000e-01 4.000330e+00 2.322084e+00 2.694884e+00 1.103335e+01 1.185499e+04 1.458799e+04 2.43423 6.089675e-01
6.990000e-01 4.000330e+00 2.321386e+00 2.693944e+00 1.103599e+01 1.187443e+04 1.458499e+04 2.43444 6.103861e-01
6.980000e-01 4.000330e+00 2.321189e+00 2.693466e+00 1.103956e+01 1.189166e+04 1.458024e+04 2.43608 6.117870e-01
6.970000e-01 4.000330e+00 2.324667e+00 2.697597e+00 1.105502e+01 1.189359e+04 1.455412e+04 2.44128 6.113598e-01
6.960000e-01 4.000330e+00 2.323933e+00 2.696620e+00 1.105767e+01 1.191287e+04 1.455109e+04 2.44144 6.127770e-01
6.950000e-01 4.000330e+00 2.323702e+00 2.696102e+00 1.106125e+01 1.192991e+04 1.454632e+04 2.44302 6.141735e-01
6.940000e-01 4.000330e+00 2.327266e+00 2.700347e+00 1.107704e+01 1.193135e+04 1.451968e+04 2.44834 6.137003e-01
6.930000e-01 4.000330e+00 2.326477e+00 2.699303e+00 1.107965e+01 1.195051e+04 1.451670e+04 2.44842 6.151227e-01
6.920000e-01 4.000330e+00 2.326210e+00 2.698743e+00 1.108324e+01 1.196739e+04 1.451190e+04 2.44995 6.165193e-01
6.910000e-01 4.000330e+00 2.329812e+00 2.703032e+00 1.109925e+01 1.196840e+04 1.448490e+04 2.45533 6.160143e-01
6.900000e-01 4.000330e+00 2.328978e+00 2.701937e+00 1.110185e+01 1.198736e+04 1.448190e+04 2.45533 6.174325e-01
6.890000e-01 4.000330e+00 2.328669e+00 2.701326e+00 1.110543e+01 1.200400e+04 1.447709e+04 2.45679 6.188208e-01
6.880000e-01 4.000330e+00 2.332326e+00 2.705680e+00 1.112166e+01 1.200446e+04 1.444975e+04 2.46225 6.182775e-01
6.870000e-01 4.000330e+00 2.331436e+00 2.704518e+00 1.112423e+01 1.202317e+04 1.444677e+04 2.46215 6.196885e-01
6.860000e-01 4.000330e+00 2.331102e+00 2.703878e+00 1.112782e+01 1.203957e+04 1.444191e+04 2.46357 6.210715e-01
6.850000e-01 4.000330e+00 2.334808e+00 2.708293e+00 1.114431e+01 1.203964e+04 1.441417e+04 2.46911 6.204963e-01
6.840000e-01 4.000330e+00 2.333882e+00 2.707092e+00 1.114689e+01 1.205824e+04 1.441114e+04 2.46896 6.219105e-01
6.830000e-01 4.000330e+00 2.333511e+00 2.706409e+00 1.115049e+01 1.207451e+04 1.440624e+04 2.47033 6.232934e-01
6.820000e-01 4.000330e+00 2.337270e+00 2.710889e+00 1.116728e+01 1.207414e+04 1.437800e+04 2.47593 6.226790e-01
6.810000e-01 4.000330e+00 2.336297e+00 2.709635e+00 1.116985e+01 1.209257e+04 1.437496e+04 2.4757 6.240915e-01
6.800000e-01 4.000330e+00 2.335888e+00 2.708908e+00 1.117347e+01 1.210865e+04 1.437001e+04 2.47701 6.254706e-01
6.790000e-01 4.000330e+00 2.339736e+00 2.713506e+00 1.119062e+01 1.210778e+04 1.434119e+04 2.48272 6.248059e-01
6.780000e-01 4.000330e+00 2.338702e+00 2.712178e+00 1.119316e+01 1.212608e+04 1.433818e+04 2.4824 6.262245e-01
6.770000e-01 4.000330e+00 2.338249e+00 2.711399e+00 1.119677e+01 1.214200e+04 1.433321e+04 2.48364 6.276034e-01
6.760000e-01 4.000330e+00 2.342143e+00 2.716051e+00 1.121417e+01 1.214065e+04 1.430399e+04 2.48941 6.269019e-01
6.750000e-01 4.000330e+00 2.341054e+00 2.714660e+00 1.121668e+01 1.215874e+04 1.430098e+04 2.489 6.283159e-01
6.740000e-01 4.000330e+00 2.340553e+00 2.713823e+00 1.122029e+01 1.217439e+04 1.429600e+04 2.49015 6.296860e-01
6.730000e-01 4.000330e+00 2.344508e+00 2.718549e+00 1.123793e+01 1.217247e+04 1.426644e+04 2.49603 6.289441e-01
6.720000e-01 4.000330e+00 2.343365e+00 2.717097e+00 1.124042e+01 1.219036e+04 1.426343e+04 2.49552 6.303554e-01
6.710000e-01 4.000330e+00 2.342836e+00 2.716228e+00 1.124405e+01 1.220582e+04 1.425839e+04 2.49665 6.317240e-01
6.700000e-01 4.000330e+00 2.346841e+00 2.721016e+00 1.126201e+01 1.220349e+04 1.422835e+04 2.50258 6.309455e-01
6.690000e-01 4.000330e+00 2.345653e+00 2.719514e+00 1.126451e+01 1.222125e+04 1.422530e+04 2.50201 6.323597e-01
6.680000e-01 4.000330e+00 2.348402e+00 2.722678e+00 1.127832e+01 1.222371e+04 1.420251e+04 2.50693 6.322477e-01
6.670000e-01 4.000330e+00 2.347171e+00 2.721126e+00 1.128079e+01 1.224137e+04 1.419948e+04 2.50629 6.336643e-01
6.660000e-01 4.000330e+00 2.349925e+00 2.724292e+00 1.129470e+01 1.224358e+04 1.417652e+04 2.51122 6.335368e-01
6.650000e-01 4.000330e+00 2.348656e+00 2.722697e+00 1.129717e+01 1.226116e+04 1.417348e+04 2.51052 6.349548e-01
6.640000e-01 4.000330e+00 2.351431e+00 2.725890e+00 1.131124e+01 1.226312e+04 1.415025e+04 2.51546 6.348066e-01
6.630000e-01 4.000330e+00 2.350124e+00 2.724251e+00 1.131369e+01 1.228058e+04 1.414719e+04 2.5147 6.362242e-01
6.620000e-01 4.000330e+00 2.352917e+00 2.727468e+00 1.132790e+01 1.228226e+04 1.412374e+04 2.51966 6.360536e-01
6.610000e-01 4.000330e+00 2.351567e+00 2.725778e+00 1.133033e+01 1.229957e+04 1.412068e+04 2.51881 6.374680e-01
6.600000e-01 4.000330e+00 2.354380e+00 2.729018e+00 1.134466e+01 1.230092e+04 1.409704e+04 2.5238 6.372741e-01
6.590000e-01 4.000330e+00 2.352985e+00 2.727274e+00 1.134706e+01 1.231807e+04 1.409399e+04 2.52287 6.386843e-01
6.580000e-01 4.000330e+00 2.355819e+00 2.730542e+00 1.136153e+01 1.231915e+04 1.407013e+04 2.52788 6.384709e-01
6.570000e-01 4.000330e+00 2.354389e+00 2.728758e+00 1.136393e+01 1.233622e+04 1.406705e+04 2.5269 6.398845e-01
6.560000e-01 4.000330e+00 2.357274e+00 2.732095e+00 1.137867e+01 1.233700e+04 1.404277e+04 2.53196 6.396372e-01
6.550000e-01 4.000330e+00 2.355794e+00 2.730253e+00 1.138104e+01 1.235401e+04 1.403972e+04 2.53091 6.410586e-01
6.540000e-01 4.000330e+00 2.358680e+00 2.733589e+00 1.139590e+01 1.235454e+04 1.401524e+04 2.53597 6.407951e-01
6.530000e-01 4.000330e+00 2.357161e+00 2.731702e+00 1.139826e+01 1.237144e+04 1.401217e+04 2.53485 6.422161e-01
6.520000e-01 4.000330e+00 2.360066e+00 2.735063e+00 1.141329e+01 1.237168e+04 1.398745e+04 2.53992 6.419307e-01
6.510000e-01 4.000330e+00 2.360753e+00 2.735793e+00 1.142205e+01 1.238010e+04 1.397342e+04 2.54188 6.424897e-01
6.500000e-01 4.000330e+00 2.361435e+00 2.736522e+00 1.143085e+01 1.238845e+04 1.395934e+04 2.54383 6.430442e-01
6.490000e-01 4.000330e+00 2.362111e+00 2.737241e+00 1.143969e+01 1.239667e+04 1.394520e+04 2.54577 6.435927e-01
6.480000e-01 4.000330e+00 2.362780e+00 2.737956e+00 1.144856e+01 1.240480e+04 1.393100e+04 2.54769 6.441349e-01
6.470000e-01 4.000330e+00 2.363443e+00 2.738663e+00 1.145745e+01 1.241280e+04 1.391677e+04 2.54959 6.446701e-01
6.460000e-01 4.000330e+00 2.364099e+00 2.739360e+00 1.146637e+01 1.242066e+04 1.390248e+04 2.55148 6.451981e-01
6.450000e-01 4.000330e+00 2.364747e+00 2.740049e+00 1.147532e+01 1.242842e+04 1.388814e+04 2.55335 6.457201e-01
6.440000e-01 4.000330e+00 2.365390e+00 2.740733e+00 1.148432e+01 1.243610e+04 1.387371e+04 2.5552 6.462373e-01
6.430000e-01 4.000330e+00 2.366027e+00 2.741411e+00 1.149337e+01 1.244369e+04 1.385919e+04 2.55705 6.467488e-01
6.420000e-01 4.000330e+00 2.366690e+00 2.742130e+00 1.150256e+01 1.245114e+04 1.384446e+04 2.5589 6.472428e-01
6.410000e-01 4.000330e+00 2.367316e+00 2.742798e+00 1.151171e+01 1.245854e+04 1.382975e+04 2.56071 6.477422e-01
6.400000e-01 4.000330e+00 2.367935e+00 2.743459e+00 1.152090e+01 1.246584e+04 1.381498e+04 2.5625 6.482356e-01
6.390000e-01 4.000330e+00 2.368547e+00 2.744112e+00 1.153012e+01 1.247304e+04 1.380014e+04 2.56427 6.487225e-01
6.380000e-01 4.000330e+00 2.369153e+00 2.744757e+00 1.153940e+01 1.248014e+04 1.378521e+04 2.56602 6.492037e-01
6.370000e-01 4.000330e+00 2.369751e+00 2.745397e+00 1.154873e+01 1.248715e+04 1.377020e+04 2.56776 6.496788e-01
6.360000e-01 4.000330e+00 2.370344e+00 2.746032e+00 1.155810e+01 1.249406e+04 1.375511e+04 2.56947 6.501478e-01
6.350000e-01 4.000330e+00 2.370930e+00 2.746658e+00 1.156750e+01 1.250085e+04 1.373996e+04 2.57117 6.506100e-01
6.340000e-01 4.000330e+00 2.371508e+00 2.747277e+00 1.157695e+01 1.250753e+04 1.372475e+04 2.57285 6.510653e-01
6.330000e-01 4.000330e+00 2.372078e+00 2.747886e+00 1.158641e+01 1.251407e+04 1.370949e+04 2.57451 6.515129e-01
6.320000e-01 4.000330e+00 2.372639e+00 2.748483e+00 1.159591e+01 1.252049e+04 1.369419e+04 2.57615 6.519530e-01
6.310000e-01 4.000330e+00 2.373193e+00 2.749073e+00 1.160545e+01 1.252682e+04 1.367879e+04 2.57777 6.523876e-01
6.300000e-01 4.000330e+00 2.373739e+00 2.749655e+00 1.161505e+01 1.253305e+04 1.366330e+04 2.57936 6.528160e-01
6.290000e-01 4.000330e+00 2.374278e+00 2.750230e+00 1.162471e+01 1.253919e+04 1.364770e+04 2.58094 6.532381e-01
6.280000e-01 4.000330e+00 2.374809e+00 2.750798e+00 1.163441e+01 1.254524e+04 1.363201e+04 2.58249 6.536535e-01
6.270000e-01 4.000330e+00 2.375361e+00 2.751398e+00 1.164426e+01 1.255111e+04 1.361611e+04 2.58405 6.540494e-01
6.260000e-01 4.000330e+00 2.375877e+00 2.751949e+00 1.165406e+01 1.255694e+04 1.360024e+04 2.58555 6.544495e-01
6.250000e-01 4.000330e+00 2.376383e+00 2.752491e+00 1.166391e+01 1.256267e+04 1.358429e+04 2.58703 6.548434e-01
6.240000e-01 4.000330e+00 2.376882e+00 2.753023e+00 1.167382e+01 1.256829e+04 1.356824e+04 2.58849 6.552309e-01
6.230000e-01 4.000330e+00 2.377373e+00 2.753550e+00 1.168377e+01 1.257382e+04 1.355211e+04 2.58992 6.556116e-01
6.220000e-01 4.000330e+00 2.377857e+00 2.754068e+00 1.169378e+01 1.257923e+04 1.353590e+04 2.59134 6.559856e-01
6.210000e-01 4.000330e+00 2.378333e+00 2.754578e+00 1.170382e+01 1.258452e+04 1.351964e+04 2.59274 6.563526e-01
6.200000e-01 4.000330e+00 2.378800e+00 2.755079e+00 1.171390e+01 1.258969e+04 1.350333e+04 2.59411 6.567120e-01
6.190000e-01 4.000330e+00 2.379257e+00 2.755567e+00 1.172401e+01 1.259471e+04 1.348696e+04 2.59546 6.570635e-01
6.180000e-01 4.000330e+00 2.379705e+00 2.756046e+00 1.173416e+01 1.259963e+04 1.347052e+04 2.59679 6.574083e-01
6.170000e-01 4.000330e+00 2.380144e+00 2.756514e+00 1.174438e+01 1.260446e+04 1.345396e+04 2.59808 6.577461e-01
6.160000e-01 4.000330e+00 2.380574e+00 2.756973e+00 1.175466e+01 1.260918e+04 1.343730e+04 2.59936 6.580769e-01
6.150000e-01 4.000330e+00 2.380996e+00 2.757425e+00 1.176501e+01 1.261381e+04 1.342054e+04 2.6006 6.584006e-01
6.140000e-01 4.000330e+00 2.381408e+00 2.757866e+00 1.177541e+01 1.261832e+04 1.340367e+04 2.60182 6.587172e-01
6.130000e-01 4.000330e+00 2.381813e+00 2.758301e+00 1.178586e+01 1.262272e+04 1.338674e+04 2.60302 6.590265e-01
6.120000e-01 4.000330e+00 2.382237e+00 2.758767e+00 1.179645e+01 1.262695e+04 1.336959e+04 2.60422 6.593165e-01
6.110000e-01 4.000330e+00 2.382624e+00 2.759183e+00 1.180702e+01 1.263113e+04 1.335245e+04 2.60537 6.596110e-01
6.100000e-01 4.000330e+00 2.383002e+00 2.759589e+00 1.181765e+01 1.263521e+04 1.333522e+04 2.60649 6.598984e-01
6.090000e-01 4.000330e+00 2.383368e+00 2.759984e+00 1.182833e+01 1.263917e+04 1.331791e+04 2.60758 6.601775e-01
6.080000e-01 4.000330e+00 2.383724e+00 2.760366e+00 1.183905e+01 1.264301e+04 1.330051e+04 2.60863 6.604479e-01
6.070000e-01 4.000330e+00 2.384068e+00 2.760735e+00 1.184981e+01 1.264673e+04 1.328305e+04 2.60965 6.607094e-01
6.060000e-01 4.000330e+00 2.384401e+00 2.761089e+00 1.186060e+01 1.265031e+04 1.326553e+04 2.61064 6.609620e-01
6.050000e-01 4.000330e+00 2.384723e+00 2.761431e+00 1.187144e+01 1.265377e+04 1.324792e+04 2.61159 6.612068e-01
6.040000e-01 4.000330e+00 2.385034e+00 2.761764e+00 1.188236e+01 1.265714e+04 1.323020e+04 2.61252 6.614445e-01
6.030000e-01 4.000330e+00 2.385336e+00 2.762085e+00 1.189334e+01 1.266039e+04 1.321237e+04 2.61342 6.616745e-01
6.020000e-01 4.000330e+00 2.385629e+00 2.762398e+00 1.190440e+01 1.266354e+04 1.319443e+04 2.61429 6.618974e-01
6.010000e-01 4.000330e+00 2.385913e+00 2.762702e+00 1.191552e+01 1.266657e+04 1.317640e+04 2.61514 6.621128e-01
6.000000e-01 4.000330e+00 2.386186e+00 2.762995e+00 1.192670e+01 1.266949e+04 1.315827e+04 2.61595 6.623199e-01
5.990000e-01 4.000330e+00 2.386476e+00 2.763316e+00 1.193803e+01 1.267222e+04 1.313994e+04 2.61676 6.625071e-01
5.980000e-01 4.000330e+00 2.386730e+00 2.763589e+00 1.194935e+01 1.267490e+04 1.312160e+04 2.61752 6.626983e-01
5.970000e-01 4.000330e+00 2.386972e+00 2.763851e+00 1.196073e+01 1.267748e+04 1.310317e+04 2.61825 6.628817e-01
5.960000e-01 4.000330e+00 2.387205e+00 2.764102e+00 1.197217e+01 1.267993e+04 1.308466e+04 2.61894 6.630572e-01
5.950000e-01 4.000330e+00 2.387427e+00 2.764343e+00 1.198366e+01 1.268226e+04 1.306607e+04 2.61961 6.632246e-01
5.940000e-01 4.000330e+00 2.387638e+00 2.764570e+00 1.199519e+01 1.268446e+04 1.304742e+04 2.62024 6.633831e-01
5.930000e-01 4.000330e+00 2.387836e+00 2.764780e+00 1.200677e+01 1.268652e+04 1.302871e+04 2.62084 6.635323e-01
5.920000e-01 4.000330e+00 2.388021e+00 2.764977e+00 1.201840e+01 1.268847e+04 1.300990e+04 2.6214 6.636729e-01
5.910000e-01 4.000330e+00 2.388193e+00 2.765160e+00 1.203011e+01 1.269031e+04 1.299096e+04 2.62192 6.638047e-01
5.900000e-01 4.000330e+00 2.388354e+00 2.765330e+00 1.204191e+01 1.269203e+04 1.297190e+04 2.6224 6.639275e-01
5.890000e-01 4.000330e+00 2.388502e+00 2.765489e+00 1.205378e+01 1.269365e+04 1.295272e+04 2.62285 6.640416e-01
5.880000e-01 4.000330e+00 2.388640e+00 2.765634e+00 1.206572e+01 1.269513e+04 1.293343e+04 2.62326 6.641470e-01
5.870000e-01 4.000330e+00 2.388766e+00 2.765769e+00 1.207773e+01 1.269650e+04 1.291404e+04 2.62363 6.642437e-01
5.860000e-01 4.000330e+00 2.388908e+00 2.765930e+00 1.208989e+01 1.269768e+04 1.289445e+04 2.62401 6.643207e-01
5.850000e-01 4.000330e+00 2.389014e+00 2.766045e+00 1.210206e+01 1.269881e+04 1.287485e+04 2.62433 6.644014e-01
5.840000e-01 4.000330e+00 2.389109e+00 2.766148e+00 1.211430e+01 1.269982e+04 1.285516e+04 2.62461 6.644738e-01
5.830000e-01 4.000330e+00 2.389193e+00 2.766239e+00 1.212661e+01 1.270070e+04 1.283539e+04 2.62487 6.645381e-01
5.820000e-01 4.000330e+00 2.389266e+00 2.766320e+00 1.213897e+01 1.270146e+04 1.281554e+04 2.62509 6.645942e-01
5.810000e-01 4.000330e+00 2.389328e+00 2.766387e+00 1.215138e+01 1.270209e+04 1.279565e+04 2.62528 6.646413e-01
5.800000e-01 4.000330e+00 2.389377e+00 2.766437e+00 1.216383e+01 1.270258e+04 1.277569e+04 2.62544 6.646792e-01
5.790000e-01 4.000330e+00 2.389411e+00 2.766473e+00 1.217637e+01 1.270296e+04 1.275561e+04 2.62555 6.647081e-01
5.780000e-01 4.000330e+00 2.389431e+00 2.766491e+00 1.218900e+01 1.270321e+04 1.273538e+04 2.62562 6.647267e-01
5.770000e-01 4.000330e+00 2.389438e+00 2.766497e+00 1.220172e+01 1.270335e+04 1.271503e+04 2.62564 6.647360e-01
5.760000e-01 4.000330e+00 2.389433e+00 2.766490e+00 1.221452e+01 1.270337e+04 1.269456e+04 2.62562 6.647357e-01
5.764701e-01 4.000330e+00 2.390019e+00 2.767316e+00 1.220987e+01 1.270235e+04 1.270258e+04 2.62653 6.645854e-01
