1.000000e+00 4.065890e+00 2.070464e+00 2.441956e+00 9.622921e+00 0.000000e+00 1.756628e+04 0 0.000000e+00
9.990000e-01 4.065890e+00 2.072780e+00 2.444023e+00 9.633934e+00 7.473693e+02 1.743495e+04 1.82173 3.605780e-02
9.980000e-01 4.065890e+00 2.073059e+00 2.444061e+00 9.635360e+00 1.048451e+03 1.739053e+04 1.92647 5.347802e-02
9.970000e-01 4.065890e+00 2.073997e+00 2.445092e+00 9.639700e+00 1.283010e+03 1.735424e+04 1.82594 6.197074e-02
9.960000e-01 4.065890e+00 2.074275e+00 2.445119e+00 9.641264e+00 1.479016e+03 1.732613e+04 1.87028 7.315315e-02
9.950000e-01 4.065890e+00 2.075215e+00 2.446098e+00 9.645639e+00 1.649301e+03 1.729860e+04 1.82869 7.968964e-02
9.940000e-01 4.065890e+00 2.075532e+00 2.446173e+00 9.647283e+00 1.808113e+03 1.727635e+04 1.85868 8.876860e-02
9.930000e-01 4.065890e+00 2.075630e+00 2.446008e+00 9.649151e+00 1.955013e+03 1.725584e+04 1.85735 9.590273e-02
9.920000e-01 4.065890e+00 2.077139e+00 2.447766e+00 9.654683e+00 2.090077e+03 1.723156e+04 1.83301 1.010377e-01
9.910000e-01 4.065890e+00 2.077344e+00 2.447751e+00 9.656328e+00 2.220175e+03 1.721384e+04 1.84385 1.079401e-01
9.900000e-01 4.065890e+00 2.077753e+00 2.447998e+00 9.658449e+00 2.342741e+03 1.719683e+04 1.85335 1.144412e-01
9.890000e-01 4.065890e+00 2.079123e+00 2.449601e+00 9.663653e+00 2.457559e+03 1.717580e+04 1.83734 1.188561e-01
9.880000e-01 4.065890e+00 2.079365e+00 2.449655e+00 9.665328e+00 2.569560e+03 1.716088e+04 1.84562 1.248037e-01
9.870000e-01 4.065890e+00 2.079785e+00 2.449931e+00 9.667450e+00 2.676162e+03 1.714626e+04 1.8532 1.304625e-01
9.860000e-01 4.065890e+00 2.081131e+00 2.451510e+00 9.672603e+00 2.776165e+03 1.712733e+04 1.84172 1.343252e-01
9.850000e-01 4.065890e+00 2.081365e+00 2.451557e+00 9.674280e+00 2.875142e+03 1.711439e+04 1.84819 1.395718e-01
9.840000e-01 4.065890e+00 2.081783e+00 2.451831e+00 9.676414e+00 2.970378e+03 1.710144e+04 1.85466 1.446412e-01
9.830000e-01 4.065890e+00 2.083143e+00 2.453426e+00 9.681607e+00 3.060366e+03 1.708380e+04 1.84614 1.481452e-01
9.820000e-01 4.065890e+00 2.083386e+00 2.453488e+00 9.683309e+00 3.150715e+03 1.707218e+04 1.85168 1.529404e-01
9.810000e-01 4.065890e+00 2.083806e+00 2.453766e+00 9.685457e+00 3.237848e+03 1.706042e+04 1.85728 1.575819e-01
9.800000e-01 4.065890e+00 2.085170e+00 2.455365e+00 9.690677e+00 3.319954e+03 1.704376e+04 1.85061 1.607872e-01
9.790000e-01 4.065890e+00 2.085405e+00 2.455417e+00 9.692387e+00 3.403192e+03 1.703319e+04 1.85535 1.652031e-01
9.780000e-01 4.065890e+00 2.085815e+00 2.455680e+00 9.694542e+00 3.483631e+03 1.702238e+04 1.86028 1.694912e-01
9.770000e-01 4.065890e+00 2.087195e+00 2.457290e+00 9.699808e+00 3.558995e+03 1.700652e+04 1.8551 1.724474e-01
9.760000e-01 4.065890e+00 2.087395e+00 2.457292e+00 9.701499e+00 3.635813e+03 1.699690e+04 1.85906 1.765115e-01
9.750000e-01 4.065890e+00 2.087776e+00 2.457507e+00 9.703648e+00 3.710240e+03 1.698694e+04 1.86343 1.804824e-01
9.740000e-01 4.065890e+00 2.089193e+00 2.459149e+00 9.709009e+00 3.780171e+03 1.697161e+04 1.85959 1.832563e-01
9.730000e-01 4.065890e+00 2.089391e+00 2.459140e+00 9.710726e+00 3.853030e+03 1.696260e+04 1.86326 1.871214e-01
9.720000e-01 4.065890e+00 2.089794e+00 2.459381e+00 9.712927e+00 3.924062e+03 1.695310e+04 1.86748 1.909290e-01
9.710000e-01 4.065890e+00 2.091222e+00 2.461041e+00 9.718353e+00 3.990947e+03 1.693810e+04 1.86414 1.935718e-01
9.700000e-01 4.065890e+00 2.091443e+00 2.461066e+00 9.720108e+00 4.060541e+03 1.692958e+04 1.86763 1.972738e-01
9.690000e-01 4.065890e+00 2.091861e+00 2.461331e+00 9.722335e+00 4.128423e+03 1.692054e+04 1.87161 2.009195e-01
9.680000e-01 4.065890e+00 2.093287e+00 2.462993e+00 9.727778e+00 4.192346e+03 1.690591e+04 1.86875 2.034405e-01
9.670000e-01 4.065890e+00 2.093520e+00 2.463040e+00 9.729553e+00 4.258758e+03 1.689783e+04 1.872 2.069772e-01
9.660000e-01 4.065890e+00 2.093935e+00 2.463304e+00 9.731782e+00 4.323368e+03 1.688924e+04 1.87568 2.104464e-01
9.650000e-01 4.065890e+00 2.095365e+00 2.464972e+00 9.737240e+00 4.383949e+03 1.687501e+04 1.87337 2.128422e-01
9.640000e-01 4.065890e+00 2.095596e+00 2.465017e+00 9.739024e+00 4.447413e+03 1.686736e+04 1.87639 2.162235e-01
9.630000e-01 4.065890e+00 2.096017e+00 2.465290e+00 9.741273e+00 4.509359e+03 1.685913e+04 1.87991 2.195583e-01
9.620000e-01 4.065890e+00 2.097456e+00 2.466971e+00 9.746768e+00 4.567400e+03 1.684517e+04 1.87803 2.218575e-01
9.610000e-01 4.065890e+00 2.097689e+00 2.467020e+00 9.748564e+00 4.628290e+03 1.683790e+04 1.88086 2.251031e-01
9.600000e-01 4.065890e+00 2.098106e+00 2.467289e+00 9.750820e+00 4.687670e+03 1.683004e+04 1.88417 2.283022e-01
9.590000e-01 4.065890e+00 2.099557e+00 2.468982e+00 9.756353e+00 4.743142e+03 1.681635e+04 1.88272 2.305073e-01
9.580000e-01 4.065890e+00 2.099781e+00 2.469020e+00 9.758156e+00 4.801657e+03 1.680943e+04 1.88535 2.336267e-01
9.570000e-01 4.065890e+00 2.100186e+00 2.469270e+00 9.760413e+00 4.858575e+03 1.680190e+04 1.88846 2.366941e-01
9.560000e-01 4.065890e+00 2.101652e+00 2.470976e+00 9.765988e+00 4.911160e+03 1.678848e+04 1.88742 2.387917e-01
9.550000e-01 4.065890e+00 2.101851e+00 2.470975e+00 9.767782e+00 4.967257e+03 1.678189e+04 1.88982 2.417801e-01
9.540000e-01 4.065890e+00 2.102255e+00 2.471218e+00 9.770064e+00 5.022184e+03 1.677461e+04 1.89286 2.447532e-01
9.530000e-01 4.065890e+00 2.103749e+00 2.472953e+00 9.775730e+00 5.073252e+03 1.676123e+04 1.89216 2.467991e-01
9.520000e-01 4.065890e+00 2.103963e+00 2.472971e+00 9.777564e+00 5.128078e+03 1.675481e+04 1.89454 2.497297e-01
9.510000e-01 4.065890e+00 2.104376e+00 2.473226e+00 9.779875e+00 5.181612e+03 1.674770e+04 1.8975 2.526311e-01
9.500000e-01 4.065890e+00 2.105877e+00 2.474974e+00 9.785588e+00 5.231226e+03 1.673443e+04 1.89695 2.546135e-01
9.490000e-01 4.065890e+00 2.106103e+00 2.475011e+00 9.787445e+00 5.284547e+03 1.672821e+04 1.89927 2.574681e-01
9.480000e-01 4.065890e+00 2.106522e+00 2.475277e+00 9.789772e+00 5.336574e+03 1.672130e+04 1.90214 2.602916e-01
9.470000e-01 4.065890e+00 2.108027e+00 2.477031e+00 9.795510e+00 5.384615e+03 1.670819e+04 1.90179 2.622112e-01
9.460000e-01 4.065890e+00 2.108250e+00 2.477068e+00 9.797375e+00 5.436301e+03 1.670219e+04 1.90399 2.649792e-01
9.450000e-01 4.065890e+00 2.108669e+00 2.477334e+00 9.799715e+00 5.486785e+03 1.669548e+04 1.90677 2.677242e-01
9.440000e-01 4.065890e+00 2.110231e+00 2.479163e+00 9.805580e+00 5.533366e+03 1.668233e+04 1.90669 2.695864e-01
9.430000e-01 4.065890e+00 2.110431e+00 2.479169e+00 9.807412e+00 5.583860e+03 1.667659e+04 1.90882 2.722978e-01
9.420000e-01 4.065890e+00 2.110842e+00 2.479426e+00 9.809752e+00 5.633074e+03 1.667006e+04 1.91151 2.749780e-01
9.410000e-01 4.065890e+00 2.112408e+00 2.481260e+00 9.815648e+00 5.678199e+03 1.665702e+04 1.9116 2.767824e-01
9.400000e-01 4.065890e+00 2.112603e+00 2.481260e+00 9.817488e+00 5.727304e+03 1.665145e+04 1.91362 2.794201e-01
9.390000e-01 4.065890e+00 2.113010e+00 2.481510e+00 9.819835e+00 5.775116e+03 1.664509e+04 1.91622 2.820271e-01
9.380000e-01 4.065890e+00 2.114589e+00 2.483359e+00 9.825772e+00 5.818633e+03 1.663216e+04 1.91652 2.837719e-01
9.370000e-01 4.065890e+00 2.114764e+00 2.483332e+00 9.827600e+00 5.866133e+03 1.662681e+04 1.9184 2.863213e-01
9.360000e-01 4.065890e+00 2.115154e+00 2.483556e+00 9.829943e+00 5.912340e+03 1.662064e+04 1.92088 2.888438e-01
9.350000e-01 4.065890e+00 2.116760e+00 2.485431e+00 9.835942e+00 5.954363e+03 1.660779e+04 1.92145 2.905413e-01
9.340000e-01 4.065890e+00 2.116933e+00 2.485400e+00 9.837793e+00 6.000974e+03 1.660256e+04 1.9233 2.930495e-01
9.330000e-01 4.065890e+00 2.117336e+00 2.485638e+00 9.840178e+00 6.046467e+03 1.659647e+04 1.9258 2.955431e-01
9.320000e-01 4.065890e+00 2.118956e+00 2.487531e+00 9.846255e+00 6.087772e+03 1.658359e+04 1.92644 2.972058e-01
9.310000e-01 4.065890e+00 2.119140e+00 2.487515e+00 9.848134e+00 6.133534e+03 1.657846e+04 1.92828 2.996733e-01
9.300000e-01 4.065890e+00 2.119548e+00 2.487763e+00 9.850540e+00 6.178131e+03 1.657247e+04 1.93074 3.021214e-01
9.290000e-01 4.065890e+00 2.121176e+00 2.489668e+00 9.856657e+00 6.218491e+03 1.655964e+04 1.93148 3.037448e-01
9.280000e-01 4.065890e+00 2.121362e+00 2.489658e+00 9.858551e+00 6.263275e+03 1.655464e+04 1.93327 3.061617e-01
9.270000e-01 4.065890e+00 2.121766e+00 2.489902e+00 9.860964e+00 6.306822e+03 1.654878e+04 1.93566 3.085544e-01
9.260000e-01 4.065890e+00 2.123407e+00 2.491822e+00 9.867122e+00 6.346100e+03 1.653601e+04 1.93654 3.101382e-01
9.250000e-01 4.065890e+00 2.123593e+00 2.491813e+00 9.869032e+00 6.390029e+03 1.653112e+04 1.9383 3.125127e-01
9.240000e-01 4.065890e+00 2.124004e+00 2.492065e+00 9.871471e+00 6.432812e+03 1.652535e+04 1.94068 3.148699e-01
9.230000e-01 4.065890e+00 2.125656e+00 2.494000e+00 9.877687e+00 6.471276e+03 1.651258e+04 1.94166 3.164198e-01
9.220000e-01 4.065890e+00 2.125841e+00 2.493992e+00 9.879613e+00 6.514356e+03 1.650779e+04 1.94337 3.187511e-01
9.210000e-01 4.065890e+00 2.126249e+00 2.494239e+00 9.882064e+00 6.556247e+03 1.650211e+04 1.9457 3.210624e-01
9.200000e-01 4.065890e+00 2.127916e+00 2.496192e+00 9.888330e+00 6.593686e+03 1.648936e+04 1.9468 3.225733e-01
9.190000e-01 4.065890e+00 2.128091e+00 2.496169e+00 9.890258e+00 6.635779e+03 1.648468e+04 1.94844 3.248520e-01
9.180000e-01 4.065890e+00 2.128482e+00 2.496394e+00 9.892704e+00 6.676548e+03 1.647913e+04 1.95067 3.271027e-01
9.170000e-01 4.065890e+00 2.130170e+00 2.498367e+00 9.899019e+00 6.712683e+03 1.646642e+04 1.95196 3.285677e-01
9.160000e-01 4.065890e+00 2.130331e+00 2.498324e+00 9.900951e+00 6.753911e+03 1.646185e+04 1.95353 3.308025e-01
9.150000e-01 4.065890e+00 2.130731e+00 2.498557e+00 9.903432e+00 6.794056e+03 1.645634e+04 1.95579 3.330290e-01
9.140000e-01 4.065890e+00 2.132439e+00 2.500554e+00 9.909832e+00 6.829712e+03 1.644356e+04 1.95716 3.344744e-01
9.130000e-01 4.065890e+00 2.132610e+00 2.500524e+00 9.911796e+00 6.870433e+03 1.643903e+04 1.95875 3.366873e-01
9.120000e-01 4.065890e+00 2.133013e+00 2.500762e+00 9.914300e+00 6.909980e+03 1.643358e+04 1.96098 3.388839e-01
9.110000e-01 4.065890e+00 2.134732e+00 2.502775e+00 9.920754e+00 6.944955e+03 1.642077e+04 1.96242 3.402993e-01
9.100000e-01 4.065890e+00 2.134906e+00 2.502752e+00 9.922734e+00 6.984992e+03 1.641632e+04 1.96398 3.424776e-01
9.090000e-01 4.065890e+00 2.135306e+00 2.502988e+00 9.925247e+00 7.023788e+03 1.641095e+04 1.96617 3.446347e-01
9.080000e-01 4.065890e+00 2.137037e+00 2.505015e+00 9.931738e+00 7.057877e+03 1.639817e+04 1.9677 3.460160e-01
9.070000e-01 4.065890e+00 2.137206e+00 2.504988e+00 9.933728e+00 7.097191e+03 1.639380e+04 1.96922 3.481571e-01
9.060000e-01 4.065890e+00 2.137609e+00 2.505229e+00 9.936262e+00 7.135357e+03 1.638849e+04 1.9714 3.502852e-01
9.050000e-01 4.065890e+00 2.139354e+00 2.507274e+00 9.942813e+00 7.168841e+03 1.637569e+04 1.97302 3.516432e-01
9.040000e-01 4.065890e+00 2.139524e+00 2.507249e+00 9.944822e+00 7.207584e+03 1.637138e+04 1.97452 3.537565e-01
9.030000e-01 4.065890e+00 2.139924e+00 2.507486e+00 9.947371e+00 7.245115e+03 1.636614e+04 1.97667 3.558525e-01
9.020000e-01 4.065890e+00 2.141686e+00 2.509550e+00 9.953980e+00 7.277847e+03 1.635332e+04 1.97838 3.571810e-01
9.010000e-01 4.065890e+00 2.141847e+00 2.509515e+00 9.955997e+00 7.315896e+03 1.634909e+04 1.97984 3.592585e-01
9.000000e-01 4.065890e+00 2.142236e+00 2.509736e+00 9.958549e+00 7.352639e+03 1.634392e+04 1.98193 3.613132e-01
8.990000e-01 4.065890e+00 2.144016e+00 2.511819e+00 9.965208e+00 7.384339e+03 1.633111e+04 1.98376 3.626027e-01
8.980000e-01 4.065890e+00 2.144161e+00 2.511761e+00 9.967224e+00 7.421638e+03 1.632697e+04 1.98515 3.646415e-01
8.970000e-01 4.065890e+00 2.144552e+00 2.511982e+00 9.969802e+00 7.457813e+03 1.632184e+04 1.98725 3.666731e-01
8.960000e-01 4.065890e+00 2.146356e+00 2.514092e+00 9.976551e+00 7.489107e+03 1.630894e+04 1.98917 3.679483e-01
8.950000e-01 4.065890e+00 2.146509e+00 2.514045e+00 9.978603e+00 7.526098e+03 1.630482e+04 1.99059 3.699762e-01
8.940000e-01 4.065890e+00 2.146904e+00 2.514271e+00 9.981211e+00 7.561883e+03 1.629972e+04 1.99269 3.719900e-01
8.930000e-01 4.065890e+00 2.148722e+00 2.516401e+00 9.988032e+00 7.592691e+03 1.628675e+04 1.99465 3.732419e-01
8.920000e-01 4.065890e+00 2.148878e+00 2.516360e+00 9.990104e+00 7.629190e+03 1.628267e+04 1.99606 3.752459e-01
8.910000e-01 4.065890e+00 2.149270e+00 2.516585e+00 9.992725e+00 7.664424e+03 1.627762e+04 1.99813 3.772315e-01
8.900000e-01 4.065890e+00 2.151145e+00 2.518792e+00 9.999678e+00 7.694487e+03 1.626450e+04 2.00021 3.784457e-01
8.890000e-01 4.065890e+00 2.151266e+00 2.518704e+00 1.000170e+01 7.730413e+03 1.626058e+04 2.00155 3.804244e-01
8.880000e-01 4.065890e+00 2.151650e+00 2.518918e+00 1.000432e+01 7.765114e+03 1.625560e+04 2.0036 3.823867e-01
8.870000e-01 4.065890e+00 2.153536e+00 2.521138e+00 1.001132e+01 7.794655e+03 1.624246e+04 2.00576 3.835824e-01
8.860000e-01 4.065890e+00 2.153655e+00 2.521051e+00 1.001337e+01 7.830144e+03 1.623858e+04 2.00708 3.855405e-01
8.850000e-01 4.065890e+00 2.154035e+00 2.521260e+00 1.001600e+01 7.864349e+03 1.623364e+04 2.00911 3.874784e-01
8.840000e-01 4.065890e+00 2.155940e+00 2.523502e+00 1.002307e+01 7.893270e+03 1.622045e+04 2.01135 3.886489e-01
8.830000e-01 4.065890e+00 2.156050e+00 2.523405e+00 1.002512e+01 7.928204e+03 1.621663e+04 2.01263 3.905790e-01
8.820000e-01 4.065890e+00 2.156420e+00 2.523599e+00 1.002776e+01 7.961779e+03 1.621175e+04 2.01461 3.924846e-01
8.810000e-01 4.065890e+00 2.158344e+00 2.525862e+00 1.003488e+01 7.989843e+03 1.619854e+04 2.01695 3.936218e-01
8.800000e-01 4.065890e+00 2.158436e+00 2.525740e+00 1.003693e+01 8.024143e+03 1.619479e+04 2.01818 3.955195e-01
8.790000e-01 4.065890e+00 2.158806e+00 2.525932e+00 1.003959e+01 8.057231e+03 1.618994e+04 2.02017 3.974056e-01
8.780000e-01 4.065890e+00 2.160755e+00 2.528224e+00 1.004681e+01 8.084936e+03 1.617663e+04 2.02259 3.985300e-01
8.770000e-01 4.065890e+00 2.160853e+00 2.528110e+00 1.004889e+01 8.119013e+03 1.617289e+04 2.02385 4.004214e-01
8.760000e-01 4.065890e+00 2.161226e+00 2.528306e+00 1.005158e+01 8.151816e+03 1.616804e+04 2.02584 4.022958e-01
8.750000e-01 4.065890e+00 2.163192e+00 2.530620e+00 1.005889e+01 8.179135e+03 1.615463e+04 2.0283 4.034003e-01
8.740000e-01 4.065890e+00 2.163292e+00 2.530512e+00 1.006099e+01 8.212844e+03 1.615091e+04 2.02955 4.052748e-01
8.730000e-01 4.065890e+00 2.163661e+00 2.530705e+00 1.006370e+01 8.245211e+03 1.614610e+04 2.03152 4.071276e-01
8.720000e-01 4.065890e+00 2.165643e+00 2.533038e+00 1.007106e+01 8.271939e+03 1.613264e+04 2.03404 4.082069e-01
8.710000e-01 4.065890e+00 2.166457e+00 2.533842e+00 1.007512e+01 8.302587e+03 1.612534e+04 2.03594 4.097932e-01
8.700000e-01 4.065890e+00 2.167277e+00 2.534652e+00 1.007921e+01 8.333066e+03 1.611801e+04 2.03786 4.113749e-01
8.690000e-01 4.065890e+00 2.168100e+00 2.535466e+00 1.008331e+01 8.363415e+03 1.611068e+04 2.03979 4.129507e-01
8.680000e-01 4.065890e+00 2.168923e+00 2.536282e+00 1.008743e+01 8.393616e+03 1.610335e+04 2.04173 4.145199e-01
8.670000e-01 4.065890e+00 2.169748e+00 2.537099e+00 1.009155e+01 8.423647e+03 1.609601e+04 2.04366 4.160814e-01
8.660000e-01 4.065890e+00 2.170574e+00 2.537917e+00 1.009569e+01 8.453520e+03 1.608868e+04 2.04561 4.176358e-01
8.650000e-01 4.065890e+00 2.171399e+00 2.538734e+00 1.009983e+01 8.483193e+03 1.608136e+04 2.04755 4.191809e-01
8.640000e-01 4.065890e+00 2.172223e+00 2.539549e+00 1.010397e+01 8.512626e+03 1.607404e+04 2.04949 4.207150e-01
8.630000e-01 4.065890e+00 2.173046e+00 2.540361e+00 1.010812e+01 8.541837e+03 1.606674e+04 2.05143 4.222390e-01
8.620000e-01 4.065890e+00 2.173870e+00 2.541173e+00 1.011229e+01 8.570942e+03 1.605942e+04 2.05338 4.237588e-01
8.610000e-01 4.065890e+00 2.174697e+00 2.541989e+00 1.011648e+01 8.599988e+03 1.605208e+04 2.05534 4.252766e-01
8.600000e-01 4.065890e+00 2.175527e+00 2.542810e+00 1.012069e+01 8.628970e+03 1.604473e+04 2.05731 4.267918e-01
8.590000e-01 4.065890e+00 2.176360e+00 2.543634e+00 1.012491e+01 8.657858e+03 1.603736e+04 2.05928 4.283030e-01
8.580000e-01 4.065890e+00 2.177196e+00 2.544462e+00 1.012915e+01 8.686650e+03 1.602998e+04 2.06126 4.298100e-01
8.570000e-01 4.065890e+00 2.178033e+00 2.545293e+00 1.013341e+01 8.715336e+03 1.602259e+04 2.06324 4.313124e-01
8.560000e-01 4.065890e+00 2.178872e+00 2.546126e+00 1.013767e+01 8.743882e+03 1.601520e+04 2.06523 4.328083e-01
8.550000e-01 4.065890e+00 2.179712e+00 2.546960e+00 1.014195e+01 8.772262e+03 1.600781e+04 2.06722 4.342966e-01
8.540000e-01 4.065890e+00 2.180552e+00 2.547795e+00 1.014623e+01 8.800489e+03 1.600042e+04 2.06921 4.357780e-01
8.530000e-01 4.065890e+00 2.181393e+00 2.548631e+00 1.015053e+01 8.828606e+03 1.599302e+04 2.0712 4.372546e-01
8.520000e-01 4.065890e+00 2.182237e+00 2.549471e+00 1.015484e+01 8.856618e+03 1.598561e+04 2.07321 4.387266e-01
8.510000e-01 4.065890e+00 2.183082e+00 2.550313e+00 1.015916e+01 8.884515e+03 1.597819e+04 2.07521 4.401935e-01
8.500000e-01 4.065890e+00 2.183928e+00 2.551156e+00 1.016350e+01 8.912266e+03 1.597077e+04 2.07722 4.416539e-01
8.490000e-01 4.065890e+00 2.184775e+00 2.552000e+00 1.016784e+01 8.939874e+03 1.596335e+04 2.07924 4.431078e-01
8.480000e-01 4.065890e+00 2.185622e+00 2.552844e+00 1.017220e+01 8.967328e+03 1.595592e+04 2.08125 4.445547e-01
8.470000e-01 4.065890e+00 2.186468e+00 2.553687e+00 1.017656e+01 8.994583e+03 1.594850e+04 2.08327 4.459925e-01
8.460000e-01 4.065890e+00 2.187313e+00 2.554527e+00 1.018093e+01 9.021623e+03 1.594108e+04 2.08529 4.474203e-01
8.450000e-01 4.065890e+00 2.188157e+00 2.555365e+00 1.018531e+01 9.048516e+03 1.593366e+04 2.0873 4.488419e-01
8.440000e-01 4.065890e+00 2.189003e+00 2.556206e+00 1.018970e+01 9.075351e+03 1.592622e+04 2.08933 4.502615e-01
8.430000e-01 4.065890e+00 2.189852e+00 2.557051e+00 1.019412e+01 9.102127e+03 1.591875e+04 2.09136 4.516790e-01
8.420000e-01 4.065890e+00 2.190748e+00 2.557959e+00 1.019865e+01 9.128789e+03 1.591113e+04 2.09345 4.530840e-01
8.410000e-01 4.065890e+00 2.191604e+00 2.558812e+00 1.020311e+01 9.155408e+03 1.590362e+04 2.0955 4.544946e-01
8.400000e-01 4.065890e+00 2.192461e+00 2.559668e+00 1.020758e+01 9.181947e+03 1.589610e+04 2.09755 4.559019e-01
8.390000e-01 4.065890e+00 2.193320e+00 2.560526e+00 1.021207e+01 9.208369e+03 1.588857e+04 2.09961 4.573041e-01
8.380000e-01 4.065890e+00 2.194180e+00 2.561386e+00 1.021656e+01 9.234656e+03 1.588104e+04 2.10167 4.586999e-01
8.370000e-01 4.065890e+00 2.195040e+00 2.562246e+00 1.022107e+01 9.260798e+03 1.587350e+04 2.10374 4.600893e-01
8.360000e-01 4.065890e+00 2.195901e+00 2.563107e+00 1.022559e+01 9.286836e+03 1.586595e+04 2.1058 4.614741e-01
8.350000e-01 4.065890e+00 2.196764e+00 2.563972e+00 1.023013e+01 9.312783e+03 1.585839e+04 2.10788 4.628550e-01
8.340000e-01 4.065890e+00 2.197629e+00 2.564838e+00 1.023468e+01 9.338629e+03 1.585082e+04 2.10995 4.642316e-01
8.330000e-01 4.065890e+00 2.198495e+00 2.565707e+00 1.023924e+01 9.364358e+03 1.584323e+04 2.11204 4.656028e-01
8.320000e-01 4.065890e+00 2.199361e+00 2.566575e+00 1.024382e+01 9.389940e+03 1.583564e+04 2.11412 4.669674e-01
8.310000e-01 4.065890e+00 2.200228e+00 2.567445e+00 1.024840e+01 9.415404e+03 1.582804e+04 2.11621 4.683268e-01
8.300000e-01 4.065890e+00 2.201093e+00 2.568312e+00 1.025300e+01 9.440677e+03 1.582044e+04 2.11829 4.696774e-01
8.290000e-01 4.065890e+00 2.201957e+00 2.569178e+00 1.025759e+01 9.465766e+03 1.581284e+04 2.12038 4.710195e-01
8.280000e-01 4.065890e+00 2.202821e+00 2.570041e+00 1.026220e+01 9.490703e+03 1.580524e+04 2.12247 4.723550e-01
8.270000e-01 4.065890e+00 2.203686e+00 2.570906e+00 1.026683e+01 9.515577e+03 1.579761e+04 2.12456 4.736883e-01
8.260000e-01 4.065890e+00 2.204554e+00 2.571776e+00 1.027148e+01 9.540405e+03 1.578996e+04 2.12667 4.750200e-01
8.250000e-01 4.065890e+00 2.205424e+00 2.572647e+00 1.027615e+01 9.565157e+03 1.578228e+04 2.12878 4.763486e-01
8.240000e-01 4.065890e+00 2.206298e+00 2.573524e+00 1.028084e+01 9.589845e+03 1.577459e+04 2.13089 4.776745e-01
8.230000e-01 4.065890e+00 2.207173e+00 2.574403e+00 1.028555e+01 9.614449e+03 1.576687e+04 2.13301 4.789969e-01
8.220000e-01 4.065890e+00 2.208050e+00 2.575284e+00 1.029027e+01 9.638956e+03 1.575914e+04 2.13514 4.803150e-01
8.210000e-01 4.065890e+00 2.208927e+00 2.576167e+00 1.029501e+01 9.663336e+03 1.575140e+04 2.13727 4.816272e-01
8.200000e-01 4.065890e+00 2.209805e+00 2.577050e+00 1.029976e+01 9.687591e+03 1.574365e+04 2.1394 4.829338e-01
8.190000e-01 4.065890e+00 2.210684e+00 2.577935e+00 1.030452e+01 9.711749e+03 1.573588e+04 2.14154 4.842363e-01
8.180000e-01 4.065890e+00 2.211564e+00 2.578822e+00 1.030929e+01 9.735829e+03 1.572810e+04 2.14368 4.855354e-01
8.170000e-01 4.065890e+00 2.212446e+00 2.579712e+00 1.031409e+01 9.759816e+03 1.572030e+04 2.14583 4.868305e-01
8.160000e-01 4.065890e+00 2.213329e+00 2.580602e+00 1.031890e+01 9.783687e+03 1.571248e+04 2.14797 4.881204e-01
8.150000e-01 4.065890e+00 2.214212e+00 2.581494e+00 1.032372e+01 9.807434e+03 1.570466e+04 2.15013 4.894046e-01
8.140000e-01 4.065890e+00 2.215096e+00 2.582385e+00 1.032855e+01 9.831056e+03 1.569682e+04 2.15228 4.906833e-01
8.130000e-01 4.065890e+00 2.215978e+00 2.583275e+00 1.033339e+01 9.854506e+03 1.568898e+04 2.15443 4.919540e-01
8.120000e-01 4.065890e+00 2.216858e+00 2.584161e+00 1.033823e+01 9.877780e+03 1.568114e+04 2.15659 4.932166e-01
8.110000e-01 4.065890e+00 2.217738e+00 2.585047e+00 1.034309e+01 9.900935e+03 1.567329e+04 2.15874 4.944743e-01
8.100000e-01 4.065890e+00 2.218620e+00 2.585934e+00 1.034797e+01 9.924041e+03 1.566541e+04 2.1609 4.957303e-01
8.090000e-01 4.065890e+00 2.219504e+00 2.586825e+00 1.035287e+01 9.947084e+03 1.565749e+04 2.16307 4.969839e-01
8.080000e-01 4.065890e+00 2.220391e+00 2.587719e+00 1.035779e+01 9.970068e+03 1.564956e+04 2.16525 4.982351e-01
8.070000e-01 4.065890e+00 2.221280e+00 2.588617e+00 1.036274e+01 9.992983e+03 1.564159e+04 2.16743 4.994834e-01
8.060000e-01 4.065890e+00 2.222170e+00 2.589516e+00 1.036770e+01 1.001582e+04 1.563361e+04 2.16962 5.007283e-01
8.050000e-01 4.065890e+00 2.223062e+00 2.590418e+00 1.037268e+01 1.003856e+04 1.562560e+04 2.17181 5.019688e-01
8.040000e-01 4.065890e+00 2.223954e+00 2.591321e+00 1.037767e+01 1.006118e+04 1.561759e+04 2.174 5.032038e-01
8.030000e-01 4.065890e+00 2.224847e+00 2.592224e+00 1.038267e+01 1.008369e+04 1.560955e+04 2.1762 5.044340e-01
8.020000e-01 4.065890e+00 2.225740e+00 2.593128e+00 1.038769e+01 1.010612e+04 1.560150e+04 2.17839 5.056608e-01
8.010000e-01 4.065890e+00 2.226678e+00 2.594095e+00 1.039282e+01 1.012843e+04 1.559328e+04 2.18065 5.068738e-01
8.000000e-01 4.065890e+00 2.227575e+00 2.595006e+00 1.039788e+01 1.015069e+04 1.558518e+04 2.18286 5.080930e-01
7.990000e-01 4.065890e+00 2.228472e+00 2.595916e+00 1.040295e+01 1.017284e+04 1.557707e+04 2.18507 5.093071e-01
7.980000e-01 4.065890e+00 2.229369e+00 2.596826e+00 1.040803e+01 1.019487e+04 1.556894e+04 2.18728 5.105160e-01
7.970000e-01 4.065890e+00 2.230265e+00 2.597735e+00 1.041312e+01 1.021676e+04 1.556080e+04 2.18949 5.117188e-01
7.960000e-01 4.065890e+00 2.231160e+00 2.598641e+00 1.041822e+01 1.023849e+04 1.555266e+04 2.19171 5.129137e-01
7.950000e-01 4.065890e+00 2.232053e+00 2.599545e+00 1.042333e+01 1.026007e+04 1.554451e+04 2.19392 5.141022e-01
7.940000e-01 4.065890e+00 2.232946e+00 2.600450e+00 1.042846e+01 1.028158e+04 1.553633e+04 2.19614 5.152878e-01
7.930000e-01 4.065890e+00 2.233842e+00 2.601357e+00 1.043361e+01 1.030303e+04 1.552812e+04 2.19836 5.164716e-01
7.920000e-01 4.065890e+00 2.234740e+00 2.602267e+00 1.043879e+01 1.032442e+04 1.551987e+04 2.20059 5.176528e-01
7.910000e-01 4.065890e+00 2.235640e+00 2.603180e+00 1.044398e+01 1.034576e+04 1.551160e+04 2.20283 5.188316e-01
7.900000e-01 4.065890e+00 2.236541e+00 2.604096e+00 1.044920e+01 1.036702e+04 1.550330e+04 2.20507 5.200072e-01
7.890000e-01 4.065890e+00 2.237444e+00 2.605014e+00 1.045444e+01 1.038820e+04 1.549497e+04 2.20731 5.211792e-01
7.880000e-01 4.065890e+00 2.238348e+00 2.605932e+00 1.045969e+01 1.040926e+04 1.548663e+04 2.20956 5.223462e-01
7.870000e-01 4.065890e+00 2.239251e+00 2.606851e+00 1.046496e+01 1.043023e+04 1.547827e+04 2.21181 5.235083e-01
7.860000e-01 4.065890e+00 2.240155e+00 2.607771e+00 1.047024e+01 1.045111e+04 1.546988e+04 2.21406 5.246669e-01
7.850000e-01 4.065890e+00 2.241060e+00 2.608693e+00 1.047554e+01 1.047192e+04 1.546147e+04 2.21632 5.258227e-01
7.840000e-01 4.065890e+00 2.241966e+00 2.609617e+00 1.048087e+01 1.049264e+04 1.545303e+04 2.21858 5.269746e-01
7.830000e-01 4.065890e+00 2.242873e+00 2.610542e+00 1.048620e+01 1.051326e+04 1.544457e+04 2.22085 5.281218e-01
7.820000e-01 4.065890e+00 2.243780e+00 2.611467e+00 1.049155e+01 1.053377e+04 1.543610e+04 2.22311 5.292638e-01
7.810000e-01 4.065890e+00 2.244686e+00 2.612391e+00 1.049692e+01 1.055416e+04 1.542761e+04 2.22538 5.304005e-01
7.800000e-01 4.065890e+00 2.245590e+00 2.613312e+00 1.050229e+01 1.057439e+04 1.541911e+04 2.22764 5.315297e-01
7.790000e-01 4.065890e+00 2.246492e+00 2.614230e+00 1.050767e+01 1.059447e+04 1.541060e+04 2.22991 5.326524e-01
7.780000e-01 4.065890e+00 2.247394e+00 2.615149e+00 1.051307e+01 1.061447e+04 1.540206e+04 2.23218 5.337718e-01
7.770000e-01 4.065890e+00 2.248298e+00 2.616069e+00 1.051850e+01 1.063441e+04 1.539349e+04 2.23445 5.348892e-01
7.760000e-01 4.065890e+00 2.249203e+00 2.616992e+00 1.052395e+01 1.065430e+04 1.538488e+04 2.23673 5.360041e-01
7.750000e-01 4.065890e+00 2.250111e+00 2.617918e+00 1.052942e+01 1.067412e+04 1.537624e+04 2.23901 5.371165e-01
7.740000e-01 4.065890e+00 2.251020e+00 2.618846e+00 1.053492e+01 1.069388e+04 1.536757e+04 2.2413 5.382261e-01
7.730000e-01 4.065890e+00 2.251930e+00 2.619777e+00 1.054043e+01 1.071356e+04 1.535887e+04 2.2436 5.393321e-01
7.720000e-01 4.065890e+00 2.252840e+00 2.620707e+00 1.054597e+01 1.073313e+04 1.535015e+04 2.24589 5.404333e-01
7.710000e-01 4.065890e+00 2.253750e+00 2.621638e+00 1.055152e+01 1.075260e+04 1.534140e+04 2.24819 5.415299e-01
7.700000e-01 4.065890e+00 2.254661e+00 2.622571e+00 1.055708e+01 1.077199e+04 1.533263e+04 2.25049 5.426231e-01
7.690000e-01 4.065890e+00 2.255573e+00 2.623505e+00 1.056267e+01 1.079131e+04 1.532383e+04 2.2528 5.437137e-01
7.680000e-01 4.065890e+00 2.256485e+00 2.624441e+00 1.056829e+01 1.081055e+04 1.531500e+04 2.25511 5.448003e-01
7.670000e-01 4.065890e+00 2.257398e+00 2.625377e+00 1.057392e+01 1.082968e+04 1.530615e+04 2.25742 5.458823e-01
7.660000e-01 4.065890e+00 2.258310e+00 2.626313e+00 1.057956e+01 1.084871e+04 1.529727e+04 2.25973 5.469594e-01
7.650000e-01 4.065890e+00 2.259221e+00 2.627248e+00 1.058522e+01 1.086762e+04 1.528838e+04 2.26204 5.480312e-01
7.640000e-01 4.065890e+00 2.260130e+00 2.628180e+00 1.059088e+01 1.088638e+04 1.527948e+04 2.26435 5.490957e-01
7.630000e-01 4.065890e+00 2.261037e+00 2.629109e+00 1.059656e+01 1.090500e+04 1.527056e+04 2.26666 5.501541e-01
7.620000e-01 4.065890e+00 2.261985e+00 2.630096e+00 1.060235e+01 1.092350e+04 1.526148e+04 2.26902 5.511981e-01
7.610000e-01 4.065890e+00 2.262895e+00 2.631029e+00 1.060807e+01 1.094198e+04 1.525249e+04 2.27134 5.522510e-01
7.600000e-01 4.065890e+00 2.263805e+00 2.631963e+00 1.061383e+01 1.096040e+04 1.524347e+04 2.27366 5.533017e-01
7.590000e-01 4.065890e+00 2.264716e+00 2.632899e+00 1.061960e+01 1.097877e+04 1.523440e+04 2.27599 5.543500e-01
7.580000e-01 4.065890e+00 2.265629e+00 2.633836e+00 1.062541e+01 1.099706e+04 1.522530e+04 2.27832 5.553949e-01
7.570000e-01 4.065890e+00 2.266542e+00 2.634776e+00 1.063123e+01 1.101527e+04 1.521618e+04 2.28066 5.564364e-01
7.560000e-01 4.065890e+00 2.267455e+00 2.635716e+00 1.063707e+01 1.103338e+04 1.520702e+04 2.283 5.574731e-01
7.550000e-01 4.065890e+00 2.268366e+00 2.636653e+00 1.064293e+01 1.105139e+04 1.519784e+04 2.28533 5.585052e-01
7.540000e-01 4.065890e+00 2.269280e+00 2.637595e+00 1.064881e+01 1.106933e+04 1.518863e+04 2.28767 5.595346e-01
7.530000e-01 4.065890e+00 2.270193e+00 2.638537e+00 1.065471e+01 1.108721e+04 1.517938e+04 2.29002 5.605611e-01
7.520000e-01 4.065890e+00 2.271107e+00 2.639479e+00 1.066064e+01 1.110498e+04 1.517009e+04 2.29237 5.615830e-01
7.510000e-01 4.065890e+00 2.272020e+00 2.640422e+00 1.066659e+01 1.112267e+04 1.516079e+04 2.29471 5.626007e-01
7.500000e-01 4.065890e+00 2.272933e+00 2.641364e+00 1.067255e+01 1.114024e+04 1.515146e+04 2.29706 5.636133e-01
7.490000e-01 4.065890e+00 2.272786e+00 2.641047e+00 1.067520e+01 1.116280e+04 1.514845e+04 2.29813 5.650895e-01
7.480000e-01 4.065890e+00 2.274755e+00 2.643245e+00 1.068450e+01 1.117497e+04 1.513275e+04 2.30176 5.656203e-01
7.470000e-01 4.065890e+00 2.274578e+00 2.642890e+00 1.068714e+01 1.119734e+04 1.512977e+04 2.30277 5.670878e-01
7.460000e-01 4.065890e+00 2.276568e+00 2.645113e+00 1.069652e+01 1.120928e+04 1.511394e+04 2.30645 5.676078e-01
7.450000e-01 4.065890e+00 2.276382e+00 2.644750e+00 1.069918e+01 1.123157e+04 1.511094e+04 2.30745 5.690756e-01
7.440000e-01 4.065890e+00 2.278383e+00 2.646984e+00 1.070866e+01 1.124334e+04 1.509496e+04 2.31116 5.695850e-01
7.430000e-01 4.065890e+00 2.278190e+00 2.646616e+00 1.071133e+01 1.126555e+04 1.509194e+04 2.31215 5.710521e-01
7.420000e-01 4.065890e+00 2.280201e+00 2.648864e+00 1.072090e+01 1.127714e+04 1.507582e+04 2.31587 5.715508e-01
7.410000e-01 4.065890e+00 2.279992e+00 2.648479e+00 1.072358e+01 1.129923e+04 1.507279e+04 2.31684 5.730145e-01
7.400000e-01 4.065890e+00 2.282018e+00 2.650743e+00 1.073322e+01 1.131058e+04 1.505654e+04 2.32059 5.734995e-01
7.390000e-01 4.065890e+00 2.281791e+00 2.650339e+00 1.073590e+01 1.133253e+04 1.505351e+04 2.32153 5.749590e-01
7.380000e-01 4.065890e+00 2.283834e+00 2.652624e+00 1.074563e+01 1.134369e+04 1.503711e+04 2.32532 5.754336e-01
7.370000e-01 4.065890e+00 2.283593e+00 2.652205e+00 1.074833e+01 1.136555e+04 1.503408e+04 2.32624 5.768915e-01
7.360000e-01 4.065890e+00 2.285648e+00 2.654505e+00 1.075814e+01 1.137648e+04 1.501754e+04 2.33005 5.773525e-01
7.350000e-01 4.065890e+00 2.285389e+00 2.654066e+00 1.076083e+01 1.139819e+04 1.501450e+04 2.33093 5.788051e-01
7.340000e-01 4.065890e+00 2.287458e+00 2.656382e+00 1.077072e+01 1.140885e+04 1.499785e+04 2.33477 5.792519e-01
7.330000e-01 4.065890e+00 2.287170e+00 2.655909e+00 1.077340e+01 1.143037e+04 1.499482e+04 2.3356 5.806964e-01
7.320000e-01 4.065890e+00 2.289295e+00 2.658299e+00 1.078344e+01 1.144066e+04 1.497793e+04 2.33952 5.811140e-01
7.310000e-01 4.065890e+00 2.288964e+00 2.657770e+00 1.078607e+01 1.146205e+04 1.497498e+04 2.34029 5.825606e-01
7.300000e-01 4.065890e+00 2.291091e+00 2.660159e+00 1.079617e+01 1.147218e+04 1.495799e+04 2.34423 5.829736e-01
7.290000e-01 4.065890e+00 2.290748e+00 2.659618e+00 1.079881e+01 1.149349e+04 1.495502e+04 2.34499 5.844206e-01
7.280000e-01 4.065890e+00 2.292888e+00 2.662021e+00 1.080901e+01 1.150344e+04 1.493786e+04 2.34895 5.848219e-01
7.270000e-01 4.065890e+00 2.292530e+00 2.661466e+00 1.081166e+01 1.152466e+04 1.493487e+04 2.34969 5.862684e-01
7.260000e-01 4.065890e+00 2.294684e+00 2.663886e+00 1.082196e+01 1.153439e+04 1.491755e+04 2.35368 5.866560e-01
7.250000e-01 4.065890e+00 2.294307e+00 2.663310e+00 1.082461e+01 1.155549e+04 1.491456e+04 2.35439 5.880987e-01
7.240000e-01 4.065890e+00 2.296475e+00 2.665748e+00 1.083500e+01 1.156498e+04 1.489710e+04 2.3584 5.884727e-01
7.230000e-01 4.065890e+00 2.296079e+00 2.665151e+00 1.083766e+01 1.158598e+04 1.489410e+04 2.35908 5.899142e-01
7.220000e-01 4.065890e+00 2.298264e+00 2.667609e+00 1.084814e+01 1.159528e+04 1.487646e+04 2.36312 5.902755e-01
7.210000e-01 4.065890e+00 2.297849e+00 2.666993e+00 1.085081e+01 1.161615e+04 1.487346e+04 2.36377 5.917141e-01
7.200000e-01 4.065890e+00 2.300049e+00 2.669468e+00 1.086138e+01 1.162520e+04 1.485568e+04 2.36784 5.920606e-01
7.190000e-01 4.065890e+00 2.299608e+00 2.668821e+00 1.086404e+01 1.164592e+04 1.485268e+04 2.36844 5.934940e-01
7.180000e-01 4.065890e+00 2.301824e+00 2.671315e+00 1.087469e+01 1.165466e+04 1.483478e+04 2.37254 5.938232e-01
7.170000e-01 4.065890e+00 2.301349e+00 2.670628e+00 1.087732e+01 1.167518e+04 1.483179e+04 2.37308 5.952488e-01
7.160000e-01 4.065890e+00 2.303588e+00 2.673148e+00 1.088806e+01 1.168365e+04 1.481376e+04 2.37723 5.955639e-01
7.150000e-01 4.065890e+00 2.303097e+00 2.672444e+00 1.089071e+01 1.170408e+04 1.481076e+04 2.37775 5.969900e-01
7.140000e-01 4.065890e+00 2.305348e+00 2.674980e+00 1.090155e+01 1.171237e+04 1.479253e+04 2.38193 5.972926e-01
7.130000e-01 4.065890e+00 2.304841e+00 2.674259e+00 1.090421e+01 1.173272e+04 1.478951e+04 2.38242 5.987191e-01
7.120000e-01 4.065890e+00 2.304775e+00 2.673932e+00 1.090770e+01 1.175096e+04 1.478489e+04 2.38423 6.001403e-01
7.110000e-01 4.065890e+00 2.308010e+00 2.677766e+00 1.092208e+01 1.175488e+04 1.476025e+04 2.38899 5.998528e-01
7.100000e-01 4.065890e+00 2.307455e+00 2.676989e+00 1.092471e+01 1.177506e+04 1.475726e+04 2.38942 6.012798e-01
7.090000e-01 4.065890e+00 2.307355e+00 2.676620e+00 1.092820e+01 1.179311e+04 1.475263e+04 2.39118 6.026971e-01
7.080000e-01 4.065890e+00 2.310635e+00 2.680508e+00 1.094279e+01 1.179661e+04 1.472765e+04 2.39602 6.023822e-01
7.070000e-01 4.065890e+00 2.310051e+00 2.679700e+00 1.094544e+01 1.181665e+04 1.472464e+04 2.39641 6.038082e-01
7.060000e-01 4.065890e+00 2.309925e+00 2.679303e+00 1.094894e+01 1.183452e+04 1.471998e+04 2.39813 6.052223e-01
7.050000e-01 4.065890e+00 2.313249e+00 2.683245e+00 1.096376e+01 1.183757e+04 1.469466e+04 2.40304 6.048754e-01
7.040000e-01 4.065890e+00 2.312623e+00 2.682389e+00 1.096639e+01 1.185738e+04 1.469166e+04 2.40335 6.062951e-01
7.030000e-01 4.065890e+00 2.312459e+00 2.681947e+00 1.096989e+01 1.187498e+04 1.468699e+04 2.40501 6.076991e-01
7.020000e-01 4.065890e+00 2.315837e+00 2.685953e+00 1.098489e+01 1.187748e+04 1.466139e+04 2.41002 6.073184e-01
7.010000e-01 4.065890e+00 2.315167e+00 2.685046e+00 1.098751e+01 1.189706e+04 1.465839e+04 2.41026 6.087320e-01
7.000000e-01 4.065890e+00 2.314984e+00 2.684583e+00 1.099103e+01 1.191445e+04 1.465369e+04 2.4119 6.101326e-01
6.990000e-01 4.065890e+00 2.318407e+00 2.688644e+00 1.100628e+01 1.191659e+04 1.462771e+04 2.41698 6.097245e-01
6.980000e-01 4.065890e+00 2.317707e+00 2.687707e+00 1.100892e+01 1.193605e+04 1.462468e+04 2.41719 6.111401e-01
6.970000e-01 4.065890e+00 2.317496e+00 2.687211e+00 1.101246e+01 1.195329e+04 1.461994e+04 2.41879 6.125399e-01
6.960000e-01 4.065890e+00 2.321001e+00 2.691381e+00 1.102806e+01 1.195496e+04 1.459341e+04 2.42397 6.120852e-01
6.950000e-01 4.065890e+00 2.320244e+00 2.690375e+00 1.103065e+01 1.197426e+04 1.459043e+04 2.42409 6.135036e-01
6.940000e-01 4.065890e+00 2.319995e+00 2.689834e+00 1.103419e+01 1.199132e+04 1.458567e+04 2.42564 6.149019e-01
6.930000e-01 4.065890e+00 2.323541e+00 2.694053e+00 1.105001e+01 1.199258e+04 1.455878e+04 2.43089 6.144183e-01
6.920000e-01 4.065890e+00 2.322747e+00 2.693006e+00 1.105261e+01 1.201174e+04 1.455579e+04 2.43095 6.158365e-01
6.910000e-01 4.065890e+00 2.322462e+00 2.692423e+00 1.105616e+01 1.202861e+04 1.455099e+04 2.43244 6.172311e-01
6.900000e-01 4.065890e+00 2.326060e+00 2.696705e+00 1.107223e+01 1.202939e+04 1.452371e+04 2.43777 6.167104e-01
6.890000e-01 4.065890e+00 2.325214e+00 2.695598e+00 1.107480e+01 1.204832e+04 1.452071e+04 2.43773 6.181220e-01
6.880000e-01 4.065890e+00 2.324885e+00 2.694961e+00 1.107834e+01 1.206492e+04 1.451590e+04 2.43914 6.195065e-01
6.870000e-01 4.065890e+00 2.328542e+00 2.699313e+00 1.109461e+01 1.206515e+04 1.448830e+04 2.44457 6.189488e-01
6.860000e-01 4.065890e+00 2.327649e+00 2.698152e+00 1.109718e+01 1.208389e+04 1.448529e+04 2.44446 6.203578e-01
6.850000e-01 4.065890e+00 2.327295e+00 2.697487e+00 1.110074e+01 1.210031e+04 1.448043e+04 2.44584 6.217408e-01
6.840000e-01 4.065890e+00 2.330998e+00 2.701896e+00 1.111730e+01 1.210016e+04 1.445235e+04 2.45133 6.211494e-01
6.830000e-01 4.065890e+00 2.330067e+00 2.700693e+00 1.111987e+01 1.211877e+04 1.444931e+04 2.45116 6.225601e-01
6.820000e-01 4.065890e+00 2.329676e+00 2.699985e+00 1.112344e+01 1.213505e+04 1.444441e+04 2.45249 6.239417e-01
6.810000e-01 4.065890e+00 2.333465e+00 2.704507e+00 1.114037e+01 1.213438e+04 1.441573e+04 2.45806 6.232979e-01
6.800000e-01 4.065890e+00 2.332470e+00 2.703227e+00 1.114290e+01 1.215284e+04 1.441273e+04 2.4578 6.247123e-01
6.790000e-01 4.065890e+00 2.332039e+00 2.702471e+00 1.114647e+01 1.216895e+04 1.440780e+04 2.45907 6.260937e-01
6.780000e-01 4.065890e+00 2.335871e+00 2.707045e+00 1.116366e+01 1.216785e+04 1.437870e+04 2.46471 6.254160e-01
6.770000e-01 4.065890e+00 2.334829e+00 2.705713e+00 1.116618e+01 1.218616e+04 1.437568e+04 2.46437 6.268302e-01
6.760000e-01 4.065890e+00 2.334357e+00 2.704910e+00 1.116975e+01 1.220206e+04 1.437071e+04 2.46557 6.282069e-01
6.750000e-01 4.065890e+00 2.338246e+00 2.709553e+00 1.118721e+01 1.220044e+04 1.434121e+04 2.47129 6.274879e-01
6.740000e-01 4.065890e+00 2.337144e+00 2.708151e+00 1.118969e+01 1.221849e+04 1.433819e+04 2.47084 6.288955e-01
6.730000e-01 4.065890e+00 2.336629e+00 2.707294e+00 1.119326e+01 1.223412e+04 1.433321e+04 2.47196 6.302629e-01
6.720000e-01 4.065890e+00 2.340579e+00 2.712013e+00 1.121097e+01 1.223198e+04 1.430335e+04 2.47778 6.295070e-01
6.710000e-01 4.065890e+00 2.339432e+00 2.710560e+00 1.121346e+01 1.224988e+04 1.430032e+04 2.47727 6.309159e-01
6.700000e-01 4.065890e+00 2.338884e+00 2.709668e+00 1.121706e+01 1.226536e+04 1.429527e+04 2.47835 6.322846e-01
6.690000e-01 4.065890e+00 2.342883e+00 2.714448e+00 1.123509e+01 1.226278e+04 1.426488e+04 2.48422 6.314879e-01
6.680000e-01 4.065890e+00 2.341688e+00 2.712941e+00 1.123758e+01 1.228054e+04 1.426181e+04 2.48363 6.328984e-01
6.670000e-01 4.065890e+00 2.344425e+00 2.716088e+00 1.125142e+01 1.228282e+04 1.423880e+04 2.48849 6.327740e-01
6.660000e-01 4.065890e+00 2.343181e+00 2.714522e+00 1.125386e+01 1.230049e+04 1.423576e+04 2.48782 6.341874e-01
6.650000e-01 4.065890e+00 2.345926e+00 2.717677e+00 1.126782e+01 1.230253e+04 1.421255e+04 2.49269 6.340482e-01
6.640000e-01 4.065890e+00 2.344648e+00 2.716075e+00 1.127027e+01 1.232012e+04 1.420950e+04 2.49197 6.354628e-01
6.630000e-01 4.065890e+00 2.347410e+00 2.719249e+00 1.128437e+01 1.232189e+04 1.418604e+04 2.49686 6.353020e-01
6.620000e-01 4.065890e+00 2.346092e+00 2.717601e+00 1.128680e+01 1.233934e+04 1.418298e+04 2.49606 6.367148e-01
6.610000e-01 4.065890e+00 2.348872e+00 2.720799e+00 1.130103e+01 1.234081e+04 1.415931e+04 2.50096 6.365312e-01
6.600000e-01 4.065890e+00 2.347507e+00 2.719093e+00 1.130343e+01 1.235809e+04 1.415625e+04 2.50008 6.379397e-01
6.590000e-01 4.065890e+00 2.350310e+00 2.722319e+00 1.131778e+01 1.235924e+04 1.413242e+04 2.50502 6.377335e-01
6.580000e-01 4.065890e+00 2.348905e+00 2.720568e+00 1.132016e+01 1.237641e+04 1.412934e+04 2.50407 6.391424e-01
6.570000e-01 4.065890e+00 2.351759e+00 2.723863e+00 1.133477e+01 1.237725e+04 1.410510e+04 2.50905 6.389039e-01
6.560000e-01 4.065890e+00 2.350308e+00 2.722056e+00 1.133712e+01 1.239437e+04 1.410205e+04 2.50804 6.403206e-01
6.550000e-01 4.065890e+00 2.353162e+00 2.725350e+00 1.135186e+01 1.239498e+04 1.407759e+04 2.51302 6.400671e-01
6.540000e-01 4.065890e+00 2.351672e+00 2.723500e+00 1.135421e+01 1.241200e+04 1.407453e+04 2.51195 6.414851e-01
6.530000e-01 4.065890e+00 2.354546e+00 2.726819e+00 1.136911e+01 1.241233e+04 1.404981e+04 2.51694 6.412086e-01
6.520000e-01 4.065890e+00 2.353013e+00 2.724919e+00 1.137144e+01 1.242924e+04 1.404674e+04 2.5158 6.426273e-01
6.510000e-01 4.065890e+00 2.355910e+00 2.728268e+00 1.138652e+01 1.242929e+04 1.402176e+04 2.52082 6.423290e-01
6.500000e-01 4.065890e+00 2.356586e+00 2.728987e+00 1.139530e+01 1.243762e+04 1.400760e+04 2.52274 6.428798e-01
6.490000e-01 4.065890e+00 2.357255e+00 2.729700e+00 1.140411e+01 1.244584e+04 1.399339e+04 2.52464 6.434254e-01
6.480000e-01 4.065890e+00 2.357919e+00 2.730407e+00 1.141295e+01 1.245397e+04 1.397914e+04 2.52653 6.439650e-01
6.470000e-01 4.065890e+00 2.358575e+00 2.731107e+00 1.142182e+01 1.246196e+04 1.396484e+04 2.52841 6.444977e-01
6.460000e-01 4.065890e+00 2.359225e+00 2.731796e+00 1.143071e+01 1.246983e+04 1.395049e+04 2.53027 6.450231e-01
6.450000e-01 4.065890e+00 2.359867e+00 2.732478e+00 1.143963e+01 1.247759e+04 1.393609e+04 2.53211 6.455424e-01
6.440000e-01 4.065890e+00 2.360503e+00 2.733154e+00 1.144860e+01 1.248526e+04 1.392160e+04 2.53393 6.460570e-01
6.430000e-01 4.065890e+00 2.361165e+00 2.733869e+00 1.145771e+01 1.249278e+04 1.390689e+04 2.53578 6.465535e-01
6.420000e-01 4.065890e+00 2.361792e+00 2.734538e+00 1.146678e+01 1.250028e+04 1.389222e+04 2.53757 6.470566e-01
6.410000e-01 4.065890e+00 2.362411e+00 2.735197e+00 1.147590e+01 1.250768e+04 1.387746e+04 2.53935 6.475538e-01
6.400000e-01 4.065890e+00 2.363024e+00 2.735850e+00 1.148506e+01 1.251497e+04 1.386262e+04 2.54111 6.480445e-01
6.390000e-01 4.065890e+00 2.363630e+00 2.736496e+00 1.149426e+01 1.252217e+04 1.384772e+04 2.54285 6.485288e-01
6.380000e-01 4.065890e+00 2.364229e+00 2.737133e+00 1.150350e+01 1.252926e+04 1.383273e+04 2.54458 6.490073e-01
6.370000e-01 4.065890e+00 2.364822e+00 2.737766e+00 1.151280e+01 1.253626e+04 1.381765e+04 2.54629 6.494798e-01
6.360000e-01 4.065890e+00 2.365409e+00 2.738393e+00 1.152214e+01 1.254316e+04 1.380250e+04 2.54798 6.499461e-01
6.350000e-01 4.065890e+00 2.365988e+00 2.739012e+00 1.153152e+01 1.254995e+04 1.378729e+04 2.54965 6.504057e-01
6.340000e-01 4.065890e+00 2.366560e+00 2.739623e+00 1.154093e+01 1.255662e+04 1.377201e+04 2.5513 6.508584e-01
6.330000e-01 4.065890e+00 2.367124e+00 2.740225e+00 1.155036e+01 1.256316e+04 1.375669e+04 2.55293 6.513034e-01
6.320000e-01 4.065890e+00 2.367679e+00 2.740815e+00 1.155983e+01 1.256957e+04 1.374132e+04 2.55454 6.517409e-01
6.310000e-01 4.065890e+00 2.368227e+00 2.741398e+00 1.156934e+01 1.257589e+04 1.372586e+04 2.55613 6.521727e-01
6.300000e-01 4.065890e+00 2.368767e+00 2.741973e+00 1.157891e+01 1.258211e+04 1.371030e+04 2.5577 6.525985e-01
6.290000e-01 4.065890e+00 2.369300e+00 2.742540e+00 1.158853e+01 1.258824e+04 1.369465e+04 2.55925 6.530178e-01
6.280000e-01 4.065890e+00 2.369855e+00 2.743145e+00 1.159829e+01 1.259421e+04 1.367877e+04 2.56081 6.534184e-01
6.270000e-01 4.065890e+00 2.370373e+00 2.743697e+00 1.160802e+01 1.260013e+04 1.366291e+04 2.56231 6.538232e-01
6.260000e-01 4.065890e+00 2.370882e+00 2.744239e+00 1.161779e+01 1.260595e+04 1.364698e+04 2.56378 6.542210e-01
6.250000e-01 4.065890e+00 2.371382e+00 2.744773e+00 1.162761e+01 1.261167e+04 1.363097e+04 2.56524 6.546123e-01
6.240000e-01 4.065890e+00 2.371875e+00 2.745299e+00 1.163749e+01 1.261728e+04 1.361486e+04 2.56667 6.549971e-01
6.230000e-01 4.065890e+00 2.372361e+00 2.745819e+00 1.164741e+01 1.262279e+04 1.359866e+04 2.56808 6.553753e-01
6.220000e-01 4.065890e+00 2.372838e+00 2.746330e+00 1.165738e+01 1.262819e+04 1.358239e+04 2.56947 6.557466e-01
6.210000e-01 4.065890e+00 2.373309e+00 2.746834e+00 1.166740e+01 1.263347e+04 1.356606e+04 2.57085 6.561111e-01
6.200000e-01 4.065890e+00 2.373770e+00 2.747329e+00 1.167744e+01 1.263862e+04 1.354968e+04 2.57219 6.564679e-01
6.190000e-01 4.065890e+00 2.374222e+00 2.747810e+00 1.168752e+01 1.264364e+04 1.353325e+04 2.57352 6.568168e-01
6.180000e-01 4.065890e+00 2.374665e+00 2.748282e+00 1.169764e+01 1.264854e+04 1.351674e+04 2.57482 6.571589e-01
6.170000e-01 4.065890e+00 2.375098e+00 2.748744e+00 1.170783e+01 1.265336e+04 1.350012e+04 2.57609 6.574941e-01
6.160000e-01 4.065890e+00 2.375522e+00 2.749196e+00 1.171808e+01 1.265806e+04 1.348339e+04 2.57734 6.578222e-01
6.150000e-01 4.065890e+00 2.375938e+00 2.749641e+00 1.172839e+01 1.266267e+04 1.346656e+04 2.57857 6.581434e-01
6.140000e-01 4.065890e+00 2.376374e+00 2.750117e+00 1.173884e+01 1.266710e+04 1.344951e+04 2.57979 6.584453e-01
6.130000e-01 4.065890e+00 2.376775e+00 2.750547e+00 1.174926e+01 1.267148e+04 1.343250e+04 2.58097 6.587514e-01
6.120000e-01 4.065890e+00 2.377165e+00 2.750966e+00 1.175973e+01 1.267576e+04 1.341541e+04 2.58212 6.590508e-01
6.110000e-01 4.065890e+00 2.377546e+00 2.751374e+00 1.177027e+01 1.267992e+04 1.339820e+04 2.58324 6.593431e-01
6.100000e-01 4.065890e+00 2.377918e+00 2.751774e+00 1.178086e+01 1.268398e+04 1.338091e+04 2.58434 6.596279e-01
6.090000e-01 4.065890e+00 2.378280e+00 2.752163e+00 1.179151e+01 1.268793e+04 1.336353e+04 2.58541 6.599045e-01
6.080000e-01 4.065890e+00 2.378630e+00 2.752539e+00 1.180220e+01 1.269175e+04 1.334606e+04 2.58644 6.601722e-01
6.070000e-01 4.065890e+00 2.378969e+00 2.752902e+00 1.181292e+01 1.269545e+04 1.332853e+04 2.58744 6.604311e-01
6.060000e-01 4.065890e+00 2.379297e+00 2.753250e+00 1.182368e+01 1.269901e+04 1.331094e+04 2.5884 6.606811e-01
6.050000e-01 4.065890e+00 2.379613e+00 2.753586e+00 1.183449e+01 1.270246e+04 1.329327e+04 2.58934 6.609233e-01
6.040000e-01 4.065890e+00 2.379920e+00 2.753913e+00 1.184537e+01 1.270581e+04 1.327548e+04 2.59025 6.611585e-01
6.030000e-01 4.065890e+00 2.380217e+00 2.754229e+00 1.185631e+01 1.270903e+04 1.325758e+04 2.59113 6.613860e-01
6.020000e-01 4.065890e+00 2.380506e+00 2.754537e+00 1.186734e+01 1.271216e+04 1.323957e+04 2.59198 6.616064e-01
6.010000e-01 4.065890e+00 2.380784e+00 2.754835e+00 1.187842e+01 1.271517e+04 1.322147e+04 2.59281 6.618193e-01
6.000000e-01 4.065890e+00 2.381080e+00 2.755162e+00 1.188965e+01 1.271800e+04 1.320316e+04 2.59363 6.620120e-01
5.990000e-01 4.065890e+00 2.381340e+00 2.755441e+00 1.190086e+01 1.272078e+04 1.318487e+04 2.5944 6.622082e-01
5.980000e-01 4.065890e+00 2.381588e+00 2.755707e+00 1.191214e+01 1.272344e+04 1.316647e+04 2.59514 6.623973e-01
5.970000e-01 4.065890e+00 2.381826e+00 2.755964e+00 1.192348e+01 1.272599e+04 1.314797e+04 2.59584 6.625783e-01
5.960000e-01 4.065890e+00 2.382054e+00 2.756210e+00 1.193489e+01 1.272842e+04 1.312939e+04 2.59652 6.627515e-01
5.950000e-01 4.065890e+00 2.382272e+00 2.756446e+00 1.194634e+01 1.273073e+04 1.311073e+04 2.59717 6.629165e-01
5.940000e-01 4.065890e+00 2.382479e+00 2.756668e+00 1.195784e+01 1.273291e+04 1.309201e+04 2.59779 6.630725e-01
5.930000e-01 4.065890e+00 2.382672e+00 2.756873e+00 1.196938e+01 1.273495e+04 1.307323e+04 2.59837 6.632192e-01
5.920000e-01 4.065890e+00 2.382853e+00 2.757065e+00 1.198098e+01 1.273687e+04 1.305435e+04 2.59891 6.633573e-01
5.910000e-01 4.065890e+00 2.383021e+00 2.757244e+00 1.199265e+01 1.273869e+04 1.303534e+04 2.59942 6.634867e-01
5.900000e-01 4.065890e+00 2.383178e+00 2.757409e+00 1.200441e+01 1.274038e+04 1.301621e+04 2.59988 6.636071e-01
5.890000e-01 4.065890e+00 2.383322e+00 2.757563e+00 1.201624e+01 1.274197e+04 1.299696e+04 2.60031 6.637189e-01
5.880000e-01 4.065890e+00 2.383456e+00 2.757704e+00 1.202814e+01 1.274343e+04 1.297760e+04 2.60071 6.638219e-01
5.870000e-01 4.065890e+00 2.383605e+00 2.757873e+00 1.204019e+01 1.274470e+04 1.295803e+04 2.6011 6.639045e-01
5.860000e-01 4.065890e+00 2.383719e+00 2.757995e+00 1.205224e+01 1.274592e+04 1.293848e+04 2.60144 6.639909e-01
5.850000e-01 4.065890e+00 2.383821e+00 2.758104e+00 1.206437e+01 1.274703e+04 1.291882e+04 2.60174 6.640697e-01
5.840000e-01 4.065890e+00 2.383912e+00 2.758203e+00 1.207657e+01 1.274801e+04 1.289906e+04 2.60202 6.641400e-01
5.830000e-01 4.065890e+00 2.383992e+00 2.758291e+00 1.208884e+01 1.274887e+04 1.287922e+04 2.60226 6.642022e-01
5.820000e-01 4.065890e+00 2.384063e+00 2.758369e+00 1.210116e+01 1.274961e+04 1.285931e+04 2.60248 6.642563e-01
5.810000e-01 4.065890e+00 2.384121e+00 2.758431e+00 1.211353e+01 1.275021e+04 1.283934e+04 2.60266 6.643011e-01
5.800000e-01 4.065890e+00 2.384166e+00 2.758478e+00 1.212594e+01 1.275067e+04 1.281931e+04 2.6028 6.643368e-01
5.790000e-01 4.065890e+00 2.384198e+00 2.758510e+00 1.213844e+01 1.275103e+04 1.279916e+04 2.6029 6.643633e-01
5.780000e-01 4.065890e+00 2.384215e+00 2.758524e+00 1.215103e+01 1.275125e+04 1.277886e+04 2.60296 6.643799e-01
5.770000e-01 4.065890e+00 2.384219e+00 2.758527e+00 1.216370e+01 1.275136e+04 1.275844e+04 2.60297 6.643870e-01
5.760000e-01 4.065890e+00 2.384211e+00 2.758517e+00 1.217647e+01 1.275135e+04 1.273790e+04 2.60295 6.643847e-01
5.766884e-01 4.065890e+00 2.385092e+00 2.759591e+00 1.217083e+01 1.274786e+04 1.274711e+04 2.60381 6.639311e-01
