1.000000e+00 5.096990e-01 7.550060e-01 7.899611e-01 1.271742e+01 0.000000e+00 6.975308e+03 0 0.000000e+00
9.990000e-01 5.096990e-01 7.552929e-01 7.902907e-01 1.272234e+01 2.813912e+02 6.969092e+03 0.690169 3.873667e-02
9.980000e-01 5.096990e-01 7.557161e-01 7.907386e-01 1.272984e+01 3.756560e+02 6.962845e+03 0.668216 5.001230e-02
9.970000e-01 5.096990e-01 7.560068e-01 7.910567e-01 1.273541e+01 4.704254e+02 6.959053e+03 0.673262 6.305369e-02
9.960000e-01 5.096990e-01 7.564761e-01 7.915485e-01 1.274342e+01 5.317684e+02 6.953513e+03 0.670238 7.086775e-02
9.950000e-01 5.096990e-01 7.567703e-01 7.918706e-01 1.274903e+01 6.025892e+02 6.950222e+03 0.673455 8.062858e-02
9.940000e-01 5.096990e-01 7.572439e-01 7.923670e-01 1.275708e+01 6.516121e+02 6.945009e+03 0.672144 8.690948e-02
9.930000e-01 5.096990e-01 7.575392e-01 7.926903e-01 1.276272e+01 7.105964e+02 6.941967e+03 0.674634 9.505357e-02
9.920000e-01 5.096990e-01 7.580133e-01 7.931873e-01 1.277079e+01 7.524426e+02 6.936934e+03 0.674021 1.004339e-01
9.910000e-01 5.096990e-01 7.583077e-01 7.935095e-01 1.277645e+01 8.040088e+02 6.934044e+03 0.676119 1.075673e-01
9.900000e-01 5.096990e-01 7.587828e-01 7.940074e-01 1.278455e+01 8.410647e+02 6.929122e+03 0.67589 1.123461e-01
9.890000e-01 5.096990e-01 7.590765e-01 7.943287e-01 1.279023e+01 8.874478e+02 6.926337e+03 0.677746 1.187752e-01
9.880000e-01 5.096990e-01 7.595509e-01 7.948256e-01 1.279836e+01 9.209169e+02 6.921493e+03 0.677758 1.231030e-01
9.870000e-01 5.096990e-01 7.598417e-01 7.951436e-01 1.280406e+01 9.633520e+02 6.918784e+03 0.679442 1.289966e-01
9.860000e-01 5.096990e-01 7.603139e-01 7.956377e-01 1.281221e+01 9.939595e+02 6.913998e+03 0.679624 1.329654e-01
9.850000e-01 5.096990e-01 7.606021e-01 7.959528e-01 1.281792e+01 1.033328e+03 6.911346e+03 0.681186 1.384446e-01
9.840000e-01 5.096990e-01 7.610749e-01 7.964472e-01 1.282612e+01 1.061801e+03 6.906591e+03 0.681492 1.421467e-01
9.830000e-01 5.096990e-01 7.613629e-01 7.967619e-01 1.283185e+01 1.098739e+03 6.903982e+03 0.682968 1.472987e-01
9.820000e-01 5.096990e-01 7.618380e-01 7.972586e-01 1.284010e+01 1.125549e+03 6.899244e+03 0.683368 1.507929e-01
9.810000e-01 5.096990e-01 7.621271e-01 7.975746e-01 1.284587e+01 1.160489e+03 6.896668e+03 0.684778 1.556766e-01
9.800000e-01 5.096990e-01 7.626068e-01 7.980763e-01 1.285418e+01 1.186009e+03 6.891938e+03 0.685253 1.590101e-01
9.790000e-01 5.096990e-01 7.628991e-01 7.983959e-01 1.285998e+01 1.219287e+03 6.889389e+03 0.686615 1.636712e-01
9.780000e-01 5.096990e-01 7.633836e-01 7.989028e-01 1.286834e+01 1.243713e+03 6.884664e+03 0.687149 1.668679e-01
9.770000e-01 5.096990e-01 7.636777e-01 7.992246e-01 1.287417e+01 1.275501e+03 6.882140e+03 0.688468 1.713291e-01
9.760000e-01 5.096990e-01 7.641651e-01 7.997347e-01 1.288257e+01 1.298865e+03 6.877425e+03 0.689053 1.743933e-01
9.750000e-01 5.096990e-01 7.644605e-01 8.000578e-01 1.288842e+01 1.329335e+03 6.874922e+03 0.690336 1.786783e-01
9.740000e-01 5.096990e-01 7.649510e-01 8.005713e-01 1.289687e+01 1.351766e+03 6.870214e+03 0.690967 1.816264e-01
9.730000e-01 5.096990e-01 7.652479e-01 8.008963e-01 1.290274e+01 1.381075e+03 6.867729e+03 0.69222 1.857567e-01
9.720000e-01 5.096990e-01 7.657412e-01 8.014128e-01 1.291123e+01 1.402662e+03 6.863027e+03 0.692891 1.885997e-01
9.710000e-01 5.096990e-01 7.660389e-01 8.017385e-01 1.291712e+01 1.430915e+03 6.860556e+03 0.694117 1.925893e-01
9.700000e-01 5.096990e-01 7.665340e-01 8.022570e-01 1.292564e+01 1.451703e+03 6.855859e+03 0.694822 1.953332e-01
9.690000e-01 5.096990e-01 7.668320e-01 8.025832e-01 1.293156e+01 1.479000e+03 6.853401e+03 0.696026 1.991959e-01
9.680000e-01 5.096990e-01 7.673287e-01 8.031033e-01 1.294011e+01 1.499052e+03 6.848706e+03 0.696762 2.018485e-01
9.670000e-01 5.096990e-01 7.676261e-01 8.034287e-01 1.294605e+01 1.525462e+03 6.846259e+03 0.697944 2.055936e-01
9.660000e-01 5.096990e-01 7.681228e-01 8.039487e-01 1.295462e+01 1.544780e+03 6.841569e+03 0.698707 2.081554e-01
9.650000e-01 5.096990e-01 7.684188e-01 8.042725e-01 1.296058e+01 1.570369e+03 6.839131e+03 0.699869 2.117922e-01
9.640000e-01 5.096990e-01 7.689160e-01 8.047928e-01 1.296918e+01 1.589031e+03 6.834441e+03 0.700658 2.142733e-01
9.630000e-01 5.096990e-01 7.692115e-01 8.051162e-01 1.297516e+01 1.613898e+03 6.832010e+03 0.701805 2.178152e-01
9.620000e-01 5.096990e-01 7.697104e-01 8.056381e-01 1.298380e+01 1.632011e+03 6.827312e+03 0.702618 2.202291e-01
9.610000e-01 5.096990e-01 7.700063e-01 8.059619e-01 1.298981e+01 1.656229e+03 6.824885e+03 0.703753 2.236862e-01
9.600000e-01 5.096990e-01 7.705080e-01 8.064868e-01 1.299851e+01 1.673881e+03 6.820174e+03 0.704588 2.260438e-01
9.590000e-01 5.096990e-01 7.708055e-01 8.068124e-01 1.300454e+01 1.697524e+03 6.817750e+03 0.705714 2.294259e-01
9.580000e-01 5.096990e-01 7.713112e-01 8.073417e-01 1.301330e+01 1.714792e+03 6.813021e+03 0.70657 2.317365e-01
9.570000e-01 5.096990e-01 7.717105e-01 8.077667e-01 1.302069e+01 1.734936e+03 6.809462e+03 0.707558 2.345437e-01
9.560000e-01 5.096990e-01 7.721147e-01 8.081970e-01 1.302813e+01 1.754803e+03 6.805881e+03 0.708555 2.373151e-01
9.550000e-01 5.096990e-01 7.725199e-01 8.086283e-01 1.303560e+01 1.774440e+03 6.802296e+03 0.709555 2.400574e-01
9.540000e-01 5.096990e-01 7.729261e-01 8.090608e-01 1.304308e+01 1.793863e+03 6.798708e+03 0.710557 2.427724e-01
9.530000e-01 5.096990e-01 7.733334e-01 8.094944e-01 1.305057e+01 1.813076e+03 6.795117e+03 0.711562 2.454609e-01
9.520000e-01 5.096990e-01 7.737416e-01 8.099291e-01 1.305809e+01 1.832082e+03 6.791523e+03 0.712569 2.481232e-01
9.510000e-01 5.096990e-01 7.741505e-01 8.103644e-01 1.306563e+01 1.850879e+03 6.787927e+03 0.713579 2.507590e-01
9.500000e-01 5.096990e-01 7.745600e-01 8.108005e-01 1.307317e+01 1.869473e+03 6.784329e+03 0.714591 2.533690e-01
9.490000e-01 5.096990e-01 7.749702e-01 8.112371e-01 1.308074e+01 1.887869e+03 6.780729e+03 0.715605 2.559542e-01
9.480000e-01 5.096990e-01 7.753808e-01 8.116743e-01 1.308832e+01 1.906069e+03 6.777126e+03 0.716621 2.585147e-01
9.470000e-01 5.096990e-01 7.757915e-01 8.121117e-01 1.309591e+01 1.924069e+03 6.773522e+03 0.717638 2.610499e-01
9.460000e-01 5.096990e-01 7.762022e-01 8.125489e-01 1.310352e+01 1.941869e+03 6.769916e+03 0.718658 2.635600e-01
9.450000e-01 5.096990e-01 7.766128e-01 8.129859e-01 1.311113e+01 1.959474e+03 6.766309e+03 0.719679 2.660457e-01
9.440000e-01 5.096990e-01 7.770236e-01 8.134231e-01 1.311876e+01 1.976899e+03 6.762699e+03 0.720702 2.685090e-01
9.430000e-01 5.096990e-01 7.774462e-01 8.138729e-01 1.312650e+01 1.994063e+03 6.759038e+03 0.721749 2.709390e-01
9.420000e-01 5.096990e-01 7.778467e-01 8.142992e-01 1.313408e+01 2.011250e+03 6.755465e+03 0.722755 2.733735e-01
9.410000e-01 5.096990e-01 7.782704e-01 8.147500e-01 1.314185e+01 2.028108e+03 6.751795e+03 0.723806 2.757653e-01
9.400000e-01 5.096990e-01 7.786841e-01 8.151903e-01 1.314956e+01 2.044913e+03 6.748164e+03 0.72484 2.781517e-01
9.390000e-01 5.096990e-01 7.790988e-01 8.156317e-01 1.315730e+01 2.061589e+03 6.744528e+03 0.725876 2.805220e-01
9.380000e-01 5.096990e-01 7.795147e-01 8.160744e-01 1.316505e+01 2.078138e+03 6.740884e+03 0.726915 2.828764e-01
9.370000e-01 5.096990e-01 7.799317e-01 8.165183e-01 1.317283e+01 2.094553e+03 6.737235e+03 0.727957 2.852142e-01
9.360000e-01 5.096990e-01 7.803495e-01 8.169631e-01 1.318062e+01 2.110836e+03 6.733580e+03 0.729001 2.875356e-01
9.350000e-01 5.096990e-01 7.807682e-01 8.174088e-01 1.318844e+01 2.126989e+03 6.729920e+03 0.730048 2.898408e-01
9.340000e-01 5.096990e-01 7.811879e-01 8.178556e-01 1.319627e+01 2.143015e+03 6.726254e+03 0.731097 2.921304e-01
9.330000e-01 5.096990e-01 7.816085e-01 8.183035e-01 1.320412e+01 2.158919e+03 6.722583e+03 0.732149 2.944047e-01
9.320000e-01 5.096990e-01 7.820300e-01 8.187523e-01 1.321200e+01 2.174700e+03 6.718906e+03 0.733204 2.966638e-01
9.310000e-01 5.096990e-01 7.824523e-01 8.192018e-01 1.321989e+01 2.190355e+03 6.715224e+03 0.734261 2.989074e-01
9.300000e-01 5.096990e-01 7.828751e-01 8.196521e-01 1.322780e+01 2.205887e+03 6.711537e+03 0.735321 3.011357e-01
9.290000e-01 5.096990e-01 7.832986e-01 8.201030e-01 1.323573e+01 2.221297e+03 6.707845e+03 0.736382 3.033489e-01
9.280000e-01 5.096990e-01 7.837225e-01 8.205544e-01 1.324367e+01 2.236583e+03 6.704148e+03 0.737446 3.055468e-01
9.270000e-01 5.096990e-01 7.841467e-01 8.210060e-01 1.325163e+01 2.251742e+03 6.700448e+03 0.738512 3.077291e-01
9.260000e-01 5.096990e-01 7.845709e-01 8.214577e-01 1.325960e+01 2.266774e+03 6.696744e+03 0.739579 3.098957e-01
9.250000e-01 5.096990e-01 7.849952e-01 8.219093e-01 1.326758e+01 2.281681e+03 6.693035e+03 0.740648 3.120471e-01
9.240000e-01 5.096990e-01 7.854198e-01 8.223613e-01 1.327559e+01 2.296473e+03 6.689322e+03 0.74172 3.141844e-01
9.230000e-01 5.096990e-01 7.858448e-01 8.228137e-01 1.328361e+01 2.311155e+03 6.685603e+03 0.742793 3.163083e-01
9.220000e-01 5.096990e-01 7.862705e-01 8.232668e-01 1.329165e+01 2.325735e+03 6.681877e+03 0.743869 3.184199e-01
9.210000e-01 5.096990e-01 7.866970e-01 8.237208e-01 1.329971e+01 2.340217e+03 6.678144e+03 0.744949 3.205197e-01
9.200000e-01 5.096990e-01 7.871244e-01 8.241758e-01 1.330780e+01 2.354609e+03 6.674403e+03 0.746031 3.226085e-01
9.190000e-01 5.096990e-01 7.875530e-01 8.246320e-01 1.331591e+01 2.368913e+03 6.670655e+03 0.747116 3.246868e-01
9.180000e-01 5.096990e-01 7.879827e-01 8.250895e-01 1.332404e+01 2.383130e+03 6.666899e+03 0.748204 3.267544e-01
9.170000e-01 5.096990e-01 7.884133e-01 8.255479e-01 1.333219e+01 2.397258e+03 6.663137e+03 0.749294 3.288111e-01
9.160000e-01 5.096990e-01 7.888449e-01 8.260074e-01 1.334037e+01 2.411296e+03 6.659367e+03 0.750388 3.308570e-01
9.150000e-01 5.096990e-01 7.892773e-01 8.264678e-01 1.334856e+01 2.425246e+03 6.655591e+03 0.751484 3.328922e-01
9.140000e-01 5.096990e-01 7.897106e-01 8.269292e-01 1.335678e+01 2.439110e+03 6.651807e+03 0.752583 3.349169e-01
9.130000e-01 5.096990e-01 7.901448e-01 8.273917e-01 1.336501e+01 2.452888e+03 6.648018e+03 0.753685 3.369312e-01
9.120000e-01 5.096990e-01 7.905799e-01 8.278550e-01 1.337327e+01 2.466579e+03 6.644222e+03 0.754789 3.389350e-01
9.110000e-01 5.096990e-01 7.910157e-01 8.283191e-01 1.338155e+01 2.480183e+03 6.640420e+03 0.755896 3.409283e-01
9.100000e-01 5.096990e-01 7.914521e-01 8.287838e-01 1.338985e+01 2.493700e+03 6.636612e+03 0.757006 3.429109e-01
9.090000e-01 5.096990e-01 7.918891e-01 8.292493e-01 1.339816e+01 2.507128e+03 6.632799e+03 0.758118 3.448830e-01
9.080000e-01 5.096990e-01 7.923265e-01 8.297152e-01 1.340649e+01 2.520464e+03 6.628981e+03 0.759232 3.468439e-01
9.070000e-01 5.096990e-01 7.927642e-01 8.301813e-01 1.341484e+01 2.533707e+03 6.625159e+03 0.760349 3.487937e-01
9.060000e-01 5.096990e-01 7.932020e-01 8.306475e-01 1.342321e+01 2.546860e+03 6.621331e+03 0.761467 3.507325e-01
9.050000e-01 5.096990e-01 7.936401e-01 8.311140e-01 1.343159e+01 2.559924e+03 6.617498e+03 0.762588 3.526609e-01
9.040000e-01 5.096990e-01 7.940786e-01 8.315809e-01 1.343999e+01 2.572907e+03 6.613659e+03 0.763711 3.545795e-01
9.030000e-01 5.096990e-01 7.945177e-01 8.320486e-01 1.344841e+01 2.585813e+03 6.609812e+03 0.764837 3.564892e-01
9.020000e-01 5.096990e-01 7.949576e-01 8.325170e-01 1.345685e+01 2.598648e+03 6.605957e+03 0.765966 3.583903e-01
9.010000e-01 5.096990e-01 7.953984e-01 8.329864e-01 1.346532e+01 2.611414e+03 6.602093e+03 0.767098 3.602834e-01
9.000000e-01 5.096990e-01 7.958402e-01 8.334568e-01 1.347381e+01 2.624115e+03 6.598221e+03 0.768232 3.621687e-01
8.990000e-01 5.096990e-01 7.962830e-01 8.339284e-01 1.348233e+01 2.636752e+03 6.594339e+03 0.76937 3.640464e-01
8.980000e-01 5.096990e-01 7.967267e-01 8.344010e-01 1.349087e+01 2.649321e+03 6.590449e+03 0.77051 3.659161e-01
8.970000e-01 5.096990e-01 7.971714e-01 8.348747e-01 1.349944e+01 2.661825e+03 6.586551e+03 0.771654 3.677780e-01
8.960000e-01 5.096990e-01 7.976169e-01 8.353492e-01 1.350802e+01 2.674263e+03 6.582645e+03 0.7728 3.696320e-01
8.950000e-01 5.096990e-01 7.980632e-01 8.358246e-01 1.351663e+01 2.686636e+03 6.578730e+03 0.773948 3.714782e-01
8.940000e-01 5.096990e-01 7.985104e-01 8.363009e-01 1.352526e+01 2.698943e+03 6.574807e+03 0.775099 3.733166e-01
8.930000e-01 5.096990e-01 7.989584e-01 8.367781e-01 1.353392e+01 2.711187e+03 6.570876e+03 0.776253 3.751474e-01
8.920000e-01 5.096990e-01 7.994071e-01 8.372561e-01 1.354260e+01 2.723363e+03 6.566937e+03 0.77741 3.769702e-01
8.910000e-01 5.096990e-01 7.998564e-01 8.377347e-01 1.355129e+01 2.735472e+03 6.562991e+03 0.778569 3.787851e-01
8.900000e-01 5.096990e-01 8.003061e-01 8.382139e-01 1.356001e+01 2.747513e+03 6.559037e+03 0.779731 3.805918e-01
8.890000e-01 5.096990e-01 8.007563e-01 8.386934e-01 1.356875e+01 2.759484e+03 6.555076e+03 0.780894 3.823902e-01
8.880000e-01 5.096990e-01 8.012067e-01 8.391732e-01 1.357750e+01 2.771383e+03 6.551109e+03 0.78206 3.841800e-01
8.870000e-01 5.096990e-01 8.016573e-01 8.396531e-01 1.358628e+01 2.783210e+03 6.547136e+03 0.783228 3.859613e-01
8.860000e-01 5.096990e-01 8.021082e-01 8.401334e-01 1.359507e+01 2.794968e+03 6.543157e+03 0.784398 3.877346e-01
8.850000e-01 5.096990e-01 8.025596e-01 8.406141e-01 1.360388e+01 2.806662e+03 6.539170e+03 0.785571 3.895005e-01
8.840000e-01 5.096990e-01 8.030116e-01 8.410956e-01 1.361272e+01 2.818295e+03 6.535174e+03 0.786746 3.912593e-01
8.830000e-01 5.096990e-01 8.034643e-01 8.415778e-01 1.362158e+01 2.829872e+03 6.531170e+03 0.787924 3.930116e-01
8.820000e-01 5.096990e-01 8.039180e-01 8.420610e-01 1.363047e+01 2.841396e+03 6.527156e+03 0.789106 3.947577e-01
8.810000e-01 5.096990e-01 8.043726e-01 8.425452e-01 1.363938e+01 2.852867e+03 6.523133e+03 0.79029 3.964978e-01
8.800000e-01 5.096990e-01 8.048281e-01 8.430305e-01 1.364832e+01 2.864286e+03 6.519099e+03 0.791477 3.982317e-01
8.790000e-01 5.096990e-01 8.052845e-01 8.435167e-01 1.365728e+01 2.875652e+03 6.515057e+03 0.792668 3.999595e-01
8.780000e-01 5.096990e-01 8.057418e-01 8.440039e-01 1.366627e+01 2.886966e+03 6.511005e+03 0.793861 4.016812e-01
8.770000e-01 5.096990e-01 8.061999e-01 8.444919e-01 1.367528e+01 2.898227e+03 6.506944e+03 0.795056 4.033965e-01
8.760000e-01 5.096990e-01 8.066588e-01 8.449809e-01 1.368432e+01 2.909437e+03 6.502873e+03 0.796255 4.051059e-01
8.750000e-01 5.096990e-01 8.071185e-01 8.454707e-01 1.369339e+01 2.920593e+03 6.498794e+03 0.797456 4.068090e-01
8.740000e-01 5.096990e-01 8.075790e-01 8.459614e-01 1.370247e+01 2.931698e+03 6.494705e+03 0.79866 4.085061e-01
8.730000e-01 5.096990e-01 8.080401e-01 8.464526e-01 1.371158e+01 2.942749e+03 6.490606e+03 0.799867 4.101968e-01
8.720000e-01 5.096990e-01 8.085017e-01 8.469445e-01 1.372072e+01 2.953744e+03 6.486500e+03 0.801076 4.118810e-01
8.710000e-01 5.096990e-01 8.089638e-01 8.474369e-01 1.372987e+01 2.964683e+03 6.482384e+03 0.802287 4.135585e-01
8.700000e-01 5.096990e-01 8.094261e-01 8.479294e-01 1.373905e+01 2.975564e+03 6.478261e+03 0.8035 4.152291e-01
8.690000e-01 5.096990e-01 8.098887e-01 8.484222e-01 1.374824e+01 2.986386e+03 6.474130e+03 0.804715 4.168929e-01
8.680000e-01 5.096990e-01 8.103514e-01 8.489152e-01 1.375746e+01 2.997149e+03 6.469991e+03 0.805932 4.185498e-01
8.670000e-01 5.096990e-01 8.108145e-01 8.494086e-01 1.376670e+01 3.007858e+03 6.465844e+03 0.807152 4.202006e-01
8.660000e-01 5.096990e-01 8.112780e-01 8.499024e-01 1.377596e+01 3.018514e+03 6.461687e+03 0.808373 4.218452e-01
8.650000e-01 5.096990e-01 8.117423e-01 8.503970e-01 1.378525e+01 3.029124e+03 6.457521e+03 0.809598 4.234845e-01
8.640000e-01 5.096990e-01 8.122072e-01 8.508923e-01 1.379456e+01 3.039687e+03 6.453343e+03 0.810826 4.251184e-01
8.630000e-01 5.096990e-01 8.126731e-01 8.513886e-01 1.380391e+01 3.050208e+03 6.449155e+03 0.812056 4.267475e-01
8.620000e-01 5.096990e-01 8.131398e-01 8.518858e-01 1.381328e+01 3.060683e+03 6.444956e+03 0.81329 4.283714e-01
8.610000e-01 5.096990e-01 8.136073e-01 8.523840e-01 1.382268e+01 3.071116e+03 6.440746e+03 0.814526 4.299903e-01
8.600000e-01 5.096990e-01 8.140757e-01 8.528830e-01 1.383210e+01 3.081503e+03 6.436526e+03 0.815765 4.316040e-01
8.590000e-01 5.096990e-01 8.145449e-01 8.533830e-01 1.384155e+01 3.091848e+03 6.432296e+03 0.817007 4.332126e-01
8.580000e-01 5.096990e-01 8.150148e-01 8.538837e-01 1.385103e+01 3.102148e+03 6.428055e+03 0.818252 4.348161e-01
8.570000e-01 5.096990e-01 8.154856e-01 8.543854e-01 1.386054e+01 3.112406e+03 6.423803e+03 0.819499 4.364146e-01
8.560000e-01 5.096990e-01 8.159570e-01 8.548878e-01 1.387007e+01 3.122619e+03 6.419541e+03 0.820749 4.380080e-01
8.550000e-01 5.096990e-01 8.164291e-01 8.553908e-01 1.387963e+01 3.132789e+03 6.415267e+03 0.822001 4.395962e-01
8.540000e-01 5.096990e-01 8.169016e-01 8.558944e-01 1.388922e+01 3.142910e+03 6.410984e+03 0.823256 4.411788e-01
8.530000e-01 5.096990e-01 8.173747e-01 8.563985e-01 1.389883e+01 3.152986e+03 6.406690e+03 0.824513 4.427559e-01
8.520000e-01 5.096990e-01 8.178478e-01 8.569026e-01 1.390846e+01 3.163010e+03 6.402387e+03 0.825772 4.443271e-01
8.510000e-01 5.096990e-01 8.183212e-01 8.574071e-01 1.391812e+01 3.172986e+03 6.398074e+03 0.827032 4.458926e-01
8.500000e-01 5.096990e-01 8.187946e-01 8.579115e-01 1.392779e+01 3.182910e+03 6.393751e+03 0.828295 4.474522e-01
8.490000e-01 5.096990e-01 8.192684e-01 8.584162e-01 1.393749e+01 3.192789e+03 6.389418e+03 0.829559 4.490063e-01
8.480000e-01 5.096990e-01 8.197425e-01 8.589213e-01 1.394722e+01 3.202622e+03 6.385075e+03 0.830826 4.505552e-01
8.470000e-01 5.096990e-01 8.202173e-01 8.594271e-01 1.395698e+01 3.212414e+03 6.380720e+03 0.832095 4.520995e-01
8.460000e-01 5.096990e-01 8.206926e-01 8.599336e-01 1.396676e+01 3.222166e+03 6.376353e+03 0.833367 4.536393e-01
8.450000e-01 5.096990e-01 8.211689e-01 8.604409e-01 1.397658e+01 3.231881e+03 6.371974e+03 0.834642 4.551747e-01
8.440000e-01 5.096990e-01 8.216458e-01 8.609491e-01 1.398642e+01 3.241558e+03 6.367583e+03 0.83592 4.567058e-01
8.430000e-01 5.096990e-01 8.221235e-01 8.614581e-01 1.399630e+01 3.251196e+03 6.363180e+03 0.8372 4.582324e-01
8.420000e-01 5.096990e-01 8.226019e-01 8.619679e-01 1.400620e+01 3.260797e+03 6.358765e+03 0.838484 4.597547e-01
8.410000e-01 5.096990e-01 8.230811e-01 8.624785e-01 1.401614e+01 3.270360e+03 6.354337e+03 0.839769 4.612725e-01
8.400000e-01 5.096990e-01 8.235612e-01 8.629900e-01 1.402610e+01 3.279886e+03 6.349898e+03 0.841058 4.627860e-01
8.390000e-01 5.096990e-01 8.240418e-01 8.635022e-01 1.403609e+01 3.289374e+03 6.345447e+03 0.842349 4.642952e-01
8.380000e-01 5.096990e-01 8.245233e-01 8.640153e-01 1.404612e+01 3.298825e+03 6.340983e+03 0.843643 4.658000e-01
8.370000e-01 5.096990e-01 8.250053e-01 8.645290e-01 1.405617e+01 3.308236e+03 6.336508e+03 0.84494 4.673002e-01
8.360000e-01 5.096990e-01 8.254877e-01 8.650431e-01 1.406625e+01 3.317604e+03 6.332022e+03 0.846238 4.687954e-01
8.350000e-01 5.096990e-01 8.259705e-01 8.655577e-01 1.407636e+01 3.326931e+03 6.327526e+03 0.847539 4.702857e-01
8.340000e-01 5.096990e-01 8.264535e-01 8.660723e-01 1.408649e+01 3.336213e+03 6.323019e+03 0.848842 4.717708e-01
8.330000e-01 5.096990e-01 8.269366e-01 8.665871e-01 1.409664e+01 3.345450e+03 6.318502e+03 0.850147 4.732507e-01
8.320000e-01 5.096990e-01 8.274198e-01 8.671020e-01 1.410682e+01 3.354642e+03 6.313976e+03 0.851453 4.747253e-01
8.310000e-01 5.096990e-01 8.279152e-01 8.676298e-01 1.411712e+01 3.363744e+03 6.309388e+03 0.852782 4.761859e-01
8.300000e-01 5.096990e-01 8.283874e-01 8.681330e-01 1.412727e+01 3.372902e+03 6.304887e+03 0.854073 4.776602e-01
8.290000e-01 5.096990e-01 8.288835e-01 8.686616e-01 1.413762e+01 3.381929e+03 6.300277e+03 0.855406 4.791123e-01
8.280000e-01 5.096990e-01 8.293688e-01 8.691788e-01 1.414792e+01 3.390968e+03 6.295702e+03 0.856723 4.805692e-01
8.270000e-01 5.096990e-01 8.298546e-01 8.696965e-01 1.415825e+01 3.399971e+03 6.291115e+03 0.858042 4.820222e-01
8.260000e-01 5.096990e-01 8.303411e-01 8.702149e-01 1.416861e+01 3.408941e+03 6.286514e+03 0.859363 4.834712e-01
8.250000e-01 5.096990e-01 8.308280e-01 8.707338e-01 1.417900e+01 3.417874e+03 6.281902e+03 0.860687 4.849159e-01
8.240000e-01 5.096990e-01 8.313156e-01 8.712535e-01 1.418942e+01 3.426774e+03 6.277276e+03 0.862013 4.863566e-01
8.230000e-01 5.096990e-01 8.318038e-01 8.717737e-01 1.419988e+01 3.435638e+03 6.272636e+03 0.863342 4.877932e-01
8.220000e-01 5.096990e-01 8.322928e-01 8.722949e-01 1.421037e+01 3.444470e+03 6.267984e+03 0.864673 4.892259e-01
8.210000e-01 5.096990e-01 8.327824e-01 8.728167e-01 1.422089e+01 3.453269e+03 6.263317e+03 0.866007 4.906548e-01
8.200000e-01 5.096990e-01 8.332725e-01 8.733391e-01 1.423144e+01 3.462031e+03 6.258638e+03 0.867343 4.920795e-01
8.190000e-01 5.096990e-01 8.337632e-01 8.738621e-01 1.424202e+01 3.470758e+03 6.253947e+03 0.868682 4.934999e-01
8.180000e-01 5.096990e-01 8.342540e-01 8.743852e-01 1.425264e+01 3.479446e+03 6.249243e+03 0.870023 4.949158e-01
8.170000e-01 5.096990e-01 8.347452e-01 8.749088e-01 1.426328e+01 3.488096e+03 6.244527e+03 0.871365 4.963272e-01
8.160000e-01 5.096990e-01 8.352362e-01 8.754321e-01 1.427395e+01 3.496703e+03 6.239799e+03 0.872709 4.977336e-01
8.150000e-01 5.096990e-01 8.357274e-01 8.759556e-01 1.428464e+01 3.505271e+03 6.235061e+03 0.874055 4.991353e-01
8.140000e-01 5.096990e-01 8.362186e-01 8.764791e-01 1.429536e+01 3.513797e+03 6.230311e+03 0.875402 5.005322e-01
8.130000e-01 5.096990e-01 8.367100e-01 8.770028e-01 1.430612e+01 3.522288e+03 6.225547e+03 0.876752 5.019250e-01
8.120000e-01 5.096990e-01 8.372018e-01 8.775269e-01 1.431690e+01 3.530745e+03 6.220770e+03 0.878103 5.033138e-01
8.110000e-01 5.096990e-01 8.376942e-01 8.780516e-01 1.432772e+01 3.539169e+03 6.215979e+03 0.879457 5.046989e-01
8.100000e-01 5.096990e-01 8.381872e-01 8.785771e-01 1.433858e+01 3.547563e+03 6.211173e+03 0.880814 5.060804e-01
8.090000e-01 5.096990e-01 8.386808e-01 8.791031e-01 1.434947e+01 3.555924e+03 6.206353e+03 0.882173 5.074582e-01
8.080000e-01 5.096990e-01 8.391750e-01 8.796299e-01 1.436040e+01 3.564254e+03 6.201519e+03 0.883535 5.088324e-01
8.070000e-01 5.096990e-01 8.396696e-01 8.801570e-01 1.437136e+01 3.572550e+03 6.196670e+03 0.884899 5.102026e-01
8.060000e-01 5.096990e-01 8.401648e-01 8.806849e-01 1.438236e+01 3.580815e+03 6.191808e+03 0.886266 5.115691e-01
8.050000e-01 5.096990e-01 8.406607e-01 8.812134e-01 1.439339e+01 3.589049e+03 6.186931e+03 0.887635 5.129318e-01
8.040000e-01 5.096990e-01 8.411571e-01 8.817426e-01 1.440446e+01 3.597253e+03 6.182039e+03 0.889006 5.142910e-01
8.030000e-01 5.096990e-01 8.416541e-01 8.822724e-01 1.441556e+01 3.605425e+03 6.177133e+03 0.89038 5.156465e-01
8.020000e-01 5.096990e-01 8.421515e-01 8.828027e-01 1.442670e+01 3.613563e+03 6.172215e+03 0.891757 5.169979e-01
8.010000e-01 5.096990e-01 8.426492e-01 8.833334e-01 1.443787e+01 3.621666e+03 6.167283e+03 0.893135 5.183452e-01
8.000000e-01 5.096990e-01 8.431470e-01 8.838641e-01 1.444907e+01 3.629731e+03 6.162338e+03 0.894515 5.196882e-01
7.990000e-01 5.096990e-01 8.436450e-01 8.843950e-01 1.446030e+01 3.637757e+03 6.157383e+03 0.895897 5.210266e-01
7.980000e-01 5.096990e-01 8.441427e-01 8.849256e-01 1.447156e+01 3.645744e+03 6.152417e+03 0.897281 5.223603e-01
7.970000e-01 5.096990e-01 8.446404e-01 8.854562e-01 1.448285e+01 3.653693e+03 6.147438e+03 0.898666 5.236897e-01
7.960000e-01 5.096990e-01 8.451383e-01 8.859870e-01 1.449417e+01 3.661608e+03 6.142445e+03 0.900053 5.250150e-01
7.950000e-01 5.096990e-01 8.456363e-01 8.865179e-01 1.450553e+01 3.669491e+03 6.137437e+03 0.901442 5.263365e-01
7.940000e-01 5.096990e-01 8.461348e-01 8.870493e-01 1.451693e+01 3.677344e+03 6.132413e+03 0.902833 5.276544e-01
7.930000e-01 5.096990e-01 8.466338e-01 8.875812e-01 1.452837e+01 3.685167e+03 6.127372e+03 0.904226 5.289689e-01
7.920000e-01 5.096990e-01 8.471331e-01 8.881135e-01 1.453984e+01 3.692962e+03 6.122315e+03 0.905621 5.302798e-01
7.910000e-01 5.096990e-01 8.476329e-01 8.886464e-01 1.455136e+01 3.700726e+03 6.117241e+03 0.907018 5.315872e-01
7.900000e-01 5.096990e-01 8.481330e-01 8.891795e-01 1.456291e+01 3.708460e+03 6.112152e+03 0.908417 5.328908e-01
7.890000e-01 5.096990e-01 8.486335e-01 8.897131e-01 1.457450e+01 3.716164e+03 6.107046e+03 0.909818 5.341908e-01
7.880000e-01 5.096990e-01 8.491344e-01 8.902473e-01 1.458613e+01 3.723838e+03 6.101925e+03 0.911222 5.354873e-01
7.870000e-01 5.096990e-01 8.496359e-01 8.907819e-01 1.459780e+01 3.731484e+03 6.096787e+03 0.912627 5.367802e-01
7.860000e-01 5.096990e-01 8.501377e-01 8.913170e-01 1.460951e+01 3.739102e+03 6.091631e+03 0.914034 5.380696e-01
7.850000e-01 5.096990e-01 8.506397e-01 8.918523e-01 1.462126e+01 3.746688e+03 6.086460e+03 0.915443 5.393550e-01
7.840000e-01 5.096990e-01 8.511417e-01 8.923875e-01 1.463305e+01 3.754241e+03 6.081272e+03 0.916853 5.406363e-01
7.830000e-01 5.096990e-01 8.516434e-01 8.929225e-01 1.464487e+01 3.761759e+03 6.076069e+03 0.918263 5.419133e-01
7.820000e-01 5.096990e-01 8.521450e-01 8.934573e-01 1.465672e+01 3.769241e+03 6.070851e+03 0.919675 5.431858e-01
7.810000e-01 5.096990e-01 8.526463e-01 8.939917e-01 1.466860e+01 3.776686e+03 6.065620e+03 0.921087 5.444538e-01
7.800000e-01 5.096990e-01 8.531473e-01 8.945259e-01 1.468052e+01 3.784095e+03 6.060375e+03 0.922501 5.457174e-01
7.790000e-01 5.096990e-01 8.536483e-01 8.950600e-01 1.469247e+01 3.791470e+03 6.055116e+03 0.923916 5.469770e-01
7.780000e-01 5.096990e-01 8.541496e-01 8.955943e-01 1.470447e+01 3.798815e+03 6.049840e+03 0.925332 5.482331e-01
7.770000e-01 5.096990e-01 8.546511e-01 8.961290e-01 1.471650e+01 3.806132e+03 6.044547e+03 0.926751 5.494855e-01
7.760000e-01 5.096990e-01 8.551529e-01 8.966641e-01 1.472858e+01 3.813421e+03 6.039236e+03 0.928171 5.507345e-01
7.750000e-01 5.096990e-01 8.556549e-01 8.971993e-01 1.474070e+01 3.820681e+03 6.033907e+03 0.929592 5.519799e-01
7.740000e-01 5.096990e-01 8.561572e-01 8.977348e-01 1.475287e+01 3.827910e+03 6.028561e+03 0.931016 5.532216e-01
7.730000e-01 5.096990e-01 8.566598e-01 8.982708e-01 1.476507e+01 3.835111e+03 6.023199e+03 0.932441 5.544597e-01
7.720000e-01 5.096990e-01 8.571624e-01 8.988067e-01 1.477732e+01 3.842282e+03 6.017818e+03 0.933868 5.556942e-01
7.710000e-01 5.096990e-01 8.576654e-01 8.993431e-01 1.478961e+01 3.849426e+03 6.012419e+03 0.935296 5.569251e-01
7.700000e-01 5.096990e-01 8.581687e-01 8.998798e-01 1.480194e+01 3.856544e+03 6.007000e+03 0.936726 5.581525e-01
7.690000e-01 5.096990e-01 8.586719e-01 9.004165e-01 1.481432e+01 3.863632e+03 6.001563e+03 0.938157 5.593762e-01
7.680000e-01 5.096990e-01 8.591752e-01 9.009532e-01 1.482674e+01 3.870690e+03 5.996106e+03 0.939589 5.605959e-01
7.670000e-01 5.096990e-01 8.596782e-01 9.014895e-01 1.483920e+01 3.877716e+03 5.990633e+03 0.941021 5.618114e-01
7.660000e-01 5.096990e-01 8.601808e-01 9.020255e-01 1.485170e+01 3.884706e+03 5.985142e+03 0.942453 5.630225e-01
7.650000e-01 5.096990e-01 8.606830e-01 9.025609e-01 1.486424e+01 3.891661e+03 5.979638e+03 0.943886 5.642291e-01
7.640000e-01 5.096990e-01 8.611847e-01 9.030958e-01 1.487681e+01 3.898580e+03 5.974118e+03 0.94532 5.654312e-01
7.630000e-01 5.096990e-01 8.616860e-01 9.036303e-01 1.488941e+01 3.905464e+03 5.968582e+03 0.946754 5.666291e-01
7.620000e-01 5.096990e-01 8.621873e-01 9.041648e-01 1.490207e+01 3.912319e+03 5.963028e+03 0.948189 5.678232e-01
7.610000e-01 5.096990e-01 8.627000e-01 9.047114e-01 1.491486e+01 3.919107e+03 5.957405e+03 0.949644 5.690046e-01
7.600000e-01 5.096990e-01 8.632016e-01 9.052463e-01 1.492760e+01 3.925903e+03 5.951814e+03 0.951082 5.701911e-01
7.590000e-01 5.096990e-01 8.637030e-01 9.057809e-01 1.494039e+01 3.932672e+03 5.946202e+03 0.952521 5.713741e-01
7.580000e-01 5.096990e-01 8.642044e-01 9.063155e-01 1.495323e+01 3.939414e+03 5.940570e+03 0.95396 5.725533e-01
7.570000e-01 5.096990e-01 8.647056e-01 9.068500e-01 1.496611e+01 3.946126e+03 5.934918e+03 0.955399 5.737287e-01
7.560000e-01 5.096990e-01 8.652068e-01 9.073845e-01 1.497904e+01 3.952810e+03 5.929246e+03 0.95684 5.749003e-01
7.550000e-01 5.096990e-01 8.657080e-01 9.079188e-01 1.499202e+01 3.959466e+03 5.923554e+03 0.958281 5.760682e-01
7.540000e-01 5.096990e-01 8.662091e-01 9.084532e-01 1.500504e+01 3.966094e+03 5.917840e+03 0.959723 5.772324e-01
7.530000e-01 5.096990e-01 8.667105e-01 9.089879e-01 1.501812e+01 3.972696e+03 5.912107e+03 0.961166 5.783930e-01
7.520000e-01 5.096990e-01 8.672116e-01 9.095225e-01 1.503124e+01 3.979267e+03 5.906355e+03 0.96261 5.795497e-01
7.510000e-01 5.096990e-01 8.677125e-01 9.100566e-01 1.504441e+01 3.985806e+03 5.900584e+03 0.964055 5.807022e-01
7.500000e-01 5.096990e-01 8.682130e-01 9.105904e-01 1.505761e+01 3.992311e+03 5.894797e+03 0.9655 5.818503e-01
7.490000e-01 5.096990e-01 8.687127e-01 9.111233e-01 1.507086e+01 3.998781e+03 5.888993e+03 0.966944 5.829939e-01
7.480000e-01 5.096990e-01 8.692116e-01 9.116554e-01 1.508415e+01 4.005215e+03 5.883172e+03 0.968389 5.841329e-01
7.470000e-01 5.096990e-01 8.697100e-01 9.121868e-01 1.509748e+01 4.011615e+03 5.877335e+03 0.969833 5.852676e-01
7.460000e-01 5.096990e-01 8.702079e-01 9.127178e-01 1.511085e+01 4.017983e+03 5.871479e+03 0.971277 5.863980e-01
7.450000e-01 5.096990e-01 8.707056e-01 9.132486e-01 1.512428e+01 4.024321e+03 5.865604e+03 0.972722 5.875246e-01
7.440000e-01 5.096990e-01 8.712032e-01 9.137793e-01 1.513775e+01 4.030631e+03 5.859708e+03 0.974168 5.886475e-01
7.430000e-01 5.096990e-01 8.717006e-01 9.143097e-01 1.515127e+01 4.036914e+03 5.853790e+03 0.975614 5.897665e-01
7.420000e-01 5.096990e-01 8.721977e-01 9.148399e-01 1.516485e+01 4.043167e+03 5.847851e+03 0.97706 5.908816e-01
7.410000e-01 5.096990e-01 8.726946e-01 9.153699e-01 1.517848e+01 4.049392e+03 5.841890e+03 0.978507 5.919929e-01
7.400000e-01 5.096990e-01 8.731912e-01 9.158996e-01 1.519216e+01 4.055588e+03 5.835909e+03 0.979954 5.931002e-01
7.390000e-01 5.096990e-01 8.736876e-01 9.164290e-01 1.520589e+01 4.061754e+03 5.829907e+03 0.981402 5.942036e-01
7.380000e-01 5.096990e-01 8.741838e-01 9.169583e-01 1.521968e+01 4.067893e+03 5.823883e+03 0.982849 5.953032e-01
7.370000e-01 5.096990e-01 8.746796e-01 9.174873e-01 1.523352e+01 4.074005e+03 5.817835e+03 0.984297 5.963989e-01
7.360000e-01 5.096990e-01 8.751748e-01 9.180156e-01 1.524741e+01 4.080087e+03 5.811763e+03 0.985743 5.974902e-01
7.350000e-01 5.096990e-01 8.756693e-01 9.185430e-01 1.526136e+01 4.086139e+03 5.805668e+03 0.987188 5.985771e-01
7.340000e-01 5.096990e-01 8.761629e-01 9.190696e-01 1.527535e+01 4.092157e+03 5.799554e+03 0.988632 5.996593e-01
7.330000e-01 5.096990e-01 8.766557e-01 9.195951e-01 1.528938e+01 4.098139e+03 5.793422e+03 0.990076 6.007368e-01
7.320000e-01 5.096990e-01 8.771475e-01 9.201198e-01 1.530346e+01 4.104086e+03 5.787273e+03 0.991518 6.018096e-01
7.310000e-01 5.096990e-01 8.776384e-01 9.206433e-01 1.531759e+01 4.109998e+03 5.781105e+03 0.99296 6.028778e-01
7.300000e-01 5.096990e-01 8.781283e-01 9.211659e-01 1.533176e+01 4.115877e+03 5.774916e+03 0.9944 6.039415e-01
7.290000e-01 5.096990e-01 8.786177e-01 9.216879e-01 1.534600e+01 4.121730e+03 5.768702e+03 0.99584 6.050011e-01
7.280000e-01 5.096990e-01 8.791065e-01 9.222092e-01 1.536029e+01 4.127553e+03 5.762464e+03 0.997278 6.060565e-01
7.270000e-01 5.096990e-01 8.795945e-01 9.227297e-01 1.537463e+01 4.133348e+03 5.756200e+03 0.998715 6.071077e-01
7.260000e-01 5.096990e-01 8.800822e-01 9.232499e-01 1.538904e+01 4.139114e+03 5.749913e+03 1.00015 6.081547e-01
7.250000e-01 5.096990e-01 8.805691e-01 9.237693e-01 1.540350e+01 4.144851e+03 5.743602e+03 1.00159 6.091975e-01
7.240000e-01 5.096990e-01 8.810553e-01 9.242879e-01 1.541802e+01 4.150558e+03 5.737267e+03 1.00302 6.102359e-01
7.230000e-01 5.096990e-01 8.815410e-01 9.248060e-01 1.543260e+01 4.156236e+03 5.730907e+03 1.00446 6.112702e-01
7.220000e-01 5.096990e-01 8.820259e-01 9.253233e-01 1.544724e+01 4.161885e+03 5.724522e+03 1.00589 6.123001e-01
7.210000e-01 5.096990e-01 8.825103e-01 9.258400e-01 1.546194e+01 4.167506e+03 5.718112e+03 1.00732 6.133258e-01
7.200000e-01 5.096990e-01 8.829940e-01 9.263561e-01 1.547670e+01 4.173096e+03 5.711680e+03 1.00875 6.143471e-01
7.190000e-01 5.096990e-01 8.834768e-01 9.268711e-01 1.549151e+01 4.178653e+03 5.705226e+03 1.01018 6.153637e-01
7.180000e-01 5.096990e-01 8.839582e-01 9.273847e-01 1.550637e+01 4.184176e+03 5.698750e+03 1.01161 6.163752e-01
7.170000e-01 5.096990e-01 8.844379e-01 9.278964e-01 1.552129e+01 4.189662e+03 5.692250e+03 1.01303 6.173814e-01
7.160000e-01 5.096990e-01 8.849161e-01 9.284065e-01 1.553625e+01 4.195114e+03 5.685729e+03 1.01445 6.183825e-01
7.150000e-01 5.096990e-01 8.854031e-01 9.289258e-01 1.555138e+01 4.200498e+03 5.679130e+03 1.01588 6.193694e-01
7.140000e-01 5.096990e-01 8.858792e-01 9.294336e-01 1.556646e+01 4.205884e+03 5.672559e+03 1.0173 6.203605e-01
7.130000e-01 5.096990e-01 8.863540e-01 9.299401e-01 1.558160e+01 4.211242e+03 5.665962e+03 1.01871 6.213473e-01
7.120000e-01 5.096990e-01 8.868278e-01 9.304454e-01 1.559681e+01 4.216569e+03 5.659339e+03 1.02012 6.223294e-01
7.110000e-01 5.096990e-01 8.873007e-01 9.309498e-01 1.561208e+01 4.221867e+03 5.652688e+03 1.02153 6.233070e-01
7.100000e-01 5.096990e-01 8.877726e-01 9.314532e-01 1.562741e+01 4.227135e+03 5.646012e+03 1.02294 6.242800e-01
7.090000e-01 5.096990e-01 8.882435e-01 9.319555e-01 1.564281e+01 4.232371e+03 5.639310e+03 1.02434 6.252484e-01
7.080000e-01 5.096990e-01 8.887134e-01 9.324569e-01 1.565828e+01 4.237577e+03 5.632581e+03 1.02575 6.262122e-01
7.070000e-01 5.096990e-01 8.891824e-01 9.329571e-01 1.567381e+01 4.242752e+03 5.625827e+03 1.02715 6.271714e-01
7.060000e-01 5.096990e-01 8.896504e-01 9.334565e-01 1.568940e+01 4.247897e+03 5.619047e+03 1.02855 6.281260e-01
7.050000e-01 5.096990e-01 8.901174e-01 9.339548e-01 1.570506e+01 4.253012e+03 5.612241e+03 1.02994 6.290759e-01
7.040000e-01 5.096990e-01 8.905830e-01 9.344516e-01 1.572079e+01 4.258091e+03 5.605411e+03 1.03134 6.300207e-01
7.030000e-01 5.096990e-01 8.910472e-01 9.349469e-01 1.573657e+01 4.263137e+03 5.598557e+03 1.03273 6.309604e-01
7.020000e-01 5.096990e-01 8.915098e-01 9.354405e-01 1.575241e+01 4.268146e+03 5.591680e+03 1.03412 6.318949e-01
7.010000e-01 5.096990e-01 8.919703e-01 9.359317e-01 1.576830e+01 4.273116e+03 5.584782e+03 1.0355 6.328237e-01
7.000000e-01 5.096990e-01 8.924293e-01 9.364215e-01 1.578426e+01 4.278053e+03 5.577859e+03 1.03688 6.337471e-01
6.990000e-01 5.096990e-01 8.928864e-01 9.369092e-01 1.580027e+01 4.282955e+03 5.570910e+03 1.03826 6.346655e-01
6.980000e-01 5.096990e-01 8.933420e-01 9.373952e-01 1.581636e+01 4.287826e+03 5.563931e+03 1.03963 6.355787e-01
6.970000e-01 5.096990e-01 8.937961e-01 9.378797e-01 1.583253e+01 4.292668e+03 5.556920e+03 1.041 6.364866e-01
6.960000e-01 5.096990e-01 8.942485e-01 9.383623e-01 1.584876e+01 4.297477e+03 5.549878e+03 1.04237 6.373894e-01
6.950000e-01 5.096990e-01 8.946995e-01 9.388434e-01 1.586507e+01 4.302255e+03 5.542807e+03 1.04373 6.382870e-01
6.940000e-01 5.096990e-01 8.951492e-01 9.393233e-01 1.588145e+01 4.307002e+03 5.535708e+03 1.04508 6.391796e-01
6.930000e-01 5.096990e-01 8.955972e-01 9.398013e-01 1.589790e+01 4.311715e+03 5.528580e+03 1.04644 6.400670e-01
6.920000e-01 5.096990e-01 8.960437e-01 9.402777e-01 1.591443e+01 4.316397e+03 5.521422e+03 1.04779 6.409492e-01
6.910000e-01 5.096990e-01 8.964887e-01 9.407525e-01 1.593103e+01 4.321047e+03 5.514234e+03 1.04913 6.418261e-01
6.900000e-01 5.096990e-01 8.969318e-01 9.412254e-01 1.594770e+01 4.325663e+03 5.507017e+03 1.05047 6.426975e-01
6.890000e-01 5.096990e-01 8.973731e-01 9.416963e-01 1.596444e+01 4.330246e+03 5.499770e+03 1.05181 6.435633e-01
6.880000e-01 5.096990e-01 8.978128e-01 9.421655e-01 1.598125e+01 4.334791e+03 5.492501e+03 1.05314 6.444236e-01
6.870000e-01 5.096990e-01 8.982502e-01 9.426322e-01 1.599813e+01 4.339299e+03 5.485206e+03 1.05447 6.452782e-01
6.860000e-01 5.096990e-01 8.986851e-01 9.430964e-01 1.601507e+01 4.343770e+03 5.477885e+03 1.05579 6.461266e-01
6.850000e-01 5.096990e-01 8.991175e-01 9.435577e-01 1.603207e+01 4.348202e+03 5.470535e+03 1.05711 6.469688e-01
6.840000e-01 5.096990e-01 8.995474e-01 9.440163e-01 1.604915e+01 4.352601e+03 5.463153e+03 1.05842 6.478049e-01
6.830000e-01 5.096990e-01 8.999748e-01 9.444722e-01 1.606631e+01 4.356966e+03 5.455736e+03 1.05972 6.486351e-01
6.820000e-01 5.096990e-01 9.004091e-01 9.449354e-01 1.608367e+01 4.361267e+03 5.448226e+03 1.06102 6.494501e-01
6.810000e-01 5.096990e-01 9.008329e-01 9.453875e-01 1.610100e+01 4.365567e+03 5.440740e+03 1.06231 6.502683e-01
6.800000e-01 5.096990e-01 9.012543e-01 9.458371e-01 1.611841e+01 4.369831e+03 5.433223e+03 1.0636 6.510811e-01
6.790000e-01 5.096990e-01 9.016740e-01 9.462849e-01 1.613590e+01 4.374062e+03 5.425677e+03 1.06488 6.518882e-01
6.780000e-01 5.096990e-01 9.020917e-01 9.467306e-01 1.615346e+01 4.378260e+03 5.418099e+03 1.06615 6.526895e-01
6.770000e-01 5.096990e-01 9.025069e-01 9.471736e-01 1.617111e+01 4.382421e+03 5.410489e+03 1.06742 6.534850e-01
6.760000e-01 5.096990e-01 9.029203e-01 9.476148e-01 1.618885e+01 4.386548e+03 5.402847e+03 1.06868 6.542747e-01
6.750000e-01 5.096990e-01 9.033317e-01 9.480538e-01 1.620666e+01 4.390640e+03 5.395176e+03 1.06994 6.550585e-01
6.740000e-01 5.096990e-01 9.037408e-01 9.484905e-01 1.622456e+01 4.394693e+03 5.387477e+03 1.07119 6.558366e-01
6.730000e-01 5.096990e-01 9.041476e-01 9.489246e-01 1.624252e+01 4.398709e+03 5.379752e+03 1.07244 6.566083e-01
6.720000e-01 5.096990e-01 9.045510e-01 9.493552e-01 1.626056e+01 4.402685e+03 5.371995e+03 1.07368 6.573731e-01
6.710000e-01 5.096990e-01 9.049510e-01 9.497820e-01 1.627868e+01 4.406620e+03 5.364206e+03 1.0749 6.581310e-01
6.700000e-01 5.096990e-01 9.053484e-01 9.502059e-01 1.629687e+01 4.410516e+03 5.356389e+03 1.07613 6.588824e-01
6.690000e-01 5.096990e-01 9.057430e-01 9.506270e-01 1.631515e+01 4.414376e+03 5.348538e+03 1.07734 6.596275e-01
6.680000e-01 5.096990e-01 9.061348e-01 9.510450e-01 1.633352e+01 4.418199e+03 5.340651e+03 1.07854 6.603660e-01
6.670000e-01 5.096990e-01 9.065244e-01 9.514607e-01 1.635198e+01 4.421987e+03 5.332732e+03 1.07974 6.610984e-01
6.660000e-01 5.096990e-01 9.069113e-01 9.518737e-01 1.637052e+01 4.425740e+03 5.324778e+03 1.08093 6.618244e-01
6.650000e-01 5.096990e-01 9.072953e-01 9.522833e-01 1.638917e+01 4.429456e+03 5.316786e+03 1.08212 6.625437e-01
6.640000e-01 5.096990e-01 9.076767e-01 9.526905e-01 1.640790e+01 4.433135e+03 5.308761e+03 1.08329 6.632565e-01
6.630000e-01 5.096990e-01 9.080556e-01 9.530949e-01 1.642672e+01 4.436777e+03 5.300702e+03 1.08446 6.639629e-01
6.620000e-01 5.096990e-01 9.084320e-01 9.534967e-01 1.644564e+01 4.440380e+03 5.292613e+03 1.08562 6.646631e-01
6.610000e-01 5.096990e-01 9.088051e-01 9.538949e-01 1.646464e+01 4.443948e+03 5.284485e+03 1.08677 6.653561e-01
6.600000e-01 5.096990e-01 9.091745e-01 9.542892e-01 1.648375e+01 4.447476e+03 5.276317e+03 1.08791 6.660414e-01
6.590000e-01 5.096990e-01 9.095401e-01 9.546794e-01 1.650294e+01 4.450964e+03 5.268112e+03 1.08904 6.667191e-01
6.580000e-01 5.096990e-01 9.099023e-01 9.550658e-01 1.652222e+01 4.454411e+03 5.259875e+03 1.09016 6.673892e-01
6.570000e-01 5.096990e-01 9.102607e-01 9.554482e-01 1.654159e+01 4.457815e+03 5.251605e+03 1.09127 6.680518e-01
6.560000e-01 5.096990e-01 9.106226e-01 9.558342e-01 1.656115e+01 4.461145e+03 5.243240e+03 1.09238 6.686971e-01
6.550000e-01 5.096990e-01 9.109742e-01 9.562093e-01 1.658070e+01 4.464465e+03 5.234903e+03 1.09347 6.693448e-01
6.540000e-01 5.096990e-01 9.113223e-01 9.565806e-01 1.660034e+01 4.467747e+03 5.226530e+03 1.09454 6.699856e-01
6.530000e-01 5.096990e-01 9.116671e-01 9.569486e-01 1.662008e+01 4.470989e+03 5.218121e+03 1.09561 6.706193e-01
6.520000e-01 5.096990e-01 9.120094e-01 9.573139e-01 1.663992e+01 4.474192e+03 5.209680e+03 1.09668 6.712466e-01
6.510000e-01 5.096990e-01 9.123490e-01 9.576764e-01 1.665986e+01 4.477357e+03 5.201207e+03 1.09773 6.718674e-01
6.500000e-01 5.096990e-01 9.126843e-01 9.580342e-01 1.667991e+01 4.480481e+03 5.192690e+03 1.09877 6.724800e-01
6.490000e-01 5.096990e-01 9.130158e-01 9.583880e-01 1.670006e+01 4.483564e+03 5.184131e+03 1.09981 6.730848e-01
6.480000e-01 5.096990e-01 9.133437e-01 9.587380e-01 1.672032e+01 4.486606e+03 5.175535e+03 1.10082 6.736820e-01
6.470000e-01 5.096990e-01 9.136682e-01 9.590843e-01 1.674069e+01 4.489609e+03 5.166902e+03 1.10183 6.742716e-01
6.460000e-01 5.096990e-01 9.139888e-01 9.594266e-01 1.676115e+01 4.492569e+03 5.158231e+03 1.10283 6.748534e-01
6.450000e-01 5.096990e-01 9.143054e-01 9.597645e-01 1.678172e+01 4.495486e+03 5.149525e+03 1.10382 6.754272e-01
6.440000e-01 5.096990e-01 9.146180e-01 9.600981e-01 1.680238e+01 4.498359e+03 5.140784e+03 1.10479 6.759930e-01
6.430000e-01 5.096990e-01 9.149265e-01 9.604274e-01 1.682314e+01 4.501186e+03 5.132012e+03 1.10575 6.765509e-01
6.420000e-01 5.096990e-01 9.152312e-01 9.607526e-01 1.684399e+01 4.503969e+03 5.123210e+03 1.10671 6.771010e-01
6.410000e-01 5.096990e-01 9.155321e-01 9.610739e-01 1.686494e+01 4.506707e+03 5.114378e+03 1.10765 6.776438e-01
6.400000e-01 5.096990e-01 9.158280e-01 9.613896e-01 1.688600e+01 4.509403e+03 5.105499e+03 1.10857 6.781776e-01
6.390000e-01 5.096990e-01 9.161191e-01 9.617003e-01 1.690718e+01 4.512056e+03 5.096575e+03 1.10949 6.787024e-01
6.380000e-01 5.096990e-01 9.164058e-01 9.620062e-01 1.692848e+01 4.514667e+03 5.087607e+03 1.11038 6.792184e-01
6.370000e-01 5.096990e-01 9.166879e-01 9.623073e-01 1.694990e+01 4.517235e+03 5.078593e+03 1.11126 6.797256e-01
6.360000e-01 5.096990e-01 9.169657e-01 9.626037e-01 1.697144e+01 4.519759e+03 5.069539e+03 1.11213 6.802242e-01
6.350000e-01 5.096990e-01 9.172449e-01 9.629013e-01 1.699322e+01 4.522206e+03 5.060377e+03 1.11299 6.807037e-01
6.340000e-01 5.096990e-01 9.175142e-01 9.631888e-01 1.701500e+01 4.524640e+03 5.051236e+03 1.11383 6.811847e-01
6.330000e-01 5.096990e-01 9.177797e-01 9.634722e-01 1.703689e+01 4.527031e+03 5.042064e+03 1.11466 6.816582e-01
6.320000e-01 5.096990e-01 9.180415e-01 9.637517e-01 1.705889e+01 4.529377e+03 5.032860e+03 1.11548 6.821243e-01
6.310000e-01 5.096990e-01 9.182976e-01 9.640250e-01 1.708101e+01 4.531675e+03 5.023610e+03 1.11628 6.825805e-01
6.300000e-01 5.096990e-01 9.185489e-01 9.642933e-01 1.710324e+01 4.533925e+03 5.014325e+03 1.11707 6.830278e-01
6.290000e-01 5.096990e-01 9.187953e-01 9.645563e-01 1.712558e+01 4.536127e+03 5.005006e+03 1.11785 6.834661e-01
6.280000e-01 5.096990e-01 9.190369e-01 9.648141e-01 1.714802e+01 4.538280e+03 4.995654e+03 1.11861 6.838957e-01
6.270000e-01 5.096990e-01 9.192733e-01 9.650664e-01 1.717058e+01 4.540385e+03 4.986264e+03 1.11935 6.843162e-01
6.260000e-01 5.096990e-01 9.195050e-01 9.653137e-01 1.719326e+01 4.542445e+03 4.976831e+03 1.12008 6.847277e-01
6.250000e-01 5.096990e-01 9.197320e-01 9.655560e-01 1.721607e+01 4.544457e+03 4.967358e+03 1.1208 6.851303e-01
6.240000e-01 5.096990e-01 9.199552e-01 9.657943e-01 1.723901e+01 4.546424e+03 4.957850e+03 1.1215 6.855247e-01
6.230000e-01 5.096990e-01 9.201729e-01 9.660268e-01 1.726208e+01 4.548345e+03 4.948295e+03 1.12219 6.859095e-01
6.220000e-01 5.096990e-01 9.203845e-01 9.662527e-01 1.728528e+01 4.550217e+03 4.938691e+03 1.12285 6.862837e-01
6.210000e-01 5.096990e-01 9.205903e-01 9.664723e-01 1.730863e+01 4.552041e+03 4.929038e+03 1.1235 6.866472e-01
6.200000e-01 5.096990e-01 9.207905e-01 9.666859e-01 1.733211e+01 4.553817e+03 4.919338e+03 1.12413 6.870006e-01
6.190000e-01 5.096990e-01 9.209849e-01 9.668934e-01 1.735573e+01 4.555544e+03 4.909592e+03 1.12474 6.873437e-01
6.180000e-01 5.096990e-01 9.211738e-01 9.670950e-01 1.737948e+01 4.557220e+03 4.899803e+03 1.12533 6.876768e-01
6.170000e-01 5.096990e-01 9.213628e-01 9.672965e-01 1.740348e+01 4.558810e+03 4.889915e+03 1.12591 6.879899e-01
6.160000e-01 5.096990e-01 9.215431e-01 9.674890e-01 1.742747e+01 4.560384e+03 4.880064e+03 1.12648 6.883052e-01
6.150000e-01 5.096990e-01 9.217165e-01 9.676741e-01 1.745158e+01 4.561905e+03 4.870176e+03 1.12703 6.886106e-01
6.140000e-01 5.096990e-01 9.218843e-01 9.678531e-01 1.747581e+01 4.563374e+03 4.860251e+03 1.12756 6.889060e-01
6.130000e-01 5.096990e-01 9.220465e-01 9.680262e-01 1.750018e+01 4.564792e+03 4.850287e+03 1.12807 6.891916e-01
6.120000e-01 5.096990e-01 9.222033e-01 9.681935e-01 1.752469e+01 4.566161e+03 4.840280e+03 1.12857 6.894672e-01
6.110000e-01 5.096990e-01 9.223543e-01 9.683546e-01 1.754935e+01 4.567479e+03 4.830227e+03 1.12905 6.897325e-01
6.100000e-01 5.096990e-01 9.224998e-01 9.685100e-01 1.757415e+01 4.568746e+03 4.820132e+03 1.12951 6.899878e-01
6.090000e-01 5.096990e-01 9.226404e-01 9.686602e-01 1.759910e+01 4.569962e+03 4.809996e+03 1.12995 6.902334e-01
6.080000e-01 5.096990e-01 9.227757e-01 9.688048e-01 1.762418e+01 4.571128e+03 4.799823e+03 1.13038 6.904696e-01
6.070000e-01 5.096990e-01 9.229037e-01 9.689415e-01 1.764943e+01 4.572241e+03 4.789597e+03 1.13079 6.906934e-01
6.060000e-01 5.096990e-01 9.230245e-01 9.690705e-01 1.767483e+01 4.573299e+03 4.779317e+03 1.13117 6.909051e-01
6.050000e-01 5.096990e-01 9.231388e-01 9.691924e-01 1.770039e+01 4.574305e+03 4.768990e+03 1.13153 6.911053e-01
6.040000e-01 5.096990e-01 9.232465e-01 9.693073e-01 1.772610e+01 4.575256e+03 4.758619e+03 1.13187 6.912940e-01
6.030000e-01 5.096990e-01 9.233478e-01 9.694154e-01 1.775194e+01 4.576150e+03 4.748211e+03 1.13219 6.914719e-01
6.020000e-01 5.096990e-01 9.234445e-01 9.695186e-01 1.777791e+01 4.576991e+03 4.737776e+03 1.13249 6.916407e-01
6.010000e-01 5.096990e-01 9.235356e-01 9.696158e-01 1.780400e+01 4.577777e+03 4.727314e+03 1.13278 6.918003e-01
6.000000e-01 5.096990e-01 9.236238e-01 9.697097e-01 1.783038e+01 4.578470e+03 4.716745e+03 1.13305 6.919375e-01
5.990000e-01 5.096990e-01 9.237019e-01 9.697930e-01 1.785679e+01 4.579144e+03 4.706193e+03 1.1333 6.920741e-01
5.980000e-01 5.096990e-01 9.237736e-01 9.698695e-01 1.788336e+01 4.579765e+03 4.695600e+03 1.13353 6.922002e-01
5.970000e-01 5.096990e-01 9.238391e-01 9.699395e-01 1.791009e+01 4.580331e+03 4.684964e+03 1.13374 6.923153e-01
5.960000e-01 5.096990e-01 9.238985e-01 9.700030e-01 1.793698e+01 4.580843e+03 4.674283e+03 1.13393 6.924192e-01
5.950000e-01 5.096990e-01 9.239529e-01 9.700612e-01 1.796403e+01 4.581301e+03 4.663568e+03 1.1341 6.925135e-01
5.940000e-01 5.096990e-01 9.240002e-01 9.701118e-01 1.799124e+01 4.581703e+03 4.652808e+03 1.13425 6.925959e-01
5.930000e-01 5.096990e-01 9.240391e-01 9.701533e-01 1.801863e+01 4.582047e+03 4.641992e+03 1.13438 6.926646e-01
5.920000e-01 5.096990e-01 9.240703e-01 9.701867e-01 1.804620e+01 4.582332e+03 4.631124e+03 1.13447 6.927201e-01
5.910000e-01 5.096990e-01 9.240946e-01 9.702125e-01 1.807394e+01 4.582560e+03 4.620213e+03 1.13455 6.927632e-01
5.900000e-01 5.096990e-01 9.241118e-01 9.702308e-01 1.810183e+01 4.582728e+03 4.609265e+03 1.1346 6.927948e-01
5.890000e-01 5.096990e-01 9.241242e-01 9.702440e-01 1.812985e+01 4.582840e+03 4.598292e+03 1.13464 6.928168e-01
5.880000e-01 5.096990e-01 9.241309e-01 9.702513e-01 1.815802e+01 4.582896e+03 4.587298e+03 1.13466 6.928296e-01
5.870000e-01 5.096990e-01 9.241299e-01 9.702501e-01 1.818634e+01 4.582890e+03 4.576261e+03 1.13466 6.928301e-01
5.876257e-01 5.096990e-01 9.241845e-01 9.702980e-01 1.817159e+01 4.581731e+03 4.581621e+03 1.1346 6.925363e-01
