1.000000e+00 4.196990e+00 2.063890e+00 2.431371e+00 9.567468e+00 0.000000e+00 1.769128e+04 0 0.000000e+00
9.990000e-01 4.196990e+00 2.066281e+00 2.433533e+00 9.578720e+00 7.554066e+02 1.755764e+04 1.79729 3.618328e-02
9.980000e-01 4.196990e+00 2.066584e+00 2.433601e+00 9.580147e+00 1.058615e+03 1.751272e+04 1.90233 5.365446e-02
9.970000e-01 4.196990e+00 2.067493e+00 2.434599e+00 9.584424e+00 1.295738e+03 1.747600e+04 1.80141 6.213393e-02
9.960000e-01 4.196990e+00 2.067795e+00 2.434656e+00 9.585988e+00 1.493199e+03 1.744756e+04 1.84594 7.335150e-02
9.950000e-01 4.196990e+00 2.068747e+00 2.435655e+00 9.590381e+00 1.664882e+03 1.741965e+04 1.80419 7.986143e-02
9.940000e-01 4.196990e+00 2.069341e+00 2.436134e+00 9.593308e+00 1.823314e+03 1.739556e+04 1.80554 8.747669e-02
9.930000e-01 4.196990e+00 2.069490e+00 2.436021e+00 9.594891e+00 1.971878e+03 1.737489e+04 1.81898 9.529456e-02
9.920000e-01 4.196990e+00 2.069876e+00 2.436213e+00 9.596981e+00 2.110222e+03 1.735544e+04 1.8304 1.025823e-01
9.910000e-01 4.196990e+00 2.071260e+00 2.437817e+00 9.602231e+00 2.238772e+03 1.733229e+04 1.80974 1.074591e-01
9.900000e-01 4.196990e+00 2.071486e+00 2.437835e+00 9.603874e+00 2.362876e+03 1.731546e+04 1.81959 1.140087e-01
9.890000e-01 4.196990e+00 2.071902e+00 2.438091e+00 9.605970e+00 2.480456e+03 1.729919e+04 1.82842 1.202146e-01
9.880000e-01 4.196990e+00 2.073237e+00 2.439651e+00 9.611107e+00 2.591060e+03 1.727870e+04 1.81399 1.244232e-01
9.870000e-01 4.196990e+00 2.073489e+00 2.439719e+00 9.612775e+00 2.699080e+03 1.726435e+04 1.82162 1.301241e-01
9.860000e-01 4.196990e+00 2.073902e+00 2.439983e+00 9.614864e+00 2.802142e+03 1.725024e+04 1.82868 1.355621e-01
9.850000e-01 4.196990e+00 2.075227e+00 2.441530e+00 9.619982e+00 2.899154e+03 1.723162e+04 1.81828 1.392799e-01
9.840000e-01 4.196990e+00 2.075472e+00 2.441590e+00 9.621656e+00 2.995741e+03 1.721902e+04 1.82443 1.443726e-01
9.830000e-01 4.196990e+00 2.075892e+00 2.441863e+00 9.623771e+00 3.088887e+03 1.720638e+04 1.8306 1.493048e-01
9.820000e-01 4.196990e+00 2.077228e+00 2.443425e+00 9.628927e+00 3.177069e+03 1.718889e+04 1.82262 1.527013e-01
9.810000e-01 4.196990e+00 2.077479e+00 2.443497e+00 9.630622e+00 3.265526e+03 1.717753e+04 1.82788 1.573677e-01
9.800000e-01 4.196990e+00 2.077894e+00 2.443764e+00 9.632742e+00 3.350939e+03 1.716601e+04 1.83323 1.618913e-01
9.790000e-01 4.196990e+00 2.079239e+00 2.445335e+00 9.637934e+00 3.431706e+03 1.714943e+04 1.827 1.650168e-01
9.780000e-01 4.196990e+00 2.079479e+00 2.445391e+00 9.639633e+00 3.513450e+03 1.713907e+04 1.83152 1.693259e-01
9.770000e-01 4.196990e+00 2.079879e+00 2.445635e+00 9.641755e+00 3.592435e+03 1.712846e+04 1.83621 1.735096e-01
9.760000e-01 4.196990e+00 2.081239e+00 2.447214e+00 9.646993e+00 3.666350e+03 1.711268e+04 1.8314 1.763841e-01
9.750000e-01 4.196990e+00 2.081439e+00 2.447209e+00 9.648671e+00 3.742025e+03 1.710323e+04 1.83518 1.803624e-01
9.740000e-01 4.196990e+00 2.081826e+00 2.447426e+00 9.650810e+00 3.815778e+03 1.709335e+04 1.83953 1.842844e-01
9.730000e-01 4.196990e+00 2.083225e+00 2.449042e+00 9.656154e+00 3.885363e+03 1.707796e+04 1.8358 1.870135e-01
9.720000e-01 4.196990e+00 2.083441e+00 2.449056e+00 9.657875e+00 3.957656e+03 1.706902e+04 1.83942 1.908289e-01
9.710000e-01 4.196990e+00 2.083846e+00 2.449296e+00 9.660053e+00 4.028140e+03 1.705961e+04 1.84353 1.945856e-01
9.700000e-01 4.196990e+00 2.085248e+00 2.450923e+00 9.665440e+00 4.094654e+03 1.704459e+04 1.84028 1.971840e-01
9.690000e-01 4.196990e+00 2.085486e+00 2.450970e+00 9.667195e+00 4.163750e+03 1.703612e+04 1.84371 2.008397e-01
9.680000e-01 4.196990e+00 2.085904e+00 2.451231e+00 9.669395e+00 4.231127e+03 1.702716e+04 1.84758 2.044361e-01
9.670000e-01 4.196990e+00 2.087302e+00 2.452858e+00 9.674794e+00 4.294568e+03 1.701251e+04 1.84479 2.069107e-01
9.660000e-01 4.196990e+00 2.087544e+00 2.452914e+00 9.676559e+00 4.360371e+03 1.700451e+04 1.84795 2.103923e-01
9.650000e-01 4.196990e+00 2.087956e+00 2.453171e+00 9.678760e+00 4.424482e+03 1.699600e+04 1.85154 2.138157e-01
9.640000e-01 4.196990e+00 2.089365e+00 2.454809e+00 9.684185e+00 4.484795e+03 1.698171e+04 1.84932 2.161795e-01
9.630000e-01 4.196990e+00 2.089609e+00 2.454870e+00 9.685966e+00 4.547926e+03 1.697410e+04 1.85229 2.195233e-01
9.620000e-01 4.196990e+00 2.090028e+00 2.455137e+00 9.688188e+00 4.609518e+03 1.696593e+04 1.85572 2.228187e-01
9.610000e-01 4.196990e+00 2.091443e+00 2.456784e+00 9.693644e+00 4.667213e+03 1.695194e+04 1.8539 2.250807e-01
9.600000e-01 4.196990e+00 2.091684e+00 2.456843e+00 9.695433e+00 4.727759e+03 1.694470e+04 1.85666 2.282874e-01
9.590000e-01 4.196990e+00 2.092100e+00 2.457106e+00 9.697665e+00 4.786881e+03 1.693689e+04 1.85991 2.314553e-01
9.580000e-01 4.196990e+00 2.093527e+00 2.458766e+00 9.703163e+00 4.842039e+03 1.692316e+04 1.85849 2.336248e-01
9.570000e-01 4.196990e+00 2.093755e+00 2.458806e+00 9.704952e+00 4.900141e+03 1.691628e+04 1.86104 2.367007e-01
9.560000e-01 4.196990e+00 2.094150e+00 2.459037e+00 9.707175e+00 4.956640e+03 1.690881e+04 1.86405 2.397263e-01
9.550000e-01 4.196990e+00 2.095600e+00 2.460717e+00 9.712729e+00 5.009002e+03 1.689531e+04 1.86309 2.417999e-01
9.540000e-01 4.196990e+00 2.095813e+00 2.460732e+00 9.714525e+00 5.065108e+03 1.688871e+04 1.86549 2.447730e-01
9.530000e-01 4.196990e+00 2.096219e+00 2.460973e+00 9.716789e+00 5.120052e+03 1.688143e+04 1.86849 2.477304e-01
9.520000e-01 4.196990e+00 2.097733e+00 2.462735e+00 9.722511e+00 5.171120e+03 1.686781e+04 1.8678 2.497474e-01
9.510000e-01 4.196990e+00 2.097932e+00 2.462732e+00 9.724286e+00 5.225867e+03 1.686148e+04 1.87012 2.526578e-01
9.500000e-01 4.196990e+00 2.098336e+00 2.462973e+00 9.726554e+00 5.279313e+03 1.685442e+04 1.87302 2.555384e-01
9.490000e-01 4.196990e+00 2.099851e+00 2.464739e+00 9.732303e+00 5.328897e+03 1.684095e+04 1.8725 2.574954e-01
9.480000e-01 4.196990e+00 2.100059e+00 2.464752e+00 9.734098e+00 5.382127e+03 1.683483e+04 1.87475 2.603290e-01
9.470000e-01 4.196990e+00 2.100465e+00 2.464997e+00 9.736378e+00 5.434027e+03 1.682798e+04 1.87755 2.631289e-01
9.460000e-01 4.196990e+00 2.101985e+00 2.466770e+00 9.742152e+00 5.481909e+03 1.681467e+04 1.87723 2.650199e-01
9.450000e-01 4.196990e+00 2.102190e+00 2.466780e+00 9.743956e+00 5.533585e+03 1.680877e+04 1.87939 2.677724e-01
9.440000e-01 4.196990e+00 2.102601e+00 2.467031e+00 9.746256e+00 5.584085e+03 1.680209e+04 1.88212 2.705039e-01
9.430000e-01 4.196990e+00 2.104132e+00 2.468819e+00 9.752080e+00 5.630683e+03 1.678886e+04 1.88201 2.723473e-01
9.420000e-01 4.196990e+00 2.104343e+00 2.468837e+00 9.753904e+00 5.681100e+03 1.678311e+04 1.8841 2.750364e-01
9.410000e-01 4.196990e+00 2.104750e+00 2.469084e+00 9.756213e+00 5.730230e+03 1.677660e+04 1.88673 2.776950e-01
9.400000e-01 4.196990e+00 2.106294e+00 2.470888e+00 9.762078e+00 5.775313e+03 1.676347e+04 1.88681 2.794815e-01
9.390000e-01 4.196990e+00 2.106497e+00 2.470897e+00 9.763908e+00 5.824334e+03 1.675791e+04 1.8888 2.820966e-01
9.380000e-01 4.196990e+00 2.106895e+00 2.471132e+00 9.766220e+00 5.872008e+03 1.675158e+04 1.89133 2.846788e-01
9.370000e-01 4.196990e+00 2.108453e+00 2.472949e+00 9.772122e+00 5.915302e+03 1.673857e+04 1.89163 2.863992e-01
9.360000e-01 4.196990e+00 2.108632e+00 2.472925e+00 9.773938e+00 5.962710e+03 1.673323e+04 1.89346 2.889261e-01
9.350000e-01 4.196990e+00 2.109025e+00 2.473148e+00 9.776263e+00 6.009005e+03 1.672706e+04 1.89594 2.914420e-01
9.340000e-01 4.196990e+00 2.110609e+00 2.474992e+00 9.782243e+00 6.051213e+03 1.671407e+04 1.89647 2.931290e-01
9.330000e-01 4.196990e+00 2.110798e+00 2.474979e+00 9.784094e+00 6.097931e+03 1.670882e+04 1.89831 2.956273e-01
9.320000e-01 4.196990e+00 2.111199e+00 2.475212e+00 9.786453e+00 6.143490e+03 1.670273e+04 1.90077 2.981086e-01
9.310000e-01 4.196990e+00 2.112795e+00 2.477073e+00 9.792496e+00 6.184856e+03 1.668974e+04 1.90137 2.997561e-01
9.300000e-01 4.196990e+00 2.112991e+00 2.477073e+00 9.794372e+00 6.230676e+03 1.668459e+04 1.90319 3.022102e-01
9.290000e-01 4.196990e+00 2.113396e+00 2.477314e+00 9.796747e+00 6.275304e+03 1.667862e+04 1.9056 3.046442e-01
9.280000e-01 4.196990e+00 2.114999e+00 2.479185e+00 9.802828e+00 6.315655e+03 1.666569e+04 1.9063 3.062510e-01
9.270000e-01 4.196990e+00 2.115194e+00 2.479185e+00 9.804713e+00 6.360423e+03 1.666068e+04 1.90807 3.086500e-01
9.260000e-01 4.196990e+00 2.115598e+00 2.479424e+00 9.807100e+00 6.404028e+03 1.665483e+04 1.91043 3.110323e-01
9.250000e-01 4.196990e+00 2.117215e+00 2.481312e+00 9.813229e+00 6.443415e+03 1.664195e+04 1.91127 3.126053e-01
9.240000e-01 4.196990e+00 2.117414e+00 2.481318e+00 9.815136e+00 6.487429e+03 1.663703e+04 1.91302 3.149683e-01
9.230000e-01 4.196990e+00 2.117820e+00 2.481562e+00 9.817546e+00 6.530265e+03 1.663127e+04 1.91535 3.173132e-01
9.220000e-01 4.196990e+00 2.119449e+00 2.483464e+00 9.823729e+00 6.568742e+03 1.661839e+04 1.91629 3.188484e-01
9.210000e-01 4.196990e+00 2.119644e+00 2.483466e+00 9.825648e+00 6.611870e+03 1.661358e+04 1.91798 3.211658e-01
9.200000e-01 4.196990e+00 2.120046e+00 2.483704e+00 9.828069e+00 6.653785e+03 1.660791e+04 1.92026 3.234636e-01
9.190000e-01 4.196990e+00 2.121690e+00 2.485622e+00 9.834300e+00 6.691146e+03 1.659506e+04 1.92133 3.249567e-01
9.180000e-01 4.196990e+00 2.121868e+00 2.485601e+00 9.836212e+00 6.733166e+03 1.659038e+04 1.92292 3.272141e-01
9.170000e-01 4.196990e+00 2.122254e+00 2.485816e+00 9.838629e+00 6.773939e+03 1.658484e+04 1.92512 3.294523e-01
9.160000e-01 4.196990e+00 2.123924e+00 2.487762e+00 9.844922e+00 6.810201e+03 1.657199e+04 1.92638 3.309109e-01
9.150000e-01 4.196990e+00 2.124100e+00 2.487736e+00 9.846856e+00 6.851609e+03 1.656739e+04 1.92796 3.331408e-01
9.140000e-01 4.196990e+00 2.124497e+00 2.487963e+00 9.849312e+00 6.891904e+03 1.656187e+04 1.93019 3.353614e-01
9.130000e-01 4.196990e+00 2.126181e+00 2.489926e+00 9.855683e+00 6.927646e+03 1.654896e+04 1.93149 3.367944e-01
9.120000e-01 4.196990e+00 2.126365e+00 2.489913e+00 9.857643e+00 6.968460e+03 1.654441e+04 1.93307 3.389965e-01
9.110000e-01 4.196990e+00 2.126765e+00 2.490146e+00 9.860118e+00 7.008105e+03 1.653895e+04 1.93527 3.411845e-01
9.100000e-01 4.196990e+00 2.128459e+00 2.492123e+00 9.866535e+00 7.043116e+03 1.652604e+04 1.93664 3.425872e-01
9.090000e-01 4.196990e+00 2.128641e+00 2.492111e+00 9.868507e+00 7.083185e+03 1.652157e+04 1.93818 3.447507e-01
9.080000e-01 4.196990e+00 2.129036e+00 2.492338e+00 9.870987e+00 7.122026e+03 1.651621e+04 1.94033 3.468966e-01
9.070000e-01 4.196990e+00 2.130745e+00 2.494333e+00 9.877448e+00 7.156193e+03 1.650331e+04 1.94182 3.482693e-01
9.060000e-01 4.196990e+00 2.130927e+00 2.494322e+00 9.879435e+00 7.195639e+03 1.649891e+04 1.94333 3.504022e-01
9.050000e-01 4.196990e+00 2.131326e+00 2.494555e+00 9.881940e+00 7.233918e+03 1.649360e+04 1.94548 3.525228e-01
9.040000e-01 4.196990e+00 2.133047e+00 2.496565e+00 9.888460e+00 7.267453e+03 1.648068e+04 1.94704 3.538695e-01
9.030000e-01 4.196990e+00 2.133226e+00 2.496552e+00 9.890462e+00 7.306272e+03 1.647635e+04 1.94852 3.559710e-01
9.020000e-01 4.196990e+00 2.133622e+00 2.496780e+00 9.892982e+00 7.343891e+03 1.647110e+04 1.95063 3.580587e-01
9.010000e-01 4.196990e+00 2.135359e+00 2.498809e+00 9.899558e+00 7.376616e+03 1.645816e+04 1.95229 3.593741e-01
9.000000e-01 4.196990e+00 2.135526e+00 2.498780e+00 9.901561e+00 7.414663e+03 1.645393e+04 1.95372 3.614351e-01
8.990000e-01 4.196990e+00 2.135906e+00 2.498985e+00 9.904077e+00 7.451408e+03 1.644877e+04 1.95576 3.634767e-01
8.980000e-01 4.196990e+00 2.137712e+00 2.501101e+00 9.910798e+00 7.483135e+03 1.643568e+04 1.9576 3.647511e-01
8.970000e-01 4.196990e+00 2.137840e+00 2.501018e+00 9.912757e+00 7.520653e+03 1.643160e+04 1.95897 3.667914e-01
8.960000e-01 4.196990e+00 2.138221e+00 2.501221e+00 9.915295e+00 7.557019e+03 1.642648e+04 1.96103 3.688224e-01
8.950000e-01 4.196990e+00 2.140039e+00 2.503352e+00 9.922097e+00 7.588391e+03 1.641331e+04 1.96292 3.700809e-01
8.940000e-01 4.196990e+00 2.140175e+00 2.503280e+00 9.924087e+00 7.625532e+03 1.640926e+04 1.9643 3.721056e-01
8.930000e-01 4.196990e+00 2.140558e+00 2.503487e+00 9.926647e+00 7.661451e+03 1.640418e+04 1.96635 3.741154e-01
8.920000e-01 4.196990e+00 2.142390e+00 2.505636e+00 9.933513e+00 7.692278e+03 1.639095e+04 1.9683 3.753494e-01
8.910000e-01 4.196990e+00 2.142525e+00 2.505566e+00 9.935517e+00 7.728875e+03 1.638695e+04 1.96965 3.773469e-01
8.900000e-01 4.196990e+00 2.142902e+00 2.505766e+00 9.938084e+00 7.764173e+03 1.638193e+04 1.97166 3.793244e-01
8.890000e-01 4.196990e+00 2.144750e+00 2.507935e+00 9.944998e+00 7.794280e+03 1.636869e+04 1.9737 3.805313e-01
8.880000e-01 4.196990e+00 2.144881e+00 2.507861e+00 9.947013e+00 7.830345e+03 1.636475e+04 1.97502 3.825026e-01
8.870000e-01 4.196990e+00 2.145260e+00 2.508066e+00 9.949603e+00 7.865174e+03 1.635977e+04 1.97704 3.844594e-01
8.860000e-01 4.196990e+00 2.147123e+00 2.510253e+00 9.956582e+00 7.894769e+03 1.634648e+04 1.97914 3.856455e-01
8.850000e-01 4.196990e+00 2.147251e+00 2.510177e+00 9.958613e+00 7.930351e+03 1.634259e+04 1.98044 3.875933e-01
8.840000e-01 4.196990e+00 2.147626e+00 2.510376e+00 9.961217e+00 7.964655e+03 1.633764e+04 1.98243 3.895244e-01
8.830000e-01 4.196990e+00 2.149507e+00 2.512585e+00 9.968257e+00 7.993575e+03 1.632432e+04 1.98461 3.906837e-01
8.820000e-01 4.196990e+00 2.149622e+00 2.512493e+00 9.970290e+00 8.028542e+03 1.632049e+04 1.98587 3.926000e-01
8.810000e-01 4.196990e+00 2.149981e+00 2.512670e+00 9.972892e+00 8.062140e+03 1.631562e+04 1.9878 3.944944e-01
8.800000e-01 4.196990e+00 2.151887e+00 2.514905e+00 9.979993e+00 8.090232e+03 1.630226e+04 1.99009 3.956242e-01
8.790000e-01 4.196990e+00 2.151991e+00 2.514797e+00 9.982036e+00 8.124722e+03 1.629848e+04 1.99133 3.975185e-01
8.780000e-01 4.196990e+00 2.152358e+00 2.514983e+00 9.984675e+00 8.157996e+03 1.629361e+04 1.99329 3.994033e-01
8.770000e-01 4.196990e+00 2.154284e+00 2.517242e+00 9.991874e+00 8.185797e+03 1.628014e+04 1.99564 4.005192e-01
8.760000e-01 4.196990e+00 2.154394e+00 2.517144e+00 9.993949e+00 8.220017e+03 1.627637e+04 1.99688 4.024037e-01
8.750000e-01 4.196990e+00 2.154762e+00 2.517332e+00 9.996614e+00 8.252958e+03 1.627152e+04 1.99884 4.042736e-01
8.740000e-01 4.196990e+00 2.156705e+00 2.519612e+00 1.000389e+01 8.280323e+03 1.625795e+04 2.00123 4.053689e-01
8.730000e-01 4.196990e+00 2.156813e+00 2.519514e+00 1.000598e+01 8.314116e+03 1.625422e+04 2.00246 4.072327e-01
8.720000e-01 4.196990e+00 2.157175e+00 2.519695e+00 1.000865e+01 8.346558e+03 1.624941e+04 2.00439 4.090774e-01
8.710000e-01 4.196990e+00 2.159135e+00 2.521997e+00 1.001599e+01 8.373318e+03 1.623580e+04 2.00686 4.101488e-01
8.700000e-01 4.196990e+00 2.159238e+00 2.521895e+00 1.001809e+01 8.406679e+03 1.623211e+04 2.00807 4.119919e-01
8.690000e-01 4.196990e+00 2.159601e+00 2.522078e+00 1.002079e+01 8.438733e+03 1.622731e+04 2.00999 4.138199e-01
8.680000e-01 4.196990e+00 2.161578e+00 2.524401e+00 1.002819e+01 8.465050e+03 1.621363e+04 2.01252 4.148728e-01
8.670000e-01 4.196990e+00 2.161676e+00 2.524294e+00 1.003031e+01 8.498007e+03 1.620997e+04 2.01371 4.166966e-01
8.660000e-01 4.196990e+00 2.162034e+00 2.524471e+00 1.003302e+01 8.529619e+03 1.620521e+04 2.01561 4.185035e-01
8.650000e-01 4.196990e+00 2.164030e+00 2.526817e+00 1.004049e+01 8.555331e+03 1.619147e+04 2.01821 4.195316e-01
8.640000e-01 4.196990e+00 2.164844e+00 2.527619e+00 1.004459e+01 8.585056e+03 1.618411e+04 2.02009 4.210641e-01
8.630000e-01 4.196990e+00 2.165658e+00 2.528418e+00 1.004871e+01 8.614498e+03 1.617674e+04 2.02199 4.225874e-01
8.620000e-01 4.196990e+00 2.166474e+00 2.529219e+00 1.005284e+01 8.643818e+03 1.616937e+04 2.0239 4.241057e-01
8.610000e-01 4.196990e+00 2.167293e+00 2.530023e+00 1.005700e+01 8.673077e+03 1.616197e+04 2.02581 4.256219e-01
8.600000e-01 4.196990e+00 2.168115e+00 2.530831e+00 1.006117e+01 8.702272e+03 1.615456e+04 2.02773 4.271356e-01
8.590000e-01 4.196990e+00 2.168939e+00 2.531642e+00 1.006536e+01 8.731375e+03 1.614713e+04 2.02966 4.286454e-01
8.580000e-01 4.196990e+00 2.169767e+00 2.532458e+00 1.006957e+01 8.760379e+03 1.613970e+04 2.03159 4.301509e-01
8.570000e-01 4.196990e+00 2.170596e+00 2.533276e+00 1.007379e+01 8.789278e+03 1.613225e+04 2.03353 4.316518e-01
8.560000e-01 4.196990e+00 2.171427e+00 2.534097e+00 1.007802e+01 8.818040e+03 1.612480e+04 2.03548 4.331465e-01
8.550000e-01 4.196990e+00 2.172259e+00 2.534919e+00 1.008226e+01 8.846638e+03 1.611735e+04 2.03742 4.346337e-01
8.540000e-01 4.196990e+00 2.173091e+00 2.535741e+00 1.008651e+01 8.875076e+03 1.610990e+04 2.03937 4.361137e-01
8.530000e-01 4.196990e+00 2.173924e+00 2.536565e+00 1.009077e+01 8.903399e+03 1.610244e+04 2.04132 4.375887e-01
8.520000e-01 4.196990e+00 2.174759e+00 2.537392e+00 1.009504e+01 8.931618e+03 1.609498e+04 2.04328 4.390592e-01
8.510000e-01 4.196990e+00 2.175596e+00 2.538221e+00 1.009933e+01 8.959724e+03 1.608750e+04 2.04524 4.405248e-01
8.500000e-01 4.196990e+00 2.176433e+00 2.539052e+00 1.010364e+01 8.987687e+03 1.608002e+04 2.04721 4.419840e-01
8.490000e-01 4.196990e+00 2.177315e+00 2.539942e+00 1.010803e+01 9.015455e+03 1.607240e+04 2.04923 4.434271e-01
8.480000e-01 4.196990e+00 2.178154e+00 2.540776e+00 1.011236e+01 9.043120e+03 1.606490e+04 2.0512 4.448726e-01
8.470000e-01 4.196990e+00 2.178993e+00 2.541607e+00 1.011669e+01 9.070588e+03 1.605742e+04 2.05317 4.463094e-01
8.460000e-01 4.196990e+00 2.179830e+00 2.542435e+00 1.012102e+01 9.097839e+03 1.604994e+04 2.05514 4.477362e-01
8.450000e-01 4.196990e+00 2.180666e+00 2.543262e+00 1.012536e+01 9.124929e+03 1.604246e+04 2.05712 4.491561e-01
8.440000e-01 4.196990e+00 2.181504e+00 2.544090e+00 1.012973e+01 9.151954e+03 1.603496e+04 2.0591 4.505737e-01
8.430000e-01 4.196990e+00 2.182345e+00 2.544922e+00 1.013411e+01 9.178920e+03 1.602743e+04 2.06108 4.519891e-01
8.420000e-01 4.196990e+00 2.183189e+00 2.545759e+00 1.013851e+01 9.205818e+03 1.601989e+04 2.06308 4.534018e-01
8.410000e-01 4.196990e+00 2.184035e+00 2.546598e+00 1.014294e+01 9.232628e+03 1.601233e+04 2.06508 4.548107e-01
8.400000e-01 4.196990e+00 2.184884e+00 2.547441e+00 1.014737e+01 9.259356e+03 1.600475e+04 2.06709 4.562162e-01
8.390000e-01 4.196990e+00 2.185734e+00 2.548286e+00 1.015182e+01 9.285971e+03 1.599716e+04 2.0691 4.576166e-01
8.380000e-01 4.196990e+00 2.186586e+00 2.549133e+00 1.015629e+01 9.312450e+03 1.598957e+04 2.07112 4.590109e-01
8.370000e-01 4.196990e+00 2.187437e+00 2.549980e+00 1.016076e+01 9.338784e+03 1.598197e+04 2.07314 4.603986e-01
8.360000e-01 4.196990e+00 2.188290e+00 2.550829e+00 1.016524e+01 9.365006e+03 1.597436e+04 2.07516 4.617814e-01
8.350000e-01 4.196990e+00 2.189144e+00 2.551680e+00 1.016974e+01 9.391139e+03 1.596674e+04 2.07718 4.631605e-01
8.340000e-01 4.196990e+00 2.190000e+00 2.552534e+00 1.017426e+01 9.417170e+03 1.595910e+04 2.07921 4.645352e-01
8.330000e-01 4.196990e+00 2.190857e+00 2.553390e+00 1.017879e+01 9.443088e+03 1.595146e+04 2.08125 4.659048e-01
8.320000e-01 4.196990e+00 2.191714e+00 2.554245e+00 1.018333e+01 9.468856e+03 1.594380e+04 2.08329 4.672678e-01
8.310000e-01 4.196990e+00 2.192572e+00 2.555102e+00 1.018788e+01 9.494505e+03 1.593614e+04 2.08533 4.686254e-01
8.300000e-01 4.196990e+00 2.193430e+00 2.555957e+00 1.019244e+01 9.519970e+03 1.592848e+04 2.08737 4.699747e-01
8.290000e-01 4.196990e+00 2.194286e+00 2.556811e+00 1.019700e+01 9.545246e+03 1.592082e+04 2.08941 4.713153e-01
8.280000e-01 4.196990e+00 2.195140e+00 2.557661e+00 1.020157e+01 9.570362e+03 1.591316e+04 2.09145 4.726489e-01
8.270000e-01 4.196990e+00 2.195996e+00 2.558513e+00 1.020616e+01 9.595405e+03 1.590547e+04 2.0935 4.739799e-01
8.260000e-01 4.196990e+00 2.196856e+00 2.559370e+00 1.021078e+01 9.620404e+03 1.589776e+04 2.09555 4.753094e-01
8.250000e-01 4.196990e+00 2.197717e+00 2.560228e+00 1.021541e+01 9.645328e+03 1.589002e+04 2.09762 4.766358e-01
8.240000e-01 4.196990e+00 2.198581e+00 2.561091e+00 1.022007e+01 9.670185e+03 1.588226e+04 2.09968 4.779595e-01
8.230000e-01 4.196990e+00 2.199447e+00 2.561957e+00 1.022474e+01 9.694959e+03 1.587449e+04 2.10176 4.792797e-01
8.220000e-01 4.196990e+00 2.200315e+00 2.562825e+00 1.022943e+01 9.719636e+03 1.586669e+04 2.10384 4.805956e-01
8.210000e-01 4.196990e+00 2.201183e+00 2.563695e+00 1.023412e+01 9.744188e+03 1.585889e+04 2.10592 4.819059e-01
8.200000e-01 4.196990e+00 2.202052e+00 2.564565e+00 1.023883e+01 9.768613e+03 1.585108e+04 2.108 4.832104e-01
8.190000e-01 4.196990e+00 2.202922e+00 2.565436e+00 1.024356e+01 9.792936e+03 1.584325e+04 2.11009 4.845106e-01
8.180000e-01 4.196990e+00 2.203793e+00 2.566310e+00 1.024830e+01 9.817178e+03 1.583540e+04 2.11218 4.858074e-01
8.170000e-01 4.196990e+00 2.204666e+00 2.567186e+00 1.025306e+01 9.841332e+03 1.582754e+04 2.11428 4.871004e-01
8.160000e-01 4.196990e+00 2.205540e+00 2.568064e+00 1.025783e+01 9.865371e+03 1.581966e+04 2.11638 4.883882e-01
8.150000e-01 4.196990e+00 2.206414e+00 2.568942e+00 1.026261e+01 9.889282e+03 1.581177e+04 2.11849 4.896703e-01
8.140000e-01 4.196990e+00 2.207288e+00 2.569821e+00 1.026741e+01 9.913070e+03 1.580387e+04 2.12059 4.909470e-01
8.130000e-01 4.196990e+00 2.208161e+00 2.570697e+00 1.027221e+01 9.936690e+03 1.579597e+04 2.1227 4.922159e-01
8.120000e-01 4.196990e+00 2.209033e+00 2.571571e+00 1.027702e+01 9.960131e+03 1.578806e+04 2.1248 4.934767e-01
8.110000e-01 4.196990e+00 2.209904e+00 2.572443e+00 1.028184e+01 9.983442e+03 1.578015e+04 2.12691 4.947319e-01
8.100000e-01 4.196990e+00 2.210776e+00 2.573317e+00 1.028668e+01 1.000670e+04 1.577220e+04 2.12902 4.959854e-01
8.090000e-01 4.196990e+00 2.211651e+00 2.574195e+00 1.029155e+01 1.002989e+04 1.576423e+04 2.13114 4.972364e-01
8.080000e-01 4.196990e+00 2.212528e+00 2.575075e+00 1.029644e+01 1.005303e+04 1.575623e+04 2.13327 4.984850e-01
8.070000e-01 4.196990e+00 2.213450e+00 2.576018e+00 1.030143e+01 1.007605e+04 1.574806e+04 2.13545 4.997202e-01
8.060000e-01 4.196990e+00 2.214332e+00 2.576906e+00 1.030636e+01 1.009903e+04 1.574001e+04 2.13759 5.009623e-01
8.050000e-01 4.196990e+00 2.215215e+00 2.577795e+00 1.031130e+01 1.012192e+04 1.573194e+04 2.13973 5.022002e-01
8.040000e-01 4.196990e+00 2.216098e+00 2.578684e+00 1.031625e+01 1.014469e+04 1.572386e+04 2.14187 5.034328e-01
8.030000e-01 4.196990e+00 2.216981e+00 2.579574e+00 1.032122e+01 1.016735e+04 1.571576e+04 2.14402 5.046604e-01
8.020000e-01 4.196990e+00 2.217865e+00 2.580465e+00 1.032620e+01 1.018993e+04 1.570764e+04 2.14617 5.058846e-01
8.010000e-01 4.196990e+00 2.218751e+00 2.581359e+00 1.033120e+01 1.021243e+04 1.569950e+04 2.14832 5.071057e-01
8.000000e-01 4.196990e+00 2.219638e+00 2.582256e+00 1.033622e+01 1.023484e+04 1.569133e+04 2.15048 5.083226e-01
7.990000e-01 4.196990e+00 2.220525e+00 2.583152e+00 1.034126e+01 1.025713e+04 1.568315e+04 2.15264 5.095343e-01
7.980000e-01 4.196990e+00 2.221412e+00 2.584048e+00 1.034630e+01 1.027931e+04 1.567496e+04 2.1548 5.107407e-01
7.970000e-01 4.196990e+00 2.222300e+00 2.584944e+00 1.035136e+01 1.030135e+04 1.566675e+04 2.15697 5.119414e-01
7.960000e-01 4.196990e+00 2.223185e+00 2.585837e+00 1.035642e+01 1.032323e+04 1.565854e+04 2.15913 5.131340e-01
7.950000e-01 4.196990e+00 2.224068e+00 2.586728e+00 1.036149e+01 1.034495e+04 1.565032e+04 2.16129 5.143200e-01
7.940000e-01 4.196990e+00 2.224952e+00 2.587619e+00 1.036658e+01 1.036659e+04 1.564208e+04 2.16346 5.155028e-01
7.930000e-01 4.196990e+00 2.225838e+00 2.588512e+00 1.037170e+01 1.038818e+04 1.563380e+04 2.16563 5.166837e-01
7.920000e-01 4.196990e+00 2.226726e+00 2.589408e+00 1.037683e+01 1.040971e+04 1.562549e+04 2.16781 5.178620e-01
7.910000e-01 4.196990e+00 2.227616e+00 2.590308e+00 1.038199e+01 1.043117e+04 1.561715e+04 2.17 5.190380e-01
7.900000e-01 4.196990e+00 2.228508e+00 2.591209e+00 1.038717e+01 1.045256e+04 1.560878e+04 2.17219 5.202107e-01
7.890000e-01 4.196990e+00 2.229401e+00 2.592113e+00 1.039237e+01 1.047388e+04 1.560039e+04 2.17438 5.213800e-01
7.880000e-01 4.196990e+00 2.230294e+00 2.593018e+00 1.039758e+01 1.049508e+04 1.559198e+04 2.17658 5.225443e-01
7.870000e-01 4.196990e+00 2.231187e+00 2.593923e+00 1.040281e+01 1.051617e+04 1.558355e+04 2.17878 5.237036e-01
7.860000e-01 4.196990e+00 2.232081e+00 2.594829e+00 1.040806e+01 1.053718e+04 1.557510e+04 2.18098 5.248593e-01
7.850000e-01 4.196990e+00 2.232976e+00 2.595737e+00 1.041332e+01 1.055812e+04 1.556662e+04 2.18318 5.260121e-01
7.840000e-01 4.196990e+00 2.233873e+00 2.596647e+00 1.041861e+01 1.057897e+04 1.555811e+04 2.18539 5.271612e-01
7.830000e-01 4.196990e+00 2.234770e+00 2.597558e+00 1.042390e+01 1.059972e+04 1.554958e+04 2.18761 5.283056e-01
7.820000e-01 4.196990e+00 2.235666e+00 2.598468e+00 1.042922e+01 1.062036e+04 1.554103e+04 2.18982 5.294449e-01
7.810000e-01 4.196990e+00 2.236562e+00 2.599379e+00 1.043454e+01 1.064088e+04 1.553247e+04 2.19203 5.305789e-01
7.800000e-01 4.196990e+00 2.237457e+00 2.600287e+00 1.043988e+01 1.066124e+04 1.552390e+04 2.19425 5.317056e-01
7.790000e-01 4.196990e+00 2.238349e+00 2.601191e+00 1.044522e+01 1.068145e+04 1.551532e+04 2.19646 5.328255e-01
7.780000e-01 4.196990e+00 2.239241e+00 2.602096e+00 1.045058e+01 1.070157e+04 1.550671e+04 2.19868 5.339418e-01
7.770000e-01 4.196990e+00 2.240134e+00 2.603001e+00 1.045597e+01 1.072163e+04 1.549807e+04 2.2009 5.350560e-01
7.760000e-01 4.196990e+00 2.241030e+00 2.603910e+00 1.046138e+01 1.074163e+04 1.548939e+04 2.20312 5.361677e-01
7.750000e-01 4.196990e+00 2.241927e+00 2.604821e+00 1.046681e+01 1.076157e+04 1.548068e+04 2.20535 5.372770e-01
7.740000e-01 4.196990e+00 2.242826e+00 2.605735e+00 1.047227e+01 1.078144e+04 1.547194e+04 2.20759 5.383834e-01
7.730000e-01 4.196990e+00 2.243725e+00 2.606651e+00 1.047775e+01 1.080124e+04 1.546317e+04 2.20983 5.394863e-01
7.720000e-01 4.196990e+00 2.244625e+00 2.607568e+00 1.048324e+01 1.082092e+04 1.545437e+04 2.21207 5.405845e-01
7.710000e-01 4.196990e+00 2.245525e+00 2.608484e+00 1.048875e+01 1.084051e+04 1.544556e+04 2.21432 5.416779e-01
7.700000e-01 4.196990e+00 2.246466e+00 2.609460e+00 1.049437e+01 1.085996e+04 1.543658e+04 2.21661 5.427564e-01
7.690000e-01 4.196990e+00 2.247368e+00 2.610382e+00 1.049992e+01 1.087940e+04 1.542770e+04 2.21886 5.438433e-01
7.680000e-01 4.196990e+00 2.248270e+00 2.611303e+00 1.050549e+01 1.089874e+04 1.541879e+04 2.22112 5.449267e-01
7.670000e-01 4.196990e+00 2.249173e+00 2.612225e+00 1.051108e+01 1.091799e+04 1.540986e+04 2.22337 5.460056e-01
7.660000e-01 4.196990e+00 2.250075e+00 2.613147e+00 1.051669e+01 1.093713e+04 1.540091e+04 2.22563 5.470794e-01
7.650000e-01 4.196990e+00 2.250976e+00 2.614068e+00 1.052230e+01 1.095616e+04 1.539194e+04 2.22789 5.481482e-01
7.640000e-01 4.196990e+00 2.251875e+00 2.614986e+00 1.052793e+01 1.097503e+04 1.538296e+04 2.23015 5.492098e-01
7.630000e-01 4.196990e+00 2.252771e+00 2.615901e+00 1.053357e+01 1.099375e+04 1.537397e+04 2.2324 5.502651e-01
7.620000e-01 4.196990e+00 2.253668e+00 2.616816e+00 1.053923e+01 1.101240e+04 1.536495e+04 2.23466 5.513172e-01
7.610000e-01 4.196990e+00 2.254566e+00 2.617733e+00 1.054491e+01 1.103099e+04 1.535589e+04 2.23693 5.523669e-01
7.600000e-01 4.196990e+00 2.255465e+00 2.618652e+00 1.055062e+01 1.104951e+04 1.534679e+04 2.2392 5.534142e-01
7.590000e-01 4.196990e+00 2.256366e+00 2.619573e+00 1.055636e+01 1.106798e+04 1.533765e+04 2.24147 5.544590e-01
7.580000e-01 4.196990e+00 2.257267e+00 2.620496e+00 1.056212e+01 1.108637e+04 1.532848e+04 2.24375 5.555005e-01
7.570000e-01 4.196990e+00 2.258170e+00 2.621421e+00 1.056790e+01 1.110468e+04 1.531927e+04 2.24603 5.565386e-01
7.560000e-01 4.196990e+00 2.259072e+00 2.622346e+00 1.057370e+01 1.112289e+04 1.531004e+04 2.24831 5.575719e-01
7.550000e-01 4.196990e+00 2.259973e+00 2.623269e+00 1.057952e+01 1.114100e+04 1.530078e+04 2.25059 5.586006e-01
7.540000e-01 4.196990e+00 2.260875e+00 2.624195e+00 1.058536e+01 1.115904e+04 1.529149e+04 2.25288 5.596265e-01
7.530000e-01 4.196990e+00 2.261778e+00 2.625123e+00 1.059122e+01 1.117701e+04 1.528216e+04 2.25517 5.606494e-01
7.520000e-01 4.196990e+00 2.262680e+00 2.626050e+00 1.059711e+01 1.119488e+04 1.527280e+04 2.25746 5.616679e-01
7.510000e-01 4.196990e+00 2.263583e+00 2.626979e+00 1.060301e+01 1.121266e+04 1.526342e+04 2.25975 5.626822e-01
7.500000e-01 4.196990e+00 2.264484e+00 2.627906e+00 1.060893e+01 1.123033e+04 1.525401e+04 2.26204 5.636914e-01
7.490000e-01 4.196990e+00 2.265384e+00 2.628831e+00 1.061487e+01 1.124787e+04 1.524458e+04 2.26433 5.646948e-01
7.480000e-01 4.196990e+00 2.266281e+00 2.629752e+00 1.062081e+01 1.126527e+04 1.523513e+04 2.26662 5.656913e-01
7.470000e-01 4.196990e+00 2.267177e+00 2.630671e+00 1.062677e+01 1.128254e+04 1.522567e+04 2.26891 5.666825e-01
7.460000e-01 4.196990e+00 2.268072e+00 2.631591e+00 1.063275e+01 1.129975e+04 1.521616e+04 2.2712 5.676715e-01
7.450000e-01 4.196990e+00 2.268968e+00 2.632511e+00 1.063876e+01 1.131690e+04 1.520661e+04 2.27349 5.686577e-01
7.440000e-01 4.196990e+00 2.269865e+00 2.633433e+00 1.064480e+01 1.133399e+04 1.519702e+04 2.27579 5.696410e-01
7.430000e-01 4.196990e+00 2.269693e+00 2.633094e+00 1.064746e+01 1.135632e+04 1.519397e+04 2.27679 5.711022e-01
7.420000e-01 4.196990e+00 2.271665e+00 2.635287e+00 1.065695e+01 1.136794e+04 1.517773e+04 2.28041 5.716005e-01
7.410000e-01 4.196990e+00 2.271473e+00 2.634927e+00 1.065962e+01 1.139017e+04 1.517468e+04 2.28137 5.730581e-01
7.400000e-01 4.196990e+00 2.273459e+00 2.637136e+00 1.066919e+01 1.140155e+04 1.515829e+04 2.28501 5.735420e-01
7.390000e-01 4.196990e+00 2.273250e+00 2.636757e+00 1.067186e+01 1.142364e+04 1.515523e+04 2.28595 5.749952e-01
7.380000e-01 4.196990e+00 2.275291e+00 2.639042e+00 1.068161e+01 1.143477e+04 1.513856e+04 2.28966 5.754564e-01
7.370000e-01 4.196990e+00 2.275047e+00 2.638619e+00 1.068424e+01 1.145680e+04 1.513557e+04 2.29056 5.769143e-01
7.360000e-01 4.196990e+00 2.277084e+00 2.640894e+00 1.069403e+01 1.146772e+04 1.511882e+04 2.29428 5.773675e-01
7.350000e-01 4.196990e+00 2.276821e+00 2.640451e+00 1.069667e+01 1.148959e+04 1.511582e+04 2.29514 5.788203e-01
7.340000e-01 4.196990e+00 2.278872e+00 2.642743e+00 1.070653e+01 1.150025e+04 1.509895e+04 2.29889 5.792595e-01
7.330000e-01 4.196990e+00 2.278581e+00 2.642265e+00 1.070915e+01 1.152193e+04 1.509597e+04 2.2997 5.807045e-01
7.320000e-01 4.196990e+00 2.280649e+00 2.644576e+00 1.071908e+01 1.153226e+04 1.507900e+04 2.30349 5.811265e-01
7.310000e-01 4.196990e+00 2.280334e+00 2.644071e+00 1.072169e+01 1.155379e+04 1.507603e+04 2.30426 5.825668e-01
7.300000e-01 4.196990e+00 2.282421e+00 2.646405e+00 1.073172e+01 1.156392e+04 1.505890e+04 2.30809 5.829784e-01
7.290000e-01 4.196990e+00 2.282095e+00 2.645889e+00 1.073434e+01 1.158536e+04 1.505590e+04 2.30885 5.844191e-01
7.280000e-01 4.196990e+00 2.284195e+00 2.648237e+00 1.074447e+01 1.159532e+04 1.503860e+04 2.31269 5.848188e-01
7.270000e-01 4.196990e+00 2.283854e+00 2.647706e+00 1.074711e+01 1.161668e+04 1.503559e+04 2.31343 5.862589e-01
7.260000e-01 4.196990e+00 2.285967e+00 2.650071e+00 1.075733e+01 1.162641e+04 1.501812e+04 2.3173 5.866451e-01
7.250000e-01 4.196990e+00 2.285608e+00 2.649520e+00 1.075998e+01 1.164764e+04 1.501510e+04 2.31801 5.880814e-01
7.240000e-01 4.196990e+00 2.287736e+00 2.651902e+00 1.077029e+01 1.165714e+04 1.499749e+04 2.32191 5.884537e-01
7.230000e-01 4.196990e+00 2.287357e+00 2.651330e+00 1.077293e+01 1.167827e+04 1.499447e+04 2.32259 5.898888e-01
7.220000e-01 4.196990e+00 2.289502e+00 2.653733e+00 1.078334e+01 1.168756e+04 1.497668e+04 2.32651 5.902485e-01
7.210000e-01 4.196990e+00 2.289104e+00 2.653141e+00 1.078600e+01 1.170857e+04 1.497365e+04 2.32717 5.916808e-01
7.200000e-01 4.196990e+00 2.291263e+00 2.655561e+00 1.079649e+01 1.171761e+04 1.495572e+04 2.33112 5.920257e-01
7.190000e-01 4.196990e+00 2.290840e+00 2.654940e+00 1.079914e+01 1.173847e+04 1.495269e+04 2.33172 5.934529e-01
7.180000e-01 4.196990e+00 2.293015e+00 2.657378e+00 1.080971e+01 1.174721e+04 1.493463e+04 2.3357 5.937806e-01
7.170000e-01 4.196990e+00 2.292559e+00 2.656718e+00 1.081234e+01 1.176786e+04 1.493162e+04 2.33625 5.951999e-01
7.160000e-01 4.196990e+00 2.294756e+00 2.659181e+00 1.082300e+01 1.177632e+04 1.491344e+04 2.34028 5.955132e-01
7.150000e-01 4.196990e+00 2.294282e+00 2.658502e+00 1.082563e+01 1.179688e+04 1.491041e+04 2.3408 5.969326e-01
7.140000e-01 4.196990e+00 2.296529e+00 2.661035e+00 1.083649e+01 1.180510e+04 1.489190e+04 2.34489 5.972211e-01
7.130000e-01 4.196990e+00 2.296020e+00 2.660312e+00 1.083909e+01 1.182560e+04 1.488892e+04 2.34537 5.986471e-01
7.120000e-01 4.196990e+00 2.298266e+00 2.662840e+00 1.085003e+01 1.183365e+04 1.487028e+04 2.34947 5.989280e-01
7.110000e-01 4.196990e+00 2.297737e+00 2.662096e+00 1.085263e+01 1.185404e+04 1.486729e+04 2.34992 6.003524e-01
7.100000e-01 4.196990e+00 2.297634e+00 2.661720e+00 1.085604e+01 1.187229e+04 1.486270e+04 2.35164 6.017714e-01
7.090000e-01 4.196990e+00 2.300846e+00 2.665520e+00 1.087048e+01 1.187582e+04 1.483760e+04 2.35631 6.014618e-01
7.080000e-01 4.196990e+00 2.300289e+00 2.664746e+00 1.087311e+01 1.189604e+04 1.483458e+04 2.35672 6.028821e-01
7.070000e-01 4.196990e+00 2.300166e+00 2.664350e+00 1.087655e+01 1.191411e+04 1.482993e+04 2.35841 6.042974e-01
7.060000e-01 4.196990e+00 2.303429e+00 2.668214e+00 1.089123e+01 1.191722e+04 1.480444e+04 2.36316 6.039561e-01
7.050000e-01 4.196990e+00 2.302836e+00 2.667402e+00 1.089385e+01 1.193724e+04 1.480142e+04 2.36351 6.053718e-01
7.040000e-01 4.196990e+00 2.302679e+00 2.666965e+00 1.089730e+01 1.195508e+04 1.479675e+04 2.36515 6.067798e-01
7.030000e-01 4.196990e+00 2.305992e+00 2.670888e+00 1.091218e+01 1.195765e+04 1.477097e+04 2.36998 6.064043e-01
7.020000e-01 4.196990e+00 2.305348e+00 2.670016e+00 1.091478e+01 1.197741e+04 1.476796e+04 2.37024 6.078109e-01
7.010000e-01 4.196990e+00 2.305165e+00 2.669549e+00 1.091823e+01 1.199496e+04 1.476328e+04 2.37184 6.092102e-01
7.000000e-01 4.196990e+00 2.308564e+00 2.673585e+00 1.093341e+01 1.199706e+04 1.473703e+04 2.3768 6.087944e-01
6.990000e-01 4.196990e+00 2.307874e+00 2.672658e+00 1.093599e+01 1.201671e+04 1.473406e+04 2.377 6.102087e-01
6.980000e-01 4.196990e+00 2.307658e+00 2.672151e+00 1.093945e+01 1.203414e+04 1.472936e+04 2.37857 6.116109e-01
6.970000e-01 4.196990e+00 2.311092e+00 2.676228e+00 1.095487e+01 1.203585e+04 1.470272e+04 2.38358 6.111660e-01
6.960000e-01 4.196990e+00 2.310367e+00 2.675265e+00 1.095745e+01 1.205534e+04 1.469973e+04 2.38373 6.125792e-01
6.950000e-01 4.196990e+00 2.310116e+00 2.674716e+00 1.096092e+01 1.207258e+04 1.469500e+04 2.38524 6.139773e-01
6.940000e-01 4.196990e+00 2.313602e+00 2.678857e+00 1.097659e+01 1.207383e+04 1.466796e+04 2.39033 6.134983e-01
6.930000e-01 4.196990e+00 2.312839e+00 2.677852e+00 1.097917e+01 1.209318e+04 1.466495e+04 2.39042 6.149108e-01
6.920000e-01 4.196990e+00 2.312558e+00 2.677271e+00 1.098266e+01 1.211025e+04 1.466018e+04 2.39189 6.163067e-01
6.910000e-01 4.196990e+00 2.316092e+00 2.681472e+00 1.099859e+01 1.211105e+04 1.463272e+04 2.39705 6.157923e-01
6.900000e-01 4.196990e+00 2.315284e+00 2.680415e+00 1.100115e+01 1.213020e+04 1.462970e+04 2.39706 6.172006e-01
6.890000e-01 4.196990e+00 2.314963e+00 2.679786e+00 1.100463e+01 1.214703e+04 1.462491e+04 2.39846 6.185886e-01
6.880000e-01 4.196990e+00 2.318551e+00 2.684050e+00 1.102078e+01 1.214728e+04 1.459712e+04 2.4037 6.180356e-01
6.870000e-01 4.196990e+00 2.317687e+00 2.682927e+00 1.102331e+01 1.216617e+04 1.459411e+04 2.40362 6.194363e-01
6.860000e-01 4.196990e+00 2.317339e+00 2.682266e+00 1.102681e+01 1.218276e+04 1.458927e+04 2.40498 6.208183e-01
6.850000e-01 4.196990e+00 2.321011e+00 2.686640e+00 1.104329e+01 1.218254e+04 1.456094e+04 2.41033 6.202211e-01
6.840000e-01 4.196990e+00 2.320094e+00 2.685454e+00 1.104580e+01 1.220134e+04 1.455796e+04 2.41018 6.216305e-01
6.830000e-01 4.196990e+00 2.319704e+00 2.684743e+00 1.104929e+01 1.221780e+04 1.455310e+04 2.41148 6.230149e-01
6.820000e-01 4.196990e+00 2.323417e+00 2.689166e+00 1.106604e+01 1.221716e+04 1.452430e+04 2.41687 6.223822e-01
6.810000e-01 4.196990e+00 2.322454e+00 2.687929e+00 1.106854e+01 1.223579e+04 1.452130e+04 2.41665 6.237902e-01
6.800000e-01 4.196990e+00 2.322025e+00 2.687172e+00 1.107204e+01 1.225207e+04 1.451640e+04 2.41789 6.251709e-01
6.790000e-01 4.196990e+00 2.325795e+00 2.691665e+00 1.108907e+01 1.225096e+04 1.448715e+04 2.42336 6.244997e-01
6.780000e-01 4.196990e+00 2.324787e+00 2.690377e+00 1.109157e+01 1.226945e+04 1.448412e+04 2.42306 6.259083e-01
6.770000e-01 4.196990e+00 2.324320e+00 2.689577e+00 1.109508e+01 1.228555e+04 1.447917e+04 2.42424 6.272867e-01
6.760000e-01 4.196990e+00 2.328145e+00 2.694139e+00 1.111240e+01 1.228394e+04 1.444947e+04 2.42979 6.265747e-01
6.750000e-01 4.196990e+00 2.327082e+00 2.692789e+00 1.111488e+01 1.230221e+04 1.444644e+04 2.42939 6.279790e-01
6.740000e-01 4.196990e+00 2.326568e+00 2.691932e+00 1.111838e+01 1.231805e+04 1.444147e+04 2.43049 6.293488e-01
6.730000e-01 4.196990e+00 2.330454e+00 2.696568e+00 1.113593e+01 1.231586e+04 1.441143e+04 2.43613 6.285958e-01
6.720000e-01 4.196990e+00 2.329338e+00 2.695155e+00 1.113839e+01 1.233392e+04 1.440840e+04 2.43565 6.299967e-01
6.710000e-01 4.196990e+00 2.328795e+00 2.694266e+00 1.114191e+01 1.234956e+04 1.440338e+04 2.43671 6.313645e-01
6.700000e-01 4.196990e+00 2.332762e+00 2.699010e+00 1.115986e+01 1.234689e+04 1.437272e+04 2.44244 6.305628e-01
6.690000e-01 4.196990e+00 2.331587e+00 2.697528e+00 1.116229e+01 1.236485e+04 1.436971e+04 2.44188 6.319721e-01
6.680000e-01 4.196990e+00 2.330995e+00 2.696581e+00 1.116581e+01 1.238035e+04 1.436467e+04 2.44287 6.333419e-01
6.670000e-01 4.196990e+00 2.335009e+00 2.701381e+00 1.118405e+01 1.237721e+04 1.433352e+04 2.44865 6.324995e-01
6.660000e-01 4.196990e+00 2.333776e+00 2.699833e+00 1.118646e+01 1.239500e+04 1.433049e+04 2.448 6.339079e-01
6.650000e-01 4.196990e+00 2.336477e+00 2.702926e+00 1.120033e+01 1.239695e+04 1.430708e+04 2.45273 6.337667e-01
6.640000e-01 4.196990e+00 2.335217e+00 2.701350e+00 1.120275e+01 1.241465e+04 1.430401e+04 2.45203 6.351747e-01
6.630000e-01 4.196990e+00 2.337936e+00 2.704468e+00 1.121678e+01 1.241633e+04 1.428034e+04 2.45678 6.350108e-01
6.620000e-01 4.196990e+00 2.336636e+00 2.702847e+00 1.121918e+01 1.243390e+04 1.427727e+04 2.45601 6.364170e-01
6.610000e-01 4.196990e+00 2.339406e+00 2.706033e+00 1.123342e+01 1.243521e+04 1.425326e+04 2.4608 6.362183e-01
6.600000e-01 4.196990e+00 2.338044e+00 2.704334e+00 1.123575e+01 1.245264e+04 1.425024e+04 2.45993 6.376255e-01
6.590000e-01 4.196990e+00 2.340820e+00 2.707525e+00 1.125006e+01 1.245366e+04 1.422613e+04 2.46474 6.374105e-01
6.580000e-01 4.196990e+00 2.339418e+00 2.705779e+00 1.125239e+01 1.247096e+04 1.422310e+04 2.4638 6.388180e-01
6.570000e-01 4.196990e+00 2.342214e+00 2.708994e+00 1.126687e+01 1.247173e+04 1.419871e+04 2.46863 6.385829e-01
6.560000e-01 4.196990e+00 2.340780e+00 2.707213e+00 1.126919e+01 1.248896e+04 1.419566e+04 2.46765 6.399930e-01
6.550000e-01 4.196990e+00 2.343592e+00 2.710450e+00 1.128385e+01 1.248947e+04 1.417097e+04 2.47249 6.397364e-01
6.540000e-01 4.196990e+00 2.342119e+00 2.708626e+00 1.128617e+01 1.250660e+04 1.416790e+04 2.47144 6.411478e-01
6.530000e-01 4.196990e+00 2.344951e+00 2.711889e+00 1.130099e+01 1.250681e+04 1.414297e+04 2.47629 6.408681e-01
6.520000e-01 4.196990e+00 2.343436e+00 2.710015e+00 1.130330e+01 1.252383e+04 1.413989e+04 2.47518 6.422801e-01
6.510000e-01 4.196990e+00 2.346291e+00 2.713308e+00 1.131830e+01 1.252377e+04 1.411468e+04 2.48006 6.419785e-01
6.500000e-01 4.196990e+00 2.344740e+00 2.711397e+00 1.132060e+01 1.254070e+04 1.411158e+04 2.47888 6.433919e-01
6.490000e-01 4.196990e+00 2.347610e+00 2.714709e+00 1.133577e+01 1.254033e+04 1.408611e+04 2.48377 6.430670e-01
6.480000e-01 4.196990e+00 2.346014e+00 2.712746e+00 1.133805e+01 1.255714e+04 1.408301e+04 2.48252 6.444793e-01
6.470000e-01 4.196990e+00 2.348905e+00 2.716085e+00 1.135336e+01 1.255645e+04 1.405732e+04 2.48743 6.441299e-01
6.460000e-01 4.196990e+00 2.349576e+00 2.716807e+00 1.136230e+01 1.256424e+04 1.404270e+04 2.48926 6.446359e-01
6.450000e-01 4.196990e+00 2.350208e+00 2.717478e+00 1.137117e+01 1.257198e+04 1.402817e+04 2.49105 6.451493e-01
6.440000e-01 4.196990e+00 2.350833e+00 2.718139e+00 1.138008e+01 1.257965e+04 1.401355e+04 2.49282 6.456586e-01
6.430000e-01 4.196990e+00 2.351452e+00 2.718795e+00 1.138905e+01 1.258722e+04 1.399885e+04 2.49458 6.461622e-01
6.420000e-01 4.196990e+00 2.352066e+00 2.719447e+00 1.139807e+01 1.259471e+04 1.398406e+04 2.49632 6.466606e-01
6.410000e-01 4.196990e+00 2.352673e+00 2.720092e+00 1.140713e+01 1.260210e+04 1.396918e+04 2.49804 6.471527e-01
6.400000e-01 4.196990e+00 2.353274e+00 2.720730e+00 1.141623e+01 1.260938e+04 1.395423e+04 2.49975 6.476384e-01
6.390000e-01 4.196990e+00 2.353868e+00 2.721361e+00 1.142537e+01 1.261656e+04 1.393920e+04 2.50144 6.481177e-01
6.380000e-01 4.196990e+00 2.354455e+00 2.721985e+00 1.143456e+01 1.262364e+04 1.392409e+04 2.50311 6.485910e-01
6.370000e-01 4.196990e+00 2.355036e+00 2.722603e+00 1.144380e+01 1.263063e+04 1.390889e+04 2.50476 6.490585e-01
6.360000e-01 4.196990e+00 2.355611e+00 2.723217e+00 1.145308e+01 1.263752e+04 1.389362e+04 2.5064 6.495198e-01
6.350000e-01 4.196990e+00 2.356179e+00 2.723821e+00 1.146240e+01 1.264429e+04 1.387828e+04 2.50802 6.499744e-01
6.340000e-01 4.196990e+00 2.356740e+00 2.724419e+00 1.147176e+01 1.265095e+04 1.386288e+04 2.50962 6.504220e-01
6.330000e-01 4.196990e+00 2.357292e+00 2.725007e+00 1.148114e+01 1.265747e+04 1.384743e+04 2.5112 6.508621e-01
6.320000e-01 4.196990e+00 2.357836e+00 2.725583e+00 1.149055e+01 1.266386e+04 1.383193e+04 2.51276 6.512945e-01
6.310000e-01 4.196990e+00 2.358372e+00 2.726153e+00 1.150000e+01 1.267017e+04 1.381635e+04 2.5143 6.517212e-01
6.300000e-01 4.196990e+00 2.358931e+00 2.726757e+00 1.150959e+01 1.267630e+04 1.380055e+04 2.51585 6.521296e-01
6.290000e-01 4.196990e+00 2.359453e+00 2.727313e+00 1.151916e+01 1.268241e+04 1.378476e+04 2.51735 6.525431e-01
6.280000e-01 4.196990e+00 2.359968e+00 2.727860e+00 1.152878e+01 1.268842e+04 1.376887e+04 2.51882 6.529505e-01
6.270000e-01 4.196990e+00 2.360473e+00 2.728397e+00 1.153845e+01 1.269433e+04 1.375290e+04 2.52027 6.533507e-01
6.260000e-01 4.196990e+00 2.360970e+00 2.728926e+00 1.154816e+01 1.270012e+04 1.373684e+04 2.5217 6.537434e-01
6.250000e-01 4.196990e+00 2.361460e+00 2.729447e+00 1.155792e+01 1.270581e+04 1.372070e+04 2.5231 6.541296e-01
6.240000e-01 4.196990e+00 2.361942e+00 2.729960e+00 1.156773e+01 1.271140e+04 1.370446e+04 2.52449 6.545094e-01
6.230000e-01 4.196990e+00 2.362416e+00 2.730466e+00 1.157760e+01 1.271689e+04 1.368814e+04 2.52585 6.548826e-01
6.220000e-01 4.196990e+00 2.362884e+00 2.730965e+00 1.158751e+01 1.272226e+04 1.367174e+04 2.5272 6.552491e-01
6.210000e-01 4.196990e+00 2.363343e+00 2.731456e+00 1.159746e+01 1.272752e+04 1.365529e+04 2.52852 6.556085e-01
6.200000e-01 4.196990e+00 2.363794e+00 2.731938e+00 1.160745e+01 1.273264e+04 1.363877e+04 2.52983 6.559605e-01
6.190000e-01 4.196990e+00 2.364235e+00 2.732407e+00 1.161747e+01 1.273763e+04 1.362221e+04 2.53111 6.563044e-01
6.180000e-01 4.196990e+00 2.364667e+00 2.732866e+00 1.162753e+01 1.274251e+04 1.360558e+04 2.53236 6.566413e-01
6.170000e-01 4.196990e+00 2.365090e+00 2.733316e+00 1.163765e+01 1.274729e+04 1.358883e+04 2.53359 6.569715e-01
6.160000e-01 4.196990e+00 2.365503e+00 2.733755e+00 1.164784e+01 1.275196e+04 1.357197e+04 2.53479 6.572945e-01
6.150000e-01 4.196990e+00 2.365938e+00 2.734230e+00 1.165817e+01 1.275648e+04 1.355489e+04 2.536 6.575985e-01
6.140000e-01 4.196990e+00 2.366336e+00 2.734655e+00 1.166848e+01 1.276094e+04 1.353782e+04 2.53716 6.579068e-01
6.130000e-01 4.196990e+00 2.366726e+00 2.735072e+00 1.167883e+01 1.276529e+04 1.352069e+04 2.53829 6.582086e-01
6.120000e-01 4.196990e+00 2.367106e+00 2.735479e+00 1.168924e+01 1.276953e+04 1.350346e+04 2.5394 6.585030e-01
6.110000e-01 4.196990e+00 2.367477e+00 2.735875e+00 1.169971e+01 1.277366e+04 1.348613e+04 2.54048 6.587903e-01
6.100000e-01 4.196990e+00 2.367839e+00 2.736263e+00 1.171024e+01 1.277769e+04 1.346871e+04 2.54154 6.590701e-01
6.090000e-01 4.196990e+00 2.368190e+00 2.736639e+00 1.172082e+01 1.278160e+04 1.345119e+04 2.54256 6.593416e-01
6.080000e-01 4.196990e+00 2.368530e+00 2.737003e+00 1.173145e+01 1.278539e+04 1.343359e+04 2.54355 6.596043e-01
6.070000e-01 4.196990e+00 2.368859e+00 2.737355e+00 1.174211e+01 1.278906e+04 1.341592e+04 2.54451 6.598582e-01
6.060000e-01 4.196990e+00 2.369178e+00 2.737692e+00 1.175281e+01 1.279258e+04 1.339819e+04 2.54543 6.601034e-01
6.050000e-01 4.196990e+00 2.369485e+00 2.738018e+00 1.176355e+01 1.279599e+04 1.338039e+04 2.54633 6.603406e-01
6.040000e-01 4.196990e+00 2.369783e+00 2.738334e+00 1.177436e+01 1.279929e+04 1.336247e+04 2.5472 6.605710e-01
6.030000e-01 4.196990e+00 2.370071e+00 2.738639e+00 1.178524e+01 1.280248e+04 1.334445e+04 2.54804 6.607937e-01
6.020000e-01 4.196990e+00 2.370378e+00 2.738977e+00 1.179628e+01 1.280551e+04 1.332619e+04 2.54889 6.609976e-01
6.010000e-01 4.196990e+00 2.370649e+00 2.739266e+00 1.180730e+01 1.280847e+04 1.330795e+04 2.54968 6.612051e-01
6.000000e-01 4.196990e+00 2.370909e+00 2.739545e+00 1.181838e+01 1.281132e+04 1.328962e+04 2.55045 6.614050e-01
5.990000e-01 4.196990e+00 2.371159e+00 2.739812e+00 1.182952e+01 1.281406e+04 1.327120e+04 2.55118 6.615970e-01
5.980000e-01 4.196990e+00 2.371399e+00 2.740068e+00 1.184073e+01 1.281668e+04 1.325267e+04 2.55188 6.617815e-01
5.970000e-01 4.196990e+00 2.371628e+00 2.740315e+00 1.185201e+01 1.281919e+04 1.323404e+04 2.55256 6.619578e-01
5.960000e-01 4.196990e+00 2.371848e+00 2.740552e+00 1.186334e+01 1.282157e+04 1.321532e+04 2.55321 6.621265e-01
5.950000e-01 4.196990e+00 2.372058e+00 2.740779e+00 1.187473e+01 1.282384e+04 1.319653e+04 2.55383 6.622870e-01
5.940000e-01 4.196990e+00 2.372256e+00 2.740991e+00 1.188616e+01 1.282598e+04 1.317767e+04 2.55441 6.624383e-01
5.930000e-01 4.196990e+00 2.372441e+00 2.741187e+00 1.189763e+01 1.282797e+04 1.315875e+04 2.55496 6.625802e-01
5.920000e-01 4.196990e+00 2.372614e+00 2.741370e+00 1.190915e+01 1.282985e+04 1.313974e+04 2.55547 6.627136e-01
5.910000e-01 4.196990e+00 2.372774e+00 2.741539e+00 1.192076e+01 1.283162e+04 1.312060e+04 2.55595 6.628383e-01
5.900000e-01 4.196990e+00 2.372923e+00 2.741696e+00 1.193244e+01 1.283327e+04 1.310134e+04 2.55639 6.629542e-01
5.890000e-01 4.196990e+00 2.373087e+00 2.741880e+00 1.194428e+01 1.283474e+04 1.308183e+04 2.55681 6.630495e-01
5.880000e-01 4.196990e+00 2.373214e+00 2.742014e+00 1.195612e+01 1.283614e+04 1.306233e+04 2.55719 6.631476e-01
5.870000e-01 4.196990e+00 2.373331e+00 2.742138e+00 1.196802e+01 1.283744e+04 1.304275e+04 2.55753 6.632381e-01
5.860000e-01 4.196990e+00 2.373437e+00 2.742252e+00 1.197999e+01 1.283861e+04 1.302307e+04 2.55784 6.633209e-01
5.850000e-01 4.196990e+00 2.373532e+00 2.742354e+00 1.199204e+01 1.283966e+04 1.300328e+04 2.55813 6.633954e-01
5.840000e-01 4.196990e+00 2.373617e+00 2.742446e+00 1.200417e+01 1.284060e+04 1.298339e+04 2.55838 6.634617e-01
5.830000e-01 4.196990e+00 2.373692e+00 2.742527e+00 1.201636e+01 1.284140e+04 1.296341e+04 2.5586 6.635200e-01
5.820000e-01 4.196990e+00 2.373756e+00 2.742598e+00 1.202861e+01 1.284209e+04 1.294336e+04 2.5588 6.635700e-01
5.810000e-01 4.196990e+00 2.373808e+00 2.742654e+00 1.204091e+01 1.284264e+04 1.292325e+04 2.55896 6.636107e-01
5.800000e-01 4.196990e+00 2.373847e+00 2.742694e+00 1.205325e+01 1.284305e+04 1.290309e+04 2.55908 6.636421e-01
5.790000e-01 4.196990e+00 2.373872e+00 2.742719e+00 1.206567e+01 1.284336e+04 1.288280e+04 2.55916 6.636642e-01
5.780000e-01 4.196990e+00 2.373884e+00 2.742727e+00 1.207818e+01 1.284352e+04 1.286237e+04 2.5592 6.636767e-01
5.770000e-01 4.196990e+00 2.373883e+00 2.742724e+00 1.209077e+01 1.284358e+04 1.284181e+04 2.5592 6.636798e-01
5.770990e-01 4.196990e+00 2.372752e+00 2.741449e+00 1.208611e+01 1.284793e+04 1.284913e+04 2.55758 6.641189e-01
