1.000000e+00 4.328090e+00 2.058768e+00 2.416050e+00 9.512291e+00 0.000000e+00 1.782093e+04 0 0.000000e+00
9.990000e-01 4.328090e+00 2.059968e+00 2.423233e+00 9.526414e+00 7.647375e+02 1.767383e+04 1.775 3.639792e-02
9.980000e-01 4.328090e+00 2.060112e+00 2.423096e+00 9.527588e+00 1.069088e+03 1.762908e+04 1.87824 5.383565e-02
9.970000e-01 4.328090e+00 2.061020e+00 2.424103e+00 9.531866e+00 1.307812e+03 1.759202e+04 1.77775 6.227877e-02
9.960000e-01 4.328090e+00 2.061318e+00 2.424154e+00 9.533383e+00 1.506698e+03 1.756335e+04 1.82246 7.353281e-02
9.950000e-01 4.328090e+00 2.062223e+00 2.425092e+00 9.537681e+00 1.679852e+03 1.753523e+04 1.78044 8.002297e-02
9.940000e-01 4.328090e+00 2.062330e+00 2.424913e+00 9.539189e+00 1.840590e+03 1.751262e+04 1.79546 8.841063e-02
9.930000e-01 4.328090e+00 2.062685e+00 2.425050e+00 9.541229e+00 1.989133e+03 1.749159e+04 1.80814 9.618699e-02
9.920000e-01 4.328090e+00 2.064068e+00 2.426638e+00 9.546486e+00 2.126591e+03 1.746704e+04 1.7845 1.013537e-01
9.910000e-01 4.328090e+00 2.064285e+00 2.426632e+00 9.548104e+00 2.258501e+03 1.744896e+04 1.79537 1.082737e-01
9.900000e-01 4.328090e+00 2.064686e+00 2.426859e+00 9.550166e+00 2.382849e+03 1.743164e+04 1.80484 1.147927e-01
9.890000e-01 4.328090e+00 2.066011e+00 2.428397e+00 9.555293e+00 2.499777e+03 1.741015e+04 1.78864 1.191919e-01
9.880000e-01 4.328090e+00 2.066270e+00 2.428468e+00 9.556948e+00 2.613463e+03 1.739490e+04 1.79698 1.251622e-01
9.870000e-01 4.328090e+00 2.066687e+00 2.428731e+00 9.559016e+00 2.721777e+03 1.738000e+04 1.80456 1.308463e-01
9.860000e-01 4.328090e+00 2.067985e+00 2.430244e+00 9.564086e+00 2.823852e+03 1.736063e+04 1.79283 1.347021e-01
9.850000e-01 4.328090e+00 2.068238e+00 2.430312e+00 9.565743e+00 2.924302e+03 1.734742e+04 1.79935 1.399666e-01
9.840000e-01 4.328090e+00 2.068651e+00 2.430572e+00 9.567819e+00 3.020994e+03 1.733425e+04 1.80577 1.450526e-01
9.830000e-01 4.328090e+00 2.069961e+00 2.432098e+00 9.572925e+00 3.112740e+03 1.731623e+04 1.79706 1.485488e-01
9.820000e-01 4.328090e+00 2.070224e+00 2.432181e+00 9.574607e+00 3.204467e+03 1.730436e+04 1.80264 1.533619e-01
9.810000e-01 4.328090e+00 2.070642e+00 2.432449e+00 9.576701e+00 3.293037e+03 1.729238e+04 1.80823 1.580258e-01
9.800000e-01 4.328090e+00 2.071955e+00 2.433979e+00 9.581831e+00 3.376826e+03 1.727537e+04 1.80134 1.612248e-01
9.790000e-01 4.328090e+00 2.072211e+00 2.434054e+00 9.583522e+00 3.461346e+03 1.726458e+04 1.80612 1.656571e-01
9.780000e-01 4.328090e+00 2.072620e+00 2.434310e+00 9.585623e+00 3.543153e+03 1.725357e+04 1.81105 1.699685e-01
9.770000e-01 4.328090e+00 2.073947e+00 2.435851e+00 9.590798e+00 3.620170e+03 1.723736e+04 1.80565 1.729233e-01
9.760000e-01 4.328090e+00 2.074174e+00 2.435883e+00 9.592474e+00 3.698276e+03 1.722753e+04 1.80966 1.770085e-01
9.750000e-01 4.328090e+00 2.074552e+00 2.436088e+00 9.594563e+00 3.773895e+03 1.721739e+04 1.81398 1.809924e-01
9.740000e-01 4.328090e+00 2.075915e+00 2.437658e+00 9.599827e+00 3.845144e+03 1.720178e+04 1.80995 1.837580e-01
9.730000e-01 4.328090e+00 2.076133e+00 2.437670e+00 9.601523e+00 3.919045e+03 1.719258e+04 1.81362 1.876308e-01
9.720000e-01 4.328090e+00 2.076531e+00 2.437898e+00 9.603664e+00 3.991153e+03 1.718293e+04 1.8178 1.914500e-01
9.710000e-01 4.328090e+00 2.077908e+00 2.439488e+00 9.608998e+00 4.059304e+03 1.716764e+04 1.8143 1.940870e-01
9.700000e-01 4.328090e+00 2.078148e+00 2.439534e+00 9.610731e+00 4.129896e+03 1.715894e+04 1.81779 1.977962e-01
9.690000e-01 4.328090e+00 2.078561e+00 2.439785e+00 9.612898e+00 4.198803e+03 1.714977e+04 1.82174 2.014524e-01
9.680000e-01 4.328090e+00 2.079936e+00 2.441377e+00 9.618251e+00 4.263958e+03 1.713485e+04 1.81871 2.039691e-01
9.670000e-01 4.328090e+00 2.080190e+00 2.441447e+00 9.620008e+00 4.331389e+03 1.712661e+04 1.82199 2.075167e-01
9.660000e-01 4.328090e+00 2.080602e+00 2.441700e+00 9.622179e+00 4.397049e+03 1.711788e+04 1.82563 2.109998e-01
9.650000e-01 4.328090e+00 2.081979e+00 2.443296e+00 9.627544e+00 4.458799e+03 1.710337e+04 1.82314 2.133898e-01
9.640000e-01 4.328090e+00 2.082230e+00 2.443364e+00 9.629308e+00 4.523195e+03 1.709556e+04 1.82617 2.167781e-01
9.630000e-01 4.328090e+00 2.082648e+00 2.443625e+00 9.631498e+00 4.586114e+03 1.708722e+04 1.82965 2.201245e-01
9.620000e-01 4.328090e+00 2.084078e+00 2.445293e+00 9.636983e+00 4.645258e+03 1.707284e+04 1.82766 2.224150e-01
9.610000e-01 4.328090e+00 2.084304e+00 2.445328e+00 9.638708e+00 4.707129e+03 1.706550e+04 1.83046 2.256740e-01
9.600000e-01 4.328090e+00 2.084708e+00 2.445573e+00 9.640887e+00 4.767459e+03 1.705755e+04 1.83372 2.288845e-01
9.590000e-01 4.328090e+00 2.086144e+00 2.447246e+00 9.646398e+00 4.823981e+03 1.704348e+04 1.83215 2.310815e-01
9.580000e-01 4.328090e+00 2.086363e+00 2.447272e+00 9.648130e+00 4.883458e+03 1.703650e+04 1.83476 2.342148e-01
9.570000e-01 4.328090e+00 2.086757e+00 2.447501e+00 9.650313e+00 4.941347e+03 1.702889e+04 1.83782 2.372972e-01
9.560000e-01 4.328090e+00 2.088207e+00 2.449185e+00 9.655866e+00 4.994997e+03 1.701508e+04 1.83666 2.393885e-01
9.550000e-01 4.328090e+00 2.088398e+00 2.449171e+00 9.657585e+00 5.051944e+03 1.700845e+04 1.83902 2.423848e-01
9.540000e-01 4.328090e+00 2.088788e+00 2.449388e+00 9.659786e+00 5.107695e+03 1.700111e+04 1.842 2.453650e-01
9.530000e-01 4.328090e+00 2.090268e+00 2.451103e+00 9.665430e+00 5.159660e+03 1.698737e+04 1.84119 2.474018e-01
9.520000e-01 4.328090e+00 2.090473e+00 2.451105e+00 9.667187e+00 5.215325e+03 1.698092e+04 1.84354 2.503409e-01
9.510000e-01 4.328090e+00 2.090872e+00 2.451334e+00 9.669419e+00 5.269700e+03 1.697374e+04 1.84644 2.532519e-01
9.500000e-01 4.328090e+00 2.092359e+00 2.453062e+00 9.675113e+00 5.320190e+03 1.696010e+04 1.84578 2.552244e-01
9.490000e-01 4.328090e+00 2.092575e+00 2.453082e+00 9.676893e+00 5.374329e+03 1.695385e+04 1.84806 2.580872e-01
9.480000e-01 4.328090e+00 2.092981e+00 2.453323e+00 9.679142e+00 5.427184e+03 1.694689e+04 1.85087 2.609207e-01
9.470000e-01 4.328090e+00 2.094471e+00 2.455057e+00 9.684862e+00 5.476109e+03 1.693340e+04 1.85041 2.628320e-01
9.460000e-01 4.328090e+00 2.094687e+00 2.455079e+00 9.686651e+00 5.528608e+03 1.692738e+04 1.85258 2.656088e-01
9.450000e-01 4.328090e+00 2.095091e+00 2.455318e+00 9.688909e+00 5.579873e+03 1.692062e+04 1.8553 2.683612e-01
9.440000e-01 4.328090e+00 2.096594e+00 2.457067e+00 9.694672e+00 5.627303e+03 1.690724e+04 1.85506 2.702202e-01
9.430000e-01 4.328090e+00 2.096815e+00 2.457096e+00 9.696483e+00 5.678559e+03 1.690138e+04 1.85718 2.729358e-01
9.420000e-01 4.328090e+00 2.097222e+00 2.457341e+00 9.698761e+00 5.728567e+03 1.689477e+04 1.85983 2.756249e-01
9.410000e-01 4.328090e+00 2.098734e+00 2.459102e+00 9.704567e+00 5.774560e+03 1.688149e+04 1.85976 2.774266e-01
9.400000e-01 4.328090e+00 2.098950e+00 2.459127e+00 9.706385e+00 5.824409e+03 1.687581e+04 1.86178 2.800682e-01
9.390000e-01 4.328090e+00 2.099353e+00 2.459365e+00 9.708672e+00 5.873005e+03 1.686938e+04 1.86434 2.826844e-01
9.380000e-01 4.328090e+00 2.100879e+00 2.461141e+00 9.714517e+00 5.917394e+03 1.685620e+04 1.86448 2.844281e-01
9.370000e-01 4.328090e+00 2.101077e+00 2.461142e+00 9.716328e+00 5.965665e+03 1.685073e+04 1.86636 2.869840e-01
9.360000e-01 4.328090e+00 2.101461e+00 2.461353e+00 9.718606e+00 6.012610e+03 1.684450e+04 1.86879 2.895127e-01
9.350000e-01 4.328090e+00 2.103013e+00 2.463154e+00 9.724510e+00 6.055378e+03 1.683142e+04 1.8692 2.912055e-01
9.340000e-01 4.328090e+00 2.103207e+00 2.463146e+00 9.726338e+00 6.102660e+03 1.682609e+04 1.87104 2.937142e-01
9.330000e-01 4.328090e+00 2.103604e+00 2.463371e+00 9.728658e+00 6.148850e+03 1.681993e+04 1.87349 2.962133e-01
9.320000e-01 4.328090e+00 2.105170e+00 2.465190e+00 9.734640e+00 6.190903e+03 1.680681e+04 1.87398 2.978730e-01
9.310000e-01 4.328090e+00 2.105374e+00 2.465197e+00 9.736497e+00 6.237337e+03 1.680159e+04 1.8758 3.003416e-01
9.300000e-01 4.328090e+00 2.105776e+00 2.465431e+00 9.738838e+00 6.282625e+03 1.679554e+04 1.87821 3.027952e-01
9.290000e-01 4.328090e+00 2.107350e+00 2.467262e+00 9.744862e+00 6.323719e+03 1.678247e+04 1.8788 3.044158e-01
9.280000e-01 4.328090e+00 2.107558e+00 2.467276e+00 9.746735e+00 6.369185e+03 1.677736e+04 1.88059 3.068352e-01
9.270000e-01 4.328090e+00 2.107956e+00 2.467507e+00 9.749084e+00 6.413423e+03 1.677145e+04 1.88292 3.092337e-01
9.260000e-01 4.328090e+00 2.109542e+00 2.469352e+00 9.755147e+00 6.453390e+03 1.675845e+04 1.88365 3.108134e-01
9.250000e-01 4.328090e+00 2.109749e+00 2.469367e+00 9.757035e+00 6.497959e+03 1.675346e+04 1.88539 3.131879e-01
9.240000e-01 4.328090e+00 2.110154e+00 2.469605e+00 9.759409e+00 6.541406e+03 1.674764e+04 1.88772 3.155503e-01
9.230000e-01 4.328090e+00 2.111751e+00 2.471465e+00 9.765530e+00 6.580567e+03 1.673464e+04 1.88855 3.170978e-01
9.220000e-01 4.328090e+00 2.111959e+00 2.471482e+00 9.767436e+00 6.624303e+03 1.672975e+04 1.89025 3.194306e-01
9.210000e-01 4.328090e+00 2.112360e+00 2.471716e+00 9.769821e+00 6.666853e+03 1.672402e+04 1.89253 3.217470e-01
9.200000e-01 4.328090e+00 2.113972e+00 2.473593e+00 9.775994e+00 6.704984e+03 1.671104e+04 1.89348 3.232560e-01
9.190000e-01 4.328090e+00 2.114170e+00 2.473598e+00 9.777904e+00 6.747745e+03 1.670626e+04 1.89511 3.255376e-01
9.180000e-01 4.328090e+00 2.114556e+00 2.473812e+00 9.780286e+00 6.789195e+03 1.670066e+04 1.8973 3.277953e-01
9.170000e-01 4.328090e+00 2.116188e+00 2.475708e+00 9.786504e+00 6.825979e+03 1.668772e+04 1.89842 3.292569e-01
9.160000e-01 4.328090e+00 2.116371e+00 2.475690e+00 9.788414e+00 6.867799e+03 1.668306e+04 1.89998 3.314900e-01
9.150000e-01 4.328090e+00 2.116763e+00 2.475908e+00 9.790827e+00 6.908550e+03 1.667751e+04 1.90218 3.337196e-01
9.140000e-01 4.328090e+00 2.118415e+00 2.477828e+00 9.797130e+00 6.944814e+03 1.666450e+04 1.9034 3.351622e-01
9.130000e-01 4.328090e+00 2.118608e+00 2.477824e+00 9.799073e+00 6.986139e+03 1.665989e+04 1.90497 3.373745e-01
9.120000e-01 4.328090e+00 2.119004e+00 2.478047e+00 9.801509e+00 7.026295e+03 1.665439e+04 1.90715 3.395747e-01
9.110000e-01 4.328090e+00 2.120667e+00 2.479983e+00 9.807867e+00 7.061874e+03 1.664136e+04 1.90843 3.409874e-01
9.100000e-01 4.328090e+00 2.120863e+00 2.479986e+00 9.809828e+00 7.102516e+03 1.663681e+04 1.90998 3.431656e-01
9.090000e-01 4.328090e+00 2.121257e+00 2.480209e+00 9.812274e+00 7.141931e+03 1.663140e+04 1.91212 3.453275e-01
9.080000e-01 4.328090e+00 2.122975e+00 2.482218e+00 9.818755e+00 7.176577e+03 1.661825e+04 1.91353 3.466979e-01
9.070000e-01 4.328090e+00 2.123136e+00 2.482177e+00 9.820667e+00 7.216496e+03 1.661389e+04 1.91501 3.488424e-01
9.060000e-01 4.328090e+00 2.123524e+00 2.482390e+00 9.823115e+00 7.255253e+03 1.660856e+04 1.91713 3.509754e-01
9.050000e-01 4.328090e+00 2.125251e+00 2.484410e+00 9.829644e+00 7.289276e+03 1.659541e+04 1.91863 3.523240e-01
9.040000e-01 4.328090e+00 2.125414e+00 2.484373e+00 9.831576e+00 7.328637e+03 1.659111e+04 1.92009 3.544419e-01
9.030000e-01 4.328090e+00 2.125798e+00 2.484581e+00 9.834039e+00 7.366765e+03 1.658585e+04 1.92217 3.565433e-01
9.020000e-01 4.328090e+00 2.127541e+00 2.486621e+00 9.840628e+00 7.400027e+03 1.657267e+04 1.92376 3.578622e-01
9.010000e-01 4.328090e+00 2.127697e+00 2.486574e+00 9.842568e+00 7.438697e+03 1.656845e+04 1.92518 3.599450e-01
9.000000e-01 4.328090e+00 2.128070e+00 2.486769e+00 9.845035e+00 7.476053e+03 1.656327e+04 1.92721 3.620067e-01
8.990000e-01 4.328090e+00 2.129832e+00 2.488827e+00 9.851674e+00 7.508282e+03 1.655010e+04 1.92891 3.632868e-01
8.980000e-01 4.328090e+00 2.129968e+00 2.488755e+00 9.853609e+00 7.546149e+03 1.654597e+04 1.93026 3.653278e-01
8.970000e-01 4.328090e+00 2.130342e+00 2.488947e+00 9.856099e+00 7.582874e+03 1.654084e+04 1.93229 3.673630e-01
8.960000e-01 4.328090e+00 2.132129e+00 2.491033e+00 9.862826e+00 7.614635e+03 1.652758e+04 1.9341 3.686277e-01
8.950000e-01 4.328090e+00 2.132273e+00 2.490971e+00 9.864796e+00 7.652196e+03 1.652348e+04 1.93547 3.706584e-01
8.940000e-01 4.328090e+00 2.132651e+00 2.491168e+00 9.867314e+00 7.688539e+03 1.651837e+04 1.93749 3.726766e-01
8.930000e-01 4.328090e+00 2.134451e+00 2.493273e+00 9.874117e+00 7.719808e+03 1.650503e+04 1.93934 3.739177e-01
8.920000e-01 4.328090e+00 2.134599e+00 2.493218e+00 9.876107e+00 7.756885e+03 1.650098e+04 1.94071 3.759253e-01
8.910000e-01 4.328090e+00 2.134975e+00 2.493414e+00 9.878639e+00 7.792683e+03 1.649592e+04 1.9427 3.779161e-01
8.900000e-01 4.328090e+00 2.136788e+00 2.495536e+00 9.885490e+00 7.823244e+03 1.648256e+04 1.94462 3.791286e-01
8.890000e-01 4.328090e+00 2.136929e+00 2.495474e+00 9.887486e+00 7.859701e+03 1.647857e+04 1.94595 3.811043e-01
8.880000e-01 4.328090e+00 2.137304e+00 2.495670e+00 9.890034e+00 7.894934e+03 1.647356e+04 1.94793 3.830687e-01
8.870000e-01 4.328090e+00 2.139134e+00 2.497813e+00 9.896945e+00 7.924946e+03 1.646017e+04 1.94993 3.842614e-01
8.860000e-01 4.328090e+00 2.139275e+00 2.497752e+00 9.898961e+00 7.960972e+03 1.645622e+04 1.95124 3.862172e-01
8.850000e-01 4.328090e+00 2.139647e+00 2.497945e+00 9.901525e+00 7.995718e+03 1.645125e+04 1.95321 3.881579e-01
8.840000e-01 4.328090e+00 2.141494e+00 2.500108e+00 9.908501e+00 8.025105e+03 1.643781e+04 1.95528 3.893255e-01
8.830000e-01 4.328090e+00 2.141627e+00 2.500038e+00 9.910526e+00 8.060578e+03 1.643392e+04 1.95656 3.912535e-01
8.820000e-01 4.328090e+00 2.141989e+00 2.500218e+00 9.913096e+00 8.094703e+03 1.642901e+04 1.95848 3.931631e-01
8.810000e-01 4.328090e+00 2.143855e+00 2.502402e+00 9.920126e+00 8.123237e+03 1.641554e+04 1.96065 3.942979e-01
8.800000e-01 4.328090e+00 2.143969e+00 2.502307e+00 9.922146e+00 8.158039e+03 1.641173e+04 1.96186 3.961915e-01
8.790000e-01 4.328090e+00 2.144329e+00 2.502481e+00 9.924735e+00 8.191624e+03 1.640685e+04 1.96379 3.980784e-01
8.780000e-01 4.328090e+00 2.146221e+00 2.504694e+00 9.931855e+00 8.219739e+03 1.639329e+04 1.96604 3.991992e-01
8.770000e-01 4.328090e+00 2.146341e+00 2.504606e+00 9.933909e+00 8.254312e+03 1.638949e+04 1.96728 4.010863e-01
8.760000e-01 4.328090e+00 2.146704e+00 2.504785e+00 9.936530e+00 8.287616e+03 1.638461e+04 1.96921 4.029623e-01
8.750000e-01 4.328090e+00 2.148612e+00 2.507019e+00 9.943736e+00 8.315343e+03 1.637095e+04 1.97151 4.040633e-01
8.740000e-01 4.328090e+00 2.148734e+00 2.506937e+00 9.945813e+00 8.349553e+03 1.636717e+04 1.97274 4.059340e-01
8.730000e-01 4.328090e+00 2.149094e+00 2.507113e+00 9.948449e+00 8.382428e+03 1.636233e+04 1.97465 4.077890e-01
8.720000e-01 4.328090e+00 2.151018e+00 2.509367e+00 9.955714e+00 8.409566e+03 1.634861e+04 1.977 4.088652e-01
8.710000e-01 4.328090e+00 2.151132e+00 2.509277e+00 9.957799e+00 8.443272e+03 1.634487e+04 1.97821 4.107106e-01
8.700000e-01 4.328090e+00 2.151491e+00 2.509452e+00 9.960452e+00 8.475686e+03 1.634006e+04 1.9801 4.125447e-01
8.690000e-01 4.328090e+00 2.153433e+00 2.511728e+00 9.967784e+00 8.502351e+03 1.632628e+04 1.98253 4.136029e-01
8.680000e-01 4.328090e+00 2.153545e+00 2.511638e+00 9.969887e+00 8.535708e+03 1.632258e+04 1.98373 4.154326e-01
8.670000e-01 4.328090e+00 2.153899e+00 2.511808e+00 9.972556e+00 8.567711e+03 1.631779e+04 1.9856 4.172472e-01
8.660000e-01 4.328090e+00 2.155861e+00 2.514108e+00 9.979959e+00 8.593829e+03 1.630394e+04 1.9881 4.182829e-01
8.650000e-01 4.328090e+00 2.155963e+00 2.514006e+00 9.982070e+00 8.626705e+03 1.630028e+04 1.98926 4.200888e-01
8.640000e-01 4.328090e+00 2.156306e+00 2.514161e+00 9.984744e+00 8.658166e+03 1.629554e+04 1.9911 4.218765e-01
8.630000e-01 4.328090e+00 2.158288e+00 2.516483e+00 9.992205e+00 8.683525e+03 1.628164e+04 1.99368 4.228825e-01
8.620000e-01 4.328090e+00 2.158371e+00 2.516357e+00 9.994312e+00 8.715851e+03 1.627804e+04 1.99479 4.246612e-01
8.610000e-01 4.328090e+00 2.158713e+00 2.516508e+00 9.997008e+00 8.746887e+03 1.627331e+04 1.99664 4.264324e-01
8.600000e-01 4.328090e+00 2.160765e+00 2.518922e+00 1.000465e+01 8.771872e+03 1.625915e+04 1.99934 4.274162e-01
8.590000e-01 4.328090e+00 2.160824e+00 2.518761e+00 1.000674e+01 8.804039e+03 1.625564e+04 2.00044 4.291964e-01
8.580000e-01 4.328090e+00 2.161158e+00 2.518901e+00 1.000944e+01 8.834842e+03 1.625094e+04 2.00228 4.309609e-01
8.570000e-01 4.328090e+00 2.163223e+00 2.521332e+00 1.001717e+01 8.859485e+03 1.623667e+04 2.00502 4.319279e-01
8.560000e-01 4.328090e+00 2.163281e+00 2.521173e+00 1.001928e+01 8.891346e+03 1.623318e+04 2.00611 4.336950e-01
8.550000e-01 4.328090e+00 2.164856e+00 2.522932e+00 1.002555e+01 8.917279e+03 1.622170e+04 2.0088 4.349098e-01
8.540000e-01 4.328090e+00 2.164915e+00 2.522776e+00 1.002768e+01 8.948823e+03 1.621820e+04 2.00989 4.366608e-01
8.530000e-01 4.328090e+00 2.166505e+00 2.524555e+00 1.003400e+01 8.974436e+03 1.620668e+04 2.01262 4.378618e-01
8.520000e-01 4.328090e+00 2.166562e+00 2.524398e+00 1.003614e+01 9.005782e+03 1.620319e+04 2.0137 4.396045e-01
8.510000e-01 4.328090e+00 2.168161e+00 2.526187e+00 1.004250e+01 9.031155e+03 1.619162e+04 2.01646 4.407949e-01
8.500000e-01 4.328090e+00 2.168214e+00 2.526026e+00 1.004465e+01 9.062279e+03 1.618815e+04 2.01753 4.425275e-01
8.490000e-01 4.328090e+00 2.169821e+00 2.527826e+00 1.005105e+01 9.087327e+03 1.617654e+04 2.02031 4.437038e-01
8.480000e-01 4.328090e+00 2.169867e+00 2.527657e+00 1.005320e+01 9.118185e+03 1.617309e+04 2.02136 4.454239e-01
8.470000e-01 4.328090e+00 2.171483e+00 2.529466e+00 1.005964e+01 9.142860e+03 1.616145e+04 2.02417 4.465841e-01
8.460000e-01 4.328090e+00 2.172325e+00 2.530302e+00 1.006397e+01 9.170329e+03 1.615387e+04 2.0261 4.480057e-01
8.450000e-01 4.328090e+00 2.173153e+00 2.531117e+00 1.006828e+01 9.197606e+03 1.614633e+04 2.02803 4.494239e-01
8.440000e-01 4.328090e+00 2.173983e+00 2.531934e+00 1.007261e+01 9.224813e+03 1.613877e+04 2.02997 4.508396e-01
8.430000e-01 4.328090e+00 2.174816e+00 2.532753e+00 1.007696e+01 9.251958e+03 1.613119e+04 2.03191 4.522531e-01
8.420000e-01 4.328090e+00 2.175651e+00 2.533578e+00 1.008133e+01 9.279037e+03 1.612359e+04 2.03387 4.536639e-01
8.410000e-01 4.328090e+00 2.176490e+00 2.534405e+00 1.008572e+01 9.306029e+03 1.611597e+04 2.03583 4.550710e-01
8.400000e-01 4.328090e+00 2.177330e+00 2.535236e+00 1.009012e+01 9.332935e+03 1.610834e+04 2.03779 4.564745e-01
8.390000e-01 4.328090e+00 2.178172e+00 2.536069e+00 1.009454e+01 9.359732e+03 1.610069e+04 2.03976 4.578733e-01
8.380000e-01 4.328090e+00 2.179015e+00 2.536903e+00 1.009897e+01 9.386394e+03 1.609304e+04 2.04173 4.592660e-01
8.370000e-01 4.328090e+00 2.179858e+00 2.537739e+00 1.010341e+01 9.412909e+03 1.608538e+04 2.04371 4.606520e-01
8.360000e-01 4.328090e+00 2.180702e+00 2.538575e+00 1.010786e+01 9.439305e+03 1.607771e+04 2.04568 4.620329e-01
8.350000e-01 4.328090e+00 2.181548e+00 2.539414e+00 1.011233e+01 9.465614e+03 1.607003e+04 2.04767 4.634100e-01
8.340000e-01 4.328090e+00 2.182396e+00 2.540255e+00 1.011681e+01 9.491821e+03 1.606234e+04 2.04965 4.647829e-01
8.330000e-01 4.328090e+00 2.183244e+00 2.541099e+00 1.012131e+01 9.517916e+03 1.605463e+04 2.05164 4.661508e-01
8.320000e-01 4.328090e+00 2.184093e+00 2.541942e+00 1.012581e+01 9.543861e+03 1.604692e+04 2.05364 4.675121e-01
8.310000e-01 4.328090e+00 2.184943e+00 2.542787e+00 1.013033e+01 9.569684e+03 1.603920e+04 2.05563 4.688679e-01
8.300000e-01 4.328090e+00 2.185792e+00 2.543630e+00 1.013486e+01 9.595331e+03 1.603148e+04 2.05763 4.702158e-01
8.290000e-01 4.328090e+00 2.186640e+00 2.544471e+00 1.013939e+01 9.620783e+03 1.602375e+04 2.05963 4.715548e-01
8.280000e-01 4.328090e+00 2.187486e+00 2.545310e+00 1.014393e+01 9.646070e+03 1.601603e+04 2.06163 4.728866e-01
8.270000e-01 4.328090e+00 2.188334e+00 2.546149e+00 1.014849e+01 9.671275e+03 1.600828e+04 2.06363 4.742154e-01
8.260000e-01 4.328090e+00 2.189184e+00 2.546994e+00 1.015307e+01 9.696436e+03 1.600051e+04 2.06564 4.755427e-01
8.250000e-01 4.328090e+00 2.190037e+00 2.547840e+00 1.015767e+01 9.721521e+03 1.599272e+04 2.06766 4.768669e-01
8.240000e-01 4.328090e+00 2.190893e+00 2.548690e+00 1.016229e+01 9.746538e+03 1.598490e+04 2.06968 4.781884e-01
8.230000e-01 4.328090e+00 2.191750e+00 2.549543e+00 1.016692e+01 9.771472e+03 1.597706e+04 2.07171 4.795064e-01
8.220000e-01 4.328090e+00 2.192609e+00 2.550399e+00 1.017158e+01 9.796311e+03 1.596921e+04 2.07374 4.808203e-01
8.210000e-01 4.328090e+00 2.193469e+00 2.551256e+00 1.017624e+01 9.821026e+03 1.596134e+04 2.07578 4.821285e-01
8.200000e-01 4.328090e+00 2.194329e+00 2.552114e+00 1.018092e+01 9.845611e+03 1.595347e+04 2.07782 4.834311e-01
8.190000e-01 4.328090e+00 2.195190e+00 2.552972e+00 1.018561e+01 9.870089e+03 1.594558e+04 2.07986 4.847289e-01
8.180000e-01 4.328090e+00 2.196052e+00 2.553833e+00 1.019032e+01 9.894486e+03 1.593768e+04 2.08191 4.860235e-01
8.170000e-01 4.328090e+00 2.196916e+00 2.554697e+00 1.019504e+01 9.918798e+03 1.592975e+04 2.08396 4.873144e-01
8.160000e-01 4.328090e+00 2.197781e+00 2.555562e+00 1.019978e+01 9.942994e+03 1.592181e+04 2.08602 4.886001e-01
8.150000e-01 4.328090e+00 2.198647e+00 2.556427e+00 1.020453e+01 9.967061e+03 1.591386e+04 2.08808 4.898801e-01
8.140000e-01 4.328090e+00 2.199512e+00 2.557293e+00 1.020929e+01 9.991005e+03 1.590590e+04 2.09014 4.911547e-01
8.130000e-01 4.328090e+00 2.200419e+00 2.558217e+00 1.021415e+01 1.001474e+04 1.589779e+04 2.09224 4.924114e-01
8.120000e-01 4.328090e+00 2.201241e+00 2.559021e+00 1.021884e+01 1.003838e+04 1.588996e+04 2.09426 4.936805e-01
8.110000e-01 4.328090e+00 2.202144e+00 2.559939e+00 1.022371e+01 1.006180e+04 1.588184e+04 2.09636 4.949231e-01
8.100000e-01 4.328090e+00 2.203009e+00 2.560801e+00 1.022852e+01 1.008519e+04 1.587384e+04 2.09843 4.961737e-01
8.090000e-01 4.328090e+00 2.203875e+00 2.561666e+00 1.023335e+01 1.010853e+04 1.586580e+04 2.1005 4.974221e-01
8.080000e-01 4.328090e+00 2.204743e+00 2.562534e+00 1.023820e+01 1.013181e+04 1.585774e+04 2.10258 4.986682e-01
8.070000e-01 4.328090e+00 2.205614e+00 2.563406e+00 1.024308e+01 1.015502e+04 1.584965e+04 2.10467 4.999114e-01
8.060000e-01 4.328090e+00 2.206486e+00 2.564279e+00 1.024797e+01 1.017814e+04 1.584153e+04 2.10676 5.011512e-01
8.050000e-01 4.328090e+00 2.207359e+00 2.565155e+00 1.025287e+01 1.020118e+04 1.583340e+04 2.10886 5.023868e-01
8.040000e-01 4.328090e+00 2.208233e+00 2.566032e+00 1.025779e+01 1.022409e+04 1.582526e+04 2.11095 5.036171e-01
8.030000e-01 4.328090e+00 2.209107e+00 2.566908e+00 1.026272e+01 1.024689e+04 1.581710e+04 2.11305 5.048422e-01
8.020000e-01 4.328090e+00 2.209982e+00 2.567787e+00 1.026767e+01 1.026960e+04 1.580891e+04 2.11515 5.060638e-01
8.010000e-01 4.328090e+00 2.210859e+00 2.568668e+00 1.027264e+01 1.029224e+04 1.580071e+04 2.11726 5.072823e-01
8.000000e-01 4.328090e+00 2.211737e+00 2.569551e+00 1.027762e+01 1.031479e+04 1.579248e+04 2.11937 5.084968e-01
7.990000e-01 4.328090e+00 2.212615e+00 2.570434e+00 1.028262e+01 1.033722e+04 1.578424e+04 2.12149 5.097062e-01
7.980000e-01 4.328090e+00 2.213493e+00 2.571317e+00 1.028763e+01 1.035953e+04 1.577598e+04 2.1236 5.109101e-01
7.970000e-01 4.328090e+00 2.214371e+00 2.572201e+00 1.029266e+01 1.038172e+04 1.576770e+04 2.12572 5.121085e-01
7.960000e-01 4.328090e+00 2.215247e+00 2.573082e+00 1.029769e+01 1.040374e+04 1.575943e+04 2.12784 5.132990e-01
7.950000e-01 4.328090e+00 2.216122e+00 2.573960e+00 1.030272e+01 1.042560e+04 1.575114e+04 2.12995 5.144827e-01
7.940000e-01 4.328090e+00 2.216996e+00 2.574837e+00 1.030778e+01 1.044737e+04 1.574283e+04 2.13207 5.156627e-01
7.930000e-01 4.328090e+00 2.217873e+00 2.575717e+00 1.031286e+01 1.046908e+04 1.573449e+04 2.1342 5.168407e-01
7.920000e-01 4.328090e+00 2.218751e+00 2.576601e+00 1.031796e+01 1.049073e+04 1.572612e+04 2.13633 5.180163e-01
7.910000e-01 4.328090e+00 2.219632e+00 2.577487e+00 1.032308e+01 1.051232e+04 1.571772e+04 2.13846 5.191895e-01
7.900000e-01 4.328090e+00 2.220514e+00 2.578375e+00 1.032822e+01 1.053384e+04 1.570928e+04 2.1406 5.203594e-01
7.890000e-01 4.328090e+00 2.221397e+00 2.579266e+00 1.033339e+01 1.055528e+04 1.570082e+04 2.14275 5.215260e-01
7.880000e-01 4.328090e+00 2.222281e+00 2.580157e+00 1.033856e+01 1.057661e+04 1.569234e+04 2.1449 5.226876e-01
7.870000e-01 4.328090e+00 2.223165e+00 2.581049e+00 1.034376e+01 1.059782e+04 1.568385e+04 2.14705 5.238442e-01
7.860000e-01 4.328090e+00 2.224049e+00 2.581941e+00 1.034896e+01 1.061895e+04 1.567533e+04 2.1492 5.249970e-01
7.850000e-01 4.328090e+00 2.224935e+00 2.582836e+00 1.035419e+01 1.064001e+04 1.566678e+04 2.15136 5.261471e-01
7.840000e-01 4.328090e+00 2.225822e+00 2.583733e+00 1.035944e+01 1.066099e+04 1.565821e+04 2.15352 5.272934e-01
7.830000e-01 4.328090e+00 2.226709e+00 2.584630e+00 1.036471e+01 1.068186e+04 1.564961e+04 2.15568 5.284351e-01
7.820000e-01 4.328090e+00 2.227596e+00 2.585528e+00 1.036998e+01 1.070261e+04 1.564099e+04 2.15785 5.295716e-01
7.810000e-01 4.328090e+00 2.228482e+00 2.586425e+00 1.037527e+01 1.072325e+04 1.563236e+04 2.16001 5.307030e-01
7.800000e-01 4.328090e+00 2.229367e+00 2.587320e+00 1.038057e+01 1.074374e+04 1.562372e+04 2.16218 5.318272e-01
7.790000e-01 4.328090e+00 2.230250e+00 2.588211e+00 1.038588e+01 1.076407e+04 1.561507e+04 2.16434 5.329445e-01
7.780000e-01 4.328090e+00 2.231133e+00 2.589103e+00 1.039121e+01 1.078430e+04 1.560639e+04 2.16651 5.340578e-01
7.770000e-01 4.328090e+00 2.232016e+00 2.589995e+00 1.039655e+01 1.080447e+04 1.559768e+04 2.16868 5.351688e-01
7.760000e-01 4.328090e+00 2.232901e+00 2.590890e+00 1.040193e+01 1.082459e+04 1.558894e+04 2.17085 5.362775e-01
7.750000e-01 4.328090e+00 2.233830e+00 2.591846e+00 1.040741e+01 1.084459e+04 1.558002e+04 2.17308 5.373723e-01
7.740000e-01 4.328090e+00 2.234720e+00 2.592748e+00 1.041283e+01 1.086457e+04 1.557120e+04 2.17526 5.384752e-01
7.730000e-01 4.328090e+00 2.235610e+00 2.593651e+00 1.041828e+01 1.088447e+04 1.556236e+04 2.17746 5.395751e-01
7.720000e-01 4.328090e+00 2.236500e+00 2.594553e+00 1.042373e+01 1.090427e+04 1.555349e+04 2.17965 5.406701e-01
7.710000e-01 4.328090e+00 2.237390e+00 2.595457e+00 1.042921e+01 1.092396e+04 1.554460e+04 2.18184 5.417606e-01
7.700000e-01 4.328090e+00 2.238280e+00 2.596361e+00 1.043470e+01 1.094357e+04 1.553569e+04 2.18404 5.428473e-01
7.690000e-01 4.328090e+00 2.239171e+00 2.597267e+00 1.044021e+01 1.096311e+04 1.552674e+04 2.18624 5.439313e-01
7.680000e-01 4.328090e+00 2.240063e+00 2.598175e+00 1.044575e+01 1.098256e+04 1.551777e+04 2.18844 5.450116e-01
7.670000e-01 4.328090e+00 2.240956e+00 2.599083e+00 1.045130e+01 1.100192e+04 1.550876e+04 2.19065 5.460875e-01
7.660000e-01 4.328090e+00 2.241847e+00 2.599991e+00 1.045687e+01 1.102116e+04 1.549974e+04 2.19286 5.471583e-01
7.650000e-01 4.328090e+00 2.242739e+00 2.600899e+00 1.046245e+01 1.104029e+04 1.549070e+04 2.19507 5.482242e-01
7.640000e-01 4.328090e+00 2.243628e+00 2.601804e+00 1.046804e+01 1.105927e+04 1.548164e+04 2.19727 5.492829e-01
7.630000e-01 4.328090e+00 2.244515e+00 2.602705e+00 1.047364e+01 1.107810e+04 1.547258e+04 2.19948 5.503353e-01
7.620000e-01 4.328090e+00 2.245401e+00 2.603606e+00 1.047926e+01 1.109685e+04 1.546348e+04 2.20168 5.513841e-01
7.610000e-01 4.328090e+00 2.246288e+00 2.604509e+00 1.048491e+01 1.111553e+04 1.545435e+04 2.2039 5.524305e-01
7.600000e-01 4.328090e+00 2.247177e+00 2.605414e+00 1.049058e+01 1.113415e+04 1.544518e+04 2.20611 5.534744e-01
7.590000e-01 4.328090e+00 2.248068e+00 2.606321e+00 1.049628e+01 1.115271e+04 1.543597e+04 2.20834 5.545159e-01
7.580000e-01 4.328090e+00 2.248959e+00 2.607230e+00 1.050200e+01 1.117119e+04 1.542672e+04 2.21056 5.555540e-01
7.570000e-01 4.328090e+00 2.249851e+00 2.608141e+00 1.050775e+01 1.118960e+04 1.541744e+04 2.21279 5.565889e-01
7.560000e-01 4.328090e+00 2.250743e+00 2.609052e+00 1.051351e+01 1.120790e+04 1.540813e+04 2.21502 5.576190e-01
7.550000e-01 4.328090e+00 2.251633e+00 2.609961e+00 1.051929e+01 1.122610e+04 1.539880e+04 2.21725 5.586443e-01
7.540000e-01 4.328090e+00 2.252525e+00 2.610873e+00 1.052509e+01 1.124423e+04 1.538943e+04 2.21948 5.596668e-01
7.530000e-01 4.328090e+00 2.253417e+00 2.611787e+00 1.053092e+01 1.126229e+04 1.538003e+04 2.22172 5.606864e-01
7.520000e-01 4.328090e+00 2.254309e+00 2.612699e+00 1.053676e+01 1.128025e+04 1.537059e+04 2.22396 5.617015e-01
7.510000e-01 4.328090e+00 2.255201e+00 2.613614e+00 1.054263e+01 1.129812e+04 1.536113e+04 2.2262 5.627126e-01
7.500000e-01 4.328090e+00 2.256093e+00 2.614528e+00 1.054851e+01 1.131588e+04 1.535164e+04 2.22844 5.637185e-01
7.490000e-01 4.328090e+00 2.256982e+00 2.615439e+00 1.055441e+01 1.133352e+04 1.534213e+04 2.23068 5.647187e-01
7.480000e-01 4.328090e+00 2.257869e+00 2.616347e+00 1.056031e+01 1.135100e+04 1.533261e+04 2.23291 5.657121e-01
7.470000e-01 4.328090e+00 2.258754e+00 2.617251e+00 1.056623e+01 1.136836e+04 1.532306e+04 2.23515 5.666999e-01
7.460000e-01 4.328090e+00 2.259639e+00 2.618157e+00 1.057217e+01 1.138566e+04 1.531348e+04 2.23738 5.676853e-01
7.450000e-01 4.328090e+00 2.260524e+00 2.619063e+00 1.057814e+01 1.140289e+04 1.530386e+04 2.23962 5.686679e-01
7.440000e-01 4.328090e+00 2.261410e+00 2.619970e+00 1.058414e+01 1.142005e+04 1.529418e+04 2.24187 5.696477e-01
7.430000e-01 4.328090e+00 2.262338e+00 2.620939e+00 1.059026e+01 1.143710e+04 1.528433e+04 2.24416 5.706131e-01
7.420000e-01 4.328090e+00 2.263227e+00 2.621852e+00 1.059631e+01 1.145412e+04 1.527458e+04 2.24641 5.715865e-01
7.410000e-01 4.328090e+00 2.264114e+00 2.622763e+00 1.060238e+01 1.147105e+04 1.526479e+04 2.24866 5.725558e-01
7.400000e-01 4.328090e+00 2.265000e+00 2.623674e+00 1.060848e+01 1.148788e+04 1.525497e+04 2.25091 5.735204e-01
7.390000e-01 4.328090e+00 2.265886e+00 2.624584e+00 1.061459e+01 1.150462e+04 1.524512e+04 2.25316 5.744811e-01
7.380000e-01 4.328090e+00 2.266773e+00 2.625497e+00 1.062073e+01 1.152130e+04 1.523522e+04 2.25542 5.754394e-01
7.370000e-01 4.328090e+00 2.267659e+00 2.626409e+00 1.062689e+01 1.153790e+04 1.522528e+04 2.25767 5.763936e-01
7.360000e-01 4.328090e+00 2.268544e+00 2.627320e+00 1.063308e+01 1.155440e+04 1.521531e+04 2.25993 5.773433e-01
7.350000e-01 4.328090e+00 2.269429e+00 2.628232e+00 1.063928e+01 1.157080e+04 1.520531e+04 2.26218 5.782883e-01
7.340000e-01 4.328090e+00 2.270312e+00 2.629141e+00 1.064550e+01 1.158708e+04 1.519528e+04 2.26443 5.792281e-01
7.330000e-01 4.328090e+00 2.271191e+00 2.630047e+00 1.065173e+01 1.160322e+04 1.518523e+04 2.26668 5.801612e-01
7.320000e-01 4.328090e+00 2.270904e+00 2.629577e+00 1.065432e+01 1.162493e+04 1.518224e+04 2.26747 5.815970e-01
7.310000e-01 4.328090e+00 2.272942e+00 2.631845e+00 1.066422e+01 1.163516e+04 1.516508e+04 2.27117 5.820138e-01
7.300000e-01 4.328090e+00 2.272639e+00 2.631360e+00 1.066683e+01 1.165678e+04 1.516207e+04 2.27194 5.834484e-01
7.290000e-01 4.328090e+00 2.274693e+00 2.633646e+00 1.067683e+01 1.166682e+04 1.514472e+04 2.27567 5.838528e-01
7.280000e-01 4.328090e+00 2.274376e+00 2.633147e+00 1.067946e+01 1.168836e+04 1.514169e+04 2.27642 5.852873e-01
7.270000e-01 4.328090e+00 2.276444e+00 2.635450e+00 1.068957e+01 1.169821e+04 1.512416e+04 2.28017 5.856791e-01
7.260000e-01 4.328090e+00 2.276111e+00 2.634935e+00 1.069220e+01 1.171964e+04 1.512112e+04 2.2809 5.871114e-01
7.250000e-01 4.328090e+00 2.278193e+00 2.637255e+00 1.070239e+01 1.172925e+04 1.510344e+04 2.28467 5.874892e-01
7.240000e-01 4.328090e+00 2.277838e+00 2.636715e+00 1.070502e+01 1.175055e+04 1.510040e+04 2.28536 5.889177e-01
7.230000e-01 4.328090e+00 2.279937e+00 2.639056e+00 1.071531e+01 1.175995e+04 1.508255e+04 2.28916 5.892829e-01
7.220000e-01 4.328090e+00 2.279566e+00 2.638500e+00 1.071795e+01 1.178115e+04 1.507950e+04 2.28984 5.907107e-01
7.210000e-01 4.328090e+00 2.281679e+00 2.640857e+00 1.072834e+01 1.179031e+04 1.506149e+04 2.29366 5.910619e-01
7.200000e-01 4.328090e+00 2.281287e+00 2.640278e+00 1.073098e+01 1.181138e+04 1.505843e+04 2.2943 5.924856e-01
7.190000e-01 4.328090e+00 2.283414e+00 2.642653e+00 1.074145e+01 1.182028e+04 1.504028e+04 2.29815 5.928212e-01
7.180000e-01 4.328090e+00 2.282992e+00 2.642037e+00 1.074407e+01 1.184116e+04 1.503724e+04 2.29873 5.942381e-01
7.170000e-01 4.328090e+00 2.285175e+00 2.644487e+00 1.075470e+01 1.184967e+04 1.501884e+04 2.30266 5.945437e-01
7.160000e-01 4.328090e+00 2.284706e+00 2.643812e+00 1.075727e+01 1.187042e+04 1.501587e+04 2.30317 5.959619e-01
7.150000e-01 4.328090e+00 2.286892e+00 2.646261e+00 1.076796e+01 1.187874e+04 1.499736e+04 2.30712 5.962615e-01
7.140000e-01 4.328090e+00 2.286406e+00 2.645568e+00 1.077054e+01 1.189941e+04 1.499437e+04 2.30762 5.976808e-01
7.130000e-01 4.328090e+00 2.288606e+00 2.648033e+00 1.078135e+01 1.190754e+04 1.497567e+04 2.31159 5.979669e-01
7.120000e-01 4.328090e+00 2.288105e+00 2.647327e+00 1.078394e+01 1.192812e+04 1.497267e+04 2.31206 5.993864e-01
7.110000e-01 4.328090e+00 2.290318e+00 2.649808e+00 1.079485e+01 1.193602e+04 1.495379e+04 2.31605 5.996581e-01
7.100000e-01 4.328090e+00 2.289792e+00 2.649074e+00 1.079744e+01 1.195647e+04 1.495078e+04 2.31649 6.010746e-01
7.090000e-01 4.328090e+00 2.289673e+00 2.648677e+00 1.080080e+01 1.197478e+04 1.494618e+04 2.31816 6.024914e-01
7.080000e-01 4.328090e+00 2.292859e+00 2.652440e+00 1.081526e+01 1.197808e+04 1.492070e+04 2.32273 6.021682e-01
7.070000e-01 4.328090e+00 2.292308e+00 2.651682e+00 1.081787e+01 1.199837e+04 1.491765e+04 2.32312 6.035812e-01
7.060000e-01 4.328090e+00 2.292167e+00 2.651260e+00 1.082126e+01 1.201650e+04 1.491301e+04 2.32476 6.049941e-01
7.050000e-01 4.328090e+00 2.295438e+00 2.655137e+00 1.083605e+01 1.201928e+04 1.488702e+04 2.32944 6.046241e-01
7.040000e-01 4.328090e+00 2.294829e+00 2.654308e+00 1.083861e+01 1.203938e+04 1.488403e+04 2.32975 6.060371e-01
7.030000e-01 4.328090e+00 2.294643e+00 2.653832e+00 1.084197e+01 1.205725e+04 1.487941e+04 2.33131 6.074427e-01
7.020000e-01 4.328090e+00 2.297957e+00 2.657757e+00 1.085692e+01 1.205948e+04 1.485317e+04 2.33608 6.070424e-01
7.010000e-01 4.328090e+00 2.297303e+00 2.656875e+00 1.085947e+01 1.207933e+04 1.485020e+04 2.33631 6.084486e-01
7.000000e-01 4.328090e+00 2.297098e+00 2.656378e+00 1.086285e+01 1.209698e+04 1.484554e+04 2.33786 6.098500e-01
6.990000e-01 4.328090e+00 2.300456e+00 2.660358e+00 1.087805e+01 1.209883e+04 1.481892e+04 2.34269 6.094220e-01
6.980000e-01 4.328090e+00 2.299773e+00 2.659445e+00 1.088060e+01 1.211856e+04 1.481592e+04 2.34289 6.108303e-01
6.970000e-01 4.328090e+00 2.299539e+00 2.658915e+00 1.088401e+01 1.213606e+04 1.481122e+04 2.3444 6.122312e-01
6.960000e-01 4.328090e+00 2.302944e+00 2.662954e+00 1.089946e+01 1.213749e+04 1.478417e+04 2.3493 6.117689e-01
6.950000e-01 4.328090e+00 2.302221e+00 2.661997e+00 1.090202e+01 1.215704e+04 1.478116e+04 2.34943 6.131744e-01
6.940000e-01 4.328090e+00 2.301955e+00 2.661431e+00 1.090544e+01 1.217434e+04 1.477642e+04 2.3509 6.145713e-01
6.930000e-01 4.328090e+00 2.305413e+00 2.665534e+00 1.092114e+01 1.217533e+04 1.474896e+04 2.35587 6.140760e-01
6.920000e-01 4.328090e+00 2.304652e+00 2.664537e+00 1.092370e+01 1.219473e+04 1.474593e+04 2.35595 6.154811e-01
6.910000e-01 4.328090e+00 2.304352e+00 2.663931e+00 1.092713e+01 1.221185e+04 1.474116e+04 2.35736 6.168746e-01
6.900000e-01 4.328090e+00 2.307860e+00 2.668095e+00 1.094308e+01 1.221235e+04 1.471329e+04 2.36241 6.163420e-01
6.890000e-01 4.328090e+00 2.307049e+00 2.667041e+00 1.094562e+01 1.223152e+04 1.471026e+04 2.36239 6.177410e-01
6.880000e-01 4.328090e+00 2.306705e+00 2.666381e+00 1.094904e+01 1.224837e+04 1.470547e+04 2.36372 6.191248e-01
6.870000e-01 4.328090e+00 2.310305e+00 2.670663e+00 1.096528e+01 1.224826e+04 1.467714e+04 2.3689 6.185422e-01
6.860000e-01 4.328090e+00 2.309430e+00 2.669530e+00 1.096777e+01 1.226725e+04 1.467416e+04 2.36879 6.199433e-01
6.850000e-01 4.328090e+00 2.309054e+00 2.668831e+00 1.097119e+01 1.228392e+04 1.466935e+04 2.37009 6.213274e-01
6.840000e-01 4.328090e+00 2.312691e+00 2.673157e+00 1.098769e+01 1.228343e+04 1.464059e+04 2.37531 6.207150e-01
6.830000e-01 4.328090e+00 2.311777e+00 2.671982e+00 1.099018e+01 1.230230e+04 1.463758e+04 2.37515 6.221181e-01
6.820000e-01 4.328090e+00 2.311364e+00 2.671240e+00 1.099361e+01 1.231882e+04 1.463272e+04 2.37639 6.235012e-01
6.810000e-01 4.328090e+00 2.315053e+00 2.675630e+00 1.101040e+01 1.231785e+04 1.460348e+04 2.38167 6.228485e-01
6.800000e-01 4.328090e+00 2.314091e+00 2.674400e+00 1.101288e+01 1.233654e+04 1.460046e+04 2.38143 6.242498e-01
6.790000e-01 4.328090e+00 2.313643e+00 2.673619e+00 1.101632e+01 1.235288e+04 1.459555e+04 2.38262 6.256301e-01
6.780000e-01 4.328090e+00 2.317387e+00 2.678077e+00 1.103340e+01 1.235145e+04 1.456583e+04 2.38797 6.249392e-01
6.770000e-01 4.328090e+00 2.316379e+00 2.676797e+00 1.103587e+01 1.237000e+04 1.456279e+04 2.38766 6.263404e-01
6.760000e-01 4.328090e+00 2.315890e+00 2.675969e+00 1.103932e+01 1.238613e+04 1.455784e+04 2.38878 6.277163e-01
6.750000e-01 4.328090e+00 2.319689e+00 2.680494e+00 1.105666e+01 1.238417e+04 1.452770e+04 2.39421 6.269840e-01
6.740000e-01 4.328090e+00 2.318623e+00 2.679146e+00 1.105911e+01 1.240247e+04 1.452467e+04 2.39379 6.283789e-01
6.730000e-01 4.328090e+00 2.318090e+00 2.678264e+00 1.106255e+01 1.241832e+04 1.451971e+04 2.39483 6.297453e-01
6.720000e-01 4.328090e+00 2.321983e+00 2.682913e+00 1.108022e+01 1.241576e+04 1.448908e+04 2.4004 6.289634e-01
6.710000e-01 4.328090e+00 2.320855e+00 2.681490e+00 1.108263e+01 1.243392e+04 1.448608e+04 2.39989 6.303642e-01
6.700000e-01 4.328090e+00 2.320284e+00 2.680564e+00 1.108607e+01 1.244963e+04 1.448109e+04 2.40089 6.317342e-01
6.690000e-01 4.328090e+00 2.324216e+00 2.685259e+00 1.110405e+01 1.244665e+04 1.444996e+04 2.40649 6.309155e-01
6.680000e-01 4.328090e+00 2.323040e+00 2.683783e+00 1.110645e+01 1.246467e+04 1.444694e+04 2.40592 6.323182e-01
6.670000e-01 4.328090e+00 2.322425e+00 2.682806e+00 1.110991e+01 1.248021e+04 1.444189e+04 2.40685 6.336862e-01
6.660000e-01 4.328090e+00 2.326413e+00 2.687571e+00 1.112820e+01 1.247670e+04 1.441026e+04 2.41251 6.328222e-01
6.650000e-01 4.328090e+00 2.325182e+00 2.686032e+00 1.113058e+01 1.249457e+04 1.440720e+04 2.41184 6.342251e-01
6.640000e-01 4.328090e+00 2.327882e+00 2.689126e+00 1.114454e+01 1.249624e+04 1.438333e+04 2.41649 6.340584e-01
6.630000e-01 4.328090e+00 2.326604e+00 2.687533e+00 1.114689e+01 1.251401e+04 1.438030e+04 2.41575 6.354646e-01
6.620000e-01 4.328090e+00 2.329309e+00 2.690631e+00 1.116095e+01 1.251542e+04 1.435625e+04 2.4204 6.352810e-01
6.610000e-01 4.328090e+00 2.327988e+00 2.688987e+00 1.116328e+01 1.253305e+04 1.435323e+04 2.41959 6.366849e-01
6.600000e-01 4.328090e+00 2.330712e+00 2.692108e+00 1.117746e+01 1.253413e+04 1.432898e+04 2.42426 6.364780e-01
6.590000e-01 4.328090e+00 2.329345e+00 2.690409e+00 1.117976e+01 1.255159e+04 1.432596e+04 2.42336 6.378769e-01
6.580000e-01 4.328090e+00 2.332092e+00 2.693558e+00 1.119408e+01 1.255238e+04 1.430150e+04 2.42806 6.376501e-01
6.570000e-01 4.328090e+00 2.330690e+00 2.691820e+00 1.119638e+01 1.256976e+04 1.429846e+04 2.42712 6.390522e-01
6.560000e-01 4.328090e+00 2.333455e+00 2.694993e+00 1.121087e+01 1.257029e+04 1.427371e+04 2.43183 6.388039e-01
6.550000e-01 4.328090e+00 2.332017e+00 2.693215e+00 1.121317e+01 1.258759e+04 1.427064e+04 2.43083 6.402087e-01
6.540000e-01 4.328090e+00 2.334800e+00 2.696412e+00 1.122784e+01 1.258784e+04 1.424561e+04 2.43556 6.399375e-01
6.530000e-01 4.328090e+00 2.333325e+00 2.694593e+00 1.123013e+01 1.260502e+04 1.424253e+04 2.4345 6.413419e-01
6.520000e-01 4.328090e+00 2.336126e+00 2.697811e+00 1.124496e+01 1.260498e+04 1.421725e+04 2.43924 6.410486e-01
6.510000e-01 4.328090e+00 2.334612e+00 2.695948e+00 1.124724e+01 1.262207e+04 1.421415e+04 2.43812 6.424552e-01
6.500000e-01 4.328090e+00 2.337433e+00 2.699196e+00 1.126225e+01 1.262175e+04 1.418859e+04 2.44287 6.421393e-01
6.490000e-01 4.328090e+00 2.335876e+00 2.697283e+00 1.126452e+01 1.263873e+04 1.418548e+04 2.44168 6.435463e-01
6.480000e-01 4.328090e+00 2.338749e+00 2.700601e+00 1.127977e+01 1.263803e+04 1.415954e+04 2.44648 6.431936e-01
6.470000e-01 4.328090e+00 2.337134e+00 2.698618e+00 1.128199e+01 1.265489e+04 1.415648e+04 2.4452 6.446031e-01
6.460000e-01 4.328090e+00 2.340008e+00 2.701933e+00 1.129732e+01 1.265388e+04 1.413042e+04 2.45 6.442327e-01
6.450000e-01 4.328090e+00 2.338344e+00 2.699890e+00 1.129950e+01 1.267057e+04 1.412737e+04 2.44863 6.456388e-01
6.440000e-01 4.328090e+00 2.341240e+00 2.703235e+00 1.131500e+01 1.266928e+04 1.410106e+04 2.45346 6.452467e-01
6.430000e-01 4.328090e+00 2.339534e+00 2.701144e+00 1.131718e+01 1.268590e+04 1.409798e+04 2.45202 6.466568e-01
6.420000e-01 4.328090e+00 2.342449e+00 2.704514e+00 1.133287e+01 1.268433e+04 1.407134e+04 2.45685 6.462395e-01
6.410000e-01 4.328090e+00 2.343051e+00 2.705151e+00 1.134191e+01 1.269168e+04 1.405630e+04 2.45853 6.467234e-01
6.400000e-01 4.328090e+00 2.343641e+00 2.705777e+00 1.135096e+01 1.269895e+04 1.404122e+04 2.46019 6.472041e-01
6.390000e-01 4.328090e+00 2.344224e+00 2.706395e+00 1.136005e+01 1.270613e+04 1.402608e+04 2.46183 6.476785e-01
6.380000e-01 4.328090e+00 2.344800e+00 2.707005e+00 1.136919e+01 1.271319e+04 1.401085e+04 2.46345 6.481470e-01
6.370000e-01 4.328090e+00 2.345370e+00 2.707611e+00 1.137837e+01 1.272017e+04 1.399553e+04 2.46505 6.486098e-01
6.360000e-01 4.328090e+00 2.345934e+00 2.708210e+00 1.138760e+01 1.272704e+04 1.398014e+04 2.46664 6.490662e-01
6.350000e-01 4.328090e+00 2.346491e+00 2.708802e+00 1.139687e+01 1.273379e+04 1.396468e+04 2.46821 6.495161e-01
6.340000e-01 4.328090e+00 2.347041e+00 2.709386e+00 1.140617e+01 1.274044e+04 1.394916e+04 2.46976 6.499590e-01
6.330000e-01 4.328090e+00 2.347582e+00 2.709961e+00 1.141550e+01 1.274695e+04 1.393359e+04 2.4713 6.503944e-01
6.320000e-01 4.328090e+00 2.348146e+00 2.710570e+00 1.142494e+01 1.275326e+04 1.391785e+04 2.47284 6.508097e-01
6.310000e-01 4.328090e+00 2.348672e+00 2.711128e+00 1.143434e+01 1.275954e+04 1.390214e+04 2.47433 6.512310e-01
6.300000e-01 4.328090e+00 2.349190e+00 2.711676e+00 1.144380e+01 1.276572e+04 1.388634e+04 2.4758 6.516466e-01
6.290000e-01 4.328090e+00 2.349701e+00 2.712217e+00 1.145331e+01 1.277181e+04 1.387043e+04 2.47725 6.520558e-01
6.280000e-01 4.328090e+00 2.350204e+00 2.712751e+00 1.146287e+01 1.277781e+04 1.385443e+04 2.47868 6.524583e-01
6.270000e-01 4.328090e+00 2.350699e+00 2.713275e+00 1.147248e+01 1.278369e+04 1.383833e+04 2.48008 6.528536e-01
6.260000e-01 4.328090e+00 2.351186e+00 2.713792e+00 1.148214e+01 1.278946e+04 1.382215e+04 2.48147 6.532415e-01
6.250000e-01 4.328090e+00 2.351665e+00 2.714300e+00 1.149184e+01 1.279513e+04 1.380589e+04 2.48283 6.536229e-01
6.240000e-01 4.328090e+00 2.352136e+00 2.714801e+00 1.150160e+01 1.280070e+04 1.378953e+04 2.48417 6.539980e-01
6.230000e-01 4.328090e+00 2.352601e+00 2.715295e+00 1.151141e+01 1.280616e+04 1.377309e+04 2.48549 6.543665e-01
6.220000e-01 4.328090e+00 2.353058e+00 2.715782e+00 1.152127e+01 1.281150e+04 1.375657e+04 2.48679 6.547284e-01
6.210000e-01 4.328090e+00 2.353507e+00 2.716261e+00 1.153117e+01 1.281673e+04 1.373998e+04 2.48807 6.550832e-01
6.200000e-01 4.328090e+00 2.353948e+00 2.716732e+00 1.154110e+01 1.282184e+04 1.372335e+04 2.48933 6.554305e-01
6.190000e-01 4.328090e+00 2.354379e+00 2.717189e+00 1.155106e+01 1.282680e+04 1.370666e+04 2.49057 6.557698e-01
6.180000e-01 4.328090e+00 2.354801e+00 2.717636e+00 1.156106e+01 1.283165e+04 1.368990e+04 2.49178 6.561018e-01
6.170000e-01 4.328090e+00 2.355243e+00 2.718116e+00 1.157121e+01 1.283634e+04 1.367290e+04 2.49299 6.564150e-01
6.160000e-01 4.328090e+00 2.355648e+00 2.718546e+00 1.158134e+01 1.284098e+04 1.365592e+04 2.49416 6.567326e-01
6.150000e-01 4.328090e+00 2.356044e+00 2.718968e+00 1.159153e+01 1.284553e+04 1.363883e+04 2.4953 6.570440e-01
6.140000e-01 4.328090e+00 2.356432e+00 2.719380e+00 1.160178e+01 1.284996e+04 1.362165e+04 2.49641 6.573481e-01
6.130000e-01 4.328090e+00 2.356812e+00 2.719785e+00 1.161208e+01 1.285428e+04 1.360438e+04 2.49751 6.576452e-01
6.120000e-01 4.328090e+00 2.357183e+00 2.720181e+00 1.162243e+01 1.285849e+04 1.358704e+04 2.49857 6.579351e-01
6.110000e-01 4.328090e+00 2.357544e+00 2.720566e+00 1.163284e+01 1.286259e+04 1.356958e+04 2.49962 6.582177e-01
6.100000e-01 4.328090e+00 2.357896e+00 2.720943e+00 1.164331e+01 1.286658e+04 1.355203e+04 2.50063 6.584928e-01
6.090000e-01 4.328090e+00 2.358238e+00 2.721308e+00 1.165383e+01 1.287046e+04 1.353438e+04 2.50162 6.587594e-01
6.080000e-01 4.328090e+00 2.358569e+00 2.721661e+00 1.166440e+01 1.287422e+04 1.351665e+04 2.50257 6.590173e-01
6.070000e-01 4.328090e+00 2.358889e+00 2.722002e+00 1.167500e+01 1.287785e+04 1.349885e+04 2.50349 6.592666e-01
6.060000e-01 4.328090e+00 2.359198e+00 2.722329e+00 1.168564e+01 1.288134e+04 1.348099e+04 2.50438 6.595072e-01
6.050000e-01 4.328090e+00 2.359497e+00 2.722645e+00 1.169632e+01 1.288471e+04 1.346307e+04 2.50524 6.597398e-01
6.040000e-01 4.328090e+00 2.359813e+00 2.722991e+00 1.170715e+01 1.288791e+04 1.344490e+04 2.5061 6.599536e-01
6.030000e-01 4.328090e+00 2.360094e+00 2.723288e+00 1.171798e+01 1.289106e+04 1.342674e+04 2.50691 6.601715e-01
6.020000e-01 4.328090e+00 2.360366e+00 2.723578e+00 1.172887e+01 1.289411e+04 1.340848e+04 2.5077 6.603829e-01
6.010000e-01 4.328090e+00 2.360627e+00 2.723855e+00 1.173983e+01 1.289704e+04 1.339011e+04 2.50846 6.605864e-01
6.000000e-01 4.328090e+00 2.360879e+00 2.724124e+00 1.175084e+01 1.289985e+04 1.337166e+04 2.50919 6.607818e-01
5.990000e-01 4.328090e+00 2.361121e+00 2.724383e+00 1.176192e+01 1.290255e+04 1.335312e+04 2.50989 6.609696e-01
5.980000e-01 4.328090e+00 2.361353e+00 2.724629e+00 1.177307e+01 1.290512e+04 1.333446e+04 2.51057 6.611496e-01
5.970000e-01 4.328090e+00 2.361575e+00 2.724868e+00 1.178428e+01 1.290759e+04 1.331570e+04 2.51121 6.613217e-01
5.960000e-01 4.328090e+00 2.361787e+00 2.725096e+00 1.179555e+01 1.290994e+04 1.329685e+04 2.51183 6.614861e-01
5.950000e-01 4.328090e+00 2.361989e+00 2.725314e+00 1.180688e+01 1.291216e+04 1.327793e+04 2.51242 6.616422e-01
5.940000e-01 4.328090e+00 2.362179e+00 2.725517e+00 1.181824e+01 1.291426e+04 1.325894e+04 2.51298 6.617891e-01
5.930000e-01 4.328090e+00 2.362357e+00 2.725705e+00 1.182965e+01 1.291621e+04 1.323989e+04 2.5135 6.619266e-01
5.920000e-01 4.328090e+00 2.362522e+00 2.725879e+00 1.184111e+01 1.291805e+04 1.322075e+04 2.51398 6.620555e-01
5.910000e-01 4.328090e+00 2.362675e+00 2.726039e+00 1.185265e+01 1.291977e+04 1.320147e+04 2.51443 6.621758e-01
5.900000e-01 4.328090e+00 2.362844e+00 2.726227e+00 1.186434e+01 1.292130e+04 1.318196e+04 2.51487 6.622754e-01
5.890000e-01 4.328090e+00 2.362976e+00 2.726367e+00 1.187604e+01 1.292280e+04 1.316244e+04 2.51525 6.623780e-01
5.880000e-01 4.328090e+00 2.363096e+00 2.726493e+00 1.188781e+01 1.292416e+04 1.314282e+04 2.5156 6.624726e-01
5.870000e-01 4.328090e+00 2.363206e+00 2.726610e+00 1.189964e+01 1.292541e+04 1.312311e+04 2.51592 6.625593e-01
5.860000e-01 4.328090e+00 2.363307e+00 2.726718e+00 1.191154e+01 1.292653e+04 1.310330e+04 2.51621 6.626383e-01
5.850000e-01 4.328090e+00 2.363396e+00 2.726813e+00 1.192353e+01 1.292754e+04 1.308338e+04 2.51648 6.627090e-01
5.840000e-01 4.328090e+00 2.363475e+00 2.726899e+00 1.193559e+01 1.292842e+04 1.306336e+04 2.51671 6.627715e-01
5.830000e-01 4.328090e+00 2.363544e+00 2.726974e+00 1.194771e+01 1.292918e+04 1.304325e+04 2.51692 6.628261e-01
5.820000e-01 4.328090e+00 2.363602e+00 2.727038e+00 1.195989e+01 1.292982e+04 1.302307e+04 2.51709 6.628722e-01
5.810000e-01 4.328090e+00 2.363648e+00 2.727088e+00 1.197212e+01 1.293032e+04 1.300283e+04 2.51723 6.629090e-01
5.800000e-01 4.328090e+00 2.363682e+00 2.727122e+00 1.198439e+01 1.293069e+04 1.298254e+04 2.51734 6.629364e-01
5.790000e-01 4.328090e+00 2.363701e+00 2.727140e+00 1.199674e+01 1.293094e+04 1.296211e+04 2.5174 6.629544e-01
5.780000e-01 4.328090e+00 2.363707e+00 2.727143e+00 1.200918e+01 1.293106e+04 1.294156e+04 2.51742 6.629631e-01
5.770000e-01 4.328090e+00 2.363727e+00 2.727171e+00 1.202178e+01 1.293099e+04 1.292076e+04 2.51743 6.629505e-01
5.775310e-01 4.328090e+00 2.364122e+00 2.727715e+00 1.201658e+01 1.292959e+04 1.292952e+04 2.5177 6.627286e-01
