1.000000e+00 5.260870e-01 7.921661e-01 8.310994e-01 1.270043e+01 0.000000e+00 7.159156e+03 0 0.000000e+00
9.990000e-01 5.260870e-01 7.924591e-01 8.314322e-01 1.270590e+01 2.705505e+02 7.151595e+03 0.711471 3.487700e-02
9.980000e-01 5.260870e-01 7.927483e-01 8.317483e-01 1.271143e+01 3.952257e+02 7.146932e+03 0.7199 5.151504e-02
9.970000e-01 5.260870e-01 7.932323e-01 8.322542e-01 1.271939e+01 4.686075e+02 7.140818e+03 0.713854 6.049297e-02
9.960000e-01 5.260870e-01 7.935262e-01 8.325760e-01 1.272494e+01 5.509552e+02 7.137134e+03 0.718158 7.149920e-02
9.950000e-01 5.260870e-01 7.940152e-01 8.330880e-01 1.273291e+01 6.061767e+02 7.131585e+03 0.715908 7.832245e-02
9.940000e-01 5.260870e-01 7.943152e-01 8.334168e-01 1.273849e+01 6.720297e+02 7.128284e+03 0.718994 8.713949e-02
9.930000e-01 5.260870e-01 7.948104e-01 8.339360e-01 1.274650e+01 7.181631e+02 7.123000e+03 0.717906 9.286476e-02
9.920000e-01 5.260870e-01 7.951154e-01 8.342707e-01 1.275211e+01 7.746375e+02 7.119915e+03 0.720417 1.004406e-01
9.910000e-01 5.260870e-01 7.956149e-01 8.347949e-01 1.276014e+01 8.150020e+02 7.114797e+03 0.719895 1.054652e-01
9.900000e-01 5.260870e-01 7.959222e-01 8.351323e-01 1.276577e+01 8.651617e+02 7.111856e+03 0.722065 1.122069e-01
9.890000e-01 5.260870e-01 7.964253e-01 8.356607e-01 1.277383e+01 9.014451e+02 7.106852e+03 0.721888 1.167364e-01
9.880000e-01 5.260870e-01 7.967350e-01 8.360009e-01 1.277948e+01 9.470480e+02 7.104013e+03 0.723839 1.228778e-01
9.870000e-01 5.260870e-01 7.972419e-01 8.365335e-01 1.278757e+01 9.803187e+02 7.099084e+03 0.723888 1.270416e-01
9.860000e-01 5.260870e-01 7.975540e-01 8.368766e-01 1.279325e+01 1.022433e+03 7.096321e+03 0.725688 1.327248e-01
9.850000e-01 5.260870e-01 7.980639e-01 8.374126e-01 1.280137e+01 1.053299e+03 7.091447e+03 0.725898 1.365964e-01
9.840000e-01 5.260870e-01 7.983765e-01 8.377562e-01 1.280707e+01 1.092567e+03 7.088743e+03 0.72758 1.419060e-01
9.830000e-01 5.260870e-01 7.988865e-01 8.382922e-01 1.281521e+01 1.121302e+03 7.083918e+03 0.727914 1.455190e-01
9.820000e-01 5.260870e-01 7.991977e-01 8.386342e-01 1.282092e+01 1.158188e+03 7.081263e+03 0.729503 1.505169e-01
9.810000e-01 5.260870e-01 7.997069e-01 8.391691e-01 1.282909e+01 1.185101e+03 7.076476e+03 0.729935 1.539094e-01
9.800000e-01 5.260870e-01 8.000155e-01 8.395082e-01 1.283481e+01 1.219965e+03 7.073860e+03 0.731449 1.586434e-01
9.790000e-01 5.260870e-01 8.005232e-01 8.400411e-01 1.284299e+01 1.245294e+03 7.069103e+03 0.73196 1.618447e-01
9.780000e-01 5.260870e-01 8.008292e-01 8.403771e-01 1.284873e+01 1.278439e+03 7.066518e+03 0.733413 1.663551e-01
9.770000e-01 5.260870e-01 8.013366e-01 8.409094e-01 1.285695e+01 1.302463e+03 7.061778e+03 0.73399 1.693998e-01
9.760000e-01 5.260870e-01 8.016421e-01 8.412448e-01 1.286271e+01 1.334178e+03 7.059217e+03 0.735398 1.737252e-01
9.750000e-01 5.260870e-01 8.021524e-01 8.417801e-01 1.287098e+01 1.357218e+03 7.054478e+03 0.736031 1.766521e-01
9.740000e-01 5.260870e-01 8.024594e-01 8.421172e-01 1.287677e+01 1.387714e+03 7.051936e+03 0.737406 1.808204e-01
9.730000e-01 5.260870e-01 8.029735e-01 8.426567e-01 1.288511e+01 1.409926e+03 7.047193e+03 0.738084 1.836482e-01
9.720000e-01 5.260870e-01 8.032826e-01 8.429961e-01 1.289093e+01 1.439335e+03 7.044667e+03 0.739431 1.876765e-01
9.710000e-01 5.260870e-01 8.038008e-01 8.435400e-01 1.289932e+01 1.460806e+03 7.039921e+03 0.740149 1.904154e-01
9.700000e-01 5.260870e-01 8.041115e-01 8.438813e-01 1.290517e+01 1.489221e+03 7.037410e+03 0.741471 1.943157e-01
9.690000e-01 5.260870e-01 8.046330e-01 8.444287e-01 1.291360e+01 1.509985e+03 7.032664e+03 0.742225 1.969698e-01
9.680000e-01 5.260870e-01 8.049453e-01 8.447719e-01 1.291947e+01 1.537498e+03 7.030166e+03 0.743525 2.007542e-01
9.670000e-01 5.260870e-01 8.054704e-01 8.453233e-01 1.292795e+01 1.557634e+03 7.025419e+03 0.744312 2.033334e-01
9.660000e-01 5.260870e-01 8.057846e-01 8.456687e-01 1.293385e+01 1.584334e+03 7.022931e+03 0.745594 2.070134e-01
9.650000e-01 5.260870e-01 8.063135e-01 8.462243e-01 1.294237e+01 1.603906e+03 7.018180e+03 0.746411 2.095253e-01
9.640000e-01 5.260870e-01 8.066293e-01 8.465715e-01 1.294830e+01 1.629852e+03 7.015702e+03 0.747677 2.131089e-01
9.630000e-01 5.260870e-01 8.071606e-01 8.471295e-01 1.295686e+01 1.648841e+03 7.010950e+03 0.74852 2.155508e-01
9.620000e-01 5.260870e-01 8.074762e-01 8.474766e-01 1.296281e+01 1.674058e+03 7.008482e+03 0.749769 2.190412e-01
9.610000e-01 5.260870e-01 8.080085e-01 8.480357e-01 1.297139e+01 1.692450e+03 7.003732e+03 0.750637 2.214120e-01
9.600000e-01 5.260870e-01 8.083232e-01 8.483816e-01 1.297736e+01 1.716981e+03 7.001272e+03 0.75187 2.248150e-01
9.590000e-01 5.260870e-01 8.088555e-01 8.489406e-01 1.298596e+01 1.734787e+03 6.996526e+03 0.75276 2.271161e-01
9.580000e-01 5.260870e-01 8.091686e-01 8.492848e-01 1.299194e+01 1.758676e+03 6.994072e+03 0.753977 2.304376e-01
9.570000e-01 5.260870e-01 8.097013e-01 8.498439e-01 1.300058e+01 1.775947e+03 6.989326e+03 0.754889 2.326756e-01
9.560000e-01 5.260870e-01 8.100138e-01 8.501874e-01 1.300658e+01 1.799266e+03 6.986877e+03 0.756095 2.359252e-01
9.550000e-01 5.260870e-01 8.105488e-01 8.507489e-01 1.301526e+01 1.816117e+03 6.982119e+03 0.757029 2.381142e-01
9.540000e-01 5.260870e-01 8.108623e-01 8.510935e-01 1.302129e+01 1.838936e+03 6.979672e+03 0.758228 2.413012e-01
9.530000e-01 5.260870e-01 8.114006e-01 8.516586e-01 1.303003e+01 1.855436e+03 6.974897e+03 0.759181 2.434489e-01
9.520000e-01 5.260870e-01 8.117156e-01 8.520048e-01 1.303609e+01 1.877787e+03 6.972451e+03 0.760374 2.465774e-01
9.510000e-01 5.260870e-01 8.122574e-01 8.525736e-01 1.304488e+01 1.893957e+03 6.967659e+03 0.761346 2.486864e-01
9.500000e-01 5.260870e-01 8.125736e-01 8.529213e-01 1.305097e+01 1.915863e+03 6.965214e+03 0.762533 2.517589e-01
9.490000e-01 5.260870e-01 8.131184e-01 8.534934e-01 1.305981e+01 1.931703e+03 6.960410e+03 0.763521 2.538290e-01
9.480000e-01 5.260870e-01 8.134357e-01 8.538423e-01 1.306593e+01 1.953184e+03 6.957966e+03 0.764704 2.568486e-01
9.470000e-01 5.260870e-01 8.139839e-01 8.544180e-01 1.307482e+01 1.968721e+03 6.953148e+03 0.765709 2.588830e-01
9.460000e-01 5.260870e-01 8.143027e-01 8.547686e-01 1.308096e+01 1.989808e+03 6.950704e+03 0.766887 2.618534e-01
9.450000e-01 5.260870e-01 8.148545e-01 8.553483e-01 1.308990e+01 2.005069e+03 6.945871e+03 0.767909 2.638554e-01
9.440000e-01 5.260870e-01 8.151748e-01 8.557007e-01 1.309607e+01 2.025782e+03 6.943426e+03 0.769084 2.667793e-01
9.430000e-01 5.260870e-01 8.157293e-01 8.562833e-01 1.310506e+01 2.040751e+03 6.938580e+03 0.77012 2.687470e-01
9.420000e-01 5.260870e-01 8.160498e-01 8.566358e-01 1.311125e+01 2.061086e+03 6.936135e+03 0.77129 2.716236e-01
9.410000e-01 5.260870e-01 8.166057e-01 8.572199e-01 1.312027e+01 2.075733e+03 6.931279e+03 0.772339 2.735533e-01
9.400000e-01 5.260870e-01 8.169254e-01 8.575715e-01 1.312649e+01 2.095695e+03 6.928834e+03 0.773503 2.763838e-01
9.390000e-01 5.260870e-01 8.174820e-01 8.581561e-01 1.313553e+01 2.110010e+03 6.923970e+03 0.774565 2.782745e-01
9.380000e-01 5.260870e-01 8.178004e-01 8.585063e-01 1.314177e+01 2.129613e+03 6.921524e+03 0.775723 2.810604e-01
9.370000e-01 5.260870e-01 8.183579e-01 8.590916e-01 1.315084e+01 2.143617e+03 6.916650e+03 0.776798 2.829151e-01
9.360000e-01 5.260870e-01 8.186757e-01 8.594412e-01 1.315710e+01 2.162895e+03 6.914202e+03 0.777951 2.856612e-01
9.350000e-01 5.260870e-01 8.192357e-01 8.600291e-01 1.316623e+01 2.176656e+03 6.909310e+03 0.779041 2.874880e-01
9.340000e-01 5.260870e-01 8.195545e-01 8.603797e-01 1.317251e+01 2.195648e+03 6.906858e+03 0.780193 2.901994e-01
9.330000e-01 5.260870e-01 8.201177e-01 8.609711e-01 1.318170e+01 2.209203e+03 6.901944e+03 0.781297 2.920024e-01
9.320000e-01 5.260870e-01 8.204376e-01 8.613230e-01 1.318802e+01 2.227922e+03 6.899487e+03 0.782448 2.946807e-01
9.310000e-01 5.260870e-01 8.210041e-01 8.619179e-01 1.319726e+01 2.241278e+03 6.894551e+03 0.783564 2.964606e-01
9.300000e-01 5.260870e-01 8.213250e-01 8.622709e-01 1.320360e+01 2.259729e+03 6.892089e+03 0.784715 2.991063e-01
9.290000e-01 5.260870e-01 8.218944e-01 8.628689e-01 1.321290e+01 2.272883e+03 6.887133e+03 0.785843 3.008627e-01
9.280000e-01 5.260870e-01 8.222161e-01 8.632229e-01 1.321927e+01 2.291075e+03 6.884667e+03 0.786993 3.034769e-01
9.270000e-01 5.260870e-01 8.227887e-01 8.638243e-01 1.322862e+01 2.304039e+03 6.879691e+03 0.788134 3.052113e-01
9.260000e-01 5.260870e-01 8.231117e-01 8.641798e-01 1.323502e+01 2.321989e+03 6.877221e+03 0.789284 3.077963e-01
9.250000e-01 5.260870e-01 8.236879e-01 8.647851e-01 1.324443e+01 2.334782e+03 6.872223e+03 0.790438 3.095108e-01
9.240000e-01 5.260870e-01 8.240121e-01 8.651420e-01 1.325086e+01 2.352499e+03 6.869748e+03 0.791588 3.120677e-01
9.230000e-01 5.260870e-01 8.245910e-01 8.657502e-01 1.326031e+01 2.365103e+03 6.864730e+03 0.792752 3.137601e-01
9.220000e-01 5.260870e-01 8.249152e-01 8.661070e-01 1.326677e+01 2.382577e+03 6.862250e+03 0.793901 3.162874e-01
9.210000e-01 5.260870e-01 8.254958e-01 8.667169e-01 1.327626e+01 2.394964e+03 6.857218e+03 0.795076 3.179546e-01
9.200000e-01 5.260870e-01 8.258193e-01 8.670730e-01 1.328274e+01 2.412191e+03 6.854734e+03 0.796222 3.204522e-01
9.190000e-01 5.260870e-01 8.264008e-01 8.676837e-01 1.329226e+01 2.424345e+03 6.849692e+03 0.797407 3.220923e-01
9.180000e-01 5.260870e-01 8.267232e-01 8.680386e-01 1.329876e+01 2.441331e+03 6.847205e+03 0.798551 3.245610e-01
9.170000e-01 5.260870e-01 8.273061e-01 8.686507e-01 1.330832e+01 2.453273e+03 6.842151e+03 0.799747 3.261769e-01
9.160000e-01 5.260870e-01 8.276284e-01 8.690056e-01 1.331485e+01 2.470045e+03 6.839659e+03 0.80089 3.286203e-01
9.150000e-01 5.260870e-01 8.282142e-01 8.696207e-01 1.332447e+01 2.481826e+03 6.834584e+03 0.802098 3.302179e-01
9.140000e-01 5.260870e-01 8.285375e-01 8.699767e-01 1.333102e+01 2.498408e+03 6.832086e+03 0.803243 3.326391e-01
9.130000e-01 5.260870e-01 8.291265e-01 8.705953e-01 1.334070e+01 2.510047e+03 6.826985e+03 0.804462 3.342204e-01
9.120000e-01 5.260870e-01 8.294507e-01 8.709523e-01 1.334729e+01 2.526442e+03 6.824480e+03 0.805608 3.366195e-01
9.110000e-01 5.260870e-01 8.300429e-01 8.715742e-01 1.335702e+01 2.537938e+03 6.819355e+03 0.806838 3.381845e-01
9.100000e-01 5.260870e-01 8.303678e-01 8.719321e-01 1.336364e+01 2.554149e+03 6.816843e+03 0.807985 3.405618e-01
9.090000e-01 5.260870e-01 8.309629e-01 8.725570e-01 1.337343e+01 2.565498e+03 6.811695e+03 0.809226 3.421098e-01
9.080000e-01 5.260870e-01 8.314329e-01 8.730592e-01 1.338172e+01 2.579116e+03 6.807825e+03 0.81044 3.440523e-01
9.070000e-01 5.260870e-01 8.317529e-01 8.734120e-01 1.338834e+01 2.595093e+03 6.805324e+03 0.811578 3.464030e-01
9.060000e-01 5.260870e-01 8.323505e-01 8.740397e-01 1.339820e+01 2.606260e+03 6.800148e+03 0.81283 3.479304e-01
9.050000e-01 5.260870e-01 8.328240e-01 8.745457e-01 1.340656e+01 2.619659e+03 6.796253e+03 0.814053 3.498473e-01
9.040000e-01 5.260870e-01 8.331452e-01 8.748999e-01 1.341324e+01 2.635385e+03 6.793741e+03 0.815194 3.521686e-01
9.030000e-01 5.260870e-01 8.337598e-01 8.755457e-01 1.342326e+01 2.646277e+03 6.788484e+03 0.816484 3.536619e-01
9.020000e-01 5.260870e-01 8.340781e-01 8.758968e-01 1.342994e+01 2.661842e+03 6.785977e+03 0.817619 3.559649e-01
9.010000e-01 5.260870e-01 8.346927e-01 8.765425e-01 1.344000e+01 2.672573e+03 6.780707e+03 0.818916 3.574397e-01
9.000000e-01 5.260870e-01 8.350099e-01 8.768924e-01 1.344669e+01 2.687957e+03 6.778194e+03 0.820049 3.597214e-01
8.990000e-01 5.260870e-01 8.356257e-01 8.775392e-01 1.345679e+01 2.698512e+03 6.772909e+03 0.821355 3.611760e-01
8.980000e-01 5.260870e-01 8.359421e-01 8.778882e-01 1.346351e+01 2.713724e+03 6.770391e+03 0.822488 3.634378e-01
8.970000e-01 5.260870e-01 8.365601e-01 8.785373e-01 1.347366e+01 2.724135e+03 6.765086e+03 0.823804 3.648761e-01
8.960000e-01 5.260870e-01 8.368768e-01 8.788867e-01 1.348041e+01 2.739199e+03 6.762559e+03 0.824938 3.671211e-01
8.950000e-01 5.260870e-01 8.374981e-01 8.795394e-01 1.349062e+01 2.749498e+03 6.757226e+03 0.826265 3.685466e-01
8.940000e-01 5.260870e-01 8.378156e-01 8.798897e-01 1.349740e+01 2.764421e+03 6.754692e+03 0.827403 3.707758e-01
8.930000e-01 5.260870e-01 8.384403e-01 8.805460e-01 1.350768e+01 2.774612e+03 6.749331e+03 0.82874 3.721890e-01
8.920000e-01 5.260870e-01 8.389089e-01 8.810467e-01 1.351621e+01 2.787099e+03 6.745386e+03 0.829975 3.740030e-01
8.910000e-01 5.260870e-01 8.393823e-01 8.815524e-01 1.352480e+01 2.799500e+03 6.741417e+03 0.83122 3.758062e-01
8.900000e-01 5.260870e-01 8.398565e-01 8.820591e-01 1.353341e+01 2.811836e+03 6.737438e+03 0.832468 3.776021e-01
8.890000e-01 5.260870e-01 8.403317e-01 8.825668e-01 1.354205e+01 2.824111e+03 6.733451e+03 0.833719 3.793910e-01
8.880000e-01 5.260870e-01 8.408079e-01 8.830757e-01 1.355071e+01 2.836330e+03 6.729454e+03 0.834973 3.811734e-01
8.870000e-01 5.260870e-01 8.412852e-01 8.835857e-01 1.355939e+01 2.848492e+03 6.725448e+03 0.83623 3.829494e-01
8.860000e-01 5.260870e-01 8.417635e-01 8.840969e-01 1.356810e+01 2.860598e+03 6.721432e+03 0.83749 3.847189e-01
8.850000e-01 5.260870e-01 8.422427e-01 8.846089e-01 1.357683e+01 2.872643e+03 6.717407e+03 0.838753 3.864814e-01
8.840000e-01 5.260870e-01 8.427224e-01 8.851216e-01 1.358558e+01 2.884622e+03 6.713374e+03 0.840019 3.882363e-01
8.830000e-01 5.260870e-01 8.432023e-01 8.856344e-01 1.359435e+01 2.896532e+03 6.709335e+03 0.841286 3.899831e-01
8.820000e-01 5.260870e-01 8.436823e-01 8.861474e-01 1.360313e+01 2.908369e+03 6.705289e+03 0.842556 3.917217e-01
8.810000e-01 5.260870e-01 8.441624e-01 8.866602e-01 1.361193e+01 2.920134e+03 6.701237e+03 0.843828 3.934521e-01
8.800000e-01 5.260870e-01 8.446425e-01 8.871732e-01 1.362075e+01 2.931830e+03 6.697178e+03 0.845101 3.951745e-01
8.790000e-01 5.260870e-01 8.451230e-01 8.876865e-01 1.362959e+01 2.943463e+03 6.693110e+03 0.846377 3.968899e-01
8.780000e-01 5.260870e-01 8.456042e-01 8.882006e-01 1.363845e+01 2.955042e+03 6.689034e+03 0.847656 3.985993e-01
8.770000e-01 5.260870e-01 8.460863e-01 8.887156e-01 1.364734e+01 2.966570e+03 6.684946e+03 0.848939 4.003030e-01
8.760000e-01 5.260870e-01 8.465695e-01 8.892318e-01 1.365626e+01 2.978049e+03 6.680848e+03 0.850224 4.020011e-01
8.750000e-01 5.260870e-01 8.470537e-01 8.897492e-01 1.366520e+01 2.989479e+03 6.676739e+03 0.851513 4.036939e-01
8.740000e-01 5.260870e-01 8.475389e-01 8.902676e-01 1.367417e+01 3.000858e+03 6.672621e+03 0.852805 4.053809e-01
8.730000e-01 5.260870e-01 8.480250e-01 8.907870e-01 1.368316e+01 3.012187e+03 6.668493e+03 0.854101 4.070623e-01
8.720000e-01 5.260870e-01 8.485119e-01 8.913072e-01 1.369218e+01 3.023463e+03 6.664354e+03 0.855399 4.087377e-01
8.710000e-01 5.260870e-01 8.489997e-01 8.918285e-01 1.370122e+01 3.034689e+03 6.660207e+03 0.8567 4.104074e-01
8.700000e-01 5.260870e-01 8.494883e-01 8.923506e-01 1.371029e+01 3.045863e+03 6.656050e+03 0.858005 4.120714e-01
8.690000e-01 5.260870e-01 8.499781e-01 8.928740e-01 1.371938e+01 3.056992e+03 6.651883e+03 0.859312 4.137303e-01
8.680000e-01 5.260870e-01 8.504688e-01 8.933985e-01 1.372850e+01 3.068074e+03 6.647705e+03 0.860624 4.153839e-01
8.670000e-01 5.260870e-01 8.509606e-01 8.939241e-01 1.373765e+01 3.079108e+03 6.643518e+03 0.861938 4.170320e-01
8.660000e-01 5.260870e-01 8.514529e-01 8.944503e-01 1.374682e+01 3.090088e+03 6.639323e+03 0.863255 4.186740e-01
8.650000e-01 5.260870e-01 8.519458e-01 8.949771e-01 1.375601e+01 3.101012e+03 6.635120e+03 0.864575 4.203097e-01
8.640000e-01 5.260870e-01 8.524389e-01 8.955041e-01 1.376521e+01 3.111874e+03 6.630911e+03 0.865897 4.219384e-01
8.630000e-01 5.260870e-01 8.529321e-01 8.960313e-01 1.377444e+01 3.122675e+03 6.626696e+03 0.867222 4.235603e-01
8.620000e-01 5.260870e-01 8.534253e-01 8.965584e-01 1.378368e+01 3.133416e+03 6.622473e+03 0.868548 4.251754e-01
8.610000e-01 5.260870e-01 8.539187e-01 8.970857e-01 1.379295e+01 3.144100e+03 6.618243e+03 0.869877 4.267842e-01
8.600000e-01 5.260870e-01 8.544128e-01 8.976136e-01 1.380224e+01 3.154735e+03 6.614004e+03 0.871209 4.283876e-01
8.590000e-01 5.260870e-01 8.549076e-01 8.981424e-01 1.381155e+01 3.165325e+03 6.609753e+03 0.872544 4.299862e-01
8.580000e-01 5.260870e-01 8.554034e-01 8.986723e-01 1.382090e+01 3.175875e+03 6.605492e+03 0.873882 4.315802e-01
8.570000e-01 5.260870e-01 8.559002e-01 8.992033e-01 1.383027e+01 3.186383e+03 6.601219e+03 0.875224 4.331696e-01
8.560000e-01 5.260870e-01 8.563981e-01 8.997354e-01 1.383967e+01 3.196850e+03 6.596935e+03 0.876569 4.347546e-01
8.550000e-01 5.260870e-01 8.568968e-01 9.002685e-01 1.384910e+01 3.207272e+03 6.592640e+03 0.877917 4.363346e-01
8.540000e-01 5.260870e-01 8.573964e-01 9.008025e-01 1.385855e+01 3.217651e+03 6.588335e+03 0.879269 4.379098e-01
8.530000e-01 5.260870e-01 8.578967e-01 9.013373e-01 1.386803e+01 3.227985e+03 6.584020e+03 0.880624 4.394799e-01
8.520000e-01 5.260870e-01 8.583979e-01 9.018731e-01 1.387754e+01 3.238276e+03 6.579696e+03 0.881982 4.410454e-01
8.510000e-01 5.260870e-01 8.589000e-01 9.024099e-01 1.388708e+01 3.248525e+03 6.575360e+03 0.883343 4.426063e-01
8.500000e-01 5.260870e-01 8.594032e-01 9.029479e-01 1.389664e+01 3.258737e+03 6.571012e+03 0.884707 4.441630e-01
8.490000e-01 5.260870e-01 8.599072e-01 9.034867e-01 1.390624e+01 3.268906e+03 6.566654e+03 0.886075 4.457149e-01
8.480000e-01 5.260870e-01 8.604119e-01 9.040264e-01 1.391585e+01 3.279032e+03 6.562285e+03 0.887446 4.472618e-01
8.470000e-01 5.260870e-01 8.609171e-01 9.045665e-01 1.392550e+01 3.289108e+03 6.557908e+03 0.888819 4.488032e-01
8.460000e-01 5.260870e-01 8.614224e-01 9.051068e-01 1.393516e+01 3.299134e+03 6.553521e+03 0.890194 4.503390e-01
8.450000e-01 5.260870e-01 8.619279e-01 9.056472e-01 1.394484e+01 3.309107e+03 6.549128e+03 0.891571 4.518687e-01
8.440000e-01 5.260870e-01 8.624334e-01 9.061876e-01 1.395455e+01 3.319027e+03 6.544726e+03 0.892951 4.533926e-01
8.430000e-01 5.260870e-01 8.629389e-01 9.067280e-01 1.396427e+01 3.328896e+03 6.540316e+03 0.894332 4.549109e-01
8.420000e-01 5.260870e-01 8.634449e-01 9.072689e-01 1.397402e+01 3.338722e+03 6.535895e+03 0.895717 4.564244e-01
8.410000e-01 5.260870e-01 8.639516e-01 9.078106e-01 1.398380e+01 3.348508e+03 6.531463e+03 0.897104 4.579337e-01
8.400000e-01 5.260870e-01 8.644594e-01 9.083534e-01 1.399361e+01 3.358260e+03 6.527018e+03 0.898495 4.594391e-01
8.390000e-01 5.260870e-01 8.649680e-01 9.088972e-01 1.400346e+01 3.367976e+03 6.522560e+03 0.899889 4.609406e-01
8.380000e-01 5.260870e-01 8.654776e-01 9.094419e-01 1.401333e+01 3.377656e+03 6.518090e+03 0.901286 4.624382e-01
8.370000e-01 5.260870e-01 8.659879e-01 9.099876e-01 1.402323e+01 3.387298e+03 6.513607e+03 0.902686 4.639316e-01
8.360000e-01 5.260870e-01 8.664990e-01 9.105341e-01 1.403317e+01 3.396903e+03 6.509112e+03 0.90409 4.654208e-01
8.350000e-01 5.260870e-01 8.670109e-01 9.110814e-01 1.404313e+01 3.406469e+03 6.504605e+03 0.905496 4.669058e-01
8.340000e-01 5.260870e-01 8.675234e-01 9.116294e-01 1.405312e+01 3.415998e+03 6.500085e+03 0.906905 4.683865e-01
8.330000e-01 5.260870e-01 8.680368e-01 9.121783e-01 1.406314e+01 3.425491e+03 6.495553e+03 0.908318 4.698633e-01
8.320000e-01 5.260870e-01 8.685510e-01 9.127282e-01 1.407320e+01 3.434949e+03 6.491008e+03 0.909733 4.713361e-01
8.310000e-01 5.260870e-01 8.690788e-01 9.132926e-01 1.408338e+01 3.444322e+03 6.486400e+03 0.911173 4.727957e-01
8.300000e-01 5.260870e-01 8.695818e-01 9.138305e-01 1.409340e+01 3.453752e+03 6.481879e+03 0.912572 4.742688e-01
8.290000e-01 5.260870e-01 8.701103e-01 9.143956e-01 1.410363e+01 3.463043e+03 6.477250e+03 0.914017 4.757191e-01
8.280000e-01 5.260870e-01 8.706266e-01 9.149477e-01 1.411379e+01 3.472337e+03 6.472658e+03 0.915442 4.771732e-01
8.270000e-01 5.260870e-01 8.711427e-01 9.154995e-01 1.412397e+01 3.481584e+03 6.468058e+03 0.916869 4.786222e-01
8.260000e-01 5.260870e-01 8.716587e-01 9.160513e-01 1.413418e+01 3.490786e+03 6.463448e+03 0.918298 4.800660e-01
8.250000e-01 5.260870e-01 8.721748e-01 9.166030e-01 1.414441e+01 3.499942e+03 6.458828e+03 0.919728 4.815049e-01
8.240000e-01 5.260870e-01 8.726915e-01 9.171554e-01 1.415468e+01 3.509063e+03 6.454195e+03 0.921162 4.829398e-01
8.230000e-01 5.260870e-01 8.732089e-01 9.177086e-01 1.416497e+01 3.518150e+03 6.449549e+03 0.922599 4.843710e-01
8.220000e-01 5.260870e-01 8.737272e-01 9.182628e-01 1.417530e+01 3.527204e+03 6.444889e+03 0.924039 4.857987e-01
8.210000e-01 5.260870e-01 8.742462e-01 9.188178e-01 1.418566e+01 3.536226e+03 6.440216e+03 0.925482 4.872228e-01
8.200000e-01 5.260870e-01 8.747661e-01 9.193737e-01 1.419606e+01 3.545214e+03 6.435529e+03 0.926928 4.886431e-01
8.190000e-01 5.260870e-01 8.752868e-01 9.199304e-01 1.420648e+01 3.554169e+03 6.430828e+03 0.928377 4.900597e-01
8.180000e-01 5.260870e-01 8.758080e-01 9.204878e-01 1.421694e+01 3.563088e+03 6.426114e+03 0.929829 4.914724e-01
8.170000e-01 5.260870e-01 8.763299e-01 9.210460e-01 1.422744e+01 3.571975e+03 6.421386e+03 0.931284 4.928814e-01
8.160000e-01 5.260870e-01 8.768525e-01 9.216048e-01 1.423796e+01 3.580828e+03 6.416644e+03 0.932741 4.942865e-01
8.150000e-01 5.260870e-01 8.773757e-01 9.221644e-01 1.424852e+01 3.589649e+03 6.411887e+03 0.934201 4.956880e-01
8.140000e-01 5.260870e-01 8.778995e-01 9.227245e-01 1.425911e+01 3.598437e+03 6.407115e+03 0.935663 4.970856e-01
8.130000e-01 5.260870e-01 8.784239e-01 9.232853e-01 1.426973e+01 3.607191e+03 6.402329e+03 0.937128 4.984793e-01
8.120000e-01 5.260870e-01 8.789485e-01 9.238463e-01 1.428038e+01 3.615908e+03 6.397531e+03 0.938595 4.998685e-01
8.110000e-01 5.260870e-01 8.794732e-01 9.244074e-01 1.429106e+01 3.624583e+03 6.392720e+03 0.940063 5.012532e-01
8.100000e-01 5.260870e-01 8.799980e-01 9.249687e-01 1.430177e+01 3.633219e+03 6.387898e+03 0.941533 5.026332e-01
8.090000e-01 5.260870e-01 8.805227e-01 9.255297e-01 1.431250e+01 3.641811e+03 6.383065e+03 0.943005 5.040083e-01
8.080000e-01 5.260870e-01 8.810474e-01 9.260907e-01 1.432326e+01 3.650363e+03 6.378220e+03 0.944479 5.053790e-01
8.070000e-01 5.260870e-01 8.815722e-01 9.266518e-01 1.433405e+01 3.658878e+03 6.373361e+03 0.945955 5.067457e-01
8.060000e-01 5.260870e-01 8.820977e-01 9.272137e-01 1.434488e+01 3.667363e+03 6.368488e+03 0.947434 5.081089e-01
8.050000e-01 5.260870e-01 8.826239e-01 9.277763e-01 1.435574e+01 3.675817e+03 6.363599e+03 0.948916 5.094686e-01
8.040000e-01 5.260870e-01 8.831508e-01 9.283397e-01 1.436664e+01 3.684242e+03 6.358694e+03 0.9504 5.108251e-01
8.030000e-01 5.260870e-01 8.836784e-01 9.289038e-01 1.437757e+01 3.692636e+03 6.353774e+03 0.951888 5.121781e-01
8.020000e-01 5.260870e-01 8.842067e-01 9.294688e-01 1.438854e+01 3.701001e+03 6.348838e+03 0.953378 5.135277e-01
8.010000e-01 5.260870e-01 8.847355e-01 9.300342e-01 1.439955e+01 3.709334e+03 6.343887e+03 0.95487 5.148737e-01
8.000000e-01 5.260870e-01 8.852647e-01 9.306002e-01 1.441059e+01 3.717634e+03 6.338921e+03 0.956365 5.162159e-01
7.990000e-01 5.260870e-01 8.857945e-01 9.311668e-01 1.442167e+01 3.725903e+03 6.333939e+03 0.957863 5.175545e-01
7.980000e-01 5.260870e-01 8.863249e-01 9.317339e-01 1.443278e+01 3.734141e+03 6.328942e+03 0.959363 5.188895e-01
7.970000e-01 5.260870e-01 8.868558e-01 9.323018e-01 1.444393e+01 3.742349e+03 6.323930e+03 0.960865 5.202210e-01
7.960000e-01 5.260870e-01 8.873871e-01 9.328700e-01 1.445511e+01 3.750523e+03 6.318902e+03 0.962369 5.215485e-01
7.950000e-01 5.260870e-01 8.879186e-01 9.334384e-01 1.446633e+01 3.758662e+03 6.313861e+03 0.963876 5.228719e-01
7.940000e-01 5.260870e-01 8.884502e-01 9.340070e-01 1.447757e+01 3.766765e+03 6.308807e+03 0.965384 5.241909e-01
7.930000e-01 5.260870e-01 8.889816e-01 9.345753e-01 1.448884e+01 3.774828e+03 6.303740e+03 0.966893 5.255055e-01
7.920000e-01 5.260870e-01 8.895129e-01 9.351434e-01 1.450015e+01 3.782851e+03 6.298661e+03 0.968404 5.268155e-01
7.910000e-01 5.260870e-01 8.900442e-01 9.357116e-01 1.451148e+01 3.790836e+03 6.293570e+03 0.969917 5.281213e-01
7.900000e-01 5.260870e-01 8.905756e-01 9.362798e-01 1.452284e+01 3.798787e+03 6.288465e+03 0.971432 5.294231e-01
7.890000e-01 5.260870e-01 8.911075e-01 9.368486e-01 1.453425e+01 3.806707e+03 6.283345e+03 0.972949 5.307216e-01
7.880000e-01 5.260870e-01 8.916401e-01 9.374182e-01 1.454569e+01 3.814597e+03 6.278209e+03 0.97447 5.320169e-01
7.870000e-01 5.260870e-01 8.921734e-01 9.379886e-01 1.455717e+01 3.822461e+03 6.273057e+03 0.975994 5.333091e-01
7.860000e-01 5.260870e-01 8.927071e-01 9.385594e-01 1.456870e+01 3.830295e+03 6.267887e+03 0.97752 5.345978e-01
7.850000e-01 5.260870e-01 8.932415e-01 9.391309e-01 1.458026e+01 3.838100e+03 6.262700e+03 0.979049 5.358832e-01
7.840000e-01 5.260870e-01 8.937762e-01 9.397029e-01 1.459186e+01 3.845876e+03 6.257497e+03 0.98058 5.371652e-01
7.830000e-01 5.260870e-01 8.943111e-01 9.402751e-01 1.460350e+01 3.853621e+03 6.252276e+03 0.982112 5.384435e-01
7.820000e-01 5.260870e-01 8.948467e-01 9.408480e-01 1.461518e+01 3.861336e+03 6.247039e+03 0.983648 5.397183e-01
7.810000e-01 5.260870e-01 8.953825e-01 9.414211e-01 1.462690e+01 3.869023e+03 6.241784e+03 0.985184 5.409895e-01
7.800000e-01 5.260870e-01 8.959183e-01 9.419942e-01 1.463866e+01 3.876677e+03 6.236510e+03 0.986723 5.422570e-01
7.790000e-01 5.260870e-01 8.964548e-01 9.425681e-01 1.465045e+01 3.884302e+03 6.231223e+03 0.988263 5.435208e-01
7.780000e-01 5.260870e-01 8.969911e-01 9.431418e-01 1.466228e+01 3.891891e+03 6.225920e+03 0.989805 5.447803e-01
7.770000e-01 5.260870e-01 8.975272e-01 9.437152e-01 1.467414e+01 3.899443e+03 6.220603e+03 0.991348 5.460355e-01
7.760000e-01 5.260870e-01 8.980632e-01 9.442886e-01 1.468604e+01 3.906958e+03 6.215273e+03 0.992893 5.472864e-01
7.750000e-01 5.260870e-01 8.985988e-01 9.448615e-01 1.469796e+01 3.914435e+03 6.209931e+03 0.994439 5.485329e-01
7.740000e-01 5.260870e-01 8.991343e-01 9.454343e-01 1.470992e+01 3.921877e+03 6.204573e+03 0.995986 5.497754e-01
7.730000e-01 5.260870e-01 8.996700e-01 9.460073e-01 1.472192e+01 3.929286e+03 6.199201e+03 0.997535 5.510142e-01
7.720000e-01 5.260870e-01 9.002060e-01 9.465806e-01 1.473396e+01 3.936667e+03 6.193811e+03 0.999087 5.522498e-01
7.710000e-01 5.260870e-01 9.007425e-01 9.471545e-01 1.474604e+01 3.944020e+03 6.188403e+03 1.00064 5.534821e-01
7.700000e-01 5.260870e-01 9.012794e-01 9.477289e-01 1.475817e+01 3.951345e+03 6.182976e+03 1.0022 5.547112e-01
7.690000e-01 5.260870e-01 9.018166e-01 9.483036e-01 1.477034e+01 3.958642e+03 6.177531e+03 1.00376 5.559369e-01
7.680000e-01 5.260870e-01 9.023544e-01 9.488790e-01 1.478256e+01 3.965913e+03 6.172067e+03 1.00532 5.571594e-01
7.670000e-01 5.260870e-01 9.028922e-01 9.494544e-01 1.479482e+01 3.973153e+03 6.166585e+03 1.00688 5.583782e-01
7.660000e-01 5.260870e-01 9.034302e-01 9.500300e-01 1.480712e+01 3.980363e+03 6.161084e+03 1.00844 5.595935e-01
7.650000e-01 5.260870e-01 9.039685e-01 9.506059e-01 1.481947e+01 3.987545e+03 6.155566e+03 1.01001 5.608051e-01
7.640000e-01 5.260870e-01 9.045069e-01 9.511820e-01 1.483185e+01 3.994698e+03 6.150028e+03 1.01158 5.620132e-01
7.630000e-01 5.260870e-01 9.050453e-01 9.517581e-01 1.484428e+01 4.001819e+03 6.144473e+03 1.01315 5.632174e-01
7.620000e-01 5.260870e-01 9.055838e-01 9.523343e-01 1.485675e+01 4.008909e+03 6.138901e+03 1.01472 5.644177e-01
7.610000e-01 5.260870e-01 9.061217e-01 9.529099e-01 1.486925e+01 4.015962e+03 6.133314e+03 1.01629 5.656135e-01
7.600000e-01 5.260870e-01 9.066594e-01 9.534852e-01 1.488179e+01 4.022980e+03 6.127712e+03 1.01786 5.668050e-01
7.590000e-01 5.260870e-01 9.071966e-01 9.540599e-01 1.489437e+01 4.029962e+03 6.122094e+03 1.01943 5.679921e-01
7.580000e-01 5.260870e-01 9.077452e-01 9.546469e-01 1.490708e+01 4.036873e+03 6.116405e+03 1.02102 5.691660e-01
7.570000e-01 5.260870e-01 9.082816e-01 9.552207e-01 1.491974e+01 4.043787e+03 6.110749e+03 1.02259 5.703446e-01
7.560000e-01 5.260870e-01 9.088179e-01 9.557944e-01 1.493244e+01 4.050676e+03 6.105073e+03 1.02417 5.715200e-01
7.550000e-01 5.260870e-01 9.093540e-01 9.563680e-01 1.494519e+01 4.057536e+03 6.099375e+03 1.02574 5.726918e-01
7.540000e-01 5.260870e-01 9.098903e-01 9.569417e-01 1.495799e+01 4.064370e+03 6.093655e+03 1.02732 5.738602e-01
7.530000e-01 5.260870e-01 9.104269e-01 9.575157e-01 1.497084e+01 4.071177e+03 6.087914e+03 1.02889 5.750252e-01
7.520000e-01 5.260870e-01 9.109634e-01 9.580897e-01 1.498374e+01 4.077956e+03 6.082152e+03 1.03047 5.761867e-01
7.510000e-01 5.260870e-01 9.114999e-01 9.586638e-01 1.499668e+01 4.084706e+03 6.076369e+03 1.03205 5.773445e-01
7.500000e-01 5.260870e-01 9.120365e-01 9.592379e-01 1.500967e+01 4.091428e+03 6.070567e+03 1.03363 5.784987e-01
7.490000e-01 5.260870e-01 9.125729e-01 9.598118e-01 1.502271e+01 4.098121e+03 6.064743e+03 1.03521 5.796490e-01
7.480000e-01 5.260870e-01 9.131093e-01 9.603857e-01 1.503580e+01 4.104785e+03 6.058899e+03 1.03679 5.807957e-01
7.470000e-01 5.260870e-01 9.136454e-01 9.609594e-01 1.504893e+01 4.111418e+03 6.053035e+03 1.03837 5.819384e-01
7.460000e-01 5.260870e-01 9.141812e-01 9.615327e-01 1.506211e+01 4.118019e+03 6.047153e+03 1.03996 5.830769e-01
7.450000e-01 5.260870e-01 9.147164e-01 9.621054e-01 1.507532e+01 4.124585e+03 6.041254e+03 1.04154 5.842108e-01
7.440000e-01 5.260870e-01 9.152509e-01 9.626773e-01 1.508858e+01 4.131116e+03 6.035337e+03 1.04312 5.853404e-01
7.430000e-01 5.260870e-01 9.157849e-01 9.632486e-01 1.510187e+01 4.137613e+03 6.029403e+03 1.0447 5.864656e-01
7.420000e-01 5.260870e-01 9.163181e-01 9.638191e-01 1.511521e+01 4.144075e+03 6.023451e+03 1.04628 5.875865e-01
7.410000e-01 5.260870e-01 9.168506e-01 9.643888e-01 1.512859e+01 4.150503e+03 6.017480e+03 1.04787 5.887031e-01
7.400000e-01 5.260870e-01 9.173831e-01 9.649586e-01 1.514202e+01 4.156906e+03 6.011486e+03 1.04945 5.898163e-01
7.390000e-01 5.260870e-01 9.179153e-01 9.655280e-01 1.515551e+01 4.163280e+03 6.005470e+03 1.05103 5.909257e-01
7.380000e-01 5.260870e-01 9.184473e-01 9.660972e-01 1.516905e+01 4.169626e+03 5.999429e+03 1.05261 5.920315e-01
7.370000e-01 5.260870e-01 9.189791e-01 9.666663e-01 1.518264e+01 4.175945e+03 5.993365e+03 1.0542 5.931336e-01
7.360000e-01 5.260870e-01 9.195108e-01 9.672352e-01 1.519629e+01 4.182236e+03 5.987278e+03 1.05578 5.942321e-01
7.350000e-01 5.260870e-01 9.200421e-01 9.678037e-01 1.520999e+01 4.188499e+03 5.981167e+03 1.05737 5.953266e-01
7.340000e-01 5.260870e-01 9.205730e-01 9.683718e-01 1.522374e+01 4.194732e+03 5.975033e+03 1.05895 5.964171e-01
7.330000e-01 5.260870e-01 9.211033e-01 9.689393e-01 1.523755e+01 4.200936e+03 5.968875e+03 1.06053 5.975036e-01
7.320000e-01 5.260870e-01 9.216333e-01 9.695064e-01 1.525141e+01 4.207113e+03 5.962693e+03 1.06211 5.985861e-01
7.310000e-01 5.260870e-01 9.221628e-01 9.700730e-01 1.526532e+01 4.213257e+03 5.956490e+03 1.0637 5.996643e-01
7.300000e-01 5.260870e-01 9.226914e-01 9.706387e-01 1.527928e+01 4.219368e+03 5.950267e+03 1.06528 6.007380e-01
7.290000e-01 5.260870e-01 9.232193e-01 9.712036e-01 1.529328e+01 4.225445e+03 5.944025e+03 1.06686 6.018071e-01
7.280000e-01 5.260870e-01 9.237462e-01 9.717674e-01 1.530733e+01 4.231486e+03 5.937763e+03 1.06844 6.028717e-01
7.270000e-01 5.260870e-01 9.242721e-01 9.723302e-01 1.532142e+01 4.237492e+03 5.931484e+03 1.07002 6.039316e-01
7.260000e-01 5.260870e-01 9.247971e-01 9.728920e-01 1.533556e+01 4.243463e+03 5.925184e+03 1.0716 6.049872e-01
7.250000e-01 5.260870e-01 9.253213e-01 9.734529e-01 1.534975e+01 4.249402e+03 5.918864e+03 1.07317 6.060385e-01
7.240000e-01 5.260870e-01 9.258453e-01 9.740136e-01 1.536399e+01 4.255313e+03 5.912520e+03 1.07475 6.070861e-01
7.230000e-01 5.260870e-01 9.263690e-01 9.745741e-01 1.537830e+01 4.261195e+03 5.906153e+03 1.07633 6.081300e-01
7.220000e-01 5.260870e-01 9.268921e-01 9.751339e-01 1.539266e+01 4.267047e+03 5.899761e+03 1.07791 6.091700e-01
7.210000e-01 5.260870e-01 9.274147e-01 9.756932e-01 1.540709e+01 4.272872e+03 5.893343e+03 1.07949 6.102059e-01
7.200000e-01 5.260870e-01 9.279367e-01 9.762519e-01 1.542157e+01 4.278668e+03 5.886900e+03 1.08106 6.112378e-01
7.190000e-01 5.260870e-01 9.284578e-01 9.768097e-01 1.543611e+01 4.284434e+03 5.880430e+03 1.08264 6.122652e-01
7.180000e-01 5.260870e-01 9.289782e-01 9.773667e-01 1.545072e+01 4.290170e+03 5.873935e+03 1.08421 6.132885e-01
7.170000e-01 5.260870e-01 9.294980e-01 9.779231e-01 1.546537e+01 4.295875e+03 5.867417e+03 1.08579 6.143076e-01
7.160000e-01 5.260870e-01 9.300169e-01 9.784786e-01 1.548009e+01 4.301551e+03 5.860873e+03 1.08736 6.153222e-01
7.150000e-01 5.260870e-01 9.305347e-01 9.790329e-01 1.549486e+01 4.307194e+03 5.854305e+03 1.08893 6.163321e-01
7.140000e-01 5.260870e-01 9.310511e-01 9.795856e-01 1.550969e+01 4.312802e+03 5.847712e+03 1.09049 6.173370e-01
7.130000e-01 5.260870e-01 9.315660e-01 9.801366e-01 1.552457e+01 4.318378e+03 5.841095e+03 1.09206 6.183369e-01
7.120000e-01 5.260870e-01 9.320903e-01 9.806976e-01 1.553961e+01 4.323884e+03 5.834398e+03 1.09363 6.193225e-01
7.110000e-01 5.260870e-01 9.325917e-01 9.812344e-01 1.555448e+01 4.329418e+03 5.827792e+03 1.09517 6.203213e-01
7.100000e-01 5.260870e-01 9.331132e-01 9.817923e-01 1.556963e+01 4.334855e+03 5.821052e+03 1.09675 6.212975e-01
7.090000e-01 5.260870e-01 9.336233e-01 9.823382e-01 1.558473e+01 4.340294e+03 5.814339e+03 1.0983 6.222782e-01
7.080000e-01 5.260870e-01 9.341323e-01 9.828830e-01 1.559989e+01 4.345703e+03 5.807601e+03 1.09985 6.232547e-01
7.070000e-01 5.260870e-01 9.346405e-01 9.834269e-01 1.561512e+01 4.351083e+03 5.800836e+03 1.10141 6.242270e-01
7.060000e-01 5.260870e-01 9.351478e-01 9.839699e-01 1.563042e+01 4.356432e+03 5.794045e+03 1.10295 6.251949e-01
7.050000e-01 5.260870e-01 9.356541e-01 9.845119e-01 1.564578e+01 4.361753e+03 5.787224e+03 1.1045 6.261584e-01
7.040000e-01 5.260870e-01 9.361591e-01 9.850525e-01 1.566121e+01 4.367042e+03 5.780374e+03 1.10605 6.271170e-01
7.030000e-01 5.260870e-01 9.366626e-01 9.855914e-01 1.567670e+01 4.372299e+03 5.773495e+03 1.10759 6.280708e-01
7.020000e-01 5.260870e-01 9.371649e-01 9.861290e-01 1.569226e+01 4.377527e+03 5.766586e+03 1.10912 6.290197e-01
7.010000e-01 5.260870e-01 9.376659e-01 9.866653e-01 1.570788e+01 4.382724e+03 5.759649e+03 1.11066 6.299638e-01
7.000000e-01 5.260870e-01 9.381654e-01 9.872000e-01 1.572357e+01 4.387885e+03 5.752685e+03 1.11219 6.309028e-01
6.990000e-01 5.260870e-01 9.386637e-01 9.877334e-01 1.573932e+01 4.393013e+03 5.745699e+03 1.11372 6.318370e-01
6.980000e-01 5.260870e-01 9.391599e-01 9.882646e-01 1.575512e+01 4.398104e+03 5.738686e+03 1.11524 6.327656e-01
6.970000e-01 5.260870e-01 9.396540e-01 9.887934e-01 1.577099e+01 4.403159e+03 5.731647e+03 1.11676 6.336886e-01
6.960000e-01 5.260870e-01 9.401461e-01 9.893200e-01 1.578691e+01 4.408177e+03 5.724583e+03 1.11827 6.346061e-01
6.950000e-01 5.260870e-01 9.406363e-01 9.898446e-01 1.580289e+01 4.413160e+03 5.717491e+03 1.11978 6.355183e-01
6.940000e-01 5.260870e-01 9.411249e-01 9.903676e-01 1.581895e+01 4.418112e+03 5.710370e+03 1.12129 6.364256e-01
6.930000e-01 5.260870e-01 9.416121e-01 9.908890e-01 1.583507e+01 4.423032e+03 5.703219e+03 1.12279 6.373280e-01
6.920000e-01 5.260870e-01 9.420981e-01 9.914092e-01 1.585127e+01 4.427920e+03 5.696039e+03 1.12429 6.382258e-01
6.910000e-01 5.260870e-01 9.425828e-01 9.919279e-01 1.586754e+01 4.432777e+03 5.688829e+03 1.12579 6.391187e-01
6.900000e-01 5.260870e-01 9.430658e-01 9.924450e-01 1.588389e+01 4.437602e+03 5.681587e+03 1.12728 6.400066e-01
6.890000e-01 5.260870e-01 9.435473e-01 9.929604e-01 1.590031e+01 4.442393e+03 5.674317e+03 1.12877 6.408894e-01
6.880000e-01 5.260870e-01 9.440271e-01 9.934741e-01 1.591680e+01 4.447152e+03 5.667016e+03 1.13026 6.417671e-01
6.870000e-01 5.260870e-01 9.445052e-01 9.939859e-01 1.593336e+01 4.451877e+03 5.659685e+03 1.13174 6.426395e-01
6.860000e-01 5.260870e-01 9.449815e-01 9.944959e-01 1.595000e+01 4.456569e+03 5.652324e+03 1.13321 6.435066e-01
6.850000e-01 5.260870e-01 9.454562e-01 9.950041e-01 1.596671e+01 4.461226e+03 5.644935e+03 1.13469 6.443684e-01
6.840000e-01 5.260870e-01 9.459286e-01 9.955099e-01 1.598348e+01 4.465845e+03 5.637518e+03 1.13615 6.452245e-01
6.830000e-01 5.260870e-01 9.463987e-01 9.960132e-01 1.600032e+01 4.470426e+03 5.630075e+03 1.13761 6.460747e-01
6.820000e-01 5.260870e-01 9.468660e-01 9.965135e-01 1.601723e+01 4.474971e+03 5.622601e+03 1.13907 6.469187e-01
6.810000e-01 5.260870e-01 9.473306e-01 9.970108e-01 1.603421e+01 4.479476e+03 5.615099e+03 1.14051 6.477566e-01
6.800000e-01 5.260870e-01 9.477928e-01 9.975056e-01 1.605125e+01 4.483944e+03 5.607568e+03 1.14195 6.485888e-01
6.790000e-01 5.260870e-01 9.482532e-01 9.979984e-01 1.606837e+01 4.488379e+03 5.600006e+03 1.14339 6.494155e-01
6.780000e-01 5.260870e-01 9.487212e-01 9.984993e-01 1.608568e+01 4.492750e+03 5.592352e+03 1.14484 6.502276e-01
6.770000e-01 5.260870e-01 9.491779e-01 9.989882e-01 1.610297e+01 4.497116e+03 5.584721e+03 1.14626 6.510432e-01
6.760000e-01 5.260870e-01 9.496323e-01 9.994747e-01 1.612034e+01 4.501450e+03 5.577058e+03 1.14768 6.518533e-01
6.750000e-01 5.260870e-01 9.500839e-01 9.999582e-01 1.613780e+01 4.505750e+03 5.569356e+03 1.14909 6.526574e-01
6.740000e-01 5.260870e-01 9.505332e-01 1.000439e+00 1.615534e+01 4.510014e+03 5.561621e+03 1.1505 6.534556e-01
6.730000e-01 5.260870e-01 9.509803e-01 1.000918e+00 1.617295e+01 4.514244e+03 5.553852e+03 1.1519 6.542478e-01
6.720000e-01 5.260870e-01 9.514247e-01 1.001394e+00 1.619066e+01 4.518437e+03 5.546048e+03 1.15329 6.550339e-01
6.710000e-01 5.260870e-01 9.518670e-01 1.001867e+00 1.620844e+01 4.522594e+03 5.538213e+03 1.15467 6.558142e-01
6.700000e-01 5.260870e-01 9.523070e-01 1.002338e+00 1.622630e+01 4.526715e+03 5.530347e+03 1.15605 6.565884e-01
6.690000e-01 5.260870e-01 9.527433e-01 1.002805e+00 1.624424e+01 4.530796e+03 5.522447e+03 1.15742 6.573558e-01
6.680000e-01 5.260870e-01 9.531762e-01 1.003269e+00 1.626226e+01 4.534836e+03 5.514513e+03 1.15878 6.581161e-01
6.670000e-01 5.260870e-01 9.536062e-01 1.003729e+00 1.628034e+01 4.538838e+03 5.506551e+03 1.16013 6.588698e-01
6.660000e-01 5.260870e-01 9.540328e-01 1.004186e+00 1.629851e+01 4.542797e+03 5.498557e+03 1.16147 6.596169e-01
6.650000e-01 5.260870e-01 9.544566e-01 1.004639e+00 1.631676e+01 4.546719e+03 5.490531e+03 1.1628 6.603577e-01
6.640000e-01 5.260870e-01 9.548776e-01 1.005090e+00 1.633509e+01 4.550605e+03 5.482467e+03 1.16413 6.610922e-01
6.630000e-01 5.260870e-01 9.552956e-01 1.005538e+00 1.635353e+01 4.554455e+03 5.474365e+03 1.16545 6.618204e-01
6.620000e-01 5.260870e-01 9.557112e-01 1.005982e+00 1.637205e+01 4.558268e+03 5.466227e+03 1.16676 6.625423e-01
6.610000e-01 5.260870e-01 9.561241e-01 1.006425e+00 1.639067e+01 4.562044e+03 5.458053e+03 1.16806 6.632582e-01
6.600000e-01 5.260870e-01 9.565341e-01 1.006863e+00 1.640938e+01 4.565781e+03 5.449844e+03 1.16935 6.639675e-01
6.590000e-01 5.260870e-01 9.569414e-01 1.007300e+00 1.642818e+01 4.569481e+03 5.441601e+03 1.17064 6.646705e-01
6.580000e-01 5.260870e-01 9.573459e-01 1.007733e+00 1.644707e+01 4.573142e+03 5.433323e+03 1.17192 6.653671e-01
6.570000e-01 5.260870e-01 9.577467e-01 1.008162e+00 1.646606e+01 4.576765e+03 5.425005e+03 1.17319 6.660566e-01
6.560000e-01 5.260870e-01 9.581440e-01 1.008588e+00 1.648514e+01 4.580348e+03 5.416649e+03 1.17444 6.667387e-01
6.550000e-01 5.260870e-01 9.585384e-01 1.009010e+00 1.650431e+01 4.583891e+03 5.408262e+03 1.17569 6.674141e-01
6.540000e-01 5.260870e-01 9.589288e-01 1.009428e+00 1.652356e+01 4.587390e+03 5.399843e+03 1.17693 6.680821e-01
6.530000e-01 5.260870e-01 9.593230e-01 1.009850e+00 1.654301e+01 4.590813e+03 5.391326e+03 1.17816 6.687327e-01
6.520000e-01 5.260870e-01 9.597054e-01 1.010259e+00 1.656244e+01 4.594224e+03 5.382834e+03 1.17938 6.693852e-01
6.510000e-01 5.260870e-01 9.600839e-01 1.010665e+00 1.658195e+01 4.597592e+03 5.374310e+03 1.18058 6.700308e-01
6.500000e-01 5.260870e-01 9.604587e-01 1.011066e+00 1.660156e+01 4.600922e+03 5.365747e+03 1.18177 6.706691e-01
6.490000e-01 5.260870e-01 9.608300e-01 1.011463e+00 1.662128e+01 4.604212e+03 5.357143e+03 1.18295 6.713004e-01
6.480000e-01 5.260870e-01 9.611980e-01 1.011857e+00 1.664110e+01 4.607464e+03 5.348501e+03 1.18412 6.719247e-01
6.470000e-01 5.260870e-01 9.615627e-01 1.012248e+00 1.666103e+01 4.610675e+03 5.339819e+03 1.18528 6.725419e-01
6.460000e-01 5.260870e-01 9.619229e-01 1.012634e+00 1.668107e+01 4.613845e+03 5.331092e+03 1.18643 6.731510e-01
6.450000e-01 5.260870e-01 9.622790e-01 1.013015e+00 1.670121e+01 4.616975e+03 5.322323e+03 1.18756 6.737521e-01
6.440000e-01 5.260870e-01 9.626308e-01 1.013392e+00 1.672146e+01 4.620063e+03 5.313510e+03 1.18868 6.743452e-01
6.430000e-01 5.260870e-01 9.629783e-01 1.013764e+00 1.674181e+01 4.623108e+03 5.304655e+03 1.18979 6.749302e-01
6.420000e-01 5.260870e-01 9.633214e-01 1.014131e+00 1.676228e+01 4.626111e+03 5.295759e+03 1.19088 6.755070e-01
6.410000e-01 5.260870e-01 9.636606e-01 1.014494e+00 1.678284e+01 4.629070e+03 5.286825e+03 1.19196 6.760761e-01
6.400000e-01 5.260870e-01 9.639955e-01 1.014853e+00 1.680350e+01 4.631982e+03 5.277860e+03 1.19303 6.766373e-01
6.390000e-01 5.260870e-01 9.643258e-01 1.015206e+00 1.682425e+01 4.634846e+03 5.268862e+03 1.19409 6.771906e-01
6.380000e-01 5.260870e-01 9.646524e-01 1.015556e+00 1.684509e+01 4.637664e+03 5.259835e+03 1.19513 6.777366e-01
6.370000e-01 5.260870e-01 9.649746e-01 1.015901e+00 1.686603e+01 4.640436e+03 5.250775e+03 1.19617 6.782748e-01
6.360000e-01 5.260870e-01 9.652917e-01 1.016241e+00 1.688708e+01 4.643164e+03 5.241670e+03 1.19718 6.788045e-01
6.350000e-01 5.260870e-01 9.656052e-01 1.016576e+00 1.690825e+01 4.645851e+03 5.232524e+03 1.19819 6.793266e-01
6.340000e-01 5.260870e-01 9.659138e-01 1.016907e+00 1.692954e+01 4.648494e+03 5.223332e+03 1.19918 6.798401e-01
6.330000e-01 5.260870e-01 9.662240e-01 1.017239e+00 1.695108e+01 4.651060e+03 5.214026e+03 1.20016 6.803346e-01
6.320000e-01 5.260870e-01 9.665230e-01 1.017559e+00 1.697262e+01 4.653613e+03 5.204735e+03 1.20112 6.808299e-01
6.310000e-01 5.260870e-01 9.668170e-01 1.017874e+00 1.699428e+01 4.656119e+03 5.195405e+03 1.20206 6.813172e-01
6.300000e-01 5.260870e-01 9.671064e-01 1.018184e+00 1.701606e+01 4.658582e+03 5.186032e+03 1.20299 6.817956e-01
6.290000e-01 5.260870e-01 9.673913e-01 1.018489e+00 1.703795e+01 4.660998e+03 5.176619e+03 1.2039 6.822658e-01
6.280000e-01 5.260870e-01 9.676714e-01 1.018789e+00 1.705996e+01 4.663367e+03 5.167167e+03 1.2048 6.827275e-01
6.270000e-01 5.260870e-01 9.679458e-01 1.019083e+00 1.708208e+01 4.665690e+03 5.157671e+03 1.20568 6.831794e-01
6.260000e-01 5.260870e-01 9.682144e-01 1.019371e+00 1.710432e+01 4.667962e+03 5.148134e+03 1.20655 6.836218e-01
6.250000e-01 5.260870e-01 9.684768e-01 1.019651e+00 1.712667e+01 4.670182e+03 5.138557e+03 1.20739 6.840543e-01
6.240000e-01 5.260870e-01 9.687333e-01 1.019926e+00 1.714912e+01 4.672353e+03 5.128939e+03 1.20822 6.844771e-01
6.230000e-01 5.260870e-01 9.689841e-01 1.020194e+00 1.717170e+01 4.674472e+03 5.119281e+03 1.20902 6.848909e-01
6.220000e-01 5.260870e-01 9.692303e-01 1.020458e+00 1.719440e+01 4.676546e+03 5.109582e+03 1.20982 6.852959e-01
6.210000e-01 5.260870e-01 9.694715e-01 1.020716e+00 1.721723e+01 4.678572e+03 5.099838e+03 1.21059 6.856922e-01
6.200000e-01 5.260870e-01 9.697082e-01 1.020970e+00 1.724020e+01 4.680550e+03 5.090053e+03 1.21136 6.860802e-01
6.190000e-01 5.260870e-01 9.699398e-01 1.021218e+00 1.726330e+01 4.682482e+03 5.080223e+03 1.21211 6.864588e-01
6.180000e-01 5.260870e-01 9.701658e-01 1.021460e+00 1.728653e+01 4.684363e+03 5.070346e+03 1.21284 6.868281e-01
6.170000e-01 5.260870e-01 9.703862e-01 1.021696e+00 1.730990e+01 4.686195e+03 5.060427e+03 1.21355 6.871878e-01
6.160000e-01 5.260870e-01 9.705998e-01 1.021925e+00 1.733340e+01 4.687976e+03 5.050455e+03 1.21424 6.875367e-01
6.150000e-01 5.260870e-01 9.708134e-01 1.022153e+00 1.735717e+01 4.689671e+03 5.040373e+03 1.21491 6.878652e-01
6.140000e-01 5.260870e-01 9.710157e-01 1.022370e+00 1.738095e+01 4.691348e+03 5.030309e+03 1.21557 6.881937e-01
6.130000e-01 5.260870e-01 9.712119e-01 1.022580e+00 1.740486e+01 4.692974e+03 5.020208e+03 1.2162 6.885126e-01
6.120000e-01 5.260870e-01 9.714028e-01 1.022785e+00 1.742887e+01 4.694545e+03 5.010076e+03 1.21682 6.888225e-01
6.110000e-01 5.260870e-01 9.715866e-01 1.022982e+00 1.745301e+01 4.696063e+03 4.999904e+03 1.21741 6.891218e-01
6.100000e-01 5.260870e-01 9.717636e-01 1.023171e+00 1.747727e+01 4.697527e+03 4.989689e+03 1.21799 6.894103e-01
6.090000e-01 5.260870e-01 9.719332e-01 1.023353e+00 1.750168e+01 4.698936e+03 4.979425e+03 1.21854 6.896876e-01
6.080000e-01 5.260870e-01 9.720960e-01 1.023527e+00 1.752625e+01 4.700294e+03 4.969105e+03 1.21906 6.899536e-01
6.070000e-01 5.260870e-01 9.722531e-01 1.023695e+00 1.755096e+01 4.701599e+03 4.958738e+03 1.21957 6.902095e-01
6.060000e-01 5.260870e-01 9.724041e-01 1.023856e+00 1.757583e+01 4.702852e+03 4.948323e+03 1.22006 6.904554e-01
6.050000e-01 5.260870e-01 9.725502e-01 1.024013e+00 1.760085e+01 4.704053e+03 4.937867e+03 1.22053 6.906919e-01
6.040000e-01 5.260870e-01 9.726900e-01 1.024163e+00 1.762602e+01 4.705200e+03 4.927369e+03 1.22099 6.909185e-01
6.030000e-01 5.260870e-01 9.728241e-01 1.024307e+00 1.765132e+01 4.706293e+03 4.916830e+03 1.22142 6.911347e-01
6.020000e-01 5.260870e-01 9.729511e-01 1.024443e+00 1.767678e+01 4.707332e+03 4.906243e+03 1.22183 6.913400e-01
6.010000e-01 5.260870e-01 9.730703e-01 1.024570e+00 1.770240e+01 4.708314e+03 4.895603e+03 1.22222 6.915333e-01
6.000000e-01 5.260870e-01 9.731833e-01 1.024692e+00 1.772816e+01 4.709240e+03 4.884922e+03 1.22258 6.917156e-01
5.990000e-01 5.260870e-01 9.732939e-01 1.024810e+00 1.775419e+01 4.710071e+03 4.874135e+03 1.22293 6.918762e-01
5.980000e-01 5.260870e-01 9.733938e-01 1.024917e+00 1.778023e+01 4.710880e+03 4.863381e+03 1.22326 6.920370e-01
5.970000e-01 5.260870e-01 9.734864e-01 1.025016e+00 1.780639e+01 4.711632e+03 4.852592e+03 1.22356 6.921873e-01
5.960000e-01 5.260870e-01 9.735712e-01 1.025107e+00 1.783270e+01 4.712327e+03 4.841757e+03 1.22384 6.923256e-01
5.950000e-01 5.260870e-01 9.736475e-01 1.025188e+00 1.785919e+01 4.712964e+03 4.830864e+03 1.22408 6.924511e-01
5.940000e-01 5.260870e-01 9.737164e-01 1.025262e+00 1.788586e+01 4.713543e+03 4.819915e+03 1.22431 6.925643e-01
5.930000e-01 5.260870e-01 9.737783e-01 1.025328e+00 1.791270e+01 4.714065e+03 4.808917e+03 1.22451 6.926661e-01
5.920000e-01 5.260870e-01 9.738345e-01 1.025388e+00 1.793971e+01 4.714532e+03 4.797873e+03 1.22469 6.927574e-01
5.910000e-01 5.260870e-01 9.738851e-01 1.025443e+00 1.796688e+01 4.714941e+03 4.786796e+03 1.22485 6.928390e-01
5.900000e-01 5.260870e-01 9.739281e-01 1.025489e+00 1.799421e+01 4.715292e+03 4.775672e+03 1.22499 6.929089e-01
5.890000e-01 5.260870e-01 9.739650e-01 1.025528e+00 1.802170e+01 4.715586e+03 4.764509e+03 1.22511 6.929679e-01
5.880000e-01 5.260870e-01 9.739929e-01 1.025558e+00 1.804937e+01 4.715819e+03 4.753292e+03 1.22521 6.930137e-01
5.870000e-01 5.260870e-01 9.740137e-01 1.025581e+00 1.807720e+01 4.715992e+03 4.742032e+03 1.22527 6.930475e-01
5.860000e-01 5.260870e-01 9.740270e-01 1.025595e+00 1.810519e+01 4.716103e+03 4.730733e+03 1.22532 6.930696e-01
5.850000e-01 5.260870e-01 9.740340e-01 1.025603e+00 1.813331e+01 4.716154e+03 4.719408e+03 1.22534 6.930814e-01
5.840000e-01 5.260870e-01 9.740324e-01 1.025601e+00 1.816159e+01 4.716144e+03 4.708043e+03 1.22534 6.930807e-01
5.847352e-01 5.260870e-01 9.741115e-01 1.025666e+00 1.814527e+01 4.714257e+03 4.713957e+03 1.22521 6.926204e-01
