1.000000e+00 4.360870e+00 2.055664e+00 2.418067e+00 9.501837e+00 0.000000e+00 1.783946e+04 0 0.000000e+00
9.990000e-01 4.360870e+00 2.058138e+00 2.420337e+00 9.513377e+00 7.648728e+02 1.770309e+04 1.76794 3.632408e-02
9.980000e-01 4.360870e+00 2.058469e+00 2.420440e+00 9.514805e+00 1.070622e+03 1.765759e+04 1.87323 5.385495e-02
9.970000e-01 4.360870e+00 2.059389e+00 2.421458e+00 9.519090e+00 1.310717e+03 1.762024e+04 1.77199 6.231338e-02
9.960000e-01 4.360870e+00 2.059693e+00 2.421516e+00 9.520609e+00 1.509962e+03 1.759149e+04 1.81671 7.357584e-02
9.950000e-01 4.360870e+00 2.060592e+00 2.422447e+00 9.524895e+00 1.683492e+03 1.756331e+04 1.77463 8.006136e-02
9.940000e-01 4.360870e+00 2.060702e+00 2.422270e+00 9.526401e+00 1.844442e+03 1.754065e+04 1.78965 8.844827e-02
9.930000e-01 4.360870e+00 2.061056e+00 2.422405e+00 9.528433e+00 1.993205e+03 1.751958e+04 1.80231 9.622548e-02
9.920000e-01 4.360870e+00 2.062433e+00 2.423985e+00 9.533681e+00 2.130932e+03 1.749496e+04 1.77867 1.013895e-01
9.910000e-01 4.360870e+00 2.062652e+00 2.423981e+00 9.535297e+00 2.263055e+03 1.747684e+04 1.78955 1.083114e-01
9.900000e-01 4.360870e+00 2.063052e+00 2.424205e+00 9.537352e+00 2.387614e+03 1.745948e+04 1.79901 1.148323e-01
9.890000e-01 4.360870e+00 2.064371e+00 2.425736e+00 9.542469e+00 2.504790e+03 1.743794e+04 1.78279 1.192295e-01
9.880000e-01 4.360870e+00 2.064633e+00 2.425809e+00 9.544123e+00 2.618673e+03 1.742265e+04 1.79114 1.252022e-01
9.870000e-01 4.360870e+00 2.065049e+00 2.426071e+00 9.546184e+00 2.727187e+03 1.740772e+04 1.79871 1.308890e-01
9.860000e-01 4.360870e+00 2.066341e+00 2.427576e+00 9.551244e+00 2.829505e+03 1.738830e+04 1.78696 1.347439e-01
9.850000e-01 4.360870e+00 2.066597e+00 2.427646e+00 9.552900e+00 2.930130e+03 1.737506e+04 1.79348 1.400104e-01
9.840000e-01 4.360870e+00 2.067009e+00 2.427904e+00 9.554969e+00 3.026993e+03 1.736186e+04 1.7999 1.450982e-01
9.830000e-01 4.360870e+00 2.068314e+00 2.429423e+00 9.560064e+00 3.118944e+03 1.734379e+04 1.79117 1.485932e-01
9.820000e-01 4.360870e+00 2.068579e+00 2.429508e+00 9.561745e+00 3.210833e+03 1.733189e+04 1.79675 1.534083e-01
9.810000e-01 4.360870e+00 2.068996e+00 2.429775e+00 9.563832e+00 3.299571e+03 1.731989e+04 1.80234 1.580745e-01
9.800000e-01 4.360870e+00 2.070303e+00 2.431297e+00 9.568951e+00 3.383559e+03 1.730284e+04 1.79543 1.612728e-01
9.790000e-01 4.360870e+00 2.070561e+00 2.431374e+00 9.570640e+00 3.468228e+03 1.729202e+04 1.8002 1.657068e-01
9.780000e-01 4.360870e+00 2.070971e+00 2.431629e+00 9.572735e+00 3.550196e+03 1.728099e+04 1.80514 1.700207e-01
9.770000e-01 4.360870e+00 2.072292e+00 2.433162e+00 9.577899e+00 3.627407e+03 1.726474e+04 1.79971 1.729752e-01
9.760000e-01 4.360870e+00 2.072521e+00 2.433197e+00 9.579574e+00 3.705664e+03 1.725488e+04 1.80373 1.770628e-01
9.750000e-01 4.360870e+00 2.072899e+00 2.433402e+00 9.581656e+00 3.781426e+03 1.724473e+04 1.80804 1.810484e-01
9.740000e-01 4.360870e+00 2.074256e+00 2.434963e+00 9.586908e+00 3.852832e+03 1.722908e+04 1.80399 1.838129e-01
9.730000e-01 4.360870e+00 2.074476e+00 2.434978e+00 9.588602e+00 3.926856e+03 1.721986e+04 1.80766 1.876865e-01
9.720000e-01 4.360870e+00 2.074874e+00 2.435204e+00 9.590736e+00 3.999092e+03 1.721020e+04 1.81184 1.915070e-01
9.710000e-01 4.360870e+00 2.076244e+00 2.436786e+00 9.596059e+00 4.067393e+03 1.719487e+04 1.80832 1.941432e-01
9.700000e-01 4.360870e+00 2.076487e+00 2.436834e+00 9.597790e+00 4.138103e+03 1.718615e+04 1.81181 1.978533e-01
9.690000e-01 4.360870e+00 2.076899e+00 2.437084e+00 9.599950e+00 4.207131e+03 1.717696e+04 1.81575 2.015105e-01
9.680000e-01 4.360870e+00 2.078268e+00 2.438668e+00 9.605293e+00 4.272431e+03 1.716201e+04 1.81271 2.040267e-01
9.670000e-01 4.360870e+00 2.078525e+00 2.438740e+00 9.607047e+00 4.339982e+03 1.715374e+04 1.81598 2.075755e-01
9.660000e-01 4.360870e+00 2.078936e+00 2.438992e+00 9.609212e+00 4.405765e+03 1.714500e+04 1.81962 2.110601e-01
9.650000e-01 4.360870e+00 2.080350e+00 2.440639e+00 9.614648e+00 4.467617e+03 1.713032e+04 1.81716 2.134444e-01
9.640000e-01 4.360870e+00 2.080575e+00 2.440670e+00 9.616355e+00 4.532152e+03 1.712258e+04 1.82015 2.168367e-01
9.630000e-01 4.360870e+00 2.080983e+00 2.440917e+00 9.618521e+00 4.595191e+03 1.711425e+04 1.82362 2.201853e-01
9.620000e-01 4.360870e+00 2.082402e+00 2.442569e+00 9.623986e+00 4.654472e+03 1.709986e+04 1.82161 2.224760e-01
9.610000e-01 4.360870e+00 2.082630e+00 2.442608e+00 9.625708e+00 4.716454e+03 1.709250e+04 1.82441 2.257361e-01
9.600000e-01 4.360870e+00 2.083034e+00 2.442851e+00 9.627880e+00 4.776897e+03 1.708454e+04 1.82766 2.289478e-01
9.590000e-01 4.360870e+00 2.084463e+00 2.444515e+00 9.633381e+00 4.833545e+03 1.707044e+04 1.82607 2.311443e-01
9.580000e-01 4.360870e+00 2.084685e+00 2.444544e+00 9.635110e+00 4.893132e+03 1.706344e+04 1.82869 2.342786e-01
9.570000e-01 4.360870e+00 2.085078e+00 2.444772e+00 9.637287e+00 4.951135e+03 1.705582e+04 1.83174 2.373625e-01
9.560000e-01 4.360870e+00 2.086522e+00 2.446448e+00 9.642830e+00 5.004915e+03 1.704198e+04 1.83056 2.394536e-01
9.550000e-01 4.360870e+00 2.086716e+00 2.446437e+00 9.644546e+00 5.061960e+03 1.703533e+04 1.83292 2.424505e-01
9.540000e-01 4.360870e+00 2.087106e+00 2.446653e+00 9.646740e+00 5.117808e+03 1.702798e+04 1.83589 2.454313e-01
9.530000e-01 4.360870e+00 2.088579e+00 2.448359e+00 9.652373e+00 5.169882e+03 1.701421e+04 1.83507 2.474676e-01
9.520000e-01 4.360870e+00 2.088786e+00 2.448363e+00 9.654127e+00 5.225643e+03 1.700774e+04 1.83742 2.504071e-01
9.510000e-01 4.360870e+00 2.089185e+00 2.448591e+00 9.656352e+00 5.280117e+03 1.700056e+04 1.84031 2.533191e-01
9.500000e-01 4.360870e+00 2.090665e+00 2.450310e+00 9.662035e+00 5.330714e+03 1.698688e+04 1.83964 2.552909e-01
9.490000e-01 4.360870e+00 2.090884e+00 2.450333e+00 9.663813e+00 5.384947e+03 1.698062e+04 1.84192 2.581541e-01
9.480000e-01 4.360870e+00 2.091289e+00 2.450572e+00 9.666054e+00 5.437899e+03 1.697364e+04 1.84472 2.609886e-01
9.470000e-01 4.360870e+00 2.092773e+00 2.452298e+00 9.671764e+00 5.486932e+03 1.696013e+04 1.84424 2.628995e-01
9.460000e-01 4.360870e+00 2.092991e+00 2.452323e+00 9.673550e+00 5.539523e+03 1.695409e+04 1.84641 2.656768e-01
9.450000e-01 4.360870e+00 2.093395e+00 2.452560e+00 9.675802e+00 5.590880e+03 1.694732e+04 1.84912 2.684299e-01
9.440000e-01 4.360870e+00 2.094891e+00 2.454301e+00 9.681554e+00 5.638410e+03 1.693392e+04 1.84887 2.702883e-01
9.430000e-01 4.360870e+00 2.095115e+00 2.454333e+00 9.683362e+00 5.689756e+03 1.692805e+04 1.85099 2.730044e-01
9.420000e-01 4.360870e+00 2.095522e+00 2.454576e+00 9.685633e+00 5.739857e+03 1.692143e+04 1.85363 2.756945e-01
9.410000e-01 4.360870e+00 2.097027e+00 2.456328e+00 9.691428e+00 5.785951e+03 1.690811e+04 1.85354 2.774958e-01
9.400000e-01 4.360870e+00 2.097246e+00 2.456356e+00 9.693244e+00 5.835889e+03 1.690242e+04 1.85556 2.801377e-01
9.390000e-01 4.360870e+00 2.097648e+00 2.456593e+00 9.695524e+00 5.884576e+03 1.689598e+04 1.85812 2.827550e-01
9.380000e-01 4.360870e+00 2.099168e+00 2.458360e+00 9.701359e+00 5.929068e+03 1.688277e+04 1.85823 2.844985e-01
9.370000e-01 4.360870e+00 2.099369e+00 2.458365e+00 9.703167e+00 5.977430e+03 1.687729e+04 1.86012 2.870551e-01
9.360000e-01 4.360870e+00 2.099752e+00 2.458574e+00 9.705438e+00 6.024463e+03 1.687105e+04 1.86254 2.895845e-01
9.350000e-01 4.360870e+00 2.101297e+00 2.460366e+00 9.711331e+00 6.067320e+03 1.685794e+04 1.86293 2.912767e-01
9.340000e-01 4.360870e+00 2.101494e+00 2.460361e+00 9.713157e+00 6.114680e+03 1.685260e+04 1.86477 2.937854e-01
9.330000e-01 4.360870e+00 2.101891e+00 2.460585e+00 9.715469e+00 6.160953e+03 1.684644e+04 1.86722 2.962851e-01
9.320000e-01 4.360870e+00 2.103449e+00 2.462394e+00 9.721440e+00 6.203094e+03 1.683329e+04 1.86769 2.979444e-01
9.310000e-01 4.360870e+00 2.103656e+00 2.462405e+00 9.723295e+00 6.249608e+03 1.682805e+04 1.86951 3.004131e-01
9.300000e-01 4.360870e+00 2.104058e+00 2.462637e+00 9.725628e+00 6.294977e+03 1.682200e+04 1.87192 3.028673e-01
9.290000e-01 4.360870e+00 2.105625e+00 2.464458e+00 9.731641e+00 6.336157e+03 1.680890e+04 1.87248 3.044875e-01
9.280000e-01 4.360870e+00 2.105835e+00 2.464477e+00 9.733512e+00 6.381704e+03 1.680378e+04 1.87427 3.069071e-01
9.270000e-01 4.360870e+00 2.106233e+00 2.464705e+00 9.735853e+00 6.426023e+03 1.679786e+04 1.8766 3.093062e-01
9.260000e-01 4.360870e+00 2.107812e+00 2.466541e+00 9.741905e+00 6.466072e+03 1.678483e+04 1.87731 3.108854e-01
9.250000e-01 4.360870e+00 2.108022e+00 2.466559e+00 9.743791e+00 6.510717e+03 1.677983e+04 1.87905 3.132599e-01
9.240000e-01 4.360870e+00 2.108426e+00 2.466796e+00 9.746157e+00 6.554242e+03 1.677400e+04 1.88137 3.156228e-01
9.230000e-01 4.360870e+00 2.110016e+00 2.468646e+00 9.752267e+00 6.593485e+03 1.676097e+04 1.88218 3.171700e-01
9.220000e-01 4.360870e+00 2.110227e+00 2.468667e+00 9.754171e+00 6.637298e+03 1.675607e+04 1.88388 3.195029e-01
9.210000e-01 4.360870e+00 2.110627e+00 2.468899e+00 9.756549e+00 6.679926e+03 1.675034e+04 1.88615 3.218198e-01
9.200000e-01 4.360870e+00 2.112232e+00 2.470767e+00 9.762710e+00 6.718138e+03 1.673733e+04 1.88708 3.233286e-01
9.190000e-01 4.360870e+00 2.112434e+00 2.470776e+00 9.764618e+00 6.760978e+03 1.673254e+04 1.88872 3.256104e-01
9.180000e-01 4.360870e+00 2.112819e+00 2.470988e+00 9.766993e+00 6.802508e+03 1.672693e+04 1.8909 3.278689e-01
9.170000e-01 4.360870e+00 2.114444e+00 2.472875e+00 9.773200e+00 6.839369e+03 1.671396e+04 1.892 3.293301e-01
9.160000e-01 4.360870e+00 2.114629e+00 2.472860e+00 9.775107e+00 6.881259e+03 1.670930e+04 1.89356 3.315630e-01
9.150000e-01 4.360870e+00 2.115021e+00 2.473077e+00 9.777513e+00 6.922082e+03 1.670374e+04 1.89576 3.337929e-01
9.140000e-01 4.360870e+00 2.116666e+00 2.474987e+00 9.783804e+00 6.958417e+03 1.669070e+04 1.89695 3.352351e-01
9.130000e-01 4.360870e+00 2.116862e+00 2.474987e+00 9.785744e+00 6.999814e+03 1.668608e+04 1.89853 3.374473e-01
9.120000e-01 4.360870e+00 2.117257e+00 2.475208e+00 9.788173e+00 7.040042e+03 1.668058e+04 1.9007 3.396479e-01
9.110000e-01 4.360870e+00 2.118957e+00 2.477195e+00 9.794605e+00 7.075656e+03 1.666737e+04 1.902 3.410524e-01
9.100000e-01 4.360870e+00 2.119127e+00 2.477162e+00 9.796507e+00 7.116398e+03 1.666291e+04 1.90352 3.432355e-01
9.090000e-01 4.360870e+00 2.119510e+00 2.477370e+00 9.798928e+00 7.155892e+03 1.665752e+04 1.90564 3.453996e-01
9.080000e-01 4.360870e+00 2.121216e+00 2.479362e+00 9.805387e+00 7.190609e+03 1.664436e+04 1.90704 3.467707e-01
9.070000e-01 4.360870e+00 2.121380e+00 2.479324e+00 9.807297e+00 7.230595e+03 1.663999e+04 1.90851 3.489150e-01
9.060000e-01 4.360870e+00 2.121767e+00 2.479536e+00 9.809737e+00 7.269421e+03 1.663466e+04 1.91062 3.510483e-01
9.050000e-01 4.360870e+00 2.123487e+00 2.481546e+00 9.816255e+00 7.303511e+03 1.662148e+04 1.91211 3.523965e-01
9.040000e-01 4.360870e+00 2.123653e+00 2.481512e+00 9.818185e+00 7.342941e+03 1.661717e+04 1.91357 3.545143e-01
9.030000e-01 4.360870e+00 2.124036e+00 2.481719e+00 9.820639e+00 7.381140e+03 1.661191e+04 1.91564 3.566161e-01
9.020000e-01 4.360870e+00 2.125773e+00 2.483749e+00 9.827218e+00 7.414467e+03 1.659870e+04 1.91721 3.579347e-01
9.010000e-01 4.360870e+00 2.125931e+00 2.483706e+00 9.829155e+00 7.453207e+03 1.659447e+04 1.91863 3.600174e-01
9.000000e-01 4.360870e+00 2.126304e+00 2.483899e+00 9.831614e+00 7.490635e+03 1.658928e+04 1.92065 3.620796e-01
8.990000e-01 4.360870e+00 2.128058e+00 2.485948e+00 9.838242e+00 7.522930e+03 1.657608e+04 1.92234 3.633595e-01
8.980000e-01 4.360870e+00 2.128198e+00 2.485879e+00 9.840175e+00 7.560861e+03 1.657195e+04 1.92369 3.654001e-01
8.970000e-01 4.360870e+00 2.128571e+00 2.486069e+00 9.842656e+00 7.597651e+03 1.656681e+04 1.92571 3.674355e-01
8.960000e-01 4.360870e+00 2.130350e+00 2.488146e+00 9.849372e+00 7.629470e+03 1.655352e+04 1.92749 3.686998e-01
8.950000e-01 4.360870e+00 2.130497e+00 2.488087e+00 9.851339e+00 7.667096e+03 1.654941e+04 1.92886 3.707301e-01
8.940000e-01 4.360870e+00 2.130874e+00 2.488282e+00 9.853849e+00 7.703503e+03 1.654430e+04 1.93088 3.727486e-01
8.930000e-01 4.360870e+00 2.132668e+00 2.490378e+00 9.860640e+00 7.734831e+03 1.653093e+04 1.93271 3.739892e-01
8.920000e-01 4.360870e+00 2.132818e+00 2.490325e+00 9.862628e+00 7.771972e+03 1.652686e+04 1.93407 3.759965e-01
8.910000e-01 4.360870e+00 2.133192e+00 2.490520e+00 9.865152e+00 7.807836e+03 1.652180e+04 1.93606 3.779877e-01
8.900000e-01 4.360870e+00 2.134999e+00 2.492632e+00 9.871992e+00 7.838456e+03 1.650842e+04 1.93796 3.791998e-01
8.890000e-01 4.360870e+00 2.135143e+00 2.492573e+00 9.873986e+00 7.874976e+03 1.650442e+04 1.93929 3.811751e-01
8.880000e-01 4.360870e+00 2.135516e+00 2.492768e+00 9.876525e+00 7.910271e+03 1.649940e+04 1.94126 3.831398e-01
8.870000e-01 4.360870e+00 2.137340e+00 2.494901e+00 9.883425e+00 7.940338e+03 1.648598e+04 1.94324 3.843320e-01
8.860000e-01 4.360870e+00 2.137484e+00 2.494844e+00 9.885439e+00 7.976428e+03 1.648203e+04 1.94456 3.862875e-01
8.850000e-01 4.360870e+00 2.137854e+00 2.495034e+00 9.887994e+00 8.011237e+03 1.647705e+04 1.94651 3.882286e-01
8.840000e-01 4.360870e+00 2.139695e+00 2.497188e+00 9.894959e+00 8.040679e+03 1.646358e+04 1.94856 3.893957e-01
8.830000e-01 4.360870e+00 2.139830e+00 2.497122e+00 9.896981e+00 8.076216e+03 1.645968e+04 1.94984 3.913235e-01
8.820000e-01 4.360870e+00 2.140191e+00 2.497300e+00 9.899543e+00 8.110405e+03 1.645476e+04 1.95176 3.932335e-01
8.810000e-01 4.360870e+00 2.142051e+00 2.499474e+00 9.906562e+00 8.138995e+03 1.644127e+04 1.9539 3.943679e-01
8.800000e-01 4.360870e+00 2.142167e+00 2.499382e+00 9.908579e+00 8.173856e+03 1.643745e+04 1.95512 3.962610e-01
8.790000e-01 4.360870e+00 2.142526e+00 2.499555e+00 9.911160e+00 8.207500e+03 1.643257e+04 1.95704 3.981480e-01
8.780000e-01 4.360870e+00 2.144411e+00 2.501758e+00 9.918268e+00 8.235663e+03 1.641898e+04 1.95927 3.992684e-01
8.770000e-01 4.360870e+00 2.144533e+00 2.501673e+00 9.920320e+00 8.270295e+03 1.641516e+04 1.96051 4.011549e-01
8.760000e-01 4.360870e+00 2.144895e+00 2.501850e+00 9.922932e+00 8.303658e+03 1.641029e+04 1.96243 4.030310e-01
8.750000e-01 4.360870e+00 2.146796e+00 2.504074e+00 9.930126e+00 8.331433e+03 1.639659e+04 1.96471 4.041316e-01
8.740000e-01 4.360870e+00 2.146921e+00 2.503996e+00 9.932201e+00 8.365701e+03 1.639280e+04 1.96594 4.060018e-01
8.730000e-01 4.360870e+00 2.147280e+00 2.504170e+00 9.934829e+00 8.398636e+03 1.638796e+04 1.96784 4.078570e-01
8.720000e-01 4.360870e+00 2.149197e+00 2.506414e+00 9.942083e+00 8.425822e+03 1.637421e+04 1.97017 4.089329e-01
8.710000e-01 4.360870e+00 2.149313e+00 2.506327e+00 9.944164e+00 8.459586e+03 1.637047e+04 1.97138 4.107776e-01
8.700000e-01 4.360870e+00 2.149671e+00 2.506501e+00 9.946809e+00 8.492057e+03 1.636565e+04 1.97327 4.126119e-01
8.690000e-01 4.360870e+00 2.151606e+00 2.508767e+00 9.954129e+00 8.518767e+03 1.635184e+04 1.97567 4.136697e-01
8.680000e-01 4.360870e+00 2.151721e+00 2.508681e+00 9.956230e+00 8.552182e+03 1.634813e+04 1.97687 4.154988e-01
8.670000e-01 4.360870e+00 2.152074e+00 2.508848e+00 9.958891e+00 8.584244e+03 1.634334e+04 1.97873 4.173136e-01
8.660000e-01 4.360870e+00 2.154029e+00 2.511138e+00 9.966282e+00 8.610407e+03 1.632946e+04 1.98121 4.183489e-01
8.650000e-01 4.360870e+00 2.154133e+00 2.511040e+00 9.968390e+00 8.643340e+03 1.632579e+04 1.98237 4.201544e-01
8.640000e-01 4.360870e+00 2.154475e+00 2.511193e+00 9.971056e+00 8.674861e+03 1.632104e+04 1.9842 4.219423e-01
8.630000e-01 4.360870e+00 2.156494e+00 2.513566e+00 9.978593e+00 8.700230e+03 1.630697e+04 1.98681 4.229383e-01
8.620000e-01 4.360870e+00 2.156551e+00 2.513404e+00 9.980640e+00 8.732639e+03 1.630345e+04 1.98789 4.247225e-01
8.610000e-01 4.360870e+00 2.156883e+00 2.513540e+00 9.983309e+00 8.763734e+03 1.629876e+04 1.98972 4.264958e-01
8.600000e-01 4.360870e+00 2.158922e+00 2.515936e+00 9.990932e+00 8.788759e+03 1.628458e+04 1.99239 4.274804e-01
8.590000e-01 4.360870e+00 2.158983e+00 2.515779e+00 9.993011e+00 8.820981e+03 1.628107e+04 1.99349 4.292600e-01
8.580000e-01 4.360870e+00 2.159315e+00 2.515917e+00 9.995711e+00 8.851838e+03 1.627637e+04 1.99532 4.310245e-01
8.570000e-01 4.360870e+00 2.161374e+00 2.518337e+00 1.000343e+01 8.876519e+03 1.626206e+04 1.99804 4.319910e-01
8.560000e-01 4.360870e+00 2.161434e+00 2.518182e+00 1.000553e+01 8.908435e+03 1.625856e+04 1.99914 4.337575e-01
8.550000e-01 4.360870e+00 2.161762e+00 2.518314e+00 1.000824e+01 8.938921e+03 1.625388e+04 2.00095 4.355045e-01
8.540000e-01 4.360870e+00 2.163839e+00 2.520758e+00 1.001603e+01 8.963073e+03 1.623950e+04 2.00373 4.364479e-01
8.530000e-01 4.360870e+00 2.163891e+00 2.520594e+00 1.001814e+01 8.994584e+03 1.623603e+04 2.00479 4.381950e-01
8.520000e-01 4.360870e+00 2.165473e+00 2.522361e+00 1.002446e+01 9.020127e+03 1.622448e+04 2.00751 4.393920e-01
8.510000e-01 4.360870e+00 2.165532e+00 2.522207e+00 1.002660e+01 9.051431e+03 1.622099e+04 2.00859 4.411299e-01
8.500000e-01 4.360870e+00 2.167128e+00 2.523991e+00 1.003297e+01 9.076689e+03 1.620937e+04 2.01134 4.423134e-01
8.490000e-01 4.360870e+00 2.167180e+00 2.523830e+00 1.003512e+01 9.107731e+03 1.620591e+04 2.0124 4.440388e-01
8.480000e-01 4.360870e+00 2.168786e+00 2.525626e+00 1.004153e+01 9.132658e+03 1.619426e+04 2.01517 4.452083e-01
8.470000e-01 4.360870e+00 2.168828e+00 2.525453e+00 1.004367e+01 9.163397e+03 1.619082e+04 2.01621 4.469190e-01
8.460000e-01 4.360870e+00 2.170442e+00 2.527257e+00 1.005011e+01 9.187876e+03 1.617915e+04 2.01901 4.480693e-01
8.450000e-01 4.360870e+00 2.171281e+00 2.528089e+00 1.005444e+01 9.215216e+03 1.617155e+04 2.02094 4.494828e-01
8.440000e-01 4.360870e+00 2.172109e+00 2.528903e+00 1.005877e+01 9.242467e+03 1.616398e+04 2.02286 4.508980e-01
8.430000e-01 4.360870e+00 2.172940e+00 2.529720e+00 1.006311e+01 9.269656e+03 1.615638e+04 2.0248 4.523110e-01
8.420000e-01 4.360870e+00 2.173774e+00 2.530541e+00 1.006747e+01 9.296779e+03 1.614877e+04 2.02674 4.537213e-01
8.410000e-01 4.360870e+00 2.174610e+00 2.531365e+00 1.007185e+01 9.323814e+03 1.614113e+04 2.02869 4.551280e-01
8.400000e-01 4.360870e+00 2.175448e+00 2.532193e+00 1.007625e+01 9.350763e+03 1.613348e+04 2.03064 4.565311e-01
8.390000e-01 4.360870e+00 2.176288e+00 2.533023e+00 1.008066e+01 9.377605e+03 1.612582e+04 2.0326 4.579294e-01
8.380000e-01 4.360870e+00 2.177129e+00 2.533855e+00 1.008508e+01 9.404311e+03 1.611816e+04 2.03456 4.593216e-01
8.370000e-01 4.360870e+00 2.177970e+00 2.534687e+00 1.008951e+01 9.430870e+03 1.611048e+04 2.03653 4.607072e-01
8.360000e-01 4.360870e+00 2.178812e+00 2.535520e+00 1.009395e+01 9.457308e+03 1.610280e+04 2.03849 4.620876e-01
8.350000e-01 4.360870e+00 2.179656e+00 2.536356e+00 1.009841e+01 9.483659e+03 1.609511e+04 2.04046 4.634643e-01
8.340000e-01 4.360870e+00 2.180501e+00 2.537194e+00 1.010289e+01 9.509908e+03 1.608740e+04 2.04244 4.648368e-01
8.330000e-01 4.360870e+00 2.181348e+00 2.538035e+00 1.010738e+01 9.536046e+03 1.607968e+04 2.04442 4.662042e-01
8.320000e-01 4.360870e+00 2.182195e+00 2.538875e+00 1.011188e+01 9.562034e+03 1.607195e+04 2.04641 4.675650e-01
8.310000e-01 4.360870e+00 2.183043e+00 2.539717e+00 1.011638e+01 9.587899e+03 1.606422e+04 2.04839 4.689204e-01
8.300000e-01 4.360870e+00 2.183890e+00 2.540558e+00 1.012090e+01 9.613589e+03 1.605648e+04 2.05038 4.702679e-01
8.290000e-01 4.360870e+00 2.184736e+00 2.541396e+00 1.012543e+01 9.639084e+03 1.604874e+04 2.05237 4.716066e-01
8.280000e-01 4.360870e+00 2.185580e+00 2.542232e+00 1.012996e+01 9.664414e+03 1.604100e+04 2.05435 4.729380e-01
8.270000e-01 4.360870e+00 2.186425e+00 2.543068e+00 1.013451e+01 9.689657e+03 1.603324e+04 2.05634 4.742662e-01
8.260000e-01 4.360870e+00 2.187274e+00 2.543909e+00 1.013908e+01 9.714857e+03 1.602546e+04 2.05834 4.755929e-01
8.250000e-01 4.360870e+00 2.188125e+00 2.544753e+00 1.014367e+01 9.739981e+03 1.601765e+04 2.06035 4.769166e-01
8.240000e-01 4.360870e+00 2.188978e+00 2.545599e+00 1.014828e+01 9.765037e+03 1.600981e+04 2.06236 4.782376e-01
8.230000e-01 4.360870e+00 2.189833e+00 2.546450e+00 1.015291e+01 9.790010e+03 1.600196e+04 2.06438 4.795550e-01
8.220000e-01 4.360870e+00 2.190690e+00 2.547302e+00 1.015756e+01 9.814888e+03 1.599409e+04 2.06641 4.808684e-01
8.210000e-01 4.360870e+00 2.191548e+00 2.548156e+00 1.016222e+01 9.839641e+03 1.598621e+04 2.06843 4.821761e-01
8.200000e-01 4.360870e+00 2.192406e+00 2.549011e+00 1.016688e+01 9.864266e+03 1.597833e+04 2.07046 4.834781e-01
8.190000e-01 4.360870e+00 2.193264e+00 2.549866e+00 1.017157e+01 9.888781e+03 1.597042e+04 2.07249 4.847754e-01
8.180000e-01 4.360870e+00 2.194125e+00 2.550724e+00 1.017627e+01 9.913216e+03 1.596250e+04 2.07453 4.860694e-01
8.170000e-01 4.360870e+00 2.194987e+00 2.551585e+00 1.018098e+01 9.937566e+03 1.595456e+04 2.07657 4.873598e-01
8.160000e-01 4.360870e+00 2.195849e+00 2.552447e+00 1.018571e+01 9.961799e+03 1.594661e+04 2.07861 4.886450e-01
8.150000e-01 4.360870e+00 2.196755e+00 2.553368e+00 1.019054e+01 9.985857e+03 1.593850e+04 2.0807 4.899141e-01
8.140000e-01 4.360870e+00 2.197619e+00 2.554233e+00 1.019530e+01 1.000984e+04 1.593052e+04 2.08276 4.911878e-01
8.130000e-01 4.360870e+00 2.198482e+00 2.555094e+00 1.020006e+01 1.003366e+04 1.592254e+04 2.0848 4.924544e-01
8.120000e-01 4.360870e+00 2.199343e+00 2.555953e+00 1.020483e+01 1.005729e+04 1.591455e+04 2.08685 4.937128e-01
8.110000e-01 4.360870e+00 2.200203e+00 2.556810e+00 1.020961e+01 1.008079e+04 1.590656e+04 2.0889 4.949651e-01
8.100000e-01 4.360870e+00 2.201065e+00 2.557669e+00 1.021441e+01 1.010422e+04 1.589854e+04 2.09096 4.962153e-01
8.090000e-01 4.360870e+00 2.201928e+00 2.558530e+00 1.021923e+01 1.012759e+04 1.589049e+04 2.09302 4.974632e-01
8.080000e-01 4.360870e+00 2.202795e+00 2.559396e+00 1.022407e+01 1.015091e+04 1.588241e+04 2.09509 4.987086e-01
8.070000e-01 4.360870e+00 2.203663e+00 2.560264e+00 1.022893e+01 1.017415e+04 1.587430e+04 2.09717 4.999512e-01
8.060000e-01 4.360870e+00 2.204533e+00 2.561134e+00 1.023382e+01 1.019731e+04 1.586617e+04 2.09924 5.011904e-01
8.050000e-01 4.360870e+00 2.205404e+00 2.562007e+00 1.023871e+01 1.022038e+04 1.585803e+04 2.10133 5.024254e-01
8.040000e-01 4.360870e+00 2.206276e+00 2.562880e+00 1.024363e+01 1.024332e+04 1.584987e+04 2.10341 5.036551e-01
8.030000e-01 4.360870e+00 2.207147e+00 2.563754e+00 1.024855e+01 1.026616e+04 1.584169e+04 2.1055 5.048796e-01
8.020000e-01 4.360870e+00 2.208020e+00 2.564629e+00 1.025349e+01 1.028890e+04 1.583349e+04 2.10759 5.061006e-01
8.010000e-01 4.360870e+00 2.208894e+00 2.565507e+00 1.025845e+01 1.031158e+04 1.582527e+04 2.10969 5.073185e-01
8.000000e-01 4.360870e+00 2.209770e+00 2.566387e+00 1.026342e+01 1.033416e+04 1.581703e+04 2.11179 5.085324e-01
7.990000e-01 4.360870e+00 2.210646e+00 2.567267e+00 1.026841e+01 1.035662e+04 1.580877e+04 2.11389 5.097411e-01
7.980000e-01 4.360870e+00 2.211522e+00 2.568147e+00 1.027342e+01 1.037897e+04 1.580049e+04 2.116 5.109444e-01
7.970000e-01 4.360870e+00 2.212398e+00 2.569028e+00 1.027843e+01 1.040119e+04 1.579220e+04 2.1181 5.121423e-01
7.960000e-01 4.360870e+00 2.213272e+00 2.569905e+00 1.028345e+01 1.042324e+04 1.578391e+04 2.12021 5.133323e-01
7.950000e-01 4.360870e+00 2.214144e+00 2.570781e+00 1.028848e+01 1.044513e+04 1.577561e+04 2.12231 5.145153e-01
7.940000e-01 4.360870e+00 2.215016e+00 2.571655e+00 1.029353e+01 1.046693e+04 1.576728e+04 2.12442 5.156947e-01
7.930000e-01 4.360870e+00 2.215890e+00 2.572532e+00 1.029860e+01 1.048868e+04 1.575893e+04 2.12653 5.168720e-01
7.920000e-01 4.360870e+00 2.216767e+00 2.573412e+00 1.030369e+01 1.051036e+04 1.575054e+04 2.12865 5.180469e-01
7.910000e-01 4.360870e+00 2.217645e+00 2.574295e+00 1.030881e+01 1.053198e+04 1.574212e+04 2.13078 5.192194e-01
7.900000e-01 4.360870e+00 2.218524e+00 2.575179e+00 1.031394e+01 1.055353e+04 1.573367e+04 2.1329 5.203887e-01
7.890000e-01 4.360870e+00 2.219406e+00 2.576067e+00 1.031910e+01 1.057499e+04 1.572519e+04 2.13504 5.215545e-01
7.880000e-01 4.360870e+00 2.220287e+00 2.576955e+00 1.032426e+01 1.059635e+04 1.571670e+04 2.13717 5.227155e-01
7.870000e-01 4.360870e+00 2.221169e+00 2.577844e+00 1.032945e+01 1.061760e+04 1.570819e+04 2.13931 5.238715e-01
7.860000e-01 4.360870e+00 2.222051e+00 2.578733e+00 1.033465e+01 1.063876e+04 1.569965e+04 2.14145 5.250236e-01
7.850000e-01 4.360870e+00 2.222934e+00 2.579625e+00 1.033987e+01 1.065985e+04 1.569109e+04 2.1436 5.261729e-01
7.840000e-01 4.360870e+00 2.223818e+00 2.580518e+00 1.034511e+01 1.068085e+04 1.568249e+04 2.14575 5.273186e-01
7.830000e-01 4.360870e+00 2.224703e+00 2.581412e+00 1.035036e+01 1.070175e+04 1.567388e+04 2.1479 5.284596e-01
7.820000e-01 4.360870e+00 2.225588e+00 2.582306e+00 1.035563e+01 1.072254e+04 1.566525e+04 2.15005 5.295954e-01
7.810000e-01 4.360870e+00 2.226472e+00 2.583201e+00 1.036091e+01 1.074321e+04 1.565660e+04 2.15221 5.307262e-01
7.800000e-01 4.360870e+00 2.227355e+00 2.584092e+00 1.036621e+01 1.076372e+04 1.564794e+04 2.15436 5.318498e-01
7.790000e-01 4.360870e+00 2.228235e+00 2.584981e+00 1.037151e+01 1.078408e+04 1.563927e+04 2.15651 5.329664e-01
7.780000e-01 4.360870e+00 2.229115e+00 2.585869e+00 1.037682e+01 1.080434e+04 1.563058e+04 2.15866 5.340790e-01
7.770000e-01 4.360870e+00 2.229996e+00 2.586757e+00 1.038216e+01 1.082454e+04 1.562185e+04 2.16082 5.351893e-01
7.760000e-01 4.360870e+00 2.230921e+00 2.587708e+00 1.038761e+01 1.084463e+04 1.561295e+04 2.16303 5.362858e-01
7.750000e-01 4.360870e+00 2.231807e+00 2.588604e+00 1.039300e+01 1.086471e+04 1.560415e+04 2.1652 5.373909e-01
7.740000e-01 4.360870e+00 2.232693e+00 2.589501e+00 1.039841e+01 1.088471e+04 1.559532e+04 2.16738 5.384933e-01
7.730000e-01 4.360870e+00 2.233581e+00 2.590400e+00 1.040385e+01 1.090464e+04 1.558646e+04 2.16955 5.395924e-01
7.720000e-01 4.360870e+00 2.234468e+00 2.591300e+00 1.040930e+01 1.092447e+04 1.557757e+04 2.17173 5.406867e-01
7.710000e-01 4.360870e+00 2.235356e+00 2.592200e+00 1.041476e+01 1.094419e+04 1.556867e+04 2.17392 5.417764e-01
7.700000e-01 4.360870e+00 2.236244e+00 2.593101e+00 1.042024e+01 1.096382e+04 1.555974e+04 2.1761 5.428624e-01
7.690000e-01 4.360870e+00 2.237132e+00 2.594004e+00 1.042575e+01 1.098338e+04 1.555077e+04 2.17829 5.439457e-01
7.680000e-01 4.360870e+00 2.238022e+00 2.594908e+00 1.043127e+01 1.100286e+04 1.554178e+04 2.18048 5.450252e-01
7.670000e-01 4.360870e+00 2.238912e+00 2.595813e+00 1.043682e+01 1.102224e+04 1.553276e+04 2.18268 5.461004e-01
7.660000e-01 4.360870e+00 2.239801e+00 2.596718e+00 1.044238e+01 1.104151e+04 1.552372e+04 2.18487 5.471704e-01
7.650000e-01 4.360870e+00 2.240690e+00 2.597622e+00 1.044795e+01 1.106067e+04 1.551466e+04 2.18707 5.482356e-01
7.640000e-01 4.360870e+00 2.241577e+00 2.598524e+00 1.045353e+01 1.107967e+04 1.550558e+04 2.18926 5.492936e-01
7.630000e-01 4.360870e+00 2.242461e+00 2.599422e+00 1.045913e+01 1.109853e+04 1.549650e+04 2.19145 5.503452e-01
7.620000e-01 4.360870e+00 2.243345e+00 2.600320e+00 1.046474e+01 1.111730e+04 1.548739e+04 2.19365 5.513932e-01
7.610000e-01 4.360870e+00 2.244230e+00 2.601219e+00 1.047037e+01 1.113600e+04 1.547824e+04 2.19585 5.524388e-01
7.600000e-01 4.360870e+00 2.245116e+00 2.602121e+00 1.047604e+01 1.115464e+04 1.546905e+04 2.19805 5.534819e-01
7.590000e-01 4.360870e+00 2.246004e+00 2.603025e+00 1.048173e+01 1.117323e+04 1.545982e+04 2.20026 5.545226e-01
7.580000e-01 4.360870e+00 2.246893e+00 2.603930e+00 1.048744e+01 1.119173e+04 1.545055e+04 2.20248 5.555600e-01
7.570000e-01 4.360870e+00 2.247782e+00 2.604837e+00 1.049318e+01 1.121016e+04 1.544125e+04 2.20469 5.565940e-01
7.560000e-01 4.360870e+00 2.248672e+00 2.605745e+00 1.049893e+01 1.122849e+04 1.543193e+04 2.20691 5.576233e-01
7.550000e-01 4.360870e+00 2.249560e+00 2.606651e+00 1.050470e+01 1.124671e+04 1.542257e+04 2.20913 5.586478e-01
7.540000e-01 4.360870e+00 2.250449e+00 2.607560e+00 1.051049e+01 1.126486e+04 1.541319e+04 2.21135 5.596695e-01
7.530000e-01 4.360870e+00 2.251339e+00 2.608470e+00 1.051631e+01 1.128294e+04 1.540377e+04 2.21357 5.606882e-01
7.520000e-01 4.360870e+00 2.252228e+00 2.609379e+00 1.052215e+01 1.130093e+04 1.539431e+04 2.2158 5.617026e-01
7.510000e-01 4.360870e+00 2.253118e+00 2.610290e+00 1.052800e+01 1.131882e+04 1.538483e+04 2.21802 5.627128e-01
7.500000e-01 4.360870e+00 2.254006e+00 2.611200e+00 1.053387e+01 1.133660e+04 1.537532e+04 2.22025 5.637179e-01
7.490000e-01 4.360870e+00 2.254893e+00 2.612108e+00 1.053976e+01 1.135426e+04 1.536579e+04 2.22248 5.647173e-01
7.480000e-01 4.360870e+00 2.255778e+00 2.613013e+00 1.054566e+01 1.137177e+04 1.535625e+04 2.2247 5.657100e-01
7.470000e-01 4.360870e+00 2.256660e+00 2.613914e+00 1.055157e+01 1.138914e+04 1.534669e+04 2.22692 5.666970e-01
7.460000e-01 4.360870e+00 2.257542e+00 2.614816e+00 1.055750e+01 1.140646e+04 1.533709e+04 2.22915 5.676815e-01
7.450000e-01 4.360870e+00 2.258425e+00 2.615719e+00 1.056346e+01 1.142371e+04 1.532744e+04 2.23137 5.686633e-01
7.440000e-01 4.360870e+00 2.259348e+00 2.616680e+00 1.056954e+01 1.144084e+04 1.531761e+04 2.23365 5.696302e-01
7.430000e-01 4.360870e+00 2.260235e+00 2.617589e+00 1.057556e+01 1.145796e+04 1.530788e+04 2.23588 5.706063e-01
7.420000e-01 4.360870e+00 2.261120e+00 2.618498e+00 1.058160e+01 1.147500e+04 1.529810e+04 2.23812 5.715791e-01
7.410000e-01 4.360870e+00 2.262005e+00 2.619405e+00 1.058767e+01 1.149195e+04 1.528830e+04 2.24036 5.725475e-01
7.400000e-01 4.360870e+00 2.262889e+00 2.620313e+00 1.059375e+01 1.150880e+04 1.527846e+04 2.2426 5.735113e-01
7.390000e-01 4.360870e+00 2.263772e+00 2.621220e+00 1.059985e+01 1.152556e+04 1.526858e+04 2.24484 5.744711e-01
7.380000e-01 4.360870e+00 2.264656e+00 2.622129e+00 1.060598e+01 1.154226e+04 1.525867e+04 2.24708 5.754286e-01
7.370000e-01 4.360870e+00 2.265539e+00 2.623037e+00 1.061214e+01 1.155887e+04 1.524871e+04 2.24932 5.763818e-01
7.360000e-01 4.360870e+00 2.266422e+00 2.623945e+00 1.061831e+01 1.157539e+04 1.523872e+04 2.25156 5.773306e-01
7.350000e-01 4.360870e+00 2.267304e+00 2.624854e+00 1.062450e+01 1.159180e+04 1.522870e+04 2.2538 5.782748e-01
7.340000e-01 4.360870e+00 2.268184e+00 2.625760e+00 1.063071e+01 1.160810e+04 1.521865e+04 2.25604 5.792138e-01
7.330000e-01 4.360870e+00 2.269061e+00 2.626662e+00 1.063693e+01 1.162427e+04 1.520858e+04 2.25828 5.801460e-01
7.320000e-01 4.360870e+00 2.268778e+00 2.626198e+00 1.063953e+01 1.164601e+04 1.520558e+04 2.25907 5.815805e-01
7.310000e-01 4.360870e+00 2.270806e+00 2.628453e+00 1.064941e+01 1.165623e+04 1.518839e+04 2.26274 5.819970e-01
7.300000e-01 4.360870e+00 2.270508e+00 2.627973e+00 1.065201e+01 1.167789e+04 1.518537e+04 2.26351 5.834300e-01
7.290000e-01 4.360870e+00 2.272552e+00 2.630247e+00 1.066200e+01 1.168793e+04 1.516799e+04 2.26721 5.838341e-01
7.280000e-01 4.360870e+00 2.272240e+00 2.629754e+00 1.066462e+01 1.170950e+04 1.516495e+04 2.26797 5.852671e-01
7.270000e-01 4.360870e+00 2.274298e+00 2.632044e+00 1.067471e+01 1.171935e+04 1.514738e+04 2.27169 5.856585e-01
7.260000e-01 4.360870e+00 2.273969e+00 2.631535e+00 1.067734e+01 1.174081e+04 1.514434e+04 2.27242 5.870893e-01
7.250000e-01 4.360870e+00 2.276041e+00 2.633842e+00 1.068752e+01 1.175043e+04 1.512662e+04 2.27616 5.874668e-01
7.240000e-01 4.360870e+00 2.275691e+00 2.633308e+00 1.069015e+01 1.177175e+04 1.512357e+04 2.27685 5.888938e-01
7.230000e-01 4.360870e+00 2.277780e+00 2.635635e+00 1.070042e+01 1.178115e+04 1.510569e+04 2.28063 5.892586e-01
7.220000e-01 4.360870e+00 2.277414e+00 2.635086e+00 1.070306e+01 1.180238e+04 1.510263e+04 2.2813 5.906849e-01
7.210000e-01 4.360870e+00 2.279517e+00 2.637430e+00 1.071343e+01 1.181154e+04 1.508459e+04 2.2851 5.910358e-01
7.200000e-01 4.360870e+00 2.279129e+00 2.636857e+00 1.071606e+01 1.183264e+04 1.508152e+04 2.28574 5.924579e-01
7.190000e-01 4.360870e+00 2.281284e+00 2.639273e+00 1.072661e+01 1.184149e+04 1.506320e+04 2.2896 5.927808e-01
7.180000e-01 4.360870e+00 2.280846e+00 2.638635e+00 1.072918e+01 1.186242e+04 1.506022e+04 2.29016 5.942023e-01
7.170000e-01 4.360870e+00 2.283003e+00 2.641047e+00 1.073975e+01 1.187096e+04 1.504185e+04 2.29404 5.945137e-01
7.160000e-01 4.360870e+00 2.282537e+00 2.640378e+00 1.074231e+01 1.189173e+04 1.503887e+04 2.29456 5.959304e-01
7.150000e-01 4.360870e+00 2.284713e+00 2.642813e+00 1.075299e+01 1.190006e+04 1.502033e+04 2.29848 5.962296e-01
7.140000e-01 4.360870e+00 2.284232e+00 2.642127e+00 1.075557e+01 1.192075e+04 1.501734e+04 2.29898 5.976474e-01
7.130000e-01 4.360870e+00 2.286422e+00 2.644579e+00 1.076636e+01 1.192887e+04 1.499860e+04 2.30292 5.979332e-01
7.120000e-01 4.360870e+00 2.285925e+00 2.643878e+00 1.076895e+01 1.194949e+04 1.499559e+04 2.3034 5.993511e-01
7.110000e-01 4.360870e+00 2.288128e+00 2.646346e+00 1.077985e+01 1.195738e+04 1.497667e+04 2.30736 5.996224e-01
7.100000e-01 4.360870e+00 2.287607e+00 2.645618e+00 1.078243e+01 1.197786e+04 1.497366e+04 2.3078 6.010373e-01
7.090000e-01 4.360870e+00 2.287487e+00 2.645218e+00 1.078578e+01 1.199620e+04 1.496906e+04 2.30946 6.024540e-01
7.080000e-01 4.360870e+00 2.290661e+00 2.648967e+00 1.080023e+01 1.199948e+04 1.494352e+04 2.31399 6.021295e-01
7.070000e-01 4.360870e+00 2.290115e+00 2.648215e+00 1.080283e+01 1.201980e+04 1.494046e+04 2.31439 6.035409e-01
7.060000e-01 4.360870e+00 2.289971e+00 2.647791e+00 1.080621e+01 1.203796e+04 1.493582e+04 2.31602 6.049536e-01
7.050000e-01 4.360870e+00 2.293232e+00 2.651654e+00 1.082098e+01 1.204071e+04 1.490976e+04 2.32066 6.045824e-01
7.040000e-01 4.360870e+00 2.292627e+00 2.650831e+00 1.082354e+01 1.206084e+04 1.490677e+04 2.32097 6.059939e-01
7.030000e-01 4.360870e+00 2.292440e+00 2.650353e+00 1.082689e+01 1.207874e+04 1.490215e+04 2.32253 6.073994e-01
7.020000e-01 4.360870e+00 2.295743e+00 2.654264e+00 1.084183e+01 1.208095e+04 1.487585e+04 2.32726 6.069978e-01
7.010000e-01 4.360870e+00 2.295092e+00 2.653387e+00 1.084436e+01 1.210082e+04 1.487287e+04 2.3275 6.084024e-01
7.000000e-01 4.360870e+00 2.294886e+00 2.652888e+00 1.084774e+01 1.211850e+04 1.486821e+04 2.32904 6.098036e-01
6.990000e-01 4.360870e+00 2.298234e+00 2.656854e+00 1.086292e+01 1.212033e+04 1.484153e+04 2.33384 6.093743e-01
6.980000e-01 4.360870e+00 2.297554e+00 2.655947e+00 1.086547e+01 1.214008e+04 1.483852e+04 2.33404 6.107810e-01
6.970000e-01 4.360870e+00 2.297319e+00 2.655414e+00 1.086886e+01 1.215761e+04 1.483382e+04 2.33554 6.121818e-01
6.960000e-01 4.360870e+00 2.300714e+00 2.659439e+00 1.088430e+01 1.215901e+04 1.480671e+04 2.34041 6.117181e-01
6.950000e-01 4.360870e+00 2.299994e+00 2.658489e+00 1.088686e+01 1.217858e+04 1.480369e+04 2.34054 6.131221e-01
6.940000e-01 4.360870e+00 2.299727e+00 2.657919e+00 1.089026e+01 1.219592e+04 1.479896e+04 2.34199 6.145188e-01
6.930000e-01 4.360870e+00 2.303174e+00 2.662008e+00 1.090595e+01 1.219687e+04 1.477143e+04 2.34694 6.140221e-01
6.920000e-01 4.360870e+00 2.302416e+00 2.661017e+00 1.090851e+01 1.221630e+04 1.476839e+04 2.34702 6.154256e-01
6.910000e-01 4.360870e+00 2.302115e+00 2.660409e+00 1.091192e+01 1.223345e+04 1.476362e+04 2.34842 6.168190e-01
6.900000e-01 4.360870e+00 2.305612e+00 2.664559e+00 1.092786e+01 1.223391e+04 1.473569e+04 2.35343 6.162850e-01
6.890000e-01 4.360870e+00 2.304806e+00 2.663511e+00 1.093039e+01 1.225312e+04 1.473265e+04 2.35342 6.176825e-01
6.880000e-01 4.360870e+00 2.304460e+00 2.662848e+00 1.093379e+01 1.227000e+04 1.472786e+04 2.35474 6.190661e-01
6.870000e-01 4.360870e+00 2.308049e+00 2.667117e+00 1.095003e+01 1.226985e+04 1.469946e+04 2.35988 6.184820e-01
6.860000e-01 4.360870e+00 2.307178e+00 2.665990e+00 1.095251e+01 1.228887e+04 1.469648e+04 2.35978 6.198816e-01
6.850000e-01 4.360870e+00 2.306800e+00 2.665288e+00 1.095591e+01 1.230557e+04 1.469167e+04 2.36107 6.212655e-01
6.840000e-01 4.360870e+00 2.310426e+00 2.669600e+00 1.097240e+01 1.230504e+04 1.466284e+04 2.36626 6.206517e-01
6.830000e-01 4.360870e+00 2.309517e+00 2.668431e+00 1.097489e+01 1.232393e+04 1.465983e+04 2.3661 6.220532e-01
6.820000e-01 4.360870e+00 2.309102e+00 2.667687e+00 1.097830e+01 1.234048e+04 1.465497e+04 2.36733 6.234361e-01
6.810000e-01 4.360870e+00 2.312780e+00 2.672062e+00 1.099508e+01 1.233947e+04 1.462565e+04 2.37258 6.227820e-01
6.800000e-01 4.360870e+00 2.311821e+00 2.670838e+00 1.099755e+01 1.235820e+04 1.462263e+04 2.37234 6.241816e-01
6.790000e-01 4.360870e+00 2.311372e+00 2.670055e+00 1.100098e+01 1.237456e+04 1.461772e+04 2.37352 6.255617e-01
6.780000e-01 4.360870e+00 2.315105e+00 2.674498e+00 1.101804e+01 1.237309e+04 1.458793e+04 2.37884 6.248695e-01
6.770000e-01 4.360870e+00 2.314101e+00 2.673224e+00 1.102051e+01 1.239167e+04 1.458488e+04 2.37853 6.262690e-01
6.760000e-01 4.360870e+00 2.313611e+00 2.672394e+00 1.102395e+01 1.240783e+04 1.457994e+04 2.37964 6.276448e-01
6.750000e-01 4.360870e+00 2.317399e+00 2.676905e+00 1.104128e+01 1.240583e+04 1.454973e+04 2.38503 6.269111e-01
6.740000e-01 4.360870e+00 2.316337e+00 2.675564e+00 1.104372e+01 1.242415e+04 1.454668e+04 2.38462 6.283043e-01
6.730000e-01 4.360870e+00 2.315803e+00 2.674679e+00 1.104714e+01 1.244003e+04 1.454173e+04 2.38566 6.296707e-01
6.720000e-01 4.360870e+00 2.319685e+00 2.679314e+00 1.106481e+01 1.243743e+04 1.451102e+04 2.39118 6.288871e-01
6.710000e-01 4.360870e+00 2.318560e+00 2.677897e+00 1.106720e+01 1.245561e+04 1.450802e+04 2.39068 6.302863e-01
6.700000e-01 4.360870e+00 2.317988e+00 2.676968e+00 1.107063e+01 1.247136e+04 1.450303e+04 2.39167 6.316561e-01
6.690000e-01 4.360870e+00 2.321909e+00 2.681649e+00 1.108860e+01 1.246832e+04 1.447183e+04 2.39724 6.308359e-01
6.680000e-01 4.360870e+00 2.320737e+00 2.680180e+00 1.109099e+01 1.248637e+04 1.446880e+04 2.39667 6.322370e-01
6.670000e-01 4.360870e+00 2.320120e+00 2.679200e+00 1.109443e+01 1.250194e+04 1.446376e+04 2.39759 6.336049e-01
6.660000e-01 4.360870e+00 2.324098e+00 2.683950e+00 1.111271e+01 1.249839e+04 1.443204e+04 2.40321 6.327392e-01
6.650000e-01 4.360870e+00 2.322871e+00 2.682418e+00 1.111509e+01 1.251628e+04 1.442899e+04 2.40255 6.341405e-01
6.640000e-01 4.360870e+00 2.325561e+00 2.685499e+00 1.112903e+01 1.251793e+04 1.440506e+04 2.40717 6.339731e-01
6.630000e-01 4.360870e+00 2.324287e+00 2.683912e+00 1.113138e+01 1.253573e+04 1.440203e+04 2.40644 6.353778e-01
6.620000e-01 4.360870e+00 2.326982e+00 2.686997e+00 1.114542e+01 1.253712e+04 1.437793e+04 2.41106 6.351936e-01
6.610000e-01 4.360870e+00 2.325665e+00 2.685359e+00 1.114775e+01 1.255478e+04 1.437490e+04 2.41025 6.365958e-01
6.600000e-01 4.360870e+00 2.328380e+00 2.688467e+00 1.116191e+01 1.255583e+04 1.435061e+04 2.41489 6.363883e-01
6.590000e-01 4.360870e+00 2.327017e+00 2.686774e+00 1.116420e+01 1.257331e+04 1.434759e+04 2.414 6.377856e-01
6.580000e-01 4.360870e+00 2.329754e+00 2.689910e+00 1.117850e+01 1.257408e+04 1.432308e+04 2.41867 6.375581e-01
6.570000e-01 4.360870e+00 2.328356e+00 2.688178e+00 1.118080e+01 1.259148e+04 1.432003e+04 2.41773 6.389587e-01
6.560000e-01 4.360870e+00 2.331111e+00 2.691338e+00 1.119527e+01 1.259199e+04 1.429523e+04 2.42241 6.387097e-01
6.550000e-01 4.360870e+00 2.329678e+00 2.689567e+00 1.119757e+01 1.260932e+04 1.429216e+04 2.42142 6.401129e-01
6.540000e-01 4.360870e+00 2.332451e+00 2.692750e+00 1.121222e+01 1.260954e+04 1.426707e+04 2.42611 6.398410e-01
6.530000e-01 4.360870e+00 2.330980e+00 2.690938e+00 1.121450e+01 1.262675e+04 1.426399e+04 2.42505 6.412439e-01
6.520000e-01 4.360870e+00 2.333771e+00 2.694143e+00 1.122931e+01 1.262668e+04 1.423865e+04 2.42976 6.409498e-01
6.510000e-01 4.360870e+00 2.332261e+00 2.692287e+00 1.123159e+01 1.264380e+04 1.423556e+04 2.42865 6.423548e-01
6.500000e-01 4.360870e+00 2.335104e+00 2.695565e+00 1.124666e+01 1.264339e+04 1.420982e+04 2.4334 6.420261e-01
6.490000e-01 4.360870e+00 2.333537e+00 2.693640e+00 1.124889e+01 1.266042e+04 1.420676e+04 2.4322 6.434366e-01
6.480000e-01 4.360870e+00 2.336384e+00 2.696920e+00 1.126408e+01 1.265973e+04 1.418084e+04 2.43696 6.430900e-01
6.470000e-01 4.360870e+00 2.334773e+00 2.694944e+00 1.126628e+01 1.267661e+04 1.417778e+04 2.43568 6.444981e-01
6.460000e-01 4.360870e+00 2.337637e+00 2.698245e+00 1.128160e+01 1.267557e+04 1.415166e+04 2.44046 6.441271e-01
6.450000e-01 4.360870e+00 2.335977e+00 2.696209e+00 1.128378e+01 1.269229e+04 1.414860e+04 2.43909 6.455316e-01
6.440000e-01 4.360870e+00 2.338864e+00 2.699540e+00 1.129926e+01 1.269097e+04 1.412224e+04 2.44389 6.451388e-01
6.430000e-01 4.360870e+00 2.337162e+00 2.697456e+00 1.130143e+01 1.270761e+04 1.411916e+04 2.44245 6.465473e-01
6.420000e-01 4.360870e+00 2.340068e+00 2.700813e+00 1.131711e+01 1.270601e+04 1.409247e+04 2.44726 6.461293e-01
6.410000e-01 4.360870e+00 2.340666e+00 2.701447e+00 1.132613e+01 1.271336e+04 1.407739e+04 2.44892 6.466120e-01
6.400000e-01 4.360870e+00 2.341254e+00 2.702069e+00 1.133517e+01 1.272063e+04 1.406229e+04 2.45057 6.470915e-01
6.390000e-01 4.360870e+00 2.341834e+00 2.702684e+00 1.134424e+01 1.272780e+04 1.404712e+04 2.45219 6.475648e-01
6.380000e-01 4.360870e+00 2.342407e+00 2.703291e+00 1.135337e+01 1.273486e+04 1.403186e+04 2.4538 6.480321e-01
6.370000e-01 4.360870e+00 2.342975e+00 2.703893e+00 1.136254e+01 1.274184e+04 1.401651e+04 2.4554 6.484938e-01
6.360000e-01 4.360870e+00 2.343536e+00 2.704489e+00 1.137176e+01 1.274871e+04 1.400110e+04 2.45697 6.489490e-01
6.350000e-01 4.360870e+00 2.344090e+00 2.705078e+00 1.138101e+01 1.275546e+04 1.398561e+04 2.45853 6.493978e-01
6.340000e-01 4.360870e+00 2.344637e+00 2.705659e+00 1.139030e+01 1.276210e+04 1.397005e+04 2.46007 6.498395e-01
6.330000e-01 4.360870e+00 2.345207e+00 2.706275e+00 1.139970e+01 1.276854e+04 1.395433e+04 2.46162 6.502614e-01
6.320000e-01 4.360870e+00 2.345738e+00 2.706838e+00 1.140905e+01 1.277491e+04 1.393868e+04 2.46312 6.506874e-01
6.310000e-01 4.360870e+00 2.346261e+00 2.707392e+00 1.141843e+01 1.278119e+04 1.392295e+04 2.4646 6.511080e-01
6.300000e-01 4.360870e+00 2.346777e+00 2.707936e+00 1.142788e+01 1.278736e+04 1.390711e+04 2.46607 6.515225e-01
6.290000e-01 4.360870e+00 2.347285e+00 2.708475e+00 1.143738e+01 1.279345e+04 1.389118e+04 2.4675 6.519304e-01
6.280000e-01 4.360870e+00 2.347785e+00 2.709006e+00 1.144692e+01 1.279944e+04 1.387514e+04 2.46892 6.523318e-01
6.270000e-01 4.360870e+00 2.348278e+00 2.709527e+00 1.145652e+01 1.280531e+04 1.385902e+04 2.47031 6.527259e-01
6.260000e-01 4.360870e+00 2.348762e+00 2.710040e+00 1.146617e+01 1.281108e+04 1.384281e+04 2.47168 6.531127e-01
6.250000e-01 4.360870e+00 2.349238e+00 2.710546e+00 1.147585e+01 1.281675e+04 1.382651e+04 2.47303 6.534929e-01
6.240000e-01 4.360870e+00 2.349707e+00 2.711043e+00 1.148560e+01 1.282231e+04 1.381012e+04 2.47436 6.538669e-01
6.230000e-01 4.360870e+00 2.350169e+00 2.711535e+00 1.149540e+01 1.282776e+04 1.379365e+04 2.47567 6.542342e-01
6.220000e-01 4.360870e+00 2.350624e+00 2.712018e+00 1.150524e+01 1.283310e+04 1.377710e+04 2.47697 6.545950e-01
6.210000e-01 4.360870e+00 2.351071e+00 2.712495e+00 1.151513e+01 1.283833e+04 1.376049e+04 2.47824 6.549487e-01
6.200000e-01 4.360870e+00 2.351509e+00 2.712963e+00 1.152505e+01 1.284343e+04 1.374382e+04 2.47949 6.552949e-01
6.190000e-01 4.360870e+00 2.351938e+00 2.713417e+00 1.153500e+01 1.284838e+04 1.372710e+04 2.48072 6.556330e-01
6.180000e-01 4.360870e+00 2.352386e+00 2.713903e+00 1.154507e+01 1.285316e+04 1.371019e+04 2.48194 6.559517e-01
6.170000e-01 4.360870e+00 2.352798e+00 2.714340e+00 1.155512e+01 1.285790e+04 1.369328e+04 2.48312 6.562754e-01
6.160000e-01 4.360870e+00 2.353200e+00 2.714766e+00 1.156524e+01 1.286254e+04 1.367627e+04 2.48427 6.565923e-01
6.150000e-01 4.360870e+00 2.353594e+00 2.715185e+00 1.157541e+01 1.286708e+04 1.365915e+04 2.4854 6.569026e-01
6.140000e-01 4.360870e+00 2.353979e+00 2.715594e+00 1.158565e+01 1.287150e+04 1.364194e+04 2.48651 6.572056e-01
6.130000e-01 4.360870e+00 2.354357e+00 2.715997e+00 1.159593e+01 1.287582e+04 1.362465e+04 2.48759 6.575015e-01
6.120000e-01 4.360870e+00 2.354725e+00 2.716391e+00 1.160627e+01 1.288002e+04 1.360727e+04 2.48865 6.577903e-01
6.110000e-01 4.360870e+00 2.355084e+00 2.716772e+00 1.161667e+01 1.288411e+04 1.358978e+04 2.48969 6.580718e-01
6.100000e-01 4.360870e+00 2.355434e+00 2.717147e+00 1.162712e+01 1.288810e+04 1.357219e+04 2.49069 6.583457e-01
6.090000e-01 4.360870e+00 2.355774e+00 2.717509e+00 1.163763e+01 1.289196e+04 1.355452e+04 2.49167 6.586112e-01
6.080000e-01 4.360870e+00 2.356102e+00 2.717859e+00 1.164818e+01 1.289571e+04 1.353676e+04 2.49261 6.588680e-01
6.070000e-01 4.360870e+00 2.356420e+00 2.718198e+00 1.165877e+01 1.289934e+04 1.351892e+04 2.49352 6.591162e-01
6.060000e-01 4.360870e+00 2.356727e+00 2.718523e+00 1.166939e+01 1.290282e+04 1.350104e+04 2.4944 6.593556e-01
6.050000e-01 4.360870e+00 2.357024e+00 2.718836e+00 1.168006e+01 1.290618e+04 1.348308e+04 2.49526 6.595871e-01
6.040000e-01 4.360870e+00 2.357338e+00 2.719180e+00 1.169088e+01 1.290938e+04 1.346488e+04 2.49611 6.597998e-01
6.030000e-01 4.360870e+00 2.357617e+00 2.719475e+00 1.170169e+01 1.291251e+04 1.344669e+04 2.49691 6.600166e-01
6.020000e-01 4.360870e+00 2.357887e+00 2.719762e+00 1.171256e+01 1.291555e+04 1.342840e+04 2.49769 6.602270e-01
6.010000e-01 4.360870e+00 2.358147e+00 2.720038e+00 1.172351e+01 1.291847e+04 1.341000e+04 2.49844 6.604294e-01
6.000000e-01 4.360870e+00 2.358396e+00 2.720304e+00 1.173451e+01 1.292128e+04 1.339152e+04 2.49917 6.606237e-01
5.990000e-01 4.360870e+00 2.358637e+00 2.720561e+00 1.174557e+01 1.292396e+04 1.337294e+04 2.49986 6.608105e-01
5.980000e-01 4.360870e+00 2.358866e+00 2.720805e+00 1.175670e+01 1.292653e+04 1.335425e+04 2.50053 6.609895e-01
5.970000e-01 4.360870e+00 2.359086e+00 2.721041e+00 1.176790e+01 1.292899e+04 1.333546e+04 2.50117 6.611606e-01
5.960000e-01 4.360870e+00 2.359297e+00 2.721267e+00 1.177916e+01 1.293132e+04 1.331658e+04 2.50178 6.613239e-01
5.950000e-01 4.360870e+00 2.359497e+00 2.721483e+00 1.179047e+01 1.293354e+04 1.329763e+04 2.50236 6.614789e-01
5.940000e-01 4.360870e+00 2.359685e+00 2.721684e+00 1.180182e+01 1.293562e+04 1.327860e+04 2.50291 6.616248e-01
5.930000e-01 4.360870e+00 2.359861e+00 2.721870e+00 1.181321e+01 1.293756e+04 1.325952e+04 2.50342 6.617613e-01
5.920000e-01 4.360870e+00 2.360024e+00 2.722042e+00 1.182465e+01 1.293939e+04 1.324035e+04 2.5039 6.618890e-01
5.910000e-01 4.360870e+00 2.360202e+00 2.722239e+00 1.183626e+01 1.294103e+04 1.322093e+04 2.50437 6.619963e-01
5.900000e-01 4.360870e+00 2.360344e+00 2.722387e+00 1.184786e+01 1.294262e+04 1.320150e+04 2.50477 6.621064e-01
5.890000e-01 4.360870e+00 2.360473e+00 2.722525e+00 1.185954e+01 1.294411e+04 1.318195e+04 2.50515 6.622085e-01
5.880000e-01 4.360870e+00 2.360591e+00 2.722649e+00 1.187129e+01 1.294546e+04 1.316229e+04 2.50549 6.623021e-01
5.870000e-01 4.360870e+00 2.360700e+00 2.722764e+00 1.188311e+01 1.294669e+04 1.314255e+04 2.50581 6.623879e-01
5.860000e-01 4.360870e+00 2.360800e+00 2.722870e+00 1.189499e+01 1.294781e+04 1.312272e+04 2.5061 6.624660e-01
5.850000e-01 4.360870e+00 2.360887e+00 2.722964e+00 1.190696e+01 1.294880e+04 1.310276e+04 2.50636 6.625357e-01
5.840000e-01 4.360870e+00 2.360965e+00 2.723049e+00 1.191900e+01 1.294968e+04 1.308271e+04 2.50659 6.625974e-01
5.830000e-01 4.360870e+00 2.361033e+00 2.723122e+00 1.193111e+01 1.295042e+04 1.306258e+04 2.50679 6.626511e-01
5.820000e-01 4.360870e+00 2.361090e+00 2.723184e+00 1.194327e+01 1.295105e+04 1.304236e+04 2.50696 6.626962e-01
5.810000e-01 4.360870e+00 2.361134e+00 2.723233e+00 1.195549e+01 1.295154e+04 1.302209e+04 2.50709 6.627321e-01
5.800000e-01 4.360870e+00 2.361167e+00 2.723265e+00 1.196774e+01 1.295189e+04 1.300176e+04 2.50719 6.627585e-01
5.790000e-01 4.360870e+00 2.361184e+00 2.723282e+00 1.198007e+01 1.295213e+04 1.298130e+04 2.50725 6.627755e-01
5.780000e-01 4.360870e+00 2.361215e+00 2.723320e+00 1.199257e+01 1.295217e+04 1.296060e+04 2.50729 6.627714e-01
5.770000e-01 4.360870e+00 2.361209e+00 2.723312e+00 1.200508e+01 1.295216e+04 1.293988e+04 2.50727 6.627693e-01
5.776273e-01 4.360870e+00 2.361899e+00 2.724179e+00 1.199968e+01 1.294947e+04 1.294903e+04 2.50792 6.624150e-01
