1.000000e+00 4.410030e+00 2.053193e+00 2.414062e+00 9.482886e+00 0.000000e+00 1.788229e+04 0 0.000000e+00
9.990000e-01 4.410030e+00 2.055700e+00 2.416375e+00 9.494526e+00 7.675886e+02 1.774510e+04 1.75939 3.636287e-02
9.980000e-01 4.410030e+00 2.056039e+00 2.416488e+00 9.495955e+00 1.074080e+03 1.769944e+04 1.86474 5.391117e-02
9.970000e-01 4.410030e+00 2.056949e+00 2.417495e+00 9.500220e+00 1.315049e+03 1.766194e+04 1.7634 6.236394e-02
9.960000e-01 4.410030e+00 2.057261e+00 2.417563e+00 9.501738e+00 1.514800e+03 1.763308e+04 1.80818 7.363851e-02
9.950000e-01 4.410030e+00 2.058150e+00 2.418481e+00 9.506003e+00 1.688875e+03 1.760481e+04 1.76602 8.011746e-02
9.940000e-01 4.410030e+00 2.058262e+00 2.418307e+00 9.507505e+00 1.850139e+03 1.758208e+04 1.78102 8.850327e-02
9.930000e-01 4.410030e+00 2.058614e+00 2.418438e+00 9.509526e+00 1.999228e+03 1.756095e+04 1.79368 9.628165e-02
9.920000e-01 4.410030e+00 2.059984e+00 2.420007e+00 9.514761e+00 2.137351e+03 1.753624e+04 1.77003 1.014415e-01
9.910000e-01 4.410030e+00 2.060205e+00 2.420005e+00 9.516373e+00 2.269790e+03 1.751806e+04 1.78091 1.083663e-01
9.900000e-01 4.410030e+00 2.060605e+00 2.420227e+00 9.518418e+00 2.394660e+03 1.750065e+04 1.79036 1.148900e-01
9.890000e-01 4.410030e+00 2.061915e+00 2.421746e+00 9.523522e+00 2.512201e+03 1.747902e+04 1.77412 1.192840e-01
9.880000e-01 4.410030e+00 2.062180e+00 2.421822e+00 9.525173e+00 2.626374e+03 1.746368e+04 1.78247 1.252602e-01
9.870000e-01 4.410030e+00 2.062596e+00 2.422082e+00 9.527224e+00 2.735184e+03 1.744871e+04 1.79004 1.309509e-01
9.860000e-01 4.410030e+00 2.063879e+00 2.423575e+00 9.532270e+00 2.837861e+03 1.742921e+04 1.77825 1.348044e-01
9.850000e-01 4.410030e+00 2.064138e+00 2.423650e+00 9.533923e+00 2.938745e+03 1.741591e+04 1.78478 1.400739e-01
9.840000e-01 4.410030e+00 2.064550e+00 2.423905e+00 9.535982e+00 3.035862e+03 1.740267e+04 1.79119 1.451642e-01
9.830000e-01 4.410030e+00 2.065845e+00 2.425411e+00 9.541062e+00 3.128115e+03 1.738455e+04 1.78243 1.486576e-01
9.820000e-01 4.410030e+00 2.066114e+00 2.425501e+00 9.542740e+00 3.220241e+03 1.737260e+04 1.78802 1.534753e-01
9.810000e-01 4.410030e+00 2.066531e+00 2.425766e+00 9.544817e+00 3.309225e+03 1.736057e+04 1.7936 1.581450e-01
9.800000e-01 4.410030e+00 2.067829e+00 2.427275e+00 9.549921e+00 3.393509e+03 1.734345e+04 1.78665 1.613421e-01
9.790000e-01 4.410030e+00 2.068091e+00 2.427357e+00 9.551607e+00 3.478398e+03 1.733260e+04 1.79144 1.657786e-01
9.780000e-01 4.410030e+00 2.068500e+00 2.427611e+00 9.553693e+00 3.560601e+03 1.732153e+04 1.79637 1.700962e-01
9.770000e-01 4.410030e+00 2.069812e+00 2.429131e+00 9.558841e+00 3.638098e+03 1.730522e+04 1.7909 1.730502e-01
9.760000e-01 4.410030e+00 2.070046e+00 2.429172e+00 9.560514e+00 3.716578e+03 1.729532e+04 1.79494 1.771412e-01
9.750000e-01 4.410030e+00 2.070423e+00 2.429375e+00 9.562587e+00 3.792554e+03 1.728514e+04 1.79923 1.811292e-01
9.740000e-01 4.410030e+00 2.071770e+00 2.430923e+00 9.567821e+00 3.864192e+03 1.726944e+04 1.79515 1.838922e-01
9.730000e-01 4.410030e+00 2.071994e+00 2.430942e+00 9.569512e+00 3.938397e+03 1.726019e+04 1.79883 1.877669e-01
9.720000e-01 4.410030e+00 2.072391e+00 2.431167e+00 9.571636e+00 4.010821e+03 1.725050e+04 1.80299 1.915893e-01
9.710000e-01 4.410030e+00 2.073752e+00 2.432735e+00 9.576943e+00 4.079344e+03 1.723512e+04 1.79945 1.942244e-01
9.700000e-01 4.410030e+00 2.073999e+00 2.432788e+00 9.578671e+00 4.150229e+03 1.722637e+04 1.80294 1.979356e-01
9.690000e-01 4.410030e+00 2.074410e+00 2.433035e+00 9.580820e+00 4.219435e+03 1.721716e+04 1.80687 2.015945e-01
9.680000e-01 4.410030e+00 2.075813e+00 2.434665e+00 9.586229e+00 4.284911e+03 1.720202e+04 1.80385 2.041049e-01
9.670000e-01 4.410030e+00 2.076045e+00 2.434704e+00 9.587926e+00 4.352667e+03 1.719381e+04 1.80709 2.076585e-01
9.660000e-01 4.410030e+00 2.076447e+00 2.434941e+00 9.590064e+00 4.418640e+03 1.718508e+04 1.81071 2.111464e-01
9.650000e-01 4.410030e+00 2.077846e+00 2.436567e+00 9.595475e+00 4.480699e+03 1.717036e+04 1.80823 2.135302e-01
9.640000e-01 4.410030e+00 2.078075e+00 2.436603e+00 9.597179e+00 4.545397e+03 1.716260e+04 1.81121 2.169236e-01
9.630000e-01 4.410030e+00 2.078482e+00 2.436848e+00 9.599334e+00 4.608605e+03 1.715425e+04 1.81467 2.202739e-01
9.620000e-01 4.410030e+00 2.079891e+00 2.438487e+00 9.604784e+00 4.668082e+03 1.713981e+04 1.81263 2.225639e-01
9.610000e-01 4.410030e+00 2.080123e+00 2.438530e+00 9.606503e+00 4.730230e+03 1.713242e+04 1.81544 2.258256e-01
9.600000e-01 4.410030e+00 2.080526e+00 2.438771e+00 9.608665e+00 4.790839e+03 1.712444e+04 1.81868 2.290391e-01
9.590000e-01 4.410030e+00 2.081946e+00 2.440423e+00 9.614150e+00 4.847674e+03 1.711029e+04 1.81707 2.312346e-01
9.580000e-01 4.410030e+00 2.082172e+00 2.440456e+00 9.615876e+00 4.907422e+03 1.710326e+04 1.81968 2.343706e-01
9.570000e-01 4.410030e+00 2.082565e+00 2.440683e+00 9.618042e+00 4.965592e+03 1.709562e+04 1.82273 2.374567e-01
9.560000e-01 4.410030e+00 2.083999e+00 2.442346e+00 9.623570e+00 5.019564e+03 1.708174e+04 1.82152 2.395474e-01
9.550000e-01 4.410030e+00 2.084198e+00 2.442340e+00 9.625283e+00 5.076755e+03 1.707507e+04 1.82388 2.425451e-01
9.540000e-01 4.410030e+00 2.084586e+00 2.442553e+00 9.627466e+00 5.132746e+03 1.706770e+04 1.82684 2.455268e-01
9.530000e-01 4.410030e+00 2.086049e+00 2.444246e+00 9.633082e+00 5.184983e+03 1.705389e+04 1.82599 2.475623e-01
9.520000e-01 4.410030e+00 2.086261e+00 2.444255e+00 9.634833e+00 5.240885e+03 1.704740e+04 1.82834 2.505024e-01
9.510000e-01 4.410030e+00 2.086658e+00 2.444481e+00 9.637048e+00 5.295505e+03 1.704020e+04 1.83122 2.534158e-01
9.500000e-01 4.410030e+00 2.088129e+00 2.446187e+00 9.642715e+00 5.346262e+03 1.702648e+04 1.83053 2.553867e-01
9.490000e-01 4.410030e+00 2.088352e+00 2.446214e+00 9.644489e+00 5.400631e+03 1.702020e+04 1.83281 2.582505e-01
9.480000e-01 4.410030e+00 2.088756e+00 2.446451e+00 9.646720e+00 5.453726e+03 1.701320e+04 1.8356 2.610864e-01
9.470000e-01 4.410030e+00 2.090230e+00 2.448164e+00 9.652414e+00 5.502919e+03 1.699964e+04 1.83509 2.629966e-01
9.460000e-01 4.410030e+00 2.090453e+00 2.448193e+00 9.654197e+00 5.555647e+03 1.699358e+04 1.83727 2.657747e-01
9.450000e-01 4.410030e+00 2.090855e+00 2.448428e+00 9.656438e+00 5.607139e+03 1.698680e+04 1.83997 2.685288e-01
9.440000e-01 4.410030e+00 2.092342e+00 2.450155e+00 9.662174e+00 5.654817e+03 1.697336e+04 1.83969 2.703864e-01
9.430000e-01 4.410030e+00 2.092569e+00 2.450192e+00 9.663979e+00 5.706295e+03 1.696746e+04 1.84181 2.731030e-01
9.420000e-01 4.410030e+00 2.092975e+00 2.450433e+00 9.666239e+00 5.756533e+03 1.696083e+04 1.84444 2.757944e-01
9.410000e-01 4.410030e+00 2.094471e+00 2.452172e+00 9.672018e+00 5.802778e+03 1.694748e+04 1.84432 2.775952e-01
9.400000e-01 4.410030e+00 2.094694e+00 2.452204e+00 9.673831e+00 5.852845e+03 1.694176e+04 1.84635 2.802377e-01
9.390000e-01 4.410030e+00 2.095096e+00 2.452440e+00 9.676100e+00 5.901668e+03 1.693531e+04 1.84889 2.828563e-01
9.380000e-01 4.410030e+00 2.096605e+00 2.454193e+00 9.681919e+00 5.946311e+03 1.692206e+04 1.84898 2.845995e-01
9.370000e-01 4.410030e+00 2.096811e+00 2.454203e+00 9.683725e+00 5.994807e+03 1.691656e+04 1.85087 2.871571e-01
9.360000e-01 4.410030e+00 2.097193e+00 2.454411e+00 9.685986e+00 6.041971e+03 1.691031e+04 1.85328 2.896876e-01
9.350000e-01 4.410030e+00 2.098728e+00 2.456189e+00 9.691861e+00 6.084958e+03 1.689715e+04 1.85364 2.913790e-01
9.340000e-01 4.410030e+00 2.098928e+00 2.456188e+00 9.693684e+00 6.132435e+03 1.689179e+04 1.85548 2.938876e-01
9.330000e-01 4.410030e+00 2.099324e+00 2.456410e+00 9.695985e+00 6.178830e+03 1.688562e+04 1.85792 2.963881e-01
9.320000e-01 4.410030e+00 2.100873e+00 2.458206e+00 9.701939e+00 6.221101e+03 1.687243e+04 1.85836 2.980469e-01
9.310000e-01 4.410030e+00 2.101084e+00 2.458221e+00 9.703791e+00 6.267732e+03 1.686717e+04 1.86019 3.005157e-01
9.300000e-01 4.410030e+00 2.101484e+00 2.458450e+00 9.706113e+00 6.313221e+03 1.686111e+04 1.86258 3.029706e-01
9.290000e-01 4.410030e+00 2.103042e+00 2.460259e+00 9.712110e+00 6.354529e+03 1.684797e+04 1.86312 3.045903e-01
9.280000e-01 4.410030e+00 2.103256e+00 2.460282e+00 9.713978e+00 6.400194e+03 1.684283e+04 1.86491 3.070102e-01
9.270000e-01 4.410030e+00 2.103653e+00 2.460508e+00 9.716308e+00 6.444634e+03 1.683690e+04 1.86723 3.094102e-01
9.260000e-01 4.410030e+00 2.105222e+00 2.462330e+00 9.722343e+00 6.484804e+03 1.682383e+04 1.86791 3.109887e-01
9.250000e-01 4.410030e+00 2.105435e+00 2.462353e+00 9.724226e+00 6.529560e+03 1.681882e+04 1.86965 3.133631e-01
9.240000e-01 4.410030e+00 2.105838e+00 2.462587e+00 9.726581e+00 6.573200e+03 1.681297e+04 1.87196 3.157267e-01
9.230000e-01 4.410030e+00 2.107419e+00 2.464424e+00 9.732674e+00 6.612564e+03 1.679991e+04 1.87274 3.172735e-01
9.220000e-01 4.410030e+00 2.107633e+00 2.464449e+00 9.734575e+00 6.656492e+03 1.679499e+04 1.87445 3.196065e-01
9.210000e-01 4.410030e+00 2.108033e+00 2.464679e+00 9.736942e+00 6.699235e+03 1.678925e+04 1.8767 3.219242e-01
9.200000e-01 4.410030e+00 2.109628e+00 2.466533e+00 9.743087e+00 6.737566e+03 1.677619e+04 1.87761 3.234326e-01
9.190000e-01 4.410030e+00 2.109834e+00 2.466548e+00 9.744992e+00 6.780521e+03 1.677139e+04 1.87925 3.257147e-01
9.180000e-01 4.410030e+00 2.110219e+00 2.466758e+00 9.747356e+00 6.822169e+03 1.676577e+04 1.88142 3.279743e-01
9.170000e-01 4.410030e+00 2.111833e+00 2.468631e+00 9.753546e+00 6.859146e+03 1.675276e+04 1.88248 3.294350e-01
9.160000e-01 4.410030e+00 2.112022e+00 2.468621e+00 9.755450e+00 6.901139e+03 1.674808e+04 1.88405 3.316674e-01
9.150000e-01 4.410030e+00 2.112413e+00 2.468835e+00 9.757844e+00 6.942067e+03 1.674252e+04 1.88623 3.338977e-01
9.140000e-01 4.410030e+00 2.114092e+00 2.470792e+00 9.764203e+00 6.978474e+03 1.672929e+04 1.88745 3.353318e-01
9.130000e-01 4.410030e+00 2.114262e+00 2.470757e+00 9.766084e+00 7.020003e+03 1.672475e+04 1.88899 3.375486e-01
9.120000e-01 4.410030e+00 2.114647e+00 2.470963e+00 9.768483e+00 7.060343e+03 1.671927e+04 1.89114 3.397514e-01
9.110000e-01 4.410030e+00 2.116332e+00 2.472928e+00 9.774889e+00 7.096062e+03 1.670604e+04 1.89242 3.411564e-01
9.100000e-01 4.410030e+00 2.116505e+00 2.472900e+00 9.776787e+00 7.136910e+03 1.670157e+04 1.89393 3.433394e-01
9.090000e-01 4.410030e+00 2.116888e+00 2.473105e+00 9.779197e+00 7.176512e+03 1.669617e+04 1.89604 3.455042e-01
9.080000e-01 4.410030e+00 2.118584e+00 2.475084e+00 9.785641e+00 7.211331e+03 1.668296e+04 1.89741 3.468748e-01
9.070000e-01 4.410030e+00 2.118752e+00 2.475051e+00 9.787546e+00 7.251418e+03 1.667858e+04 1.89888 3.490187e-01
9.060000e-01 4.410030e+00 2.119137e+00 2.475260e+00 9.789974e+00 7.290347e+03 1.667324e+04 1.90098 3.511524e-01
9.050000e-01 4.410030e+00 2.120847e+00 2.477257e+00 9.796477e+00 7.324534e+03 1.666002e+04 1.90244 3.525001e-01
9.040000e-01 4.410030e+00 2.121017e+00 2.477227e+00 9.798403e+00 7.364068e+03 1.665570e+04 1.9039 3.546177e-01
9.030000e-01 4.410030e+00 2.121398e+00 2.477431e+00 9.800845e+00 7.402369e+03 1.665042e+04 1.90596 3.567201e-01
9.020000e-01 4.410030e+00 2.123125e+00 2.479448e+00 9.807408e+00 7.435793e+03 1.663717e+04 1.90751 3.580381e-01
9.010000e-01 4.410030e+00 2.123288e+00 2.479410e+00 9.809342e+00 7.474636e+03 1.663293e+04 1.90892 3.601207e-01
9.000000e-01 4.410030e+00 2.123659e+00 2.479601e+00 9.811790e+00 7.512169e+03 1.662774e+04 1.91094 3.621838e-01
8.990000e-01 4.410030e+00 2.125404e+00 2.481636e+00 9.818402e+00 7.544562e+03 1.661449e+04 1.91259 3.634632e-01
8.980000e-01 4.410030e+00 2.125547e+00 2.481571e+00 9.820330e+00 7.582589e+03 1.661034e+04 1.91394 3.655033e-01
8.970000e-01 4.410030e+00 2.125918e+00 2.481759e+00 9.822799e+00 7.619474e+03 1.660520e+04 1.91595 3.675388e-01
8.960000e-01 4.410030e+00 2.127688e+00 2.483822e+00 9.829499e+00 7.651379e+03 1.659187e+04 1.91771 3.688026e-01
8.950000e-01 4.410030e+00 2.127839e+00 2.483767e+00 9.831462e+00 7.689100e+03 1.658775e+04 1.91908 3.708323e-01
8.940000e-01 4.410030e+00 2.128214e+00 2.483959e+00 9.833960e+00 7.725603e+03 1.658263e+04 1.92108 3.728511e-01
8.930000e-01 4.410030e+00 2.129997e+00 2.486042e+00 9.840734e+00 7.757017e+03 1.656922e+04 1.92289 3.740912e-01
8.920000e-01 4.410030e+00 2.130152e+00 2.485994e+00 9.842719e+00 7.794253e+03 1.656514e+04 1.92424 3.760979e-01
8.910000e-01 4.410030e+00 2.130525e+00 2.486186e+00 9.845231e+00 7.830214e+03 1.656007e+04 1.92622 3.780896e-01
8.900000e-01 4.410030e+00 2.132321e+00 2.488284e+00 9.852054e+00 7.860921e+03 1.654664e+04 1.9281 3.793013e-01
8.890000e-01 4.410030e+00 2.132468e+00 2.488230e+00 9.854044e+00 7.897533e+03 1.654263e+04 1.92942 3.812759e-01
8.880000e-01 4.410030e+00 2.132841e+00 2.488421e+00 9.856571e+00 7.932921e+03 1.653761e+04 1.93138 3.832409e-01
8.870000e-01 4.410030e+00 2.134654e+00 2.490541e+00 9.863454e+00 7.963070e+03 1.652414e+04 1.93334 3.844326e-01
8.860000e-01 4.410030e+00 2.134802e+00 2.490488e+00 9.865465e+00 7.999252e+03 1.652017e+04 1.93465 3.863874e-01
8.850000e-01 4.410030e+00 2.135171e+00 2.490676e+00 9.868008e+00 8.034156e+03 1.651519e+04 1.93659 3.883290e-01
8.840000e-01 4.410030e+00 2.137001e+00 2.492816e+00 9.874956e+00 8.063679e+03 1.650168e+04 1.93862 3.894956e-01
8.830000e-01 4.410030e+00 2.137141e+00 2.492755e+00 9.876975e+00 8.099308e+03 1.649776e+04 1.93989 3.914228e-01
8.820000e-01 4.410030e+00 2.137501e+00 2.492930e+00 9.879525e+00 8.133593e+03 1.649284e+04 1.9418 3.933334e-01
8.810000e-01 4.410030e+00 2.139349e+00 2.495090e+00 9.886527e+00 8.162264e+03 1.647930e+04 1.94391 3.944674e-01
8.800000e-01 4.410030e+00 2.139470e+00 2.495003e+00 9.888541e+00 8.197213e+03 1.647546e+04 1.94513 3.963597e-01
8.790000e-01 4.410030e+00 2.139827e+00 2.495173e+00 9.891109e+00 8.230944e+03 1.647058e+04 1.94703 3.982468e-01
8.780000e-01 4.410030e+00 2.141702e+00 2.497362e+00 9.898200e+00 8.259179e+03 1.645695e+04 1.94924 3.993666e-01
8.770000e-01 4.410030e+00 2.141827e+00 2.497282e+00 9.900248e+00 8.293897e+03 1.645312e+04 1.95048 4.012522e-01
8.760000e-01 4.410030e+00 2.142188e+00 2.497456e+00 9.902847e+00 8.327347e+03 1.644824e+04 1.95238 4.031285e-01
8.750000e-01 4.410030e+00 2.144079e+00 2.499666e+00 9.910025e+00 8.355193e+03 1.643450e+04 1.95463 4.042285e-01
8.740000e-01 4.410030e+00 2.144207e+00 2.499592e+00 9.912096e+00 8.389548e+03 1.643070e+04 1.95586 4.060979e-01
8.730000e-01 4.410030e+00 2.144564e+00 2.499763e+00 9.914711e+00 8.422571e+03 1.642585e+04 1.95775 4.079534e-01
8.720000e-01 4.410030e+00 2.146471e+00 2.501993e+00 9.921948e+00 8.449829e+03 1.641206e+04 1.96006 4.090288e-01
8.710000e-01 4.410030e+00 2.146591e+00 2.501911e+00 9.924026e+00 8.483677e+03 1.640830e+04 1.96126 4.108726e-01
8.700000e-01 4.410030e+00 2.146948e+00 2.502082e+00 9.926658e+00 8.516233e+03 1.640348e+04 1.96313 4.127070e-01
8.690000e-01 4.410030e+00 2.148872e+00 2.504334e+00 9.933962e+00 8.543010e+03 1.638963e+04 1.96551 4.137642e-01
8.680000e-01 4.410030e+00 2.148991e+00 2.504253e+00 9.936059e+00 8.576511e+03 1.638590e+04 1.9667 4.155925e-01
8.670000e-01 4.410030e+00 2.149342e+00 2.504417e+00 9.938707e+00 8.608658e+03 1.638111e+04 1.96856 4.174075e-01
8.660000e-01 4.410030e+00 2.151330e+00 2.506754e+00 9.946169e+00 8.634852e+03 1.636703e+04 1.97105 4.184327e-01
8.650000e-01 4.410030e+00 2.151410e+00 2.506621e+00 9.948216e+00 8.667900e+03 1.636345e+04 1.97218 4.202435e-01
8.640000e-01 4.410030e+00 2.151742e+00 2.506759e+00 9.950851e+00 8.699513e+03 1.635873e+04 1.97399 4.220339e-01
8.630000e-01 4.410030e+00 2.153744e+00 2.509110e+00 9.958361e+00 8.724948e+03 1.634463e+04 1.97656 4.230307e-01
8.620000e-01 4.410030e+00 2.153805e+00 2.508952e+00 9.960403e+00 8.757439e+03 1.634110e+04 1.97764 4.248139e-01
8.610000e-01 4.410030e+00 2.154135e+00 2.509085e+00 9.963059e+00 8.788614e+03 1.633640e+04 1.97946 4.265871e-01
8.600000e-01 4.410030e+00 2.156164e+00 2.511467e+00 9.970666e+00 8.813696e+03 1.632218e+04 1.9821 4.275710e-01
8.590000e-01 4.410030e+00 2.156228e+00 2.511314e+00 9.972740e+00 8.845998e+03 1.631865e+04 1.9832 4.293495e-01
8.580000e-01 4.410030e+00 2.156559e+00 2.511449e+00 9.975426e+00 8.876935e+03 1.631394e+04 1.98502 4.311142e-01
8.570000e-01 4.410030e+00 2.158607e+00 2.513855e+00 9.983128e+00 8.901672e+03 1.629959e+04 1.98771 4.320799e-01
8.560000e-01 4.410030e+00 2.158672e+00 2.513704e+00 9.985224e+00 8.933669e+03 1.629608e+04 1.9888 4.338454e-01
8.550000e-01 4.410030e+00 2.158997e+00 2.513834e+00 9.987925e+00 8.964237e+03 1.629139e+04 1.9906 4.355926e-01
8.540000e-01 4.410030e+00 2.161064e+00 2.516263e+00 9.995696e+00 8.988444e+03 1.627696e+04 1.99335 4.365353e-01
8.530000e-01 4.410030e+00 2.161119e+00 2.516104e+00 9.997801e+00 9.020034e+03 1.627348e+04 1.99441 4.382813e-01
8.520000e-01 4.410030e+00 2.161443e+00 2.516232e+00 1.000052e+01 9.050229e+03 1.626881e+04 1.99621 4.400127e-01
8.510000e-01 4.410030e+00 2.163531e+00 2.518687e+00 1.000837e+01 9.074035e+03 1.625429e+04 1.99902 4.409389e-01
8.500000e-01 4.410030e+00 2.163581e+00 2.518523e+00 1.001049e+01 9.105312e+03 1.625083e+04 2.00007 4.426713e-01
8.490000e-01 4.410030e+00 2.165167e+00 2.520292e+00 1.001686e+01 9.130471e+03 1.623918e+04 2.0028 4.438487e-01
8.480000e-01 4.410030e+00 2.165219e+00 2.520131e+00 1.001900e+01 9.161461e+03 1.623571e+04 2.00385 4.455671e-01
8.470000e-01 4.410030e+00 2.166819e+00 2.521918e+00 1.002541e+01 9.186242e+03 1.622402e+04 2.00661 4.467275e-01
8.460000e-01 4.410030e+00 2.166856e+00 2.521739e+00 1.002754e+01 9.216864e+03 1.622059e+04 2.00762 4.484272e-01
8.450000e-01 4.410030e+00 2.168467e+00 2.523536e+00 1.003398e+01 9.241203e+03 1.620887e+04 2.01042 4.495698e-01
8.440000e-01 4.410030e+00 2.169305e+00 2.524366e+00 1.003832e+01 9.268535e+03 1.620123e+04 2.01233 4.509798e-01
8.430000e-01 4.410030e+00 2.169324e+00 2.524159e+00 1.004045e+01 9.298877e+03 1.619785e+04 2.01333 4.526735e-01
8.420000e-01 4.410030e+00 2.170950e+00 2.525974e+00 1.004697e+01 9.322959e+03 1.618603e+04 2.01618 4.538064e-01
8.410000e-01 4.410030e+00 2.171797e+00 2.526815e+00 1.005137e+01 9.350076e+03 1.617833e+04 2.01811 4.552078e-01
8.400000e-01 4.410030e+00 2.172633e+00 2.527639e+00 1.005576e+01 9.377089e+03 1.617065e+04 2.02005 4.566101e-01
8.390000e-01 4.410030e+00 2.173470e+00 2.528465e+00 1.006015e+01 9.403995e+03 1.616297e+04 2.022 4.580077e-01
8.380000e-01 4.410030e+00 2.174308e+00 2.529292e+00 1.006456e+01 9.430767e+03 1.615528e+04 2.02394 4.593993e-01
8.370000e-01 4.410030e+00 2.175146e+00 2.530120e+00 1.006898e+01 9.457390e+03 1.614759e+04 2.02589 4.607843e-01
8.360000e-01 4.410030e+00 2.175985e+00 2.530949e+00 1.007342e+01 9.483891e+03 1.613989e+04 2.02784 4.621640e-01
8.350000e-01 4.410030e+00 2.176825e+00 2.531780e+00 1.007786e+01 9.510304e+03 1.613217e+04 2.0298 4.635400e-01
8.340000e-01 4.410030e+00 2.177668e+00 2.532614e+00 1.008233e+01 9.536615e+03 1.612444e+04 2.03176 4.649117e-01
8.330000e-01 4.410030e+00 2.178512e+00 2.533451e+00 1.008680e+01 9.562816e+03 1.611670e+04 2.03372 4.662785e-01
8.320000e-01 4.410030e+00 2.179356e+00 2.534286e+00 1.009129e+01 9.588867e+03 1.610895e+04 2.03569 4.676387e-01
8.310000e-01 4.410030e+00 2.180200e+00 2.535124e+00 1.009579e+01 9.614794e+03 1.610119e+04 2.03766 4.689933e-01
8.300000e-01 4.410030e+00 2.181044e+00 2.535960e+00 1.010029e+01 9.640549e+03 1.609343e+04 2.03963 4.703404e-01
8.290000e-01 4.410030e+00 2.181887e+00 2.536794e+00 1.010481e+01 9.666107e+03 1.608567e+04 2.0416 4.716784e-01
8.280000e-01 4.410030e+00 2.182729e+00 2.537626e+00 1.010933e+01 9.691498e+03 1.607791e+04 2.04358 4.730091e-01
8.270000e-01 4.410030e+00 2.183571e+00 2.538458e+00 1.011387e+01 9.716800e+03 1.607013e+04 2.04555 4.743366e-01
8.260000e-01 4.410030e+00 2.184416e+00 2.539294e+00 1.011843e+01 9.742057e+03 1.606232e+04 2.04754 4.756625e-01
8.250000e-01 4.410030e+00 2.185264e+00 2.540133e+00 1.012301e+01 9.767238e+03 1.605449e+04 2.04953 4.769854e-01
8.240000e-01 4.410030e+00 2.186114e+00 2.540975e+00 1.012761e+01 9.792351e+03 1.604664e+04 2.05152 4.783055e-01
8.230000e-01 4.410030e+00 2.186966e+00 2.541821e+00 1.013222e+01 9.817381e+03 1.603876e+04 2.05353 4.796221e-01
8.220000e-01 4.410030e+00 2.187820e+00 2.542669e+00 1.013686e+01 9.842316e+03 1.603087e+04 2.05553 4.809347e-01
8.210000e-01 4.410030e+00 2.188674e+00 2.543518e+00 1.014150e+01 9.867128e+03 1.602297e+04 2.05754 4.822417e-01
8.200000e-01 4.410030e+00 2.189529e+00 2.544369e+00 1.014616e+01 9.891810e+03 1.601506e+04 2.05956 4.835429e-01
8.190000e-01 4.410030e+00 2.190384e+00 2.545219e+00 1.015083e+01 9.916380e+03 1.600713e+04 2.06157 4.848394e-01
8.180000e-01 4.410030e+00 2.191241e+00 2.546073e+00 1.015551e+01 9.940871e+03 1.599919e+04 2.06359 4.861325e-01
8.170000e-01 4.410030e+00 2.192143e+00 2.546988e+00 1.016031e+01 9.965228e+03 1.599109e+04 2.06566 4.874117e-01
8.160000e-01 4.410030e+00 2.193003e+00 2.547847e+00 1.016503e+01 9.989516e+03 1.598311e+04 2.06769 4.886958e-01
8.150000e-01 4.410030e+00 2.193863e+00 2.548705e+00 1.016976e+01 1.001368e+04 1.597512e+04 2.06972 4.899745e-01
8.140000e-01 4.410030e+00 2.194724e+00 2.549564e+00 1.017450e+01 1.003771e+04 1.596712e+04 2.07175 4.912477e-01
8.130000e-01 4.410030e+00 2.195584e+00 2.550421e+00 1.017925e+01 1.006159e+04 1.595911e+04 2.07379 4.925137e-01
8.120000e-01 4.410030e+00 2.196441e+00 2.551276e+00 1.018401e+01 1.008528e+04 1.595110e+04 2.07582 4.937713e-01
8.110000e-01 4.410030e+00 2.197298e+00 2.552128e+00 1.018877e+01 1.010883e+04 1.594309e+04 2.07785 4.950228e-01
8.100000e-01 4.410030e+00 2.198156e+00 2.552982e+00 1.019356e+01 1.013232e+04 1.593504e+04 2.07989 4.962721e-01
8.090000e-01 4.410030e+00 2.199017e+00 2.553839e+00 1.019837e+01 1.015574e+04 1.592697e+04 2.08194 4.975190e-01
8.080000e-01 4.410030e+00 2.199880e+00 2.554700e+00 1.020320e+01 1.017910e+04 1.591887e+04 2.08399 4.987635e-01
8.070000e-01 4.410030e+00 2.200745e+00 2.555563e+00 1.020805e+01 1.020239e+04 1.591074e+04 2.08605 5.000052e-01
8.060000e-01 4.410030e+00 2.201612e+00 2.556429e+00 1.021292e+01 1.022561e+04 1.590259e+04 2.08811 5.012434e-01
8.050000e-01 4.410030e+00 2.202480e+00 2.557297e+00 1.021781e+01 1.024873e+04 1.589442e+04 2.09018 5.024776e-01
8.040000e-01 4.410030e+00 2.203348e+00 2.558166e+00 1.022271e+01 1.027172e+04 1.588623e+04 2.09225 5.037064e-01
8.030000e-01 4.410030e+00 2.204216e+00 2.559035e+00 1.022762e+01 1.029461e+04 1.587803e+04 2.09432 5.049300e-01
8.020000e-01 4.410030e+00 2.205086e+00 2.559906e+00 1.023255e+01 1.031740e+04 1.586981e+04 2.09639 5.061500e-01
8.010000e-01 4.410030e+00 2.205957e+00 2.560779e+00 1.023749e+01 1.034012e+04 1.586157e+04 2.09847 5.073670e-01
8.000000e-01 4.410030e+00 2.206829e+00 2.561654e+00 1.024246e+01 1.036275e+04 1.585330e+04 2.10056 5.085800e-01
7.990000e-01 4.410030e+00 2.207702e+00 2.562530e+00 1.024744e+01 1.038527e+04 1.584502e+04 2.10264 5.097879e-01
7.980000e-01 4.410030e+00 2.208574e+00 2.563405e+00 1.025243e+01 1.040766e+04 1.583672e+04 2.10473 5.109903e-01
7.970000e-01 4.410030e+00 2.209447e+00 2.564281e+00 1.025743e+01 1.042993e+04 1.582841e+04 2.10682 5.121873e-01
7.960000e-01 4.410030e+00 2.210317e+00 2.565154e+00 1.026244e+01 1.045203e+04 1.582009e+04 2.10891 5.133765e-01
7.950000e-01 4.410030e+00 2.211187e+00 2.566025e+00 1.026745e+01 1.047397e+04 1.581176e+04 2.11099 5.145587e-01
7.940000e-01 4.410030e+00 2.212055e+00 2.566895e+00 1.027249e+01 1.049582e+04 1.580341e+04 2.11308 5.157370e-01
7.930000e-01 4.410030e+00 2.212926e+00 2.567767e+00 1.027755e+01 1.051761e+04 1.579503e+04 2.11518 5.169133e-01
7.920000e-01 4.410030e+00 2.213799e+00 2.568642e+00 1.028263e+01 1.053934e+04 1.578662e+04 2.11728 5.180872e-01
7.910000e-01 4.410030e+00 2.214674e+00 2.569520e+00 1.028773e+01 1.056100e+04 1.577818e+04 2.11939 5.192587e-01
7.900000e-01 4.410030e+00 2.215550e+00 2.570400e+00 1.029285e+01 1.058259e+04 1.576970e+04 2.1215 5.204269e-01
7.890000e-01 4.410030e+00 2.216428e+00 2.571283e+00 1.029799e+01 1.060411e+04 1.576121e+04 2.12362 5.215918e-01
7.880000e-01 4.410030e+00 2.217306e+00 2.572167e+00 1.030315e+01 1.062551e+04 1.575269e+04 2.12574 5.227518e-01
7.870000e-01 4.410030e+00 2.218184e+00 2.573050e+00 1.030832e+01 1.064680e+04 1.574415e+04 2.12786 5.239068e-01
7.860000e-01 4.410030e+00 2.219062e+00 2.573935e+00 1.031351e+01 1.066800e+04 1.573559e+04 2.12998 5.250578e-01
7.850000e-01 4.410030e+00 2.219942e+00 2.574821e+00 1.031871e+01 1.068913e+04 1.572700e+04 2.13211 5.262061e-01
7.840000e-01 4.410030e+00 2.220823e+00 2.575710e+00 1.032394e+01 1.071018e+04 1.571838e+04 2.13424 5.273508e-01
7.830000e-01 4.410030e+00 2.221704e+00 2.576599e+00 1.032918e+01 1.073112e+04 1.570974e+04 2.13637 5.284908e-01
7.820000e-01 4.410030e+00 2.222585e+00 2.577489e+00 1.033444e+01 1.075195e+04 1.570109e+04 2.13851 5.296256e-01
7.810000e-01 4.410030e+00 2.223466e+00 2.578378e+00 1.033971e+01 1.077267e+04 1.569241e+04 2.14065 5.307554e-01
7.800000e-01 4.410030e+00 2.224345e+00 2.579265e+00 1.034499e+01 1.079323e+04 1.568373e+04 2.14278 5.318781e-01
7.790000e-01 4.410030e+00 2.225223e+00 2.580149e+00 1.035028e+01 1.081363e+04 1.567503e+04 2.14492 5.329938e-01
7.780000e-01 4.410030e+00 2.226141e+00 2.581091e+00 1.035567e+01 1.083388e+04 1.566618e+04 2.1471 5.340939e-01
7.770000e-01 4.410030e+00 2.227019e+00 2.581976e+00 1.036100e+01 1.085412e+04 1.565742e+04 2.14924 5.352027e-01
7.760000e-01 4.410030e+00 2.227899e+00 2.582864e+00 1.036635e+01 1.087429e+04 1.564863e+04 2.15138 5.363094e-01
7.750000e-01 4.410030e+00 2.228780e+00 2.583753e+00 1.037172e+01 1.089441e+04 1.563981e+04 2.15354 5.374136e-01
7.740000e-01 4.410030e+00 2.229663e+00 2.584646e+00 1.037712e+01 1.091445e+04 1.563095e+04 2.15569 5.385150e-01
7.730000e-01 4.410030e+00 2.230547e+00 2.585540e+00 1.038254e+01 1.093442e+04 1.562207e+04 2.15785 5.396130e-01
7.720000e-01 4.410030e+00 2.231431e+00 2.586435e+00 1.038798e+01 1.095429e+04 1.561316e+04 2.16002 5.407062e-01
7.710000e-01 4.410030e+00 2.232315e+00 2.587330e+00 1.039343e+01 1.097404e+04 1.560423e+04 2.16218 5.417948e-01
7.700000e-01 4.410030e+00 2.233199e+00 2.588226e+00 1.039890e+01 1.099371e+04 1.559527e+04 2.16435 5.428797e-01
7.690000e-01 4.410030e+00 2.234084e+00 2.589124e+00 1.040439e+01 1.101331e+04 1.558628e+04 2.16652 5.439618e-01
7.680000e-01 4.410030e+00 2.234970e+00 2.590023e+00 1.040990e+01 1.103283e+04 1.557726e+04 2.16869 5.450402e-01
7.670000e-01 4.410030e+00 2.235857e+00 2.590923e+00 1.041543e+01 1.105225e+04 1.556821e+04 2.17087 5.461143e-01
7.660000e-01 4.410030e+00 2.236742e+00 2.591823e+00 1.042098e+01 1.107156e+04 1.555914e+04 2.17305 5.471832e-01
7.650000e-01 4.410030e+00 2.237627e+00 2.592723e+00 1.042654e+01 1.109075e+04 1.555005e+04 2.17522 5.482473e-01
7.640000e-01 4.410030e+00 2.238511e+00 2.593620e+00 1.043211e+01 1.110979e+04 1.554095e+04 2.1774 5.493043e-01
7.630000e-01 4.410030e+00 2.239391e+00 2.594513e+00 1.043769e+01 1.112869e+04 1.553184e+04 2.17957 5.503548e-01
7.620000e-01 4.410030e+00 2.240272e+00 2.595406e+00 1.044329e+01 1.114749e+04 1.552270e+04 2.18175 5.514016e-01
7.610000e-01 4.410030e+00 2.241153e+00 2.596300e+00 1.044891e+01 1.116623e+04 1.551353e+04 2.18393 5.524460e-01
7.600000e-01 4.410030e+00 2.242036e+00 2.597197e+00 1.045456e+01 1.118490e+04 1.550431e+04 2.18612 5.534879e-01
7.590000e-01 4.410030e+00 2.242920e+00 2.598096e+00 1.046024e+01 1.120352e+04 1.549505e+04 2.18831 5.545274e-01
7.580000e-01 4.410030e+00 2.243805e+00 2.598996e+00 1.046594e+01 1.122206e+04 1.548576e+04 2.1905 5.555635e-01
7.570000e-01 4.410030e+00 2.244690e+00 2.599899e+00 1.047166e+01 1.124052e+04 1.547643e+04 2.1927 5.565964e-01
7.560000e-01 4.410030e+00 2.245576e+00 2.600801e+00 1.047740e+01 1.125888e+04 1.546708e+04 2.1949 5.576245e-01
7.550000e-01 4.410030e+00 2.246460e+00 2.601702e+00 1.048316e+01 1.127714e+04 1.545770e+04 2.1971 5.586478e-01
7.540000e-01 4.410030e+00 2.247346e+00 2.602606e+00 1.048894e+01 1.129532e+04 1.544829e+04 2.1993 5.596683e-01
7.530000e-01 4.410030e+00 2.248232e+00 2.603511e+00 1.049474e+01 1.131343e+04 1.543884e+04 2.20151 5.606858e-01
7.520000e-01 4.410030e+00 2.249117e+00 2.604415e+00 1.050056e+01 1.133145e+04 1.542935e+04 2.20371 5.616989e-01
7.510000e-01 4.410030e+00 2.250003e+00 2.605321e+00 1.050641e+01 1.134937e+04 1.541984e+04 2.20592 5.627080e-01
7.500000e-01 4.410030e+00 2.250888e+00 2.606226e+00 1.051227e+01 1.136718e+04 1.541031e+04 2.20813 5.637119e-01
7.490000e-01 4.410030e+00 2.251771e+00 2.607129e+00 1.051814e+01 1.138487e+04 1.540075e+04 2.21034 5.647101e-01
7.480000e-01 4.410030e+00 2.252652e+00 2.608029e+00 1.052402e+01 1.140242e+04 1.539118e+04 2.21254 5.657017e-01
7.470000e-01 4.410030e+00 2.253531e+00 2.608925e+00 1.052992e+01 1.141982e+04 1.538159e+04 2.21475 5.666874e-01
7.460000e-01 4.410030e+00 2.254409e+00 2.609823e+00 1.053584e+01 1.143717e+04 1.537196e+04 2.21695 5.676707e-01
7.450000e-01 4.410030e+00 2.255328e+00 2.610777e+00 1.054188e+01 1.145439e+04 1.536214e+04 2.2192 5.686391e-01
7.440000e-01 4.410030e+00 2.256209e+00 2.611678e+00 1.054785e+01 1.147160e+04 1.535242e+04 2.22141 5.696163e-01
7.430000e-01 4.410030e+00 2.257090e+00 2.612581e+00 1.055386e+01 1.148875e+04 1.534266e+04 2.22363 5.705914e-01
7.420000e-01 4.410030e+00 2.257972e+00 2.613484e+00 1.055989e+01 1.150582e+04 1.533286e+04 2.22585 5.715629e-01
7.410000e-01 4.410030e+00 2.258853e+00 2.614386e+00 1.056594e+01 1.152280e+04 1.532302e+04 2.22807 5.725301e-01
7.400000e-01 4.410030e+00 2.259733e+00 2.615289e+00 1.057200e+01 1.153968e+04 1.531315e+04 2.23029 5.734927e-01
7.390000e-01 4.410030e+00 2.260612e+00 2.616191e+00 1.057809e+01 1.155646e+04 1.530325e+04 2.23251 5.744512e-01
7.380000e-01 4.410030e+00 2.261492e+00 2.617095e+00 1.058421e+01 1.157319e+04 1.529331e+04 2.23473 5.754073e-01
7.370000e-01 4.410030e+00 2.262372e+00 2.617998e+00 1.059035e+01 1.158983e+04 1.528332e+04 2.23695 5.763592e-01
7.360000e-01 4.410030e+00 2.263251e+00 2.618901e+00 1.059651e+01 1.160637e+04 1.527330e+04 2.23918 5.773067e-01
7.350000e-01 4.410030e+00 2.264129e+00 2.619804e+00 1.060269e+01 1.162281e+04 1.526325e+04 2.2414 5.782497e-01
7.340000e-01 4.410030e+00 2.265005e+00 2.620705e+00 1.060889e+01 1.163914e+04 1.525317e+04 2.24362 5.791873e-01
7.330000e-01 4.410030e+00 2.265878e+00 2.621602e+00 1.061509e+01 1.165533e+04 1.524307e+04 2.24583 5.801184e-01
7.320000e-01 4.410030e+00 2.266748e+00 2.622495e+00 1.062131e+01 1.167139e+04 1.523294e+04 2.24805 5.810432e-01
7.310000e-01 4.410030e+00 2.267617e+00 2.623386e+00 1.062755e+01 1.168735e+04 1.522279e+04 2.25026 5.819641e-01
7.300000e-01 4.410030e+00 2.268486e+00 2.624278e+00 1.063382e+01 1.170325e+04 1.521258e+04 2.25247 5.828827e-01
7.290000e-01 4.410030e+00 2.268188e+00 2.623802e+00 1.063643e+01 1.172490e+04 1.520955e+04 2.25324 5.843143e-01
7.280000e-01 4.410030e+00 2.270222e+00 2.626060e+00 1.064643e+01 1.173486e+04 1.519204e+04 2.25691 5.847136e-01
7.270000e-01 4.410030e+00 2.269908e+00 2.625569e+00 1.064905e+01 1.175643e+04 1.518899e+04 2.25766 5.861437e-01
7.260000e-01 4.410030e+00 2.271959e+00 2.627848e+00 1.065917e+01 1.176617e+04 1.517130e+04 2.26135 5.865280e-01
7.250000e-01 4.410030e+00 2.271627e+00 2.627336e+00 1.066179e+01 1.178760e+04 1.516824e+04 2.26206 5.879544e-01
7.240000e-01 4.410030e+00 2.273692e+00 2.629632e+00 1.067199e+01 1.179709e+04 1.515040e+04 2.26578 5.883244e-01
7.230000e-01 4.410030e+00 2.273340e+00 2.629099e+00 1.067462e+01 1.181842e+04 1.514733e+04 2.26647 5.897493e-01
7.220000e-01 4.410030e+00 2.275422e+00 2.631417e+00 1.068492e+01 1.182771e+04 1.512931e+04 2.27021 5.901069e-01
7.210000e-01 4.410030e+00 2.275052e+00 2.630865e+00 1.068755e+01 1.184892e+04 1.512624e+04 2.27087 5.915290e-01
7.200000e-01 4.410030e+00 2.277186e+00 2.633254e+00 1.069803e+01 1.185790e+04 1.510793e+04 2.27468 5.918594e-01
7.190000e-01 4.410030e+00 2.276770e+00 2.632645e+00 1.070061e+01 1.187899e+04 1.510493e+04 2.27527 5.932828e-01
7.180000e-01 4.410030e+00 2.278903e+00 2.635026e+00 1.071112e+01 1.188769e+04 1.508656e+04 2.27909 5.936021e-01
7.170000e-01 4.410030e+00 2.278455e+00 2.634378e+00 1.071368e+01 1.190857e+04 1.508357e+04 2.27963 5.950178e-01
7.160000e-01 4.410030e+00 2.280608e+00 2.636784e+00 1.072428e+01 1.191698e+04 1.506507e+04 2.28349 5.953221e-01
7.150000e-01 4.410030e+00 2.280142e+00 2.636116e+00 1.072684e+01 1.193776e+04 1.506208e+04 2.284 5.967374e-01
7.140000e-01 4.410030e+00 2.282309e+00 2.638538e+00 1.073755e+01 1.194598e+04 1.504338e+04 2.28789 5.970291e-01
7.130000e-01 4.410030e+00 2.281826e+00 2.637854e+00 1.074012e+01 1.196668e+04 1.504037e+04 2.28838 5.984450e-01
7.120000e-01 4.410030e+00 2.284009e+00 2.640296e+00 1.075095e+01 1.197469e+04 1.502148e+04 2.2923 5.987233e-01
7.110000e-01 4.410030e+00 2.283507e+00 2.639591e+00 1.075353e+01 1.199528e+04 1.501846e+04 2.29276 6.001377e-01
7.100000e-01 4.410030e+00 2.283392e+00 2.639197e+00 1.075685e+01 1.201373e+04 1.501388e+04 2.29441 6.015556e-01
7.090000e-01 4.410030e+00 2.286534e+00 2.642903e+00 1.077120e+01 1.201710e+04 1.498837e+04 2.29887 6.012382e-01
7.080000e-01 4.410030e+00 2.286003e+00 2.642170e+00 1.077380e+01 1.203752e+04 1.498531e+04 2.29929 6.026479e-01
7.070000e-01 4.410030e+00 2.285869e+00 2.641756e+00 1.077715e+01 1.205579e+04 1.498068e+04 2.30092 6.040621e-01
7.060000e-01 4.410030e+00 2.289098e+00 2.645578e+00 1.079184e+01 1.205867e+04 1.495464e+04 2.30549 6.037001e-01
7.050000e-01 4.410030e+00 2.288514e+00 2.644781e+00 1.079439e+01 1.207892e+04 1.495164e+04 2.30583 6.051117e-01
7.040000e-01 4.410030e+00 2.288340e+00 2.644318e+00 1.079773e+01 1.209697e+04 1.494701e+04 2.3074 6.065212e-01
7.030000e-01 4.410030e+00 2.291606e+00 2.648185e+00 1.081259e+01 1.209933e+04 1.492070e+04 2.31205 6.061290e-01
7.020000e-01 4.410030e+00 2.290972e+00 2.647328e+00 1.081512e+01 1.211931e+04 1.491772e+04 2.3123 6.075314e-01
7.010000e-01 4.410030e+00 2.290770e+00 2.646832e+00 1.081846e+01 1.213707e+04 1.491308e+04 2.31383 6.089318e-01
7.000000e-01 4.410030e+00 2.294089e+00 2.650761e+00 1.083353e+01 1.213898e+04 1.488645e+04 2.31857 6.085112e-01
6.990000e-01 4.410030e+00 2.293424e+00 2.649872e+00 1.083608e+01 1.215882e+04 1.488345e+04 2.31878 6.099150e-01
6.980000e-01 4.410030e+00 2.293197e+00 2.649348e+00 1.083944e+01 1.217645e+04 1.487876e+04 2.32028 6.113161e-01
6.970000e-01 4.410030e+00 2.296561e+00 2.653333e+00 1.085478e+01 1.217795e+04 1.485168e+04 2.32508 6.108626e-01
6.960000e-01 4.410030e+00 2.295862e+00 2.652409e+00 1.085733e+01 1.219764e+04 1.484866e+04 2.32524 6.122655e-01
6.950000e-01 4.410030e+00 2.295600e+00 2.651843e+00 1.086071e+01 1.221507e+04 1.484395e+04 2.32669 6.136625e-01
6.940000e-01 4.410030e+00 2.299015e+00 2.655891e+00 1.087629e+01 1.221611e+04 1.481646e+04 2.33156 6.131745e-01
6.930000e-01 4.410030e+00 2.298278e+00 2.654926e+00 1.087884e+01 1.223564e+04 1.481342e+04 2.33167 6.145765e-01
6.920000e-01 4.410030e+00 2.297986e+00 2.654326e+00 1.088223e+01 1.225291e+04 1.480867e+04 2.33308 6.159714e-01
6.910000e-01 4.410030e+00 2.301450e+00 2.658434e+00 1.089808e+01 1.225349e+04 1.478075e+04 2.33802 6.154481e-01
6.900000e-01 4.410030e+00 2.300668e+00 2.657418e+00 1.090062e+01 1.227283e+04 1.477771e+04 2.33804 6.168460e-01
6.890000e-01 4.410030e+00 2.300336e+00 2.656773e+00 1.090400e+01 1.228985e+04 1.477292e+04 2.33938 6.182333e-01
6.880000e-01 4.410030e+00 2.303887e+00 2.660993e+00 1.092015e+01 1.228983e+04 1.474453e+04 2.34443 6.176588e-01
6.870000e-01 4.410030e+00 2.303034e+00 2.659887e+00 1.092261e+01 1.230892e+04 1.474155e+04 2.34435 6.190546e-01
6.860000e-01 4.410030e+00 2.302668e+00 2.659199e+00 1.092599e+01 1.232571e+04 1.473676e+04 2.34564 6.204378e-01
6.850000e-01 4.410030e+00 2.306259e+00 2.663466e+00 1.094236e+01 1.232526e+04 1.470801e+04 2.35076 6.198350e-01
6.840000e-01 4.410030e+00 2.305368e+00 2.662319e+00 1.094484e+01 1.234425e+04 1.470500e+04 2.35063 6.212339e-01
6.830000e-01 4.410030e+00 2.304966e+00 2.661591e+00 1.094823e+01 1.236090e+04 1.470016e+04 2.35187 6.226173e-01
6.820000e-01 4.410030e+00 2.308608e+00 2.665921e+00 1.096489e+01 1.236000e+04 1.467089e+04 2.35704 6.219750e-01
6.810000e-01 4.410030e+00 2.307672e+00 2.664724e+00 1.096736e+01 1.237882e+04 1.466786e+04 2.35684 6.233727e-01
6.800000e-01 4.410030e+00 2.307231e+00 2.663949e+00 1.097076e+01 1.239528e+04 1.466298e+04 2.35801 6.247522e-01
6.790000e-01 4.410030e+00 2.310930e+00 2.668349e+00 1.098771e+01 1.239391e+04 1.463324e+04 2.36326 6.240712e-01
6.780000e-01 4.410030e+00 2.309948e+00 2.667102e+00 1.099018e+01 1.241258e+04 1.463019e+04 2.36299 6.254693e-01
6.770000e-01 4.410030e+00 2.309470e+00 2.666285e+00 1.099359e+01 1.242886e+04 1.462526e+04 2.36411 6.268468e-01
6.760000e-01 4.410030e+00 2.313223e+00 2.670753e+00 1.101081e+01 1.242699e+04 1.459506e+04 2.36943 6.261249e-01
6.750000e-01 4.410030e+00 2.312188e+00 2.669444e+00 1.101326e+01 1.244545e+04 1.459201e+04 2.36906 6.275190e-01
6.740000e-01 4.410030e+00 2.311664e+00 2.668572e+00 1.101666e+01 1.246147e+04 1.458706e+04 2.3701 6.288881e-01
6.730000e-01 4.410030e+00 2.315510e+00 2.673160e+00 1.103422e+01 1.245895e+04 1.455638e+04 2.37554 6.281126e-01
6.720000e-01 4.410030e+00 2.314405e+00 2.671767e+00 1.103660e+01 1.247721e+04 1.455339e+04 2.37506 6.295082e-01
6.710000e-01 4.410030e+00 2.313845e+00 2.670852e+00 1.104001e+01 1.249304e+04 1.454842e+04 2.37606 6.308773e-01
6.700000e-01 4.410030e+00 2.317731e+00 2.675488e+00 1.105784e+01 1.249010e+04 1.451729e+04 2.38156 6.300693e-01
6.690000e-01 4.410030e+00 2.316582e+00 2.674047e+00 1.106023e+01 1.250824e+04 1.451427e+04 2.38102 6.314680e-01
6.680000e-01 4.410030e+00 2.315979e+00 2.673082e+00 1.106365e+01 1.252392e+04 1.450924e+04 2.38196 6.328372e-01
6.670000e-01 4.410030e+00 2.319920e+00 2.677787e+00 1.108180e+01 1.252047e+04 1.447758e+04 2.38751 6.319842e-01
6.660000e-01 4.410030e+00 2.318714e+00 2.676281e+00 1.108417e+01 1.253844e+04 1.447453e+04 2.38687 6.333820e-01
6.650000e-01 4.410030e+00 2.321382e+00 2.679332e+00 1.109801e+01 1.254019e+04 1.445066e+04 2.39144 6.332244e-01
6.640000e-01 4.410030e+00 2.320134e+00 2.677777e+00 1.110036e+01 1.255809e+04 1.444764e+04 2.39075 6.346272e-01
6.630000e-01 4.410030e+00 2.322805e+00 2.680829e+00 1.111431e+01 1.255959e+04 1.442357e+04 2.39531 6.344533e-01
6.620000e-01 4.410030e+00 2.321517e+00 2.679229e+00 1.111664e+01 1.257736e+04 1.442054e+04 2.39455 6.358546e-01
6.610000e-01 4.410030e+00 2.324206e+00 2.682303e+00 1.113072e+01 1.257856e+04 1.439626e+04 2.39914 6.356582e-01
6.600000e-01 4.410030e+00 2.322873e+00 2.680648e+00 1.113302e+01 1.259616e+04 1.439323e+04 2.39829 6.370554e-01
6.590000e-01 4.410030e+00 2.325583e+00 2.683750e+00 1.114721e+01 1.259702e+04 1.436877e+04 2.4029 6.368360e-01
6.580000e-01 4.410030e+00 2.324209e+00 2.682045e+00 1.114949e+01 1.261450e+04 1.436574e+04 2.40199 6.382329e-01
6.570000e-01 4.410030e+00 2.326940e+00 2.685173e+00 1.116386e+01 1.261510e+04 1.434100e+04 2.40663 6.379934e-01
6.560000e-01 4.410030e+00 2.325533e+00 2.683435e+00 1.116614e+01 1.263251e+04 1.433794e+04 2.40567 6.393928e-01
6.550000e-01 4.410030e+00 2.328281e+00 2.686584e+00 1.118068e+01 1.263284e+04 1.431291e+04 2.41031 6.391319e-01
6.540000e-01 4.410030e+00 2.326836e+00 2.684803e+00 1.118297e+01 1.265015e+04 1.430983e+04 2.40929 6.405328e-01
6.530000e-01 4.410030e+00 2.329603e+00 2.687978e+00 1.119767e+01 1.265019e+04 1.428455e+04 2.41395 6.402487e-01
6.520000e-01 4.410030e+00 2.328115e+00 2.686147e+00 1.119993e+01 1.266738e+04 1.428146e+04 2.41286 6.416500e-01
6.510000e-01 4.410030e+00 2.330906e+00 2.689352e+00 1.121481e+01 1.266714e+04 1.425590e+04 2.41755 6.413441e-01
6.500000e-01 4.410030e+00 2.329382e+00 2.687484e+00 1.121708e+01 1.268424e+04 1.425279e+04 2.41641 6.427469e-01
6.490000e-01 4.410030e+00 2.332219e+00 2.690753e+00 1.123221e+01 1.268363e+04 1.422684e+04 2.42112 6.424050e-01
6.480000e-01 4.410030e+00 2.330639e+00 2.688815e+00 1.123442e+01 1.270063e+04 1.422378e+04 2.41989 6.438121e-01
6.470000e-01 4.410030e+00 2.333479e+00 2.692087e+00 1.124965e+01 1.269974e+04 1.419767e+04 2.42461 6.434527e-01
6.460000e-01 4.410030e+00 2.331846e+00 2.690084e+00 1.125182e+01 1.271657e+04 1.419461e+04 2.42329 6.448565e-01
6.450000e-01 4.410030e+00 2.334710e+00 2.693385e+00 1.126719e+01 1.271533e+04 1.416831e+04 2.42804 6.444725e-01
6.440000e-01 4.410030e+00 2.333035e+00 2.691334e+00 1.126935e+01 1.273205e+04 1.416524e+04 2.42665 6.458771e-01
6.430000e-01 4.410030e+00 2.335917e+00 2.694658e+00 1.128490e+01 1.273054e+04 1.413863e+04 2.4314 6.454704e-01
6.420000e-01 4.410030e+00 2.334203e+00 2.692565e+00 1.128706e+01 1.274719e+04 1.413553e+04 2.42995 6.468779e-01
6.410000e-01 4.410030e+00 2.337101e+00 2.695909e+00 1.130281e+01 1.274539e+04 1.410859e+04 2.43471 6.464458e-01
6.400000e-01 4.410030e+00 2.337690e+00 2.696532e+00 1.131186e+01 1.275263e+04 1.409340e+04 2.43634 6.469203e-01
6.390000e-01 4.410030e+00 2.338267e+00 2.697144e+00 1.132092e+01 1.275979e+04 1.407818e+04 2.43795 6.473916e-01
6.380000e-01 4.410030e+00 2.338836e+00 2.697745e+00 1.133002e+01 1.276685e+04 1.406288e+04 2.43954 6.478571e-01
6.370000e-01 4.410030e+00 2.339400e+00 2.698343e+00 1.133918e+01 1.277382e+04 1.404749e+04 2.44112 6.483171e-01
6.360000e-01 4.410030e+00 2.339957e+00 2.698935e+00 1.134837e+01 1.278068e+04 1.403203e+04 2.44267 6.487707e-01
6.350000e-01 4.410030e+00 2.340507e+00 2.699518e+00 1.135761e+01 1.278743e+04 1.401649e+04 2.44422 6.492178e-01
6.340000e-01 4.410030e+00 2.341081e+00 2.700140e+00 1.136697e+01 1.279400e+04 1.400077e+04 2.44577 6.496455e-01
6.330000e-01 4.410030e+00 2.341617e+00 2.700709e+00 1.137627e+01 1.280050e+04 1.398512e+04 2.44728 6.500774e-01
6.320000e-01 4.410030e+00 2.342144e+00 2.701266e+00 1.138559e+01 1.280686e+04 1.396943e+04 2.44876 6.505022e-01
6.310000e-01 4.410030e+00 2.342663e+00 2.701815e+00 1.139496e+01 1.281314e+04 1.395366e+04 2.45022 6.509210e-01
6.300000e-01 4.410030e+00 2.343175e+00 2.702355e+00 1.140439e+01 1.281930e+04 1.393778e+04 2.45167 6.513338e-01
6.290000e-01 4.410030e+00 2.343679e+00 2.702888e+00 1.141386e+01 1.282538e+04 1.392180e+04 2.45309 6.517400e-01
6.280000e-01 4.410030e+00 2.344176e+00 2.703415e+00 1.142339e+01 1.283136e+04 1.390572e+04 2.45449 6.521396e-01
6.270000e-01 4.410030e+00 2.344664e+00 2.703931e+00 1.143297e+01 1.283723e+04 1.388955e+04 2.45586 6.525320e-01
6.260000e-01 4.410030e+00 2.345145e+00 2.704440e+00 1.144260e+01 1.284299e+04 1.387330e+04 2.45722 6.529171e-01
6.250000e-01 4.410030e+00 2.345617e+00 2.704941e+00 1.145227e+01 1.284865e+04 1.385696e+04 2.45855 6.532957e-01
6.240000e-01 4.410030e+00 2.346083e+00 2.705434e+00 1.146199e+01 1.285420e+04 1.384053e+04 2.45987 6.536679e-01
6.230000e-01 4.410030e+00 2.346541e+00 2.705922e+00 1.147177e+01 1.285965e+04 1.382401e+04 2.46116 6.540336e-01
6.220000e-01 4.410030e+00 2.346992e+00 2.706401e+00 1.148159e+01 1.286498e+04 1.380742e+04 2.46244 6.543928e-01
6.210000e-01 4.410030e+00 2.347435e+00 2.706874e+00 1.149146e+01 1.287019e+04 1.379076e+04 2.4637 6.547448e-01
6.200000e-01 4.410030e+00 2.347870e+00 2.707337e+00 1.150136e+01 1.287528e+04 1.377405e+04 2.46493 6.550894e-01
6.190000e-01 4.410030e+00 2.348325e+00 2.707830e+00 1.151137e+01 1.288016e+04 1.375716e+04 2.46617 6.554137e-01
6.180000e-01 4.410030e+00 2.348742e+00 2.708272e+00 1.152135e+01 1.288499e+04 1.374032e+04 2.46736 6.557422e-01
6.170000e-01 4.410030e+00 2.349148e+00 2.708703e+00 1.153138e+01 1.288973e+04 1.372337e+04 2.46852 6.560646e-01
6.160000e-01 4.410030e+00 2.349547e+00 2.709124e+00 1.154147e+01 1.289435e+04 1.370631e+04 2.46966 6.563799e-01
6.150000e-01 4.410030e+00 2.349937e+00 2.709539e+00 1.155163e+01 1.289889e+04 1.368915e+04 2.47077 6.566885e-01
6.140000e-01 4.410030e+00 2.350320e+00 2.709945e+00 1.156184e+01 1.290330e+04 1.367189e+04 2.47186 6.569900e-01
6.130000e-01 4.410030e+00 2.350694e+00 2.710343e+00 1.157210e+01 1.290760e+04 1.365455e+04 2.47293 6.572842e-01
6.120000e-01 4.410030e+00 2.351059e+00 2.710733e+00 1.158242e+01 1.291179e+04 1.363713e+04 2.47398 6.575713e-01
6.110000e-01 4.410030e+00 2.351415e+00 2.711111e+00 1.159280e+01 1.291587e+04 1.361959e+04 2.475 6.578511e-01
6.100000e-01 4.410030e+00 2.351761e+00 2.711481e+00 1.160323e+01 1.291984e+04 1.360196e+04 2.47599 6.581234e-01
6.090000e-01 4.410030e+00 2.352097e+00 2.711840e+00 1.161372e+01 1.292370e+04 1.358424e+04 2.47695 6.583872e-01
6.080000e-01 4.410030e+00 2.352422e+00 2.712186e+00 1.162425e+01 1.292744e+04 1.356643e+04 2.47788 6.586422e-01
6.070000e-01 4.410030e+00 2.352737e+00 2.712521e+00 1.163482e+01 1.293105e+04 1.354855e+04 2.47878 6.588888e-01
6.060000e-01 4.410030e+00 2.353041e+00 2.712842e+00 1.164542e+01 1.293452e+04 1.353062e+04 2.47965 6.591266e-01
6.050000e-01 4.410030e+00 2.353334e+00 2.713152e+00 1.165606e+01 1.293787e+04 1.351261e+04 2.48049 6.593565e-01
6.040000e-01 4.410030e+00 2.353646e+00 2.713493e+00 1.166686e+01 1.294105e+04 1.349437e+04 2.48133 6.595675e-01
6.030000e-01 4.410030e+00 2.353922e+00 2.713784e+00 1.167765e+01 1.294417e+04 1.347614e+04 2.48213 6.597828e-01
6.020000e-01 4.410030e+00 2.354189e+00 2.714068e+00 1.168851e+01 1.294720e+04 1.345780e+04 2.48289 6.599916e-01
6.010000e-01 4.410030e+00 2.354446e+00 2.714340e+00 1.169943e+01 1.295010e+04 1.343935e+04 2.48363 6.601924e-01
6.000000e-01 4.410030e+00 2.354693e+00 2.714603e+00 1.171041e+01 1.295289e+04 1.342082e+04 2.48434 6.603852e-01
5.990000e-01 4.410030e+00 2.354930e+00 2.714857e+00 1.172145e+01 1.295557e+04 1.340220e+04 2.48503 6.605704e-01
5.980000e-01 4.410030e+00 2.355157e+00 2.715098e+00 1.173256e+01 1.295812e+04 1.338346e+04 2.48569 6.607478e-01
5.970000e-01 4.410030e+00 2.355374e+00 2.715331e+00 1.174373e+01 1.296056e+04 1.336463e+04 2.48631 6.609175e-01
5.960000e-01 4.410030e+00 2.355582e+00 2.715554e+00 1.175497e+01 1.296288e+04 1.334570e+04 2.48692 6.610793e-01
5.950000e-01 4.410030e+00 2.355779e+00 2.715766e+00 1.176626e+01 1.296508e+04 1.332670e+04 2.48749 6.612327e-01
5.940000e-01 4.410030e+00 2.355965e+00 2.715965e+00 1.177759e+01 1.296715e+04 1.330763e+04 2.48802 6.613770e-01
5.930000e-01 4.410030e+00 2.356138e+00 2.716147e+00 1.178895e+01 1.296908e+04 1.328850e+04 2.48853 6.615120e-01
5.920000e-01 4.410030e+00 2.356299e+00 2.716316e+00 1.180037e+01 1.297089e+04 1.326928e+04 2.489 6.616381e-01
5.910000e-01 4.410030e+00 2.356474e+00 2.716511e+00 1.181196e+01 1.297252e+04 1.324981e+04 2.48945 6.617438e-01
5.900000e-01 4.410030e+00 2.356613e+00 2.716657e+00 1.182354e+01 1.297409e+04 1.323033e+04 2.48985 6.618524e-01
5.890000e-01 4.410030e+00 2.356740e+00 2.716791e+00 1.183519e+01 1.297556e+04 1.321074e+04 2.49022 6.619531e-01
5.880000e-01 4.410030e+00 2.356856e+00 2.716913e+00 1.184692e+01 1.297689e+04 1.319104e+04 2.49055 6.620453e-01
5.870000e-01 4.410030e+00 2.356963e+00 2.717026e+00 1.185871e+01 1.297811e+04 1.317125e+04 2.49086 6.621297e-01
5.860000e-01 4.410030e+00 2.357060e+00 2.717130e+00 1.187058e+01 1.297921e+04 1.315137e+04 2.49115 6.622064e-01
5.850000e-01 4.410030e+00 2.357146e+00 2.717221e+00 1.188252e+01 1.298019e+04 1.313137e+04 2.4914 6.622749e-01
5.840000e-01 4.410030e+00 2.357222e+00 2.717304e+00 1.189454e+01 1.298104e+04 1.311127e+04 2.49162 6.623353e-01
5.830000e-01 4.410030e+00 2.357287e+00 2.717374e+00 1.190662e+01 1.298177e+04 1.309109e+04 2.49182 6.623876e-01
5.820000e-01 4.410030e+00 2.357342e+00 2.717435e+00 1.191876e+01 1.298238e+04 1.307083e+04 2.49198 6.624313e-01
5.810000e-01 4.410030e+00 2.357385e+00 2.717481e+00 1.193095e+01 1.298286e+04 1.305050e+04 2.49211 6.624658e-01
5.800000e-01 4.410030e+00 2.357415e+00 2.717511e+00 1.194318e+01 1.298319e+04 1.303013e+04 2.4922 6.624908e-01
5.790000e-01 4.410030e+00 2.357431e+00 2.717525e+00 1.195548e+01 1.298341e+04 1.300962e+04 2.49225 6.625064e-01
5.780000e-01 4.410030e+00 2.357460e+00 2.717563e+00 1.196796e+01 1.298343e+04 1.298887e+04 2.49229 6.625010e-01
5.770000e-01 4.410030e+00 2.357452e+00 2.717553e+00 1.198045e+01 1.298340e+04 1.296811e+04 2.49227 6.624975e-01
5.777644e-01 4.410030e+00 2.358486e+00 2.718779e+00 1.197471e+01 1.297888e+04 1.297774e+04 2.49324 6.619441e-01
