1.000000e+00 4.426420e+00 2.054071e+00 2.408348e+00 9.474356e+00 0.000000e+00 1.790683e+04 0 0.000000e+00
9.990000e-01 4.426420e+00 2.055062e+00 2.415271e+00 9.488532e+00 7.701789e+02 1.775823e+04 1.75799 3.647926e-02
9.980000e-01 4.426420e+00 2.055230e+00 2.415163e+00 9.489730e+00 1.076039e+03 1.771309e+04 1.86122 5.395012e-02
9.970000e-01 4.426420e+00 2.056138e+00 2.416176e+00 9.494006e+00 1.316507e+03 1.767567e+04 1.76053 6.238055e-02
9.960000e-01 4.426420e+00 2.056250e+00 2.416013e+00 9.495462e+00 1.516774e+03 1.764676e+04 1.78329 7.279105e-02
9.950000e-01 4.426420e+00 2.056538e+00 2.416057e+00 9.497398e+00 1.692636e+03 1.762157e+04 1.79747 8.185397e-02
9.940000e-01 4.426420e+00 2.057924e+00 2.417626e+00 9.502674e+00 1.850704e+03 1.759400e+04 1.76448 8.773700e-02
9.930000e-01 4.426420e+00 2.058087e+00 2.417526e+00 9.504234e+00 2.000789e+03 1.757302e+04 1.7779 9.555832e-02
9.920000e-01 4.426420e+00 2.058463e+00 2.417699e+00 9.506269e+00 2.140705e+03 1.755330e+04 1.78929 1.028582e-01
9.910000e-01 4.426420e+00 2.059805e+00 2.419244e+00 9.511448e+00 2.271169e+03 1.752974e+04 1.76853 1.077199e-01
9.900000e-01 4.426420e+00 2.060045e+00 2.419274e+00 9.513073e+00 2.396705e+03 1.751263e+04 1.7784 1.142820e-01
9.890000e-01 4.426420e+00 2.060455e+00 2.419516e+00 9.515122e+00 2.515723e+03 1.749611e+04 1.7872 1.205027e-01
9.880000e-01 4.426420e+00 2.061750e+00 2.421021e+00 9.520194e+00 2.628097e+03 1.747523e+04 1.77262 1.247019e-01
9.870000e-01 4.426420e+00 2.062020e+00 2.421106e+00 9.521847e+00 2.737490e+03 1.746062e+04 1.7803 1.304213e-01
9.860000e-01 4.426420e+00 2.062431e+00 2.421362e+00 9.523892e+00 2.841951e+03 1.744630e+04 1.78735 1.358800e-01
9.850000e-01 4.426420e+00 2.063712e+00 2.422850e+00 9.528936e+00 2.940563e+03 1.742734e+04 1.77676 1.395881e-01
9.840000e-01 4.426420e+00 2.063973e+00 2.422927e+00 9.530595e+00 3.038313e+03 1.741453e+04 1.78293 1.446923e-01
9.830000e-01 4.426420e+00 2.064390e+00 2.423190e+00 9.532662e+00 3.132654e+03 1.740170e+04 1.78907 1.496389e-01
9.820000e-01 4.426420e+00 2.065683e+00 2.424694e+00 9.537746e+00 3.222288e+03 1.738390e+04 1.78094 1.530293e-01
9.810000e-01 4.426420e+00 2.065953e+00 2.424786e+00 9.539427e+00 3.311898e+03 1.737234e+04 1.78624 1.577116e-01
9.800000e-01 4.426420e+00 2.066365e+00 2.425044e+00 9.541501e+00 3.398465e+03 1.736065e+04 1.79156 1.622508e-01
9.790000e-01 4.426420e+00 2.067666e+00 2.426555e+00 9.546617e+00 3.480584e+03 1.734378e+04 1.78517 1.653704e-01
9.780000e-01 4.426420e+00 2.067926e+00 2.426633e+00 9.548303e+00 3.563430e+03 1.733323e+04 1.78972 1.696958e-01
9.770000e-01 4.426420e+00 2.068325e+00 2.426872e+00 9.550380e+00 3.643541e+03 1.732246e+04 1.7944 1.738974e-01
9.760000e-01 4.426420e+00 2.069641e+00 2.428392e+00 9.555541e+00 3.718819e+03 1.730640e+04 1.7894 1.767710e-01
9.750000e-01 4.426420e+00 2.069861e+00 2.428411e+00 9.557205e+00 3.795457e+03 1.729678e+04 1.79322 1.807597e-01
9.740000e-01 4.426420e+00 2.070244e+00 2.428618e+00 9.559294e+00 3.870132e+03 1.728677e+04 1.79751 1.846891e-01
9.730000e-01 4.426420e+00 2.071598e+00 2.430173e+00 9.564558e+00 3.940796e+03 1.727114e+04 1.79365 1.874126e-01
9.720000e-01 4.426420e+00 2.071831e+00 2.430205e+00 9.566262e+00 4.013960e+03 1.726204e+04 1.79728 1.912346e-01
9.710000e-01 4.426420e+00 2.072233e+00 2.430436e+00 9.568392e+00 4.085343e+03 1.725251e+04 1.80135 1.950007e-01
9.700000e-01 4.426420e+00 2.073634e+00 2.432061e+00 9.573783e+00 4.152847e+03 1.723711e+04 1.79801 1.975884e-01
9.690000e-01 4.426420e+00 2.073860e+00 2.432087e+00 9.575467e+00 4.222798e+03 1.722860e+04 1.80141 2.012527e-01
9.680000e-01 4.426420e+00 2.074265e+00 2.432327e+00 9.577602e+00 4.291057e+03 1.721955e+04 1.80524 2.048603e-01
9.670000e-01 4.426420e+00 2.075658e+00 2.433945e+00 9.582998e+00 4.355496e+03 1.720454e+04 1.80236 2.073269e-01
9.660000e-01 4.426420e+00 2.075889e+00 2.433983e+00 9.584694e+00 4.422176e+03 1.719649e+04 1.8055 2.108206e-01
9.650000e-01 4.426420e+00 2.076289e+00 2.434218e+00 9.586829e+00 4.487132e+03 1.718790e+04 1.80904 2.142536e-01
9.640000e-01 4.426420e+00 2.077691e+00 2.435846e+00 9.592249e+00 4.548354e+03 1.717326e+04 1.80673 2.166078e-01
9.630000e-01 4.426420e+00 2.077924e+00 2.435888e+00 9.593960e+00 4.612299e+03 1.716560e+04 1.80967 2.199611e-01
9.620000e-01 4.426420e+00 2.078331e+00 2.436133e+00 9.596116e+00 4.674715e+03 1.715737e+04 1.81306 2.232673e-01
9.610000e-01 4.426420e+00 2.079739e+00 2.437771e+00 9.601569e+00 4.733330e+03 1.714302e+04 1.81114 2.255220e-01
9.600000e-01 4.426420e+00 2.079970e+00 2.437811e+00 9.603288e+00 4.794670e+03 1.713575e+04 1.81387 2.287384e-01
9.590000e-01 4.426420e+00 2.080374e+00 2.438053e+00 9.605454e+00 4.854577e+03 1.712787e+04 1.81708 2.319157e-01
9.580000e-01 4.426420e+00 2.081794e+00 2.439704e+00 9.610948e+00 4.910625e+03 1.711379e+04 1.81557 2.340789e-01
9.570000e-01 4.426420e+00 2.082013e+00 2.439728e+00 9.612669e+00 4.969537e+03 1.710688e+04 1.8181 2.371670e-01
9.560000e-01 4.426420e+00 2.082397e+00 2.439941e+00 9.614827e+00 5.026837e+03 1.709935e+04 1.82107 2.402043e-01
9.550000e-01 4.426420e+00 2.083839e+00 2.441609e+00 9.620373e+00 5.079999e+03 1.708551e+04 1.82001 2.422683e-01
9.540000e-01 4.426420e+00 2.084040e+00 2.441605e+00 9.622096e+00 5.136796e+03 1.707890e+04 1.82237 2.452468e-01
9.530000e-01 4.426420e+00 2.084433e+00 2.441823e+00 9.624292e+00 5.192437e+03 1.707158e+04 1.82532 2.482112e-01
9.520000e-01 4.426420e+00 2.085897e+00 2.443517e+00 9.629927e+00 5.244293e+03 1.705776e+04 1.8245 2.502256e-01
9.510000e-01 4.426420e+00 2.086113e+00 2.443534e+00 9.631684e+00 5.299719e+03 1.705133e+04 1.82682 2.531399e-01
9.500000e-01 4.426420e+00 2.086513e+00 2.443762e+00 9.633901e+00 5.353848e+03 1.704420e+04 1.82967 2.560261e-01
9.490000e-01 4.426420e+00 2.087983e+00 2.445468e+00 9.639573e+00 5.404188e+03 1.703051e+04 1.82903 2.579794e-01
9.480000e-01 4.426420e+00 2.088209e+00 2.445500e+00 9.641352e+00 5.458087e+03 1.702429e+04 1.83129 2.608169e-01
9.470000e-01 4.426420e+00 2.088611e+00 2.445735e+00 9.643581e+00 5.510675e+03 1.701737e+04 1.83404 2.636239e-01
9.460000e-01 4.426420e+00 2.090085e+00 2.447447e+00 9.649279e+00 5.559311e+03 1.700385e+04 1.8336 2.655118e-01
9.450000e-01 4.426420e+00 2.090308e+00 2.447477e+00 9.651066e+00 5.611615e+03 1.699785e+04 1.83574 2.682664e-01
9.440000e-01 4.426420e+00 2.090714e+00 2.447717e+00 9.653313e+00 5.662760e+03 1.699111e+04 1.83843 2.710030e-01
9.430000e-01 4.426420e+00 2.092201e+00 2.449443e+00 9.659061e+00 5.710076e+03 1.697767e+04 1.83819 2.728436e-01
9.420000e-01 4.426420e+00 2.092429e+00 2.449483e+00 9.660869e+00 5.761136e+03 1.697183e+04 1.84029 2.755365e-01
9.410000e-01 4.426420e+00 2.092832e+00 2.449719e+00 9.663127e+00 5.810925e+03 1.696525e+04 1.84288 2.782019e-01
9.400000e-01 4.426420e+00 2.094330e+00 2.451460e+00 9.668915e+00 5.856713e+03 1.695192e+04 1.84283 2.799853e-01
9.390000e-01 4.426420e+00 2.094553e+00 2.451492e+00 9.670730e+00 5.906370e+03 1.694626e+04 1.84482 2.826044e-01
9.380000e-01 4.426420e+00 2.094948e+00 2.451718e+00 9.672993e+00 5.954705e+03 1.693986e+04 1.84731 2.851943e-01
9.370000e-01 4.426420e+00 2.096460e+00 2.453473e+00 9.678818e+00 5.998727e+03 1.692665e+04 1.84747 2.869137e-01
9.360000e-01 4.426420e+00 2.096658e+00 2.453471e+00 9.680618e+00 6.046737e+03 1.692122e+04 1.84931 2.894430e-01
9.350000e-01 4.426420e+00 2.097045e+00 2.453683e+00 9.682889e+00 6.093616e+03 1.691499e+04 1.85174 2.919621e-01
9.340000e-01 4.426420e+00 2.098584e+00 2.455464e+00 9.688789e+00 6.136438e+03 1.690181e+04 1.85214 2.936458e-01
9.330000e-01 4.426420e+00 2.098790e+00 2.455471e+00 9.690623e+00 6.183725e+03 1.689647e+04 1.85398 2.961447e-01
9.320000e-01 4.426420e+00 2.099186e+00 2.455694e+00 9.692928e+00 6.229872e+03 1.689033e+04 1.85639 2.986307e-01
9.310000e-01 4.426420e+00 2.100735e+00 2.457490e+00 9.698893e+00 6.271852e+03 1.687714e+04 1.85686 3.002750e-01
9.300000e-01 4.426420e+00 2.100950e+00 2.457511e+00 9.700751e+00 6.318233e+03 1.687191e+04 1.85868 3.027298e-01
9.290000e-01 4.426420e+00 2.101351e+00 2.457741e+00 9.703074e+00 6.363442e+03 1.686589e+04 1.86105 3.051684e-01
9.280000e-01 4.426420e+00 2.102907e+00 2.459549e+00 9.709077e+00 6.404410e+03 1.685276e+04 1.86162 3.067730e-01
9.270000e-01 4.426420e+00 2.103120e+00 2.459570e+00 9.710945e+00 6.449742e+03 1.684766e+04 1.86338 3.091732e-01
9.260000e-01 4.426420e+00 2.103518e+00 2.459797e+00 9.713278e+00 6.493903e+03 1.684177e+04 1.86569 3.115588e-01
9.250000e-01 4.426420e+00 2.105089e+00 2.461621e+00 9.719328e+00 6.533859e+03 1.682868e+04 1.86641 3.131286e-01
9.240000e-01 4.426420e+00 2.105306e+00 2.461649e+00 9.721218e+00 6.578414e+03 1.682369e+04 1.86814 3.154918e-01
9.230000e-01 4.426420e+00 2.105708e+00 2.461882e+00 9.723574e+00 6.621812e+03 1.681788e+04 1.87043 3.178411e-01
9.220000e-01 4.426420e+00 2.107289e+00 2.463719e+00 9.729679e+00 6.660871e+03 1.680480e+04 1.87124 3.193742e-01
9.210000e-01 4.426420e+00 2.107503e+00 2.463744e+00 9.731582e+00 6.704536e+03 1.679991e+04 1.87293 3.216919e-01
9.200000e-01 4.426420e+00 2.107901e+00 2.463971e+00 9.733949e+00 6.747010e+03 1.679420e+04 1.87516 3.239944e-01
9.190000e-01 4.426420e+00 2.109497e+00 2.465825e+00 9.740102e+00 6.784958e+03 1.678115e+04 1.8761 3.254865e-01
9.180000e-01 4.426420e+00 2.109695e+00 2.465829e+00 9.742001e+00 6.827534e+03 1.677639e+04 1.8777 3.277457e-01
9.170000e-01 4.426420e+00 2.110077e+00 2.466033e+00 9.744363e+00 6.868846e+03 1.677081e+04 1.87985 3.299874e-01
9.160000e-01 4.426420e+00 2.111698e+00 2.467912e+00 9.750575e+00 6.905618e+03 1.675777e+04 1.88097 3.314425e-01
9.150000e-01 4.426420e+00 2.111892e+00 2.467909e+00 9.752491e+00 6.947521e+03 1.675309e+04 1.88254 3.336707e-01
9.140000e-01 4.426420e+00 2.112284e+00 2.468124e+00 9.754892e+00 6.988329e+03 1.674754e+04 1.88472 3.358941e-01
9.130000e-01 4.426420e+00 2.113964e+00 2.470083e+00 9.761268e+00 7.024548e+03 1.673429e+04 1.88594 3.373170e-01
9.120000e-01 4.426420e+00 2.114137e+00 2.470051e+00 9.763154e+00 7.065888e+03 1.672976e+04 1.88748 3.395229e-01
9.110000e-01 4.426420e+00 2.114523e+00 2.470259e+00 9.765556e+00 7.106049e+03 1.672430e+04 1.88962 3.417156e-01
9.100000e-01 4.426420e+00 2.116207e+00 2.472224e+00 9.771970e+00 7.141534e+03 1.671106e+04 1.89091 3.431094e-01
9.090000e-01 4.426420e+00 2.116380e+00 2.472195e+00 9.773868e+00 7.182139e+03 1.670661e+04 1.89241 3.452776e-01
9.080000e-01 4.426420e+00 2.116760e+00 2.472398e+00 9.776276e+00 7.221494e+03 1.670124e+04 1.8945 3.474284e-01
9.070000e-01 4.426420e+00 2.118459e+00 2.474380e+00 9.782732e+00 7.256103e+03 1.668802e+04 1.8959 3.487911e-01
9.060000e-01 4.426420e+00 2.118630e+00 2.474350e+00 9.784644e+00 7.296057e+03 1.668365e+04 1.89737 3.509274e-01
9.050000e-01 4.426420e+00 2.119014e+00 2.474558e+00 9.787075e+00 7.334836e+03 1.667834e+04 1.89946 3.530526e-01
9.040000e-01 4.426420e+00 2.120726e+00 2.476557e+00 9.793593e+00 7.368820e+03 1.666508e+04 1.90093 3.543902e-01
9.030000e-01 4.426420e+00 2.120895e+00 2.476525e+00 9.795520e+00 7.408154e+03 1.666078e+04 1.90237 3.564958e-01
9.020000e-01 4.426420e+00 2.121276e+00 2.476729e+00 9.797965e+00 7.446270e+03 1.665553e+04 1.90443 3.585881e-01
9.010000e-01 4.426420e+00 2.123004e+00 2.478747e+00 9.804540e+00 7.479438e+03 1.664226e+04 1.90599 3.598947e-01
9.000000e-01 4.426420e+00 2.123161e+00 2.478701e+00 9.806469e+00 7.518014e+03 1.663805e+04 1.90738 3.619611e-01
8.990000e-01 4.426420e+00 2.123526e+00 2.478882e+00 9.808911e+00 7.555262e+03 1.663289e+04 1.90937 3.640079e-01
8.980000e-01 4.426420e+00 2.125278e+00 2.480924e+00 9.815543e+00 7.587420e+03 1.661961e+04 1.91107 3.652798e-01
8.970000e-01 4.426420e+00 2.125424e+00 2.480863e+00 9.817482e+00 7.625386e+03 1.661547e+04 1.91242 3.673171e-01
8.960000e-01 4.426420e+00 2.125798e+00 2.481053e+00 9.819959e+00 7.662210e+03 1.661033e+04 1.91443 3.693498e-01
8.950000e-01 4.426420e+00 2.127568e+00 2.483117e+00 9.826682e+00 7.694001e+03 1.659695e+04 1.91619 3.706055e-01
8.940000e-01 4.426420e+00 2.127722e+00 2.483067e+00 9.828652e+00 7.731597e+03 1.659283e+04 1.91756 3.726279e-01
8.930000e-01 4.426420e+00 2.128097e+00 2.483260e+00 9.831153e+00 7.767975e+03 1.658773e+04 1.91956 3.746394e-01
8.920000e-01 4.426420e+00 2.129882e+00 2.485343e+00 9.837941e+00 7.799220e+03 1.657429e+04 1.92137 3.758710e-01
8.910000e-01 4.426420e+00 2.130036e+00 2.485296e+00 9.839926e+00 7.836277e+03 1.657023e+04 1.92272 3.778667e-01
8.900000e-01 4.426420e+00 2.130405e+00 2.485483e+00 9.842435e+00 7.872040e+03 1.656518e+04 1.92468 3.798466e-01
8.890000e-01 4.426420e+00 2.132205e+00 2.487585e+00 9.849270e+00 7.902547e+03 1.655173e+04 1.92658 3.810505e-01
8.880000e-01 4.426420e+00 2.132354e+00 2.487533e+00 9.851266e+00 7.939051e+03 1.654773e+04 1.92789 3.830188e-01
8.870000e-01 4.426420e+00 2.132726e+00 2.487725e+00 9.853797e+00 7.974327e+03 1.654271e+04 1.92985 3.849774e-01
8.860000e-01 4.426420e+00 2.134541e+00 2.489845e+00 9.860697e+00 8.004319e+03 1.652922e+04 1.93182 3.861611e-01
8.850000e-01 4.426420e+00 2.134687e+00 2.489792e+00 9.862709e+00 8.040348e+03 1.652526e+04 1.93311 3.881065e-01
8.840000e-01 4.426420e+00 2.135055e+00 2.489978e+00 9.865254e+00 8.075099e+03 1.652029e+04 1.93505 3.900396e-01
8.830000e-01 4.426420e+00 2.136888e+00 2.492119e+00 9.872216e+00 8.104414e+03 1.650675e+04 1.93709 3.911970e-01
8.820000e-01 4.426420e+00 2.137023e+00 2.492052e+00 9.874232e+00 8.139835e+03 1.650286e+04 1.93834 3.931114e-01
8.810000e-01 4.426420e+00 2.137375e+00 2.492217e+00 9.876775e+00 8.173886e+03 1.649796e+04 1.94022 3.950085e-01
8.800000e-01 4.426420e+00 2.139231e+00 2.494384e+00 9.883797e+00 8.202341e+03 1.648439e+04 1.94238 3.961351e-01
8.790000e-01 4.426420e+00 2.139353e+00 2.494299e+00 9.885819e+00 8.237242e+03 1.648056e+04 1.9436 3.980251e-01
8.780000e-01 4.426420e+00 2.139713e+00 2.494471e+00 9.888396e+00 8.270932e+03 1.647567e+04 1.9455 3.999106e-01
8.770000e-01 4.426420e+00 2.141589e+00 2.496661e+00 9.895514e+00 8.299078e+03 1.646198e+04 1.94771 4.010238e-01
8.760000e-01 4.426420e+00 2.141718e+00 2.496586e+00 9.897569e+00 8.333712e+03 1.645815e+04 1.94895 4.029043e-01
8.750000e-01 4.426420e+00 2.142078e+00 2.496759e+00 9.900172e+00 8.367071e+03 1.645328e+04 1.95085 4.047753e-01
8.740000e-01 4.426420e+00 2.143970e+00 2.498971e+00 9.907367e+00 8.394780e+03 1.643950e+04 1.95311 4.058680e-01
8.730000e-01 4.426420e+00 2.144098e+00 2.498898e+00 9.909439e+00 8.428993e+03 1.643571e+04 1.95433 4.077284e-01
8.720000e-01 4.426420e+00 2.144452e+00 2.499065e+00 9.912052e+00 8.461858e+03 1.643087e+04 1.9562 4.095746e-01
8.710000e-01 4.426420e+00 2.146362e+00 2.501298e+00 9.919304e+00 8.488945e+03 1.641705e+04 1.95853 4.106429e-01
8.700000e-01 4.426420e+00 2.146484e+00 2.501219e+00 9.921388e+00 8.522711e+03 1.641330e+04 1.95972 4.124817e-01
8.690000e-01 4.426420e+00 2.146839e+00 2.501388e+00 9.924022e+00 8.555174e+03 1.640849e+04 1.96159 4.143108e-01
8.680000e-01 4.426420e+00 2.148809e+00 2.503703e+00 9.931433e+00 8.581783e+03 1.639444e+04 1.96403 4.153517e-01
8.670000e-01 4.426420e+00 2.148898e+00 2.503580e+00 9.933474e+00 8.615178e+03 1.639082e+04 1.96517 4.171778e-01
8.660000e-01 4.426420e+00 2.149239e+00 2.503730e+00 9.936105e+00 8.647205e+03 1.638607e+04 1.96701 4.189879e-01
8.650000e-01 4.426420e+00 2.151223e+00 2.506060e+00 9.943572e+00 8.673207e+03 1.637198e+04 1.96951 4.200055e-01
8.640000e-01 4.426420e+00 2.151298e+00 2.505921e+00 9.945614e+00 8.706073e+03 1.636841e+04 1.97062 4.218052e-01
8.630000e-01 4.426420e+00 2.151622e+00 2.506048e+00 9.948242e+00 8.737490e+03 1.636371e+04 1.97241 4.235845e-01
8.620000e-01 4.426420e+00 2.153632e+00 2.508407e+00 9.955775e+00 8.762762e+03 1.634956e+04 1.97501 4.245757e-01
8.610000e-01 4.426420e+00 2.153695e+00 2.508251e+00 9.957826e+00 8.795223e+03 1.634603e+04 1.9761 4.263576e-01
8.600000e-01 4.426420e+00 2.154026e+00 2.508386e+00 9.960491e+00 8.826362e+03 1.634133e+04 1.97791 4.281293e-01
8.590000e-01 4.426420e+00 2.156058e+00 2.510770e+00 9.968126e+00 8.851360e+03 1.632704e+04 1.98056 4.291070e-01
8.580000e-01 4.426420e+00 2.156124e+00 2.510621e+00 9.970208e+00 8.883598e+03 1.632351e+04 1.98166 4.308815e-01
8.570000e-01 4.426420e+00 2.156454e+00 2.510755e+00 9.972897e+00 8.914464e+03 1.631881e+04 1.98347 4.326421e-01
8.560000e-01 4.426420e+00 2.158504e+00 2.513164e+00 9.980619e+00 8.939067e+03 1.630441e+04 1.98617 4.336005e-01
8.550000e-01 4.426420e+00 2.158566e+00 2.513011e+00 9.982716e+00 8.970943e+03 1.630091e+04 1.98725 4.353583e-01
8.540000e-01 4.426420e+00 2.158889e+00 2.513137e+00 9.985415e+00 9.001383e+03 1.629623e+04 1.98904 4.370981e-01
8.530000e-01 4.426420e+00 2.160960e+00 2.515571e+00 9.993206e+00 9.025458e+03 1.628176e+04 1.9918 4.380352e-01
8.520000e-01 4.426420e+00 2.161016e+00 2.515413e+00 9.995316e+00 9.056982e+03 1.627828e+04 1.99286 4.397771e-01
8.510000e-01 4.426420e+00 2.161338e+00 2.515539e+00 9.998038e+00 9.087105e+03 1.627361e+04 1.99465 4.415042e-01
8.500000e-01 4.426420e+00 2.163428e+00 2.517997e+00 1.000591e+01 9.110763e+03 1.625903e+04 1.99747 4.424228e-01
8.490000e-01 4.426420e+00 2.163477e+00 2.517831e+00 1.000803e+01 9.141930e+03 1.625558e+04 1.99851 4.441483e-01
8.480000e-01 4.426420e+00 2.165064e+00 2.519601e+00 1.001441e+01 9.166946e+03 1.624390e+04 2.00125 4.453189e-01
8.470000e-01 4.426420e+00 2.165111e+00 2.519435e+00 1.001655e+01 9.197791e+03 1.624045e+04 2.00228 4.470284e-01
8.460000e-01 4.426420e+00 2.166712e+00 2.521221e+00 1.002296e+01 9.222354e+03 1.622874e+04 2.00505 4.481789e-01
8.450000e-01 4.426420e+00 2.167549e+00 2.522049e+00 1.002728e+01 9.249783e+03 1.622111e+04 2.00695 4.495913e-01
8.440000e-01 4.426420e+00 2.167568e+00 2.521843e+00 1.002940e+01 9.280196e+03 1.621773e+04 2.00795 4.512852e-01
8.430000e-01 4.426420e+00 2.169186e+00 2.523646e+00 1.003588e+01 9.304378e+03 1.620594e+04 2.01077 4.524223e-01
8.420000e-01 4.426420e+00 2.170029e+00 2.524483e+00 1.004026e+01 9.331602e+03 1.619824e+04 2.0127 4.538271e-01
8.410000e-01 4.426420e+00 2.170050e+00 2.524280e+00 1.004241e+01 9.361839e+03 1.619486e+04 2.0137 4.555165e-01
8.400000e-01 4.426420e+00 2.171681e+00 2.526101e+00 1.004897e+01 9.385742e+03 1.618296e+04 2.01655 4.566398e-01
8.390000e-01 4.426420e+00 2.172532e+00 2.526947e+00 1.005340e+01 9.412686e+03 1.617522e+04 2.01849 4.580325e-01
8.380000e-01 4.426420e+00 2.173369e+00 2.527774e+00 1.005781e+01 9.439478e+03 1.616752e+04 2.02044 4.594238e-01
8.370000e-01 4.426420e+00 2.174206e+00 2.528600e+00 1.006222e+01 9.466123e+03 1.615982e+04 2.02238 4.608085e-01
8.360000e-01 4.426420e+00 2.175044e+00 2.529428e+00 1.006665e+01 9.492644e+03 1.615211e+04 2.02433 4.621879e-01
8.350000e-01 4.426420e+00 2.175884e+00 2.530258e+00 1.007109e+01 9.519078e+03 1.614439e+04 2.02628 4.635637e-01
8.340000e-01 4.426420e+00 2.176725e+00 2.531090e+00 1.007555e+01 9.545410e+03 1.613665e+04 2.02823 4.649352e-01
8.330000e-01 4.426420e+00 2.177568e+00 2.531925e+00 1.008003e+01 9.571632e+03 1.612890e+04 2.03019 4.663018e-01
8.320000e-01 4.426420e+00 2.178411e+00 2.532759e+00 1.008451e+01 9.597703e+03 1.612114e+04 2.03216 4.676617e-01
8.310000e-01 4.426420e+00 2.179255e+00 2.533595e+00 1.008900e+01 9.623651e+03 1.611338e+04 2.03412 4.690162e-01
8.300000e-01 4.426420e+00 2.180098e+00 2.534430e+00 1.009351e+01 9.649427e+03 1.610561e+04 2.03609 4.703630e-01
8.290000e-01 4.426420e+00 2.180939e+00 2.535263e+00 1.009802e+01 9.675005e+03 1.609784e+04 2.03805 4.717009e-01
8.280000e-01 4.426420e+00 2.181780e+00 2.536094e+00 1.010253e+01 9.700416e+03 1.609007e+04 2.04002 4.730314e-01
8.270000e-01 4.426420e+00 2.182621e+00 2.536924e+00 1.010707e+01 9.725737e+03 1.608229e+04 2.04199 4.743585e-01
8.260000e-01 4.426420e+00 2.183466e+00 2.537759e+00 1.011162e+01 9.751013e+03 1.607447e+04 2.04397 4.756842e-01
8.250000e-01 4.426420e+00 2.184312e+00 2.538596e+00 1.011620e+01 9.776213e+03 1.606663e+04 2.04595 4.770068e-01
8.240000e-01 4.426420e+00 2.185161e+00 2.539437e+00 1.012080e+01 9.801345e+03 1.605877e+04 2.04795 4.783266e-01
8.230000e-01 4.426420e+00 2.186012e+00 2.540281e+00 1.012541e+01 9.826394e+03 1.605089e+04 2.04994 4.796430e-01
8.220000e-01 4.426420e+00 2.186865e+00 2.541128e+00 1.013004e+01 9.851348e+03 1.604299e+04 2.05194 4.809553e-01
8.210000e-01 4.426420e+00 2.187718e+00 2.541975e+00 1.013468e+01 9.876179e+03 1.603508e+04 2.05395 4.822620e-01
8.200000e-01 4.426420e+00 2.188572e+00 2.542824e+00 1.013933e+01 9.900879e+03 1.602716e+04 2.05596 4.835630e-01
8.190000e-01 4.426420e+00 2.189426e+00 2.543673e+00 1.014400e+01 9.925468e+03 1.601923e+04 2.05797 4.848592e-01
8.180000e-01 4.426420e+00 2.190325e+00 2.544585e+00 1.014877e+01 9.949929e+03 1.601114e+04 2.06003 4.861417e-01
8.170000e-01 4.426420e+00 2.191183e+00 2.545441e+00 1.015347e+01 9.974352e+03 1.600317e+04 2.06205 4.874307e-01
8.160000e-01 4.426420e+00 2.192042e+00 2.546297e+00 1.015819e+01 9.998659e+03 1.599518e+04 2.06407 4.887148e-01
8.150000e-01 4.426420e+00 2.192901e+00 2.547153e+00 1.016291e+01 1.002284e+04 1.598718e+04 2.06609 4.899932e-01
8.140000e-01 4.426420e+00 2.193761e+00 2.548011e+00 1.016765e+01 1.004689e+04 1.597918e+04 2.06812 4.912662e-01
8.130000e-01 4.426420e+00 2.194619e+00 2.548867e+00 1.017240e+01 1.007079e+04 1.597116e+04 2.07015 4.925319e-01
8.120000e-01 4.426420e+00 2.195476e+00 2.549719e+00 1.017715e+01 1.009450e+04 1.596315e+04 2.07218 4.937893e-01
8.110000e-01 4.426420e+00 2.196332e+00 2.550571e+00 1.018191e+01 1.011806e+04 1.595512e+04 2.07421 4.950405e-01
8.100000e-01 4.426420e+00 2.197189e+00 2.551423e+00 1.018670e+01 1.014157e+04 1.594707e+04 2.07624 4.962895e-01
8.090000e-01 4.426420e+00 2.198049e+00 2.552279e+00 1.019150e+01 1.016501e+04 1.593899e+04 2.07828 4.975361e-01
8.080000e-01 4.426420e+00 2.198910e+00 2.553138e+00 1.019633e+01 1.018838e+04 1.593088e+04 2.08033 4.987803e-01
8.070000e-01 4.426420e+00 2.199774e+00 2.554000e+00 1.020118e+01 1.021169e+04 1.592275e+04 2.08238 5.000217e-01
8.060000e-01 4.426420e+00 2.200640e+00 2.554864e+00 1.020604e+01 1.023492e+04 1.591459e+04 2.08444 5.012597e-01
8.050000e-01 4.426420e+00 2.201507e+00 2.555730e+00 1.021092e+01 1.025806e+04 1.590641e+04 2.0865 5.024935e-01
8.040000e-01 4.426420e+00 2.202374e+00 2.556598e+00 1.021582e+01 1.028107e+04 1.589822e+04 2.08856 5.037220e-01
8.030000e-01 4.426420e+00 2.203242e+00 2.557465e+00 1.022073e+01 1.030397e+04 1.589001e+04 2.09063 5.049454e-01
8.020000e-01 4.426420e+00 2.204110e+00 2.558334e+00 1.022565e+01 1.032678e+04 1.588178e+04 2.0927 5.061651e-01
8.010000e-01 4.426420e+00 2.204980e+00 2.559206e+00 1.023059e+01 1.034952e+04 1.587353e+04 2.09477 5.073817e-01
8.000000e-01 4.426420e+00 2.205851e+00 2.560080e+00 1.023555e+01 1.037217e+04 1.586525e+04 2.09685 5.085944e-01
7.990000e-01 4.426420e+00 2.206722e+00 2.560954e+00 1.024053e+01 1.039470e+04 1.585696e+04 2.09893 5.098020e-01
7.980000e-01 4.426420e+00 2.207594e+00 2.561828e+00 1.024551e+01 1.041711e+04 1.584865e+04 2.10101 5.110041e-01
7.970000e-01 4.426420e+00 2.208465e+00 2.562702e+00 1.025051e+01 1.043940e+04 1.584034e+04 2.10309 5.122009e-01
7.960000e-01 4.426420e+00 2.209335e+00 2.563574e+00 1.025552e+01 1.046151e+04 1.583201e+04 2.10518 5.133897e-01
7.950000e-01 4.426420e+00 2.210203e+00 2.564443e+00 1.026053e+01 1.048347e+04 1.582368e+04 2.10726 5.145717e-01
7.940000e-01 4.426420e+00 2.211071e+00 2.565311e+00 1.026556e+01 1.050533e+04 1.581532e+04 2.10934 5.157496e-01
7.930000e-01 4.426420e+00 2.211940e+00 2.566182e+00 1.027061e+01 1.052713e+04 1.580693e+04 2.11143 5.169256e-01
7.920000e-01 4.426420e+00 2.212812e+00 2.567055e+00 1.027569e+01 1.054888e+04 1.579851e+04 2.11353 5.180992e-01
7.910000e-01 4.426420e+00 2.213686e+00 2.567932e+00 1.028079e+01 1.057056e+04 1.579006e+04 2.11563 5.192703e-01
7.900000e-01 4.426420e+00 2.214561e+00 2.568810e+00 1.028591e+01 1.059216e+04 1.578158e+04 2.11774 5.204382e-01
7.890000e-01 4.426420e+00 2.215437e+00 2.569692e+00 1.029104e+01 1.061369e+04 1.577307e+04 2.11985 5.216028e-01
7.880000e-01 4.426420e+00 2.216314e+00 2.570574e+00 1.029620e+01 1.063511e+04 1.576454e+04 2.12196 5.227625e-01
7.870000e-01 4.426420e+00 2.217191e+00 2.571456e+00 1.030136e+01 1.065642e+04 1.575600e+04 2.12408 5.239171e-01
7.860000e-01 4.426420e+00 2.218068e+00 2.572339e+00 1.030654e+01 1.067763e+04 1.574743e+04 2.1262 5.250678e-01
7.850000e-01 4.426420e+00 2.218947e+00 2.573224e+00 1.031175e+01 1.069877e+04 1.573883e+04 2.12832 5.262158e-01
7.840000e-01 4.426420e+00 2.219827e+00 2.574111e+00 1.031697e+01 1.071984e+04 1.573021e+04 2.13044 5.273601e-01
7.830000e-01 4.426420e+00 2.220707e+00 2.574999e+00 1.032221e+01 1.074079e+04 1.572156e+04 2.13257 5.284997e-01
7.820000e-01 4.426420e+00 2.221587e+00 2.575887e+00 1.032746e+01 1.076164e+04 1.571290e+04 2.1347 5.296343e-01
7.810000e-01 4.426420e+00 2.222467e+00 2.576775e+00 1.033273e+01 1.078237e+04 1.570421e+04 2.13683 5.307637e-01
7.800000e-01 4.426420e+00 2.223345e+00 2.577660e+00 1.033800e+01 1.080294e+04 1.569552e+04 2.13896 5.318861e-01
7.790000e-01 4.426420e+00 2.224262e+00 2.578601e+00 1.034337e+01 1.082331e+04 1.568668e+04 2.14113 5.329901e-01
7.780000e-01 4.426420e+00 2.225139e+00 2.579484e+00 1.034868e+01 1.084362e+04 1.567795e+04 2.14327 5.341009e-01
7.770000e-01 4.426420e+00 2.226015e+00 2.580367e+00 1.035400e+01 1.086387e+04 1.566919e+04 2.1454 5.352096e-01
7.760000e-01 4.426420e+00 2.226894e+00 2.581252e+00 1.035935e+01 1.088406e+04 1.566039e+04 2.14754 5.363159e-01
7.750000e-01 4.426420e+00 2.227774e+00 2.582140e+00 1.036472e+01 1.090419e+04 1.565156e+04 2.14969 5.374198e-01
7.740000e-01 4.426420e+00 2.228656e+00 2.583031e+00 1.037011e+01 1.092425e+04 1.564269e+04 2.15184 5.385208e-01
7.730000e-01 4.426420e+00 2.229538e+00 2.583924e+00 1.037553e+01 1.094423e+04 1.563380e+04 2.15399 5.396184e-01
7.720000e-01 4.426420e+00 2.230421e+00 2.584817e+00 1.038096e+01 1.096410e+04 1.562488e+04 2.15615 5.407113e-01
7.710000e-01 4.426420e+00 2.231304e+00 2.585711e+00 1.038640e+01 1.098387e+04 1.561594e+04 2.15831 5.417995e-01
7.700000e-01 4.426420e+00 2.232187e+00 2.586605e+00 1.039187e+01 1.100356e+04 1.560697e+04 2.16047 5.428840e-01
7.690000e-01 4.426420e+00 2.233071e+00 2.587501e+00 1.039736e+01 1.102317e+04 1.559797e+04 2.16263 5.439658e-01
7.680000e-01 4.426420e+00 2.233956e+00 2.588399e+00 1.040287e+01 1.104270e+04 1.558894e+04 2.1648 5.450438e-01
7.670000e-01 4.426420e+00 2.234841e+00 2.589297e+00 1.040839e+01 1.106213e+04 1.557989e+04 2.16697 5.461175e-01
7.660000e-01 4.426420e+00 2.235725e+00 2.590196e+00 1.041394e+01 1.108145e+04 1.557081e+04 2.16914 5.471861e-01
7.650000e-01 4.426420e+00 2.236609e+00 2.591094e+00 1.041949e+01 1.110065e+04 1.556172e+04 2.17131 5.482498e-01
7.640000e-01 4.426420e+00 2.237491e+00 2.591989e+00 1.042506e+01 1.111971e+04 1.555261e+04 2.17349 5.493065e-01
7.630000e-01 4.426420e+00 2.238371e+00 2.592881e+00 1.043063e+01 1.113862e+04 1.554349e+04 2.17565 5.503566e-01
7.620000e-01 4.426420e+00 2.239250e+00 2.593772e+00 1.043623e+01 1.115743e+04 1.553434e+04 2.17782 5.514030e-01
7.610000e-01 4.426420e+00 2.240130e+00 2.594664e+00 1.044185e+01 1.117618e+04 1.552515e+04 2.18 5.524470e-01
7.600000e-01 4.426420e+00 2.241011e+00 2.595559e+00 1.044749e+01 1.119487e+04 1.551593e+04 2.18218 5.534885e-01
7.590000e-01 4.426420e+00 2.241894e+00 2.596457e+00 1.045316e+01 1.121349e+04 1.550666e+04 2.18436 5.545276e-01
7.580000e-01 4.426420e+00 2.242778e+00 2.597355e+00 1.045886e+01 1.123204e+04 1.549736e+04 2.18655 5.555633e-01
7.570000e-01 4.426420e+00 2.243662e+00 2.598256e+00 1.046458e+01 1.125052e+04 1.548802e+04 2.18874 5.565958e-01
7.560000e-01 4.426420e+00 2.244547e+00 2.599157e+00 1.047031e+01 1.126889e+04 1.547866e+04 2.19094 5.576235e-01
7.550000e-01 4.426420e+00 2.245430e+00 2.600056e+00 1.047606e+01 1.128715e+04 1.546927e+04 2.19313 5.586465e-01
7.540000e-01 4.426420e+00 2.246314e+00 2.600959e+00 1.048184e+01 1.130535e+04 1.545985e+04 2.19533 5.596665e-01
7.530000e-01 4.426420e+00 2.247199e+00 2.601862e+00 1.048764e+01 1.132347e+04 1.545039e+04 2.19753 5.606836e-01
7.520000e-01 4.426420e+00 2.248083e+00 2.602764e+00 1.049346e+01 1.134150e+04 1.544090e+04 2.19973 5.616963e-01
7.510000e-01 4.426420e+00 2.248968e+00 2.603669e+00 1.049930e+01 1.135943e+04 1.543138e+04 2.20193 5.627050e-01
7.500000e-01 4.426420e+00 2.249851e+00 2.604572e+00 1.050515e+01 1.137725e+04 1.542183e+04 2.20413 5.637085e-01
7.490000e-01 4.426420e+00 2.250733e+00 2.605473e+00 1.051102e+01 1.139495e+04 1.541227e+04 2.20633 5.647064e-01
7.480000e-01 4.426420e+00 2.251613e+00 2.606372e+00 1.051690e+01 1.141251e+04 1.540268e+04 2.20853 5.656975e-01
7.470000e-01 4.426420e+00 2.252490e+00 2.607267e+00 1.052279e+01 1.142992e+04 1.539308e+04 2.21073 5.666829e-01
7.460000e-01 4.426420e+00 2.253407e+00 2.608219e+00 1.052879e+01 1.144723e+04 1.538331e+04 2.21297 5.676538e-01
7.450000e-01 4.426420e+00 2.254286e+00 2.609117e+00 1.053474e+01 1.146451e+04 1.537362e+04 2.21517 5.686334e-01
7.440000e-01 4.426420e+00 2.255165e+00 2.610014e+00 1.054071e+01 1.148173e+04 1.536389e+04 2.21738 5.696104e-01
7.430000e-01 4.426420e+00 2.256045e+00 2.610915e+00 1.054671e+01 1.149889e+04 1.535412e+04 2.21959 5.705851e-01
7.420000e-01 4.426420e+00 2.256925e+00 2.611817e+00 1.055274e+01 1.151597e+04 1.534431e+04 2.2218 5.715562e-01
7.410000e-01 4.426420e+00 2.257805e+00 2.612718e+00 1.055878e+01 1.153295e+04 1.533446e+04 2.22402 5.725230e-01
7.400000e-01 4.426420e+00 2.258684e+00 2.613619e+00 1.056485e+01 1.154984e+04 1.532458e+04 2.22623 5.734851e-01
7.390000e-01 4.426420e+00 2.259562e+00 2.614519e+00 1.057093e+01 1.156663e+04 1.531467e+04 2.22844 5.744432e-01
7.380000e-01 4.426420e+00 2.260441e+00 2.615421e+00 1.057704e+01 1.158337e+04 1.530472e+04 2.23066 5.753989e-01
7.370000e-01 4.426420e+00 2.261319e+00 2.616323e+00 1.058318e+01 1.160002e+04 1.529472e+04 2.23287 5.763504e-01
7.360000e-01 4.426420e+00 2.262196e+00 2.617224e+00 1.058933e+01 1.161657e+04 1.528469e+04 2.23509 5.772975e-01
7.350000e-01 4.426420e+00 2.263073e+00 2.618126e+00 1.059551e+01 1.163302e+04 1.527463e+04 2.23731 5.782400e-01
7.340000e-01 4.426420e+00 2.263948e+00 2.619025e+00 1.060170e+01 1.164936e+04 1.526454e+04 2.23952 5.791773e-01
7.330000e-01 4.426420e+00 2.264820e+00 2.619920e+00 1.060790e+01 1.166556e+04 1.525443e+04 2.24173 5.801079e-01
7.320000e-01 4.426420e+00 2.265689e+00 2.620811e+00 1.061412e+01 1.168162e+04 1.524430e+04 2.24394 5.810322e-01
7.310000e-01 4.426420e+00 2.266557e+00 2.621701e+00 1.062035e+01 1.169759e+04 1.523413e+04 2.24614 5.819528e-01
7.300000e-01 4.426420e+00 2.267424e+00 2.622591e+00 1.062662e+01 1.171351e+04 1.522391e+04 2.24835 5.828709e-01
7.290000e-01 4.426420e+00 2.268292e+00 2.623482e+00 1.063291e+01 1.172935e+04 1.521364e+04 2.25056 5.837859e-01
7.280000e-01 4.426420e+00 2.267989e+00 2.623002e+00 1.063552e+01 1.175097e+04 1.521060e+04 2.25132 5.852169e-01
7.270000e-01 4.426420e+00 2.270025e+00 2.625262e+00 1.064557e+01 1.176083e+04 1.519299e+04 2.25499 5.856096e-01
7.260000e-01 4.426420e+00 2.269705e+00 2.624765e+00 1.064819e+01 1.178235e+04 1.518993e+04 2.25572 5.870374e-01
7.250000e-01 4.426420e+00 2.271758e+00 2.627045e+00 1.065834e+01 1.179196e+04 1.517215e+04 2.25941 5.874145e-01
7.240000e-01 4.426420e+00 2.271416e+00 2.626524e+00 1.066096e+01 1.181335e+04 1.516909e+04 2.26011 5.888383e-01
7.230000e-01 4.426420e+00 2.273486e+00 2.628825e+00 1.067120e+01 1.182274e+04 1.515113e+04 2.26383 5.892025e-01
7.220000e-01 4.426420e+00 2.273128e+00 2.628287e+00 1.067383e+01 1.184404e+04 1.514806e+04 2.2645 5.906257e-01
7.210000e-01 4.426420e+00 2.275250e+00 2.630661e+00 1.068426e+01 1.185315e+04 1.512981e+04 2.26829 5.909635e-01
7.200000e-01 4.426420e+00 2.274850e+00 2.630071e+00 1.068684e+01 1.187433e+04 1.512680e+04 2.2689 5.923889e-01
7.190000e-01 4.426420e+00 2.276970e+00 2.632436e+00 1.069731e+01 1.188319e+04 1.510847e+04 2.2727 5.927170e-01
7.180000e-01 4.426420e+00 2.276540e+00 2.631811e+00 1.069988e+01 1.190419e+04 1.510548e+04 2.27326 5.941358e-01
7.170000e-01 4.426420e+00 2.278678e+00 2.634197e+00 1.071042e+01 1.191273e+04 1.508703e+04 2.27709 5.944465e-01
7.160000e-01 4.426420e+00 2.278220e+00 2.633539e+00 1.071298e+01 1.193356e+04 1.508405e+04 2.27761 5.958602e-01
7.150000e-01 4.426420e+00 2.280377e+00 2.635949e+00 1.072362e+01 1.194187e+04 1.506543e+04 2.28148 5.961586e-01
7.140000e-01 4.426420e+00 2.279904e+00 2.635274e+00 1.072619e+01 1.196263e+04 1.506243e+04 2.28197 5.975734e-01
7.130000e-01 4.426420e+00 2.282075e+00 2.637701e+00 1.073695e+01 1.197074e+04 1.504361e+04 2.28586 5.978583e-01
7.120000e-01 4.426420e+00 2.281586e+00 2.637012e+00 1.073953e+01 1.199141e+04 1.504059e+04 2.28634 5.992731e-01
7.110000e-01 4.426420e+00 2.283771e+00 2.639454e+00 1.075040e+01 1.199929e+04 1.502160e+04 2.29025 5.995437e-01
7.100000e-01 4.426420e+00 2.283258e+00 2.638738e+00 1.075297e+01 1.201983e+04 1.501857e+04 2.29069 6.009556e-01
7.090000e-01 4.426420e+00 2.283134e+00 2.638333e+00 1.075629e+01 1.203823e+04 1.501398e+04 2.29233 6.023718e-01
7.080000e-01 4.426420e+00 2.286323e+00 2.642105e+00 1.077080e+01 1.204141e+04 1.498818e+04 2.29684 6.020327e-01
7.070000e-01 4.426420e+00 2.285766e+00 2.641340e+00 1.077336e+01 1.206181e+04 1.498518e+04 2.29722 6.034470e-01
7.060000e-01 4.426420e+00 2.285613e+00 2.640900e+00 1.077669e+01 1.208004e+04 1.498057e+04 2.29883 6.048617e-01
7.050000e-01 4.426420e+00 2.288842e+00 2.644721e+00 1.079141e+01 1.208276e+04 1.495442e+04 2.3034 6.044919e-01
7.040000e-01 4.426420e+00 2.288245e+00 2.643910e+00 1.079396e+01 1.210294e+04 1.495142e+04 2.30371 6.059004e-01
7.030000e-01 4.426420e+00 2.288055e+00 2.643427e+00 1.079729e+01 1.212090e+04 1.494680e+04 2.30525 6.073057e-01
7.020000e-01 4.426420e+00 2.291337e+00 2.647310e+00 1.081220e+01 1.212306e+04 1.492037e+04 2.30992 6.069017e-01
7.010000e-01 4.426420e+00 2.290694e+00 2.646445e+00 1.081473e+01 1.214299e+04 1.491738e+04 2.31016 6.083031e-01
7.000000e-01 4.426420e+00 2.290485e+00 2.645941e+00 1.081808e+01 1.216072e+04 1.491273e+04 2.31168 6.097040e-01
6.990000e-01 4.426420e+00 2.293811e+00 2.649879e+00 1.083323e+01 1.216249e+04 1.488591e+04 2.31642 6.092722e-01
6.980000e-01 4.426420e+00 2.293139e+00 2.648984e+00 1.083578e+01 1.218230e+04 1.488290e+04 2.31662 6.106757e-01
6.970000e-01 4.426420e+00 2.292901e+00 2.648447e+00 1.083914e+01 1.219989e+04 1.487820e+04 2.3181 6.120761e-01
6.960000e-01 4.426420e+00 2.296274e+00 2.652443e+00 1.085456e+01 1.220122e+04 1.485095e+04 2.3229 6.116099e-01
6.950000e-01 4.426420e+00 2.295563e+00 2.651505e+00 1.085710e+01 1.222086e+04 1.484793e+04 2.32304 6.130107e-01
6.940000e-01 4.426420e+00 2.295292e+00 2.650930e+00 1.086048e+01 1.223825e+04 1.484320e+04 2.32448 6.144070e-01
6.930000e-01 4.426420e+00 2.298718e+00 2.654991e+00 1.087614e+01 1.223913e+04 1.481554e+04 2.32936 6.139078e-01
6.920000e-01 4.426420e+00 2.297968e+00 2.654012e+00 1.087869e+01 1.225862e+04 1.481249e+04 2.32944 6.153082e-01
6.910000e-01 4.426420e+00 2.297664e+00 2.653399e+00 1.088208e+01 1.227583e+04 1.480772e+04 2.33083 6.167012e-01
6.900000e-01 4.426420e+00 2.301173e+00 2.657570e+00 1.089807e+01 1.227617e+04 1.477952e+04 2.3358 6.161522e-01
6.890000e-01 4.426420e+00 2.300359e+00 2.656511e+00 1.090056e+01 1.229546e+04 1.477653e+04 2.33579 6.175524e-01
6.880000e-01 4.426420e+00 2.300004e+00 2.655834e+00 1.090392e+01 1.231241e+04 1.477177e+04 2.33708 6.189381e-01
6.870000e-01 4.426420e+00 2.303561e+00 2.660060e+00 1.092010e+01 1.231220e+04 1.474328e+04 2.34215 6.183553e-01
6.860000e-01 4.426420e+00 2.302697e+00 2.658944e+00 1.092257e+01 1.233128e+04 1.474029e+04 2.34205 6.197517e-01
6.850000e-01 4.426420e+00 2.302316e+00 2.658237e+00 1.092595e+01 1.234803e+04 1.473549e+04 2.34332 6.211353e-01
6.840000e-01 4.426420e+00 2.305921e+00 2.662521e+00 1.094241e+01 1.234743e+04 1.470651e+04 2.34844 6.205188e-01
6.830000e-01 4.426420e+00 2.305019e+00 2.661364e+00 1.094488e+01 1.236638e+04 1.470350e+04 2.34829 6.219171e-01
6.820000e-01 4.426420e+00 2.304601e+00 2.660615e+00 1.094827e+01 1.238298e+04 1.469864e+04 2.3495 6.232997e-01
6.810000e-01 4.426420e+00 2.308258e+00 2.664963e+00 1.096502e+01 1.238190e+04 1.466918e+04 2.35469 6.226429e-01
6.800000e-01 4.426420e+00 2.307307e+00 2.663750e+00 1.096749e+01 1.240068e+04 1.466615e+04 2.35445 6.240393e-01
6.790000e-01 4.426420e+00 2.306854e+00 2.662962e+00 1.097089e+01 1.241710e+04 1.466125e+04 2.35561 6.254191e-01
6.780000e-01 4.426420e+00 2.310566e+00 2.667377e+00 1.098792e+01 1.241555e+04 1.463131e+04 2.36087 6.247239e-01
6.770000e-01 4.426420e+00 2.309570e+00 2.666116e+00 1.099038e+01 1.243418e+04 1.462825e+04 2.36056 6.261203e-01
6.760000e-01 4.426420e+00 2.309077e+00 2.665281e+00 1.099379e+01 1.245040e+04 1.462332e+04 2.36166 6.274958e-01
6.750000e-01 4.426420e+00 2.312876e+00 2.669811e+00 1.101118e+01 1.244826e+04 1.459282e+04 2.36701 6.267470e-01
6.740000e-01 4.426420e+00 2.311808e+00 2.668461e+00 1.101357e+01 1.246666e+04 1.458983e+04 2.3666 6.281426e-01
6.730000e-01 4.426420e+00 2.311263e+00 2.667562e+00 1.101695e+01 1.248261e+04 1.458490e+04 2.36761 6.295110e-01
6.720000e-01 4.426420e+00 2.315113e+00 2.672153e+00 1.103456e+01 1.247994e+04 1.455409e+04 2.37306 6.287286e-01
6.710000e-01 4.426420e+00 2.313997e+00 2.670748e+00 1.103695e+01 1.249817e+04 1.455109e+04 2.37256 6.301247e-01
6.700000e-01 4.426420e+00 2.313421e+00 2.669814e+00 1.104035e+01 1.251397e+04 1.454610e+04 2.37354 6.314943e-01
6.690000e-01 4.426420e+00 2.317321e+00 2.674467e+00 1.105828e+01 1.251085e+04 1.451475e+04 2.37904 6.306710e-01
6.680000e-01 4.426420e+00 2.316156e+00 2.673010e+00 1.106067e+01 1.252895e+04 1.451172e+04 2.37847 6.320690e-01
6.670000e-01 4.426420e+00 2.315536e+00 2.672025e+00 1.106408e+01 1.254457e+04 1.450668e+04 2.37938 6.334366e-01
6.660000e-01 4.426420e+00 2.319493e+00 2.676748e+00 1.108233e+01 1.254093e+04 1.447481e+04 2.38493 6.325678e-01
6.650000e-01 4.426420e+00 2.318273e+00 2.675228e+00 1.108470e+01 1.255887e+04 1.447175e+04 2.38428 6.339659e-01
6.640000e-01 4.426420e+00 2.320944e+00 2.678283e+00 1.109861e+01 1.256048e+04 1.444772e+04 2.38884 6.337972e-01
6.630000e-01 4.426420e+00 2.319679e+00 2.676708e+00 1.110095e+01 1.257833e+04 1.444469e+04 2.38811 6.351987e-01
6.620000e-01 4.426420e+00 2.322355e+00 2.679767e+00 1.111495e+01 1.257967e+04 1.442048e+04 2.39267 6.350133e-01
6.610000e-01 4.426420e+00 2.321046e+00 2.678142e+00 1.111727e+01 1.259738e+04 1.441745e+04 2.39188 6.364125e-01
6.600000e-01 4.426420e+00 2.323741e+00 2.681224e+00 1.113140e+01 1.259839e+04 1.439305e+04 2.39646 6.362037e-01
6.590000e-01 4.426420e+00 2.322387e+00 2.679544e+00 1.113368e+01 1.261592e+04 1.439003e+04 2.39557 6.375979e-01
6.580000e-01 4.426420e+00 2.325104e+00 2.682654e+00 1.114795e+01 1.261665e+04 1.436542e+04 2.40019 6.373691e-01
6.570000e-01 4.426420e+00 2.323715e+00 2.680935e+00 1.115023e+01 1.263410e+04 1.436237e+04 2.39925 6.387664e-01
6.560000e-01 4.426420e+00 2.326451e+00 2.684068e+00 1.116467e+01 1.263456e+04 1.433746e+04 2.40388 6.385162e-01
6.550000e-01 4.426420e+00 2.325026e+00 2.682310e+00 1.116695e+01 1.265193e+04 1.433439e+04 2.40289 6.399163e-01
6.540000e-01 4.426420e+00 2.327780e+00 2.685467e+00 1.118157e+01 1.265211e+04 1.430920e+04 2.40753 6.396431e-01
6.530000e-01 4.426420e+00 2.326317e+00 2.683668e+00 1.118384e+01 1.266937e+04 1.430611e+04 2.40648 6.410428e-01
6.520000e-01 4.426420e+00 2.329089e+00 2.686847e+00 1.119862e+01 1.266924e+04 1.428067e+04 2.41113 6.407475e-01
6.510000e-01 4.426420e+00 2.327587e+00 2.685003e+00 1.120088e+01 1.268641e+04 1.427757e+04 2.41003 6.421492e-01
6.500000e-01 4.426420e+00 2.330411e+00 2.688256e+00 1.121592e+01 1.268595e+04 1.425172e+04 2.41472 6.418191e-01
6.490000e-01 4.426420e+00 2.328853e+00 2.686343e+00 1.121814e+01 1.270303e+04 1.424866e+04 2.41353 6.432265e-01
6.480000e-01 4.426420e+00 2.331680e+00 2.689598e+00 1.123329e+01 1.270228e+04 1.422263e+04 2.41823 6.428786e-01
6.470000e-01 4.426420e+00 2.330078e+00 2.687635e+00 1.123548e+01 1.271922e+04 1.421957e+04 2.41696 6.442837e-01
6.460000e-01 4.426420e+00 2.332923e+00 2.690910e+00 1.125077e+01 1.271813e+04 1.419334e+04 2.42168 6.439113e-01
6.450000e-01 4.426420e+00 2.331271e+00 2.688887e+00 1.125293e+01 1.273490e+04 1.419028e+04 2.42032 6.453126e-01
6.440000e-01 4.426420e+00 2.334139e+00 2.692192e+00 1.126837e+01 1.273352e+04 1.416381e+04 2.42506 6.449185e-01
6.430000e-01 4.426420e+00 2.332445e+00 2.690121e+00 1.127053e+01 1.275021e+04 1.416073e+04 2.42364 6.463238e-01
6.420000e-01 4.426420e+00 2.335332e+00 2.693452e+00 1.128617e+01 1.274855e+04 1.413392e+04 2.42838 6.459044e-01
6.410000e-01 4.426420e+00 2.333595e+00 2.691333e+00 1.128833e+01 1.276516e+04 1.413081e+04 2.4269 6.473124e-01
6.400000e-01 4.426420e+00 2.336500e+00 2.694686e+00 1.130416e+01 1.276319e+04 1.410369e+04 2.43164 6.468662e-01
6.390000e-01 4.426420e+00 2.337081e+00 2.695303e+00 1.131324e+01 1.277032e+04 1.408841e+04 2.43325 6.473335e-01
6.380000e-01 4.426420e+00 2.337650e+00 2.695904e+00 1.132234e+01 1.277738e+04 1.407309e+04 2.43484 6.477981e-01
6.370000e-01 4.426420e+00 2.338212e+00 2.696500e+00 1.133149e+01 1.278434e+04 1.405769e+04 2.43641 6.482575e-01
6.360000e-01 4.426420e+00 2.338768e+00 2.697090e+00 1.134068e+01 1.279121e+04 1.404221e+04 2.43796 6.487105e-01
6.350000e-01 4.426420e+00 2.339348e+00 2.697717e+00 1.134999e+01 1.279789e+04 1.402654e+04 2.43953 6.491448e-01
6.340000e-01 4.426420e+00 2.339891e+00 2.698294e+00 1.135926e+01 1.280452e+04 1.401092e+04 2.44105 6.495838e-01
6.330000e-01 4.426420e+00 2.340425e+00 2.698860e+00 1.136856e+01 1.281102e+04 1.399526e+04 2.44254 6.500156e-01
6.320000e-01 4.426420e+00 2.340951e+00 2.699415e+00 1.137787e+01 1.281738e+04 1.397956e+04 2.44402 6.504398e-01
6.310000e-01 4.426420e+00 2.341468e+00 2.699962e+00 1.138724e+01 1.282365e+04 1.396377e+04 2.44548 6.508581e-01
6.300000e-01 4.426420e+00 2.341979e+00 2.700501e+00 1.139666e+01 1.282982e+04 1.394787e+04 2.44692 6.512703e-01
6.290000e-01 4.426420e+00 2.342482e+00 2.701033e+00 1.140613e+01 1.283589e+04 1.393188e+04 2.44833 6.516759e-01
6.280000e-01 4.426420e+00 2.342977e+00 2.701558e+00 1.141565e+01 1.284187e+04 1.391579e+04 2.44973 6.520749e-01
6.270000e-01 4.426420e+00 2.343464e+00 2.702073e+00 1.142522e+01 1.284774e+04 1.389960e+04 2.4511 6.524668e-01
6.260000e-01 4.426420e+00 2.343943e+00 2.702580e+00 1.143484e+01 1.285350e+04 1.388334e+04 2.45245 6.528514e-01
6.250000e-01 4.426420e+00 2.344415e+00 2.703080e+00 1.144450e+01 1.285915e+04 1.386698e+04 2.45378 6.532293e-01
6.240000e-01 4.426420e+00 2.344879e+00 2.703572e+00 1.145422e+01 1.286470e+04 1.385054e+04 2.45509 6.536010e-01
6.230000e-01 4.426420e+00 2.345336e+00 2.704058e+00 1.146399e+01 1.287014e+04 1.383400e+04 2.45638 6.539662e-01
6.220000e-01 4.426420e+00 2.345786e+00 2.704536e+00 1.147381e+01 1.287547e+04 1.381740e+04 2.45765 6.543248e-01
6.210000e-01 4.426420e+00 2.346228e+00 2.705007e+00 1.148367e+01 1.288068e+04 1.380072e+04 2.4589 6.546763e-01
6.200000e-01 4.426420e+00 2.346662e+00 2.705469e+00 1.149356e+01 1.288577e+04 1.378399e+04 2.46013 6.550203e-01
6.190000e-01 4.426420e+00 2.347116e+00 2.705961e+00 1.150357e+01 1.289065e+04 1.376709e+04 2.46137 6.553440e-01
6.180000e-01 4.426420e+00 2.347531e+00 2.706401e+00 1.151354e+01 1.289547e+04 1.375024e+04 2.46255 6.556720e-01
6.170000e-01 4.426420e+00 2.347937e+00 2.706830e+00 1.152356e+01 1.290021e+04 1.373327e+04 2.4637 6.559938e-01
6.160000e-01 4.426420e+00 2.348334e+00 2.707251e+00 1.153365e+01 1.290483e+04 1.371620e+04 2.46484 6.563085e-01
6.150000e-01 4.426420e+00 2.348724e+00 2.707665e+00 1.154380e+01 1.290935e+04 1.369902e+04 2.46595 6.566167e-01
6.140000e-01 4.426420e+00 2.349105e+00 2.708069e+00 1.155401e+01 1.291376e+04 1.368175e+04 2.46704 6.569176e-01
6.130000e-01 4.426420e+00 2.349477e+00 2.708466e+00 1.156426e+01 1.291806e+04 1.366440e+04 2.4681 6.572113e-01
6.120000e-01 4.426420e+00 2.349842e+00 2.708854e+00 1.157457e+01 1.292225e+04 1.364696e+04 2.46914 6.574978e-01
6.110000e-01 4.426420e+00 2.350196e+00 2.709231e+00 1.158494e+01 1.292632e+04 1.362941e+04 2.47016 6.577771e-01
6.100000e-01 4.426420e+00 2.350541e+00 2.709600e+00 1.159537e+01 1.293029e+04 1.361176e+04 2.47115 6.580488e-01
6.090000e-01 4.426420e+00 2.350876e+00 2.709957e+00 1.160585e+01 1.293415e+04 1.359402e+04 2.4721 6.583120e-01
6.080000e-01 4.426420e+00 2.351200e+00 2.710302e+00 1.161637e+01 1.293788e+04 1.357620e+04 2.47303 6.585665e-01
6.070000e-01 4.426420e+00 2.351514e+00 2.710636e+00 1.162694e+01 1.294149e+04 1.355830e+04 2.47392 6.588125e-01
6.060000e-01 4.426420e+00 2.351817e+00 2.710956e+00 1.163753e+01 1.294495e+04 1.354035e+04 2.47479 6.590498e-01
6.050000e-01 4.426420e+00 2.352137e+00 2.711305e+00 1.164825e+01 1.294823e+04 1.352221e+04 2.47565 6.592671e-01
6.040000e-01 4.426420e+00 2.352422e+00 2.711606e+00 1.165896e+01 1.295147e+04 1.350407e+04 2.47646 6.594892e-01
6.030000e-01 4.426420e+00 2.352696e+00 2.711895e+00 1.166974e+01 1.295459e+04 1.348583e+04 2.47725 6.597044e-01
6.020000e-01 4.426420e+00 2.352962e+00 2.712178e+00 1.168059e+01 1.295761e+04 1.346747e+04 2.47801 6.599127e-01
6.010000e-01 4.426420e+00 2.353217e+00 2.712449e+00 1.169151e+01 1.296051e+04 1.344901e+04 2.47875 6.601131e-01
6.000000e-01 4.426420e+00 2.353463e+00 2.712710e+00 1.170248e+01 1.296330e+04 1.343047e+04 2.47946 6.603053e-01
5.990000e-01 4.426420e+00 2.353700e+00 2.712963e+00 1.171351e+01 1.296597e+04 1.341183e+04 2.48014 6.604900e-01
5.980000e-01 4.426420e+00 2.353925e+00 2.713203e+00 1.172461e+01 1.296851e+04 1.339308e+04 2.48079 6.606669e-01
5.970000e-01 4.426420e+00 2.354142e+00 2.713435e+00 1.173578e+01 1.297095e+04 1.337423e+04 2.48142 6.608361e-01
5.960000e-01 4.426420e+00 2.354349e+00 2.713657e+00 1.174701e+01 1.297327e+04 1.335529e+04 2.48202 6.609974e-01
5.950000e-01 4.426420e+00 2.354545e+00 2.713868e+00 1.175829e+01 1.297546e+04 1.333627e+04 2.48258 6.611503e-01
5.940000e-01 4.426420e+00 2.354730e+00 2.714066e+00 1.176961e+01 1.297753e+04 1.331718e+04 2.48312 6.612941e-01
5.930000e-01 4.426420e+00 2.354902e+00 2.714247e+00 1.178097e+01 1.297945e+04 1.329803e+04 2.48362 6.614285e-01
5.920000e-01 4.426420e+00 2.355062e+00 2.714415e+00 1.179239e+01 1.298126e+04 1.327880e+04 2.48408 6.615541e-01
5.910000e-01 4.426420e+00 2.355237e+00 2.714609e+00 1.180396e+01 1.298288e+04 1.325931e+04 2.48454 6.616593e-01
5.900000e-01 4.426420e+00 2.355375e+00 2.714754e+00 1.181553e+01 1.298444e+04 1.323982e+04 2.48493 6.617674e-01
5.890000e-01 4.426420e+00 2.355501e+00 2.714888e+00 1.182718e+01 1.298591e+04 1.322021e+04 2.4853 6.618676e-01
5.880000e-01 4.426420e+00 2.355617e+00 2.715008e+00 1.183890e+01 1.298724e+04 1.320050e+04 2.48563 6.619594e-01
5.870000e-01 4.426420e+00 2.355723e+00 2.715121e+00 1.185068e+01 1.298845e+04 1.318069e+04 2.48594 6.620434e-01
5.860000e-01 4.426420e+00 2.355819e+00 2.715224e+00 1.186254e+01 1.298954e+04 1.316080e+04 2.48622 6.621196e-01
5.850000e-01 4.426420e+00 2.355904e+00 2.715314e+00 1.187448e+01 1.299051e+04 1.314078e+04 2.48647 6.621876e-01
5.840000e-01 4.426420e+00 2.355980e+00 2.715396e+00 1.188648e+01 1.299137e+04 1.312067e+04 2.48669 6.622476e-01
5.830000e-01 4.426420e+00 2.356044e+00 2.715467e+00 1.189856e+01 1.299209e+04 1.310047e+04 2.48688 6.622995e-01
5.820000e-01 4.426420e+00 2.356098e+00 2.715526e+00 1.191069e+01 1.299269e+04 1.308019e+04 2.48704 6.623428e-01
5.810000e-01 4.426420e+00 2.356141e+00 2.715571e+00 1.192287e+01 1.299316e+04 1.305985e+04 2.48717 6.623768e-01
5.800000e-01 4.426420e+00 2.356170e+00 2.715601e+00 1.193509e+01 1.299349e+04 1.303946e+04 2.48726 6.624013e-01
5.790000e-01 4.426420e+00 2.356185e+00 2.715615e+00 1.194739e+01 1.299371e+04 1.301894e+04 2.48731 6.624165e-01
5.780000e-01 4.426420e+00 2.356214e+00 2.715651e+00 1.195986e+01 1.299372e+04 1.299818e+04 2.48734 6.624106e-01
5.770000e-01 4.426420e+00 2.356206e+00 2.715641e+00 1.197234e+01 1.299368e+04 1.297739e+04 2.48732 6.624067e-01
5.778083e-01 4.426420e+00 2.357348e+00 2.716981e+00 1.196650e+01 1.298857e+04 1.298718e+04 2.48839 6.617898e-01
