1.000000e+00 4.442810e+00 2.051553e+00 2.411401e+00 9.470444e+00 0.000000e+00 1.791042e+04 0 0.000000e+00
9.990000e-01 4.442810e+00 2.054076e+00 2.413734e+00 9.482140e+00 7.693690e+02 1.777272e+04 1.75375 3.638789e-02
9.980000e-01 4.442810e+00 2.054420e+00 2.413853e+00 9.483570e+00 1.076351e+03 1.772695e+04 1.85913 5.394773e-02
9.970000e-01 4.442810e+00 2.055324e+00 2.414853e+00 9.487822e+00 1.317894e+03 1.768935e+04 1.75774 6.239663e-02
9.960000e-01 4.442810e+00 2.055439e+00 2.414694e+00 9.489278e+00 1.518359e+03 1.766040e+04 1.78049 7.281032e-02
9.950000e-01 4.442810e+00 2.055727e+00 2.414738e+00 9.491211e+00 1.694368e+03 1.763518e+04 1.79466 8.187382e-02
9.940000e-01 4.442810e+00 2.057110e+00 2.416303e+00 9.496483e+00 1.852583e+03 1.760758e+04 1.76165 8.775431e-02
9.930000e-01 4.442810e+00 2.057274e+00 2.416204e+00 9.498041e+00 2.002771e+03 1.758658e+04 1.77506 9.557569e-02
9.920000e-01 4.442810e+00 2.057649e+00 2.416376e+00 9.500074e+00 2.142793e+03 1.756684e+04 1.78645 1.028763e-01
9.910000e-01 4.442810e+00 2.058989e+00 2.417918e+00 9.505248e+00 2.273388e+03 1.754325e+04 1.76568 1.077369e-01
9.900000e-01 4.442810e+00 2.059230e+00 2.417948e+00 9.506872e+00 2.399022e+03 1.752612e+04 1.77555 1.142998e-01
9.890000e-01 4.442810e+00 2.059640e+00 2.418189e+00 9.508918e+00 2.518137e+03 1.750958e+04 1.78435 1.205215e-01
9.880000e-01 4.442810e+00 2.060932e+00 2.419691e+00 9.513985e+00 2.630631e+03 1.748868e+04 1.76977 1.247199e-01
9.870000e-01 4.442810e+00 2.061203e+00 2.419777e+00 9.515637e+00 2.740117e+03 1.747405e+04 1.77745 1.304405e-01
9.860000e-01 4.442810e+00 2.061614e+00 2.420032e+00 9.517679e+00 2.844673e+03 1.745971e+04 1.7845 1.359005e-01
9.850000e-01 4.442810e+00 2.062892e+00 2.421516e+00 9.522719e+00 2.943395e+03 1.744073e+04 1.77389 1.396080e-01
9.840000e-01 4.442810e+00 2.063154e+00 2.421594e+00 9.524377e+00 3.041224e+03 1.742790e+04 1.78006 1.447129e-01
9.830000e-01 4.442810e+00 2.063571e+00 2.421856e+00 9.526440e+00 3.135646e+03 1.741506e+04 1.78621 1.496604e-01
9.820000e-01 4.442810e+00 2.064861e+00 2.423356e+00 9.531519e+00 3.225378e+03 1.739725e+04 1.77807 1.530503e-01
9.810000e-01 4.442810e+00 2.065132e+00 2.423450e+00 9.533200e+00 3.315066e+03 1.738567e+04 1.78337 1.577336e-01
9.800000e-01 4.442810e+00 2.065544e+00 2.423708e+00 9.535270e+00 3.401711e+03 1.737396e+04 1.78868 1.622738e-01
9.790000e-01 4.442810e+00 2.066842e+00 2.425214e+00 9.540381e+00 3.483921e+03 1.735708e+04 1.78228 1.653929e-01
9.780000e-01 4.442810e+00 2.067103e+00 2.425294e+00 9.542067e+00 3.566843e+03 1.734651e+04 1.78684 1.697194e-01
9.770000e-01 4.442810e+00 2.067502e+00 2.425533e+00 9.544141e+00 3.647030e+03 1.733574e+04 1.79151 1.739221e-01
9.760000e-01 4.442810e+00 2.068815e+00 2.427048e+00 9.549296e+00 3.722400e+03 1.731965e+04 1.78651 1.767956e-01
9.750000e-01 4.442810e+00 2.069036e+00 2.427069e+00 9.550960e+00 3.799105e+03 1.731002e+04 1.79032 1.807850e-01
9.740000e-01 4.442810e+00 2.069419e+00 2.427275e+00 9.553045e+00 3.873843e+03 1.730000e+04 1.79461 1.847149e-01
9.730000e-01 4.442810e+00 2.070770e+00 2.428826e+00 9.558303e+00 3.944581e+03 1.728436e+04 1.79074 1.874380e-01
9.720000e-01 4.442810e+00 2.071005e+00 2.428860e+00 9.560007e+00 4.017805e+03 1.727525e+04 1.79437 1.912604e-01
9.710000e-01 4.442810e+00 2.071406e+00 2.429090e+00 9.562133e+00 4.089248e+03 1.726571e+04 1.79844 1.950271e-01
9.700000e-01 4.442810e+00 2.072804e+00 2.430710e+00 9.567520e+00 4.156823e+03 1.725029e+04 1.79509 1.976144e-01
9.690000e-01 4.442810e+00 2.073032e+00 2.430738e+00 9.569202e+00 4.226831e+03 1.724177e+04 1.79849 2.012790e-01
9.680000e-01 4.442810e+00 2.073436e+00 2.430977e+00 9.571334e+00 4.295148e+03 1.723271e+04 1.80232 2.048873e-01
9.670000e-01 4.442810e+00 2.074826e+00 2.432591e+00 9.576725e+00 4.359658e+03 1.721769e+04 1.79943 2.073536e-01
9.660000e-01 4.442810e+00 2.075059e+00 2.432630e+00 9.578420e+00 4.426396e+03 1.720962e+04 1.80257 2.108478e-01
9.650000e-01 4.442810e+00 2.075458e+00 2.432865e+00 9.580552e+00 4.491409e+03 1.720103e+04 1.8061 2.142815e-01
9.640000e-01 4.442810e+00 2.076857e+00 2.434489e+00 9.585967e+00 4.552695e+03 1.718637e+04 1.80379 2.166353e-01
9.630000e-01 4.442810e+00 2.077091e+00 2.434532e+00 9.587677e+00 4.616694e+03 1.717871e+04 1.80673 2.199890e-01
9.620000e-01 4.442810e+00 2.077498e+00 2.434776e+00 9.589829e+00 4.679165e+03 1.717047e+04 1.81011 2.232958e-01
9.610000e-01 4.442810e+00 2.078903e+00 2.436410e+00 9.595277e+00 4.737845e+03 1.715610e+04 1.80819 2.255502e-01
9.600000e-01 4.442810e+00 2.079135e+00 2.436452e+00 9.596996e+00 4.799238e+03 1.714882e+04 1.81092 2.287671e-01
9.590000e-01 4.442810e+00 2.079539e+00 2.436693e+00 9.599158e+00 4.859197e+03 1.714094e+04 1.81412 2.319448e-01
9.580000e-01 4.442810e+00 2.080956e+00 2.438340e+00 9.604646e+00 4.915308e+03 1.712684e+04 1.81261 2.341079e-01
9.570000e-01 4.442810e+00 2.081176e+00 2.438366e+00 9.606367e+00 4.974273e+03 1.711992e+04 1.81514 2.371966e-01
9.560000e-01 4.442810e+00 2.081560e+00 2.438578e+00 9.608522e+00 5.031628e+03 1.711239e+04 1.8181 2.402345e-01
9.550000e-01 4.442810e+00 2.082999e+00 2.440242e+00 9.614062e+00 5.084847e+03 1.709854e+04 1.81703 2.422982e-01
9.540000e-01 4.442810e+00 2.083201e+00 2.440239e+00 9.615784e+00 5.141689e+03 1.709192e+04 1.81939 2.452768e-01
9.530000e-01 4.442810e+00 2.083594e+00 2.440457e+00 9.617977e+00 5.197377e+03 1.708459e+04 1.82234 2.482416e-01
9.520000e-01 4.442810e+00 2.085055e+00 2.442147e+00 9.623606e+00 5.249287e+03 1.707076e+04 1.82151 2.502557e-01
9.510000e-01 4.442810e+00 2.085272e+00 2.442164e+00 9.625363e+00 5.304759e+03 1.706432e+04 1.82383 2.531703e-01
9.500000e-01 4.442810e+00 2.085672e+00 2.442392e+00 9.627576e+00 5.358934e+03 1.705718e+04 1.82668 2.560569e-01
9.490000e-01 4.442810e+00 2.087139e+00 2.444094e+00 9.633243e+00 5.409327e+03 1.704348e+04 1.82603 2.580098e-01
9.480000e-01 4.442810e+00 2.087366e+00 2.444128e+00 9.635021e+00 5.463270e+03 1.703726e+04 1.82829 2.608476e-01
9.470000e-01 4.442810e+00 2.087768e+00 2.444362e+00 9.637246e+00 5.515905e+03 1.703033e+04 1.83103 2.636550e-01
9.460000e-01 4.442810e+00 2.089239e+00 2.446069e+00 9.642939e+00 5.564593e+03 1.701680e+04 1.83058 2.655427e-01
9.450000e-01 4.442810e+00 2.089463e+00 2.446101e+00 9.644725e+00 5.616940e+03 1.701079e+04 1.83273 2.682974e-01
9.440000e-01 4.442810e+00 2.089868e+00 2.446340e+00 9.646969e+00 5.668128e+03 1.700404e+04 1.83542 2.710344e-01
9.430000e-01 4.442810e+00 2.091352e+00 2.448062e+00 9.652711e+00 5.715493e+03 1.699059e+04 1.83517 2.728748e-01
9.420000e-01 4.442810e+00 2.091582e+00 2.448103e+00 9.654518e+00 5.766597e+03 1.698474e+04 1.83726 2.755678e-01
9.410000e-01 4.442810e+00 2.091985e+00 2.448339e+00 9.656773e+00 5.816431e+03 1.697816e+04 1.83985 2.782337e-01
9.400000e-01 4.442810e+00 2.093479e+00 2.450075e+00 9.662556e+00 5.862266e+03 1.696481e+04 1.83979 2.800168e-01
9.390000e-01 4.442810e+00 2.093703e+00 2.450109e+00 9.664369e+00 5.911967e+03 1.695915e+04 1.84178 2.826361e-01
9.380000e-01 4.442810e+00 2.094098e+00 2.450335e+00 9.666629e+00 5.960347e+03 1.695275e+04 1.84427 2.852266e-01
9.370000e-01 4.442810e+00 2.095607e+00 2.452084e+00 9.672449e+00 6.004418e+03 1.693952e+04 1.84443 2.869459e-01
9.360000e-01 4.442810e+00 2.095806e+00 2.452085e+00 9.674248e+00 6.052470e+03 1.693408e+04 1.84626 2.894754e-01
9.350000e-01 4.442810e+00 2.096193e+00 2.452295e+00 9.676515e+00 6.099388e+03 1.692785e+04 1.84869 2.919947e-01
9.340000e-01 4.442810e+00 2.097729e+00 2.454072e+00 9.682410e+00 6.142253e+03 1.691466e+04 1.84908 2.936781e-01
9.330000e-01 4.442810e+00 2.097936e+00 2.454081e+00 9.684243e+00 6.189578e+03 1.690931e+04 1.85092 2.961770e-01
9.320000e-01 4.442810e+00 2.098332e+00 2.454303e+00 9.686545e+00 6.235765e+03 1.690317e+04 1.85333 2.986633e-01
9.310000e-01 4.442810e+00 2.099878e+00 2.456095e+00 9.692504e+00 6.277787e+03 1.688996e+04 1.85379 3.003074e-01
9.300000e-01 4.442810e+00 2.100094e+00 2.456117e+00 9.694361e+00 6.324206e+03 1.688473e+04 1.85561 3.027622e-01
9.290000e-01 4.442810e+00 2.100494e+00 2.456346e+00 9.696681e+00 6.369455e+03 1.687870e+04 1.85797 3.052011e-01
9.280000e-01 4.442810e+00 2.102047e+00 2.458149e+00 9.702678e+00 6.410465e+03 1.686555e+04 1.85854 3.068056e-01
9.270000e-01 4.442810e+00 2.102262e+00 2.458173e+00 9.704545e+00 6.455835e+03 1.686046e+04 1.86029 3.092058e-01
9.260000e-01 4.442810e+00 2.102659e+00 2.458399e+00 9.706874e+00 6.500034e+03 1.685456e+04 1.8626 3.115916e-01
9.250000e-01 4.442810e+00 2.104226e+00 2.460218e+00 9.712919e+00 6.540028e+03 1.684146e+04 1.86331 3.131612e-01
9.240000e-01 4.442810e+00 2.104445e+00 2.460248e+00 9.714808e+00 6.584621e+03 1.683646e+04 1.86505 3.155244e-01
9.230000e-01 4.442810e+00 2.104846e+00 2.460480e+00 9.717160e+00 6.628057e+03 1.683065e+04 1.86734 3.178740e-01
9.220000e-01 4.442810e+00 2.106424e+00 2.462312e+00 9.723260e+00 6.667155e+03 1.681756e+04 1.86813 3.194069e-01
9.210000e-01 4.442810e+00 2.106640e+00 2.462339e+00 9.725162e+00 6.710857e+03 1.681266e+04 1.86982 3.217245e-01
9.200000e-01 4.442810e+00 2.107037e+00 2.462566e+00 9.727526e+00 6.753369e+03 1.680695e+04 1.87205 3.240274e-01
9.190000e-01 4.442810e+00 2.108630e+00 2.464415e+00 9.733673e+00 6.791357e+03 1.679388e+04 1.87298 3.255194e-01
9.180000e-01 4.442810e+00 2.108830e+00 2.464421e+00 9.735571e+00 6.833970e+03 1.678912e+04 1.87458 3.277787e-01
9.170000e-01 4.442810e+00 2.109211e+00 2.464624e+00 9.737930e+00 6.875319e+03 1.678353e+04 1.87673 3.300206e-01
9.160000e-01 4.442810e+00 2.110829e+00 2.466499e+00 9.744136e+00 6.912127e+03 1.677048e+04 1.87784 3.314754e-01
9.150000e-01 4.442810e+00 2.111024e+00 2.466497e+00 9.746051e+00 6.954064e+03 1.676580e+04 1.87941 3.337035e-01
9.140000e-01 4.442810e+00 2.111416e+00 2.466712e+00 9.748448e+00 6.994906e+03 1.676024e+04 1.88158 3.359271e-01
9.130000e-01 4.442810e+00 2.113093e+00 2.468665e+00 9.754819e+00 7.031159e+03 1.674698e+04 1.8828 3.373498e-01
9.120000e-01 4.442810e+00 2.113267e+00 2.468636e+00 9.756704e+00 7.072534e+03 1.674244e+04 1.88433 3.395556e-01
9.110000e-01 4.442810e+00 2.113652e+00 2.468843e+00 9.759102e+00 7.112730e+03 1.673698e+04 1.88647 3.417485e-01
9.100000e-01 4.442810e+00 2.115334e+00 2.470803e+00 9.765511e+00 7.148249e+03 1.672373e+04 1.88775 3.431421e-01
9.090000e-01 4.442810e+00 2.115507e+00 2.470776e+00 9.767408e+00 7.188889e+03 1.671928e+04 1.88925 3.453103e-01
9.080000e-01 4.442810e+00 2.115887e+00 2.470978e+00 9.769812e+00 7.228278e+03 1.671390e+04 1.89134 3.474613e-01
9.070000e-01 4.442810e+00 2.117583e+00 2.472955e+00 9.776263e+00 7.262919e+03 1.670067e+04 1.89273 3.488238e-01
9.060000e-01 4.442810e+00 2.117754e+00 2.472927e+00 9.778174e+00 7.302907e+03 1.669629e+04 1.8942 3.509599e-01
9.050000e-01 4.442810e+00 2.118139e+00 2.473134e+00 9.780601e+00 7.341719e+03 1.669097e+04 1.89628 3.530853e-01
9.040000e-01 4.442810e+00 2.119847e+00 2.475128e+00 9.787113e+00 7.375736e+03 1.667771e+04 1.89775 3.544227e-01
9.030000e-01 4.442810e+00 2.120017e+00 2.475098e+00 9.789040e+00 7.415103e+03 1.667340e+04 1.89919 3.565283e-01
9.020000e-01 4.442810e+00 2.120398e+00 2.475301e+00 9.791481e+00 7.453252e+03 1.666815e+04 1.90124 3.586207e-01
9.010000e-01 4.442810e+00 2.122123e+00 2.477314e+00 9.798050e+00 7.486453e+03 1.665486e+04 1.9028 3.599272e-01
9.000000e-01 4.442810e+00 2.122281e+00 2.477270e+00 9.799979e+00 7.525062e+03 1.665065e+04 1.90419 3.619935e-01
8.990000e-01 4.442810e+00 2.122646e+00 2.477451e+00 9.802417e+00 7.562344e+03 1.664548e+04 1.90617 3.640405e-01
8.980000e-01 4.442810e+00 2.124394e+00 2.479488e+00 9.809043e+00 7.594532e+03 1.663219e+04 1.90786 3.653123e-01
8.970000e-01 4.442810e+00 2.124542e+00 2.479428e+00 9.810981e+00 7.632529e+03 1.662805e+04 1.90921 3.673493e-01
8.960000e-01 4.442810e+00 2.124915e+00 2.479617e+00 9.813454e+00 7.669383e+03 1.662290e+04 1.91122 3.693820e-01
8.950000e-01 4.442810e+00 2.126682e+00 2.481677e+00 9.820172e+00 7.701203e+03 1.660951e+04 1.91297 3.706376e-01
8.940000e-01 4.442810e+00 2.126837e+00 2.481629e+00 9.822141e+00 7.738830e+03 1.660539e+04 1.91434 3.726598e-01
8.930000e-01 4.442810e+00 2.127212e+00 2.481821e+00 9.824637e+00 7.775239e+03 1.660028e+04 1.91633 3.746714e-01
8.920000e-01 4.442810e+00 2.128993e+00 2.483899e+00 9.831420e+00 7.806512e+03 1.658683e+04 1.91814 3.759028e-01
8.910000e-01 4.442810e+00 2.129148e+00 2.483853e+00 9.833404e+00 7.843601e+03 1.658276e+04 1.91948 3.778983e-01
8.900000e-01 4.442810e+00 2.129517e+00 2.484040e+00 9.835909e+00 7.879396e+03 1.657771e+04 1.92144 3.798785e-01
8.890000e-01 4.442810e+00 2.131314e+00 2.486137e+00 9.842739e+00 7.909930e+03 1.656425e+04 1.92333 3.810821e-01
8.880000e-01 4.442810e+00 2.131464e+00 2.486087e+00 9.844734e+00 7.946463e+03 1.656024e+04 1.92464 3.830502e-01
8.870000e-01 4.442810e+00 2.131836e+00 2.486277e+00 9.847260e+00 7.981770e+03 1.655523e+04 1.9266 3.850089e-01
8.860000e-01 4.442810e+00 2.133647e+00 2.488393e+00 9.854155e+00 8.011789e+03 1.654171e+04 1.92856 3.861925e-01
8.850000e-01 4.442810e+00 2.133795e+00 2.488341e+00 9.856166e+00 8.047848e+03 1.653775e+04 1.92985 3.881376e-01
8.840000e-01 4.442810e+00 2.134162e+00 2.488527e+00 9.858707e+00 8.082630e+03 1.653279e+04 1.93178 3.900708e-01
8.830000e-01 4.442810e+00 2.135991e+00 2.490663e+00 9.865664e+00 8.111972e+03 1.651923e+04 1.93382 3.912281e-01
8.820000e-01 4.442810e+00 2.136127e+00 2.490598e+00 9.867678e+00 8.147424e+03 1.651533e+04 1.93507 3.931424e-01
8.810000e-01 4.442810e+00 2.136480e+00 2.490763e+00 9.870218e+00 8.181506e+03 1.651043e+04 1.93695 3.950396e-01
8.800000e-01 4.442810e+00 2.138332e+00 2.492924e+00 9.877234e+00 8.209985e+03 1.649685e+04 1.93909 3.961660e-01
8.790000e-01 4.442810e+00 2.138456e+00 2.492841e+00 9.879255e+00 8.244914e+03 1.649301e+04 1.94031 3.980557e-01
8.780000e-01 4.442810e+00 2.138814e+00 2.493012e+00 9.881828e+00 8.278633e+03 1.648812e+04 1.94221 3.999412e-01
8.770000e-01 4.442810e+00 2.140687e+00 2.495198e+00 9.888940e+00 8.306801e+03 1.647441e+04 1.94441 4.010542e-01
8.760000e-01 4.442810e+00 2.140817e+00 2.495124e+00 9.890994e+00 8.341464e+03 1.647059e+04 1.94565 4.029345e-01
8.750000e-01 4.442810e+00 2.141177e+00 2.495296e+00 9.893593e+00 8.374851e+03 1.646571e+04 1.94754 4.048055e-01
8.740000e-01 4.442810e+00 2.143066e+00 2.497504e+00 9.900782e+00 8.402583e+03 1.645191e+04 1.94979 4.058980e-01
8.730000e-01 4.442810e+00 2.143195e+00 2.497432e+00 9.902853e+00 8.436825e+03 1.644812e+04 1.95101 4.077581e-01
8.720000e-01 4.442810e+00 2.143548e+00 2.497598e+00 9.905463e+00 8.469719e+03 1.644328e+04 1.95288 4.096045e-01
8.710000e-01 4.442810e+00 2.145455e+00 2.499826e+00 9.912709e+00 8.496828e+03 1.642944e+04 1.9552 4.106726e-01
8.700000e-01 4.442810e+00 2.145578e+00 2.499749e+00 9.914791e+00 8.530621e+03 1.642569e+04 1.95639 4.125111e-01
8.690000e-01 4.442810e+00 2.145933e+00 2.499917e+00 9.917422e+00 8.563113e+03 1.642088e+04 1.95826 4.143402e-01
8.680000e-01 4.442810e+00 2.147900e+00 2.502228e+00 9.924827e+00 8.589744e+03 1.640682e+04 1.96068 4.153809e-01
8.670000e-01 4.442810e+00 2.147989e+00 2.502106e+00 9.926867e+00 8.623166e+03 1.640319e+04 1.96183 4.172067e-01
8.660000e-01 4.442810e+00 2.148330e+00 2.502255e+00 9.929493e+00 8.655222e+03 1.639844e+04 1.96367 4.190169e-01
8.650000e-01 4.442810e+00 2.150311e+00 2.504581e+00 9.936955e+00 8.681245e+03 1.638433e+04 1.96616 4.200343e-01
8.640000e-01 4.442810e+00 2.150387e+00 2.504443e+00 9.938996e+00 8.714140e+03 1.638076e+04 1.96726 4.218337e-01
8.630000e-01 4.442810e+00 2.150710e+00 2.504570e+00 9.941620e+00 8.745585e+03 1.637606e+04 1.96905 4.236132e-01
8.620000e-01 4.442810e+00 2.152718e+00 2.506924e+00 9.949148e+00 8.770877e+03 1.636190e+04 1.97164 4.246041e-01
8.610000e-01 4.442810e+00 2.152781e+00 2.506769e+00 9.951198e+00 8.803364e+03 1.635836e+04 1.97272 4.263856e-01
8.600000e-01 4.442810e+00 2.153111e+00 2.506903e+00 9.953857e+00 8.834529e+03 1.635365e+04 1.97454 4.281573e-01
8.590000e-01 4.442810e+00 2.155140e+00 2.509283e+00 9.961487e+00 8.859545e+03 1.633935e+04 1.97718 4.291348e-01
8.580000e-01 4.442810e+00 2.155207e+00 2.509135e+00 9.963568e+00 8.891809e+03 1.633582e+04 1.97827 4.309090e-01
8.570000e-01 4.442810e+00 2.155536e+00 2.509267e+00 9.966253e+00 8.922702e+03 1.633112e+04 1.98008 4.326696e-01
8.560000e-01 4.442810e+00 2.157584e+00 2.511672e+00 9.973969e+00 8.947324e+03 1.631670e+04 1.98277 4.336278e-01
8.550000e-01 4.442810e+00 2.157647e+00 2.511521e+00 9.976065e+00 8.979226e+03 1.631319e+04 1.98385 4.353852e-01
8.540000e-01 4.442810e+00 2.157969e+00 2.511645e+00 9.978760e+00 9.009692e+03 1.630852e+04 1.98563 4.371251e-01
8.530000e-01 4.442810e+00 2.160037e+00 2.514075e+00 9.986545e+00 9.033785e+03 1.629403e+04 1.98839 4.380619e-01
8.520000e-01 4.442810e+00 2.160094e+00 2.513918e+00 9.988654e+00 9.065334e+03 1.629054e+04 1.98945 4.398034e-01
8.510000e-01 4.442810e+00 2.160415e+00 2.514044e+00 9.991372e+00 9.095483e+03 1.628588e+04 1.99123 4.415306e-01
8.500000e-01 4.442810e+00 2.162502e+00 2.516496e+00 9.999238e+00 9.119159e+03 1.627128e+04 1.99404 4.424490e-01
8.490000e-01 4.442810e+00 2.162552e+00 2.516332e+00 1.000136e+01 9.150352e+03 1.626782e+04 1.99508 4.441741e-01
8.480000e-01 4.442810e+00 2.164136e+00 2.518098e+00 1.000773e+01 9.175388e+03 1.625614e+04 1.99781 4.453448e-01
8.470000e-01 4.442810e+00 2.164184e+00 2.517933e+00 1.000987e+01 9.206259e+03 1.625268e+04 1.99884 4.470539e-01
8.460000e-01 4.442810e+00 2.165782e+00 2.519715e+00 1.001628e+01 9.230842e+03 1.624096e+04 2.0016 4.482044e-01
8.450000e-01 4.442810e+00 2.165815e+00 2.519529e+00 1.001841e+01 9.261354e+03 1.623754e+04 2.00259 4.498959e-01
8.440000e-01 4.442810e+00 2.167427e+00 2.521327e+00 1.002486e+01 9.285634e+03 1.622577e+04 2.0054 4.510353e-01
8.430000e-01 4.442810e+00 2.167459e+00 2.521140e+00 1.002701e+01 9.316035e+03 1.622234e+04 2.0064 4.527247e-01
8.420000e-01 4.442810e+00 2.169081e+00 2.522950e+00 1.003353e+01 9.340159e+03 1.621049e+04 2.00922 4.538564e-01
8.410000e-01 4.442810e+00 2.169114e+00 2.522766e+00 1.003570e+01 9.370431e+03 1.620706e+04 2.01023 4.555419e-01
8.400000e-01 4.442810e+00 2.170745e+00 2.524586e+00 1.004226e+01 9.394357e+03 1.619514e+04 2.01308 4.566640e-01
8.390000e-01 4.442810e+00 2.171595e+00 2.525432e+00 1.004669e+01 9.421323e+03 1.618739e+04 2.01501 4.580564e-01
8.380000e-01 4.442810e+00 2.171612e+00 2.525228e+00 1.004885e+01 9.451296e+03 1.618401e+04 2.01601 4.597332e-01
8.370000e-01 4.442810e+00 2.173295e+00 2.527119e+00 1.005556e+01 9.474746e+03 1.617189e+04 2.01893 4.608268e-01
8.360000e-01 4.442810e+00 2.173289e+00 2.526886e+00 1.005769e+01 9.504519e+03 1.616858e+04 2.01988 4.624954e-01
8.350000e-01 4.442810e+00 2.174971e+00 2.528774e+00 1.006442e+01 9.527741e+03 1.615644e+04 2.02281 4.635814e-01
8.340000e-01 4.442810e+00 2.174961e+00 2.528537e+00 1.006657e+01 9.557356e+03 1.615314e+04 2.02376 4.652441e-01
8.330000e-01 4.442810e+00 2.176653e+00 2.530438e+00 1.007335e+01 9.580336e+03 1.614094e+04 2.02672 4.663190e-01
8.320000e-01 4.442810e+00 2.177468e+00 2.531235e+00 1.007777e+01 9.606484e+03 1.613326e+04 2.02864 4.676839e-01
8.310000e-01 4.442810e+00 2.178310e+00 2.532069e+00 1.008226e+01 9.632452e+03 1.612549e+04 2.0306 4.690383e-01
8.300000e-01 4.442810e+00 2.179152e+00 2.532902e+00 1.008676e+01 9.658250e+03 1.611772e+04 2.03256 4.703849e-01
8.290000e-01 4.442810e+00 2.179993e+00 2.533733e+00 1.009127e+01 9.683849e+03 1.610994e+04 2.03452 4.717226e-01
8.280000e-01 4.442810e+00 2.180833e+00 2.534563e+00 1.009578e+01 9.709280e+03 1.610217e+04 2.03648 4.730529e-01
8.270000e-01 4.442810e+00 2.181673e+00 2.535391e+00 1.010031e+01 9.734620e+03 1.609437e+04 2.03845 4.743798e-01
8.260000e-01 4.442810e+00 2.182516e+00 2.536225e+00 1.010486e+01 9.759914e+03 1.608655e+04 2.04042 4.757051e-01
8.250000e-01 4.442810e+00 2.183361e+00 2.537061e+00 1.010943e+01 9.785133e+03 1.607870e+04 2.0424 4.770275e-01
8.240000e-01 4.442810e+00 2.184209e+00 2.537900e+00 1.011403e+01 9.810283e+03 1.607083e+04 2.04439 4.783470e-01
8.230000e-01 4.442810e+00 2.185059e+00 2.538743e+00 1.011864e+01 9.835351e+03 1.606295e+04 2.04638 4.796631e-01
8.220000e-01 4.442810e+00 2.185911e+00 2.539588e+00 1.012326e+01 9.860325e+03 1.605504e+04 2.04837 4.809752e-01
8.210000e-01 4.442810e+00 2.186763e+00 2.540434e+00 1.012790e+01 9.885174e+03 1.604712e+04 2.05037 4.822817e-01
8.200000e-01 4.442810e+00 2.187616e+00 2.541282e+00 1.013255e+01 9.909893e+03 1.603920e+04 2.05237 4.835824e-01
8.190000e-01 4.442810e+00 2.188512e+00 2.542188e+00 1.013730e+01 9.934452e+03 1.603112e+04 2.05442 4.848680e-01
8.180000e-01 4.442810e+00 2.189368e+00 2.543040e+00 1.014198e+01 9.958978e+03 1.602316e+04 2.05643 4.861603e-01
8.170000e-01 4.442810e+00 2.190225e+00 2.543893e+00 1.014667e+01 9.983420e+03 1.601518e+04 2.05845 4.874492e-01
8.160000e-01 4.442810e+00 2.191082e+00 2.544748e+00 1.015139e+01 1.000774e+04 1.600718e+04 2.06047 4.887330e-01
8.150000e-01 4.442810e+00 2.191941e+00 2.545603e+00 1.015611e+01 1.003194e+04 1.599918e+04 2.06249 4.900112e-01
8.140000e-01 4.442810e+00 2.192799e+00 2.546459e+00 1.016084e+01 1.005602e+04 1.599116e+04 2.06451 4.912839e-01
8.130000e-01 4.442810e+00 2.193656e+00 2.547314e+00 1.016559e+01 1.007993e+04 1.598314e+04 2.06653 4.925494e-01
8.120000e-01 4.442810e+00 2.194512e+00 2.548165e+00 1.017034e+01 1.010366e+04 1.597512e+04 2.06855 4.938066e-01
8.110000e-01 4.442810e+00 2.195367e+00 2.549015e+00 1.017509e+01 1.012724e+04 1.596709e+04 2.07058 4.950575e-01
8.100000e-01 4.442810e+00 2.196223e+00 2.549866e+00 1.017987e+01 1.015076e+04 1.595903e+04 2.07261 4.963062e-01
8.090000e-01 4.442810e+00 2.197082e+00 2.550720e+00 1.018468e+01 1.017422e+04 1.595094e+04 2.07464 4.975525e-01
8.080000e-01 4.442810e+00 2.197942e+00 2.551577e+00 1.018950e+01 1.019761e+04 1.594283e+04 2.07668 4.987964e-01
8.070000e-01 4.442810e+00 2.198805e+00 2.552438e+00 1.019434e+01 1.022094e+04 1.593468e+04 2.07873 5.000375e-01
8.060000e-01 4.442810e+00 2.199670e+00 2.553301e+00 1.019920e+01 1.024418e+04 1.592652e+04 2.08078 5.012751e-01
8.050000e-01 4.442810e+00 2.200535e+00 2.554165e+00 1.020408e+01 1.026734e+04 1.591833e+04 2.08284 5.025087e-01
8.040000e-01 4.442810e+00 2.201402e+00 2.555031e+00 1.020897e+01 1.029037e+04 1.591013e+04 2.0849 5.037369e-01
8.030000e-01 4.442810e+00 2.202268e+00 2.555897e+00 1.021387e+01 1.031328e+04 1.590192e+04 2.08696 5.049600e-01
8.020000e-01 4.442810e+00 2.203135e+00 2.556765e+00 1.021879e+01 1.033611e+04 1.589368e+04 2.08902 5.061794e-01
8.010000e-01 4.442810e+00 2.204004e+00 2.557635e+00 1.022373e+01 1.035886e+04 1.588542e+04 2.09109 5.073957e-01
8.000000e-01 4.442810e+00 2.204874e+00 2.558507e+00 1.022869e+01 1.038153e+04 1.587714e+04 2.09316 5.086081e-01
7.990000e-01 4.442810e+00 2.205744e+00 2.559380e+00 1.023366e+01 1.040407e+04 1.586884e+04 2.09523 5.098154e-01
7.980000e-01 4.442810e+00 2.206615e+00 2.560252e+00 1.023864e+01 1.042650e+04 1.586052e+04 2.09731 5.110172e-01
7.970000e-01 4.442810e+00 2.207485e+00 2.561125e+00 1.024364e+01 1.044880e+04 1.585220e+04 2.09939 5.122137e-01
7.960000e-01 4.442810e+00 2.208354e+00 2.561995e+00 1.024864e+01 1.047093e+04 1.584386e+04 2.10147 5.134023e-01
7.950000e-01 4.442810e+00 2.209221e+00 2.562863e+00 1.025365e+01 1.049291e+04 1.583552e+04 2.10354 5.145839e-01
7.940000e-01 4.442810e+00 2.210087e+00 2.563730e+00 1.025867e+01 1.051478e+04 1.582716e+04 2.10562 5.157616e-01
7.930000e-01 4.442810e+00 2.210956e+00 2.564599e+00 1.026372e+01 1.053660e+04 1.581876e+04 2.10771 5.169372e-01
7.920000e-01 4.442810e+00 2.211826e+00 2.565471e+00 1.026879e+01 1.055836e+04 1.581033e+04 2.1098 5.181105e-01
7.910000e-01 4.442810e+00 2.212699e+00 2.566346e+00 1.027389e+01 1.058005e+04 1.580187e+04 2.11189 5.192813e-01
7.900000e-01 4.442810e+00 2.213573e+00 2.567223e+00 1.027900e+01 1.060167e+04 1.579338e+04 2.11399 5.204488e-01
7.890000e-01 4.442810e+00 2.214448e+00 2.568102e+00 1.028414e+01 1.062322e+04 1.578487e+04 2.1161 5.216130e-01
7.880000e-01 4.442810e+00 2.215324e+00 2.568983e+00 1.028928e+01 1.064465e+04 1.577633e+04 2.11821 5.227724e-01
7.870000e-01 4.442810e+00 2.216200e+00 2.569863e+00 1.029445e+01 1.066597e+04 1.576778e+04 2.12032 5.239267e-01
7.860000e-01 4.442810e+00 2.217076e+00 2.570745e+00 1.029963e+01 1.068720e+04 1.575920e+04 2.12243 5.250771e-01
7.850000e-01 4.442810e+00 2.217953e+00 2.571628e+00 1.030483e+01 1.070836e+04 1.575060e+04 2.12454 5.262247e-01
7.840000e-01 4.442810e+00 2.218832e+00 2.572514e+00 1.031004e+01 1.072943e+04 1.574196e+04 2.12667 5.273687e-01
7.830000e-01 4.442810e+00 2.219711e+00 2.573400e+00 1.031528e+01 1.075041e+04 1.573331e+04 2.12879 5.285080e-01
7.820000e-01 4.442810e+00 2.220590e+00 2.574286e+00 1.032053e+01 1.077126e+04 1.572464e+04 2.13091 5.296422e-01
7.810000e-01 4.442810e+00 2.221510e+00 2.575231e+00 1.032588e+01 1.079196e+04 1.571580e+04 2.13308 5.307600e-01
7.800000e-01 4.442810e+00 2.222346e+00 2.576058e+00 1.033106e+01 1.081259e+04 1.570724e+04 2.13516 5.318931e-01
7.790000e-01 4.442810e+00 2.223262e+00 2.576996e+00 1.033643e+01 1.083297e+04 1.569839e+04 2.13733 5.329970e-01
7.780000e-01 4.442810e+00 2.224137e+00 2.577878e+00 1.034172e+01 1.085330e+04 1.568965e+04 2.13945 5.341075e-01
7.770000e-01 4.442810e+00 2.225013e+00 2.578759e+00 1.034704e+01 1.087356e+04 1.568088e+04 2.14158 5.352158e-01
7.760000e-01 4.442810e+00 2.225890e+00 2.579643e+00 1.035239e+01 1.089376e+04 1.567208e+04 2.14372 5.363218e-01
7.750000e-01 4.442810e+00 2.226769e+00 2.580529e+00 1.035775e+01 1.091391e+04 1.566324e+04 2.14586 5.374253e-01
7.740000e-01 4.442810e+00 2.227650e+00 2.581419e+00 1.036314e+01 1.093398e+04 1.565437e+04 2.148 5.385259e-01
7.730000e-01 4.442810e+00 2.228531e+00 2.582310e+00 1.036855e+01 1.095397e+04 1.564546e+04 2.15015 5.396232e-01
7.720000e-01 4.442810e+00 2.229413e+00 2.583201e+00 1.037398e+01 1.097386e+04 1.563654e+04 2.1523 5.407157e-01
7.710000e-01 4.442810e+00 2.230294e+00 2.584093e+00 1.037942e+01 1.099364e+04 1.562759e+04 2.15445 5.418036e-01
7.700000e-01 4.442810e+00 2.231176e+00 2.584986e+00 1.038488e+01 1.101334e+04 1.561861e+04 2.15661 5.428877e-01
7.690000e-01 4.442810e+00 2.232059e+00 2.585881e+00 1.039037e+01 1.103296e+04 1.560960e+04 2.15877 5.439690e-01
7.680000e-01 4.442810e+00 2.232942e+00 2.586777e+00 1.039587e+01 1.105250e+04 1.560056e+04 2.16093 5.450467e-01
7.670000e-01 4.442810e+00 2.233826e+00 2.587674e+00 1.040140e+01 1.107195e+04 1.559150e+04 2.16309 5.461200e-01
7.660000e-01 4.442810e+00 2.234710e+00 2.588570e+00 1.040693e+01 1.109128e+04 1.558242e+04 2.16526 5.471883e-01
7.650000e-01 4.442810e+00 2.235592e+00 2.589467e+00 1.041249e+01 1.111050e+04 1.557331e+04 2.16743 5.482516e-01
7.640000e-01 4.442810e+00 2.236473e+00 2.590360e+00 1.041805e+01 1.112956e+04 1.556419e+04 2.16959 5.493080e-01
7.630000e-01 4.442810e+00 2.237352e+00 2.591251e+00 1.042362e+01 1.114848e+04 1.555506e+04 2.17175 5.503578e-01
7.620000e-01 4.442810e+00 2.238230e+00 2.592140e+00 1.042921e+01 1.116731e+04 1.554590e+04 2.17392 5.514038e-01
7.610000e-01 4.442810e+00 2.239108e+00 2.593031e+00 1.043482e+01 1.118607e+04 1.553671e+04 2.17609 5.524473e-01
7.600000e-01 4.442810e+00 2.239989e+00 2.593924e+00 1.044046e+01 1.120477e+04 1.552747e+04 2.17826 5.534885e-01
7.590000e-01 4.442810e+00 2.240870e+00 2.594820e+00 1.044613e+01 1.122341e+04 1.551820e+04 2.18044 5.545272e-01
7.580000e-01 4.442810e+00 2.241753e+00 2.595717e+00 1.045182e+01 1.124197e+04 1.550889e+04 2.18262 5.555625e-01
7.570000e-01 4.442810e+00 2.242636e+00 2.596616e+00 1.045754e+01 1.126045e+04 1.549955e+04 2.18481 5.565945e-01
7.560000e-01 4.442810e+00 2.243519e+00 2.597515e+00 1.046327e+01 1.127883e+04 1.549017e+04 2.187 5.576219e-01
7.550000e-01 4.442810e+00 2.244401e+00 2.598413e+00 1.046902e+01 1.129711e+04 1.548078e+04 2.18918 5.586445e-01
7.540000e-01 4.442810e+00 2.245284e+00 2.599314e+00 1.047478e+01 1.131531e+04 1.547135e+04 2.19137 5.596641e-01
7.530000e-01 4.442810e+00 2.246167e+00 2.600215e+00 1.048058e+01 1.133344e+04 1.546188e+04 2.19357 5.606807e-01
7.520000e-01 4.442810e+00 2.247050e+00 2.601116e+00 1.048640e+01 1.135148e+04 1.545237e+04 2.19576 5.616931e-01
7.510000e-01 4.442810e+00 2.247934e+00 2.602019e+00 1.049223e+01 1.136943e+04 1.544284e+04 2.19796 5.627014e-01
7.500000e-01 4.442810e+00 2.248816e+00 2.602921e+00 1.049808e+01 1.138726e+04 1.543329e+04 2.20015 5.637045e-01
7.490000e-01 4.442810e+00 2.249697e+00 2.603820e+00 1.050394e+01 1.140497e+04 1.542371e+04 2.20235 5.647020e-01
7.480000e-01 4.442810e+00 2.250575e+00 2.604717e+00 1.050982e+01 1.142253e+04 1.541412e+04 2.20454 5.656928e-01
7.470000e-01 4.442810e+00 2.251451e+00 2.605610e+00 1.051571e+01 1.143996e+04 1.540451e+04 2.20673 5.666777e-01
7.460000e-01 4.442810e+00 2.252368e+00 2.606562e+00 1.052171e+01 1.145727e+04 1.539473e+04 2.20897 5.676481e-01
7.450000e-01 4.442810e+00 2.253245e+00 2.607457e+00 1.052765e+01 1.147457e+04 1.538503e+04 2.21116 5.686273e-01
7.440000e-01 4.442810e+00 2.254122e+00 2.608353e+00 1.053362e+01 1.149179e+04 1.537529e+04 2.21336 5.696039e-01
7.430000e-01 4.442810e+00 2.255001e+00 2.609253e+00 1.053961e+01 1.150896e+04 1.536551e+04 2.21557 5.705782e-01
7.420000e-01 4.442810e+00 2.255880e+00 2.610153e+00 1.054563e+01 1.152605e+04 1.535569e+04 2.21778 5.715489e-01
7.410000e-01 4.442810e+00 2.256759e+00 2.611052e+00 1.055167e+01 1.154305e+04 1.534583e+04 2.21998 5.725152e-01
7.400000e-01 4.442810e+00 2.257636e+00 2.611951e+00 1.055773e+01 1.155994e+04 1.533595e+04 2.22219 5.734770e-01
7.390000e-01 4.442810e+00 2.258513e+00 2.612849e+00 1.056381e+01 1.157674e+04 1.532602e+04 2.2244 5.744346e-01
7.380000e-01 4.442810e+00 2.259391e+00 2.613750e+00 1.056992e+01 1.159349e+04 1.531606e+04 2.22661 5.753898e-01
7.370000e-01 4.442810e+00 2.260267e+00 2.614650e+00 1.057605e+01 1.161014e+04 1.530605e+04 2.22882 5.763409e-01
7.360000e-01 4.442810e+00 2.261144e+00 2.615549e+00 1.058220e+01 1.162670e+04 1.529601e+04 2.23103 5.772876e-01
7.350000e-01 4.442810e+00 2.262019e+00 2.616450e+00 1.058837e+01 1.164317e+04 1.528594e+04 2.23324 5.782297e-01
7.340000e-01 4.442810e+00 2.262893e+00 2.617347e+00 1.059456e+01 1.165951e+04 1.527584e+04 2.23544 5.791665e-01
7.330000e-01 4.442810e+00 2.263764e+00 2.618241e+00 1.060076e+01 1.167572e+04 1.526572e+04 2.23765 5.800967e-01
7.320000e-01 4.442810e+00 2.264631e+00 2.619130e+00 1.060697e+01 1.169179e+04 1.525558e+04 2.23985 5.810207e-01
7.310000e-01 4.442810e+00 2.265498e+00 2.620018e+00 1.061320e+01 1.170777e+04 1.524540e+04 2.24205 5.819408e-01
7.300000e-01 4.442810e+00 2.266364e+00 2.620907e+00 1.061946e+01 1.172369e+04 1.523517e+04 2.24425 5.828585e-01
7.290000e-01 4.442810e+00 2.267231e+00 2.621796e+00 1.062575e+01 1.173954e+04 1.522489e+04 2.24645 5.837730e-01
7.280000e-01 4.442810e+00 2.268097e+00 2.622686e+00 1.063207e+01 1.175533e+04 1.521456e+04 2.24866 5.846846e-01
7.270000e-01 4.442810e+00 2.267789e+00 2.622201e+00 1.063468e+01 1.177692e+04 1.521152e+04 2.24941 5.861142e-01
7.260000e-01 4.442810e+00 2.269827e+00 2.624463e+00 1.064477e+01 1.178666e+04 1.519381e+04 2.25307 5.865001e-01
7.250000e-01 4.442810e+00 2.269498e+00 2.623957e+00 1.064739e+01 1.180813e+04 1.519075e+04 2.25379 5.879250e-01
7.240000e-01 4.442810e+00 2.271554e+00 2.626240e+00 1.065757e+01 1.181762e+04 1.517287e+04 2.25748 5.882949e-01
7.230000e-01 4.442810e+00 2.271206e+00 2.625713e+00 1.066019e+01 1.183898e+04 1.516980e+04 2.25817 5.897182e-01
7.220000e-01 4.442810e+00 2.273316e+00 2.628072e+00 1.067057e+01 1.184821e+04 1.515160e+04 2.26192 5.900630e-01
7.210000e-01 4.442810e+00 2.272931e+00 2.627498e+00 1.067315e+01 1.186948e+04 1.514859e+04 2.26256 5.914898e-01
7.200000e-01 4.442810e+00 2.275038e+00 2.629849e+00 1.068357e+01 1.187848e+04 1.513032e+04 2.26633 5.918259e-01
7.190000e-01 4.442810e+00 2.274626e+00 2.629246e+00 1.068615e+01 1.189960e+04 1.512731e+04 2.26692 5.932480e-01
7.180000e-01 4.442810e+00 2.276749e+00 2.631614e+00 1.069665e+01 1.190830e+04 1.510890e+04 2.27072 5.935670e-01
7.170000e-01 4.442810e+00 2.276305e+00 2.630972e+00 1.069920e+01 1.192921e+04 1.510591e+04 2.27125 5.949812e-01
7.160000e-01 4.442810e+00 2.278449e+00 2.633365e+00 1.070978e+01 1.193761e+04 1.508738e+04 2.27509 5.952852e-01
7.150000e-01 4.442810e+00 2.277987e+00 2.632703e+00 1.071234e+01 1.195843e+04 1.508438e+04 2.2756 5.966989e-01
7.140000e-01 4.442810e+00 2.280145e+00 2.635113e+00 1.072304e+01 1.196663e+04 1.506565e+04 2.27947 5.969903e-01
7.130000e-01 4.442810e+00 2.279666e+00 2.634434e+00 1.072561e+01 1.198737e+04 1.506263e+04 2.27996 5.984046e-01
7.120000e-01 4.442810e+00 2.281840e+00 2.636863e+00 1.073642e+01 1.199537e+04 1.504370e+04 2.28384 5.986826e-01
7.110000e-01 4.442810e+00 2.281341e+00 2.636164e+00 1.073899e+01 1.201599e+04 1.504068e+04 2.2843 6.000955e-01
7.100000e-01 4.442810e+00 2.281225e+00 2.635768e+00 1.074231e+01 1.203447e+04 1.503609e+04 2.28595 6.015132e-01
7.090000e-01 4.442810e+00 2.284357e+00 2.639461e+00 1.075664e+01 1.203781e+04 1.501052e+04 2.29038 6.011946e-01
7.080000e-01 4.442810e+00 2.283830e+00 2.638733e+00 1.075924e+01 1.205826e+04 1.500746e+04 2.2908 6.026028e-01
7.070000e-01 4.442810e+00 2.283694e+00 2.638317e+00 1.076258e+01 1.207656e+04 1.500283e+04 2.29242 6.040168e-01
7.060000e-01 4.442810e+00 2.286912e+00 2.642126e+00 1.077725e+01 1.207942e+04 1.497672e+04 2.29696 6.036536e-01
7.050000e-01 4.442810e+00 2.286332e+00 2.641334e+00 1.077980e+01 1.209970e+04 1.497372e+04 2.2973 6.050637e-01
7.040000e-01 4.442810e+00 2.286157e+00 2.640869e+00 1.078313e+01 1.211778e+04 1.496910e+04 2.29886 6.064730e-01
7.030000e-01 4.442810e+00 2.289413e+00 2.644722e+00 1.079797e+01 1.212011e+04 1.494272e+04 2.30348 6.060796e-01
7.020000e-01 4.442810e+00 2.288783e+00 2.643871e+00 1.080050e+01 1.214012e+04 1.493974e+04 2.30373 6.074806e-01
7.010000e-01 4.442810e+00 2.288579e+00 2.643372e+00 1.080383e+01 1.215791e+04 1.493510e+04 2.30525 6.088807e-01
7.000000e-01 4.442810e+00 2.291888e+00 2.647288e+00 1.081888e+01 1.215979e+04 1.490840e+04 2.30996 6.084589e-01
6.990000e-01 4.442810e+00 2.291227e+00 2.646405e+00 1.082142e+01 1.217966e+04 1.490539e+04 2.31017 6.098612e-01
6.980000e-01 4.442810e+00 2.290998e+00 2.645879e+00 1.082478e+01 1.219731e+04 1.490071e+04 2.31167 6.112620e-01
6.970000e-01 4.442810e+00 2.294351e+00 2.649849e+00 1.084010e+01 1.219879e+04 1.487356e+04 2.31643 6.108073e-01
6.960000e-01 4.442810e+00 2.293657e+00 2.648931e+00 1.084265e+01 1.221851e+04 1.487054e+04 2.3166 6.122087e-01
6.950000e-01 4.442810e+00 2.293393e+00 2.648363e+00 1.084601e+01 1.223597e+04 1.486582e+04 2.31804 6.136055e-01
6.940000e-01 4.442810e+00 2.296797e+00 2.652397e+00 1.086158e+01 1.223697e+04 1.483827e+04 2.32288 6.131162e-01
6.930000e-01 4.442810e+00 2.296064e+00 2.651437e+00 1.086413e+01 1.225653e+04 1.483523e+04 2.32299 6.145166e-01
6.920000e-01 4.442810e+00 2.295770e+00 2.650836e+00 1.086751e+01 1.227383e+04 1.483048e+04 2.32438 6.159114e-01
6.910000e-01 4.442810e+00 2.299257e+00 2.654979e+00 1.088342e+01 1.227432e+04 1.480236e+04 2.32932 6.153744e-01
6.900000e-01 4.442810e+00 2.298463e+00 2.653946e+00 1.088592e+01 1.229371e+04 1.479937e+04 2.32934 6.167765e-01
6.890000e-01 4.442810e+00 2.298124e+00 2.653289e+00 1.088927e+01 1.231078e+04 1.479462e+04 2.33066 6.181660e-01
6.880000e-01 4.442810e+00 2.301653e+00 2.657479e+00 1.090538e+01 1.231073e+04 1.476620e+04 2.33567 6.175943e-01
6.870000e-01 4.442810e+00 2.300803e+00 2.656379e+00 1.090784e+01 1.232985e+04 1.476322e+04 2.33559 6.189886e-01
6.860000e-01 4.442810e+00 2.300436e+00 2.655689e+00 1.091121e+01 1.234667e+04 1.475843e+04 2.33687 6.203716e-01
6.850000e-01 4.442810e+00 2.304016e+00 2.659941e+00 1.092756e+01 1.234619e+04 1.472960e+04 2.34196 6.197675e-01
6.840000e-01 4.442810e+00 2.303129e+00 2.658801e+00 1.093003e+01 1.236520e+04 1.472659e+04 2.34183 6.211648e-01
6.830000e-01 4.442810e+00 2.302726e+00 2.658070e+00 1.093341e+01 1.238188e+04 1.472175e+04 2.34306 6.225481e-01
6.820000e-01 4.442810e+00 2.306358e+00 2.662386e+00 1.095006e+01 1.238094e+04 1.469241e+04 2.3482 6.219044e-01
6.810000e-01 4.442810e+00 2.305426e+00 2.661195e+00 1.095253e+01 1.239979e+04 1.468938e+04 2.348 6.233005e-01
6.800000e-01 4.442810e+00 2.304982e+00 2.660417e+00 1.095591e+01 1.241628e+04 1.468450e+04 2.34917 6.246800e-01
6.790000e-01 4.442810e+00 2.308671e+00 2.664804e+00 1.097285e+01 1.241487e+04 1.465469e+04 2.35439 6.239976e-01
6.780000e-01 4.442810e+00 2.307693e+00 2.663563e+00 1.097531e+01 1.243357e+04 1.465164e+04 2.35411 6.253940e-01
6.770000e-01 4.442810e+00 2.307214e+00 2.662744e+00 1.097871e+01 1.244988e+04 1.464671e+04 2.35523 6.267714e-01
6.760000e-01 4.442810e+00 2.310988e+00 2.667244e+00 1.099600e+01 1.244790e+04 1.461631e+04 2.36054 6.260359e-01
6.750000e-01 4.442810e+00 2.309942e+00 2.665920e+00 1.099841e+01 1.246642e+04 1.461331e+04 2.36016 6.274338e-01
6.740000e-01 4.442810e+00 2.309411e+00 2.665037e+00 1.100178e+01 1.248248e+04 1.460839e+04 2.36119 6.288052e-01
6.730000e-01 4.442810e+00 2.313235e+00 2.669595e+00 1.101929e+01 1.247993e+04 1.457768e+04 2.36658 6.280325e-01
6.720000e-01 4.442810e+00 2.312134e+00 2.668208e+00 1.102167e+01 1.249822e+04 1.457468e+04 2.36611 6.294265e-01
6.710000e-01 4.442810e+00 2.311573e+00 2.667291e+00 1.102507e+01 1.251407e+04 1.456972e+04 2.36711 6.307955e-01
6.700000e-01 4.442810e+00 2.315447e+00 2.671912e+00 1.104288e+01 1.251109e+04 1.453852e+04 2.37257 6.299861e-01
6.690000e-01 4.442810e+00 2.314302e+00 2.670477e+00 1.104527e+01 1.252926e+04 1.453549e+04 2.37203 6.313833e-01
6.680000e-01 4.442810e+00 2.313698e+00 2.669511e+00 1.104867e+01 1.254496e+04 1.453047e+04 2.37296 6.327522e-01
6.670000e-01 4.442810e+00 2.317629e+00 2.674201e+00 1.106681e+01 1.254147e+04 1.449873e+04 2.37848 6.318978e-01
6.660000e-01 4.442810e+00 2.316427e+00 2.672701e+00 1.106918e+01 1.255947e+04 1.449568e+04 2.37785 6.332940e-01
6.650000e-01 4.442810e+00 2.319085e+00 2.675740e+00 1.108300e+01 1.256119e+04 1.447176e+04 2.38239 6.331358e-01
6.640000e-01 4.442810e+00 2.317841e+00 2.674190e+00 1.108534e+01 1.257912e+04 1.446873e+04 2.3817 6.345370e-01
6.630000e-01 4.442810e+00 2.320502e+00 2.677230e+00 1.109928e+01 1.258060e+04 1.444462e+04 2.38623 6.343625e-01
6.620000e-01 4.442810e+00 2.319219e+00 2.675636e+00 1.110160e+01 1.259840e+04 1.444158e+04 2.38548 6.357622e-01
6.610000e-01 4.442810e+00 2.321898e+00 2.678698e+00 1.111566e+01 1.259957e+04 1.441725e+04 2.39003 6.355653e-01
6.600000e-01 4.442810e+00 2.320569e+00 2.677048e+00 1.111796e+01 1.261720e+04 1.441422e+04 2.38919 6.369609e-01
6.590000e-01 4.442810e+00 2.323270e+00 2.680137e+00 1.113213e+01 1.261804e+04 1.438971e+04 2.39377 6.367409e-01
6.580000e-01 4.442810e+00 2.321899e+00 2.678439e+00 1.113441e+01 1.263554e+04 1.438667e+04 2.39287 6.381362e-01
6.570000e-01 4.442810e+00 2.324621e+00 2.681554e+00 1.114876e+01 1.263612e+04 1.436189e+04 2.39747 6.378961e-01
6.560000e-01 4.442810e+00 2.323218e+00 2.679823e+00 1.115104e+01 1.265355e+04 1.435882e+04 2.39652 6.392939e-01
6.550000e-01 4.442810e+00 2.325956e+00 2.682958e+00 1.116556e+01 1.265386e+04 1.433374e+04 2.40113 6.390324e-01
6.540000e-01 4.442810e+00 2.324516e+00 2.681184e+00 1.116784e+01 1.267119e+04 1.433066e+04 2.40012 6.404317e-01
6.530000e-01 4.442810e+00 2.327273e+00 2.684346e+00 1.118252e+01 1.267121e+04 1.430532e+04 2.40475 6.401471e-01
6.520000e-01 4.442810e+00 2.325789e+00 2.682521e+00 1.118479e+01 1.268842e+04 1.430224e+04 2.40367 6.415468e-01
6.510000e-01 4.442810e+00 2.328602e+00 2.685758e+00 1.119973e+01 1.268809e+04 1.427650e+04 2.40835 6.412279e-01
6.500000e-01 4.442810e+00 2.327069e+00 2.683877e+00 1.120195e+01 1.270525e+04 1.427344e+04 2.4072 6.426344e-01
6.490000e-01 4.442810e+00 2.329880e+00 2.687109e+00 1.121702e+01 1.270464e+04 1.424750e+04 2.41187 6.422987e-01
6.480000e-01 4.442810e+00 2.328303e+00 2.685177e+00 1.121922e+01 1.272167e+04 1.424444e+04 2.41065 6.437043e-01
6.470000e-01 4.442810e+00 2.331134e+00 2.688435e+00 1.123443e+01 1.272075e+04 1.421828e+04 2.41534 6.433444e-01
6.460000e-01 4.442810e+00 2.329505e+00 2.686439e+00 1.123661e+01 1.273761e+04 1.421522e+04 2.41402 6.447466e-01
6.450000e-01 4.442810e+00 2.332359e+00 2.689728e+00 1.125195e+01 1.273634e+04 1.418887e+04 2.41874 6.443620e-01
6.440000e-01 4.442810e+00 2.330689e+00 2.687683e+00 1.125411e+01 1.275309e+04 1.418580e+04 2.41736 6.457650e-01
6.430000e-01 4.442810e+00 2.333561e+00 2.690994e+00 1.126964e+01 1.275154e+04 1.415913e+04 2.42208 6.453576e-01
6.420000e-01 4.442810e+00 2.331851e+00 2.688907e+00 1.127180e+01 1.276822e+04 1.415603e+04 2.42064 6.467635e-01
6.410000e-01 4.442810e+00 2.334739e+00 2.692238e+00 1.128753e+01 1.276639e+04 1.412903e+04 2.42536 6.463307e-01
6.400000e-01 4.442810e+00 2.332983e+00 2.690099e+00 1.128967e+01 1.278296e+04 1.412591e+04 2.42384 6.477380e-01
6.390000e-01 4.442810e+00 2.335892e+00 2.693458e+00 1.130558e+01 1.278082e+04 1.409862e+04 2.42857 6.472787e-01
6.380000e-01 4.442810e+00 2.336466e+00 2.694064e+00 1.131470e+01 1.278784e+04 1.408324e+04 2.43016 6.477391e-01
6.370000e-01 4.442810e+00 2.337028e+00 2.694660e+00 1.132385e+01 1.279480e+04 1.406782e+04 2.43172 6.481977e-01
6.360000e-01 4.442810e+00 2.337582e+00 2.695248e+00 1.133303e+01 1.280166e+04 1.405233e+04 2.43327 6.486501e-01
6.350000e-01 4.442810e+00 2.338161e+00 2.695874e+00 1.134234e+01 1.280834e+04 1.403664e+04 2.43483 6.490837e-01
6.340000e-01 4.442810e+00 2.338703e+00 2.696450e+00 1.135161e+01 1.281497e+04 1.402101e+04 2.43635 6.495222e-01
6.330000e-01 4.442810e+00 2.339235e+00 2.697014e+00 1.136089e+01 1.282147e+04 1.400534e+04 2.43784 6.499534e-01
6.320000e-01 4.442810e+00 2.339760e+00 2.697568e+00 1.137020e+01 1.282783e+04 1.398962e+04 2.43931 6.503771e-01
6.310000e-01 4.442810e+00 2.340276e+00 2.698114e+00 1.137956e+01 1.283410e+04 1.397382e+04 2.44076 6.507948e-01
6.300000e-01 4.442810e+00 2.340785e+00 2.698651e+00 1.138897e+01 1.284026e+04 1.395791e+04 2.4422 6.512065e-01
6.290000e-01 4.442810e+00 2.341287e+00 2.699181e+00 1.139844e+01 1.284633e+04 1.394190e+04 2.44361 6.516115e-01
6.280000e-01 4.442810e+00 2.341781e+00 2.699705e+00 1.140795e+01 1.285231e+04 1.392580e+04 2.445 6.520100e-01
6.270000e-01 4.442810e+00 2.342267e+00 2.700218e+00 1.141752e+01 1.285817e+04 1.390959e+04 2.44636 6.524012e-01
6.260000e-01 4.442810e+00 2.342745e+00 2.700724e+00 1.142713e+01 1.286393e+04 1.389331e+04 2.44771 6.527853e-01
6.250000e-01 4.442810e+00 2.343215e+00 2.701223e+00 1.143679e+01 1.286958e+04 1.387694e+04 2.44903 6.531627e-01
6.240000e-01 4.442810e+00 2.343678e+00 2.701713e+00 1.144650e+01 1.287513e+04 1.386048e+04 2.45033 6.535339e-01
6.230000e-01 4.442810e+00 2.344134e+00 2.702198e+00 1.145627e+01 1.288057e+04 1.384394e+04 2.45162 6.538985e-01
6.220000e-01 4.442810e+00 2.344583e+00 2.702674e+00 1.146608e+01 1.288589e+04 1.382731e+04 2.45289 6.542565e-01
6.210000e-01 4.442810e+00 2.345024e+00 2.703144e+00 1.147593e+01 1.289110e+04 1.381063e+04 2.45413 6.546075e-01
6.200000e-01 4.442810e+00 2.345457e+00 2.703605e+00 1.148582e+01 1.289619e+04 1.379388e+04 2.45536 6.549510e-01
6.190000e-01 4.442810e+00 2.345909e+00 2.704095e+00 1.149582e+01 1.290106e+04 1.377696e+04 2.45659 6.552741e-01
6.180000e-01 4.442810e+00 2.346323e+00 2.704534e+00 1.150578e+01 1.290589e+04 1.376009e+04 2.45777 6.556015e-01
6.170000e-01 4.442810e+00 2.346728e+00 2.704962e+00 1.151580e+01 1.291062e+04 1.374311e+04 2.45892 6.559228e-01
6.160000e-01 4.442810e+00 2.347124e+00 2.705381e+00 1.152588e+01 1.291523e+04 1.372603e+04 2.46005 6.562370e-01
6.150000e-01 4.442810e+00 2.347512e+00 2.705794e+00 1.153602e+01 1.291976e+04 1.370884e+04 2.46115 6.565445e-01
6.140000e-01 4.442810e+00 2.347892e+00 2.706197e+00 1.154622e+01 1.292416e+04 1.369155e+04 2.46223 6.568449e-01
6.130000e-01 4.442810e+00 2.348264e+00 2.706592e+00 1.155647e+01 1.292846e+04 1.367418e+04 2.4633 6.571381e-01
6.120000e-01 4.442810e+00 2.348627e+00 2.706980e+00 1.156677e+01 1.293264e+04 1.365672e+04 2.46433 6.574241e-01
6.110000e-01 4.442810e+00 2.348981e+00 2.707355e+00 1.157714e+01 1.293671e+04 1.363916e+04 2.46534 6.577029e-01
6.100000e-01 4.442810e+00 2.349325e+00 2.707722e+00 1.158756e+01 1.294068e+04 1.362150e+04 2.46633 6.579739e-01
6.090000e-01 4.442810e+00 2.349659e+00 2.708079e+00 1.159803e+01 1.294453e+04 1.360374e+04 2.46728 6.582366e-01
6.080000e-01 4.442810e+00 2.349981e+00 2.708422e+00 1.160855e+01 1.294825e+04 1.358590e+04 2.4682 6.584906e-01
6.070000e-01 4.442810e+00 2.350294e+00 2.708755e+00 1.161910e+01 1.295186e+04 1.356799e+04 2.46909 6.587361e-01
6.060000e-01 4.442810e+00 2.350596e+00 2.709073e+00 1.162969e+01 1.295532e+04 1.355003e+04 2.46995 6.589728e-01
6.050000e-01 4.442810e+00 2.350915e+00 2.709421e+00 1.164041e+01 1.295859e+04 1.353187e+04 2.47081 6.591896e-01
6.040000e-01 4.442810e+00 2.351199e+00 2.709721e+00 1.165111e+01 1.296183e+04 1.351372e+04 2.47162 6.594112e-01
6.030000e-01 4.442810e+00 2.351472e+00 2.710010e+00 1.166188e+01 1.296495e+04 1.349546e+04 2.4724 6.596259e-01
6.020000e-01 4.442810e+00 2.351737e+00 2.710291e+00 1.167273e+01 1.296796e+04 1.347709e+04 2.47316 6.598337e-01
6.010000e-01 4.442810e+00 2.351991e+00 2.710561e+00 1.168363e+01 1.297086e+04 1.345861e+04 2.4739 6.600335e-01
6.000000e-01 4.442810e+00 2.352236e+00 2.710822e+00 1.169460e+01 1.297364e+04 1.344005e+04 2.4746 6.602253e-01
5.990000e-01 4.442810e+00 2.352472e+00 2.711073e+00 1.170562e+01 1.297630e+04 1.342140e+04 2.47528 6.604095e-01
5.980000e-01 4.442810e+00 2.352697e+00 2.711312e+00 1.171672e+01 1.297885e+04 1.340263e+04 2.47593 6.605858e-01
5.970000e-01 4.442810e+00 2.352913e+00 2.711543e+00 1.172788e+01 1.298128e+04 1.338377e+04 2.47655 6.607545e-01
5.960000e-01 4.442810e+00 2.353119e+00 2.711764e+00 1.173910e+01 1.298359e+04 1.336481e+04 2.47714 6.609154e-01
5.950000e-01 4.442810e+00 2.353314e+00 2.711974e+00 1.175037e+01 1.298578e+04 1.334578e+04 2.47771 6.610677e-01
5.940000e-01 4.442810e+00 2.353498e+00 2.712171e+00 1.176169e+01 1.298784e+04 1.332667e+04 2.47824 6.612110e-01
5.930000e-01 4.442810e+00 2.353669e+00 2.712351e+00 1.177304e+01 1.298976e+04 1.330751e+04 2.47874 6.613449e-01
5.920000e-01 4.442810e+00 2.353828e+00 2.712518e+00 1.178445e+01 1.299156e+04 1.328826e+04 2.4792 6.614700e-01
5.910000e-01 4.442810e+00 2.354002e+00 2.712711e+00 1.179602e+01 1.299317e+04 1.326876e+04 2.47965 6.615747e-01
5.900000e-01 4.442810e+00 2.354140e+00 2.712855e+00 1.180758e+01 1.299474e+04 1.324925e+04 2.48004 6.616823e-01
5.890000e-01 4.442810e+00 2.354265e+00 2.712988e+00 1.181922e+01 1.299619e+04 1.322963e+04 2.4804 6.617821e-01
5.880000e-01 4.442810e+00 2.354380e+00 2.713108e+00 1.183093e+01 1.299752e+04 1.320990e+04 2.48073 6.618734e-01
5.870000e-01 4.442810e+00 2.354485e+00 2.713220e+00 1.184271e+01 1.299872e+04 1.319008e+04 2.48104 6.619569e-01
5.860000e-01 4.442810e+00 2.354581e+00 2.713322e+00 1.185456e+01 1.299981e+04 1.317016e+04 2.48132 6.620327e-01
5.850000e-01 4.442810e+00 2.354665e+00 2.713412e+00 1.186649e+01 1.300078e+04 1.315014e+04 2.48156 6.621003e-01
5.840000e-01 4.442810e+00 2.354740e+00 2.713493e+00 1.187849e+01 1.300163e+04 1.313001e+04 2.48178 6.621599e-01
5.830000e-01 4.442810e+00 2.354804e+00 2.713563e+00 1.189056e+01 1.300234e+04 1.310979e+04 2.48197 6.622113e-01
5.820000e-01 4.442810e+00 2.354858e+00 2.713622e+00 1.190268e+01 1.300294e+04 1.308950e+04 2.48213 6.622541e-01
5.810000e-01 4.442810e+00 2.354899e+00 2.713666e+00 1.191485e+01 1.300340e+04 1.306915e+04 2.48226 6.622877e-01
5.800000e-01 4.442810e+00 2.354928e+00 2.713695e+00 1.192706e+01 1.300373e+04 1.304874e+04 2.48235 6.623117e-01
5.790000e-01 4.442810e+00 2.354943e+00 2.713708e+00 1.193936e+01 1.300393e+04 1.302820e+04 2.48239 6.623264e-01
5.780000e-01 4.442810e+00 2.354971e+00 2.713744e+00 1.195182e+01 1.300394e+04 1.300742e+04 2.48243 6.623201e-01
5.770000e-01 4.442810e+00 2.354962e+00 2.713733e+00 1.196429e+01 1.300390e+04 1.298662e+04 2.4824 6.623158e-01
5.778514e-01 4.442810e+00 2.356211e+00 2.715185e+00 1.195835e+01 1.299821e+04 1.299656e+04 2.48357 6.616366e-01
