1.000000e+00 4.475590e+00 2.049914e+00 2.408739e+00 9.458145e+00 0.000000e+00 1.793824e+04 0 0.000000e+00
9.990000e-01 4.475590e+00 2.052454e+00 2.411094e+00 9.469900e+00 7.711313e+02 1.780003e+04 1.74816 3.641253e-02
9.980000e-01 4.475590e+00 2.052803e+00 2.411220e+00 9.471330e+00 1.078596e+03 1.775415e+04 1.85357 5.398350e-02
9.970000e-01 4.475590e+00 2.053702e+00 2.412213e+00 9.475569e+00 1.320705e+03 1.771645e+04 1.75212 6.242851e-02
9.960000e-01 4.475590e+00 2.053820e+00 2.412059e+00 9.477024e+00 1.521518e+03 1.768743e+04 1.77492 7.284813e-02
9.950000e-01 4.475590e+00 2.054108e+00 2.412102e+00 9.478950e+00 1.697811e+03 1.766216e+04 1.78905 8.191289e-02
9.940000e-01 4.475590e+00 2.055485e+00 2.413659e+00 9.484210e+00 1.856310e+03 1.763450e+04 1.75601 8.778837e-02
9.930000e-01 4.475590e+00 2.055650e+00 2.413562e+00 9.485766e+00 2.006701e+03 1.761346e+04 1.76942 9.560983e-02
9.920000e-01 4.475590e+00 2.056025e+00 2.413732e+00 9.487792e+00 2.146934e+03 1.759368e+04 1.7808 1.029119e-01
9.910000e-01 4.475590e+00 2.057359e+00 2.415266e+00 9.492957e+00 2.277788e+03 1.757004e+04 1.76003 1.077704e-01
9.900000e-01 4.475590e+00 2.057602e+00 2.415298e+00 9.494579e+00 2.403616e+03 1.755286e+04 1.7699 1.143349e-01
9.890000e-01 4.475590e+00 2.058011e+00 2.415537e+00 9.496619e+00 2.522924e+03 1.753629e+04 1.77869 1.205582e-01
9.880000e-01 4.475590e+00 2.059298e+00 2.417031e+00 9.501677e+00 2.635656e+03 1.751534e+04 1.76409 1.247552e-01
9.870000e-01 4.475590e+00 2.059571e+00 2.417120e+00 9.503327e+00 2.745326e+03 1.750068e+04 1.77178 1.304781e-01
9.860000e-01 4.475590e+00 2.059981e+00 2.417374e+00 9.505364e+00 2.850069e+03 1.748631e+04 1.77883 1.359407e-01
9.850000e-01 4.475590e+00 2.061253e+00 2.418850e+00 9.510393e+00 2.949010e+03 1.746728e+04 1.7682 1.396469e-01
9.840000e-01 4.475590e+00 2.061518e+00 2.418931e+00 9.512049e+00 3.046995e+03 1.745442e+04 1.77437 1.447532e-01
9.830000e-01 4.475590e+00 2.061934e+00 2.419191e+00 9.514107e+00 3.141578e+03 1.744156e+04 1.78051 1.497025e-01
9.820000e-01 4.475590e+00 2.063218e+00 2.420683e+00 9.519176e+00 3.231505e+03 1.742370e+04 1.77235 1.530915e-01
9.810000e-01 4.475590e+00 2.063492e+00 2.420779e+00 9.520854e+00 3.321347e+03 1.741210e+04 1.77765 1.577766e-01
9.800000e-01 4.475590e+00 2.063904e+00 2.421036e+00 9.522919e+00 3.408148e+03 1.740037e+04 1.78296 1.623188e-01
9.790000e-01 4.475590e+00 2.065195e+00 2.422534e+00 9.528019e+00 3.490539e+03 1.738345e+04 1.77654 1.654370e-01
9.780000e-01 4.475590e+00 2.065460e+00 2.422617e+00 9.529703e+00 3.573607e+03 1.737286e+04 1.7811 1.697655e-01
9.770000e-01 4.475590e+00 2.065859e+00 2.422855e+00 9.531772e+00 3.653946e+03 1.736206e+04 1.78578 1.739704e-01
9.760000e-01 4.475590e+00 2.067165e+00 2.424363e+00 9.536916e+00 3.729499e+03 1.734594e+04 1.78075 1.768437e-01
9.750000e-01 4.475590e+00 2.067389e+00 2.424387e+00 9.538579e+00 3.806337e+03 1.733628e+04 1.78456 1.808346e-01
9.740000e-01 4.475590e+00 2.067772e+00 2.424592e+00 9.540657e+00 3.881200e+03 1.732625e+04 1.78884 1.847654e-01
9.730000e-01 4.475590e+00 2.069116e+00 2.426134e+00 9.545905e+00 3.952084e+03 1.731057e+04 1.78496 1.874876e-01
9.720000e-01 4.475590e+00 2.069353e+00 2.426171e+00 9.547607e+00 4.025425e+03 1.730144e+04 1.78859 1.913109e-01
9.710000e-01 4.475590e+00 2.069754e+00 2.426400e+00 9.549727e+00 4.096990e+03 1.729188e+04 1.79265 1.950788e-01
9.700000e-01 4.475590e+00 2.071147e+00 2.428012e+00 9.555103e+00 4.164705e+03 1.727643e+04 1.78929 1.976652e-01
9.690000e-01 4.475590e+00 2.071376e+00 2.428042e+00 9.556783e+00 4.234824e+03 1.726789e+04 1.79269 2.013304e-01
9.680000e-01 4.475590e+00 2.071781e+00 2.428280e+00 9.558909e+00 4.303259e+03 1.725882e+04 1.79651 2.049400e-01
9.670000e-01 4.475590e+00 2.073164e+00 2.429886e+00 9.564290e+00 4.367908e+03 1.724376e+04 1.79361 2.074057e-01
9.660000e-01 4.475590e+00 2.073399e+00 2.429928e+00 9.565983e+00 4.434760e+03 1.723568e+04 1.79675 2.109010e-01
9.650000e-01 4.475590e+00 2.073798e+00 2.430161e+00 9.568108e+00 4.499887e+03 1.722707e+04 1.80028 2.143358e-01
9.640000e-01 4.475590e+00 2.075191e+00 2.431777e+00 9.573513e+00 4.561301e+03 1.721238e+04 1.79795 2.166889e-01
9.630000e-01 4.475590e+00 2.075428e+00 2.431822e+00 9.575221e+00 4.625405e+03 1.720470e+04 1.80089 2.200433e-01
9.620000e-01 4.475590e+00 2.075834e+00 2.432066e+00 9.577367e+00 4.687987e+03 1.719645e+04 1.80426 2.233513e-01
9.610000e-01 4.475590e+00 2.077233e+00 2.433691e+00 9.582805e+00 4.746795e+03 1.718205e+04 1.80232 2.256053e-01
9.600000e-01 4.475590e+00 2.077467e+00 2.433736e+00 9.584521e+00 4.808291e+03 1.717475e+04 1.80505 2.288229e-01
9.590000e-01 4.475590e+00 2.077871e+00 2.433976e+00 9.586676e+00 4.868355e+03 1.716686e+04 1.80825 2.320017e-01
9.580000e-01 4.475590e+00 2.079282e+00 2.435614e+00 9.592155e+00 4.924590e+03 1.715273e+04 1.80672 2.341645e-01
9.570000e-01 4.475590e+00 2.079505e+00 2.435643e+00 9.593874e+00 4.983660e+03 1.714579e+04 1.80925 2.372542e-01
9.560000e-01 4.475590e+00 2.079889e+00 2.435855e+00 9.596022e+00 5.041122e+03 1.713825e+04 1.81221 2.402935e-01
9.550000e-01 4.475590e+00 2.081321e+00 2.437510e+00 9.601552e+00 5.094455e+03 1.712436e+04 1.81112 2.423566e-01
9.540000e-01 4.475590e+00 2.081525e+00 2.437510e+00 9.603272e+00 5.151387e+03 1.711773e+04 1.81348 2.453354e-01
9.530000e-01 4.475590e+00 2.081918e+00 2.437726e+00 9.605458e+00 5.207168e+03 1.711039e+04 1.81642 2.483009e-01
9.520000e-01 4.475590e+00 2.083372e+00 2.439408e+00 9.611076e+00 5.259185e+03 1.709653e+04 1.81557 2.503145e-01
9.510000e-01 4.475590e+00 2.083592e+00 2.439428e+00 9.612831e+00 5.314749e+03 1.709008e+04 1.8179 2.532295e-01
9.500000e-01 4.475590e+00 2.083991e+00 2.439655e+00 9.615037e+00 5.369016e+03 1.708293e+04 1.82074 2.561168e-01
9.490000e-01 4.475590e+00 2.085452e+00 2.441348e+00 9.620694e+00 5.419511e+03 1.706920e+04 1.82007 2.580692e-01
9.480000e-01 4.475590e+00 2.085681e+00 2.441384e+00 9.622470e+00 5.473544e+03 1.706296e+04 1.82233 2.609074e-01
9.470000e-01 4.475590e+00 2.086083e+00 2.441617e+00 9.624689e+00 5.526272e+03 1.705603e+04 1.82507 2.637157e-01
9.460000e-01 4.475590e+00 2.087548e+00 2.443316e+00 9.630371e+00 5.575062e+03 1.704246e+04 1.8246 2.656029e-01
9.450000e-01 4.475590e+00 2.087774e+00 2.443351e+00 9.632155e+00 5.627494e+03 1.703644e+04 1.82675 2.683579e-01
9.440000e-01 4.475590e+00 2.088179e+00 2.443588e+00 9.634392e+00 5.678769e+03 1.702969e+04 1.82943 2.710955e-01
9.430000e-01 4.475590e+00 2.089656e+00 2.445302e+00 9.640124e+00 5.726231e+03 1.701621e+04 1.82917 2.729354e-01
9.420000e-01 4.475590e+00 2.089889e+00 2.445345e+00 9.641929e+00 5.777420e+03 1.701035e+04 1.83126 2.756289e-01
9.410000e-01 4.475590e+00 2.090291e+00 2.445580e+00 9.644177e+00 5.827344e+03 1.700376e+04 1.83384 2.782957e-01
9.400000e-01 4.475590e+00 2.091779e+00 2.447308e+00 9.649950e+00 5.873275e+03 1.699038e+04 1.83377 2.800783e-01
9.390000e-01 4.475590e+00 2.092006e+00 2.447344e+00 9.651761e+00 5.923060e+03 1.698470e+04 1.83576 2.826980e-01
9.380000e-01 4.475590e+00 2.092400e+00 2.447569e+00 9.654014e+00 5.971529e+03 1.697829e+04 1.83824 2.852894e-01
9.370000e-01 4.475590e+00 2.093903e+00 2.449310e+00 9.659824e+00 6.015698e+03 1.696504e+04 1.83838 2.870086e-01
9.360000e-01 4.475590e+00 2.094105e+00 2.449314e+00 9.661622e+00 6.063832e+03 1.695958e+04 1.84021 2.895383e-01
9.350000e-01 4.475590e+00 2.094491e+00 2.449523e+00 9.663882e+00 6.110829e+03 1.695335e+04 1.84263 2.920580e-01
9.340000e-01 4.475590e+00 2.096020e+00 2.451292e+00 9.669765e+00 6.153777e+03 1.694013e+04 1.843 2.937410e-01
9.330000e-01 4.475590e+00 2.096230e+00 2.451303e+00 9.671596e+00 6.201179e+03 1.693477e+04 1.84485 2.962399e-01
9.320000e-01 4.475590e+00 2.096626e+00 2.451524e+00 9.673891e+00 6.247446e+03 1.692862e+04 1.84725 2.987268e-01
9.310000e-01 4.475590e+00 2.098165e+00 2.453307e+00 9.679840e+00 6.289550e+03 1.691539e+04 1.84769 3.003704e-01
9.300000e-01 4.475590e+00 2.098383e+00 2.453332e+00 9.681695e+00 6.336045e+03 1.691014e+04 1.84951 3.028252e-01
9.290000e-01 4.475590e+00 2.098783e+00 2.453560e+00 9.684007e+00 6.381373e+03 1.690411e+04 1.85187 3.052648e-01
9.280000e-01 4.475590e+00 2.100329e+00 2.455354e+00 9.689994e+00 6.422465e+03 1.689093e+04 1.85242 3.068689e-01
9.270000e-01 4.475590e+00 2.100547e+00 2.455380e+00 9.691859e+00 6.467911e+03 1.688583e+04 1.85417 3.092692e-01
9.260000e-01 4.475590e+00 2.100943e+00 2.455605e+00 9.694181e+00 6.512185e+03 1.687992e+04 1.85648 3.116554e-01
9.250000e-01 4.475590e+00 2.102504e+00 2.457415e+00 9.700215e+00 6.552257e+03 1.686680e+04 1.85717 3.132245e-01
9.240000e-01 4.475590e+00 2.102725e+00 2.457448e+00 9.702102e+00 6.596922e+03 1.686179e+04 1.8589 3.155876e-01
9.230000e-01 4.475590e+00 2.103126e+00 2.457679e+00 9.704447e+00 6.640434e+03 1.685596e+04 1.86118 3.179378e-01
9.220000e-01 4.475590e+00 2.104697e+00 2.459502e+00 9.710536e+00 6.679611e+03 1.684285e+04 1.86196 3.194704e-01
9.210000e-01 4.475590e+00 2.104916e+00 2.459532e+00 9.712436e+00 6.723385e+03 1.683794e+04 1.86365 3.217880e-01
9.200000e-01 4.475590e+00 2.105313e+00 2.459757e+00 9.714793e+00 6.765972e+03 1.683222e+04 1.86588 3.240914e-01
9.190000e-01 4.475590e+00 2.106942e+00 2.461657e+00 9.721014e+00 6.804004e+03 1.681899e+04 1.86683 3.255758e-01
9.180000e-01 4.475590e+00 2.107116e+00 2.461628e+00 9.722854e+00 6.846720e+03 1.681431e+04 1.8684 3.278401e-01
9.170000e-01 4.475590e+00 2.107487e+00 2.461817e+00 9.725188e+00 6.888148e+03 1.680874e+04 1.87053 3.300840e-01
9.160000e-01 4.475590e+00 2.109137e+00 2.463735e+00 9.731458e+00 6.924991e+03 1.679554e+04 1.87167 3.315318e-01
9.150000e-01 4.475590e+00 2.109306e+00 2.463697e+00 9.733314e+00 6.967023e+03 1.679094e+04 1.8732 3.337645e-01
9.140000e-01 4.475590e+00 2.109688e+00 2.463897e+00 9.735686e+00 7.007940e+03 1.678541e+04 1.87536 3.359900e-01
9.130000e-01 4.475590e+00 2.111352e+00 2.465834e+00 9.742036e+00 7.044263e+03 1.677214e+04 1.87655 3.374135e-01
9.120000e-01 4.475590e+00 2.111529e+00 2.465807e+00 9.743919e+00 7.085705e+03 1.676759e+04 1.87809 3.396191e-01
9.110000e-01 4.475590e+00 2.111913e+00 2.466013e+00 9.746310e+00 7.125971e+03 1.676213e+04 1.88022 3.418123e-01
9.100000e-01 4.475590e+00 2.113588e+00 2.467964e+00 9.752708e+00 7.161558e+03 1.674884e+04 1.88148 3.432056e-01
9.090000e-01 4.475590e+00 2.113765e+00 2.467940e+00 9.754603e+00 7.202265e+03 1.674438e+04 1.88298 3.453737e-01
9.080000e-01 4.475590e+00 2.114144e+00 2.468140e+00 9.756999e+00 7.241724e+03 1.673900e+04 1.88506 3.475251e-01
9.070000e-01 4.475590e+00 2.115833e+00 2.470109e+00 9.763440e+00 7.276429e+03 1.672574e+04 1.88644 3.488871e-01
9.060000e-01 4.475590e+00 2.116007e+00 2.470083e+00 9.765349e+00 7.316481e+03 1.672136e+04 1.88791 3.510230e-01
9.050000e-01 4.475590e+00 2.116390e+00 2.470289e+00 9.767768e+00 7.355361e+03 1.671603e+04 1.88998 3.531487e-01
9.040000e-01 4.475590e+00 2.118093e+00 2.472274e+00 9.774270e+00 7.389442e+03 1.670274e+04 1.89143 3.544858e-01
9.030000e-01 4.475590e+00 2.118265e+00 2.472248e+00 9.776194e+00 7.428874e+03 1.669843e+04 1.89287 3.565911e-01
9.020000e-01 4.475590e+00 2.118645e+00 2.472449e+00 9.778628e+00 7.467090e+03 1.669317e+04 1.89491 3.586839e-01
9.010000e-01 4.475590e+00 2.120363e+00 2.474453e+00 9.785187e+00 7.500354e+03 1.667986e+04 1.89645 3.599901e-01
9.000000e-01 4.475590e+00 2.120524e+00 2.474412e+00 9.787113e+00 7.539031e+03 1.667563e+04 1.89784 3.620564e-01
8.990000e-01 4.475590e+00 2.120888e+00 2.474591e+00 9.789544e+00 7.576380e+03 1.667046e+04 1.89982 3.641038e-01
8.980000e-01 4.475590e+00 2.122630e+00 2.476619e+00 9.796160e+00 7.608627e+03 1.665714e+04 1.90149 3.653751e-01
8.970000e-01 4.475590e+00 2.122780e+00 2.476563e+00 9.798095e+00 7.646684e+03 1.665299e+04 1.90284 3.674117e-01
8.960000e-01 4.475590e+00 2.123152e+00 2.476750e+00 9.800561e+00 7.683600e+03 1.664784e+04 1.90484 3.694446e-01
8.950000e-01 4.475590e+00 2.124913e+00 2.478801e+00 9.807267e+00 7.715477e+03 1.663442e+04 1.90658 3.706998e-01
8.940000e-01 4.475590e+00 2.125070e+00 2.478755e+00 9.809234e+00 7.753164e+03 1.663029e+04 1.90794 3.727216e-01
8.930000e-01 4.475590e+00 2.125444e+00 2.478945e+00 9.811723e+00 7.789635e+03 1.662518e+04 1.90993 3.747334e-01
8.920000e-01 4.475590e+00 2.127218e+00 2.481015e+00 9.818494e+00 7.820965e+03 1.661170e+04 1.91172 3.759645e-01
8.910000e-01 4.475590e+00 2.127376e+00 2.480972e+00 9.820477e+00 7.858116e+03 1.660762e+04 1.91306 3.779597e-01
8.900000e-01 4.475590e+00 2.127744e+00 2.481157e+00 9.822974e+00 7.893973e+03 1.660256e+04 1.91501 3.799401e-01
8.890000e-01 4.475590e+00 2.129534e+00 2.483245e+00 9.829793e+00 7.924561e+03 1.658907e+04 1.91688 3.811433e-01
8.880000e-01 4.475590e+00 2.129686e+00 2.483198e+00 9.831786e+00 7.961154e+03 1.658506e+04 1.91819 3.831109e-01
8.870000e-01 4.475590e+00 2.130058e+00 2.483387e+00 9.834304e+00 7.996521e+03 1.658004e+04 1.92014 3.850698e-01
8.860000e-01 4.475590e+00 2.131862e+00 2.485493e+00 9.841188e+00 8.026593e+03 1.656650e+04 1.92208 3.862531e-01
8.850000e-01 4.475590e+00 2.132012e+00 2.485445e+00 9.843197e+00 8.062712e+03 1.656253e+04 1.92338 3.881979e-01
8.840000e-01 4.475590e+00 2.132379e+00 2.485628e+00 9.845730e+00 8.097555e+03 1.655756e+04 1.9253 3.901313e-01
8.830000e-01 4.475590e+00 2.134201e+00 2.487756e+00 9.852676e+00 8.126949e+03 1.654397e+04 1.92732 3.912882e-01
8.820000e-01 4.475590e+00 2.134340e+00 2.487694e+00 9.854689e+00 8.162462e+03 1.654007e+04 1.92857 3.932022e-01
8.810000e-01 4.475590e+00 2.134691e+00 2.487857e+00 9.857220e+00 8.196605e+03 1.653516e+04 1.93044 3.950997e-01
8.800000e-01 4.475590e+00 2.136537e+00 2.490009e+00 9.864226e+00 8.225134e+03 1.652155e+04 1.93256 3.962258e-01
8.790000e-01 4.475590e+00 2.136663e+00 2.489929e+00 9.866244e+00 8.260118e+03 1.651770e+04 1.93378 3.981148e-01
8.780000e-01 4.475590e+00 2.137021e+00 2.490098e+00 9.868809e+00 8.293893e+03 1.651281e+04 1.93567 4.000004e-01
8.770000e-01 4.475590e+00 2.138887e+00 2.492275e+00 9.875911e+00 8.322108e+03 1.649907e+04 1.93786 4.011130e-01
8.760000e-01 4.475590e+00 2.139019e+00 2.492204e+00 9.877962e+00 8.356827e+03 1.649524e+04 1.93909 4.029927e-01
8.750000e-01 4.475590e+00 2.139378e+00 2.492375e+00 9.880553e+00 8.390270e+03 1.649036e+04 1.94098 4.048638e-01
8.740000e-01 4.475590e+00 2.141260e+00 2.494572e+00 9.887731e+00 8.418048e+03 1.647653e+04 1.94321 4.059559e-01
8.730000e-01 4.475590e+00 2.141392e+00 2.494504e+00 9.889800e+00 8.452347e+03 1.647273e+04 1.94443 4.078156e-01
8.720000e-01 4.475590e+00 2.141744e+00 2.494668e+00 9.892401e+00 8.485298e+03 1.646789e+04 1.94629 4.096620e-01
8.710000e-01 4.475590e+00 2.143687e+00 2.496948e+00 9.899724e+00 8.512416e+03 1.645388e+04 1.94863 4.107203e-01
8.700000e-01 4.475590e+00 2.143784e+00 2.496834e+00 9.901747e+00 8.546292e+03 1.645021e+04 1.94979 4.125642e-01
8.690000e-01 4.475590e+00 2.144129e+00 2.496987e+00 9.904350e+00 8.578844e+03 1.644542e+04 1.95164 4.143954e-01
8.680000e-01 4.475590e+00 2.146084e+00 2.499281e+00 9.911734e+00 8.605520e+03 1.643135e+04 1.95404 4.154371e-01
8.670000e-01 4.475590e+00 2.146176e+00 2.499162e+00 9.913772e+00 8.638998e+03 1.642772e+04 1.95519 4.172624e-01
8.660000e-01 4.475590e+00 2.146515e+00 2.499310e+00 9.916390e+00 8.671109e+03 1.642296e+04 1.95702 4.190727e-01
8.650000e-01 4.475590e+00 2.148489e+00 2.501626e+00 9.923841e+00 8.697175e+03 1.640883e+04 1.95949 4.200898e-01
8.640000e-01 4.475590e+00 2.148568e+00 2.501491e+00 9.925880e+00 8.730126e+03 1.640524e+04 1.9606 4.218887e-01
8.630000e-01 4.475590e+00 2.148890e+00 2.501616e+00 9.928496e+00 8.761627e+03 1.640054e+04 1.96238 4.236684e-01
8.620000e-01 4.475590e+00 2.150891e+00 2.503961e+00 9.936012e+00 8.786957e+03 1.638635e+04 1.96495 4.246588e-01
8.610000e-01 4.475590e+00 2.150957e+00 2.503810e+00 9.938060e+00 8.819496e+03 1.638281e+04 1.96603 4.264396e-01
8.600000e-01 4.475590e+00 2.151286e+00 2.503941e+00 9.940711e+00 8.850713e+03 1.637810e+04 1.96784 4.282113e-01
8.590000e-01 4.475590e+00 2.153307e+00 2.506312e+00 9.948330e+00 8.875766e+03 1.636377e+04 1.97046 4.291883e-01
8.580000e-01 4.475590e+00 2.153377e+00 2.506167e+00 9.950408e+00 8.908082e+03 1.636023e+04 1.97155 4.309618e-01
8.570000e-01 4.475590e+00 2.153705e+00 2.506298e+00 9.953084e+00 8.939027e+03 1.635552e+04 1.97335 4.327224e-01
8.560000e-01 4.475590e+00 2.155746e+00 2.508692e+00 9.960790e+00 8.963685e+03 1.634107e+04 1.97602 4.336802e-01
8.550000e-01 4.475590e+00 2.155811e+00 2.508545e+00 9.962883e+00 8.995640e+03 1.633756e+04 1.97709 4.354370e-01
8.540000e-01 4.475590e+00 2.156132e+00 2.508667e+00 9.965569e+00 9.026158e+03 1.633288e+04 1.97887 4.371769e-01
8.530000e-01 4.475590e+00 2.158193e+00 2.511087e+00 9.973345e+00 9.050286e+03 1.631836e+04 1.98161 4.381132e-01
8.520000e-01 4.475590e+00 2.158253e+00 2.510934e+00 9.975450e+00 9.081885e+03 1.631487e+04 1.98267 4.398540e-01
8.510000e-01 4.475590e+00 2.158573e+00 2.511057e+00 9.978160e+00 9.112086e+03 1.631020e+04 1.98444 4.415812e-01
8.500000e-01 4.475590e+00 2.160653e+00 2.513500e+00 9.986015e+00 9.135796e+03 1.629557e+04 1.98723 4.424992e-01
8.490000e-01 4.475590e+00 2.160705e+00 2.513340e+00 9.988134e+00 9.167041e+03 1.629211e+04 1.98827 4.442236e-01
8.480000e-01 4.475590e+00 2.162283e+00 2.515097e+00 9.994491e+00 9.192116e+03 1.628040e+04 1.99098 4.453942e-01
8.470000e-01 4.475590e+00 2.162334e+00 2.514935e+00 9.996627e+00 9.223040e+03 1.627694e+04 1.99201 4.471028e-01
8.460000e-01 4.475590e+00 2.163926e+00 2.516708e+00 1.000302e+01 9.247664e+03 1.626519e+04 1.99475 4.482533e-01
8.450000e-01 4.475590e+00 2.163960e+00 2.516526e+00 1.000515e+01 9.278224e+03 1.626176e+04 1.99574 4.499440e-01
8.440000e-01 4.475590e+00 2.165566e+00 2.518314e+00 1.001160e+01 9.302541e+03 1.624997e+04 1.99853 4.510833e-01
8.430000e-01 4.475590e+00 2.165600e+00 2.518131e+00 1.001374e+01 9.332990e+03 1.624654e+04 1.99953 4.527718e-01
8.420000e-01 4.475590e+00 2.167217e+00 2.519932e+00 1.002025e+01 9.357150e+03 1.623467e+04 2.00234 4.539035e-01
8.410000e-01 4.475590e+00 2.167252e+00 2.519752e+00 1.002241e+01 9.387469e+03 1.623123e+04 2.00334 4.555881e-01
8.400000e-01 4.475590e+00 2.168920e+00 2.521623e+00 1.002906e+01 9.411391e+03 1.621914e+04 2.00621 4.567000e-01
8.390000e-01 4.475590e+00 2.168926e+00 2.521404e+00 1.003118e+01 9.441574e+03 1.621581e+04 2.00719 4.583843e-01
8.380000e-01 4.475590e+00 2.170587e+00 2.523265e+00 1.003784e+01 9.465237e+03 1.620371e+04 2.01006 4.594875e-01
8.370000e-01 4.475590e+00 2.170586e+00 2.523038e+00 1.003997e+01 9.495169e+03 1.620040e+04 2.01102 4.611601e-01
8.360000e-01 4.475590e+00 2.172256e+00 2.524910e+00 1.004666e+01 9.518527e+03 1.618826e+04 2.01392 4.622503e-01
8.350000e-01 4.475590e+00 2.172251e+00 2.524680e+00 1.004880e+01 9.548273e+03 1.618496e+04 2.01487 4.639153e-01
8.340000e-01 4.475590e+00 2.173932e+00 2.526564e+00 1.005554e+01 9.571413e+03 1.617276e+04 2.0178 4.649961e-01
8.330000e-01 4.475590e+00 2.173922e+00 2.526330e+00 1.005769e+01 9.600980e+03 1.616946e+04 2.01874 4.666536e-01
8.320000e-01 4.475590e+00 2.175611e+00 2.528225e+00 1.006447e+01 9.623829e+03 1.615721e+04 2.02169 4.677213e-01
8.310000e-01 4.475590e+00 2.175593e+00 2.527981e+00 1.006663e+01 9.653155e+03 1.615393e+04 2.02261 4.693680e-01
8.300000e-01 4.475590e+00 2.177292e+00 2.529888e+00 1.007345e+01 9.675675e+03 1.614163e+04 2.02559 4.704213e-01
8.290000e-01 4.475590e+00 2.178104e+00 2.530680e+00 1.007789e+01 9.701373e+03 1.613393e+04 2.0275 4.717637e-01
8.280000e-01 4.475590e+00 2.178941e+00 2.531506e+00 1.008239e+01 9.726844e+03 1.612614e+04 2.02945 4.730937e-01
8.270000e-01 4.475590e+00 2.179779e+00 2.532331e+00 1.008692e+01 9.752221e+03 1.611833e+04 2.03141 4.744201e-01
8.260000e-01 4.475590e+00 2.180620e+00 2.533162e+00 1.009146e+01 9.777553e+03 1.611050e+04 2.03337 4.757448e-01
8.250000e-01 4.475590e+00 2.181464e+00 2.533995e+00 1.009603e+01 9.802809e+03 1.610264e+04 2.03534 4.770667e-01
8.240000e-01 4.475590e+00 2.182309e+00 2.534831e+00 1.010061e+01 9.827996e+03 1.609475e+04 2.03732 4.783857e-01
8.230000e-01 4.475590e+00 2.183158e+00 2.535671e+00 1.010521e+01 9.853101e+03 1.608685e+04 2.0393 4.797013e-01
8.220000e-01 4.475590e+00 2.184007e+00 2.536513e+00 1.010983e+01 9.878112e+03 1.607893e+04 2.04128 4.810128e-01
8.210000e-01 4.475590e+00 2.184900e+00 2.537415e+00 1.011455e+01 9.902950e+03 1.607086e+04 2.04332 4.823085e-01
8.200000e-01 4.475590e+00 2.185709e+00 2.538203e+00 1.011910e+01 9.927754e+03 1.606306e+04 2.04527 4.836187e-01
8.190000e-01 4.475590e+00 2.186602e+00 2.539105e+00 1.012384e+01 9.952349e+03 1.605496e+04 2.0473 4.849040e-01
8.180000e-01 4.475590e+00 2.187456e+00 2.539954e+00 1.012852e+01 9.976910e+03 1.604699e+04 2.0493 4.861957e-01
8.170000e-01 4.475590e+00 2.188311e+00 2.540805e+00 1.013321e+01 1.000139e+04 1.603899e+04 2.05131 4.874841e-01
8.160000e-01 4.475590e+00 2.189166e+00 2.541656e+00 1.013791e+01 1.002575e+04 1.603099e+04 2.05332 4.887674e-01
8.150000e-01 4.475590e+00 2.190022e+00 2.542509e+00 1.014263e+01 1.004998e+04 1.602297e+04 2.05533 4.900451e-01
8.140000e-01 4.475590e+00 2.190879e+00 2.543362e+00 1.014735e+01 1.007409e+04 1.601494e+04 2.05734 4.913173e-01
8.130000e-01 4.475590e+00 2.191734e+00 2.544213e+00 1.015209e+01 1.009804e+04 1.600690e+04 2.05935 4.925823e-01
8.120000e-01 4.475590e+00 2.192588e+00 2.545062e+00 1.015683e+01 1.012181e+04 1.599886e+04 2.06136 4.938390e-01
8.110000e-01 4.475590e+00 2.193441e+00 2.545909e+00 1.016158e+01 1.014542e+04 1.599081e+04 2.06337 4.950894e-01
8.100000e-01 4.475590e+00 2.194295e+00 2.546757e+00 1.016635e+01 1.016898e+04 1.598274e+04 2.06539 4.963375e-01
8.090000e-01 4.475590e+00 2.195151e+00 2.547608e+00 1.017115e+01 1.019247e+04 1.597464e+04 2.06742 4.975832e-01
8.080000e-01 4.475590e+00 2.196010e+00 2.548462e+00 1.017596e+01 1.021589e+04 1.596651e+04 2.06945 4.988264e-01
8.070000e-01 4.475590e+00 2.196870e+00 2.549320e+00 1.018080e+01 1.023925e+04 1.595835e+04 2.07148 5.000669e-01
8.060000e-01 4.475590e+00 2.197733e+00 2.550179e+00 1.018565e+01 1.026253e+04 1.595017e+04 2.07352 5.013040e-01
8.050000e-01 4.475590e+00 2.198596e+00 2.551041e+00 1.019052e+01 1.028572e+04 1.594197e+04 2.07557 5.025370e-01
8.040000e-01 4.475590e+00 2.199460e+00 2.551904e+00 1.019540e+01 1.030878e+04 1.593375e+04 2.07762 5.037646e-01
8.030000e-01 4.475590e+00 2.200324e+00 2.552767e+00 1.020030e+01 1.033173e+04 1.592552e+04 2.07967 5.049871e-01
8.020000e-01 4.475590e+00 2.201189e+00 2.553632e+00 1.020521e+01 1.035459e+04 1.591727e+04 2.08172 5.062058e-01
8.010000e-01 4.475590e+00 2.202056e+00 2.554499e+00 1.021014e+01 1.037737e+04 1.590899e+04 2.08378 5.074216e-01
8.000000e-01 4.475590e+00 2.202924e+00 2.555368e+00 1.021509e+01 1.040007e+04 1.590070e+04 2.08584 5.086334e-01
7.990000e-01 4.475590e+00 2.203792e+00 2.556237e+00 1.022005e+01 1.042265e+04 1.589238e+04 2.0879 5.098401e-01
7.980000e-01 4.475590e+00 2.204660e+00 2.557107e+00 1.022503e+01 1.044510e+04 1.588405e+04 2.08997 5.110413e-01
7.970000e-01 4.475590e+00 2.205529e+00 2.557977e+00 1.023001e+01 1.046744e+04 1.587571e+04 2.09203 5.122372e-01
7.960000e-01 4.475590e+00 2.206395e+00 2.558844e+00 1.023501e+01 1.048960e+04 1.586736e+04 2.0941 5.134252e-01
7.950000e-01 4.475590e+00 2.207260e+00 2.559709e+00 1.024001e+01 1.051161e+04 1.585900e+04 2.09617 5.146063e-01
7.940000e-01 4.475590e+00 2.208124e+00 2.560573e+00 1.024503e+01 1.053351e+04 1.585062e+04 2.09823 5.157833e-01
7.930000e-01 4.475590e+00 2.208991e+00 2.561439e+00 1.025007e+01 1.055536e+04 1.584221e+04 2.10031 5.169583e-01
7.920000e-01 4.475590e+00 2.209859e+00 2.562308e+00 1.025513e+01 1.057715e+04 1.583377e+04 2.10239 5.181309e-01
7.910000e-01 4.475590e+00 2.210729e+00 2.563180e+00 1.026022e+01 1.059887e+04 1.582529e+04 2.10447 5.193010e-01
7.900000e-01 4.475590e+00 2.211601e+00 2.564053e+00 1.026532e+01 1.062052e+04 1.581678e+04 2.10656 5.204679e-01
7.890000e-01 4.475590e+00 2.212474e+00 2.564930e+00 1.027045e+01 1.064209e+04 1.580825e+04 2.10866 5.216314e-01
7.880000e-01 4.475590e+00 2.213348e+00 2.565807e+00 1.027559e+01 1.066355e+04 1.579970e+04 2.11075 5.227902e-01
7.870000e-01 4.475590e+00 2.214221e+00 2.566685e+00 1.028074e+01 1.068490e+04 1.579113e+04 2.11285 5.239438e-01
7.860000e-01 4.475590e+00 2.215095e+00 2.567563e+00 1.028591e+01 1.070616e+04 1.578254e+04 2.11495 5.250935e-01
7.850000e-01 4.475590e+00 2.215970e+00 2.568444e+00 1.029111e+01 1.072735e+04 1.577392e+04 2.11706 5.262404e-01
7.840000e-01 4.475590e+00 2.216847e+00 2.569326e+00 1.029632e+01 1.074845e+04 1.576527e+04 2.11917 5.273837e-01
7.830000e-01 4.475590e+00 2.217765e+00 2.570267e+00 1.030163e+01 1.076940e+04 1.575646e+04 2.12132 5.285111e-01
7.820000e-01 4.475590e+00 2.218601e+00 2.571094e+00 1.030679e+01 1.079033e+04 1.574791e+04 2.12339 5.296557e-01
7.810000e-01 4.475590e+00 2.219518e+00 2.572035e+00 1.031213e+01 1.081105e+04 1.573906e+04 2.12555 5.307730e-01
7.800000e-01 4.475590e+00 2.220394e+00 2.572917e+00 1.031739e+01 1.083167e+04 1.573034e+04 2.12766 5.318942e-01
7.790000e-01 4.475590e+00 2.221266e+00 2.573794e+00 1.032266e+01 1.085213e+04 1.572161e+04 2.12977 5.330086e-01
7.780000e-01 4.475590e+00 2.222139e+00 2.574672e+00 1.032795e+01 1.087248e+04 1.571286e+04 2.13189 5.341185e-01
7.770000e-01 4.475590e+00 2.223012e+00 2.575550e+00 1.033326e+01 1.089277e+04 1.570407e+04 2.134 5.352261e-01
7.760000e-01 4.475590e+00 2.223887e+00 2.576431e+00 1.033859e+01 1.091300e+04 1.569525e+04 2.13613 5.363314e-01
7.750000e-01 4.475590e+00 2.224763e+00 2.577314e+00 1.034395e+01 1.093316e+04 1.568639e+04 2.13826 5.374342e-01
7.740000e-01 4.475590e+00 2.225642e+00 2.578200e+00 1.034933e+01 1.095326e+04 1.567750e+04 2.14039 5.385341e-01
7.730000e-01 4.475590e+00 2.226521e+00 2.579088e+00 1.035474e+01 1.097328e+04 1.566858e+04 2.14253 5.396306e-01
7.720000e-01 4.475590e+00 2.227400e+00 2.579976e+00 1.036016e+01 1.099319e+04 1.565964e+04 2.14467 5.407224e-01
7.710000e-01 4.475590e+00 2.228279e+00 2.580865e+00 1.036559e+01 1.101300e+04 1.565067e+04 2.14681 5.418096e-01
7.700000e-01 4.475590e+00 2.229159e+00 2.581755e+00 1.037104e+01 1.103272e+04 1.564168e+04 2.14895 5.428929e-01
7.690000e-01 4.475590e+00 2.230039e+00 2.582646e+00 1.037652e+01 1.105237e+04 1.563266e+04 2.1511 5.439736e-01
7.680000e-01 4.475590e+00 2.230920e+00 2.583539e+00 1.038202e+01 1.107193e+04 1.562360e+04 2.15325 5.450505e-01
7.670000e-01 4.475590e+00 2.231802e+00 2.584433e+00 1.038753e+01 1.109140e+04 1.561452e+04 2.1554 5.461231e-01
7.660000e-01 4.475590e+00 2.232683e+00 2.585326e+00 1.039306e+01 1.111076e+04 1.560542e+04 2.15755 5.471906e-01
7.650000e-01 4.475590e+00 2.233563e+00 2.586219e+00 1.039860e+01 1.113000e+04 1.559629e+04 2.15971 5.482532e-01
7.640000e-01 4.475590e+00 2.234442e+00 2.587110e+00 1.040416e+01 1.114909e+04 1.558716e+04 2.16186 5.493089e-01
7.630000e-01 4.475590e+00 2.235318e+00 2.587997e+00 1.040972e+01 1.116803e+04 1.557801e+04 2.16401 5.503580e-01
7.620000e-01 4.475590e+00 2.236193e+00 2.588883e+00 1.041530e+01 1.118688e+04 1.556883e+04 2.16617 5.514032e-01
7.610000e-01 4.475590e+00 2.237070e+00 2.589771e+00 1.042091e+01 1.120566e+04 1.555962e+04 2.16832 5.524460e-01
7.600000e-01 4.475590e+00 2.237948e+00 2.590661e+00 1.042654e+01 1.122438e+04 1.555037e+04 2.17049 5.534864e-01
7.590000e-01 4.475590e+00 2.238827e+00 2.591554e+00 1.043220e+01 1.124304e+04 1.554108e+04 2.17265 5.545243e-01
7.580000e-01 4.475590e+00 2.239707e+00 2.592447e+00 1.043788e+01 1.126163e+04 1.553175e+04 2.17482 5.555588e-01
7.570000e-01 4.475590e+00 2.240588e+00 2.593343e+00 1.044358e+01 1.128013e+04 1.552239e+04 2.177 5.565901e-01
7.560000e-01 4.475590e+00 2.241468e+00 2.594239e+00 1.044931e+01 1.129854e+04 1.551300e+04 2.17917 5.576167e-01
7.550000e-01 4.475590e+00 2.242348e+00 2.595134e+00 1.045505e+01 1.131683e+04 1.550358e+04 2.18135 5.586385e-01
7.540000e-01 4.475590e+00 2.243228e+00 2.596031e+00 1.046081e+01 1.133506e+04 1.549413e+04 2.18352 5.596573e-01
7.530000e-01 4.475590e+00 2.244109e+00 2.596929e+00 1.046659e+01 1.135321e+04 1.548464e+04 2.18571 5.606731e-01
7.520000e-01 4.475590e+00 2.244990e+00 2.597827e+00 1.047240e+01 1.137127e+04 1.547512e+04 2.18789 5.616847e-01
7.510000e-01 4.475590e+00 2.245871e+00 2.598727e+00 1.047823e+01 1.138923e+04 1.546558e+04 2.19007 5.626922e-01
7.500000e-01 4.475590e+00 2.246751e+00 2.599625e+00 1.048407e+01 1.140709e+04 1.545600e+04 2.19226 5.636945e-01
7.490000e-01 4.475590e+00 2.247629e+00 2.600521e+00 1.048992e+01 1.142482e+04 1.544641e+04 2.19444 5.646913e-01
7.480000e-01 4.475590e+00 2.248545e+00 2.601472e+00 1.049588e+01 1.144235e+04 1.543666e+04 2.19666 5.656694e-01
7.470000e-01 4.475590e+00 2.249420e+00 2.602364e+00 1.050176e+01 1.145980e+04 1.542702e+04 2.19884 5.666532e-01
7.460000e-01 4.475590e+00 2.250294e+00 2.603255e+00 1.050766e+01 1.147718e+04 1.541736e+04 2.20102 5.676346e-01
7.450000e-01 4.475590e+00 2.251168e+00 2.604146e+00 1.051359e+01 1.149449e+04 1.540764e+04 2.20321 5.686132e-01
7.440000e-01 4.475590e+00 2.252042e+00 2.605038e+00 1.051955e+01 1.151174e+04 1.539789e+04 2.2054 5.695890e-01
7.430000e-01 4.475590e+00 2.252919e+00 2.605935e+00 1.052554e+01 1.152892e+04 1.538809e+04 2.20759 5.705625e-01
7.420000e-01 4.475590e+00 2.253795e+00 2.606831e+00 1.053155e+01 1.154603e+04 1.537825e+04 2.20978 5.715323e-01
7.410000e-01 4.475590e+00 2.254671e+00 2.607727e+00 1.053758e+01 1.156304e+04 1.536837e+04 2.21198 5.724978e-01
7.400000e-01 4.475590e+00 2.255546e+00 2.608623e+00 1.054363e+01 1.157996e+04 1.535847e+04 2.21417 5.734587e-01
7.390000e-01 4.475590e+00 2.256421e+00 2.609518e+00 1.054970e+01 1.159678e+04 1.534853e+04 2.21637 5.744155e-01
7.380000e-01 4.475590e+00 2.257296e+00 2.610415e+00 1.055580e+01 1.161354e+04 1.533854e+04 2.21857 5.753699e-01
7.370000e-01 4.475590e+00 2.258170e+00 2.611312e+00 1.056192e+01 1.163021e+04 1.532852e+04 2.22076 5.763201e-01
7.360000e-01 4.475590e+00 2.259043e+00 2.612208e+00 1.056807e+01 1.164679e+04 1.531845e+04 2.22296 5.772660e-01
7.350000e-01 4.475590e+00 2.259917e+00 2.613105e+00 1.057423e+01 1.166327e+04 1.530837e+04 2.22516 5.782072e-01
7.340000e-01 4.475590e+00 2.260788e+00 2.613999e+00 1.058041e+01 1.167963e+04 1.529825e+04 2.22735 5.791433e-01
7.330000e-01 4.475590e+00 2.261656e+00 2.614890e+00 1.058660e+01 1.169585e+04 1.528810e+04 2.22955 5.800726e-01
7.320000e-01 4.475590e+00 2.262521e+00 2.615776e+00 1.059280e+01 1.171194e+04 1.527794e+04 2.23173 5.809958e-01
7.310000e-01 4.475590e+00 2.263385e+00 2.616661e+00 1.059902e+01 1.172794e+04 1.526774e+04 2.23392 5.819150e-01
7.300000e-01 4.475590e+00 2.264249e+00 2.617546e+00 1.060527e+01 1.174387e+04 1.525750e+04 2.23611 5.828318e-01
7.290000e-01 4.475590e+00 2.265113e+00 2.618432e+00 1.061155e+01 1.175974e+04 1.524720e+04 2.2383 5.837455e-01
7.280000e-01 4.475590e+00 2.265977e+00 2.619318e+00 1.061786e+01 1.177554e+04 1.523685e+04 2.24049 5.846562e-01
7.270000e-01 4.475590e+00 2.266841e+00 2.620206e+00 1.062420e+01 1.179126e+04 1.522645e+04 2.24268 5.855633e-01
7.260000e-01 4.475590e+00 2.266528e+00 2.619718e+00 1.062681e+01 1.181282e+04 1.522339e+04 2.24343 5.869901e-01
7.250000e-01 4.475590e+00 2.268563e+00 2.621975e+00 1.063692e+01 1.182244e+04 1.520558e+04 2.24708 5.873686e-01
7.240000e-01 4.475590e+00 2.268227e+00 2.621462e+00 1.063954e+01 1.184387e+04 1.520252e+04 2.24777 5.887903e-01
7.230000e-01 4.475590e+00 2.270321e+00 2.623799e+00 1.064985e+01 1.185321e+04 1.518437e+04 2.25149 5.891416e-01
7.220000e-01 4.475590e+00 2.269949e+00 2.623241e+00 1.065243e+01 1.187458e+04 1.518136e+04 2.25215 5.905688e-01
7.210000e-01 4.475590e+00 2.272040e+00 2.625571e+00 1.066279e+01 1.188371e+04 1.516312e+04 2.25588 5.909121e-01
7.200000e-01 4.475590e+00 2.271646e+00 2.624989e+00 1.066537e+01 1.190494e+04 1.516011e+04 2.2565 5.923353e-01
7.190000e-01 4.475590e+00 2.273751e+00 2.627336e+00 1.067582e+01 1.191380e+04 1.514172e+04 2.26025 5.926631e-01
7.180000e-01 4.475590e+00 2.273328e+00 2.626719e+00 1.067838e+01 1.193484e+04 1.513872e+04 2.26081 5.940797e-01
7.170000e-01 4.475590e+00 2.275452e+00 2.629087e+00 1.068890e+01 1.194337e+04 1.512022e+04 2.26461 5.943900e-01
7.160000e-01 4.475590e+00 2.275000e+00 2.628437e+00 1.069145e+01 1.196424e+04 1.511722e+04 2.26512 5.958013e-01
7.150000e-01 4.475590e+00 2.277144e+00 2.630829e+00 1.070207e+01 1.197255e+04 1.509855e+04 2.26895 5.960993e-01
7.140000e-01 4.475590e+00 2.276676e+00 2.630162e+00 1.070463e+01 1.199335e+04 1.509554e+04 2.26945 5.975117e-01
7.130000e-01 4.475590e+00 2.278833e+00 2.632570e+00 1.071537e+01 1.200145e+04 1.507667e+04 2.2733 5.977961e-01
7.120000e-01 4.475590e+00 2.278350e+00 2.631890e+00 1.071794e+01 1.202217e+04 1.507364e+04 2.27378 5.992086e-01
7.110000e-01 4.475590e+00 2.280521e+00 2.634313e+00 1.072879e+01 1.203004e+04 1.505459e+04 2.27765 5.994787e-01
7.100000e-01 4.475590e+00 2.280014e+00 2.633606e+00 1.073136e+01 1.205063e+04 1.505156e+04 2.27809 6.008883e-01
7.090000e-01 4.475590e+00 2.279888e+00 2.633198e+00 1.073466e+01 1.206907e+04 1.504697e+04 2.27972 6.023042e-01
7.080000e-01 4.475590e+00 2.283061e+00 2.636949e+00 1.074915e+01 1.207221e+04 1.502107e+04 2.28418 6.019634e-01
7.070000e-01 4.475590e+00 2.282510e+00 2.636192e+00 1.075170e+01 1.209265e+04 1.501807e+04 2.28457 6.033753e-01
7.060000e-01 4.475590e+00 2.282355e+00 2.635750e+00 1.075501e+01 1.211092e+04 1.501346e+04 2.28616 6.047898e-01
7.050000e-01 4.475590e+00 2.285569e+00 2.639550e+00 1.076972e+01 1.211360e+04 1.498722e+04 2.29069 6.044183e-01
7.040000e-01 4.475590e+00 2.284978e+00 2.638747e+00 1.077226e+01 1.213383e+04 1.498421e+04 2.291 6.058245e-01
7.030000e-01 4.475590e+00 2.284786e+00 2.638262e+00 1.077557e+01 1.215184e+04 1.497959e+04 2.29253 6.072296e-01
7.020000e-01 4.475590e+00 2.288051e+00 2.642124e+00 1.079046e+01 1.215395e+04 1.495306e+04 2.29715 6.068239e-01
7.010000e-01 4.475590e+00 2.287414e+00 2.641267e+00 1.079299e+01 1.217392e+04 1.495007e+04 2.29739 6.082229e-01
7.000000e-01 4.475590e+00 2.287203e+00 2.640760e+00 1.079631e+01 1.219170e+04 1.494542e+04 2.2989 6.096234e-01
6.990000e-01 4.475590e+00 2.290513e+00 2.644677e+00 1.081145e+01 1.219342e+04 1.491851e+04 2.30359 6.091898e-01
6.980000e-01 4.475590e+00 2.289848e+00 2.643791e+00 1.081399e+01 1.221328e+04 1.491549e+04 2.3038 6.105910e-01
6.970000e-01 4.475590e+00 2.289607e+00 2.643250e+00 1.081733e+01 1.223091e+04 1.491079e+04 2.30526 6.119911e-01
6.960000e-01 4.475590e+00 2.292964e+00 2.647225e+00 1.083273e+01 1.223220e+04 1.488344e+04 2.31002 6.115232e-01
6.950000e-01 4.475590e+00 2.292259e+00 2.646296e+00 1.083527e+01 1.225187e+04 1.488041e+04 2.31016 6.129216e-01
6.940000e-01 4.475590e+00 2.291986e+00 2.645718e+00 1.083862e+01 1.226931e+04 1.487568e+04 2.31158 6.143177e-01
6.930000e-01 4.475590e+00 2.295396e+00 2.649758e+00 1.085427e+01 1.227014e+04 1.484792e+04 2.31642 6.138166e-01
6.920000e-01 4.475590e+00 2.294652e+00 2.648788e+00 1.085681e+01 1.228967e+04 1.484487e+04 2.3165 6.152146e-01
6.910000e-01 4.475590e+00 2.294346e+00 2.648172e+00 1.086018e+01 1.230692e+04 1.484011e+04 2.31787 6.166074e-01
6.900000e-01 4.475590e+00 2.297839e+00 2.652322e+00 1.087616e+01 1.230722e+04 1.481180e+04 2.3228 6.160564e-01
6.890000e-01 4.475590e+00 2.297031e+00 2.651272e+00 1.087864e+01 1.232654e+04 1.480880e+04 2.32279 6.174543e-01
6.880000e-01 4.475590e+00 2.296674e+00 2.650593e+00 1.088198e+01 1.234353e+04 1.480405e+04 2.32407 6.188399e-01
6.870000e-01 4.475590e+00 2.300215e+00 2.654797e+00 1.089814e+01 1.234328e+04 1.477545e+04 2.32909 6.182551e-01
6.860000e-01 4.475590e+00 2.299357e+00 2.653690e+00 1.090060e+01 1.236239e+04 1.477246e+04 2.329 6.196491e-01
6.850000e-01 4.475590e+00 2.298974e+00 2.652980e+00 1.090396e+01 1.237919e+04 1.476765e+04 2.33025 6.210324e-01
6.840000e-01 4.475590e+00 2.302562e+00 2.657243e+00 1.092040e+01 1.237853e+04 1.473858e+04 2.33533 6.204139e-01
6.830000e-01 4.475590e+00 2.301666e+00 2.656095e+00 1.092287e+01 1.239752e+04 1.473555e+04 2.33518 6.218099e-01
6.820000e-01 4.475590e+00 2.301246e+00 2.655342e+00 1.092624e+01 1.241416e+04 1.473070e+04 2.33638 6.231923e-01
6.810000e-01 4.475590e+00 2.304887e+00 2.659669e+00 1.094297e+01 1.241303e+04 1.470114e+04 2.34152 6.225334e-01
6.800000e-01 4.475590e+00 2.303942e+00 2.658466e+00 1.094543e+01 1.243184e+04 1.469810e+04 2.34129 6.239274e-01
6.790000e-01 4.475590e+00 2.303487e+00 2.657674e+00 1.094881e+01 1.244830e+04 1.469320e+04 2.34243 6.253069e-01
6.780000e-01 4.475590e+00 2.307183e+00 2.662069e+00 1.096582e+01 1.244670e+04 1.466316e+04 2.34764 6.246098e-01
6.770000e-01 4.475590e+00 2.306193e+00 2.660817e+00 1.096828e+01 1.246536e+04 1.466010e+04 2.34734 6.260038e-01
6.760000e-01 4.475590e+00 2.305698e+00 2.659979e+00 1.097166e+01 1.248162e+04 1.465516e+04 2.34842 6.273791e-01
6.750000e-01 4.475590e+00 2.309480e+00 2.664488e+00 1.098903e+01 1.247942e+04 1.462455e+04 2.35373 6.266280e-01
6.740000e-01 4.475590e+00 2.308419e+00 2.663147e+00 1.099142e+01 1.249787e+04 1.462156e+04 2.35332 6.280214e-01
6.730000e-01 4.475590e+00 2.307872e+00 2.662245e+00 1.099478e+01 1.251385e+04 1.461663e+04 2.35432 6.293896e-01
6.720000e-01 4.475590e+00 2.311706e+00 2.666815e+00 1.101237e+01 1.251112e+04 1.458571e+04 2.35972 6.286051e-01
6.710000e-01 4.475590e+00 2.310595e+00 2.665419e+00 1.101475e+01 1.252940e+04 1.458270e+04 2.35923 6.299988e-01
6.700000e-01 4.475590e+00 2.310017e+00 2.664481e+00 1.101813e+01 1.254523e+04 1.457772e+04 2.36019 6.313681e-01
6.690000e-01 4.475590e+00 2.313901e+00 2.669114e+00 1.103605e+01 1.254205e+04 1.454626e+04 2.36564 6.305427e-01
6.680000e-01 4.475590e+00 2.312743e+00 2.667666e+00 1.103842e+01 1.256019e+04 1.454322e+04 2.36508 6.319383e-01
6.670000e-01 4.475590e+00 2.312121e+00 2.666678e+00 1.104181e+01 1.257585e+04 1.453819e+04 2.36597 6.333057e-01
6.660000e-01 4.475590e+00 2.316061e+00 2.671379e+00 1.106004e+01 1.257214e+04 1.450620e+04 2.37148 6.324346e-01
6.650000e-01 4.475590e+00 2.314847e+00 2.669868e+00 1.106241e+01 1.259012e+04 1.450314e+04 2.37083 6.338304e-01
6.640000e-01 4.475590e+00 2.317505e+00 2.672904e+00 1.107629e+01 1.259169e+04 1.447903e+04 2.37535 6.336607e-01
6.630000e-01 4.475590e+00 2.316245e+00 2.671339e+00 1.107862e+01 1.260958e+04 1.447600e+04 2.37463 6.350599e-01
6.620000e-01 4.475590e+00 2.318907e+00 2.674378e+00 1.109260e+01 1.261089e+04 1.445172e+04 2.37914 6.348736e-01
6.610000e-01 4.475590e+00 2.317604e+00 2.672763e+00 1.109491e+01 1.262864e+04 1.444868e+04 2.37835 6.362705e-01
6.600000e-01 4.475590e+00 2.320285e+00 2.675826e+00 1.110901e+01 1.262961e+04 1.442421e+04 2.38289 6.360609e-01
6.590000e-01 4.475590e+00 2.318937e+00 2.674155e+00 1.111129e+01 1.264719e+04 1.442118e+04 2.38202 6.374527e-01
6.580000e-01 4.475590e+00 2.321640e+00 2.677245e+00 1.112553e+01 1.264787e+04 1.439649e+04 2.38658 6.372230e-01
6.570000e-01 4.475590e+00 2.320257e+00 2.675536e+00 1.112780e+01 1.266536e+04 1.439344e+04 2.38566 6.386180e-01
6.560000e-01 4.475590e+00 2.322979e+00 2.678650e+00 1.114222e+01 1.266579e+04 1.436846e+04 2.39024 6.383669e-01
6.550000e-01 4.475590e+00 2.321560e+00 2.676901e+00 1.114449e+01 1.268320e+04 1.436538e+04 2.38926 6.397645e-01
6.540000e-01 4.475590e+00 2.324299e+00 2.680039e+00 1.115908e+01 1.268334e+04 1.434011e+04 2.39385 6.394905e-01
6.530000e-01 4.475590e+00 2.322844e+00 2.678250e+00 1.116135e+01 1.270063e+04 1.433702e+04 2.39282 6.408878e-01
6.520000e-01 4.475590e+00 2.325632e+00 2.681454e+00 1.117618e+01 1.270041e+04 1.431138e+04 2.39745 6.405795e-01
6.510000e-01 4.475590e+00 2.324123e+00 2.679601e+00 1.117840e+01 1.271764e+04 1.430833e+04 2.39634 6.419840e-01
6.500000e-01 4.475590e+00 2.326915e+00 2.682810e+00 1.119337e+01 1.271717e+04 1.428247e+04 2.40098 6.416597e-01
6.490000e-01 4.475590e+00 2.325363e+00 2.680907e+00 1.119558e+01 1.273429e+04 1.427941e+04 2.3998 6.430648e-01
6.480000e-01 4.475590e+00 2.328176e+00 2.684142e+00 1.121070e+01 1.273350e+04 1.425330e+04 2.40445 6.427161e-01
6.470000e-01 4.475590e+00 2.326581e+00 2.682189e+00 1.121289e+01 1.275048e+04 1.425024e+04 2.40319 6.441189e-01
6.460000e-01 4.475590e+00 2.329411e+00 2.685445e+00 1.122815e+01 1.274934e+04 1.422393e+04 2.40786 6.437456e-01
6.450000e-01 4.475590e+00 2.327766e+00 2.683431e+00 1.123030e+01 1.276615e+04 1.422087e+04 2.40651 6.451446e-01
6.440000e-01 4.475590e+00 2.330619e+00 2.686717e+00 1.124572e+01 1.276473e+04 1.419432e+04 2.41121 6.447495e-01
6.430000e-01 4.475590e+00 2.328932e+00 2.684656e+00 1.124787e+01 1.278146e+04 1.419123e+04 2.4098 6.461524e-01
6.420000e-01 4.475590e+00 2.331804e+00 2.687967e+00 1.126349e+01 1.277975e+04 1.416435e+04 2.4145 6.457320e-01
6.410000e-01 4.475590e+00 2.330074e+00 2.685858e+00 1.126563e+01 1.279640e+04 1.416124e+04 2.41302 6.471377e-01
6.400000e-01 4.475590e+00 2.332965e+00 2.689192e+00 1.128144e+01 1.279438e+04 1.413403e+04 2.41772 6.466905e-01
6.390000e-01 4.475590e+00 2.331190e+00 2.687034e+00 1.128356e+01 1.281092e+04 1.413090e+04 2.41617 6.480960e-01
6.380000e-01 4.475590e+00 2.334129e+00 2.690433e+00 1.129963e+01 1.280853e+04 1.410328e+04 2.4209 6.476114e-01
6.370000e-01 4.475590e+00 2.332296e+00 2.688205e+00 1.130172e+01 1.282501e+04 1.410018e+04 2.41927 6.490245e-01
6.360000e-01 4.475590e+00 2.335239e+00 2.691610e+00 1.131794e+01 1.282235e+04 1.407231e+04 2.42399 6.485205e-01
6.350000e-01 4.475590e+00 2.335794e+00 2.692201e+00 1.132718e+01 1.282906e+04 1.405666e+04 2.42552 6.489606e-01
6.340000e-01 4.475590e+00 2.336333e+00 2.692773e+00 1.133643e+01 1.283568e+04 1.404101e+04 2.42703 6.493980e-01
6.330000e-01 4.475590e+00 2.336863e+00 2.693334e+00 1.134571e+01 1.284218e+04 1.402530e+04 2.42851 6.498282e-01
6.320000e-01 4.475590e+00 2.337385e+00 2.693885e+00 1.135501e+01 1.284853e+04 1.400955e+04 2.42997 6.502508e-01
6.310000e-01 4.475590e+00 2.337899e+00 2.694428e+00 1.136435e+01 1.285480e+04 1.399372e+04 2.43141 6.506674e-01
6.300000e-01 4.475590e+00 2.338405e+00 2.694962e+00 1.137375e+01 1.286096e+04 1.397779e+04 2.43283 6.510779e-01
6.290000e-01 4.475590e+00 2.338905e+00 2.695490e+00 1.138321e+01 1.286702e+04 1.396175e+04 2.43423 6.514819e-01
6.280000e-01 4.475590e+00 2.339396e+00 2.696010e+00 1.139271e+01 1.287300e+04 1.394562e+04 2.43561 6.518792e-01
6.270000e-01 4.475590e+00 2.339880e+00 2.696520e+00 1.140227e+01 1.287885e+04 1.392938e+04 2.43697 6.522694e-01
6.260000e-01 4.475590e+00 2.340356e+00 2.697024e+00 1.141186e+01 1.288461e+04 1.391307e+04 2.4383 6.526523e-01
6.250000e-01 4.475590e+00 2.340824e+00 2.697519e+00 1.142151e+01 1.289025e+04 1.389668e+04 2.43961 6.530286e-01
6.240000e-01 4.475590e+00 2.341284e+00 2.698007e+00 1.143121e+01 1.289579e+04 1.388019e+04 2.44091 6.533987e-01
6.230000e-01 4.475590e+00 2.341738e+00 2.698489e+00 1.144096e+01 1.290123e+04 1.386361e+04 2.44218 6.537623e-01
6.220000e-01 4.475590e+00 2.342184e+00 2.698963e+00 1.145076e+01 1.290654e+04 1.384696e+04 2.44344 6.541192e-01
6.210000e-01 4.475590e+00 2.342623e+00 2.699430e+00 1.146060e+01 1.291175e+04 1.383024e+04 2.44468 6.544691e-01
6.200000e-01 4.475590e+00 2.343082e+00 2.699930e+00 1.147056e+01 1.291676e+04 1.381335e+04 2.44592 6.547993e-01
6.190000e-01 4.475590e+00 2.343504e+00 2.700377e+00 1.148047e+01 1.292169e+04 1.379652e+04 2.44712 6.551331e-01
6.180000e-01 4.475590e+00 2.343916e+00 2.700812e+00 1.149041e+01 1.292651e+04 1.377962e+04 2.44828 6.554598e-01
6.170000e-01 4.475590e+00 2.344318e+00 2.701237e+00 1.150042e+01 1.293124e+04 1.376261e+04 2.44942 6.557800e-01
6.160000e-01 4.475590e+00 2.344712e+00 2.701654e+00 1.151049e+01 1.293585e+04 1.374550e+04 2.45054 6.560931e-01
6.150000e-01 4.475590e+00 2.345098e+00 2.702064e+00 1.152062e+01 1.294036e+04 1.372828e+04 2.45164 6.563996e-01
6.140000e-01 4.475590e+00 2.345476e+00 2.702464e+00 1.153080e+01 1.294476e+04 1.371096e+04 2.45271 6.566990e-01
6.130000e-01 4.475590e+00 2.345845e+00 2.702857e+00 1.154104e+01 1.294905e+04 1.369356e+04 2.45376 6.569911e-01
6.120000e-01 4.475590e+00 2.346206e+00 2.703242e+00 1.155133e+01 1.295323e+04 1.367607e+04 2.45479 6.572760e-01
6.110000e-01 4.475590e+00 2.346557e+00 2.703615e+00 1.156168e+01 1.295729e+04 1.365848e+04 2.4558 6.575537e-01
6.100000e-01 4.475590e+00 2.346899e+00 2.703980e+00 1.157209e+01 1.296125e+04 1.364079e+04 2.45677 6.578237e-01
6.090000e-01 4.475590e+00 2.347231e+00 2.704333e+00 1.158255e+01 1.296509e+04 1.362300e+04 2.45771 6.580853e-01
6.080000e-01 4.475590e+00 2.347552e+00 2.704674e+00 1.159305e+01 1.296881e+04 1.360513e+04 2.45862 6.583381e-01
6.070000e-01 4.475590e+00 2.347862e+00 2.705005e+00 1.160359e+01 1.297240e+04 1.358719e+04 2.45951 6.585826e-01
6.060000e-01 4.475590e+00 2.348190e+00 2.705361e+00 1.161425e+01 1.297579e+04 1.356907e+04 2.46039 6.588062e-01
6.050000e-01 4.475590e+00 2.348481e+00 2.705668e+00 1.162487e+01 1.297912e+04 1.355100e+04 2.46121 6.590335e-01
6.040000e-01 4.475590e+00 2.348761e+00 2.705964e+00 1.163556e+01 1.298235e+04 1.353282e+04 2.46201 6.592545e-01
6.030000e-01 4.475590e+00 2.349033e+00 2.706251e+00 1.164632e+01 1.298546e+04 1.351454e+04 2.46279 6.594682e-01
6.020000e-01 4.475590e+00 2.349295e+00 2.706530e+00 1.165715e+01 1.298847e+04 1.349614e+04 2.46354 6.596750e-01
6.010000e-01 4.475590e+00 2.349548e+00 2.706798e+00 1.166804e+01 1.299135e+04 1.347763e+04 2.46427 6.598738e-01
6.000000e-01 4.475590e+00 2.349791e+00 2.707056e+00 1.167899e+01 1.299412e+04 1.345904e+04 2.46497 6.600646e-01
5.990000e-01 4.475590e+00 2.350025e+00 2.707306e+00 1.169000e+01 1.299678e+04 1.344036e+04 2.46564 6.602478e-01
5.980000e-01 4.475590e+00 2.350248e+00 2.707542e+00 1.170108e+01 1.299931e+04 1.342156e+04 2.46628 6.604231e-01
5.970000e-01 4.475590e+00 2.350462e+00 2.707772e+00 1.171223e+01 1.300174e+04 1.340266e+04 2.46689 6.605909e-01
5.960000e-01 4.475590e+00 2.350667e+00 2.707991e+00 1.172344e+01 1.300404e+04 1.338368e+04 2.46748 6.607508e-01
5.950000e-01 4.475590e+00 2.350860e+00 2.708199e+00 1.173469e+01 1.300622e+04 1.336462e+04 2.46804 6.609021e-01
5.940000e-01 4.475590e+00 2.351042e+00 2.708394e+00 1.174600e+01 1.300827e+04 1.334548e+04 2.46857 6.610444e-01
5.930000e-01 4.475590e+00 2.351212e+00 2.708572e+00 1.175734e+01 1.301017e+04 1.332628e+04 2.46906 6.611773e-01
5.920000e-01 4.475590e+00 2.351396e+00 2.708776e+00 1.176881e+01 1.301189e+04 1.330688e+04 2.46954 6.612893e-01
5.910000e-01 4.475590e+00 2.351543e+00 2.708930e+00 1.178028e+01 1.301357e+04 1.328746e+04 2.46996 6.614046e-01
5.900000e-01 4.475590e+00 2.351677e+00 2.709071e+00 1.179183e+01 1.301512e+04 1.326793e+04 2.47034 6.615117e-01
5.890000e-01 4.475590e+00 2.351802e+00 2.709202e+00 1.180345e+01 1.301657e+04 1.324828e+04 2.4707 6.616105e-01
5.880000e-01 4.475590e+00 2.351915e+00 2.709320e+00 1.181515e+01 1.301788e+04 1.322852e+04 2.47103 6.617009e-01
5.870000e-01 4.475590e+00 2.352019e+00 2.709431e+00 1.182691e+01 1.301908e+04 1.320867e+04 2.47133 6.617836e-01
5.860000e-01 4.475590e+00 2.352113e+00 2.709531e+00 1.183875e+01 1.302015e+04 1.318872e+04 2.4716 6.618585e-01
5.850000e-01 4.475590e+00 2.352196e+00 2.709620e+00 1.185066e+01 1.302111e+04 1.316866e+04 2.47184 6.619252e-01
5.840000e-01 4.475590e+00 2.352270e+00 2.709700e+00 1.186265e+01 1.302195e+04 1.314851e+04 2.47206 6.619840e-01
5.830000e-01 4.475590e+00 2.352333e+00 2.709768e+00 1.187470e+01 1.302265e+04 1.312826e+04 2.47224 6.620346e-01
5.820000e-01 4.475590e+00 2.352385e+00 2.709825e+00 1.188681e+01 1.302324e+04 1.310794e+04 2.4724 6.620765e-01
5.810000e-01 4.475590e+00 2.352425e+00 2.709868e+00 1.189897e+01 1.302369e+04 1.308755e+04 2.47252 6.621091e-01
5.800000e-01 4.475590e+00 2.352453e+00 2.709895e+00 1.191116e+01 1.302400e+04 1.306711e+04 2.4726 6.621323e-01
5.790000e-01 4.475590e+00 2.352492e+00 2.709944e+00 1.192352e+01 1.302413e+04 1.304643e+04 2.47267 6.621341e-01
5.780000e-01 4.475590e+00 2.352494e+00 2.709944e+00 1.193589e+01 1.302419e+04 1.302573e+04 2.47268 6.621384e-01
5.770000e-01 4.475590e+00 2.352483e+00 2.709930e+00 1.194833e+01 1.302414e+04 1.300491e+04 2.47265 6.621337e-01
5.779351e-01 4.475590e+00 2.352932e+00 2.710577e+00 1.193810e+01 1.302297e+04 1.302239e+04 2.47307 6.619343e-01
