1.000000e+00 4.491970e+00 2.049088e+00 2.407398e+00 9.452037e+00 0.000000e+00 1.795205e+04 0 0.000000e+00
9.990000e-01 4.491970e+00 2.051645e+00 2.409776e+00 9.463837e+00 7.720051e+02 1.781356e+04 1.74539 3.642471e-02
9.980000e-01 4.491970e+00 2.051997e+00 2.409905e+00 9.465267e+00 1.079708e+03 1.776762e+04 1.85081 5.400108e-02
9.970000e-01 4.491970e+00 2.052892e+00 2.410894e+00 9.469500e+00 1.322096e+03 1.772988e+04 1.74934 6.244416e-02
9.960000e-01 4.491970e+00 2.053012e+00 2.410742e+00 9.470954e+00 1.523083e+03 1.770082e+04 1.77215 7.286669e-02
9.950000e-01 4.491970e+00 2.053300e+00 2.410786e+00 9.472877e+00 1.699517e+03 1.767553e+04 1.78627 8.193212e-02
9.940000e-01 4.491970e+00 2.054673e+00 2.412338e+00 9.478131e+00 1.858158e+03 1.764784e+04 1.75322 8.780511e-02
9.930000e-01 4.491970e+00 2.054839e+00 2.412242e+00 9.479686e+00 2.008648e+03 1.762678e+04 1.76662 9.562659e-02
9.920000e-01 4.491970e+00 2.055214e+00 2.412411e+00 9.481709e+00 2.148987e+03 1.760698e+04 1.778 1.029293e-01
9.910000e-01 4.491970e+00 2.056546e+00 2.413941e+00 9.486869e+00 2.279968e+03 1.758331e+04 1.75722 1.077868e-01
9.900000e-01 4.491970e+00 2.056789e+00 2.413975e+00 9.488491e+00 2.405892e+03 1.756612e+04 1.7671 1.143520e-01
9.890000e-01 4.491970e+00 2.057198e+00 2.414213e+00 9.490527e+00 2.525296e+03 1.754953e+04 1.77588 1.205763e-01
9.880000e-01 4.491970e+00 2.058482e+00 2.415703e+00 9.495581e+00 2.638145e+03 1.752855e+04 1.76127 1.247725e-01
9.870000e-01 4.491970e+00 2.058756e+00 2.415793e+00 9.497230e+00 2.747906e+03 1.751388e+04 1.76897 1.304965e-01
9.860000e-01 4.491970e+00 2.059167e+00 2.416046e+00 9.499264e+00 2.852743e+03 1.749949e+04 1.77601 1.359604e-01
9.850000e-01 4.491970e+00 2.060436e+00 2.417519e+00 9.504288e+00 2.951791e+03 1.748044e+04 1.76537 1.396659e-01
9.840000e-01 4.491970e+00 2.060702e+00 2.417600e+00 9.505943e+00 3.049855e+03 1.746757e+04 1.77154 1.447729e-01
9.830000e-01 4.491970e+00 2.061117e+00 2.417860e+00 9.507998e+00 3.144516e+03 1.745469e+04 1.77768 1.497230e-01
9.820000e-01 4.491970e+00 2.062399e+00 2.419348e+00 9.513062e+00 3.234540e+03 1.743681e+04 1.76951 1.531116e-01
9.810000e-01 4.491970e+00 2.062674e+00 2.419446e+00 9.514740e+00 3.324458e+03 1.742519e+04 1.77482 1.577977e-01
9.800000e-01 4.491970e+00 2.063085e+00 2.419703e+00 9.516801e+00 3.411337e+03 1.741346e+04 1.78012 1.623408e-01
9.790000e-01 4.491970e+00 2.064374e+00 2.421196e+00 9.521897e+00 3.493816e+03 1.739652e+04 1.77369 1.654585e-01
9.780000e-01 4.491970e+00 2.064639e+00 2.421281e+00 9.523580e+00 3.576957e+03 1.738591e+04 1.77826 1.697879e-01
9.770000e-01 4.491970e+00 2.065038e+00 2.421519e+00 9.525645e+00 3.657371e+03 1.737510e+04 1.78293 1.739940e-01
9.760000e-01 4.491970e+00 2.066341e+00 2.423022e+00 9.530785e+00 3.733015e+03 1.735896e+04 1.77789 1.768672e-01
9.750000e-01 4.491970e+00 2.066567e+00 2.423048e+00 9.532447e+00 3.809918e+03 1.734929e+04 1.78171 1.808588e-01
9.740000e-01 4.491970e+00 2.066950e+00 2.423252e+00 9.534522e+00 3.884844e+03 1.733925e+04 1.78598 1.847901e-01
9.730000e-01 4.491970e+00 2.068334e+00 2.424849e+00 9.539845e+00 3.955760e+03 1.732342e+04 1.78214 1.875074e-01
9.720000e-01 4.491970e+00 2.068544e+00 2.424848e+00 9.541492e+00 4.029189e+03 1.731437e+04 1.78573 1.913339e-01
9.710000e-01 4.491970e+00 2.068936e+00 2.425064e+00 9.543592e+00 4.100822e+03 1.730484e+04 1.78978 1.951034e-01
9.700000e-01 4.491970e+00 2.070319e+00 2.426665e+00 9.548953e+00 4.168609e+03 1.728939e+04 1.78641 1.976900e-01
9.690000e-01 4.491970e+00 2.070550e+00 2.426696e+00 9.550632e+00 4.238783e+03 1.728083e+04 1.78981 2.013555e-01
9.680000e-01 4.491970e+00 2.070954e+00 2.426933e+00 9.552754e+00 4.307276e+03 1.727175e+04 1.79363 2.049657e-01
9.670000e-01 4.491970e+00 2.072335e+00 2.428535e+00 9.558130e+00 4.371994e+03 1.725668e+04 1.79072 2.074311e-01
9.660000e-01 4.491970e+00 2.072571e+00 2.428578e+00 9.559823e+00 4.438903e+03 1.724859e+04 1.79386 2.109270e-01
9.650000e-01 4.491970e+00 2.072970e+00 2.428811e+00 9.561945e+00 4.504086e+03 1.723997e+04 1.79738 2.143624e-01
9.640000e-01 4.491970e+00 2.074359e+00 2.430422e+00 9.567345e+00 4.565563e+03 1.722527e+04 1.79504 2.167150e-01
9.630000e-01 4.491970e+00 2.074597e+00 2.430469e+00 9.569051e+00 4.629719e+03 1.721758e+04 1.79798 2.200697e-01
9.620000e-01 4.491970e+00 2.075003e+00 2.430712e+00 9.571194e+00 4.692355e+03 1.720932e+04 1.80136 2.233784e-01
9.610000e-01 4.491970e+00 2.076399e+00 2.432334e+00 9.576627e+00 4.751227e+03 1.719490e+04 1.79941 2.256321e-01
9.600000e-01 4.491970e+00 2.076635e+00 2.432380e+00 9.578343e+00 4.812775e+03 1.718760e+04 1.80214 2.288502e-01
9.590000e-01 4.491970e+00 2.077038e+00 2.432619e+00 9.580495e+00 4.872891e+03 1.717970e+04 1.80534 2.320294e-01
9.580000e-01 4.491970e+00 2.078446e+00 2.434253e+00 9.585968e+00 4.929187e+03 1.716555e+04 1.80379 2.341921e-01
9.570000e-01 4.491970e+00 2.078671e+00 2.434284e+00 9.587686e+00 4.988309e+03 1.715861e+04 1.80633 2.372822e-01
9.560000e-01 4.491970e+00 2.079054e+00 2.434495e+00 9.589832e+00 5.045824e+03 1.715106e+04 1.80928 2.403223e-01
9.550000e-01 4.491970e+00 2.080483e+00 2.436146e+00 9.595356e+00 5.099214e+03 1.713716e+04 1.80819 2.423850e-01
9.540000e-01 4.491970e+00 2.080689e+00 2.436147e+00 9.597075e+00 5.156190e+03 1.713052e+04 1.81054 2.453639e-01
9.530000e-01 4.491970e+00 2.081082e+00 2.436363e+00 9.599257e+00 5.212017e+03 1.712318e+04 1.81348 2.483297e-01
9.520000e-01 4.491970e+00 2.082533e+00 2.438040e+00 9.604871e+00 5.264087e+03 1.710930e+04 1.81263 2.503431e-01
9.510000e-01 4.491970e+00 2.082754e+00 2.438062e+00 9.606624e+00 5.319696e+03 1.710284e+04 1.81495 2.532583e-01
9.500000e-01 4.491970e+00 2.083152e+00 2.438288e+00 9.608827e+00 5.374009e+03 1.709569e+04 1.81779 2.561460e-01
9.490000e-01 4.491970e+00 2.084610e+00 2.439977e+00 9.614479e+00 5.424554e+03 1.708195e+04 1.81712 2.580981e-01
9.480000e-01 4.491970e+00 2.084841e+00 2.440015e+00 9.616254e+00 5.478632e+03 1.707570e+04 1.81937 2.609365e-01
9.470000e-01 4.491970e+00 2.085242e+00 2.440247e+00 9.618470e+00 5.531406e+03 1.706876e+04 1.82211 2.637453e-01
9.460000e-01 4.491970e+00 2.086704e+00 2.441942e+00 9.624147e+00 5.580247e+03 1.705518e+04 1.82164 2.656323e-01
9.450000e-01 4.491970e+00 2.086932e+00 2.441978e+00 9.625930e+00 5.632721e+03 1.704915e+04 1.82378 2.683873e-01
9.440000e-01 4.491970e+00 2.087336e+00 2.442214e+00 9.628163e+00 5.684038e+03 1.704240e+04 1.82646 2.711252e-01
9.430000e-01 4.491970e+00 2.088810e+00 2.443924e+00 9.633890e+00 5.731548e+03 1.702890e+04 1.82619 2.729650e-01
9.420000e-01 4.491970e+00 2.089044e+00 2.443969e+00 9.635694e+00 5.782780e+03 1.702303e+04 1.82828 2.756586e-01
9.410000e-01 4.491970e+00 2.089446e+00 2.444203e+00 9.637939e+00 5.832748e+03 1.701644e+04 1.83086 2.783258e-01
9.400000e-01 4.491970e+00 2.090931e+00 2.445926e+00 9.643706e+00 5.878726e+03 1.700305e+04 1.83077 2.801083e-01
9.390000e-01 4.491970e+00 2.091159e+00 2.445965e+00 9.645517e+00 5.928553e+03 1.699736e+04 1.83277 2.827281e-01
9.380000e-01 4.491970e+00 2.091553e+00 2.446189e+00 9.647766e+00 5.977066e+03 1.699095e+04 1.83525 2.853200e-01
9.370000e-01 4.491970e+00 2.093052e+00 2.447926e+00 9.653571e+00 6.021284e+03 1.697768e+04 1.83538 2.870391e-01
9.360000e-01 4.491970e+00 2.093256e+00 2.447931e+00 9.655368e+00 6.069458e+03 1.697222e+04 1.83721 2.895690e-01
9.350000e-01 4.491970e+00 2.093642e+00 2.448139e+00 9.657624e+00 6.116495e+03 1.696599e+04 1.83963 2.920889e-01
9.340000e-01 4.491970e+00 2.095168e+00 2.449903e+00 9.663503e+00 6.159484e+03 1.695275e+04 1.83999 2.937716e-01
9.330000e-01 4.491970e+00 2.095379e+00 2.449916e+00 9.665332e+00 6.206924e+03 1.694739e+04 1.84183 2.962705e-01
9.320000e-01 4.491970e+00 2.095774e+00 2.450136e+00 9.667624e+00 6.253230e+03 1.694123e+04 1.84423 2.987576e-01
9.310000e-01 4.491970e+00 2.097310e+00 2.451915e+00 9.673567e+00 6.295376e+03 1.692799e+04 1.84467 3.004011e-01
9.300000e-01 4.491970e+00 2.097530e+00 2.451942e+00 9.675421e+00 6.341907e+03 1.692274e+04 1.84648 3.028558e-01
9.290000e-01 4.491970e+00 2.097929e+00 2.452169e+00 9.677730e+00 6.387274e+03 1.691670e+04 1.84884 3.052957e-01
9.280000e-01 4.491970e+00 2.099472e+00 2.453958e+00 9.683712e+00 6.428408e+03 1.690351e+04 1.84938 3.068996e-01
9.270000e-01 4.491970e+00 2.099691e+00 2.453986e+00 9.685577e+00 6.473891e+03 1.689840e+04 1.85113 3.093000e-01
9.260000e-01 4.491970e+00 2.100087e+00 2.454211e+00 9.687895e+00 6.518203e+03 1.689249e+04 1.85344 3.116864e-01
9.250000e-01 4.491970e+00 2.101645e+00 2.456017e+00 9.693923e+00 6.558312e+03 1.687935e+04 1.85412 3.132553e-01
9.240000e-01 4.491970e+00 2.101867e+00 2.456050e+00 9.695809e+00 6.603014e+03 1.687433e+04 1.85585 3.156184e-01
9.230000e-01 4.491970e+00 2.102268e+00 2.456280e+00 9.698151e+00 6.646563e+03 1.686851e+04 1.85813 3.179688e-01
9.220000e-01 4.491970e+00 2.103835e+00 2.458099e+00 9.704234e+00 6.685779e+03 1.685538e+04 1.8589 3.195013e-01
9.210000e-01 4.491970e+00 2.104055e+00 2.458131e+00 9.706134e+00 6.729588e+03 1.685047e+04 1.86059 3.218188e-01
9.200000e-01 4.491970e+00 2.104452e+00 2.458356e+00 9.708487e+00 6.772213e+03 1.684474e+04 1.86281 3.241225e-01
9.190000e-01 4.491970e+00 2.106079e+00 2.460252e+00 9.714703e+00 6.810284e+03 1.683149e+04 1.86376 3.256068e-01
9.180000e-01 4.491970e+00 2.106254e+00 2.460223e+00 9.716543e+00 6.853037e+03 1.682681e+04 1.86532 3.278711e-01
9.170000e-01 4.491970e+00 2.106625e+00 2.460412e+00 9.718873e+00 6.894501e+03 1.682124e+04 1.86745 3.301153e-01
9.160000e-01 4.491970e+00 2.108271e+00 2.462325e+00 9.725137e+00 6.931379e+03 1.680803e+04 1.86858 3.315629e-01
9.150000e-01 4.491970e+00 2.108441e+00 2.462289e+00 9.726992e+00 6.973443e+03 1.680343e+04 1.87012 3.337954e-01
9.140000e-01 4.491970e+00 2.108823e+00 2.462488e+00 9.729361e+00 7.014395e+03 1.679789e+04 1.87227 3.360211e-01
9.130000e-01 4.491970e+00 2.110484e+00 2.464421e+00 9.735705e+00 7.050752e+03 1.678460e+04 1.87346 3.374444e-01
9.120000e-01 4.491970e+00 2.110662e+00 2.464396e+00 9.737587e+00 7.092228e+03 1.678006e+04 1.87499 3.396498e-01
9.110000e-01 4.491970e+00 2.111046e+00 2.464600e+00 9.739974e+00 7.132527e+03 1.677458e+04 1.87712 3.418433e-01
9.100000e-01 4.491970e+00 2.112718e+00 2.466547e+00 9.746367e+00 7.168148e+03 1.676129e+04 1.87837 3.432364e-01
9.090000e-01 4.491970e+00 2.112895e+00 2.466525e+00 9.748261e+00 7.208889e+03 1.675682e+04 1.87987 3.454045e-01
9.080000e-01 4.491970e+00 2.113274e+00 2.466724e+00 9.750654e+00 7.248382e+03 1.675144e+04 1.88195 3.475560e-01
9.070000e-01 4.491970e+00 2.114959e+00 2.468688e+00 9.757090e+00 7.283119e+03 1.673817e+04 1.88331 3.489178e-01
9.060000e-01 4.491970e+00 2.115135e+00 2.468664e+00 9.758997e+00 7.323203e+03 1.673378e+04 1.88478 3.510536e-01
9.050000e-01 4.491970e+00 2.115518e+00 2.468869e+00 9.761413e+00 7.362115e+03 1.672845e+04 1.88686 3.531794e-01
9.040000e-01 4.491970e+00 2.117217e+00 2.470850e+00 9.767910e+00 7.396228e+03 1.671514e+04 1.88829 3.545164e-01
9.030000e-01 4.491970e+00 2.117390e+00 2.470825e+00 9.769833e+00 7.435694e+03 1.671083e+04 1.88973 3.566216e-01
9.020000e-01 4.491970e+00 2.117770e+00 2.471025e+00 9.772262e+00 7.473942e+03 1.670556e+04 1.89178 3.587145e-01
9.010000e-01 4.491970e+00 2.119485e+00 2.473025e+00 9.778816e+00 7.507238e+03 1.669224e+04 1.89331 3.600206e-01
9.000000e-01 4.491970e+00 2.119647e+00 2.472986e+00 9.780742e+00 7.545948e+03 1.668801e+04 1.89469 3.620868e-01
8.990000e-01 4.491970e+00 2.120011e+00 2.473164e+00 9.783169e+00 7.583331e+03 1.668284e+04 1.89667 3.641345e-01
8.980000e-01 4.491970e+00 2.121749e+00 2.475188e+00 9.789779e+00 7.615606e+03 1.666950e+04 1.89833 3.654056e-01
8.970000e-01 4.491970e+00 2.121900e+00 2.475133e+00 9.791713e+00 7.653693e+03 1.666534e+04 1.89968 3.674419e-01
8.960000e-01 4.491970e+00 2.122272e+00 2.475319e+00 9.794175e+00 7.690640e+03 1.666020e+04 1.90168 3.694749e-01
8.950000e-01 4.491970e+00 2.124030e+00 2.477365e+00 9.800877e+00 7.722545e+03 1.664676e+04 1.9034 3.707299e-01
8.940000e-01 4.491970e+00 2.124189e+00 2.477321e+00 9.802842e+00 7.760263e+03 1.664263e+04 1.90477 3.727514e-01
8.930000e-01 4.491970e+00 2.124562e+00 2.477511e+00 9.805327e+00 7.796764e+03 1.663751e+04 1.90675 3.747634e-01
8.920000e-01 4.491970e+00 2.126333e+00 2.479575e+00 9.812094e+00 7.828121e+03 1.662402e+04 1.90853 3.759943e-01
8.910000e-01 4.491970e+00 2.126492e+00 2.479535e+00 9.814075e+00 7.865303e+03 1.661994e+04 1.90987 3.779893e-01
8.900000e-01 4.491970e+00 2.126860e+00 2.479719e+00 9.816568e+00 7.901191e+03 1.661488e+04 1.91182 3.799698e-01
8.890000e-01 4.491970e+00 2.128646e+00 2.481802e+00 9.823382e+00 7.931806e+03 1.660137e+04 1.91368 3.811729e-01
8.880000e-01 4.491970e+00 2.128800e+00 2.481756e+00 9.825373e+00 7.968428e+03 1.659735e+04 1.91499 3.831402e-01
8.870000e-01 4.491970e+00 2.129171e+00 2.481944e+00 9.827888e+00 8.003825e+03 1.659234e+04 1.91694 3.850993e-01
8.860000e-01 4.491970e+00 2.130972e+00 2.484046e+00 9.834767e+00 8.033924e+03 1.657878e+04 1.91887 3.862824e-01
8.850000e-01 4.491970e+00 2.131123e+00 2.483999e+00 9.836775e+00 8.070072e+03 1.657480e+04 1.92016 3.882269e-01
8.840000e-01 4.491970e+00 2.131489e+00 2.484182e+00 9.839303e+00 8.104945e+03 1.656983e+04 1.92208 3.901604e-01
8.830000e-01 4.491970e+00 2.133308e+00 2.486305e+00 9.846245e+00 8.134366e+03 1.655623e+04 1.92409 3.913173e-01
8.820000e-01 4.491970e+00 2.133449e+00 2.486245e+00 9.848256e+00 8.169908e+03 1.655232e+04 1.92534 3.932311e-01
8.810000e-01 4.491970e+00 2.133799e+00 2.486407e+00 9.850784e+00 8.204082e+03 1.654741e+04 1.92721 3.951288e-01
8.800000e-01 4.491970e+00 2.135642e+00 2.488554e+00 9.857784e+00 8.232635e+03 1.653379e+04 1.92932 3.962546e-01
8.790000e-01 4.491970e+00 2.135769e+00 2.488476e+00 9.859801e+00 8.267646e+03 1.652994e+04 1.93054 3.981434e-01
8.780000e-01 4.491970e+00 2.136126e+00 2.488644e+00 9.862362e+00 8.301449e+03 1.652504e+04 1.93243 4.000289e-01
8.770000e-01 4.491970e+00 2.137989e+00 2.490816e+00 9.869458e+00 8.329688e+03 1.651129e+04 1.93461 4.011414e-01
8.760000e-01 4.491970e+00 2.138123e+00 2.490747e+00 9.871508e+00 8.364434e+03 1.650745e+04 1.93584 4.030207e-01
8.750000e-01 4.491970e+00 2.138481e+00 2.490917e+00 9.874095e+00 8.397905e+03 1.650257e+04 1.93772 4.048919e-01
8.740000e-01 4.491970e+00 2.140403e+00 2.493170e+00 9.881354e+00 8.425671e+03 1.648859e+04 1.93998 4.059746e-01
8.730000e-01 4.491970e+00 2.140507e+00 2.493064e+00 9.883365e+00 8.460026e+03 1.648488e+04 1.94117 4.078399e-01
8.720000e-01 4.491970e+00 2.140850e+00 2.493215e+00 9.885945e+00 8.493011e+03 1.648006e+04 1.94302 4.096884e-01
8.710000e-01 4.491970e+00 2.142784e+00 2.495481e+00 9.893251e+00 8.520151e+03 1.646605e+04 1.94535 4.107478e-01
8.700000e-01 4.491970e+00 2.142882e+00 2.495369e+00 9.895272e+00 8.554054e+03 1.646238e+04 1.94651 4.125914e-01
8.690000e-01 4.491970e+00 2.143226e+00 2.495522e+00 9.897872e+00 8.586634e+03 1.645760e+04 1.94836 4.144226e-01
8.680000e-01 4.491970e+00 2.145178e+00 2.497810e+00 9.905251e+00 8.613331e+03 1.644351e+04 1.95075 4.154642e-01
8.670000e-01 4.491970e+00 2.145271e+00 2.497694e+00 9.907287e+00 8.646836e+03 1.643987e+04 1.9519 4.172891e-01
8.660000e-01 4.491970e+00 2.145610e+00 2.497840e+00 9.909900e+00 8.678975e+03 1.643511e+04 1.95372 4.190995e-01
8.650000e-01 4.491970e+00 2.147581e+00 2.500152e+00 9.917347e+00 8.705062e+03 1.642096e+04 1.95618 4.201164e-01
8.640000e-01 4.491970e+00 2.147660e+00 2.500019e+00 9.919384e+00 8.738041e+03 1.641738e+04 1.95729 4.219151e-01
8.630000e-01 4.491970e+00 2.147982e+00 2.500143e+00 9.921996e+00 8.769570e+03 1.641267e+04 1.95907 4.236949e-01
8.620000e-01 4.491970e+00 2.149980e+00 2.502483e+00 9.929508e+00 8.794919e+03 1.639846e+04 1.96163 4.246850e-01
8.610000e-01 4.491970e+00 2.150047e+00 2.502333e+00 9.931554e+00 8.827484e+03 1.639492e+04 1.96271 4.264655e-01
8.600000e-01 4.491970e+00 2.150375e+00 2.502463e+00 9.934201e+00 8.858727e+03 1.639021e+04 1.96451 4.282372e-01
8.590000e-01 4.491970e+00 2.152393e+00 2.504830e+00 9.941815e+00 8.883798e+03 1.637586e+04 1.96712 4.292140e-01
8.580000e-01 4.491970e+00 2.152464e+00 2.504686e+00 9.943891e+00 8.916140e+03 1.637232e+04 1.96821 4.309871e-01
8.570000e-01 4.491970e+00 2.152792e+00 2.504816e+00 9.946563e+00 8.947110e+03 1.636761e+04 1.97001 4.327478e-01
8.560000e-01 4.491970e+00 2.154829e+00 2.507206e+00 9.954264e+00 8.971787e+03 1.635315e+04 1.97267 4.337053e-01
8.550000e-01 4.491970e+00 2.154896e+00 2.507060e+00 9.956355e+00 9.003768e+03 1.634963e+04 1.97375 4.354618e-01
8.540000e-01 4.491970e+00 2.155216e+00 2.507181e+00 9.959038e+00 9.034311e+03 1.634495e+04 1.97552 4.372018e-01
8.530000e-01 4.491970e+00 2.157273e+00 2.509597e+00 9.966808e+00 9.058456e+03 1.633041e+04 1.97824 4.381378e-01
8.520000e-01 4.491970e+00 2.157334e+00 2.509445e+00 9.968912e+00 9.090081e+03 1.632692e+04 1.9793 4.398782e-01
8.510000e-01 4.491970e+00 2.157654e+00 2.509567e+00 9.971617e+00 9.120307e+03 1.632225e+04 1.98108 4.416055e-01
8.500000e-01 4.491970e+00 2.159730e+00 2.512006e+00 9.979468e+00 9.144034e+03 1.630760e+04 1.98386 4.425232e-01
8.490000e-01 4.491970e+00 2.159784e+00 2.511847e+00 9.981585e+00 9.175304e+03 1.630414e+04 1.9849 4.442473e-01
8.480000e-01 4.491970e+00 2.161359e+00 2.513599e+00 9.987936e+00 9.200399e+03 1.629242e+04 1.98759 4.454179e-01
8.470000e-01 4.491970e+00 2.161411e+00 2.513440e+00 9.990070e+00 9.231348e+03 1.628895e+04 1.98862 4.471261e-01
8.460000e-01 4.491970e+00 2.163000e+00 2.515208e+00 9.996462e+00 9.255992e+03 1.627720e+04 1.99136 4.482767e-01
8.450000e-01 4.491970e+00 2.163036e+00 2.515028e+00 9.998589e+00 9.286578e+03 1.627377e+04 1.99235 4.499670e-01
8.440000e-01 4.491970e+00 2.164638e+00 2.516812e+00 1.000503e+01 9.310912e+03 1.626196e+04 1.99513 4.511063e-01
8.430000e-01 4.491970e+00 2.164674e+00 2.516630e+00 1.000717e+01 9.341385e+03 1.625853e+04 1.99612 4.527944e-01
8.420000e-01 4.491970e+00 2.166287e+00 2.518426e+00 1.001367e+01 9.365562e+03 1.624664e+04 1.99892 4.539260e-01
8.410000e-01 4.491970e+00 2.166323e+00 2.518248e+00 1.001584e+01 9.395906e+03 1.624321e+04 1.99993 4.556102e-01
8.400000e-01 4.491970e+00 2.167988e+00 2.520115e+00 1.002247e+01 9.419844e+03 1.623111e+04 2.00279 4.567219e-01
8.390000e-01 4.491970e+00 2.167995e+00 2.519898e+00 1.002460e+01 9.450052e+03 1.622777e+04 2.00376 4.584059e-01
8.380000e-01 4.491970e+00 2.169653e+00 2.521754e+00 1.003124e+01 9.473732e+03 1.621566e+04 2.00663 4.595090e-01
8.370000e-01 4.491970e+00 2.169653e+00 2.521529e+00 1.003337e+01 9.503687e+03 1.621234e+04 2.00758 4.611812e-01
8.360000e-01 4.491970e+00 2.171321e+00 2.523397e+00 1.004006e+01 9.527062e+03 1.620020e+04 2.01048 4.622714e-01
8.350000e-01 4.491970e+00 2.171317e+00 2.523168e+00 1.004220e+01 9.556832e+03 1.619689e+04 2.01142 4.639360e-01
8.340000e-01 4.491970e+00 2.172994e+00 2.525048e+00 1.004893e+01 9.579988e+03 1.618468e+04 2.01434 4.650167e-01
8.330000e-01 4.491970e+00 2.172986e+00 2.524815e+00 1.005108e+01 9.609579e+03 1.618138e+04 2.01528 4.666739e-01
8.320000e-01 4.491970e+00 2.174672e+00 2.526706e+00 1.005786e+01 9.632444e+03 1.616912e+04 2.01822 4.677415e-01
8.310000e-01 4.491970e+00 2.174655e+00 2.526463e+00 1.006001e+01 9.661794e+03 1.616583e+04 2.01914 4.693878e-01
8.300000e-01 4.491970e+00 2.176351e+00 2.528365e+00 1.006683e+01 9.684331e+03 1.615353e+04 2.02212 4.704411e-01
8.290000e-01 4.491970e+00 2.177161e+00 2.529157e+00 1.007127e+01 9.710049e+03 1.614582e+04 2.02402 4.717833e-01
8.280000e-01 4.491970e+00 2.177998e+00 2.529981e+00 1.007577e+01 9.735540e+03 1.613802e+04 2.02597 4.731130e-01
8.270000e-01 4.491970e+00 2.178835e+00 2.530805e+00 1.008029e+01 9.760936e+03 1.613020e+04 2.02792 4.744391e-01
8.260000e-01 4.491970e+00 2.179675e+00 2.531634e+00 1.008483e+01 9.786286e+03 1.612236e+04 2.02988 4.757636e-01
8.250000e-01 4.491970e+00 2.180517e+00 2.532466e+00 1.008939e+01 9.811560e+03 1.611450e+04 2.03184 4.770852e-01
8.240000e-01 4.491970e+00 2.181362e+00 2.533301e+00 1.009397e+01 9.836766e+03 1.610660e+04 2.03381 4.784040e-01
8.230000e-01 4.491970e+00 2.182209e+00 2.534139e+00 1.009857e+01 9.861889e+03 1.609870e+04 2.03579 4.797193e-01
8.220000e-01 4.491970e+00 2.183100e+00 2.535038e+00 1.010327e+01 9.886870e+03 1.609062e+04 2.03781 4.810203e-01
8.210000e-01 4.491970e+00 2.183908e+00 2.535823e+00 1.010781e+01 9.911823e+03 1.608282e+04 2.03975 4.823360e-01
8.200000e-01 4.491970e+00 2.184799e+00 2.536724e+00 1.011253e+01 9.936549e+03 1.607474e+04 2.04178 4.836259e-01
8.190000e-01 4.491970e+00 2.185650e+00 2.537569e+00 1.011718e+01 9.961209e+03 1.606677e+04 2.04377 4.849206e-01
8.180000e-01 4.491970e+00 2.186502e+00 2.538415e+00 1.012185e+01 9.985789e+03 1.605879e+04 2.04577 4.862123e-01
8.170000e-01 4.491970e+00 2.187356e+00 2.539264e+00 1.012654e+01 1.001028e+04 1.605079e+04 2.04777 4.875005e-01
8.160000e-01 4.491970e+00 2.188211e+00 2.540114e+00 1.013124e+01 1.003466e+04 1.604278e+04 2.04977 4.887835e-01
8.150000e-01 4.491970e+00 2.189066e+00 2.540965e+00 1.013595e+01 1.005892e+04 1.603475e+04 2.05177 4.900609e-01
8.140000e-01 4.491970e+00 2.189921e+00 2.541817e+00 1.014067e+01 1.008304e+04 1.602671e+04 2.05378 4.913329e-01
8.130000e-01 4.491970e+00 2.190776e+00 2.542667e+00 1.014540e+01 1.010701e+04 1.601867e+04 2.05579 4.925977e-01
8.120000e-01 4.491970e+00 2.191628e+00 2.543514e+00 1.015014e+01 1.013079e+04 1.601062e+04 2.05779 4.938542e-01
8.110000e-01 4.491970e+00 2.192480e+00 2.544360e+00 1.015489e+01 1.015443e+04 1.600257e+04 2.0598 4.951043e-01
8.100000e-01 4.491970e+00 2.193333e+00 2.545206e+00 1.015966e+01 1.017800e+04 1.599449e+04 2.06181 4.963521e-01
8.090000e-01 4.491970e+00 2.194188e+00 2.546056e+00 1.016445e+01 1.020150e+04 1.598638e+04 2.06383 4.975974e-01
8.080000e-01 4.491970e+00 2.195046e+00 2.546909e+00 1.016926e+01 1.022495e+04 1.597824e+04 2.06586 4.988404e-01
8.070000e-01 4.491970e+00 2.195905e+00 2.547765e+00 1.017409e+01 1.024832e+04 1.597007e+04 2.06789 5.000806e-01
8.060000e-01 4.491970e+00 2.196767e+00 2.548623e+00 1.017894e+01 1.027162e+04 1.596189e+04 2.06992 5.013173e-01
8.050000e-01 4.491970e+00 2.197629e+00 2.549483e+00 1.018381e+01 1.029482e+04 1.595368e+04 2.07196 5.025501e-01
8.040000e-01 4.491970e+00 2.198492e+00 2.550345e+00 1.018868e+01 1.031790e+04 1.594545e+04 2.07401 5.037774e-01
8.030000e-01 4.491970e+00 2.199355e+00 2.551206e+00 1.019358e+01 1.034086e+04 1.593722e+04 2.07605 5.049996e-01
8.020000e-01 4.491970e+00 2.200219e+00 2.552069e+00 1.019848e+01 1.036374e+04 1.592896e+04 2.0781 5.062180e-01
8.010000e-01 4.491970e+00 2.201085e+00 2.552935e+00 1.020341e+01 1.038654e+04 1.592067e+04 2.08015 5.074334e-01
8.000000e-01 4.491970e+00 2.201952e+00 2.553803e+00 1.020836e+01 1.040925e+04 1.591237e+04 2.08221 5.086449e-01
7.990000e-01 4.491970e+00 2.202819e+00 2.554670e+00 1.021331e+01 1.043184e+04 1.590404e+04 2.08426 5.098513e-01
7.980000e-01 4.491970e+00 2.203686e+00 2.555538e+00 1.021829e+01 1.045431e+04 1.589571e+04 2.08632 5.110522e-01
7.970000e-01 4.491970e+00 2.204553e+00 2.556407e+00 1.022327e+01 1.047667e+04 1.588735e+04 2.08839 5.122479e-01
7.960000e-01 4.491970e+00 2.205418e+00 2.557273e+00 1.022826e+01 1.049885e+04 1.587900e+04 2.09045 5.134357e-01
7.950000e-01 4.491970e+00 2.206282e+00 2.558136e+00 1.023326e+01 1.052087e+04 1.587063e+04 2.09251 5.146165e-01
7.940000e-01 4.491970e+00 2.207146e+00 2.558998e+00 1.023827e+01 1.054279e+04 1.586224e+04 2.09457 5.157931e-01
7.930000e-01 4.491970e+00 2.208011e+00 2.559863e+00 1.024331e+01 1.056465e+04 1.585383e+04 2.09664 5.169678e-01
7.920000e-01 4.491970e+00 2.208878e+00 2.560730e+00 1.024837e+01 1.058645e+04 1.584537e+04 2.09871 5.181400e-01
7.910000e-01 4.491970e+00 2.209747e+00 2.561601e+00 1.025345e+01 1.060819e+04 1.583689e+04 2.10079 5.193098e-01
7.900000e-01 4.491970e+00 2.210618e+00 2.562473e+00 1.025855e+01 1.062985e+04 1.582838e+04 2.10288 5.204764e-01
7.890000e-01 4.491970e+00 2.211490e+00 2.563348e+00 1.026367e+01 1.065144e+04 1.581984e+04 2.10497 5.216396e-01
7.880000e-01 4.491970e+00 2.212362e+00 2.564224e+00 1.026881e+01 1.067291e+04 1.581128e+04 2.10706 5.227980e-01
7.870000e-01 4.491970e+00 2.213235e+00 2.565100e+00 1.027396e+01 1.069428e+04 1.580270e+04 2.10915 5.239514e-01
7.860000e-01 4.491970e+00 2.214107e+00 2.565977e+00 1.027913e+01 1.071554e+04 1.579410e+04 2.11124 5.251007e-01
7.850000e-01 4.491970e+00 2.214981e+00 2.566855e+00 1.028431e+01 1.073675e+04 1.578547e+04 2.11334 5.262473e-01
7.840000e-01 4.491970e+00 2.215857e+00 2.567736e+00 1.028952e+01 1.075786e+04 1.577682e+04 2.11545 5.273903e-01
7.830000e-01 4.491970e+00 2.216774e+00 2.568676e+00 1.029483e+01 1.077883e+04 1.576799e+04 2.1176 5.285173e-01
7.820000e-01 4.491970e+00 2.217650e+00 2.569560e+00 1.030007e+01 1.079973e+04 1.575929e+04 2.1197 5.296502e-01
7.810000e-01 4.491970e+00 2.218526e+00 2.570442e+00 1.030532e+01 1.082051e+04 1.575057e+04 2.12181 5.307783e-01
7.800000e-01 4.491970e+00 2.219399e+00 2.571321e+00 1.031058e+01 1.084114e+04 1.574185e+04 2.12392 5.318994e-01
7.790000e-01 4.491970e+00 2.220271e+00 2.572197e+00 1.031585e+01 1.086161e+04 1.573311e+04 2.12603 5.330134e-01
7.780000e-01 4.491970e+00 2.221142e+00 2.573073e+00 1.032113e+01 1.088198e+04 1.572435e+04 2.12813 5.341231e-01
7.770000e-01 4.491970e+00 2.222014e+00 2.573950e+00 1.032643e+01 1.090228e+04 1.571556e+04 2.13025 5.352303e-01
7.760000e-01 4.491970e+00 2.222888e+00 2.574829e+00 1.033177e+01 1.092252e+04 1.570673e+04 2.13236 5.363352e-01
7.750000e-01 4.491970e+00 2.223763e+00 2.575711e+00 1.033712e+01 1.094270e+04 1.569786e+04 2.13449 5.374376e-01
7.740000e-01 4.491970e+00 2.224640e+00 2.576595e+00 1.034250e+01 1.096281e+04 1.568897e+04 2.13662 5.385371e-01
7.730000e-01 4.491970e+00 2.225519e+00 2.577482e+00 1.034790e+01 1.098284e+04 1.568004e+04 2.13875 5.396333e-01
7.720000e-01 4.491970e+00 2.226397e+00 2.578368e+00 1.035331e+01 1.100276e+04 1.567108e+04 2.14088 5.407248e-01
7.710000e-01 4.491970e+00 2.227275e+00 2.579256e+00 1.035874e+01 1.102258e+04 1.566211e+04 2.14302 5.418116e-01
7.700000e-01 4.491970e+00 2.228153e+00 2.580144e+00 1.036419e+01 1.104231e+04 1.565311e+04 2.14515 5.428946e-01
7.690000e-01 4.491970e+00 2.229032e+00 2.581033e+00 1.036966e+01 1.106197e+04 1.564407e+04 2.14729 5.439748e-01
7.680000e-01 4.491970e+00 2.229912e+00 2.581925e+00 1.037515e+01 1.108155e+04 1.563501e+04 2.14944 5.450514e-01
7.670000e-01 4.491970e+00 2.230792e+00 2.582817e+00 1.038066e+01 1.110103e+04 1.562592e+04 2.15159 5.461236e-01
7.660000e-01 4.491970e+00 2.231672e+00 2.583709e+00 1.038619e+01 1.112040e+04 1.561681e+04 2.15373 5.471908e-01
7.650000e-01 4.491970e+00 2.232552e+00 2.584600e+00 1.039173e+01 1.113965e+04 1.560768e+04 2.15588 5.482531e-01
7.640000e-01 4.491970e+00 2.233429e+00 2.585489e+00 1.039728e+01 1.115876e+04 1.559853e+04 2.15803 5.493084e-01
7.630000e-01 4.491970e+00 2.234304e+00 2.586375e+00 1.040284e+01 1.117771e+04 1.558937e+04 2.16017 5.503572e-01
7.620000e-01 4.491970e+00 2.235178e+00 2.587260e+00 1.040841e+01 1.119657e+04 1.558019e+04 2.16232 5.514020e-01
7.610000e-01 4.491970e+00 2.236053e+00 2.588146e+00 1.041402e+01 1.121536e+04 1.557097e+04 2.16447 5.524444e-01
7.600000e-01 4.491970e+00 2.236930e+00 2.589034e+00 1.041964e+01 1.123409e+04 1.556171e+04 2.16663 5.534843e-01
7.590000e-01 4.491970e+00 2.237808e+00 2.589925e+00 1.042530e+01 1.125277e+04 1.555241e+04 2.16879 5.545219e-01
7.580000e-01 4.491970e+00 2.238687e+00 2.590817e+00 1.043098e+01 1.127136e+04 1.554307e+04 2.17096 5.555560e-01
7.570000e-01 4.491970e+00 2.239566e+00 2.591712e+00 1.043668e+01 1.128988e+04 1.553370e+04 2.17312 5.565869e-01
7.560000e-01 4.491970e+00 2.240446e+00 2.592606e+00 1.044239e+01 1.130829e+04 1.552430e+04 2.17529 5.576131e-01
7.550000e-01 4.491970e+00 2.241324e+00 2.593499e+00 1.044813e+01 1.132659e+04 1.551487e+04 2.17746 5.586345e-01
7.540000e-01 4.491970e+00 2.242203e+00 2.594394e+00 1.045389e+01 1.134483e+04 1.550542e+04 2.17963 5.596529e-01
7.530000e-01 4.491970e+00 2.243083e+00 2.595291e+00 1.045967e+01 1.136299e+04 1.549592e+04 2.18181 5.606684e-01
7.520000e-01 4.491970e+00 2.243962e+00 2.596187e+00 1.046547e+01 1.138106e+04 1.548639e+04 2.18399 5.616795e-01
7.510000e-01 4.491970e+00 2.244842e+00 2.597085e+00 1.047129e+01 1.139904e+04 1.547683e+04 2.18616 5.626866e-01
7.500000e-01 4.491970e+00 2.245721e+00 2.597982e+00 1.047713e+01 1.141690e+04 1.546725e+04 2.18834 5.636886e-01
7.490000e-01 4.491970e+00 2.246638e+00 2.598934e+00 1.048307e+01 1.143459e+04 1.545751e+04 2.19056 5.646730e-01
7.480000e-01 4.491970e+00 2.247514e+00 2.599827e+00 1.048894e+01 1.145219e+04 1.544788e+04 2.19274 5.656623e-01
7.470000e-01 4.491970e+00 2.248387e+00 2.600716e+00 1.049481e+01 1.146964e+04 1.543824e+04 2.19491 5.666460e-01
7.460000e-01 4.491970e+00 2.249259e+00 2.601605e+00 1.050071e+01 1.148703e+04 1.542857e+04 2.19709 5.676271e-01
7.450000e-01 4.491970e+00 2.250132e+00 2.602495e+00 1.050664e+01 1.150435e+04 1.541885e+04 2.19926 5.686053e-01
7.440000e-01 4.491970e+00 2.251006e+00 2.603386e+00 1.051259e+01 1.152161e+04 1.540908e+04 2.20145 5.695807e-01
7.430000e-01 4.491970e+00 2.251881e+00 2.604280e+00 1.051857e+01 1.153881e+04 1.539927e+04 2.20363 5.705537e-01
7.420000e-01 4.491970e+00 2.252756e+00 2.605175e+00 1.052458e+01 1.155592e+04 1.538942e+04 2.20582 5.715231e-01
7.410000e-01 4.491970e+00 2.253630e+00 2.606069e+00 1.053061e+01 1.157294e+04 1.537954e+04 2.20801 5.724882e-01
7.400000e-01 4.491970e+00 2.254504e+00 2.606964e+00 1.053665e+01 1.158986e+04 1.536962e+04 2.2102 5.734487e-01
7.390000e-01 4.491970e+00 2.255377e+00 2.607857e+00 1.054272e+01 1.160669e+04 1.535967e+04 2.21239 5.744051e-01
7.380000e-01 4.491970e+00 2.256251e+00 2.608753e+00 1.054881e+01 1.162346e+04 1.534968e+04 2.21458 5.753590e-01
7.370000e-01 4.491970e+00 2.257124e+00 2.609648e+00 1.055493e+01 1.164014e+04 1.533964e+04 2.21677 5.763088e-01
7.360000e-01 4.491970e+00 2.257997e+00 2.610543e+00 1.056107e+01 1.165673e+04 1.532957e+04 2.21896 5.772543e-01
7.350000e-01 4.491970e+00 2.258868e+00 2.611438e+00 1.056723e+01 1.167322e+04 1.531947e+04 2.22115 5.781951e-01
7.340000e-01 4.491970e+00 2.259738e+00 2.612330e+00 1.057340e+01 1.168959e+04 1.530934e+04 2.22334 5.791307e-01
7.330000e-01 4.491970e+00 2.260605e+00 2.613219e+00 1.057959e+01 1.170582e+04 1.529919e+04 2.22553 5.800597e-01
7.320000e-01 4.491970e+00 2.261469e+00 2.614104e+00 1.058578e+01 1.172192e+04 1.528902e+04 2.22771 5.809825e-01
7.310000e-01 4.491970e+00 2.262332e+00 2.614987e+00 1.059200e+01 1.173792e+04 1.527881e+04 2.22989 5.819012e-01
7.300000e-01 4.491970e+00 2.263194e+00 2.615871e+00 1.059825e+01 1.175386e+04 1.526855e+04 2.23207 5.828176e-01
7.290000e-01 4.491970e+00 2.264057e+00 2.616755e+00 1.060452e+01 1.176974e+04 1.525824e+04 2.23426 5.837308e-01
7.280000e-01 4.491970e+00 2.264920e+00 2.617640e+00 1.061083e+01 1.178554e+04 1.524788e+04 2.23644 5.846410e-01
7.270000e-01 4.491970e+00 2.265783e+00 2.618526e+00 1.061716e+01 1.180128e+04 1.523748e+04 2.23863 5.855478e-01
7.260000e-01 4.491970e+00 2.266645e+00 2.619412e+00 1.062352e+01 1.181692e+04 1.522703e+04 2.24082 5.864506e-01
7.250000e-01 4.491970e+00 2.266323e+00 2.618915e+00 1.062613e+01 1.183843e+04 1.522397e+04 2.24154 5.878745e-01
7.240000e-01 4.491970e+00 2.268399e+00 2.621229e+00 1.063637e+01 1.184787e+04 1.520593e+04 2.24523 5.882335e-01
7.230000e-01 4.491970e+00 2.269224e+00 2.622064e+00 1.064273e+01 1.186330e+04 1.519545e+04 2.24737 5.891329e-01
7.220000e-01 4.491970e+00 2.268874e+00 2.621538e+00 1.064534e+01 1.188465e+04 1.519238e+04 2.24806 5.905544e-01
7.210000e-01 4.491970e+00 2.270974e+00 2.623881e+00 1.065573e+01 1.189376e+04 1.517408e+04 2.25179 5.908938e-01
7.200000e-01 4.491970e+00 2.270582e+00 2.623302e+00 1.065830e+01 1.191501e+04 1.517107e+04 2.25241 5.923164e-01
7.190000e-01 4.491970e+00 2.272683e+00 2.625642e+00 1.066874e+01 1.192386e+04 1.515266e+04 2.25615 5.926440e-01
7.180000e-01 4.491970e+00 2.272261e+00 2.625029e+00 1.067130e+01 1.194492e+04 1.514966e+04 2.25671 5.940599e-01
7.170000e-01 4.491970e+00 2.274381e+00 2.627390e+00 1.068182e+01 1.195345e+04 1.513114e+04 2.26049 5.943700e-01
7.160000e-01 4.491970e+00 2.273931e+00 2.626743e+00 1.068436e+01 1.197434e+04 1.512814e+04 2.26101 5.957806e-01
7.150000e-01 4.491970e+00 2.276070e+00 2.629128e+00 1.069498e+01 1.198264e+04 1.510946e+04 2.26483 5.960784e-01
7.140000e-01 4.491970e+00 2.275604e+00 2.628465e+00 1.069754e+01 1.200346e+04 1.510644e+04 2.26532 5.974901e-01
7.130000e-01 4.491970e+00 2.277757e+00 2.630867e+00 1.070827e+01 1.201156e+04 1.508755e+04 2.26916 5.977743e-01
7.120000e-01 4.491970e+00 2.277276e+00 2.630189e+00 1.071084e+01 1.203228e+04 1.508452e+04 2.26964 5.991861e-01
7.110000e-01 4.491970e+00 2.279442e+00 2.632606e+00 1.072168e+01 1.204016e+04 1.506545e+04 2.2735 5.994559e-01
7.100000e-01 4.491970e+00 2.278937e+00 2.631902e+00 1.072425e+01 1.206076e+04 1.506242e+04 2.27394 6.008647e-01
7.090000e-01 4.491970e+00 2.278810e+00 2.631493e+00 1.072754e+01 1.207921e+04 1.505783e+04 2.27556 6.022806e-01
7.080000e-01 4.491970e+00 2.281978e+00 2.635238e+00 1.074203e+01 1.208234e+04 1.503190e+04 2.28001 6.019392e-01
7.070000e-01 4.491970e+00 2.281430e+00 2.634483e+00 1.074458e+01 1.210280e+04 1.502889e+04 2.2804 6.033504e-01
7.060000e-01 4.491970e+00 2.281273e+00 2.634040e+00 1.074788e+01 1.212108e+04 1.502428e+04 2.28198 6.047648e-01
7.050000e-01 4.491970e+00 2.284482e+00 2.637833e+00 1.076258e+01 1.212375e+04 1.499801e+04 2.2865 6.043926e-01
7.040000e-01 4.491970e+00 2.283893e+00 2.637033e+00 1.076512e+01 1.214400e+04 1.499500e+04 2.28681 6.057982e-01
7.030000e-01 4.491970e+00 2.283700e+00 2.636547e+00 1.076842e+01 1.216201e+04 1.499038e+04 2.28833 6.072032e-01
7.020000e-01 4.491970e+00 2.286961e+00 2.640402e+00 1.078331e+01 1.216411e+04 1.496382e+04 2.29294 6.067969e-01
7.010000e-01 4.491970e+00 2.286326e+00 2.639548e+00 1.078583e+01 1.218410e+04 1.496083e+04 2.29318 6.081951e-01
7.000000e-01 4.491970e+00 2.286113e+00 2.639040e+00 1.078915e+01 1.220189e+04 1.495617e+04 2.29468 6.095956e-01
6.990000e-01 4.491970e+00 2.289419e+00 2.642950e+00 1.080428e+01 1.220360e+04 1.492923e+04 2.29936 6.091614e-01
6.980000e-01 4.491970e+00 2.288755e+00 2.642067e+00 1.080682e+01 1.222347e+04 1.492621e+04 2.29957 6.105618e-01
6.970000e-01 4.491970e+00 2.288513e+00 2.641525e+00 1.081016e+01 1.224111e+04 1.492152e+04 2.30103 6.119618e-01
6.960000e-01 4.491970e+00 2.291865e+00 2.645493e+00 1.082555e+01 1.224238e+04 1.489414e+04 2.30577 6.114933e-01
6.950000e-01 4.491970e+00 2.291162e+00 2.644567e+00 1.082809e+01 1.226207e+04 1.489110e+04 2.30592 6.128910e-01
6.940000e-01 4.491970e+00 2.290888e+00 2.643988e+00 1.083144e+01 1.227952e+04 1.488638e+04 2.30733 6.142869e-01
6.930000e-01 4.491970e+00 2.294293e+00 2.648021e+00 1.084708e+01 1.228034e+04 1.485858e+04 2.31215 6.137852e-01
6.920000e-01 4.491970e+00 2.293551e+00 2.647054e+00 1.084961e+01 1.229989e+04 1.485553e+04 2.31224 6.151824e-01
6.910000e-01 4.491970e+00 2.293245e+00 2.646437e+00 1.085297e+01 1.231715e+04 1.485076e+04 2.31361 6.165751e-01
6.900000e-01 4.491970e+00 2.296733e+00 2.650581e+00 1.086895e+01 1.231743e+04 1.482242e+04 2.31852 6.160235e-01
6.890000e-01 4.491970e+00 2.295926e+00 2.649534e+00 1.087143e+01 1.233677e+04 1.481943e+04 2.31851 6.174207e-01
6.880000e-01 4.491970e+00 2.295568e+00 2.648853e+00 1.087476e+01 1.235377e+04 1.481467e+04 2.31979 6.188062e-01
6.870000e-01 4.491970e+00 2.299104e+00 2.653050e+00 1.089092e+01 1.235350e+04 1.478604e+04 2.32479 6.182207e-01
6.860000e-01 4.491970e+00 2.298248e+00 2.651946e+00 1.089338e+01 1.237263e+04 1.478304e+04 2.32469 6.196140e-01
6.850000e-01 4.491970e+00 2.297864e+00 2.651235e+00 1.089673e+01 1.238944e+04 1.477824e+04 2.32595 6.209972e-01
6.840000e-01 4.491970e+00 2.301448e+00 2.655491e+00 1.091316e+01 1.238876e+04 1.474913e+04 2.33101 6.203780e-01
6.830000e-01 4.491970e+00 2.300554e+00 2.654346e+00 1.091563e+01 1.240777e+04 1.474611e+04 2.33086 6.217732e-01
6.820000e-01 4.491970e+00 2.300133e+00 2.653592e+00 1.091899e+01 1.242442e+04 1.474126e+04 2.33205 6.231555e-01
6.810000e-01 4.491970e+00 2.303768e+00 2.657912e+00 1.093572e+01 1.242326e+04 1.471165e+04 2.33717 6.224960e-01
6.800000e-01 4.491970e+00 2.302825e+00 2.656712e+00 1.093817e+01 1.244209e+04 1.470861e+04 2.33695 6.238892e-01
6.790000e-01 4.491970e+00 2.302370e+00 2.655919e+00 1.094154e+01 1.245857e+04 1.470372e+04 2.33809 6.252686e-01
6.780000e-01 4.491970e+00 2.306060e+00 2.660307e+00 1.095855e+01 1.245694e+04 1.467364e+04 2.34328 6.245708e-01
6.770000e-01 4.491970e+00 2.305072e+00 2.659058e+00 1.096101e+01 1.247562e+04 1.467057e+04 2.34298 6.259640e-01
6.760000e-01 4.491970e+00 2.304576e+00 2.658219e+00 1.096438e+01 1.249190e+04 1.466564e+04 2.34406 6.273393e-01
6.750000e-01 4.491970e+00 2.308354e+00 2.662721e+00 1.098175e+01 1.248967e+04 1.463500e+04 2.34935 6.265875e-01
6.740000e-01 4.491970e+00 2.307294e+00 2.661383e+00 1.098413e+01 1.250813e+04 1.463200e+04 2.34894 6.279802e-01
6.730000e-01 4.491970e+00 2.306747e+00 2.660480e+00 1.098748e+01 1.252413e+04 1.462708e+04 2.34994 6.293483e-01
6.720000e-01 4.491970e+00 2.310576e+00 2.665043e+00 1.100507e+01 1.252138e+04 1.459612e+04 2.35532 6.285630e-01
6.710000e-01 4.491970e+00 2.309467e+00 2.663650e+00 1.100744e+01 1.253967e+04 1.459311e+04 2.35483 6.299559e-01
6.700000e-01 4.491970e+00 2.308888e+00 2.662712e+00 1.101082e+01 1.255552e+04 1.458813e+04 2.35579 6.313252e-01
6.690000e-01 4.491970e+00 2.312766e+00 2.667337e+00 1.102873e+01 1.255231e+04 1.455663e+04 2.36122 6.304991e-01
6.680000e-01 4.491970e+00 2.311610e+00 2.665892e+00 1.103111e+01 1.257046e+04 1.455358e+04 2.36067 6.318939e-01
6.670000e-01 4.491970e+00 2.310987e+00 2.664903e+00 1.103449e+01 1.258614e+04 1.454856e+04 2.36156 6.332612e-01
6.660000e-01 4.491970e+00 2.314922e+00 2.669597e+00 1.105271e+01 1.258240e+04 1.451653e+04 2.36705 6.323895e-01
6.650000e-01 4.491970e+00 2.313711e+00 2.668090e+00 1.105507e+01 1.260040e+04 1.451347e+04 2.3664 6.337844e-01
6.640000e-01 4.491970e+00 2.316363e+00 2.671119e+00 1.106895e+01 1.260196e+04 1.448934e+04 2.3709 6.336144e-01
6.630000e-01 4.491970e+00 2.315106e+00 2.669557e+00 1.107127e+01 1.261986e+04 1.448630e+04 2.37018 6.350128e-01
6.620000e-01 4.491970e+00 2.317762e+00 2.672590e+00 1.108525e+01 1.262116e+04 1.446200e+04 2.37469 6.348263e-01
6.610000e-01 4.491970e+00 2.316462e+00 2.670978e+00 1.108755e+01 1.263892e+04 1.445896e+04 2.3739 6.362224e-01
6.600000e-01 4.491970e+00 2.319139e+00 2.674034e+00 1.110165e+01 1.263989e+04 1.443446e+04 2.37842 6.360125e-01
6.590000e-01 4.491970e+00 2.317792e+00 2.672367e+00 1.110392e+01 1.265747e+04 1.443143e+04 2.37755 6.374036e-01
6.580000e-01 4.491970e+00 2.320491e+00 2.675451e+00 1.111815e+01 1.265814e+04 1.440672e+04 2.3821 6.371736e-01
6.570000e-01 4.491970e+00 2.319110e+00 2.673745e+00 1.112043e+01 1.267565e+04 1.440366e+04 2.38118 6.385677e-01
6.560000e-01 4.491970e+00 2.321827e+00 2.676852e+00 1.113483e+01 1.267606e+04 1.437866e+04 2.38575 6.383164e-01
6.550000e-01 4.491970e+00 2.320410e+00 2.675107e+00 1.113711e+01 1.269348e+04 1.437558e+04 2.38477 6.397132e-01
6.540000e-01 4.491970e+00 2.323145e+00 2.678238e+00 1.115169e+01 1.269361e+04 1.435029e+04 2.38935 6.394389e-01
6.530000e-01 4.491970e+00 2.321691e+00 2.676452e+00 1.115395e+01 1.271092e+04 1.434720e+04 2.38831 6.408354e-01
6.520000e-01 4.491970e+00 2.324474e+00 2.679650e+00 1.116878e+01 1.271068e+04 1.432153e+04 2.39293 6.405268e-01
6.510000e-01 4.491970e+00 2.322968e+00 2.677800e+00 1.117100e+01 1.272792e+04 1.431847e+04 2.39183 6.419305e-01
6.500000e-01 4.491970e+00 2.325756e+00 2.681002e+00 1.118595e+01 1.272744e+04 1.429259e+04 2.39645 6.416059e-01
6.490000e-01 4.491970e+00 2.324206e+00 2.679103e+00 1.118816e+01 1.274457e+04 1.428953e+04 2.39527 6.430103e-01
6.480000e-01 4.491970e+00 2.327014e+00 2.682331e+00 1.120328e+01 1.274377e+04 1.426340e+04 2.39991 6.426613e-01
6.470000e-01 4.491970e+00 2.325420e+00 2.680381e+00 1.120546e+01 1.276076e+04 1.426033e+04 2.39865 6.440633e-01
6.460000e-01 4.491970e+00 2.328246e+00 2.683631e+00 1.122071e+01 1.275961e+04 1.423399e+04 2.40331 6.436897e-01
6.450000e-01 4.491970e+00 2.326603e+00 2.681621e+00 1.122286e+01 1.277643e+04 1.423093e+04 2.40196 6.450879e-01
6.440000e-01 4.491970e+00 2.329451e+00 2.684900e+00 1.123827e+01 1.277499e+04 1.420436e+04 2.40664 6.446925e-01
6.430000e-01 4.491970e+00 2.327766e+00 2.682843e+00 1.124042e+01 1.279174e+04 1.420127e+04 2.40524 6.460946e-01
6.420000e-01 4.491970e+00 2.330634e+00 2.686147e+00 1.125602e+01 1.279001e+04 1.417436e+04 2.40992 6.456739e-01
6.410000e-01 4.491970e+00 2.328906e+00 2.684041e+00 1.125816e+01 1.280668e+04 1.417125e+04 2.40845 6.470788e-01
6.400000e-01 4.491970e+00 2.331792e+00 2.687369e+00 1.127396e+01 1.280464e+04 1.414401e+04 2.41313 6.466313e-01
6.390000e-01 4.491970e+00 2.330020e+00 2.685214e+00 1.127609e+01 1.282120e+04 1.414088e+04 2.41158 6.480360e-01
6.380000e-01 4.491970e+00 2.332953e+00 2.688608e+00 1.129215e+01 1.281879e+04 1.411323e+04 2.41631 6.475511e-01
6.370000e-01 4.491970e+00 2.331123e+00 2.686383e+00 1.129423e+01 1.283528e+04 1.411013e+04 2.41467 6.489634e-01
6.360000e-01 4.491970e+00 2.334061e+00 2.689781e+00 1.131044e+01 1.283260e+04 1.408224e+04 2.41939 6.484591e-01
6.350000e-01 4.491970e+00 2.334615e+00 2.690370e+00 1.131968e+01 1.283931e+04 1.406658e+04 2.42091 6.488987e-01
6.340000e-01 4.491970e+00 2.335153e+00 2.690941e+00 1.132893e+01 1.284593e+04 1.405091e+04 2.42241 6.493356e-01
6.330000e-01 4.491970e+00 2.335682e+00 2.691501e+00 1.133820e+01 1.285242e+04 1.403519e+04 2.42388 6.497652e-01
6.320000e-01 4.491970e+00 2.336202e+00 2.692050e+00 1.134749e+01 1.285878e+04 1.401942e+04 2.42534 6.501873e-01
6.310000e-01 4.491970e+00 2.336715e+00 2.692592e+00 1.135683e+01 1.286504e+04 1.400358e+04 2.42677 6.506033e-01
6.300000e-01 4.491970e+00 2.337220e+00 2.693124e+00 1.136622e+01 1.287120e+04 1.398763e+04 2.42819 6.510133e-01
6.290000e-01 4.491970e+00 2.337718e+00 2.693650e+00 1.137567e+01 1.287726e+04 1.397158e+04 2.42959 6.514166e-01
6.280000e-01 4.491970e+00 2.338209e+00 2.694169e+00 1.138517e+01 1.288323e+04 1.395543e+04 2.43096 6.518134e-01
6.270000e-01 4.491970e+00 2.338691e+00 2.694678e+00 1.139472e+01 1.288909e+04 1.393918e+04 2.43231 6.522030e-01
6.260000e-01 4.491970e+00 2.339166e+00 2.695180e+00 1.140431e+01 1.289484e+04 1.392286e+04 2.43364 6.525855e-01
6.250000e-01 4.491970e+00 2.339632e+00 2.695674e+00 1.141395e+01 1.290048e+04 1.390645e+04 2.43495 6.529612e-01
6.240000e-01 4.491970e+00 2.340092e+00 2.696160e+00 1.142364e+01 1.290602e+04 1.388994e+04 2.43624 6.533308e-01
6.230000e-01 4.491970e+00 2.340544e+00 2.696641e+00 1.143339e+01 1.291145e+04 1.387335e+04 2.43751 6.536938e-01
6.220000e-01 4.491970e+00 2.340989e+00 2.697114e+00 1.144318e+01 1.291677e+04 1.385669e+04 2.43876 6.540503e-01
6.210000e-01 4.491970e+00 2.341427e+00 2.697579e+00 1.145301e+01 1.292197e+04 1.383995e+04 2.43999 6.543996e-01
6.200000e-01 4.491970e+00 2.341886e+00 2.698079e+00 1.146297e+01 1.292698e+04 1.382304e+04 2.44123 6.547293e-01
6.190000e-01 4.491970e+00 2.342306e+00 2.698524e+00 1.147287e+01 1.293190e+04 1.380620e+04 2.44242 6.550625e-01
6.180000e-01 4.491970e+00 2.342716e+00 2.698958e+00 1.148281e+01 1.293672e+04 1.378929e+04 2.44358 6.553887e-01
6.170000e-01 4.491970e+00 2.343117e+00 2.699382e+00 1.149281e+01 1.294144e+04 1.377226e+04 2.44472 6.557083e-01
6.160000e-01 4.491970e+00 2.343510e+00 2.699797e+00 1.150287e+01 1.294605e+04 1.375513e+04 2.44583 6.560209e-01
6.150000e-01 4.491970e+00 2.343895e+00 2.700206e+00 1.151299e+01 1.295056e+04 1.373790e+04 2.44693 6.563269e-01
6.140000e-01 4.491970e+00 2.344272e+00 2.700605e+00 1.152317e+01 1.295496e+04 1.372057e+04 2.448 6.566257e-01
6.130000e-01 4.491970e+00 2.344640e+00 2.700997e+00 1.153340e+01 1.295924e+04 1.370315e+04 2.44904 6.569173e-01
6.120000e-01 4.491970e+00 2.345000e+00 2.701380e+00 1.154369e+01 1.296342e+04 1.368565e+04 2.45007 6.572017e-01
6.110000e-01 4.491970e+00 2.345351e+00 2.701752e+00 1.155403e+01 1.296747e+04 1.366805e+04 2.45106 6.574788e-01
6.100000e-01 4.491970e+00 2.345691e+00 2.702115e+00 1.156443e+01 1.297143e+04 1.365034e+04 2.45203 6.577483e-01
6.090000e-01 4.491970e+00 2.346022e+00 2.702468e+00 1.157488e+01 1.297526e+04 1.363254e+04 2.45297 6.580093e-01
6.080000e-01 4.491970e+00 2.346342e+00 2.702808e+00 1.158538e+01 1.297898e+04 1.361465e+04 2.45388 6.582617e-01
6.070000e-01 4.491970e+00 2.346651e+00 2.703137e+00 1.159592e+01 1.298257e+04 1.359669e+04 2.45476 6.585056e-01
6.060000e-01 4.491970e+00 2.346978e+00 2.703492e+00 1.160657e+01 1.298595e+04 1.357856e+04 2.45563 6.587286e-01
6.050000e-01 4.491970e+00 2.347268e+00 2.703798e+00 1.161718e+01 1.298928e+04 1.356048e+04 2.45646 6.589554e-01
6.040000e-01 4.491970e+00 2.347547e+00 2.704093e+00 1.162786e+01 1.299251e+04 1.354228e+04 2.45725 6.591759e-01
6.030000e-01 4.491970e+00 2.347818e+00 2.704378e+00 1.163861e+01 1.299561e+04 1.352398e+04 2.45803 6.593892e-01
6.020000e-01 4.491970e+00 2.348080e+00 2.704657e+00 1.164944e+01 1.299861e+04 1.350557e+04 2.45878 6.595955e-01
6.010000e-01 4.491970e+00 2.348332e+00 2.704923e+00 1.166032e+01 1.300150e+04 1.348705e+04 2.4595 6.597938e-01
6.000000e-01 4.491970e+00 2.348574e+00 2.705181e+00 1.167127e+01 1.300426e+04 1.346844e+04 2.46019 6.599841e-01
5.990000e-01 4.491970e+00 2.348807e+00 2.705429e+00 1.168227e+01 1.300691e+04 1.344974e+04 2.46086 6.601668e-01
5.980000e-01 4.491970e+00 2.349029e+00 2.705665e+00 1.169335e+01 1.300944e+04 1.343093e+04 2.4615 6.603416e-01
5.970000e-01 4.491970e+00 2.349242e+00 2.705893e+00 1.170449e+01 1.301186e+04 1.341202e+04 2.46211 6.605089e-01
5.960000e-01 4.491970e+00 2.349446e+00 2.706112e+00 1.171569e+01 1.301416e+04 1.339302e+04 2.4627 6.606683e-01
5.950000e-01 4.491970e+00 2.349638e+00 2.706318e+00 1.172694e+01 1.301633e+04 1.337394e+04 2.46325 6.608191e-01
5.940000e-01 4.491970e+00 2.349819e+00 2.706512e+00 1.173823e+01 1.301838e+04 1.335478e+04 2.46377 6.609609e-01
5.930000e-01 4.491970e+00 2.349988e+00 2.706690e+00 1.174956e+01 1.302028e+04 1.333557e+04 2.46426 6.610933e-01
5.920000e-01 4.491970e+00 2.350172e+00 2.706893e+00 1.176103e+01 1.302199e+04 1.331616e+04 2.46474 6.612048e-01
5.910000e-01 4.491970e+00 2.350317e+00 2.707046e+00 1.177250e+01 1.302366e+04 1.329672e+04 2.46515 6.613196e-01
5.900000e-01 4.491970e+00 2.350451e+00 2.707186e+00 1.178403e+01 1.302521e+04 1.327718e+04 2.46554 6.614262e-01
5.890000e-01 4.491970e+00 2.350575e+00 2.707316e+00 1.179565e+01 1.302665e+04 1.325751e+04 2.46589 6.615246e-01
5.880000e-01 4.491970e+00 2.350688e+00 2.707434e+00 1.180734e+01 1.302796e+04 1.323773e+04 2.46622 6.616146e-01
5.870000e-01 4.491970e+00 2.350791e+00 2.707544e+00 1.181910e+01 1.302915e+04 1.321787e+04 2.46651 6.616968e-01
5.860000e-01 4.491970e+00 2.350884e+00 2.707643e+00 1.183092e+01 1.303022e+04 1.319791e+04 2.46679 6.617713e-01
5.850000e-01 4.491970e+00 2.350967e+00 2.707731e+00 1.184283e+01 1.303117e+04 1.317784e+04 2.46703 6.618376e-01
5.840000e-01 4.491970e+00 2.351040e+00 2.707810e+00 1.185481e+01 1.303200e+04 1.315767e+04 2.46724 6.618960e-01
5.830000e-01 4.491970e+00 2.351102e+00 2.707878e+00 1.186685e+01 1.303271e+04 1.313740e+04 2.46742 6.619461e-01
5.820000e-01 4.491970e+00 2.351153e+00 2.707934e+00 1.187895e+01 1.303329e+04 1.311706e+04 2.46758 6.619875e-01
5.810000e-01 4.491970e+00 2.351193e+00 2.707977e+00 1.189110e+01 1.303373e+04 1.309666e+04 2.4677 6.620198e-01
5.800000e-01 4.491970e+00 2.351220e+00 2.708003e+00 1.190329e+01 1.303404e+04 1.307620e+04 2.46778 6.620424e-01
5.790000e-01 4.491970e+00 2.351258e+00 2.708052e+00 1.191564e+01 1.303416e+04 1.305551e+04 2.46784 6.620439e-01
5.780000e-01 4.491970e+00 2.351260e+00 2.708050e+00 1.192800e+01 1.303421e+04 1.303479e+04 2.46785 6.620477e-01
5.770000e-01 4.491970e+00 2.351249e+00 2.708036e+00 1.194044e+01 1.303416e+04 1.301396e+04 2.46782 6.620426e-01
5.779806e-01 4.491970e+00 2.351704e+00 2.708690e+00 1.192967e+01 1.303296e+04 1.303235e+04 2.46824 6.618399e-01
