1.000000e+00 5.424750e-01 8.290823e-01 8.721999e-01 1.268574e+01 0.000000e+00 7.336794e+03 0 0.000000e+00
9.990000e-01 5.424750e-01 8.293921e-01 8.725564e-01 1.269108e+01 2.786882e+02 7.328645e+03 0.756559 3.487618e-02
9.980000e-01 5.424750e-01 8.297236e-01 8.729227e-01 1.269658e+01 4.062943e+02 7.323774e+03 0.765935 5.143434e-02
9.970000e-01 5.424750e-01 8.302464e-01 8.734746e-01 1.270438e+01 4.816046e+02 7.317584e+03 0.759077 6.034619e-02
9.960000e-01 5.424750e-01 8.305661e-01 8.738274e-01 1.270987e+01 5.654583e+02 7.313783e+03 0.763828 7.124181e-02
9.950000e-01 5.424750e-01 8.310802e-01 8.743687e-01 1.271769e+01 6.210350e+02 7.308209e+03 0.761297 7.788818e-02
9.940000e-01 5.424750e-01 8.313905e-01 8.747105e-01 1.272319e+01 6.878363e+02 7.304816e+03 0.764651 8.658153e-02
9.930000e-01 5.424750e-01 8.318973e-01 8.752423e-01 1.273103e+01 7.334038e+02 7.299517e+03 0.763428 9.205751e-02
9.920000e-01 5.424750e-01 8.322005e-01 8.755758e-01 1.273654e+01 7.906256e+02 7.296346e+03 0.76613 9.951875e-02
9.910000e-01 5.424750e-01 8.327054e-01 8.761048e-01 1.274444e+01 8.302826e+02 7.291186e+03 0.765533 1.043024e-01
9.900000e-01 5.424750e-01 8.330083e-01 8.764376e-01 1.274999e+01 8.813144e+02 7.288155e+03 0.767875 1.109711e-01
9.890000e-01 5.424750e-01 8.335211e-01 8.769751e-01 1.275798e+01 9.174358e+02 7.283061e+03 0.767638 1.153417e-01
9.880000e-01 5.424750e-01 8.338306e-01 8.773156e-01 1.276357e+01 9.640744e+02 7.280130e+03 0.769759 1.214497e-01
9.870000e-01 5.424750e-01 8.343528e-01 8.778636e-01 1.277162e+01 9.976499e+02 7.275086e+03 0.769752 1.255212e-01
9.860000e-01 5.424750e-01 8.346680e-01 8.782106e-01 1.277725e+01 1.040816e+03 7.272234e+03 0.771709 1.311860e-01
9.850000e-01 5.424750e-01 8.351964e-01 8.787659e-01 1.278534e+01 1.072193e+03 7.267241e+03 0.771875 1.349988e-01
9.840000e-01 5.424750e-01 8.355151e-01 8.791169e-01 1.279098e+01 1.112504e+03 7.264453e+03 0.773705 1.402994e-01
9.830000e-01 5.424750e-01 8.360472e-01 8.796763e-01 1.279910e+01 1.141924e+03 7.259509e+03 0.774006 1.438822e-01
9.820000e-01 5.424750e-01 8.363676e-01 8.800293e-01 1.280477e+01 1.179848e+03 7.256773e+03 0.775737 1.488791e-01
9.810000e-01 5.424750e-01 8.369025e-01 8.805919e-01 1.281291e+01 1.207581e+03 7.251867e+03 0.776146 1.522640e-01
9.800000e-01 5.424750e-01 8.372244e-01 8.809467e-01 1.281860e+01 1.243502e+03 7.249174e+03 0.777801 1.570069e-01
9.790000e-01 5.424750e-01 8.377633e-01 8.815137e-01 1.282679e+01 1.269860e+03 7.244293e+03 0.778299 1.602313e-01
9.780000e-01 5.424750e-01 8.380879e-01 8.818717e-01 1.283251e+01 1.304099e+03 7.241634e+03 0.779896 1.647614e-01
9.770000e-01 5.424750e-01 8.386308e-01 8.824432e-01 1.284073e+01 1.329283e+03 7.236771e+03 0.780466 1.678482e-01
9.760000e-01 5.424750e-01 8.389564e-01 8.828023e-01 1.284646e+01 1.362002e+03 7.234143e+03 0.782009 1.721861e-01
9.750000e-01 5.424750e-01 8.395002e-01 8.833747e-01 1.285470e+01 1.386005e+03 7.229304e+03 0.78264 1.751347e-01
9.740000e-01 5.424750e-01 8.398243e-01 8.837321e-01 1.286045e+01 1.417341e+03 7.226702e+03 0.784134 1.792979e-01
9.730000e-01 5.424750e-01 8.403667e-01 8.843027e-01 1.286869e+01 1.440199e+03 7.221887e+03 0.784818 1.821130e-01
9.720000e-01 5.424750e-01 8.406874e-01 8.846562e-01 1.287445e+01 1.470284e+03 7.219307e+03 0.786268 1.861187e-01
9.710000e-01 5.424750e-01 8.412282e-01 8.852247e-01 1.288271e+01 1.492101e+03 7.214507e+03 0.786999 1.888131e-01
9.700000e-01 5.424750e-01 8.415465e-01 8.855754e-01 1.288848e+01 1.521102e+03 7.211945e+03 0.788415 1.926834e-01
9.690000e-01 5.424750e-01 8.420889e-01 8.861454e-01 1.289679e+01 1.542121e+03 7.207145e+03 0.78919 1.952863e-01
9.680000e-01 5.424750e-01 8.424088e-01 8.864979e-01 1.290260e+01 1.570230e+03 7.204594e+03 0.790585 1.990459e-01
9.670000e-01 5.424750e-01 8.429559e-01 8.870730e-01 1.291097e+01 1.590672e+03 7.199781e+03 0.791397 2.015825e-01
9.660000e-01 5.424750e-01 8.432786e-01 8.874287e-01 1.291680e+01 1.617980e+03 7.197240e+03 0.792775 2.052429e-01
9.650000e-01 5.424750e-01 8.438304e-01 8.880089e-01 1.292523e+01 1.637889e+03 7.192416e+03 0.793619 2.077178e-01
9.640000e-01 5.424750e-01 8.441553e-01 8.883671e-01 1.293110e+01 1.664443e+03 7.189884e+03 0.79498 2.112846e-01
9.630000e-01 5.424750e-01 8.447109e-01 8.889515e-01 1.293958e+01 1.683822e+03 7.185053e+03 0.795854 2.136981e-01
9.620000e-01 5.424750e-01 8.450373e-01 8.893115e-01 1.294547e+01 1.709663e+03 7.182531e+03 0.797199 2.171766e-01
9.610000e-01 5.424750e-01 8.455958e-01 8.898991e-01 1.295398e+01 1.728516e+03 7.177696e+03 0.7981 2.195293e-01
9.600000e-01 5.424750e-01 8.459233e-01 8.902603e-01 1.295990e+01 1.753695e+03 7.175181e+03 0.799431 2.229259e-01
9.590000e-01 5.424750e-01 8.464851e-01 8.908515e-01 1.296846e+01 1.772066e+03 7.170340e+03 0.800359 2.252232e-01
9.580000e-01 5.424750e-01 8.468143e-01 8.912147e-01 1.297440e+01 1.796644e+03 7.167831e+03 0.801678 2.285457e-01
9.570000e-01 5.424750e-01 8.473799e-01 8.918101e-01 1.298300e+01 1.814586e+03 7.162982e+03 0.80263 2.307938e-01
9.560000e-01 5.424750e-01 8.477104e-01 8.921747e-01 1.298897e+01 1.838588e+03 7.160479e+03 0.803939 2.340452e-01
9.550000e-01 5.424750e-01 8.482780e-01 8.927723e-01 1.299760e+01 1.856066e+03 7.155629e+03 0.804912 2.362397e-01
9.540000e-01 5.424750e-01 8.486080e-01 8.931364e-01 1.300359e+01 1.879498e+03 7.153132e+03 0.806208 2.394209e-01
9.530000e-01 5.424750e-01 8.491762e-01 8.937345e-01 1.301224e+01 1.896485e+03 7.148284e+03 0.807202 2.415590e-01
9.520000e-01 5.424750e-01 8.495045e-01 8.940966e-01 1.301824e+01 1.919368e+03 7.145794e+03 0.808484 2.446727e-01
9.510000e-01 5.424750e-01 8.500725e-01 8.946942e-01 1.302692e+01 1.935864e+03 7.140947e+03 0.809497 2.467548e-01
9.500000e-01 5.424750e-01 8.503990e-01 8.950544e-01 1.303293e+01 1.958240e+03 7.138461e+03 0.810768 2.498068e-01
9.490000e-01 5.424750e-01 8.509685e-01 8.956535e-01 1.304164e+01 1.974333e+03 7.133608e+03 0.811802 2.518435e-01
9.480000e-01 5.424750e-01 8.512960e-01 8.960147e-01 1.304768e+01 1.996283e+03 7.131122e+03 0.813068 2.548443e-01
9.470000e-01 5.424750e-01 8.518693e-01 8.966179e-01 1.305646e+01 2.012085e+03 7.126250e+03 0.814122 2.568485e-01
9.460000e-01 5.424750e-01 8.521988e-01 8.969815e-01 1.306253e+01 2.033646e+03 7.123764e+03 0.815385 2.598026e-01
9.450000e-01 5.424750e-01 8.527763e-01 8.975892e-01 1.307136e+01 2.049180e+03 7.118873e+03 0.816457 2.617763e-01
9.440000e-01 5.424750e-01 8.531076e-01 8.979548e-01 1.307746e+01 2.070363e+03 7.116387e+03 0.817717 2.646850e-01
9.430000e-01 5.424750e-01 8.536887e-01 8.985665e-01 1.308635e+01 2.085624e+03 7.111481e+03 0.818806 2.666277e-01
9.420000e-01 5.424750e-01 8.540214e-01 8.989338e-01 1.309248e+01 2.106440e+03 7.108996e+03 0.820063 2.694921e-01
9.410000e-01 5.424750e-01 8.546056e-01 8.995489e-01 1.310140e+01 2.121421e+03 7.104078e+03 0.821168 2.714031e-01
9.400000e-01 5.424750e-01 8.549393e-01 8.999173e-01 1.310756e+01 2.141884e+03 7.101593e+03 0.822422 2.742252e-01
9.390000e-01 5.424750e-01 8.555268e-01 9.005360e-01 1.311653e+01 2.156600e+03 7.096661e+03 0.823544 2.761062e-01
9.380000e-01 5.424750e-01 8.558619e-01 9.009060e-01 1.312272e+01 2.176733e+03 7.094174e+03 0.824795 2.788888e-01
9.370000e-01 5.424750e-01 8.564529e-01 9.015284e-01 1.313174e+01 2.191204e+03 7.089228e+03 0.825932 2.807422e-01
9.360000e-01 5.424750e-01 8.567889e-01 9.018996e-01 1.313795e+01 2.211013e+03 7.086741e+03 0.827181 2.834858e-01
9.350000e-01 5.424750e-01 8.573822e-01 9.025245e-01 1.314701e+01 2.225209e+03 7.081785e+03 0.828333 2.853080e-01
9.340000e-01 5.424750e-01 8.577179e-01 9.028953e-01 1.315324e+01 2.244685e+03 7.079299e+03 0.829576 2.880117e-01
9.330000e-01 5.424750e-01 8.583123e-01 9.035213e-01 1.316233e+01 2.258582e+03 7.074340e+03 0.830741 2.898000e-01
9.320000e-01 5.424750e-01 8.586467e-01 9.038907e-01 1.316858e+01 2.277730e+03 7.071855e+03 0.83198 2.924647e-01
9.310000e-01 5.424750e-01 8.592416e-01 9.045171e-01 1.317769e+01 2.291324e+03 7.066890e+03 0.833158 2.942188e-01
9.300000e-01 5.424750e-01 8.595748e-01 9.048851e-01 1.318395e+01 2.310167e+03 7.064404e+03 0.834392 2.968473e-01
9.290000e-01 5.424750e-01 8.601718e-01 9.055136e-01 1.319311e+01 2.323517e+03 7.059425e+03 0.835584 2.985746e-01
9.280000e-01 5.424750e-01 8.605059e-01 9.058826e-01 1.319940e+01 2.342102e+03 7.056935e+03 0.836818 3.011733e-01
9.270000e-01 5.424750e-01 8.611065e-01 9.065151e-01 1.320862e+01 2.355272e+03 7.051934e+03 0.838026 3.028808e-01
9.260000e-01 5.424750e-01 8.614423e-01 9.068860e-01 1.321495e+01 2.373618e+03 7.049439e+03 0.839261 3.054517e-01
9.250000e-01 5.424750e-01 8.620468e-01 9.075226e-01 1.322422e+01 2.386616e+03 7.044415e+03 0.840482 3.071401e-01
9.240000e-01 5.424750e-01 8.623839e-01 9.078951e-01 1.323058e+01 2.404725e+03 7.041917e+03 0.841718 3.096833e-01
9.230000e-01 5.424750e-01 8.629920e-01 9.085356e-01 1.323991e+01 2.417549e+03 7.036872e+03 0.842952 3.113521e-01
9.220000e-01 5.424750e-01 8.633301e-01 9.089093e-01 1.324630e+01 2.435425e+03 7.034369e+03 0.844188 3.138683e-01
9.210000e-01 5.424750e-01 8.639414e-01 9.095532e-01 1.325568e+01 2.448067e+03 7.029306e+03 0.845435 3.155168e-01
9.200000e-01 5.424750e-01 8.642804e-01 9.099280e-01 1.326210e+01 2.465717e+03 7.026799e+03 0.846672 3.180067e-01
9.190000e-01 5.424750e-01 8.648950e-01 9.105754e-01 1.327153e+01 2.478187e+03 7.021715e+03 0.847932 3.196359e-01
9.180000e-01 5.424750e-01 8.652351e-01 9.109515e-01 1.327798e+01 2.495621e+03 7.019203e+03 0.849169 3.221009e-01
9.170000e-01 5.424750e-01 8.658529e-01 9.116024e-01 1.328747e+01 2.507925e+03 7.014099e+03 0.850442 3.237115e-01
9.160000e-01 5.424750e-01 8.661934e-01 9.119790e-01 1.329394e+01 2.525140e+03 7.011583e+03 0.851678 3.261509e-01
9.150000e-01 5.424750e-01 8.668134e-01 9.126321e-01 1.330347e+01 2.537250e+03 7.006464e+03 0.852962 3.277397e-01
9.140000e-01 5.424750e-01 8.671533e-01 9.130080e-01 1.330996e+01 2.554240e+03 7.003944e+03 0.854197 3.301528e-01
9.130000e-01 5.424750e-01 8.677746e-01 9.136625e-01 1.331952e+01 2.566141e+03 6.998813e+03 0.855491 3.317182e-01
9.120000e-01 5.424750e-01 8.681133e-01 9.140370e-01 1.332603e+01 2.582906e+03 6.996289e+03 0.856723 3.341053e-01
9.110000e-01 5.424750e-01 8.687356e-01 9.146925e-01 1.333563e+01 2.594597e+03 6.991146e+03 0.858028 3.356473e-01
9.100000e-01 5.424750e-01 8.690740e-01 9.150665e-01 1.334216e+01 2.611160e+03 6.988618e+03 0.859259 3.380115e-01
9.090000e-01 5.424750e-01 8.696992e-01 9.157251e-01 1.335181e+01 2.622696e+03 6.983454e+03 0.860577 3.395368e-01
9.080000e-01 5.424750e-01 8.700385e-01 9.161002e-01 1.335838e+01 2.639084e+03 6.980919e+03 0.861811 3.418815e-01
9.070000e-01 5.424750e-01 8.706675e-01 9.167629e-01 1.336809e+01 2.650494e+03 6.975727e+03 0.863141 3.433930e-01
9.060000e-01 5.424750e-01 8.710081e-01 9.171396e-01 1.337470e+01 2.666713e+03 6.973185e+03 0.864378 3.457187e-01
9.050000e-01 5.424750e-01 8.716408e-01 9.178061e-01 1.338447e+01 2.677997e+03 6.967968e+03 0.86572 3.472162e-01
9.040000e-01 5.424750e-01 8.719824e-01 9.181841e-01 1.339111e+01 2.694049e+03 6.965419e+03 0.866959 3.495231e-01
9.030000e-01 5.424750e-01 8.726323e-01 9.188690e-01 1.340102e+01 2.705136e+03 6.960132e+03 0.868338 3.509965e-01
9.020000e-01 5.424750e-01 8.729653e-01 9.192378e-01 1.340763e+01 2.721069e+03 6.957609e+03 0.869561 3.532914e-01
9.010000e-01 5.424750e-01 8.736141e-01 9.199216e-01 1.341757e+01 2.732040e+03 6.952313e+03 0.870944 3.547524e-01
9.000000e-01 5.424750e-01 8.739478e-01 9.202912e-01 1.342421e+01 2.747811e+03 6.949783e+03 0.872169 3.570293e-01
8.990000e-01 5.424750e-01 8.746000e-01 9.209786e-01 1.343421e+01 2.758655e+03 6.944463e+03 0.873563 3.584761e-01
8.980000e-01 5.424750e-01 8.749343e-01 9.213490e-01 1.344087e+01 2.774268e+03 6.941927e+03 0.87479 3.607351e-01
8.970000e-01 5.424750e-01 8.755893e-01 9.220394e-01 1.345093e+01 2.784977e+03 6.936585e+03 0.876195 3.621667e-01
8.960000e-01 5.424750e-01 8.759233e-01 9.224095e-01 1.345762e+01 2.800421e+03 6.934043e+03 0.877421 3.644067e-01
8.950000e-01 5.424750e-01 8.765803e-01 9.231020e-01 1.346771e+01 2.810973e+03 6.928685e+03 0.878836 3.658206e-01
8.940000e-01 5.424750e-01 8.769133e-01 9.234710e-01 1.347442e+01 2.826246e+03 6.926137e+03 0.880061 3.680413e-01
8.930000e-01 5.424750e-01 8.775718e-01 9.241649e-01 1.348456e+01 2.836635e+03 6.920763e+03 0.881485 3.694370e-01
8.920000e-01 5.424750e-01 8.779036e-01 9.245326e-01 1.349129e+01 2.851744e+03 6.918209e+03 0.882709 3.716394e-01
8.910000e-01 5.424750e-01 8.785643e-01 9.252287e-01 1.350147e+01 2.861989e+03 6.912815e+03 0.884145 3.730195e-01
8.900000e-01 5.424750e-01 8.788964e-01 9.255967e-01 1.350823e+01 2.876958e+03 6.910253e+03 0.885371 3.752068e-01
8.890000e-01 5.424750e-01 8.795607e-01 9.262968e-01 1.351848e+01 2.887098e+03 6.904831e+03 0.886818 3.765755e-01
8.880000e-01 5.424750e-01 8.798939e-01 9.266661e-01 1.352528e+01 2.901939e+03 6.902261e+03 0.888048 3.787490e-01
8.870000e-01 5.424750e-01 8.805619e-01 9.273701e-01 1.353559e+01 2.911979e+03 6.896809e+03 0.889508 3.801067e-01
8.860000e-01 5.424750e-01 8.808960e-01 9.277405e-01 1.354243e+01 2.926692e+03 6.894230e+03 0.890741 3.822665e-01
8.850000e-01 5.424750e-01 8.815677e-01 9.284484e-01 1.355281e+01 2.936634e+03 6.888748e+03 0.892211 3.836131e-01
8.840000e-01 5.424750e-01 8.819024e-01 9.288197e-01 1.355967e+01 2.951218e+03 6.886161e+03 0.893447 3.857590e-01
8.830000e-01 5.424750e-01 8.825774e-01 9.295311e-01 1.357011e+01 2.961055e+03 6.880652e+03 0.894928 3.870938e-01
8.820000e-01 5.424750e-01 8.829126e-01 9.299029e-01 1.357701e+01 2.975510e+03 6.878056e+03 0.896165 3.892257e-01
8.810000e-01 5.424750e-01 8.835910e-01 9.306179e-01 1.358751e+01 2.985243e+03 6.872520e+03 0.897658 3.905487e-01
8.800000e-01 5.424750e-01 8.839266e-01 9.309902e-01 1.359444e+01 2.999573e+03 6.869916e+03 0.898897 3.926671e-01
8.790000e-01 5.424750e-01 8.846081e-01 9.317086e-01 1.360500e+01 3.009201e+03 6.864353e+03 0.9004 3.939783e-01
8.780000e-01 5.424750e-01 8.849436e-01 9.320808e-01 1.361196e+01 3.023401e+03 6.861740e+03 0.901641 3.960824e-01
8.770000e-01 5.424750e-01 8.856274e-01 9.328016e-01 1.362257e+01 3.032905e+03 6.856156e+03 0.903153 3.973794e-01
8.760000e-01 5.424750e-01 8.859619e-01 9.331728e-01 1.362955e+01 3.046968e+03 6.853536e+03 0.904394 3.994686e-01
8.750000e-01 5.424750e-01 8.866475e-01 9.338953e-01 1.364020e+01 3.056339e+03 6.847931e+03 0.905915 4.007508e-01
8.740000e-01 5.424750e-01 8.869808e-01 9.342652e-01 1.364721e+01 3.070270e+03 6.845304e+03 0.907155 4.028255e-01
8.730000e-01 5.424750e-01 8.876683e-01 9.349897e-01 1.365791e+01 3.079513e+03 6.839678e+03 0.908686 4.040936e-01
8.720000e-01 5.424750e-01 8.880013e-01 9.353593e-01 1.366495e+01 3.093326e+03 6.837041e+03 0.909928 4.061560e-01
8.710000e-01 5.424750e-01 8.886921e-01 9.360872e-01 1.367572e+01 3.102478e+03 6.831384e+03 0.911471 4.074140e-01
8.700000e-01 5.424750e-01 8.890258e-01 9.364576e-01 1.368279e+01 3.116187e+03 6.828736e+03 0.912716 4.094658e-01
8.690000e-01 5.424750e-01 8.897204e-01 9.371896e-01 1.369364e+01 3.125259e+03 6.823043e+03 0.91427 4.107149e-01
8.680000e-01 5.424750e-01 8.900547e-01 9.375608e-01 1.370075e+01 3.138867e+03 6.820385e+03 0.915518 4.127562e-01
8.670000e-01 5.424750e-01 8.907531e-01 9.382967e-01 1.371167e+01 3.147858e+03 6.814657e+03 0.917083 4.139961e-01
8.660000e-01 5.424750e-01 8.910878e-01 9.386684e-01 1.371881e+01 3.161362e+03 6.811988e+03 0.918334 4.160266e-01
8.650000e-01 5.424750e-01 8.917897e-01 9.394081e-01 1.372980e+01 3.170266e+03 6.806229e+03 0.919909 4.172566e-01
8.640000e-01 5.424750e-01 8.921247e-01 9.397802e-01 1.373697e+01 3.183665e+03 6.803549e+03 0.921163 4.192760e-01
8.630000e-01 5.424750e-01 8.928299e-01 9.405235e-01 1.374803e+01 3.192481e+03 6.797760e+03 0.922749 4.204960e-01
8.620000e-01 5.424750e-01 8.931653e-01 9.408961e-01 1.375524e+01 3.205778e+03 6.795070e+03 0.924005 4.225048e-01
8.610000e-01 5.424750e-01 8.938737e-01 9.416427e-01 1.376636e+01 3.214505e+03 6.789250e+03 0.925602 4.237144e-01
8.600000e-01 5.424750e-01 8.942088e-01 9.420151e-01 1.377360e+01 3.227696e+03 6.786551e+03 0.92686 4.257121e-01
8.590000e-01 5.424750e-01 8.949197e-01 9.427644e-01 1.378478e+01 3.236320e+03 6.780704e+03 0.928465 4.269098e-01
8.580000e-01 5.424750e-01 8.952539e-01 9.431357e-01 1.379205e+01 3.249399e+03 6.777995e+03 0.929723 4.288956e-01
8.570000e-01 5.424750e-01 8.959668e-01 9.438870e-01 1.380327e+01 3.257909e+03 6.772124e+03 0.931338 4.300804e-01
8.560000e-01 5.424750e-01 8.962998e-01 9.442571e-01 1.381057e+01 3.270877e+03 6.769407e+03 0.932596 4.320544e-01
8.550000e-01 5.424750e-01 8.970147e-01 9.450105e-01 1.382185e+01 3.279276e+03 6.763513e+03 0.93422 4.332269e-01
8.540000e-01 5.424750e-01 8.975349e-01 9.455681e-01 1.383114e+01 3.289913e+03 6.759210e+03 0.935657 4.347962e-01
8.530000e-01 5.424750e-01 8.980606e-01 9.461317e-01 1.384050e+01 3.300484e+03 6.754877e+03 0.937106 4.363576e-01
8.520000e-01 5.424750e-01 8.985874e-01 9.466965e-01 1.384988e+01 3.311016e+03 6.750532e+03 0.93856 4.379149e-01
8.510000e-01 5.424750e-01 8.991153e-01 9.472625e-01 1.385929e+01 3.321509e+03 6.746174e+03 0.940016 4.394680e-01
8.500000e-01 5.424750e-01 8.996444e-01 9.478297e-01 1.386873e+01 3.331963e+03 6.741804e+03 0.941477 4.410170e-01
8.490000e-01 5.424750e-01 9.001744e-01 9.483980e-01 1.387820e+01 3.342375e+03 6.737422e+03 0.942941 4.425617e-01
8.480000e-01 5.424750e-01 9.007053e-01 9.489673e-01 1.388770e+01 3.352748e+03 6.733029e+03 0.944409 4.441019e-01
8.470000e-01 5.424750e-01 9.012372e-01 9.495376e-01 1.389723e+01 3.363078e+03 6.728624e+03 0.945879 4.456376e-01
8.460000e-01 5.424750e-01 9.017699e-01 9.501089e-01 1.390678e+01 3.373367e+03 6.724209e+03 0.947354 4.471687e-01
8.450000e-01 5.424750e-01 9.023035e-01 9.506811e-01 1.391636e+01 3.383615e+03 6.719782e+03 0.948831 4.486954e-01
8.440000e-01 5.424750e-01 9.028379e-01 9.512542e-01 1.392596e+01 3.393821e+03 6.715343e+03 0.950311 4.502176e-01
8.430000e-01 5.424750e-01 9.033730e-01 9.518281e-01 1.393560e+01 3.403983e+03 6.710894e+03 0.951795 4.517350e-01
8.420000e-01 5.424750e-01 9.039085e-01 9.524023e-01 1.394525e+01 3.414097e+03 6.706435e+03 0.95328 4.532469e-01
8.410000e-01 5.424750e-01 9.044443e-01 9.529769e-01 1.395493e+01 3.424163e+03 6.701967e+03 0.954768 4.547536e-01
8.400000e-01 5.424750e-01 9.049802e-01 9.535515e-01 1.396462e+01 3.434178e+03 6.697489e+03 0.956259 4.562547e-01
8.390000e-01 5.424750e-01 9.055162e-01 9.541262e-01 1.397434e+01 3.444143e+03 6.693003e+03 0.957751 4.577502e-01
8.380000e-01 5.424750e-01 9.060523e-01 9.547010e-01 1.398408e+01 3.454059e+03 6.688507e+03 0.959245 4.592405e-01
8.370000e-01 5.424750e-01 9.065888e-01 9.552763e-01 1.399384e+01 3.463930e+03 6.684001e+03 0.960742 4.607259e-01
8.360000e-01 5.424750e-01 9.071260e-01 9.558522e-01 1.400363e+01 3.473763e+03 6.679482e+03 0.962243 4.622073e-01
8.350000e-01 5.424750e-01 9.076641e-01 9.564291e-01 1.401346e+01 3.483559e+03 6.674950e+03 0.963747 4.636849e-01
8.340000e-01 5.424750e-01 9.082032e-01 9.570071e-01 1.402331e+01 3.493321e+03 6.670405e+03 0.965254 4.651590e-01
8.330000e-01 5.424750e-01 9.087433e-01 9.575862e-01 1.403320e+01 3.503048e+03 6.665846e+03 0.966765 4.666293e-01
8.320000e-01 5.424750e-01 9.092844e-01 9.581665e-01 1.404312e+01 3.512740e+03 6.661274e+03 0.96828 4.680960e-01
8.310000e-01 5.424750e-01 9.098265e-01 9.587478e-01 1.405306e+01 3.522396e+03 6.656689e+03 0.969799 4.695588e-01
8.300000e-01 5.424750e-01 9.103832e-01 9.593448e-01 1.406314e+01 3.531965e+03 6.652042e+03 0.971345 4.710085e-01
8.290000e-01 5.424750e-01 9.109135e-01 9.599135e-01 1.407305e+01 3.541595e+03 6.647482e+03 0.972847 4.724722e-01
8.280000e-01 5.424750e-01 9.114717e-01 9.605122e-01 1.408318e+01 3.551090e+03 6.642813e+03 0.974399 4.739140e-01
8.270000e-01 5.424750e-01 9.120177e-01 9.610978e-01 1.409325e+01 3.560598e+03 6.638180e+03 0.975933 4.753609e-01
8.260000e-01 5.424750e-01 9.125640e-01 9.616838e-01 1.410335e+01 3.570065e+03 6.633537e+03 0.977469 4.768036e-01
8.250000e-01 5.424750e-01 9.131112e-01 9.622708e-01 1.411347e+01 3.579495e+03 6.628882e+03 0.979008 4.782422e-01
8.240000e-01 5.424750e-01 9.136586e-01 9.628579e-01 1.412362e+01 3.588881e+03 6.624217e+03 0.98055 4.796760e-01
8.230000e-01 5.424750e-01 9.142063e-01 9.634454e-01 1.413379e+01 3.598223e+03 6.619542e+03 0.982094 4.811051e-01
8.220000e-01 5.424750e-01 9.147542e-01 9.640331e-01 1.414399e+01 3.607520e+03 6.614858e+03 0.983641 4.825292e-01
8.210000e-01 5.424750e-01 9.153020e-01 9.646206e-01 1.415421e+01 3.616770e+03 6.610164e+03 0.985189 4.839484e-01
8.200000e-01 5.424750e-01 9.158502e-01 9.652086e-01 1.416445e+01 3.625979e+03 6.605459e+03 0.986741 4.853630e-01
8.190000e-01 5.424750e-01 9.163988e-01 9.657969e-01 1.417473e+01 3.635147e+03 6.600744e+03 0.988295 4.867735e-01
8.180000e-01 5.424750e-01 9.169483e-01 9.663864e-01 1.418503e+01 3.644285e+03 6.596014e+03 0.989853 4.881808e-01
8.170000e-01 5.424750e-01 9.174987e-01 9.669767e-01 1.419537e+01 3.653389e+03 6.591269e+03 0.991415 4.895846e-01
8.160000e-01 5.424750e-01 9.180500e-01 9.675681e-01 1.420575e+01 3.662461e+03 6.586511e+03 0.99298 4.909851e-01
8.150000e-01 5.424750e-01 9.186024e-01 9.681606e-01 1.421616e+01 3.671502e+03 6.581739e+03 0.99455 4.923822e-01
8.140000e-01 5.424750e-01 9.191555e-01 9.687541e-01 1.422660e+01 3.680509e+03 6.576954e+03 0.996123 4.937759e-01
8.130000e-01 5.424750e-01 9.197097e-01 9.693486e-01 1.423707e+01 3.689482e+03 6.572156e+03 0.997699 4.951659e-01
8.120000e-01 5.424750e-01 9.202645e-01 9.699438e-01 1.424758e+01 3.698419e+03 6.567347e+03 0.999279 4.965522e-01
8.110000e-01 5.424750e-01 9.208201e-01 9.705400e-01 1.425812e+01 3.707322e+03 6.562524e+03 1.00086 4.979348e-01
8.100000e-01 5.424750e-01 9.213765e-01 9.711371e-01 1.426869e+01 3.716193e+03 6.557688e+03 1.00245 4.993138e-01
8.090000e-01 5.424750e-01 9.219336e-01 9.717349e-01 1.427929e+01 3.725029e+03 6.552838e+03 1.00404 5.006891e-01
8.080000e-01 5.424750e-01 9.224912e-01 9.723332e-01 1.428992e+01 3.733829e+03 6.547975e+03 1.00563 5.020605e-01
8.070000e-01 5.424750e-01 9.230492e-01 9.729320e-01 1.430058e+01 3.742592e+03 6.543100e+03 1.00723 5.034278e-01
8.060000e-01 5.424750e-01 9.236072e-01 9.735307e-01 1.431127e+01 3.751313e+03 6.538212e+03 1.00882 5.047905e-01
8.050000e-01 5.424750e-01 9.241654e-01 9.741297e-01 1.432199e+01 3.759996e+03 6.533313e+03 1.01042 5.061488e-01
8.040000e-01 5.424750e-01 9.247234e-01 9.747284e-01 1.433273e+01 3.768635e+03 6.528402e+03 1.01202 5.075025e-01
8.030000e-01 5.424750e-01 9.252814e-01 9.753271e-01 1.434350e+01 3.777235e+03 6.523478e+03 1.01363 5.088519e-01
8.020000e-01 5.424750e-01 9.258397e-01 9.759260e-01 1.435430e+01 3.785800e+03 6.518540e+03 1.01523 5.101974e-01
8.010000e-01 5.424750e-01 9.263988e-01 9.765258e-01 1.436514e+01 3.794335e+03 6.513586e+03 1.01684 5.115399e-01
8.000000e-01 5.424750e-01 9.269586e-01 9.771264e-01 1.437602e+01 3.802842e+03 6.508615e+03 1.01845 5.128791e-01
7.990000e-01 5.424750e-01 9.275189e-01 9.777275e-01 1.438693e+01 3.811319e+03 6.503626e+03 1.02006 5.142151e-01
7.980000e-01 5.424750e-01 9.280802e-01 9.783297e-01 1.439788e+01 3.819766e+03 6.498621e+03 1.02168 5.155479e-01
7.970000e-01 5.424750e-01 9.286422e-01 9.789327e-01 1.440887e+01 3.828184e+03 6.493601e+03 1.0233 5.168773e-01
7.960000e-01 5.424750e-01 9.292047e-01 9.795362e-01 1.441989e+01 3.836570e+03 6.488564e+03 1.02493 5.182034e-01
7.950000e-01 5.424750e-01 9.297679e-01 9.801406e-01 1.443095e+01 3.844924e+03 6.483514e+03 1.02655 5.195258e-01
7.940000e-01 5.424750e-01 9.303318e-01 9.807456e-01 1.444204e+01 3.853246e+03 6.478449e+03 1.02818 5.208447e-01
7.930000e-01 5.424750e-01 9.308960e-01 9.813510e-01 1.445317e+01 3.861535e+03 6.473369e+03 1.02981 5.221599e-01
7.920000e-01 5.424750e-01 9.314608e-01 9.819572e-01 1.446433e+01 3.869793e+03 6.468273e+03 1.03145 5.234716e-01
7.910000e-01 5.424750e-01 9.320262e-01 9.825639e-01 1.447552e+01 3.878017e+03 6.463164e+03 1.03309 5.247796e-01
7.900000e-01 5.424750e-01 9.325917e-01 9.831708e-01 1.448675e+01 3.886206e+03 6.458041e+03 1.03472 5.260836e-01
7.890000e-01 5.424750e-01 9.331572e-01 9.837776e-01 1.449800e+01 3.894355e+03 6.452905e+03 1.03637 5.273831e-01
7.880000e-01 5.424750e-01 9.337226e-01 9.843843e-01 1.450929e+01 3.902466e+03 6.447756e+03 1.03801 5.286785e-01
7.870000e-01 5.424750e-01 9.342878e-01 9.849908e-01 1.452060e+01 3.910538e+03 6.442593e+03 1.03965 5.299694e-01
7.860000e-01 5.424750e-01 9.348528e-01 9.855970e-01 1.453195e+01 3.918574e+03 6.437416e+03 1.0413 5.312563e-01
7.850000e-01 5.424750e-01 9.354183e-01 9.862037e-01 1.454333e+01 3.926578e+03 6.432224e+03 1.04295 5.325397e-01
7.840000e-01 5.424750e-01 9.359843e-01 9.868110e-01 1.455475e+01 3.934554e+03 6.427013e+03 1.0446 5.338200e-01
7.830000e-01 5.424750e-01 9.365507e-01 9.874187e-01 1.456621e+01 3.942502e+03 6.421784e+03 1.04625 5.350971e-01
7.820000e-01 5.424750e-01 9.371179e-01 9.880273e-01 1.457772e+01 3.950422e+03 6.416536e+03 1.04791 5.363712e-01
7.810000e-01 5.424750e-01 9.376857e-01 9.886366e-01 1.458926e+01 3.958315e+03 6.411270e+03 1.04957 5.376421e-01
7.800000e-01 5.424750e-01 9.382539e-01 9.892462e-01 1.460084e+01 3.966179e+03 6.405986e+03 1.05123 5.389096e-01
7.790000e-01 5.424750e-01 9.388226e-01 9.898565e-01 1.461247e+01 3.974012e+03 6.400685e+03 1.05289 5.401737e-01
7.780000e-01 5.424750e-01 9.393916e-01 9.904671e-01 1.462413e+01 3.981815e+03 6.395367e+03 1.05456 5.414342e-01
7.770000e-01 5.424750e-01 9.399609e-01 9.910780e-01 1.463582e+01 3.989586e+03 6.390032e+03 1.05623 5.426910e-01
7.760000e-01 5.424750e-01 9.405305e-01 9.916892e-01 1.464756e+01 3.997327e+03 6.384680e+03 1.0579 5.439442e-01
7.750000e-01 5.424750e-01 9.411005e-01 9.923010e-01 1.465933e+01 4.005038e+03 6.379311e+03 1.05957 5.451940e-01
7.740000e-01 5.424750e-01 9.416706e-01 9.929127e-01 1.467114e+01 4.012716e+03 6.373925e+03 1.06124 5.464398e-01
7.730000e-01 5.424750e-01 9.422405e-01 9.935243e-01 1.468299e+01 4.020359e+03 6.368522e+03 1.06292 5.476815e-01
7.720000e-01 5.424750e-01 9.428102e-01 9.941356e-01 1.469486e+01 4.027964e+03 6.363106e+03 1.06459 5.489190e-01
7.710000e-01 5.424750e-01 9.433797e-01 9.947467e-01 1.470677e+01 4.035534e+03 6.357675e+03 1.06627 5.501523e-01
7.700000e-01 5.424750e-01 9.439487e-01 9.953571e-01 1.471872e+01 4.043065e+03 6.352228e+03 1.06795 5.513812e-01
7.690000e-01 5.424750e-01 9.445177e-01 9.959676e-01 1.473070e+01 4.050564e+03 6.346766e+03 1.06963 5.526065e-01
7.680000e-01 5.424750e-01 9.450870e-01 9.965785e-01 1.474272e+01 4.058034e+03 6.341285e+03 1.07131 5.538285e-01
7.670000e-01 5.424750e-01 9.456566e-01 9.971896e-01 1.475478e+01 4.065477e+03 6.335783e+03 1.073 5.550473e-01
7.660000e-01 5.424750e-01 9.462268e-01 9.978014e-01 1.476689e+01 4.072893e+03 6.330262e+03 1.07468 5.562631e-01
7.650000e-01 5.424750e-01 9.467975e-01 9.984138e-01 1.477905e+01 4.080283e+03 6.324722e+03 1.07637 5.574757e-01
7.640000e-01 5.424750e-01 9.473684e-01 9.990264e-01 1.479124e+01 4.087643e+03 6.319161e+03 1.07806 5.586849e-01
7.630000e-01 5.424750e-01 9.479399e-01 9.996397e-01 1.480348e+01 4.094975e+03 6.313583e+03 1.07976 5.598908e-01
7.620000e-01 5.424750e-01 9.485115e-01 1.000253e+00 1.481577e+01 4.102276e+03 6.307987e+03 1.08145 5.610932e-01
7.610000e-01 5.424750e-01 9.490832e-01 1.000867e+00 1.482809e+01 4.109544e+03 6.302375e+03 1.08315 5.622917e-01
7.600000e-01 5.424750e-01 9.496554e-01 1.001481e+00 1.484045e+01 4.116783e+03 6.296746e+03 1.08485 5.634867e-01
7.590000e-01 5.424750e-01 9.502277e-01 1.002095e+00 1.485285e+01 4.123993e+03 6.291099e+03 1.08655 5.646783e-01
7.580000e-01 5.424750e-01 9.508001e-01 1.002710e+00 1.486530e+01 4.131169e+03 6.285434e+03 1.08826 5.658661e-01
7.570000e-01 5.424750e-01 9.513855e-01 1.003338e+00 1.487788e+01 4.138276e+03 6.279700e+03 1.08999 5.670410e-01
7.560000e-01 5.424750e-01 9.519447e-01 1.003938e+00 1.489031e+01 4.145419e+03 6.274055e+03 1.09167 5.682293e-01
7.550000e-01 5.424750e-01 9.525287e-01 1.004565e+00 1.490296e+01 4.152453e+03 6.268289e+03 1.0934 5.693957e-01
7.540000e-01 5.424750e-01 9.530998e-01 1.005178e+00 1.491556e+01 4.159488e+03 6.262556e+03 1.09511 5.705666e-01
7.530000e-01 5.424750e-01 9.536702e-01 1.005790e+00 1.492819e+01 4.166489e+03 6.256807e+03 1.09681 5.717337e-01
7.520000e-01 5.424750e-01 9.542405e-01 1.006402e+00 1.494087e+01 4.173460e+03 6.251039e+03 1.09852 5.728972e-01
7.510000e-01 5.424750e-01 9.548113e-01 1.007015e+00 1.495359e+01 4.180406e+03 6.245250e+03 1.10023 5.740577e-01
7.500000e-01 5.424750e-01 9.553821e-01 1.007627e+00 1.496637e+01 4.187323e+03 6.239439e+03 1.10195 5.752149e-01
7.490000e-01 5.424750e-01 9.559534e-01 1.008240e+00 1.497919e+01 4.194215e+03 6.233606e+03 1.10366 5.763689e-01
7.480000e-01 5.424750e-01 9.565248e-01 1.008854e+00 1.499207e+01 4.201077e+03 6.227754e+03 1.10538 5.775196e-01
7.470000e-01 5.424750e-01 9.570964e-01 1.009468e+00 1.500499e+01 4.207910e+03 6.221882e+03 1.1071 5.786668e-01
7.460000e-01 5.424750e-01 9.576681e-01 1.010081e+00 1.501795e+01 4.214713e+03 6.215990e+03 1.10882 5.798103e-01
7.450000e-01 5.424750e-01 9.582394e-01 1.010695e+00 1.503096e+01 4.221485e+03 6.210079e+03 1.11054 5.809499e-01
7.440000e-01 5.424750e-01 9.588108e-01 1.011308e+00 1.504402e+01 4.228227e+03 6.204148e+03 1.11226 5.820858e-01
7.430000e-01 5.424750e-01 9.593820e-01 1.011921e+00 1.505712e+01 4.234941e+03 6.198195e+03 1.11399 5.832181e-01
7.420000e-01 5.424750e-01 9.599529e-01 1.012534e+00 1.507027e+01 4.241624e+03 6.192221e+03 1.11571 5.843465e-01
7.410000e-01 5.424750e-01 9.605235e-01 1.013147e+00 1.508346e+01 4.248272e+03 6.186229e+03 1.11743 5.854706e-01
7.400000e-01 5.424750e-01 9.610932e-01 1.013758e+00 1.509670e+01 4.254886e+03 6.180217e+03 1.11916 5.865904e-01
7.390000e-01 5.424750e-01 9.616621e-01 1.014369e+00 1.510997e+01 4.261463e+03 6.174189e+03 1.12088 5.877058e-01
7.380000e-01 5.424750e-01 9.622305e-01 1.014979e+00 1.512328e+01 4.268005e+03 6.168143e+03 1.1226 5.888170e-01
7.370000e-01 5.424750e-01 9.627979e-01 1.015588e+00 1.513664e+01 4.274513e+03 6.162077e+03 1.12433 5.899240e-01
7.360000e-01 5.424750e-01 9.633653e-01 1.016198e+00 1.515005e+01 4.280991e+03 6.155991e+03 1.12605 5.910274e-01
7.350000e-01 5.424750e-01 9.639327e-01 1.016807e+00 1.516351e+01 4.287444e+03 6.149879e+03 1.12778 5.921275e-01
7.340000e-01 5.424750e-01 9.644997e-01 1.017415e+00 1.517702e+01 4.293869e+03 6.143743e+03 1.1295 5.932240e-01
7.330000e-01 5.424750e-01 9.650665e-01 1.018024e+00 1.519059e+01 4.300268e+03 6.137580e+03 1.13123 5.943169e-01
7.320000e-01 5.424750e-01 9.656332e-01 1.018632e+00 1.520422e+01 4.306641e+03 6.131391e+03 1.13295 5.954062e-01
7.310000e-01 5.424750e-01 9.661993e-01 1.019240e+00 1.521790e+01 4.312983e+03 6.125179e+03 1.13468 5.964914e-01
7.300000e-01 5.424750e-01 9.667649e-01 1.019847e+00 1.523163e+01 4.319295e+03 6.118943e+03 1.1364 5.975726e-01
7.290000e-01 5.424750e-01 9.673301e-01 1.020454e+00 1.524541e+01 4.325578e+03 6.112683e+03 1.13813 5.986498e-01
7.280000e-01 5.424750e-01 9.678947e-01 1.021060e+00 1.525924e+01 4.331830e+03 6.106401e+03 1.13985 5.997230e-01
7.270000e-01 5.424750e-01 9.684590e-01 1.021666e+00 1.527313e+01 4.338053e+03 6.100094e+03 1.14158 6.007923e-01
7.260000e-01 5.424750e-01 9.690226e-01 1.022271e+00 1.528706e+01 4.344244e+03 6.093766e+03 1.1433 6.018573e-01
7.250000e-01 5.424750e-01 9.695853e-01 1.022875e+00 1.530105e+01 4.350401e+03 6.087416e+03 1.14502 6.029179e-01
7.240000e-01 5.424750e-01 9.701470e-01 1.023478e+00 1.531507e+01 4.356522e+03 6.081046e+03 1.14674 6.039738e-01
7.230000e-01 5.424750e-01 9.707074e-01 1.024080e+00 1.532915e+01 4.362606e+03 6.074656e+03 1.14846 6.050252e-01
7.220000e-01 5.424750e-01 9.712667e-01 1.024680e+00 1.534326e+01 4.368656e+03 6.068246e+03 1.15018 6.060720e-01
7.210000e-01 5.424750e-01 9.718251e-01 1.025280e+00 1.535743e+01 4.374673e+03 6.061812e+03 1.1519 6.071145e-01
7.200000e-01 5.424750e-01 9.723827e-01 1.025878e+00 1.537166e+01 4.380659e+03 6.055353e+03 1.15361 6.081530e-01
7.190000e-01 5.424750e-01 9.729401e-01 1.026476e+00 1.538595e+01 4.386622e+03 6.048866e+03 1.15533 6.091880e-01
7.180000e-01 5.424750e-01 9.734971e-01 1.027074e+00 1.540029e+01 4.392556e+03 6.042352e+03 1.15705 6.102191e-01
7.170000e-01 5.424750e-01 9.740538e-01 1.027672e+00 1.541470e+01 4.398460e+03 6.035815e+03 1.15876 6.112465e-01
7.160000e-01 5.424750e-01 9.746099e-01 1.028269e+00 1.542917e+01 4.404336e+03 6.029251e+03 1.16048 6.122699e-01
7.150000e-01 5.424750e-01 9.751654e-01 1.028866e+00 1.544369e+01 4.410180e+03 6.022663e+03 1.16219 6.132891e-01
7.140000e-01 5.424750e-01 9.757198e-01 1.029461e+00 1.545827e+01 4.415993e+03 6.016049e+03 1.16391 6.143039e-01
7.130000e-01 5.424750e-01 9.762733e-01 1.030055e+00 1.547290e+01 4.421776e+03 6.009408e+03 1.16562 6.153144e-01
7.120000e-01 5.424750e-01 9.768258e-01 1.030648e+00 1.548760e+01 4.427529e+03 6.002740e+03 1.16733 6.163204e-01
7.110000e-01 5.424750e-01 9.773773e-01 1.031241e+00 1.550235e+01 4.433250e+03 5.996045e+03 1.16903 6.173219e-01
7.100000e-01 5.424750e-01 9.779277e-01 1.031832e+00 1.551716e+01 4.438937e+03 5.989327e+03 1.17074 6.183188e-01
7.090000e-01 5.424750e-01 9.784884e-01 1.032434e+00 1.553213e+01 4.444555e+03 5.982529e+03 1.17246 6.193017e-01
7.080000e-01 5.424750e-01 9.790363e-01 1.033022e+00 1.554704e+01 4.450168e+03 5.975765e+03 1.17416 6.202885e-01
7.070000e-01 5.424750e-01 9.795824e-01 1.033608e+00 1.556200e+01 4.455743e+03 5.968982e+03 1.17586 6.212708e-01
7.060000e-01 5.424750e-01 9.801272e-01 1.034193e+00 1.557701e+01 4.461283e+03 5.962177e+03 1.17756 6.222484e-01
7.050000e-01 5.424750e-01 9.806710e-01 1.034777e+00 1.559209e+01 4.466792e+03 5.955346e+03 1.17925 6.232219e-01
7.040000e-01 5.424750e-01 9.812141e-01 1.035360e+00 1.560723e+01 4.472272e+03 5.948488e+03 1.18095 6.241913e-01
7.030000e-01 5.424750e-01 9.817563e-01 1.035942e+00 1.562244e+01 4.477723e+03 5.941599e+03 1.18264 6.251567e-01
7.020000e-01 5.424750e-01 9.822977e-01 1.036524e+00 1.563771e+01 4.483144e+03 5.934682e+03 1.18433 6.261177e-01
7.010000e-01 5.424750e-01 9.828380e-01 1.037104e+00 1.565306e+01 4.488536e+03 5.927734e+03 1.18602 6.270744e-01
7.000000e-01 5.424750e-01 9.833773e-01 1.037683e+00 1.566846e+01 4.493896e+03 5.920759e+03 1.1877 6.280265e-01
6.990000e-01 5.424750e-01 9.839150e-01 1.038261e+00 1.568393e+01 4.499223e+03 5.913756e+03 1.18939 6.289738e-01
6.980000e-01 5.424750e-01 9.844516e-01 1.038837e+00 1.569947e+01 4.504518e+03 5.906725e+03 1.19107 6.299164e-01
6.970000e-01 5.424750e-01 9.849868e-01 1.039412e+00 1.571507e+01 4.509780e+03 5.899665e+03 1.19274 6.308543e-01
6.960000e-01 5.424750e-01 9.855203e-01 1.039985e+00 1.573074e+01 4.515011e+03 5.892575e+03 1.19442 6.317872e-01
6.950000e-01 5.424750e-01 9.860519e-01 1.040556e+00 1.574646e+01 4.520208e+03 5.885455e+03 1.19608 6.327147e-01
6.940000e-01 5.424750e-01 9.865814e-01 1.041124e+00 1.576225e+01 4.525368e+03 5.878306e+03 1.19775 6.336367e-01
6.930000e-01 5.424750e-01 9.871087e-01 1.041691e+00 1.577810e+01 4.530489e+03 5.871134e+03 1.1994 6.345533e-01
6.920000e-01 5.424750e-01 9.876342e-01 1.042255e+00 1.579400e+01 4.535572e+03 5.863937e+03 1.20106 6.354646e-01
6.910000e-01 5.424750e-01 9.881574e-01 1.042817e+00 1.580996e+01 4.540618e+03 5.856714e+03 1.20271 6.363707e-01
6.900000e-01 5.424750e-01 9.886789e-01 1.043377e+00 1.582599e+01 4.545631e+03 5.849461e+03 1.20435 6.372718e-01
6.890000e-01 5.424750e-01 9.891991e-01 1.043935e+00 1.584210e+01 4.550614e+03 5.842176e+03 1.20599 6.381683e-01
6.880000e-01 5.424750e-01 9.897177e-01 1.044492e+00 1.585828e+01 4.555567e+03 5.834856e+03 1.20763 6.390600e-01
6.870000e-01 5.424750e-01 9.902351e-01 1.045048e+00 1.587453e+01 4.560489e+03 5.827505e+03 1.20927 6.399470e-01
6.860000e-01 5.424750e-01 9.907510e-01 1.045602e+00 1.589087e+01 4.565380e+03 5.820120e+03 1.2109 6.408290e-01
6.850000e-01 5.424750e-01 9.912649e-01 1.046154e+00 1.590727e+01 4.570236e+03 5.812705e+03 1.21252 6.417058e-01
6.840000e-01 5.424750e-01 9.917768e-01 1.046703e+00 1.592374e+01 4.575058e+03 5.805257e+03 1.21414 6.425772e-01
6.830000e-01 5.424750e-01 9.922869e-01 1.047251e+00 1.594029e+01 4.579847e+03 5.797778e+03 1.21576 6.434432e-01
6.820000e-01 5.424750e-01 9.927950e-01 1.047797e+00 1.595691e+01 4.584601e+03 5.790269e+03 1.21737 6.443041e-01
6.810000e-01 5.424750e-01 9.933010e-01 1.048340e+00 1.597361e+01 4.589321e+03 5.782726e+03 1.21897 6.451593e-01
6.800000e-01 5.424750e-01 9.938045e-01 1.048881e+00 1.599037e+01 4.594005e+03 5.775151e+03 1.22057 6.460086e-01
6.790000e-01 5.424750e-01 9.943050e-01 1.049419e+00 1.600720e+01 4.598649e+03 5.767545e+03 1.22216 6.468518e-01
6.780000e-01 5.424750e-01 9.948031e-01 1.049954e+00 1.602410e+01 4.603254e+03 5.759913e+03 1.22374 6.476891e-01
6.770000e-01 5.424750e-01 9.952984e-01 1.050485e+00 1.604105e+01 4.607817e+03 5.752254e+03 1.22532 6.485205e-01
6.760000e-01 5.424750e-01 9.958012e-01 1.051025e+00 1.605819e+01 4.612311e+03 5.744505e+03 1.2269 6.493368e-01
6.750000e-01 5.424750e-01 9.962923e-01 1.051552e+00 1.607530e+01 4.616802e+03 5.736783e+03 1.22847 6.501569e-01
6.740000e-01 5.424750e-01 9.967812e-01 1.052077e+00 1.609249e+01 4.621259e+03 5.729027e+03 1.23003 6.509721e-01
6.730000e-01 5.424750e-01 9.972681e-01 1.052600e+00 1.610977e+01 4.625683e+03 5.721236e+03 1.23158 6.517821e-01
6.720000e-01 5.424750e-01 9.977535e-01 1.053122e+00 1.612713e+01 4.630075e+03 5.713413e+03 1.23313 6.525870e-01
6.710000e-01 5.424750e-01 9.982363e-01 1.053640e+00 1.614457e+01 4.634431e+03 5.705551e+03 1.23468 6.533862e-01
6.700000e-01 5.424750e-01 9.987165e-01 1.054156e+00 1.616210e+01 4.638750e+03 5.697656e+03 1.23621 6.541794e-01
6.690000e-01 5.424750e-01 9.991945e-01 1.054670e+00 1.617970e+01 4.643033e+03 5.689729e+03 1.23774 6.549668e-01
6.680000e-01 5.424750e-01 9.996695e-01 1.055180e+00 1.619739e+01 4.647279e+03 5.681766e+03 1.23926 6.557481e-01
6.670000e-01 5.424750e-01 1.000142e+00 1.055687e+00 1.621516e+01 4.651489e+03 5.673765e+03 1.24078 6.565231e-01
6.660000e-01 5.424750e-01 1.000611e+00 1.056191e+00 1.623302e+01 4.655662e+03 5.665727e+03 1.24228 6.572915e-01
6.650000e-01 5.424750e-01 1.001076e+00 1.056691e+00 1.625095e+01 4.659793e+03 5.657654e+03 1.24377 6.580532e-01
6.640000e-01 5.424750e-01 1.001538e+00 1.057188e+00 1.626896e+01 4.663884e+03 5.649551e+03 1.24526 6.588083e-01
6.630000e-01 5.424750e-01 1.001998e+00 1.057681e+00 1.628704e+01 4.667931e+03 5.641421e+03 1.24673 6.595570e-01
6.620000e-01 5.424750e-01 1.002453e+00 1.058170e+00 1.630519e+01 4.671936e+03 5.633260e+03 1.2482 6.602992e-01
6.610000e-01 5.424750e-01 1.002906e+00 1.058656e+00 1.632342e+01 4.675902e+03 5.625065e+03 1.24966 6.610351e-01
6.600000e-01 5.424750e-01 1.003356e+00 1.059139e+00 1.634174e+01 4.679833e+03 5.616833e+03 1.25111 6.617651e-01
6.590000e-01 5.424750e-01 1.003802e+00 1.059619e+00 1.636017e+01 4.683728e+03 5.608559e+03 1.25255 6.624889e-01
6.580000e-01 5.424750e-01 1.004246e+00 1.060096e+00 1.637869e+01 4.687587e+03 5.600243e+03 1.25399 6.632062e-01
6.570000e-01 5.424750e-01 1.004687e+00 1.060569e+00 1.639730e+01 4.691410e+03 5.591885e+03 1.25541 6.639169e-01
6.560000e-01 5.424750e-01 1.005125e+00 1.061039e+00 1.641602e+01 4.695194e+03 5.583488e+03 1.25682 6.646210e-01
6.550000e-01 5.424750e-01 1.005558e+00 1.061505e+00 1.643482e+01 4.698938e+03 5.575054e+03 1.25822 6.653181e-01
6.540000e-01 5.424750e-01 1.005988e+00 1.061967e+00 1.645372e+01 4.702643e+03 5.566577e+03 1.25961 6.660078e-01
6.530000e-01 5.424750e-01 1.006415e+00 1.062425e+00 1.647271e+01 4.706308e+03 5.558059e+03 1.26099 6.666904e-01
6.520000e-01 5.424750e-01 1.006837e+00 1.062879e+00 1.649179e+01 4.709933e+03 5.549503e+03 1.26235 6.673659e-01
6.510000e-01 5.424750e-01 1.007265e+00 1.063338e+00 1.651108e+01 4.713484e+03 5.540847e+03 1.26372 6.680246e-01
6.500000e-01 5.424750e-01 1.007680e+00 1.063785e+00 1.653035e+01 4.717021e+03 5.532220e+03 1.26506 6.686855e-01
6.490000e-01 5.424750e-01 1.008092e+00 1.064227e+00 1.654968e+01 4.720512e+03 5.523568e+03 1.2664 6.693398e-01
6.480000e-01 5.424750e-01 1.008500e+00 1.064664e+00 1.656910e+01 4.723959e+03 5.514885e+03 1.26772 6.699871e-01
6.470000e-01 5.424750e-01 1.008903e+00 1.065098e+00 1.658861e+01 4.727361e+03 5.506168e+03 1.26904 6.706275e-01
6.460000e-01 5.424750e-01 1.009303e+00 1.065527e+00 1.660822e+01 4.730723e+03 5.497410e+03 1.27034 6.712608e-01
6.450000e-01 5.424750e-01 1.009699e+00 1.065953e+00 1.662794e+01 4.734047e+03 5.488606e+03 1.27163 6.718873e-01
6.440000e-01 5.424750e-01 1.010091e+00 1.066374e+00 1.664778e+01 4.737330e+03 5.479758e+03 1.27291 6.725065e-01
6.430000e-01 5.424750e-01 1.010479e+00 1.066791e+00 1.666772e+01 4.740575e+03 5.470860e+03 1.27417 6.731176e-01
6.420000e-01 5.424750e-01 1.010862e+00 1.067202e+00 1.668778e+01 4.743777e+03 5.461915e+03 1.27542 6.737208e-01
6.410000e-01 5.424750e-01 1.011242e+00 1.067610e+00 1.670794e+01 4.746935e+03 5.452932e+03 1.27665 6.743163e-01
6.400000e-01 5.424750e-01 1.011617e+00 1.068013e+00 1.672819e+01 4.750050e+03 5.443910e+03 1.27788 6.749042e-01
6.390000e-01 5.424750e-01 1.011988e+00 1.068412e+00 1.674856e+01 4.753122e+03 5.434848e+03 1.27909 6.754846e-01
6.380000e-01 5.424750e-01 1.012354e+00 1.068806e+00 1.676903e+01 4.756150e+03 5.425746e+03 1.28028 6.760573e-01
6.370000e-01 5.424750e-01 1.012716e+00 1.069194e+00 1.678959e+01 4.759133e+03 5.416604e+03 1.28146 6.766216e-01
6.360000e-01 5.424750e-01 1.013073e+00 1.069577e+00 1.681026e+01 4.762068e+03 5.407420e+03 1.28263 6.771774e-01
6.350000e-01 5.424750e-01 1.013425e+00 1.069955e+00 1.683102e+01 4.764954e+03 5.398205e+03 1.28378 6.777251e-01
6.340000e-01 5.424750e-01 1.013771e+00 1.070327e+00 1.685187e+01 4.767792e+03 5.388953e+03 1.28491 6.782645e-01
6.330000e-01 5.424750e-01 1.014112e+00 1.070693e+00 1.687284e+01 4.770582e+03 5.379655e+03 1.28603 6.787949e-01
6.320000e-01 5.424750e-01 1.014447e+00 1.071053e+00 1.689392e+01 4.773328e+03 5.370310e+03 1.28713 6.793168e-01
6.310000e-01 5.424750e-01 1.014785e+00 1.071416e+00 1.691524e+01 4.776000e+03 5.360847e+03 1.28822 6.798202e-01
6.300000e-01 5.424750e-01 1.015111e+00 1.071767e+00 1.693658e+01 4.778657e+03 5.351402e+03 1.28929 6.803252e-01
6.290000e-01 5.424750e-01 1.015433e+00 1.072112e+00 1.695804e+01 4.781271e+03 5.341914e+03 1.29034 6.808225e-01
6.280000e-01 5.424750e-01 1.015750e+00 1.072453e+00 1.697961e+01 4.783840e+03 5.332383e+03 1.29138 6.813116e-01
6.270000e-01 5.424750e-01 1.016062e+00 1.072788e+00 1.700130e+01 4.786360e+03 5.322812e+03 1.29241 6.817923e-01
6.260000e-01 5.424750e-01 1.016369e+00 1.073118e+00 1.702310e+01 4.788832e+03 5.313197e+03 1.29342 6.822645e-01
6.250000e-01 5.424750e-01 1.016671e+00 1.073443e+00 1.704503e+01 4.791257e+03 5.303540e+03 1.29441 6.827281e-01
6.240000e-01 5.424750e-01 1.016967e+00 1.073760e+00 1.706707e+01 4.793633e+03 5.293833e+03 1.29538 6.831819e-01
6.230000e-01 5.424750e-01 1.017256e+00 1.074071e+00 1.708924e+01 4.795959e+03 5.284081e+03 1.29633 6.836261e-01
6.220000e-01 5.424750e-01 1.017540e+00 1.074377e+00 1.711151e+01 4.798235e+03 5.274292e+03 1.29727 6.840613e-01
6.210000e-01 5.424750e-01 1.017819e+00 1.074676e+00 1.713388e+01 4.800457e+03 5.264470e+03 1.29819 6.844878e-01
6.200000e-01 5.424750e-01 1.018091e+00 1.074969e+00 1.715636e+01 4.802627e+03 5.254610e+03 1.29909 6.849051e-01
6.190000e-01 5.424750e-01 1.018358e+00 1.075255e+00 1.717896e+01 4.804748e+03 5.244708e+03 1.29997 6.853134e-01
6.180000e-01 5.424750e-01 1.018618e+00 1.075534e+00 1.720170e+01 4.806817e+03 5.234749e+03 1.30083 6.857117e-01
6.170000e-01 5.424750e-01 1.018873e+00 1.075808e+00 1.722458e+01 4.808842e+03 5.224744e+03 1.30167 6.861014e-01
6.160000e-01 5.424750e-01 1.019121e+00 1.076075e+00 1.724761e+01 4.810816e+03 5.214681e+03 1.30249 6.864807e-01
6.150000e-01 5.424750e-01 1.019363e+00 1.076334e+00 1.727078e+01 4.812740e+03 5.204562e+03 1.30329 6.868493e-01
6.140000e-01 5.424750e-01 1.019604e+00 1.076593e+00 1.729421e+01 4.814579e+03 5.194327e+03 1.30406 6.871972e-01
6.130000e-01 5.424750e-01 1.019833e+00 1.076840e+00 1.731765e+01 4.816397e+03 5.184108e+03 1.30482 6.875452e-01
6.120000e-01 5.424750e-01 1.020057e+00 1.077080e+00 1.734122e+01 4.818166e+03 5.173850e+03 1.30556 6.878843e-01
6.110000e-01 5.424750e-01 1.020275e+00 1.077314e+00 1.736493e+01 4.819882e+03 5.163549e+03 1.30627 6.882140e-01
6.100000e-01 5.424750e-01 1.020486e+00 1.077541e+00 1.738876e+01 4.821544e+03 5.153205e+03 1.30697 6.885339e-01
6.090000e-01 5.424750e-01 1.020691e+00 1.077762e+00 1.741272e+01 4.823152e+03 5.142823e+03 1.30765 6.888445e-01
6.080000e-01 5.424750e-01 1.020889e+00 1.077974e+00 1.743680e+01 4.824702e+03 5.132397e+03 1.30831 6.891442e-01
6.070000e-01 5.424750e-01 1.021080e+00 1.078179e+00 1.746100e+01 4.826196e+03 5.121932e+03 1.30894 6.894333e-01
6.060000e-01 5.424750e-01 1.021263e+00 1.078376e+00 1.748534e+01 4.827634e+03 5.111422e+03 1.30955 6.897121e-01
6.050000e-01 5.424750e-01 1.021441e+00 1.078567e+00 1.750982e+01 4.829019e+03 5.100868e+03 1.31014 6.899815e-01
6.040000e-01 5.424750e-01 1.021612e+00 1.078750e+00 1.753445e+01 4.830351e+03 5.090263e+03 1.31071 6.902405e-01
6.030000e-01 5.424750e-01 1.021775e+00 1.078926e+00 1.755924e+01 4.831629e+03 5.079599e+03 1.31125 6.904880e-01
6.020000e-01 5.424750e-01 1.021932e+00 1.079094e+00 1.758420e+01 4.832852e+03 5.068883e+03 1.31177 6.907251e-01
6.010000e-01 5.424750e-01 1.022081e+00 1.079255e+00 1.760931e+01 4.834020e+03 5.058113e+03 1.31227 6.909509e-01
6.000000e-01 5.424750e-01 1.022223e+00 1.079407e+00 1.763457e+01 4.835132e+03 5.047289e+03 1.31273 6.911643e-01
5.990000e-01 5.424750e-01 1.022356e+00 1.079550e+00 1.765999e+01 4.836185e+03 5.036412e+03 1.31317 6.913661e-01
5.980000e-01 5.424750e-01 1.022488e+00 1.079691e+00 1.768569e+01 4.837146e+03 5.025423e+03 1.31359 6.915464e-01
5.970000e-01 5.424750e-01 1.022608e+00 1.079821e+00 1.771141e+01 4.838083e+03 5.014454e+03 1.31399 6.917264e-01
5.960000e-01 5.424750e-01 1.022721e+00 1.079942e+00 1.773727e+01 4.838963e+03 5.003448e+03 1.31436 6.918964e-01
5.950000e-01 5.424750e-01 1.022828e+00 1.080057e+00 1.776326e+01 4.839784e+03 4.992408e+03 1.31472 6.920563e-01
5.940000e-01 5.424750e-01 1.022926e+00 1.080162e+00 1.778939e+01 4.840543e+03 4.981328e+03 1.31505 6.922051e-01
5.930000e-01 5.424750e-01 1.023016e+00 1.080259e+00 1.781567e+01 4.841243e+03 4.970200e+03 1.31535 6.923418e-01
5.920000e-01 5.424750e-01 1.023098e+00 1.080347e+00 1.784211e+01 4.841882e+03 4.959025e+03 1.31563 6.924673e-01
5.910000e-01 5.424750e-01 1.023174e+00 1.080429e+00 1.786871e+01 4.842464e+03 4.947805e+03 1.31588 6.925823e-01
5.900000e-01 5.424750e-01 1.023242e+00 1.080501e+00 1.789549e+01 4.842989e+03 4.936527e+03 1.31611 6.926852e-01
5.890000e-01 5.424750e-01 1.023301e+00 1.080565e+00 1.792245e+01 4.843453e+03 4.925192e+03 1.31631 6.927758e-01
5.880000e-01 5.424750e-01 1.023353e+00 1.080622e+00 1.794959e+01 4.843858e+03 4.913807e+03 1.31648 6.928548e-01
5.870000e-01 5.424750e-01 1.023396e+00 1.080668e+00 1.797689e+01 4.844201e+03 4.902365e+03 1.31662 6.929201e-01
5.860000e-01 5.424750e-01 1.023430e+00 1.080704e+00 1.800438e+01 4.844481e+03 4.890868e+03 1.31673 6.929723e-01
5.850000e-01 5.424750e-01 1.023456e+00 1.080732e+00 1.803203e+01 4.844701e+03 4.879326e+03 1.31682 6.930127e-01
5.840000e-01 5.424750e-01 1.023476e+00 1.080753e+00 1.805985e+01 4.844859e+03 4.867743e+03 1.31688 6.930420e-01
5.830000e-01 5.424750e-01 1.023492e+00 1.080771e+00 1.808795e+01 4.844917e+03 4.856057e+03 1.31692 6.930497e-01
5.820000e-01 5.424750e-01 1.023497e+00 1.080776e+00 1.811608e+01 4.844949e+03 4.844400e+03 1.31694 6.930570e-01
5.820521e-01 5.424750e-01 1.023496e+00 1.080775e+00 1.811466e+01 4.844937e+03 4.844977e+03 1.31693 6.930531e-01
