1.000000e+00 4.573910e+00 2.047013e+00 2.396702e+00 9.419928e+00 0.000000e+00 1.802411e+04 0 0.000000e+00
9.990000e-01 4.573910e+00 2.047756e+00 2.403376e+00 9.434180e+00 7.779898e+02 1.787950e+04 1.73338 3.659311e-02
9.980000e-01 4.573910e+00 2.047946e+00 2.403295e+00 9.435396e+00 1.086013e+03 1.783385e+04 1.83647 5.410891e-02
9.970000e-01 4.573910e+00 2.048853e+00 2.404311e+00 9.439668e+00 1.328967e+03 1.779592e+04 1.73555 6.251981e-02
9.960000e-01 4.573910e+00 2.048981e+00 2.404171e+00 9.441118e+00 1.530781e+03 1.776670e+04 1.75848 7.295618e-02
9.950000e-01 4.573910e+00 2.049269e+00 2.404214e+00 9.443025e+00 1.707910e+03 1.774129e+04 1.77253 8.202541e-02
9.940000e-01 4.573910e+00 2.050625e+00 2.405744e+00 9.448248e+00 1.867248e+03 1.771346e+04 1.73942 8.788617e-02
9.930000e-01 4.573910e+00 2.050795e+00 2.405651e+00 9.449796e+00 2.018230e+03 1.769229e+04 1.7528 9.570757e-02
9.920000e-01 4.573910e+00 2.051168e+00 2.405816e+00 9.451804e+00 2.159083e+03 1.767241e+04 1.76417 1.030136e-01
9.910000e-01 4.573910e+00 2.052487e+00 2.407328e+00 9.456943e+00 2.290694e+03 1.764859e+04 1.74337 1.078657e-01
9.900000e-01 4.573910e+00 2.052735e+00 2.407366e+00 9.458559e+00 2.417090e+03 1.763131e+04 1.75325 1.144347e-01
9.890000e-01 4.573910e+00 2.053142e+00 2.407601e+00 9.460581e+00 2.536964e+03 1.761465e+04 1.76202 1.206630e-01
9.880000e-01 4.573910e+00 2.054413e+00 2.409072e+00 9.465612e+00 2.650390e+03 1.759354e+04 1.74738 1.248556e-01
9.870000e-01 4.573910e+00 2.054692e+00 2.409167e+00 9.467258e+00 2.760597e+03 1.757878e+04 1.75508 1.305848e-01
9.860000e-01 4.573910e+00 2.055102e+00 2.409418e+00 9.469277e+00 2.865890e+03 1.756432e+04 1.76212 1.360549e-01
9.850000e-01 4.573910e+00 2.056357e+00 2.410871e+00 9.474278e+00 2.965471e+03 1.754516e+04 1.75142 1.397572e-01
9.840000e-01 4.573910e+00 2.056628e+00 2.410958e+00 9.475928e+00 3.063915e+03 1.753222e+04 1.75759 1.448675e-01
9.830000e-01 4.573910e+00 2.057043e+00 2.411215e+00 9.477968e+00 3.158965e+03 1.751928e+04 1.76372 1.498216e-01
9.820000e-01 4.573910e+00 2.058310e+00 2.412683e+00 9.483007e+00 3.249462e+03 1.750131e+04 1.75551 1.532078e-01
9.810000e-01 4.573910e+00 2.058591e+00 2.412788e+00 9.484681e+00 3.339754e+03 1.748962e+04 1.76082 1.578983e-01
9.800000e-01 4.573910e+00 2.059002e+00 2.413042e+00 9.486729e+00 3.427012e+03 1.747783e+04 1.76612 1.624463e-01
9.790000e-01 4.573910e+00 2.060275e+00 2.414516e+00 9.491799e+00 3.509931e+03 1.746080e+04 1.75964 1.655615e-01
9.780000e-01 4.573910e+00 2.060547e+00 2.414608e+00 9.493479e+00 3.593426e+03 1.745013e+04 1.76421 1.698953e-01
9.770000e-01 4.573910e+00 2.060946e+00 2.414844e+00 9.495530e+00 3.674206e+03 1.743927e+04 1.76888 1.741068e-01
9.760000e-01 4.573910e+00 2.062277e+00 2.416386e+00 9.500725e+00 3.750253e+03 1.742290e+04 1.76384 1.769750e-01
9.750000e-01 4.573910e+00 2.062482e+00 2.416382e+00 9.502330e+00 3.827509e+03 1.741326e+04 1.76763 1.809728e-01
9.740000e-01 4.573910e+00 2.062854e+00 2.416571e+00 9.504372e+00 3.902748e+03 1.740321e+04 1.77188 1.849072e-01
9.730000e-01 4.573910e+00 2.064218e+00 2.418140e+00 9.509660e+00 3.974023e+03 1.738731e+04 1.76799 1.876230e-01
9.720000e-01 4.573910e+00 2.064434e+00 2.418145e+00 9.511302e+00 4.047740e+03 1.737822e+04 1.77158 1.914514e-01
9.710000e-01 4.573910e+00 2.064824e+00 2.418358e+00 9.513386e+00 4.119668e+03 1.736864e+04 1.77562 1.952237e-01
9.700000e-01 4.573910e+00 2.066193e+00 2.419939e+00 9.518722e+00 4.187797e+03 1.735311e+04 1.7722 1.978082e-01
9.690000e-01 4.573910e+00 2.066429e+00 2.419976e+00 9.520396e+00 4.258241e+03 1.734451e+04 1.7756 2.014752e-01
9.680000e-01 4.573910e+00 2.066832e+00 2.420210e+00 9.522503e+00 4.327020e+03 1.733539e+04 1.77941 2.050883e-01
9.670000e-01 4.573910e+00 2.068198e+00 2.421792e+00 9.527855e+00 4.392076e+03 1.732024e+04 1.77646 2.075522e-01
9.660000e-01 4.573910e+00 2.068441e+00 2.421842e+00 9.529543e+00 4.459262e+03 1.731210e+04 1.7796 2.110506e-01
9.650000e-01 4.573910e+00 2.068838e+00 2.422071e+00 9.531649e+00 4.524722e+03 1.730345e+04 1.78311 2.144887e-01
9.640000e-01 4.573910e+00 2.070212e+00 2.423663e+00 9.537024e+00 4.586510e+03 1.728867e+04 1.78073 2.168394e-01
9.630000e-01 4.573910e+00 2.070456e+00 2.423716e+00 9.538726e+00 4.650922e+03 1.728094e+04 1.78367 2.201958e-01
9.620000e-01 4.573910e+00 2.070861e+00 2.423956e+00 9.540853e+00 4.713826e+03 1.727264e+04 1.78703 2.235072e-01
9.610000e-01 4.573910e+00 2.072242e+00 2.425557e+00 9.546262e+00 4.773009e+03 1.725815e+04 1.78504 2.257598e-01
9.600000e-01 4.573910e+00 2.072484e+00 2.425611e+00 9.547973e+00 4.834810e+03 1.725080e+04 1.78777 2.289798e-01
9.590000e-01 4.573910e+00 2.072886e+00 2.425847e+00 9.550109e+00 4.895180e+03 1.724287e+04 1.79096 2.321613e-01
9.580000e-01 4.573910e+00 2.074279e+00 2.427460e+00 9.555558e+00 4.951777e+03 1.722865e+04 1.78937 2.343231e-01
9.570000e-01 4.573910e+00 2.074511e+00 2.427499e+00 9.557272e+00 5.011152e+03 1.722167e+04 1.79191 2.374157e-01
9.560000e-01 4.573910e+00 2.074894e+00 2.427708e+00 9.559403e+00 5.068929e+03 1.721409e+04 1.79485 2.404590e-01
9.550000e-01 4.573910e+00 2.076307e+00 2.429338e+00 9.564901e+00 5.122598e+03 1.720012e+04 1.79372 2.425202e-01
9.540000e-01 4.573910e+00 2.076519e+00 2.429347e+00 9.566615e+00 5.179793e+03 1.719344e+04 1.79607 2.454995e-01
9.530000e-01 4.573910e+00 2.076910e+00 2.429559e+00 9.568781e+00 5.235847e+03 1.718607e+04 1.79899 2.484669e-01
9.520000e-01 4.573910e+00 2.078346e+00 2.431215e+00 9.574368e+00 5.288174e+03 1.717213e+04 1.7981 2.504791e-01
9.510000e-01 4.573910e+00 2.078573e+00 2.431244e+00 9.576117e+00 5.344007e+03 1.716563e+04 1.80042 2.533953e-01
9.500000e-01 4.573910e+00 2.078970e+00 2.431467e+00 9.578304e+00 5.398544e+03 1.715846e+04 1.80325 2.562846e-01
9.490000e-01 4.573910e+00 2.080412e+00 2.433135e+00 9.583931e+00 5.449338e+03 1.714465e+04 1.80253 2.582354e-01
9.480000e-01 4.573910e+00 2.080649e+00 2.433180e+00 9.585701e+00 5.503634e+03 1.713836e+04 1.80479 2.610747e-01
9.470000e-01 4.573910e+00 2.081049e+00 2.433409e+00 9.587900e+00 5.556633e+03 1.713140e+04 1.80751 2.638855e-01
9.460000e-01 4.573910e+00 2.082495e+00 2.435083e+00 9.593552e+00 5.605723e+03 1.711775e+04 1.807 2.657714e-01
9.450000e-01 4.573910e+00 2.082729e+00 2.435126e+00 9.595331e+00 5.658404e+03 1.711169e+04 1.80914 2.685270e-01
9.440000e-01 4.573910e+00 2.083132e+00 2.435359e+00 9.597547e+00 5.709933e+03 1.710491e+04 1.8118 2.712662e-01
9.430000e-01 4.573910e+00 2.084591e+00 2.437047e+00 9.603248e+00 5.757676e+03 1.709135e+04 1.81149 2.731049e-01
9.420000e-01 4.573910e+00 2.084831e+00 2.437100e+00 9.605048e+00 5.809118e+03 1.708545e+04 1.81358 2.757994e-01
9.410000e-01 4.573910e+00 2.085232e+00 2.437331e+00 9.607277e+00 5.859303e+03 1.707883e+04 1.81615 2.784686e-01
9.400000e-01 4.573910e+00 2.086701e+00 2.439033e+00 9.613019e+00 5.905512e+03 1.706537e+04 1.81602 2.802500e-01
9.390000e-01 4.573910e+00 2.086935e+00 2.439079e+00 9.614825e+00 5.955545e+03 1.705966e+04 1.81801 2.828707e-01
9.380000e-01 4.573910e+00 2.087329e+00 2.439301e+00 9.617059e+00 6.004274e+03 1.705322e+04 1.82048 2.854648e-01
9.370000e-01 4.573910e+00 2.088812e+00 2.441016e+00 9.622839e+00 6.048729e+03 1.703989e+04 1.82057 2.871835e-01
9.360000e-01 4.573910e+00 2.089022e+00 2.441029e+00 9.624632e+00 6.097103e+03 1.703439e+04 1.8224 2.897140e-01
9.350000e-01 4.573910e+00 2.089407e+00 2.441234e+00 9.626871e+00 6.144335e+03 1.702814e+04 1.8248 2.922348e-01
9.340000e-01 4.573910e+00 2.090917e+00 2.442977e+00 9.632723e+00 6.187526e+03 1.701484e+04 1.82513 2.939164e-01
9.330000e-01 4.573910e+00 2.091134e+00 2.442997e+00 9.634547e+00 6.235152e+03 1.700945e+04 1.82696 2.964152e-01
9.320000e-01 4.573910e+00 2.091528e+00 2.443214e+00 9.636822e+00 6.281651e+03 1.700327e+04 1.82935 2.989036e-01
9.310000e-01 4.573910e+00 2.093048e+00 2.444970e+00 9.642740e+00 6.323999e+03 1.698996e+04 1.82974 3.005461e-01
9.300000e-01 4.573910e+00 2.093274e+00 2.445005e+00 9.644589e+00 6.370714e+03 1.698468e+04 1.83156 3.030007e-01
9.290000e-01 4.573910e+00 2.093671e+00 2.445229e+00 9.646881e+00 6.416271e+03 1.697863e+04 1.8339 3.054419e-01
9.280000e-01 4.573910e+00 2.095199e+00 2.446996e+00 9.652837e+00 6.457606e+03 1.696537e+04 1.8344 3.070449e-01
9.270000e-01 4.573910e+00 2.095424e+00 2.447032e+00 9.654697e+00 6.503274e+03 1.696023e+04 1.83615 3.094455e-01
9.260000e-01 4.573910e+00 2.095819e+00 2.447253e+00 9.656998e+00 6.547770e+03 1.695430e+04 1.83844 3.118328e-01
9.250000e-01 4.573910e+00 2.097404e+00 2.449096e+00 9.663084e+00 6.588031e+03 1.694096e+04 1.83912 3.133935e-01
9.240000e-01 4.573910e+00 2.097603e+00 2.449099e+00 9.664910e+00 6.632937e+03 1.693601e+04 1.84082 3.157608e-01
9.230000e-01 4.573910e+00 2.097994e+00 2.449313e+00 9.667218e+00 6.676676e+03 1.693020e+04 1.84308 3.181140e-01
9.220000e-01 4.573910e+00 2.099584e+00 2.451162e+00 9.673349e+00 6.716049e+03 1.691688e+04 1.84385 3.196394e-01
9.210000e-01 4.573910e+00 2.099781e+00 2.451162e+00 9.675188e+00 6.760063e+03 1.691203e+04 1.8455 3.219615e-01
9.200000e-01 4.573910e+00 2.100167e+00 2.451371e+00 9.677506e+00 6.802876e+03 1.690632e+04 1.8477 3.242681e-01
9.190000e-01 4.573910e+00 2.101772e+00 2.453237e+00 9.683687e+00 6.841137e+03 1.689303e+04 1.8486 3.257528e-01
9.180000e-01 4.573910e+00 2.101954e+00 2.453217e+00 9.685522e+00 6.884074e+03 1.688831e+04 1.85017 3.280176e-01
9.170000e-01 4.573910e+00 2.102323e+00 2.453402e+00 9.687835e+00 6.925716e+03 1.688273e+04 1.85228 3.302628e-01
9.160000e-01 4.573910e+00 2.103953e+00 2.455294e+00 9.694073e+00 6.962763e+03 1.686945e+04 1.85336 3.317092e-01
9.150000e-01 4.573910e+00 2.104129e+00 2.455264e+00 9.695923e+00 7.004990e+03 1.686483e+04 1.8549 3.339409e-01
9.140000e-01 4.573910e+00 2.104509e+00 2.455461e+00 9.698273e+00 7.046109e+03 1.685928e+04 1.85704 3.361674e-01
9.130000e-01 4.573910e+00 2.106155e+00 2.457371e+00 9.704592e+00 7.082633e+03 1.684592e+04 1.85818 3.375898e-01
9.120000e-01 4.573910e+00 2.106338e+00 2.457353e+00 9.706469e+00 7.124274e+03 1.684135e+04 1.85971 3.397948e-01
9.110000e-01 4.573910e+00 2.106720e+00 2.457554e+00 9.708838e+00 7.164741e+03 1.683587e+04 1.86182 3.419890e-01
9.100000e-01 4.573910e+00 2.108376e+00 2.459479e+00 9.715206e+00 7.200526e+03 1.682251e+04 1.86304 3.433812e-01
9.090000e-01 4.573910e+00 2.108560e+00 2.459465e+00 9.717095e+00 7.241433e+03 1.681802e+04 1.86453 3.455490e-01
9.080000e-01 4.573910e+00 2.108937e+00 2.459660e+00 9.719470e+00 7.281094e+03 1.681262e+04 1.86659 3.477014e-01
9.070000e-01 4.573910e+00 2.110607e+00 2.461602e+00 9.725880e+00 7.315986e+03 1.679928e+04 1.86792 3.490621e-01
9.060000e-01 4.573910e+00 2.110788e+00 2.461586e+00 9.727782e+00 7.356228e+03 1.679487e+04 1.86938 3.511971e-01
9.050000e-01 4.573910e+00 2.111169e+00 2.461787e+00 9.730180e+00 7.395303e+03 1.678953e+04 1.87144 3.533237e-01
9.040000e-01 4.573910e+00 2.112852e+00 2.463745e+00 9.736652e+00 7.429571e+03 1.677616e+04 1.87283 3.546598e-01
9.030000e-01 4.573910e+00 2.113032e+00 2.463728e+00 9.738569e+00 7.469197e+03 1.677181e+04 1.87427 3.567645e-01
9.020000e-01 4.573910e+00 2.113409e+00 2.463925e+00 9.740981e+00 7.507607e+03 1.676654e+04 1.8763 3.588582e-01
9.010000e-01 4.573910e+00 2.115108e+00 2.465902e+00 9.747509e+00 7.541056e+03 1.675315e+04 1.87778 3.601636e-01
9.000000e-01 4.573910e+00 2.115277e+00 2.465872e+00 9.749431e+00 7.579929e+03 1.674889e+04 1.87917 3.622295e-01
8.990000e-01 4.573910e+00 2.115639e+00 2.466047e+00 9.751839e+00 7.617476e+03 1.674371e+04 1.88113 3.642782e-01
8.980000e-01 4.573910e+00 2.117361e+00 2.468048e+00 9.758424e+00 7.649895e+03 1.673031e+04 1.88275 3.655482e-01
8.970000e-01 4.573910e+00 2.117518e+00 2.468000e+00 9.760352e+00 7.688129e+03 1.672613e+04 1.88409 3.675834e-01
8.960000e-01 4.573910e+00 2.117888e+00 2.468183e+00 9.762796e+00 7.725226e+03 1.672097e+04 1.88608 3.696167e-01
8.950000e-01 4.573910e+00 2.119629e+00 2.470206e+00 9.769471e+00 7.757267e+03 1.670747e+04 1.88776 3.708708e-01
8.940000e-01 4.573910e+00 2.119794e+00 2.470170e+00 9.771431e+00 7.795134e+03 1.670331e+04 1.88912 3.728913e-01
8.930000e-01 4.573910e+00 2.120165e+00 2.470355e+00 9.773897e+00 7.831786e+03 1.669819e+04 1.89108 3.749037e-01
8.920000e-01 4.573910e+00 2.121920e+00 2.472397e+00 9.780638e+00 7.863279e+03 1.668462e+04 1.89282 3.761337e-01
8.910000e-01 4.573910e+00 2.122085e+00 2.472364e+00 9.782613e+00 7.900611e+03 1.668052e+04 1.89416 3.781279e-01
8.900000e-01 4.573910e+00 2.122451e+00 2.472545e+00 9.785088e+00 7.936651e+03 1.667545e+04 1.89609 3.801090e-01
8.890000e-01 4.573910e+00 2.124220e+00 2.474604e+00 9.791876e+00 7.967398e+03 1.666188e+04 1.89791 3.813111e-01
8.880000e-01 4.573910e+00 2.124380e+00 2.474567e+00 9.793862e+00 8.004164e+03 1.665783e+04 1.89922 3.832773e-01
8.870000e-01 4.573910e+00 2.124749e+00 2.474751e+00 9.796358e+00 8.039708e+03 1.665281e+04 1.90115 3.852367e-01
8.860000e-01 4.573910e+00 2.126533e+00 2.476830e+00 9.803211e+00 8.069935e+03 1.663918e+04 1.90303 3.864190e-01
8.850000e-01 4.573910e+00 2.126691e+00 2.476791e+00 9.805214e+00 8.106230e+03 1.663518e+04 1.90432 3.883625e-01
8.840000e-01 4.573910e+00 2.127055e+00 2.476970e+00 9.807723e+00 8.141249e+03 1.663020e+04 1.90622 3.902965e-01
8.830000e-01 4.573910e+00 2.128857e+00 2.479070e+00 9.814639e+00 8.170798e+03 1.661653e+04 1.90819 3.914526e-01
8.820000e-01 4.573910e+00 2.129004e+00 2.479018e+00 9.816646e+00 8.206489e+03 1.661260e+04 1.90944 3.933657e-01
8.810000e-01 4.573910e+00 2.129353e+00 2.479177e+00 9.819155e+00 8.240811e+03 1.660768e+04 1.91129 3.952640e-01
8.800000e-01 4.573910e+00 2.131179e+00 2.481301e+00 9.826128e+00 8.269483e+03 1.659398e+04 1.91335 3.963889e-01
8.790000e-01 4.573910e+00 2.131312e+00 2.481231e+00 9.828140e+00 8.304630e+03 1.659011e+04 1.91457 3.982760e-01
8.780000e-01 4.573910e+00 2.131667e+00 2.481394e+00 9.830682e+00 8.338570e+03 1.658521e+04 1.91644 4.001617e-01
8.770000e-01 4.573910e+00 2.133557e+00 2.483604e+00 9.837837e+00 8.366885e+03 1.657124e+04 1.91861 4.012641e-01
8.760000e-01 4.573910e+00 2.133668e+00 2.483503e+00 9.839825e+00 8.401796e+03 1.656748e+04 1.91981 4.031478e-01
8.750000e-01 4.573910e+00 2.134014e+00 2.483656e+00 9.842374e+00 8.435410e+03 1.656262e+04 1.92167 4.050210e-01
8.740000e-01 4.573910e+00 2.135915e+00 2.485879e+00 9.849597e+00 8.463287e+03 1.654858e+04 1.92388 4.061041e-01
8.730000e-01 4.573910e+00 2.136025e+00 2.485780e+00 9.851602e+00 8.497780e+03 1.654485e+04 1.92507 4.079681e-01
8.720000e-01 4.573910e+00 2.136365e+00 2.485927e+00 9.854161e+00 8.530904e+03 1.654003e+04 1.9269 4.098170e-01
8.710000e-01 4.573910e+00 2.138283e+00 2.488170e+00 9.861442e+00 8.558151e+03 1.652595e+04 1.92918 4.108753e-01
8.700000e-01 4.573910e+00 2.138387e+00 2.488066e+00 9.863457e+00 8.592187e+03 1.652226e+04 1.93034 4.127173e-01
8.690000e-01 4.573910e+00 2.138728e+00 2.488214e+00 9.866037e+00 8.624901e+03 1.651746e+04 1.93217 4.145488e-01
8.680000e-01 4.573910e+00 2.140663e+00 2.490480e+00 9.873391e+00 8.651702e+03 1.650330e+04 1.93452 4.155894e-01
8.670000e-01 4.573910e+00 2.140762e+00 2.490371e+00 9.875421e+00 8.685343e+03 1.649964e+04 1.93566 4.174130e-01
8.660000e-01 4.573910e+00 2.141098e+00 2.490513e+00 9.878014e+00 8.717616e+03 1.649488e+04 1.93747 4.192236e-01
8.650000e-01 4.573910e+00 2.143053e+00 2.492801e+00 9.885436e+00 8.743806e+03 1.648065e+04 1.93988 4.202397e-01
8.640000e-01 4.573910e+00 2.143139e+00 2.492677e+00 9.887468e+00 8.776922e+03 1.647704e+04 1.94098 4.220372e-01
8.630000e-01 4.573910e+00 2.143458e+00 2.492797e+00 9.890060e+00 8.808588e+03 1.647233e+04 1.94274 4.238173e-01
8.620000e-01 4.573910e+00 2.145439e+00 2.495114e+00 9.897547e+00 8.834031e+03 1.645805e+04 1.94526 4.248063e-01
8.610000e-01 4.573910e+00 2.145512e+00 2.494972e+00 9.899586e+00 8.866721e+03 1.645449e+04 1.94633 4.265849e-01
8.600000e-01 4.573910e+00 2.145837e+00 2.495097e+00 9.902212e+00 8.898090e+03 1.644977e+04 1.94812 4.283565e-01
8.590000e-01 4.573910e+00 2.147839e+00 2.497440e+00 9.909800e+00 8.923251e+03 1.643535e+04 1.95068 4.293323e-01
8.580000e-01 4.573910e+00 2.147916e+00 2.497305e+00 9.911870e+00 8.955719e+03 1.643179e+04 1.95177 4.311036e-01
8.570000e-01 4.573910e+00 2.148240e+00 2.497430e+00 9.914521e+00 8.986815e+03 1.642708e+04 1.95355 4.328643e-01
8.560000e-01 4.573910e+00 2.150260e+00 2.499797e+00 9.922197e+00 9.011581e+03 1.641253e+04 1.95616 4.338208e-01
8.550000e-01 4.573910e+00 2.150334e+00 2.499659e+00 9.924282e+00 9.043690e+03 1.640900e+04 1.95723 4.355756e-01
8.540000e-01 4.573910e+00 2.150650e+00 2.499775e+00 9.926943e+00 9.074360e+03 1.640431e+04 1.95899 4.373157e-01
8.530000e-01 4.573910e+00 2.152691e+00 2.502167e+00 9.934688e+00 9.098589e+03 1.638969e+04 1.96166 4.382506e-01
8.520000e-01 4.573910e+00 2.152758e+00 2.502024e+00 9.936786e+00 9.130336e+03 1.638618e+04 1.96272 4.399890e-01
8.510000e-01 4.573910e+00 2.153075e+00 2.502141e+00 9.939470e+00 9.160687e+03 1.638151e+04 1.96447 4.417164e-01
8.500000e-01 4.573910e+00 2.155134e+00 2.504556e+00 9.947295e+00 9.184498e+03 1.636678e+04 1.96721 4.426331e-01
8.490000e-01 4.573910e+00 2.155194e+00 2.504406e+00 9.949406e+00 9.215893e+03 1.636330e+04 1.96824 4.443554e-01
8.480000e-01 4.573910e+00 2.155503e+00 2.504513e+00 9.952102e+00 9.245837e+03 1.635864e+04 1.96998 4.460640e-01
8.470000e-01 4.573910e+00 2.157584e+00 2.506954e+00 9.959999e+00 9.269073e+03 1.634384e+04 1.97278 4.469570e-01
8.460000e-01 4.573910e+00 2.157626e+00 2.506782e+00 9.962107e+00 9.299973e+03 1.634040e+04 1.97377 4.486549e-01
8.450000e-01 4.573910e+00 2.159199e+00 2.508526e+00 9.968477e+00 9.324507e+03 1.632860e+04 1.97647 4.497985e-01
8.440000e-01 4.573910e+00 2.159240e+00 2.508353e+00 9.970605e+00 9.355146e+03 1.632515e+04 1.97746 4.514852e-01
8.430000e-01 4.573910e+00 2.160876e+00 2.510181e+00 9.977132e+00 9.379450e+03 1.631311e+04 1.98025 4.526106e-01
8.420000e-01 4.573910e+00 2.160891e+00 2.509972e+00 9.979226e+00 9.410013e+03 1.630975e+04 1.98122 4.543014e-01
8.410000e-01 4.573910e+00 2.162521e+00 2.511790e+00 9.985777e+00 9.434148e+03 1.629768e+04 1.98401 4.554215e-01
8.400000e-01 4.573910e+00 2.162535e+00 2.511581e+00 9.987888e+00 9.464564e+03 1.629432e+04 1.98498 4.571072e-01
8.390000e-01 4.573910e+00 2.164174e+00 2.513411e+00 9.994488e+00 9.488479e+03 1.628219e+04 1.98779 4.582170e-01
8.380000e-01 4.573910e+00 2.164184e+00 2.513198e+00 9.996607e+00 9.518684e+03 1.627884e+04 1.98875 4.598934e-01
8.370000e-01 4.573910e+00 2.165830e+00 2.515038e+00 1.000324e+01 9.542286e+03 1.626666e+04 1.99159 4.609893e-01
8.360000e-01 4.573910e+00 2.165833e+00 2.514817e+00 1.000537e+01 9.572247e+03 1.626334e+04 1.99253 4.626546e-01
8.350000e-01 4.573910e+00 2.167491e+00 2.516671e+00 1.001205e+01 9.595598e+03 1.625111e+04 1.9954 4.637401e-01
8.340000e-01 4.573910e+00 2.167489e+00 2.516446e+00 1.001419e+01 9.625400e+03 1.624779e+04 1.99634 4.653995e-01
8.330000e-01 4.573910e+00 2.169157e+00 2.518312e+00 1.002092e+01 9.648510e+03 1.623549e+04 1.99923 4.664740e-01
8.320000e-01 4.573910e+00 2.169148e+00 2.518080e+00 1.002306e+01 9.678088e+03 1.623218e+04 2.00015 4.681235e-01
8.310000e-01 4.573910e+00 2.170826e+00 2.519958e+00 1.002983e+01 9.700887e+03 1.621984e+04 2.00306 4.691845e-01
8.300000e-01 4.573910e+00 2.170808e+00 2.519715e+00 1.003197e+01 9.730208e+03 1.621655e+04 2.00397 4.708220e-01
8.290000e-01 4.573910e+00 2.172494e+00 2.521600e+00 1.003878e+01 9.752606e+03 1.620418e+04 2.00691 4.718658e-01
8.280000e-01 4.573910e+00 2.172459e+00 2.521338e+00 1.004091e+01 9.781597e+03 1.620092e+04 2.00777 4.734873e-01
8.270000e-01 4.573910e+00 2.174158e+00 2.523237e+00 1.004776e+01 9.803680e+03 1.618849e+04 2.01076 4.745190e-01
8.260000e-01 4.573910e+00 2.174966e+00 2.524023e+00 1.005223e+01 9.829180e+03 1.618070e+04 2.01265 4.758472e-01
8.250000e-01 4.573910e+00 2.175845e+00 2.524905e+00 1.005686e+01 9.854496e+03 1.617266e+04 2.01463 4.771574e-01
8.240000e-01 4.573910e+00 2.175795e+00 2.524620e+00 1.005900e+01 9.883249e+03 1.616943e+04 2.0155 4.787774e-01
8.230000e-01 4.573910e+00 2.177513e+00 2.526543e+00 1.006597e+01 9.904992e+03 1.615684e+04 2.01853 4.797937e-01
8.220000e-01 4.573910e+00 2.178371e+00 2.527399e+00 1.007060e+01 9.930122e+03 1.614882e+04 2.02049 4.810984e-01
8.210000e-01 4.573910e+00 2.179216e+00 2.528235e+00 1.007521e+01 9.955117e+03 1.614084e+04 2.02244 4.824027e-01
8.200000e-01 4.573910e+00 2.180061e+00 2.529071e+00 1.007982e+01 9.979981e+03 1.613286e+04 2.02441 4.837013e-01
8.190000e-01 4.573910e+00 2.180906e+00 2.529907e+00 1.008446e+01 1.000473e+04 1.612486e+04 2.02637 4.849950e-01
8.180000e-01 4.573910e+00 2.181753e+00 2.530746e+00 1.008911e+01 1.002940e+04 1.611684e+04 2.02834 4.862853e-01
8.170000e-01 4.573910e+00 2.182602e+00 2.531588e+00 1.009377e+01 1.005398e+04 1.610881e+04 2.03031 4.875721e-01
8.160000e-01 4.573910e+00 2.183451e+00 2.532431e+00 1.009846e+01 1.007844e+04 1.610075e+04 2.03229 4.888539e-01
8.150000e-01 4.573910e+00 2.184301e+00 2.533275e+00 1.010315e+01 1.010278e+04 1.609269e+04 2.03427 4.901300e-01
8.140000e-01 4.573910e+00 2.185152e+00 2.534119e+00 1.010785e+01 1.012700e+04 1.608462e+04 2.03625 4.914007e-01
8.130000e-01 4.573910e+00 2.186001e+00 2.534963e+00 1.011257e+01 1.015105e+04 1.607653e+04 2.03823 4.926643e-01
8.120000e-01 4.573910e+00 2.186849e+00 2.535803e+00 1.011729e+01 1.017493e+04 1.606845e+04 2.04021 4.939196e-01
8.110000e-01 4.573910e+00 2.187696e+00 2.536642e+00 1.012202e+01 1.019864e+04 1.606036e+04 2.04219 4.951684e-01
8.100000e-01 4.573910e+00 2.188543e+00 2.537481e+00 1.012677e+01 1.022229e+04 1.605224e+04 2.04418 4.964147e-01
8.090000e-01 4.573910e+00 2.189393e+00 2.538323e+00 1.013154e+01 1.024588e+04 1.604410e+04 2.04617 4.976586e-01
8.080000e-01 4.573910e+00 2.190245e+00 2.539169e+00 1.013633e+01 1.026940e+04 1.603592e+04 2.04817 4.989000e-01
8.070000e-01 4.573910e+00 2.191100e+00 2.540017e+00 1.014114e+01 1.029286e+04 1.602772e+04 2.05018 5.001388e-01
8.060000e-01 4.573910e+00 2.191956e+00 2.540868e+00 1.014597e+01 1.031623e+04 1.601949e+04 2.05219 5.013740e-01
8.050000e-01 4.573910e+00 2.192813e+00 2.541721e+00 1.015082e+01 1.033951e+04 1.601125e+04 2.0542 5.026053e-01
8.040000e-01 4.573910e+00 2.193671e+00 2.542576e+00 1.015568e+01 1.036267e+04 1.600299e+04 2.05622 5.038312e-01
8.030000e-01 4.573910e+00 2.194529e+00 2.543430e+00 1.016055e+01 1.038572e+04 1.599471e+04 2.05823 5.050519e-01
8.020000e-01 4.573910e+00 2.195387e+00 2.544285e+00 1.016544e+01 1.040867e+04 1.598641e+04 2.06026 5.062688e-01
8.010000e-01 4.573910e+00 2.196248e+00 2.545143e+00 1.017035e+01 1.043154e+04 1.597809e+04 2.06228 5.074827e-01
8.000000e-01 4.573910e+00 2.197109e+00 2.546004e+00 1.017527e+01 1.045433e+04 1.596975e+04 2.06431 5.086927e-01
7.990000e-01 4.573910e+00 2.197971e+00 2.546865e+00 1.018021e+01 1.047700e+04 1.596139e+04 2.06634 5.098977e-01
7.980000e-01 4.573910e+00 2.198833e+00 2.547725e+00 1.018517e+01 1.049955e+04 1.595301e+04 2.06838 5.110971e-01
7.970000e-01 4.573910e+00 2.199695e+00 2.548587e+00 1.019013e+01 1.052198e+04 1.594462e+04 2.07041 5.122914e-01
7.960000e-01 4.573910e+00 2.200555e+00 2.549445e+00 1.019510e+01 1.054424e+04 1.593622e+04 2.07245 5.134778e-01
7.950000e-01 4.573910e+00 2.201413e+00 2.550301e+00 1.020008e+01 1.056634e+04 1.592782e+04 2.07448 5.146572e-01
7.940000e-01 4.573910e+00 2.202271e+00 2.551156e+00 1.020508e+01 1.058833e+04 1.591939e+04 2.07652 5.158323e-01
7.930000e-01 4.573910e+00 2.203131e+00 2.552013e+00 1.021009e+01 1.061026e+04 1.591093e+04 2.07856 5.170053e-01
7.920000e-01 4.573910e+00 2.203993e+00 2.552873e+00 1.021513e+01 1.063213e+04 1.590245e+04 2.08061 5.181759e-01
7.910000e-01 4.573910e+00 2.204856e+00 2.553736e+00 1.022020e+01 1.065394e+04 1.589392e+04 2.08266 5.193440e-01
7.900000e-01 4.573910e+00 2.205721e+00 2.554601e+00 1.022528e+01 1.067567e+04 1.588537e+04 2.08472 5.205089e-01
7.890000e-01 4.573910e+00 2.206588e+00 2.555468e+00 1.023038e+01 1.069733e+04 1.587679e+04 2.08678 5.216705e-01
7.880000e-01 4.573910e+00 2.207455e+00 2.556337e+00 1.023550e+01 1.071887e+04 1.586819e+04 2.08884 5.228274e-01
7.870000e-01 4.573910e+00 2.208364e+00 2.557264e+00 1.024072e+01 1.074026e+04 1.585943e+04 2.09095 5.239679e-01
7.860000e-01 4.573910e+00 2.209232e+00 2.558134e+00 1.024587e+01 1.076159e+04 1.585079e+04 2.09302 5.251152e-01
7.850000e-01 4.573910e+00 2.210100e+00 2.559006e+00 1.025103e+01 1.078286e+04 1.584212e+04 2.09509 5.262600e-01
7.840000e-01 4.573910e+00 2.210970e+00 2.559880e+00 1.025622e+01 1.080404e+04 1.583342e+04 2.09717 5.274013e-01
7.830000e-01 4.573910e+00 2.211841e+00 2.560754e+00 1.026143e+01 1.082512e+04 1.582470e+04 2.09925 5.285379e-01
7.820000e-01 4.573910e+00 2.212711e+00 2.561628e+00 1.026664e+01 1.084609e+04 1.581596e+04 2.10133 5.296695e-01
7.810000e-01 4.573910e+00 2.213581e+00 2.562503e+00 1.027187e+01 1.086694e+04 1.580720e+04 2.10341 5.307959e-01
7.800000e-01 4.573910e+00 2.214449e+00 2.563375e+00 1.027711e+01 1.088764e+04 1.579843e+04 2.10549 5.319155e-01
7.790000e-01 4.573910e+00 2.215315e+00 2.564244e+00 1.028236e+01 1.090818e+04 1.578966e+04 2.10757 5.330280e-01
7.780000e-01 4.573910e+00 2.216181e+00 2.565112e+00 1.028763e+01 1.092861e+04 1.578086e+04 2.10965 5.341359e-01
7.770000e-01 4.573910e+00 2.217047e+00 2.565981e+00 1.029291e+01 1.094897e+04 1.577202e+04 2.11173 5.352414e-01
7.760000e-01 4.573910e+00 2.217915e+00 2.566853e+00 1.029822e+01 1.096927e+04 1.576315e+04 2.11382 5.363445e-01
7.750000e-01 4.573910e+00 2.218785e+00 2.567727e+00 1.030356e+01 1.098951e+04 1.575425e+04 2.11592 5.374451e-01
7.740000e-01 4.573910e+00 2.219656e+00 2.568603e+00 1.030891e+01 1.100968e+04 1.574531e+04 2.11802 5.385428e-01
7.730000e-01 4.573910e+00 2.220528e+00 2.569482e+00 1.031429e+01 1.102977e+04 1.573634e+04 2.12012 5.396372e-01
7.720000e-01 4.573910e+00 2.221401e+00 2.570361e+00 1.031969e+01 1.104976e+04 1.572734e+04 2.12223 5.407270e-01
7.710000e-01 4.573910e+00 2.222273e+00 2.571241e+00 1.032510e+01 1.106964e+04 1.571832e+04 2.12433 5.418120e-01
7.700000e-01 4.573910e+00 2.223146e+00 2.572121e+00 1.033053e+01 1.108943e+04 1.570928e+04 2.12644 5.428931e-01
7.690000e-01 4.573910e+00 2.224019e+00 2.573003e+00 1.033598e+01 1.110915e+04 1.570021e+04 2.12856 5.439716e-01
7.680000e-01 4.573910e+00 2.224893e+00 2.573886e+00 1.034145e+01 1.112879e+04 1.569110e+04 2.13067 5.450463e-01
7.670000e-01 4.573910e+00 2.225768e+00 2.574771e+00 1.034694e+01 1.114833e+04 1.568196e+04 2.13279 5.461167e-01
7.660000e-01 4.573910e+00 2.226642e+00 2.575655e+00 1.035245e+01 1.116775e+04 1.567281e+04 2.13491 5.471822e-01
7.650000e-01 4.573910e+00 2.227515e+00 2.576539e+00 1.035796e+01 1.118706e+04 1.566363e+04 2.13703 5.482427e-01
7.640000e-01 4.573910e+00 2.228387e+00 2.577420e+00 1.036349e+01 1.120623e+04 1.565444e+04 2.13915 5.492964e-01
7.630000e-01 4.573910e+00 2.229256e+00 2.578298e+00 1.036903e+01 1.122524e+04 1.564524e+04 2.14127 5.503434e-01
7.620000e-01 4.573910e+00 2.230125e+00 2.579175e+00 1.037459e+01 1.124415e+04 1.563602e+04 2.14339 5.513863e-01
7.610000e-01 4.573910e+00 2.230994e+00 2.580053e+00 1.038017e+01 1.126300e+04 1.562675e+04 2.14551 5.524268e-01
7.600000e-01 4.573910e+00 2.231865e+00 2.580934e+00 1.038578e+01 1.128178e+04 1.561745e+04 2.14764 5.534648e-01
7.590000e-01 4.573910e+00 2.232737e+00 2.581817e+00 1.039141e+01 1.130051e+04 1.560810e+04 2.14977 5.545004e-01
7.580000e-01 4.573910e+00 2.233609e+00 2.582701e+00 1.039707e+01 1.131915e+04 1.559872e+04 2.1519 5.555326e-01
7.570000e-01 4.573910e+00 2.234483e+00 2.583587e+00 1.040275e+01 1.133772e+04 1.558930e+04 2.15404 5.565616e-01
7.560000e-01 4.573910e+00 2.235357e+00 2.584474e+00 1.040845e+01 1.135619e+04 1.557986e+04 2.15618 5.575859e-01
7.550000e-01 4.573910e+00 2.236229e+00 2.585359e+00 1.041416e+01 1.137454e+04 1.557039e+04 2.15832 5.586054e-01
7.540000e-01 4.573910e+00 2.237102e+00 2.586247e+00 1.041990e+01 1.139283e+04 1.556089e+04 2.16047 5.596218e-01
7.530000e-01 4.573910e+00 2.238016e+00 2.587193e+00 1.042575e+01 1.141099e+04 1.555121e+04 2.16265 5.606234e-01
7.520000e-01 4.573910e+00 2.238891e+00 2.588082e+00 1.043153e+01 1.142910e+04 1.554163e+04 2.1648 5.616323e-01
7.510000e-01 4.573910e+00 2.239765e+00 2.588973e+00 1.043733e+01 1.144713e+04 1.553202e+04 2.16695 5.626374e-01
7.500000e-01 4.573910e+00 2.240638e+00 2.589862e+00 1.044315e+01 1.146504e+04 1.552240e+04 2.1691 5.636373e-01
7.490000e-01 4.573910e+00 2.241509e+00 2.590749e+00 1.044898e+01 1.148283e+04 1.551274e+04 2.17125 5.646318e-01
7.480000e-01 4.573910e+00 2.242378e+00 2.591634e+00 1.045483e+01 1.150048e+04 1.550308e+04 2.1734 5.656196e-01
7.470000e-01 4.573910e+00 2.243245e+00 2.592514e+00 1.046068e+01 1.151798e+04 1.549339e+04 2.17554 5.666014e-01
7.460000e-01 4.573910e+00 2.244111e+00 2.593396e+00 1.046656e+01 1.153542e+04 1.548367e+04 2.17769 5.675804e-01
7.450000e-01 4.573910e+00 2.244978e+00 2.594277e+00 1.047246e+01 1.155279e+04 1.547390e+04 2.17984 5.685565e-01
7.440000e-01 4.573910e+00 2.245845e+00 2.595160e+00 1.047840e+01 1.157008e+04 1.546409e+04 2.18199 5.695298e-01
7.430000e-01 4.573910e+00 2.246714e+00 2.596047e+00 1.048436e+01 1.158732e+04 1.545423e+04 2.18415 5.705008e-01
7.420000e-01 4.573910e+00 2.247583e+00 2.596933e+00 1.049034e+01 1.160448e+04 1.544434e+04 2.1863 5.714682e-01
7.410000e-01 4.573910e+00 2.248452e+00 2.597819e+00 1.049635e+01 1.162155e+04 1.543440e+04 2.18846 5.724312e-01
7.400000e-01 4.573910e+00 2.249319e+00 2.598706e+00 1.050237e+01 1.163851e+04 1.542444e+04 2.19062 5.733897e-01
7.390000e-01 4.573910e+00 2.250186e+00 2.599591e+00 1.050842e+01 1.165538e+04 1.541444e+04 2.19278 5.743440e-01
7.380000e-01 4.573910e+00 2.251054e+00 2.600479e+00 1.051449e+01 1.167219e+04 1.540440e+04 2.19494 5.752959e-01
7.370000e-01 4.573910e+00 2.251921e+00 2.601365e+00 1.052059e+01 1.168892e+04 1.539432e+04 2.1971 5.762436e-01
7.360000e-01 4.573910e+00 2.252787e+00 2.602252e+00 1.052670e+01 1.170554e+04 1.538420e+04 2.19927 5.771869e-01
7.350000e-01 4.573910e+00 2.253653e+00 2.603139e+00 1.053284e+01 1.172207e+04 1.537405e+04 2.20143 5.781258e-01
7.340000e-01 4.573910e+00 2.254516e+00 2.604024e+00 1.053899e+01 1.173848e+04 1.536387e+04 2.20359 5.790593e-01
7.330000e-01 4.573910e+00 2.255377e+00 2.604905e+00 1.054516e+01 1.175476e+04 1.535367e+04 2.20574 5.799863e-01
7.320000e-01 4.573910e+00 2.256235e+00 2.605782e+00 1.055133e+01 1.177090e+04 1.534345e+04 2.2079 5.809071e-01
7.310000e-01 4.573910e+00 2.257091e+00 2.606657e+00 1.055753e+01 1.178694e+04 1.533320e+04 2.21005 5.818237e-01
7.300000e-01 4.573910e+00 2.257948e+00 2.607532e+00 1.056375e+01 1.180292e+04 1.532289e+04 2.2122 5.827379e-01
7.290000e-01 4.573910e+00 2.258804e+00 2.608409e+00 1.057001e+01 1.181883e+04 1.531253e+04 2.21436 5.836489e-01
7.280000e-01 4.573910e+00 2.259661e+00 2.609285e+00 1.057629e+01 1.183467e+04 1.530212e+04 2.21651 5.845570e-01
7.270000e-01 4.573910e+00 2.260517e+00 2.610163e+00 1.058260e+01 1.185044e+04 1.529166e+04 2.21867 5.854616e-01
7.260000e-01 4.573910e+00 2.261373e+00 2.611041e+00 1.058894e+01 1.186612e+04 1.528117e+04 2.22083 5.863622e-01
7.250000e-01 4.573910e+00 2.262228e+00 2.611918e+00 1.059529e+01 1.188170e+04 1.527063e+04 2.22298 5.872582e-01
7.240000e-01 4.573910e+00 2.263081e+00 2.612793e+00 1.060167e+01 1.189718e+04 1.526006e+04 2.22514 5.881496e-01
7.230000e-01 4.573910e+00 2.263972e+00 2.613724e+00 1.060817e+01 1.191254e+04 1.524930e+04 2.22733 5.890257e-01
7.220000e-01 4.573910e+00 2.264825e+00 2.614602e+00 1.061460e+01 1.192788e+04 1.523863e+04 2.22949 5.899101e-01
7.210000e-01 4.573910e+00 2.265677e+00 2.615479e+00 1.062106e+01 1.194312e+04 1.522792e+04 2.23164 5.907904e-01
7.200000e-01 4.573910e+00 2.266527e+00 2.616353e+00 1.062754e+01 1.195826e+04 1.521717e+04 2.23379 5.916658e-01
7.190000e-01 4.573910e+00 2.267374e+00 2.617225e+00 1.063403e+01 1.197328e+04 1.520639e+04 2.23594 5.925359e-01
7.180000e-01 4.573910e+00 2.266961e+00 2.616624e+00 1.063658e+01 1.199442e+04 1.520339e+04 2.23651 5.939498e-01
7.170000e-01 4.573910e+00 2.269053e+00 2.618948e+00 1.064704e+01 1.200295e+04 1.518481e+04 2.24023 5.942618e-01
7.160000e-01 4.573910e+00 2.268612e+00 2.618315e+00 1.064958e+01 1.202391e+04 1.518180e+04 2.24075 5.956688e-01
7.150000e-01 4.573910e+00 2.270729e+00 2.620669e+00 1.066015e+01 1.203220e+04 1.516303e+04 2.2445 5.959658e-01
7.140000e-01 4.573910e+00 2.270272e+00 2.620019e+00 1.066271e+01 1.205308e+04 1.516000e+04 2.245 5.973737e-01
7.130000e-01 4.573910e+00 2.272403e+00 2.622390e+00 1.067340e+01 1.206117e+04 1.514102e+04 2.24878 5.976571e-01
7.120000e-01 4.573910e+00 2.271932e+00 2.621727e+00 1.067596e+01 1.208197e+04 1.513797e+04 2.24926 5.990651e-01
7.110000e-01 4.573910e+00 2.274075e+00 2.624114e+00 1.068676e+01 1.208983e+04 1.511881e+04 2.25305 5.993342e-01
7.100000e-01 4.573910e+00 2.273579e+00 2.623424e+00 1.068932e+01 1.211049e+04 1.511576e+04 2.2535 6.007392e-01
7.090000e-01 4.573910e+00 2.273449e+00 2.623009e+00 1.069259e+01 1.212902e+04 1.511118e+04 2.2551 6.021546e-01
7.080000e-01 4.573910e+00 2.276592e+00 2.626721e+00 1.070704e+01 1.213209e+04 1.508510e+04 2.25947 6.018103e-01
7.070000e-01 4.573910e+00 2.276053e+00 2.625981e+00 1.070959e+01 1.215262e+04 1.508208e+04 2.25986 6.032178e-01
7.060000e-01 4.573910e+00 2.275893e+00 2.625532e+00 1.071286e+01 1.217097e+04 1.507747e+04 2.26143 6.046317e-01
7.050000e-01 4.573910e+00 2.279076e+00 2.629291e+00 1.072753e+01 1.217357e+04 1.505105e+04 2.26586 6.042569e-01
7.040000e-01 4.573910e+00 2.278497e+00 2.628506e+00 1.073006e+01 1.219389e+04 1.504802e+04 2.26618 6.056587e-01
7.030000e-01 4.573910e+00 2.278301e+00 2.628015e+00 1.073333e+01 1.221198e+04 1.504341e+04 2.26769 6.070634e-01
7.020000e-01 4.573910e+00 2.281536e+00 2.631836e+00 1.074819e+01 1.221401e+04 1.501669e+04 2.27222 6.066543e-01
7.010000e-01 4.573910e+00 2.280910e+00 2.630997e+00 1.075071e+01 1.223407e+04 1.501368e+04 2.27246 6.080487e-01
7.000000e-01 4.573910e+00 2.280694e+00 2.630483e+00 1.075400e+01 1.225193e+04 1.500904e+04 2.27394 6.094486e-01
6.990000e-01 4.573910e+00 2.283974e+00 2.634359e+00 1.076909e+01 1.225356e+04 1.498194e+04 2.27855 6.090116e-01
6.980000e-01 4.573910e+00 2.283320e+00 2.633491e+00 1.077162e+01 1.227350e+04 1.497890e+04 2.27876 6.104082e-01
6.970000e-01 4.573910e+00 2.283075e+00 2.632944e+00 1.077493e+01 1.229121e+04 1.497421e+04 2.2802 6.118076e-01
6.960000e-01 4.573910e+00 2.286401e+00 2.636878e+00 1.079029e+01 1.229241e+04 1.494667e+04 2.28487 6.113363e-01
6.950000e-01 4.573910e+00 2.285707e+00 2.635966e+00 1.079282e+01 1.231217e+04 1.494363e+04 2.28501 6.127302e-01
6.940000e-01 4.573910e+00 2.285430e+00 2.635382e+00 1.079613e+01 1.232968e+04 1.493890e+04 2.28641 6.141256e-01
6.930000e-01 4.573910e+00 2.288843e+00 2.639431e+00 1.081183e+01 1.233037e+04 1.491081e+04 2.29118 6.136084e-01
6.920000e-01 4.573910e+00 2.288094e+00 2.638453e+00 1.081432e+01 1.235000e+04 1.490781e+04 2.29126 6.150077e-01
6.910000e-01 4.573910e+00 2.287778e+00 2.637823e+00 1.081763e+01 1.236735e+04 1.490307e+04 2.2926 6.164023e-01
6.900000e-01 4.573910e+00 2.291230e+00 2.641917e+00 1.083355e+01 1.236756e+04 1.487461e+04 2.29743 6.158517e-01
6.890000e-01 4.573910e+00 2.290432e+00 2.640884e+00 1.083602e+01 1.238697e+04 1.487160e+04 2.29742 6.172453e-01
6.880000e-01 4.573910e+00 2.290071e+00 2.640199e+00 1.083932e+01 1.240404e+04 1.486686e+04 2.29868 6.186305e-01
6.870000e-01 4.573910e+00 2.293581e+00 2.644361e+00 1.085544e+01 1.240368e+04 1.483805e+04 2.30361 6.180419e-01
6.860000e-01 4.573910e+00 2.292735e+00 2.643271e+00 1.085789e+01 1.242288e+04 1.483505e+04 2.30352 6.194313e-01
6.850000e-01 4.573910e+00 2.292347e+00 2.642556e+00 1.086121e+01 1.243975e+04 1.483025e+04 2.30475 6.208140e-01
6.840000e-01 4.573910e+00 2.295905e+00 2.646777e+00 1.087762e+01 1.243899e+04 1.480097e+04 2.30973 6.201917e-01
6.830000e-01 4.573910e+00 2.295020e+00 2.645647e+00 1.088007e+01 1.245806e+04 1.479794e+04 2.30959 6.215830e-01
6.820000e-01 4.573910e+00 2.294596e+00 2.644889e+00 1.088340e+01 1.247478e+04 1.479309e+04 2.31077 6.229649e-01
6.810000e-01 4.573910e+00 2.298205e+00 2.649174e+00 1.090010e+01 1.247353e+04 1.476332e+04 2.31581 6.223022e-01
6.800000e-01 4.573910e+00 2.297272e+00 2.647988e+00 1.090254e+01 1.249242e+04 1.476027e+04 2.31558 6.236916e-01
6.790000e-01 4.573910e+00 2.296813e+00 2.647191e+00 1.090588e+01 1.250896e+04 1.475537e+04 2.31671 6.250705e-01
6.780000e-01 4.573910e+00 2.300510e+00 2.651591e+00 1.092294e+01 1.250719e+04 1.472499e+04 2.32185 6.243571e-01
6.770000e-01 4.573910e+00 2.299517e+00 2.650335e+00 1.092535e+01 1.252595e+04 1.472197e+04 2.32155 6.257520e-01
6.760000e-01 4.573910e+00 2.299012e+00 2.649482e+00 1.092868e+01 1.254230e+04 1.471707e+04 2.3226 6.271292e-01
6.750000e-01 4.573910e+00 2.302752e+00 2.653934e+00 1.094598e+01 1.254000e+04 1.468629e+04 2.3278 6.263784e-01
6.740000e-01 4.573910e+00 2.301702e+00 2.652612e+00 1.094836e+01 1.255853e+04 1.468329e+04 2.3274 6.277674e-01
6.730000e-01 4.573910e+00 2.301151e+00 2.651704e+00 1.095167e+01 1.257459e+04 1.467837e+04 2.32838 6.291352e-01
6.720000e-01 4.573910e+00 2.304954e+00 2.656232e+00 1.096923e+01 1.257174e+04 1.464723e+04 2.33368 6.283465e-01
6.710000e-01 4.573910e+00 2.303854e+00 2.654854e+00 1.097159e+01 1.259009e+04 1.464421e+04 2.3332 6.297355e-01
6.700000e-01 4.573910e+00 2.303272e+00 2.653911e+00 1.097493e+01 1.260600e+04 1.463924e+04 2.33414 6.311043e-01
6.690000e-01 4.573910e+00 2.307125e+00 2.658501e+00 1.099281e+01 1.260269e+04 1.460755e+04 2.33949 6.302748e-01
6.680000e-01 4.573910e+00 2.305978e+00 2.657071e+00 1.099518e+01 1.262090e+04 1.460450e+04 2.33894 6.316658e-01
6.670000e-01 4.573910e+00 2.305352e+00 2.656078e+00 1.099852e+01 1.263664e+04 1.459948e+04 2.33982 6.330327e-01
6.660000e-01 4.573910e+00 2.309261e+00 2.660737e+00 1.101672e+01 1.263280e+04 1.456727e+04 2.34522 6.321575e-01
6.650000e-01 4.573910e+00 2.308059e+00 2.659245e+00 1.101907e+01 1.265086e+04 1.456420e+04 2.34459 6.335485e-01
6.640000e-01 4.573910e+00 2.310689e+00 2.662243e+00 1.103290e+01 1.265236e+04 1.453995e+04 2.34902 6.333771e-01
6.630000e-01 4.573910e+00 2.309441e+00 2.660697e+00 1.103522e+01 1.267033e+04 1.453690e+04 2.34831 6.347716e-01
6.620000e-01 4.573910e+00 2.312075e+00 2.663698e+00 1.104915e+01 1.267157e+04 1.451248e+04 2.35275 6.345837e-01
6.610000e-01 4.573910e+00 2.310784e+00 2.662101e+00 1.105144e+01 1.268940e+04 1.450943e+04 2.35197 6.359761e-01
6.600000e-01 4.573910e+00 2.313438e+00 2.665127e+00 1.106550e+01 1.269030e+04 1.448481e+04 2.35642 6.357649e-01
6.590000e-01 4.573910e+00 2.312102e+00 2.663475e+00 1.106776e+01 1.270795e+04 1.448177e+04 2.35556 6.371521e-01
6.580000e-01 4.573910e+00 2.314777e+00 2.666527e+00 1.108195e+01 1.270856e+04 1.445694e+04 2.36004 6.369207e-01
6.570000e-01 4.573910e+00 2.313406e+00 2.664837e+00 1.108421e+01 1.272613e+04 1.445388e+04 2.35913 6.383109e-01
6.560000e-01 4.573910e+00 2.316100e+00 2.667913e+00 1.109858e+01 1.272648e+04 1.442875e+04 2.36363 6.380583e-01
6.550000e-01 4.573910e+00 2.314693e+00 2.666183e+00 1.110084e+01 1.274397e+04 1.442567e+04 2.36267 6.394512e-01
6.540000e-01 4.573910e+00 2.317405e+00 2.669283e+00 1.111538e+01 1.274403e+04 1.440025e+04 2.36717 6.391756e-01
6.530000e-01 4.573910e+00 2.315962e+00 2.667513e+00 1.111763e+01 1.276140e+04 1.439715e+04 2.36615 6.405681e-01
6.520000e-01 4.573910e+00 2.318722e+00 2.670680e+00 1.113242e+01 1.276110e+04 1.437136e+04 2.3707 6.402580e-01
6.510000e-01 4.573910e+00 2.317225e+00 2.668846e+00 1.113462e+01 1.277841e+04 1.436830e+04 2.36961 6.416579e-01
6.500000e-01 4.573910e+00 2.319990e+00 2.672017e+00 1.114954e+01 1.277785e+04 1.434229e+04 2.37416 6.413319e-01
6.490000e-01 4.573910e+00 2.318451e+00 2.670133e+00 1.115173e+01 1.279505e+04 1.433922e+04 2.37299 6.427324e-01
6.480000e-01 4.573910e+00 2.321236e+00 2.673330e+00 1.116681e+01 1.279418e+04 1.431296e+04 2.37756 6.423820e-01
6.470000e-01 4.573910e+00 2.319653e+00 2.671397e+00 1.116898e+01 1.281123e+04 1.430989e+04 2.37632 6.437803e-01
6.460000e-01 4.573910e+00 2.322456e+00 2.674615e+00 1.118419e+01 1.281002e+04 1.428342e+04 2.38091 6.434052e-01
6.450000e-01 4.573910e+00 2.320823e+00 2.672621e+00 1.118633e+01 1.282690e+04 1.428036e+04 2.37958 6.447995e-01
6.440000e-01 4.573910e+00 2.323648e+00 2.675869e+00 1.120169e+01 1.282539e+04 1.425365e+04 2.38419 6.444026e-01
6.430000e-01 4.573910e+00 2.321974e+00 2.673828e+00 1.120383e+01 1.284219e+04 1.425056e+04 2.38279 6.458008e-01
6.420000e-01 4.573910e+00 2.324818e+00 2.677101e+00 1.121939e+01 1.284040e+04 1.422351e+04 2.38741 6.453787e-01
6.410000e-01 4.573910e+00 2.323100e+00 2.675011e+00 1.122152e+01 1.285712e+04 1.422040e+04 2.38595 6.467796e-01
6.400000e-01 4.573910e+00 2.325993e+00 2.678351e+00 1.123736e+01 1.285495e+04 1.419290e+04 2.39059 6.463186e-01
6.390000e-01 4.573910e+00 2.324219e+00 2.676194e+00 1.123943e+01 1.287159e+04 1.418982e+04 2.38905 6.477244e-01
6.380000e-01 4.573910e+00 2.327113e+00 2.679532e+00 1.125541e+01 1.286914e+04 1.416211e+04 2.39368 6.472448e-01
6.370000e-01 4.573910e+00 2.325293e+00 2.677324e+00 1.125747e+01 1.288569e+04 1.415901e+04 2.39207 6.486533e-01
6.360000e-01 4.573910e+00 2.328209e+00 2.680691e+00 1.127364e+01 1.288294e+04 1.413098e+04 2.39671 6.481477e-01
6.350000e-01 4.573910e+00 2.326341e+00 2.678427e+00 1.127569e+01 1.289938e+04 1.412787e+04 2.39501 6.495567e-01
6.340000e-01 4.573910e+00 2.329277e+00 2.681822e+00 1.129203e+01 1.289629e+04 1.409957e+04 2.39967 6.490243e-01
6.330000e-01 4.573910e+00 2.329810e+00 2.682387e+00 1.130131e+01 1.290274e+04 1.408372e+04 2.40113 6.494462e-01
6.320000e-01 4.573910e+00 2.330325e+00 2.682930e+00 1.131058e+01 1.290908e+04 1.406788e+04 2.40256 6.498653e-01
6.310000e-01 4.573910e+00 2.330832e+00 2.683465e+00 1.131988e+01 1.291533e+04 1.405197e+04 2.40397 6.502786e-01
6.300000e-01 4.573910e+00 2.331331e+00 2.683990e+00 1.132925e+01 1.292148e+04 1.403595e+04 2.40536 6.506859e-01
6.290000e-01 4.573910e+00 2.331823e+00 2.684509e+00 1.133867e+01 1.292753e+04 1.401983e+04 2.40673 6.510865e-01
6.280000e-01 4.573910e+00 2.332307e+00 2.685021e+00 1.134814e+01 1.293349e+04 1.400361e+04 2.40808 6.514806e-01
6.270000e-01 4.573910e+00 2.332784e+00 2.685523e+00 1.135765e+01 1.293933e+04 1.398729e+04 2.4094 6.518674e-01
6.260000e-01 4.573910e+00 2.333252e+00 2.686018e+00 1.136722e+01 1.294507e+04 1.397089e+04 2.4107 6.522473e-01
6.250000e-01 4.573910e+00 2.333713e+00 2.686505e+00 1.137683e+01 1.295070e+04 1.395441e+04 2.41199 6.526203e-01
6.240000e-01 4.573910e+00 2.334167e+00 2.686985e+00 1.138649e+01 1.295622e+04 1.393784e+04 2.41325 6.529873e-01
6.230000e-01 4.573910e+00 2.334614e+00 2.687459e+00 1.139621e+01 1.296164e+04 1.392118e+04 2.4145 6.533478e-01
6.220000e-01 4.573910e+00 2.335083e+00 2.687968e+00 1.140605e+01 1.296688e+04 1.390431e+04 2.41576 6.536894e-01
6.210000e-01 4.573910e+00 2.335516e+00 2.688429e+00 1.141586e+01 1.297206e+04 1.388751e+04 2.41697 6.540356e-01
6.200000e-01 4.573910e+00 2.335940e+00 2.688879e+00 1.142570e+01 1.297712e+04 1.387064e+04 2.41816 6.543748e-01
6.190000e-01 4.573910e+00 2.336354e+00 2.689317e+00 1.143557e+01 1.298204e+04 1.385373e+04 2.41932 6.547059e-01
6.180000e-01 4.573910e+00 2.336759e+00 2.689744e+00 1.144548e+01 1.298684e+04 1.383674e+04 2.42046 6.550294e-01
6.170000e-01 4.573910e+00 2.337154e+00 2.690161e+00 1.145545e+01 1.299154e+04 1.381965e+04 2.42157 6.553464e-01
6.160000e-01 4.573910e+00 2.337542e+00 2.690570e+00 1.146548e+01 1.299613e+04 1.380245e+04 2.42267 6.556564e-01
6.150000e-01 4.573910e+00 2.337921e+00 2.690972e+00 1.147557e+01 1.300063e+04 1.378514e+04 2.42374 6.559597e-01
6.140000e-01 4.573910e+00 2.338293e+00 2.691365e+00 1.148572e+01 1.300500e+04 1.376774e+04 2.42479 6.562560e-01
6.130000e-01 4.573910e+00 2.338656e+00 2.691751e+00 1.149592e+01 1.300927e+04 1.375025e+04 2.42581 6.565450e-01
6.120000e-01 4.573910e+00 2.339010e+00 2.692128e+00 1.150617e+01 1.301343e+04 1.373268e+04 2.42681 6.568268e-01
6.110000e-01 4.573910e+00 2.339356e+00 2.692494e+00 1.151648e+01 1.301747e+04 1.371500e+04 2.42779 6.571015e-01
6.100000e-01 4.573910e+00 2.339691e+00 2.692852e+00 1.152685e+01 1.302140e+04 1.369722e+04 2.42874 6.573682e-01
6.090000e-01 4.573910e+00 2.340016e+00 2.693197e+00 1.153727e+01 1.302522e+04 1.367934e+04 2.42966 6.576266e-01
6.080000e-01 4.573910e+00 2.340331e+00 2.693532e+00 1.154773e+01 1.302892e+04 1.366138e+04 2.43054 6.578763e-01
6.070000e-01 4.573910e+00 2.340664e+00 2.693896e+00 1.155832e+01 1.303242e+04 1.364323e+04 2.43143 6.581055e-01
6.060000e-01 4.573910e+00 2.340959e+00 2.694207e+00 1.156886e+01 1.303585e+04 1.362513e+04 2.43226 6.583375e-01
6.050000e-01 4.573910e+00 2.341243e+00 2.694506e+00 1.157944e+01 1.303916e+04 1.360698e+04 2.43306 6.585623e-01
6.040000e-01 4.573910e+00 2.341518e+00 2.694796e+00 1.159009e+01 1.304236e+04 1.358871e+04 2.43384 6.587804e-01
6.030000e-01 4.573910e+00 2.341784e+00 2.695076e+00 1.160081e+01 1.304544e+04 1.357033e+04 2.4346 6.589912e-01
6.020000e-01 4.573910e+00 2.342041e+00 2.695349e+00 1.161160e+01 1.304843e+04 1.355185e+04 2.43533 6.591951e-01
6.010000e-01 4.573910e+00 2.342288e+00 2.695610e+00 1.162245e+01 1.305128e+04 1.353326e+04 2.43603 6.593910e-01
6.000000e-01 4.573910e+00 2.342526e+00 2.695863e+00 1.163336e+01 1.305403e+04 1.351457e+04 2.43671 6.595789e-01
5.990000e-01 4.573910e+00 2.342755e+00 2.696106e+00 1.164433e+01 1.305666e+04 1.349580e+04 2.43736 6.597591e-01
5.980000e-01 4.573910e+00 2.342972e+00 2.696337e+00 1.165537e+01 1.305916e+04 1.347691e+04 2.43798 6.599316e-01
5.970000e-01 4.573910e+00 2.343182e+00 2.696561e+00 1.166648e+01 1.306156e+04 1.345793e+04 2.43858 6.600966e-01
5.960000e-01 4.573910e+00 2.343381e+00 2.696774e+00 1.167764e+01 1.306383e+04 1.343886e+04 2.43915 6.602536e-01
5.950000e-01 4.573910e+00 2.343569e+00 2.696976e+00 1.168886e+01 1.306598e+04 1.341970e+04 2.43969 6.604020e-01
5.940000e-01 4.573910e+00 2.343746e+00 2.697165e+00 1.170012e+01 1.306801e+04 1.340047e+04 2.44019 6.605413e-01
5.930000e-01 4.573910e+00 2.343938e+00 2.697377e+00 1.171150e+01 1.306981e+04 1.338106e+04 2.44069 6.606591e-01
5.920000e-01 4.573910e+00 2.344092e+00 2.697539e+00 1.172285e+01 1.307157e+04 1.336169e+04 2.44113 6.607798e-01
5.910000e-01 4.573910e+00 2.344232e+00 2.697685e+00 1.173428e+01 1.307321e+04 1.334218e+04 2.44153 6.608926e-01
5.900000e-01 4.573910e+00 2.344363e+00 2.697821e+00 1.174578e+01 1.307474e+04 1.332256e+04 2.44191 6.609969e-01
5.890000e-01 4.573910e+00 2.344482e+00 2.697948e+00 1.175736e+01 1.307615e+04 1.330282e+04 2.44225 6.610930e-01
5.880000e-01 4.573910e+00 2.344592e+00 2.698062e+00 1.176902e+01 1.307744e+04 1.328297e+04 2.44256 6.611810e-01
5.870000e-01 4.573910e+00 2.344692e+00 2.698168e+00 1.178074e+01 1.307860e+04 1.326303e+04 2.44285 6.612612e-01
5.860000e-01 4.573910e+00 2.344782e+00 2.698263e+00 1.179253e+01 1.307964e+04 1.324300e+04 2.44311 6.613334e-01
5.850000e-01 4.573910e+00 2.344861e+00 2.698348e+00 1.180440e+01 1.308057e+04 1.322285e+04 2.44334 6.613977e-01
5.840000e-01 4.573910e+00 2.344931e+00 2.698424e+00 1.181634e+01 1.308137e+04 1.320261e+04 2.44354 6.614540e-01
5.830000e-01 4.573910e+00 2.344991e+00 2.698489e+00 1.182835e+01 1.308205e+04 1.318227e+04 2.44372 6.615022e-01
5.820000e-01 4.573910e+00 2.345039e+00 2.698541e+00 1.184041e+01 1.308260e+04 1.316185e+04 2.44386 6.615414e-01
5.810000e-01 4.573910e+00 2.345075e+00 2.698581e+00 1.185253e+01 1.308302e+04 1.314137e+04 2.44397 6.615714e-01
5.800000e-01 4.573910e+00 2.345099e+00 2.698603e+00 1.186468e+01 1.308330e+04 1.312084e+04 2.44404 6.615918e-01
5.790000e-01 4.573910e+00 2.345135e+00 2.698649e+00 1.187699e+01 1.308339e+04 1.310007e+04 2.44409 6.615910e-01
5.780000e-01 4.573910e+00 2.345134e+00 2.698645e+00 1.188931e+01 1.308342e+04 1.307927e+04 2.44409 6.615927e-01
5.782750e-01 4.573910e+00 2.345522e+00 2.699237e+00 1.188717e+01 1.308244e+04 1.308327e+04 2.44439 6.614047e-01
