1.000000e+00 4.606690e+00 2.043416e+00 2.398159e+00 9.410392e+00 0.000000e+00 1.804639e+04 0 0.000000e+00
9.990000e-01 4.606690e+00 2.045997e+00 2.400567e+00 9.422348e+00 7.780065e+02 1.790620e+04 1.72633 3.650761e-02
9.980000e-01 4.606690e+00 2.046365e+00 2.400716e+00 9.423780e+00 1.087320e+03 1.785991e+04 1.83177 5.411893e-02
9.970000e-01 4.606690e+00 2.047241e+00 2.401682e+00 9.427969e+00 1.331613e+03 1.782185e+04 1.73017 6.254854e-02
9.960000e-01 4.606690e+00 2.047372e+00 2.401546e+00 9.429419e+00 1.533782e+03 1.779255e+04 1.75311 7.299049e-02
9.950000e-01 4.606690e+00 2.047661e+00 2.401590e+00 9.431320e+00 1.711195e+03 1.776709e+04 1.76713 8.206143e-02
9.940000e-01 4.606690e+00 2.049011e+00 2.403112e+00 9.436533e+00 1.870816e+03 1.773920e+04 1.73398 8.791737e-02
9.930000e-01 4.606690e+00 2.049183e+00 2.403021e+00 9.438079e+00 2.021990e+03 1.771799e+04 1.74736 9.573865e-02
9.920000e-01 4.606690e+00 2.049555e+00 2.403185e+00 9.440082e+00 2.163044e+03 1.769807e+04 1.75872 1.030460e-01
9.910000e-01 4.606690e+00 2.050869e+00 2.404689e+00 9.445212e+00 2.294902e+03 1.767421e+04 1.73792 1.078959e-01
9.900000e-01 4.606690e+00 2.051119e+00 2.404729e+00 9.446826e+00 2.421483e+03 1.765689e+04 1.7478 1.144663e-01
9.890000e-01 4.606690e+00 2.051525e+00 2.404962e+00 9.448842e+00 2.541541e+03 1.764019e+04 1.75656 1.206961e-01
9.880000e-01 4.606690e+00 2.052791e+00 2.406425e+00 9.453865e+00 2.655192e+03 1.761904e+04 1.7419 1.248872e-01
9.870000e-01 4.606690e+00 2.053072e+00 2.406524e+00 9.455509e+00 2.765574e+03 1.760425e+04 1.74961 1.306185e-01
9.860000e-01 4.606690e+00 2.053482e+00 2.406773e+00 9.457522e+00 2.871045e+03 1.758976e+04 1.75664 1.360909e-01
9.850000e-01 4.606690e+00 2.054731e+00 2.408218e+00 9.462514e+00 2.970835e+03 1.757055e+04 1.74593 1.397920e-01
9.840000e-01 4.606690e+00 2.055005e+00 2.408308e+00 9.464162e+00 3.069429e+03 1.755758e+04 1.7521 1.449034e-01
9.830000e-01 4.606690e+00 2.055419e+00 2.408564e+00 9.466196e+00 3.164631e+03 1.754462e+04 1.75822 1.498590e-01
9.820000e-01 4.606690e+00 2.056680e+00 2.410024e+00 9.471226e+00 3.255313e+03 1.752661e+04 1.75 1.532443e-01
9.810000e-01 4.606690e+00 2.056964e+00 2.410131e+00 9.472899e+00 3.345751e+03 1.751489e+04 1.75531 1.579365e-01
9.800000e-01 4.606690e+00 2.057374e+00 2.410385e+00 9.474941e+00 3.433157e+03 1.750308e+04 1.76061 1.624863e-01
9.790000e-01 4.606690e+00 2.058685e+00 2.411909e+00 9.480082e+00 3.516208e+03 1.748588e+04 1.75416 1.655964e-01
9.780000e-01 4.606690e+00 2.058931e+00 2.411966e+00 9.481707e+00 3.599870e+03 1.747528e+04 1.7587 1.699346e-01
9.770000e-01 4.606690e+00 2.059321e+00 2.412189e+00 9.483736e+00 3.680801e+03 1.746443e+04 1.76335 1.741489e-01
9.760000e-01 4.606690e+00 2.060641e+00 2.413715e+00 9.488911e+00 3.757024e+03 1.744804e+04 1.75828 1.770173e-01
9.750000e-01 4.606690e+00 2.060848e+00 2.413714e+00 9.490514e+00 3.834409e+03 1.743838e+04 1.76208 1.810166e-01
9.740000e-01 4.606690e+00 2.061219e+00 2.413902e+00 9.492550e+00 3.909767e+03 1.742831e+04 1.76632 1.849518e-01
9.730000e-01 4.606690e+00 2.062578e+00 2.415463e+00 9.497828e+00 3.981181e+03 1.741238e+04 1.76242 1.876667e-01
9.720000e-01 4.606690e+00 2.062795e+00 2.415471e+00 9.499468e+00 4.055010e+03 1.740326e+04 1.76601 1.914958e-01
9.710000e-01 4.606690e+00 2.063185e+00 2.415683e+00 9.501546e+00 4.127054e+03 1.739367e+04 1.77004 1.952692e-01
9.700000e-01 4.606690e+00 2.064548e+00 2.417256e+00 9.506873e+00 4.195317e+03 1.737811e+04 1.76661 1.978528e-01
9.690000e-01 4.606690e+00 2.064787e+00 2.417295e+00 9.508545e+00 4.265867e+03 1.736949e+04 1.77001 2.015204e-01
9.680000e-01 4.606690e+00 2.065189e+00 2.417528e+00 9.510645e+00 4.334758e+03 1.736036e+04 1.77381 2.051346e-01
9.670000e-01 4.606690e+00 2.066549e+00 2.419102e+00 9.515988e+00 4.399946e+03 1.734517e+04 1.77084 2.075979e-01
9.660000e-01 4.606690e+00 2.066794e+00 2.419155e+00 9.517674e+00 4.467240e+03 1.733702e+04 1.77399 2.110972e-01
9.650000e-01 4.606690e+00 2.067191e+00 2.419383e+00 9.519774e+00 4.532810e+03 1.732835e+04 1.77749 2.145364e-01
9.640000e-01 4.606690e+00 2.068560e+00 2.420966e+00 9.525140e+00 4.594719e+03 1.731354e+04 1.7751 2.168863e-01
9.630000e-01 4.606690e+00 2.068806e+00 2.421022e+00 9.526840e+00 4.659232e+03 1.730579e+04 1.77804 2.202433e-01
9.620000e-01 4.606690e+00 2.069211e+00 2.421261e+00 9.528961e+00 4.722240e+03 1.729749e+04 1.78139 2.235558e-01
9.610000e-01 4.606690e+00 2.070586e+00 2.422854e+00 9.534360e+00 4.781545e+03 1.728296e+04 1.77939 2.258079e-01
9.600000e-01 4.606690e+00 2.070830e+00 2.422911e+00 9.536070e+00 4.843445e+03 1.727560e+04 1.78212 2.290286e-01
9.590000e-01 4.606690e+00 2.071231e+00 2.423146e+00 9.538199e+00 4.903914e+03 1.726766e+04 1.78529 2.322110e-01
9.580000e-01 4.606690e+00 2.072618e+00 2.424751e+00 9.543639e+00 4.960628e+03 1.725341e+04 1.7837 2.343725e-01
9.570000e-01 4.606690e+00 2.072853e+00 2.424793e+00 9.545351e+00 5.020103e+03 1.724641e+04 1.78623 2.374659e-01
9.560000e-01 4.606690e+00 2.073235e+00 2.425002e+00 9.547476e+00 5.077982e+03 1.723882e+04 1.78917 2.405104e-01
9.550000e-01 4.606690e+00 2.074642e+00 2.426623e+00 9.552964e+00 5.131761e+03 1.722482e+04 1.78802 2.425711e-01
9.540000e-01 4.606690e+00 2.074857e+00 2.426634e+00 9.554676e+00 5.189042e+03 1.721813e+04 1.79037 2.455506e-01
9.530000e-01 4.606690e+00 2.075247e+00 2.426846e+00 9.556835e+00 5.245184e+03 1.721075e+04 1.79329 2.485185e-01
9.520000e-01 4.606690e+00 2.076677e+00 2.428494e+00 9.562413e+00 5.297613e+03 1.719678e+04 1.79238 2.505302e-01
9.510000e-01 4.606690e+00 2.076907e+00 2.428525e+00 9.564160e+00 5.353533e+03 1.719027e+04 1.7947 2.534468e-01
9.500000e-01 4.606690e+00 2.077303e+00 2.428747e+00 9.566340e+00 5.408158e+03 1.718309e+04 1.79752 2.563367e-01
9.490000e-01 4.606690e+00 2.078739e+00 2.430406e+00 9.571957e+00 5.459050e+03 1.716925e+04 1.79679 2.582869e-01
9.480000e-01 4.606690e+00 2.078979e+00 2.430454e+00 9.573726e+00 5.513431e+03 1.716295e+04 1.79905 2.611266e-01
9.470000e-01 4.606690e+00 2.079378e+00 2.430682e+00 9.575919e+00 5.566518e+03 1.715597e+04 1.80177 2.639382e-01
9.460000e-01 4.606690e+00 2.080818e+00 2.432347e+00 9.581561e+00 5.615705e+03 1.714230e+04 1.80124 2.658237e-01
9.450000e-01 4.606690e+00 2.081055e+00 2.432393e+00 9.583338e+00 5.668467e+03 1.713623e+04 1.80338 2.685793e-01
9.440000e-01 4.606690e+00 2.081457e+00 2.432625e+00 9.585548e+00 5.720079e+03 1.712944e+04 1.80604 2.713192e-01
9.430000e-01 4.606690e+00 2.082910e+00 2.434305e+00 9.591239e+00 5.767914e+03 1.711585e+04 1.80571 2.731574e-01
9.420000e-01 4.606690e+00 2.083152e+00 2.434360e+00 9.593037e+00 5.819438e+03 1.710994e+04 1.8078 2.758522e-01
9.410000e-01 4.606690e+00 2.083553e+00 2.434591e+00 9.595260e+00 5.869707e+03 1.710331e+04 1.81036 2.785222e-01
9.400000e-01 4.606690e+00 2.085016e+00 2.436284e+00 9.600992e+00 5.916007e+03 1.708983e+04 1.81022 2.803031e-01
9.390000e-01 4.606690e+00 2.085252e+00 2.436333e+00 9.602797e+00 5.966121e+03 1.708410e+04 1.81221 2.829241e-01
9.380000e-01 4.606690e+00 2.085646e+00 2.436554e+00 9.605024e+00 6.014934e+03 1.707765e+04 1.81467 2.855190e-01
9.370000e-01 4.606690e+00 2.087123e+00 2.438261e+00 9.610794e+00 6.059481e+03 1.706429e+04 1.81474 2.872375e-01
9.360000e-01 4.606690e+00 2.087335e+00 2.438277e+00 9.612585e+00 6.107934e+03 1.705878e+04 1.81658 2.897683e-01
9.350000e-01 4.606690e+00 2.087719e+00 2.438481e+00 9.614818e+00 6.155242e+03 1.705252e+04 1.81897 2.922895e-01
9.340000e-01 4.606690e+00 2.089223e+00 2.440215e+00 9.620659e+00 6.198513e+03 1.703920e+04 1.81928 2.939706e-01
9.330000e-01 4.606690e+00 2.089442e+00 2.440238e+00 9.622482e+00 6.246211e+03 1.703379e+04 1.82111 2.964694e-01
9.320000e-01 4.606690e+00 2.089836e+00 2.440454e+00 9.624750e+00 6.292786e+03 1.702761e+04 1.8235 2.989582e-01
9.310000e-01 4.606690e+00 2.091350e+00 2.442202e+00 9.630658e+00 6.335213e+03 1.701428e+04 1.82387 3.006003e-01
9.300000e-01 4.606690e+00 2.091578e+00 2.442239e+00 9.632505e+00 6.382000e+03 1.700899e+04 1.82568 3.030549e-01
9.290000e-01 4.606690e+00 2.091975e+00 2.442462e+00 9.634791e+00 6.427632e+03 1.700292e+04 1.82802 3.054965e-01
9.280000e-01 4.606690e+00 2.093540e+00 2.444280e+00 9.640820e+00 6.469010e+03 1.698950e+04 1.82855 3.070922e-01
9.270000e-01 4.606690e+00 2.093739e+00 2.444280e+00 9.642624e+00 6.514778e+03 1.698444e+04 1.83027 3.094973e-01
9.260000e-01 4.606690e+00 2.094124e+00 2.444487e+00 9.644901e+00 6.559352e+03 1.697854e+04 1.83254 3.118865e-01
9.250000e-01 4.606690e+00 2.095697e+00 2.446314e+00 9.650966e+00 6.599688e+03 1.696518e+04 1.83321 3.134476e-01
9.240000e-01 4.606690e+00 2.095899e+00 2.446319e+00 9.652790e+00 6.644662e+03 1.696023e+04 1.8349 3.158149e-01
9.230000e-01 4.606690e+00 2.096289e+00 2.446532e+00 9.655091e+00 6.688474e+03 1.695441e+04 1.83715 3.181686e-01
9.220000e-01 4.606690e+00 2.097872e+00 2.448373e+00 9.661212e+00 6.727921e+03 1.694106e+04 1.83791 3.196936e-01
9.210000e-01 4.606690e+00 2.098072e+00 2.448376e+00 9.663049e+00 6.772005e+03 1.693621e+04 1.83956 3.220157e-01
9.200000e-01 4.606690e+00 2.098458e+00 2.448584e+00 9.665361e+00 6.814889e+03 1.693049e+04 1.84175 3.243228e-01
9.190000e-01 4.606690e+00 2.100056e+00 2.450441e+00 9.671532e+00 6.853224e+03 1.691716e+04 1.84264 3.258072e-01
9.180000e-01 4.606690e+00 2.100241e+00 2.450425e+00 9.673365e+00 6.896232e+03 1.691244e+04 1.8442 3.280721e-01
9.170000e-01 4.606690e+00 2.100609e+00 2.450608e+00 9.675671e+00 6.937945e+03 1.690686e+04 1.84631 3.303177e-01
9.160000e-01 4.606690e+00 2.102233e+00 2.452491e+00 9.681900e+00 6.975057e+03 1.689355e+04 1.84738 3.317637e-01
9.150000e-01 4.606690e+00 2.102412e+00 2.452465e+00 9.683747e+00 7.017348e+03 1.688891e+04 1.84891 3.339951e-01
9.140000e-01 4.606690e+00 2.102791e+00 2.452659e+00 9.686091e+00 7.058534e+03 1.688336e+04 1.85104 3.362219e-01
9.130000e-01 4.606690e+00 2.104430e+00 2.454561e+00 9.692400e+00 7.095122e+03 1.686998e+04 1.85217 3.376438e-01
9.120000e-01 4.606690e+00 2.104616e+00 2.454547e+00 9.694274e+00 7.136828e+03 1.686540e+04 1.8537 3.398486e-01
9.110000e-01 4.606690e+00 2.104998e+00 2.454746e+00 9.696636e+00 7.177360e+03 1.685991e+04 1.8558 3.420431e-01
9.100000e-01 4.606690e+00 2.106647e+00 2.456662e+00 9.702995e+00 7.213209e+03 1.684652e+04 1.857 3.434350e-01
9.090000e-01 4.606690e+00 2.106833e+00 2.456651e+00 9.704882e+00 7.254182e+03 1.684202e+04 1.8585 3.456026e-01
9.080000e-01 4.606690e+00 2.107209e+00 2.456845e+00 9.707249e+00 7.293909e+03 1.683663e+04 1.86055 3.477554e-01
9.070000e-01 4.606690e+00 2.108873e+00 2.458778e+00 9.713650e+00 7.328862e+03 1.682325e+04 1.86186 3.491157e-01
9.060000e-01 4.606690e+00 2.109057e+00 2.458765e+00 9.715550e+00 7.369166e+03 1.681884e+04 1.86332 3.512503e-01
9.050000e-01 4.606690e+00 2.109437e+00 2.458964e+00 9.717941e+00 7.408304e+03 1.681349e+04 1.86537 3.533772e-01
9.040000e-01 4.606690e+00 2.111113e+00 2.460914e+00 9.724402e+00 7.442632e+03 1.680009e+04 1.86675 3.547130e-01
9.030000e-01 4.606690e+00 2.111296e+00 2.460900e+00 9.726318e+00 7.482321e+03 1.679574e+04 1.86819 3.568175e-01
9.020000e-01 4.606690e+00 2.111672e+00 2.461095e+00 9.728723e+00 7.520794e+03 1.679046e+04 1.87021 3.589114e-01
9.010000e-01 4.606690e+00 2.113365e+00 2.463064e+00 9.735241e+00 7.554303e+03 1.677704e+04 1.87168 3.602165e-01
9.000000e-01 4.606690e+00 2.113537e+00 2.463036e+00 9.737161e+00 7.593241e+03 1.677277e+04 1.87306 3.622823e-01
8.990000e-01 4.606690e+00 2.113898e+00 2.463210e+00 9.739563e+00 7.630852e+03 1.676759e+04 1.87501 3.643314e-01
8.980000e-01 4.606690e+00 2.115613e+00 2.465202e+00 9.746137e+00 7.663327e+03 1.675416e+04 1.87662 3.656010e-01
8.970000e-01 4.606690e+00 2.115773e+00 2.465158e+00 9.748063e+00 7.701618e+03 1.674997e+04 1.87796 3.676356e-01
8.960000e-01 4.606690e+00 2.116142e+00 2.465339e+00 9.750499e+00 7.738774e+03 1.674481e+04 1.87994 3.696690e-01
8.950000e-01 4.606690e+00 2.117876e+00 2.467353e+00 9.757164e+00 7.770869e+03 1.673128e+04 1.8816 3.709228e-01
8.940000e-01 4.606690e+00 2.118044e+00 2.467320e+00 9.759122e+00 7.808794e+03 1.672712e+04 1.88296 3.729429e-01
8.930000e-01 4.606690e+00 2.118414e+00 2.467504e+00 9.761581e+00 7.845505e+03 1.672199e+04 1.88492 3.749555e-01
8.920000e-01 4.606690e+00 2.120162e+00 2.469537e+00 9.768311e+00 7.877051e+03 1.670840e+04 1.88664 3.761851e-01
8.910000e-01 4.606690e+00 2.120330e+00 2.469507e+00 9.770285e+00 7.914441e+03 1.670428e+04 1.88798 3.781789e-01
8.900000e-01 4.606690e+00 2.120695e+00 2.469686e+00 9.772753e+00 7.950541e+03 1.669921e+04 1.8899 3.801603e-01
8.890000e-01 4.606690e+00 2.122458e+00 2.471737e+00 9.779531e+00 7.981339e+03 1.668561e+04 1.8917 3.813620e-01
8.880000e-01 4.606690e+00 2.122620e+00 2.471702e+00 9.781515e+00 8.018162e+03 1.668156e+04 1.89301 3.833277e-01
8.870000e-01 4.606690e+00 2.122988e+00 2.471885e+00 9.784003e+00 8.053763e+03 1.667653e+04 1.89493 3.852872e-01
8.860000e-01 4.606690e+00 2.124766e+00 2.473954e+00 9.790846e+00 8.084041e+03 1.666287e+04 1.8968 3.864692e-01
8.850000e-01 4.606690e+00 2.124926e+00 2.473919e+00 9.792847e+00 8.120393e+03 1.665887e+04 1.89809 3.884123e-01
8.840000e-01 4.606690e+00 2.125289e+00 2.474096e+00 9.795349e+00 8.155469e+03 1.665388e+04 1.89998 3.903465e-01
8.830000e-01 4.606690e+00 2.127085e+00 2.476187e+00 9.802254e+00 8.185068e+03 1.664018e+04 1.90193 3.915023e-01
8.820000e-01 4.606690e+00 2.127235e+00 2.476139e+00 9.804259e+00 8.220816e+03 1.663624e+04 1.90318 3.934150e-01
8.810000e-01 4.606690e+00 2.127583e+00 2.476296e+00 9.806761e+00 8.255197e+03 1.663132e+04 1.90502 3.953136e-01
8.800000e-01 4.606690e+00 2.129401e+00 2.478411e+00 9.813725e+00 8.283916e+03 1.661759e+04 1.90707 3.964381e-01
8.790000e-01 4.606690e+00 2.129537e+00 2.478344e+00 9.815734e+00 8.319116e+03 1.661371e+04 1.90828 3.983246e-01
8.780000e-01 4.606690e+00 2.129891e+00 2.478506e+00 9.818268e+00 8.353109e+03 1.660881e+04 1.91015 4.002103e-01
8.770000e-01 4.606690e+00 2.131774e+00 2.480707e+00 9.825414e+00 8.381468e+03 1.659482e+04 1.91231 4.013122e-01
8.760000e-01 4.606690e+00 2.131888e+00 2.480609e+00 9.827399e+00 8.416432e+03 1.659104e+04 1.9135 4.031954e-01
8.750000e-01 4.606690e+00 2.132233e+00 2.480760e+00 9.829940e+00 8.450101e+03 1.658618e+04 1.91535 4.050687e-01
8.740000e-01 4.606690e+00 2.134127e+00 2.482974e+00 9.837154e+00 8.478021e+03 1.657211e+04 1.91755 4.061513e-01
8.730000e-01 4.606690e+00 2.134240e+00 2.482878e+00 9.839156e+00 8.512567e+03 1.656837e+04 1.91873 4.080148e-01
8.720000e-01 4.606690e+00 2.134579e+00 2.483023e+00 9.841708e+00 8.545746e+03 1.656355e+04 1.92056 4.098639e-01
8.710000e-01 4.606690e+00 2.136490e+00 2.485258e+00 9.848979e+00 8.573034e+03 1.654944e+04 1.92282 4.109218e-01
8.700000e-01 4.606690e+00 2.136597e+00 2.485156e+00 9.850992e+00 8.607122e+03 1.654574e+04 1.92398 4.127632e-01
8.690000e-01 4.606690e+00 2.136937e+00 2.485303e+00 9.853564e+00 8.639889e+03 1.654094e+04 1.9258 4.145947e-01
8.680000e-01 4.606690e+00 2.138866e+00 2.487560e+00 9.860908e+00 8.666731e+03 1.652675e+04 1.92813 4.156349e-01
8.670000e-01 4.606690e+00 2.138967e+00 2.487454e+00 9.862935e+00 8.700424e+03 1.652309e+04 1.92927 4.174579e-01
8.660000e-01 4.606690e+00 2.139302e+00 2.487594e+00 9.865521e+00 8.732750e+03 1.651832e+04 1.93107 4.192686e-01
8.650000e-01 4.606690e+00 2.141250e+00 2.489874e+00 9.872933e+00 8.758981e+03 1.650406e+04 1.93347 4.202844e-01
8.640000e-01 4.606690e+00 2.141339e+00 2.489753e+00 9.874963e+00 8.792151e+03 1.650045e+04 1.93457 4.220814e-01
8.630000e-01 4.606690e+00 2.141657e+00 2.489871e+00 9.877547e+00 8.823869e+03 1.649573e+04 1.93632 4.238617e-01
8.620000e-01 4.606690e+00 2.143631e+00 2.492179e+00 9.885024e+00 8.849349e+03 1.648142e+04 1.93882 4.248502e-01
8.610000e-01 4.606690e+00 2.143706e+00 2.492040e+00 9.887061e+00 8.882089e+03 1.647785e+04 1.93989 4.266281e-01
8.600000e-01 4.606690e+00 2.144030e+00 2.492163e+00 9.889678e+00 8.913507e+03 1.647313e+04 1.94167 4.283997e-01
8.590000e-01 4.606690e+00 2.146026e+00 2.494497e+00 9.897257e+00 8.938703e+03 1.645868e+04 1.94422 4.293750e-01
8.580000e-01 4.606690e+00 2.146105e+00 2.494365e+00 9.899324e+00 8.971220e+03 1.645511e+04 1.9453 4.311456e-01
8.570000e-01 4.606690e+00 2.146428e+00 2.494488e+00 9.901967e+00 9.002366e+03 1.645040e+04 1.94707 4.329062e-01
8.560000e-01 4.606690e+00 2.148442e+00 2.496846e+00 9.909633e+00 9.027166e+03 1.643582e+04 1.94967 4.338623e-01
8.550000e-01 4.606690e+00 2.148517e+00 2.496711e+00 9.911716e+00 9.059325e+03 1.643228e+04 1.95074 4.356165e-01
8.540000e-01 4.606690e+00 2.148833e+00 2.496826e+00 9.914369e+00 9.090046e+03 1.642760e+04 1.95249 4.373566e-01
8.530000e-01 4.606690e+00 2.150867e+00 2.499209e+00 9.922104e+00 9.114306e+03 1.641294e+04 1.95514 4.382910e-01
8.520000e-01 4.606690e+00 2.150936e+00 2.499068e+00 9.924199e+00 9.146102e+03 1.640943e+04 1.9562 4.400288e-01
8.510000e-01 4.606690e+00 2.151252e+00 2.499184e+00 9.926875e+00 9.176502e+03 1.640475e+04 1.95795 4.417561e-01
8.500000e-01 4.606690e+00 2.153305e+00 2.501589e+00 9.934691e+00 9.200345e+03 1.638999e+04 1.96066 4.426725e-01
8.490000e-01 4.606690e+00 2.153367e+00 2.501442e+00 9.936799e+00 9.231789e+03 1.638650e+04 1.96169 4.443940e-01
8.480000e-01 4.606690e+00 2.153675e+00 2.501548e+00 9.939487e+00 9.261782e+03 1.638185e+04 1.96342 4.461027e-01
8.470000e-01 4.606690e+00 2.155749e+00 2.503979e+00 9.947375e+00 9.285051e+03 1.636701e+04 1.9662 4.469953e-01
8.460000e-01 4.606690e+00 2.155794e+00 2.503811e+00 9.949480e+00 9.316000e+03 1.636356e+04 1.96719 4.486926e-01
8.450000e-01 4.606690e+00 2.157404e+00 2.505607e+00 9.955926e+00 9.340530e+03 1.635159e+04 1.96992 4.498260e-01
8.440000e-01 4.606690e+00 2.157419e+00 2.505398e+00 9.957996e+00 9.371246e+03 1.634823e+04 1.97088 4.515181e-01
8.430000e-01 4.606690e+00 2.159034e+00 2.507197e+00 9.964481e+00 9.395593e+03 1.633622e+04 1.97364 4.526471e-01
8.420000e-01 4.606690e+00 2.159051e+00 2.506990e+00 9.966571e+00 9.426202e+03 1.633286e+04 1.9746 4.543371e-01
8.410000e-01 4.606690e+00 2.160675e+00 2.508800e+00 9.973112e+00 9.450370e+03 1.632077e+04 1.97738 4.554572e-01
8.400000e-01 4.606690e+00 2.160691e+00 2.508594e+00 9.975219e+00 9.480831e+03 1.631740e+04 1.97835 4.571421e-01
8.390000e-01 4.606690e+00 2.162324e+00 2.510415e+00 9.981808e+00 9.504780e+03 1.630525e+04 1.98115 4.582517e-01
8.380000e-01 4.606690e+00 2.162336e+00 2.510206e+00 9.983925e+00 9.535031e+03 1.630190e+04 1.9821 4.599274e-01
8.370000e-01 4.606690e+00 2.163977e+00 2.512037e+00 9.990551e+00 9.558666e+03 1.628970e+04 1.98492 4.610232e-01
8.360000e-01 4.606690e+00 2.163981e+00 2.511819e+00 9.992672e+00 9.588672e+03 1.628636e+04 1.98586 4.626877e-01
8.350000e-01 4.606690e+00 2.165633e+00 2.513664e+00 9.999342e+00 9.612054e+03 1.627411e+04 1.98871 4.637730e-01
8.340000e-01 4.606690e+00 2.165634e+00 2.513443e+00 1.000148e+01 9.641902e+03 1.627079e+04 1.98965 4.654316e-01
8.330000e-01 4.606690e+00 2.167296e+00 2.515301e+00 1.000819e+01 9.665043e+03 1.625847e+04 1.99252 4.665061e-01
8.320000e-01 4.606690e+00 2.167290e+00 2.515072e+00 1.001033e+01 9.694668e+03 1.625516e+04 1.99344 4.681548e-01
8.310000e-01 4.606690e+00 2.168961e+00 2.516940e+00 1.001709e+01 9.717497e+03 1.624279e+04 1.99634 4.692156e-01
8.300000e-01 4.606690e+00 2.168946e+00 2.516701e+00 1.001923e+01 9.746865e+03 1.623950e+04 1.99724 4.708525e-01
8.290000e-01 4.606690e+00 2.170625e+00 2.518578e+00 1.002603e+01 9.769295e+03 1.622710e+04 2.00016 4.718961e-01
8.280000e-01 4.606690e+00 2.170593e+00 2.518318e+00 1.002816e+01 9.798330e+03 1.622383e+04 2.00103 4.735169e-01
8.270000e-01 4.606690e+00 2.172286e+00 2.520209e+00 1.003500e+01 9.820442e+03 1.621138e+04 2.00399 4.745484e-01
8.260000e-01 4.606690e+00 2.172251e+00 2.519945e+00 1.003715e+01 9.849359e+03 1.620812e+04 2.00486 4.761666e-01
8.250000e-01 4.606690e+00 2.173954e+00 2.521850e+00 1.004405e+01 9.871316e+03 1.619558e+04 2.00785 4.771906e-01
8.240000e-01 4.606690e+00 2.173917e+00 2.521585e+00 1.004622e+01 9.900120e+03 1.619231e+04 2.00871 4.788062e-01
8.230000e-01 4.606690e+00 2.175632e+00 2.523503e+00 1.005317e+01 9.921895e+03 1.617968e+04 2.01172 4.798210e-01
8.220000e-01 4.606690e+00 2.176489e+00 2.524358e+00 1.005780e+01 9.947060e+03 1.617164e+04 2.01367 4.811251e-01
8.210000e-01 4.606690e+00 2.176434e+00 2.524069e+00 1.005996e+01 9.975603e+03 1.616842e+04 2.01453 4.827346e-01
8.200000e-01 4.606690e+00 2.178159e+00 2.525999e+00 1.006698e+01 9.996979e+03 1.615571e+04 2.01757 4.837326e-01
8.190000e-01 4.606690e+00 2.179018e+00 2.526857e+00 1.007164e+01 1.002177e+04 1.614764e+04 2.01953 4.850202e-01
8.180000e-01 4.606690e+00 2.179863e+00 2.527694e+00 1.007628e+01 1.004647e+04 1.613961e+04 2.02149 4.863098e-01
8.170000e-01 4.606690e+00 2.180710e+00 2.528533e+00 1.008094e+01 1.007109e+04 1.613156e+04 2.02345 4.875962e-01
8.160000e-01 4.606690e+00 2.181558e+00 2.529373e+00 1.008561e+01 1.009559e+04 1.612349e+04 2.02542 4.888774e-01
8.150000e-01 4.606690e+00 2.182405e+00 2.530214e+00 1.009030e+01 1.011996e+04 1.611541e+04 2.02739 4.901531e-01
8.140000e-01 4.606690e+00 2.183254e+00 2.531056e+00 1.009500e+01 1.014421e+04 1.610732e+04 2.02936 4.914232e-01
8.130000e-01 4.606690e+00 2.184101e+00 2.531896e+00 1.009970e+01 1.016830e+04 1.609922e+04 2.03133 4.926863e-01
8.120000e-01 4.606690e+00 2.184947e+00 2.532734e+00 1.010442e+01 1.019221e+04 1.609112e+04 2.0333 4.939412e-01
8.110000e-01 4.606690e+00 2.185792e+00 2.533570e+00 1.010914e+01 1.021596e+04 1.608302e+04 2.03527 4.951895e-01
8.100000e-01 4.606690e+00 2.186638e+00 2.534406e+00 1.011388e+01 1.023964e+04 1.607489e+04 2.03725 4.964352e-01
8.090000e-01 4.606690e+00 2.187485e+00 2.535246e+00 1.011864e+01 1.026326e+04 1.606673e+04 2.03923 4.976784e-01
8.080000e-01 4.606690e+00 2.188336e+00 2.536088e+00 1.012343e+01 1.028681e+04 1.605854e+04 2.04122 4.989193e-01
8.070000e-01 4.606690e+00 2.189188e+00 2.536934e+00 1.012823e+01 1.031030e+04 1.605032e+04 2.04322 5.001574e-01
8.060000e-01 4.606690e+00 2.190042e+00 2.537782e+00 1.013306e+01 1.033370e+04 1.604208e+04 2.04522 5.013921e-01
8.050000e-01 4.606690e+00 2.190897e+00 2.538632e+00 1.013790e+01 1.035701e+04 1.603382e+04 2.04722 5.026228e-01
8.040000e-01 4.606690e+00 2.191753e+00 2.539484e+00 1.014275e+01 1.038021e+04 1.602554e+04 2.04922 5.038481e-01
8.030000e-01 4.606690e+00 2.192608e+00 2.540335e+00 1.014762e+01 1.040328e+04 1.601725e+04 2.05123 5.050682e-01
8.020000e-01 4.606690e+00 2.193465e+00 2.541188e+00 1.015250e+01 1.042626e+04 1.600894e+04 2.05324 5.062845e-01
8.010000e-01 4.606690e+00 2.194323e+00 2.542043e+00 1.015740e+01 1.044917e+04 1.600061e+04 2.05526 5.074978e-01
8.000000e-01 4.606690e+00 2.195183e+00 2.542901e+00 1.016232e+01 1.047198e+04 1.599225e+04 2.05728 5.087073e-01
7.990000e-01 4.606690e+00 2.196042e+00 2.543758e+00 1.016725e+01 1.049469e+04 1.598387e+04 2.0593 5.099116e-01
7.980000e-01 4.606690e+00 2.196902e+00 2.544616e+00 1.017219e+01 1.051727e+04 1.597548e+04 2.06132 5.111105e-01
7.970000e-01 4.606690e+00 2.197762e+00 2.545475e+00 1.017715e+01 1.053973e+04 1.596707e+04 2.06335 5.123042e-01
7.960000e-01 4.606690e+00 2.198620e+00 2.546331e+00 1.018211e+01 1.056201e+04 1.595866e+04 2.06537 5.134901e-01
7.950000e-01 4.606690e+00 2.199476e+00 2.547184e+00 1.018709e+01 1.058414e+04 1.595024e+04 2.0674 5.146690e-01
7.940000e-01 4.606690e+00 2.200332e+00 2.548036e+00 1.019207e+01 1.060616e+04 1.594180e+04 2.06942 5.158434e-01
7.930000e-01 4.606690e+00 2.201190e+00 2.548890e+00 1.019708e+01 1.062812e+04 1.593333e+04 2.07145 5.170157e-01
7.920000e-01 4.606690e+00 2.202049e+00 2.549747e+00 1.020212e+01 1.065002e+04 1.592482e+04 2.07349 5.181857e-01
7.910000e-01 4.606690e+00 2.202911e+00 2.550607e+00 1.020717e+01 1.067185e+04 1.591628e+04 2.07553 5.193532e-01
7.900000e-01 4.606690e+00 2.203774e+00 2.551468e+00 1.021225e+01 1.069362e+04 1.590772e+04 2.07758 5.205175e-01
7.890000e-01 4.606690e+00 2.204638e+00 2.552333e+00 1.021734e+01 1.071530e+04 1.589912e+04 2.07963 5.216784e-01
7.880000e-01 4.606690e+00 2.205545e+00 2.553257e+00 1.022254e+01 1.073682e+04 1.589036e+04 2.08173 5.228234e-01
7.870000e-01 4.606690e+00 2.206410e+00 2.554124e+00 1.022766e+01 1.075828e+04 1.588173e+04 2.08378 5.239742e-01
7.860000e-01 4.606690e+00 2.207276e+00 2.554991e+00 1.023280e+01 1.077964e+04 1.587307e+04 2.08584 5.251211e-01
7.850000e-01 4.606690e+00 2.208142e+00 2.555859e+00 1.023797e+01 1.080094e+04 1.586438e+04 2.0879 5.262652e-01
7.840000e-01 4.606690e+00 2.209010e+00 2.556730e+00 1.024315e+01 1.082215e+04 1.585567e+04 2.08997 5.274058e-01
7.830000e-01 4.606690e+00 2.209878e+00 2.557601e+00 1.024834e+01 1.084325e+04 1.584693e+04 2.09204 5.285418e-01
7.820000e-01 4.606690e+00 2.210746e+00 2.558473e+00 1.025355e+01 1.086425e+04 1.583818e+04 2.09411 5.296728e-01
7.810000e-01 4.606690e+00 2.211614e+00 2.559344e+00 1.025877e+01 1.088512e+04 1.582940e+04 2.09618 5.307986e-01
7.800000e-01 4.606690e+00 2.212480e+00 2.560214e+00 1.026401e+01 1.090585e+04 1.582062e+04 2.09825 5.319176e-01
7.790000e-01 4.606690e+00 2.213344e+00 2.561080e+00 1.026925e+01 1.092641e+04 1.581182e+04 2.10031 5.330295e-01
7.780000e-01 4.606690e+00 2.214207e+00 2.561945e+00 1.027450e+01 1.094687e+04 1.580301e+04 2.10238 5.341367e-01
7.770000e-01 4.606690e+00 2.215071e+00 2.562811e+00 1.027978e+01 1.096725e+04 1.579416e+04 2.10446 5.352414e-01
7.760000e-01 4.606690e+00 2.215937e+00 2.563680e+00 1.028509e+01 1.098758e+04 1.578527e+04 2.10654 5.363438e-01
7.750000e-01 4.606690e+00 2.216805e+00 2.564551e+00 1.029041e+01 1.100784e+04 1.577635e+04 2.10862 5.374437e-01
7.740000e-01 4.606690e+00 2.217674e+00 2.565424e+00 1.029576e+01 1.102804e+04 1.576739e+04 2.11071 5.385408e-01
7.730000e-01 4.606690e+00 2.218544e+00 2.566300e+00 1.030113e+01 1.104815e+04 1.575841e+04 2.1128 5.396344e-01
7.720000e-01 4.606690e+00 2.219414e+00 2.567176e+00 1.030652e+01 1.106816e+04 1.574939e+04 2.1149 5.407235e-01
7.710000e-01 4.606690e+00 2.220284e+00 2.568052e+00 1.031192e+01 1.108807e+04 1.574036e+04 2.11699 5.418078e-01
7.700000e-01 4.606690e+00 2.221154e+00 2.568930e+00 1.031734e+01 1.110788e+04 1.573130e+04 2.11909 5.428882e-01
7.690000e-01 4.606690e+00 2.222025e+00 2.569808e+00 1.032279e+01 1.112762e+04 1.572221e+04 2.12119 5.439659e-01
7.680000e-01 4.606690e+00 2.222897e+00 2.570689e+00 1.032825e+01 1.114728e+04 1.571308e+04 2.1233 5.450400e-01
7.670000e-01 4.606690e+00 2.223769e+00 2.571570e+00 1.033373e+01 1.116684e+04 1.570393e+04 2.12541 5.461097e-01
7.660000e-01 4.606690e+00 2.224641e+00 2.572452e+00 1.033923e+01 1.118629e+04 1.569476e+04 2.12751 5.471745e-01
7.650000e-01 4.606690e+00 2.225513e+00 2.573332e+00 1.034474e+01 1.120562e+04 1.568557e+04 2.12962 5.482342e-01
7.640000e-01 4.606690e+00 2.226382e+00 2.574211e+00 1.035026e+01 1.122481e+04 1.567636e+04 2.13173 5.492873e-01
7.630000e-01 4.606690e+00 2.227249e+00 2.575086e+00 1.035580e+01 1.124385e+04 1.566714e+04 2.13384 5.503336e-01
7.620000e-01 4.606690e+00 2.228115e+00 2.575960e+00 1.036134e+01 1.126278e+04 1.565790e+04 2.13595 5.513758e-01
7.610000e-01 4.606690e+00 2.228982e+00 2.576835e+00 1.036692e+01 1.128165e+04 1.564862e+04 2.13806 5.524155e-01
7.600000e-01 4.606690e+00 2.229851e+00 2.577712e+00 1.037252e+01 1.130045e+04 1.563929e+04 2.14017 5.534528e-01
7.590000e-01 4.606690e+00 2.230720e+00 2.578592e+00 1.037814e+01 1.131920e+04 1.562993e+04 2.14229 5.544876e-01
7.580000e-01 4.606690e+00 2.231591e+00 2.579473e+00 1.038379e+01 1.133786e+04 1.562053e+04 2.14442 5.555191e-01
7.570000e-01 4.606690e+00 2.232462e+00 2.580357e+00 1.038946e+01 1.135645e+04 1.561110e+04 2.14655 5.565473e-01
7.560000e-01 4.606690e+00 2.233333e+00 2.581240e+00 1.039515e+01 1.137494e+04 1.560164e+04 2.14868 5.575708e-01
7.550000e-01 4.606690e+00 2.234203e+00 2.582122e+00 1.040086e+01 1.139331e+04 1.559215e+04 2.1508 5.585896e-01
7.540000e-01 4.606690e+00 2.235114e+00 2.583064e+00 1.040668e+01 1.141157e+04 1.558249e+04 2.15298 5.595934e-01
7.530000e-01 4.606690e+00 2.235987e+00 2.583951e+00 1.041243e+01 1.142980e+04 1.557293e+04 2.15511 5.606057e-01
7.520000e-01 4.606690e+00 2.236858e+00 2.584836e+00 1.041821e+01 1.144793e+04 1.556333e+04 2.15725 5.616141e-01
7.510000e-01 4.606690e+00 2.237730e+00 2.585724e+00 1.042400e+01 1.146598e+04 1.555371e+04 2.15939 5.626184e-01
7.500000e-01 4.606690e+00 2.238600e+00 2.586610e+00 1.042981e+01 1.148391e+04 1.554406e+04 2.16153 5.636176e-01
7.490000e-01 4.606690e+00 2.239469e+00 2.587494e+00 1.043563e+01 1.150172e+04 1.553439e+04 2.16366 5.646113e-01
7.480000e-01 4.606690e+00 2.240336e+00 2.588375e+00 1.044147e+01 1.151939e+04 1.552471e+04 2.1658 5.655984e-01
7.470000e-01 4.606690e+00 2.241200e+00 2.589253e+00 1.044731e+01 1.153691e+04 1.551500e+04 2.16793 5.665794e-01
7.460000e-01 4.606690e+00 2.242064e+00 2.590131e+00 1.045318e+01 1.155436e+04 1.550526e+04 2.17007 5.675576e-01
7.450000e-01 4.606690e+00 2.242929e+00 2.591009e+00 1.045908e+01 1.157175e+04 1.549548e+04 2.1722 5.685329e-01
7.440000e-01 4.606690e+00 2.243794e+00 2.591889e+00 1.046501e+01 1.158906e+04 1.548565e+04 2.17434 5.695055e-01
7.430000e-01 4.606690e+00 2.244660e+00 2.592773e+00 1.047096e+01 1.160632e+04 1.547577e+04 2.17649 5.704756e-01
7.420000e-01 4.606690e+00 2.245527e+00 2.593656e+00 1.047693e+01 1.162349e+04 1.546586e+04 2.17864 5.714422e-01
7.410000e-01 4.606690e+00 2.246393e+00 2.594539e+00 1.048293e+01 1.164058e+04 1.545591e+04 2.18078 5.724044e-01
7.400000e-01 4.606690e+00 2.247258e+00 2.595422e+00 1.048895e+01 1.165756e+04 1.544593e+04 2.18293 5.733621e-01
7.390000e-01 4.606690e+00 2.248123e+00 2.596305e+00 1.049499e+01 1.167444e+04 1.543591e+04 2.18508 5.743156e-01
7.380000e-01 4.606690e+00 2.248988e+00 2.597189e+00 1.050105e+01 1.169127e+04 1.542585e+04 2.18723 5.752666e-01
7.370000e-01 4.606690e+00 2.249852e+00 2.598073e+00 1.050714e+01 1.170801e+04 1.541575e+04 2.18938 5.762135e-01
7.360000e-01 4.606690e+00 2.250716e+00 2.598956e+00 1.051325e+01 1.172465e+04 1.540561e+04 2.19153 5.771561e-01
7.350000e-01 4.606690e+00 2.251579e+00 2.599840e+00 1.051937e+01 1.174120e+04 1.539544e+04 2.19368 5.780941e-01
7.340000e-01 4.606690e+00 2.252441e+00 2.600722e+00 1.052552e+01 1.175763e+04 1.538524e+04 2.19583 5.790269e-01
7.330000e-01 4.606690e+00 2.253299e+00 2.601599e+00 1.053167e+01 1.177392e+04 1.537502e+04 2.19797 5.799531e-01
7.320000e-01 4.606690e+00 2.254155e+00 2.602474e+00 1.053784e+01 1.179007e+04 1.536478e+04 2.20011 5.808731e-01
7.310000e-01 4.606690e+00 2.255009e+00 2.603345e+00 1.054403e+01 1.180612e+04 1.535451e+04 2.20225 5.817888e-01
7.300000e-01 4.606690e+00 2.255862e+00 2.604218e+00 1.055025e+01 1.182212e+04 1.534418e+04 2.20439 5.827022e-01
7.290000e-01 4.606690e+00 2.256716e+00 2.605091e+00 1.055649e+01 1.183804e+04 1.533380e+04 2.20654 5.836124e-01
7.280000e-01 4.606690e+00 2.257570e+00 2.605964e+00 1.056277e+01 1.185390e+04 1.532337e+04 2.20868 5.845195e-01
7.270000e-01 4.606690e+00 2.258424e+00 2.606838e+00 1.056907e+01 1.186968e+04 1.531290e+04 2.21083 5.854233e-01
7.260000e-01 4.606690e+00 2.259278e+00 2.607714e+00 1.057540e+01 1.188538e+04 1.530238e+04 2.21297 5.863231e-01
7.250000e-01 4.606690e+00 2.260130e+00 2.608588e+00 1.058175e+01 1.190097e+04 1.529183e+04 2.21512 5.872182e-01
7.240000e-01 4.606690e+00 2.261019e+00 2.609515e+00 1.058820e+01 1.191641e+04 1.528110e+04 2.2173 5.880964e-01
7.230000e-01 4.606690e+00 2.261870e+00 2.610389e+00 1.059460e+01 1.193184e+04 1.527045e+04 2.21944 5.889836e-01
7.220000e-01 4.606690e+00 2.262720e+00 2.611263e+00 1.060103e+01 1.194719e+04 1.525976e+04 2.22159 5.898674e-01
7.210000e-01 4.606690e+00 2.263569e+00 2.612136e+00 1.060748e+01 1.196244e+04 1.524903e+04 2.22373 5.907468e-01
7.200000e-01 4.606690e+00 2.264417e+00 2.613007e+00 1.061395e+01 1.197759e+04 1.523826e+04 2.22587 5.916214e-01
7.190000e-01 4.606690e+00 2.265262e+00 2.613876e+00 1.062043e+01 1.199263e+04 1.522746e+04 2.22801 5.924907e-01
7.180000e-01 4.606690e+00 2.266104e+00 2.614741e+00 1.062693e+01 1.200754e+04 1.521664e+04 2.23014 5.933537e-01
7.170000e-01 4.606690e+00 2.265679e+00 2.614126e+00 1.062947e+01 1.202860e+04 1.521364e+04 2.23068 5.947623e-01
7.160000e-01 4.606690e+00 2.267771e+00 2.616449e+00 1.063996e+01 1.203699e+04 1.519496e+04 2.23439 5.950673e-01
7.150000e-01 4.606690e+00 2.267328e+00 2.615815e+00 1.064250e+01 1.205794e+04 1.519193e+04 2.23491 5.964736e-01
7.140000e-01 4.606690e+00 2.269441e+00 2.618164e+00 1.065312e+01 1.206613e+04 1.517302e+04 2.23864 5.967634e-01
7.130000e-01 4.606690e+00 2.268981e+00 2.617513e+00 1.065567e+01 1.208700e+04 1.516998e+04 2.23914 5.981702e-01
7.120000e-01 4.606690e+00 2.271110e+00 2.619881e+00 1.066641e+01 1.209497e+04 1.515087e+04 2.2429 5.984465e-01
7.110000e-01 4.606690e+00 2.270630e+00 2.619210e+00 1.066897e+01 1.211574e+04 1.514781e+04 2.24336 5.998519e-01
7.100000e-01 4.606690e+00 2.270508e+00 2.618804e+00 1.067222e+01 1.213436e+04 1.514324e+04 2.24497 6.012687e-01
7.090000e-01 4.606690e+00 2.273624e+00 2.622481e+00 1.068658e+01 1.213753e+04 1.511723e+04 2.24929 6.009321e-01
7.080000e-01 4.606690e+00 2.273097e+00 2.621756e+00 1.068912e+01 1.215814e+04 1.511421e+04 2.24969 6.023387e-01
7.070000e-01 4.606690e+00 2.272949e+00 2.621319e+00 1.069238e+01 1.217659e+04 1.510961e+04 2.25126 6.037541e-01
7.060000e-01 4.606690e+00 2.276105e+00 2.625045e+00 1.070696e+01 1.217934e+04 1.508324e+04 2.25565 6.033893e-01
7.050000e-01 4.606690e+00 2.275544e+00 2.624282e+00 1.070950e+01 1.219976e+04 1.508021e+04 2.25599 6.047921e-01
7.040000e-01 4.606690e+00 2.275362e+00 2.623807e+00 1.071276e+01 1.221798e+04 1.507559e+04 2.25751 6.062006e-01
7.030000e-01 4.606690e+00 2.278567e+00 2.627592e+00 1.072755e+01 1.222019e+04 1.504890e+04 2.26198 6.058018e-01
7.020000e-01 4.606690e+00 2.277956e+00 2.626770e+00 1.073006e+01 1.224033e+04 1.504589e+04 2.26224 6.071954e-01
7.010000e-01 4.606690e+00 2.277745e+00 2.626261e+00 1.073333e+01 1.225826e+04 1.504126e+04 2.26372 6.085945e-01
7.000000e-01 4.606690e+00 2.281002e+00 2.630109e+00 1.074832e+01 1.226000e+04 1.501425e+04 2.26828 6.081669e-01
6.990000e-01 4.606690e+00 2.280360e+00 2.629254e+00 1.075084e+01 1.228001e+04 1.501122e+04 2.2685 6.095614e-01
6.980000e-01 4.606690e+00 2.280125e+00 2.628718e+00 1.075414e+01 1.229780e+04 1.500654e+04 2.26995 6.109612e-01
6.970000e-01 4.606690e+00 2.283426e+00 2.632620e+00 1.076940e+01 1.229912e+04 1.497908e+04 2.27457 6.105009e-01
6.960000e-01 4.606690e+00 2.282750e+00 2.631730e+00 1.077193e+01 1.231898e+04 1.497603e+04 2.27474 6.118946e-01
6.950000e-01 4.606690e+00 2.282480e+00 2.631153e+00 1.077523e+01 1.233658e+04 1.497133e+04 2.27614 6.132904e-01
6.940000e-01 4.606690e+00 2.285866e+00 2.635167e+00 1.079082e+01 1.233737e+04 1.494332e+04 2.28086 6.127828e-01
6.930000e-01 4.606690e+00 2.285136e+00 2.634213e+00 1.079331e+01 1.235709e+04 1.494031e+04 2.28096 6.141812e-01
6.920000e-01 4.606690e+00 2.284829e+00 2.633592e+00 1.079661e+01 1.237453e+04 1.493559e+04 2.28231 6.155774e-01
6.910000e-01 4.606690e+00 2.288254e+00 2.637652e+00 1.081244e+01 1.237488e+04 1.490719e+04 2.28708 6.150384e-01
6.900000e-01 4.606690e+00 2.287479e+00 2.636647e+00 1.081491e+01 1.239441e+04 1.490418e+04 2.28711 6.164330e-01
6.890000e-01 4.606690e+00 2.287133e+00 2.635981e+00 1.081820e+01 1.241161e+04 1.489943e+04 2.28839 6.178219e-01
6.880000e-01 4.606690e+00 2.290610e+00 2.640102e+00 1.083425e+01 1.241140e+04 1.487067e+04 2.29325 6.172441e-01
6.870000e-01 4.606690e+00 2.289779e+00 2.639031e+00 1.083669e+01 1.243065e+04 1.486767e+04 2.29318 6.186308e-01
6.860000e-01 4.606690e+00 2.289405e+00 2.638331e+00 1.083999e+01 1.244760e+04 1.486289e+04 2.29442 6.200128e-01
6.850000e-01 4.606690e+00 2.292933e+00 2.642515e+00 1.085628e+01 1.244695e+04 1.483373e+04 2.29935 6.194024e-01
6.840000e-01 4.606690e+00 2.292065e+00 2.641404e+00 1.085874e+01 1.246609e+04 1.483070e+04 2.29923 6.207919e-01
6.830000e-01 4.606690e+00 2.291656e+00 2.640663e+00 1.086205e+01 1.248289e+04 1.482587e+04 2.30043 6.221742e-01
6.820000e-01 4.606690e+00 2.295235e+00 2.644910e+00 1.087864e+01 1.248178e+04 1.479618e+04 2.30541 6.215243e-01
6.810000e-01 4.606690e+00 2.294322e+00 2.643749e+00 1.088109e+01 1.250076e+04 1.479313e+04 2.30522 6.229127e-01
6.800000e-01 4.606690e+00 2.293872e+00 2.642961e+00 1.088440e+01 1.251737e+04 1.478826e+04 2.30635 6.242911e-01
6.790000e-01 4.606690e+00 2.297541e+00 2.647325e+00 1.090136e+01 1.251572e+04 1.475797e+04 2.31144 6.235900e-01
6.780000e-01 4.606690e+00 2.296567e+00 2.646092e+00 1.090376e+01 1.253457e+04 1.475496e+04 2.31116 6.249842e-01
6.770000e-01 4.606690e+00 2.296075e+00 2.645255e+00 1.090708e+01 1.255102e+04 1.475006e+04 2.31224 6.263630e-01
6.760000e-01 4.606690e+00 2.299787e+00 2.649671e+00 1.092429e+01 1.254887e+04 1.471935e+04 2.31738 6.256249e-01
6.750000e-01 4.606690e+00 2.298760e+00 2.648378e+00 1.092667e+01 1.256752e+04 1.471633e+04 2.31701 6.270155e-01
6.740000e-01 4.606690e+00 2.298223e+00 2.647486e+00 1.092998e+01 1.258371e+04 1.471142e+04 2.31801 6.283863e-01
6.730000e-01 4.606690e+00 2.301994e+00 2.651974e+00 1.094743e+01 1.258096e+04 1.468035e+04 2.32324 6.276068e-01
6.720000e-01 4.606690e+00 2.300912e+00 2.650616e+00 1.094979e+01 1.259938e+04 1.467734e+04 2.32279 6.289931e-01
6.710000e-01 4.606690e+00 2.300345e+00 2.649690e+00 1.095311e+01 1.261536e+04 1.467238e+04 2.32374 6.303612e-01
6.700000e-01 4.606690e+00 2.304166e+00 2.654241e+00 1.097086e+01 1.261217e+04 1.464082e+04 2.32904 6.295450e-01
6.690000e-01 4.606690e+00 2.303041e+00 2.652836e+00 1.097322e+01 1.263046e+04 1.463778e+04 2.32853 6.309344e-01
6.680000e-01 4.606690e+00 2.302431e+00 2.651861e+00 1.097656e+01 1.264629e+04 1.463277e+04 2.32942 6.323025e-01
6.670000e-01 4.606690e+00 2.306308e+00 2.656481e+00 1.099464e+01 1.264258e+04 1.460066e+04 2.33477 6.314411e-01
6.660000e-01 4.606690e+00 2.305126e+00 2.655012e+00 1.099698e+01 1.266071e+04 1.459759e+04 2.33416 6.328295e-01
6.650000e-01 4.606690e+00 2.307738e+00 2.657988e+00 1.101072e+01 1.266232e+04 1.457343e+04 2.33856 6.326684e-01
6.640000e-01 4.606690e+00 2.306513e+00 2.656468e+00 1.101304e+01 1.268038e+04 1.457039e+04 2.33789 6.340620e-01
6.630000e-01 4.606690e+00 2.309129e+00 2.659445e+00 1.102689e+01 1.268174e+04 1.454603e+04 2.34229 6.338847e-01
6.620000e-01 4.606690e+00 2.307865e+00 2.657883e+00 1.102920e+01 1.269968e+04 1.454299e+04 2.34155 6.352768e-01
6.610000e-01 4.606690e+00 2.310498e+00 2.660881e+00 1.104318e+01 1.270073e+04 1.451841e+04 2.34597 6.350772e-01
6.600000e-01 4.606690e+00 2.309189e+00 2.659264e+00 1.104545e+01 1.271850e+04 1.451536e+04 2.34515 6.364652e-01
6.590000e-01 4.606690e+00 2.311844e+00 2.662289e+00 1.105955e+01 1.271921e+04 1.449061e+04 2.34959 6.362425e-01
6.580000e-01 4.606690e+00 2.310493e+00 2.660622e+00 1.106180e+01 1.273684e+04 1.448756e+04 2.34871 6.376299e-01
6.570000e-01 4.606690e+00 2.313169e+00 2.663675e+00 1.107607e+01 1.273730e+04 1.446253e+04 2.35317 6.373871e-01
6.560000e-01 4.606690e+00 2.311787e+00 2.661974e+00 1.107832e+01 1.275485e+04 1.445945e+04 2.35224 6.387770e-01
6.550000e-01 4.606690e+00 2.314478e+00 2.665047e+00 1.109276e+01 1.275504e+04 1.443412e+04 2.35671 6.385129e-01
6.540000e-01 4.606690e+00 2.313058e+00 2.663304e+00 1.109501e+01 1.277250e+04 1.443103e+04 2.35573 6.399044e-01
6.530000e-01 4.606690e+00 2.315801e+00 2.666449e+00 1.110970e+01 1.277232e+04 1.440531e+04 2.36024 6.396047e-01
6.520000e-01 4.606690e+00 2.314324e+00 2.664636e+00 1.111190e+01 1.278969e+04 1.440227e+04 2.35917 6.410018e-01
6.510000e-01 4.606690e+00 2.317073e+00 2.667787e+00 1.112672e+01 1.278926e+04 1.437634e+04 2.3637 6.406868e-01
6.500000e-01 4.606690e+00 2.315560e+00 2.665936e+00 1.112891e+01 1.280654e+04 1.437328e+04 2.36258 6.420857e-01
6.490000e-01 4.606690e+00 2.318325e+00 2.669105e+00 1.114390e+01 1.280580e+04 1.434709e+04 2.36711 6.417471e-01
6.480000e-01 4.606690e+00 2.316769e+00 2.667205e+00 1.114608e+01 1.282295e+04 1.434401e+04 2.36591 6.431451e-01
6.470000e-01 4.606690e+00 2.319553e+00 2.670401e+00 1.116120e+01 1.282190e+04 1.431759e+04 2.37046 6.427824e-01
6.460000e-01 4.606690e+00 2.317946e+00 2.668438e+00 1.116335e+01 1.283888e+04 1.431453e+04 2.36918 6.441770e-01
6.450000e-01 4.606690e+00 2.320754e+00 2.671663e+00 1.117861e+01 1.283747e+04 1.428791e+04 2.37375 6.437894e-01
6.440000e-01 4.606690e+00 2.319104e+00 2.669650e+00 1.118074e+01 1.285434e+04 1.428483e+04 2.3724 6.451846e-01
6.430000e-01 4.606690e+00 2.321930e+00 2.672898e+00 1.119619e+01 1.285266e+04 1.425790e+04 2.37698 6.447743e-01
6.420000e-01 4.606690e+00 2.320241e+00 2.670844e+00 1.119832e+01 1.286945e+04 1.425479e+04 2.37557 6.461723e-01
6.410000e-01 4.606690e+00 2.323083e+00 2.674112e+00 1.121397e+01 1.286747e+04 1.422753e+04 2.38015 6.457366e-01
6.400000e-01 4.606690e+00 2.321348e+00 2.672005e+00 1.121608e+01 1.288417e+04 1.422440e+04 2.37866 6.471360e-01
6.390000e-01 4.606690e+00 2.324241e+00 2.675345e+00 1.123199e+01 1.288181e+04 1.419672e+04 2.38328 6.466615e-01
6.380000e-01 4.606690e+00 2.322443e+00 2.673161e+00 1.123405e+01 1.289843e+04 1.419363e+04 2.3817 6.480672e-01
6.370000e-01 4.606690e+00 2.325344e+00 2.676509e+00 1.125011e+01 1.289580e+04 1.416569e+04 2.38632 6.475739e-01
6.360000e-01 4.606690e+00 2.323505e+00 2.674280e+00 1.125216e+01 1.291232e+04 1.416258e+04 2.38467 6.489812e-01
6.350000e-01 4.606690e+00 2.326421e+00 2.677648e+00 1.126841e+01 1.290937e+04 1.413437e+04 2.38929 6.484619e-01
6.340000e-01 4.606690e+00 2.324534e+00 2.675364e+00 1.127044e+01 1.292576e+04 1.413125e+04 2.38756 6.498684e-01
6.330000e-01 4.606690e+00 2.327469e+00 2.678756e+00 1.128684e+01 1.292246e+04 1.410279e+04 2.39219 6.493219e-01
6.320000e-01 4.606690e+00 2.327992e+00 2.679309e+00 1.129613e+01 1.292877e+04 1.408686e+04 2.39362 6.497350e-01
6.310000e-01 4.606690e+00 2.328497e+00 2.679842e+00 1.130543e+01 1.293501e+04 1.407091e+04 2.39502 6.501469e-01
6.300000e-01 4.606690e+00 2.328994e+00 2.680365e+00 1.131478e+01 1.294116e+04 1.405486e+04 2.3964 6.505531e-01
6.290000e-01 4.606690e+00 2.329483e+00 2.680881e+00 1.132419e+01 1.294720e+04 1.403872e+04 2.39776 6.509526e-01
6.280000e-01 4.606690e+00 2.329965e+00 2.681390e+00 1.133364e+01 1.295316e+04 1.402247e+04 2.3991 6.513457e-01
6.270000e-01 4.606690e+00 2.330439e+00 2.681889e+00 1.134315e+01 1.295900e+04 1.400612e+04 2.40041 6.517315e-01
6.260000e-01 4.606690e+00 2.330906e+00 2.682382e+00 1.135270e+01 1.296473e+04 1.398970e+04 2.40171 6.521103e-01
6.250000e-01 4.606690e+00 2.331365e+00 2.682866e+00 1.136230e+01 1.297035e+04 1.397319e+04 2.40298 6.524823e-01
6.240000e-01 4.606690e+00 2.331816e+00 2.683342e+00 1.137195e+01 1.297587e+04 1.395658e+04 2.40424 6.528482e-01
6.230000e-01 4.606690e+00 2.332261e+00 2.683815e+00 1.138166e+01 1.298128e+04 1.393990e+04 2.40547 6.532078e-01
6.220000e-01 4.606690e+00 2.332728e+00 2.684321e+00 1.139149e+01 1.298651e+04 1.392301e+04 2.40672 6.535483e-01
6.210000e-01 4.606690e+00 2.333159e+00 2.684779e+00 1.140129e+01 1.299169e+04 1.390617e+04 2.40792 6.538935e-01
6.200000e-01 4.606690e+00 2.333581e+00 2.685227e+00 1.141112e+01 1.299674e+04 1.388928e+04 2.4091 6.542317e-01
6.190000e-01 4.606690e+00 2.333993e+00 2.685662e+00 1.142098e+01 1.300165e+04 1.387233e+04 2.41026 6.545618e-01
6.180000e-01 4.606690e+00 2.334395e+00 2.686086e+00 1.143087e+01 1.300645e+04 1.385532e+04 2.41139 6.548842e-01
6.170000e-01 4.606690e+00 2.334788e+00 2.686502e+00 1.144083e+01 1.301115e+04 1.383820e+04 2.41249 6.552002e-01
6.160000e-01 4.606690e+00 2.335174e+00 2.686908e+00 1.145085e+01 1.301573e+04 1.382097e+04 2.41358 6.555092e-01
6.150000e-01 4.606690e+00 2.335551e+00 2.687308e+00 1.146093e+01 1.302022e+04 1.380363e+04 2.41464 6.558115e-01
6.140000e-01 4.606690e+00 2.335920e+00 2.687699e+00 1.147106e+01 1.302459e+04 1.378620e+04 2.41568 6.561068e-01
6.130000e-01 4.606690e+00 2.336282e+00 2.688082e+00 1.148125e+01 1.302885e+04 1.376869e+04 2.4167 6.563948e-01
6.120000e-01 4.606690e+00 2.336634e+00 2.688457e+00 1.149149e+01 1.303300e+04 1.375108e+04 2.41769 6.566756e-01
6.110000e-01 4.606690e+00 2.336977e+00 2.688820e+00 1.150179e+01 1.303703e+04 1.373338e+04 2.41866 6.569492e-01
6.100000e-01 4.606690e+00 2.337311e+00 2.689175e+00 1.151215e+01 1.304096e+04 1.371556e+04 2.4196 6.572149e-01
6.090000e-01 4.606690e+00 2.337634e+00 2.689518e+00 1.152255e+01 1.304477e+04 1.369766e+04 2.42051 6.574722e-01
6.080000e-01 4.606690e+00 2.337975e+00 2.689892e+00 1.153309e+01 1.304839e+04 1.367955e+04 2.42141 6.577088e-01
6.070000e-01 4.606690e+00 2.338279e+00 2.690215e+00 1.154358e+01 1.305195e+04 1.366148e+04 2.42227 6.579486e-01
6.060000e-01 4.606690e+00 2.338571e+00 2.690522e+00 1.155411e+01 1.305537e+04 1.364336e+04 2.42309 6.581801e-01
6.050000e-01 4.606690e+00 2.338853e+00 2.690819e+00 1.156468e+01 1.305867e+04 1.362518e+04 2.42389 6.584039e-01
6.040000e-01 4.606690e+00 2.339126e+00 2.691106e+00 1.157531e+01 1.306187e+04 1.360688e+04 2.42466 6.586210e-01
6.030000e-01 4.606690e+00 2.339390e+00 2.691384e+00 1.158602e+01 1.306494e+04 1.358848e+04 2.42541 6.588310e-01
6.020000e-01 4.606690e+00 2.339646e+00 2.691655e+00 1.159679e+01 1.306792e+04 1.356996e+04 2.42613 6.590339e-01
6.010000e-01 4.606690e+00 2.339891e+00 2.691915e+00 1.160764e+01 1.307077e+04 1.355134e+04 2.42683 6.592288e-01
6.000000e-01 4.606690e+00 2.340127e+00 2.692165e+00 1.161853e+01 1.307350e+04 1.353263e+04 2.4275 6.594158e-01
5.990000e-01 4.606690e+00 2.340354e+00 2.692407e+00 1.162949e+01 1.307612e+04 1.351383e+04 2.42814 6.595951e-01
5.980000e-01 4.606690e+00 2.340570e+00 2.692636e+00 1.164052e+01 1.307862e+04 1.349491e+04 2.42876 6.597666e-01
5.970000e-01 4.606690e+00 2.340778e+00 2.692858e+00 1.165161e+01 1.308101e+04 1.347590e+04 2.42935 6.599308e-01
5.960000e-01 4.606690e+00 2.340975e+00 2.693069e+00 1.166276e+01 1.308327e+04 1.345680e+04 2.42992 6.600868e-01
5.950000e-01 4.606690e+00 2.341162e+00 2.693269e+00 1.167396e+01 1.308541e+04 1.343761e+04 2.43045 6.602342e-01
5.940000e-01 4.606690e+00 2.341364e+00 2.693496e+00 1.168529e+01 1.308736e+04 1.341823e+04 2.43097 6.603605e-01
5.930000e-01 4.606690e+00 2.341528e+00 2.693668e+00 1.169658e+01 1.308922e+04 1.339891e+04 2.43144 6.604890e-01
5.920000e-01 4.606690e+00 2.341680e+00 2.693827e+00 1.170792e+01 1.309097e+04 1.337950e+04 2.43187 6.606091e-01
5.910000e-01 4.606690e+00 2.341819e+00 2.693972e+00 1.171933e+01 1.309260e+04 1.335997e+04 2.43227 6.607210e-01
5.900000e-01 4.606690e+00 2.341948e+00 2.694106e+00 1.173082e+01 1.309412e+04 1.334032e+04 2.43264 6.608244e-01
5.890000e-01 4.606690e+00 2.342066e+00 2.694231e+00 1.174239e+01 1.309552e+04 1.332055e+04 2.43297 6.609197e-01
5.880000e-01 4.606690e+00 2.342175e+00 2.694344e+00 1.175403e+01 1.309680e+04 1.330067e+04 2.43328 6.610069e-01
5.870000e-01 4.606690e+00 2.342274e+00 2.694449e+00 1.176574e+01 1.309795e+04 1.328070e+04 2.43356 6.610863e-01
5.860000e-01 4.606690e+00 2.342362e+00 2.694542e+00 1.177751e+01 1.309898e+04 1.326064e+04 2.43382 6.611576e-01
5.850000e-01 4.606690e+00 2.342440e+00 2.694625e+00 1.178937e+01 1.309990e+04 1.324046e+04 2.43404 6.612211e-01
5.840000e-01 4.606690e+00 2.342509e+00 2.694701e+00 1.180129e+01 1.310069e+04 1.322019e+04 2.43424 6.612766e-01
5.830000e-01 4.606690e+00 2.342567e+00 2.694764e+00 1.181329e+01 1.310136e+04 1.319982e+04 2.43442 6.613240e-01
5.820000e-01 4.606690e+00 2.342614e+00 2.694815e+00 1.182534e+01 1.310190e+04 1.317938e+04 2.43455 6.613624e-01
5.810000e-01 4.606690e+00 2.342649e+00 2.694853e+00 1.183744e+01 1.310231e+04 1.315887e+04 2.43466 6.613916e-01
5.800000e-01 4.606690e+00 2.342698e+00 2.694912e+00 1.184965e+01 1.310250e+04 1.313818e+04 2.43475 6.613990e-01
5.790000e-01 4.606690e+00 2.342708e+00 2.694921e+00 1.186187e+01 1.310265e+04 1.311750e+04 2.43478 6.614089e-01
5.780000e-01 4.606690e+00 2.342705e+00 2.694914e+00 1.187418e+01 1.310267e+04 1.309668e+04 2.43478 6.614102e-01
5.783791e-01 4.606690e+00 2.343131e+00 2.695534e+00 1.187085e+01 1.310150e+04 1.310266e+04 2.43516 6.612138e-01
