1.000000e+00 4.721400e+00 2.037742e+00 2.388911e+00 9.370310e+00 0.000000e+00 1.813724e+04 0 0.000000e+00
9.990000e-01 4.721400e+00 2.040443e+00 2.391479e+00 9.382585e+00 7.835194e+02 1.799521e+04 1.70788 3.657184e-02
9.980000e-01 4.721400e+00 2.040796e+00 2.391605e+00 9.383963e+00 1.094505e+03 1.794865e+04 1.8134 5.422491e-02
9.970000e-01 4.721400e+00 2.040854e+00 2.391415e+00 9.385595e+00 1.338616e+03 1.791334e+04 1.78179 6.515937e-02
9.960000e-01 4.721400e+00 2.042253e+00 2.393050e+00 9.390944e+00 1.543298e+03 1.787920e+04 1.71289 7.211868e-02
9.950000e-01 4.721400e+00 2.042361e+00 2.392872e+00 9.392370e+00 1.722123e+03 1.785360e+04 1.73043 8.129050e-02
9.940000e-01 4.721400e+00 2.042667e+00 2.392931e+00 9.394283e+00 1.884517e+03 1.783040e+04 1.74391 8.962243e-02
9.930000e-01 4.721400e+00 2.044041e+00 2.394490e+00 9.399538e+00 2.033884e+03 1.780374e+04 1.7167 9.508880e-02
9.920000e-01 4.721400e+00 2.044226e+00 2.394424e+00 9.401056e+00 2.176339e+03 1.778399e+04 1.7287 1.024415e-01
9.910000e-01 4.721400e+00 2.044601e+00 2.394599e+00 9.403027e+00 2.310088e+03 1.776522e+04 1.73896 1.093425e-01
9.900000e-01 4.721400e+00 2.045912e+00 2.396108e+00 9.408152e+00 2.435784e+03 1.774210e+04 1.72058 1.139271e-01
9.890000e-01 4.721400e+00 2.046156e+00 2.396144e+00 9.409720e+00 2.556979e+03 1.772570e+04 1.72961 1.201947e-01
9.880000e-01 4.721400e+00 2.046559e+00 2.396376e+00 9.411704e+00 2.672404e+03 1.770973e+04 1.73774 1.261614e-01
9.870000e-01 4.721400e+00 2.047832e+00 2.397853e+00 9.416745e+00 2.781809e+03 1.768902e+04 1.72451 1.301644e-01
9.860000e-01 4.721400e+00 2.048092e+00 2.397922e+00 9.418331e+00 2.888335e+03 1.767490e+04 1.73158 1.356684e-01
9.850000e-01 4.721400e+00 2.048486e+00 2.398149e+00 9.420307e+00 2.990346e+03 1.766095e+04 1.73815 1.409387e-01
9.840000e-01 4.721400e+00 2.049759e+00 2.399624e+00 9.425351e+00 3.087291e+03 1.764194e+04 1.72848 1.445185e-01
9.830000e-01 4.721400e+00 2.050017e+00 2.399692e+00 9.426951e+00 3.183551e+03 1.762941e+04 1.73433 1.494910e-01
9.820000e-01 4.721400e+00 2.050423e+00 2.399936e+00 9.428955e+00 3.276585e+03 1.761681e+04 1.74014 1.543143e-01
9.810000e-01 4.721400e+00 2.051702e+00 2.401420e+00 9.434032e+00 3.365209e+03 1.759888e+04 1.7325 1.575954e-01
9.800000e-01 4.721400e+00 2.051962e+00 2.401495e+00 9.435646e+00 3.453640e+03 1.758755e+04 1.7375 1.621622e-01
9.790000e-01 4.721400e+00 2.052362e+00 2.401730e+00 9.437656e+00 3.539322e+03 1.757602e+04 1.74258 1.666067e-01
9.780000e-01 4.721400e+00 2.053652e+00 2.403225e+00 9.442770e+00 3.620773e+03 1.755896e+04 1.73655 1.696375e-01
9.770000e-01 4.721400e+00 2.053898e+00 2.403279e+00 9.444386e+00 3.702722e+03 1.754860e+04 1.74084 1.738642e-01
9.760000e-01 4.721400e+00 2.054276e+00 2.403483e+00 9.446390e+00 3.782005e+03 1.753800e+04 1.74527 1.779730e-01
9.750000e-01 4.721400e+00 2.055585e+00 2.404988e+00 9.451556e+00 3.856588e+03 1.752172e+04 1.7406 1.807668e-01
9.740000e-01 4.721400e+00 2.055796e+00 2.404988e+00 9.453160e+00 3.932984e+03 1.751221e+04 1.74429 1.847000e-01
9.730000e-01 4.721400e+00 2.056175e+00 2.405181e+00 9.455195e+00 4.007625e+03 1.750224e+04 1.74848 1.885882e-01
9.720000e-01 4.721400e+00 2.057518e+00 2.406722e+00 9.460465e+00 4.078485e+03 1.748630e+04 1.74469 1.912564e-01
9.710000e-01 4.721400e+00 2.057750e+00 2.406750e+00 9.462110e+00 4.151573e+03 1.747729e+04 1.74821 1.950330e-01
9.700000e-01 4.721400e+00 2.058142e+00 2.406964e+00 9.464174e+00 4.222894e+03 1.746782e+04 1.75213 1.987529e-01
9.690000e-01 4.721400e+00 2.059486e+00 2.408511e+00 9.469476e+00 4.290601e+03 1.745227e+04 1.74882 2.012952e-01
9.680000e-01 4.721400e+00 2.059738e+00 2.408569e+00 9.471152e+00 4.360506e+03 1.744373e+04 1.75216 2.049146e-01
9.670000e-01 4.721400e+00 2.060138e+00 2.408799e+00 9.473232e+00 4.428686e+03 1.743471e+04 1.75583 2.084742e-01
9.660000e-01 4.721400e+00 2.061478e+00 2.410346e+00 9.478546e+00 4.493145e+03 1.741955e+04 1.75299 2.108923e-01
9.650000e-01 4.721400e+00 2.061729e+00 2.410405e+00 9.480226e+00 4.559703e+03 1.741150e+04 1.75604 2.143362e-01
9.640000e-01 4.721400e+00 2.062128e+00 2.410634e+00 9.482314e+00 4.624722e+03 1.740291e+04 1.75949 2.177354e-01
9.630000e-01 4.721400e+00 2.063479e+00 2.412194e+00 9.487660e+00 4.686221e+03 1.738808e+04 1.75719 2.200534e-01
9.620000e-01 4.721400e+00 2.063735e+00 2.412262e+00 9.489361e+00 4.750231e+03 1.738040e+04 1.76007 2.233694e-01
9.610000e-01 4.721400e+00 2.064137e+00 2.412497e+00 9.491463e+00 4.812711e+03 1.737218e+04 1.76333 2.266389e-01
9.600000e-01 4.721400e+00 2.065494e+00 2.414065e+00 9.496839e+00 4.871486e+03 1.735766e+04 1.76141 2.288559e-01
9.590000e-01 4.721400e+00 2.065746e+00 2.414129e+00 9.498547e+00 4.932953e+03 1.735036e+04 1.76409 2.320394e-01
9.580000e-01 4.721400e+00 2.066144e+00 2.414358e+00 9.500660e+00 4.992985e+03 1.734249e+04 1.76719 2.351850e-01
9.570000e-01 4.721400e+00 2.067514e+00 2.415938e+00 9.506079e+00 5.049136e+03 1.732823e+04 1.76566 2.373094e-01
9.560000e-01 4.721400e+00 2.067747e+00 2.415976e+00 9.507780e+00 5.108023e+03 1.732130e+04 1.76811 2.403553e-01
9.550000e-01 4.721400e+00 2.068123e+00 2.416172e+00 9.509885e+00 5.165406e+03 1.731378e+04 1.77098 2.433619e-01
9.540000e-01 4.721400e+00 2.069522e+00 2.417779e+00 9.515372e+00 5.218990e+03 1.729971e+04 1.76992 2.454067e-01
9.530000e-01 4.721400e+00 2.069750e+00 2.417806e+00 9.517093e+00 5.276176e+03 1.729302e+04 1.77227 2.483705e-01
9.520000e-01 4.721400e+00 2.070142e+00 2.418017e+00 9.519241e+00 5.332173e+03 1.728567e+04 1.77514 2.513178e-01
9.510000e-01 4.721400e+00 2.071553e+00 2.419640e+00 9.524801e+00 5.384439e+03 1.727163e+04 1.77423 2.533057e-01
9.500000e-01 4.721400e+00 2.071794e+00 2.419687e+00 9.526549e+00 5.440098e+03 1.726515e+04 1.77652 2.561952e-01
9.490000e-01 4.721400e+00 2.072192e+00 2.419910e+00 9.528715e+00 5.494540e+03 1.725800e+04 1.7793 2.590641e-01
9.480000e-01 4.721400e+00 2.073608e+00 2.421542e+00 9.534307e+00 5.545254e+03 1.724412e+04 1.77858 2.609925e-01
9.470000e-01 4.721400e+00 2.073855e+00 2.421601e+00 9.536073e+00 5.599369e+03 1.723785e+04 1.78079 2.638043e-01
9.460000e-01 4.721400e+00 2.074251e+00 2.421823e+00 9.538246e+00 5.652180e+03 1.723092e+04 1.78345 2.665884e-01
9.450000e-01 4.721400e+00 2.075675e+00 2.423464e+00 9.543868e+00 5.701150e+03 1.721720e+04 1.78295 2.684544e-01
9.440000e-01 4.721400e+00 2.075922e+00 2.423524e+00 9.545648e+00 5.753798e+03 1.721113e+04 1.78508 2.711921e-01
9.430000e-01 4.721400e+00 2.076325e+00 2.423754e+00 9.547844e+00 5.805294e+03 1.720436e+04 1.7877 2.739141e-01
9.420000e-01 4.721400e+00 2.077758e+00 2.425408e+00 9.553515e+00 5.852970e+03 1.719071e+04 1.78736 2.757318e-01
9.410000e-01 4.721400e+00 2.078007e+00 2.425472e+00 9.555310e+00 5.904280e+03 1.718482e+04 1.78942 2.784015e-01
9.400000e-01 4.721400e+00 2.078405e+00 2.425698e+00 9.557515e+00 5.954354e+03 1.717822e+04 1.79193 2.810495e-01
9.390000e-01 4.721400e+00 2.079852e+00 2.427367e+00 9.563227e+00 6.000464e+03 1.716468e+04 1.79181 2.828122e-01
9.380000e-01 4.721400e+00 2.080092e+00 2.427420e+00 9.565026e+00 6.050329e+03 1.715897e+04 1.79375 2.854061e-01
9.370000e-01 4.721400e+00 2.080477e+00 2.427628e+00 9.567228e+00 6.098847e+03 1.715258e+04 1.79615 2.879725e-01
9.360000e-01 4.721400e+00 2.081940e+00 2.429312e+00 9.572978e+00 6.143044e+03 1.713917e+04 1.79625 2.896690e-01
9.350000e-01 4.721400e+00 2.082159e+00 2.429335e+00 9.574770e+00 6.191421e+03 1.713367e+04 1.79807 2.921843e-01
9.340000e-01 4.721400e+00 2.082547e+00 2.429541e+00 9.576996e+00 6.238761e+03 1.712740e+04 1.80046 2.946992e-01
9.330000e-01 4.721400e+00 2.084077e+00 2.431310e+00 9.582913e+00 6.282048e+03 1.711383e+04 1.80078 2.963611e-01
9.320000e-01 4.721400e+00 2.084280e+00 2.431310e+00 9.584685e+00 6.329737e+03 1.710852e+04 1.80257 2.988506e-01
9.310000e-01 4.721400e+00 2.084663e+00 2.431511e+00 9.586919e+00 6.376245e+03 1.710238e+04 1.80491 3.013255e-01
9.300000e-01 4.721400e+00 2.086197e+00 2.433286e+00 9.592881e+00 6.418595e+03 1.708884e+04 1.80531 3.029484e-01
9.290000e-01 4.721400e+00 2.086407e+00 2.433298e+00 9.594673e+00 6.465343e+03 1.708365e+04 1.80707 3.053916e-01
9.280000e-01 4.721400e+00 2.086791e+00 2.433503e+00 9.596921e+00 6.510881e+03 1.707764e+04 1.80936 3.078177e-01
9.270000e-01 4.721400e+00 2.088332e+00 2.435288e+00 9.602919e+00 6.552110e+03 1.706417e+04 1.80987 3.093980e-01
9.260000e-01 4.721400e+00 2.088538e+00 2.435297e+00 9.604719e+00 6.597795e+03 1.705912e+04 1.81157 3.117865e-01
9.250000e-01 4.721400e+00 2.088924e+00 2.435503e+00 9.606983e+00 6.642362e+03 1.705322e+04 1.81383 3.141664e-01
9.240000e-01 4.721400e+00 2.090480e+00 2.437306e+00 9.613035e+00 6.682696e+03 1.703977e+04 1.81447 3.157160e-01
9.230000e-01 4.721400e+00 2.090691e+00 2.437322e+00 9.614859e+00 6.727635e+03 1.703481e+04 1.81615 3.180695e-01
9.220000e-01 4.721400e+00 2.091076e+00 2.437528e+00 9.617139e+00 6.771385e+03 1.702901e+04 1.81836 3.204086e-01
9.210000e-01 4.721400e+00 2.092644e+00 2.439346e+00 9.623245e+00 6.810725e+03 1.701557e+04 1.8191 3.219196e-01
9.200000e-01 4.721400e+00 2.092850e+00 2.439357e+00 9.625079e+00 6.854748e+03 1.701072e+04 1.82073 3.242264e-01
9.190000e-01 4.721400e+00 2.093229e+00 2.439554e+00 9.627367e+00 6.897518e+03 1.700503e+04 1.82288 3.265158e-01
9.180000e-01 4.721400e+00 2.094812e+00 2.441388e+00 9.633519e+00 6.935618e+03 1.699163e+04 1.82376 3.279819e-01
9.170000e-01 4.721400e+00 2.094997e+00 2.441371e+00 9.635342e+00 6.978476e+03 1.698692e+04 1.82528 3.302263e-01
9.160000e-01 4.721400e+00 2.095367e+00 2.441553e+00 9.637637e+00 7.020183e+03 1.698133e+04 1.82738 3.324647e-01
9.150000e-01 4.721400e+00 2.096976e+00 2.443415e+00 9.643860e+00 7.057367e+03 1.696791e+04 1.82843 3.339040e-01
9.140000e-01 4.721400e+00 2.097166e+00 2.443403e+00 9.645713e+00 7.099728e+03 1.696325e+04 1.82996 3.361286e-01
9.130000e-01 4.721400e+00 2.097544e+00 2.443594e+00 9.648039e+00 7.140929e+03 1.695771e+04 1.83206 3.383457e-01
9.120000e-01 4.721400e+00 2.099165e+00 2.445472e+00 9.654333e+00 7.177495e+03 1.694422e+04 1.83316 3.397560e-01
9.110000e-01 4.721400e+00 2.099361e+00 2.445470e+00 9.656208e+00 7.219206e+03 1.693963e+04 1.83468 3.419496e-01
9.100000e-01 4.721400e+00 2.099739e+00 2.445665e+00 9.658550e+00 7.259721e+03 1.693415e+04 1.83675 3.441326e-01
9.090000e-01 4.721400e+00 2.101370e+00 2.447556e+00 9.664888e+00 7.295479e+03 1.692068e+04 1.83792 3.455115e-01
9.080000e-01 4.721400e+00 2.101562e+00 2.447551e+00 9.666769e+00 7.336388e+03 1.691618e+04 1.83939 3.476635e-01
9.070000e-01 4.721400e+00 2.101937e+00 2.447742e+00 9.669120e+00 7.376102e+03 1.691079e+04 1.84142 3.498069e-01
9.060000e-01 4.721400e+00 2.103583e+00 2.449651e+00 9.675506e+00 7.411065e+03 1.689732e+04 1.8427 3.511591e-01
9.050000e-01 4.721400e+00 2.103777e+00 2.449650e+00 9.677407e+00 7.451402e+03 1.689289e+04 1.84416 3.532844e-01
9.040000e-01 4.721400e+00 2.104154e+00 2.449845e+00 9.679780e+00 7.490554e+03 1.688755e+04 1.84618 3.554020e-01
9.030000e-01 4.721400e+00 2.105813e+00 2.451769e+00 9.686226e+00 7.524815e+03 1.687405e+04 1.84753 3.567260e-01
9.020000e-01 4.721400e+00 2.106002e+00 2.451765e+00 9.688140e+00 7.564496e+03 1.686969e+04 1.84895 3.588186e-01
9.010000e-01 4.721400e+00 2.106374e+00 2.451952e+00 9.690523e+00 7.602943e+03 1.686442e+04 1.85093 3.609014e-01
9.000000e-01 4.721400e+00 2.108049e+00 2.453895e+00 9.697024e+00 7.636311e+03 1.685091e+04 1.85238 3.621924e-01
8.990000e-01 4.721400e+00 2.108221e+00 2.453868e+00 9.698933e+00 7.675141e+03 1.684665e+04 1.85373 3.642403e-01
8.980000e-01 4.721400e+00 2.108580e+00 2.454036e+00 9.701317e+00 7.712719e+03 1.684147e+04 1.85566 3.662798e-01
8.970000e-01 4.721400e+00 2.110282e+00 2.456007e+00 9.707887e+00 7.745235e+03 1.682792e+04 1.85724 3.675445e-01
8.960000e-01 4.721400e+00 2.110453e+00 2.455978e+00 9.709819e+00 7.783637e+03 1.682371e+04 1.85859 3.695750e-01
8.950000e-01 4.721400e+00 2.110820e+00 2.456154e+00 9.712240e+00 7.820868e+03 1.681854e+04 1.86054 3.716032e-01
8.940000e-01 4.721400e+00 2.112537e+00 2.458144e+00 9.718894e+00 7.852970e+03 1.680489e+04 1.86217 3.728474e-01
8.930000e-01 4.721400e+00 2.112714e+00 2.458124e+00 9.720853e+00 7.890935e+03 1.680071e+04 1.86352 3.748585e-01
8.920000e-01 4.721400e+00 2.113082e+00 2.458304e+00 9.723293e+00 7.927676e+03 1.679558e+04 1.86545 3.768632e-01
8.910000e-01 4.721400e+00 2.114811e+00 2.460310e+00 9.730005e+00 7.959164e+03 1.678189e+04 1.86713 3.780821e-01
8.900000e-01 4.721400e+00 2.114984e+00 2.460288e+00 9.731973e+00 7.996524e+03 1.677777e+04 1.86845 3.800625e-01
8.890000e-01 4.721400e+00 2.115346e+00 2.460462e+00 9.734421e+00 8.032619e+03 1.677270e+04 1.87034 3.820349e-01
8.880000e-01 4.721400e+00 2.117092e+00 2.462489e+00 9.741185e+00 8.063411e+03 1.675899e+04 1.87212 3.832296e-01
8.870000e-01 4.721400e+00 2.117264e+00 2.462467e+00 9.743170e+00 8.100289e+03 1.675493e+04 1.87342 3.851873e-01
8.860000e-01 4.721400e+00 2.117628e+00 2.462644e+00 9.745639e+00 8.135936e+03 1.674989e+04 1.87531 3.871402e-01
8.850000e-01 4.721400e+00 2.119432e+00 2.464749e+00 9.752554e+00 8.166125e+03 1.673598e+04 1.87718 3.883031e-01
8.840000e-01 4.721400e+00 2.119570e+00 2.464683e+00 9.754496e+00 8.202516e+03 1.673206e+04 1.87843 3.902413e-01
8.830000e-01 4.721400e+00 2.119920e+00 2.464840e+00 9.756959e+00 8.237604e+03 1.672711e+04 1.88028 3.921687e-01
8.820000e-01 4.721400e+00 2.121736e+00 2.466957e+00 9.763923e+00 8.267054e+03 1.671318e+04 1.88224 3.933048e-01
8.810000e-01 4.721400e+00 2.121858e+00 2.466871e+00 9.765861e+00 8.302761e+03 1.670933e+04 1.88342 3.952078e-01
8.800000e-01 4.721400e+00 2.122192e+00 2.467008e+00 9.768324e+00 8.337126e+03 1.670445e+04 1.88523 3.970995e-01
8.790000e-01 4.721400e+00 2.124036e+00 2.469154e+00 9.775359e+00 8.365831e+03 1.669046e+04 1.8873 3.982116e-01
8.780000e-01 4.721400e+00 2.124154e+00 2.469062e+00 9.777317e+00 8.401178e+03 1.668665e+04 1.88848 4.001004e-01
8.770000e-01 4.721400e+00 2.124496e+00 2.469206e+00 9.779816e+00 8.435266e+03 1.668177e+04 1.89032 4.019844e-01
8.760000e-01 4.721400e+00 2.126357e+00 2.471375e+00 9.786946e+00 8.463639e+03 1.666766e+04 1.89242 4.030794e-01
8.750000e-01 4.721400e+00 2.126479e+00 2.471290e+00 9.788931e+00 8.498666e+03 1.666387e+04 1.89361 4.049553e-01
8.740000e-01 4.721400e+00 2.126821e+00 2.471436e+00 9.791452e+00 8.532385e+03 1.665901e+04 1.89544 4.068226e-01
8.730000e-01 4.721400e+00 2.128697e+00 2.473624e+00 9.798653e+00 8.560250e+03 1.664482e+04 1.89759 4.078953e-01
8.720000e-01 4.721400e+00 2.128814e+00 2.473536e+00 9.800649e+00 8.594795e+03 1.664107e+04 1.89876 4.097475e-01
8.710000e-01 4.721400e+00 2.129149e+00 2.473674e+00 9.803178e+00 8.627988e+03 1.663625e+04 1.90055 4.115891e-01
8.700000e-01 4.721400e+00 2.131045e+00 2.475886e+00 9.810440e+00 8.655264e+03 1.662201e+04 1.90278 4.126404e-01
8.690000e-01 4.721400e+00 2.131159e+00 2.475795e+00 9.812451e+00 8.689414e+03 1.661830e+04 1.90393 4.144746e-01
8.680000e-01 4.721400e+00 2.131495e+00 2.475935e+00 9.815003e+00 8.722242e+03 1.661350e+04 1.90573 4.163009e-01
8.670000e-01 4.721400e+00 2.133406e+00 2.478167e+00 9.822337e+00 8.749017e+03 1.659918e+04 1.90801 4.173312e-01
8.660000e-01 4.721400e+00 2.133514e+00 2.478070e+00 9.824360e+00 8.782738e+03 1.659550e+04 1.90914 4.191449e-01
8.650000e-01 4.721400e+00 2.133842e+00 2.478200e+00 9.826921e+00 8.815076e+03 1.659074e+04 1.91091 4.209479e-01
8.640000e-01 4.721400e+00 2.135774e+00 2.480456e+00 9.834320e+00 8.841186e+03 1.657636e+04 1.91327 4.219522e-01
8.630000e-01 4.721400e+00 2.135862e+00 2.480335e+00 9.836338e+00 8.874310e+03 1.657275e+04 1.91434 4.237358e-01
8.620000e-01 4.721400e+00 2.136177e+00 2.480447e+00 9.838902e+00 8.906042e+03 1.656803e+04 1.91607 4.255099e-01
8.610000e-01 4.721400e+00 2.138137e+00 2.482733e+00 9.846378e+00 8.931542e+03 1.655357e+04 1.91854 4.264940e-01
8.600000e-01 4.721400e+00 2.138223e+00 2.482608e+00 9.848418e+00 8.964393e+03 1.654998e+04 1.91961 4.282681e-01
8.590000e-01 4.721400e+00 2.138543e+00 2.482726e+00 9.851018e+00 8.995900e+03 1.654525e+04 1.92136 4.300366e-01
8.580000e-01 4.721400e+00 2.140522e+00 2.485035e+00 9.858594e+00 9.021094e+03 1.653065e+04 1.92386 4.310043e-01
8.570000e-01 4.721400e+00 2.140609e+00 2.484916e+00 9.860661e+00 9.053684e+03 1.652706e+04 1.92494 4.327684e-01
8.560000e-01 4.721400e+00 2.140928e+00 2.485031e+00 9.863282e+00 9.084881e+03 1.652235e+04 1.92668 4.345235e-01
8.550000e-01 4.721400e+00 2.142924e+00 2.487364e+00 9.870937e+00 9.109614e+03 1.650764e+04 1.92923 4.354702e-01
8.540000e-01 4.721400e+00 2.143004e+00 2.487237e+00 9.873014e+00 9.141787e+03 1.650409e+04 1.93029 4.372143e-01
8.530000e-01 4.721400e+00 2.143316e+00 2.487346e+00 9.875646e+00 9.172550e+03 1.649940e+04 1.93201 4.389493e-01
8.520000e-01 4.721400e+00 2.145333e+00 2.489704e+00 9.883374e+00 9.196791e+03 1.648461e+04 1.93463 4.398771e-01
8.510000e-01 4.721400e+00 2.145410e+00 2.489575e+00 9.885468e+00 9.228660e+03 1.648107e+04 1.93567 4.416084e-01
8.500000e-01 4.721400e+00 2.145719e+00 2.489680e+00 9.888120e+00 9.259102e+03 1.647639e+04 1.93739 4.433299e-01
8.490000e-01 4.721400e+00 2.147756e+00 2.492063e+00 9.895928e+00 9.282871e+03 1.646150e+04 1.94006 4.442372e-01
8.480000e-01 4.721400e+00 2.147823e+00 2.491924e+00 9.898031e+00 9.314347e+03 1.645799e+04 1.94108 4.459501e-01
8.470000e-01 4.721400e+00 2.148122e+00 2.492017e+00 9.900692e+00 9.344341e+03 1.645334e+04 1.94277 4.476505e-01
8.460000e-01 4.721400e+00 2.150181e+00 2.494425e+00 9.908567e+00 9.367465e+03 1.643837e+04 1.94551 4.485319e-01
8.450000e-01 4.721400e+00 2.150226e+00 2.494257e+00 9.910663e+00 9.398404e+03 1.643492e+04 1.94648 4.502183e-01
8.440000e-01 4.721400e+00 2.150517e+00 2.494339e+00 9.913334e+00 9.427919e+03 1.643029e+04 1.94815 4.518981e-01
8.430000e-01 4.721400e+00 2.152647e+00 2.496839e+00 9.921388e+00 9.450554e+03 1.641506e+04 1.95102 4.527531e-01
8.420000e-01 4.721400e+00 2.152664e+00 2.496633e+00 9.923455e+00 9.481337e+03 1.641170e+04 1.95197 4.544415e-01
8.410000e-01 4.721400e+00 2.152947e+00 2.496702e+00 9.926139e+00 9.510661e+03 1.640709e+04 1.95365 4.561183e-01
8.400000e-01 4.721400e+00 2.155092e+00 2.499221e+00 9.934288e+00 9.532990e+03 1.639171e+04 1.95655 4.569577e-01
8.390000e-01 4.721400e+00 2.155107e+00 2.499016e+00 9.936379e+00 9.563539e+03 1.638835e+04 1.9575 4.586375e-01
8.380000e-01 4.721400e+00 2.156718e+00 2.500806e+00 9.942940e+00 9.587454e+03 1.637611e+04 1.96024 4.597411e-01
8.370000e-01 4.721400e+00 2.156734e+00 2.500602e+00 9.945048e+00 9.617734e+03 1.637275e+04 1.96118 4.614080e-01
8.360000e-01 4.721400e+00 2.158359e+00 2.502411e+00 9.951657e+00 9.641328e+03 1.636046e+04 1.96396 4.624972e-01
8.350000e-01 4.721400e+00 2.158371e+00 2.502203e+00 9.953775e+00 9.671413e+03 1.635711e+04 1.96489 4.641559e-01
8.340000e-01 4.721400e+00 2.160006e+00 2.504024e+00 9.960432e+00 9.694787e+03 1.634474e+04 1.96769 4.652358e-01
8.330000e-01 4.721400e+00 2.160013e+00 2.503813e+00 9.962562e+00 9.724695e+03 1.634140e+04 1.96862 4.668875e-01
8.320000e-01 4.721400e+00 2.161657e+00 2.505644e+00 9.969262e+00 9.747781e+03 1.632899e+04 1.97144 4.679545e-01
8.310000e-01 4.721400e+00 2.161655e+00 2.505423e+00 9.971395e+00 9.777446e+03 1.632566e+04 1.97235 4.695952e-01
8.300000e-01 4.721400e+00 2.163310e+00 2.507266e+00 9.978134e+00 9.800205e+03 1.631320e+04 1.9752 4.706483e-01
8.290000e-01 4.721400e+00 2.163293e+00 2.507026e+00 9.980262e+00 9.829552e+03 1.630990e+04 1.97608 4.722738e-01
8.280000e-01 4.721400e+00 2.164958e+00 2.508882e+00 9.987034e+00 9.851889e+03 1.629741e+04 1.97896 4.733093e-01
8.270000e-01 4.721400e+00 2.164929e+00 2.508625e+00 9.989162e+00 9.880989e+03 1.629413e+04 1.97981 4.749245e-01
8.260000e-01 4.721400e+00 2.166609e+00 2.510497e+00 9.995994e+00 9.903127e+03 1.628155e+04 1.98274 4.759523e-01
8.250000e-01 4.721400e+00 2.166580e+00 2.510243e+00 9.998143e+00 9.932132e+03 1.627827e+04 1.98359 4.775660e-01
8.240000e-01 4.721400e+00 2.168268e+00 2.512124e+00 1.000504e+01 9.954096e+03 1.626560e+04 1.98653 4.785852e-01
8.230000e-01 4.721400e+00 2.168239e+00 2.511872e+00 1.000720e+01 9.982978e+03 1.626231e+04 1.9874 4.801951e-01
8.220000e-01 4.721400e+00 2.169936e+00 2.513765e+00 1.001415e+01 1.000474e+04 1.624957e+04 1.99035 4.812045e-01
8.210000e-01 4.721400e+00 2.169900e+00 2.513505e+00 1.001632e+01 1.003344e+04 1.624628e+04 1.99121 4.828070e-01
8.200000e-01 4.721400e+00 2.171607e+00 2.515411e+00 1.002331e+01 1.005491e+04 1.623348e+04 1.99419 4.838032e-01
8.190000e-01 4.721400e+00 2.171563e+00 2.515142e+00 1.002549e+01 1.008339e+04 1.623021e+04 1.99502 4.853964e-01
8.180000e-01 4.721400e+00 2.173282e+00 2.517061e+00 1.003253e+01 1.010462e+04 1.621734e+04 1.99803 4.863823e-01
8.170000e-01 4.721400e+00 2.173234e+00 2.516790e+00 1.003472e+01 1.013297e+04 1.621407e+04 1.99886 4.879712e-01
8.160000e-01 4.721400e+00 2.174962e+00 2.518720e+00 1.004181e+01 1.015397e+04 1.620112e+04 2.00189 4.889464e-01
8.150000e-01 4.721400e+00 2.175821e+00 2.519579e+00 1.004652e+01 1.017847e+04 1.619292e+04 2.00384 4.902142e-01
8.140000e-01 4.721400e+00 2.176662e+00 2.520412e+00 1.005119e+01 1.020283e+04 1.618478e+04 2.00577 4.914823e-01
8.130000e-01 4.721400e+00 2.177503e+00 2.521243e+00 1.005588e+01 1.022704e+04 1.617664e+04 2.00771 4.927439e-01
8.120000e-01 4.721400e+00 2.178342e+00 2.522072e+00 1.006056e+01 1.025106e+04 1.616848e+04 2.00965 4.939971e-01
8.110000e-01 4.721400e+00 2.179180e+00 2.522898e+00 1.006526e+01 1.027493e+04 1.616033e+04 2.01159 4.952436e-01
8.100000e-01 4.721400e+00 2.180019e+00 2.523725e+00 1.006998e+01 1.029871e+04 1.615215e+04 2.01353 4.964872e-01
8.090000e-01 4.721400e+00 2.180860e+00 2.524555e+00 1.007472e+01 1.032244e+04 1.614394e+04 2.01548 4.977284e-01
8.080000e-01 4.721400e+00 2.181703e+00 2.525388e+00 1.007948e+01 1.034610e+04 1.613570e+04 2.01743 4.989672e-01
8.070000e-01 4.721400e+00 2.182548e+00 2.526224e+00 1.008426e+01 1.036969e+04 1.612743e+04 2.01939 5.002034e-01
8.060000e-01 4.721400e+00 2.183395e+00 2.527062e+00 1.008906e+01 1.039320e+04 1.611914e+04 2.02136 5.014359e-01
8.050000e-01 4.721400e+00 2.184243e+00 2.527902e+00 1.009387e+01 1.041662e+04 1.611083e+04 2.02333 5.026646e-01
8.040000e-01 4.721400e+00 2.185092e+00 2.528744e+00 1.009870e+01 1.043992e+04 1.610250e+04 2.0253 5.038880e-01
8.030000e-01 4.721400e+00 2.185940e+00 2.529586e+00 1.010354e+01 1.046309e+04 1.609416e+04 2.02727 5.051062e-01
8.020000e-01 4.721400e+00 2.186790e+00 2.530429e+00 1.010840e+01 1.048618e+04 1.608579e+04 2.02925 5.063203e-01
8.010000e-01 4.721400e+00 2.187641e+00 2.531274e+00 1.011327e+01 1.050919e+04 1.607740e+04 2.03123 5.075316e-01
8.000000e-01 4.721400e+00 2.188493e+00 2.532122e+00 1.011817e+01 1.053210e+04 1.606899e+04 2.03321 5.087389e-01
7.990000e-01 4.721400e+00 2.189346e+00 2.532969e+00 1.012307e+01 1.055491e+04 1.606056e+04 2.0352 5.099413e-01
7.980000e-01 4.721400e+00 2.190198e+00 2.533817e+00 1.012799e+01 1.057759e+04 1.605212e+04 2.03719 5.111382e-01
7.970000e-01 4.721400e+00 2.191051e+00 2.534667e+00 1.013293e+01 1.060015e+04 1.604366e+04 2.03918 5.123299e-01
7.960000e-01 4.721400e+00 2.191902e+00 2.535513e+00 1.013787e+01 1.062254e+04 1.603519e+04 2.04117 5.135140e-01
7.950000e-01 4.721400e+00 2.192751e+00 2.536356e+00 1.014281e+01 1.064477e+04 1.602672e+04 2.04316 5.146909e-01
7.940000e-01 4.721400e+00 2.193600e+00 2.537199e+00 1.014778e+01 1.066689e+04 1.601823e+04 2.04515 5.158632e-01
7.930000e-01 4.721400e+00 2.194450e+00 2.538043e+00 1.015276e+01 1.068894e+04 1.600970e+04 2.04714 5.170333e-01
7.920000e-01 4.721400e+00 2.195344e+00 2.538949e+00 1.015785e+01 1.071088e+04 1.600100e+04 2.04919 5.181899e-01
7.910000e-01 4.721400e+00 2.196199e+00 2.539800e+00 1.016289e+01 1.073281e+04 1.599241e+04 2.05119 5.193548e-01
7.900000e-01 4.721400e+00 2.197055e+00 2.540652e+00 1.016794e+01 1.075466e+04 1.598378e+04 2.05321 5.205167e-01
7.890000e-01 4.721400e+00 2.197912e+00 2.541507e+00 1.017301e+01 1.077643e+04 1.597513e+04 2.05522 5.216753e-01
7.880000e-01 4.721400e+00 2.198770e+00 2.542363e+00 1.017809e+01 1.079810e+04 1.596647e+04 2.05724 5.228293e-01
7.870000e-01 4.721400e+00 2.199628e+00 2.543218e+00 1.018319e+01 1.081965e+04 1.595778e+04 2.05926 5.239782e-01
7.860000e-01 4.721400e+00 2.200485e+00 2.544075e+00 1.018831e+01 1.084111e+04 1.594907e+04 2.06128 5.251228e-01
7.850000e-01 4.721400e+00 2.201344e+00 2.544933e+00 1.019344e+01 1.086249e+04 1.594033e+04 2.06331 5.262646e-01
7.840000e-01 4.721400e+00 2.202205e+00 2.545794e+00 1.019859e+01 1.088379e+04 1.593156e+04 2.06534 5.274029e-01
7.830000e-01 4.721400e+00 2.203065e+00 2.546655e+00 1.020377e+01 1.090498e+04 1.592276e+04 2.06737 5.285367e-01
7.820000e-01 4.721400e+00 2.203926e+00 2.547517e+00 1.020895e+01 1.092607e+04 1.591395e+04 2.0694 5.296655e-01
7.810000e-01 4.721400e+00 2.204786e+00 2.548378e+00 1.021415e+01 1.094703e+04 1.590512e+04 2.07143 5.307891e-01
7.800000e-01 4.721400e+00 2.205645e+00 2.549237e+00 1.021936e+01 1.096785e+04 1.589628e+04 2.07347 5.319060e-01
7.790000e-01 4.721400e+00 2.206502e+00 2.550094e+00 1.022457e+01 1.098850e+04 1.588743e+04 2.0755 5.330158e-01
7.780000e-01 4.721400e+00 2.207357e+00 2.550949e+00 1.022980e+01 1.100904e+04 1.587856e+04 2.07753 5.341206e-01
7.770000e-01 4.721400e+00 2.208214e+00 2.551805e+00 1.023505e+01 1.102951e+04 1.586965e+04 2.07957 5.352230e-01
7.760000e-01 4.721400e+00 2.209072e+00 2.552663e+00 1.024033e+01 1.104992e+04 1.586071e+04 2.08161 5.363229e-01
7.750000e-01 4.721400e+00 2.209932e+00 2.553524e+00 1.024563e+01 1.107026e+04 1.585173e+04 2.08366 5.374204e-01
7.740000e-01 4.721400e+00 2.210793e+00 2.554387e+00 1.025095e+01 1.109053e+04 1.584272e+04 2.08571 5.385150e-01
7.730000e-01 4.721400e+00 2.211655e+00 2.555253e+00 1.025630e+01 1.111073e+04 1.583367e+04 2.08777 5.396063e-01
7.720000e-01 4.721400e+00 2.212518e+00 2.556118e+00 1.026166e+01 1.113082e+04 1.582460e+04 2.08982 5.406930e-01
7.710000e-01 4.721400e+00 2.213380e+00 2.556984e+00 1.026704e+01 1.115081e+04 1.581551e+04 2.09188 5.417749e-01
7.700000e-01 4.721400e+00 2.214243e+00 2.557851e+00 1.027243e+01 1.117070e+04 1.580640e+04 2.09394 5.428528e-01
7.690000e-01 4.721400e+00 2.215106e+00 2.558720e+00 1.027785e+01 1.119052e+04 1.579724e+04 2.09601 5.439280e-01
7.680000e-01 4.721400e+00 2.215970e+00 2.559590e+00 1.028329e+01 1.121025e+04 1.578806e+04 2.09808 5.449996e-01
7.670000e-01 4.721400e+00 2.216835e+00 2.560460e+00 1.028874e+01 1.122989e+04 1.577885e+04 2.10015 5.460669e-01
7.660000e-01 4.721400e+00 2.217699e+00 2.561332e+00 1.029421e+01 1.124941e+04 1.576962e+04 2.10222 5.471293e-01
7.650000e-01 4.721400e+00 2.218562e+00 2.562202e+00 1.029970e+01 1.126883e+04 1.576037e+04 2.10429 5.481867e-01
7.640000e-01 4.721400e+00 2.219424e+00 2.563070e+00 1.030519e+01 1.128809e+04 1.575110e+04 2.10636 5.492374e-01
7.630000e-01 4.721400e+00 2.220283e+00 2.563935e+00 1.031070e+01 1.130720e+04 1.574182e+04 2.10843 5.502814e-01
7.620000e-01 4.721400e+00 2.221142e+00 2.564799e+00 1.031622e+01 1.132621e+04 1.573252e+04 2.1105 5.513210e-01
7.610000e-01 4.721400e+00 2.222001e+00 2.565664e+00 1.032177e+01 1.134515e+04 1.572318e+04 2.11257 5.523582e-01
7.600000e-01 4.721400e+00 2.222861e+00 2.566530e+00 1.032734e+01 1.136402e+04 1.571379e+04 2.11465 5.533928e-01
7.590000e-01 4.721400e+00 2.223723e+00 2.567400e+00 1.033294e+01 1.138283e+04 1.570437e+04 2.11673 5.544250e-01
7.580000e-01 4.721400e+00 2.224626e+00 2.568328e+00 1.033865e+01 1.140152e+04 1.569477e+04 2.11886 5.554421e-01
7.570000e-01 4.721400e+00 2.225490e+00 2.569202e+00 1.034430e+01 1.142017e+04 1.568527e+04 2.12095 5.564673e-01
7.560000e-01 4.721400e+00 2.226353e+00 2.570075e+00 1.034996e+01 1.143873e+04 1.567575e+04 2.12304 5.574882e-01
7.550000e-01 4.721400e+00 2.227216e+00 2.570947e+00 1.035564e+01 1.145717e+04 1.566620e+04 2.12513 5.585043e-01
7.540000e-01 4.721400e+00 2.228079e+00 2.571821e+00 1.036134e+01 1.147554e+04 1.565662e+04 2.12723 5.595172e-01
7.530000e-01 4.721400e+00 2.228942e+00 2.572696e+00 1.036707e+01 1.149384e+04 1.564700e+04 2.12932 5.605271e-01
7.520000e-01 4.721400e+00 2.229805e+00 2.573571e+00 1.037282e+01 1.151204e+04 1.563734e+04 2.13142 5.615329e-01
7.510000e-01 4.721400e+00 2.230669e+00 2.574448e+00 1.037858e+01 1.153015e+04 1.562766e+04 2.13352 5.625347e-01
7.500000e-01 4.721400e+00 2.231532e+00 2.575324e+00 1.038436e+01 1.154815e+04 1.561795e+04 2.13562 5.635312e-01
7.490000e-01 4.721400e+00 2.232392e+00 2.576197e+00 1.039016e+01 1.156603e+04 1.560821e+04 2.13772 5.645224e-01
7.480000e-01 4.721400e+00 2.233251e+00 2.577068e+00 1.039597e+01 1.158376e+04 1.559846e+04 2.13982 5.655070e-01
7.470000e-01 4.721400e+00 2.234108e+00 2.577936e+00 1.040179e+01 1.160134e+04 1.558870e+04 2.14191 5.664855e-01
7.460000e-01 4.721400e+00 2.234964e+00 2.578803e+00 1.040763e+01 1.161886e+04 1.557889e+04 2.14401 5.674608e-01
7.450000e-01 4.721400e+00 2.235820e+00 2.579671e+00 1.041350e+01 1.163630e+04 1.556904e+04 2.1461 5.684334e-01
7.440000e-01 4.721400e+00 2.236676e+00 2.580540e+00 1.041940e+01 1.165367e+04 1.555915e+04 2.14821 5.694032e-01
7.430000e-01 4.721400e+00 2.237535e+00 2.581413e+00 1.042532e+01 1.167099e+04 1.554921e+04 2.15031 5.703706e-01
7.420000e-01 4.721400e+00 2.238393e+00 2.582285e+00 1.043127e+01 1.168822e+04 1.553923e+04 2.15242 5.713344e-01
7.410000e-01 4.721400e+00 2.239251e+00 2.583157e+00 1.043724e+01 1.170536e+04 1.552922e+04 2.15453 5.722938e-01
7.400000e-01 4.721400e+00 2.240108e+00 2.584030e+00 1.044323e+01 1.172240e+04 1.551917e+04 2.15664 5.732488e-01
7.390000e-01 4.721400e+00 2.240964e+00 2.584902e+00 1.044924e+01 1.173934e+04 1.550909e+04 2.15875 5.741995e-01
7.380000e-01 4.721400e+00 2.241821e+00 2.585775e+00 1.045527e+01 1.175622e+04 1.549897e+04 2.16086 5.751477e-01
7.370000e-01 4.721400e+00 2.242677e+00 2.586648e+00 1.046133e+01 1.177302e+04 1.548880e+04 2.16297 5.760918e-01
7.360000e-01 4.721400e+00 2.243533e+00 2.587521e+00 1.046741e+01 1.178971e+04 1.547859e+04 2.16508 5.770316e-01
7.350000e-01 4.721400e+00 2.244387e+00 2.588394e+00 1.047351e+01 1.180631e+04 1.546836e+04 2.16719 5.779669e-01
7.340000e-01 4.721400e+00 2.245240e+00 2.589265e+00 1.047963e+01 1.182279e+04 1.545810e+04 2.1693 5.788969e-01
7.330000e-01 4.721400e+00 2.246091e+00 2.590132e+00 1.048576e+01 1.183914e+04 1.544781e+04 2.1714 5.798204e-01
7.320000e-01 4.721400e+00 2.246938e+00 2.590996e+00 1.049190e+01 1.185535e+04 1.543750e+04 2.17351 5.807377e-01
7.310000e-01 4.721400e+00 2.247784e+00 2.591857e+00 1.049806e+01 1.187145e+04 1.542716e+04 2.17561 5.816506e-01
7.300000e-01 4.721400e+00 2.248629e+00 2.592718e+00 1.050425e+01 1.188749e+04 1.541676e+04 2.17771 5.825610e-01
7.290000e-01 4.721400e+00 2.249475e+00 2.593581e+00 1.051046e+01 1.190346e+04 1.540632e+04 2.17981 5.834683e-01
7.280000e-01 4.721400e+00 2.250320e+00 2.594443e+00 1.051671e+01 1.191937e+04 1.539582e+04 2.18191 5.843725e-01
7.270000e-01 4.721400e+00 2.251204e+00 2.595363e+00 1.052307e+01 1.193514e+04 1.538514e+04 2.18406 5.852610e-01
7.260000e-01 4.721400e+00 2.252051e+00 2.596229e+00 1.052937e+01 1.195088e+04 1.537455e+04 2.18617 5.861575e-01
7.250000e-01 4.721400e+00 2.252895e+00 2.597092e+00 1.053569e+01 1.196653e+04 1.536393e+04 2.18827 5.870496e-01
7.240000e-01 4.721400e+00 2.253737e+00 2.597953e+00 1.054203e+01 1.198207e+04 1.535327e+04 2.19037 5.879371e-01
7.230000e-01 4.721400e+00 2.254579e+00 2.598815e+00 1.054840e+01 1.199754e+04 1.534255e+04 2.19248 5.888215e-01
7.220000e-01 4.721400e+00 2.255420e+00 2.599678e+00 1.055480e+01 1.201293e+04 1.533179e+04 2.19458 5.897024e-01
7.210000e-01 4.721400e+00 2.256261e+00 2.600540e+00 1.056122e+01 1.202822e+04 1.532100e+04 2.19668 5.905789e-01
7.200000e-01 4.721400e+00 2.257099e+00 2.601400e+00 1.056766e+01 1.204342e+04 1.531016e+04 2.19878 5.914506e-01
7.190000e-01 4.721400e+00 2.257936e+00 2.602258e+00 1.057412e+01 1.205850e+04 1.529929e+04 2.20088 5.923169e-01
7.180000e-01 4.721400e+00 2.258770e+00 2.603113e+00 1.058059e+01 1.207345e+04 1.528839e+04 2.20297 5.931771e-01
7.170000e-01 4.721400e+00 2.259600e+00 2.603964e+00 1.058708e+01 1.208827e+04 1.527747e+04 2.20506 5.940311e-01
7.160000e-01 4.721400e+00 2.260428e+00 2.604811e+00 1.059358e+01 1.210298e+04 1.526651e+04 2.20715 5.948803e-01
7.150000e-01 4.721400e+00 2.261255e+00 2.605658e+00 1.060012e+01 1.211762e+04 1.525550e+04 2.20923 5.957268e-01
7.140000e-01 4.721400e+00 2.262081e+00 2.606504e+00 1.060669e+01 1.213219e+04 1.524443e+04 2.21132 5.965699e-01
7.130000e-01 4.721400e+00 2.262907e+00 2.607352e+00 1.061329e+01 1.214668e+04 1.523330e+04 2.21341 5.974099e-01
7.120000e-01 4.721400e+00 2.262451e+00 2.606711e+00 1.061583e+01 1.216760e+04 1.523026e+04 2.2139 5.988131e-01
7.110000e-01 4.721400e+00 2.264548e+00 2.609034e+00 1.062654e+01 1.217545e+04 1.521097e+04 2.21758 5.990841e-01
7.100000e-01 4.721400e+00 2.264069e+00 2.608369e+00 1.062909e+01 1.219624e+04 1.520790e+04 2.21803 6.004826e-01
7.090000e-01 4.721400e+00 2.263934e+00 2.607947e+00 1.063231e+01 1.221489e+04 1.520332e+04 2.21959 6.018969e-01
7.080000e-01 4.721400e+00 2.267032e+00 2.611600e+00 1.064671e+01 1.221784e+04 1.517698e+04 2.22384 6.015481e-01
7.070000e-01 4.721400e+00 2.266509e+00 2.610884e+00 1.064924e+01 1.223849e+04 1.517393e+04 2.22423 6.029490e-01
7.060000e-01 4.721400e+00 2.266344e+00 2.610427e+00 1.065246e+01 1.225697e+04 1.516933e+04 2.22576 6.043621e-01
7.050000e-01 4.721400e+00 2.269482e+00 2.614127e+00 1.066708e+01 1.225946e+04 1.514263e+04 2.23007 6.039827e-01
7.040000e-01 4.721400e+00 2.268920e+00 2.613367e+00 1.066960e+01 1.227990e+04 1.513959e+04 2.2304 6.053780e-01
7.030000e-01 4.721400e+00 2.268720e+00 2.612870e+00 1.067282e+01 1.229811e+04 1.513498e+04 2.23187 6.067820e-01
7.020000e-01 4.721400e+00 2.271908e+00 2.616630e+00 1.068763e+01 1.230003e+04 1.510799e+04 2.23627 6.063684e-01
7.010000e-01 4.721400e+00 2.271299e+00 2.615816e+00 1.069012e+01 1.232020e+04 1.510496e+04 2.23652 6.077560e-01
7.000000e-01 4.721400e+00 2.271079e+00 2.615294e+00 1.069336e+01 1.233818e+04 1.510031e+04 2.23797 6.091549e-01
6.990000e-01 4.721400e+00 2.274313e+00 2.619110e+00 1.070841e+01 1.233969e+04 1.507295e+04 2.24244 6.087132e-01
6.980000e-01 4.721400e+00 2.273675e+00 2.618267e+00 1.071092e+01 1.235974e+04 1.506989e+04 2.24266 6.101030e-01
6.970000e-01 4.721400e+00 2.273425e+00 2.617713e+00 1.071418e+01 1.237757e+04 1.506520e+04 2.24407 6.115015e-01
6.960000e-01 4.721400e+00 2.276740e+00 2.621636e+00 1.072957e+01 1.237858e+04 1.503725e+04 2.24864 6.110129e-01
6.950000e-01 4.721400e+00 2.276046e+00 2.620726e+00 1.073204e+01 1.239848e+04 1.503424e+04 2.24877 6.124059e-01
6.940000e-01 4.721400e+00 2.275757e+00 2.620125e+00 1.073529e+01 1.241612e+04 1.502955e+04 2.25013 6.138027e-01
6.930000e-01 4.721400e+00 2.279114e+00 2.624098e+00 1.075091e+01 1.241669e+04 1.500122e+04 2.25476 6.132846e-01
6.920000e-01 4.721400e+00 2.278382e+00 2.623145e+00 1.075338e+01 1.243644e+04 1.499820e+04 2.25484 6.146772e-01
6.910000e-01 4.721400e+00 2.278061e+00 2.622508e+00 1.075664e+01 1.245390e+04 1.499347e+04 2.25615 6.160710e-01
6.900000e-01 4.721400e+00 2.281467e+00 2.626541e+00 1.077250e+01 1.245397e+04 1.496471e+04 2.26085 6.155154e-01
6.890000e-01 4.721400e+00 2.280686e+00 2.625533e+00 1.077495e+01 1.247350e+04 1.496169e+04 2.26085 6.169026e-01
6.880000e-01 4.721400e+00 2.280321e+00 2.624842e+00 1.077820e+01 1.249069e+04 1.495695e+04 2.26208 6.182870e-01
6.870000e-01 4.721400e+00 2.283784e+00 2.628943e+00 1.079428e+01 1.249018e+04 1.492785e+04 2.26687 6.176932e-01
6.860000e-01 4.721400e+00 2.282954e+00 2.627879e+00 1.079671e+01 1.250949e+04 1.492482e+04 2.26679 6.190758e-01
6.850000e-01 4.721400e+00 2.282562e+00 2.627156e+00 1.079997e+01 1.252648e+04 1.492003e+04 2.26799 6.204575e-01
6.840000e-01 4.721400e+00 2.286073e+00 2.631317e+00 1.081633e+01 1.252556e+04 1.489046e+04 2.27284 6.198301e-01
6.830000e-01 4.721400e+00 2.285205e+00 2.630212e+00 1.081877e+01 1.254474e+04 1.488741e+04 2.27271 6.212146e-01
6.820000e-01 4.721400e+00 2.284777e+00 2.629447e+00 1.082204e+01 1.256158e+04 1.488257e+04 2.27385 6.225956e-01
6.810000e-01 4.721400e+00 2.288372e+00 2.633719e+00 1.083876e+01 1.256011e+04 1.485236e+04 2.27879 6.219153e-01
6.800000e-01 4.721400e+00 2.287440e+00 2.632536e+00 1.084115e+01 1.257914e+04 1.484935e+04 2.27856 6.233034e-01
6.790000e-01 4.721400e+00 2.286971e+00 2.631723e+00 1.084442e+01 1.259580e+04 1.484449e+04 2.27965 6.246838e-01
6.780000e-01 4.721400e+00 2.290611e+00 2.636047e+00 1.086141e+01 1.259388e+04 1.481384e+04 2.28465 6.239690e-01
6.770000e-01 4.721400e+00 2.289634e+00 2.634817e+00 1.086379e+01 1.261276e+04 1.481081e+04 2.28435 6.253573e-01
6.760000e-01 4.721400e+00 2.289124e+00 2.633957e+00 1.086706e+01 1.262922e+04 1.480592e+04 2.28538 6.267339e-01
6.750000e-01 4.721400e+00 2.292819e+00 2.638348e+00 1.088432e+01 1.262675e+04 1.477483e+04 2.29044 6.259776e-01
6.740000e-01 4.721400e+00 2.291785e+00 2.637052e+00 1.088667e+01 1.264539e+04 1.477180e+04 2.29005 6.273601e-01
6.730000e-01 4.721400e+00 2.291230e+00 2.636137e+00 1.088993e+01 1.266157e+04 1.476689e+04 2.291 6.287271e-01
6.720000e-01 4.721400e+00 2.294986e+00 2.640605e+00 1.090744e+01 1.265853e+04 1.473544e+04 2.29616 6.279327e-01
6.710000e-01 4.721400e+00 2.293904e+00 2.639252e+00 1.090978e+01 1.267699e+04 1.473241e+04 2.2957 6.293150e-01
6.700000e-01 4.721400e+00 2.293317e+00 2.638303e+00 1.091307e+01 1.269301e+04 1.472744e+04 2.29661 6.306828e-01
6.690000e-01 4.721400e+00 2.297123e+00 2.642831e+00 1.093089e+01 1.268951e+04 1.469544e+04 2.30182 6.298477e-01
6.680000e-01 4.721400e+00 2.295993e+00 2.641428e+00 1.093324e+01 1.270784e+04 1.469237e+04 2.30129 6.312318e-01
6.670000e-01 4.721400e+00 2.295363e+00 2.640427e+00 1.093652e+01 1.272369e+04 1.468736e+04 2.30213 6.325980e-01
6.660000e-01 4.721400e+00 2.299256e+00 2.645072e+00 1.095475e+01 1.271959e+04 1.465469e+04 2.30743 6.317047e-01
6.650000e-01 4.721400e+00 2.298057e+00 2.643585e+00 1.095704e+01 1.273779e+04 1.465166e+04 2.30679 6.330941e-01
6.640000e-01 4.721400e+00 2.300631e+00 2.646505e+00 1.097077e+01 1.273922e+04 1.462727e+04 2.31109 6.329272e-01
6.630000e-01 4.721400e+00 2.299400e+00 2.644984e+00 1.097306e+01 1.275730e+04 1.462422e+04 2.3104 6.343150e-01
6.620000e-01 4.721400e+00 2.301993e+00 2.647931e+00 1.098693e+01 1.275845e+04 1.459958e+04 2.31472 6.341251e-01
6.610000e-01 4.721400e+00 2.300721e+00 2.646362e+00 1.098920e+01 1.277639e+04 1.459652e+04 2.31396 6.355108e-01
6.600000e-01 4.721400e+00 2.303334e+00 2.649333e+00 1.100319e+01 1.277720e+04 1.457169e+04 2.31829 6.352975e-01
6.590000e-01 4.721400e+00 2.302016e+00 2.647708e+00 1.100543e+01 1.279495e+04 1.456864e+04 2.31745 6.366779e-01
6.580000e-01 4.721400e+00 2.304651e+00 2.650706e+00 1.101955e+01 1.279546e+04 1.454359e+04 2.32181 6.364443e-01
6.570000e-01 4.721400e+00 2.303298e+00 2.649043e+00 1.102179e+01 1.281314e+04 1.454052e+04 2.32092 6.378276e-01
6.560000e-01 4.721400e+00 2.305982e+00 2.652111e+00 1.103617e+01 1.281332e+04 1.451505e+04 2.32533 6.375605e-01
6.550000e-01 4.721400e+00 2.304579e+00 2.650387e+00 1.103838e+01 1.283094e+04 1.451201e+04 2.32437 6.389519e-01
6.540000e-01 4.721400e+00 2.307266e+00 2.653455e+00 1.105289e+01 1.283086e+04 1.448631e+04 2.32878 6.386683e-01
6.530000e-01 4.721400e+00 2.305827e+00 2.651692e+00 1.105508e+01 1.284837e+04 1.448326e+04 2.32776 6.400595e-01
6.520000e-01 4.721400e+00 2.308531e+00 2.654780e+00 1.106975e+01 1.284799e+04 1.445732e+04 2.33218 6.397540e-01
6.510000e-01 4.721400e+00 2.307051e+00 2.652973e+00 1.107193e+01 1.286540e+04 1.445425e+04 2.3311 6.411471e-01
6.500000e-01 4.721400e+00 2.309776e+00 2.656090e+00 1.108678e+01 1.286473e+04 1.442802e+04 2.33554 6.408190e-01
6.490000e-01 4.721400e+00 2.308254e+00 2.654233e+00 1.108895e+01 1.288204e+04 1.442495e+04 2.33439 6.422127e-01
6.480000e-01 4.721400e+00 2.311000e+00 2.657377e+00 1.110396e+01 1.288105e+04 1.439846e+04 2.33885 6.418601e-01
6.470000e-01 4.721400e+00 2.309434e+00 2.655471e+00 1.110611e+01 1.289821e+04 1.439538e+04 2.33763 6.432517e-01
6.460000e-01 4.721400e+00 2.312197e+00 2.658635e+00 1.112125e+01 1.289688e+04 1.436868e+04 2.34209 6.428744e-01
6.450000e-01 4.721400e+00 2.310582e+00 2.656669e+00 1.112336e+01 1.291386e+04 1.436561e+04 2.34079 6.442618e-01
6.440000e-01 4.721400e+00 2.313368e+00 2.659863e+00 1.113866e+01 1.291223e+04 1.433867e+04 2.34528 6.438626e-01
6.430000e-01 4.721400e+00 2.311712e+00 2.657850e+00 1.114077e+01 1.292914e+04 1.433557e+04 2.34391 6.452538e-01
6.420000e-01 4.721400e+00 2.314546e+00 2.661113e+00 1.115634e+01 1.292716e+04 1.430817e+04 2.34843 6.448172e-01
6.410000e-01 4.721400e+00 2.312834e+00 2.659033e+00 1.115841e+01 1.294401e+04 1.430510e+04 2.34699 6.462163e-01
6.400000e-01 4.721400e+00 2.315671e+00 2.662295e+00 1.117414e+01 1.294175e+04 1.427744e+04 2.3515 6.457596e-01
6.390000e-01 4.721400e+00 2.313915e+00 2.660166e+00 1.117619e+01 1.295850e+04 1.427436e+04 2.34998 6.471587e-01
6.380000e-01 4.721400e+00 2.316769e+00 2.663450e+00 1.119209e+01 1.295591e+04 1.424641e+04 2.35449 6.466768e-01
6.370000e-01 4.721400e+00 2.314968e+00 2.661270e+00 1.119413e+01 1.297257e+04 1.424330e+04 2.3529 6.480784e-01
6.360000e-01 4.721400e+00 2.317843e+00 2.664584e+00 1.121023e+01 1.296968e+04 1.421504e+04 2.35743 6.475706e-01
6.350000e-01 4.721400e+00 2.315994e+00 2.662349e+00 1.121225e+01 1.298623e+04 1.421192e+04 2.35576 6.489729e-01
6.340000e-01 4.721400e+00 2.318891e+00 2.665689e+00 1.122852e+01 1.298300e+04 1.418339e+04 2.3603 6.484382e-01
6.330000e-01 4.721400e+00 2.316989e+00 2.663392e+00 1.123051e+01 1.299939e+04 1.418027e+04 2.35854 6.498379e-01
6.320000e-01 4.721400e+00 2.319906e+00 2.666758e+00 1.124693e+01 1.299580e+04 1.415152e+04 2.36309 6.492759e-01
6.310000e-01 4.721400e+00 2.320413e+00 2.667295e+00 1.125623e+01 1.300199e+04 1.413542e+04 2.36446 6.496791e-01
6.300000e-01 4.721400e+00 2.320903e+00 2.667809e+00 1.126554e+01 1.300812e+04 1.411927e+04 2.36581 6.500813e-01
6.290000e-01 4.721400e+00 2.321385e+00 2.668315e+00 1.127491e+01 1.301415e+04 1.410302e+04 2.36714 6.504772e-01
6.280000e-01 4.721400e+00 2.321859e+00 2.668815e+00 1.128433e+01 1.302009e+04 1.408668e+04 2.36844 6.508667e-01
6.270000e-01 4.721400e+00 2.322325e+00 2.669305e+00 1.129380e+01 1.302591e+04 1.407024e+04 2.36972 6.512489e-01
6.260000e-01 4.721400e+00 2.322784e+00 2.669788e+00 1.130331e+01 1.303163e+04 1.405372e+04 2.37098 6.516242e-01
6.250000e-01 4.721400e+00 2.323235e+00 2.670263e+00 1.131287e+01 1.303723e+04 1.403711e+04 2.37223 6.519928e-01
6.240000e-01 4.721400e+00 2.323708e+00 2.670775e+00 1.132257e+01 1.304266e+04 1.402029e+04 2.37348 6.523429e-01
6.230000e-01 4.721400e+00 2.324147e+00 2.671241e+00 1.133224e+01 1.304806e+04 1.400350e+04 2.37469 6.526985e-01
6.220000e-01 4.721400e+00 2.324577e+00 2.671695e+00 1.134195e+01 1.305333e+04 1.398663e+04 2.37588 6.530477e-01
6.210000e-01 4.721400e+00 2.325000e+00 2.672144e+00 1.135171e+01 1.305849e+04 1.396970e+04 2.37705 6.533900e-01
6.200000e-01 4.721400e+00 2.325414e+00 2.672583e+00 1.136150e+01 1.306353e+04 1.395271e+04 2.3782 6.537248e-01
6.190000e-01 4.721400e+00 2.325819e+00 2.673009e+00 1.137132e+01 1.306842e+04 1.393567e+04 2.37932 6.540513e-01
6.180000e-01 4.721400e+00 2.326214e+00 2.673425e+00 1.138117e+01 1.307319e+04 1.391856e+04 2.38042 6.543703e-01
6.170000e-01 4.721400e+00 2.326600e+00 2.673831e+00 1.139109e+01 1.307787e+04 1.390134e+04 2.3815 6.546828e-01
6.160000e-01 4.721400e+00 2.326978e+00 2.674230e+00 1.140106e+01 1.308243e+04 1.388401e+04 2.38255 6.549883e-01
6.150000e-01 4.721400e+00 2.327348e+00 2.674621e+00 1.141110e+01 1.308689e+04 1.386658e+04 2.38358 6.552871e-01
6.140000e-01 4.721400e+00 2.327711e+00 2.675004e+00 1.142120e+01 1.309124e+04 1.384905e+04 2.3846 6.555791e-01
6.130000e-01 4.721400e+00 2.328065e+00 2.675379e+00 1.143135e+01 1.309548e+04 1.383143e+04 2.38559 6.558638e-01
6.120000e-01 4.721400e+00 2.328411e+00 2.675746e+00 1.144154e+01 1.309960e+04 1.381373e+04 2.38655 6.561411e-01
6.110000e-01 4.721400e+00 2.328747e+00 2.676102e+00 1.145180e+01 1.310361e+04 1.379593e+04 2.38749 6.564113e-01
6.100000e-01 4.721400e+00 2.329073e+00 2.676448e+00 1.146212e+01 1.310751e+04 1.377802e+04 2.38841 6.566735e-01
6.090000e-01 4.721400e+00 2.329418e+00 2.676825e+00 1.147256e+01 1.311123e+04 1.375988e+04 2.38931 6.569149e-01
6.080000e-01 4.721400e+00 2.329725e+00 2.677151e+00 1.148298e+01 1.311489e+04 1.374179e+04 2.39017 6.571597e-01
6.070000e-01 4.721400e+00 2.330022e+00 2.677465e+00 1.149343e+01 1.311843e+04 1.372362e+04 2.39099 6.573966e-01
6.060000e-01 4.721400e+00 2.330307e+00 2.677765e+00 1.150392e+01 1.312182e+04 1.370540e+04 2.39179 6.576247e-01
6.050000e-01 4.721400e+00 2.330583e+00 2.678055e+00 1.151444e+01 1.312509e+04 1.368712e+04 2.39256 6.578453e-01
6.040000e-01 4.721400e+00 2.330850e+00 2.678335e+00 1.152503e+01 1.312826e+04 1.366873e+04 2.39331 6.580591e-01
6.030000e-01 4.721400e+00 2.331109e+00 2.678607e+00 1.153569e+01 1.313131e+04 1.365022e+04 2.39404 6.582660e-01
6.020000e-01 4.721400e+00 2.331358e+00 2.678871e+00 1.154643e+01 1.313425e+04 1.363161e+04 2.39474 6.584657e-01
6.010000e-01 4.721400e+00 2.331597e+00 2.679123e+00 1.155723e+01 1.313707e+04 1.361289e+04 2.39542 6.586573e-01
6.000000e-01 4.721400e+00 2.331828e+00 2.679368e+00 1.156808e+01 1.313978e+04 1.359408e+04 2.39606 6.588411e-01
5.990000e-01 4.721400e+00 2.332049e+00 2.679602e+00 1.157899e+01 1.314237e+04 1.357517e+04 2.39669 6.590173e-01
5.980000e-01 4.721400e+00 2.332259e+00 2.679825e+00 1.158998e+01 1.314483e+04 1.355616e+04 2.39728 6.591857e-01
5.970000e-01 4.721400e+00 2.332461e+00 2.680041e+00 1.160102e+01 1.314719e+04 1.353705e+04 2.39785 6.593467e-01
5.960000e-01 4.721400e+00 2.332653e+00 2.680246e+00 1.161213e+01 1.314942e+04 1.351784e+04 2.3984 6.594997e-01
5.950000e-01 4.721400e+00 2.332862e+00 2.680479e+00 1.162337e+01 1.315146e+04 1.349843e+04 2.39893 6.596317e-01
5.940000e-01 4.721400e+00 2.333032e+00 2.680662e+00 1.163458e+01 1.315344e+04 1.347906e+04 2.39941 6.597662e-01
5.930000e-01 4.721400e+00 2.333190e+00 2.680827e+00 1.164582e+01 1.315528e+04 1.345964e+04 2.39986 6.598918e-01
5.920000e-01 4.721400e+00 2.333336e+00 2.680979e+00 1.165711e+01 1.315699e+04 1.344014e+04 2.40027 6.600088e-01
5.910000e-01 4.721400e+00 2.333471e+00 2.681119e+00 1.166848e+01 1.315859e+04 1.342050e+04 2.40065 6.601177e-01
5.900000e-01 4.721400e+00 2.333595e+00 2.681247e+00 1.167992e+01 1.316007e+04 1.340075e+04 2.401 6.602180e-01
5.890000e-01 4.721400e+00 2.333708e+00 2.681367e+00 1.169144e+01 1.316144e+04 1.338088e+04 2.40132 6.603104e-01
5.880000e-01 4.721400e+00 2.333812e+00 2.681476e+00 1.170303e+01 1.316268e+04 1.336090e+04 2.40162 6.603949e-01
5.870000e-01 4.721400e+00 2.333907e+00 2.681576e+00 1.171469e+01 1.316380e+04 1.334084e+04 2.40189 6.604716e-01
5.860000e-01 4.721400e+00 2.333991e+00 2.681665e+00 1.172642e+01 1.316480e+04 1.332067e+04 2.40213 6.605401e-01
5.850000e-01 4.721400e+00 2.334065e+00 2.681744e+00 1.173823e+01 1.316568e+04 1.330040e+04 2.40234 6.606008e-01
5.840000e-01 4.721400e+00 2.334130e+00 2.681815e+00 1.175011e+01 1.316644e+04 1.328002e+04 2.40253 6.606538e-01
5.830000e-01 4.721400e+00 2.334184e+00 2.681873e+00 1.176205e+01 1.316706e+04 1.325956e+04 2.40269 6.606983e-01
5.820000e-01 4.721400e+00 2.334254e+00 2.681958e+00 1.177414e+01 1.316750e+04 1.323889e+04 2.40284 6.607219e-01
5.810000e-01 4.721400e+00 2.334286e+00 2.681993e+00 1.178619e+01 1.316787e+04 1.321827e+04 2.40293 6.607476e-01
5.800000e-01 4.721400e+00 2.334304e+00 2.682010e+00 1.179828e+01 1.316810e+04 1.319760e+04 2.40298 6.607639e-01
5.790000e-01 4.721400e+00 2.334310e+00 2.682014e+00 1.181044e+01 1.316821e+04 1.317681e+04 2.403 6.607716e-01
5.780000e-01 4.721400e+00 2.334303e+00 2.682003e+00 1.182270e+01 1.316819e+04 1.315590e+04 2.40299 6.607702e-01
5.786779e-01 4.721400e+00 2.334753e+00 2.682655e+00 1.181580e+01 1.316696e+04 1.316806e+04 2.40339 6.605654e-01
