1.000000e+00 4.737790e+00 2.036946e+00 2.387610e+00 9.364731e+00 0.000000e+00 1.814990e+04 0 0.000000e+00
9.990000e-01 4.737790e+00 2.039647e+00 2.390177e+00 9.377020e+00 7.843193e+02 1.800766e+04 1.70529 3.658214e-02
9.980000e-01 4.737790e+00 2.040001e+00 2.390305e+00 9.378398e+00 1.095519e+03 1.796105e+04 1.8108 5.423956e-02
9.970000e-01 4.737790e+00 2.040060e+00 2.390115e+00 9.380027e+00 1.339838e+03 1.792571e+04 1.77922 6.517522e-02
9.960000e-01 4.737790e+00 2.041455e+00 2.391746e+00 9.385370e+00 1.544752e+03 1.789153e+04 1.71028 7.213306e-02
9.950000e-01 4.737790e+00 2.041565e+00 2.391570e+00 9.386796e+00 1.723703e+03 1.786591e+04 1.72782 8.130603e-02
9.940000e-01 4.737790e+00 2.041870e+00 2.391629e+00 9.388705e+00 1.886202e+03 1.784269e+04 1.74129 8.963774e-02
9.930000e-01 4.737790e+00 2.043242e+00 2.393184e+00 9.393956e+00 2.035688e+03 1.781600e+04 1.71409 9.510241e-02
9.920000e-01 4.737790e+00 2.043427e+00 2.393119e+00 9.395473e+00 2.178236e+03 1.779623e+04 1.72608 1.024554e-01
9.910000e-01 4.737790e+00 2.043803e+00 2.393293e+00 9.397441e+00 2.312079e+03 1.777744e+04 1.73634 1.093572e-01
9.900000e-01 4.737790e+00 2.045111e+00 2.394799e+00 9.402562e+00 2.437889e+03 1.775430e+04 1.71795 1.139407e-01
9.890000e-01 4.737790e+00 2.045356e+00 2.394836e+00 9.404130e+00 2.559168e+03 1.773788e+04 1.72698 1.202089e-01
9.880000e-01 4.737790e+00 2.045759e+00 2.395066e+00 9.406110e+00 2.674680e+03 1.772190e+04 1.73511 1.261764e-01
9.870000e-01 4.737790e+00 2.047029e+00 2.396540e+00 9.411148e+00 2.784190e+03 1.770117e+04 1.72188 1.301788e-01
9.860000e-01 4.737790e+00 2.047290e+00 2.396611e+00 9.412733e+00 2.890797e+03 1.768703e+04 1.72895 1.356837e-01
9.850000e-01 4.737790e+00 2.047684e+00 2.396837e+00 9.414706e+00 2.992889e+03 1.767307e+04 1.73552 1.409550e-01
9.840000e-01 4.737790e+00 2.048954e+00 2.398308e+00 9.419746e+00 3.089925e+03 1.765404e+04 1.72583 1.445340e-01
9.830000e-01 4.737790e+00 2.049213e+00 2.398378e+00 9.421345e+00 3.186255e+03 1.764150e+04 1.73168 1.495070e-01
9.820000e-01 4.737790e+00 2.049619e+00 2.398621e+00 9.423346e+00 3.279361e+03 1.762889e+04 1.73749 1.543311e-01
9.810000e-01 4.737790e+00 2.050895e+00 2.400101e+00 9.428418e+00 3.368072e+03 1.761094e+04 1.72984 1.576117e-01
9.800000e-01 4.737790e+00 2.051156e+00 2.400177e+00 9.430032e+00 3.456570e+03 1.759960e+04 1.73484 1.621793e-01
9.790000e-01 4.737790e+00 2.051556e+00 2.400412e+00 9.432039e+00 3.542319e+03 1.758806e+04 1.73992 1.666244e-01
9.780000e-01 4.737790e+00 2.052843e+00 2.401903e+00 9.437149e+00 3.623853e+03 1.757098e+04 1.73388 1.696549e-01
9.770000e-01 4.737790e+00 2.053091e+00 2.401959e+00 9.438764e+00 3.705867e+03 1.756062e+04 1.73818 1.738825e-01
9.760000e-01 4.737790e+00 2.053469e+00 2.402163e+00 9.440766e+00 3.785217e+03 1.755000e+04 1.74261 1.779921e-01
9.750000e-01 4.737790e+00 2.054775e+00 2.403664e+00 9.445927e+00 3.859878e+03 1.753371e+04 1.73793 1.807857e-01
9.740000e-01 4.737790e+00 2.054988e+00 2.403665e+00 9.447530e+00 3.936329e+03 1.752419e+04 1.74161 1.847191e-01
9.730000e-01 4.737790e+00 2.055366e+00 2.403858e+00 9.449562e+00 4.011025e+03 1.751421e+04 1.7458 1.886077e-01
9.720000e-01 4.737790e+00 2.056706e+00 2.405394e+00 9.454827e+00 4.081950e+03 1.749825e+04 1.742 1.912756e-01
9.710000e-01 4.737790e+00 2.056940e+00 2.405424e+00 9.456472e+00 4.155092e+03 1.748923e+04 1.74553 1.950524e-01
9.700000e-01 4.737790e+00 2.057331e+00 2.405637e+00 9.458533e+00 4.226467e+03 1.747975e+04 1.74945 1.987728e-01
9.690000e-01 4.737790e+00 2.058672e+00 2.407180e+00 9.463831e+00 4.294235e+03 1.746419e+04 1.74613 2.013146e-01
9.680000e-01 4.737790e+00 2.058925e+00 2.407240e+00 9.465505e+00 4.364191e+03 1.745565e+04 1.74946 2.049343e-01
9.670000e-01 4.737790e+00 2.059325e+00 2.407469e+00 9.467583e+00 4.432425e+03 1.744662e+04 1.75314 2.084944e-01
9.660000e-01 4.737790e+00 2.060663e+00 2.409012e+00 9.472892e+00 4.496947e+03 1.743144e+04 1.75029 2.109122e-01
9.650000e-01 4.737790e+00 2.060914e+00 2.409073e+00 9.474572e+00 4.563555e+03 1.742338e+04 1.75334 2.143565e-01
9.640000e-01 4.737790e+00 2.061313e+00 2.409301e+00 9.476657e+00 4.628623e+03 1.741479e+04 1.75679 2.177561e-01
9.630000e-01 4.737790e+00 2.062661e+00 2.410857e+00 9.481998e+00 4.690179e+03 1.739995e+04 1.75448 2.200738e-01
9.620000e-01 4.737790e+00 2.062919e+00 2.410927e+00 9.483698e+00 4.754237e+03 1.739226e+04 1.75736 2.233900e-01
9.610000e-01 4.737790e+00 2.063320e+00 2.411161e+00 9.485797e+00 4.816767e+03 1.738403e+04 1.76062 2.266601e-01
9.600000e-01 4.737790e+00 2.064675e+00 2.412725e+00 9.491169e+00 4.875599e+03 1.736949e+04 1.75869 2.288768e-01
9.590000e-01 4.737790e+00 2.064927e+00 2.412790e+00 9.492876e+00 4.937111e+03 1.736219e+04 1.76137 2.320605e-01
9.580000e-01 4.737790e+00 2.065326e+00 2.413019e+00 9.494986e+00 4.997191e+03 1.735431e+04 1.76447 2.352066e-01
9.570000e-01 4.737790e+00 2.066693e+00 2.414595e+00 9.500400e+00 5.053398e+03 1.734003e+04 1.76293 2.373308e-01
9.560000e-01 4.737790e+00 2.066926e+00 2.414635e+00 9.502101e+00 5.112332e+03 1.733310e+04 1.76537 2.403771e-01
9.550000e-01 4.737790e+00 2.067303e+00 2.414831e+00 9.504203e+00 5.169761e+03 1.732557e+04 1.76825 2.433840e-01
9.540000e-01 4.737790e+00 2.068699e+00 2.416433e+00 9.509686e+00 5.223393e+03 1.731149e+04 1.76717 2.454285e-01
9.530000e-01 4.737790e+00 2.068928e+00 2.416461e+00 9.511405e+00 5.280620e+03 1.730480e+04 1.76952 2.483923e-01
9.520000e-01 4.737790e+00 2.069319e+00 2.416672e+00 9.513550e+00 5.336660e+03 1.729744e+04 1.77239 2.513400e-01
9.510000e-01 4.737790e+00 2.070728e+00 2.418292e+00 9.519106e+00 5.388974e+03 1.728339e+04 1.77148 2.533276e-01
9.500000e-01 4.737790e+00 2.070970e+00 2.418340e+00 9.520853e+00 5.444673e+03 1.727690e+04 1.77377 2.562173e-01
9.490000e-01 4.737790e+00 2.071368e+00 2.418562e+00 9.523017e+00 5.499157e+03 1.726974e+04 1.77654 2.590864e-01
9.480000e-01 4.737790e+00 2.072780e+00 2.420190e+00 9.528603e+00 5.549917e+03 1.725585e+04 1.77581 2.610146e-01
9.470000e-01 4.737790e+00 2.073029e+00 2.420250e+00 9.530369e+00 5.604072e+03 1.724958e+04 1.77803 2.638265e-01
9.460000e-01 4.737790e+00 2.073425e+00 2.420472e+00 9.532539e+00 5.656925e+03 1.724264e+04 1.78068 2.666109e-01
9.450000e-01 4.737790e+00 2.074845e+00 2.422109e+00 9.538156e+00 5.705939e+03 1.722891e+04 1.78018 2.684767e-01
9.440000e-01 4.737790e+00 2.075094e+00 2.422170e+00 9.539935e+00 5.758625e+03 1.722283e+04 1.78231 2.712144e-01
9.430000e-01 4.737790e+00 2.075496e+00 2.422400e+00 9.542128e+00 5.810161e+03 1.721606e+04 1.78492 2.739367e-01
9.420000e-01 4.737790e+00 2.076927e+00 2.424050e+00 9.547795e+00 5.857881e+03 1.720240e+04 1.78458 2.757541e-01
9.410000e-01 4.737790e+00 2.077177e+00 2.424115e+00 9.549589e+00 5.909230e+03 1.719649e+04 1.78663 2.784240e-01
9.400000e-01 4.737790e+00 2.077575e+00 2.424340e+00 9.551791e+00 5.959343e+03 1.718990e+04 1.78915 2.810723e-01
9.390000e-01 4.737790e+00 2.079018e+00 2.426005e+00 9.557498e+00 6.005496e+03 1.717634e+04 1.78901 2.828348e-01
9.380000e-01 4.737790e+00 2.079260e+00 2.426060e+00 9.559296e+00 6.055399e+03 1.717063e+04 1.79096 2.854288e-01
9.370000e-01 4.737790e+00 2.079645e+00 2.426267e+00 9.561496e+00 6.103958e+03 1.716423e+04 1.79335 2.879956e-01
9.360000e-01 4.737790e+00 2.081105e+00 2.427947e+00 9.567241e+00 6.148198e+03 1.715080e+04 1.79345 2.896919e-01
9.350000e-01 4.737790e+00 2.081325e+00 2.427972e+00 9.569032e+00 6.196609e+03 1.714530e+04 1.79527 2.922072e-01
9.340000e-01 4.737790e+00 2.081713e+00 2.428177e+00 9.571255e+00 6.243985e+03 1.713903e+04 1.79765 2.947222e-01
9.330000e-01 4.737790e+00 2.083239e+00 2.429942e+00 9.577167e+00 6.287309e+03 1.712545e+04 1.79796 2.963839e-01
9.320000e-01 4.737790e+00 2.083444e+00 2.429944e+00 9.578939e+00 6.335033e+03 1.712013e+04 1.79976 2.988734e-01
9.310000e-01 4.737790e+00 2.083826e+00 2.430144e+00 9.581170e+00 6.381577e+03 1.711399e+04 1.80209 3.013485e-01
9.300000e-01 4.737790e+00 2.085357e+00 2.431915e+00 9.587127e+00 6.423964e+03 1.710044e+04 1.80249 3.029711e-01
9.290000e-01 4.737790e+00 2.085568e+00 2.431928e+00 9.588918e+00 6.470746e+03 1.709524e+04 1.80425 3.054143e-01
9.280000e-01 4.737790e+00 2.085953e+00 2.432132e+00 9.591163e+00 6.516320e+03 1.708922e+04 1.80653 3.078407e-01
9.270000e-01 4.737790e+00 2.087491e+00 2.433914e+00 9.597156e+00 6.557586e+03 1.707574e+04 1.80704 3.094208e-01
9.260000e-01 4.737790e+00 2.087698e+00 2.433924e+00 9.598956e+00 6.603304e+03 1.707068e+04 1.80874 3.118092e-01
9.250000e-01 4.737790e+00 2.088084e+00 2.434130e+00 9.601216e+00 6.647905e+03 1.706479e+04 1.81099 3.141892e-01
9.240000e-01 4.737790e+00 2.089636e+00 2.435928e+00 9.607264e+00 6.688274e+03 1.705133e+04 1.81162 3.157386e-01
9.230000e-01 4.737790e+00 2.089848e+00 2.435946e+00 9.609087e+00 6.733245e+03 1.704636e+04 1.8133 3.180921e-01
9.220000e-01 4.737790e+00 2.090233e+00 2.436151e+00 9.611364e+00 6.777030e+03 1.704056e+04 1.81551 3.204315e-01
9.210000e-01 4.737790e+00 2.091798e+00 2.437965e+00 9.617465e+00 6.816404e+03 1.702711e+04 1.81625 3.219422e-01
9.200000e-01 4.737790e+00 2.092006e+00 2.437978e+00 9.619298e+00 6.860461e+03 1.702225e+04 1.81787 3.242490e-01
9.190000e-01 4.737790e+00 2.092384e+00 2.438174e+00 9.621583e+00 6.903265e+03 1.701655e+04 1.82002 3.265387e-01
9.180000e-01 4.737790e+00 2.093964e+00 2.440004e+00 9.627730e+00 6.941400e+03 1.700314e+04 1.82089 3.280046e-01
9.170000e-01 4.737790e+00 2.094150e+00 2.439988e+00 9.629553e+00 6.984290e+03 1.699842e+04 1.82242 3.302489e-01
9.160000e-01 4.737790e+00 2.094520e+00 2.440170e+00 9.631844e+00 7.026030e+03 1.699283e+04 1.82451 3.324875e-01
9.150000e-01 4.737790e+00 2.096126e+00 2.442027e+00 9.638063e+00 7.063244e+03 1.697940e+04 1.82555 3.339265e-01
9.140000e-01 4.737790e+00 2.096317e+00 2.442017e+00 9.639914e+00 7.105635e+03 1.697474e+04 1.82708 3.361510e-01
9.130000e-01 4.737790e+00 2.096694e+00 2.442207e+00 9.642238e+00 7.146868e+03 1.696919e+04 1.82918 3.383683e-01
9.120000e-01 4.737790e+00 2.098312e+00 2.444081e+00 9.648527e+00 7.183465e+03 1.695570e+04 1.83027 3.397783e-01
9.110000e-01 4.737790e+00 2.098510e+00 2.444081e+00 9.650401e+00 7.225206e+03 1.695110e+04 1.83179 3.419717e-01
9.100000e-01 4.737790e+00 2.098888e+00 2.444275e+00 9.652740e+00 7.265752e+03 1.694562e+04 1.83385 3.441550e-01
9.090000e-01 4.737790e+00 2.100516e+00 2.446161e+00 9.659072e+00 7.301541e+03 1.693213e+04 1.83502 3.455336e-01
9.080000e-01 4.737790e+00 2.100708e+00 2.446158e+00 9.660953e+00 7.342480e+03 1.692763e+04 1.83649 3.476856e-01
9.070000e-01 4.737790e+00 2.101083e+00 2.446349e+00 9.663301e+00 7.382225e+03 1.692224e+04 1.83852 3.498290e-01
9.060000e-01 4.737790e+00 2.102727e+00 2.448254e+00 9.669683e+00 7.417216e+03 1.690875e+04 1.83979 3.511811e-01
9.050000e-01 4.737790e+00 2.102921e+00 2.448254e+00 9.671583e+00 7.457582e+03 1.690432e+04 1.84125 3.533062e-01
9.040000e-01 4.737790e+00 2.103298e+00 2.448448e+00 9.673952e+00 7.496766e+03 1.689898e+04 1.84326 3.554239e-01
9.030000e-01 4.737790e+00 2.104954e+00 2.450368e+00 9.680394e+00 7.531055e+03 1.688546e+04 1.8446 3.567478e-01
9.020000e-01 4.737790e+00 2.105144e+00 2.450365e+00 9.682306e+00 7.570765e+03 1.688110e+04 1.84603 3.588402e-01
9.010000e-01 4.737790e+00 2.105516e+00 2.450552e+00 9.684686e+00 7.609243e+03 1.687583e+04 1.848 3.609231e-01
9.000000e-01 4.737790e+00 2.107188e+00 2.452491e+00 9.691183e+00 7.642639e+03 1.686230e+04 1.84944 3.622140e-01
8.990000e-01 4.737790e+00 2.107361e+00 2.452465e+00 9.693091e+00 7.681499e+03 1.685804e+04 1.8508 3.642618e-01
8.980000e-01 4.737790e+00 2.107719e+00 2.452633e+00 9.695472e+00 7.719106e+03 1.685285e+04 1.85272 3.663013e-01
8.970000e-01 4.737790e+00 2.109418e+00 2.454599e+00 9.702037e+00 7.751648e+03 1.683929e+04 1.8543 3.675659e-01
8.960000e-01 4.737790e+00 2.109591e+00 2.454571e+00 9.703968e+00 7.790077e+03 1.683508e+04 1.85564 3.695961e-01
8.950000e-01 4.737790e+00 2.109957e+00 2.454747e+00 9.706385e+00 7.827336e+03 1.682991e+04 1.85759 3.716244e-01
8.940000e-01 4.737790e+00 2.111671e+00 2.456733e+00 9.713035e+00 7.859464e+03 1.681624e+04 1.85921 3.728684e-01
8.930000e-01 4.737790e+00 2.111849e+00 2.456714e+00 9.714992e+00 7.897456e+03 1.681206e+04 1.86056 3.748793e-01
8.920000e-01 4.737790e+00 2.112216e+00 2.456893e+00 9.717429e+00 7.934225e+03 1.680693e+04 1.86249 3.768841e-01
8.910000e-01 4.737790e+00 2.113942e+00 2.458896e+00 9.724136e+00 7.965738e+03 1.679322e+04 1.86416 3.781027e-01
8.900000e-01 4.737790e+00 2.114117e+00 2.458875e+00 9.726104e+00 8.003126e+03 1.678910e+04 1.86548 3.800830e-01
8.890000e-01 4.737790e+00 2.114479e+00 2.459048e+00 9.728548e+00 8.039248e+03 1.678403e+04 1.86737 3.820554e-01
8.880000e-01 4.737790e+00 2.116222e+00 2.461071e+00 9.735307e+00 8.070064e+03 1.677031e+04 1.86913 3.832500e-01
8.870000e-01 4.737790e+00 2.116395e+00 2.461050e+00 9.737291e+00 8.106969e+03 1.676624e+04 1.87043 3.852074e-01
8.860000e-01 4.737790e+00 2.116758e+00 2.461226e+00 9.739757e+00 8.142643e+03 1.676120e+04 1.87232 3.871603e-01
8.850000e-01 4.737790e+00 2.118559e+00 2.463327e+00 9.746668e+00 8.172856e+03 1.674728e+04 1.87419 3.883230e-01
8.840000e-01 4.737790e+00 2.118699e+00 2.463263e+00 9.748608e+00 8.209274e+03 1.674335e+04 1.87543 3.902610e-01
8.830000e-01 4.737790e+00 2.119048e+00 2.463419e+00 9.751068e+00 8.244390e+03 1.673840e+04 1.87729 3.921885e-01
8.820000e-01 4.737790e+00 2.120861e+00 2.465532e+00 9.758027e+00 8.273863e+03 1.672445e+04 1.87923 3.933245e-01
8.810000e-01 4.737790e+00 2.120983e+00 2.465447e+00 9.759964e+00 8.309598e+03 1.672060e+04 1.88042 3.952274e-01
8.800000e-01 4.737790e+00 2.121318e+00 2.465583e+00 9.762424e+00 8.343989e+03 1.671572e+04 1.88222 3.971191e-01
8.790000e-01 4.737790e+00 2.123158e+00 2.467726e+00 9.769454e+00 8.372715e+03 1.670172e+04 1.88428 3.982309e-01
8.780000e-01 4.737790e+00 2.123277e+00 2.467635e+00 9.771411e+00 8.408088e+03 1.669791e+04 1.88547 4.001194e-01
8.770000e-01 4.737790e+00 2.123619e+00 2.467778e+00 9.773907e+00 8.442201e+03 1.669302e+04 1.8873 4.020034e-01
8.760000e-01 4.737790e+00 2.125476e+00 2.469943e+00 9.781032e+00 8.470594e+03 1.667890e+04 1.88939 4.030982e-01
8.750000e-01 4.737790e+00 2.125600e+00 2.469859e+00 9.783016e+00 8.505646e+03 1.667510e+04 1.89058 4.049738e-01
8.740000e-01 4.737790e+00 2.125941e+00 2.470004e+00 9.785534e+00 8.539391e+03 1.667024e+04 1.8924 4.068412e-01
8.730000e-01 4.737790e+00 2.127814e+00 2.472188e+00 9.792729e+00 8.567277e+03 1.665603e+04 1.89455 4.079137e-01
8.720000e-01 4.737790e+00 2.127933e+00 2.472101e+00 9.794724e+00 8.601847e+03 1.665228e+04 1.89571 4.097657e-01
8.710000e-01 4.737790e+00 2.128267e+00 2.472239e+00 9.797250e+00 8.635065e+03 1.664746e+04 1.8975 4.116073e-01
8.700000e-01 4.737790e+00 2.130160e+00 2.474447e+00 9.804507e+00 8.662361e+03 1.663321e+04 1.89973 4.126584e-01
8.690000e-01 4.737790e+00 2.130275e+00 2.474357e+00 9.806517e+00 8.696535e+03 1.662949e+04 1.90088 4.144922e-01
8.680000e-01 4.737790e+00 2.130610e+00 2.474496e+00 9.809065e+00 8.729389e+03 1.662469e+04 1.90267 4.163186e-01
8.670000e-01 4.737790e+00 2.132519e+00 2.476724e+00 9.816395e+00 8.756183e+03 1.661036e+04 1.90495 4.173487e-01
8.660000e-01 4.737790e+00 2.132627e+00 2.476628e+00 9.818417e+00 8.789929e+03 1.660668e+04 1.90607 4.191621e-01
8.650000e-01 4.737790e+00 2.132955e+00 2.476757e+00 9.820975e+00 8.822292e+03 1.660192e+04 1.90783 4.209651e-01
8.640000e-01 4.737790e+00 2.134884e+00 2.479009e+00 9.828368e+00 8.848421e+03 1.658752e+04 1.91019 4.219693e-01
8.630000e-01 4.737790e+00 2.134973e+00 2.478889e+00 9.830385e+00 8.881571e+03 1.658390e+04 1.91126 4.237526e-01
8.620000e-01 4.737790e+00 2.135288e+00 2.479001e+00 9.832946e+00 8.913326e+03 1.657919e+04 1.91299 4.255267e-01
8.610000e-01 4.737790e+00 2.137245e+00 2.481283e+00 9.840417e+00 8.938843e+03 1.656471e+04 1.91545 4.265105e-01
8.600000e-01 4.737790e+00 2.137331e+00 2.481159e+00 9.842457e+00 8.971717e+03 1.656111e+04 1.91652 4.282843e-01
8.590000e-01 4.737790e+00 2.137651e+00 2.481276e+00 9.845052e+00 9.003248e+03 1.655639e+04 1.91827 4.300527e-01
8.580000e-01 4.737790e+00 2.139626e+00 2.483581e+00 9.852624e+00 9.028459e+03 1.654177e+04 1.92076 4.310202e-01
8.570000e-01 4.737790e+00 2.139715e+00 2.483463e+00 9.854690e+00 9.061072e+03 1.653818e+04 1.92184 4.327840e-01
8.560000e-01 4.737790e+00 2.140033e+00 2.483578e+00 9.857307e+00 9.092293e+03 1.653346e+04 1.92357 4.345391e-01
8.550000e-01 4.737790e+00 2.142026e+00 2.485906e+00 9.864957e+00 9.117042e+03 1.651874e+04 1.92611 4.354856e-01
8.540000e-01 4.737790e+00 2.142107e+00 2.485780e+00 9.867033e+00 9.149238e+03 1.651518e+04 1.92717 4.372294e-01
8.530000e-01 4.737790e+00 2.142419e+00 2.485889e+00 9.869662e+00 9.180024e+03 1.651049e+04 1.92889 4.389643e-01
8.520000e-01 4.737790e+00 2.144433e+00 2.488243e+00 9.877384e+00 9.204280e+03 1.649569e+04 1.9315 4.398920e-01
8.510000e-01 4.737790e+00 2.144511e+00 2.488115e+00 9.879478e+00 9.236173e+03 1.649215e+04 1.93254 4.416228e-01
8.500000e-01 4.737790e+00 2.144819e+00 2.488219e+00 9.882126e+00 9.266638e+03 1.648747e+04 1.93425 4.433444e-01
8.490000e-01 4.737790e+00 2.146853e+00 2.490598e+00 9.889929e+00 9.290422e+03 1.647256e+04 1.93692 4.442514e-01
8.480000e-01 4.737790e+00 2.146921e+00 2.490460e+00 9.892031e+00 9.321921e+03 1.646905e+04 1.93794 4.459640e-01
8.470000e-01 4.737790e+00 2.147220e+00 2.490552e+00 9.894688e+00 9.351939e+03 1.646440e+04 1.93962 4.476644e-01
8.460000e-01 4.737790e+00 2.149275e+00 2.492956e+00 9.902559e+00 9.375078e+03 1.644941e+04 1.94235 4.485456e-01
8.450000e-01 4.737790e+00 2.149321e+00 2.492790e+00 9.904653e+00 9.406040e+03 1.644595e+04 1.94332 4.502317e-01
8.440000e-01 4.737790e+00 2.149612e+00 2.492871e+00 9.907321e+00 9.435577e+03 1.644132e+04 1.94499 4.519115e-01
8.430000e-01 4.737790e+00 2.151739e+00 2.495366e+00 9.915370e+00 9.458224e+03 1.642608e+04 1.94785 4.527662e-01
8.420000e-01 4.737790e+00 2.151757e+00 2.495162e+00 9.917436e+00 9.489029e+03 1.642271e+04 1.9488 4.544542e-01
8.410000e-01 4.737790e+00 2.152039e+00 2.495230e+00 9.920116e+00 9.518376e+03 1.641810e+04 1.95047 4.561309e-01
8.400000e-01 4.737790e+00 2.154181e+00 2.497744e+00 9.928261e+00 9.540716e+03 1.640271e+04 1.95337 4.569701e-01
8.390000e-01 4.737790e+00 2.154198e+00 2.497541e+00 9.930350e+00 9.571287e+03 1.639935e+04 1.95431 4.586495e-01
8.380000e-01 4.737790e+00 2.155806e+00 2.499327e+00 9.936906e+00 9.595219e+03 1.638710e+04 1.95705 4.597530e-01
8.370000e-01 4.737790e+00 2.155822e+00 2.499125e+00 9.939013e+00 9.625520e+03 1.638374e+04 1.95799 4.614195e-01
8.360000e-01 4.737790e+00 2.157445e+00 2.500929e+00 9.945617e+00 9.649130e+03 1.637143e+04 1.96076 4.625086e-01
8.350000e-01 4.737790e+00 2.157457e+00 2.500723e+00 9.947733e+00 9.679235e+03 1.636808e+04 1.96169 4.641670e-01
8.340000e-01 4.737790e+00 2.159089e+00 2.502539e+00 9.954385e+00 9.702624e+03 1.635571e+04 1.96448 4.652469e-01
8.330000e-01 4.737790e+00 2.159098e+00 2.502330e+00 9.956513e+00 9.732554e+03 1.635236e+04 1.96541 4.668981e-01
8.320000e-01 4.737790e+00 2.160739e+00 2.504157e+00 9.963208e+00 9.755655e+03 1.633993e+04 1.96822 4.679651e-01
8.310000e-01 4.737790e+00 2.160738e+00 2.503938e+00 9.965340e+00 9.785342e+03 1.633660e+04 1.96913 4.696054e-01
8.300000e-01 4.737790e+00 2.162390e+00 2.505777e+00 9.972074e+00 9.808115e+03 1.632413e+04 1.97197 4.706584e-01
8.290000e-01 4.737790e+00 2.162374e+00 2.505539e+00 9.974200e+00 9.837484e+03 1.632083e+04 1.97285 4.722835e-01
8.280000e-01 4.737790e+00 2.164036e+00 2.507390e+00 9.980967e+00 9.859835e+03 1.630833e+04 1.97572 4.733190e-01
8.270000e-01 4.737790e+00 2.164008e+00 2.507135e+00 9.983094e+00 9.888957e+03 1.630505e+04 1.97657 4.749338e-01
8.260000e-01 4.737790e+00 2.165685e+00 2.509002e+00 9.989921e+00 9.911107e+03 1.629246e+04 1.97949 4.759615e-01
8.250000e-01 4.737790e+00 2.165657e+00 2.508750e+00 9.992069e+00 9.940133e+03 1.628917e+04 1.98035 4.775748e-01
8.240000e-01 4.737790e+00 2.167342e+00 2.510627e+00 9.998956e+00 9.962109e+03 1.627649e+04 1.98328 4.785939e-01
8.230000e-01 4.737790e+00 2.167314e+00 2.510376e+00 1.000112e+01 9.991012e+03 1.627320e+04 1.98414 4.802033e-01
8.220000e-01 4.737790e+00 2.169008e+00 2.512265e+00 1.000806e+01 1.001278e+04 1.626044e+04 1.98709 4.812126e-01
8.210000e-01 4.737790e+00 2.168974e+00 2.512007e+00 1.001024e+01 1.004150e+04 1.625716e+04 1.98794 4.828148e-01
8.200000e-01 4.737790e+00 2.170678e+00 2.513908e+00 1.001722e+01 1.006299e+04 1.624434e+04 1.99091 4.838108e-01
8.190000e-01 4.737790e+00 2.170634e+00 2.513640e+00 1.001940e+01 1.009149e+04 1.624107e+04 1.99175 4.854037e-01
8.180000e-01 4.737790e+00 2.172350e+00 2.515556e+00 1.002643e+01 1.011273e+04 1.622819e+04 1.99475 4.863895e-01
8.170000e-01 4.737790e+00 2.172303e+00 2.515286e+00 1.002862e+01 1.014110e+04 1.622491e+04 1.99558 4.879779e-01
8.160000e-01 4.737790e+00 2.174028e+00 2.517212e+00 1.003571e+01 1.016212e+04 1.621196e+04 1.9986 4.889531e-01
8.150000e-01 4.737790e+00 2.174887e+00 2.518070e+00 1.004041e+01 1.018663e+04 1.620375e+04 2.00054 4.902205e-01
8.140000e-01 4.737790e+00 2.174813e+00 2.517765e+00 1.004258e+01 1.021468e+04 1.620054e+04 2.00134 4.917998e-01
8.130000e-01 4.737790e+00 2.176591e+00 2.519763e+00 1.004980e+01 1.023518e+04 1.618738e+04 2.00444 4.927452e-01
8.120000e-01 4.737790e+00 2.176486e+00 2.519419e+00 1.005194e+01 1.026297e+04 1.618423e+04 2.00518 4.943132e-01
8.110000e-01 4.737790e+00 2.178266e+00 2.521415e+00 1.005918e+01 1.028310e+04 1.617105e+04 2.00831 4.952444e-01
8.100000e-01 4.737790e+00 2.179081e+00 2.522210e+00 1.006385e+01 1.030695e+04 1.616294e+04 2.01021 4.964922e-01
8.090000e-01 4.737790e+00 2.179920e+00 2.523038e+00 1.006859e+01 1.033069e+04 1.615472e+04 2.01215 4.977332e-01
8.080000e-01 4.737790e+00 2.180762e+00 2.523869e+00 1.007334e+01 1.035437e+04 1.614648e+04 2.0141 4.989717e-01
8.070000e-01 4.737790e+00 2.181606e+00 2.524704e+00 1.007812e+01 1.037798e+04 1.613820e+04 2.01606 5.002075e-01
8.060000e-01 4.737790e+00 2.182452e+00 2.525541e+00 1.008292e+01 1.040150e+04 1.612990e+04 2.01802 5.014398e-01
8.050000e-01 4.737790e+00 2.183299e+00 2.526380e+00 1.008773e+01 1.042493e+04 1.612158e+04 2.01998 5.026683e-01
8.040000e-01 4.737790e+00 2.184147e+00 2.527220e+00 1.009255e+01 1.044824e+04 1.611325e+04 2.02195 5.038914e-01
8.030000e-01 4.737790e+00 2.184995e+00 2.528061e+00 1.009739e+01 1.047144e+04 1.610490e+04 2.02392 5.051092e-01
8.020000e-01 4.737790e+00 2.185843e+00 2.528902e+00 1.010224e+01 1.049453e+04 1.609653e+04 2.02589 5.063231e-01
8.010000e-01 4.737790e+00 2.186693e+00 2.529746e+00 1.010712e+01 1.051756e+04 1.608813e+04 2.02786 5.075340e-01
8.000000e-01 4.737790e+00 2.187544e+00 2.530592e+00 1.011201e+01 1.054049e+04 1.607971e+04 2.02984 5.087411e-01
7.990000e-01 4.737790e+00 2.188396e+00 2.531439e+00 1.011691e+01 1.056331e+04 1.607128e+04 2.03182 5.099432e-01
7.980000e-01 4.737790e+00 2.189247e+00 2.532285e+00 1.012183e+01 1.058600e+04 1.606282e+04 2.03381 5.111398e-01
7.970000e-01 4.737790e+00 2.190099e+00 2.533133e+00 1.012676e+01 1.060858e+04 1.605436e+04 2.03579 5.123313e-01
7.960000e-01 4.737790e+00 2.190949e+00 2.533978e+00 1.013169e+01 1.063099e+04 1.604588e+04 2.03778 5.135151e-01
7.950000e-01 4.737790e+00 2.191798e+00 2.534820e+00 1.013664e+01 1.065323e+04 1.603740e+04 2.03976 5.146917e-01
7.940000e-01 4.737790e+00 2.192645e+00 2.535661e+00 1.014160e+01 1.067536e+04 1.602890e+04 2.04175 5.158637e-01
7.930000e-01 4.737790e+00 2.193494e+00 2.536504e+00 1.014658e+01 1.069742e+04 1.602037e+04 2.04374 5.170334e-01
7.920000e-01 4.737790e+00 2.194387e+00 2.537409e+00 1.015167e+01 1.071938e+04 1.601166e+04 2.04578 5.181897e-01
7.910000e-01 4.737790e+00 2.195241e+00 2.538258e+00 1.015669e+01 1.074132e+04 1.600306e+04 2.04778 5.193543e-01
7.900000e-01 4.737790e+00 2.196096e+00 2.539109e+00 1.016174e+01 1.076318e+04 1.599443e+04 2.04979 5.205159e-01
7.890000e-01 4.737790e+00 2.196952e+00 2.539962e+00 1.016681e+01 1.078497e+04 1.598577e+04 2.0518 5.216742e-01
7.880000e-01 4.737790e+00 2.197809e+00 2.540817e+00 1.017189e+01 1.080665e+04 1.597709e+04 2.05381 5.228279e-01
7.870000e-01 4.737790e+00 2.198666e+00 2.541671e+00 1.017699e+01 1.082821e+04 1.596840e+04 2.05582 5.239764e-01
7.860000e-01 4.737790e+00 2.199522e+00 2.542526e+00 1.018210e+01 1.084968e+04 1.595968e+04 2.05784 5.251207e-01
7.850000e-01 4.737790e+00 2.200380e+00 2.543383e+00 1.018723e+01 1.087107e+04 1.595093e+04 2.05986 5.262622e-01
7.840000e-01 4.737790e+00 2.201240e+00 2.544243e+00 1.019238e+01 1.089238e+04 1.594216e+04 2.06189 5.274002e-01
7.830000e-01 4.737790e+00 2.202099e+00 2.545102e+00 1.019755e+01 1.091359e+04 1.593336e+04 2.06391 5.285336e-01
7.820000e-01 4.737790e+00 2.202959e+00 2.545963e+00 1.020273e+01 1.093469e+04 1.592454e+04 2.06594 5.296621e-01
7.810000e-01 4.737790e+00 2.203818e+00 2.546823e+00 1.020792e+01 1.095567e+04 1.591570e+04 2.06797 5.307854e-01
7.800000e-01 4.737790e+00 2.204675e+00 2.547681e+00 1.021313e+01 1.097649e+04 1.590685e+04 2.07 5.319020e-01
7.790000e-01 4.737790e+00 2.205531e+00 2.548536e+00 1.021834e+01 1.099716e+04 1.589799e+04 2.07203 5.330116e-01
7.780000e-01 4.737790e+00 2.206386e+00 2.549390e+00 1.022356e+01 1.101771e+04 1.588911e+04 2.07405 5.341161e-01
7.770000e-01 4.737790e+00 2.207241e+00 2.550244e+00 1.022881e+01 1.103819e+04 1.588019e+04 2.07609 5.352181e-01
7.760000e-01 4.737790e+00 2.208099e+00 2.551101e+00 1.023409e+01 1.105861e+04 1.587124e+04 2.07812 5.363177e-01
7.750000e-01 4.737790e+00 2.208957e+00 2.551960e+00 1.023938e+01 1.107897e+04 1.586226e+04 2.08017 5.374148e-01
7.740000e-01 4.737790e+00 2.209817e+00 2.552822e+00 1.024470e+01 1.109925e+04 1.585324e+04 2.08221 5.385091e-01
7.730000e-01 4.737790e+00 2.210679e+00 2.553686e+00 1.025004e+01 1.111946e+04 1.584419e+04 2.08426 5.396000e-01
7.720000e-01 4.737790e+00 2.211540e+00 2.554550e+00 1.025540e+01 1.113956e+04 1.583511e+04 2.08631 5.406864e-01
7.710000e-01 4.737790e+00 2.212401e+00 2.555415e+00 1.026077e+01 1.115955e+04 1.582601e+04 2.08837 5.417680e-01
7.700000e-01 4.737790e+00 2.213263e+00 2.556280e+00 1.026616e+01 1.117946e+04 1.581688e+04 2.09042 5.428455e-01
7.690000e-01 4.737790e+00 2.214125e+00 2.557147e+00 1.027158e+01 1.119929e+04 1.580772e+04 2.09248 5.439204e-01
7.680000e-01 4.737790e+00 2.214988e+00 2.558016e+00 1.027701e+01 1.121903e+04 1.579853e+04 2.09455 5.449917e-01
7.670000e-01 4.737790e+00 2.215851e+00 2.558885e+00 1.028246e+01 1.123868e+04 1.578931e+04 2.09661 5.460586e-01
7.660000e-01 4.737790e+00 2.216714e+00 2.559755e+00 1.028793e+01 1.125822e+04 1.578007e+04 2.09868 5.471207e-01
7.650000e-01 4.737790e+00 2.217577e+00 2.560624e+00 1.029341e+01 1.127764e+04 1.577081e+04 2.10074 5.481777e-01
7.640000e-01 4.737790e+00 2.218437e+00 2.561491e+00 1.029891e+01 1.129692e+04 1.576154e+04 2.10281 5.492281e-01
7.630000e-01 4.737790e+00 2.219296e+00 2.562354e+00 1.030441e+01 1.131604e+04 1.575225e+04 2.10487 5.502718e-01
7.620000e-01 4.737790e+00 2.220153e+00 2.563216e+00 1.030993e+01 1.133506e+04 1.574294e+04 2.10694 5.513110e-01
7.610000e-01 4.737790e+00 2.221011e+00 2.564080e+00 1.031547e+01 1.135400e+04 1.573359e+04 2.10901 5.523478e-01
7.600000e-01 4.737790e+00 2.221870e+00 2.564945e+00 1.032104e+01 1.137289e+04 1.572420e+04 2.11108 5.533821e-01
7.590000e-01 4.737790e+00 2.222771e+00 2.565870e+00 1.032672e+01 1.139166e+04 1.571463e+04 2.1132 5.544021e-01
7.580000e-01 4.737790e+00 2.223634e+00 2.566741e+00 1.033234e+01 1.141040e+04 1.570515e+04 2.11528 5.554303e-01
7.570000e-01 4.737790e+00 2.224496e+00 2.567613e+00 1.033798e+01 1.142907e+04 1.569565e+04 2.11736 5.564554e-01
7.560000e-01 4.737790e+00 2.225358e+00 2.568484e+00 1.034364e+01 1.144763e+04 1.568612e+04 2.11945 5.574760e-01
7.550000e-01 4.737790e+00 2.226219e+00 2.569355e+00 1.034932e+01 1.146609e+04 1.567656e+04 2.12154 5.584917e-01
7.540000e-01 4.737790e+00 2.227081e+00 2.570227e+00 1.035502e+01 1.148446e+04 1.566697e+04 2.12362 5.595042e-01
7.530000e-01 4.737790e+00 2.227944e+00 2.571101e+00 1.036074e+01 1.150277e+04 1.565734e+04 2.12571 5.605138e-01
7.520000e-01 4.737790e+00 2.228806e+00 2.571974e+00 1.036648e+01 1.152098e+04 1.564767e+04 2.12781 5.615192e-01
7.510000e-01 4.737790e+00 2.229668e+00 2.572850e+00 1.037225e+01 1.153910e+04 1.563798e+04 2.1299 5.625206e-01
7.500000e-01 4.737790e+00 2.230530e+00 2.573724e+00 1.037802e+01 1.155711e+04 1.562826e+04 2.132 5.635168e-01
7.490000e-01 4.737790e+00 2.231389e+00 2.574595e+00 1.038382e+01 1.157499e+04 1.561852e+04 2.13409 5.645076e-01
7.480000e-01 4.737790e+00 2.232247e+00 2.575465e+00 1.038962e+01 1.159273e+04 1.560876e+04 2.13618 5.654919e-01
7.470000e-01 4.737790e+00 2.233102e+00 2.576331e+00 1.039544e+01 1.161033e+04 1.559898e+04 2.13827 5.664699e-01
7.460000e-01 4.737790e+00 2.233957e+00 2.577197e+00 1.040128e+01 1.162785e+04 1.558917e+04 2.14036 5.674449e-01
7.450000e-01 4.737790e+00 2.234812e+00 2.578063e+00 1.040714e+01 1.164530e+04 1.557932e+04 2.14245 5.684171e-01
7.440000e-01 4.737790e+00 2.235668e+00 2.578931e+00 1.041303e+01 1.166268e+04 1.556941e+04 2.14455 5.693865e-01
7.430000e-01 4.737790e+00 2.236525e+00 2.579802e+00 1.041895e+01 1.168001e+04 1.555947e+04 2.14665 5.703535e-01
7.420000e-01 4.737790e+00 2.237382e+00 2.580674e+00 1.042490e+01 1.169725e+04 1.554948e+04 2.14875 5.713169e-01
7.410000e-01 4.737790e+00 2.238239e+00 2.581544e+00 1.043087e+01 1.171439e+04 1.553945e+04 2.15086 5.722760e-01
7.400000e-01 4.737790e+00 2.239095e+00 2.582415e+00 1.043685e+01 1.173144e+04 1.552940e+04 2.15296 5.732306e-01
7.390000e-01 4.737790e+00 2.239950e+00 2.583286e+00 1.044286e+01 1.174839e+04 1.551931e+04 2.15506 5.741809e-01
7.380000e-01 4.737790e+00 2.240805e+00 2.584158e+00 1.044889e+01 1.176528e+04 1.550917e+04 2.15717 5.751287e-01
7.370000e-01 4.737790e+00 2.241660e+00 2.585029e+00 1.045494e+01 1.178208e+04 1.549900e+04 2.15927 5.760724e-01
7.360000e-01 4.737790e+00 2.242515e+00 2.585900e+00 1.046102e+01 1.179878e+04 1.548878e+04 2.16138 5.770118e-01
7.350000e-01 4.737790e+00 2.243368e+00 2.586772e+00 1.046712e+01 1.181539e+04 1.547854e+04 2.16348 5.779467e-01
7.340000e-01 4.737790e+00 2.244220e+00 2.587641e+00 1.047323e+01 1.183188e+04 1.546827e+04 2.16559 5.788763e-01
7.330000e-01 4.737790e+00 2.245069e+00 2.588507e+00 1.047935e+01 1.184824e+04 1.545797e+04 2.16769 5.797995e-01
7.320000e-01 4.737790e+00 2.245916e+00 2.589369e+00 1.048549e+01 1.186445e+04 1.544765e+04 2.16978 5.807164e-01
7.310000e-01 4.737790e+00 2.246760e+00 2.590229e+00 1.049165e+01 1.188056e+04 1.543730e+04 2.17188 5.816289e-01
7.300000e-01 4.737790e+00 2.247604e+00 2.591089e+00 1.049783e+01 1.189661e+04 1.542690e+04 2.17397 5.825389e-01
7.290000e-01 4.737790e+00 2.248449e+00 2.591949e+00 1.050404e+01 1.191259e+04 1.541644e+04 2.17607 5.834457e-01
7.280000e-01 4.737790e+00 2.249332e+00 2.592866e+00 1.051037e+01 1.192844e+04 1.540580e+04 2.17821 5.843373e-01
7.270000e-01 4.737790e+00 2.250177e+00 2.593730e+00 1.051665e+01 1.194428e+04 1.539524e+04 2.18031 5.852373e-01
7.260000e-01 4.737790e+00 2.251021e+00 2.594593e+00 1.052294e+01 1.196002e+04 1.538465e+04 2.18241 5.861337e-01
7.250000e-01 4.737790e+00 2.251864e+00 2.595455e+00 1.052926e+01 1.197567e+04 1.537401e+04 2.18451 5.870254e-01
7.240000e-01 4.737790e+00 2.252705e+00 2.596315e+00 1.053559e+01 1.199122e+04 1.536334e+04 2.18661 5.879124e-01
7.230000e-01 4.737790e+00 2.253546e+00 2.597175e+00 1.054196e+01 1.200670e+04 1.535262e+04 2.1887 5.887965e-01
7.220000e-01 4.737790e+00 2.254386e+00 2.598036e+00 1.054835e+01 1.202209e+04 1.534185e+04 2.1908 5.896770e-01
7.210000e-01 4.737790e+00 2.255225e+00 2.598897e+00 1.055477e+01 1.203740e+04 1.533104e+04 2.1929 5.905531e-01
7.200000e-01 4.737790e+00 2.256063e+00 2.599755e+00 1.056120e+01 1.205260e+04 1.532019e+04 2.19499 5.914243e-01
7.190000e-01 4.737790e+00 2.256898e+00 2.600612e+00 1.056766e+01 1.206769e+04 1.530931e+04 2.19709 5.922902e-01
7.180000e-01 4.737790e+00 2.257730e+00 2.601465e+00 1.057413e+01 1.208264e+04 1.529840e+04 2.19917 5.931500e-01
7.170000e-01 4.737790e+00 2.258560e+00 2.602314e+00 1.058061e+01 1.209746e+04 1.528747e+04 2.20126 5.940036e-01
7.160000e-01 4.737790e+00 2.259386e+00 2.603160e+00 1.058711e+01 1.211218e+04 1.527651e+04 2.20334 5.948524e-01
7.150000e-01 4.737790e+00 2.260212e+00 2.604005e+00 1.059364e+01 1.212683e+04 1.526548e+04 2.20542 5.956985e-01
7.140000e-01 4.737790e+00 2.261037e+00 2.604851e+00 1.060021e+01 1.214140e+04 1.525440e+04 2.2075 5.965411e-01
7.130000e-01 4.737790e+00 2.261862e+00 2.605697e+00 1.060680e+01 1.215590e+04 1.524327e+04 2.20958 5.973807e-01
7.120000e-01 4.737790e+00 2.262687e+00 2.606544e+00 1.061343e+01 1.217033e+04 1.523208e+04 2.21166 5.982169e-01
7.110000e-01 4.737790e+00 2.262220e+00 2.605892e+00 1.061597e+01 1.219120e+04 1.522903e+04 2.21213 5.996185e-01
7.100000e-01 4.737790e+00 2.264322e+00 2.608219e+00 1.062672e+01 1.219891e+04 1.520964e+04 2.21581 5.998811e-01
7.090000e-01 4.737790e+00 2.263832e+00 2.607543e+00 1.062927e+01 1.221965e+04 1.520657e+04 2.21624 6.012777e-01
7.080000e-01 4.737790e+00 2.263692e+00 2.607117e+00 1.063249e+01 1.223826e+04 1.520197e+04 2.2178 6.026918e-01
7.070000e-01 4.737790e+00 2.266799e+00 2.610779e+00 1.064697e+01 1.224106e+04 1.517548e+04 2.22206 6.023326e-01
7.060000e-01 4.737790e+00 2.266264e+00 2.610051e+00 1.064949e+01 1.226166e+04 1.517243e+04 2.22243 6.037314e-01
7.050000e-01 4.737790e+00 2.266090e+00 2.609584e+00 1.065271e+01 1.228008e+04 1.516782e+04 2.22394 6.051420e-01
7.040000e-01 4.737790e+00 2.269238e+00 2.613296e+00 1.066739e+01 1.228238e+04 1.514098e+04 2.22827 6.047510e-01
7.030000e-01 4.737790e+00 2.268661e+00 2.612519e+00 1.066990e+01 1.230273e+04 1.513794e+04 2.22856 6.061421e-01
7.020000e-01 4.737790e+00 2.268449e+00 2.612007e+00 1.067311e+01 1.232085e+04 1.513333e+04 2.23001 6.075421e-01
7.010000e-01 4.737790e+00 2.271651e+00 2.615784e+00 1.068798e+01 1.232259e+04 1.510621e+04 2.23443 6.071188e-01
7.000000e-01 4.737790e+00 2.271035e+00 2.614963e+00 1.069049e+01 1.234274e+04 1.510317e+04 2.23467 6.085068e-01
6.990000e-01 4.737790e+00 2.270802e+00 2.614427e+00 1.069372e+01 1.236069e+04 1.509851e+04 2.2361 6.099057e-01
6.980000e-01 4.737790e+00 2.274049e+00 2.618258e+00 1.070885e+01 1.236204e+04 1.507095e+04 2.24059 6.094525e-01
6.970000e-01 4.737790e+00 2.273402e+00 2.617407e+00 1.071137e+01 1.238206e+04 1.506789e+04 2.24079 6.108414e-01
6.960000e-01 4.737790e+00 2.273139e+00 2.616836e+00 1.071462e+01 1.239984e+04 1.506319e+04 2.24217 6.122383e-01
6.950000e-01 4.737790e+00 2.276466e+00 2.620775e+00 1.073009e+01 1.240066e+04 1.503507e+04 2.24675 6.117370e-01
6.940000e-01 4.737790e+00 2.275761e+00 2.619853e+00 1.073256e+01 1.242053e+04 1.503206e+04 2.24687 6.131292e-01
6.930000e-01 4.737790e+00 2.275465e+00 2.619244e+00 1.073581e+01 1.243813e+04 1.502735e+04 2.24822 6.145256e-01
6.920000e-01 4.737790e+00 2.278831e+00 2.623227e+00 1.075151e+01 1.243852e+04 1.499884e+04 2.25285 6.139947e-01
6.910000e-01 4.737790e+00 2.278087e+00 2.622263e+00 1.075398e+01 1.245822e+04 1.499581e+04 2.25291 6.153855e-01
6.900000e-01 4.737790e+00 2.277752e+00 2.621609e+00 1.075723e+01 1.247562e+04 1.499108e+04 2.25419 6.167767e-01
6.890000e-01 4.737790e+00 2.281169e+00 2.625655e+00 1.077316e+01 1.247549e+04 1.496217e+04 2.2589 6.162078e-01
6.880000e-01 4.737790e+00 2.280370e+00 2.624626e+00 1.077560e+01 1.249493e+04 1.495915e+04 2.25887 6.175910e-01
6.870000e-01 4.737790e+00 2.279995e+00 2.623924e+00 1.077884e+01 1.251203e+04 1.495440e+04 2.26008 6.189720e-01
6.860000e-01 4.737790e+00 2.283472e+00 2.628041e+00 1.079499e+01 1.251138e+04 1.492513e+04 2.26489 6.183683e-01
6.850000e-01 4.737790e+00 2.282629e+00 2.626962e+00 1.079743e+01 1.253065e+04 1.492210e+04 2.26479 6.197511e-01
6.840000e-01 4.737790e+00 2.282228e+00 2.626230e+00 1.080069e+01 1.254761e+04 1.491729e+04 2.26597 6.211327e-01
6.830000e-01 4.737790e+00 2.285750e+00 2.630404e+00 1.081714e+01 1.254652e+04 1.488751e+04 2.27082 6.204918e-01
6.820000e-01 4.737790e+00 2.284867e+00 2.629282e+00 1.081957e+01 1.256566e+04 1.488444e+04 2.27066 6.218754e-01
6.810000e-01 4.737790e+00 2.284427e+00 2.628504e+00 1.082284e+01 1.258244e+04 1.487959e+04 2.27179 6.232542e-01
6.800000e-01 4.737790e+00 2.288036e+00 2.632792e+00 1.083965e+01 1.258079e+04 1.484919e+04 2.27673 6.225602e-01
6.790000e-01 4.737790e+00 2.287090e+00 2.631595e+00 1.084204e+01 1.259979e+04 1.484617e+04 2.27649 6.239487e-01
6.780000e-01 4.737790e+00 2.286609e+00 2.630768e+00 1.084530e+01 1.261641e+04 1.484130e+04 2.27755 6.253281e-01
6.770000e-01 4.737790e+00 2.290262e+00 2.635109e+00 1.086238e+01 1.261429e+04 1.481046e+04 2.28256 6.245989e-01
6.760000e-01 4.737790e+00 2.289269e+00 2.633859e+00 1.086475e+01 1.263311e+04 1.480743e+04 2.28223 6.259854e-01
6.750000e-01 4.737790e+00 2.288744e+00 2.632982e+00 1.086802e+01 1.264951e+04 1.480252e+04 2.28323 6.273593e-01
6.740000e-01 4.737790e+00 2.292453e+00 2.637392e+00 1.088535e+01 1.264681e+04 1.477128e+04 2.28831 6.265882e-01
6.730000e-01 4.737790e+00 2.291400e+00 2.636071e+00 1.088769e+01 1.266537e+04 1.476826e+04 2.28788 6.279676e-01
6.720000e-01 4.737790e+00 2.290841e+00 2.635154e+00 1.089096e+01 1.268149e+04 1.476333e+04 2.28883 6.293342e-01
6.710000e-01 4.737790e+00 2.294605e+00 2.639631e+00 1.090855e+01 1.267830e+04 1.473168e+04 2.29399 6.285272e-01
6.700000e-01 4.737790e+00 2.293508e+00 2.638263e+00 1.091089e+01 1.269673e+04 1.472864e+04 2.29351 6.299099e-01
6.690000e-01 4.737790e+00 2.292911e+00 2.637301e+00 1.091418e+01 1.271271e+04 1.472365e+04 2.2944 6.312776e-01
6.680000e-01 4.737790e+00 2.296728e+00 2.641845e+00 1.093211e+01 1.270902e+04 1.469143e+04 2.29961 6.304269e-01
6.670000e-01 4.737790e+00 2.295580e+00 2.640420e+00 1.093444e+01 1.272730e+04 1.468836e+04 2.29905 6.318097e-01
6.660000e-01 4.737790e+00 2.294935e+00 2.639403e+00 1.093772e+01 1.274309e+04 1.468333e+04 2.29986 6.331743e-01
6.650000e-01 4.737790e+00 2.298845e+00 2.644068e+00 1.095605e+01 1.273881e+04 1.465044e+04 2.30517 6.322664e-01
6.640000e-01 4.737790e+00 2.297630e+00 2.642563e+00 1.095834e+01 1.275697e+04 1.464740e+04 2.30451 6.336556e-01
6.630000e-01 4.737790e+00 2.300208e+00 2.645490e+00 1.097213e+01 1.275825e+04 1.462286e+04 2.3088 6.334770e-01
6.620000e-01 4.737790e+00 2.298960e+00 2.643951e+00 1.097441e+01 1.277628e+04 1.461980e+04 2.30808 6.348631e-01
6.610000e-01 4.737790e+00 2.301558e+00 2.646902e+00 1.098834e+01 1.277725e+04 1.459503e+04 2.31239 6.346617e-01
6.600000e-01 4.737790e+00 2.300265e+00 2.645308e+00 1.099059e+01 1.279511e+04 1.459198e+04 2.31159 6.360439e-01
6.590000e-01 4.737790e+00 2.302884e+00 2.648286e+00 1.100463e+01 1.279574e+04 1.456703e+04 2.31593 6.358192e-01
6.580000e-01 4.737790e+00 2.301548e+00 2.646642e+00 1.100687e+01 1.281346e+04 1.456397e+04 2.31506 6.372006e-01
6.570000e-01 4.737790e+00 2.304190e+00 2.649647e+00 1.102107e+01 1.281383e+04 1.453875e+04 2.31942 6.369560e-01
6.560000e-01 4.737790e+00 2.302822e+00 2.647971e+00 1.102331e+01 1.283147e+04 1.453567e+04 2.31851 6.383397e-01
6.550000e-01 4.737790e+00 2.305510e+00 2.651042e+00 1.103777e+01 1.283150e+04 1.451002e+04 2.32291 6.380612e-01
6.540000e-01 4.737790e+00 2.304092e+00 2.649303e+00 1.103997e+01 1.284908e+04 1.450697e+04 2.32192 6.394520e-01
6.530000e-01 4.737790e+00 2.306783e+00 2.652376e+00 1.105455e+01 1.284884e+04 1.448113e+04 2.32632 6.391571e-01
6.520000e-01 4.737790e+00 2.305321e+00 2.650587e+00 1.105673e+01 1.286630e+04 1.447808e+04 2.32527 6.405483e-01
6.510000e-01 4.737790e+00 2.308036e+00 2.653690e+00 1.107149e+01 1.286577e+04 1.445196e+04 2.32969 6.402315e-01
6.500000e-01 4.737790e+00 2.306538e+00 2.651863e+00 1.107366e+01 1.288315e+04 1.444889e+04 2.32859 6.416243e-01
6.490000e-01 4.737790e+00 2.309267e+00 2.654984e+00 1.108858e+01 1.288230e+04 1.442250e+04 2.33302 6.412838e-01
6.480000e-01 4.737790e+00 2.307728e+00 2.653110e+00 1.109075e+01 1.289955e+04 1.441942e+04 2.33184 6.426757e-01
6.470000e-01 4.737790e+00 2.310477e+00 2.656257e+00 1.110581e+01 1.289839e+04 1.439279e+04 2.33629 6.423111e-01
6.460000e-01 4.737790e+00 2.308886e+00 2.654320e+00 1.110794e+01 1.291547e+04 1.438972e+04 2.33502 6.436998e-01
6.450000e-01 4.737790e+00 2.311658e+00 2.657496e+00 1.112314e+01 1.291396e+04 1.436290e+04 2.33949 6.433101e-01
6.440000e-01 4.737790e+00 2.310024e+00 2.655509e+00 1.112525e+01 1.293092e+04 1.435982e+04 2.33816 6.446992e-01
6.430000e-01 4.737790e+00 2.312815e+00 2.658709e+00 1.114064e+01 1.292912e+04 1.433268e+04 2.34264 6.442870e-01
6.420000e-01 4.737790e+00 2.311142e+00 2.656679e+00 1.114275e+01 1.294601e+04 1.432957e+04 2.34124 6.456788e-01
6.410000e-01 4.737790e+00 2.313979e+00 2.659944e+00 1.115841e+01 1.294386e+04 1.430197e+04 2.34575 6.452288e-01
6.400000e-01 4.737790e+00 2.312247e+00 2.657843e+00 1.116047e+01 1.296067e+04 1.429889e+04 2.34427 6.466272e-01
6.390000e-01 4.737790e+00 2.315089e+00 2.661112e+00 1.117627e+01 1.295824e+04 1.427107e+04 2.34877 6.461575e-01
6.380000e-01 4.737790e+00 2.313307e+00 2.658953e+00 1.117831e+01 1.297494e+04 1.426798e+04 2.34721 6.475572e-01
6.370000e-01 4.737790e+00 2.316173e+00 2.662252e+00 1.119431e+01 1.297220e+04 1.423984e+04 2.35173 6.470621e-01
6.360000e-01 4.737790e+00 2.314350e+00 2.660050e+00 1.119634e+01 1.298881e+04 1.423672e+04 2.3501 6.484633e-01
6.350000e-01 4.737790e+00 2.317231e+00 2.663369e+00 1.121252e+01 1.298574e+04 1.420829e+04 2.35462 6.479420e-01
6.340000e-01 4.737790e+00 2.315362e+00 2.661112e+00 1.121453e+01 1.300223e+04 1.420517e+04 2.35292 6.493424e-01
6.330000e-01 4.737790e+00 2.318261e+00 2.664455e+00 1.123087e+01 1.299881e+04 1.417650e+04 2.35744 6.487941e-01
6.320000e-01 4.737790e+00 2.316336e+00 2.662129e+00 1.123284e+01 1.301512e+04 1.417338e+04 2.35564 6.501908e-01
6.310000e-01 4.737790e+00 2.319259e+00 2.665505e+00 1.124933e+01 1.301137e+04 1.414448e+04 2.36018 6.496170e-01
6.300000e-01 4.737790e+00 2.319757e+00 2.666031e+00 1.125868e+01 1.301746e+04 1.412825e+04 2.36153 6.500135e-01
6.290000e-01 4.737790e+00 2.320239e+00 2.666537e+00 1.126804e+01 1.302348e+04 1.411199e+04 2.36286 6.504085e-01
6.280000e-01 4.737790e+00 2.320712e+00 2.667035e+00 1.127745e+01 1.302942e+04 1.409563e+04 2.36416 6.507974e-01
6.270000e-01 4.737790e+00 2.321177e+00 2.667524e+00 1.128692e+01 1.303524e+04 1.407918e+04 2.36543 6.511791e-01
6.260000e-01 4.737790e+00 2.321635e+00 2.668006e+00 1.129642e+01 1.304095e+04 1.406264e+04 2.36669 6.515540e-01
6.250000e-01 4.737790e+00 2.322084e+00 2.668480e+00 1.130598e+01 1.304655e+04 1.404602e+04 2.36793 6.519220e-01
6.240000e-01 4.737790e+00 2.322557e+00 2.668991e+00 1.131567e+01 1.305198e+04 1.402918e+04 2.36918 6.522716e-01
6.230000e-01 4.737790e+00 2.322995e+00 2.669455e+00 1.132533e+01 1.305737e+04 1.401238e+04 2.37038 6.526268e-01
6.220000e-01 4.737790e+00 2.323424e+00 2.669908e+00 1.133504e+01 1.306264e+04 1.399551e+04 2.37157 6.529755e-01
6.210000e-01 4.737790e+00 2.323846e+00 2.670356e+00 1.134479e+01 1.306780e+04 1.397856e+04 2.37273 6.533173e-01
6.200000e-01 4.737790e+00 2.324259e+00 2.670794e+00 1.135458e+01 1.307284e+04 1.396156e+04 2.37388 6.536516e-01
6.190000e-01 4.737790e+00 2.324662e+00 2.671219e+00 1.136439e+01 1.307772e+04 1.394450e+04 2.375 6.539777e-01
6.180000e-01 4.737790e+00 2.325056e+00 2.671633e+00 1.137424e+01 1.308249e+04 1.392738e+04 2.37609 6.542961e-01
6.170000e-01 4.737790e+00 2.325442e+00 2.672039e+00 1.138415e+01 1.308716e+04 1.391014e+04 2.37717 6.546082e-01
6.160000e-01 4.737790e+00 2.325819e+00 2.672436e+00 1.139413e+01 1.309172e+04 1.389280e+04 2.37822 6.549132e-01
6.150000e-01 4.737790e+00 2.326188e+00 2.672826e+00 1.140416e+01 1.309619e+04 1.387535e+04 2.37924 6.552116e-01
6.140000e-01 4.737790e+00 2.326550e+00 2.673208e+00 1.141425e+01 1.310053e+04 1.385781e+04 2.38025 6.555031e-01
6.130000e-01 4.737790e+00 2.326903e+00 2.673582e+00 1.142439e+01 1.310476e+04 1.384018e+04 2.38124 6.557873e-01
6.120000e-01 4.737790e+00 2.327248e+00 2.673948e+00 1.143458e+01 1.310888e+04 1.382247e+04 2.3822 6.560641e-01
6.110000e-01 4.737790e+00 2.327583e+00 2.674302e+00 1.144484e+01 1.311289e+04 1.380465e+04 2.38314 6.563338e-01
6.100000e-01 4.737790e+00 2.327937e+00 2.674689e+00 1.145523e+01 1.311672e+04 1.378660e+04 2.38407 6.565834e-01
6.090000e-01 4.737790e+00 2.328253e+00 2.675025e+00 1.146559e+01 1.312050e+04 1.376857e+04 2.38495 6.568359e-01
6.080000e-01 4.737790e+00 2.328558e+00 2.675349e+00 1.147599e+01 1.312416e+04 1.375046e+04 2.3858 6.570807e-01
6.070000e-01 4.737790e+00 2.328854e+00 2.675662e+00 1.148644e+01 1.312769e+04 1.373229e+04 2.38662 6.573172e-01
6.060000e-01 4.737790e+00 2.329139e+00 2.675960e+00 1.149692e+01 1.313108e+04 1.371405e+04 2.38742 6.575448e-01
6.050000e-01 4.737790e+00 2.329414e+00 2.676249e+00 1.150744e+01 1.313435e+04 1.369576e+04 2.38819 6.577650e-01
6.040000e-01 4.737790e+00 2.329680e+00 2.676529e+00 1.151802e+01 1.313751e+04 1.367735e+04 2.38893 6.579784e-01
6.030000e-01 4.737790e+00 2.329937e+00 2.676800e+00 1.152868e+01 1.314056e+04 1.365883e+04 2.38966 6.581848e-01
6.020000e-01 4.737790e+00 2.330186e+00 2.677062e+00 1.153941e+01 1.314350e+04 1.364020e+04 2.39035 6.583840e-01
6.010000e-01 4.737790e+00 2.330425e+00 2.677314e+00 1.155020e+01 1.314631e+04 1.362147e+04 2.39103 6.585752e-01
6.000000e-01 4.737790e+00 2.330654e+00 2.677557e+00 1.156105e+01 1.314902e+04 1.360264e+04 2.39167 6.587586e-01
5.990000e-01 4.737790e+00 2.330874e+00 2.677791e+00 1.157196e+01 1.315160e+04 1.358373e+04 2.39229 6.589343e-01
5.980000e-01 4.737790e+00 2.331084e+00 2.678013e+00 1.158293e+01 1.315406e+04 1.356470e+04 2.39288 6.591023e-01
5.970000e-01 4.737790e+00 2.331285e+00 2.678228e+00 1.159397e+01 1.315641e+04 1.354557e+04 2.39345 6.592629e-01
5.960000e-01 4.737790e+00 2.331504e+00 2.678472e+00 1.160516e+01 1.315857e+04 1.352623e+04 2.39402 6.594033e-01
5.950000e-01 4.737790e+00 2.331685e+00 2.678666e+00 1.161631e+01 1.316067e+04 1.350692e+04 2.39453 6.595465e-01
5.940000e-01 4.737790e+00 2.331854e+00 2.678846e+00 1.162751e+01 1.316265e+04 1.348754e+04 2.395 6.596810e-01
5.930000e-01 4.737790e+00 2.332011e+00 2.679010e+00 1.163875e+01 1.316448e+04 1.346811e+04 2.39545 6.598062e-01
5.920000e-01 4.737790e+00 2.332157e+00 2.679162e+00 1.165003e+01 1.316619e+04 1.344859e+04 2.39586 6.599227e-01
5.910000e-01 4.737790e+00 2.332290e+00 2.679301e+00 1.166139e+01 1.316779e+04 1.342894e+04 2.39624 6.600311e-01
5.900000e-01 4.737790e+00 2.332414e+00 2.679429e+00 1.167282e+01 1.316926e+04 1.340917e+04 2.39658 6.601311e-01
5.890000e-01 4.737790e+00 2.332527e+00 2.679548e+00 1.168434e+01 1.317063e+04 1.338929e+04 2.3969 6.602231e-01
5.880000e-01 4.737790e+00 2.332630e+00 2.679656e+00 1.169593e+01 1.317187e+04 1.336930e+04 2.39719 6.603072e-01
5.870000e-01 4.737790e+00 2.332724e+00 2.679755e+00 1.170758e+01 1.317298e+04 1.334922e+04 2.39746 6.603835e-01
5.860000e-01 4.737790e+00 2.332808e+00 2.679843e+00 1.171930e+01 1.317397e+04 1.332904e+04 2.3977 6.604516e-01
5.850000e-01 4.737790e+00 2.332882e+00 2.679922e+00 1.173110e+01 1.317484e+04 1.330875e+04 2.39791 6.605120e-01
5.840000e-01 4.737790e+00 2.332946e+00 2.679992e+00 1.174297e+01 1.317560e+04 1.328836e+04 2.3981 6.605645e-01
5.830000e-01 4.737790e+00 2.332999e+00 2.680050e+00 1.175491e+01 1.317622e+04 1.326788e+04 2.39825 6.606087e-01
5.820000e-01 4.737790e+00 2.333068e+00 2.680135e+00 1.176699e+01 1.317665e+04 1.324720e+04 2.3984 6.606319e-01
5.810000e-01 4.737790e+00 2.333099e+00 2.680168e+00 1.177904e+01 1.317701e+04 1.322657e+04 2.39849 6.606572e-01
5.800000e-01 4.737790e+00 2.333117e+00 2.680185e+00 1.179112e+01 1.317724e+04 1.320588e+04 2.39855 6.606731e-01
5.790000e-01 4.737790e+00 2.333122e+00 2.680188e+00 1.180328e+01 1.317735e+04 1.318508e+04 2.39856 6.606804e-01
5.780000e-01 4.737790e+00 2.333115e+00 2.680177e+00 1.181552e+01 1.317733e+04 1.316415e+04 2.39855 6.606786e-01
5.787144e-01 4.737790e+00 2.333557e+00 2.680817e+00 1.180815e+01 1.317612e+04 1.317712e+04 2.39895 6.604780e-01
