1.000000e+00 4.934450e+00 2.027339e+00 2.371912e+00 9.299876e+00 0.000000e+00 1.829712e+04 0 0.000000e+00
9.990000e-01 4.934450e+00 2.030190e+00 2.374681e+00 9.312620e+00 7.936285e+02 1.815192e+04 1.6751 3.670059e-02
9.980000e-01 4.934450e+00 2.030567e+00 2.374835e+00 9.313999e+00 1.107262e+03 1.810480e+04 1.78041 5.440315e-02
9.970000e-01 4.934450e+00 2.030626e+00 2.374647e+00 9.315597e+00 1.353961e+03 1.806905e+04 1.74912 6.535117e-02
9.960000e-01 4.934450e+00 2.031985e+00 2.376232e+00 9.320874e+00 1.561525e+03 1.803440e+04 1.67991 7.229029e-02
9.950000e-01 4.934450e+00 2.032112e+00 2.376081e+00 9.322292e+00 1.741967e+03 1.800849e+04 1.69751 8.147870e-02
9.940000e-01 4.934450e+00 2.032413e+00 2.376132e+00 9.324166e+00 1.905701e+03 1.798506e+04 1.7108 8.980818e-02
9.930000e-01 4.934450e+00 2.033753e+00 2.377643e+00 9.329362e+00 2.056596e+03 1.795807e+04 1.6836 9.525327e-02
9.920000e-01 4.934450e+00 2.033948e+00 2.377588e+00 9.330868e+00 2.200212e+03 1.793809e+04 1.69557 1.026095e-01
9.910000e-01 4.934450e+00 2.034320e+00 2.377755e+00 9.332805e+00 2.335154e+03 1.791912e+04 1.70579 1.095191e-01
9.900000e-01 4.934450e+00 2.035599e+00 2.379220e+00 9.337879e+00 2.462279e+03 1.789569e+04 1.68737 1.140906e-01
9.890000e-01 4.934450e+00 2.035854e+00 2.379267e+00 9.339437e+00 2.584520e+03 1.787909e+04 1.69638 1.203643e-01
9.880000e-01 4.934450e+00 2.036254e+00 2.379491e+00 9.341387e+00 2.701027e+03 1.786295e+04 1.70448 1.263411e-01
9.870000e-01 4.934450e+00 2.037494e+00 2.380923e+00 9.346377e+00 2.811755e+03 1.784196e+04 1.69118 1.303354e-01
9.860000e-01 4.934450e+00 2.037768e+00 2.381008e+00 9.347955e+00 2.919294e+03 1.782765e+04 1.69826 1.358504e-01
9.850000e-01 4.934450e+00 2.038161e+00 2.381229e+00 9.349897e+00 3.022319e+03 1.781355e+04 1.7048 1.411317e-01
9.840000e-01 4.934450e+00 2.039398e+00 2.382656e+00 9.354886e+00 3.120416e+03 1.779428e+04 1.69503 1.447017e-01
9.830000e-01 4.934450e+00 2.039669e+00 2.382739e+00 9.356476e+00 3.217544e+03 1.778160e+04 1.70088 1.496804e-01
9.820000e-01 4.934450e+00 2.040073e+00 2.382976e+00 9.358446e+00 3.311477e+03 1.776887e+04 1.70666 1.545127e-01
9.810000e-01 4.934450e+00 2.041317e+00 2.384414e+00 9.363468e+00 3.401192e+03 1.775070e+04 1.69893 1.577878e-01
9.800000e-01 4.934450e+00 2.041592e+00 2.384504e+00 9.365074e+00 3.490474e+03 1.773922e+04 1.70394 1.623634e-01
9.790000e-01 4.934450e+00 2.041990e+00 2.384735e+00 9.367050e+00 3.576997e+03 1.772758e+04 1.70898 1.668157e-01
9.780000e-01 4.934450e+00 2.043244e+00 2.386181e+00 9.372108e+00 3.659474e+03 1.771030e+04 1.70286 1.698421e-01
9.770000e-01 4.934450e+00 2.043506e+00 2.386254e+00 9.373716e+00 3.742242e+03 1.769980e+04 1.70717 1.740784e-01
9.760000e-01 4.934450e+00 2.043884e+00 2.386456e+00 9.375688e+00 3.822363e+03 1.768908e+04 1.71158 1.781981e-01
9.750000e-01 4.934450e+00 2.045157e+00 2.387912e+00 9.380796e+00 3.897927e+03 1.767259e+04 1.7068 1.809883e-01
9.740000e-01 4.934450e+00 2.045383e+00 2.387930e+00 9.382390e+00 3.975007e+03 1.766296e+04 1.71048 1.849245e-01
9.730000e-01 4.934450e+00 2.045759e+00 2.388117e+00 9.384390e+00 4.050346e+03 1.765291e+04 1.71463 1.888174e-01
9.720000e-01 4.934450e+00 2.047066e+00 2.389608e+00 9.389601e+00 4.122030e+03 1.763677e+04 1.71076 1.914807e-01
9.710000e-01 4.934450e+00 2.047312e+00 2.389653e+00 9.391237e+00 4.195782e+03 1.762764e+04 1.71428 1.952606e-01
9.700000e-01 4.934450e+00 2.047702e+00 2.389861e+00 9.393266e+00 4.267784e+03 1.761808e+04 1.71817 1.989860e-01
9.690000e-01 4.934450e+00 2.049009e+00 2.391358e+00 9.398510e+00 4.336267e+03 1.760234e+04 1.71478 2.015225e-01
9.680000e-01 4.934450e+00 2.049275e+00 2.391432e+00 9.400176e+00 4.406810e+03 1.759370e+04 1.71811 2.051452e-01
9.670000e-01 4.934450e+00 2.049673e+00 2.391656e+00 9.402222e+00 4.475659e+03 1.758460e+04 1.72175 2.087111e-01
9.660000e-01 4.934450e+00 2.050977e+00 2.393154e+00 9.407478e+00 4.540903e+03 1.756925e+04 1.71883 2.111253e-01
9.650000e-01 4.934450e+00 2.051242e+00 2.393231e+00 9.409150e+00 4.608088e+03 1.756108e+04 1.72187 2.145732e-01
9.640000e-01 4.934450e+00 2.051638e+00 2.393453e+00 9.411202e+00 4.673731e+03 1.755242e+04 1.72528 2.179767e-01
9.630000e-01 4.934450e+00 2.052953e+00 2.394963e+00 9.416491e+00 4.735947e+03 1.753741e+04 1.7229 2.202904e-01
9.620000e-01 4.934450e+00 2.053224e+00 2.395048e+00 9.418182e+00 4.800555e+03 1.752963e+04 1.72578 2.236096e-01
9.610000e-01 4.934450e+00 2.053624e+00 2.395277e+00 9.420250e+00 4.863658e+03 1.752133e+04 1.72901 2.268851e-01
9.600000e-01 4.934450e+00 2.054944e+00 2.396795e+00 9.425569e+00 4.923147e+03 1.750663e+04 1.727 2.290986e-01
9.590000e-01 4.934450e+00 2.055210e+00 2.396877e+00 9.427268e+00 4.985184e+03 1.749924e+04 1.72967 2.322845e-01
9.580000e-01 4.934450e+00 2.055607e+00 2.397101e+00 9.429346e+00 5.045814e+03 1.749129e+04 1.73274 2.354357e-01
9.570000e-01 4.934450e+00 2.056940e+00 2.398631e+00 9.434706e+00 5.102669e+03 1.747685e+04 1.73112 2.375580e-01
9.560000e-01 4.934450e+00 2.057189e+00 2.398689e+00 9.436401e+00 5.162141e+03 1.746983e+04 1.73357 2.406084e-01
9.550000e-01 4.934450e+00 2.057564e+00 2.398881e+00 9.438471e+00 5.220101e+03 1.746224e+04 1.73641 2.436195e-01
9.540000e-01 4.934450e+00 2.058924e+00 2.400435e+00 9.443897e+00 5.274295e+03 1.744801e+04 1.73525 2.456599e-01
9.530000e-01 4.934450e+00 2.059166e+00 2.400480e+00 9.445608e+00 5.331992e+03 1.744124e+04 1.7376 2.486240e-01
9.520000e-01 4.934450e+00 2.059556e+00 2.400685e+00 9.447719e+00 5.388524e+03 1.743383e+04 1.74043 2.515749e-01
9.510000e-01 4.934450e+00 2.060929e+00 2.402257e+00 9.453220e+00 5.441395e+03 1.741963e+04 1.73944 2.535597e-01
9.500000e-01 4.934450e+00 2.061185e+00 2.402321e+00 9.454959e+00 5.497565e+03 1.741306e+04 1.74172 2.564503e-01
9.490000e-01 4.934450e+00 2.061580e+00 2.402538e+00 9.457089e+00 5.552526e+03 1.740585e+04 1.74447 2.593222e-01
9.480000e-01 4.934450e+00 2.063002e+00 2.404178e+00 9.462704e+00 5.603787e+03 1.739166e+04 1.7437 2.612415e-01
9.470000e-01 4.934450e+00 2.063236e+00 2.404217e+00 9.464407e+00 5.658435e+03 1.738540e+04 1.74588 2.640585e-01
9.460000e-01 4.934450e+00 2.063621e+00 2.404421e+00 9.466528e+00 5.711775e+03 1.737845e+04 1.7485 2.668478e-01
9.450000e-01 4.934450e+00 2.065044e+00 2.406061e+00 9.472162e+00 5.761269e+03 1.736444e+04 1.74795 2.687050e-01
9.440000e-01 4.934450e+00 2.065277e+00 2.406099e+00 9.473878e+00 5.814420e+03 1.735839e+04 1.75004 2.714466e-01
9.430000e-01 4.934450e+00 2.065668e+00 2.406311e+00 9.476020e+00 5.866418e+03 1.735160e+04 1.75261 2.741730e-01
9.420000e-01 4.934450e+00 2.067101e+00 2.407965e+00 9.481705e+00 5.914610e+03 1.733766e+04 1.75223 2.759826e-01
9.410000e-01 4.934450e+00 2.067338e+00 2.408009e+00 9.483437e+00 5.966436e+03 1.733178e+04 1.75425 2.786577e-01
9.400000e-01 4.934450e+00 2.067723e+00 2.408215e+00 9.485587e+00 6.017010e+03 1.732517e+04 1.75672 2.813104e-01
9.390000e-01 4.934450e+00 2.069170e+00 2.409884e+00 9.491313e+00 6.063620e+03 1.731133e+04 1.75654 2.830649e-01
9.380000e-01 4.934450e+00 2.069398e+00 2.409918e+00 9.493049e+00 6.113998e+03 1.730565e+04 1.75846 2.856646e-01
9.370000e-01 4.934450e+00 2.069772e+00 2.410109e+00 9.495198e+00 6.163026e+03 1.729923e+04 1.76081 2.882370e-01
9.360000e-01 4.934450e+00 2.071234e+00 2.411792e+00 9.500963e+00 6.207721e+03 1.728553e+04 1.76086 2.899257e-01
9.350000e-01 4.934450e+00 2.071440e+00 2.411795e+00 9.502690e+00 6.256565e+03 1.728005e+04 1.76264 2.924445e-01
9.340000e-01 4.934450e+00 2.071814e+00 2.411981e+00 9.504860e+00 6.304357e+03 1.727378e+04 1.76498 2.949624e-01
9.330000e-01 4.934450e+00 2.073301e+00 2.413691e+00 9.510707e+00 6.348116e+03 1.726007e+04 1.76521 2.966224e-01
9.320000e-01 4.934450e+00 2.073518e+00 2.413708e+00 9.512469e+00 6.396244e+03 1.725468e+04 1.767 2.991115e-01
9.310000e-01 4.934450e+00 2.073898e+00 2.413902e+00 9.514664e+00 6.443201e+03 1.724851e+04 1.7693 3.015888e-01
9.300000e-01 4.934450e+00 2.075394e+00 2.415625e+00 9.520568e+00 6.486014e+03 1.723481e+04 1.76961 3.032086e-01
9.290000e-01 4.934450e+00 2.075618e+00 2.415655e+00 9.522350e+00 6.533194e+03 1.722955e+04 1.77137 3.056513e-01
9.280000e-01 4.934450e+00 2.076000e+00 2.415853e+00 9.524560e+00 6.579179e+03 1.722350e+04 1.77361 3.080801e-01
9.270000e-01 4.934450e+00 2.077503e+00 2.417586e+00 9.530500e+00 6.620869e+03 1.720986e+04 1.77404 3.096578e-01
9.260000e-01 4.934450e+00 2.077723e+00 2.417613e+00 9.532290e+00 6.666974e+03 1.720474e+04 1.77573 3.120454e-01
9.250000e-01 4.934450e+00 2.078105e+00 2.417812e+00 9.534514e+00 6.711964e+03 1.719881e+04 1.77794 3.144268e-01
9.240000e-01 4.934450e+00 2.079623e+00 2.419562e+00 9.540507e+00 6.752731e+03 1.718520e+04 1.7785 3.159736e-01
9.230000e-01 4.934450e+00 2.079848e+00 2.419596e+00 9.542321e+00 6.798086e+03 1.718018e+04 1.78017 3.183263e-01
9.220000e-01 4.934450e+00 2.080231e+00 2.419796e+00 9.544563e+00 6.842267e+03 1.717434e+04 1.78234 3.206679e-01
9.210000e-01 4.934450e+00 2.081760e+00 2.421560e+00 9.550610e+00 6.882038e+03 1.716074e+04 1.783 3.221762e-01
9.200000e-01 4.934450e+00 2.081981e+00 2.421590e+00 9.552434e+00 6.926474e+03 1.715582e+04 1.78462 3.244822e-01
9.190000e-01 4.934450e+00 2.082357e+00 2.421781e+00 9.554684e+00 6.969676e+03 1.715009e+04 1.78673 3.267746e-01
9.180000e-01 4.934450e+00 2.083901e+00 2.423562e+00 9.560778e+00 7.008216e+03 1.713653e+04 1.78752 3.282391e-01
9.170000e-01 4.934450e+00 2.084101e+00 2.423565e+00 9.562592e+00 7.051484e+03 1.713175e+04 1.78903 3.304829e-01
9.160000e-01 4.934450e+00 2.084467e+00 2.423740e+00 9.564846e+00 7.093591e+03 1.712614e+04 1.79109 3.327222e-01
9.150000e-01 4.934450e+00 2.086038e+00 2.425548e+00 9.571010e+00 7.131160e+03 1.711256e+04 1.79205 3.341588e-01
9.140000e-01 4.934450e+00 2.086242e+00 2.425554e+00 9.572851e+00 7.173902e+03 1.710784e+04 1.79357 3.363812e-01
9.130000e-01 4.934450e+00 2.086616e+00 2.425738e+00 9.575138e+00 7.215500e+03 1.710226e+04 1.79564 3.385998e-01
9.120000e-01 4.934450e+00 2.088198e+00 2.427562e+00 9.581373e+00 7.252451e+03 1.708862e+04 1.79664 3.400077e-01
9.110000e-01 4.934450e+00 2.088409e+00 2.427579e+00 9.583237e+00 7.294542e+03 1.708397e+04 1.79814 3.421992e-01
9.100000e-01 4.934450e+00 2.088784e+00 2.427766e+00 9.585539e+00 7.335451e+03 1.707846e+04 1.80018 3.443839e-01
9.090000e-01 4.934450e+00 2.090375e+00 2.429603e+00 9.591818e+00 7.371591e+03 1.706483e+04 1.80126 3.457607e-01
9.080000e-01 4.934450e+00 2.090582e+00 2.429618e+00 9.593690e+00 7.412881e+03 1.706027e+04 1.80272 3.479110e-01
9.070000e-01 4.934450e+00 2.090953e+00 2.429802e+00 9.596000e+00 7.452978e+03 1.705485e+04 1.80471 3.500554e-01
9.060000e-01 4.934450e+00 2.092560e+00 2.431657e+00 9.602327e+00 7.488296e+03 1.704122e+04 1.8059 3.514051e-01
9.050000e-01 4.934450e+00 2.092768e+00 2.431674e+00 9.604218e+00 7.529002e+03 1.703673e+04 1.80735 3.535280e-01
9.040000e-01 4.934450e+00 2.093141e+00 2.431862e+00 9.606550e+00 7.568536e+03 1.703136e+04 1.80933 3.556470e-01
9.030000e-01 4.934450e+00 2.094761e+00 2.433731e+00 9.612937e+00 7.603156e+03 1.701769e+04 1.81058 3.569690e-01
9.020000e-01 4.934450e+00 2.094965e+00 2.433746e+00 9.614841e+00 7.643204e+03 1.701328e+04 1.812 3.590593e-01
9.010000e-01 4.934450e+00 2.095333e+00 2.433927e+00 9.617184e+00 7.682031e+03 1.700798e+04 1.81394 3.611437e-01
9.000000e-01 4.934450e+00 2.096969e+00 2.435815e+00 9.623626e+00 7.715758e+03 1.699430e+04 1.81529 3.624331e-01
8.990000e-01 4.934450e+00 2.097157e+00 2.435809e+00 9.625527e+00 7.754961e+03 1.698998e+04 1.81664 3.644794e-01
8.980000e-01 4.934450e+00 2.097511e+00 2.435969e+00 9.627869e+00 7.792905e+03 1.698478e+04 1.81852 3.665196e-01
8.970000e-01 4.934450e+00 2.099216e+00 2.437945e+00 9.634463e+00 7.825706e+03 1.697092e+04 1.82005 3.677734e-01
8.960000e-01 4.934450e+00 2.099374e+00 2.437896e+00 9.636329e+00 7.864479e+03 1.696675e+04 1.82136 3.698058e-01
8.950000e-01 4.934450e+00 2.099728e+00 2.438052e+00 9.638690e+00 7.902069e+03 1.696159e+04 1.82326 3.718363e-01
8.940000e-01 4.934450e+00 2.101442e+00 2.440039e+00 9.645358e+00 7.934453e+03 1.694764e+04 1.82483 3.730710e-01
8.930000e-01 4.934450e+00 2.101605e+00 2.439999e+00 9.647250e+00 7.972791e+03 1.694351e+04 1.82614 3.750844e-01
8.920000e-01 4.934450e+00 2.101959e+00 2.440158e+00 9.649630e+00 8.009892e+03 1.693839e+04 1.82802 3.770917e-01
8.910000e-01 4.934450e+00 2.103687e+00 2.442162e+00 9.656358e+00 8.041658e+03 1.692439e+04 1.82964 3.783010e-01
8.900000e-01 4.934450e+00 2.103847e+00 2.442120e+00 9.658260e+00 8.079396e+03 1.692032e+04 1.83092 3.802842e-01
8.890000e-01 4.934450e+00 2.104195e+00 2.442273e+00 9.660646e+00 8.115845e+03 1.691526e+04 1.83277 3.822590e-01
8.880000e-01 4.934450e+00 2.105939e+00 2.444297e+00 9.667427e+00 8.146897e+03 1.690125e+04 1.83448 3.834437e-01
8.870000e-01 4.934450e+00 2.106096e+00 2.444254e+00 9.669343e+00 8.184139e+03 1.689723e+04 1.83574 3.854038e-01
8.860000e-01 4.934450e+00 2.106446e+00 2.444410e+00 9.671752e+00 8.220138e+03 1.689220e+04 1.83759 3.873592e-01
8.850000e-01 4.934450e+00 2.108205e+00 2.446452e+00 9.678598e+00 8.250624e+03 1.687813e+04 1.83936 3.885213e-01
8.840000e-01 4.934450e+00 2.108358e+00 2.446405e+00 9.680527e+00 8.287351e+03 1.687416e+04 1.84059 3.904563e-01
8.830000e-01 4.934450e+00 2.108702e+00 2.446554e+00 9.682948e+00 8.322784e+03 1.686919e+04 1.84241 3.923846e-01
8.820000e-01 4.934450e+00 2.110479e+00 2.448617e+00 9.689855e+00 8.352528e+03 1.685508e+04 1.84426 3.935189e-01
8.810000e-01 4.934450e+00 2.110616e+00 2.448550e+00 9.691782e+00 8.388579e+03 1.685118e+04 1.84544 3.954195e-01
8.800000e-01 4.934450e+00 2.110945e+00 2.448678e+00 9.694201e+00 8.423280e+03 1.684628e+04 1.84721 3.973116e-01
8.790000e-01 4.934450e+00 2.112749e+00 2.450770e+00 9.701177e+00 8.452246e+03 1.683212e+04 1.84918 3.984209e-01
8.780000e-01 4.934450e+00 2.112881e+00 2.450696e+00 9.703122e+00 8.487909e+03 1.682826e+04 1.85035 4.003057e-01
8.770000e-01 4.934450e+00 2.113217e+00 2.450832e+00 9.705577e+00 8.522319e+03 1.682336e+04 1.85214 4.021896e-01
8.760000e-01 4.934450e+00 2.115038e+00 2.452945e+00 9.712648e+00 8.550949e+03 1.680907e+04 1.85415 4.032823e-01
8.750000e-01 4.934450e+00 2.115175e+00 2.452879e+00 9.714620e+00 8.586292e+03 1.680523e+04 1.85532 4.051541e-01
8.740000e-01 4.934450e+00 2.115511e+00 2.453015e+00 9.717096e+00 8.620334e+03 1.680035e+04 1.85711 4.070217e-01
8.730000e-01 4.934450e+00 2.117347e+00 2.455148e+00 9.724238e+00 8.648454e+03 1.678598e+04 1.85916 4.080922e-01
8.720000e-01 4.934450e+00 2.117479e+00 2.455079e+00 9.726222e+00 8.683319e+03 1.678218e+04 1.86031 4.099407e-01
8.710000e-01 4.934450e+00 2.117808e+00 2.455208e+00 9.728707e+00 8.716830e+03 1.677735e+04 1.86207 4.117824e-01
8.700000e-01 4.934450e+00 2.119663e+00 2.457364e+00 9.735910e+00 8.744345e+03 1.676293e+04 1.8642 4.128311e-01
8.690000e-01 4.934450e+00 2.119792e+00 2.457292e+00 9.737909e+00 8.778805e+03 1.675917e+04 1.86534 4.146612e-01
8.680000e-01 4.934450e+00 2.120122e+00 2.457423e+00 9.740415e+00 8.811949e+03 1.675435e+04 1.86709 4.164876e-01
8.670000e-01 4.934450e+00 2.121993e+00 2.459599e+00 9.747691e+00 8.838965e+03 1.673984e+04 1.86927 4.175158e-01
8.660000e-01 4.934450e+00 2.122115e+00 2.459522e+00 9.749702e+00 8.872994e+03 1.673612e+04 1.87039 4.193254e-01
8.650000e-01 4.934450e+00 2.122438e+00 2.459643e+00 9.752219e+00 8.905649e+03 1.673134e+04 1.87211 4.211288e-01
8.640000e-01 4.934450e+00 2.124329e+00 2.461842e+00 9.759560e+00 8.931998e+03 1.671677e+04 1.87437 4.221313e-01
8.630000e-01 4.934450e+00 2.124433e+00 2.461742e+00 9.761567e+00 8.965437e+03 1.671311e+04 1.87544 4.239113e-01
8.620000e-01 4.934450e+00 2.124742e+00 2.461845e+00 9.764085e+00 8.997474e+03 1.670838e+04 1.87712 4.256851e-01
8.610000e-01 4.934450e+00 2.126661e+00 2.464075e+00 9.771502e+00 9.023183e+03 1.669374e+04 1.87948 4.266665e-01
8.600000e-01 4.934450e+00 2.126761e+00 2.463969e+00 9.773529e+00 9.056326e+03 1.669010e+04 1.88054 4.284357e-01
8.590000e-01 4.934450e+00 2.127075e+00 2.464078e+00 9.776082e+00 9.088130e+03 1.668536e+04 1.88225 4.302037e-01
8.580000e-01 4.934450e+00 2.129012e+00 2.466329e+00 9.783598e+00 9.113529e+03 1.667057e+04 1.88465 4.311690e-01
8.570000e-01 4.934450e+00 2.129115e+00 2.466230e+00 9.785653e+00 9.146411e+03 1.666694e+04 1.88572 4.329283e-01
8.560000e-01 4.934450e+00 2.129427e+00 2.466336e+00 9.788227e+00 9.177906e+03 1.666221e+04 1.88742 4.346832e-01
8.550000e-01 4.934450e+00 2.131425e+00 2.468672e+00 9.795910e+00 9.202804e+03 1.664716e+04 1.8899 4.356176e-01
8.540000e-01 4.934450e+00 2.131492e+00 2.468526e+00 9.797918e+00 9.235300e+03 1.664366e+04 1.89091 4.373634e-01
8.530000e-01 4.934450e+00 2.131789e+00 2.468612e+00 9.800485e+00 9.266361e+03 1.663899e+04 1.89258 4.391000e-01
8.520000e-01 4.934450e+00 2.133802e+00 2.470965e+00 9.808229e+00 9.290754e+03 1.662388e+04 1.89513 4.400166e-01
8.510000e-01 4.934450e+00 2.133865e+00 2.470817e+00 9.810254e+00 9.322941e+03 1.662039e+04 1.89614 4.417494e-01
8.500000e-01 4.934450e+00 2.134158e+00 2.470900e+00 9.812841e+00 9.353682e+03 1.661573e+04 1.8978 4.434728e-01
8.490000e-01 4.934450e+00 2.136192e+00 2.473278e+00 9.820667e+00 9.377602e+03 1.660051e+04 1.9004 4.443690e-01
8.480000e-01 4.934450e+00 2.136245e+00 2.473119e+00 9.822700e+00 9.409396e+03 1.659706e+04 1.90138 4.460836e-01
8.470000e-01 4.934450e+00 2.136529e+00 2.473190e+00 9.825295e+00 9.439691e+03 1.659243e+04 1.90302 4.477864e-01
8.460000e-01 4.934450e+00 2.138584e+00 2.475593e+00 9.833190e+00 9.462966e+03 1.657713e+04 1.90569 4.486567e-01
8.450000e-01 4.934450e+00 2.138616e+00 2.475407e+00 9.835216e+00 9.494222e+03 1.657373e+04 1.90662 4.503450e-01
8.440000e-01 4.934450e+00 2.138891e+00 2.475466e+00 9.837820e+00 9.524022e+03 1.656912e+04 1.90824 4.520263e-01
8.430000e-01 4.934450e+00 2.140974e+00 2.477901e+00 9.845804e+00 9.546817e+03 1.655370e+04 1.911 4.528798e-01
8.420000e-01 4.934450e+00 2.141005e+00 2.477714e+00 9.847856e+00 9.577874e+03 1.655031e+04 1.91193 4.545628e-01
8.410000e-01 4.934450e+00 2.141280e+00 2.477772e+00 9.850490e+00 9.607475e+03 1.654569e+04 1.91356 4.562390e-01
8.400000e-01 4.934450e+00 2.143384e+00 2.480234e+00 9.858583e+00 9.629956e+03 1.653010e+04 1.91636 4.570755e-01
8.390000e-01 4.934450e+00 2.143414e+00 2.480048e+00 9.860658e+00 9.660781e+03 1.652671e+04 1.91729 4.587500e-01
8.380000e-01 4.934450e+00 2.143683e+00 2.480100e+00 9.863311e+00 9.690085e+03 1.652210e+04 1.91891 4.604137e-01
8.370000e-01 4.934450e+00 2.145809e+00 2.482589e+00 9.871490e+00 9.712105e+03 1.650639e+04 1.92175 4.612290e-01
8.360000e-01 4.934450e+00 2.145827e+00 2.482391e+00 9.873572e+00 9.742555e+03 1.650302e+04 1.92267 4.628864e-01
8.350000e-01 4.934450e+00 2.146093e+00 2.482440e+00 9.876241e+00 9.771508e+03 1.649842e+04 1.92427 4.645353e-01
8.340000e-01 4.934450e+00 2.148241e+00 2.484955e+00 9.884508e+00 9.793115e+03 1.648259e+04 1.92718 4.653337e-01
8.330000e-01 4.934450e+00 2.148255e+00 2.484755e+00 9.886608e+00 9.823313e+03 1.647923e+04 1.92808 4.669812e-01
8.320000e-01 4.934450e+00 2.148512e+00 2.484792e+00 9.889292e+00 9.851955e+03 1.647463e+04 1.92967 4.686172e-01
8.310000e-01 4.934450e+00 2.150684e+00 2.487338e+00 9.897647e+00 9.873081e+03 1.645868e+04 1.93264 4.693941e-01
8.300000e-01 4.934450e+00 2.150684e+00 2.487122e+00 9.899752e+00 9.902902e+03 1.645534e+04 1.93351 4.710245e-01
8.290000e-01 4.934450e+00 2.152300e+00 2.488910e+00 9.906432e+00 9.925630e+03 1.644275e+04 1.93627 4.720689e-01
8.280000e-01 4.934450e+00 2.152290e+00 2.488682e+00 9.908542e+00 9.955091e+03 1.643942e+04 1.93712 4.736818e-01
8.270000e-01 4.934450e+00 2.153924e+00 2.490490e+00 9.915274e+00 9.977464e+03 1.642676e+04 1.93992 4.747118e-01
8.260000e-01 4.934450e+00 2.153910e+00 2.490256e+00 9.917398e+00 1.000678e+04 1.642344e+04 1.94076 4.763209e-01
8.250000e-01 4.934450e+00 2.155555e+00 2.492079e+00 9.924192e+00 1.002900e+04 1.641068e+04 1.94359 4.773436e-01
8.240000e-01 4.934450e+00 2.155539e+00 2.491844e+00 9.926334e+00 1.005820e+04 1.640736e+04 1.94444 4.789501e-01
8.230000e-01 4.934450e+00 2.157238e+00 2.493740e+00 9.933275e+00 1.008019e+04 1.639436e+04 1.94733 4.799527e-01
8.220000e-01 4.934450e+00 2.157192e+00 2.493466e+00 9.935375e+00 1.010928e+04 1.639113e+04 1.94814 4.815608e-01
8.210000e-01 4.934450e+00 2.158884e+00 2.495351e+00 9.942334e+00 1.013103e+04 1.637812e+04 1.95104 4.825559e-01
8.200000e-01 4.934450e+00 2.158831e+00 2.495070e+00 9.944440e+00 1.015990e+04 1.637490e+04 1.95184 4.841543e-01
8.190000e-01 4.934450e+00 2.160533e+00 2.496966e+00 9.951441e+00 1.018136e+04 1.636183e+04 1.95476 4.851370e-01
8.180000e-01 4.934450e+00 2.160473e+00 2.496677e+00 9.953555e+00 1.021006e+04 1.635862e+04 1.95555 4.867287e-01
8.170000e-01 4.934450e+00 2.162186e+00 2.498588e+00 9.960611e+00 1.023131e+04 1.634547e+04 1.9585 4.877024e-01
8.160000e-01 4.934450e+00 2.162120e+00 2.498293e+00 9.962734e+00 1.025985e+04 1.634226e+04 1.95928 4.892883e-01
8.150000e-01 4.934450e+00 2.163844e+00 2.500217e+00 9.969840e+00 1.028082e+04 1.632904e+04 1.96225 4.902492e-01
8.140000e-01 4.934450e+00 2.163768e+00 2.499912e+00 9.971967e+00 1.030914e+04 1.632584e+04 1.96301 4.918257e-01
8.130000e-01 4.934450e+00 2.165502e+00 2.501847e+00 9.979114e+00 1.032979e+04 1.631257e+04 1.96601 4.927728e-01
8.120000e-01 4.934450e+00 2.165410e+00 2.501521e+00 9.981235e+00 1.035782e+04 1.630940e+04 1.96674 4.943358e-01
8.110000e-01 4.934450e+00 2.167155e+00 2.503469e+00 9.988419e+00 1.037808e+04 1.629608e+04 1.96976 4.952662e-01
8.100000e-01 4.934450e+00 2.167051e+00 2.503128e+00 9.990542e+00 1.040589e+04 1.629292e+04 1.97048 4.968213e-01
8.090000e-01 4.934450e+00 2.168810e+00 2.505092e+00 9.997790e+00 1.042596e+04 1.627950e+04 1.97354 4.977436e-01
8.080000e-01 4.934450e+00 2.168703e+00 2.504750e+00 9.999931e+00 1.045368e+04 1.627634e+04 1.97425 4.992973e-01
8.070000e-01 4.934450e+00 2.170473e+00 2.506726e+00 1.000724e+01 1.047358e+04 1.626282e+04 1.97733 5.002111e-01
8.060000e-01 4.934450e+00 2.170362e+00 2.506381e+00 1.000940e+01 1.050119e+04 1.625964e+04 1.97805 5.017618e-01
8.050000e-01 4.934450e+00 2.172142e+00 2.508371e+00 1.001677e+01 1.052087e+04 1.624603e+04 1.98114 5.026651e-01
8.040000e-01 4.934450e+00 2.172024e+00 2.508017e+00 1.001894e+01 1.054831e+04 1.624286e+04 1.98185 5.042091e-01
8.030000e-01 4.934450e+00 2.173815e+00 2.510020e+00 1.002636e+01 1.056772e+04 1.622917e+04 1.98497 5.050995e-01
8.020000e-01 4.934450e+00 2.173687e+00 2.509656e+00 1.002853e+01 1.059496e+04 1.622601e+04 1.98565 5.066364e-01
8.010000e-01 4.934450e+00 2.175489e+00 2.511673e+00 1.003600e+01 1.061416e+04 1.621223e+04 1.9888 5.075173e-01
8.000000e-01 4.934450e+00 2.176348e+00 2.512533e+00 1.004090e+01 1.063726e+04 1.620366e+04 1.99074 5.087143e-01
7.990000e-01 4.934450e+00 2.176195e+00 2.512136e+00 1.004305e+01 1.066429e+04 1.620054e+04 1.9914 5.102484e-01
7.980000e-01 4.934450e+00 2.178009e+00 2.514165e+00 1.005060e+01 1.068310e+04 1.618667e+04 1.99458 5.111130e-01
7.970000e-01 4.934450e+00 2.178868e+00 2.515027e+00 1.005553e+01 1.070584e+04 1.617803e+04 1.99652 5.122942e-01
7.960000e-01 4.934450e+00 2.179707e+00 2.515857e+00 1.006043e+01 1.072841e+04 1.616947e+04 1.99845 5.134747e-01
7.950000e-01 4.934450e+00 2.180544e+00 2.516684e+00 1.006534e+01 1.075081e+04 1.616090e+04 2.00038 5.146481e-01
7.940000e-01 4.934450e+00 2.181381e+00 2.517510e+00 1.007026e+01 1.077310e+04 1.615231e+04 2.00231 5.158164e-01
7.930000e-01 4.934450e+00 2.182218e+00 2.518337e+00 1.007520e+01 1.079531e+04 1.614368e+04 2.00424 5.169824e-01
7.920000e-01 4.934450e+00 2.183058e+00 2.519167e+00 1.008016e+01 1.081747e+04 1.613503e+04 2.00618 5.181460e-01
7.910000e-01 4.934450e+00 2.183899e+00 2.519999e+00 1.008515e+01 1.083955e+04 1.612634e+04 2.00812 5.193071e-01
7.900000e-01 4.934450e+00 2.184741e+00 2.520834e+00 1.009016e+01 1.086157e+04 1.611762e+04 2.01007 5.204650e-01
7.890000e-01 4.934450e+00 2.185586e+00 2.521671e+00 1.009518e+01 1.088350e+04 1.610888e+04 2.01203 5.216196e-01
7.880000e-01 4.934450e+00 2.186430e+00 2.522510e+00 1.010022e+01 1.090533e+04 1.610011e+04 2.01398 5.227697e-01
7.870000e-01 4.934450e+00 2.187275e+00 2.523348e+00 1.010528e+01 1.092704e+04 1.609132e+04 2.01594 5.239146e-01
7.860000e-01 4.934450e+00 2.188119e+00 2.524187e+00 1.011035e+01 1.094865e+04 1.608252e+04 2.0179 5.250551e-01
7.850000e-01 4.934450e+00 2.188965e+00 2.525027e+00 1.011544e+01 1.097019e+04 1.607368e+04 2.01986 5.261928e-01
7.840000e-01 4.934450e+00 2.189812e+00 2.525870e+00 1.012055e+01 1.099164e+04 1.606481e+04 2.02183 5.273271e-01
7.830000e-01 4.934450e+00 2.190660e+00 2.526714e+00 1.012568e+01 1.101299e+04 1.605592e+04 2.0238 5.284568e-01
7.820000e-01 4.934450e+00 2.191507e+00 2.527558e+00 1.013082e+01 1.103423e+04 1.604701e+04 2.02577 5.295816e-01
7.810000e-01 4.934450e+00 2.192354e+00 2.528402e+00 1.013597e+01 1.105535e+04 1.603807e+04 2.02774 5.307013e-01
7.800000e-01 4.934450e+00 2.193200e+00 2.529244e+00 1.014114e+01 1.107632e+04 1.602913e+04 2.02971 5.318144e-01
7.790000e-01 4.934450e+00 2.194043e+00 2.530083e+00 1.014631e+01 1.109713e+04 1.602017e+04 2.03168 5.329204e-01
7.780000e-01 4.934450e+00 2.194886e+00 2.530921e+00 1.015150e+01 1.111781e+04 1.601120e+04 2.03365 5.340211e-01
7.770000e-01 4.934450e+00 2.195729e+00 2.531759e+00 1.015671e+01 1.113843e+04 1.600220e+04 2.03562 5.351191e-01
7.760000e-01 4.934450e+00 2.196574e+00 2.532599e+00 1.016194e+01 1.115898e+04 1.599315e+04 2.0376 5.362148e-01
7.750000e-01 4.934450e+00 2.197420e+00 2.533441e+00 1.016719e+01 1.117946e+04 1.598407e+04 2.03958 5.373079e-01
7.740000e-01 4.934450e+00 2.198268e+00 2.534287e+00 1.017247e+01 1.119987e+04 1.597496e+04 2.04157 5.383982e-01
7.730000e-01 4.934450e+00 2.199116e+00 2.535134e+00 1.017777e+01 1.122021e+04 1.596581e+04 2.04356 5.394850e-01
7.720000e-01 4.934450e+00 2.199965e+00 2.535982e+00 1.018309e+01 1.124044e+04 1.595664e+04 2.04555 5.405675e-01
7.710000e-01 4.934450e+00 2.200814e+00 2.536830e+00 1.018842e+01 1.126056e+04 1.594744e+04 2.04755 5.416452e-01
7.700000e-01 4.934450e+00 2.201663e+00 2.537679e+00 1.019377e+01 1.128059e+04 1.593822e+04 2.04954 5.427187e-01
7.690000e-01 4.934450e+00 2.202512e+00 2.538529e+00 1.019914e+01 1.130054e+04 1.592896e+04 2.05154 5.437895e-01
7.680000e-01 4.934450e+00 2.203362e+00 2.539380e+00 1.020453e+01 1.132041e+04 1.591967e+04 2.05355 5.448567e-01
7.670000e-01 4.934450e+00 2.204213e+00 2.540233e+00 1.020994e+01 1.134018e+04 1.591036e+04 2.05555 5.459196e-01
7.660000e-01 4.934450e+00 2.205104e+00 2.541144e+00 1.021546e+01 1.135979e+04 1.590088e+04 2.0576 5.469660e-01
7.650000e-01 4.934450e+00 2.205955e+00 2.541998e+00 1.022090e+01 1.137933e+04 1.589151e+04 2.05961 5.480187e-01
7.640000e-01 4.934450e+00 2.206803e+00 2.542849e+00 1.022635e+01 1.139873e+04 1.588214e+04 2.06161 5.490653e-01
7.630000e-01 4.934450e+00 2.207649e+00 2.543696e+00 1.023181e+01 1.141798e+04 1.587275e+04 2.06362 5.501050e-01
7.620000e-01 4.934450e+00 2.208494e+00 2.544542e+00 1.023729e+01 1.143711e+04 1.586334e+04 2.06562 5.511401e-01
7.610000e-01 4.934450e+00 2.209339e+00 2.545389e+00 1.024279e+01 1.145617e+04 1.585389e+04 2.06763 5.521725e-01
7.600000e-01 4.934450e+00 2.210186e+00 2.546237e+00 1.024832e+01 1.147516e+04 1.584440e+04 2.06964 5.532024e-01
7.590000e-01 4.934450e+00 2.211033e+00 2.547088e+00 1.025387e+01 1.149410e+04 1.583487e+04 2.07166 5.542298e-01
7.580000e-01 4.934450e+00 2.211882e+00 2.547941e+00 1.025945e+01 1.151295e+04 1.582530e+04 2.07368 5.552540e-01
7.570000e-01 4.934450e+00 2.212732e+00 2.548795e+00 1.026505e+01 1.153173e+04 1.581569e+04 2.0757 5.562749e-01
7.560000e-01 4.934450e+00 2.213581e+00 2.549650e+00 1.027066e+01 1.155040e+04 1.580606e+04 2.07773 5.572913e-01
7.550000e-01 4.934450e+00 2.214429e+00 2.550504e+00 1.027630e+01 1.156896e+04 1.579640e+04 2.07975 5.583027e-01
7.540000e-01 4.934450e+00 2.215278e+00 2.551359e+00 1.028195e+01 1.158745e+04 1.578671e+04 2.08178 5.593109e-01
7.530000e-01 4.934450e+00 2.216127e+00 2.552215e+00 1.028763e+01 1.160586e+04 1.577698e+04 2.08381 5.603161e-01
7.520000e-01 4.934450e+00 2.216976e+00 2.553072e+00 1.029333e+01 1.162417e+04 1.576721e+04 2.08584 5.613172e-01
7.510000e-01 4.934450e+00 2.217825e+00 2.553930e+00 1.029905e+01 1.164240e+04 1.575741e+04 2.08787 5.623143e-01
7.500000e-01 4.934450e+00 2.218673e+00 2.554787e+00 1.030479e+01 1.166051e+04 1.574759e+04 2.08991 5.633063e-01
7.490000e-01 4.934450e+00 2.219520e+00 2.555642e+00 1.031054e+01 1.167850e+04 1.573774e+04 2.09194 5.642929e-01
7.480000e-01 4.934450e+00 2.220365e+00 2.556496e+00 1.031630e+01 1.169634e+04 1.572788e+04 2.09397 5.652731e-01
7.470000e-01 4.934450e+00 2.221207e+00 2.557345e+00 1.032208e+01 1.171404e+04 1.571799e+04 2.09599 5.662470e-01
7.460000e-01 4.934450e+00 2.222049e+00 2.558194e+00 1.032787e+01 1.173165e+04 1.570808e+04 2.09802 5.672174e-01
7.450000e-01 4.934450e+00 2.222890e+00 2.559043e+00 1.033369e+01 1.174920e+04 1.569811e+04 2.10005 5.681851e-01
7.440000e-01 4.934450e+00 2.223733e+00 2.559893e+00 1.033954e+01 1.176667e+04 1.568811e+04 2.10209 5.691500e-01
7.430000e-01 4.934450e+00 2.224577e+00 2.560747e+00 1.034542e+01 1.178409e+04 1.567806e+04 2.10413 5.701125e-01
7.420000e-01 4.934450e+00 2.225420e+00 2.561601e+00 1.035132e+01 1.180142e+04 1.566796e+04 2.10617 5.710713e-01
7.410000e-01 4.934450e+00 2.226263e+00 2.562454e+00 1.035724e+01 1.181866e+04 1.565783e+04 2.10821 5.720259e-01
7.400000e-01 4.934450e+00 2.227106e+00 2.563308e+00 1.036318e+01 1.183580e+04 1.564767e+04 2.11025 5.729761e-01
7.390000e-01 4.934450e+00 2.227948e+00 2.564161e+00 1.036914e+01 1.185284e+04 1.563747e+04 2.11229 5.739218e-01
7.380000e-01 4.934450e+00 2.228790e+00 2.565016e+00 1.037513e+01 1.186981e+04 1.562723e+04 2.11433 5.748650e-01
7.370000e-01 4.934450e+00 2.229631e+00 2.565869e+00 1.038114e+01 1.188670e+04 1.561694e+04 2.11637 5.758041e-01
7.360000e-01 4.934450e+00 2.230472e+00 2.566723e+00 1.038718e+01 1.190349e+04 1.560662e+04 2.11842 5.767390e-01
7.350000e-01 4.934450e+00 2.231351e+00 2.567635e+00 1.039332e+01 1.192013e+04 1.559612e+04 2.1205 5.776572e-01
7.340000e-01 4.934450e+00 2.232191e+00 2.568488e+00 1.039939e+01 1.193670e+04 1.558573e+04 2.12254 5.785819e-01
7.330000e-01 4.934450e+00 2.233027e+00 2.569337e+00 1.040547e+01 1.195314e+04 1.557532e+04 2.12458 5.795007e-01
7.320000e-01 4.934450e+00 2.233860e+00 2.570182e+00 1.041156e+01 1.196944e+04 1.556489e+04 2.12661 5.804131e-01
7.310000e-01 4.934450e+00 2.234691e+00 2.571025e+00 1.041767e+01 1.198563e+04 1.555443e+04 2.12864 5.813208e-01
7.300000e-01 4.934450e+00 2.235522e+00 2.571868e+00 1.042381e+01 1.200176e+04 1.554392e+04 2.13068 5.822260e-01
7.290000e-01 4.934450e+00 2.236353e+00 2.572712e+00 1.042998e+01 1.201781e+04 1.553335e+04 2.13271 5.831280e-01
7.280000e-01 4.934450e+00 2.237183e+00 2.573555e+00 1.043618e+01 1.203380e+04 1.552273e+04 2.13475 5.840269e-01
7.270000e-01 4.934450e+00 2.238014e+00 2.574400e+00 1.044241e+01 1.204971e+04 1.551207e+04 2.13678 5.849225e-01
7.260000e-01 4.934450e+00 2.238845e+00 2.575246e+00 1.044866e+01 1.206553e+04 1.550136e+04 2.13882 5.858142e-01
7.250000e-01 4.934450e+00 2.239674e+00 2.576090e+00 1.045493e+01 1.208125e+04 1.549061e+04 2.14086 5.867012e-01
7.240000e-01 4.934450e+00 2.240501e+00 2.576933e+00 1.046122e+01 1.209687e+04 1.547983e+04 2.14289 5.875834e-01
7.230000e-01 4.934450e+00 2.241328e+00 2.577775e+00 1.046754e+01 1.211241e+04 1.546899e+04 2.14492 5.884626e-01
7.220000e-01 4.934450e+00 2.242154e+00 2.578619e+00 1.047389e+01 1.212788e+04 1.545811e+04 2.14696 5.893383e-01
7.210000e-01 4.934450e+00 2.242980e+00 2.579462e+00 1.048025e+01 1.214325e+04 1.544718e+04 2.14899 5.902096e-01
7.200000e-01 4.934450e+00 2.243803e+00 2.580303e+00 1.048665e+01 1.215852e+04 1.543622e+04 2.15102 5.910760e-01
7.190000e-01 4.934450e+00 2.244625e+00 2.581142e+00 1.049305e+01 1.217368e+04 1.542522e+04 2.15305 5.919372e-01
7.180000e-01 4.934450e+00 2.245443e+00 2.581978e+00 1.049948e+01 1.218871e+04 1.541419e+04 2.15507 5.927923e-01
7.170000e-01 4.934450e+00 2.246259e+00 2.582810e+00 1.050592e+01 1.220360e+04 1.540314e+04 2.15709 5.936413e-01
7.160000e-01 4.934450e+00 2.247072e+00 2.583638e+00 1.051237e+01 1.221837e+04 1.539206e+04 2.15911 5.944851e-01
7.150000e-01 4.934450e+00 2.247884e+00 2.584466e+00 1.051886e+01 1.223308e+04 1.538092e+04 2.16112 5.953262e-01
7.140000e-01 4.934450e+00 2.248695e+00 2.585294e+00 1.052538e+01 1.224771e+04 1.536972e+04 2.16314 5.961639e-01
7.130000e-01 4.934450e+00 2.249506e+00 2.586122e+00 1.053192e+01 1.226227e+04 1.535847e+04 2.16516 5.969985e-01
7.120000e-01 4.934450e+00 2.250316e+00 2.586952e+00 1.053850e+01 1.227676e+04 1.534716e+04 2.16717 5.978297e-01
7.110000e-01 4.934450e+00 2.251125e+00 2.587780e+00 1.054511e+01 1.229115e+04 1.533581e+04 2.16919 5.986565e-01
7.100000e-01 4.934450e+00 2.251933e+00 2.588606e+00 1.055174e+01 1.230544e+04 1.532442e+04 2.1712 5.994784e-01
7.090000e-01 4.934450e+00 2.252738e+00 2.589431e+00 1.055839e+01 1.231963e+04 1.531298e+04 2.17321 6.002959e-01
7.080000e-01 4.934450e+00 2.253543e+00 2.590257e+00 1.056508e+01 1.233374e+04 1.530149e+04 2.17522 6.011105e-01
7.070000e-01 4.934450e+00 2.254384e+00 2.591137e+00 1.057188e+01 1.234772e+04 1.528981e+04 2.17727 6.019085e-01
7.060000e-01 4.934450e+00 2.255187e+00 2.591962e+00 1.057863e+01 1.236164e+04 1.527822e+04 2.17928 6.027139e-01
7.050000e-01 4.934450e+00 2.255987e+00 2.592785e+00 1.058539e+01 1.237547e+04 1.526659e+04 2.18128 6.035149e-01
7.040000e-01 4.934450e+00 2.256785e+00 2.593606e+00 1.059217e+01 1.238919e+04 1.525493e+04 2.18329 6.043107e-01
7.030000e-01 4.934450e+00 2.257579e+00 2.594423e+00 1.059898e+01 1.240276e+04 1.524325e+04 2.18528 6.051003e-01
7.020000e-01 4.934450e+00 2.258370e+00 2.595234e+00 1.060579e+01 1.241620e+04 1.523153e+04 2.18727 6.058837e-01
7.010000e-01 4.934450e+00 2.257773e+00 2.594440e+00 1.060824e+01 1.243655e+04 1.522853e+04 2.18753 6.072671e-01
7.000000e-01 4.934450e+00 2.257543e+00 2.593904e+00 1.061140e+01 1.245470e+04 1.522392e+04 2.18893 6.086669e-01
6.990000e-01 4.934450e+00 2.260734e+00 2.597666e+00 1.062642e+01 1.245601e+04 1.519610e+04 2.19325 6.082124e-01
6.980000e-01 4.934450e+00 2.260101e+00 2.596832e+00 1.062887e+01 1.247624e+04 1.519308e+04 2.19346 6.095988e-01
6.970000e-01 4.934450e+00 2.259840e+00 2.596261e+00 1.063204e+01 1.249425e+04 1.518843e+04 2.19482 6.109983e-01
6.960000e-01 4.934450e+00 2.263080e+00 2.600085e+00 1.064734e+01 1.249509e+04 1.516013e+04 2.1992 6.105075e-01
6.950000e-01 4.934450e+00 2.262409e+00 2.599209e+00 1.064979e+01 1.251515e+04 1.515710e+04 2.19934 6.118914e-01
6.940000e-01 4.934450e+00 2.262115e+00 2.598599e+00 1.065297e+01 1.253295e+04 1.515241e+04 2.20066 6.132867e-01
6.930000e-01 4.934450e+00 2.265408e+00 2.602488e+00 1.066851e+01 1.253333e+04 1.512369e+04 2.20512 6.127623e-01
6.920000e-01 4.934450e+00 2.264698e+00 2.601570e+00 1.067096e+01 1.255323e+04 1.512064e+04 2.2052 6.141457e-01
6.910000e-01 4.934450e+00 2.264372e+00 2.600925e+00 1.067415e+01 1.257085e+04 1.511591e+04 2.20647 6.155380e-01
6.900000e-01 4.934450e+00 2.267714e+00 2.604873e+00 1.068995e+01 1.257073e+04 1.508676e+04 2.21099 6.149761e-01
6.890000e-01 4.934450e+00 2.266956e+00 2.603901e+00 1.069238e+01 1.259042e+04 1.508371e+04 2.211 6.163542e-01
6.880000e-01 4.934450e+00 2.266587e+00 2.603204e+00 1.069556e+01 1.260777e+04 1.507897e+04 2.21219 6.177374e-01
6.870000e-01 4.934450e+00 2.269985e+00 2.607219e+00 1.071157e+01 1.260705e+04 1.504946e+04 2.2168 6.171371e-01
6.860000e-01 4.934450e+00 2.269178e+00 2.606190e+00 1.071398e+01 1.262651e+04 1.504641e+04 2.21673 6.185102e-01
6.850000e-01 4.934450e+00 2.268781e+00 2.605461e+00 1.071717e+01 1.264366e+04 1.504163e+04 2.21789 6.198903e-01
6.840000e-01 4.934450e+00 2.272261e+00 2.609584e+00 1.073354e+01 1.264246e+04 1.501151e+04 2.22259 6.192439e-01
6.830000e-01 4.934450e+00 2.271400e+00 2.608491e+00 1.073592e+01 1.266182e+04 1.500849e+04 2.22245 6.206246e-01
6.820000e-01 4.934450e+00 2.270961e+00 2.607711e+00 1.073910e+01 1.267883e+04 1.500369e+04 2.22356 6.220065e-01
6.810000e-01 4.934450e+00 2.274482e+00 2.611882e+00 1.075573e+01 1.267716e+04 1.497311e+04 2.2283 6.213235e-01
6.800000e-01 4.934450e+00 2.273572e+00 2.610734e+00 1.075809e+01 1.269634e+04 1.497007e+04 2.22809 6.227024e-01
6.790000e-01 4.934450e+00 2.273098e+00 2.609914e+00 1.076129e+01 1.271316e+04 1.496522e+04 2.22914 6.240813e-01
6.780000e-01 4.934450e+00 2.276673e+00 2.614153e+00 1.077820e+01 1.271100e+04 1.493415e+04 2.23395 6.233597e-01
6.770000e-01 4.934450e+00 2.275720e+00 2.612958e+00 1.078057e+01 1.273003e+04 1.493110e+04 2.23367 6.247386e-01
6.760000e-01 4.934450e+00 2.275205e+00 2.612091e+00 1.078376e+01 1.274665e+04 1.492621e+04 2.23466 6.261140e-01
6.750000e-01 4.934450e+00 2.278835e+00 2.616397e+00 1.080095e+01 1.274394e+04 1.489469e+04 2.23954 6.253509e-01
6.740000e-01 4.934450e+00 2.277825e+00 2.615138e+00 1.080328e+01 1.276273e+04 1.489164e+04 2.23917 6.267241e-01
6.730000e-01 4.934450e+00 2.277266e+00 2.614217e+00 1.080647e+01 1.277906e+04 1.488674e+04 2.24008 6.280900e-01
6.720000e-01 4.934450e+00 2.280956e+00 2.618598e+00 1.082390e+01 1.277578e+04 1.485486e+04 2.24505 6.272884e-01
6.710000e-01 4.934450e+00 2.279897e+00 2.617281e+00 1.082623e+01 1.279439e+04 1.485180e+04 2.24461 6.286611e-01
6.700000e-01 4.934450e+00 2.279307e+00 2.616326e+00 1.082943e+01 1.281056e+04 1.484684e+04 2.24548 6.300275e-01
6.690000e-01 4.934450e+00 2.283078e+00 2.620815e+00 1.084727e+01 1.280674e+04 1.481427e+04 2.25053 6.291729e-01
6.680000e-01 4.934450e+00 2.281958e+00 2.619427e+00 1.084956e+01 1.282525e+04 1.481124e+04 2.25001 6.305529e-01
6.670000e-01 4.934450e+00 2.281317e+00 2.618411e+00 1.085275e+01 1.284126e+04 1.480626e+04 2.25081 6.319201e-01
6.660000e-01 4.934450e+00 2.285135e+00 2.622954e+00 1.087088e+01 1.283692e+04 1.477319e+04 2.25591 6.310237e-01
6.650000e-01 4.934450e+00 2.283959e+00 2.621504e+00 1.087314e+01 1.285526e+04 1.477014e+04 2.25529 6.324037e-01
6.640000e-01 4.934450e+00 2.283278e+00 2.620443e+00 1.087635e+01 1.287110e+04 1.476510e+04 2.25604 6.337694e-01
6.630000e-01 4.934450e+00 2.287153e+00 2.625057e+00 1.089480e+01 1.286623e+04 1.473148e+04 2.26119 6.328280e-01
6.620000e-01 4.934450e+00 2.285921e+00 2.623544e+00 1.089705e+01 1.288441e+04 1.472841e+04 2.26049 6.342070e-01
6.610000e-01 4.934450e+00 2.288467e+00 2.626423e+00 1.091089e+01 1.288525e+04 1.470338e+04 2.26465 6.340040e-01
6.600000e-01 4.934450e+00 2.287196e+00 2.624865e+00 1.091312e+01 1.290325e+04 1.470030e+04 2.26387 6.353774e-01
6.590000e-01 4.934450e+00 2.289797e+00 2.627821e+00 1.092716e+01 1.290369e+04 1.467495e+04 2.26809 6.351380e-01
6.580000e-01 4.934450e+00 2.288469e+00 2.626190e+00 1.092933e+01 1.292158e+04 1.467193e+04 2.26723 6.365159e-01
6.570000e-01 4.934450e+00 2.291076e+00 2.629151e+00 1.094350e+01 1.292178e+04 1.464638e+04 2.27147 6.362631e-01
6.560000e-01 4.934450e+00 2.289716e+00 2.627487e+00 1.094567e+01 1.293959e+04 1.464334e+04 2.27056 6.376435e-01
6.550000e-01 4.934450e+00 2.292338e+00 2.630466e+00 1.096000e+01 1.293951e+04 1.461748e+04 2.2748 6.373693e-01
6.540000e-01 4.934450e+00 2.290941e+00 2.628761e+00 1.096217e+01 1.295723e+04 1.461442e+04 2.27384 6.387515e-01
6.530000e-01 4.934450e+00 2.293583e+00 2.631766e+00 1.097667e+01 1.295684e+04 1.458831e+04 2.2781 6.384543e-01
6.520000e-01 4.934450e+00 2.292143e+00 2.630012e+00 1.097883e+01 1.297444e+04 1.458524e+04 2.27707 6.398368e-01
6.510000e-01 4.934450e+00 2.294807e+00 2.633047e+00 1.099350e+01 1.297376e+04 1.455884e+04 2.28135 6.395174e-01
6.500000e-01 4.934450e+00 2.293333e+00 2.631256e+00 1.099565e+01 1.299127e+04 1.455576e+04 2.28027 6.409015e-01
6.490000e-01 4.934450e+00 2.296012e+00 2.634309e+00 1.101048e+01 1.299028e+04 1.452908e+04 2.28455 6.405585e-01
6.480000e-01 4.934450e+00 2.294496e+00 2.632471e+00 1.101262e+01 1.300767e+04 1.452599e+04 2.28341 6.419417e-01
6.470000e-01 4.934450e+00 2.297194e+00 2.635549e+00 1.102760e+01 1.300636e+04 1.449908e+04 2.2877 6.415747e-01
6.460000e-01 4.934450e+00 2.295627e+00 2.633648e+00 1.102971e+01 1.302358e+04 1.449599e+04 2.28647 6.429547e-01
6.450000e-01 4.934450e+00 2.298349e+00 2.636756e+00 1.104482e+01 1.302190e+04 1.446888e+04 2.29079 6.425625e-01
6.440000e-01 4.934450e+00 2.296737e+00 2.634805e+00 1.104690e+01 1.303900e+04 1.446578e+04 2.28949 6.439427e-01
6.430000e-01 4.934450e+00 2.299509e+00 2.637982e+00 1.106229e+01 1.303698e+04 1.443823e+04 2.29385 6.435155e-01
6.420000e-01 4.934450e+00 2.297845e+00 2.635968e+00 1.106433e+01 1.305403e+04 1.443516e+04 2.29247 6.449034e-01
6.410000e-01 4.934450e+00 2.300617e+00 2.639142e+00 1.107987e+01 1.305175e+04 1.440734e+04 2.29682 6.444577e-01
6.400000e-01 4.934450e+00 2.298908e+00 2.637077e+00 1.108190e+01 1.306870e+04 1.440425e+04 2.29537 6.458475e-01
6.390000e-01 4.934450e+00 2.301699e+00 2.640277e+00 1.109761e+01 1.306609e+04 1.437613e+04 2.29973 6.453753e-01
6.380000e-01 4.934450e+00 2.299942e+00 2.638155e+00 1.109962e+01 1.308294e+04 1.437303e+04 2.2982 6.467661e-01
6.370000e-01 4.934450e+00 2.302757e+00 2.641387e+00 1.111553e+01 1.308002e+04 1.434460e+04 2.30257 6.462685e-01
6.360000e-01 4.934450e+00 2.300959e+00 2.639222e+00 1.111753e+01 1.309677e+04 1.434147e+04 2.30099 6.476610e-01
6.350000e-01 4.934450e+00 2.303790e+00 2.642473e+00 1.113363e+01 1.309352e+04 1.431274e+04 2.30536 6.471372e-01
6.340000e-01 4.934450e+00 2.301944e+00 2.640253e+00 1.113561e+01 1.311015e+04 1.430961e+04 2.30369 6.485287e-01
6.330000e-01 4.934450e+00 2.304794e+00 2.643529e+00 1.115186e+01 1.310655e+04 1.428063e+04 2.30807 6.479781e-01
6.320000e-01 4.934450e+00 2.302893e+00 2.641241e+00 1.115380e+01 1.312300e+04 1.427750e+04 2.3063 6.493660e-01
6.310000e-01 4.934450e+00 2.305795e+00 2.644591e+00 1.117029e+01 1.311900e+04 1.424817e+04 2.31073 6.487774e-01
6.300000e-01 4.934450e+00 2.303833e+00 2.642228e+00 1.117218e+01 1.313539e+04 1.424507e+04 2.30888 6.501731e-01
6.290000e-01 4.934450e+00 2.306738e+00 2.645578e+00 1.118884e+01 1.313110e+04 1.421544e+04 2.31329 6.495633e-01
6.280000e-01 4.934450e+00 2.304730e+00 2.643165e+00 1.119072e+01 1.314742e+04 1.421231e+04 2.31136 6.509617e-01
6.270000e-01 4.934450e+00 2.307650e+00 2.646534e+00 1.120759e+01 1.314281e+04 1.418231e+04 2.31576 6.503227e-01
6.260000e-01 4.934450e+00 2.305591e+00 2.644063e+00 1.120945e+01 1.315902e+04 1.417916e+04 2.31375 6.517222e-01
6.250000e-01 4.934450e+00 2.308533e+00 2.647461e+00 1.122653e+01 1.315407e+04 1.414885e+04 2.31815 6.510547e-01
6.240000e-01 4.934450e+00 2.308978e+00 2.647933e+00 1.123612e+01 1.315949e+04 1.413190e+04 2.31934 6.514042e-01
6.230000e-01 4.934450e+00 2.309404e+00 2.648383e+00 1.124573e+01 1.316485e+04 1.411494e+04 2.32049 6.517541e-01
6.220000e-01 4.934450e+00 2.309821e+00 2.648823e+00 1.125538e+01 1.317008e+04 1.409790e+04 2.32163 6.520973e-01
6.210000e-01 4.934450e+00 2.310231e+00 2.649256e+00 1.126506e+01 1.317521e+04 1.408080e+04 2.32275 6.524337e-01
6.200000e-01 4.934450e+00 2.310632e+00 2.649681e+00 1.127479e+01 1.318021e+04 1.406363e+04 2.32384 6.527625e-01
6.190000e-01 4.934450e+00 2.311024e+00 2.650092e+00 1.128454e+01 1.318507e+04 1.404641e+04 2.32492 6.530829e-01
6.180000e-01 4.934450e+00 2.311406e+00 2.650493e+00 1.129433e+01 1.318981e+04 1.402913e+04 2.32597 6.533957e-01
6.170000e-01 4.934450e+00 2.311780e+00 2.650885e+00 1.130418e+01 1.319444e+04 1.401173e+04 2.32699 6.537022e-01
6.160000e-01 4.934450e+00 2.312146e+00 2.651269e+00 1.131409e+01 1.319896e+04 1.399423e+04 2.328 6.540017e-01
6.150000e-01 4.934450e+00 2.312504e+00 2.651647e+00 1.132405e+01 1.320339e+04 1.397663e+04 2.32898 6.542948e-01
6.140000e-01 4.934450e+00 2.312854e+00 2.652015e+00 1.133408e+01 1.320769e+04 1.395892e+04 2.32994 6.545808e-01
6.130000e-01 4.934450e+00 2.313197e+00 2.652377e+00 1.134416e+01 1.321189e+04 1.394113e+04 2.33089 6.548596e-01
6.120000e-01 4.934450e+00 2.313559e+00 2.652772e+00 1.135437e+01 1.321590e+04 1.392313e+04 2.33183 6.551188e-01
6.110000e-01 4.934450e+00 2.313884e+00 2.653115e+00 1.136456e+01 1.321986e+04 1.390514e+04 2.33273 6.553822e-01
6.100000e-01 4.934450e+00 2.314199e+00 2.653449e+00 1.137480e+01 1.322372e+04 1.388705e+04 2.33359 6.556382e-01
6.090000e-01 4.934450e+00 2.314503e+00 2.653770e+00 1.138510e+01 1.322745e+04 1.386886e+04 2.33443 6.558856e-01
6.080000e-01 4.934450e+00 2.314798e+00 2.654081e+00 1.139544e+01 1.323107e+04 1.385059e+04 2.33523 6.561250e-01
6.070000e-01 4.934450e+00 2.315083e+00 2.654382e+00 1.140582e+01 1.323457e+04 1.383224e+04 2.33602 6.563560e-01
6.060000e-01 4.934450e+00 2.315358e+00 2.654670e+00 1.141623e+01 1.323791e+04 1.381384e+04 2.33677 6.565784e-01
6.050000e-01 4.934450e+00 2.315624e+00 2.654948e+00 1.142669e+01 1.324114e+04 1.379538e+04 2.3375 6.567934e-01
6.040000e-01 4.934450e+00 2.315880e+00 2.655217e+00 1.143721e+01 1.324426e+04 1.377681e+04 2.33821 6.570019e-01
6.030000e-01 4.934450e+00 2.316128e+00 2.655477e+00 1.144780e+01 1.324725e+04 1.375814e+04 2.3389 6.572032e-01
6.020000e-01 4.934450e+00 2.316367e+00 2.655728e+00 1.145845e+01 1.325015e+04 1.373935e+04 2.33956 6.573972e-01
6.010000e-01 4.934450e+00 2.316596e+00 2.655969e+00 1.146918e+01 1.325292e+04 1.372045e+04 2.3402 6.575833e-01
6.000000e-01 4.934450e+00 2.316817e+00 2.656202e+00 1.147996e+01 1.325557e+04 1.370146e+04 2.34081 6.577616e-01
5.990000e-01 4.934450e+00 2.317028e+00 2.656425e+00 1.149080e+01 1.325810e+04 1.368237e+04 2.3414 6.579322e-01
5.980000e-01 4.934450e+00 2.317257e+00 2.656678e+00 1.150179e+01 1.326044e+04 1.366306e+04 2.34198 6.580833e-01
5.970000e-01 4.934450e+00 2.317450e+00 2.656885e+00 1.151276e+01 1.326275e+04 1.364377e+04 2.34252 6.582383e-01
5.960000e-01 4.934450e+00 2.317633e+00 2.657079e+00 1.152379e+01 1.326492e+04 1.362438e+04 2.34303 6.583855e-01
5.950000e-01 4.934450e+00 2.317804e+00 2.657262e+00 1.153488e+01 1.326697e+04 1.360491e+04 2.34351 6.585241e-01
5.940000e-01 4.934450e+00 2.317965e+00 2.657432e+00 1.154601e+01 1.326890e+04 1.358536e+04 2.34395 6.586535e-01
5.930000e-01 4.934450e+00 2.318113e+00 2.657587e+00 1.155717e+01 1.327068e+04 1.356575e+04 2.34436 6.587734e-01
5.920000e-01 4.934450e+00 2.318250e+00 2.657729e+00 1.156838e+01 1.327234e+04 1.354607e+04 2.34474 6.588849e-01
5.910000e-01 4.934450e+00 2.318376e+00 2.657859e+00 1.157967e+01 1.327388e+04 1.352625e+04 2.3451 6.589886e-01
5.900000e-01 4.934450e+00 2.318492e+00 2.657979e+00 1.159103e+01 1.327530e+04 1.350632e+04 2.34542 6.590838e-01
5.890000e-01 4.934450e+00 2.318598e+00 2.658090e+00 1.160247e+01 1.327661e+04 1.348628e+04 2.34571 6.591713e-01
5.880000e-01 4.934450e+00 2.318695e+00 2.658191e+00 1.161399e+01 1.327779e+04 1.346612e+04 2.34598 6.592510e-01
5.870000e-01 4.934450e+00 2.318782e+00 2.658283e+00 1.162557e+01 1.327885e+04 1.344588e+04 2.34623 6.593229e-01
5.860000e-01 4.934450e+00 2.318859e+00 2.658364e+00 1.163722e+01 1.327978e+04 1.342554e+04 2.34645 6.593867e-01
5.850000e-01 4.934450e+00 2.318927e+00 2.658436e+00 1.164894e+01 1.328060e+04 1.340509e+04 2.34664 6.594428e-01
5.840000e-01 4.934450e+00 2.319011e+00 2.658538e+00 1.166082e+01 1.328123e+04 1.338442e+04 2.34683 6.594790e-01
5.830000e-01 4.934450e+00 2.319059e+00 2.658590e+00 1.167269e+01 1.328179e+04 1.336376e+04 2.34696 6.595181e-01
5.820000e-01 4.934450e+00 2.319095e+00 2.658630e+00 1.168461e+01 1.328223e+04 1.334303e+04 2.34707 6.595487e-01
5.810000e-01 4.934450e+00 2.319119e+00 2.658655e+00 1.169658e+01 1.328253e+04 1.332223e+04 2.34714 6.595697e-01
5.800000e-01 4.934450e+00 2.319131e+00 2.658665e+00 1.170859e+01 1.328270e+04 1.330137e+04 2.34717 6.595811e-01
5.790000e-01 4.934450e+00 2.319131e+00 2.658662e+00 1.172066e+01 1.328275e+04 1.328041e+04 2.34717 6.595840e-01
5.791603e-01 4.934450e+00 2.319249e+00 2.658933e+00 1.171917e+01 1.328274e+04 1.328329e+04 2.34711 6.594992e-01
