1.000000e+00 5.000000e+00 2.024188e+00 2.366752e+00 9.279206e+00 0.000000e+00 1.834411e+04 0 0.000000e+00
9.990000e-01 5.000000e+00 2.027080e+00 2.369576e+00 9.292087e+00 7.966264e+02 1.819798e+04 1.66541 3.673841e-02
9.980000e-01 5.000000e+00 2.027464e+00 2.369738e+00 9.293466e+00 1.111014e+03 1.815069e+04 1.77061 5.445314e-02
9.970000e-01 5.000000e+00 2.027524e+00 2.369552e+00 9.295054e+00 1.358464e+03 1.811482e+04 1.73942 6.540469e-02
9.960000e-01 5.000000e+00 2.028871e+00 2.371122e+00 9.300310e+00 1.566861e+03 1.808003e+04 1.67014 7.233737e-02
9.950000e-01 5.000000e+00 2.029003e+00 2.370977e+00 9.301726e+00 1.747788e+03 1.805402e+04 1.68777 8.153103e-02
9.940000e-01 5.000000e+00 2.029304e+00 2.371027e+00 9.303589e+00 1.911918e+03 1.803052e+04 1.70099 8.985960e-02
9.930000e-01 5.000000e+00 2.030633e+00 2.372524e+00 9.308768e+00 2.063267e+03 1.800344e+04 1.67381 9.529847e-02
9.920000e-01 5.000000e+00 2.030831e+00 2.372472e+00 9.310270e+00 2.207225e+03 1.798339e+04 1.68576 1.026556e-01
9.910000e-01 5.000000e+00 2.031203e+00 2.372637e+00 9.312197e+00 2.342517e+03 1.796436e+04 1.69597 1.095675e-01
9.900000e-01 5.000000e+00 2.032472e+00 2.374089e+00 9.317257e+00 2.470065e+03 1.794085e+04 1.67754 1.141351e-01
9.890000e-01 5.000000e+00 2.032730e+00 2.374139e+00 9.318811e+00 2.592611e+03 1.792419e+04 1.68655 1.204104e-01
9.880000e-01 5.000000e+00 2.033130e+00 2.374361e+00 9.320752e+00 2.709433e+03 1.790800e+04 1.69464 1.263898e-01
9.870000e-01 5.000000e+00 2.034360e+00 2.375780e+00 9.325727e+00 2.820547e+03 1.788692e+04 1.68132 1.303814e-01
9.860000e-01 5.000000e+00 2.034637e+00 2.375869e+00 9.327302e+00 2.928381e+03 1.787256e+04 1.6884 1.358992e-01
9.850000e-01 5.000000e+00 2.035030e+00 2.376089e+00 9.329235e+00 3.031703e+03 1.785842e+04 1.69493 1.411837e-01
9.840000e-01 5.000000e+00 2.036257e+00 2.377502e+00 9.334208e+00 3.130138e+03 1.783908e+04 1.68514 1.447507e-01
9.830000e-01 5.000000e+00 2.036531e+00 2.377588e+00 9.335795e+00 3.227519e+03 1.782635e+04 1.69098 1.497310e-01
9.820000e-01 5.000000e+00 2.036935e+00 2.377825e+00 9.337756e+00 3.321714e+03 1.781358e+04 1.69675 1.545656e-01
9.810000e-01 5.000000e+00 2.038169e+00 2.379248e+00 9.342761e+00 3.411748e+03 1.779534e+04 1.689 1.578389e-01
9.800000e-01 5.000000e+00 2.038448e+00 2.379344e+00 9.344365e+00 3.501279e+03 1.778382e+04 1.69401 1.624168e-01
9.790000e-01 5.000000e+00 2.038845e+00 2.379572e+00 9.346331e+00 3.588048e+03 1.777214e+04 1.69904 1.668712e-01
9.780000e-01 5.000000e+00 2.040089e+00 2.381004e+00 9.351373e+00 3.670824e+03 1.775479e+04 1.6929 1.698962e-01
9.770000e-01 5.000000e+00 2.040355e+00 2.381083e+00 9.352979e+00 3.753829e+03 1.774426e+04 1.69721 1.741350e-01
9.760000e-01 5.000000e+00 2.040734e+00 2.381284e+00 9.354942e+00 3.834195e+03 1.773350e+04 1.70161 1.782576e-01
9.750000e-01 5.000000e+00 2.041995e+00 2.382726e+00 9.360033e+00 3.910047e+03 1.771695e+04 1.6968 1.810467e-01
9.740000e-01 5.000000e+00 2.042225e+00 2.382749e+00 9.361624e+00 3.987329e+03 1.770729e+04 1.70048 1.849838e-01
9.730000e-01 5.000000e+00 2.042601e+00 2.382934e+00 9.363614e+00 4.062872e+03 1.769720e+04 1.70462 1.888780e-01
9.720000e-01 5.000000e+00 2.043897e+00 2.384411e+00 9.368808e+00 4.134799e+03 1.768101e+04 1.70073 1.915397e-01
9.710000e-01 5.000000e+00 2.044147e+00 2.384461e+00 9.370441e+00 4.208745e+03 1.767185e+04 1.70425 1.953205e-01
9.700000e-01 5.000000e+00 2.044537e+00 2.384667e+00 9.372460e+00 4.280947e+03 1.766227e+04 1.70812 1.990474e-01
9.690000e-01 5.000000e+00 2.045833e+00 2.386150e+00 9.377687e+00 4.349658e+03 1.764647e+04 1.70471 2.015821e-01
9.680000e-01 5.000000e+00 2.046103e+00 2.386229e+00 9.379350e+00 4.420386e+03 1.763780e+04 1.70803 2.052055e-01
9.670000e-01 5.000000e+00 2.046501e+00 2.386451e+00 9.381387e+00 4.489430e+03 1.762867e+04 1.71167 2.087731e-01
9.660000e-01 5.000000e+00 2.047794e+00 2.387934e+00 9.386627e+00 4.554904e+03 1.761326e+04 1.70872 2.111861e-01
9.650000e-01 5.000000e+00 2.048063e+00 2.388016e+00 9.388296e+00 4.622273e+03 1.760507e+04 1.71177 2.146351e-01
9.640000e-01 5.000000e+00 2.048459e+00 2.388236e+00 9.390338e+00 4.688098e+03 1.759638e+04 1.71517 2.180398e-01
9.630000e-01 5.000000e+00 2.049763e+00 2.389731e+00 9.395610e+00 4.750524e+03 1.758132e+04 1.71276 2.203521e-01
9.620000e-01 5.000000e+00 2.050037e+00 2.389822e+00 9.397298e+00 4.815307e+03 1.757351e+04 1.71563 2.236721e-01
9.610000e-01 5.000000e+00 2.050437e+00 2.390050e+00 9.399357e+00 4.878591e+03 1.756519e+04 1.71886 2.269491e-01
9.600000e-01 5.000000e+00 2.051746e+00 2.391552e+00 9.404658e+00 4.938290e+03 1.755043e+04 1.71682 2.291616e-01
9.590000e-01 5.000000e+00 2.052017e+00 2.391639e+00 9.406355e+00 5.000493e+03 1.754301e+04 1.71949 2.323481e-01
9.580000e-01 5.000000e+00 2.052413e+00 2.391862e+00 9.408423e+00 5.061297e+03 1.753504e+04 1.72255 2.355007e-01
9.570000e-01 5.000000e+00 2.053735e+00 2.393377e+00 9.413766e+00 5.118357e+03 1.752056e+04 1.72091 2.376224e-01
9.560000e-01 5.000000e+00 2.053989e+00 2.393441e+00 9.415459e+00 5.178001e+03 1.751350e+04 1.72336 2.406738e-01
9.550000e-01 5.000000e+00 2.054363e+00 2.393632e+00 9.417519e+00 5.236129e+03 1.750590e+04 1.72619 2.436863e-01
9.540000e-01 5.000000e+00 2.055712e+00 2.395171e+00 9.422927e+00 5.290504e+03 1.749162e+04 1.725 2.457253e-01
9.530000e-01 5.000000e+00 2.055959e+00 2.395220e+00 9.424636e+00 5.348350e+03 1.748482e+04 1.72734 2.486894e-01
9.520000e-01 5.000000e+00 2.056347e+00 2.395425e+00 9.426737e+00 5.405039e+03 1.747739e+04 1.73017 2.516412e-01
9.510000e-01 5.000000e+00 2.057753e+00 2.397040e+00 9.432303e+00 5.458051e+03 1.746300e+04 1.72919 2.536192e-01
9.500000e-01 5.000000e+00 2.057985e+00 2.397072e+00 9.433986e+00 5.514398e+03 1.745650e+04 1.73145 2.565137e-01
9.490000e-01 5.000000e+00 2.058371e+00 2.397274e+00 9.436087e+00 5.569518e+03 1.744931e+04 1.73417 2.593876e-01
9.480000e-01 5.000000e+00 2.059775e+00 2.398890e+00 9.441675e+00 5.620950e+03 1.743508e+04 1.73338 2.613068e-01
9.470000e-01 5.000000e+00 2.060014e+00 2.398935e+00 9.443376e+00 5.675747e+03 1.742880e+04 1.73555 2.641241e-01
9.460000e-01 5.000000e+00 2.060398e+00 2.399137e+00 9.445486e+00 5.729239e+03 1.742183e+04 1.73816 2.669145e-01
9.450000e-01 5.000000e+00 2.061810e+00 2.400762e+00 9.451103e+00 5.778897e+03 1.740777e+04 1.73759 2.687706e-01
9.440000e-01 5.000000e+00 2.062047e+00 2.400806e+00 9.452816e+00 5.832187e+03 1.740170e+04 1.73967 2.715121e-01
9.430000e-01 5.000000e+00 2.062437e+00 2.401015e+00 9.454947e+00 5.884329e+03 1.739490e+04 1.74224 2.742393e-01
9.420000e-01 5.000000e+00 2.063859e+00 2.402654e+00 9.460615e+00 5.932682e+03 1.738091e+04 1.74183 2.760480e-01
9.410000e-01 5.000000e+00 2.064100e+00 2.402703e+00 9.462345e+00 5.984651e+03 1.737500e+04 1.74385 2.787234e-01
9.400000e-01 5.000000e+00 2.064485e+00 2.402908e+00 9.464484e+00 6.035369e+03 1.736838e+04 1.74631 2.813769e-01
9.390000e-01 5.000000e+00 2.065920e+00 2.404562e+00 9.470194e+00 6.082135e+03 1.735449e+04 1.74611 2.831306e-01
9.380000e-01 5.000000e+00 2.066153e+00 2.404601e+00 9.471927e+00 6.132655e+03 1.734878e+04 1.74802 2.857307e-01
9.370000e-01 5.000000e+00 2.066526e+00 2.404791e+00 9.474066e+00 6.181829e+03 1.734235e+04 1.75037 2.883043e-01
9.360000e-01 5.000000e+00 2.067977e+00 2.406458e+00 9.479814e+00 6.226680e+03 1.732860e+04 1.75039 2.899924e-01
9.350000e-01 5.000000e+00 2.068187e+00 2.406467e+00 9.481538e+00 6.275653e+03 1.732311e+04 1.75217 2.925109e-01
9.340000e-01 5.000000e+00 2.068561e+00 2.406652e+00 9.483697e+00 6.323576e+03 1.731682e+04 1.75449 2.950292e-01
9.330000e-01 5.000000e+00 2.070036e+00 2.408346e+00 9.489527e+00 6.367473e+03 1.730306e+04 1.7547 2.966884e-01
9.320000e-01 5.000000e+00 2.070258e+00 2.408368e+00 9.491286e+00 6.415729e+03 1.729766e+04 1.75648 2.991772e-01
9.310000e-01 5.000000e+00 2.070637e+00 2.408560e+00 9.493471e+00 6.462818e+03 1.729147e+04 1.75877 3.016551e-01
9.300000e-01 5.000000e+00 2.072121e+00 2.410268e+00 9.499357e+00 6.505766e+03 1.727772e+04 1.75906 3.032740e-01
9.290000e-01 5.000000e+00 2.072350e+00 2.410303e+00 9.501136e+00 6.553072e+03 1.727244e+04 1.76081 3.057164e-01
9.280000e-01 5.000000e+00 2.072730e+00 2.410499e+00 9.503335e+00 6.599188e+03 1.726638e+04 1.76305 3.081459e-01
9.270000e-01 5.000000e+00 2.074222e+00 2.412217e+00 9.509258e+00 6.641012e+03 1.725270e+04 1.76345 3.097229e-01
9.260000e-01 5.000000e+00 2.074447e+00 2.412249e+00 9.511045e+00 6.687240e+03 1.724756e+04 1.76514 3.121101e-01
9.250000e-01 5.000000e+00 2.074828e+00 2.412446e+00 9.513259e+00 6.732354e+03 1.724162e+04 1.76734 3.144918e-01
9.240000e-01 5.000000e+00 2.076334e+00 2.414180e+00 9.519235e+00 6.773248e+03 1.722796e+04 1.76787 3.160378e-01
9.230000e-01 5.000000e+00 2.076564e+00 2.414220e+00 9.521045e+00 6.818724e+03 1.722291e+04 1.76954 3.183901e-01
9.220000e-01 5.000000e+00 2.076945e+00 2.414418e+00 9.523277e+00 6.863032e+03 1.721706e+04 1.7717 3.207323e-01
9.210000e-01 5.000000e+00 2.078463e+00 2.416167e+00 9.529306e+00 6.902929e+03 1.720342e+04 1.77232 3.222399e-01
9.200000e-01 5.000000e+00 2.078688e+00 2.416202e+00 9.531128e+00 6.947485e+03 1.719848e+04 1.77394 3.245455e-01
9.190000e-01 5.000000e+00 2.079064e+00 2.416392e+00 9.533367e+00 6.990812e+03 1.719274e+04 1.77605 3.268386e-01
9.180000e-01 5.000000e+00 2.080596e+00 2.418156e+00 9.539443e+00 7.029481e+03 1.717913e+04 1.7768 3.283027e-01
9.170000e-01 5.000000e+00 2.080801e+00 2.418165e+00 9.541255e+00 7.072869e+03 1.717433e+04 1.77832 3.305461e-01
9.160000e-01 5.000000e+00 2.081166e+00 2.418338e+00 9.543498e+00 7.115093e+03 1.716871e+04 1.78037 3.327857e-01
9.150000e-01 5.000000e+00 2.082725e+00 2.420130e+00 9.549644e+00 7.152776e+03 1.715508e+04 1.7813 3.342215e-01
9.140000e-01 5.000000e+00 2.082934e+00 2.420142e+00 9.551483e+00 7.195629e+03 1.715035e+04 1.78282 3.364431e-01
9.130000e-01 5.000000e+00 2.083306e+00 2.420324e+00 9.553758e+00 7.237343e+03 1.714476e+04 1.78487 3.386621e-01
9.120000e-01 5.000000e+00 2.084877e+00 2.422132e+00 9.559975e+00 7.274406e+03 1.713107e+04 1.78584 3.400693e-01
9.110000e-01 5.000000e+00 2.085092e+00 2.422154e+00 9.561836e+00 7.316609e+03 1.712640e+04 1.78735 3.422601e-01
9.100000e-01 5.000000e+00 2.085466e+00 2.422340e+00 9.564128e+00 7.357632e+03 1.712088e+04 1.78937 3.444451e-01
9.090000e-01 5.000000e+00 2.087046e+00 2.424161e+00 9.570389e+00 7.393884e+03 1.710720e+04 1.79042 3.458213e-01
9.080000e-01 5.000000e+00 2.087257e+00 2.424181e+00 9.572258e+00 7.435286e+03 1.710262e+04 1.79188 3.479711e-01
9.070000e-01 5.000000e+00 2.087627e+00 2.424363e+00 9.574557e+00 7.475495e+03 1.709719e+04 1.79387 3.501157e-01
9.060000e-01 5.000000e+00 2.089222e+00 2.426201e+00 9.580867e+00 7.510918e+03 1.708351e+04 1.79502 3.514646e-01
9.050000e-01 5.000000e+00 2.089434e+00 2.426225e+00 9.582755e+00 7.551730e+03 1.707901e+04 1.79647 3.535868e-01
9.040000e-01 5.000000e+00 2.089807e+00 2.426410e+00 9.585075e+00 7.591376e+03 1.707363e+04 1.79844 3.557061e-01
9.030000e-01 5.000000e+00 2.091414e+00 2.428264e+00 9.591445e+00 7.626101e+03 1.705992e+04 1.79967 3.570275e-01
9.020000e-01 5.000000e+00 2.091623e+00 2.428284e+00 9.593346e+00 7.666256e+03 1.705548e+04 1.80108 3.591170e-01
9.010000e-01 5.000000e+00 2.091990e+00 2.428463e+00 9.595678e+00 7.705194e+03 1.705018e+04 1.80301 3.612017e-01
9.000000e-01 5.000000e+00 2.093657e+00 2.430395e+00 9.602188e+00 7.738989e+03 1.703630e+04 1.80437 3.624823e-01
8.990000e-01 5.000000e+00 2.093822e+00 2.430357e+00 9.604030e+00 7.778330e+03 1.703206e+04 1.80569 3.645333e-01
8.980000e-01 5.000000e+00 2.094166e+00 2.430502e+00 9.606344e+00 7.816388e+03 1.702688e+04 1.80756 3.665755e-01
8.970000e-01 5.000000e+00 2.095854e+00 2.432453e+00 9.612909e+00 7.849283e+03 1.701299e+04 1.80905 3.678297e-01
8.960000e-01 5.000000e+00 2.096015e+00 2.432410e+00 9.614771e+00 7.888156e+03 1.700881e+04 1.81036 3.698611e-01
8.950000e-01 5.000000e+00 2.096368e+00 2.432564e+00 9.617120e+00 7.925850e+03 1.700364e+04 1.81225 3.718916e-01
8.940000e-01 5.000000e+00 2.098071e+00 2.434535e+00 9.623771e+00 7.958326e+03 1.698964e+04 1.81379 3.731256e-01
8.930000e-01 5.000000e+00 2.098238e+00 2.434500e+00 9.625660e+00 7.996765e+03 1.698549e+04 1.81509 3.751381e-01
8.920000e-01 5.000000e+00 2.098590e+00 2.434656e+00 9.628027e+00 8.033969e+03 1.698036e+04 1.81697 3.771455e-01
8.910000e-01 5.000000e+00 2.100306e+00 2.436644e+00 9.634739e+00 8.065827e+03 1.696632e+04 1.81856 3.783542e-01
8.900000e-01 5.000000e+00 2.100470e+00 2.436608e+00 9.636637e+00 8.103666e+03 1.696223e+04 1.81984 3.803366e-01
8.890000e-01 5.000000e+00 2.100817e+00 2.436758e+00 9.639011e+00 8.140218e+03 1.695717e+04 1.82167 3.823115e-01
8.880000e-01 5.000000e+00 2.102549e+00 2.438766e+00 9.645775e+00 8.171355e+03 1.694310e+04 1.82336 3.834954e-01
8.870000e-01 5.000000e+00 2.102711e+00 2.438729e+00 9.647688e+00 8.208696e+03 1.693906e+04 1.82461 3.854544e-01
8.860000e-01 5.000000e+00 2.103060e+00 2.438883e+00 9.650084e+00 8.244796e+03 1.693403e+04 1.82645 3.874100e-01
8.850000e-01 5.000000e+00 2.104807e+00 2.440908e+00 9.656914e+00 8.275368e+03 1.691991e+04 1.82819 3.885714e-01
8.840000e-01 5.000000e+00 2.104964e+00 2.440867e+00 9.658840e+00 8.312193e+03 1.691592e+04 1.82942 3.905054e-01
8.830000e-01 5.000000e+00 2.105307e+00 2.441014e+00 9.661248e+00 8.347727e+03 1.691094e+04 1.83123 3.924339e-01
8.820000e-01 5.000000e+00 2.107072e+00 2.443060e+00 9.668138e+00 8.377555e+03 1.689678e+04 1.83305 3.935677e-01
8.810000e-01 5.000000e+00 2.107213e+00 2.443000e+00 9.670062e+00 8.413706e+03 1.689287e+04 1.83423 3.954674e-01
8.800000e-01 5.000000e+00 2.107541e+00 2.443126e+00 9.672469e+00 8.448507e+03 1.688796e+04 1.83598 3.973596e-01
8.790000e-01 5.000000e+00 2.109333e+00 2.445200e+00 9.679428e+00 8.477549e+03 1.687375e+04 1.83792 3.984681e-01
8.780000e-01 5.000000e+00 2.109469e+00 2.445132e+00 9.681369e+00 8.513305e+03 1.686987e+04 1.83909 4.003516e-01
8.770000e-01 5.000000e+00 2.109804e+00 2.445266e+00 9.683811e+00 8.547810e+03 1.686497e+04 1.84087 4.022355e-01
8.760000e-01 5.000000e+00 2.111613e+00 2.447362e+00 9.690865e+00 8.576514e+03 1.685062e+04 1.84284 4.033274e-01
8.750000e-01 5.000000e+00 2.111753e+00 2.447302e+00 9.692834e+00 8.611949e+03 1.684677e+04 1.84402 4.051981e-01
8.740000e-01 5.000000e+00 2.112088e+00 2.447436e+00 9.695297e+00 8.646086e+03 1.684189e+04 1.84579 4.070656e-01
8.730000e-01 5.000000e+00 2.113912e+00 2.449552e+00 9.702422e+00 8.674280e+03 1.682746e+04 1.84781 4.081355e-01
8.720000e-01 5.000000e+00 2.114049e+00 2.449489e+00 9.704403e+00 8.709238e+03 1.682365e+04 1.84896 4.099828e-01
8.710000e-01 5.000000e+00 2.114376e+00 2.449615e+00 9.706874e+00 8.742843e+03 1.681881e+04 1.8507 4.118244e-01
8.700000e-01 5.000000e+00 2.116219e+00 2.451755e+00 9.714060e+00 8.770427e+03 1.680433e+04 1.8528 4.128725e-01
8.690000e-01 5.000000e+00 2.116352e+00 2.451689e+00 9.716056e+00 8.804977e+03 1.680056e+04 1.85394 4.147012e-01
8.680000e-01 5.000000e+00 2.116681e+00 2.451817e+00 9.718549e+00 8.838215e+03 1.679574e+04 1.85568 4.165276e-01
8.670000e-01 5.000000e+00 2.118540e+00 2.453976e+00 9.725808e+00 8.865299e+03 1.678118e+04 1.85783 4.175552e-01
8.660000e-01 5.000000e+00 2.118666e+00 2.453905e+00 9.727816e+00 8.899419e+03 1.677744e+04 1.85895 4.193635e-01
8.650000e-01 5.000000e+00 2.118988e+00 2.454024e+00 9.730320e+00 8.932167e+03 1.677266e+04 1.86066 4.211669e-01
8.640000e-01 5.000000e+00 2.120866e+00 2.456206e+00 9.737644e+00 8.958584e+03 1.675803e+04 1.86289 4.221689e-01
8.630000e-01 5.000000e+00 2.120975e+00 2.456112e+00 9.739648e+00 8.992115e+03 1.675436e+04 1.86395 4.239477e-01
8.620000e-01 5.000000e+00 2.121282e+00 2.456212e+00 9.742153e+00 9.024242e+03 1.674962e+04 1.86562 4.257214e-01
8.610000e-01 5.000000e+00 2.123189e+00 2.458425e+00 9.749552e+00 9.050012e+03 1.673492e+04 1.86795 4.267021e-01
8.600000e-01 5.000000e+00 2.123293e+00 2.458326e+00 9.751576e+00 9.083241e+03 1.673127e+04 1.86901 4.284698e-01
8.590000e-01 5.000000e+00 2.123606e+00 2.458431e+00 9.754116e+00 9.115132e+03 1.672653e+04 1.87071 4.302376e-01
8.580000e-01 5.000000e+00 2.125573e+00 2.460727e+00 9.761702e+00 9.140553e+03 1.671153e+04 1.87311 4.311922e-01
8.570000e-01 5.000000e+00 2.125652e+00 2.460594e+00 9.763696e+00 9.173550e+03 1.670798e+04 1.87415 4.329562e-01
8.560000e-01 5.000000e+00 2.125954e+00 2.460685e+00 9.766239e+00 9.205138e+03 1.670328e+04 1.87583 4.347131e-01
8.550000e-01 5.000000e+00 2.127933e+00 2.462995e+00 9.773894e+00 9.230095e+03 1.668819e+04 1.87827 4.356483e-01
8.540000e-01 5.000000e+00 2.128005e+00 2.462855e+00 9.775898e+00 9.262678e+03 1.668468e+04 1.87929 4.373927e-01
8.530000e-01 5.000000e+00 2.128299e+00 2.462939e+00 9.778451e+00 9.293825e+03 1.668000e+04 1.88094 4.391291e-01
8.520000e-01 5.000000e+00 2.130301e+00 2.465275e+00 9.786179e+00 9.318271e+03 1.666483e+04 1.88346 4.400450e-01
8.510000e-01 5.000000e+00 2.130368e+00 2.465133e+00 9.788200e+00 9.350543e+03 1.666134e+04 1.88446 4.417762e-01
8.500000e-01 5.000000e+00 2.130659e+00 2.465213e+00 9.790772e+00 9.381369e+03 1.665667e+04 1.88611 4.434996e-01
8.490000e-01 5.000000e+00 2.132681e+00 2.467574e+00 9.798582e+00 9.405343e+03 1.664139e+04 1.88868 4.443950e-01
8.480000e-01 5.000000e+00 2.132738e+00 2.467421e+00 9.800612e+00 9.437221e+03 1.663793e+04 1.88966 4.461081e-01
8.470000e-01 5.000000e+00 2.133020e+00 2.467489e+00 9.803193e+00 9.467603e+03 1.663329e+04 1.89129 4.478109e-01
8.460000e-01 5.000000e+00 2.135063e+00 2.469876e+00 9.811072e+00 9.490932e+03 1.661793e+04 1.89392 4.486806e-01
8.450000e-01 5.000000e+00 2.135099e+00 2.469696e+00 9.813094e+00 9.522272e+03 1.661452e+04 1.89485 4.503675e-01
8.440000e-01 5.000000e+00 2.135372e+00 2.469751e+00 9.815684e+00 9.552155e+03 1.660991e+04 1.89646 4.520485e-01
8.430000e-01 5.000000e+00 2.137444e+00 2.472169e+00 9.823652e+00 9.574994e+03 1.659443e+04 1.89918 4.529012e-01
8.420000e-01 5.000000e+00 2.137478e+00 2.471988e+00 9.825699e+00 9.606132e+03 1.659102e+04 1.90012 4.545825e-01
8.410000e-01 5.000000e+00 2.137751e+00 2.472044e+00 9.828319e+00 9.635814e+03 1.658640e+04 1.90173 4.562585e-01
8.400000e-01 5.000000e+00 2.139843e+00 2.474488e+00 9.836395e+00 9.658339e+03 1.657076e+04 1.9045 4.570941e-01
8.390000e-01 5.000000e+00 2.139877e+00 2.474308e+00 9.838466e+00 9.689244e+03 1.656735e+04 1.90543 4.587670e-01
8.380000e-01 5.000000e+00 2.140144e+00 2.474357e+00 9.841104e+00 9.718630e+03 1.656274e+04 1.90703 4.604305e-01
8.370000e-01 5.000000e+00 2.142258e+00 2.476829e+00 9.849267e+00 9.740694e+03 1.654697e+04 1.90984 4.612450e-01
8.360000e-01 5.000000e+00 2.142280e+00 2.476637e+00 9.851345e+00 9.771223e+03 1.654359e+04 1.91075 4.629008e-01
8.350000e-01 5.000000e+00 2.142544e+00 2.476683e+00 9.854000e+00 9.800255e+03 1.653898e+04 1.91235 4.645494e-01
8.340000e-01 5.000000e+00 2.144679e+00 2.479181e+00 9.862250e+00 9.821902e+03 1.652309e+04 1.91522 4.653469e-01
8.330000e-01 5.000000e+00 2.144698e+00 2.478987e+00 9.864346e+00 9.852180e+03 1.651972e+04 1.91612 4.669928e-01
8.320000e-01 5.000000e+00 2.144952e+00 2.479021e+00 9.867015e+00 9.880902e+03 1.651511e+04 1.9177 4.686286e-01
8.310000e-01 5.000000e+00 2.147112e+00 2.481549e+00 9.875354e+00 9.902068e+03 1.649910e+04 1.92063 4.694047e-01
8.300000e-01 5.000000e+00 2.147117e+00 2.481340e+00 9.877455e+00 9.931968e+03 1.649575e+04 1.9215 4.710335e-01
8.290000e-01 5.000000e+00 2.148721e+00 2.483112e+00 9.884116e+00 9.954750e+03 1.648311e+04 1.92423 4.720778e-01
8.280000e-01 5.000000e+00 2.148716e+00 2.482890e+00 9.886222e+00 9.984290e+03 1.647978e+04 1.92507 4.736891e-01
8.270000e-01 5.000000e+00 2.150339e+00 2.484683e+00 9.892935e+00 1.000671e+04 1.646707e+04 1.92784 4.747189e-01
8.260000e-01 5.000000e+00 2.150328e+00 2.484455e+00 9.895054e+00 1.003611e+04 1.646374e+04 1.92869 4.763262e-01
8.250000e-01 5.000000e+00 2.152005e+00 2.486322e+00 9.901917e+00 1.005832e+04 1.645080e+04 1.93152 4.773379e-01
8.240000e-01 5.000000e+00 2.151966e+00 2.486055e+00 9.903999e+00 1.008764e+04 1.644755e+04 1.93234 4.789492e-01
8.230000e-01 5.000000e+00 2.153639e+00 2.487914e+00 9.910889e+00 1.010968e+04 1.643457e+04 1.93518 4.799556e-01
8.220000e-01 5.000000e+00 2.153597e+00 2.487646e+00 9.912985e+00 1.013885e+04 1.643133e+04 1.936 4.815620e-01
8.210000e-01 5.000000e+00 2.155278e+00 2.489515e+00 9.919925e+00 1.016064e+04 1.641827e+04 1.93886 4.825568e-01
8.200000e-01 5.000000e+00 2.155229e+00 2.489240e+00 9.922026e+00 1.018959e+04 1.641504e+04 1.93966 4.841536e-01
8.190000e-01 5.000000e+00 2.156920e+00 2.491120e+00 9.929008e+00 1.021109e+04 1.640193e+04 1.94255 4.851359e-01
8.180000e-01 5.000000e+00 2.156863e+00 2.490837e+00 9.931116e+00 1.023986e+04 1.639871e+04 1.94334 4.867259e-01
8.170000e-01 5.000000e+00 2.158566e+00 2.492733e+00 9.938154e+00 1.026116e+04 1.638551e+04 1.94625 4.876993e-01
8.160000e-01 5.000000e+00 2.158503e+00 2.492443e+00 9.940272e+00 1.028977e+04 1.638229e+04 1.94703 4.892834e-01
8.150000e-01 5.000000e+00 2.160216e+00 2.494351e+00 9.947359e+00 1.031078e+04 1.636903e+04 1.94997 4.902441e-01
8.140000e-01 5.000000e+00 2.160144e+00 2.494052e+00 9.949481e+00 1.033918e+04 1.636582e+04 1.95073 4.918188e-01
8.130000e-01 5.000000e+00 2.161867e+00 2.495972e+00 9.956609e+00 1.035987e+04 1.635250e+04 1.95369 4.927657e-01
8.120000e-01 5.000000e+00 2.161779e+00 2.495652e+00 9.958725e+00 1.038798e+04 1.634932e+04 1.95442 4.943271e-01
8.110000e-01 5.000000e+00 2.163513e+00 2.497584e+00 9.965891e+00 1.040828e+04 1.633596e+04 1.95742 4.952572e-01
8.100000e-01 5.000000e+00 2.163413e+00 2.497249e+00 9.968008e+00 1.043617e+04 1.633279e+04 1.95813 4.968105e-01
8.090000e-01 5.000000e+00 2.165160e+00 2.499197e+00 9.975238e+00 1.045627e+04 1.631933e+04 1.96116 4.977324e-01
8.080000e-01 5.000000e+00 2.165058e+00 2.498861e+00 9.977373e+00 1.048406e+04 1.631615e+04 1.96187 4.992843e-01
8.070000e-01 5.000000e+00 2.166816e+00 2.500822e+00 9.984667e+00 1.050400e+04 1.630259e+04 1.96492 5.001977e-01
8.060000e-01 5.000000e+00 2.166709e+00 2.500482e+00 9.986817e+00 1.053167e+04 1.629941e+04 1.96563 5.017465e-01
8.050000e-01 5.000000e+00 2.168478e+00 2.502456e+00 9.994171e+00 1.055140e+04 1.628574e+04 1.96869 5.026495e-01
8.040000e-01 5.000000e+00 2.168364e+00 2.502109e+00 9.996329e+00 1.057890e+04 1.628256e+04 1.96939 5.041916e-01
8.030000e-01 5.000000e+00 2.170143e+00 2.504095e+00 1.000373e+01 1.059834e+04 1.626883e+04 1.97248 5.050817e-01
8.020000e-01 5.000000e+00 2.170019e+00 2.503737e+00 1.000589e+01 1.062566e+04 1.626566e+04 1.97316 5.066167e-01
8.010000e-01 5.000000e+00 2.171810e+00 2.505739e+00 1.001335e+01 1.064489e+04 1.625184e+04 1.97628 5.074973e-01
8.000000e-01 5.000000e+00 2.171680e+00 2.505375e+00 1.001553e+01 1.067209e+04 1.624866e+04 1.97696 5.090285e-01
7.990000e-01 5.000000e+00 2.173482e+00 2.507389e+00 1.002304e+01 1.069107e+04 1.623475e+04 1.9801 5.098975e-01
7.980000e-01 5.000000e+00 2.174338e+00 2.508246e+00 1.002796e+01 1.071399e+04 1.622610e+04 1.98201 5.110826e-01
7.970000e-01 5.000000e+00 2.174178e+00 2.507843e+00 1.003010e+01 1.074088e+04 1.622299e+04 1.98266 5.126067e-01
7.960000e-01 5.000000e+00 2.175989e+00 2.509867e+00 1.003767e+01 1.075940e+04 1.620901e+04 1.98583 5.134564e-01
7.950000e-01 5.000000e+00 2.176843e+00 2.510720e+00 1.004262e+01 1.078186e+04 1.620033e+04 1.98775 5.146216e-01
7.940000e-01 5.000000e+00 2.177676e+00 2.511541e+00 1.004752e+01 1.080419e+04 1.619171e+04 1.98966 5.157885e-01
7.930000e-01 5.000000e+00 2.178510e+00 2.512363e+00 1.005245e+01 1.082645e+04 1.618306e+04 1.99158 5.169533e-01
7.920000e-01 5.000000e+00 2.179345e+00 2.513188e+00 1.005740e+01 1.084865e+04 1.617437e+04 1.9935 5.181157e-01
7.910000e-01 5.000000e+00 2.180183e+00 2.514015e+00 1.006238e+01 1.087079e+04 1.616566e+04 1.99543 5.192756e-01
7.900000e-01 5.000000e+00 2.181021e+00 2.514845e+00 1.006737e+01 1.089285e+04 1.615691e+04 1.99736 5.204324e-01
7.890000e-01 5.000000e+00 2.181862e+00 2.515677e+00 1.007238e+01 1.091483e+04 1.614813e+04 1.99929 5.215857e-01
7.880000e-01 5.000000e+00 2.182703e+00 2.516510e+00 1.007741e+01 1.093670e+04 1.613934e+04 2.00123 5.227347e-01
7.870000e-01 5.000000e+00 2.183543e+00 2.517343e+00 1.008246e+01 1.095846e+04 1.613052e+04 2.00317 5.238784e-01
7.860000e-01 5.000000e+00 2.184384e+00 2.518177e+00 1.008751e+01 1.098012e+04 1.612168e+04 2.00511 5.250177e-01
7.850000e-01 5.000000e+00 2.185226e+00 2.519012e+00 1.009259e+01 1.100170e+04 1.611281e+04 2.00705 5.261541e-01
7.840000e-01 5.000000e+00 2.186069e+00 2.519850e+00 1.009769e+01 1.102320e+04 1.610392e+04 2.009 5.272872e-01
7.830000e-01 5.000000e+00 2.186912e+00 2.520688e+00 1.010281e+01 1.104459e+04 1.609499e+04 2.01095 5.284157e-01
7.820000e-01 5.000000e+00 2.187756e+00 2.521527e+00 1.010793e+01 1.106588e+04 1.608605e+04 2.0129 5.295394e-01
7.810000e-01 5.000000e+00 2.188599e+00 2.522366e+00 1.011308e+01 1.108704e+04 1.607709e+04 2.01486 5.306578e-01
7.800000e-01 5.000000e+00 2.189441e+00 2.523203e+00 1.011823e+01 1.110806e+04 1.606811e+04 2.01681 5.317698e-01
7.790000e-01 5.000000e+00 2.190281e+00 2.524037e+00 1.012339e+01 1.112891e+04 1.605913e+04 2.01876 5.328746e-01
7.780000e-01 5.000000e+00 2.191119e+00 2.524870e+00 1.012856e+01 1.114964e+04 1.605013e+04 2.02071 5.339741e-01
7.770000e-01 5.000000e+00 2.191958e+00 2.525702e+00 1.013376e+01 1.117029e+04 1.604109e+04 2.02267 5.350709e-01
7.760000e-01 5.000000e+00 2.192799e+00 2.526537e+00 1.013898e+01 1.119088e+04 1.603202e+04 2.02463 5.361652e-01
7.750000e-01 5.000000e+00 2.193641e+00 2.527375e+00 1.014422e+01 1.121141e+04 1.602291e+04 2.02659 5.372570e-01
7.740000e-01 5.000000e+00 2.194485e+00 2.528215e+00 1.014948e+01 1.123186e+04 1.601376e+04 2.02856 5.383460e-01
7.730000e-01 5.000000e+00 2.195330e+00 2.529057e+00 1.015477e+01 1.125224e+04 1.600458e+04 2.03053 5.394316e-01
7.720000e-01 5.000000e+00 2.196174e+00 2.529899e+00 1.016007e+01 1.127251e+04 1.599538e+04 2.03251 5.405129e-01
7.710000e-01 5.000000e+00 2.197019e+00 2.530742e+00 1.016539e+01 1.129267e+04 1.598615e+04 2.03448 5.415892e-01
7.700000e-01 5.000000e+00 2.197864e+00 2.531585e+00 1.017073e+01 1.131274e+04 1.597690e+04 2.03646 5.426614e-01
7.690000e-01 5.000000e+00 2.198750e+00 2.532488e+00 1.017618e+01 1.133268e+04 1.596747e+04 2.03848 5.437192e-01
7.680000e-01 5.000000e+00 2.199597e+00 2.533336e+00 1.018156e+01 1.135258e+04 1.595814e+04 2.04047 5.447848e-01
7.670000e-01 5.000000e+00 2.200444e+00 2.534183e+00 1.018695e+01 1.137239e+04 1.594879e+04 2.04245 5.458463e-01
7.660000e-01 5.000000e+00 2.201290e+00 2.535032e+00 1.019237e+01 1.139209e+04 1.593942e+04 2.04444 5.469031e-01
7.650000e-01 5.000000e+00 2.202136e+00 2.535879e+00 1.019780e+01 1.141167e+04 1.593003e+04 2.04643 5.479547e-01
7.640000e-01 5.000000e+00 2.202980e+00 2.536724e+00 1.020324e+01 1.143111e+04 1.592062e+04 2.04841 5.490001e-01
7.630000e-01 5.000000e+00 2.203822e+00 2.537567e+00 1.020869e+01 1.145040e+04 1.591120e+04 2.0504 5.500386e-01
7.620000e-01 5.000000e+00 2.204663e+00 2.538407e+00 1.021415e+01 1.146957e+04 1.590176e+04 2.05239 5.510723e-01
7.610000e-01 5.000000e+00 2.205504e+00 2.539249e+00 1.021964e+01 1.148866e+04 1.589227e+04 2.05437 5.521034e-01
7.600000e-01 5.000000e+00 2.206347e+00 2.540092e+00 1.022515e+01 1.150769e+04 1.588275e+04 2.05637 5.531319e-01
7.590000e-01 5.000000e+00 2.207190e+00 2.540937e+00 1.023069e+01 1.152666e+04 1.587319e+04 2.05837 5.541579e-01
7.580000e-01 5.000000e+00 2.208035e+00 2.541784e+00 1.023625e+01 1.154555e+04 1.586359e+04 2.06037 5.551808e-01
7.570000e-01 5.000000e+00 2.208880e+00 2.542634e+00 1.024184e+01 1.156436e+04 1.585395e+04 2.06237 5.562003e-01
7.560000e-01 5.000000e+00 2.209725e+00 2.543483e+00 1.024744e+01 1.158307e+04 1.584429e+04 2.06438 5.572153e-01
7.550000e-01 5.000000e+00 2.210569e+00 2.544331e+00 1.025306e+01 1.160166e+04 1.583459e+04 2.06638 5.582254e-01
7.540000e-01 5.000000e+00 2.211414e+00 2.545181e+00 1.025871e+01 1.162018e+04 1.582487e+04 2.06839 5.592321e-01
7.530000e-01 5.000000e+00 2.212259e+00 2.546032e+00 1.026437e+01 1.163862e+04 1.581510e+04 2.0704 5.602360e-01
7.520000e-01 5.000000e+00 2.213103e+00 2.546883e+00 1.027006e+01 1.165697e+04 1.580530e+04 2.07241 5.612357e-01
7.510000e-01 5.000000e+00 2.213949e+00 2.547736e+00 1.027576e+01 1.167523e+04 1.579547e+04 2.07442 5.622314e-01
7.500000e-01 5.000000e+00 2.214793e+00 2.548588e+00 1.028149e+01 1.169337e+04 1.578561e+04 2.07644 5.632220e-01
7.490000e-01 5.000000e+00 2.215635e+00 2.549437e+00 1.028723e+01 1.171139e+04 1.577573e+04 2.07845 5.642073e-01
7.480000e-01 5.000000e+00 2.216476e+00 2.550285e+00 1.029297e+01 1.172927e+04 1.576583e+04 2.08046 5.651861e-01
7.470000e-01 5.000000e+00 2.217314e+00 2.551129e+00 1.029874e+01 1.174700e+04 1.575591e+04 2.08247 5.661587e-01
7.460000e-01 5.000000e+00 2.218151e+00 2.551973e+00 1.030452e+01 1.176465e+04 1.574596e+04 2.08448 5.671277e-01
7.450000e-01 5.000000e+00 2.218989e+00 2.552816e+00 1.031032e+01 1.178222e+04 1.573597e+04 2.08649 5.680940e-01
7.440000e-01 5.000000e+00 2.219827e+00 2.553661e+00 1.031616e+01 1.179972e+04 1.572592e+04 2.0885 5.690573e-01
7.430000e-01 5.000000e+00 2.220666e+00 2.554509e+00 1.032202e+01 1.181717e+04 1.571584e+04 2.09052 5.700184e-01
7.420000e-01 5.000000e+00 2.221506e+00 2.555358e+00 1.032791e+01 1.183453e+04 1.570571e+04 2.09254 5.709758e-01
7.410000e-01 5.000000e+00 2.222344e+00 2.556205e+00 1.033382e+01 1.185180e+04 1.569554e+04 2.09456 5.719290e-01
7.400000e-01 5.000000e+00 2.223183e+00 2.557054e+00 1.033975e+01 1.186897e+04 1.568535e+04 2.09658 5.728777e-01
7.390000e-01 5.000000e+00 2.224020e+00 2.557902e+00 1.034569e+01 1.188603e+04 1.567511e+04 2.0986 5.738220e-01
7.380000e-01 5.000000e+00 2.224858e+00 2.558751e+00 1.035167e+01 1.190303e+04 1.566484e+04 2.10063 5.747637e-01
7.370000e-01 5.000000e+00 2.225734e+00 2.559655e+00 1.035775e+01 1.191989e+04 1.565437e+04 2.10269 5.756891e-01
7.360000e-01 5.000000e+00 2.226572e+00 2.560506e+00 1.036378e+01 1.193671e+04 1.564401e+04 2.10471 5.766221e-01
7.350000e-01 5.000000e+00 2.227408e+00 2.561355e+00 1.036981e+01 1.195343e+04 1.563362e+04 2.10674 5.775510e-01
7.340000e-01 5.000000e+00 2.228242e+00 2.562202e+00 1.037587e+01 1.197003e+04 1.562320e+04 2.10876 5.784746e-01
7.330000e-01 5.000000e+00 2.229074e+00 2.563045e+00 1.038194e+01 1.198650e+04 1.561275e+04 2.11077 5.793919e-01
7.320000e-01 5.000000e+00 2.229903e+00 2.563885e+00 1.038802e+01 1.200283e+04 1.560229e+04 2.11279 5.803029e-01
7.310000e-01 5.000000e+00 2.230730e+00 2.564723e+00 1.039412e+01 1.201904e+04 1.559179e+04 2.1148 5.812092e-01
7.300000e-01 5.000000e+00 2.231556e+00 2.565560e+00 1.040024e+01 1.203519e+04 1.558124e+04 2.11681 5.821128e-01
7.290000e-01 5.000000e+00 2.232382e+00 2.566398e+00 1.040640e+01 1.205127e+04 1.557064e+04 2.11883 5.830133e-01
7.280000e-01 5.000000e+00 2.233209e+00 2.567236e+00 1.041258e+01 1.206727e+04 1.555998e+04 2.12084 5.839106e-01
7.270000e-01 5.000000e+00 2.234035e+00 2.568076e+00 1.041879e+01 1.208321e+04 1.554928e+04 2.12286 5.848047e-01
7.260000e-01 5.000000e+00 2.234861e+00 2.568916e+00 1.042503e+01 1.209905e+04 1.553853e+04 2.12488 5.856949e-01
7.250000e-01 5.000000e+00 2.235686e+00 2.569755e+00 1.043128e+01 1.211480e+04 1.552775e+04 2.12689 5.865804e-01
7.240000e-01 5.000000e+00 2.236508e+00 2.570591e+00 1.043756e+01 1.213044e+04 1.551693e+04 2.12891 5.874610e-01
7.230000e-01 5.000000e+00 2.237331e+00 2.571428e+00 1.044387e+01 1.214601e+04 1.550605e+04 2.13092 5.883387e-01
7.220000e-01 5.000000e+00 2.238153e+00 2.572266e+00 1.045020e+01 1.216150e+04 1.549513e+04 2.13293 5.892129e-01
7.210000e-01 5.000000e+00 2.238974e+00 2.573104e+00 1.045655e+01 1.217689e+04 1.548417e+04 2.13495 5.900826e-01
7.200000e-01 5.000000e+00 2.239793e+00 2.573939e+00 1.046293e+01 1.219218e+04 1.547317e+04 2.13696 5.909475e-01
7.190000e-01 5.000000e+00 2.240610e+00 2.574773e+00 1.046933e+01 1.220736e+04 1.546213e+04 2.13897 5.918071e-01
7.180000e-01 5.000000e+00 2.241425e+00 2.575603e+00 1.047574e+01 1.222241e+04 1.545107e+04 2.14097 5.926608e-01
7.170000e-01 5.000000e+00 2.242236e+00 2.576430e+00 1.048216e+01 1.223732e+04 1.543998e+04 2.14297 5.935083e-01
7.160000e-01 5.000000e+00 2.243044e+00 2.577253e+00 1.048860e+01 1.225211e+04 1.542886e+04 2.14496 5.943506e-01
7.150000e-01 5.000000e+00 2.243852e+00 2.578075e+00 1.049507e+01 1.226684e+04 1.541768e+04 2.14696 5.951901e-01
7.140000e-01 5.000000e+00 2.244658e+00 2.578897e+00 1.050158e+01 1.228149e+04 1.540644e+04 2.14896 5.960262e-01
7.130000e-01 5.000000e+00 2.245465e+00 2.579720e+00 1.050811e+01 1.229607e+04 1.539515e+04 2.15095 5.968592e-01
7.120000e-01 5.000000e+00 2.246271e+00 2.580544e+00 1.051468e+01 1.231057e+04 1.538381e+04 2.15295 5.976888e-01
7.110000e-01 5.000000e+00 2.247076e+00 2.581366e+00 1.052127e+01 1.232498e+04 1.537242e+04 2.15494 5.985140e-01
7.100000e-01 5.000000e+00 2.247878e+00 2.582187e+00 1.052788e+01 1.233929e+04 1.536098e+04 2.15694 5.993343e-01
7.090000e-01 5.000000e+00 2.248717e+00 2.583061e+00 1.053461e+01 1.235344e+04 1.534937e+04 2.15896 6.001377e-01
7.080000e-01 5.000000e+00 2.249518e+00 2.583883e+00 1.054128e+01 1.236757e+04 1.533783e+04 2.16096 6.009502e-01
7.070000e-01 5.000000e+00 2.250318e+00 2.584703e+00 1.054798e+01 1.238162e+04 1.532625e+04 2.16295 6.017591e-01
7.060000e-01 5.000000e+00 2.251115e+00 2.585521e+00 1.055471e+01 1.239556e+04 1.531462e+04 2.16493 6.025632e-01
7.050000e-01 5.000000e+00 2.251911e+00 2.586339e+00 1.056146e+01 1.240941e+04 1.530296e+04 2.16692 6.033626e-01
7.040000e-01 5.000000e+00 2.252704e+00 2.587154e+00 1.056823e+01 1.242314e+04 1.529126e+04 2.1689 6.041568e-01
7.030000e-01 5.000000e+00 2.253494e+00 2.587965e+00 1.057502e+01 1.243673e+04 1.527953e+04 2.17088 6.049449e-01
7.020000e-01 5.000000e+00 2.254280e+00 2.588771e+00 1.058182e+01 1.245018e+04 1.526778e+04 2.17285 6.057267e-01
7.010000e-01 5.000000e+00 2.255063e+00 2.589575e+00 1.058864e+01 1.246354e+04 1.525598e+04 2.17482 6.065040e-01
7.000000e-01 5.000000e+00 2.255845e+00 2.590377e+00 1.059550e+01 1.247682e+04 1.524412e+04 2.17678 6.072784e-01
6.990000e-01 5.000000e+00 2.255235e+00 2.589572e+00 1.059796e+01 1.249714e+04 1.524109e+04 2.17701 6.086608e-01
6.980000e-01 5.000000e+00 2.254985e+00 2.589014e+00 1.060111e+01 1.251524e+04 1.523645e+04 2.17838 6.100602e-01
6.970000e-01 5.000000e+00 2.258188e+00 2.592790e+00 1.061629e+01 1.251621e+04 1.520822e+04 2.18269 6.095816e-01
6.960000e-01 5.000000e+00 2.257537e+00 2.591939e+00 1.061873e+01 1.253638e+04 1.520517e+04 2.18286 6.109643e-01
6.950000e-01 5.000000e+00 2.257251e+00 2.591338e+00 1.062189e+01 1.255429e+04 1.520050e+04 2.18417 6.123599e-01
6.940000e-01 5.000000e+00 2.260508e+00 2.595180e+00 1.063733e+01 1.255475e+04 1.517181e+04 2.18856 6.118443e-01
6.930000e-01 5.000000e+00 2.259819e+00 2.594289e+00 1.063978e+01 1.257476e+04 1.516876e+04 2.18867 6.132256e-01
6.920000e-01 5.000000e+00 2.259503e+00 2.593654e+00 1.064294e+01 1.259250e+04 1.516405e+04 2.18994 6.146192e-01
6.910000e-01 5.000000e+00 2.262809e+00 2.597556e+00 1.065864e+01 1.259249e+04 1.513491e+04 2.19439 6.140682e-01
6.900000e-01 5.000000e+00 2.262076e+00 2.596617e+00 1.066108e+01 1.261231e+04 1.513184e+04 2.19443 6.154457e-01
6.890000e-01 5.000000e+00 2.261721e+00 2.595937e+00 1.066424e+01 1.262981e+04 1.512711e+04 2.19564 6.168325e-01
6.880000e-01 5.000000e+00 2.265079e+00 2.599901e+00 1.068016e+01 1.262923e+04 1.509759e+04 2.20016 6.162428e-01
6.870000e-01 5.000000e+00 2.264291e+00 2.598895e+00 1.068256e+01 1.264877e+04 1.509454e+04 2.20011 6.176121e-01
6.860000e-01 5.000000e+00 2.263907e+00 2.598181e+00 1.068573e+01 1.266601e+04 1.508978e+04 2.20128 6.189913e-01
6.850000e-01 5.000000e+00 2.267349e+00 2.602256e+00 1.070197e+01 1.266490e+04 1.505972e+04 2.2059 6.183560e-01
6.840000e-01 5.000000e+00 2.266507e+00 2.601186e+00 1.070434e+01 1.268435e+04 1.505670e+04 2.20579 6.197336e-01
6.830000e-01 5.000000e+00 2.266083e+00 2.600424e+00 1.070751e+01 1.270146e+04 1.505191e+04 2.2069 6.211155e-01
6.820000e-01 5.000000e+00 2.269565e+00 2.604545e+00 1.072403e+01 1.269990e+04 1.502137e+04 2.21157 6.204448e-01
6.810000e-01 5.000000e+00 2.268679e+00 2.603427e+00 1.072639e+01 1.271919e+04 1.501833e+04 2.21139 6.218215e-01
6.800000e-01 5.000000e+00 2.268213e+00 2.602617e+00 1.072956e+01 1.273610e+04 1.501350e+04 2.21244 6.231997e-01
6.790000e-01 5.000000e+00 2.271752e+00 2.606807e+00 1.074635e+01 1.273403e+04 1.498247e+04 2.21718 6.224896e-01
6.780000e-01 5.000000e+00 2.270820e+00 2.605640e+00 1.074871e+01 1.275318e+04 1.497942e+04 2.21693 6.238666e-01
6.770000e-01 5.000000e+00 2.270321e+00 2.604791e+00 1.075189e+01 1.276991e+04 1.497454e+04 2.21793 6.252429e-01
6.760000e-01 5.000000e+00 2.273911e+00 2.609046e+00 1.076897e+01 1.276732e+04 1.494303e+04 2.22273 6.244919e-01
6.750000e-01 5.000000e+00 2.272928e+00 2.607821e+00 1.077131e+01 1.278626e+04 1.493997e+04 2.2224 6.258653e-01
6.740000e-01 5.000000e+00 2.272384e+00 2.606919e+00 1.077448e+01 1.280274e+04 1.493507e+04 2.22332 6.272341e-01
6.730000e-01 5.000000e+00 2.276033e+00 2.611245e+00 1.079180e+01 1.279954e+04 1.490320e+04 2.22821 6.264417e-01
6.720000e-01 5.000000e+00 2.274994e+00 2.609954e+00 1.079412e+01 1.281823e+04 1.490014e+04 2.22779 6.278102e-01
6.710000e-01 5.000000e+00 2.274419e+00 2.609018e+00 1.079730e+01 1.283449e+04 1.489520e+04 2.22868 6.291756e-01
6.700000e-01 5.000000e+00 2.278151e+00 2.613455e+00 1.081500e+01 1.283076e+04 1.486270e+04 2.23365 6.283338e-01
6.690000e-01 5.000000e+00 2.277053e+00 2.612094e+00 1.081728e+01 1.284937e+04 1.485967e+04 2.23315 6.297110e-01
6.680000e-01 5.000000e+00 2.276431e+00 2.611101e+00 1.082046e+01 1.286548e+04 1.485470e+04 2.23398 6.310788e-01
6.670000e-01 5.000000e+00 2.280206e+00 2.615590e+00 1.083846e+01 1.286125e+04 1.482168e+04 2.239 6.301956e-01
6.660000e-01 5.000000e+00 2.279054e+00 2.614168e+00 1.084072e+01 1.287968e+04 1.481864e+04 2.23841 6.315719e-01
6.650000e-01 5.000000e+00 2.278389e+00 2.613126e+00 1.084391e+01 1.289561e+04 1.481361e+04 2.23917 6.329371e-01
6.640000e-01 5.000000e+00 2.282224e+00 2.617688e+00 1.086223e+01 1.289086e+04 1.478004e+04 2.24425 6.320101e-01
6.630000e-01 5.000000e+00 2.281018e+00 2.616206e+00 1.086448e+01 1.290914e+04 1.477698e+04 2.24358 6.333871e-01
6.620000e-01 5.000000e+00 2.283539e+00 2.619054e+00 1.087822e+01 1.291011e+04 1.475197e+04 2.24769 6.331948e-01
6.610000e-01 5.000000e+00 2.282297e+00 2.617534e+00 1.088046e+01 1.292825e+04 1.474888e+04 2.24696 6.345683e-01
6.600000e-01 5.000000e+00 2.284872e+00 2.620455e+00 1.089443e+01 1.292881e+04 1.472353e+04 2.25113 6.343393e-01
6.590000e-01 5.000000e+00 2.283571e+00 2.618860e+00 1.089660e+01 1.294679e+04 1.472051e+04 2.2503 6.357128e-01
6.580000e-01 5.000000e+00 2.286151e+00 2.621783e+00 1.091064e+01 1.294708e+04 1.469502e+04 2.25448 6.354700e-01
6.570000e-01 5.000000e+00 2.284815e+00 2.620149e+00 1.091281e+01 1.296498e+04 1.469198e+04 2.25361 6.368464e-01
6.560000e-01 5.000000e+00 2.287413e+00 2.623096e+00 1.092703e+01 1.296500e+04 1.466620e+04 2.25779 6.365826e-01
6.550000e-01 5.000000e+00 2.286040e+00 2.621421e+00 1.092919e+01 1.298281e+04 1.466314e+04 2.25687 6.379617e-01
6.540000e-01 5.000000e+00 2.288657e+00 2.624393e+00 1.094359e+01 1.298253e+04 1.463705e+04 2.26107 6.376750e-01
6.530000e-01 5.000000e+00 2.287249e+00 2.622679e+00 1.094574e+01 1.300024e+04 1.463399e+04 2.26009 6.390539e-01
6.520000e-01 5.000000e+00 2.289883e+00 2.625672e+00 1.096030e+01 1.299965e+04 1.460765e+04 2.26431 6.387451e-01
6.510000e-01 5.000000e+00 2.288435e+00 2.623913e+00 1.096244e+01 1.301725e+04 1.460457e+04 2.26327 6.401257e-01
6.500000e-01 5.000000e+00 2.291090e+00 2.626935e+00 1.097717e+01 1.301638e+04 1.457794e+04 2.2675 6.397943e-01
6.490000e-01 5.000000e+00 2.289599e+00 2.625128e+00 1.097930e+01 1.303387e+04 1.457484e+04 2.26639 6.411755e-01
6.480000e-01 5.000000e+00 2.292275e+00 2.628177e+00 1.099419e+01 1.303267e+04 1.454795e+04 2.27064 6.408197e-01
6.470000e-01 5.000000e+00 2.290741e+00 2.626320e+00 1.099631e+01 1.305003e+04 1.454485e+04 2.26946 6.421991e-01
6.460000e-01 5.000000e+00 2.293435e+00 2.629390e+00 1.101133e+01 1.304848e+04 1.451775e+04 2.27372 6.418183e-01
6.450000e-01 5.000000e+00 2.291852e+00 2.627474e+00 1.101341e+01 1.306566e+04 1.451465e+04 2.27246 6.431931e-01
6.440000e-01 5.000000e+00 2.294599e+00 2.630618e+00 1.102867e+01 1.306374e+04 1.448718e+04 2.27677 6.427781e-01
6.430000e-01 5.000000e+00 2.292961e+00 2.628636e+00 1.103071e+01 1.308087e+04 1.448412e+04 2.27544 6.441619e-01
6.420000e-01 5.000000e+00 2.295709e+00 2.631779e+00 1.104612e+01 1.307869e+04 1.445638e+04 2.27974 6.437283e-01
6.410000e-01 5.000000e+00 2.294029e+00 2.629750e+00 1.104814e+01 1.309573e+04 1.445329e+04 2.27834 6.451150e-01
6.400000e-01 5.000000e+00 2.296796e+00 2.632916e+00 1.106375e+01 1.309323e+04 1.442522e+04 2.28264 6.446549e-01
6.390000e-01 5.000000e+00 2.295072e+00 2.630838e+00 1.106576e+01 1.311017e+04 1.442212e+04 2.28117 6.460416e-01
6.380000e-01 5.000000e+00 2.297858e+00 2.634028e+00 1.108154e+01 1.310735e+04 1.439376e+04 2.28548 6.455562e-01
6.370000e-01 5.000000e+00 2.296089e+00 2.631899e+00 1.108354e+01 1.312420e+04 1.439064e+04 2.28394 6.469454e-01
6.360000e-01 5.000000e+00 2.298895e+00 2.635118e+00 1.109951e+01 1.312107e+04 1.436196e+04 2.28827 6.464343e-01
6.350000e-01 5.000000e+00 2.297079e+00 2.632934e+00 1.110149e+01 1.313780e+04 1.435883e+04 2.28665 6.478241e-01
6.340000e-01 5.000000e+00 2.299906e+00 2.636180e+00 1.111764e+01 1.313433e+04 1.432987e+04 2.29098 6.472859e-01
6.330000e-01 5.000000e+00 2.298039e+00 2.633936e+00 1.111959e+01 1.315092e+04 1.432673e+04 2.28927 6.486734e-01
6.320000e-01 5.000000e+00 2.300915e+00 2.637250e+00 1.113598e+01 1.314701e+04 1.429742e+04 2.29364 6.480958e-01
6.310000e-01 5.000000e+00 2.298986e+00 2.634930e+00 1.113786e+01 1.316347e+04 1.429433e+04 2.29184 6.494859e-01
6.300000e-01 5.000000e+00 2.301865e+00 2.638244e+00 1.115438e+01 1.315930e+04 1.426480e+04 2.29621 6.488907e-01
6.290000e-01 5.000000e+00 2.299887e+00 2.635867e+00 1.115626e+01 1.317568e+04 1.426168e+04 2.29433 6.502846e-01
6.280000e-01 5.000000e+00 2.302784e+00 2.639207e+00 1.117300e+01 1.317119e+04 1.423177e+04 2.29869 6.496600e-01
6.270000e-01 5.000000e+00 2.300756e+00 2.636773e+00 1.117486e+01 1.318750e+04 1.422862e+04 2.29673 6.510567e-01
6.260000e-01 5.000000e+00 2.303674e+00 2.640139e+00 1.119181e+01 1.318265e+04 1.419836e+04 2.30109 6.504020e-01
6.250000e-01 5.000000e+00 2.301596e+00 2.637649e+00 1.119365e+01 1.319885e+04 1.419520e+04 2.29905 6.517995e-01
6.240000e-01 5.000000e+00 2.304535e+00 2.641042e+00 1.121081e+01 1.319367e+04 1.416462e+04 2.30342 6.511177e-01
6.230000e-01 5.000000e+00 2.302413e+00 2.638504e+00 1.121264e+01 1.320979e+04 1.416143e+04 2.30131 6.525178e-01
6.220000e-01 5.000000e+00 2.305368e+00 2.641921e+00 1.123002e+01 1.320426e+04 1.413053e+04 2.30568 6.518082e-01
6.210000e-01 5.000000e+00 2.305789e+00 2.642370e+00 1.123974e+01 1.320932e+04 1.411329e+04 2.3068 6.521355e-01
6.200000e-01 5.000000e+00 2.306188e+00 2.642792e+00 1.124944e+01 1.321431e+04 1.409607e+04 2.30788 6.524621e-01
6.190000e-01 5.000000e+00 2.306576e+00 2.643199e+00 1.125918e+01 1.321916e+04 1.407879e+04 2.30893 6.527807e-01
6.180000e-01 5.000000e+00 2.306954e+00 2.643595e+00 1.126895e+01 1.322388e+04 1.406146e+04 2.30997 6.530917e-01
6.170000e-01 5.000000e+00 2.307324e+00 2.643983e+00 1.127878e+01 1.322851e+04 1.404401e+04 2.31098 6.533965e-01
6.160000e-01 5.000000e+00 2.307687e+00 2.644363e+00 1.128866e+01 1.323302e+04 1.402646e+04 2.31197 6.536943e-01
6.150000e-01 5.000000e+00 2.308042e+00 2.644737e+00 1.129861e+01 1.323743e+04 1.400880e+04 2.31294 6.539857e-01
6.140000e-01 5.000000e+00 2.308388e+00 2.645102e+00 1.130862e+01 1.324173e+04 1.399104e+04 2.31389 6.542700e-01
6.130000e-01 5.000000e+00 2.308756e+00 2.645502e+00 1.131876e+01 1.324584e+04 1.397308e+04 2.31485 6.545348e-01
6.120000e-01 5.000000e+00 2.309088e+00 2.645852e+00 1.132887e+01 1.324990e+04 1.395514e+04 2.31575 6.548040e-01
6.110000e-01 5.000000e+00 2.309408e+00 2.646190e+00 1.133904e+01 1.325385e+04 1.393710e+04 2.31663 6.550660e-01
6.100000e-01 5.000000e+00 2.309720e+00 2.646519e+00 1.134926e+01 1.325770e+04 1.391896e+04 2.31748 6.553203e-01
6.090000e-01 5.000000e+00 2.310020e+00 2.646836e+00 1.135954e+01 1.326142e+04 1.390072e+04 2.31831 6.555659e-01
6.080000e-01 5.000000e+00 2.310312e+00 2.647144e+00 1.136986e+01 1.326503e+04 1.388239e+04 2.3191 6.558035e-01
6.070000e-01 5.000000e+00 2.310593e+00 2.647441e+00 1.138022e+01 1.326851e+04 1.386399e+04 2.31987 6.560329e-01
6.060000e-01 5.000000e+00 2.310865e+00 2.647725e+00 1.139061e+01 1.327184e+04 1.384554e+04 2.32061 6.562537e-01
6.050000e-01 5.000000e+00 2.311128e+00 2.648000e+00 1.140104e+01 1.327505e+04 1.382703e+04 2.32133 6.564670e-01
6.040000e-01 5.000000e+00 2.311381e+00 2.648265e+00 1.141154e+01 1.327815e+04 1.380841e+04 2.32203 6.566739e-01
6.030000e-01 5.000000e+00 2.311626e+00 2.648522e+00 1.142211e+01 1.328114e+04 1.378968e+04 2.32271 6.568737e-01
6.020000e-01 5.000000e+00 2.311862e+00 2.648770e+00 1.143275e+01 1.328401e+04 1.377084e+04 2.32336 6.570660e-01
6.010000e-01 5.000000e+00 2.312089e+00 2.649008e+00 1.144345e+01 1.328677e+04 1.375188e+04 2.32398 6.572505e-01
6.000000e-01 5.000000e+00 2.312306e+00 2.649237e+00 1.145421e+01 1.328941e+04 1.373284e+04 2.32459 6.574273e-01
5.990000e-01 5.000000e+00 2.312514e+00 2.649457e+00 1.146503e+01 1.329192e+04 1.371370e+04 2.32516 6.575962e-01
5.980000e-01 5.000000e+00 2.312741e+00 2.649708e+00 1.147600e+01 1.329425e+04 1.369434e+04 2.32574 6.577457e-01
5.970000e-01 5.000000e+00 2.312932e+00 2.649912e+00 1.148695e+01 1.329653e+04 1.367499e+04 2.32627 6.578992e-01
5.960000e-01 5.000000e+00 2.313111e+00 2.650102e+00 1.149796e+01 1.329869e+04 1.365555e+04 2.32676 6.580447e-01
5.950000e-01 5.000000e+00 2.313280e+00 2.650282e+00 1.150902e+01 1.330073e+04 1.363603e+04 2.32723 6.581816e-01
5.940000e-01 5.000000e+00 2.313438e+00 2.650449e+00 1.152013e+01 1.330264e+04 1.361642e+04 2.32767 6.583095e-01
5.930000e-01 5.000000e+00 2.313583e+00 2.650601e+00 1.153127e+01 1.330440e+04 1.359676e+04 2.32807 6.584278e-01
5.920000e-01 5.000000e+00 2.313718e+00 2.650740e+00 1.154246e+01 1.330604e+04 1.357702e+04 2.32844 6.585377e-01
5.910000e-01 5.000000e+00 2.313841e+00 2.650867e+00 1.155373e+01 1.330757e+04 1.355715e+04 2.32878 6.586398e-01
5.900000e-01 5.000000e+00 2.313955e+00 2.650985e+00 1.156507e+01 1.330897e+04 1.353717e+04 2.3291 6.587336e-01
5.890000e-01 5.000000e+00 2.314059e+00 2.651094e+00 1.157649e+01 1.331027e+04 1.351707e+04 2.32939 6.588197e-01
5.880000e-01 5.000000e+00 2.314153e+00 2.651192e+00 1.158798e+01 1.331143e+04 1.349687e+04 2.32965 6.588981e-01
5.870000e-01 5.000000e+00 2.314239e+00 2.651282e+00 1.159954e+01 1.331247e+04 1.347657e+04 2.32989 6.589685e-01
5.860000e-01 5.000000e+00 2.314314e+00 2.651360e+00 1.161116e+01 1.331338e+04 1.345618e+04 2.3301 6.590309e-01
5.850000e-01 5.000000e+00 2.314379e+00 2.651430e+00 1.162286e+01 1.331418e+04 1.343567e+04 2.33029 6.590858e-01
5.840000e-01 5.000000e+00 2.314462e+00 2.651531e+00 1.163472e+01 1.331479e+04 1.341495e+04 2.33047 6.591205e-01
5.830000e-01 5.000000e+00 2.314508e+00 2.651581e+00 1.164656e+01 1.331533e+04 1.339424e+04 2.3306 6.591582e-01
5.820000e-01 5.000000e+00 2.314542e+00 2.651618e+00 1.165846e+01 1.331575e+04 1.337346e+04 2.3307 6.591872e-01
5.810000e-01 5.000000e+00 2.314564e+00 2.651641e+00 1.167040e+01 1.331604e+04 1.335260e+04 2.33076 6.592068e-01
5.800000e-01 5.000000e+00 2.314574e+00 2.651649e+00 1.168239e+01 1.331619e+04 1.333169e+04 2.33079 6.592168e-01
5.790000e-01 5.000000e+00 2.314572e+00 2.651645e+00 1.169444e+01 1.331622e+04 1.331067e+04 2.33079 6.592184e-01
5.793493e-01 5.000000e+00 2.315025e+00 2.652311e+00 1.169164e+01 1.331496e+04 1.331599e+04 2.33118 6.590102e-01
