1.000000e+00 6.080270e-01 9.723335e-01 1.033905e+00 1.263911e+01 0.000000e+00 7.991214e+03 0 0.000000e+00
9.990000e-01 6.080270e-01 9.725917e-01 1.034190e+00 1.264398e+01 3.172767e+02 7.979781e+03 0.980397 3.741677e-02
9.980000e-01 6.080270e-01 9.732737e-01 1.034921e+00 1.265187e+01 4.235583e+02 7.971132e+03 0.938427 4.774535e-02
9.970000e-01 6.080270e-01 9.736405e-01 1.035332e+00 1.265715e+01 5.313229e+02 7.966114e+03 0.947558 6.043024e-02
9.960000e-01 6.080270e-01 9.742552e-01 1.035987e+00 1.266472e+01 5.998954e+02 7.959608e+03 0.941395 6.770008e-02
9.950000e-01 6.080270e-01 9.746163e-01 1.036391e+00 1.267001e+01 6.801608e+02 7.955440e+03 0.947009 7.715883e-02
9.940000e-01 6.080270e-01 9.752248e-01 1.037038e+00 1.267759e+01 7.341204e+02 7.949490e+03 0.944102 8.292088e-02
9.930000e-01 6.080270e-01 9.755740e-01 1.037428e+00 1.268287e+01 8.006880e+02 7.945740e+03 0.948303 9.077733e-02
9.920000e-01 6.080270e-01 9.761732e-01 1.038063e+00 1.269046e+01 8.460405e+02 7.940090e+03 0.946728 9.564225e-02
9.910000e-01 6.080270e-01 9.765125e-01 1.038441e+00 1.269576e+01 9.042114e+02 7.936591e+03 0.950194 1.025213e-01
9.900000e-01 6.080270e-01 9.771118e-01 1.039074e+00 1.270341e+01 9.443843e+02 7.931096e+03 0.949331 1.068477e-01
9.890000e-01 6.080270e-01 9.774524e-01 1.039454e+00 1.270874e+01 9.969723e+02 7.927759e+03 0.952383 1.130813e-01
9.880000e-01 6.080270e-01 9.780605e-01 1.040097e+00 1.271648e+01 1.033945e+03 7.922341e+03 0.95194 1.170747e-01
9.870000e-01 6.080270e-01 9.784104e-01 1.040487e+00 1.272186e+01 1.082463e+03 7.919122e+03 0.95473 1.228397e-01
9.860000e-01 6.080270e-01 9.790316e-01 1.041146e+00 1.272967e+01 1.117228e+03 7.913757e+03 0.954569 1.266027e-01
9.850000e-01 6.080270e-01 9.793928e-01 1.041549e+00 1.273510e+01 1.162508e+03 7.910633e+03 0.957168 1.319950e-01
9.840000e-01 6.080270e-01 9.800251e-01 1.042221e+00 1.274296e+01 1.195380e+03 7.905325e+03 0.957218 1.355594e-01
9.830000e-01 6.080270e-01 9.803936e-01 1.042633e+00 1.274842e+01 1.237882e+03 7.902283e+03 0.959657 1.406311e-01
9.820000e-01 6.080270e-01 9.810308e-01 1.043311e+00 1.275629e+01 1.268852e+03 7.897045e+03 0.959879 1.439957e-01
9.810000e-01 6.080270e-01 9.814010e-01 1.043725e+00 1.276176e+01 1.308925e+03 7.894074e+03 0.962179 1.487869e-01
9.800000e-01 6.080270e-01 9.820410e-01 1.044406e+00 1.276965e+01 1.338161e+03 7.888895e+03 0.962549 1.519705e-01
9.790000e-01 6.080270e-01 9.824126e-01 1.044822e+00 1.277513e+01 1.376201e+03 7.885981e+03 0.964743 1.565283e-01
9.780000e-01 6.080270e-01 9.830554e-01 1.045506e+00 1.278305e+01 1.403961e+03 7.880846e+03 0.965233 1.595581e-01
9.770000e-01 6.080270e-01 9.834279e-01 1.045923e+00 1.278855e+01 1.440242e+03 7.877980e+03 0.96734 1.639143e-01
9.760000e-01 6.080270e-01 9.840731e-01 1.046610e+00 1.279649e+01 1.466698e+03 7.872880e+03 0.96793 1.668082e-01
9.750000e-01 6.080270e-01 9.844454e-01 1.047027e+00 1.280200e+01 1.501415e+03 7.870056e+03 0.969962 1.709856e-01
9.740000e-01 6.080270e-01 9.850911e-01 1.047714e+00 1.280996e+01 1.526634e+03 7.864989e+03 0.970637 1.737506e-01
9.730000e-01 6.080270e-01 9.854600e-01 1.048127e+00 1.281548e+01 1.559907e+03 7.862203e+03 0.972597 1.777628e-01
9.720000e-01 6.080270e-01 9.861029e-01 1.048811e+00 1.282343e+01 1.583882e+03 7.857173e+03 0.973346 1.803984e-01
9.710000e-01 6.080270e-01 9.864662e-01 1.049217e+00 1.282896e+01 1.615847e+03 7.854420e+03 0.975241 1.842616e-01
9.700000e-01 6.080270e-01 9.871078e-01 1.049899e+00 1.283693e+01 1.638760e+03 7.849413e+03 0.976059 1.867882e-01
9.690000e-01 6.080270e-01 9.874692e-01 1.050303e+00 1.284247e+01 1.669648e+03 7.846683e+03 0.97791 1.905302e-01
9.680000e-01 6.080270e-01 9.881139e-01 1.050987e+00 1.285050e+01 1.691808e+03 7.841673e+03 0.978786 1.929799e-01
9.670000e-01 6.080270e-01 9.884780e-01 1.051394e+00 1.285608e+01 1.721803e+03 7.838960e+03 0.980611 1.966226e-01
9.660000e-01 6.080270e-01 9.891293e-01 1.052086e+00 1.286418e+01 1.743434e+03 7.833933e+03 0.981537 1.990183e-01
9.650000e-01 6.080270e-01 9.894986e-01 1.052500e+00 1.286980e+01 1.772644e+03 7.831232e+03 0.983342 2.025737e-01
9.640000e-01 6.080270e-01 9.901576e-01 1.053200e+00 1.287797e+01 1.793824e+03 7.826189e+03 0.984311 2.049231e-01
9.630000e-01 6.080270e-01 9.905314e-01 1.053619e+00 1.288362e+01 1.822279e+03 7.823502e+03 0.986096 2.083939e-01
9.620000e-01 6.080270e-01 9.911955e-01 1.054325e+00 1.289183e+01 1.842943e+03 7.818456e+03 0.987104 2.106897e-01
9.610000e-01 6.080270e-01 9.915710e-01 1.054746e+00 1.289751e+01 1.870642e+03 7.815783e+03 0.988864 2.140753e-01
9.600000e-01 6.080270e-01 9.922387e-01 1.055456e+00 1.290575e+01 1.890754e+03 7.810740e+03 0.989909 2.163143e-01
9.590000e-01 6.080270e-01 9.926156e-01 1.055878e+00 1.291145e+01 1.917759e+03 7.808081e+03 0.991648 2.196222e-01
9.580000e-01 6.080270e-01 9.932869e-01 1.056592e+00 1.291973e+01 1.937358e+03 7.803038e+03 0.992729 2.218086e-01
9.570000e-01 6.080270e-01 9.936648e-01 1.057016e+00 1.292544e+01 1.963712e+03 7.800390e+03 0.994448 2.250439e-01
9.560000e-01 6.080270e-01 9.943390e-01 1.057733e+00 1.293375e+01 1.982811e+03 7.795347e+03 0.995562 2.271788e-01
9.550000e-01 6.080270e-01 9.947171e-01 1.058157e+00 1.293949e+01 2.008542e+03 7.792711e+03 0.997261 2.303446e-01
9.540000e-01 6.080270e-01 9.953931e-01 1.058876e+00 1.294783e+01 2.027129e+03 7.787671e+03 0.998406 2.324270e-01
9.530000e-01 6.080270e-01 9.957691e-01 1.059298e+00 1.295357e+01 2.052243e+03 7.785046e+03 1.00008 2.355238e-01
9.520000e-01 6.080270e-01 9.964446e-01 1.060016e+00 1.296192e+01 2.070266e+03 7.780015e+03 1.00126 2.375483e-01
9.510000e-01 6.080270e-01 9.968170e-01 1.060433e+00 1.296767e+01 2.094783e+03 7.777401e+03 1.00291 2.405787e-01
9.500000e-01 6.080270e-01 9.974926e-01 1.061151e+00 1.297604e+01 2.112293e+03 7.772373e+03 1.00411 2.425514e-01
9.490000e-01 6.080270e-01 9.978637e-01 1.061567e+00 1.298181e+01 2.136305e+03 7.769764e+03 1.00575 2.455266e-01
9.480000e-01 6.080270e-01 9.985424e-01 1.062288e+00 1.299023e+01 2.153448e+03 7.764721e+03 1.00698 2.474627e-01
9.470000e-01 6.080270e-01 9.989154e-01 1.062706e+00 1.299604e+01 2.177033e+03 7.762113e+03 1.00862 2.503921e-01
9.460000e-01 6.080270e-01 9.995997e-01 1.063433e+00 1.300452e+01 2.193913e+03 7.757046e+03 1.00987 2.523021e-01
9.450000e-01 6.080270e-01 9.999766e-01 1.063855e+00 1.301036e+01 2.217114e+03 7.754438e+03 1.01151 2.551903e-01
9.440000e-01 6.080270e-01 1.000667e+00 1.064590e+00 1.301891e+01 2.233767e+03 7.749346e+03 1.01279 2.570775e-01
9.430000e-01 6.080270e-01 1.001047e+00 1.065016e+00 1.302479e+01 2.256584e+03 7.746740e+03 1.01442 2.599240e-01
9.420000e-01 6.080270e-01 1.001743e+00 1.065755e+00 1.303338e+01 2.272966e+03 7.741633e+03 1.01572 2.617833e-01
9.410000e-01 6.080270e-01 1.002124e+00 1.066183e+00 1.303928e+01 2.295386e+03 7.739030e+03 1.01734 2.645865e-01
9.400000e-01 6.080270e-01 1.002823e+00 1.066927e+00 1.304792e+01 2.311474e+03 7.733913e+03 1.01867 2.664161e-01
9.390000e-01 6.080270e-01 1.003206e+00 1.067356e+00 1.305384e+01 2.333522e+03 7.731312e+03 1.02029 2.691788e-01
9.380000e-01 6.080270e-01 1.003909e+00 1.068104e+00 1.306252e+01 2.349331e+03 7.726183e+03 1.02163 2.709802e-01
9.370000e-01 6.080270e-01 1.004293e+00 1.068534e+00 1.306846e+01 2.371019e+03 7.723584e+03 1.02324 2.737038e-01
9.360000e-01 6.080270e-01 1.004999e+00 1.069286e+00 1.307718e+01 2.386539e+03 7.718445e+03 1.02461 2.754760e-01
9.350000e-01 6.080270e-01 1.005383e+00 1.069717e+00 1.308315e+01 2.407868e+03 7.715848e+03 1.02622 2.781608e-01
9.340000e-01 6.080270e-01 1.006091e+00 1.070470e+00 1.309190e+01 2.423075e+03 7.710703e+03 1.0276 2.799010e-01
9.330000e-01 6.080270e-01 1.006473e+00 1.070899e+00 1.309787e+01 2.444033e+03 7.708110e+03 1.0292 2.825453e-01
9.320000e-01 6.080270e-01 1.007181e+00 1.071652e+00 1.310663e+01 2.458880e+03 7.702967e+03 1.0306 2.842492e-01
9.310000e-01 6.080270e-01 1.007561e+00 1.072077e+00 1.311262e+01 2.479476e+03 7.700377e+03 1.03218 2.868544e-01
9.300000e-01 6.080270e-01 1.008270e+00 1.072832e+00 1.312141e+01 2.494012e+03 7.695230e+03 1.03361 2.885274e-01
9.290000e-01 6.080270e-01 1.008649e+00 1.073257e+00 1.312742e+01 2.514305e+03 7.692640e+03 1.03519 2.911007e-01
9.280000e-01 6.080270e-01 1.009362e+00 1.074016e+00 1.313626e+01 2.528621e+03 7.687473e+03 1.03663 2.927524e-01
9.270000e-01 6.080270e-01 1.009743e+00 1.074443e+00 1.314230e+01 2.548658e+03 7.684881e+03 1.03821 2.952993e-01
9.260000e-01 6.080270e-01 1.010462e+00 1.075208e+00 1.315122e+01 2.562813e+03 7.679687e+03 1.03968 2.969354e-01
9.250000e-01 6.080270e-01 1.010847e+00 1.075639e+00 1.315729e+01 2.582612e+03 7.677090e+03 1.04126 2.994579e-01
9.240000e-01 6.080270e-01 1.011571e+00 1.076410e+00 1.316627e+01 2.596617e+03 7.671871e+03 1.04274 3.010790e-01
9.230000e-01 6.080270e-01 1.011958e+00 1.076843e+00 1.317238e+01 2.616168e+03 7.669272e+03 1.04433 3.035752e-01
9.220000e-01 6.080270e-01 1.012686e+00 1.077619e+00 1.318140e+01 2.629983e+03 7.664036e+03 1.04583 3.051772e-01
9.210000e-01 6.080270e-01 1.013074e+00 1.078054e+00 1.318753e+01 2.649279e+03 7.661436e+03 1.04742 3.076466e-01
9.200000e-01 6.080270e-01 1.013807e+00 1.078834e+00 1.319660e+01 2.662900e+03 7.656186e+03 1.04894 3.092293e-01
9.190000e-01 6.080270e-01 1.014196e+00 1.079271e+00 1.320276e+01 2.681955e+03 7.653584e+03 1.05052 3.116734e-01
9.180000e-01 6.080270e-01 1.014949e+00 1.080074e+00 1.321196e+01 2.695312e+03 7.648272e+03 1.05209 3.132280e-01
9.170000e-01 6.080270e-01 1.015328e+00 1.080499e+00 1.321809e+01 2.714182e+03 7.645702e+03 1.05365 3.156539e-01
9.160000e-01 6.080270e-01 1.016079e+00 1.081300e+00 1.322730e+01 2.727358e+03 7.640389e+03 1.05523 3.171908e-01
9.150000e-01 6.080270e-01 1.016457e+00 1.081725e+00 1.323345e+01 2.745984e+03 7.637819e+03 1.05679 3.195909e-01
9.140000e-01 6.080270e-01 1.017211e+00 1.082528e+00 1.324269e+01 2.758924e+03 7.632499e+03 1.05838 3.211042e-01
9.130000e-01 6.080270e-01 1.017587e+00 1.082950e+00 1.324885e+01 2.777287e+03 7.629930e+03 1.05993 3.234767e-01
9.120000e-01 6.080270e-01 1.018341e+00 1.083754e+00 1.325812e+01 2.789969e+03 7.624609e+03 1.06154 3.249642e-01
9.110000e-01 6.080270e-01 1.018715e+00 1.084174e+00 1.326429e+01 2.808094e+03 7.622040e+03 1.06309 3.273120e-01
9.100000e-01 6.080270e-01 1.019473e+00 1.084981e+00 1.327360e+01 2.820578e+03 7.616705e+03 1.06471 3.287805e-01
9.090000e-01 6.080270e-01 1.019847e+00 1.085402e+00 1.327981e+01 2.838504e+03 7.614132e+03 1.06626 3.311085e-01
9.080000e-01 6.080270e-01 1.020609e+00 1.086214e+00 1.328918e+01 2.850853e+03 7.608770e+03 1.0679 3.325641e-01
9.070000e-01 6.080270e-01 1.020986e+00 1.086637e+00 1.329542e+01 2.868607e+03 7.606191e+03 1.06946 3.348754e-01
9.060000e-01 6.080270e-01 1.021754e+00 1.087455e+00 1.330486e+01 2.880846e+03 7.600799e+03 1.07112 3.363203e-01
9.050000e-01 6.080270e-01 1.022134e+00 1.087882e+00 1.331114e+01 2.898431e+03 7.598214e+03 1.07268 3.386147e-01
9.040000e-01 6.080270e-01 1.022906e+00 1.088706e+00 1.332064e+01 2.910546e+03 7.592797e+03 1.07436 3.400474e-01
9.030000e-01 6.080270e-01 1.023287e+00 1.089134e+00 1.332694e+01 2.927946e+03 7.590208e+03 1.07592 3.423229e-01
9.020000e-01 6.080270e-01 1.024064e+00 1.089962e+00 1.333649e+01 2.939912e+03 7.584775e+03 1.07761 3.437406e-01
9.010000e-01 6.080270e-01 1.024445e+00 1.090391e+00 1.334282e+01 2.957129e+03 7.582182e+03 1.07918 3.459977e-01
9.000000e-01 6.080270e-01 1.025226e+00 1.091223e+00 1.335242e+01 2.968954e+03 7.576728e+03 1.08089 3.474013e-01
8.990000e-01 6.080270e-01 1.025608e+00 1.091653e+00 1.335877e+01 2.985996e+03 7.574132e+03 1.08245 3.496407e-01
8.980000e-01 6.080270e-01 1.026393e+00 1.092490e+00 1.336843e+01 2.997677e+03 7.568658e+03 1.08417 3.510300e-01
8.970000e-01 6.080270e-01 1.026775e+00 1.092920e+00 1.337480e+01 3.014539e+03 7.566056e+03 1.08574 3.532511e-01
8.960000e-01 6.080270e-01 1.027563e+00 1.093760e+00 1.338450e+01 3.026058e+03 7.560566e+03 1.08748 3.546241e-01
8.950000e-01 6.080270e-01 1.027944e+00 1.094188e+00 1.339089e+01 3.042728e+03 7.557962e+03 1.08904 3.568256e-01
8.940000e-01 6.080270e-01 1.028732e+00 1.095029e+00 1.340061e+01 3.054050e+03 7.552461e+03 1.09079 3.581788e-01
8.930000e-01 6.080270e-01 1.029111e+00 1.095455e+00 1.340702e+01 3.070528e+03 7.549854e+03 1.09235 3.603607e-01
8.920000e-01 6.080270e-01 1.029902e+00 1.096298e+00 1.341678e+01 3.081676e+03 7.544339e+03 1.09411 3.616970e-01
8.910000e-01 6.080270e-01 1.030280e+00 1.096724e+00 1.342322e+01 3.097992e+03 7.541727e+03 1.09567 3.638632e-01
8.900000e-01 6.080270e-01 1.031075e+00 1.097571e+00 1.343304e+01 3.109019e+03 7.536185e+03 1.09746 3.651880e-01
8.890000e-01 6.080270e-01 1.031455e+00 1.097999e+00 1.343951e+01 3.125203e+03 7.533564e+03 1.09902 3.673419e-01
8.880000e-01 6.080270e-01 1.032256e+00 1.098852e+00 1.344940e+01 3.136144e+03 7.527987e+03 1.10082 3.686585e-01
8.870000e-01 6.080270e-01 1.032638e+00 1.099282e+00 1.345591e+01 3.152200e+03 7.525356e+03 1.10239 3.708005e-01
8.860000e-01 6.080270e-01 1.033444e+00 1.100141e+00 1.346587e+01 3.163057e+03 7.519745e+03 1.1042 3.721087e-01
8.850000e-01 6.080270e-01 1.033827e+00 1.100572e+00 1.347241e+01 3.178978e+03 7.517107e+03 1.10578 3.742376e-01
8.840000e-01 6.080270e-01 1.034637e+00 1.101436e+00 1.348243e+01 3.189722e+03 7.511469e+03 1.10761 3.755345e-01
8.830000e-01 6.080270e-01 1.035021e+00 1.101868e+00 1.348900e+01 3.205500e+03 7.508823e+03 1.10918 3.776492e-01
8.820000e-01 6.080270e-01 1.035835e+00 1.102737e+00 1.349908e+01 3.216133e+03 7.503161e+03 1.11103 3.789348e-01
8.810000e-01 6.080270e-01 1.036219e+00 1.103169e+00 1.350567e+01 3.231773e+03 7.500508e+03 1.11261 3.810361e-01
8.800000e-01 6.080270e-01 1.037038e+00 1.104042e+00 1.351580e+01 3.242293e+03 7.494820e+03 1.11446 3.823104e-01
8.790000e-01 6.080270e-01 1.037422e+00 1.104475e+00 1.352243e+01 3.257793e+03 7.492160e+03 1.11604 3.843980e-01
8.780000e-01 6.080270e-01 1.038243e+00 1.105351e+00 1.353260e+01 3.268185e+03 7.486450e+03 1.11791 3.856593e-01
8.770000e-01 6.080270e-01 1.038627e+00 1.105783e+00 1.353925e+01 3.283535e+03 7.483784e+03 1.11949 3.877320e-01
8.760000e-01 6.080270e-01 1.039450e+00 1.106661e+00 1.354946e+01 3.293775e+03 7.478057e+03 1.12138 3.889778e-01
8.750000e-01 6.080270e-01 1.039831e+00 1.107090e+00 1.355612e+01 3.308968e+03 7.475386e+03 1.12295 3.910348e-01
8.740000e-01 6.080270e-01 1.040656e+00 1.107970e+00 1.356637e+01 3.319056e+03 7.469641e+03 1.12485 3.922658e-01
8.730000e-01 6.080270e-01 1.041036e+00 1.108397e+00 1.357306e+01 3.334115e+03 7.466963e+03 1.12642 3.943100e-01
8.720000e-01 6.080270e-01 1.041866e+00 1.109281e+00 1.358337e+01 3.344095e+03 7.461190e+03 1.12833 3.955306e-01
8.710000e-01 6.080270e-01 1.042246e+00 1.109710e+00 1.359009e+01 3.359044e+03 7.458502e+03 1.12992 3.975651e-01
8.700000e-01 6.080270e-01 1.043081e+00 1.110600e+00 1.360048e+01 3.368950e+03 7.452691e+03 1.13184 3.987787e-01
8.690000e-01 6.080270e-01 1.043464e+00 1.111031e+00 1.360724e+01 3.383798e+03 7.449992e+03 1.13343 4.008044e-01
8.680000e-01 6.080270e-01 1.044304e+00 1.111927e+00 1.361770e+01 3.393634e+03 7.444143e+03 1.13538 4.020110e-01
8.670000e-01 6.080270e-01 1.044688e+00 1.112360e+00 1.362450e+01 3.408376e+03 7.441434e+03 1.13697 4.040268e-01
8.660000e-01 6.080270e-01 1.045532e+00 1.113260e+00 1.363503e+01 3.418121e+03 7.435554e+03 1.13893 4.052241e-01
8.650000e-01 6.080270e-01 1.045916e+00 1.113693e+00 1.364185e+01 3.432746e+03 7.432836e+03 1.14052 4.072289e-01
8.640000e-01 6.080270e-01 1.046765e+00 1.114598e+00 1.365244e+01 3.442398e+03 7.426926e+03 1.14249 4.084166e-01
8.630000e-01 6.080270e-01 1.047150e+00 1.115032e+00 1.365929e+01 3.456911e+03 7.424198e+03 1.14409 4.104109e-01
8.620000e-01 6.080270e-01 1.048003e+00 1.115942e+00 1.366994e+01 3.466469e+03 7.418259e+03 1.14608 4.115891e-01
8.610000e-01 6.080270e-01 1.048388e+00 1.116376e+00 1.367683e+01 3.480869e+03 7.415523e+03 1.14768 4.135727e-01
8.600000e-01 6.080270e-01 1.049244e+00 1.117289e+00 1.368753e+01 3.490320e+03 7.409558e+03 1.14968 4.147400e-01
8.590000e-01 6.080270e-01 1.049628e+00 1.117722e+00 1.369444e+01 3.504597e+03 7.406814e+03 1.15128 4.167119e-01
8.580000e-01 6.080270e-01 1.050487e+00 1.118638e+00 1.370519e+01 3.513919e+03 7.400830e+03 1.15329 4.178661e-01
8.570000e-01 6.080270e-01 1.050868e+00 1.119068e+00 1.371211e+01 3.528065e+03 7.398080e+03 1.15489 4.198254e-01
8.560000e-01 6.080270e-01 1.051730e+00 1.119987e+00 1.372290e+01 3.537254e+03 7.392077e+03 1.15692 4.209664e-01
8.550000e-01 6.080270e-01 1.052110e+00 1.120415e+00 1.372986e+01 3.551285e+03 7.389318e+03 1.15852 4.229153e-01
8.540000e-01 6.080270e-01 1.052975e+00 1.121338e+00 1.374071e+01 3.560378e+03 7.383285e+03 1.16056 4.240469e-01
8.530000e-01 6.080270e-01 1.053356e+00 1.121767e+00 1.374770e+01 3.574317e+03 7.380516e+03 1.16216 4.259880e-01
8.520000e-01 6.080270e-01 1.054227e+00 1.122696e+00 1.375863e+01 3.583345e+03 7.374443e+03 1.16422 4.271133e-01
8.510000e-01 6.080270e-01 1.054609e+00 1.123127e+00 1.376566e+01 3.597201e+03 7.371661e+03 1.16583 4.290475e-01
8.500000e-01 6.080270e-01 1.055485e+00 1.124062e+00 1.377668e+01 3.606167e+03 7.365546e+03 1.16791 4.301666e-01
8.490000e-01 6.080270e-01 1.055868e+00 1.124494e+00 1.378374e+01 3.619933e+03 7.362753e+03 1.16952 4.320931e-01
8.480000e-01 6.080270e-01 1.056749e+00 1.125434e+00 1.379483e+01 3.628819e+03 7.356604e+03 1.17161 4.332037e-01
8.470000e-01 6.080270e-01 1.057132e+00 1.125866e+00 1.380193e+01 3.642487e+03 7.353800e+03 1.17323 4.351212e-01
8.460000e-01 6.080270e-01 1.058018e+00 1.126810e+00 1.381307e+01 3.651288e+03 7.347620e+03 1.17533 4.362231e-01
8.450000e-01 6.080270e-01 1.058401e+00 1.127243e+00 1.382021e+01 3.664861e+03 7.344806e+03 1.17696 4.381320e-01
8.440000e-01 6.080270e-01 1.059290e+00 1.128192e+00 1.383142e+01 3.673577e+03 7.338594e+03 1.17907 4.392252e-01
8.430000e-01 6.080270e-01 1.059673e+00 1.128625e+00 1.383858e+01 3.687053e+03 7.335770e+03 1.1807 4.411253e-01
8.420000e-01 6.080270e-01 1.060567e+00 1.129577e+00 1.384986e+01 3.695673e+03 7.329530e+03 1.18283 4.422084e-01
8.410000e-01 6.080270e-01 1.060948e+00 1.130009e+00 1.385705e+01 3.709042e+03 7.326698e+03 1.18446 4.440986e-01
8.400000e-01 6.080270e-01 1.061844e+00 1.130964e+00 1.386837e+01 3.717545e+03 7.320435e+03 1.1866 4.451698e-01
8.390000e-01 6.080270e-01 1.062223e+00 1.131393e+00 1.387558e+01 3.730803e+03 7.317595e+03 1.18822 4.470496e-01
8.380000e-01 6.080270e-01 1.063122e+00 1.132351e+00 1.388695e+01 3.739193e+03 7.311309e+03 1.19038 4.481094e-01
8.370000e-01 6.080270e-01 1.063500e+00 1.132778e+00 1.389419e+01 3.752356e+03 7.308458e+03 1.192 4.499811e-01
8.360000e-01 6.080270e-01 1.064402e+00 1.133740e+00 1.390563e+01 3.760664e+03 7.302136e+03 1.19417 4.510328e-01
8.350000e-01 6.080270e-01 1.064781e+00 1.134169e+00 1.391291e+01 3.773749e+03 7.299272e+03 1.19581 4.528984e-01
8.340000e-01 6.080270e-01 1.065689e+00 1.135137e+00 1.392444e+01 3.782003e+03 7.292905e+03 1.19799 4.539445e-01
8.330000e-01 6.080270e-01 1.066068e+00 1.135566e+00 1.393176e+01 3.795017e+03 7.290026e+03 1.19963 4.558045e-01
8.320000e-01 6.080270e-01 1.066982e+00 1.136540e+00 1.394338e+01 3.803211e+03 7.283614e+03 1.20183 4.568444e-01
8.310000e-01 6.080270e-01 1.067362e+00 1.136970e+00 1.395074e+01 3.816147e+03 7.280723e+03 1.20348 4.586977e-01
8.300000e-01 6.080270e-01 1.068280e+00 1.137949e+00 1.396243e+01 3.824268e+03 7.274271e+03 1.20569 4.597296e-01
8.290000e-01 6.080270e-01 1.068660e+00 1.138379e+00 1.396982e+01 3.837120e+03 7.271367e+03 1.20734 4.615755e-01
8.280000e-01 6.080270e-01 1.069582e+00 1.139362e+00 1.398158e+01 3.845164e+03 7.264879e+03 1.20957 4.625993e-01
8.270000e-01 6.080270e-01 1.069961e+00 1.139792e+00 1.398901e+01 3.857933e+03 7.261963e+03 1.21122 4.644379e-01
8.260000e-01 6.080270e-01 1.070888e+00 1.140780e+00 1.400084e+01 3.865900e+03 7.255439e+03 1.21346 4.654533e-01
8.250000e-01 6.080270e-01 1.071266e+00 1.141209e+00 1.400830e+01 3.878579e+03 7.252513e+03 1.21511 4.672839e-01
8.240000e-01 6.080270e-01 1.072196e+00 1.142200e+00 1.402020e+01 3.886454e+03 7.245956e+03 1.21737 4.682894e-01
8.230000e-01 6.080270e-01 1.072572e+00 1.142627e+00 1.402768e+01 3.899039e+03 7.243018e+03 1.21902 4.701113e-01
8.220000e-01 6.080270e-01 1.073504e+00 1.143620e+00 1.403963e+01 3.906807e+03 7.236434e+03 1.22128 4.711055e-01
8.210000e-01 6.080270e-01 1.073878e+00 1.144044e+00 1.404714e+01 3.919296e+03 7.233485e+03 1.22293 4.729188e-01
8.200000e-01 6.080270e-01 1.074813e+00 1.145041e+00 1.405914e+01 3.926970e+03 7.226870e+03 1.22521 4.739033e-01
8.190000e-01 6.080270e-01 1.075186e+00 1.145464e+00 1.406669e+01 3.939380e+03 7.223908e+03 1.22686 4.757104e-01
8.180000e-01 6.080270e-01 1.076126e+00 1.146466e+00 1.407878e+01 3.946987e+03 7.217251e+03 1.22916 4.766880e-01
8.170000e-01 6.080270e-01 1.076500e+00 1.146890e+00 1.408637e+01 3.959334e+03 7.214275e+03 1.23081 4.784906e-01
8.160000e-01 6.080270e-01 1.077446e+00 1.147898e+00 1.409856e+01 3.966888e+03 7.207570e+03 1.23313 4.794627e-01
8.150000e-01 6.080270e-01 1.077820e+00 1.148323e+00 1.410619e+01 3.979169e+03 7.204579e+03 1.23479 4.812604e-01
8.140000e-01 6.080270e-01 1.078771e+00 1.149336e+00 1.411846e+01 3.986662e+03 7.197827e+03 1.23712 4.822256e-01
8.130000e-01 6.080270e-01 1.079145e+00 1.149761e+00 1.412613e+01 3.998871e+03 7.194823e+03 1.23878 4.840173e-01
8.120000e-01 6.080270e-01 1.080100e+00 1.150779e+00 1.413849e+01 4.006294e+03 7.188030e+03 1.24113 4.849748e-01
8.110000e-01 6.080270e-01 1.080473e+00 1.151203e+00 1.414620e+01 4.018429e+03 7.185012e+03 1.2428 4.867602e-01
8.100000e-01 6.080270e-01 1.081433e+00 1.152226e+00 1.415863e+01 4.025779e+03 7.178178e+03 1.24516 4.877098e-01
8.090000e-01 6.080270e-01 1.081806e+00 1.152650e+00 1.416637e+01 4.037837e+03 7.175148e+03 1.24682 4.894887e-01
8.080000e-01 6.080270e-01 1.082786e+00 1.153696e+00 1.417898e+01 4.045066e+03 7.168226e+03 1.24923 4.904208e-01
8.070000e-01 6.080270e-01 1.083146e+00 1.154105e+00 1.418668e+01 4.057074e+03 7.165219e+03 1.25088 4.921985e-01
8.060000e-01 6.080270e-01 1.084124e+00 1.155148e+00 1.419932e+01 4.064220e+03 7.158282e+03 1.25328 4.931231e-01
8.050000e-01 6.080270e-01 1.084480e+00 1.155554e+00 1.420706e+01 4.076138e+03 7.155265e+03 1.25493 4.948930e-01
8.040000e-01 6.080270e-01 1.085461e+00 1.156600e+00 1.421975e+01 4.083183e+03 7.148300e+03 1.25735 4.958069e-01
8.030000e-01 6.080270e-01 1.085816e+00 1.157004e+00 1.422752e+01 4.095022e+03 7.145272e+03 1.25899 4.975704e-01
8.020000e-01 6.080270e-01 1.086801e+00 1.158054e+00 1.424029e+01 4.101988e+03 7.138268e+03 1.26143 4.984761e-01
8.010000e-01 6.080270e-01 1.087155e+00 1.158457e+00 1.424810e+01 4.113762e+03 7.135226e+03 1.26308 5.002351e-01
8.000000e-01 6.080270e-01 1.088146e+00 1.159514e+00 1.426098e+01 4.120673e+03 7.128173e+03 1.26553 5.011348e-01
7.990000e-01 6.080270e-01 1.088500e+00 1.159918e+00 1.426883e+01 4.132392e+03 7.125116e+03 1.26719 5.028902e-01
7.980000e-01 6.080270e-01 1.089496e+00 1.160980e+00 1.428181e+01 4.139246e+03 7.118012e+03 1.26966 5.037837e-01
7.970000e-01 6.080270e-01 1.089851e+00 1.161384e+00 1.428971e+01 4.150902e+03 7.114941e+03 1.27132 5.055344e-01
7.960000e-01 6.080270e-01 1.090851e+00 1.162452e+00 1.430278e+01 4.157688e+03 7.107791e+03 1.27381 5.064203e-01
7.950000e-01 6.080270e-01 1.091205e+00 1.162855e+00 1.431071e+01 4.169278e+03 7.104708e+03 1.27547 5.081659e-01
7.940000e-01 6.080270e-01 1.092211e+00 1.163928e+00 1.432387e+01 4.175994e+03 7.097519e+03 1.27797 5.090440e-01
7.930000e-01 6.080270e-01 1.092563e+00 1.164330e+00 1.433185e+01 4.187514e+03 7.094423e+03 1.27964 5.107842e-01
7.920000e-01 6.080270e-01 1.093573e+00 1.165408e+00 1.434509e+01 4.194156e+03 7.087193e+03 1.28215 5.116539e-01
7.910000e-01 6.080270e-01 1.093924e+00 1.165809e+00 1.435310e+01 4.205604e+03 7.084085e+03 1.28382 5.133883e-01
7.900000e-01 6.080270e-01 1.094937e+00 1.166890e+00 1.436642e+01 4.212163e+03 7.076817e+03 1.28635 5.142487e-01
7.890000e-01 6.080270e-01 1.095286e+00 1.167288e+00 1.437446e+01 4.223532e+03 7.073698e+03 1.28802 5.159763e-01
7.880000e-01 6.080270e-01 1.096302e+00 1.168372e+00 1.438784e+01 4.229993e+03 7.066399e+03 1.29056 5.168260e-01
7.870000e-01 6.080270e-01 1.096647e+00 1.168766e+00 1.439591e+01 4.241284e+03 7.063268e+03 1.29222 5.185471e-01
7.860000e-01 6.080270e-01 1.097666e+00 1.169854e+00 1.440938e+01 4.247661e+03 7.055931e+03 1.29478 5.193878e-01
7.850000e-01 6.080270e-01 1.098010e+00 1.170247e+00 1.441749e+01 4.258889e+03 7.052786e+03 1.29644 5.211046e-01
7.840000e-01 6.080270e-01 1.099035e+00 1.171340e+00 1.443106e+01 4.265205e+03 7.045398e+03 1.29902 5.219384e-01
7.830000e-01 6.080270e-01 1.099378e+00 1.171733e+00 1.443921e+01 4.276381e+03 7.042236e+03 1.30069 5.236520e-01
7.820000e-01 6.080270e-01 1.100408e+00 1.172832e+00 1.445289e+01 4.282644e+03 7.034791e+03 1.30328 5.244795e-01
7.810000e-01 6.080270e-01 1.100751e+00 1.173225e+00 1.446110e+01 4.293766e+03 7.031612e+03 1.30495 5.261893e-01
7.800000e-01 6.080270e-01 1.101786e+00 1.174329e+00 1.447488e+01 4.299969e+03 7.024111e+03 1.30756 5.270095e-01
7.790000e-01 6.080270e-01 1.102127e+00 1.174720e+00 1.448313e+01 4.311029e+03 7.020917e+03 1.30923 5.287147e-01
7.780000e-01 6.080270e-01 1.103167e+00 1.175829e+00 1.449702e+01 4.317167e+03 7.013365e+03 1.31185 5.295269e-01
7.770000e-01 6.080270e-01 1.103507e+00 1.176219e+00 1.450530e+01 4.328167e+03 7.010154e+03 1.31353 5.312275e-01
7.760000e-01 6.080270e-01 1.104550e+00 1.177332e+00 1.451928e+01 4.334236e+03 7.002553e+03 1.31616 5.320313e-01
7.750000e-01 6.080270e-01 1.104888e+00 1.177720e+00 1.452761e+01 4.345172e+03 6.999326e+03 1.31784 5.337269e-01
7.740000e-01 6.080270e-01 1.105935e+00 1.178836e+00 1.454168e+01 4.351167e+03 6.991677e+03 1.32048 5.345217e-01
7.730000e-01 6.080270e-01 1.106270e+00 1.179221e+00 1.455004e+01 4.362033e+03 6.988436e+03 1.32215 5.362114e-01
7.720000e-01 6.080270e-01 1.107320e+00 1.180341e+00 1.456420e+01 4.367937e+03 6.980746e+03 1.32481 5.369957e-01
7.710000e-01 6.080270e-01 1.107651e+00 1.180721e+00 1.457259e+01 4.378728e+03 6.977492e+03 1.32648 5.386793e-01
7.700000e-01 6.080270e-01 1.108704e+00 1.181844e+00 1.458682e+01 4.384549e+03 6.969760e+03 1.32915 5.394538e-01
7.690000e-01 6.080270e-01 1.109032e+00 1.182222e+00 1.459525e+01 4.395280e+03 6.966489e+03 1.33082 5.411331e-01
7.680000e-01 6.080270e-01 1.110090e+00 1.183349e+00 1.460959e+01 4.401033e+03 6.958703e+03 1.3335 5.418998e-01
7.670000e-01 6.080270e-01 1.110417e+00 1.183726e+00 1.461808e+01 4.411715e+03 6.955414e+03 1.33517 5.435760e-01
7.660000e-01 6.080270e-01 1.111480e+00 1.184859e+00 1.463254e+01 4.417417e+03 6.947562e+03 1.33787 5.443361e-01
7.650000e-01 6.080270e-01 1.111806e+00 1.185235e+00 1.464107e+01 4.428048e+03 6.944255e+03 1.33955 5.460090e-01
7.640000e-01 6.080270e-01 1.112873e+00 1.186373e+00 1.465566e+01 4.433693e+03 6.936341e+03 1.34226 5.467615e-01
7.630000e-01 6.080270e-01 1.113197e+00 1.186747e+00 1.466423e+01 4.444267e+03 6.933015e+03 1.34393 5.484302e-01
7.620000e-01 6.080270e-01 1.114269e+00 1.187889e+00 1.467892e+01 4.449844e+03 6.925043e+03 1.34666 5.491741e-01
7.610000e-01 6.080270e-01 1.114591e+00 1.188261e+00 1.468755e+01 4.460364e+03 6.921699e+03 1.34834 5.508389e-01
7.600000e-01 6.080270e-01 1.115667e+00 1.189408e+00 1.470235e+01 4.465873e+03 6.913671e+03 1.35107 5.515742e-01
7.590000e-01 6.080270e-01 1.115986e+00 1.189777e+00 1.471101e+01 4.476334e+03 6.910311e+03 1.35275 5.532344e-01
7.580000e-01 6.080270e-01 1.117066e+00 1.190928e+00 1.472592e+01 4.481770e+03 6.902230e+03 1.3555 5.539605e-01
7.570000e-01 6.080270e-01 1.117382e+00 1.191294e+00 1.473462e+01 4.492164e+03 6.898854e+03 1.35717 5.556155e-01
7.560000e-01 6.080270e-01 1.118464e+00 1.192447e+00 1.474961e+01 4.497514e+03 6.890728e+03 1.35993 5.563309e-01
7.550000e-01 6.080270e-01 1.118776e+00 1.192808e+00 1.475835e+01 4.507838e+03 6.887336e+03 1.3616 5.579802e-01
7.540000e-01 6.080270e-01 1.119861e+00 1.193965e+00 1.477343e+01 4.513099e+03 6.879165e+03 1.36437 5.586853e-01
7.530000e-01 6.080270e-01 1.120573e+00 1.194738e+00 1.478549e+01 4.520827e+03 6.873306e+03 1.36662 5.598512e-01
7.520000e-01 6.080270e-01 1.120872e+00 1.195085e+00 1.479424e+01 4.531082e+03 6.869917e+03 1.36827 5.614990e-01
7.510000e-01 6.080270e-01 1.121958e+00 1.196243e+00 1.480948e+01 4.536256e+03 6.861668e+03 1.37106 5.621943e-01
7.500000e-01 6.080270e-01 1.122672e+00 1.197019e+00 1.482167e+01 4.543907e+03 6.855736e+03 1.37331 5.633518e-01
7.490000e-01 6.080270e-01 1.123373e+00 1.197781e+00 1.483383e+01 4.551548e+03 6.849829e+03 1.37555 5.645130e-01
7.480000e-01 6.080270e-01 1.124075e+00 1.198543e+00 1.484603e+01 4.559162e+03 6.843900e+03 1.37779 5.656712e-01
7.470000e-01 6.080270e-01 1.124776e+00 1.199305e+00 1.485827e+01 4.566747e+03 6.837950e+03 1.38003 5.668260e-01
7.460000e-01 6.080270e-01 1.125478e+00 1.200067e+00 1.487055e+01 4.574301e+03 6.831978e+03 1.38227 5.679777e-01
7.450000e-01 6.080270e-01 1.126181e+00 1.200830e+00 1.488288e+01 4.581827e+03 6.825984e+03 1.38452 5.691263e-01
7.440000e-01 6.080270e-01 1.126883e+00 1.201593e+00 1.489525e+01 4.589321e+03 6.819968e+03 1.38677 5.702712e-01
7.430000e-01 6.080270e-01 1.127585e+00 1.202356e+00 1.490767e+01 4.596783e+03 6.813932e+03 1.38902 5.714126e-01
7.420000e-01 6.080270e-01 1.128287e+00 1.203118e+00 1.492012e+01 4.604211e+03 6.807876e+03 1.39127 5.725504e-01
7.410000e-01 6.080270e-01 1.128988e+00 1.203880e+00 1.493260e+01 4.611602e+03 6.801801e+03 1.39352 5.736838e-01
7.400000e-01 6.080270e-01 1.129688e+00 1.204641e+00 1.494512e+01 4.618954e+03 6.795707e+03 1.39577 5.748130e-01
7.390000e-01 6.080270e-01 1.130388e+00 1.205400e+00 1.495767e+01 4.626266e+03 6.789595e+03 1.39802 5.759379e-01
7.380000e-01 6.080270e-01 1.131087e+00 1.206160e+00 1.497027e+01 4.633548e+03 6.783464e+03 1.40027 5.770595e-01
7.370000e-01 6.080270e-01 1.131786e+00 1.206919e+00 1.498291e+01 4.640798e+03 6.777308e+03 1.40252 5.781777e-01
7.360000e-01 6.080270e-01 1.132486e+00 1.207679e+00 1.499560e+01 4.648017e+03 6.771131e+03 1.40478 5.792929e-01
7.350000e-01 6.080270e-01 1.133186e+00 1.208440e+00 1.500834e+01 4.655214e+03 6.764929e+03 1.40704 5.804056e-01
7.340000e-01 6.080270e-01 1.133887e+00 1.209201e+00 1.502113e+01 4.662383e+03 6.758703e+03 1.40931 5.815154e-01
7.330000e-01 6.080270e-01 1.134588e+00 1.209962e+00 1.503397e+01 4.669521e+03 6.752455e+03 1.41157 5.826220e-01
7.320000e-01 6.080270e-01 1.135290e+00 1.210725e+00 1.504686e+01 4.676632e+03 6.746186e+03 1.41384 5.837256e-01
7.310000e-01 6.080270e-01 1.135991e+00 1.211487e+00 1.505979e+01 4.683708e+03 6.739898e+03 1.41612 5.848259e-01
7.300000e-01 6.080270e-01 1.136693e+00 1.212250e+00 1.507277e+01 4.690753e+03 6.733590e+03 1.4184 5.859231e-01
7.290000e-01 6.080270e-01 1.137396e+00 1.213014e+00 1.508580e+01 4.697770e+03 6.727259e+03 1.42068 5.870170e-01
7.280000e-01 6.080270e-01 1.138098e+00 1.213777e+00 1.509887e+01 4.704752e+03 6.720908e+03 1.42296 5.881073e-01
7.270000e-01 6.080270e-01 1.138800e+00 1.214540e+00 1.511199e+01 4.711700e+03 6.714537e+03 1.42524 5.891940e-01
7.260000e-01 6.080270e-01 1.139501e+00 1.215302e+00 1.512515e+01 4.718614e+03 6.708146e+03 1.42752 5.902767e-01
7.250000e-01 6.080270e-01 1.140202e+00 1.216064e+00 1.513834e+01 4.725487e+03 6.701739e+03 1.42981 5.913551e-01
7.240000e-01 6.080270e-01 1.140901e+00 1.216824e+00 1.515158e+01 4.732321e+03 6.695312e+03 1.43209 5.924294e-01
7.230000e-01 6.080270e-01 1.141600e+00 1.217583e+00 1.516485e+01 4.739118e+03 6.688867e+03 1.43438 5.934996e-01
7.220000e-01 6.080270e-01 1.142299e+00 1.218342e+00 1.517817e+01 4.745883e+03 6.682400e+03 1.43667 5.945665e-01
7.210000e-01 6.080270e-01 1.142997e+00 1.219101e+00 1.519155e+01 4.752618e+03 6.675908e+03 1.43895 5.956301e-01
7.200000e-01 6.080270e-01 1.143695e+00 1.219860e+00 1.520497e+01 4.759324e+03 6.669390e+03 1.44124 5.966903e-01
7.190000e-01 6.080270e-01 1.144394e+00 1.220619e+00 1.521846e+01 4.766005e+03 6.662843e+03 1.44353 5.977478e-01
7.180000e-01 6.080270e-01 1.145092e+00 1.221378e+00 1.523200e+01 4.772659e+03 6.656268e+03 1.44583 5.988018e-01
7.170000e-01 6.080270e-01 1.145790e+00 1.222137e+00 1.524559e+01 4.779283e+03 6.649666e+03 1.44812 5.998522e-01
7.160000e-01 6.080270e-01 1.146487e+00 1.222895e+00 1.525924e+01 4.785876e+03 6.643035e+03 1.45041 6.008991e-01
7.150000e-01 6.080270e-01 1.147184e+00 1.223652e+00 1.527295e+01 4.792439e+03 6.636379e+03 1.4527 6.019422e-01
7.140000e-01 6.080270e-01 1.147881e+00 1.224410e+00 1.528670e+01 4.798973e+03 6.629696e+03 1.455 6.029817e-01
7.130000e-01 6.080270e-01 1.148577e+00 1.225166e+00 1.530051e+01 4.805475e+03 6.622986e+03 1.45729 6.040174e-01
7.120000e-01 6.080270e-01 1.149272e+00 1.225922e+00 1.531437e+01 4.811942e+03 6.616253e+03 1.45958 6.050492e-01
7.110000e-01 6.080270e-01 1.149967e+00 1.226677e+00 1.532827e+01 4.818376e+03 6.609497e+03 1.46187 6.060768e-01
7.100000e-01 6.080270e-01 1.150660e+00 1.227430e+00 1.534222e+01 4.824770e+03 6.602720e+03 1.46417 6.071001e-01
7.090000e-01 6.080270e-01 1.151352e+00 1.228183e+00 1.535621e+01 4.831124e+03 6.595923e+03 1.46646 6.081189e-01
7.080000e-01 6.080270e-01 1.152042e+00 1.228933e+00 1.537024e+01 4.837442e+03 6.589105e+03 1.46874 6.091334e-01
7.070000e-01 6.080270e-01 1.152732e+00 1.229683e+00 1.538433e+01 4.843726e+03 6.582261e+03 1.47103 6.101440e-01
7.060000e-01 6.080270e-01 1.153421e+00 1.230431e+00 1.539847e+01 4.849978e+03 6.575387e+03 1.47332 6.111507e-01
7.050000e-01 6.080270e-01 1.154108e+00 1.231179e+00 1.541268e+01 4.856202e+03 6.568483e+03 1.4756 6.121537e-01
7.040000e-01 6.080270e-01 1.154811e+00 1.231943e+00 1.542705e+01 4.862367e+03 6.561487e+03 1.47792 6.131441e-01
7.030000e-01 6.080270e-01 1.155498e+00 1.232690e+00 1.544138e+01 4.868535e+03 6.554514e+03 1.4802 6.141396e-01
7.020000e-01 6.080270e-01 1.156184e+00 1.233435e+00 1.545577e+01 4.874673e+03 6.547511e+03 1.48248 6.151310e-01
7.010000e-01 6.080270e-01 1.156869e+00 1.234179e+00 1.547023e+01 4.880782e+03 6.540476e+03 1.48476 6.161185e-01
7.000000e-01 6.080270e-01 1.157552e+00 1.234922e+00 1.548474e+01 4.886859e+03 6.533409e+03 1.48703 6.171018e-01
6.990000e-01 6.080270e-01 1.158234e+00 1.235663e+00 1.549931e+01 4.892904e+03 6.526309e+03 1.48931 6.180807e-01
6.980000e-01 6.080270e-01 1.158915e+00 1.236403e+00 1.551394e+01 4.898918e+03 6.519177e+03 1.49158 6.190554e-01
6.970000e-01 6.080270e-01 1.159594e+00 1.237141e+00 1.552863e+01 4.904898e+03 6.512017e+03 1.49384 6.200257e-01
6.960000e-01 6.080270e-01 1.160272e+00 1.237878e+00 1.554338e+01 4.910841e+03 6.504830e+03 1.49611 6.209914e-01
6.950000e-01 6.080270e-01 1.160949e+00 1.238613e+00 1.555817e+01 4.916747e+03 6.497616e+03 1.49837 6.219523e-01
6.940000e-01 6.080270e-01 1.161623e+00 1.239345e+00 1.557301e+01 4.922614e+03 6.490379e+03 1.50062 6.229082e-01
6.930000e-01 6.080270e-01 1.162295e+00 1.240076e+00 1.558791e+01 4.928441e+03 6.483116e+03 1.50287 6.238594e-01
6.920000e-01 6.080270e-01 1.162966e+00 1.240805e+00 1.560286e+01 4.934234e+03 6.475825e+03 1.50512 6.248063e-01
6.910000e-01 6.080270e-01 1.163636e+00 1.241533e+00 1.561787e+01 4.939994e+03 6.468506e+03 1.50737 6.257493e-01
6.900000e-01 6.080270e-01 1.164305e+00 1.242259e+00 1.563294e+01 4.945721e+03 6.461156e+03 1.50962 6.266882e-01
6.890000e-01 6.080270e-01 1.164973e+00 1.242985e+00 1.564809e+01 4.951419e+03 6.453774e+03 1.51187 6.276234e-01
6.880000e-01 6.080270e-01 1.165640e+00 1.243711e+00 1.566331e+01 4.957086e+03 6.446362e+03 1.51411 6.285548e-01
6.870000e-01 6.080270e-01 1.166306e+00 1.244435e+00 1.567858e+01 4.962717e+03 6.438921e+03 1.51636 6.294820e-01
6.860000e-01 6.080270e-01 1.166971e+00 1.245158e+00 1.569393e+01 4.968316e+03 6.431448e+03 1.5186 6.304049e-01
6.850000e-01 6.080270e-01 1.167635e+00 1.245880e+00 1.570933e+01 4.973882e+03 6.423943e+03 1.52084 6.313233e-01
6.840000e-01 6.080270e-01 1.168297e+00 1.246599e+00 1.572481e+01 4.979411e+03 6.416408e+03 1.52307 6.322372e-01
6.830000e-01 6.080270e-01 1.168957e+00 1.247317e+00 1.574035e+01 4.984908e+03 6.408839e+03 1.52531 6.331466e-01
6.820000e-01 6.080270e-01 1.169616e+00 1.248033e+00 1.575595e+01 4.990368e+03 6.401242e+03 1.52753 6.340513e-01
6.810000e-01 6.080270e-01 1.170272e+00 1.248747e+00 1.577161e+01 4.995786e+03 6.393617e+03 1.52976 6.349512e-01
6.800000e-01 6.080270e-01 1.170926e+00 1.249458e+00 1.578733e+01 5.001167e+03 6.385966e+03 1.53198 6.358460e-01
6.790000e-01 6.080270e-01 1.171578e+00 1.250167e+00 1.580311e+01 5.006507e+03 6.378288e+03 1.53419 6.367357e-01
6.780000e-01 6.080270e-01 1.172228e+00 1.250873e+00 1.581894e+01 5.011804e+03 6.370583e+03 1.5364 6.376202e-01
6.770000e-01 6.080270e-01 1.172875e+00 1.251577e+00 1.583484e+01 5.017068e+03 6.362846e+03 1.53861 6.385001e-01
6.760000e-01 6.080270e-01 1.173521e+00 1.252279e+00 1.585081e+01 5.022299e+03 6.355073e+03 1.5408 6.393754e-01
6.750000e-01 6.080270e-01 1.174164e+00 1.252979e+00 1.586685e+01 5.027493e+03 6.347265e+03 1.543 6.402459e-01
6.740000e-01 6.080270e-01 1.174806e+00 1.253677e+00 1.588298e+01 5.032659e+03 6.339416e+03 1.54519 6.411119e-01
6.730000e-01 6.080270e-01 1.175446e+00 1.254372e+00 1.589918e+01 5.037792e+03 6.331530e+03 1.54737 6.419730e-01
6.720000e-01 6.080270e-01 1.176083e+00 1.255065e+00 1.591545e+01 5.042884e+03 6.323609e+03 1.54955 6.428289e-01
6.710000e-01 6.080270e-01 1.176718e+00 1.255756e+00 1.593180e+01 5.047945e+03 6.315650e+03 1.55172 6.436798e-01
6.700000e-01 6.080270e-01 1.177364e+00 1.256458e+00 1.594834e+01 5.052940e+03 6.307587e+03 1.5539 6.445158e-01
6.690000e-01 6.080270e-01 1.177993e+00 1.257142e+00 1.596484e+01 5.057925e+03 6.299543e+03 1.55605 6.453550e-01
6.680000e-01 6.080270e-01 1.178619e+00 1.257823e+00 1.598142e+01 5.062878e+03 6.291461e+03 1.5582 6.461889e-01
6.670000e-01 6.080270e-01 1.179242e+00 1.258500e+00 1.599807e+01 5.067793e+03 6.283338e+03 1.56033 6.470169e-01
6.660000e-01 6.080270e-01 1.179862e+00 1.259173e+00 1.601479e+01 5.072663e+03 6.275184e+03 1.56245 6.478390e-01
6.650000e-01 6.080270e-01 1.180479e+00 1.259844e+00 1.603157e+01 5.077494e+03 6.267000e+03 1.56456 6.486553e-01
6.640000e-01 6.080270e-01 1.181091e+00 1.260510e+00 1.604842e+01 5.082283e+03 6.258780e+03 1.56667 6.494657e-01
6.630000e-01 6.080270e-01 1.181701e+00 1.261173e+00 1.606534e+01 5.087030e+03 6.250528e+03 1.56877 6.502705e-01
6.620000e-01 6.080270e-01 1.182308e+00 1.261832e+00 1.608233e+01 5.091741e+03 6.242238e+03 1.57085 6.510697e-01
6.610000e-01 6.080270e-01 1.182912e+00 1.262489e+00 1.609941e+01 5.096416e+03 6.233906e+03 1.57293 6.518636e-01
6.600000e-01 6.080270e-01 1.183514e+00 1.263143e+00 1.611658e+01 5.101056e+03 6.225532e+03 1.575 6.526522e-01
6.590000e-01 6.080270e-01 1.184113e+00 1.263794e+00 1.613383e+01 5.105660e+03 6.217118e+03 1.57706 6.534351e-01
6.580000e-01 6.080270e-01 1.184709e+00 1.264442e+00 1.615117e+01 5.110226e+03 6.208665e+03 1.57912 6.542125e-01
6.570000e-01 6.080270e-01 1.185302e+00 1.265087e+00 1.616858e+01 5.114753e+03 6.200176e+03 1.58117 6.549846e-01
6.560000e-01 6.080270e-01 1.185892e+00 1.265728e+00 1.618608e+01 5.119239e+03 6.191647e+03 1.5832 6.557507e-01
6.550000e-01 6.080270e-01 1.186479e+00 1.266366e+00 1.620366e+01 5.123687e+03 6.183077e+03 1.58523 6.565109e-01
6.540000e-01 6.080270e-01 1.187062e+00 1.267001e+00 1.622133e+01 5.128095e+03 6.174468e+03 1.58725 6.572653e-01
6.530000e-01 6.080270e-01 1.187642e+00 1.267631e+00 1.623907e+01 5.132460e+03 6.165823e+03 1.58925 6.580137e-01
6.520000e-01 6.080270e-01 1.188219e+00 1.268259e+00 1.625690e+01 5.136782e+03 6.157146e+03 1.59125 6.587562e-01
6.510000e-01 6.080270e-01 1.188792e+00 1.268882e+00 1.627479e+01 5.141058e+03 6.148438e+03 1.59324 6.594928e-01
6.500000e-01 6.080270e-01 1.189362e+00 1.269502e+00 1.629275e+01 5.145288e+03 6.139700e+03 1.59523 6.602233e-01
6.490000e-01 6.080270e-01 1.189928e+00 1.270117e+00 1.631079e+01 5.149475e+03 6.130929e+03 1.5972 6.609477e-01
6.480000e-01 6.080270e-01 1.190489e+00 1.270728e+00 1.632892e+01 5.153621e+03 6.122113e+03 1.59915 6.616658e-01
6.470000e-01 6.080270e-01 1.191047e+00 1.271334e+00 1.634715e+01 5.157727e+03 6.113251e+03 1.6011 6.623773e-01
6.460000e-01 6.080270e-01 1.191600e+00 1.271936e+00 1.636547e+01 5.161794e+03 6.104340e+03 1.60303 6.630824e-01
6.450000e-01 6.080270e-01 1.192161e+00 1.272545e+00 1.638401e+01 5.165792e+03 6.095312e+03 1.60496 6.637710e-01
6.440000e-01 6.080270e-01 1.192705e+00 1.273137e+00 1.640254e+01 5.169777e+03 6.086297e+03 1.60686 6.644618e-01
6.430000e-01 6.080270e-01 1.193245e+00 1.273724e+00 1.642116e+01 5.173720e+03 6.077237e+03 1.60874 6.651458e-01
6.420000e-01 6.080270e-01 1.193780e+00 1.274306e+00 1.643988e+01 5.177623e+03 6.068129e+03 1.61061 6.658228e-01
6.410000e-01 6.080270e-01 1.194310e+00 1.274882e+00 1.645869e+01 5.181482e+03 6.058971e+03 1.61246 6.664923e-01
6.400000e-01 6.080270e-01 1.194835e+00 1.275454e+00 1.647760e+01 5.185298e+03 6.049769e+03 1.61429 6.671549e-01
6.390000e-01 6.080270e-01 1.195356e+00 1.276020e+00 1.649660e+01 5.189070e+03 6.040525e+03 1.61611 6.678105e-01
6.380000e-01 6.080270e-01 1.195873e+00 1.276581e+00 1.651569e+01 5.192795e+03 6.031240e+03 1.61792 6.684589e-01
6.370000e-01 6.080270e-01 1.196383e+00 1.277137e+00 1.653487e+01 5.196472e+03 6.021916e+03 1.6197 6.690998e-01
6.360000e-01 6.080270e-01 1.196888e+00 1.277685e+00 1.655412e+01 5.200101e+03 6.012550e+03 1.62147 6.697330e-01
6.350000e-01 6.080270e-01 1.197388e+00 1.278229e+00 1.657348e+01 5.203683e+03 6.003141e+03 1.62323 6.703586e-01
6.340000e-01 6.080270e-01 1.197882e+00 1.278766e+00 1.659293e+01 5.207221e+03 5.993683e+03 1.62496 6.709769e-01
6.330000e-01 6.080270e-01 1.198372e+00 1.279298e+00 1.661249e+01 5.210712e+03 5.984179e+03 1.62668 6.715882e-01
6.320000e-01 6.080270e-01 1.198857e+00 1.279826e+00 1.663215e+01 5.214161e+03 5.974629e+03 1.62838 6.721925e-01
6.310000e-01 6.080270e-01 1.199338e+00 1.280348e+00 1.665193e+01 5.217566e+03 5.965028e+03 1.63007 6.727895e-01
6.300000e-01 6.080270e-01 1.199813e+00 1.280865e+00 1.667181e+01 5.220924e+03 5.955379e+03 1.63174 6.733791e-01
6.290000e-01 6.080270e-01 1.200284e+00 1.281377e+00 1.669180e+01 5.224236e+03 5.945690e+03 1.6334 6.739619e-01
6.280000e-01 6.080270e-01 1.200751e+00 1.281886e+00 1.671189e+01 5.227501e+03 5.935961e+03 1.63505 6.745381e-01
6.270000e-01 6.080270e-01 1.201213e+00 1.282388e+00 1.673208e+01 5.230718e+03 5.926187e+03 1.63668 6.751068e-01
6.260000e-01 6.080270e-01 1.201669e+00 1.282884e+00 1.675238e+01 5.233886e+03 5.916364e+03 1.63829 6.756676e-01
6.250000e-01 6.080270e-01 1.202127e+00 1.283383e+00 1.677291e+01 5.236974e+03 5.906417e+03 1.63989 6.762096e-01
6.240000e-01 6.080270e-01 1.202569e+00 1.283863e+00 1.679344e+01 5.240039e+03 5.896484e+03 1.64145 6.767520e-01
6.230000e-01 6.080270e-01 1.203003e+00 1.284335e+00 1.681406e+01 5.243052e+03 5.886507e+03 1.64299 6.772858e-01
6.220000e-01 6.080270e-01 1.203431e+00 1.284801e+00 1.683478e+01 5.246014e+03 5.876484e+03 1.6445 6.778110e-01
6.210000e-01 6.080270e-01 1.203852e+00 1.285258e+00 1.685561e+01 5.248925e+03 5.866409e+03 1.64599 6.783273e-01
6.200000e-01 6.080270e-01 1.204266e+00 1.285708e+00 1.687657e+01 5.251786e+03 5.856279e+03 1.64746 6.788349e-01
6.190000e-01 6.080270e-01 1.204674e+00 1.286151e+00 1.689763e+01 5.254599e+03 5.846098e+03 1.6489 6.793340e-01
6.180000e-01 6.080270e-01 1.205075e+00 1.286588e+00 1.691883e+01 5.257363e+03 5.835864e+03 1.65033 6.798247e-01
6.170000e-01 6.080270e-01 1.205471e+00 1.287018e+00 1.694015e+01 5.260079e+03 5.825572e+03 1.65173 6.803065e-01
6.160000e-01 6.080270e-01 1.205858e+00 1.287439e+00 1.696159e+01 5.262743e+03 5.815219e+03 1.6531 6.807786e-01
6.150000e-01 6.080270e-01 1.206238e+00 1.287852e+00 1.698317e+01 5.265356e+03 5.804809e+03 1.65444 6.812413e-01
6.140000e-01 6.080270e-01 1.206612e+00 1.288258e+00 1.700486e+01 5.267916e+03 5.794346e+03 1.65577 6.816951e-01
6.130000e-01 6.080270e-01 1.206979e+00 1.288658e+00 1.702668e+01 5.270423e+03 5.783835e+03 1.65707 6.821404e-01
6.120000e-01 6.080270e-01 1.207339e+00 1.289049e+00 1.704862e+01 5.272876e+03 5.773274e+03 1.65835 6.825768e-01
6.110000e-01 6.080270e-01 1.207693e+00 1.289434e+00 1.707067e+01 5.275275e+03 5.762667e+03 1.6596 6.830044e-01
6.100000e-01 6.080270e-01 1.208041e+00 1.289813e+00 1.709283e+01 5.277616e+03 5.752028e+03 1.66084 6.834243e-01
6.090000e-01 6.080270e-01 1.208382e+00 1.290184e+00 1.711509e+01 5.279900e+03 5.741350e+03 1.66206 6.838356e-01
6.080000e-01 6.080270e-01 1.208724e+00 1.290556e+00 1.713759e+01 5.282094e+03 5.730551e+03 1.66326 6.842271e-01
6.070000e-01 6.080270e-01 1.209048e+00 1.290909e+00 1.716012e+01 5.284263e+03 5.719757e+03 1.66442 6.846180e-01
6.060000e-01 6.080270e-01 1.209363e+00 1.291251e+00 1.718278e+01 5.286378e+03 5.708898e+03 1.66555 6.849982e-01
6.050000e-01 6.080270e-01 1.209670e+00 1.291585e+00 1.720558e+01 5.288437e+03 5.697982e+03 1.66665 6.853687e-01
6.040000e-01 6.080270e-01 1.209969e+00 1.291910e+00 1.722853e+01 5.290442e+03 5.687000e+03 1.66771 6.857286e-01
6.030000e-01 6.080270e-01 1.210259e+00 1.292225e+00 1.725163e+01 5.292391e+03 5.675953e+03 1.66875 6.860775e-01
6.020000e-01 6.080270e-01 1.210542e+00 1.292533e+00 1.727487e+01 5.294284e+03 5.664852e+03 1.66976 6.864168e-01
6.010000e-01 6.080270e-01 1.210816e+00 1.292831e+00 1.729824e+01 5.296119e+03 5.653695e+03 1.67073 6.867458e-01
6.000000e-01 6.080270e-01 1.211081e+00 1.293119e+00 1.732176e+01 5.297896e+03 5.642476e+03 1.67168 6.870636e-01
5.990000e-01 6.080270e-01 1.211337e+00 1.293397e+00 1.734543e+01 5.299613e+03 5.631193e+03 1.67259 6.873701e-01
5.980000e-01 6.080270e-01 1.211583e+00 1.293664e+00 1.736923e+01 5.301268e+03 5.619851e+03 1.67346 6.876655e-01
5.970000e-01 6.080270e-01 1.211822e+00 1.293924e+00 1.739316e+01 5.302863e+03 5.608469e+03 1.67432 6.879514e-01
5.960000e-01 6.080270e-01 1.212052e+00 1.294174e+00 1.741721e+01 5.304395e+03 5.597042e+03 1.67514 6.882269e-01
5.950000e-01 6.080270e-01 1.212274e+00 1.294416e+00 1.744140e+01 5.305866e+03 5.585571e+03 1.67594 6.884929e-01
5.940000e-01 6.080270e-01 1.212497e+00 1.294659e+00 1.746583e+01 5.307241e+03 5.573991e+03 1.67672 6.887399e-01
5.930000e-01 6.080270e-01 1.212705e+00 1.294885e+00 1.749030e+01 5.308589e+03 5.562423e+03 1.67747 6.889865e-01
5.920000e-01 6.080270e-01 1.212901e+00 1.295099e+00 1.751492e+01 5.309877e+03 5.550789e+03 1.67818 6.892215e-01
5.910000e-01 6.080270e-01 1.213087e+00 1.295301e+00 1.753973e+01 5.311102e+03 5.539075e+03 1.67885 6.894436e-01
5.900000e-01 6.080270e-01 1.213263e+00 1.295492e+00 1.756470e+01 5.312263e+03 5.527298e+03 1.67948 6.896541e-01
5.890000e-01 6.080270e-01 1.213429e+00 1.295673e+00 1.758983e+01 5.313362e+03 5.515455e+03 1.68007 6.898524e-01
5.880000e-01 6.080270e-01 1.213585e+00 1.295842e+00 1.761513e+01 5.314397e+03 5.503549e+03 1.68063 6.900386e-01
5.870000e-01 6.080270e-01 1.213732e+00 1.296002e+00 1.764059e+01 5.315368e+03 5.491586e+03 1.68116 6.902135e-01
5.860000e-01 6.080270e-01 1.213868e+00 1.296151e+00 1.766620e+01 5.316275e+03 5.479562e+03 1.68164 6.903762e-01
5.850000e-01 6.080270e-01 1.213993e+00 1.296286e+00 1.769198e+01 5.317114e+03 5.467472e+03 1.68209 6.905256e-01
5.840000e-01 6.080270e-01 1.214107e+00 1.296410e+00 1.771791e+01 5.317885e+03 5.455328e+03 1.68249 6.906626e-01
5.830000e-01 6.080270e-01 1.214212e+00 1.296524e+00 1.774397e+01 5.318588e+03 5.443143e+03 1.68287 6.907890e-01
5.820000e-01 6.080270e-01 1.214309e+00 1.296629e+00 1.777018e+01 5.319225e+03 5.430909e+03 1.68322 6.909044e-01
5.810000e-01 6.080270e-01 1.214397e+00 1.296725e+00 1.779655e+01 5.319798e+03 5.418637e+03 1.68354 6.910102e-01
5.800000e-01 6.080270e-01 1.214484e+00 1.296820e+00 1.782319e+01 5.320267e+03 5.406249e+03 1.68384 6.910952e-01
5.790000e-01 6.080270e-01 1.214553e+00 1.296895e+00 1.784990e+01 5.320705e+03 5.393859e+03 1.68409 6.911776e-01
5.780000e-01 6.080270e-01 1.214609e+00 1.296956e+00 1.787681e+01 5.321074e+03 5.381387e+03 1.6843 6.912458e-01
5.770000e-01 6.080270e-01 1.214654e+00 1.297005e+00 1.790391e+01 5.321371e+03 5.368848e+03 1.68446 6.913007e-01
5.760000e-01 6.080270e-01 1.214688e+00 1.297042e+00 1.793120e+01 5.321601e+03 5.356240e+03 1.68458 6.913418e-01
5.750000e-01 6.080270e-01 1.214710e+00 1.297066e+00 1.795867e+01 5.321759e+03 5.343569e+03 1.68466 6.913697e-01
5.740000e-01 6.080270e-01 1.214722e+00 1.297079e+00 1.798632e+01 5.321850e+03 5.330840e+03 1.68471 6.913851e-01
5.730000e-01 6.080270e-01 1.214722e+00 1.297079e+00 1.801415e+01 5.321868e+03 5.318046e+03 1.6847 6.913863e-01
5.733225e-01 6.080270e-01 1.214638e+00 1.296995e+00 1.800398e+01 5.322541e+03 5.322827e+03 1.68458 6.915181e-01
