1.000000e+00 6.244150e-01 1.006781e+00 1.073306e+00 1.262919e+01 0.000000e+00 8.141172e+03 0 0.000000e+00
9.990000e-01 6.244150e-01 1.007055e+00 1.073609e+00 1.263404e+01 3.229002e+02 8.129044e+03 1.02913 3.728363e-02
9.980000e-01 6.244150e-01 1.007771e+00 1.074380e+00 1.264189e+01 4.311091e+02 8.120093e+03 0.982979 4.747828e-02
9.970000e-01 6.244150e-01 1.008149e+00 1.074806e+00 1.264711e+01 5.407460e+02 8.114868e+03 0.992913 6.010936e-02
9.960000e-01 6.244150e-01 1.008792e+00 1.075494e+00 1.265463e+01 6.108605e+02 8.108192e+03 0.986119 6.735275e-02
9.950000e-01 6.244150e-01 1.009173e+00 1.075923e+00 1.265989e+01 6.928057e+02 8.103870e+03 0.992267 7.680623e-02
9.940000e-01 6.244150e-01 1.009818e+00 1.076613e+00 1.266743e+01 7.487173e+02 8.097766e+03 0.988993 8.262507e-02
9.930000e-01 6.244150e-01 1.010200e+00 1.077043e+00 1.267270e+01 8.169657e+02 8.093889e+03 0.993645 9.051237e-02
9.920000e-01 6.244150e-01 1.010846e+00 1.077733e+00 1.268026e+01 8.646243e+02 8.088103e+03 0.9918 9.549250e-02
9.910000e-01 6.244150e-01 1.011223e+00 1.078157e+00 1.268554e+01 9.241829e+02 8.084505e+03 0.995627 1.023879e-01
9.900000e-01 6.244150e-01 1.011864e+00 1.078842e+00 1.269311e+01 9.660109e+02 8.078932e+03 0.994577 1.067734e-01
9.890000e-01 6.244150e-01 1.012233e+00 1.079257e+00 1.269839e+01 1.019429e+03 8.075527e+03 0.997879 1.129694e-01
9.880000e-01 6.244150e-01 1.012868e+00 1.079932e+00 1.270597e+01 1.056812e+03 8.070107e+03 0.997331 1.169011e-01
9.870000e-01 6.244150e-01 1.013226e+00 1.080334e+00 1.271125e+01 1.105622e+03 8.066842e+03 1.00027 1.225742e-01
9.860000e-01 6.244150e-01 1.013859e+00 1.081007e+00 1.271888e+01 1.139840e+03 8.061511e+03 1.00008 1.261855e-01
9.850000e-01 6.244150e-01 1.014216e+00 1.081407e+00 1.272419e+01 1.185297e+03 8.058344e+03 1.00279 1.314818e-01
9.840000e-01 6.244150e-01 1.014855e+00 1.082086e+00 1.273189e+01 1.217462e+03 8.053050e+03 1.00284 1.348852e-01
9.830000e-01 6.244150e-01 1.015218e+00 1.082493e+00 1.273725e+01 1.260306e+03 8.049957e+03 1.0054 1.398894e-01
9.820000e-01 6.244150e-01 1.015868e+00 1.083184e+00 1.274503e+01 1.291021e+03 8.044682e+03 1.00562 1.431460e-01
9.810000e-01 6.244150e-01 1.016240e+00 1.083602e+00 1.275043e+01 1.331671e+03 8.041652e+03 1.00807 1.479046e-01
9.800000e-01 6.244150e-01 1.016899e+00 1.084303e+00 1.275827e+01 1.361073e+03 8.036404e+03 1.00842 1.510273e-01
9.790000e-01 6.244150e-01 1.017277e+00 1.084728e+00 1.276371e+01 1.399782e+03 8.033430e+03 1.01077 1.555684e-01
9.780000e-01 6.244150e-01 1.017942e+00 1.085437e+00 1.277158e+01 1.427896e+03 8.028219e+03 1.01124 1.585596e-01
9.770000e-01 6.244150e-01 1.018322e+00 1.085865e+00 1.277703e+01 1.464814e+03 8.025297e+03 1.01349 1.628994e-01
9.760000e-01 6.244150e-01 1.018990e+00 1.086577e+00 1.278492e+01 1.491650e+03 8.020125e+03 1.01407 1.657609e-01
9.750000e-01 6.244150e-01 1.019372e+00 1.087007e+00 1.279039e+01 1.527021e+03 8.017247e+03 1.01624 1.699278e-01
9.740000e-01 6.244150e-01 1.020044e+00 1.087724e+00 1.279831e+01 1.552764e+03 8.012104e+03 1.01691 1.726788e-01
9.730000e-01 6.244150e-01 1.020428e+00 1.088155e+00 1.280380e+01 1.586769e+03 8.009263e+03 1.01902 1.766933e-01
9.720000e-01 6.244150e-01 1.021103e+00 1.088876e+00 1.281175e+01 1.611521e+03 8.004143e+03 1.01977 1.793440e-01
9.710000e-01 6.244150e-01 1.021487e+00 1.089308e+00 1.281726e+01 1.644271e+03 8.001337e+03 1.02182 1.832187e-01
9.700000e-01 6.244150e-01 1.022163e+00 1.090029e+00 1.282522e+01 1.668009e+03 7.996244e+03 1.02264 1.857665e-01
9.690000e-01 6.244150e-01 1.022544e+00 1.090457e+00 1.283073e+01 1.699576e+03 7.993470e+03 1.02463 1.895093e-01
9.680000e-01 6.244150e-01 1.023218e+00 1.091177e+00 1.283870e+01 1.722298e+03 7.988407e+03 1.02551 1.919546e-01
9.670000e-01 6.244150e-01 1.023593e+00 1.091598e+00 1.284421e+01 1.752766e+03 7.985662e+03 1.02744 1.955752e-01
9.660000e-01 6.244150e-01 1.024267e+00 1.092316e+00 1.285220e+01 1.774578e+03 7.980619e+03 1.02838 1.979296e-01
9.650000e-01 6.244150e-01 1.024640e+00 1.092735e+00 1.285773e+01 1.804136e+03 7.977894e+03 1.03028 2.014507e-01
9.640000e-01 6.244150e-01 1.025317e+00 1.093456e+00 1.286577e+01 1.825301e+03 7.972848e+03 1.03127 2.037412e-01
9.630000e-01 6.244150e-01 1.025693e+00 1.093878e+00 1.287134e+01 1.854098e+03 7.970136e+03 1.03315 2.071798e-01
9.620000e-01 6.244150e-01 1.026376e+00 1.094606e+00 1.287945e+01 1.874811e+03 7.965072e+03 1.03418 2.094257e-01
9.610000e-01 6.244150e-01 1.026757e+00 1.095034e+00 1.288505e+01 1.902935e+03 7.962371e+03 1.03605 2.127918e-01
9.600000e-01 6.244150e-01 1.027446e+00 1.095769e+00 1.289322e+01 1.923237e+03 7.957291e+03 1.03712 2.149965e-01
9.590000e-01 6.244150e-01 1.027831e+00 1.096201e+00 1.289886e+01 1.950709e+03 7.954601e+03 1.03897 2.182918e-01
9.580000e-01 6.244150e-01 1.028526e+00 1.096943e+00 1.290708e+01 1.970571e+03 7.949514e+03 1.04008 2.204523e-01
9.570000e-01 6.244150e-01 1.028913e+00 1.097378e+00 1.291273e+01 1.997388e+03 7.946836e+03 1.0419 2.236759e-01
9.560000e-01 6.244150e-01 1.029612e+00 1.098123e+00 1.292099e+01 2.016768e+03 7.941748e+03 1.04305 2.257880e-01
9.550000e-01 6.244150e-01 1.029999e+00 1.098559e+00 1.292667e+01 2.042973e+03 7.939082e+03 1.04485 2.289451e-01
9.540000e-01 6.244150e-01 1.030702e+00 1.099309e+00 1.293496e+01 2.061910e+03 7.933991e+03 1.04603 2.310130e-01
9.530000e-01 6.244150e-01 1.031091e+00 1.099747e+00 1.294066e+01 2.087545e+03 7.931334e+03 1.04782 2.341082e-01
9.520000e-01 6.244150e-01 1.031798e+00 1.100501e+00 1.294899e+01 2.106056e+03 7.926240e+03 1.04904 2.361338e-01
9.510000e-01 6.244150e-01 1.032188e+00 1.100939e+00 1.295471e+01 2.131137e+03 7.923592e+03 1.05081 2.391687e-01
9.500000e-01 6.244150e-01 1.032896e+00 1.101695e+00 1.296306e+01 2.149179e+03 7.918501e+03 1.05205 2.411473e-01
9.490000e-01 6.244150e-01 1.033283e+00 1.102131e+00 1.296879e+01 2.173701e+03 7.915864e+03 1.0538 2.441213e-01
9.480000e-01 6.244150e-01 1.033991e+00 1.102886e+00 1.297716e+01 2.191240e+03 7.910779e+03 1.05507 2.460498e-01
9.470000e-01 6.244150e-01 1.034375e+00 1.103318e+00 1.298289e+01 2.215222e+03 7.908153e+03 1.05679 2.489652e-01
9.460000e-01 6.244150e-01 1.035084e+00 1.104074e+00 1.299128e+01 2.232296e+03 7.903071e+03 1.05809 2.508480e-01
9.450000e-01 6.244150e-01 1.035467e+00 1.104504e+00 1.299703e+01 2.255820e+03 7.900451e+03 1.05981 2.537150e-01
9.440000e-01 6.244150e-01 1.036179e+00 1.105263e+00 1.300547e+01 2.272557e+03 7.895355e+03 1.06113 2.555654e-01
9.430000e-01 6.244150e-01 1.036564e+00 1.105696e+00 1.301126e+01 2.295695e+03 7.892736e+03 1.06284 2.583921e-01
9.420000e-01 6.244150e-01 1.037282e+00 1.106461e+00 1.301976e+01 2.312199e+03 7.887614e+03 1.0642 2.602200e-01
9.410000e-01 6.244150e-01 1.037670e+00 1.106898e+00 1.302559e+01 2.334988e+03 7.884994e+03 1.06591 2.630105e-01
9.400000e-01 6.244150e-01 1.038394e+00 1.107670e+00 1.303415e+01 2.351273e+03 7.879848e+03 1.06728 2.648168e-01
9.390000e-01 6.244150e-01 1.038785e+00 1.108111e+00 1.304001e+01 2.373707e+03 7.877229e+03 1.06899 2.675699e-01
9.380000e-01 6.244150e-01 1.039514e+00 1.108888e+00 1.304862e+01 2.389739e+03 7.872068e+03 1.07039 2.693512e-01
9.370000e-01 6.244150e-01 1.039906e+00 1.109330e+00 1.305450e+01 2.411809e+03 7.869451e+03 1.07209 2.720655e-01
9.360000e-01 6.244150e-01 1.040639e+00 1.110111e+00 1.306315e+01 2.427569e+03 7.864278e+03 1.07351 2.738200e-01
9.350000e-01 6.244150e-01 1.041033e+00 1.110554e+00 1.306906e+01 2.449294e+03 7.861662e+03 1.07521 2.764979e-01
9.340000e-01 6.244150e-01 1.041769e+00 1.111340e+00 1.307775e+01 2.464798e+03 7.856476e+03 1.07665 2.782272e-01
9.330000e-01 6.244150e-01 1.042164e+00 1.111785e+00 1.308368e+01 2.486193e+03 7.853862e+03 1.07834 2.808705e-01
9.320000e-01 6.244150e-01 1.042904e+00 1.112575e+00 1.309242e+01 2.501441e+03 7.848663e+03 1.0798 2.825746e-01
9.310000e-01 6.244150e-01 1.043299e+00 1.113020e+00 1.309836e+01 2.522500e+03 7.846051e+03 1.08149 2.851823e-01
9.300000e-01 6.244150e-01 1.044041e+00 1.113812e+00 1.310713e+01 2.537450e+03 7.840847e+03 1.08297 2.868568e-01
9.290000e-01 6.244150e-01 1.044434e+00 1.114254e+00 1.311308e+01 2.558162e+03 7.838237e+03 1.08464 2.894276e-01
9.280000e-01 6.244150e-01 1.045177e+00 1.115047e+00 1.312187e+01 2.572782e+03 7.833032e+03 1.08614 2.910696e-01
9.270000e-01 6.244150e-01 1.045567e+00 1.115486e+00 1.312783e+01 2.593160e+03 7.830425e+03 1.08781 2.936052e-01
9.260000e-01 6.244150e-01 1.046312e+00 1.116280e+00 1.313665e+01 2.607497e+03 7.825211e+03 1.08932 2.952201e-01
9.250000e-01 6.244150e-01 1.046702e+00 1.116718e+00 1.314264e+01 2.627596e+03 7.822602e+03 1.09098 2.977273e-01
9.240000e-01 6.244150e-01 1.047450e+00 1.117517e+00 1.315151e+01 2.641731e+03 7.817366e+03 1.09252 2.993229e-01
9.230000e-01 6.244150e-01 1.047842e+00 1.117958e+00 1.315753e+01 2.661592e+03 7.814753e+03 1.09419 3.018065e-01
9.220000e-01 6.244150e-01 1.048614e+00 1.118782e+00 1.316655e+01 2.675508e+03 7.809441e+03 1.09578 3.033796e-01
9.210000e-01 6.244150e-01 1.048997e+00 1.119214e+00 1.317255e+01 2.695202e+03 7.806856e+03 1.09743 3.058474e-01
9.200000e-01 6.244150e-01 1.049769e+00 1.120038e+00 1.318161e+01 2.708987e+03 7.801530e+03 1.09903 3.074081e-01
9.190000e-01 6.244150e-01 1.050154e+00 1.120471e+00 1.318764e+01 2.728443e+03 7.798943e+03 1.10067 3.098516e-01
9.180000e-01 6.244150e-01 1.050930e+00 1.121301e+00 1.319674e+01 2.742049e+03 7.793598e+03 1.10229 3.113946e-01
9.170000e-01 6.244150e-01 1.051316e+00 1.121735e+00 1.320280e+01 2.761263e+03 7.791009e+03 1.10393 3.138133e-01
9.160000e-01 6.244150e-01 1.052096e+00 1.122569e+00 1.321195e+01 2.774687e+03 7.785645e+03 1.10557 3.153386e-01
9.150000e-01 6.244150e-01 1.052483e+00 1.123004e+00 1.321802e+01 2.793673e+03 7.783053e+03 1.10721 3.177340e-01
9.140000e-01 6.244150e-01 1.053268e+00 1.123842e+00 1.322722e+01 2.806923e+03 7.777670e+03 1.10887 3.192424e-01
9.130000e-01 6.244150e-01 1.053655e+00 1.124279e+00 1.323332e+01 2.825683e+03 7.775075e+03 1.11051 3.216149e-01
9.120000e-01 6.244150e-01 1.054443e+00 1.125121e+00 1.324257e+01 2.838749e+03 7.769673e+03 1.11218 3.231051e-01
9.110000e-01 6.244150e-01 1.054829e+00 1.125557e+00 1.324869e+01 2.857274e+03 7.767076e+03 1.11382 3.254535e-01
9.100000e-01 6.244150e-01 1.055620e+00 1.126400e+00 1.325796e+01 2.870116e+03 7.761663e+03 1.11551 3.269217e-01
9.090000e-01 6.244150e-01 1.056004e+00 1.126833e+00 1.326409e+01 2.888394e+03 7.759064e+03 1.11714 3.292447e-01
9.080000e-01 6.244150e-01 1.056795e+00 1.127678e+00 1.327339e+01 2.901004e+03 7.753642e+03 1.11884 3.306903e-01
9.070000e-01 6.244150e-01 1.057178e+00 1.128110e+00 1.327954e+01 2.919063e+03 7.751040e+03 1.12047 3.329913e-01
9.060000e-01 6.244150e-01 1.057973e+00 1.128958e+00 1.328889e+01 2.931494e+03 7.745598e+03 1.12219 3.344202e-01
9.050000e-01 6.244150e-01 1.058356e+00 1.129390e+00 1.329507e+01 2.949367e+03 7.742990e+03 1.12382 3.367034e-01
9.040000e-01 6.244150e-01 1.059156e+00 1.130245e+00 1.330448e+01 2.961677e+03 7.737517e+03 1.12556 3.381210e-01
9.030000e-01 6.244150e-01 1.059542e+00 1.130680e+00 1.331070e+01 2.979391e+03 7.734901e+03 1.12719 3.403892e-01
9.020000e-01 6.244150e-01 1.060348e+00 1.131541e+00 1.332018e+01 2.991597e+03 7.729395e+03 1.12895 3.417969e-01
9.010000e-01 6.244150e-01 1.060736e+00 1.131978e+00 1.332643e+01 3.009144e+03 7.726772e+03 1.13059 3.440489e-01
9.000000e-01 6.244150e-01 1.061547e+00 1.132844e+00 1.333597e+01 3.021222e+03 7.721240e+03 1.13236 3.454440e-01
8.990000e-01 6.244150e-01 1.061936e+00 1.133283e+00 1.334225e+01 3.038588e+03 7.718612e+03 1.134 3.476781e-01
8.980000e-01 6.244150e-01 1.062751e+00 1.134153e+00 1.335183e+01 3.050524e+03 7.713060e+03 1.1358 3.490592e-01
8.970000e-01 6.244150e-01 1.063141e+00 1.134593e+00 1.335814e+01 3.067715e+03 7.710427e+03 1.13744 3.512760e-01
8.960000e-01 6.244150e-01 1.063960e+00 1.135468e+00 1.336777e+01 3.079512e+03 7.704854e+03 1.13925 3.526437e-01
8.950000e-01 6.244150e-01 1.064350e+00 1.135909e+00 1.337410e+01 3.096531e+03 7.702216e+03 1.14089 3.548436e-01
8.940000e-01 6.244150e-01 1.065173e+00 1.136788e+00 1.338378e+01 3.108186e+03 7.696622e+03 1.14271 3.561975e-01
8.930000e-01 6.244150e-01 1.065563e+00 1.137229e+00 1.339014e+01 3.125031e+03 7.693981e+03 1.14436 3.583802e-01
8.920000e-01 6.244150e-01 1.066389e+00 1.138111e+00 1.339986e+01 3.136523e+03 7.688371e+03 1.14619 3.597180e-01
8.910000e-01 6.244150e-01 1.066778e+00 1.138550e+00 1.340623e+01 3.153180e+03 7.685727e+03 1.14783 3.618819e-01
8.900000e-01 6.244150e-01 1.067605e+00 1.139434e+00 1.341598e+01 3.164479e+03 7.680108e+03 1.14969 3.632011e-01
8.890000e-01 6.244150e-01 1.067992e+00 1.139870e+00 1.342236e+01 3.180954e+03 7.677461e+03 1.15132 3.653471e-01
8.880000e-01 6.244150e-01 1.068823e+00 1.140757e+00 1.343216e+01 3.192095e+03 7.671824e+03 1.15319 3.666513e-01
8.870000e-01 6.244150e-01 1.069210e+00 1.141194e+00 1.343857e+01 3.208418e+03 7.669171e+03 1.15483 3.687833e-01
8.860000e-01 6.244150e-01 1.070045e+00 1.142086e+00 1.344843e+01 3.219445e+03 7.663507e+03 1.15672 3.700770e-01
8.850000e-01 6.244150e-01 1.070434e+00 1.142525e+00 1.345488e+01 3.235643e+03 7.660845e+03 1.15837 3.721979e-01
8.840000e-01 6.244150e-01 1.071275e+00 1.143424e+00 1.346481e+01 3.246588e+03 7.655146e+03 1.16027 3.734841e-01
8.830000e-01 6.244150e-01 1.071666e+00 1.143866e+00 1.347130e+01 3.262660e+03 7.652476e+03 1.16192 3.755935e-01
8.820000e-01 6.244150e-01 1.072512e+00 1.144770e+00 1.348130e+01 3.273507e+03 7.646748e+03 1.16385 3.768701e-01
8.810000e-01 6.244150e-01 1.072904e+00 1.145213e+00 1.348781e+01 3.289438e+03 7.644072e+03 1.1655 3.789662e-01
8.800000e-01 6.244150e-01 1.073755e+00 1.146122e+00 1.349786e+01 3.300168e+03 7.638322e+03 1.16744 3.802314e-01
8.790000e-01 6.244150e-01 1.074147e+00 1.146566e+00 1.350441e+01 3.315959e+03 7.635641e+03 1.1691 3.823142e-01
8.780000e-01 6.244150e-01 1.075002e+00 1.147480e+00 1.351451e+01 3.326572e+03 7.629870e+03 1.17105 3.835681e-01
8.770000e-01 6.244150e-01 1.075395e+00 1.147924e+00 1.352108e+01 3.342223e+03 7.627184e+03 1.17272 3.856376e-01
8.760000e-01 6.244150e-01 1.076254e+00 1.148843e+00 1.353123e+01 3.352716e+03 7.621392e+03 1.17469 3.868797e-01
8.750000e-01 6.244150e-01 1.076648e+00 1.149287e+00 1.353783e+01 3.368227e+03 7.618701e+03 1.17635 3.889359e-01
8.740000e-01 6.244150e-01 1.077510e+00 1.150209e+00 1.354802e+01 3.378588e+03 7.612892e+03 1.17833 3.901653e-01
8.730000e-01 6.244150e-01 1.077902e+00 1.150653e+00 1.355464e+01 3.393951e+03 7.610198e+03 1.18 3.922071e-01
8.720000e-01 6.244150e-01 1.078767e+00 1.151577e+00 1.356487e+01 3.404152e+03 7.604378e+03 1.182 3.934209e-01
8.710000e-01 6.244150e-01 1.079157e+00 1.152018e+00 1.357151e+01 3.419363e+03 7.601680e+03 1.18366 3.954482e-01
8.700000e-01 6.244150e-01 1.080024e+00 1.152946e+00 1.358178e+01 3.429423e+03 7.595845e+03 1.18567 3.966488e-01
8.690000e-01 6.244150e-01 1.080414e+00 1.153386e+00 1.358844e+01 3.444508e+03 7.593141e+03 1.18734 3.986650e-01
8.680000e-01 6.244150e-01 1.081286e+00 1.154319e+00 1.359878e+01 3.454467e+03 7.587278e+03 1.18937 3.998563e-01
8.670000e-01 6.244150e-01 1.081678e+00 1.154761e+00 1.360548e+01 3.469448e+03 7.584566e+03 1.19104 4.018639e-01
8.660000e-01 6.244150e-01 1.082555e+00 1.155700e+00 1.361590e+01 3.479335e+03 7.578667e+03 1.19309 4.030486e-01
8.650000e-01 6.244150e-01 1.082949e+00 1.156145e+00 1.362264e+01 3.494218e+03 7.575944e+03 1.19477 4.050478e-01
8.640000e-01 6.244150e-01 1.083832e+00 1.157090e+00 1.363313e+01 3.504028e+03 7.570011e+03 1.19684 4.062250e-01
8.630000e-01 6.244150e-01 1.084226e+00 1.157536e+00 1.363990e+01 3.518800e+03 7.567279e+03 1.19852 4.082142e-01
8.620000e-01 6.244150e-01 1.085114e+00 1.158485e+00 1.365045e+01 3.528514e+03 7.561316e+03 1.2006 4.093818e-01
8.610000e-01 6.244150e-01 1.085508e+00 1.158932e+00 1.365725e+01 3.543172e+03 7.558576e+03 1.20229 4.113607e-01
8.600000e-01 6.244150e-01 1.086400e+00 1.159886e+00 1.366786e+01 3.552793e+03 7.552585e+03 1.20439 4.125192e-01
8.590000e-01 6.244150e-01 1.086795e+00 1.160333e+00 1.367469e+01 3.567341e+03 7.549836e+03 1.20608 4.144881e-01
8.580000e-01 6.244150e-01 1.087692e+00 1.161292e+00 1.368536e+01 3.576865e+03 7.543816e+03 1.20819 4.156371e-01
8.570000e-01 6.244150e-01 1.088086e+00 1.161739e+00 1.369222e+01 3.591300e+03 7.541059e+03 1.20988 4.175957e-01
8.560000e-01 6.244150e-01 1.088986e+00 1.162702e+00 1.370294e+01 3.600716e+03 7.535014e+03 1.21201 4.187338e-01
8.550000e-01 6.244150e-01 1.089379e+00 1.163147e+00 1.370982e+01 3.615028e+03 7.532250e+03 1.2137 4.206810e-01
8.540000e-01 6.244150e-01 1.090282e+00 1.164113e+00 1.372059e+01 3.624313e+03 7.526185e+03 1.21584 4.218061e-01
8.530000e-01 6.244150e-01 1.090672e+00 1.164555e+00 1.372749e+01 3.638499e+03 7.523414e+03 1.21753 4.237416e-01
8.520000e-01 6.244150e-01 1.091578e+00 1.165524e+00 1.373830e+01 3.647665e+03 7.517326e+03 1.21969 4.248553e-01
8.510000e-01 6.244150e-01 1.091968e+00 1.165966e+00 1.374523e+01 3.661748e+03 7.514545e+03 1.22138 4.267821e-01
8.500000e-01 6.244150e-01 1.092879e+00 1.166940e+00 1.375612e+01 3.670831e+03 7.508422e+03 1.22355 4.278879e-01
8.490000e-01 6.244150e-01 1.093270e+00 1.167383e+00 1.376309e+01 3.684827e+03 7.505629e+03 1.22525 4.298078e-01
8.480000e-01 6.244150e-01 1.094186e+00 1.168363e+00 1.377406e+01 3.693849e+03 7.499464e+03 1.22744 4.309079e-01
8.470000e-01 6.244150e-01 1.094579e+00 1.168808e+00 1.378107e+01 3.707763e+03 7.496659e+03 1.22914 4.328210e-01
8.460000e-01 6.244150e-01 1.095500e+00 1.169794e+00 1.379211e+01 3.716718e+03 7.490453e+03 1.23135 4.339143e-01
8.450000e-01 6.244150e-01 1.095893e+00 1.170239e+00 1.379916e+01 3.730537e+03 7.487637e+03 1.23306 4.358193e-01
8.440000e-01 6.244150e-01 1.096819e+00 1.171229e+00 1.381027e+01 3.739408e+03 7.481397e+03 1.23528 4.369039e-01
8.430000e-01 6.244150e-01 1.097212e+00 1.171675e+00 1.381734e+01 3.753132e+03 7.478570e+03 1.23699 4.388005e-01
8.420000e-01 6.244150e-01 1.098143e+00 1.172670e+00 1.382852e+01 3.761920e+03 7.472297e+03 1.23923 4.398767e-01
8.410000e-01 6.244150e-01 1.098535e+00 1.173116e+00 1.383563e+01 3.775549e+03 7.469459e+03 1.24094 4.417649e-01
8.400000e-01 6.244150e-01 1.099470e+00 1.174116e+00 1.384687e+01 3.784251e+03 7.463153e+03 1.24319 4.428324e-01
8.390000e-01 6.244150e-01 1.099862e+00 1.174560e+00 1.385400e+01 3.797783e+03 7.460305e+03 1.24491 4.447120e-01
8.380000e-01 6.244150e-01 1.100800e+00 1.175564e+00 1.386530e+01 3.806388e+03 7.453967e+03 1.24717 4.457694e-01
8.370000e-01 6.244150e-01 1.101190e+00 1.176007e+00 1.387246e+01 3.819813e+03 7.451110e+03 1.24889 4.476394e-01
8.360000e-01 6.244150e-01 1.102131e+00 1.177013e+00 1.388381e+01 3.828302e+03 7.444748e+03 1.25117 4.486851e-01
8.350000e-01 6.244150e-01 1.102519e+00 1.177453e+00 1.389099e+01 3.841620e+03 7.441882e+03 1.25288 4.505456e-01
8.340000e-01 6.244150e-01 1.103464e+00 1.178463e+00 1.390240e+01 3.850011e+03 7.435491e+03 1.25517 4.515818e-01
8.330000e-01 6.244150e-01 1.103851e+00 1.178902e+00 1.390961e+01 3.863244e+03 7.432612e+03 1.25689 4.534354e-01
8.320000e-01 6.244150e-01 1.104801e+00 1.179918e+00 1.392110e+01 3.871562e+03 7.426182e+03 1.2592 4.544646e-01
8.310000e-01 6.244150e-01 1.105188e+00 1.180359e+00 1.392836e+01 3.884723e+03 7.423290e+03 1.26092 4.563129e-01
8.300000e-01 6.244150e-01 1.106144e+00 1.181381e+00 1.393993e+01 3.892987e+03 7.416812e+03 1.26325 4.573367e-01
8.290000e-01 6.244150e-01 1.106533e+00 1.181822e+00 1.394723e+01 3.906074e+03 7.413907e+03 1.26498 4.591793e-01
8.280000e-01 6.244150e-01 1.107494e+00 1.182850e+00 1.395889e+01 3.914273e+03 7.407388e+03 1.26732 4.601961e-01
8.270000e-01 6.244150e-01 1.107882e+00 1.183292e+00 1.396622e+01 3.927276e+03 7.404470e+03 1.26905 4.620316e-01
8.260000e-01 6.244150e-01 1.108848e+00 1.184324e+00 1.397794e+01 3.935394e+03 7.397916e+03 1.27141 4.630402e-01
8.250000e-01 6.244150e-01 1.109236e+00 1.184766e+00 1.398531e+01 3.948312e+03 7.394989e+03 1.27315 4.648684e-01
8.240000e-01 6.244150e-01 1.110206e+00 1.185803e+00 1.399710e+01 3.956352e+03 7.388399e+03 1.27552 4.658688e-01
8.230000e-01 6.244150e-01 1.110594e+00 1.186244e+00 1.400450e+01 3.969186e+03 7.385459e+03 1.27726 4.676899e-01
8.220000e-01 6.244150e-01 1.111568e+00 1.187286e+00 1.401636e+01 3.977144e+03 7.378835e+03 1.27965 4.686818e-01
8.210000e-01 6.244150e-01 1.111954e+00 1.187726e+00 1.402379e+01 3.989890e+03 7.375884e+03 1.28139 4.704954e-01
8.200000e-01 6.244150e-01 1.112932e+00 1.188771e+00 1.403571e+01 3.997752e+03 7.369230e+03 1.28379 4.714772e-01
8.190000e-01 6.244150e-01 1.113316e+00 1.189208e+00 1.404317e+01 4.010401e+03 7.366270e+03 1.28553 4.732823e-01
8.180000e-01 6.244150e-01 1.114296e+00 1.190256e+00 1.405514e+01 4.018154e+03 7.359589e+03 1.28795 4.742532e-01
8.170000e-01 6.244150e-01 1.114678e+00 1.190691e+00 1.406262e+01 4.030716e+03 7.356618e+03 1.28968 4.760511e-01
8.160000e-01 6.244150e-01 1.115663e+00 1.191744e+00 1.407468e+01 4.038390e+03 7.349901e+03 1.29212 4.770142e-01
8.150000e-01 6.244150e-01 1.116045e+00 1.192179e+00 1.408220e+01 4.050879e+03 7.346917e+03 1.29386 4.788068e-01
8.140000e-01 6.244150e-01 1.117035e+00 1.193238e+00 1.409434e+01 4.058494e+03 7.340153e+03 1.29631 4.797639e-01
8.130000e-01 6.244150e-01 1.117418e+00 1.193674e+00 1.410190e+01 4.070921e+03 7.337154e+03 1.29806 4.815522e-01
8.120000e-01 6.244150e-01 1.118414e+00 1.194739e+00 1.411414e+01 4.078480e+03 7.330342e+03 1.30053 4.825034e-01
8.110000e-01 6.244150e-01 1.118797e+00 1.195175e+00 1.412174e+01 4.090840e+03 7.327329e+03 1.30228 4.842866e-01
8.100000e-01 6.244150e-01 1.119816e+00 1.196266e+00 1.413416e+01 4.098288e+03 7.320420e+03 1.3048 4.852217e-01
8.090000e-01 6.244150e-01 1.120185e+00 1.196687e+00 1.414173e+01 4.110601e+03 7.317428e+03 1.30653 4.870045e-01
8.080000e-01 6.244150e-01 1.121203e+00 1.197776e+00 1.415419e+01 4.117989e+03 7.310496e+03 1.30905 4.879343e-01
8.070000e-01 6.244150e-01 1.121572e+00 1.198197e+00 1.416180e+01 4.130228e+03 7.307491e+03 1.31079 4.897109e-01
8.060000e-01 6.244150e-01 1.122594e+00 1.199291e+00 1.417434e+01 4.137542e+03 7.300517e+03 1.31332 4.906326e-01
8.050000e-01 6.244150e-01 1.122961e+00 1.199711e+00 1.418198e+01 4.149705e+03 7.297499e+03 1.31506 4.924032e-01
8.040000e-01 6.244150e-01 1.123987e+00 1.200808e+00 1.419460e+01 4.156938e+03 7.290485e+03 1.31761 4.933159e-01
8.030000e-01 6.244150e-01 1.124352e+00 1.201225e+00 1.420227e+01 4.169018e+03 7.287455e+03 1.31935 4.950793e-01
8.020000e-01 6.244150e-01 1.125381e+00 1.202326e+00 1.421494e+01 4.176154e+03 7.280408e+03 1.32191 4.959817e-01
8.010000e-01 6.244150e-01 1.125743e+00 1.202740e+00 1.422264e+01 4.188148e+03 7.277366e+03 1.32364 4.977378e-01
8.000000e-01 6.244150e-01 1.126776e+00 1.203844e+00 1.423538e+01 4.195195e+03 7.270282e+03 1.32622 4.986309e-01
7.990000e-01 6.244150e-01 1.127136e+00 1.204256e+00 1.424312e+01 4.207121e+03 7.267225e+03 1.32795 5.003821e-01
7.980000e-01 6.244150e-01 1.128174e+00 1.205366e+00 1.425595e+01 4.214104e+03 7.260091e+03 1.33055 5.012682e-01
7.970000e-01 6.244150e-01 1.128534e+00 1.205778e+00 1.426373e+01 4.225971e+03 7.257018e+03 1.33228 5.030154e-01
7.960000e-01 6.244150e-01 1.129577e+00 1.206894e+00 1.427667e+01 4.232904e+03 7.249827e+03 1.33489 5.038958e-01
7.950000e-01 6.244150e-01 1.129937e+00 1.207306e+00 1.428449e+01 4.244714e+03 7.246737e+03 1.33664 5.056391e-01
7.940000e-01 6.244150e-01 1.130986e+00 1.208428e+00 1.429753e+01 4.251589e+03 7.239494e+03 1.33927 5.065128e-01
7.930000e-01 6.244150e-01 1.131345e+00 1.208839e+00 1.430539e+01 4.263331e+03 7.236389e+03 1.34101 5.082511e-01
7.920000e-01 6.244150e-01 1.132399e+00 1.209966e+00 1.431852e+01 4.270134e+03 7.229102e+03 1.34365 5.091166e-01
7.910000e-01 6.244150e-01 1.132757e+00 1.210376e+00 1.432642e+01 4.281809e+03 7.225983e+03 1.3454 5.108497e-01
7.900000e-01 6.244150e-01 1.133815e+00 1.211508e+00 1.433963e+01 4.288543e+03 7.218649e+03 1.34806 5.117074e-01
7.890000e-01 6.244150e-01 1.134172e+00 1.211917e+00 1.434756e+01 4.300149e+03 7.215517e+03 1.34981 5.134352e-01
7.880000e-01 6.244150e-01 1.135234e+00 1.213053e+00 1.436086e+01 4.306807e+03 7.208143e+03 1.35248 5.142845e-01
7.870000e-01 6.244150e-01 1.135588e+00 1.213460e+00 1.436883e+01 4.318340e+03 7.204998e+03 1.35423 5.160063e-01
7.860000e-01 6.244150e-01 1.136654e+00 1.214600e+00 1.438219e+01 4.324906e+03 7.197586e+03 1.35692 5.168455e-01
7.850000e-01 6.244150e-01 1.137005e+00 1.215003e+00 1.439019e+01 4.336360e+03 7.194428e+03 1.35866 5.185609e-01
7.840000e-01 6.244150e-01 1.138075e+00 1.216146e+00 1.440363e+01 4.342834e+03 7.186981e+03 1.36137 5.193902e-01
7.830000e-01 6.244150e-01 1.138423e+00 1.216546e+00 1.441166e+01 4.354217e+03 7.183810e+03 1.36311 5.211004e-01
7.820000e-01 6.244150e-01 1.139497e+00 1.217695e+00 1.442519e+01 4.360620e+03 7.176317e+03 1.36583 5.219220e-01
7.810000e-01 6.244150e-01 1.139844e+00 1.218094e+00 1.443327e+01 4.371945e+03 7.173130e+03 1.36758 5.236286e-01
7.800000e-01 6.244150e-01 1.140924e+00 1.219249e+00 1.444691e+01 4.378293e+03 7.165580e+03 1.37032 5.244440e-01
7.790000e-01 6.244150e-01 1.141272e+00 1.219648e+00 1.445503e+01 4.389566e+03 7.162378e+03 1.37207 5.261474e-01
7.780000e-01 6.244150e-01 1.142357e+00 1.220809e+00 1.446878e+01 4.395855e+03 7.154772e+03 1.37482 5.269561e-01
7.770000e-01 6.244150e-01 1.142703e+00 1.221208e+00 1.447695e+01 4.407070e+03 7.151554e+03 1.37658 5.286556e-01
7.760000e-01 6.244150e-01 1.143793e+00 1.222374e+00 1.449080e+01 4.413290e+03 7.143898e+03 1.37935 5.294562e-01
7.750000e-01 6.244150e-01 1.144138e+00 1.222771e+00 1.449901e+01 4.424441e+03 7.140666e+03 1.38111 5.311511e-01
7.740000e-01 6.244150e-01 1.145233e+00 1.223942e+00 1.451295e+01 4.430591e+03 7.132964e+03 1.3839 5.319439e-01
7.730000e-01 6.244150e-01 1.145576e+00 1.224338e+00 1.452120e+01 4.441679e+03 7.129719e+03 1.38566 5.336342e-01
7.720000e-01 6.244150e-01 1.146676e+00 1.225514e+00 1.453524e+01 4.447753e+03 7.121973e+03 1.38846 5.344185e-01
7.710000e-01 6.244150e-01 1.147017e+00 1.225907e+00 1.454352e+01 4.458772e+03 7.118715e+03 1.39023 5.361038e-01
7.700000e-01 6.244150e-01 1.148120e+00 1.227087e+00 1.455764e+01 4.464759e+03 7.110929e+03 1.39304 5.368782e-01
7.690000e-01 6.244150e-01 1.148457e+00 1.227477e+00 1.456596e+01 4.475706e+03 7.107657e+03 1.3948 5.385577e-01
7.680000e-01 6.244150e-01 1.149563e+00 1.228659e+00 1.458016e+01 4.481601e+03 7.099831e+03 1.39763 5.393219e-01
7.670000e-01 6.244150e-01 1.149897e+00 1.229045e+00 1.458851e+01 4.492480e+03 7.096545e+03 1.39939 5.409963e-01
7.660000e-01 6.244150e-01 1.151007e+00 1.230233e+00 1.460281e+01 4.498302e+03 7.088671e+03 1.40224 5.417523e-01
7.650000e-01 6.244150e-01 1.151339e+00 1.230616e+00 1.461121e+01 4.509125e+03 7.085368e+03 1.40399 5.434233e-01
7.640000e-01 6.244150e-01 1.152455e+00 1.231810e+00 1.462563e+01 4.514888e+03 7.077433e+03 1.40686 5.441723e-01
7.630000e-01 6.244150e-01 1.152786e+00 1.232193e+00 1.463407e+01 4.525664e+03 7.074111e+03 1.40862 5.458406e-01
7.620000e-01 6.244150e-01 1.153907e+00 1.233392e+00 1.464861e+01 4.531371e+03 7.066110e+03 1.4115 5.465825e-01
7.610000e-01 6.244150e-01 1.154236e+00 1.233774e+00 1.465711e+01 4.542094e+03 7.062770e+03 1.41326 5.482473e-01
7.600000e-01 6.244150e-01 1.155362e+00 1.234978e+00 1.467176e+01 4.547738e+03 7.054708e+03 1.41616 5.489811e-01
7.590000e-01 6.244150e-01 1.155689e+00 1.235357e+00 1.468030e+01 4.558402e+03 7.051350e+03 1.41792 5.506418e-01
7.580000e-01 6.244150e-01 1.156820e+00 1.236566e+00 1.469506e+01 4.563978e+03 7.043233e+03 1.42083 5.513671e-01
7.570000e-01 6.244150e-01 1.157144e+00 1.236942e+00 1.470364e+01 4.574584e+03 7.039858e+03 1.42259 5.530237e-01
7.560000e-01 6.244150e-01 1.158278e+00 1.238156e+00 1.471850e+01 4.580086e+03 7.031685e+03 1.42551 5.537400e-01
7.550000e-01 6.244150e-01 1.158600e+00 1.238529e+00 1.472713e+01 4.590632e+03 7.028293e+03 1.42727 5.553919e-01
7.540000e-01 6.244150e-01 1.159737e+00 1.239746e+00 1.474209e+01 4.596053e+03 7.020067e+03 1.43021 5.560982e-01
7.530000e-01 6.244150e-01 1.160054e+00 1.240114e+00 1.475075e+01 4.606529e+03 7.016659e+03 1.43196 5.577446e-01
7.520000e-01 6.244150e-01 1.161195e+00 1.241334e+00 1.476579e+01 4.611864e+03 7.008387e+03 1.43491 5.584405e-01
7.510000e-01 6.244150e-01 1.161507e+00 1.241697e+00 1.477449e+01 4.622275e+03 7.004962e+03 1.43666 5.600822e-01
7.500000e-01 6.244150e-01 1.162652e+00 1.242921e+00 1.478965e+01 4.627532e+03 6.996634e+03 1.43962 5.607688e-01
7.490000e-01 6.244150e-01 1.162962e+00 1.243283e+00 1.479839e+01 4.637893e+03 6.993190e+03 1.44137 5.624072e-01
7.480000e-01 6.244150e-01 1.164112e+00 1.244511e+00 1.481367e+01 4.643092e+03 6.984793e+03 1.44434 5.630863e-01
7.470000e-01 6.244150e-01 1.164420e+00 1.244871e+00 1.482247e+01 4.653407e+03 6.981328e+03 1.44609 5.647222e-01
7.460000e-01 6.244150e-01 1.165575e+00 1.246105e+00 1.483789e+01 4.658552e+03 6.972857e+03 1.44908 5.653936e-01
7.450000e-01 6.244150e-01 1.165880e+00 1.246462e+00 1.484674e+01 4.668816e+03 6.969371e+03 1.45083 5.670265e-01
7.440000e-01 6.244150e-01 1.167056e+00 1.247720e+00 1.486239e+01 4.673860e+03 6.960775e+03 1.45387 5.676800e-01
7.430000e-01 6.244150e-01 1.167348e+00 1.248062e+00 1.487122e+01 4.684094e+03 6.957305e+03 1.45559 5.693148e-01
7.420000e-01 6.244150e-01 1.168522e+00 1.249318e+00 1.488695e+01 4.689076e+03 6.948666e+03 1.45863 5.699620e-01
7.410000e-01 6.244150e-01 1.168810e+00 1.249656e+00 1.489583e+01 4.699256e+03 6.945177e+03 1.46036 5.715932e-01
7.400000e-01 6.244150e-01 1.169989e+00 1.250917e+00 1.491168e+01 4.704167e+03 6.936477e+03 1.46341 5.722309e-01
7.390000e-01 6.244150e-01 1.170273e+00 1.251250e+00 1.492060e+01 4.714286e+03 6.932971e+03 1.46513 5.738577e-01
7.380000e-01 6.244150e-01 1.171455e+00 1.252513e+00 1.493656e+01 4.719112e+03 6.924212e+03 1.46819 5.744845e-01
7.370000e-01 6.244150e-01 1.171733e+00 1.252842e+00 1.494551e+01 4.729167e+03 6.920688e+03 1.4699 5.761062e-01
7.360000e-01 6.244150e-01 1.172918e+00 1.254107e+00 1.496157e+01 4.733904e+03 6.911876e+03 1.47297 5.767219e-01
7.350000e-01 6.244150e-01 1.173191e+00 1.254430e+00 1.497057e+01 4.743899e+03 6.908334e+03 1.47468 5.783393e-01
7.340000e-01 6.244150e-01 1.174380e+00 1.255700e+00 1.498675e+01 4.748562e+03 6.899457e+03 1.47776 5.789454e-01
7.330000e-01 6.244150e-01 1.175109e+00 1.256495e+00 1.499941e+01 4.755859e+03 6.893210e+03 1.48016 5.800539e-01
7.320000e-01 6.244150e-01 1.175841e+00 1.257292e+00 1.501213e+01 4.763123e+03 6.886935e+03 1.48256 5.811584e-01
7.310000e-01 6.244150e-01 1.176573e+00 1.258090e+00 1.502490e+01 4.770360e+03 6.880633e+03 1.48497 5.822602e-01
7.300000e-01 6.244150e-01 1.177305e+00 1.258888e+00 1.503771e+01 4.777570e+03 6.874304e+03 1.48737 5.833588e-01
7.290000e-01 6.244150e-01 1.178038e+00 1.259686e+00 1.505058e+01 4.784752e+03 6.867950e+03 1.48978 5.844542e-01
7.280000e-01 6.244150e-01 1.178770e+00 1.260484e+00 1.506349e+01 4.791901e+03 6.861571e+03 1.49219 5.855461e-01
7.270000e-01 6.244150e-01 1.179502e+00 1.261281e+00 1.507645e+01 4.799019e+03 6.855168e+03 1.4946 5.866344e-01
7.260000e-01 6.244150e-01 1.180234e+00 1.262079e+00 1.508946e+01 4.806109e+03 6.848740e+03 1.49701 5.877193e-01
7.250000e-01 6.244150e-01 1.180965e+00 1.262876e+00 1.510251e+01 4.813165e+03 6.842288e+03 1.49942 5.888005e-01
7.240000e-01 6.244150e-01 1.181696e+00 1.263672e+00 1.511561e+01 4.820186e+03 6.835812e+03 1.50184 5.898778e-01
7.230000e-01 6.244150e-01 1.182426e+00 1.264468e+00 1.512875e+01 4.827174e+03 6.829315e+03 1.50425 5.909511e-01
7.220000e-01 6.244150e-01 1.183155e+00 1.265262e+00 1.514192e+01 4.834120e+03 6.822799e+03 1.50666 5.920200e-01
7.210000e-01 6.244150e-01 1.183883e+00 1.266055e+00 1.515514e+01 4.841028e+03 6.816262e+03 1.50907 5.930847e-01
7.200000e-01 6.244150e-01 1.184610e+00 1.266847e+00 1.516839e+01 4.847902e+03 6.809704e+03 1.51148 5.941457e-01
7.190000e-01 6.244150e-01 1.185337e+00 1.267638e+00 1.518170e+01 4.854742e+03 6.803121e+03 1.51389 5.952030e-01
7.180000e-01 6.244150e-01 1.186063e+00 1.268430e+00 1.519506e+01 4.861553e+03 6.796512e+03 1.51631 5.962572e-01
7.170000e-01 6.244150e-01 1.186790e+00 1.269222e+00 1.520847e+01 4.868336e+03 6.789877e+03 1.51872 5.973083e-01
7.160000e-01 6.244150e-01 1.187517e+00 1.270014e+00 1.522195e+01 4.875093e+03 6.783214e+03 1.52114 5.983568e-01
7.150000e-01 6.244150e-01 1.188245e+00 1.270807e+00 1.523547e+01 4.881820e+03 6.776527e+03 1.52357 5.994022e-01
7.140000e-01 6.244150e-01 1.188973e+00 1.271600e+00 1.524905e+01 4.888514e+03 6.769816e+03 1.52599 6.004442e-01
7.130000e-01 6.244150e-01 1.189700e+00 1.272393e+00 1.526268e+01 4.895178e+03 6.763082e+03 1.52842 6.014829e-01
7.120000e-01 6.244150e-01 1.190427e+00 1.273186e+00 1.527637e+01 4.901808e+03 6.756323e+03 1.53085 6.025180e-01
7.110000e-01 6.244150e-01 1.191154e+00 1.273978e+00 1.529010e+01 4.908405e+03 6.749542e+03 1.53328 6.035495e-01
7.100000e-01 6.244150e-01 1.191881e+00 1.274770e+00 1.530388e+01 4.914968e+03 6.742737e+03 1.53571 6.045774e-01
7.090000e-01 6.244150e-01 1.192606e+00 1.275561e+00 1.531771e+01 4.921498e+03 6.735907e+03 1.53814 6.056014e-01
7.080000e-01 6.244150e-01 1.193331e+00 1.276351e+00 1.533159e+01 4.927991e+03 6.729054e+03 1.54057 6.066211e-01
7.070000e-01 6.244150e-01 1.194054e+00 1.277140e+00 1.534552e+01 4.934444e+03 6.722180e+03 1.543 6.076365e-01
7.060000e-01 6.244150e-01 1.194776e+00 1.277927e+00 1.535948e+01 4.940857e+03 6.715285e+03 1.54543 6.086474e-01
7.050000e-01 6.244150e-01 1.195497e+00 1.278712e+00 1.537349e+01 4.947235e+03 6.708367e+03 1.54786 6.096542e-01
7.040000e-01 6.244150e-01 1.196216e+00 1.279496e+00 1.538756e+01 4.953578e+03 6.701421e+03 1.55028 6.106571e-01
7.030000e-01 6.244150e-01 1.196951e+00 1.280298e+00 1.540179e+01 4.959858e+03 6.694387e+03 1.55273 6.116472e-01
7.020000e-01 6.244150e-01 1.197670e+00 1.281081e+00 1.541597e+01 4.966141e+03 6.687381e+03 1.55516 6.126427e-01
7.010000e-01 6.244150e-01 1.198388e+00 1.281864e+00 1.543022e+01 4.972398e+03 6.680342e+03 1.55759 6.136350e-01
7.000000e-01 6.244150e-01 1.199106e+00 1.282646e+00 1.544453e+01 4.978627e+03 6.673269e+03 1.56001 6.146236e-01
6.990000e-01 6.244150e-01 1.199822e+00 1.283427e+00 1.545890e+01 4.984823e+03 6.666166e+03 1.56243 6.156083e-01
6.980000e-01 6.244150e-01 1.200538e+00 1.284208e+00 1.547333e+01 4.990989e+03 6.659032e+03 1.56485 6.165891e-01
6.970000e-01 6.244150e-01 1.201252e+00 1.284987e+00 1.548782e+01 4.997121e+03 6.651870e+03 1.56727 6.175659e-01
6.960000e-01 6.244150e-01 1.201966e+00 1.285764e+00 1.550237e+01 5.003220e+03 6.644678e+03 1.56969 6.185385e-01
6.950000e-01 6.244150e-01 1.202678e+00 1.286541e+00 1.551697e+01 5.009285e+03 6.637459e+03 1.57211 6.195071e-01
6.940000e-01 6.244150e-01 1.203389e+00 1.287317e+00 1.553163e+01 5.015315e+03 6.630212e+03 1.57452 6.204715e-01
6.930000e-01 6.244150e-01 1.204099e+00 1.288091e+00 1.554634e+01 5.021306e+03 6.622940e+03 1.57693 6.214313e-01
6.920000e-01 6.244150e-01 1.204807e+00 1.288862e+00 1.556110e+01 5.027258e+03 6.615644e+03 1.57934 6.223864e-01
6.910000e-01 6.244150e-01 1.205512e+00 1.289632e+00 1.557590e+01 5.033170e+03 6.608320e+03 1.58175 6.233365e-01
6.900000e-01 6.244150e-01 1.206216e+00 1.290399e+00 1.559077e+01 5.039047e+03 6.600969e+03 1.58415 6.242820e-01
6.890000e-01 6.244150e-01 1.206918e+00 1.291163e+00 1.560569e+01 5.044888e+03 6.593584e+03 1.58654 6.252231e-01
6.880000e-01 6.244150e-01 1.207618e+00 1.291926e+00 1.562068e+01 5.050698e+03 6.586163e+03 1.58893 6.261598e-01
6.870000e-01 6.244150e-01 1.208316e+00 1.292688e+00 1.563573e+01 5.056478e+03 6.578706e+03 1.59132 6.270922e-01
6.860000e-01 6.244150e-01 1.209013e+00 1.293448e+00 1.565086e+01 5.062229e+03 6.571210e+03 1.5937 6.280206e-01
6.850000e-01 6.244150e-01 1.209710e+00 1.294206e+00 1.566606e+01 5.067950e+03 6.563677e+03 1.59608 6.289448e-01
6.840000e-01 6.244150e-01 1.210404e+00 1.294963e+00 1.568132e+01 5.073637e+03 6.556109e+03 1.59846 6.298642e-01
6.830000e-01 6.244150e-01 1.211096e+00 1.295717e+00 1.569666e+01 5.079292e+03 6.548502e+03 1.60083 6.307792e-01
6.820000e-01 6.244150e-01 1.211786e+00 1.296470e+00 1.571206e+01 5.084914e+03 6.540860e+03 1.60319 6.316893e-01
6.810000e-01 6.244150e-01 1.212474e+00 1.297219e+00 1.572752e+01 5.090498e+03 6.533184e+03 1.60555 6.325945e-01
6.800000e-01 6.244150e-01 1.213161e+00 1.297968e+00 1.574305e+01 5.096049e+03 6.525474e+03 1.6079 6.334952e-01
6.790000e-01 6.244150e-01 1.213845e+00 1.298714e+00 1.575864e+01 5.101563e+03 6.517735e+03 1.61025 6.343911e-01
6.780000e-01 6.244150e-01 1.214527e+00 1.299457e+00 1.577429e+01 5.107032e+03 6.509968e+03 1.61259 6.352819e-01
6.770000e-01 6.244150e-01 1.215208e+00 1.300198e+00 1.578999e+01 5.112463e+03 6.502178e+03 1.61494 6.361677e-01
6.760000e-01 6.244150e-01 1.215886e+00 1.300938e+00 1.580574e+01 5.117852e+03 6.494363e+03 1.61727 6.370488e-01
6.750000e-01 6.244150e-01 1.216561e+00 1.301674e+00 1.582156e+01 5.123198e+03 6.486521e+03 1.61961 6.379252e-01
6.740000e-01 6.244150e-01 1.217236e+00 1.302409e+00 1.583745e+01 5.128513e+03 6.478646e+03 1.62194 6.387971e-01
6.730000e-01 6.244150e-01 1.217908e+00 1.303142e+00 1.585340e+01 5.133790e+03 6.470736e+03 1.62426 6.396644e-01
6.720000e-01 6.244150e-01 1.218578e+00 1.303872e+00 1.586943e+01 5.139032e+03 6.462793e+03 1.62658 6.405274e-01
6.710000e-01 6.244150e-01 1.219247e+00 1.304602e+00 1.588554e+01 5.144245e+03 6.454810e+03 1.6289 6.413860e-01
6.700000e-01 6.244150e-01 1.219914e+00 1.305330e+00 1.590173e+01 5.149420e+03 6.446793e+03 1.63121 6.422400e-01
6.690000e-01 6.244150e-01 1.220593e+00 1.306070e+00 1.591809e+01 5.154528e+03 6.438675e+03 1.63354 6.430797e-01
6.680000e-01 6.244150e-01 1.221257e+00 1.306794e+00 1.593443e+01 5.159632e+03 6.430581e+03 1.63584 6.439235e-01
6.670000e-01 6.244150e-01 1.221917e+00 1.307514e+00 1.595084e+01 5.164697e+03 6.422452e+03 1.63814 6.447624e-01
6.660000e-01 6.244150e-01 1.222574e+00 1.308231e+00 1.596732e+01 5.169724e+03 6.414287e+03 1.64043 6.455960e-01
6.650000e-01 6.244150e-01 1.223229e+00 1.308944e+00 1.598388e+01 5.174713e+03 6.406084e+03 1.6427 6.464241e-01
6.640000e-01 6.244150e-01 1.223880e+00 1.309655e+00 1.600050e+01 5.179663e+03 6.397848e+03 1.64497 6.472467e-01
6.630000e-01 6.244150e-01 1.224528e+00 1.310362e+00 1.601718e+01 5.184568e+03 6.389580e+03 1.64723 6.480634e-01
6.620000e-01 6.244150e-01 1.225173e+00 1.311065e+00 1.603393e+01 5.189429e+03 6.381284e+03 1.64949 6.488746e-01
6.610000e-01 6.244150e-01 1.225815e+00 1.311765e+00 1.605074e+01 5.194250e+03 6.372953e+03 1.65173 6.496802e-01
6.600000e-01 6.244150e-01 1.226453e+00 1.312461e+00 1.606763e+01 5.199031e+03 6.364585e+03 1.65397 6.504803e-01
6.590000e-01 6.244150e-01 1.227088e+00 1.313154e+00 1.608460e+01 5.203774e+03 6.356175e+03 1.65619 6.512746e-01
6.580000e-01 6.244150e-01 1.227720e+00 1.313842e+00 1.610166e+01 5.208482e+03 6.347720e+03 1.6584 6.520632e-01
6.570000e-01 6.244150e-01 1.228349e+00 1.314528e+00 1.611881e+01 5.213154e+03 6.339216e+03 1.6606 6.528462e-01
6.560000e-01 6.244150e-01 1.228973e+00 1.315209e+00 1.613605e+01 5.217792e+03 6.330663e+03 1.66279 6.536232e-01
6.550000e-01 6.244150e-01 1.229594e+00 1.315885e+00 1.615337e+01 5.222391e+03 6.322060e+03 1.66497 6.543937e-01
6.540000e-01 6.244150e-01 1.230211e+00 1.316558e+00 1.617078e+01 5.226952e+03 6.313414e+03 1.66713 6.551584e-01
6.530000e-01 6.244150e-01 1.230825e+00 1.317227e+00 1.618828e+01 5.231474e+03 6.304723e+03 1.66928 6.559168e-01
6.520000e-01 6.244150e-01 1.231434e+00 1.317891e+00 1.620586e+01 5.235953e+03 6.295989e+03 1.67142 6.566691e-01
6.510000e-01 6.244150e-01 1.232040e+00 1.318552e+00 1.622352e+01 5.240393e+03 6.287216e+03 1.67355 6.574153e-01
6.500000e-01 6.244150e-01 1.232642e+00 1.319208e+00 1.624126e+01 5.244789e+03 6.278404e+03 1.67566 6.581550e-01
6.490000e-01 6.244150e-01 1.233240e+00 1.319859e+00 1.625907e+01 5.249139e+03 6.269557e+03 1.67777 6.588882e-01
6.480000e-01 6.244150e-01 1.233834e+00 1.320507e+00 1.627695e+01 5.253443e+03 6.260679e+03 1.67986 6.596153e-01
6.470000e-01 6.244150e-01 1.234424e+00 1.321150e+00 1.629491e+01 5.257702e+03 6.251767e+03 1.68194 6.603363e-01
6.460000e-01 6.244150e-01 1.235010e+00 1.321789e+00 1.631295e+01 5.261917e+03 6.242818e+03 1.68401 6.610515e-01
6.450000e-01 6.244150e-01 1.235593e+00 1.322424e+00 1.633108e+01 5.266089e+03 6.233831e+03 1.68607 6.617607e-01
6.440000e-01 6.244150e-01 1.236183e+00 1.323069e+00 1.634941e+01 5.270193e+03 6.224729e+03 1.68814 6.624539e-01
6.430000e-01 6.244150e-01 1.236759e+00 1.323696e+00 1.636774e+01 5.274283e+03 6.215643e+03 1.69017 6.631502e-01
6.420000e-01 6.244150e-01 1.237330e+00 1.324319e+00 1.638616e+01 5.278333e+03 6.206516e+03 1.6922 6.638412e-01
6.410000e-01 6.244150e-01 1.237898e+00 1.324938e+00 1.640467e+01 5.282344e+03 6.197345e+03 1.69421 6.645258e-01
6.400000e-01 6.244150e-01 1.238461e+00 1.325553e+00 1.642328e+01 5.286309e+03 6.188131e+03 1.69621 6.652041e-01
6.390000e-01 6.244150e-01 1.239020e+00 1.326163e+00 1.644199e+01 5.290231e+03 6.178871e+03 1.6982 6.658758e-01
6.380000e-01 6.244150e-01 1.239575e+00 1.326768e+00 1.646078e+01 5.294111e+03 6.169568e+03 1.70017 6.665408e-01
6.370000e-01 6.244150e-01 1.240125e+00 1.327368e+00 1.647968e+01 5.297944e+03 6.160219e+03 1.70212 6.671986e-01
6.360000e-01 6.244150e-01 1.240669e+00 1.327961e+00 1.649865e+01 5.301728e+03 6.150826e+03 1.70406 6.678490e-01
6.350000e-01 6.244150e-01 1.241207e+00 1.328549e+00 1.651772e+01 5.305465e+03 6.141394e+03 1.70598 6.684921e-01
6.340000e-01 6.244150e-01 1.241740e+00 1.329130e+00 1.653687e+01 5.309152e+03 6.131918e+03 1.70788 6.691274e-01
6.330000e-01 6.244150e-01 1.242265e+00 1.329703e+00 1.655611e+01 5.312791e+03 6.122390e+03 1.70976 6.697545e-01
6.320000e-01 6.244150e-01 1.242784e+00 1.330268e+00 1.657546e+01 5.316385e+03 6.112807e+03 1.71161 6.703730e-01
6.310000e-01 6.244150e-01 1.243297e+00 1.330828e+00 1.659491e+01 5.319932e+03 6.103172e+03 1.71344 6.709838e-01
6.300000e-01 6.244150e-01 1.243805e+00 1.331381e+00 1.661447e+01 5.323434e+03 6.093483e+03 1.71525 6.715871e-01
6.290000e-01 6.244150e-01 1.244307e+00 1.331928e+00 1.663415e+01 5.326894e+03 6.083739e+03 1.71704 6.721829e-01
6.280000e-01 6.244150e-01 1.244804e+00 1.332470e+00 1.665394e+01 5.330308e+03 6.073941e+03 1.71882 6.727711e-01
6.270000e-01 6.244150e-01 1.245296e+00 1.333006e+00 1.667383e+01 5.333677e+03 6.064091e+03 1.72057 6.733516e-01
6.260000e-01 6.244150e-01 1.245781e+00 1.333535e+00 1.669384e+01 5.336998e+03 6.054189e+03 1.72231 6.739241e-01
6.250000e-01 6.244150e-01 1.246272e+00 1.334070e+00 1.671407e+01 5.340240e+03 6.044170e+03 1.72404 6.744794e-01
6.240000e-01 6.244150e-01 1.246748e+00 1.334589e+00 1.673429e+01 5.343461e+03 6.034175e+03 1.72574 6.750371e-01
6.230000e-01 6.244150e-01 1.247217e+00 1.335101e+00 1.675462e+01 5.346633e+03 6.024134e+03 1.72742 6.755869e-01
6.220000e-01 6.244150e-01 1.247679e+00 1.335605e+00 1.677504e+01 5.349752e+03 6.014048e+03 1.72908 6.761283e-01
6.210000e-01 6.244150e-01 1.248135e+00 1.336102e+00 1.679555e+01 5.352817e+03 6.003922e+03 1.73071 6.766618e-01
6.200000e-01 6.244150e-01 1.248586e+00 1.336594e+00 1.681617e+01 5.355829e+03 5.993759e+03 1.73234 6.771878e-01
6.190000e-01 6.244150e-01 1.249031e+00 1.337079e+00 1.683688e+01 5.358788e+03 5.983556e+03 1.73394 6.777063e-01
6.180000e-01 6.244150e-01 1.249469e+00 1.337558e+00 1.685770e+01 5.361696e+03 5.973308e+03 1.73552 6.782170e-01
6.170000e-01 6.244150e-01 1.249901e+00 1.338028e+00 1.687864e+01 5.364554e+03 5.963001e+03 1.73708 6.787189e-01
6.160000e-01 6.244150e-01 1.250325e+00 1.338491e+00 1.689971e+01 5.367363e+03 5.952635e+03 1.73861 6.792120e-01
6.150000e-01 6.244150e-01 1.250742e+00 1.338947e+00 1.692091e+01 5.370122e+03 5.942206e+03 1.74012 6.796964e-01
6.140000e-01 6.244150e-01 1.251152e+00 1.339393e+00 1.694224e+01 5.372829e+03 5.931712e+03 1.7416 6.801711e-01
6.130000e-01 6.244150e-01 1.251552e+00 1.339829e+00 1.696371e+01 5.375484e+03 5.921149e+03 1.74304 6.806355e-01
6.120000e-01 6.244150e-01 1.251944e+00 1.340257e+00 1.698531e+01 5.378085e+03 5.910520e+03 1.74445 6.810899e-01
6.110000e-01 6.244150e-01 1.252329e+00 1.340676e+00 1.700704e+01 5.380633e+03 5.899836e+03 1.74584 6.815350e-01
6.100000e-01 6.244150e-01 1.252706e+00 1.341087e+00 1.702888e+01 5.383126e+03 5.889098e+03 1.7472 6.819705e-01
6.090000e-01 6.244150e-01 1.253075e+00 1.341490e+00 1.705084e+01 5.385562e+03 5.878311e+03 1.74853 6.823966e-01
6.080000e-01 6.244150e-01 1.253445e+00 1.341892e+00 1.707303e+01 5.387906e+03 5.867401e+03 1.74984 6.828025e-01
6.070000e-01 6.244150e-01 1.253798e+00 1.342277e+00 1.709522e+01 5.390225e+03 5.856514e+03 1.75111 6.832086e-01
6.060000e-01 6.244150e-01 1.254144e+00 1.342655e+00 1.711752e+01 5.392487e+03 5.845587e+03 1.75236 6.836065e-01
6.050000e-01 6.244150e-01 1.254481e+00 1.343022e+00 1.713994e+01 5.394691e+03 5.834606e+03 1.75359 6.839946e-01
6.040000e-01 6.244150e-01 1.254810e+00 1.343381e+00 1.716249e+01 5.396839e+03 5.823569e+03 1.75478 6.843734e-01
6.030000e-01 6.244150e-01 1.255133e+00 1.343733e+00 1.718519e+01 5.398932e+03 5.812476e+03 1.75595 6.847434e-01
6.020000e-01 6.244150e-01 1.255449e+00 1.344078e+00 1.720802e+01 5.400969e+03 5.801331e+03 1.7571 6.851051e-01
6.010000e-01 6.244150e-01 1.255759e+00 1.344416e+00 1.723099e+01 5.402950e+03 5.790136e+03 1.75823 6.854581e-01
6.000000e-01 6.244150e-01 1.256059e+00 1.344744e+00 1.725410e+01 5.404873e+03 5.778875e+03 1.75932 6.858005e-01
5.990000e-01 6.244150e-01 1.256350e+00 1.345062e+00 1.727738e+01 5.406739e+03 5.767545e+03 1.76038 6.861320e-01
5.980000e-01 6.244150e-01 1.256631e+00 1.345368e+00 1.730079e+01 5.408543e+03 5.756152e+03 1.7614 6.864525e-01
5.970000e-01 6.244150e-01 1.256900e+00 1.345662e+00 1.732435e+01 5.410284e+03 5.744687e+03 1.76238 6.867607e-01
5.960000e-01 6.244150e-01 1.257159e+00 1.345944e+00 1.734806e+01 5.411963e+03 5.733156e+03 1.76332 6.870566e-01
5.950000e-01 6.244150e-01 1.257408e+00 1.346216e+00 1.737189e+01 5.413578e+03 5.721572e+03 1.76422 6.873415e-01
5.940000e-01 6.244150e-01 1.257656e+00 1.346485e+00 1.739598e+01 5.415093e+03 5.709869e+03 1.7651 6.876053e-01
5.930000e-01 6.244150e-01 1.257886e+00 1.346736e+00 1.742007e+01 5.416579e+03 5.698180e+03 1.76594 6.878676e-01
5.920000e-01 6.244150e-01 1.258106e+00 1.346976e+00 1.744431e+01 5.418005e+03 5.686437e+03 1.76673 6.881191e-01
5.910000e-01 6.244150e-01 1.258317e+00 1.347206e+00 1.746869e+01 5.419367e+03 5.674635e+03 1.7675 6.883602e-01
5.900000e-01 6.244150e-01 1.258519e+00 1.347426e+00 1.749324e+01 5.420668e+03 5.662771e+03 1.76824 6.885906e-01
5.890000e-01 6.244150e-01 1.258712e+00 1.347636e+00 1.751795e+01 5.421907e+03 5.650842e+03 1.76894 6.888101e-01
5.880000e-01 6.244150e-01 1.258896e+00 1.347837e+00 1.754282e+01 5.423082e+03 5.638855e+03 1.76961 6.890194e-01
5.870000e-01 6.244150e-01 1.259074e+00 1.348032e+00 1.756784e+01 5.424196e+03 5.626823e+03 1.77026 6.892200e-01
5.860000e-01 6.244150e-01 1.259242e+00 1.348216e+00 1.759303e+01 5.425247e+03 5.614730e+03 1.77088 6.894097e-01
5.850000e-01 6.244150e-01 1.259399e+00 1.348388e+00 1.761837e+01 5.426230e+03 5.602570e+03 1.77146 6.895870e-01
5.840000e-01 6.244150e-01 1.259545e+00 1.348546e+00 1.764389e+01 5.427145e+03 5.590343e+03 1.77199 6.897516e-01
5.830000e-01 6.244150e-01 1.259676e+00 1.348690e+00 1.766957e+01 5.427989e+03 5.578043e+03 1.77247 6.899022e-01
5.820000e-01 6.244150e-01 1.259795e+00 1.348820e+00 1.769540e+01 5.428762e+03 5.565678e+03 1.77291 6.900389e-01
5.810000e-01 6.244150e-01 1.259910e+00 1.348944e+00 1.772151e+01 5.429427e+03 5.553188e+03 1.7733 6.901526e-01
5.800000e-01 6.244150e-01 1.260008e+00 1.349050e+00 1.774764e+01 5.430059e+03 5.540716e+03 1.77366 6.902641e-01
5.790000e-01 6.244150e-01 1.260094e+00 1.349144e+00 1.777393e+01 5.430625e+03 5.528184e+03 1.77397 6.903634e-01
5.780000e-01 6.244150e-01 1.260169e+00 1.349226e+00 1.780040e+01 5.431121e+03 5.515588e+03 1.77424 6.904505e-01
5.770000e-01 6.244150e-01 1.260234e+00 1.349297e+00 1.782704e+01 5.431550e+03 5.502932e+03 1.77448 6.905263e-01
5.760000e-01 6.244150e-01 1.260289e+00 1.349357e+00 1.785388e+01 5.431911e+03 5.490207e+03 1.77468 6.905896e-01
5.750000e-01 6.244150e-01 1.260335e+00 1.349407e+00 1.788089e+01 5.432202e+03 5.477427e+03 1.77485 6.906421e-01
5.740000e-01 6.244150e-01 1.260374e+00 1.349450e+00 1.790807e+01 5.432426e+03 5.464603e+03 1.775 6.906852e-01
5.730000e-01 6.244150e-01 1.260401e+00 1.349480e+00 1.793544e+01 5.432580e+03 5.451714e+03 1.7751 6.907160e-01
5.720000e-01 6.244150e-01 1.260416e+00 1.349497e+00 1.796299e+01 5.432661e+03 5.438758e+03 1.77516 6.907328e-01
5.710000e-01 6.244150e-01 1.260417e+00 1.349498e+00 1.799074e+01 5.432665e+03 5.425730e+03 1.77517 6.907350e-01
5.715606e-01 6.244150e-01 1.260495e+00 1.349572e+00 1.797725e+01 5.431860e+03 5.431785e+03 1.77514 6.905346e-01
