1.000000e+00 8.046820e-01 1.342422e+00 1.469465e+00 1.249696e+01 0.000000e+00 9.550816e+03 0 0.000000e+00
9.990000e-01 8.046820e-01 1.342545e+00 1.469573e+00 1.250106e+01 3.710308e+02 9.530746e+03 1.53672 3.599438e-02
9.980000e-01 8.046820e-01 1.343631e+00 1.470770e+00 1.250906e+01 4.977895e+02 9.517836e+03 1.43437 4.500238e-02
9.970000e-01 8.046820e-01 1.344245e+00 1.471449e+00 1.251488e+01 6.124088e+02 9.509023e+03 1.43667 5.540239e-02
9.960000e-01 8.046820e-01 1.344875e+00 1.472147e+00 1.252074e+01 7.090037e+02 9.501168e+03 1.43877 6.417471e-02
9.950000e-01 8.046820e-01 1.345511e+00 1.472854e+00 1.252662e+01 7.941530e+02 9.493933e+03 1.44079 7.191485e-02
9.940000e-01 8.046820e-01 1.346151e+00 1.473567e+00 1.253250e+01 8.710167e+02 9.487145e+03 1.44277 7.890863e-02
9.930000e-01 8.046820e-01 1.346794e+00 1.474282e+00 1.253839e+01 9.415914e+02 9.480693e+03 1.44474 8.533675e-02
9.920000e-01 8.046820e-01 1.347437e+00 1.474999e+00 1.254429e+01 1.007172e+03 9.474507e+03 1.44669 9.131629e-02
9.910000e-01 8.046820e-01 1.348085e+00 1.475721e+00 1.255020e+01 1.068814e+03 9.468527e+03 1.44864 9.694273e-02
9.900000e-01 8.046820e-01 1.348737e+00 1.476448e+00 1.255613e+01 1.127215e+03 9.462717e+03 1.45059 1.022787e-01
9.890000e-01 8.046820e-01 1.349392e+00 1.477181e+00 1.256207e+01 1.182788e+03 9.457054e+03 1.45255 1.073614e-01
9.880000e-01 8.046820e-01 1.350052e+00 1.477918e+00 1.256803e+01 1.235964e+03 9.451515e+03 1.45451 1.122297e-01
9.870000e-01 8.046820e-01 1.350716e+00 1.478661e+00 1.257400e+01 1.287009e+03 9.446087e+03 1.45647 1.169076e-01
9.860000e-01 8.046820e-01 1.351382e+00 1.479408e+00 1.257998e+01 1.336100e+03 9.440760e+03 1.45844 1.214111e-01
9.850000e-01 8.046820e-01 1.352050e+00 1.480156e+00 1.258597e+01 1.383409e+03 9.435524e+03 1.46041 1.257556e-01
9.840000e-01 8.046820e-01 1.352718e+00 1.480904e+00 1.259196e+01 1.429044e+03 9.430375e+03 1.46238 1.299509e-01
9.830000e-01 8.046820e-01 1.353385e+00 1.481651e+00 1.259795e+01 1.473109e+03 9.425306e+03 1.46436 1.340065e-01
9.820000e-01 8.046820e-01 1.354048e+00 1.482393e+00 1.260394e+01 1.515688e+03 9.420313e+03 1.46633 1.379302e-01
9.810000e-01 8.046820e-01 1.354708e+00 1.483130e+00 1.260993e+01 1.556897e+03 9.415387e+03 1.46829 1.417324e-01
9.800000e-01 8.046820e-01 1.355364e+00 1.483862e+00 1.261592e+01 1.596851e+03 9.410521e+03 1.47026 1.454235e-01
9.790000e-01 8.046820e-01 1.356016e+00 1.484590e+00 1.262191e+01 1.635671e+03 9.405707e+03 1.47223 1.490146e-01
9.780000e-01 8.046820e-01 1.356668e+00 1.485316e+00 1.262792e+01 1.673558e+03 9.400929e+03 1.4742 1.525238e-01
9.770000e-01 8.046820e-01 1.357322e+00 1.486044e+00 1.263396e+01 1.710657e+03 9.396180e+03 1.47618 1.559639e-01
9.760000e-01 8.046820e-01 1.357978e+00 1.486775e+00 1.264002e+01 1.747030e+03 9.391455e+03 1.47817 1.593405e-01
9.750000e-01 8.046820e-01 1.358638e+00 1.487510e+00 1.264611e+01 1.782738e+03 9.386755e+03 1.48016 1.626587e-01
9.740000e-01 8.046820e-01 1.359300e+00 1.488248e+00 1.265221e+01 1.817787e+03 9.382078e+03 1.48217 1.659191e-01
9.730000e-01 8.046820e-01 1.359965e+00 1.488989e+00 1.265833e+01 1.852195e+03 9.377427e+03 1.48417 1.691232e-01
9.720000e-01 8.046820e-01 1.360631e+00 1.489731e+00 1.266447e+01 1.885971e+03 9.372801e+03 1.48619 1.722719e-01
9.710000e-01 8.046820e-01 1.361300e+00 1.490477e+00 1.267062e+01 1.919167e+03 9.368197e+03 1.4882 1.753698e-01
9.700000e-01 8.046820e-01 1.361971e+00 1.491225e+00 1.267679e+01 1.951852e+03 9.363612e+03 1.49023 1.784231e-01
9.690000e-01 8.046820e-01 1.362646e+00 1.491978e+00 1.268298e+01 1.984027e+03 9.359045e+03 1.49226 1.814318e-01
9.680000e-01 8.046820e-01 1.363324e+00 1.492734e+00 1.268918e+01 2.015738e+03 9.354495e+03 1.4943 1.844000e-01
9.670000e-01 8.046820e-01 1.364005e+00 1.493494e+00 1.269540e+01 2.047003e+03 9.349961e+03 1.49635 1.873294e-01
9.660000e-01 8.046820e-01 1.364689e+00 1.494258e+00 1.270164e+01 2.077816e+03 9.345444e+03 1.4984 1.902192e-01
9.650000e-01 8.046820e-01 1.365375e+00 1.495025e+00 1.270789e+01 2.108182e+03 9.340944e+03 1.50046 1.930700e-01
9.640000e-01 8.046820e-01 1.366062e+00 1.495793e+00 1.271415e+01 2.138088e+03 9.336463e+03 1.50252 1.958807e-01
9.630000e-01 8.046820e-01 1.366749e+00 1.496561e+00 1.272041e+01 2.167527e+03 9.332002e+03 1.50458 1.986505e-01
9.620000e-01 8.046820e-01 1.367436e+00 1.497328e+00 1.272667e+01 2.196483e+03 9.327562e+03 1.50665 2.013783e-01
9.610000e-01 8.046820e-01 1.368121e+00 1.498093e+00 1.273294e+01 2.224965e+03 9.323143e+03 1.50871 2.040647e-01
9.600000e-01 8.046820e-01 1.368805e+00 1.498856e+00 1.273921e+01 2.252995e+03 9.318742e+03 1.51078 2.067121e-01
9.590000e-01 8.046820e-01 1.369487e+00 1.499616e+00 1.274548e+01 2.280597e+03 9.314357e+03 1.51285 2.093225e-01
9.580000e-01 8.046820e-01 1.370169e+00 1.500377e+00 1.275177e+01 2.307846e+03 9.309981e+03 1.51492 2.119028e-01
9.570000e-01 8.046820e-01 1.370853e+00 1.501139e+00 1.275808e+01 2.334792e+03 9.305608e+03 1.517 2.144574e-01
9.560000e-01 8.046820e-01 1.371539e+00 1.501904e+00 1.276441e+01 2.361453e+03 9.301239e+03 1.51909 2.169877e-01
9.550000e-01 8.046820e-01 1.372227e+00 1.502671e+00 1.277076e+01 2.387846e+03 9.296873e+03 1.52119 2.194953e-01
9.540000e-01 8.046820e-01 1.372918e+00 1.503441e+00 1.277713e+01 2.413960e+03 9.292512e+03 1.52329 2.219791e-01
9.530000e-01 8.046820e-01 1.373611e+00 1.504214e+00 1.278351e+01 2.439798e+03 9.288156e+03 1.5254 2.244392e-01
9.520000e-01 8.046820e-01 1.374305e+00 1.504988e+00 1.278991e+01 2.465354e+03 9.283808e+03 1.52752 2.268753e-01
9.510000e-01 8.046820e-01 1.375001e+00 1.505764e+00 1.279632e+01 2.490654e+03 9.279465e+03 1.52964 2.292894e-01
9.500000e-01 8.046820e-01 1.375699e+00 1.506543e+00 1.280275e+01 2.515724e+03 9.275124e+03 1.53177 2.316841e-01
9.490000e-01 8.046820e-01 1.376400e+00 1.507325e+00 1.280921e+01 2.540567e+03 9.270785e+03 1.5339 2.340596e-01
9.480000e-01 8.046820e-01 1.377105e+00 1.508111e+00 1.281568e+01 2.565200e+03 9.266446e+03 1.53605 2.364174e-01
9.470000e-01 8.046820e-01 1.377812e+00 1.508900e+00 1.282217e+01 2.589622e+03 9.262110e+03 1.5382 2.387571e-01
9.460000e-01 8.046820e-01 1.378521e+00 1.509693e+00 1.282867e+01 2.613822e+03 9.257777e+03 1.54036 2.410780e-01
9.450000e-01 8.046820e-01 1.379233e+00 1.510487e+00 1.283519e+01 2.637794e+03 9.253448e+03 1.54252 2.433795e-01
9.440000e-01 8.046820e-01 1.379945e+00 1.511283e+00 1.284172e+01 2.661524e+03 9.249126e+03 1.54469 2.456601e-01
9.430000e-01 8.046820e-01 1.380658e+00 1.512079e+00 1.284825e+01 2.684998e+03 9.244813e+03 1.54686 2.479188e-01
9.420000e-01 8.046820e-01 1.381370e+00 1.512874e+00 1.285479e+01 2.708203e+03 9.240509e+03 1.54903 2.501544e-01
9.410000e-01 8.046820e-01 1.382081e+00 1.513668e+00 1.286133e+01 2.731144e+03 9.236215e+03 1.5512 2.523676e-01
9.400000e-01 8.046820e-01 1.382791e+00 1.514460e+00 1.286788e+01 2.753833e+03 9.231929e+03 1.55338 2.545593e-01
9.390000e-01 8.046820e-01 1.383501e+00 1.515252e+00 1.287443e+01 2.776294e+03 9.227647e+03 1.55556 2.567319e-01
9.380000e-01 8.046820e-01 1.384212e+00 1.516044e+00 1.288100e+01 2.798573e+03 9.223365e+03 1.55774 2.588895e-01
9.370000e-01 8.046820e-01 1.384925e+00 1.516840e+00 1.288760e+01 2.820686e+03 9.219079e+03 1.55994 2.610336e-01
9.360000e-01 8.046820e-01 1.385640e+00 1.517637e+00 1.289421e+01 2.842645e+03 9.214789e+03 1.56214 2.631651e-01
9.350000e-01 8.046820e-01 1.386358e+00 1.518438e+00 1.290085e+01 2.864447e+03 9.210496e+03 1.56435 2.652837e-01
9.340000e-01 8.046820e-01 1.387077e+00 1.519240e+00 1.290750e+01 2.886085e+03 9.206203e+03 1.56656 2.673885e-01
9.330000e-01 8.046820e-01 1.387799e+00 1.520045e+00 1.291417e+01 2.907551e+03 9.201910e+03 1.56878 2.694790e-01
9.320000e-01 8.046820e-01 1.388521e+00 1.520851e+00 1.292085e+01 2.928848e+03 9.197617e+03 1.57101 2.715553e-01
9.310000e-01 8.046820e-01 1.389246e+00 1.521659e+00 1.292755e+01 2.949998e+03 9.193323e+03 1.57324 2.736196e-01
9.300000e-01 8.046820e-01 1.389973e+00 1.522470e+00 1.293427e+01 2.971009e+03 9.189027e+03 1.57549 2.756724e-01
9.290000e-01 8.046820e-01 1.390702e+00 1.523284e+00 1.294101e+01 2.991892e+03 9.184726e+03 1.57774 2.777148e-01
9.280000e-01 8.046820e-01 1.391435e+00 1.524102e+00 1.294777e+01 3.012650e+03 9.180421e+03 1.57999 2.797470e-01
9.270000e-01 8.046820e-01 1.392170e+00 1.524923e+00 1.295455e+01 3.033275e+03 9.176113e+03 1.58226 2.817682e-01
9.260000e-01 8.046820e-01 1.392907e+00 1.525746e+00 1.296134e+01 3.053761e+03 9.171803e+03 1.58453 2.837779e-01
9.250000e-01 8.046820e-01 1.393646e+00 1.526572e+00 1.296815e+01 3.074096e+03 9.167493e+03 1.58681 2.857750e-01
9.240000e-01 8.046820e-01 1.394386e+00 1.527398e+00 1.297497e+01 3.094268e+03 9.163185e+03 1.58909 2.877584e-01
9.230000e-01 8.046820e-01 1.395125e+00 1.528223e+00 1.298180e+01 3.114262e+03 9.158880e+03 1.59138 2.897268e-01
9.220000e-01 8.046820e-01 1.395864e+00 1.529048e+00 1.298863e+01 3.134078e+03 9.154579e+03 1.59366 2.916803e-01
9.210000e-01 8.046820e-01 1.396603e+00 1.529872e+00 1.299547e+01 3.153721e+03 9.150281e+03 1.59595 2.936193e-01
9.200000e-01 8.046820e-01 1.397341e+00 1.530696e+00 1.300231e+01 3.173206e+03 9.145983e+03 1.59825 2.955453e-01
9.190000e-01 8.046820e-01 1.398080e+00 1.531521e+00 1.300918e+01 3.192564e+03 9.141681e+03 1.60054 2.974612e-01
9.180000e-01 8.046820e-01 1.398822e+00 1.532348e+00 1.301606e+01 3.211811e+03 9.137372e+03 1.60285 2.993684e-01
9.170000e-01 8.046820e-01 1.399566e+00 1.533178e+00 1.302297e+01 3.230954e+03 9.133056e+03 1.60517 3.012674e-01
9.160000e-01 8.046820e-01 1.400311e+00 1.534010e+00 1.302990e+01 3.249992e+03 9.128733e+03 1.60749 3.031580e-01
9.150000e-01 8.046820e-01 1.401059e+00 1.534845e+00 1.303684e+01 3.268916e+03 9.124406e+03 1.60982 3.050393e-01
9.140000e-01 8.046820e-01 1.401809e+00 1.535681e+00 1.304381e+01 3.287717e+03 9.120076e+03 1.61216 3.069107e-01
9.130000e-01 8.046820e-01 1.402559e+00 1.536518e+00 1.305078e+01 3.306394e+03 9.115745e+03 1.6145 3.087718e-01
9.120000e-01 8.046820e-01 1.403311e+00 1.537357e+00 1.305777e+01 3.324962e+03 9.111410e+03 1.61685 3.106240e-01
9.110000e-01 8.046820e-01 1.404066e+00 1.538199e+00 1.306478e+01 3.343429e+03 9.107070e+03 1.6192 3.124682e-01
9.100000e-01 8.046820e-01 1.404823e+00 1.539044e+00 1.307181e+01 3.361806e+03 9.102723e+03 1.62157 3.143052e-01
9.090000e-01 8.046820e-01 1.405582e+00 1.539892e+00 1.307886e+01 3.380092e+03 9.098371e+03 1.62394 3.161350e-01
9.080000e-01 8.046820e-01 1.406344e+00 1.540742e+00 1.308593e+01 3.398282e+03 9.094013e+03 1.62631 3.179570e-01
9.070000e-01 8.046820e-01 1.407107e+00 1.541595e+00 1.309302e+01 3.416373e+03 9.089652e+03 1.6287 3.197710e-01
9.060000e-01 8.046820e-01 1.407873e+00 1.542450e+00 1.310012e+01 3.434353e+03 9.085287e+03 1.63109 3.215759e-01
9.050000e-01 8.046820e-01 1.408638e+00 1.543305e+00 1.310723e+01 3.452209e+03 9.080922e+03 1.63349 3.233706e-01
9.040000e-01 8.046820e-01 1.409404e+00 1.544161e+00 1.311435e+01 3.469937e+03 9.076557e+03 1.63588 3.251546e-01
9.030000e-01 8.046820e-01 1.410170e+00 1.545015e+00 1.312148e+01 3.487529e+03 9.072193e+03 1.63828 3.269274e-01
9.020000e-01 8.046820e-01 1.410935e+00 1.545870e+00 1.312861e+01 3.504993e+03 9.067830e+03 1.64069 3.286898e-01
9.010000e-01 8.046820e-01 1.411701e+00 1.546724e+00 1.313576e+01 3.522345e+03 9.063463e+03 1.6431 3.304432e-01
9.000000e-01 8.046820e-01 1.412494e+00 1.547610e+00 1.314302e+01 3.539539e+03 9.059036e+03 1.64557 3.321819e-01
8.990000e-01 8.046820e-01 1.413238e+00 1.548439e+00 1.315012e+01 3.556790e+03 9.054708e+03 1.64794 3.339303e-01
8.980000e-01 8.046820e-01 1.414036e+00 1.549330e+00 1.315742e+01 3.573832e+03 9.050263e+03 1.65042 3.356575e-01
8.970000e-01 8.046820e-01 1.414810e+00 1.550194e+00 1.316466e+01 3.590862e+03 9.045863e+03 1.65287 3.373863e-01
8.960000e-01 8.046820e-01 1.415586e+00 1.551060e+00 1.317191e+01 3.607807e+03 9.041458e+03 1.65532 3.391086e-01
8.950000e-01 8.046820e-01 1.416363e+00 1.551928e+00 1.317919e+01 3.624659e+03 9.037048e+03 1.65777 3.408234e-01
8.940000e-01 8.046820e-01 1.417142e+00 1.552797e+00 1.318647e+01 3.641420e+03 9.032633e+03 1.66023 3.425310e-01
8.930000e-01 8.046820e-01 1.417923e+00 1.553668e+00 1.319378e+01 3.658101e+03 9.028212e+03 1.6627 3.442323e-01
8.920000e-01 8.046820e-01 1.418706e+00 1.554542e+00 1.320111e+01 3.674711e+03 9.023783e+03 1.66518 3.459282e-01
8.910000e-01 8.046820e-01 1.419491e+00 1.555419e+00 1.320846e+01 3.691255e+03 9.019345e+03 1.66766 3.476189e-01
8.900000e-01 8.046820e-01 1.420279e+00 1.556299e+00 1.321583e+01 3.707728e+03 9.014899e+03 1.67015 3.493042e-01
8.890000e-01 8.046820e-01 1.421070e+00 1.557182e+00 1.322322e+01 3.724128e+03 9.010446e+03 1.67265 3.509838e-01
8.880000e-01 8.046820e-01 1.421862e+00 1.558066e+00 1.323063e+01 3.740447e+03 9.005987e+03 1.67516 3.526569e-01
8.870000e-01 8.046820e-01 1.422655e+00 1.558952e+00 1.323805e+01 3.756674e+03 9.001524e+03 1.67767 3.543225e-01
8.860000e-01 8.046820e-01 1.423448e+00 1.559838e+00 1.324549e+01 3.772801e+03 8.997059e+03 1.68019 3.559800e-01
8.850000e-01 8.046820e-01 1.424241e+00 1.560724e+00 1.325293e+01 3.788821e+03 8.992593e+03 1.68271 3.576287e-01
8.840000e-01 8.046820e-01 1.425034e+00 1.561610e+00 1.326038e+01 3.804732e+03 8.988125e+03 1.68523 3.592687e-01
8.830000e-01 8.046820e-01 1.425828e+00 1.562495e+00 1.326784e+01 3.820549e+03 8.983654e+03 1.68775 3.609010e-01
8.820000e-01 8.046820e-01 1.426622e+00 1.563382e+00 1.327532e+01 3.836289e+03 8.979176e+03 1.69029 3.625276e-01
8.810000e-01 8.046820e-01 1.427419e+00 1.564271e+00 1.328282e+01 3.851964e+03 8.974689e+03 1.69283 3.641495e-01
8.800000e-01 8.046820e-01 1.428217e+00 1.565162e+00 1.329035e+01 3.867581e+03 8.970190e+03 1.69538 3.657671e-01
8.790000e-01 8.046820e-01 1.429019e+00 1.566057e+00 1.329790e+01 3.883139e+03 8.965680e+03 1.69794 3.673805e-01
8.780000e-01 8.046820e-01 1.429822e+00 1.566953e+00 1.330547e+01 3.898631e+03 8.961162e+03 1.7005 3.689888e-01
8.770000e-01 8.046820e-01 1.430626e+00 1.567851e+00 1.331306e+01 3.914048e+03 8.956636e+03 1.70308 3.705912e-01
8.760000e-01 8.046820e-01 1.431432e+00 1.568750e+00 1.332067e+01 3.929389e+03 8.952105e+03 1.70565 3.721877e-01
8.750000e-01 8.046820e-01 1.432239e+00 1.569652e+00 1.332830e+01 3.944662e+03 8.947566e+03 1.70824 3.737789e-01
8.740000e-01 8.046820e-01 1.433049e+00 1.570556e+00 1.333595e+01 3.959876e+03 8.943017e+03 1.71083 3.753658e-01
8.730000e-01 8.046820e-01 1.433861e+00 1.571462e+00 1.334362e+01 3.975036e+03 8.938458e+03 1.71344 3.769486e-01
8.720000e-01 8.046820e-01 1.434676e+00 1.572372e+00 1.335131e+01 3.990141e+03 8.933889e+03 1.71605 3.785272e-01
8.710000e-01 8.046820e-01 1.435492e+00 1.573284e+00 1.335903e+01 4.005186e+03 8.929311e+03 1.71866 3.801013e-01
8.700000e-01 8.046820e-01 1.436311e+00 1.574198e+00 1.336676e+01 4.020168e+03 8.924725e+03 1.72129 3.816705e-01
8.690000e-01 8.046820e-01 1.437131e+00 1.575114e+00 1.337451e+01 4.035075e+03 8.920133e+03 1.72392 3.832336e-01
8.680000e-01 8.046820e-01 1.437951e+00 1.576030e+00 1.338228e+01 4.049901e+03 8.915536e+03 1.72656 3.847903e-01
8.670000e-01 8.046820e-01 1.438771e+00 1.576946e+00 1.339005e+01 4.064635e+03 8.910936e+03 1.72919 3.863395e-01
8.660000e-01 8.046820e-01 1.439591e+00 1.577862e+00 1.339783e+01 4.079280e+03 8.906334e+03 1.73184 3.878815e-01
8.650000e-01 8.046820e-01 1.440412e+00 1.578777e+00 1.340563e+01 4.093843e+03 8.901727e+03 1.73448 3.894172e-01
8.640000e-01 8.046820e-01 1.441233e+00 1.579694e+00 1.341344e+01 4.108345e+03 8.897111e+03 1.73713 3.909481e-01
8.630000e-01 8.046820e-01 1.442057e+00 1.580614e+00 1.342128e+01 4.122791e+03 8.892484e+03 1.7398 3.924753e-01
8.620000e-01 8.046820e-01 1.442882e+00 1.581535e+00 1.342914e+01 4.137190e+03 8.887844e+03 1.74247 3.939992e-01
8.610000e-01 8.046820e-01 1.443711e+00 1.582460e+00 1.343703e+01 4.151542e+03 8.883192e+03 1.74515 3.955197e-01
8.600000e-01 8.046820e-01 1.444541e+00 1.583387e+00 1.344495e+01 4.165838e+03 8.878529e+03 1.74783 3.970362e-01
8.590000e-01 8.046820e-01 1.445372e+00 1.584315e+00 1.345288e+01 4.180073e+03 8.873858e+03 1.75053 3.985479e-01
8.580000e-01 8.046820e-01 1.446205e+00 1.585245e+00 1.346083e+01 4.194245e+03 8.869178e+03 1.75323 4.000549e-01
8.570000e-01 8.046820e-01 1.447040e+00 1.586176e+00 1.346880e+01 4.208360e+03 8.864488e+03 1.75594 4.015575e-01
8.560000e-01 8.046820e-01 1.447877e+00 1.587111e+00 1.347680e+01 4.222427e+03 8.859788e+03 1.75865 4.030565e-01
8.550000e-01 8.046820e-01 1.448716e+00 1.588047e+00 1.348482e+01 4.236447e+03 8.855075e+03 1.76137 4.045522e-01
8.540000e-01 8.046820e-01 1.449557e+00 1.588987e+00 1.349286e+01 4.250421e+03 8.850351e+03 1.76411 4.060445e-01
8.530000e-01 8.046820e-01 1.450401e+00 1.589929e+00 1.350093e+01 4.264343e+03 8.845616e+03 1.76685 4.075329e-01
8.520000e-01 8.046820e-01 1.451246e+00 1.590873e+00 1.350902e+01 4.278211e+03 8.840872e+03 1.7696 4.090170e-01
8.510000e-01 8.046820e-01 1.452092e+00 1.591819e+00 1.351712e+01 4.292013e+03 8.836121e+03 1.77235 4.104961e-01
8.500000e-01 8.046820e-01 1.452939e+00 1.592765e+00 1.352524e+01 4.305745e+03 8.831364e+03 1.77511 4.119694e-01
8.490000e-01 8.046820e-01 1.453786e+00 1.593710e+00 1.353336e+01 4.319395e+03 8.826602e+03 1.77787 4.134362e-01
8.480000e-01 8.046820e-01 1.454633e+00 1.594655e+00 1.354150e+01 4.332969e+03 8.821836e+03 1.78063 4.148969e-01
8.470000e-01 8.046820e-01 1.455480e+00 1.595601e+00 1.354965e+01 4.346476e+03 8.817063e+03 1.7834 4.163524e-01
8.460000e-01 8.046820e-01 1.456328e+00 1.596548e+00 1.355783e+01 4.359934e+03 8.812278e+03 1.78618 4.178045e-01
8.450000e-01 8.046820e-01 1.457179e+00 1.597497e+00 1.356603e+01 4.373346e+03 8.807481e+03 1.78896 4.192534e-01
8.440000e-01 8.046820e-01 1.458032e+00 1.598449e+00 1.357426e+01 4.386719e+03 8.802669e+03 1.79176 4.206996e-01
8.430000e-01 8.046820e-01 1.458887e+00 1.599404e+00 1.358252e+01 4.400049e+03 8.797842e+03 1.79456 4.221430e-01
8.420000e-01 8.046820e-01 1.459744e+00 1.600361e+00 1.359080e+01 4.413329e+03 8.793006e+03 1.79737 4.235825e-01
8.410000e-01 8.046820e-01 1.460602e+00 1.601319e+00 1.359910e+01 4.426558e+03 8.788158e+03 1.80019 4.250183e-01
8.400000e-01 8.046820e-01 1.461462e+00 1.602279e+00 1.360742e+01 4.439730e+03 8.783300e+03 1.80301 4.264499e-01
8.390000e-01 8.046820e-01 1.462323e+00 1.603241e+00 1.361577e+01 4.452858e+03 8.778431e+03 1.80585 4.278782e-01
8.380000e-01 8.046820e-01 1.463187e+00 1.604205e+00 1.362414e+01 4.465944e+03 8.773548e+03 1.80869 4.293035e-01
8.370000e-01 8.046820e-01 1.464054e+00 1.605173e+00 1.363254e+01 4.478992e+03 8.768653e+03 1.81154 4.307261e-01
8.360000e-01 8.046820e-01 1.464922e+00 1.606142e+00 1.364096e+01 4.491998e+03 8.763743e+03 1.8144 4.321456e-01
8.350000e-01 8.046820e-01 1.465792e+00 1.607114e+00 1.364941e+01 4.504955e+03 8.758823e+03 1.81726 4.335615e-01
8.340000e-01 8.046820e-01 1.466664e+00 1.608088e+00 1.365787e+01 4.517865e+03 8.753893e+03 1.82014 4.349737e-01
8.330000e-01 8.046820e-01 1.467536e+00 1.609062e+00 1.366636e+01 4.530708e+03 8.748955e+03 1.82301 4.363807e-01
8.320000e-01 8.046820e-01 1.468409e+00 1.610037e+00 1.367485e+01 4.543486e+03 8.744011e+03 1.8259 4.377824e-01
8.310000e-01 8.046820e-01 1.469282e+00 1.611011e+00 1.368336e+01 4.556190e+03 8.739062e+03 1.82878 4.391781e-01
8.300000e-01 8.046820e-01 1.470154e+00 1.611985e+00 1.369188e+01 4.568830e+03 8.734107e+03 1.83167 4.405690e-01
8.290000e-01 8.046820e-01 1.471028e+00 1.612961e+00 1.370042e+01 4.581424e+03 8.729140e+03 1.83457 4.419564e-01
8.280000e-01 8.046820e-01 1.471903e+00 1.613938e+00 1.370899e+01 4.593974e+03 8.724159e+03 1.83747 4.433409e-01
8.270000e-01 8.046820e-01 1.472781e+00 1.614918e+00 1.371759e+01 4.606488e+03 8.719164e+03 1.84039 4.447229e-01
8.260000e-01 8.046820e-01 1.473661e+00 1.615901e+00 1.372622e+01 4.618966e+03 8.714153e+03 1.84331 4.461027e-01
8.250000e-01 8.046820e-01 1.474543e+00 1.616885e+00 1.373487e+01 4.631401e+03 8.709128e+03 1.84624 4.474794e-01
8.240000e-01 8.046820e-01 1.475427e+00 1.617872e+00 1.374355e+01 4.643792e+03 8.704091e+03 1.84918 4.488527e-01
8.230000e-01 8.046820e-01 1.476312e+00 1.618860e+00 1.375225e+01 4.656134e+03 8.699042e+03 1.85213 4.502226e-01
8.220000e-01 8.046820e-01 1.477198e+00 1.619849e+00 1.376097e+01 4.668431e+03 8.693981e+03 1.85508 4.515891e-01
8.210000e-01 8.046820e-01 1.478087e+00 1.620842e+00 1.376972e+01 4.680694e+03 8.688906e+03 1.85804 4.529532e-01
8.200000e-01 8.046820e-01 1.478978e+00 1.621837e+00 1.377850e+01 4.692918e+03 8.683815e+03 1.86101 4.543147e-01
8.190000e-01 8.046820e-01 1.479871e+00 1.622834e+00 1.378731e+01 4.705108e+03 8.678710e+03 1.86399 4.556737e-01
8.180000e-01 8.046820e-01 1.480766e+00 1.623834e+00 1.379615e+01 4.717259e+03 8.673591e+03 1.86698 4.570297e-01
8.170000e-01 8.046820e-01 1.481663e+00 1.624836e+00 1.380501e+01 4.729364e+03 8.668459e+03 1.86998 4.583824e-01
8.160000e-01 8.046820e-01 1.482560e+00 1.625838e+00 1.381388e+01 4.741414e+03 8.663318e+03 1.87298 4.597306e-01
8.150000e-01 8.046820e-01 1.483458e+00 1.626841e+00 1.382277e+01 4.753401e+03 8.658170e+03 1.87598 4.610738e-01
8.140000e-01 8.046820e-01 1.484355e+00 1.627843e+00 1.383168e+01 4.765322e+03 8.653016e+03 1.87899 4.624118e-01
8.130000e-01 8.046820e-01 1.485253e+00 1.628845e+00 1.384059e+01 4.777186e+03 8.647853e+03 1.882 4.637453e-01
8.120000e-01 8.046820e-01 1.486151e+00 1.629848e+00 1.384954e+01 4.789006e+03 8.642679e+03 1.88502 4.650755e-01
8.110000e-01 8.046820e-01 1.487051e+00 1.630853e+00 1.385851e+01 4.800788e+03 8.637489e+03 1.88805 4.664032e-01
8.100000e-01 8.046820e-01 1.487953e+00 1.631860e+00 1.386751e+01 4.812532e+03 8.632282e+03 1.89109 4.677284e-01
8.090000e-01 8.046820e-01 1.488858e+00 1.632870e+00 1.387654e+01 4.824247e+03 8.627059e+03 1.89413 4.690516e-01
8.080000e-01 8.046820e-01 1.489765e+00 1.633883e+00 1.388560e+01 4.835923e+03 8.621821e+03 1.89719 4.703721e-01
8.070000e-01 8.046820e-01 1.490672e+00 1.634896e+00 1.389468e+01 4.847556e+03 8.616568e+03 1.90025 4.716895e-01
8.060000e-01 8.046820e-01 1.491582e+00 1.635911e+00 1.390379e+01 4.859147e+03 8.611302e+03 1.90332 4.730037e-01
8.050000e-01 8.046820e-01 1.492492e+00 1.636928e+00 1.391293e+01 4.870695e+03 8.606023e+03 1.90639 4.743149e-01
8.040000e-01 8.046820e-01 1.493405e+00 1.637948e+00 1.392210e+01 4.882212e+03 8.600727e+03 1.90948 4.756239e-01
8.030000e-01 8.046820e-01 1.494320e+00 1.638970e+00 1.393129e+01 4.893697e+03 8.595413e+03 1.91257 4.769307e-01
8.020000e-01 8.046820e-01 1.495237e+00 1.639994e+00 1.394052e+01 4.905148e+03 8.590085e+03 1.91568 4.782352e-01
8.010000e-01 8.046820e-01 1.496157e+00 1.641021e+00 1.394978e+01 4.916563e+03 8.584741e+03 1.91879 4.795371e-01
8.000000e-01 8.046820e-01 1.497077e+00 1.642050e+00 1.395906e+01 4.927934e+03 8.579384e+03 1.92191 4.808355e-01
7.990000e-01 8.046820e-01 1.497998e+00 1.643079e+00 1.396836e+01 4.939250e+03 8.574018e+03 1.92503 4.821297e-01
7.980000e-01 8.046820e-01 1.498920e+00 1.644108e+00 1.397768e+01 4.950510e+03 8.568645e+03 1.92816 4.834193e-01
7.970000e-01 8.046820e-01 1.499840e+00 1.645136e+00 1.398701e+01 4.961708e+03 8.563263e+03 1.93129 4.847040e-01
7.960000e-01 8.046820e-01 1.500761e+00 1.646165e+00 1.399636e+01 4.972856e+03 8.557872e+03 1.93443 4.859849e-01
7.950000e-01 8.046820e-01 1.501684e+00 1.647195e+00 1.400573e+01 4.983964e+03 8.552467e+03 1.93757 4.872629e-01
7.940000e-01 8.046820e-01 1.502608e+00 1.648227e+00 1.401514e+01 4.995038e+03 8.547045e+03 1.94073 4.885387e-01
7.930000e-01 8.046820e-01 1.503534e+00 1.649261e+00 1.402458e+01 5.006078e+03 8.541606e+03 1.94389 4.898122e-01
7.920000e-01 8.046820e-01 1.504462e+00 1.650298e+00 1.403405e+01 5.017087e+03 8.536151e+03 1.94706 4.910835e-01
7.910000e-01 8.046820e-01 1.505392e+00 1.651337e+00 1.404355e+01 5.028056e+03 8.530680e+03 1.95024 4.923520e-01
7.900000e-01 8.046820e-01 1.506323e+00 1.652377e+00 1.405308e+01 5.038984e+03 8.525194e+03 1.95342 4.936175e-01
7.890000e-01 8.046820e-01 1.507256e+00 1.653418e+00 1.406263e+01 5.049873e+03 8.519694e+03 1.95662 4.948802e-01
7.880000e-01 8.046820e-01 1.508216e+00 1.654493e+00 1.407232e+01 5.060683e+03 8.514118e+03 1.95987 4.961316e-01
7.870000e-01 8.046820e-01 1.509153e+00 1.655539e+00 1.408194e+01 5.071506e+03 8.508583e+03 1.96308 4.973895e-01
7.860000e-01 8.046820e-01 1.510092e+00 1.656588e+00 1.409159e+01 5.082298e+03 8.503030e+03 1.96631 4.986455e-01
7.850000e-01 8.046820e-01 1.511032e+00 1.657639e+00 1.410128e+01 5.093057e+03 8.497461e+03 1.96954 4.998992e-01
7.840000e-01 8.046820e-01 1.511974e+00 1.658692e+00 1.411099e+01 5.103781e+03 8.491877e+03 1.97277 5.011502e-01
7.830000e-01 8.046820e-01 1.512917e+00 1.659746e+00 1.412073e+01 5.114457e+03 8.486279e+03 1.97602 5.023976e-01
7.820000e-01 8.046820e-01 1.513861e+00 1.660800e+00 1.413049e+01 5.125082e+03 8.480672e+03 1.97927 5.036407e-01
7.810000e-01 8.046820e-01 1.514804e+00 1.661854e+00 1.414027e+01 5.135650e+03 8.475057e+03 1.98252 5.048794e-01
7.800000e-01 8.046820e-01 1.515746e+00 1.662907e+00 1.415006e+01 5.146164e+03 8.469432e+03 1.98578 5.061139e-01
7.790000e-01 8.046820e-01 1.516690e+00 1.663961e+00 1.415988e+01 5.156637e+03 8.463795e+03 1.98904 5.073453e-01
7.780000e-01 8.046820e-01 1.517635e+00 1.665018e+00 1.416973e+01 5.167076e+03 8.458140e+03 1.99231 5.085745e-01
7.770000e-01 8.046820e-01 1.518582e+00 1.666075e+00 1.417962e+01 5.177480e+03 8.452467e+03 1.99559 5.098012e-01
7.760000e-01 8.046820e-01 1.519531e+00 1.667136e+00 1.418953e+01 5.187856e+03 8.446776e+03 1.99888 5.110259e-01
7.750000e-01 8.046820e-01 1.520481e+00 1.668198e+00 1.419949e+01 5.198195e+03 8.441067e+03 2.00218 5.122481e-01
7.740000e-01 8.046820e-01 1.521433e+00 1.669262e+00 1.420947e+01 5.208494e+03 8.435343e+03 2.00548 5.134673e-01
7.730000e-01 8.046820e-01 1.522386e+00 1.670326e+00 1.421948e+01 5.218757e+03 8.429602e+03 2.00879 5.146839e-01
7.720000e-01 8.046820e-01 1.523340e+00 1.671393e+00 1.422952e+01 5.228983e+03 8.423844e+03 2.01211 5.158976e-01
7.710000e-01 8.046820e-01 1.524296e+00 1.672461e+00 1.423960e+01 5.239177e+03 8.418067e+03 2.01544 5.171093e-01
7.700000e-01 8.046820e-01 1.525254e+00 1.673532e+00 1.424972e+01 5.249348e+03 8.412269e+03 2.01878 5.183194e-01
7.690000e-01 8.046820e-01 1.526214e+00 1.674605e+00 1.425987e+01 5.259486e+03 8.406451e+03 2.02213 5.195271e-01
7.680000e-01 8.046820e-01 1.527175e+00 1.675680e+00 1.427005e+01 5.269588e+03 8.400616e+03 2.02548 5.207321e-01
7.670000e-01 8.046820e-01 1.528138e+00 1.676756e+00 1.428027e+01 5.279653e+03 8.394765e+03 2.02884 5.219343e-01
7.660000e-01 8.046820e-01 1.529100e+00 1.677832e+00 1.429050e+01 5.289666e+03 8.388902e+03 2.03221 5.231322e-01
7.650000e-01 8.046820e-01 1.530062e+00 1.678908e+00 1.430075e+01 5.299626e+03 8.383029e+03 2.03558 5.243259e-01
7.640000e-01 8.046820e-01 1.531024e+00 1.679983e+00 1.431103e+01 5.309536e+03 8.377145e+03 2.03895 5.255156e-01
7.630000e-01 8.046820e-01 1.531987e+00 1.681059e+00 1.432133e+01 5.319404e+03 8.371247e+03 2.04233 5.267021e-01
7.620000e-01 8.046820e-01 1.532950e+00 1.682136e+00 1.433167e+01 5.329241e+03 8.365328e+03 2.04571 5.278864e-01
7.610000e-01 8.046820e-01 1.533916e+00 1.683215e+00 1.434204e+01 5.339044e+03 8.359391e+03 2.0491 5.290682e-01
7.600000e-01 8.046820e-01 1.534882e+00 1.684296e+00 1.435245e+01 5.348814e+03 8.353435e+03 2.05251 5.302478e-01
7.590000e-01 8.046820e-01 1.535851e+00 1.685378e+00 1.436289e+01 5.358556e+03 8.347457e+03 2.05592 5.314253e-01
7.580000e-01 8.046820e-01 1.536820e+00 1.686462e+00 1.437337e+01 5.368257e+03 8.341461e+03 2.05933 5.325997e-01
7.570000e-01 8.046820e-01 1.537790e+00 1.687546e+00 1.438387e+01 5.377920e+03 8.335447e+03 2.06275 5.337711e-01
7.560000e-01 8.046820e-01 1.538761e+00 1.688632e+00 1.439442e+01 5.387552e+03 8.329414e+03 2.06618 5.349401e-01
7.550000e-01 8.046820e-01 1.539734e+00 1.689720e+00 1.440500e+01 5.397153e+03 8.323358e+03 2.06962 5.361070e-01
7.540000e-01 8.046820e-01 1.540709e+00 1.690809e+00 1.441562e+01 5.406727e+03 8.317278e+03 2.07307 5.372719e-01
7.530000e-01 8.046820e-01 1.541685e+00 1.691902e+00 1.442628e+01 5.416276e+03 8.311176e+03 2.07652 5.384348e-01
7.520000e-01 8.046820e-01 1.542663e+00 1.692994e+00 1.443698e+01 5.425787e+03 8.305052e+03 2.07998 5.395948e-01
7.510000e-01 8.046820e-01 1.543641e+00 1.694088e+00 1.444770e+01 5.435261e+03 8.298910e+03 2.08345 5.407518e-01
7.500000e-01 8.046820e-01 1.544619e+00 1.695182e+00 1.445845e+01 5.444688e+03 8.292754e+03 2.08692 5.419048e-01
7.490000e-01 8.046820e-01 1.545596e+00 1.696274e+00 1.446922e+01 5.454062e+03 8.286585e+03 2.09039 5.430534e-01
7.480000e-01 8.046820e-01 1.546573e+00 1.697366e+00 1.448002e+01 5.463391e+03 8.280401e+03 2.09386 5.441983e-01
7.470000e-01 8.046820e-01 1.547550e+00 1.698458e+00 1.449085e+01 5.472683e+03 8.274198e+03 2.09734 5.453402e-01
7.460000e-01 8.046820e-01 1.548528e+00 1.699551e+00 1.450171e+01 5.481942e+03 8.267972e+03 2.10083 5.464796e-01
7.450000e-01 8.046820e-01 1.549507e+00 1.700646e+00 1.451262e+01 5.491173e+03 8.261723e+03 2.10432 5.476168e-01
7.440000e-01 8.046820e-01 1.550487e+00 1.701742e+00 1.452356e+01 5.500372e+03 8.255448e+03 2.10782 5.487516e-01
7.430000e-01 8.046820e-01 1.551469e+00 1.702840e+00 1.453455e+01 5.509541e+03 8.249152e+03 2.11132 5.498840e-01
7.420000e-01 8.046820e-01 1.552451e+00 1.703937e+00 1.454556e+01 5.518672e+03 8.242833e+03 2.11483 5.510132e-01
7.410000e-01 8.046820e-01 1.553434e+00 1.705036e+00 1.455662e+01 5.527766e+03 8.236493e+03 2.11835 5.521394e-01
7.400000e-01 8.046820e-01 1.554417e+00 1.706135e+00 1.456771e+01 5.536829e+03 8.230129e+03 2.12187 5.532631e-01
7.390000e-01 8.046820e-01 1.555402e+00 1.707236e+00 1.457884e+01 5.545865e+03 8.223739e+03 2.1254 5.543847e-01
7.380000e-01 8.046820e-01 1.556388e+00 1.708338e+00 1.459002e+01 5.554874e+03 8.217323e+03 2.12893 5.555044e-01
7.370000e-01 8.046820e-01 1.557376e+00 1.709442e+00 1.460124e+01 5.563853e+03 8.210882e+03 2.13247 5.566215e-01
7.360000e-01 8.046820e-01 1.558364e+00 1.710547e+00 1.461250e+01 5.572794e+03 8.204420e+03 2.13602 5.577356e-01
7.350000e-01 8.046820e-01 1.559352e+00 1.711652e+00 1.462378e+01 5.581696e+03 8.197938e+03 2.13958 5.588463e-01
7.340000e-01 8.046820e-01 1.560340e+00 1.712757e+00 1.463510e+01 5.590550e+03 8.191442e+03 2.14313 5.599529e-01
7.330000e-01 8.046820e-01 1.561327e+00 1.713859e+00 1.464644e+01 5.599353e+03 8.184930e+03 2.14668 5.610551e-01
7.320000e-01 8.046820e-01 1.562313e+00 1.714961e+00 1.465780e+01 5.608114e+03 8.178399e+03 2.15024 5.621540e-01
7.310000e-01 8.046820e-01 1.563300e+00 1.716064e+00 1.466921e+01 5.616842e+03 8.171846e+03 2.1538 5.632501e-01
7.300000e-01 8.046820e-01 1.564287e+00 1.717168e+00 1.468066e+01 5.625539e+03 8.165269e+03 2.15737 5.643438e-01
7.290000e-01 8.046820e-01 1.565276e+00 1.718273e+00 1.469215e+01 5.634207e+03 8.158663e+03 2.16095 5.654352e-01
7.280000e-01 8.046820e-01 1.566265e+00 1.719379e+00 1.470369e+01 5.642844e+03 8.152031e+03 2.16453 5.665240e-01
7.270000e-01 8.046820e-01 1.567256e+00 1.720486e+00 1.471526e+01 5.651444e+03 8.145380e+03 2.16812 5.676099e-01
7.260000e-01 8.046820e-01 1.567488e+00 1.720780e+00 1.472308e+01 5.663013e+03 8.141827e+03 2.17048 5.692226e-01
7.250000e-01 8.046820e-01 1.569239e+00 1.722704e+00 1.473853e+01 5.668519e+03 8.132012e+03 2.17532 5.697718e-01
7.240000e-01 8.046820e-01 1.569463e+00 1.722987e+00 1.474638e+01 5.680045e+03 8.128437e+03 2.17766 5.713831e-01
7.230000e-01 8.046820e-01 1.571223e+00 1.724922e+00 1.476197e+01 5.685490e+03 8.118531e+03 2.18253 5.719247e-01
7.220000e-01 8.046820e-01 1.571443e+00 1.725202e+00 1.476987e+01 5.696968e+03 8.114933e+03 2.18487 5.735347e-01
7.210000e-01 8.046820e-01 1.573211e+00 1.727145e+00 1.478560e+01 5.702340e+03 8.104938e+03 2.18976 5.740676e-01
7.200000e-01 8.046820e-01 1.573423e+00 1.727416e+00 1.479353e+01 5.713759e+03 8.101318e+03 2.19209 5.756746e-01
7.190000e-01 8.046820e-01 1.575222e+00 1.729394e+00 1.480947e+01 5.719006e+03 8.091184e+03 2.19705 5.761872e-01
7.180000e-01 8.046820e-01 1.575408e+00 1.729636e+00 1.481737e+01 5.730367e+03 8.087587e+03 2.19933 5.777949e-01
7.170000e-01 8.046820e-01 1.577204e+00 1.731609e+00 1.483336e+01 5.735513e+03 8.077418e+03 2.20429 5.782991e-01
7.160000e-01 8.046820e-01 1.577381e+00 1.731841e+00 1.484129e+01 5.746807e+03 8.073803e+03 2.20655 5.799030e-01
7.150000e-01 8.046820e-01 1.579185e+00 1.733823e+00 1.485741e+01 5.751875e+03 8.063552e+03 2.21154 5.803982e-01
7.140000e-01 8.046820e-01 1.579356e+00 1.734049e+00 1.486539e+01 5.763121e+03 8.059914e+03 2.2138 5.820007e-01
7.130000e-01 8.046820e-01 1.581167e+00 1.736039e+00 1.488166e+01 5.768119e+03 8.049564e+03 2.21881 5.824869e-01
7.120000e-01 8.046820e-01 1.581331e+00 1.736257e+00 1.488967e+01 5.779311e+03 8.045902e+03 2.22106 5.840874e-01
7.110000e-01 8.046820e-01 1.583150e+00 1.738255e+00 1.490608e+01 5.784223e+03 8.035464e+03 2.22609 5.845632e-01
7.100000e-01 8.046820e-01 1.583306e+00 1.738464e+00 1.491413e+01 5.795355e+03 8.031781e+03 2.22833 5.861608e-01
7.090000e-01 8.046820e-01 1.585132e+00 1.740471e+00 1.493067e+01 5.800186e+03 8.021255e+03 2.23339 5.866270e-01
7.080000e-01 8.046820e-01 1.585281e+00 1.740673e+00 1.493877e+01 5.811272e+03 8.017547e+03 2.23561 5.882235e-01
7.070000e-01 8.046820e-01 1.587117e+00 1.742689e+00 1.495548e+01 5.816032e+03 8.006919e+03 2.2407 5.886804e-01
7.060000e-01 8.046820e-01 1.587259e+00 1.742884e+00 1.496362e+01 5.827068e+03 8.003188e+03 2.24291 5.902753e-01
7.050000e-01 8.046820e-01 1.589102e+00 1.744908e+00 1.498047e+01 5.831740e+03 7.992470e+03 2.24802 5.907215e-01
7.040000e-01 8.046820e-01 1.589233e+00 1.745091e+00 1.498864e+01 5.842706e+03 7.988721e+03 2.25022 5.923126e-01
7.030000e-01 8.046820e-01 1.591082e+00 1.747122e+00 1.500560e+01 5.847263e+03 7.977940e+03 2.25535 5.927463e-01
7.020000e-01 8.046820e-01 1.591202e+00 1.747292e+00 1.501380e+01 5.858155e+03 7.974177e+03 2.25752 5.943331e-01
7.010000e-01 8.046820e-01 1.593058e+00 1.749330e+00 1.503087e+01 5.862602e+03 7.963334e+03 2.26268 5.947557e-01
7.000000e-01 8.046820e-01 1.593171e+00 1.749494e+00 1.503912e+01 5.873440e+03 7.959553e+03 2.26485 5.963408e-01
6.990000e-01 8.046820e-01 1.595035e+00 1.751541e+00 1.505635e+01 5.877811e+03 7.948615e+03 2.27004 5.967544e-01
6.980000e-01 8.046820e-01 1.595140e+00 1.751697e+00 1.506465e+01 5.888598e+03 7.944811e+03 2.27219 5.983384e-01
6.970000e-01 8.046820e-01 1.597013e+00 1.753753e+00 1.508204e+01 5.892881e+03 7.933779e+03 2.27741 5.987415e-01
6.960000e-01 8.046820e-01 1.597109e+00 1.753899e+00 1.509037e+01 5.903609e+03 7.929955e+03 2.27955 6.003229e-01
6.950000e-01 8.046820e-01 1.598988e+00 1.755962e+00 1.510791e+01 5.907793e+03 7.918835e+03 2.28479 6.007146e-01
6.940000e-01 8.046820e-01 1.599075e+00 1.756099e+00 1.511629e+01 5.918470e+03 7.914988e+03 2.28692 6.022946e-01
6.930000e-01 8.046820e-01 1.600963e+00 1.758172e+00 1.513400e+01 5.922574e+03 7.903768e+03 2.29218 6.026765e-01
6.920000e-01 8.046820e-01 1.601043e+00 1.758300e+00 1.514243e+01 5.933203e+03 7.899895e+03 2.2943 6.042552e-01
6.910000e-01 8.046820e-01 1.602937e+00 1.760381e+00 1.516031e+01 5.937223e+03 7.888565e+03 2.29958 6.046258e-01
6.900000e-01 8.046820e-01 1.603006e+00 1.760498e+00 1.516879e+01 5.947794e+03 7.884669e+03 2.30168 6.062019e-01
6.890000e-01 8.046820e-01 1.604906e+00 1.762584e+00 1.518680e+01 5.951704e+03 7.873254e+03 2.30698 6.065591e-01
6.880000e-01 8.046820e-01 1.604961e+00 1.762685e+00 1.519530e+01 5.962201e+03 7.869339e+03 2.30904 6.081306e-01
6.870000e-01 8.046820e-01 1.606866e+00 1.764776e+00 1.521344e+01 5.965995e+03 7.857844e+03 2.31436 6.084742e-01
6.860000e-01 8.046820e-01 1.606909e+00 1.764864e+00 1.522198e+01 5.976432e+03 7.853907e+03 2.3164 6.100427e-01
6.850000e-01 8.046820e-01 1.608821e+00 1.766963e+00 1.524029e+01 5.980143e+03 7.842304e+03 2.32174 6.103753e-01
6.840000e-01 8.046820e-01 1.608854e+00 1.767040e+00 1.524888e+01 5.990534e+03 7.838337e+03 2.32376 6.119426e-01
6.830000e-01 8.046820e-01 1.610795e+00 1.769171e+00 1.526748e+01 5.994135e+03 7.826538e+03 2.32915 6.122537e-01
6.820000e-01 8.046820e-01 1.610803e+00 1.769222e+00 1.527606e+01 6.004489e+03 7.822581e+03 2.33113 6.138241e-01
6.810000e-01 8.046820e-01 1.612741e+00 1.771348e+00 1.529478e+01 6.008000e+03 7.810705e+03 2.33652 6.141256e-01
6.800000e-01 8.046820e-01 1.612738e+00 1.771386e+00 1.530340e+01 6.018298e+03 7.806723e+03 2.33847 6.156937e-01
6.790000e-01 8.046820e-01 1.614683e+00 1.773520e+00 1.532230e+01 6.021719e+03 7.794730e+03 2.34388 6.159831e-01
6.780000e-01 8.046820e-01 1.614669e+00 1.773546e+00 1.533098e+01 6.031974e+03 7.790718e+03 2.34581 6.175502e-01
6.770000e-01 8.046820e-01 1.616620e+00 1.775687e+00 1.535008e+01 6.035307e+03 7.778596e+03 2.35123 6.178267e-01
6.760000e-01 8.046820e-01 1.616594e+00 1.775701e+00 1.535880e+01 6.045509e+03 7.774557e+03 2.35314 6.193916e-01
6.750000e-01 8.046820e-01 1.618550e+00 1.777846e+00 1.537807e+01 6.048735e+03 7.762323e+03 2.35857 6.196535e-01
6.740000e-01 8.046820e-01 1.618507e+00 1.777841e+00 1.538682e+01 6.058866e+03 7.758261e+03 2.36043 6.212140e-01
6.730000e-01 8.046820e-01 1.620467e+00 1.779990e+00 1.540623e+01 6.061968e+03 7.745939e+03 2.36588 6.214603e-01
6.720000e-01 8.046820e-01 1.620409e+00 1.779968e+00 1.541501e+01 6.072034e+03 7.741853e+03 2.36771 6.230172e-01
6.710000e-01 8.046820e-01 1.622375e+00 1.782123e+00 1.543461e+01 6.075038e+03 7.729414e+03 2.37317 6.232502e-01
6.700000e-01 8.046820e-01 1.622305e+00 1.782088e+00 1.544345e+01 6.085058e+03 7.725297e+03 2.37497 6.248058e-01
6.690000e-01 8.046820e-01 1.624276e+00 1.784249e+00 1.546325e+01 6.087972e+03 7.712718e+03 2.38044 6.250252e-01
6.680000e-01 8.046820e-01 1.624193e+00 1.784201e+00 1.547214e+01 6.097943e+03 7.708570e+03 2.38221 6.265789e-01
6.670000e-01 8.046820e-01 1.626168e+00 1.786365e+00 1.549214e+01 6.100751e+03 7.695859e+03 2.38769 6.267827e-01
6.660000e-01 8.046820e-01 1.626069e+00 1.786299e+00 1.550108e+01 6.110664e+03 7.691680e+03 2.38942 6.283335e-01
6.650000e-01 8.046820e-01 1.628050e+00 1.788468e+00 1.552128e+01 6.113372e+03 7.678835e+03 2.3949 6.285225e-01
6.640000e-01 8.046820e-01 1.627938e+00 1.788389e+00 1.553027e+01 6.123240e+03 7.674624e+03 2.39661 6.300718e-01
6.630000e-01 8.046820e-01 1.629923e+00 1.790563e+00 1.555069e+01 6.125852e+03 7.661631e+03 2.4021 6.302458e-01
6.620000e-01 8.046820e-01 1.629796e+00 1.790467e+00 1.555974e+01 6.135670e+03 7.657386e+03 2.40376 6.317929e-01
6.610000e-01 8.046820e-01 1.631785e+00 1.792645e+00 1.558036e+01 6.138173e+03 7.644258e+03 2.40925 6.319505e-01
6.600000e-01 8.046820e-01 1.631639e+00 1.792528e+00 1.558943e+01 6.147920e+03 7.639987e+03 2.41088 6.334933e-01
6.590000e-01 8.046820e-01 1.633652e+00 1.794731e+00 1.561033e+01 6.150262e+03 7.626687e+03 2.4164 6.336239e-01
6.580000e-01 8.046820e-01 1.633477e+00 1.794583e+00 1.561938e+01 6.159957e+03 7.622429e+03 2.41796 6.351680e-01
6.570000e-01 8.046820e-01 1.635486e+00 1.796781e+00 1.564043e+01 6.162194e+03 7.609045e+03 2.42349 6.352877e-01
6.560000e-01 8.046820e-01 1.635298e+00 1.796619e+00 1.564954e+01 6.171842e+03 7.604760e+03 2.42502 6.368310e-01
6.550000e-01 8.046820e-01 1.637312e+00 1.798824e+00 1.567082e+01 6.173973e+03 7.591237e+03 2.43056 6.369362e-01
6.540000e-01 8.046820e-01 1.637111e+00 1.798648e+00 1.567999e+01 6.183569e+03 7.586925e+03 2.43207 6.384783e-01
6.530000e-01 8.046820e-01 1.639129e+00 1.800856e+00 1.570149e+01 6.185575e+03 7.573278e+03 2.43762 6.385675e-01
6.520000e-01 8.046820e-01 1.638912e+00 1.800663e+00 1.571071e+01 6.195111e+03 7.568943e+03 2.43909 6.401075e-01
6.510000e-01 8.046820e-01 1.640936e+00 1.802878e+00 1.573243e+01 6.196998e+03 7.555173e+03 2.44465 6.401811e-01
6.500000e-01 8.046820e-01 1.640704e+00 1.802669e+00 1.574171e+01 6.206486e+03 7.550807e+03 2.44609 6.417199e-01
6.490000e-01 8.046820e-01 1.642731e+00 1.804887e+00 1.576368e+01 6.208261e+03 7.536881e+03 2.45166 6.417767e-01
6.480000e-01 8.046820e-01 1.642482e+00 1.804661e+00 1.577301e+01 6.217698e+03 7.532482e+03 2.45305 6.433135e-01
6.470000e-01 8.046820e-01 1.644512e+00 1.806881e+00 1.579521e+01 6.219349e+03 7.518415e+03 2.45862 6.433523e-01
6.460000e-01 8.046820e-01 1.644241e+00 1.806630e+00 1.580458e+01 6.228717e+03 7.513989e+03 2.45996 6.448848e-01
6.450000e-01 8.046820e-01 1.646271e+00 1.808849e+00 1.582697e+01 6.230225e+03 7.499800e+03 2.46551 6.449031e-01
6.440000e-01 8.046820e-01 1.645979e+00 1.808575e+00 1.583637e+01 6.239528e+03 7.495344e+03 2.46679 6.464312e-01
6.430000e-01 8.046820e-01 1.648010e+00 1.810794e+00 1.585899e+01 6.240917e+03 7.481000e+03 2.47233 6.464310e-01
6.420000e-01 8.046820e-01 1.648883e+00 1.811770e+00 1.587521e+01 6.246187e+03 7.471454e+03 2.47573 6.471805e-01
6.410000e-01 8.046820e-01 1.649743e+00 1.812732e+00 1.589145e+01 6.251431e+03 7.461912e+03 2.4791 6.479308e-01
6.400000e-01 8.046820e-01 1.650597e+00 1.813688e+00 1.590776e+01 6.256631e+03 7.452319e+03 2.48246 6.486758e-01
6.390000e-01 8.046820e-01 1.651446e+00 1.814638e+00 1.592414e+01 6.261780e+03 7.442681e+03 2.4858 6.494145e-01
6.380000e-01 8.046820e-01 1.652290e+00 1.815582e+00 1.594059e+01 6.266881e+03 7.432994e+03 2.48912 6.501476e-01
6.370000e-01 8.046820e-01 1.653130e+00 1.816522e+00 1.595714e+01 6.271943e+03 7.423255e+03 2.49243 6.508755e-01
6.360000e-01 8.046820e-01 1.653965e+00 1.817456e+00 1.597377e+01 6.276960e+03 7.413456e+03 2.49572 6.515975e-01
6.350000e-01 8.046820e-01 1.654794e+00 1.818383e+00 1.599049e+01 6.281932e+03 7.403599e+03 2.49899 6.523133e-01
6.340000e-01 8.046820e-01 1.655618e+00 1.819305e+00 1.600729e+01 6.286860e+03 7.393687e+03 2.50223 6.530227e-01
6.330000e-01 8.046820e-01 1.656435e+00 1.820218e+00 1.602417e+01 6.291733e+03 7.383727e+03 2.50546 6.537253e-01
6.320000e-01 8.046820e-01 1.657244e+00 1.821123e+00 1.604110e+01 6.296549e+03 7.373722e+03 2.50865 6.544201e-01
6.310000e-01 8.046820e-01 1.658046e+00 1.822018e+00 1.605810e+01 6.301311e+03 7.363668e+03 2.51181 6.551076e-01
6.300000e-01 8.046820e-01 1.658841e+00 1.822906e+00 1.607518e+01 6.306024e+03 7.353560e+03 2.51496 6.557887e-01
6.290000e-01 8.046820e-01 1.659630e+00 1.823788e+00 1.609237e+01 6.310692e+03 7.343392e+03 2.51808 6.564638e-01
6.280000e-01 8.046820e-01 1.660432e+00 1.824685e+00 1.610975e+01 6.315284e+03 7.333090e+03 2.52121 6.571230e-01
6.270000e-01 8.046820e-01 1.661213e+00 1.825558e+00 1.612713e+01 6.319856e+03 7.322807e+03 2.5243 6.577862e-01
6.260000e-01 8.046820e-01 1.661988e+00 1.826424e+00 1.614459e+01 6.324377e+03 7.312481e+03 2.52737 6.584438e-01
6.250000e-01 8.046820e-01 1.662758e+00 1.827285e+00 1.616212e+01 6.328841e+03 7.302115e+03 2.53043 6.590957e-01
6.240000e-01 8.046820e-01 1.663523e+00 1.828141e+00 1.617975e+01 6.333251e+03 7.291707e+03 2.53348 6.597421e-01
6.230000e-01 8.046820e-01 1.664284e+00 1.828994e+00 1.619747e+01 6.337615e+03 7.281246e+03 2.53652 6.603834e-01
6.220000e-01 8.046820e-01 1.665040e+00 1.829840e+00 1.621530e+01 6.341926e+03 7.270732e+03 2.53954 6.610188e-01
6.210000e-01 8.046820e-01 1.665789e+00 1.830678e+00 1.623321e+01 6.346186e+03 7.260162e+03 2.54253 6.616474e-01
6.200000e-01 8.046820e-01 1.666530e+00 1.831509e+00 1.625122e+01 6.350394e+03 7.249532e+03 2.5455 6.622686e-01
6.190000e-01 8.046820e-01 1.667263e+00 1.832328e+00 1.626930e+01 6.354541e+03 7.238853e+03 2.54843 6.628816e-01
6.180000e-01 8.046820e-01 1.667985e+00 1.833137e+00 1.628745e+01 6.358624e+03 7.228126e+03 2.55133 6.634862e-01
6.170000e-01 8.046820e-01 1.668700e+00 1.833936e+00 1.630569e+01 6.362653e+03 7.217344e+03 2.55419 6.640830e-01
6.160000e-01 8.046820e-01 1.669406e+00 1.834726e+00 1.632404e+01 6.366631e+03 7.206494e+03 2.55702 6.646727e-01
6.150000e-01 8.046820e-01 1.670105e+00 1.835508e+00 1.634249e+01 6.370557e+03 7.195575e+03 2.55983 6.652548e-01
6.140000e-01 8.046820e-01 1.670795e+00 1.836281e+00 1.636106e+01 6.374434e+03 7.184586e+03 2.5626 6.658295e-01
6.130000e-01 8.046820e-01 1.671478e+00 1.837044e+00 1.637974e+01 6.378255e+03 7.173528e+03 2.56534 6.663964e-01
6.120000e-01 8.046820e-01 1.672152e+00 1.837798e+00 1.639851e+01 6.382017e+03 7.162415e+03 2.56805 6.669554e-01
6.110000e-01 8.046820e-01 1.672817e+00 1.838542e+00 1.641737e+01 6.385723e+03 7.151239e+03 2.57072 6.675063e-01
6.100000e-01 8.046820e-01 1.673488e+00 1.839293e+00 1.643647e+01 6.389343e+03 7.139908e+03 2.57338 6.680384e-01
6.090000e-01 8.046820e-01 1.674134e+00 1.840014e+00 1.645558e+01 6.392940e+03 7.128568e+03 2.57597 6.685711e-01
6.080000e-01 8.046820e-01 1.674769e+00 1.840724e+00 1.647480e+01 6.396483e+03 7.117153e+03 2.57851 6.690948e-01
6.070000e-01 8.046820e-01 1.675394e+00 1.841422e+00 1.649413e+01 6.399968e+03 7.105671e+03 2.58102 6.696099e-01
6.060000e-01 8.046820e-01 1.676009e+00 1.842110e+00 1.651355e+01 6.403388e+03 7.094135e+03 2.58348 6.701162e-01
6.050000e-01 8.046820e-01 1.676615e+00 1.842787e+00 1.653305e+01 6.406740e+03 7.082556e+03 2.58592 6.706140e-01
6.040000e-01 8.046820e-01 1.677213e+00 1.843455e+00 1.655263e+01 6.410027e+03 7.070935e+03 2.58833 6.711044e-01
6.030000e-01 8.046820e-01 1.677804e+00 1.844116e+00 1.657233e+01 6.413253e+03 7.059261e+03 2.59072 6.715881e-01
6.020000e-01 8.046820e-01 1.678389e+00 1.844771e+00 1.659215e+01 6.416419e+03 7.047537e+03 2.59309 6.720663e-01
6.010000e-01 8.046820e-01 1.678967e+00 1.845418e+00 1.661208e+01 6.419528e+03 7.035750e+03 2.59544 6.725372e-01
6.000000e-01 8.046820e-01 1.679534e+00 1.846053e+00 1.663215e+01 6.422575e+03 7.023888e+03 2.59774 6.729992e-01
5.990000e-01 8.046820e-01 1.680090e+00 1.846676e+00 1.665233e+01 6.425558e+03 7.011957e+03 2.6 6.734518e-01
5.980000e-01 8.046820e-01 1.680635e+00 1.847286e+00 1.667262e+01 6.428478e+03 6.999958e+03 2.60222 6.738948e-01
5.970000e-01 8.046820e-01 1.681168e+00 1.847882e+00 1.669303e+01 6.431335e+03 6.987879e+03 2.60438 6.743280e-01
5.960000e-01 8.046820e-01 1.681704e+00 1.848482e+00 1.671370e+01 6.434097e+03 6.975638e+03 2.60652 6.747412e-01
5.950000e-01 8.046820e-01 1.682214e+00 1.849053e+00 1.673440e+01 6.436829e+03 6.963389e+03 2.60859 6.751539e-01
5.940000e-01 8.046820e-01 1.682712e+00 1.849610e+00 1.675521e+01 6.439495e+03 6.951071e+03 2.61061 6.755569e-01
5.930000e-01 8.046820e-01 1.683198e+00 1.850155e+00 1.677613e+01 6.442092e+03 6.938693e+03 2.61259 6.759505e-01
5.920000e-01 8.046820e-01 1.683671e+00 1.850683e+00 1.679715e+01 6.444616e+03 6.926253e+03 2.61451 6.763326e-01
5.910000e-01 8.046820e-01 1.684128e+00 1.851193e+00 1.681828e+01 6.447069e+03 6.913743e+03 2.61637 6.767034e-01
5.900000e-01 8.046820e-01 1.684570e+00 1.851687e+00 1.683955e+01 6.449456e+03 6.901141e+03 2.61816 6.770625e-01
5.890000e-01 8.046820e-01 1.685000e+00 1.852167e+00 1.686096e+01 6.451779e+03 6.888450e+03 2.6199 6.774108e-01
5.880000e-01 8.046820e-01 1.685418e+00 1.852634e+00 1.688253e+01 6.454036e+03 6.875674e+03 2.62159 6.777488e-01
5.870000e-01 8.046820e-01 1.685826e+00 1.853089e+00 1.690423e+01 6.456224e+03 6.862827e+03 2.62324 6.780774e-01
5.860000e-01 8.046820e-01 1.686225e+00 1.853536e+00 1.692606e+01 6.458340e+03 6.849931e+03 2.62487 6.783983e-01
5.850000e-01 8.046820e-01 1.686617e+00 1.853974e+00 1.694800e+01 6.460384e+03 6.836993e+03 2.62647 6.787121e-01
5.840000e-01 8.046820e-01 1.686997e+00 1.854400e+00 1.697008e+01 6.462357e+03 6.823989e+03 2.62804 6.790171e-01
5.830000e-01 8.046820e-01 1.687378e+00 1.854827e+00 1.699243e+01 6.464226e+03 6.810825e+03 2.62956 6.793015e-01
5.820000e-01 8.046820e-01 1.687731e+00 1.855224e+00 1.701483e+01 6.466056e+03 6.797645e+03 2.63101 6.795837e-01
5.810000e-01 8.046820e-01 1.688070e+00 1.855603e+00 1.703736e+01 6.467814e+03 6.784388e+03 2.6324 6.798544e-01
5.800000e-01 8.046820e-01 1.688391e+00 1.855963e+00 1.706002e+01 6.469493e+03 6.771052e+03 2.63372 6.801122e-01
5.790000e-01 8.046820e-01 1.688698e+00 1.856306e+00 1.708280e+01 6.471093e+03 6.757656e+03 2.63498 6.803582e-01
5.780000e-01 8.046820e-01 1.688990e+00 1.856633e+00 1.710569e+01 6.472614e+03 6.744196e+03 2.63618 6.805929e-01
5.770000e-01 8.046820e-01 1.689266e+00 1.856941e+00 1.712876e+01 6.474061e+03 6.730642e+03 2.63731 6.808153e-01
5.760000e-01 8.046820e-01 1.689525e+00 1.857230e+00 1.715200e+01 6.475434e+03 6.716982e+03 2.63837 6.810242e-01
5.750000e-01 8.046820e-01 1.689766e+00 1.857498e+00 1.717542e+01 6.476732e+03 6.703214e+03 2.63935 6.812186e-01
5.740000e-01 8.046820e-01 1.689990e+00 1.857748e+00 1.719900e+01 6.477951e+03 6.689351e+03 2.64025 6.813999e-01
5.730000e-01 8.046820e-01 1.690200e+00 1.857982e+00 1.722274e+01 6.479090e+03 6.675414e+03 2.6411 6.815690e-01
5.720000e-01 8.046820e-01 1.690412e+00 1.858219e+00 1.724673e+01 6.480112e+03 6.661347e+03 2.64193 6.817190e-01
5.710000e-01 8.046820e-01 1.690605e+00 1.858435e+00 1.727077e+01 6.481095e+03 6.647302e+03 2.64272 6.818714e-01
5.700000e-01 8.046820e-01 1.690785e+00 1.858638e+00 1.729496e+01 6.482001e+03 6.633194e+03 2.64347 6.820150e-01
5.690000e-01 8.046820e-01 1.690950e+00 1.858824e+00 1.731932e+01 6.482825e+03 6.619002e+03 2.64416 6.821460e-01
5.680000e-01 8.046820e-01 1.691097e+00 1.858989e+00 1.734385e+01 6.483567e+03 6.604725e+03 2.64477 6.822634e-01
5.670000e-01 8.046820e-01 1.691225e+00 1.859132e+00 1.736851e+01 6.484221e+03 6.590371e+03 2.6453 6.823663e-01
5.660000e-01 8.046820e-01 1.691335e+00 1.859256e+00 1.739331e+01 6.484787e+03 6.575948e+03 2.64576 6.824555e-01
5.650000e-01 8.046820e-01 1.691428e+00 1.859360e+00 1.741828e+01 6.485269e+03 6.561450e+03 2.64615 6.825319e-01
5.640000e-01 8.046820e-01 1.691503e+00 1.859443e+00 1.744344e+01 6.485667e+03 6.546846e+03 2.64646 6.825941e-01
5.630000e-01 8.046820e-01 1.691556e+00 1.859501e+00 1.746880e+01 6.485979e+03 6.532123e+03 2.64668 6.826397e-01
5.620000e-01 8.046820e-01 1.691599e+00 1.859548e+00 1.749449e+01 6.486165e+03 6.517208e+03 2.64681 6.826582e-01
5.610000e-01 8.046820e-01 1.691614e+00 1.859564e+00 1.752025e+01 6.486301e+03 6.502275e+03 2.64686 6.826721e-01
5.600000e-01 8.046820e-01 1.691617e+00 1.859566e+00 1.754617e+01 6.486351e+03 6.487291e+03 2.64686 6.826760e-01
5.590000e-01 8.046820e-01 1.691612e+00 1.859562e+00 1.757224e+01 6.486319e+03 6.472274e+03 2.64685 6.826730e-01
5.599437e-01 8.046820e-01 1.691743e+00 1.859706e+00 1.754907e+01 6.485865e+03 6.485507e+03 2.64696 6.825481e-01
