1.000000e+00 8.374580e-01 1.394353e+00 1.532986e+00 1.246599e+01 0.000000e+00 9.770212e+03 0 0.000000e+00
9.990000e-01 8.374580e-01 1.394472e+00 1.533088e+00 1.246997e+01 3.798873e+02 9.748620e+03 1.62144 3.604310e-02
9.980000e-01 8.374580e-01 1.395610e+00 1.534351e+00 1.247791e+01 5.095141e+02 9.735058e+03 1.50598 4.482648e-02
9.970000e-01 8.374580e-01 1.396219e+00 1.535022e+00 1.248361e+01 6.249346e+02 9.725873e+03 1.50833 5.501878e-02
9.960000e-01 8.374580e-01 1.396835e+00 1.535700e+00 1.248936e+01 7.220842e+02 9.717701e+03 1.5105 6.360699e-02
9.950000e-01 8.374580e-01 1.397458e+00 1.536385e+00 1.249513e+01 8.080873e+02 9.710153e+03 1.51258 7.121764e-02
9.940000e-01 8.374580e-01 1.398090e+00 1.537084e+00 1.250093e+01 8.862902e+02 9.703045e+03 1.51463 7.814462e-02
9.930000e-01 8.374580e-01 1.398732e+00 1.537794e+00 1.250676e+01 9.585035e+02 9.696277e+03 1.51665 8.454697e-02
9.920000e-01 8.374580e-01 1.399382e+00 1.538516e+00 1.251260e+01 1.025967e+03 9.689776e+03 1.51867 9.053382e-02
9.910000e-01 8.374580e-01 1.400039e+00 1.539248e+00 1.251845e+01 1.089448e+03 9.683502e+03 1.52068 9.617250e-02
9.900000e-01 8.374580e-01 1.400700e+00 1.539984e+00 1.252430e+01 1.149400e+03 9.677429e+03 1.52269 1.015029e-01
9.890000e-01 8.374580e-01 1.401362e+00 1.540722e+00 1.253016e+01 1.206289e+03 9.671529e+03 1.52469 1.065662e-01
9.880000e-01 8.374580e-01 1.402025e+00 1.541461e+00 1.253602e+01 1.260513e+03 9.665777e+03 1.5267 1.113976e-01
9.870000e-01 8.374580e-01 1.402689e+00 1.542202e+00 1.254189e+01 1.312450e+03 9.660149e+03 1.52871 1.160302e-01
9.860000e-01 8.374580e-01 1.403356e+00 1.542947e+00 1.254778e+01 1.362486e+03 9.654621e+03 1.53072 1.204981e-01
9.850000e-01 8.374580e-01 1.404029e+00 1.543698e+00 1.255368e+01 1.410880e+03 9.649178e+03 1.53275 1.248236e-01
9.840000e-01 8.374580e-01 1.404707e+00 1.544456e+00 1.255961e+01 1.457806e+03 9.643811e+03 1.53479 1.290219e-01
9.830000e-01 8.374580e-01 1.405389e+00 1.545221e+00 1.256555e+01 1.503327e+03 9.638519e+03 1.53683 1.330986e-01
9.820000e-01 8.374580e-01 1.406074e+00 1.545989e+00 1.257150e+01 1.547527e+03 9.633298e+03 1.53888 1.370608e-01
9.810000e-01 8.374580e-01 1.406762e+00 1.546760e+00 1.257746e+01 1.590469e+03 9.628143e+03 1.54093 1.409142e-01
9.800000e-01 8.374580e-01 1.407449e+00 1.547530e+00 1.258341e+01 1.632172e+03 9.623056e+03 1.54299 1.446604e-01
9.790000e-01 8.374580e-01 1.408135e+00 1.548299e+00 1.258937e+01 1.672679e+03 9.618034e+03 1.54504 1.483035e-01
9.780000e-01 8.374580e-01 1.408817e+00 1.549063e+00 1.259532e+01 1.712028e+03 9.613073e+03 1.54709 1.518467e-01
9.770000e-01 8.374580e-01 1.409495e+00 1.549822e+00 1.260127e+01 1.750279e+03 9.608169e+03 1.54915 1.552956e-01
9.760000e-01 8.374580e-01 1.410170e+00 1.550576e+00 1.260722e+01 1.787560e+03 9.603312e+03 1.5512 1.586615e-01
9.750000e-01 8.374580e-01 1.410845e+00 1.551329e+00 1.261318e+01 1.824033e+03 9.598489e+03 1.55325 1.619585e-01
9.740000e-01 8.374580e-01 1.411521e+00 1.552084e+00 1.261917e+01 1.859834e+03 9.593690e+03 1.55532 1.651985e-01
9.730000e-01 8.374580e-01 1.412200e+00 1.552843e+00 1.262518e+01 1.895015e+03 9.588913e+03 1.55739 1.683859e-01
9.720000e-01 8.374580e-01 1.412882e+00 1.553605e+00 1.263121e+01 1.929627e+03 9.584156e+03 1.55948 1.715249e-01
9.710000e-01 8.374580e-01 1.413569e+00 1.554371e+00 1.263727e+01 1.963698e+03 9.579418e+03 1.56157 1.746180e-01
9.700000e-01 8.374580e-01 1.414257e+00 1.555141e+00 1.264334e+01 1.997199e+03 9.574703e+03 1.56367 1.776626e-01
9.690000e-01 8.374580e-01 1.414947e+00 1.555912e+00 1.264942e+01 2.030131e+03 9.570013e+03 1.56577 1.806585e-01
9.680000e-01 8.374580e-01 1.415638e+00 1.556685e+00 1.265552e+01 2.062509e+03 9.565347e+03 1.56788 1.836073e-01
9.670000e-01 8.374580e-01 1.416331e+00 1.557459e+00 1.266162e+01 2.094361e+03 9.560704e+03 1.56999 1.865114e-01
9.660000e-01 8.374580e-01 1.417025e+00 1.558235e+00 1.266774e+01 2.125752e+03 9.556077e+03 1.57211 1.893766e-01
9.650000e-01 8.374580e-01 1.417723e+00 1.559015e+00 1.267388e+01 2.156739e+03 9.551463e+03 1.57423 1.922078e-01
9.640000e-01 8.374580e-01 1.418424e+00 1.559800e+00 1.268005e+01 2.187346e+03 9.546861e+03 1.57637 1.950070e-01
9.630000e-01 8.374580e-01 1.419129e+00 1.560589e+00 1.268622e+01 2.217565e+03 9.542273e+03 1.57851 1.977733e-01
9.620000e-01 8.374580e-01 1.419837e+00 1.561382e+00 1.269242e+01 2.247394e+03 9.537699e+03 1.58066 2.005066e-01
9.610000e-01 8.374580e-01 1.420546e+00 1.562177e+00 1.269862e+01 2.276829e+03 9.533142e+03 1.58282 2.032066e-01
9.600000e-01 8.374580e-01 1.421257e+00 1.562973e+00 1.270483e+01 2.305848e+03 9.528602e+03 1.58498 2.058713e-01
9.590000e-01 8.374580e-01 1.421967e+00 1.563769e+00 1.271105e+01 2.334435e+03 9.524083e+03 1.58714 2.084995e-01
9.580000e-01 8.374580e-01 1.422676e+00 1.564562e+00 1.271727e+01 2.362576e+03 9.519584e+03 1.5893 2.110899e-01
9.570000e-01 8.374580e-01 1.423383e+00 1.565353e+00 1.272348e+01 2.390278e+03 9.515105e+03 1.59146 2.136431e-01
9.560000e-01 8.374580e-01 1.424088e+00 1.566142e+00 1.272970e+01 2.417581e+03 9.510641e+03 1.59363 2.161631e-01
9.550000e-01 8.374580e-01 1.424793e+00 1.566930e+00 1.273593e+01 2.444559e+03 9.506185e+03 1.5958 2.186561e-01
9.540000e-01 8.374580e-01 1.425501e+00 1.567721e+00 1.274219e+01 2.471266e+03 9.501731e+03 1.59797 2.211270e-01
9.530000e-01 8.374580e-01 1.426210e+00 1.568515e+00 1.274846e+01 2.497711e+03 9.497280e+03 1.60016 2.235763e-01
9.520000e-01 8.374580e-01 1.426923e+00 1.569312e+00 1.275476e+01 2.523913e+03 9.492829e+03 1.60236 2.260056e-01
9.510000e-01 8.374580e-01 1.427639e+00 1.570112e+00 1.276108e+01 2.549871e+03 9.488381e+03 1.60456 2.284148e-01
9.500000e-01 8.374580e-01 1.428356e+00 1.570915e+00 1.276741e+01 2.575559e+03 9.483940e+03 1.60677 2.308015e-01
9.490000e-01 8.374580e-01 1.429075e+00 1.571719e+00 1.277375e+01 2.600978e+03 9.479507e+03 1.60898 2.331657e-01
9.480000e-01 8.374580e-01 1.429795e+00 1.572524e+00 1.278011e+01 2.626127e+03 9.475081e+03 1.6112 2.355075e-01
9.470000e-01 8.374580e-01 1.430516e+00 1.573330e+00 1.278647e+01 2.651027e+03 9.470660e+03 1.61342 2.378287e-01
9.460000e-01 8.374580e-01 1.431239e+00 1.574139e+00 1.279286e+01 2.675710e+03 9.466242e+03 1.61565 2.401322e-01
9.450000e-01 8.374580e-01 1.431966e+00 1.574953e+00 1.279927e+01 2.700206e+03 9.461823e+03 1.6179 2.424205e-01
9.440000e-01 8.374580e-01 1.432696e+00 1.575770e+00 1.280570e+01 2.724515e+03 9.457403e+03 1.62015 2.446935e-01
9.430000e-01 8.374580e-01 1.433429e+00 1.576590e+00 1.281215e+01 2.748624e+03 9.452984e+03 1.6224 2.469501e-01
9.420000e-01 8.374580e-01 1.434164e+00 1.577414e+00 1.281861e+01 2.772526e+03 9.448569e+03 1.62467 2.491896e-01
9.410000e-01 8.374580e-01 1.434900e+00 1.578239e+00 1.282508e+01 2.796210e+03 9.444159e+03 1.62694 2.514110e-01
9.400000e-01 8.374580e-01 1.435638e+00 1.579065e+00 1.283156e+01 2.819653e+03 9.439757e+03 1.62921 2.536123e-01
9.390000e-01 8.374580e-01 1.436374e+00 1.579890e+00 1.283805e+01 2.842839e+03 9.435366e+03 1.63148 2.557922e-01
9.380000e-01 8.374580e-01 1.437110e+00 1.580714e+00 1.284453e+01 2.865757e+03 9.430986e+03 1.63376 2.579498e-01
9.370000e-01 8.374580e-01 1.437844e+00 1.581535e+00 1.285102e+01 2.888423e+03 9.426616e+03 1.63604 2.600864e-01
9.360000e-01 8.374580e-01 1.438578e+00 1.582357e+00 1.285751e+01 2.910870e+03 9.422251e+03 1.63832 2.622054e-01
9.350000e-01 8.374580e-01 1.439314e+00 1.583179e+00 1.286403e+01 2.933150e+03 9.417885e+03 1.64061 2.643112e-01
9.340000e-01 8.374580e-01 1.440051e+00 1.584005e+00 1.287057e+01 2.955280e+03 9.413515e+03 1.64291 2.664050e-01
9.330000e-01 8.374580e-01 1.440792e+00 1.584833e+00 1.287712e+01 2.977264e+03 9.409142e+03 1.64521 2.684873e-01
9.320000e-01 8.374580e-01 1.441535e+00 1.585665e+00 1.288371e+01 2.999105e+03 9.404765e+03 1.64753 2.705583e-01
9.310000e-01 8.374580e-01 1.442280e+00 1.586499e+00 1.289030e+01 3.020787e+03 9.400387e+03 1.64985 2.726163e-01
9.300000e-01 8.374580e-01 1.443027e+00 1.587335e+00 1.289691e+01 3.042299e+03 9.396011e+03 1.65218 2.746605e-01
9.290000e-01 8.374580e-01 1.443775e+00 1.588172e+00 1.290353e+01 3.063638e+03 9.391638e+03 1.65451 2.766906e-01
9.280000e-01 8.374580e-01 1.444524e+00 1.589010e+00 1.291017e+01 3.084808e+03 9.387267e+03 1.65685 2.787071e-01
9.270000e-01 8.374580e-01 1.445274e+00 1.589850e+00 1.291682e+01 3.105835e+03 9.382894e+03 1.65919 2.807121e-01
9.260000e-01 8.374580e-01 1.446028e+00 1.590694e+00 1.292349e+01 3.126741e+03 9.378517e+03 1.66154 2.827076e-01
9.250000e-01 8.374580e-01 1.446785e+00 1.591541e+00 1.293019e+01 3.147536e+03 9.374134e+03 1.66391 2.846945e-01
9.240000e-01 8.374580e-01 1.447544e+00 1.592392e+00 1.293690e+01 3.168208e+03 9.369747e+03 1.66628 2.866717e-01
9.230000e-01 8.374580e-01 1.448306e+00 1.593245e+00 1.294364e+01 3.188754e+03 9.365357e+03 1.66866 2.886387e-01
9.220000e-01 8.374580e-01 1.449070e+00 1.594101e+00 1.295039e+01 3.209164e+03 9.360966e+03 1.67104 2.905949e-01
9.210000e-01 8.374580e-01 1.449835e+00 1.594958e+00 1.295715e+01 3.229417e+03 9.356576e+03 1.67343 2.925381e-01
9.200000e-01 8.374580e-01 1.450600e+00 1.595816e+00 1.296392e+01 3.249499e+03 9.352189e+03 1.67583 2.944674e-01
9.190000e-01 8.374580e-01 1.451364e+00 1.596672e+00 1.297069e+01 3.269397e+03 9.347808e+03 1.67822 2.963816e-01
9.180000e-01 8.374580e-01 1.452128e+00 1.597526e+00 1.297746e+01 3.289120e+03 9.343431e+03 1.68062 2.982816e-01
9.170000e-01 8.374580e-01 1.452891e+00 1.598381e+00 1.298425e+01 3.308688e+03 9.339055e+03 1.68302 3.001693e-01
9.160000e-01 8.374580e-01 1.453656e+00 1.599237e+00 1.299105e+01 3.328143e+03 9.334673e+03 1.68543 3.020483e-01
9.150000e-01 8.374580e-01 1.454450e+00 1.600127e+00 1.299797e+01 3.347425e+03 9.330228e+03 1.6879 3.039122e-01
9.140000e-01 8.374580e-01 1.455221e+00 1.600989e+00 1.300482e+01 3.366683e+03 9.325830e+03 1.69033 3.057763e-01
9.130000e-01 8.374580e-01 1.455993e+00 1.601855e+00 1.301169e+01 3.385845e+03 9.321426e+03 1.69277 3.076331e-01
9.120000e-01 8.374580e-01 1.456768e+00 1.602722e+00 1.301858e+01 3.404898e+03 9.317017e+03 1.69521 3.094813e-01
9.110000e-01 8.374580e-01 1.457545e+00 1.603591e+00 1.302549e+01 3.423831e+03 9.312605e+03 1.69766 3.113199e-01
9.100000e-01 8.374580e-01 1.458322e+00 1.604461e+00 1.303240e+01 3.442633e+03 9.308192e+03 1.70012 3.131481e-01
9.090000e-01 8.374580e-01 1.459100e+00 1.605333e+00 1.303933e+01 3.461314e+03 9.303779e+03 1.70258 3.149666e-01
9.080000e-01 8.374580e-01 1.459880e+00 1.606206e+00 1.304628e+01 3.479891e+03 9.299361e+03 1.70504 3.167770e-01
9.070000e-01 8.374580e-01 1.460662e+00 1.607083e+00 1.305325e+01 3.498376e+03 9.294936e+03 1.70752 3.185804e-01
9.060000e-01 8.374580e-01 1.461448e+00 1.607962e+00 1.306024e+01 3.516782e+03 9.290504e+03 1.71 3.203778e-01
9.050000e-01 8.374580e-01 1.462236e+00 1.608845e+00 1.306725e+01 3.535098e+03 9.286066e+03 1.71249 3.221683e-01
9.040000e-01 8.374580e-01 1.463026e+00 1.609731e+00 1.307427e+01 3.553323e+03 9.281622e+03 1.71499 3.239516e-01
9.030000e-01 8.374580e-01 1.463818e+00 1.610619e+00 1.308132e+01 3.571443e+03 9.277175e+03 1.7175 3.257268e-01
9.020000e-01 8.374580e-01 1.464611e+00 1.611507e+00 1.308837e+01 3.589444e+03 9.272726e+03 1.72001 3.274923e-01
9.010000e-01 8.374580e-01 1.465404e+00 1.612396e+00 1.309543e+01 3.607313e+03 9.268279e+03 1.72253 3.292471e-01
9.000000e-01 8.374580e-01 1.466196e+00 1.613283e+00 1.310250e+01 3.625039e+03 9.263835e+03 1.72504 3.309903e-01
8.990000e-01 8.374580e-01 1.466988e+00 1.614169e+00 1.310957e+01 3.642634e+03 9.259393e+03 1.72756 3.327231e-01
8.980000e-01 8.374580e-01 1.467780e+00 1.615056e+00 1.311666e+01 3.660120e+03 9.254947e+03 1.73008 3.344475e-01
8.970000e-01 8.374580e-01 1.468574e+00 1.615946e+00 1.312376e+01 3.677529e+03 9.250492e+03 1.73262 3.361663e-01
8.960000e-01 8.374580e-01 1.469371e+00 1.616838e+00 1.313090e+01 3.694866e+03 9.246028e+03 1.73516 3.378799e-01
8.950000e-01 8.374580e-01 1.470170e+00 1.617733e+00 1.313805e+01 3.712131e+03 9.241555e+03 1.73771 3.395883e-01
8.940000e-01 8.374580e-01 1.470972e+00 1.618631e+00 1.314523e+01 3.729323e+03 9.237072e+03 1.74027 3.412913e-01
8.930000e-01 8.374580e-01 1.471776e+00 1.619531e+00 1.315243e+01 3.746430e+03 9.232583e+03 1.74284 3.429878e-01
8.920000e-01 8.374580e-01 1.472581e+00 1.620433e+00 1.315964e+01 3.763446e+03 9.228088e+03 1.74541 3.446772e-01
8.910000e-01 8.374580e-01 1.473387e+00 1.621336e+00 1.316686e+01 3.780363e+03 9.223591e+03 1.74799 3.463588e-01
8.900000e-01 8.374580e-01 1.474195e+00 1.622240e+00 1.317410e+01 3.797191e+03 9.219088e+03 1.75058 3.480336e-01
8.890000e-01 8.374580e-01 1.475004e+00 1.623147e+00 1.318137e+01 3.813943e+03 9.214578e+03 1.75317 3.497027e-01
8.880000e-01 8.374580e-01 1.475817e+00 1.624057e+00 1.318865e+01 3.830633e+03 9.210059e+03 1.75577 3.513673e-01
8.870000e-01 8.374580e-01 1.476632e+00 1.624970e+00 1.319596e+01 3.847258e+03 9.205532e+03 1.75838 3.530271e-01
8.860000e-01 8.374580e-01 1.477449e+00 1.625887e+00 1.320329e+01 3.863812e+03 9.200996e+03 1.761 3.546816e-01
8.850000e-01 8.374580e-01 1.478269e+00 1.626805e+00 1.321063e+01 3.880289e+03 9.196454e+03 1.76363 3.563302e-01
8.840000e-01 8.374580e-01 1.479090e+00 1.627725e+00 1.321799e+01 3.896678e+03 9.191908e+03 1.76627 3.579718e-01
8.830000e-01 8.374580e-01 1.479911e+00 1.628645e+00 1.322536e+01 3.912963e+03 9.187361e+03 1.7689 3.596052e-01
8.820000e-01 8.374580e-01 1.480732e+00 1.629565e+00 1.323274e+01 3.929136e+03 9.182814e+03 1.77154 3.612296e-01
8.810000e-01 8.374580e-01 1.481552e+00 1.630484e+00 1.324012e+01 3.945198e+03 9.178267e+03 1.77419 3.628452e-01
8.800000e-01 8.374580e-01 1.482372e+00 1.631403e+00 1.324752e+01 3.961165e+03 9.173717e+03 1.77683 3.644535e-01
8.790000e-01 8.374580e-01 1.483195e+00 1.632324e+00 1.325493e+01 3.977063e+03 9.169158e+03 1.77949 3.660568e-01
8.780000e-01 8.374580e-01 1.484019e+00 1.633248e+00 1.326237e+01 3.992904e+03 9.164589e+03 1.78215 3.676563e-01
8.770000e-01 8.374580e-01 1.484846e+00 1.634174e+00 1.326984e+01 4.008686e+03 9.160010e+03 1.78483 3.692516e-01
8.760000e-01 8.374580e-01 1.485676e+00 1.635104e+00 1.327733e+01 4.024411e+03 9.155420e+03 1.78751 3.708429e-01
8.750000e-01 8.374580e-01 1.486508e+00 1.636036e+00 1.328484e+01 4.040073e+03 9.150822e+03 1.7902 3.724296e-01
8.740000e-01 8.374580e-01 1.487341e+00 1.636969e+00 1.329236e+01 4.055658e+03 9.146216e+03 1.7929 3.740104e-01
8.730000e-01 8.374580e-01 1.488176e+00 1.637904e+00 1.329991e+01 4.071166e+03 9.141605e+03 1.79561 3.755853e-01
8.720000e-01 8.374580e-01 1.489011e+00 1.638841e+00 1.330747e+01 4.086596e+03 9.136988e+03 1.79832 3.771543e-01
8.710000e-01 8.374580e-01 1.489849e+00 1.639779e+00 1.331505e+01 4.101967e+03 9.132362e+03 1.80103 3.787188e-01
8.700000e-01 8.374580e-01 1.490689e+00 1.640720e+00 1.332265e+01 4.117281e+03 9.127726e+03 1.80376 3.802795e-01
8.690000e-01 8.374580e-01 1.491532e+00 1.641665e+00 1.333028e+01 4.132549e+03 9.123078e+03 1.8065 3.818368e-01
8.680000e-01 8.374580e-01 1.492377e+00 1.642613e+00 1.333793e+01 4.147757e+03 9.118420e+03 1.80924 3.833898e-01
8.670000e-01 8.374580e-01 1.493225e+00 1.643563e+00 1.334560e+01 4.162905e+03 9.113754e+03 1.812 3.849383e-01
8.660000e-01 8.374580e-01 1.494073e+00 1.644514e+00 1.335328e+01 4.177977e+03 9.109082e+03 1.81476 3.864809e-01
8.650000e-01 8.374580e-01 1.494922e+00 1.645466e+00 1.336098e+01 4.192966e+03 9.104406e+03 1.81752 3.880170e-01
8.640000e-01 8.374580e-01 1.495771e+00 1.646417e+00 1.336869e+01 4.207859e+03 9.099729e+03 1.82029 3.895454e-01
8.630000e-01 8.374580e-01 1.496619e+00 1.647367e+00 1.337640e+01 4.222658e+03 9.095051e+03 1.82306 3.910664e-01
8.620000e-01 8.374580e-01 1.497468e+00 1.648318e+00 1.338412e+01 4.237378e+03 9.090367e+03 1.82583 3.925815e-01
8.610000e-01 8.374580e-01 1.498319e+00 1.649271e+00 1.339187e+01 4.252042e+03 9.085674e+03 1.82861 3.940926e-01
8.600000e-01 8.374580e-01 1.499171e+00 1.650226e+00 1.339965e+01 4.266658e+03 9.080968e+03 1.83141 3.956008e-01
8.590000e-01 8.374580e-01 1.500027e+00 1.651185e+00 1.340745e+01 4.281230e+03 9.076250e+03 1.83421 3.971059e-01
8.580000e-01 8.374580e-01 1.500885e+00 1.652147e+00 1.341527e+01 4.295756e+03 9.071519e+03 1.83702 3.986079e-01
8.570000e-01 8.374580e-01 1.501745e+00 1.653110e+00 1.342312e+01 4.310226e+03 9.066777e+03 1.83984 4.001060e-01
8.560000e-01 8.374580e-01 1.502607e+00 1.654076e+00 1.343099e+01 4.324633e+03 9.062028e+03 1.84267 4.015993e-01
8.550000e-01 8.374580e-01 1.503470e+00 1.655043e+00 1.343888e+01 4.338973e+03 9.057271e+03 1.8455 4.030875e-01
8.540000e-01 8.374580e-01 1.504334e+00 1.656011e+00 1.344678e+01 4.353248e+03 9.052508e+03 1.84834 4.045710e-01
8.530000e-01 8.374580e-01 1.505200e+00 1.656982e+00 1.345471e+01 4.367473e+03 9.047734e+03 1.85119 4.060509e-01
8.520000e-01 8.374580e-01 1.506068e+00 1.657956e+00 1.346266e+01 4.381652e+03 9.042948e+03 1.85405 4.075276e-01
8.510000e-01 8.374580e-01 1.506940e+00 1.658933e+00 1.347063e+01 4.395791e+03 9.038149e+03 1.85692 4.090017e-01
8.500000e-01 8.374580e-01 1.507813e+00 1.659912e+00 1.347863e+01 4.409879e+03 9.033339e+03 1.85979 4.104720e-01
8.490000e-01 8.374580e-01 1.508689e+00 1.660893e+00 1.348666e+01 4.423912e+03 9.028519e+03 1.86268 4.119382e-01
8.480000e-01 8.374580e-01 1.509565e+00 1.661876e+00 1.349469e+01 4.437878e+03 9.023693e+03 1.86557 4.133993e-01
8.470000e-01 8.374580e-01 1.510442e+00 1.662859e+00 1.350274e+01 4.451767e+03 9.018862e+03 1.86846 4.148543e-01
8.460000e-01 8.374580e-01 1.511318e+00 1.663841e+00 1.351080e+01 4.465572e+03 9.014029e+03 1.87136 4.163027e-01
8.450000e-01 8.374580e-01 1.512194e+00 1.664823e+00 1.351886e+01 4.479299e+03 9.009191e+03 1.87426 4.177450e-01
8.440000e-01 8.374580e-01 1.513071e+00 1.665806e+00 1.352695e+01 4.492965e+03 9.004346e+03 1.87716 4.191828e-01
8.430000e-01 8.374580e-01 1.513950e+00 1.666790e+00 1.353505e+01 4.506585e+03 8.999487e+03 1.88008 4.206177e-01
8.420000e-01 8.374580e-01 1.514832e+00 1.667778e+00 1.354319e+01 4.520169e+03 8.994614e+03 1.883 4.220504e-01
8.410000e-01 8.374580e-01 1.515716e+00 1.668769e+00 1.355136e+01 4.533715e+03 8.989726e+03 1.88594 4.234806e-01
8.400000e-01 8.374580e-01 1.516602e+00 1.669763e+00 1.355955e+01 4.547221e+03 8.984824e+03 1.88888 4.249081e-01
8.390000e-01 8.374580e-01 1.517491e+00 1.670758e+00 1.356777e+01 4.560673e+03 8.979912e+03 1.89184 4.263318e-01
8.380000e-01 8.374580e-01 1.518380e+00 1.671756e+00 1.357601e+01 4.574070e+03 8.974989e+03 1.8948 4.277514e-01
8.370000e-01 8.374580e-01 1.519271e+00 1.672754e+00 1.358426e+01 4.587408e+03 8.970058e+03 1.89776 4.291665e-01
8.360000e-01 8.374580e-01 1.520164e+00 1.673754e+00 1.359254e+01 4.600697e+03 8.965115e+03 1.90074 4.305782e-01
8.350000e-01 8.374580e-01 1.521058e+00 1.674757e+00 1.360084e+01 4.613945e+03 8.960160e+03 1.90372 4.319871e-01
8.340000e-01 8.374580e-01 1.521955e+00 1.675762e+00 1.360917e+01 4.627154e+03 8.955190e+03 1.90671 4.333934e-01
8.330000e-01 8.374580e-01 1.522855e+00 1.676771e+00 1.361752e+01 4.640328e+03 8.950207e+03 1.90971 4.347972e-01
8.320000e-01 8.374580e-01 1.523757e+00 1.677782e+00 1.362590e+01 4.653450e+03 8.945211e+03 1.91272 4.361973e-01
8.310000e-01 8.374580e-01 1.524660e+00 1.678795e+00 1.363430e+01 4.666521e+03 8.940207e+03 1.91574 4.375936e-01
8.300000e-01 8.374580e-01 1.525563e+00 1.679808e+00 1.364271e+01 4.679525e+03 8.935195e+03 1.91876 4.389845e-01
8.290000e-01 8.374580e-01 1.526466e+00 1.680820e+00 1.365114e+01 4.692454e+03 8.930180e+03 1.92178 4.403696e-01
8.280000e-01 8.374580e-01 1.527369e+00 1.681832e+00 1.365957e+01 4.705312e+03 8.925160e+03 1.92481 4.417491e-01
8.270000e-01 8.374580e-01 1.528272e+00 1.682844e+00 1.366802e+01 4.718107e+03 8.920131e+03 1.92784 4.431240e-01
8.260000e-01 8.374580e-01 1.529177e+00 1.683858e+00 1.367649e+01 4.730862e+03 8.915089e+03 1.93088 4.444962e-01
8.250000e-01 8.374580e-01 1.530085e+00 1.684875e+00 1.368500e+01 4.743581e+03 8.910032e+03 1.93394 4.458662e-01
8.240000e-01 8.374580e-01 1.530995e+00 1.685895e+00 1.369353e+01 4.756269e+03 8.904957e+03 1.937 4.472343e-01
8.230000e-01 8.374580e-01 1.531907e+00 1.686918e+00 1.370210e+01 4.768922e+03 8.899867e+03 1.94007 4.486001e-01
8.220000e-01 8.374580e-01 1.532821e+00 1.687942e+00 1.371069e+01 4.781531e+03 8.894762e+03 1.94315 4.499629e-01
8.210000e-01 8.374580e-01 1.533737e+00 1.688969e+00 1.371930e+01 4.794091e+03 8.889646e+03 1.94623 4.513221e-01
8.200000e-01 8.374580e-01 1.534654e+00 1.689996e+00 1.372793e+01 4.806599e+03 8.884519e+03 1.94933 4.526774e-01
8.190000e-01 8.374580e-01 1.535572e+00 1.691026e+00 1.373659e+01 4.819062e+03 8.879380e+03 1.95243 4.540295e-01
8.180000e-01 8.374580e-01 1.536493e+00 1.692057e+00 1.374527e+01 4.831486e+03 8.874226e+03 1.95554 4.553790e-01
8.170000e-01 8.374580e-01 1.537416e+00 1.693092e+00 1.375399e+01 4.843877e+03 8.869056e+03 1.95866 4.567263e-01
8.160000e-01 8.374580e-01 1.538341e+00 1.694129e+00 1.376273e+01 4.856235e+03 8.863870e+03 1.96179 4.580714e-01
8.150000e-01 8.374580e-01 1.539268e+00 1.695169e+00 1.377150e+01 4.868550e+03 8.858671e+03 1.96492 4.594135e-01
8.140000e-01 8.374580e-01 1.540197e+00 1.696210e+00 1.378028e+01 4.880816e+03 8.853461e+03 1.96807 4.607518e-01
8.130000e-01 8.374580e-01 1.541126e+00 1.697252e+00 1.378909e+01 4.893023e+03 8.848242e+03 1.97122 4.620854e-01
8.120000e-01 8.374580e-01 1.542055e+00 1.698293e+00 1.379790e+01 4.905161e+03 8.843015e+03 1.97437 4.634136e-01
8.110000e-01 8.374580e-01 1.542983e+00 1.699333e+00 1.380673e+01 4.917235e+03 8.837783e+03 1.97752 4.647367e-01
8.100000e-01 8.374580e-01 1.543912e+00 1.700374e+00 1.381558e+01 4.929256e+03 8.832541e+03 1.98068 4.660558e-01
8.090000e-01 8.374580e-01 1.544842e+00 1.701416e+00 1.382445e+01 4.941235e+03 8.827285e+03 1.98385 4.673721e-01
8.080000e-01 8.374580e-01 1.545774e+00 1.702461e+00 1.383335e+01 4.953181e+03 8.822011e+03 1.98702 4.686865e-01
8.070000e-01 8.374580e-01 1.546709e+00 1.703509e+00 1.384229e+01 4.965098e+03 8.816719e+03 1.99021 4.699991e-01
8.060000e-01 8.374580e-01 1.547647e+00 1.704560e+00 1.385126e+01 4.976986e+03 8.811410e+03 1.99341 4.713098e-01
8.050000e-01 8.374580e-01 1.548586e+00 1.705613e+00 1.386025e+01 4.988832e+03 8.806085e+03 1.99662 4.726176e-01
8.040000e-01 8.374580e-01 1.549527e+00 1.706667e+00 1.386927e+01 5.000631e+03 8.800747e+03 1.99983 4.739219e-01
8.030000e-01 8.374580e-01 1.550469e+00 1.707722e+00 1.387831e+01 5.012384e+03 8.795397e+03 2.00305 4.752230e-01
8.020000e-01 8.374580e-01 1.551412e+00 1.708779e+00 1.388738e+01 5.024096e+03 8.790032e+03 2.00628 4.765210e-01
8.010000e-01 8.374580e-01 1.552357e+00 1.709839e+00 1.389647e+01 5.035776e+03 8.784650e+03 2.00951 4.778171e-01
8.000000e-01 8.374580e-01 1.553305e+00 1.710901e+00 1.390560e+01 5.047425e+03 8.779251e+03 2.01276 4.791110e-01
7.990000e-01 8.374580e-01 1.554255e+00 1.711966e+00 1.391476e+01 5.059041e+03 8.773834e+03 2.01602 4.804027e-01
7.980000e-01 8.374580e-01 1.555235e+00 1.713066e+00 1.392405e+01 5.070574e+03 8.768341e+03 2.01934 4.816830e-01
7.970000e-01 8.374580e-01 1.556188e+00 1.714135e+00 1.393326e+01 5.082101e+03 8.762897e+03 2.02261 4.829679e-01
7.960000e-01 8.374580e-01 1.557141e+00 1.715203e+00 1.394248e+01 5.093573e+03 8.757444e+03 2.02588 4.842485e-01
7.950000e-01 8.374580e-01 1.558093e+00 1.716271e+00 1.395172e+01 5.104980e+03 8.751983e+03 2.02916 4.855240e-01
7.940000e-01 8.374580e-01 1.559046e+00 1.717338e+00 1.396097e+01 5.116326e+03 8.746515e+03 2.03244 4.867948e-01
7.930000e-01 8.374580e-01 1.559999e+00 1.718406e+00 1.397024e+01 5.127629e+03 8.741035e+03 2.03573 4.880623e-01
7.920000e-01 8.374580e-01 1.560953e+00 1.719475e+00 1.397955e+01 5.138893e+03 8.735538e+03 2.03902 4.893273e-01
7.910000e-01 8.374580e-01 1.561910e+00 1.720548e+00 1.398889e+01 5.150130e+03 8.730021e+03 2.04233 4.905906e-01
7.900000e-01 8.374580e-01 1.562869e+00 1.721623e+00 1.399826e+01 5.161342e+03 8.724485e+03 2.04565 4.918524e-01
7.890000e-01 8.374580e-01 1.563831e+00 1.722701e+00 1.400766e+01 5.172518e+03 8.718930e+03 2.04897 4.931119e-01
7.880000e-01 8.374580e-01 1.564794e+00 1.723780e+00 1.401710e+01 5.183653e+03 8.713360e+03 2.0523 4.943684e-01
7.870000e-01 8.374580e-01 1.565758e+00 1.724861e+00 1.402655e+01 5.194746e+03 8.707776e+03 2.05564 4.956217e-01
7.860000e-01 8.374580e-01 1.566723e+00 1.725943e+00 1.403604e+01 5.205795e+03 8.702177e+03 2.05899 4.968719e-01
7.850000e-01 8.374580e-01 1.567690e+00 1.727027e+00 1.404555e+01 5.216811e+03 8.696562e+03 2.06235 4.981199e-01
7.840000e-01 8.374580e-01 1.568660e+00 1.728114e+00 1.405510e+01 5.227799e+03 8.690925e+03 2.06571 4.993661e-01
7.830000e-01 8.374580e-01 1.569631e+00 1.729203e+00 1.406468e+01 5.238754e+03 8.685271e+03 2.06909 5.006101e-01
7.820000e-01 8.374580e-01 1.570604e+00 1.730294e+00 1.407430e+01 5.249678e+03 8.679597e+03 2.07247 5.018517e-01
7.810000e-01 8.374580e-01 1.571579e+00 1.731387e+00 1.408394e+01 5.260562e+03 8.673908e+03 2.07587 5.030904e-01
7.800000e-01 8.374580e-01 1.572554e+00 1.732481e+00 1.409360e+01 5.271392e+03 8.668206e+03 2.07926 5.043248e-01
7.790000e-01 8.374580e-01 1.573529e+00 1.733573e+00 1.410327e+01 5.282167e+03 8.662495e+03 2.08266 5.055548e-01
7.780000e-01 8.374580e-01 1.574503e+00 1.734665e+00 1.411297e+01 5.292883e+03 8.656776e+03 2.08606 5.067801e-01
7.770000e-01 8.374580e-01 1.575477e+00 1.735756e+00 1.412268e+01 5.303546e+03 8.651047e+03 2.08947 5.080013e-01
7.760000e-01 8.374580e-01 1.576452e+00 1.736850e+00 1.413242e+01 5.314177e+03 8.645300e+03 2.09288 5.092203e-01
7.750000e-01 8.374580e-01 1.577429e+00 1.737945e+00 1.414219e+01 5.324775e+03 8.639533e+03 2.0963 5.104372e-01
7.740000e-01 8.374580e-01 1.578409e+00 1.739043e+00 1.415201e+01 5.335347e+03 8.633745e+03 2.09973 5.116526e-01
7.730000e-01 8.374580e-01 1.579391e+00 1.740144e+00 1.416186e+01 5.345892e+03 8.627936e+03 2.10318 5.128662e-01
7.720000e-01 8.374580e-01 1.580374e+00 1.741247e+00 1.417174e+01 5.356397e+03 8.622109e+03 2.10663 5.140769e-01
7.710000e-01 8.374580e-01 1.581359e+00 1.742350e+00 1.418165e+01 5.366860e+03 8.616268e+03 2.11009 5.152845e-01
7.700000e-01 8.374580e-01 1.582344e+00 1.743456e+00 1.419158e+01 5.377283e+03 8.610412e+03 2.11355 5.164893e-01
7.690000e-01 8.374580e-01 1.583331e+00 1.744562e+00 1.420155e+01 5.387668e+03 8.604537e+03 2.11703 5.176915e-01
7.680000e-01 8.374580e-01 1.584320e+00 1.745671e+00 1.421156e+01 5.398028e+03 8.598642e+03 2.12051 5.188921e-01
7.670000e-01 8.374580e-01 1.585312e+00 1.746783e+00 1.422160e+01 5.408359e+03 8.592725e+03 2.124 5.200906e-01
7.660000e-01 8.374580e-01 1.586304e+00 1.747896e+00 1.423167e+01 5.418654e+03 8.586790e+03 2.12751 5.212866e-01
7.650000e-01 8.374580e-01 1.587299e+00 1.749011e+00 1.424178e+01 5.428914e+03 8.580837e+03 2.13102 5.224800e-01
7.640000e-01 8.374580e-01 1.588294e+00 1.750127e+00 1.425191e+01 5.439126e+03 8.574871e+03 2.13453 5.236697e-01
7.630000e-01 8.374580e-01 1.589288e+00 1.751242e+00 1.426206e+01 5.449281e+03 8.568895e+03 2.13805 5.248548e-01
7.620000e-01 8.374580e-01 1.590281e+00 1.752356e+00 1.427223e+01 5.459382e+03 8.562910e+03 2.14157 5.260356e-01
7.610000e-01 8.374580e-01 1.591275e+00 1.753470e+00 1.428242e+01 5.469429e+03 8.556915e+03 2.1451 5.272122e-01
7.600000e-01 8.374580e-01 1.592269e+00 1.754586e+00 1.429263e+01 5.479444e+03 8.550901e+03 2.14863 5.283866e-01
7.590000e-01 8.374580e-01 1.593266e+00 1.755703e+00 1.430289e+01 5.489430e+03 8.544864e+03 2.15217 5.295592e-01
7.580000e-01 8.374580e-01 1.594264e+00 1.756823e+00 1.431319e+01 5.499387e+03 8.538806e+03 2.15572 5.307299e-01
7.570000e-01 8.374580e-01 1.595265e+00 1.757945e+00 1.432353e+01 5.509319e+03 8.532725e+03 2.15928 5.318989e-01
7.560000e-01 8.374580e-01 1.596267e+00 1.759069e+00 1.433390e+01 5.519213e+03 8.526625e+03 2.16285 5.330652e-01
7.550000e-01 8.374580e-01 1.597269e+00 1.760193e+00 1.434430e+01 5.529062e+03 8.520509e+03 2.16643 5.342282e-01
7.540000e-01 8.374580e-01 1.598273e+00 1.761319e+00 1.435473e+01 5.538876e+03 8.514376e+03 2.17001 5.353886e-01
7.530000e-01 8.374580e-01 1.599278e+00 1.762447e+00 1.436520e+01 5.548655e+03 8.508222e+03 2.1736 5.365465e-01
7.520000e-01 8.374580e-01 1.600284e+00 1.763576e+00 1.437571e+01 5.558403e+03 8.502046e+03 2.1772 5.377025e-01
7.510000e-01 8.374580e-01 1.601294e+00 1.764708e+00 1.438625e+01 5.568127e+03 8.495848e+03 2.18081 5.388567e-01
7.500000e-01 8.374580e-01 1.602304e+00 1.765842e+00 1.439684e+01 5.577814e+03 8.489628e+03 2.18443 5.400082e-01
7.490000e-01 8.374580e-01 1.603315e+00 1.766977e+00 1.440746e+01 5.587465e+03 8.483390e+03 2.18806 5.411570e-01
7.480000e-01 8.374580e-01 1.604326e+00 1.768112e+00 1.441810e+01 5.597072e+03 8.477135e+03 2.19169 5.423020e-01
7.470000e-01 8.374580e-01 1.605337e+00 1.769245e+00 1.442876e+01 5.606620e+03 8.470870e+03 2.19532 5.434425e-01
7.460000e-01 8.374580e-01 1.606346e+00 1.770378e+00 1.443944e+01 5.616116e+03 8.464594e+03 2.19895 5.445786e-01
7.450000e-01 8.374580e-01 1.607356e+00 1.771510e+00 1.445015e+01 5.625568e+03 8.458303e+03 2.20259 5.457113e-01
7.440000e-01 8.374580e-01 1.608366e+00 1.772644e+00 1.446090e+01 5.634987e+03 8.451989e+03 2.20623 5.468417e-01
7.430000e-01 8.374580e-01 1.609378e+00 1.773779e+00 1.447168e+01 5.644379e+03 8.445650e+03 2.20989 5.479703e-01
7.420000e-01 8.374580e-01 1.610393e+00 1.774917e+00 1.448251e+01 5.653745e+03 8.439288e+03 2.21355 5.490971e-01
7.410000e-01 8.374580e-01 1.611408e+00 1.776057e+00 1.449339e+01 5.663081e+03 8.432901e+03 2.21722 5.502219e-01
7.400000e-01 8.374580e-01 1.612425e+00 1.777198e+00 1.450430e+01 5.672378e+03 8.426493e+03 2.2209 5.513436e-01
7.390000e-01 8.374580e-01 1.613442e+00 1.778339e+00 1.451524e+01 5.681634e+03 8.420067e+03 2.22458 5.524621e-01
7.380000e-01 8.374580e-01 1.614460e+00 1.779481e+00 1.452621e+01 5.690854e+03 8.413619e+03 2.22827 5.535780e-01
7.370000e-01 8.374580e-01 1.615479e+00 1.780625e+00 1.453723e+01 5.700045e+03 8.407147e+03 2.23197 5.546918e-01
7.360000e-01 8.374580e-01 1.616499e+00 1.781770e+00 1.454829e+01 5.709206e+03 8.400648e+03 2.23568 5.558033e-01
7.350000e-01 8.374580e-01 1.617521e+00 1.782917e+00 1.455939e+01 5.718339e+03 8.394123e+03 2.23939 5.569126e-01
7.340000e-01 8.374580e-01 1.618544e+00 1.784065e+00 1.457054e+01 5.727439e+03 8.387574e+03 2.24311 5.580192e-01
7.330000e-01 8.374580e-01 1.619567e+00 1.785213e+00 1.458171e+01 5.736499e+03 8.381004e+03 2.24683 5.591225e-01
7.320000e-01 8.374580e-01 1.620589e+00 1.786361e+00 1.459291e+01 5.745509e+03 8.374418e+03 2.25056 5.602216e-01
7.310000e-01 8.374580e-01 1.621610e+00 1.787506e+00 1.460413e+01 5.754465e+03 8.367818e+03 2.25428 5.613161e-01
7.300000e-01 8.374580e-01 1.622630e+00 1.788650e+00 1.461538e+01 5.763374e+03 8.361203e+03 2.25801 5.624065e-01
7.290000e-01 8.374580e-01 1.623650e+00 1.789794e+00 1.462666e+01 5.772247e+03 8.354564e+03 2.26174 5.634942e-01
7.280000e-01 8.374580e-01 1.624671e+00 1.790940e+00 1.463799e+01 5.781093e+03 8.347897e+03 2.26547 5.645799e-01
7.270000e-01 8.374580e-01 1.625720e+00 1.792118e+00 1.464946e+01 5.789878e+03 8.341135e+03 2.26927 5.656541e-01
7.260000e-01 8.374580e-01 1.626744e+00 1.793268e+00 1.466088e+01 5.798669e+03 8.334408e+03 2.27302 5.667354e-01
7.250000e-01 8.374580e-01 1.627769e+00 1.794418e+00 1.467235e+01 5.807427e+03 8.327656e+03 2.27678 5.678141e-01
7.240000e-01 8.374580e-01 1.628794e+00 1.795568e+00 1.468384e+01 5.816143e+03 8.320883e+03 2.28054 5.688893e-01
7.230000e-01 8.374580e-01 1.629819e+00 1.796717e+00 1.469538e+01 5.824823e+03 8.314084e+03 2.28431 5.699616e-01
7.220000e-01 8.374580e-01 1.630844e+00 1.797868e+00 1.470696e+01 5.833472e+03 8.307258e+03 2.28808 5.710313e-01
7.210000e-01 8.374580e-01 1.631870e+00 1.799019e+00 1.471858e+01 5.842090e+03 8.300402e+03 2.29185 5.720985e-01
7.200000e-01 8.374580e-01 1.632898e+00 1.800172e+00 1.473026e+01 5.850681e+03 8.293517e+03 2.29564 5.731635e-01
7.190000e-01 8.374580e-01 1.633926e+00 1.801326e+00 1.474197e+01 5.859238e+03 8.286604e+03 2.29942 5.742255e-01
7.180000e-01 8.374580e-01 1.634954e+00 1.802480e+00 1.475373e+01 5.867758e+03 8.279667e+03 2.30321 5.752846e-01
7.170000e-01 8.374580e-01 1.635981e+00 1.803632e+00 1.476551e+01 5.876233e+03 8.272709e+03 2.30701 5.763395e-01
7.160000e-01 8.374580e-01 1.637007e+00 1.804783e+00 1.477732e+01 5.884652e+03 8.265737e+03 2.3108 5.773896e-01
7.150000e-01 8.374580e-01 1.638030e+00 1.805931e+00 1.478916e+01 5.893022e+03 8.258745e+03 2.31459 5.784354e-01
7.140000e-01 8.374580e-01 1.639054e+00 1.807079e+00 1.480103e+01 5.901356e+03 8.251731e+03 2.31838 5.794783e-01
7.130000e-01 8.374580e-01 1.640078e+00 1.808228e+00 1.481295e+01 5.909660e+03 8.244686e+03 2.32218 5.805187e-01
7.120000e-01 8.374580e-01 1.641103e+00 1.809378e+00 1.482493e+01 5.917934e+03 8.237610e+03 2.32598 5.815569e-01
7.110000e-01 8.374580e-01 1.642129e+00 1.810529e+00 1.483695e+01 5.926182e+03 8.230500e+03 2.32979 5.825927e-01
7.100000e-01 8.374580e-01 1.643156e+00 1.811681e+00 1.484902e+01 5.934397e+03 8.223360e+03 2.33361 5.836258e-01
7.090000e-01 8.374580e-01 1.644182e+00 1.812832e+00 1.486113e+01 5.942571e+03 8.216198e+03 2.33743 5.846554e-01
7.080000e-01 8.374580e-01 1.645208e+00 1.813983e+00 1.487329e+01 5.950705e+03 8.209008e+03 2.34125 5.856816e-01
7.070000e-01 8.374580e-01 1.646234e+00 1.815134e+00 1.488548e+01 5.958806e+03 8.201791e+03 2.34507 5.867050e-01
7.060000e-01 8.374580e-01 1.646356e+00 1.815308e+00 1.489338e+01 5.970098e+03 8.198100e+03 2.34735 5.883017e-01
7.050000e-01 8.374580e-01 1.648286e+00 1.817438e+00 1.491002e+01 5.974910e+03 8.187278e+03 2.35274 5.887450e-01
7.040000e-01 8.374580e-01 1.648400e+00 1.817603e+00 1.491796e+01 5.986157e+03 8.183556e+03 2.35501 5.903400e-01
7.030000e-01 8.374580e-01 1.650339e+00 1.819742e+00 1.493475e+01 5.990885e+03 8.172625e+03 2.36041 5.907721e-01
7.020000e-01 8.374580e-01 1.650442e+00 1.819895e+00 1.494273e+01 6.002068e+03 8.168882e+03 2.36266 5.923637e-01
7.010000e-01 8.374580e-01 1.652387e+00 1.822039e+00 1.495963e+01 6.006679e+03 8.157879e+03 2.36808 5.927823e-01
7.000000e-01 8.374580e-01 1.652476e+00 1.822176e+00 1.496762e+01 6.017779e+03 8.154119e+03 2.3703 5.943685e-01
6.990000e-01 8.374580e-01 1.654428e+00 1.824328e+00 1.498464e+01 6.022285e+03 8.143041e+03 2.37575 5.947754e-01
6.980000e-01 8.374580e-01 1.654506e+00 1.824453e+00 1.499267e+01 6.033332e+03 8.139256e+03 2.37794 5.963600e-01
6.970000e-01 8.374580e-01 1.656467e+00 1.826615e+00 1.500985e+01 6.037766e+03 8.128065e+03 2.38342 5.967572e-01
6.960000e-01 8.374580e-01 1.656539e+00 1.826734e+00 1.501794e+01 6.048768e+03 8.124254e+03 2.3856 5.983409e-01
6.950000e-01 8.374580e-01 1.658507e+00 1.828904e+00 1.503529e+01 6.053122e+03 8.112949e+03 2.3911 5.987279e-01
6.940000e-01 8.374580e-01 1.658568e+00 1.829011e+00 1.504342e+01 6.064070e+03 8.109112e+03 2.39326 6.003093e-01
6.930000e-01 8.374580e-01 1.660544e+00 1.831188e+00 1.506091e+01 6.068324e+03 8.097709e+03 2.39878 6.006841e-01
6.920000e-01 8.374580e-01 1.660593e+00 1.831283e+00 1.506908e+01 6.079213e+03 8.093849e+03 2.40092 6.022633e-01
6.910000e-01 8.374580e-01 1.662578e+00 1.833471e+00 1.508674e+01 6.083384e+03 8.082339e+03 2.40647 6.026276e-01
6.900000e-01 8.374580e-01 1.662620e+00 1.833557e+00 1.509496e+01 6.094227e+03 8.078453e+03 2.4086 6.042058e-01
6.890000e-01 8.374580e-01 1.664612e+00 1.835753e+00 1.511279e+01 6.098306e+03 8.066837e+03 2.41417 6.045589e-01
6.880000e-01 8.374580e-01 1.664644e+00 1.835829e+00 1.512105e+01 6.109091e+03 8.062929e+03 2.41628 6.061349e-01
6.870000e-01 8.374580e-01 1.666666e+00 1.838058e+00 1.513912e+01 6.113031e+03 8.051156e+03 2.42192 6.064655e-01
6.860000e-01 8.374580e-01 1.666667e+00 1.838100e+00 1.514734e+01 6.123751e+03 8.047272e+03 2.42397 6.080420e-01
6.850000e-01 8.374580e-01 1.668687e+00 1.840326e+00 1.516549e+01 6.127572e+03 8.035467e+03 2.42961 6.083628e-01
6.840000e-01 8.374580e-01 1.668676e+00 1.840355e+00 1.517374e+01 6.138230e+03 8.031566e+03 2.43164 6.099370e-01
6.830000e-01 8.374580e-01 1.670705e+00 1.842590e+00 1.519206e+01 6.141958e+03 8.019659e+03 2.43731 6.102473e-01
6.820000e-01 8.374580e-01 1.670686e+00 1.842611e+00 1.520037e+01 6.152570e+03 8.015733e+03 2.43933 6.118211e-01
6.810000e-01 8.374580e-01 1.672722e+00 1.844856e+00 1.521888e+01 6.156213e+03 8.003709e+03 2.44503 6.121204e-01
6.800000e-01 8.374580e-01 1.672692e+00 1.844864e+00 1.522724e+01 6.166774e+03 7.999758e+03 2.44702 6.136931e-01
6.790000e-01 8.374580e-01 1.674736e+00 1.847116e+00 1.524592e+01 6.170310e+03 7.987626e+03 2.45274 6.139793e-01
6.780000e-01 8.374580e-01 1.674692e+00 1.847110e+00 1.525431e+01 6.180810e+03 7.983653e+03 2.45471 6.155494e-01
6.770000e-01 8.374580e-01 1.676744e+00 1.849371e+00 1.527317e+01 6.184248e+03 7.971411e+03 2.46045 6.158232e-01
6.760000e-01 8.374580e-01 1.676688e+00 1.849353e+00 1.528162e+01 6.194702e+03 7.967408e+03 2.4624 6.173926e-01
6.750000e-01 8.374580e-01 1.678747e+00 1.851620e+00 1.530066e+01 6.198048e+03 7.955033e+03 2.46816 6.176532e-01
6.740000e-01 8.374580e-01 1.678678e+00 1.851588e+00 1.530916e+01 6.208448e+03 7.951002e+03 2.47007 6.192204e-01
6.730000e-01 8.374580e-01 1.680743e+00 1.853861e+00 1.532838e+01 6.211687e+03 7.938512e+03 2.47584 6.194666e-01
6.720000e-01 8.374580e-01 1.680656e+00 1.853809e+00 1.533690e+01 6.222014e+03 7.934458e+03 2.47772 6.210292e-01
6.710000e-01 8.374580e-01 1.682724e+00 1.856085e+00 1.535625e+01 6.225122e+03 7.921877e+03 2.48349 6.212591e-01
6.700000e-01 8.374580e-01 1.682621e+00 1.856014e+00 1.536480e+01 6.235382e+03 7.917800e+03 2.48532 6.228180e-01
6.690000e-01 8.374580e-01 1.684695e+00 1.858297e+00 1.538434e+01 6.238392e+03 7.905097e+03 2.49112 6.230346e-01
6.680000e-01 8.374580e-01 1.684578e+00 1.858212e+00 1.539295e+01 6.248607e+03 7.900986e+03 2.49292 6.245926e-01
6.670000e-01 8.374580e-01 1.686659e+00 1.860502e+00 1.541270e+01 6.251526e+03 7.888134e+03 2.49873 6.247954e-01
6.660000e-01 8.374580e-01 1.686530e+00 1.860404e+00 1.542136e+01 6.261695e+03 7.883992e+03 2.50051 6.263523e-01
6.650000e-01 8.374580e-01 1.688617e+00 1.862700e+00 1.544132e+01 6.264506e+03 7.871013e+03 2.50632 6.265406e-01
6.640000e-01 8.374580e-01 1.688471e+00 1.862583e+00 1.545002e+01 6.274615e+03 7.866843e+03 2.50806 6.280948e-01
6.630000e-01 8.374580e-01 1.690564e+00 1.864885e+00 1.547016e+01 6.277316e+03 7.853736e+03 2.51389 6.282678e-01
6.620000e-01 8.374580e-01 1.690404e+00 1.864753e+00 1.547892e+01 6.287376e+03 7.849535e+03 2.5156 6.298209e-01
6.610000e-01 8.374580e-01 1.692524e+00 1.867086e+00 1.549939e+01 6.289950e+03 7.836204e+03 2.52147 6.299695e-01
6.600000e-01 8.374580e-01 1.692336e+00 1.866923e+00 1.550814e+01 6.299972e+03 7.832010e+03 2.52312 6.315255e-01
6.590000e-01 8.374580e-01 1.694451e+00 1.869249e+00 1.552876e+01 6.302442e+03 7.818578e+03 2.52899 6.316618e-01
6.580000e-01 8.374580e-01 1.694243e+00 1.869064e+00 1.553754e+01 6.312396e+03 7.814358e+03 2.53058 6.332135e-01
6.570000e-01 8.374580e-01 1.696360e+00 1.871392e+00 1.555832e+01 6.314729e+03 7.800818e+03 2.53644 6.333316e-01
6.560000e-01 8.374580e-01 1.696131e+00 1.871182e+00 1.556713e+01 6.324612e+03 7.796571e+03 2.53798 6.348790e-01
6.550000e-01 8.374580e-01 1.698253e+00 1.873515e+00 1.558812e+01 6.326834e+03 7.782895e+03 2.54385 6.349811e-01
6.540000e-01 8.374580e-01 1.698008e+00 1.873289e+00 1.559698e+01 6.336673e+03 7.778612e+03 2.54535 6.365276e-01
6.530000e-01 8.374580e-01 1.700135e+00 1.875626e+00 1.561822e+01 6.338793e+03 7.764765e+03 2.55122 6.366132e-01
6.520000e-01 8.374580e-01 1.699873e+00 1.875382e+00 1.562713e+01 6.348585e+03 7.760446e+03 2.55268 6.381583e-01
6.510000e-01 8.374580e-01 1.702002e+00 1.877721e+00 1.564861e+01 6.350591e+03 7.746432e+03 2.55855 6.382257e-01
6.500000e-01 8.374580e-01 1.701721e+00 1.877456e+00 1.565757e+01 6.360323e+03 7.742082e+03 2.55996 6.397679e-01
6.490000e-01 8.374580e-01 1.703856e+00 1.879800e+00 1.567925e+01 6.362204e+03 7.727931e+03 2.56583 6.398181e-01
6.480000e-01 8.374580e-01 1.703557e+00 1.879517e+00 1.568827e+01 6.371888e+03 7.723550e+03 2.5672 6.413590e-01
6.470000e-01 8.374580e-01 1.705697e+00 1.881866e+00 1.571021e+01 6.373653e+03 7.709240e+03 2.57307 6.413927e-01
6.460000e-01 8.374580e-01 1.705381e+00 1.881565e+00 1.571928e+01 6.383280e+03 7.704829e+03 2.5744 6.429317e-01
6.450000e-01 8.374580e-01 1.707525e+00 1.883917e+00 1.574144e+01 6.384912e+03 7.690388e+03 2.58028 6.429476e-01
6.440000e-01 8.374580e-01 1.707187e+00 1.883593e+00 1.575055e+01 6.394468e+03 7.685955e+03 2.58156 6.444830e-01
6.430000e-01 8.374580e-01 1.709334e+00 1.885948e+00 1.577289e+01 6.395946e+03 7.671412e+03 2.58744 6.444800e-01
6.420000e-01 8.374580e-01 1.708975e+00 1.885599e+00 1.578203e+01 6.405428e+03 7.666958e+03 2.58867 6.460119e-01
6.410000e-01 8.374580e-01 1.711146e+00 1.887983e+00 1.580472e+01 6.406748e+03 7.652211e+03 2.5946 6.459829e-01
6.400000e-01 8.374580e-01 1.710759e+00 1.887604e+00 1.581386e+01 6.416199e+03 7.647759e+03 2.59576 6.475191e-01
6.390000e-01 8.374580e-01 1.712924e+00 1.889980e+00 1.583677e+01 6.417409e+03 7.632870e+03 2.60167 6.474759e-01
6.380000e-01 8.374580e-01 1.712519e+00 1.889582e+00 1.584598e+01 6.426813e+03 7.628383e+03 2.60279 6.490109e-01
6.370000e-01 8.374580e-01 1.714684e+00 1.891957e+00 1.586916e+01 6.427890e+03 7.613323e+03 2.60869 6.489476e-01
6.360000e-01 8.374580e-01 1.714257e+00 1.891534e+00 1.587841e+01 6.437233e+03 7.608805e+03 2.60975 6.504796e-01
6.350000e-01 8.374580e-01 1.716424e+00 1.893910e+00 1.590184e+01 6.438177e+03 7.593580e+03 2.61563 6.503959e-01
6.340000e-01 8.374580e-01 1.717279e+00 1.894871e+00 1.591829e+01 6.443265e+03 7.583624e+03 2.61906 6.511138e-01
6.330000e-01 8.374580e-01 1.718135e+00 1.895832e+00 1.593485e+01 6.448297e+03 7.573600e+03 2.62248 6.518229e-01
6.320000e-01 8.374580e-01 1.718985e+00 1.896786e+00 1.595149e+01 6.453279e+03 7.563524e+03 2.62588 6.525256e-01
6.310000e-01 8.374580e-01 1.719829e+00 1.897733e+00 1.596819e+01 6.458206e+03 7.553402e+03 2.62925 6.532216e-01
6.300000e-01 8.374580e-01 1.720683e+00 1.898693e+00 1.598507e+01 6.463042e+03 7.543162e+03 2.63263 6.539003e-01
6.290000e-01 8.374580e-01 1.721513e+00 1.899624e+00 1.600190e+01 6.467850e+03 7.532953e+03 2.63595 6.545817e-01
6.280000e-01 8.374580e-01 1.722335e+00 1.900546e+00 1.601882e+01 6.472609e+03 7.522693e+03 2.63925 6.552572e-01
6.270000e-01 8.374580e-01 1.723152e+00 1.901463e+00 1.603583e+01 6.477324e+03 7.512368e+03 2.64253 6.559270e-01
6.260000e-01 8.374580e-01 1.723961e+00 1.902371e+00 1.605294e+01 6.481993e+03 7.501973e+03 2.64578 6.565901e-01
6.250000e-01 8.374580e-01 1.724765e+00 1.903273e+00 1.607015e+01 6.486616e+03 7.491512e+03 2.649 6.572465e-01
6.240000e-01 8.374580e-01 1.725561e+00 1.904166e+00 1.608745e+01 6.491189e+03 7.480988e+03 2.6522 6.578960e-01
6.230000e-01 8.374580e-01 1.726350e+00 1.905051e+00 1.610483e+01 6.495706e+03 7.470408e+03 2.65537 6.585381e-01
6.220000e-01 8.374580e-01 1.727130e+00 1.905925e+00 1.612230e+01 6.500171e+03 7.459764e+03 2.6585 6.591726e-01
6.210000e-01 8.374580e-01 1.727903e+00 1.906793e+00 1.613988e+01 6.504589e+03 7.449052e+03 2.66161 6.598006e-01
6.200000e-01 8.374580e-01 1.728670e+00 1.907653e+00 1.615755e+01 6.508955e+03 7.438279e+03 2.66469 6.604219e-01
6.190000e-01 8.374580e-01 1.729431e+00 1.908506e+00 1.617531e+01 6.513265e+03 7.427449e+03 2.66775 6.610365e-01
6.180000e-01 8.374580e-01 1.730185e+00 1.909353e+00 1.619316e+01 6.517518e+03 7.416574e+03 2.67079 6.616445e-01
6.170000e-01 8.374580e-01 1.730933e+00 1.910192e+00 1.621108e+01 6.521705e+03 7.405667e+03 2.67382 6.622461e-01
6.160000e-01 8.374580e-01 1.731673e+00 1.911023e+00 1.622906e+01 6.525825e+03 7.394729e+03 2.67682 6.628411e-01
6.150000e-01 8.374580e-01 1.732407e+00 1.911847e+00 1.624713e+01 6.529885e+03 7.383750e+03 2.6798 6.634298e-01
6.140000e-01 8.374580e-01 1.733134e+00 1.912664e+00 1.626530e+01 6.533893e+03 7.372709e+03 2.68276 6.640124e-01
6.130000e-01 8.374580e-01 1.733855e+00 1.913473e+00 1.628358e+01 6.537849e+03 7.361603e+03 2.68569 6.645884e-01
6.120000e-01 8.374580e-01 1.734584e+00 1.914293e+00 1.630208e+01 6.541720e+03 7.350345e+03 2.68862 6.651468e-01
6.110000e-01 8.374580e-01 1.735288e+00 1.915084e+00 1.632059e+01 6.545567e+03 7.339091e+03 2.69148 6.657068e-01
6.100000e-01 8.374580e-01 1.735981e+00 1.915863e+00 1.633919e+01 6.549355e+03 7.327773e+03 2.69431 6.662585e-01
6.090000e-01 8.374580e-01 1.736664e+00 1.916629e+00 1.635789e+01 6.553084e+03 7.316385e+03 2.69709 6.668015e-01
6.080000e-01 8.374580e-01 1.737338e+00 1.917386e+00 1.637670e+01 6.556758e+03 7.304927e+03 2.69983 6.673365e-01
6.070000e-01 8.374580e-01 1.738003e+00 1.918132e+00 1.639563e+01 6.560376e+03 7.293392e+03 2.70254 6.678634e-01
6.060000e-01 8.374580e-01 1.738658e+00 1.918868e+00 1.641467e+01 6.563935e+03 7.281787e+03 2.70521 6.683819e-01
6.050000e-01 8.374580e-01 1.739304e+00 1.919593e+00 1.643381e+01 6.567433e+03 7.270123e+03 2.70785 6.688921e-01
6.040000e-01 8.374580e-01 1.739937e+00 1.920304e+00 1.645304e+01 6.570863e+03 7.258397e+03 2.71043 6.693925e-01
6.030000e-01 8.374580e-01 1.740560e+00 1.921003e+00 1.647235e+01 6.574226e+03 7.246617e+03 2.71297 6.698837e-01
6.020000e-01 8.374580e-01 1.741169e+00 1.921686e+00 1.649176e+01 6.577524e+03 7.234771e+03 2.71546 6.703649e-01
6.010000e-01 8.374580e-01 1.741766e+00 1.922355e+00 1.651128e+01 6.580763e+03 7.222837e+03 2.7179 6.708363e-01
6.000000e-01 8.374580e-01 1.742352e+00 1.923012e+00 1.653094e+01 6.583944e+03 7.210815e+03 2.72028 6.712985e-01
5.990000e-01 8.374580e-01 1.742929e+00 1.923658e+00 1.655074e+01 6.587066e+03 7.198715e+03 2.72263 6.717521e-01
5.980000e-01 8.374580e-01 1.743512e+00 1.924311e+00 1.657076e+01 6.590090e+03 7.186468e+03 2.72497 6.721873e-01
5.970000e-01 8.374580e-01 1.744071e+00 1.924939e+00 1.659079e+01 6.593079e+03 7.174242e+03 2.72725 6.726245e-01
5.960000e-01 8.374580e-01 1.744623e+00 1.925559e+00 1.661091e+01 6.596001e+03 7.161975e+03 2.72952 6.730555e-01
5.950000e-01 8.374580e-01 1.745167e+00 1.926170e+00 1.663116e+01 6.598857e+03 7.149655e+03 2.73176 6.734795e-01
5.940000e-01 8.374580e-01 1.745703e+00 1.926772e+00 1.665153e+01 6.601651e+03 7.137265e+03 2.73397 6.738958e-01
5.930000e-01 8.374580e-01 1.746226e+00 1.927361e+00 1.667204e+01 6.604379e+03 7.124797e+03 2.73613 6.743023e-01
5.920000e-01 8.374580e-01 1.746735e+00 1.927933e+00 1.669266e+01 6.607037e+03 7.112253e+03 2.73823 6.746981e-01
5.910000e-01 8.374580e-01 1.747230e+00 1.928489e+00 1.671338e+01 6.609623e+03 7.099641e+03 2.74027 6.750830e-01
5.900000e-01 8.374580e-01 1.747711e+00 1.929030e+00 1.673421e+01 6.612135e+03 7.086967e+03 2.74226 6.754569e-01
5.890000e-01 8.374580e-01 1.748178e+00 1.929554e+00 1.675514e+01 6.614573e+03 7.074226e+03 2.74419 6.758203e-01
5.880000e-01 8.374580e-01 1.748633e+00 1.930064e+00 1.677621e+01 6.616945e+03 7.061403e+03 2.74606 6.761737e-01
5.870000e-01 8.374580e-01 1.749074e+00 1.930560e+00 1.679744e+01 6.619250e+03 7.048489e+03 2.74789 6.765168e-01
5.860000e-01 8.374580e-01 1.749502e+00 1.931040e+00 1.681881e+01 6.621487e+03 7.035483e+03 2.74966 6.768493e-01
5.850000e-01 8.374580e-01 1.749929e+00 1.931518e+00 1.684044e+01 6.623619e+03 7.022301e+03 2.75137 6.771592e-01
5.840000e-01 8.374580e-01 1.750324e+00 1.931961e+00 1.686211e+01 6.625710e+03 7.009099e+03 2.75299 6.774656e-01
5.830000e-01 8.374580e-01 1.750704e+00 1.932386e+00 1.688391e+01 6.627728e+03 6.995814e+03 2.75454 6.777603e-01
5.820000e-01 8.374580e-01 1.751071e+00 1.932797e+00 1.690585e+01 6.629675e+03 6.982451e+03 2.75605 6.780448e-01
5.810000e-01 8.374580e-01 1.751428e+00 1.933197e+00 1.692794e+01 6.631550e+03 6.969015e+03 2.75751 6.783202e-01
5.800000e-01 8.374580e-01 1.751775e+00 1.933587e+00 1.695016e+01 6.633349e+03 6.955520e+03 2.75894 6.785874e-01
5.790000e-01 8.374580e-01 1.752115e+00 1.933970e+00 1.697250e+01 6.635072e+03 6.941993e+03 2.76036 6.788481e-01
5.780000e-01 8.374580e-01 1.752442e+00 1.934338e+00 1.699495e+01 6.636714e+03 6.928414e+03 2.76172 6.790986e-01
5.770000e-01 8.374580e-01 1.752752e+00 1.934686e+00 1.701752e+01 6.638275e+03 6.914767e+03 2.76302 6.793370e-01
5.760000e-01 8.374580e-01 1.753044e+00 1.935015e+00 1.704022e+01 6.639756e+03 6.901041e+03 2.76424 6.795629e-01
5.750000e-01 8.374580e-01 1.753319e+00 1.935324e+00 1.706310e+01 6.641161e+03 6.887211e+03 2.76539 6.797760e-01
5.740000e-01 8.374580e-01 1.753580e+00 1.935616e+00 1.708615e+01 6.642491e+03 6.873282e+03 2.76648 6.799771e-01
5.730000e-01 8.374580e-01 1.753835e+00 1.935903e+00 1.710949e+01 6.643703e+03 6.859172e+03 2.7675 6.801547e-01
5.720000e-01 8.374580e-01 1.754064e+00 1.936160e+00 1.713288e+01 6.644871e+03 6.845053e+03 2.76845 6.803302e-01
5.710000e-01 8.374580e-01 1.754273e+00 1.936394e+00 1.715641e+01 6.645958e+03 6.830845e+03 2.76931 6.804920e-01
5.700000e-01 8.374580e-01 1.754459e+00 1.936602e+00 1.718012e+01 6.646962e+03 6.816523e+03 2.77008 6.806378e-01
5.690000e-01 8.374580e-01 1.754628e+00 1.936790e+00 1.720401e+01 6.647884e+03 6.802095e+03 2.77076 6.807693e-01
5.680000e-01 8.374580e-01 1.754782e+00 1.936962e+00 1.722807e+01 6.648724e+03 6.787580e+03 2.77139 6.808889e-01
5.670000e-01 8.374580e-01 1.754924e+00 1.937122e+00 1.725229e+01 6.649480e+03 6.773006e+03 2.77197 6.809986e-01
5.660000e-01 8.374580e-01 1.755060e+00 1.937276e+00 1.727662e+01 6.650154e+03 6.758408e+03 2.77254 6.811021e-01
5.650000e-01 8.374580e-01 1.755184e+00 1.937415e+00 1.730107e+01 6.650741e+03 6.743778e+03 2.77307 6.811965e-01
5.640000e-01 8.374580e-01 1.755289e+00 1.937534e+00 1.732566e+01 6.651240e+03 6.729078e+03 2.77352 6.812780e-01
5.630000e-01 8.374580e-01 1.755373e+00 1.937629e+00 1.735043e+01 6.651653e+03 6.714279e+03 2.77389 6.813449e-01
5.620000e-01 8.374580e-01 1.755450e+00 1.937715e+00 1.737551e+01 6.651937e+03 6.699286e+03 2.77418 6.813863e-01
5.610000e-01 8.374580e-01 1.755496e+00 1.937767e+00 1.740069e+01 6.652173e+03 6.684260e+03 2.77438 6.814233e-01
5.600000e-01 8.374580e-01 1.755524e+00 1.937799e+00 1.742606e+01 6.652322e+03 6.669140e+03 2.7745 6.814468e-01
5.590000e-01 8.374580e-01 1.755532e+00 1.937808e+00 1.745161e+01 6.652381e+03 6.653925e+03 2.77454 6.814550e-01
5.580000e-01 8.374580e-01 1.755514e+00 1.937786e+00 1.747734e+01 6.652343e+03 6.638593e+03 2.77445 6.814450e-01
5.589095e-01 8.374580e-01 1.755669e+00 1.937960e+00 1.745537e+01 6.651885e+03 6.651579e+03 2.77465 6.813253e-01
