1.000000e+00 8.538460e-01 1.406327e+00 1.546878e+00 1.241657e+01 0.000000e+00 9.878869e+03 0 0.000000e+00
9.990000e-01 8.538460e-01 1.420195e+00 1.564558e+00 1.245690e+01 3.769670e+02 9.849665e+03 1.59562 3.393323e-02
9.980000e-01 8.538460e-01 1.420244e+00 1.564707e+00 1.246064e+01 5.317914e+02 9.839740e+03 1.55346 4.660189e-02
9.970000e-01 8.538460e-01 1.420688e+00 1.565218e+00 1.246546e+01 6.535865e+02 9.831219e+03 1.56163 5.754028e-02
9.960000e-01 8.538460e-01 1.421163e+00 1.565741e+00 1.247061e+01 7.514337e+02 9.823222e+03 1.55764 6.594113e-02
9.950000e-01 8.538460e-01 1.422377e+00 1.567080e+00 1.247873e+01 8.193645e+02 9.814219e+03 1.54688 7.128408e-02
9.940000e-01 8.538460e-01 1.423002e+00 1.567770e+00 1.248442e+01 8.972439e+02 9.807065e+03 1.54899 7.809726e-02
9.930000e-01 8.538460e-01 1.423640e+00 1.568475e+00 1.249018e+01 9.693886e+02 9.800217e+03 1.55105 8.441348e-02
9.920000e-01 8.538460e-01 1.424288e+00 1.569194e+00 1.249596e+01 1.037001e+03 9.793625e+03 1.55311 9.033839e-02
9.910000e-01 8.538460e-01 1.424944e+00 1.569923e+00 1.250177e+01 1.100762e+03 9.787254e+03 1.55515 9.593097e-02
9.900000e-01 8.538460e-01 1.425608e+00 1.570663e+00 1.250759e+01 1.161301e+03 9.781067e+03 1.5572 1.012458e-01
9.890000e-01 8.538460e-01 1.426278e+00 1.571410e+00 1.251342e+01 1.218948e+03 9.775049e+03 1.55925 1.063115e-01
9.880000e-01 8.538460e-01 1.426950e+00 1.572161e+00 1.251926e+01 1.273932e+03 9.769184e+03 1.5613 1.111480e-01
9.870000e-01 8.538460e-01 1.427623e+00 1.572913e+00 1.252509e+01 1.326549e+03 9.763454e+03 1.56334 1.157811e-01
9.860000e-01 8.538460e-01 1.428296e+00 1.573665e+00 1.253093e+01 1.377040e+03 9.757845e+03 1.56539 1.202319e-01
9.850000e-01 8.538460e-01 1.428970e+00 1.574418e+00 1.253678e+01 1.425724e+03 9.752333e+03 1.56744 1.245282e-01
9.840000e-01 8.538460e-01 1.429648e+00 1.575175e+00 1.254265e+01 1.472861e+03 9.746904e+03 1.5695 1.286923e-01
9.830000e-01 8.538460e-01 1.430331e+00 1.575940e+00 1.254853e+01 1.518695e+03 9.741540e+03 1.57157 1.327454e-01
9.820000e-01 8.538460e-01 1.431019e+00 1.576711e+00 1.255444e+01 1.563318e+03 9.736239e+03 1.57365 1.366951e-01
9.810000e-01 8.538460e-01 1.431711e+00 1.577488e+00 1.256036e+01 1.606736e+03 9.731003e+03 1.57574 1.405419e-01
9.800000e-01 8.538460e-01 1.432407e+00 1.578268e+00 1.256630e+01 1.649030e+03 9.725827e+03 1.57784 1.442928e-01
9.790000e-01 8.538460e-01 1.433104e+00 1.579051e+00 1.257223e+01 1.690229e+03 9.720710e+03 1.57993 1.479504e-01
9.780000e-01 8.538460e-01 1.433800e+00 1.579833e+00 1.257817e+01 1.730324e+03 9.715655e+03 1.58203 1.515139e-01
9.770000e-01 8.538460e-01 1.434495e+00 1.580612e+00 1.258410e+01 1.769340e+03 9.710659e+03 1.58413 1.549856e-01
9.760000e-01 8.538460e-01 1.435185e+00 1.581385e+00 1.259003e+01 1.807303e+03 9.705720e+03 1.58622 1.583678e-01
9.750000e-01 8.538460e-01 1.435872e+00 1.582154e+00 1.259595e+01 1.844296e+03 9.700833e+03 1.58832 1.616680e-01
9.740000e-01 8.538460e-01 1.436556e+00 1.582919e+00 1.260188e+01 1.880453e+03 9.695984e+03 1.59041 1.648978e-01
9.730000e-01 8.538460e-01 1.437241e+00 1.583685e+00 1.260783e+01 1.915944e+03 9.691160e+03 1.59252 1.680720e-01
9.720000e-01 8.538460e-01 1.437929e+00 1.584455e+00 1.261381e+01 1.950871e+03 9.686354e+03 1.59463 1.711990e-01
9.710000e-01 8.538460e-01 1.438621e+00 1.585228e+00 1.261981e+01 1.985248e+03 9.681567e+03 1.59675 1.742800e-01
9.700000e-01 8.538460e-01 1.439316e+00 1.586006e+00 1.262584e+01 2.019114e+03 9.676798e+03 1.59889 1.773183e-01
9.690000e-01 8.538460e-01 1.440015e+00 1.586789e+00 1.263188e+01 2.052470e+03 9.672048e+03 1.60103 1.803137e-01
9.680000e-01 8.538460e-01 1.440716e+00 1.587573e+00 1.263793e+01 2.085286e+03 9.667321e+03 1.60317 1.832638e-01
9.670000e-01 8.538460e-01 1.441418e+00 1.588359e+00 1.264400e+01 2.117568e+03 9.662618e+03 1.60532 1.861689e-01
9.660000e-01 8.538460e-01 1.442121e+00 1.589146e+00 1.265007e+01 2.149320e+03 9.657938e+03 1.60748 1.890296e-01
9.650000e-01 8.538460e-01 1.442825e+00 1.589934e+00 1.265616e+01 2.180591e+03 9.653277e+03 1.60964 1.918501e-01
9.640000e-01 8.538460e-01 1.443531e+00 1.590724e+00 1.266226e+01 2.211441e+03 9.648632e+03 1.6118 1.946355e-01
9.630000e-01 8.538460e-01 1.444240e+00 1.591519e+00 1.266838e+01 2.241921e+03 9.643997e+03 1.61398 1.973904e-01
9.620000e-01 8.538460e-01 1.444954e+00 1.592318e+00 1.267452e+01 2.272056e+03 9.639371e+03 1.61616 2.001166e-01
9.610000e-01 8.538460e-01 1.445670e+00 1.593122e+00 1.268068e+01 2.301815e+03 9.634760e+03 1.61835 2.028114e-01
9.600000e-01 8.538460e-01 1.446389e+00 1.593928e+00 1.268686e+01 2.331206e+03 9.630164e+03 1.62055 2.054756e-01
9.590000e-01 8.538460e-01 1.447110e+00 1.594737e+00 1.269304e+01 2.360218e+03 9.625583e+03 1.62275 2.081081e-01
9.580000e-01 8.538460e-01 1.447831e+00 1.595546e+00 1.269923e+01 2.388821e+03 9.621021e+03 1.62496 2.107064e-01
9.570000e-01 8.538460e-01 1.448551e+00 1.596354e+00 1.270542e+01 2.417000e+03 9.616479e+03 1.62717 2.132693e-01
9.560000e-01 8.538460e-01 1.449269e+00 1.597159e+00 1.271160e+01 2.444742e+03 9.611959e+03 1.62937 2.157957e-01
9.550000e-01 8.538460e-01 1.449986e+00 1.597961e+00 1.271779e+01 2.472075e+03 9.607456e+03 1.63158 2.182882e-01
9.540000e-01 8.538460e-01 1.450701e+00 1.598762e+00 1.272399e+01 2.499055e+03 9.602965e+03 1.63379 2.207517e-01
9.530000e-01 8.538460e-01 1.451418e+00 1.599564e+00 1.273021e+01 2.525761e+03 9.598477e+03 1.63601 2.231931e-01
9.520000e-01 8.538460e-01 1.452138e+00 1.600370e+00 1.273645e+01 2.552229e+03 9.593989e+03 1.63824 2.256154e-01
9.510000e-01 8.538460e-01 1.452861e+00 1.601179e+00 1.274271e+01 2.578458e+03 9.589501e+03 1.64048 2.280183e-01
9.500000e-01 8.538460e-01 1.453586e+00 1.601992e+00 1.274899e+01 2.604453e+03 9.585016e+03 1.64272 2.304022e-01
9.490000e-01 8.538460e-01 1.454315e+00 1.602808e+00 1.275529e+01 2.630204e+03 9.580535e+03 1.64498 2.327661e-01
9.480000e-01 8.538460e-01 1.455045e+00 1.603626e+00 1.276161e+01 2.655690e+03 9.576061e+03 1.64724 2.351082e-01
9.470000e-01 8.538460e-01 1.455775e+00 1.604444e+00 1.276793e+01 2.680908e+03 9.571595e+03 1.6495 2.374283e-01
9.460000e-01 8.538460e-01 1.456507e+00 1.605264e+00 1.277426e+01 2.705861e+03 9.567138e+03 1.65177 2.397267e-01
9.450000e-01 8.538460e-01 1.457240e+00 1.606085e+00 1.278061e+01 2.730584e+03 9.562684e+03 1.65404 2.420064e-01
9.440000e-01 8.538460e-01 1.457976e+00 1.606910e+00 1.278698e+01 2.755105e+03 9.558231e+03 1.65632 2.442699e-01
9.430000e-01 8.538460e-01 1.458715e+00 1.607738e+00 1.279337e+01 2.779452e+03 9.553775e+03 1.65862 2.465196e-01
9.420000e-01 8.538460e-01 1.459458e+00 1.608571e+00 1.279978e+01 2.803620e+03 9.549319e+03 1.66092 2.487549e-01
9.410000e-01 8.538460e-01 1.460203e+00 1.609406e+00 1.280621e+01 2.827591e+03 9.544864e+03 1.66323 2.509741e-01
9.400000e-01 8.538460e-01 1.460950e+00 1.610245e+00 1.281265e+01 2.851357e+03 9.540412e+03 1.66554 2.531767e-01
9.390000e-01 8.538460e-01 1.461699e+00 1.611084e+00 1.281910e+01 2.874898e+03 9.535967e+03 1.66786 2.553608e-01
9.380000e-01 8.538460e-01 1.462447e+00 1.611924e+00 1.282555e+01 2.898193e+03 9.531531e+03 1.67018 2.575246e-01
9.370000e-01 8.538460e-01 1.463195e+00 1.612762e+00 1.283201e+01 2.921226e+03 9.527107e+03 1.67251 2.596668e-01
9.360000e-01 8.538460e-01 1.463940e+00 1.613598e+00 1.283846e+01 2.943997e+03 9.522694e+03 1.67483 2.617876e-01
9.350000e-01 8.538460e-01 1.464685e+00 1.614433e+00 1.284493e+01 2.966535e+03 9.518288e+03 1.67716 2.638895e-01
9.340000e-01 8.538460e-01 1.465431e+00 1.615268e+00 1.285140e+01 2.988889e+03 9.513883e+03 1.67949 2.659769e-01
9.330000e-01 8.538460e-01 1.466179e+00 1.616106e+00 1.285790e+01 3.011101e+03 9.509473e+03 1.68183 2.680533e-01
9.320000e-01 8.538460e-01 1.466930e+00 1.616947e+00 1.286442e+01 3.033175e+03 9.505058e+03 1.68418 2.701191e-01
9.310000e-01 8.538460e-01 1.467684e+00 1.617792e+00 1.287097e+01 3.055110e+03 9.500640e+03 1.68654 2.721740e-01
9.300000e-01 8.538460e-01 1.468440e+00 1.618639e+00 1.287753e+01 3.076902e+03 9.496218e+03 1.68891 2.742175e-01
9.290000e-01 8.538460e-01 1.469198e+00 1.619489e+00 1.288411e+01 3.098529e+03 9.491798e+03 1.69129 2.762478e-01
9.280000e-01 8.538460e-01 1.469958e+00 1.620340e+00 1.289070e+01 3.119984e+03 9.487380e+03 1.69367 2.782643e-01
9.270000e-01 8.538460e-01 1.470718e+00 1.621192e+00 1.289730e+01 3.141263e+03 9.482965e+03 1.69605 2.802665e-01
9.260000e-01 8.538460e-01 1.471479e+00 1.622046e+00 1.290391e+01 3.162384e+03 9.478551e+03 1.69844 2.822562e-01
9.250000e-01 8.538460e-01 1.472242e+00 1.622901e+00 1.291054e+01 3.183371e+03 9.474134e+03 1.70084 2.842354e-01
9.240000e-01 8.538460e-01 1.473036e+00 1.623792e+00 1.291728e+01 3.204166e+03 9.469657e+03 1.7033 2.861983e-01
9.230000e-01 8.538460e-01 1.473806e+00 1.624656e+00 1.292396e+01 3.224934e+03 9.465227e+03 1.70572 2.881607e-01
9.220000e-01 8.538460e-01 1.474579e+00 1.625522e+00 1.293066e+01 3.245583e+03 9.460793e+03 1.70814 2.901138e-01
9.210000e-01 8.538460e-01 1.475354e+00 1.626392e+00 1.293737e+01 3.266099e+03 9.456358e+03 1.71058 2.920564e-01
9.200000e-01 8.538460e-01 1.476130e+00 1.627263e+00 1.294410e+01 3.286470e+03 9.451923e+03 1.71301 2.939873e-01
9.190000e-01 8.538460e-01 1.476907e+00 1.628134e+00 1.295083e+01 3.306678e+03 9.447491e+03 1.71546 2.959052e-01
9.180000e-01 8.538460e-01 1.477683e+00 1.629005e+00 1.295757e+01 3.326706e+03 9.443064e+03 1.7179 2.978084e-01
9.170000e-01 8.538460e-01 1.478458e+00 1.629874e+00 1.296431e+01 3.346549e+03 9.438644e+03 1.72034 2.996966e-01
9.160000e-01 8.538460e-01 1.479233e+00 1.630742e+00 1.297106e+01 3.366228e+03 9.434226e+03 1.72279 3.015719e-01
9.150000e-01 8.538460e-01 1.480008e+00 1.631611e+00 1.297782e+01 3.385780e+03 9.429806e+03 1.72525 3.034375e-01
9.140000e-01 8.538460e-01 1.480786e+00 1.632483e+00 1.298460e+01 3.405233e+03 9.425378e+03 1.72771 3.052958e-01
9.130000e-01 8.538460e-01 1.481567e+00 1.633359e+00 1.299142e+01 3.424597e+03 9.420941e+03 1.73019 3.071476e-01
9.120000e-01 8.538460e-01 1.482351e+00 1.634238e+00 1.299825e+01 3.443872e+03 9.416496e+03 1.73267 3.089927e-01
9.110000e-01 8.538460e-01 1.483137e+00 1.635119e+00 1.300511e+01 3.463046e+03 9.412045e+03 1.73516 3.108302e-01
9.100000e-01 8.538460e-01 1.483926e+00 1.636003e+00 1.301198e+01 3.482103e+03 9.407591e+03 1.73766 3.126585e-01
9.090000e-01 8.538460e-01 1.484715e+00 1.636889e+00 1.301886e+01 3.501035e+03 9.403136e+03 1.74017 3.144769e-01
9.080000e-01 8.538460e-01 1.485505e+00 1.637774e+00 1.302575e+01 3.519835e+03 9.398681e+03 1.74268 3.162848e-01
9.070000e-01 8.538460e-01 1.486296e+00 1.638662e+00 1.303266e+01 3.538520e+03 9.394225e+03 1.74519 3.180838e-01
9.060000e-01 8.538460e-01 1.487090e+00 1.639551e+00 1.303959e+01 3.557106e+03 9.389763e+03 1.74772 3.198752e-01
9.050000e-01 8.538460e-01 1.487886e+00 1.640445e+00 1.304653e+01 3.575610e+03 9.385294e+03 1.75025 3.216606e-01
9.040000e-01 8.538460e-01 1.488685e+00 1.641341e+00 1.305351e+01 3.594036e+03 9.380817e+03 1.75279 3.234403e-01
9.030000e-01 8.538460e-01 1.489487e+00 1.642241e+00 1.306050e+01 3.612374e+03 9.376334e+03 1.75534 3.252132e-01
9.020000e-01 8.538460e-01 1.490291e+00 1.643143e+00 1.306751e+01 3.630612e+03 9.371847e+03 1.7579 3.269783e-01
9.010000e-01 8.538460e-01 1.491096e+00 1.644046e+00 1.307453e+01 3.648737e+03 9.367358e+03 1.76046 3.287345e-01
9.000000e-01 8.538460e-01 1.491901e+00 1.644950e+00 1.308155e+01 3.666734e+03 9.362870e+03 1.76303 3.304805e-01
8.990000e-01 8.538460e-01 1.492705e+00 1.645853e+00 1.308859e+01 3.684588e+03 9.358385e+03 1.7656 3.322151e-01
8.980000e-01 8.538460e-01 1.493509e+00 1.646755e+00 1.309562e+01 3.702303e+03 9.353904e+03 1.76817 3.339386e-01
8.970000e-01 8.538460e-01 1.494313e+00 1.647656e+00 1.310267e+01 3.719901e+03 9.349421e+03 1.77074 3.356531e-01
8.960000e-01 8.538460e-01 1.495119e+00 1.648559e+00 1.310973e+01 3.737412e+03 9.344931e+03 1.77332 3.373612e-01
8.950000e-01 8.538460e-01 1.495926e+00 1.649465e+00 1.311682e+01 3.754852e+03 9.340432e+03 1.77592 3.390643e-01
8.940000e-01 8.538460e-01 1.496737e+00 1.650375e+00 1.312394e+01 3.772226e+03 9.335922e+03 1.77852 3.407629e-01
8.930000e-01 8.538460e-01 1.497551e+00 1.651287e+00 1.313108e+01 3.789535e+03 9.331402e+03 1.78113 3.424567e-01
8.920000e-01 8.538460e-01 1.498367e+00 1.652203e+00 1.313824e+01 3.806766e+03 9.326874e+03 1.78375 3.441449e-01
8.910000e-01 8.538460e-01 1.499185e+00 1.653120e+00 1.314542e+01 3.823904e+03 9.322341e+03 1.78638 3.458258e-01
8.900000e-01 8.538460e-01 1.500004e+00 1.654039e+00 1.315261e+01 3.840945e+03 9.317806e+03 1.78901 3.474992e-01
8.890000e-01 8.538460e-01 1.500823e+00 1.654958e+00 1.315981e+01 3.857886e+03 9.313266e+03 1.79165 3.491650e-01
8.880000e-01 8.538460e-01 1.501645e+00 1.655880e+00 1.316703e+01 3.874747e+03 9.308721e+03 1.7943 3.508248e-01
8.870000e-01 8.538460e-01 1.502468e+00 1.656804e+00 1.317427e+01 3.891539e+03 9.304167e+03 1.79695 3.524795e-01
8.860000e-01 8.538460e-01 1.503295e+00 1.657732e+00 1.318154e+01 3.908270e+03 9.299604e+03 1.79961 3.541300e-01
8.850000e-01 8.538460e-01 1.504125e+00 1.658663e+00 1.318883e+01 3.924937e+03 9.295031e+03 1.80229 3.557758e-01
8.840000e-01 8.538460e-01 1.504956e+00 1.659596e+00 1.319614e+01 3.941531e+03 9.290451e+03 1.80497 3.574160e-01
8.830000e-01 8.538460e-01 1.505789e+00 1.660532e+00 1.320346e+01 3.958039e+03 9.285866e+03 1.80766 3.590497e-01
8.820000e-01 8.538460e-01 1.506623e+00 1.661468e+00 1.321079e+01 3.974449e+03 9.281279e+03 1.81035 3.606757e-01
8.810000e-01 8.538460e-01 1.507457e+00 1.662403e+00 1.321813e+01 3.990748e+03 9.276692e+03 1.81304 3.622929e-01
8.800000e-01 8.538460e-01 1.508290e+00 1.663338e+00 1.322548e+01 4.006932e+03 9.272106e+03 1.81574 3.639009e-01
8.790000e-01 8.538460e-01 1.509123e+00 1.664272e+00 1.323284e+01 4.023013e+03 9.267519e+03 1.81844 3.655012e-01
8.780000e-01 8.538460e-01 1.509957e+00 1.665208e+00 1.324021e+01 4.039017e+03 9.262924e+03 1.82115 3.670957e-01
8.770000e-01 8.538460e-01 1.510793e+00 1.666146e+00 1.324761e+01 4.054961e+03 9.258320e+03 1.82387 3.686862e-01
8.760000e-01 8.538460e-01 1.511632e+00 1.667087e+00 1.325503e+01 4.070852e+03 9.253704e+03 1.82659 3.702732e-01
8.750000e-01 8.538460e-01 1.512474e+00 1.668031e+00 1.326248e+01 4.086695e+03 9.249075e+03 1.82933 3.718569e-01
8.740000e-01 8.538460e-01 1.513318e+00 1.668979e+00 1.326995e+01 4.102477e+03 9.244436e+03 1.83208 3.734363e-01
8.730000e-01 8.538460e-01 1.514164e+00 1.669929e+00 1.327744e+01 4.118188e+03 9.239790e+03 1.83483 3.750104e-01
8.720000e-01 8.538460e-01 1.515012e+00 1.670879e+00 1.328494e+01 4.133818e+03 9.235138e+03 1.83759 3.765783e-01
8.710000e-01 8.538460e-01 1.515860e+00 1.671831e+00 1.329246e+01 4.149368e+03 9.230481e+03 1.84036 3.781402e-01
8.700000e-01 8.538460e-01 1.516710e+00 1.672785e+00 1.330000e+01 4.164848e+03 9.225817e+03 1.84313 3.796968e-01
8.690000e-01 8.538460e-01 1.517562e+00 1.673741e+00 1.330756e+01 4.180271e+03 9.221144e+03 1.84591 3.812495e-01
8.680000e-01 8.538460e-01 1.518417e+00 1.674701e+00 1.331515e+01 4.195644e+03 9.216459e+03 1.8487 3.827988e-01
8.670000e-01 8.538460e-01 1.519275e+00 1.675664e+00 1.332276e+01 4.210965e+03 9.211763e+03 1.8515 3.843445e-01
8.660000e-01 8.538460e-01 1.520134e+00 1.676629e+00 1.333039e+01 4.226227e+03 9.207058e+03 1.85431 3.858858e-01
8.650000e-01 8.538460e-01 1.520996e+00 1.677596e+00 1.333803e+01 4.241418e+03 9.202347e+03 1.85713 3.874217e-01
8.640000e-01 8.538460e-01 1.521858e+00 1.678564e+00 1.334569e+01 4.256527e+03 9.197632e+03 1.85995 3.889513e-01
8.630000e-01 8.538460e-01 1.522720e+00 1.679532e+00 1.335336e+01 4.271541e+03 9.192915e+03 1.86277 3.904734e-01
8.620000e-01 8.538460e-01 1.523582e+00 1.680499e+00 1.336103e+01 4.286458e+03 9.188198e+03 1.8656 3.919880e-01
8.610000e-01 8.538460e-01 1.524443e+00 1.681466e+00 1.336872e+01 4.301289e+03 9.183478e+03 1.86843 3.934960e-01
8.600000e-01 8.538460e-01 1.525306e+00 1.682434e+00 1.337642e+01 4.316058e+03 9.178748e+03 1.87127 3.949997e-01
8.590000e-01 8.538460e-01 1.526171e+00 1.683404e+00 1.338415e+01 4.330777e+03 9.174008e+03 1.87412 3.965001e-01
8.580000e-01 8.538460e-01 1.527039e+00 1.684378e+00 1.339191e+01 4.345455e+03 9.169254e+03 1.87698 3.979980e-01
8.570000e-01 8.538460e-01 1.527910e+00 1.685356e+00 1.339970e+01 4.360093e+03 9.164485e+03 1.87984 3.994934e-01
8.560000e-01 8.538460e-01 1.528783e+00 1.686336e+00 1.340751e+01 4.374679e+03 9.159707e+03 1.88272 4.009851e-01
8.550000e-01 8.538460e-01 1.529658e+00 1.687319e+00 1.341533e+01 4.389203e+03 9.154920e+03 1.88561 4.024723e-01
8.540000e-01 8.538460e-01 1.530534e+00 1.688302e+00 1.342318e+01 4.403657e+03 9.150125e+03 1.8885 4.039543e-01
8.530000e-01 8.538460e-01 1.531412e+00 1.689287e+00 1.343104e+01 4.418046e+03 9.145324e+03 1.8914 4.054313e-01
8.520000e-01 8.538460e-01 1.532291e+00 1.690274e+00 1.343892e+01 4.432377e+03 9.140513e+03 1.89431 4.069043e-01
8.510000e-01 8.538460e-01 1.533172e+00 1.691263e+00 1.344683e+01 4.446663e+03 9.135690e+03 1.89722 4.083743e-01
8.500000e-01 8.538460e-01 1.534056e+00 1.692255e+00 1.345476e+01 4.460906e+03 9.130854e+03 1.90015 4.098414e-01
8.490000e-01 8.538460e-01 1.534942e+00 1.693251e+00 1.346272e+01 4.475103e+03 9.126006e+03 1.90308 4.113052e-01
8.480000e-01 8.538460e-01 1.535831e+00 1.694249e+00 1.347070e+01 4.489248e+03 9.121148e+03 1.90603 4.127653e-01
8.470000e-01 8.538460e-01 1.536721e+00 1.695248e+00 1.347870e+01 4.503328e+03 9.116283e+03 1.90898 4.142205e-01
8.460000e-01 8.538460e-01 1.537611e+00 1.696248e+00 1.348670e+01 4.517333e+03 9.111413e+03 1.91193 4.156698e-01
8.450000e-01 8.538460e-01 1.538501e+00 1.697247e+00 1.349472e+01 4.531253e+03 9.106540e+03 1.91489 4.171125e-01
8.440000e-01 8.538460e-01 1.539391e+00 1.698245e+00 1.350274e+01 4.545089e+03 9.101665e+03 1.91785 4.185487e-01
8.430000e-01 8.538460e-01 1.540281e+00 1.699244e+00 1.351078e+01 4.558860e+03 9.096783e+03 1.92081 4.199802e-01
8.420000e-01 8.538460e-01 1.541172e+00 1.700245e+00 1.351885e+01 4.572583e+03 9.091889e+03 1.92379 4.214085e-01
8.410000e-01 8.538460e-01 1.542067e+00 1.701249e+00 1.352694e+01 4.586268e+03 9.086981e+03 1.92677 4.228346e-01
8.400000e-01 8.538460e-01 1.542964e+00 1.702257e+00 1.353506e+01 4.599919e+03 9.082058e+03 1.92977 4.242586e-01
8.390000e-01 8.538460e-01 1.543864e+00 1.703267e+00 1.354322e+01 4.613534e+03 9.077119e+03 1.93277 4.256804e-01
8.380000e-01 8.538460e-01 1.544767e+00 1.704280e+00 1.355139e+01 4.627098e+03 9.072170e+03 1.93579 4.270987e-01
8.370000e-01 8.538460e-01 1.545670e+00 1.705295e+00 1.355959e+01 4.640604e+03 9.067212e+03 1.93881 4.285126e-01
8.360000e-01 8.538460e-01 1.546575e+00 1.706311e+00 1.356780e+01 4.654051e+03 9.062245e+03 1.94184 4.299222e-01
8.350000e-01 8.538460e-01 1.547481e+00 1.707328e+00 1.357603e+01 4.667440e+03 9.057269e+03 1.94488 4.313277e-01
8.340000e-01 8.538460e-01 1.548389e+00 1.708348e+00 1.358429e+01 4.680792e+03 9.052279e+03 1.94792 4.327306e-01
8.330000e-01 8.538460e-01 1.549300e+00 1.709370e+00 1.359257e+01 4.694102e+03 9.047276e+03 1.95098 4.341309e-01
8.320000e-01 8.538460e-01 1.550213e+00 1.710396e+00 1.360089e+01 4.707373e+03 9.042258e+03 1.95404 4.355285e-01
8.310000e-01 8.538460e-01 1.551128e+00 1.711424e+00 1.360922e+01 4.720603e+03 9.037229e+03 1.95711 4.369231e-01
8.300000e-01 8.538460e-01 1.552045e+00 1.712454e+00 1.361758e+01 4.733778e+03 9.032188e+03 1.96019 4.383138e-01
8.290000e-01 8.538460e-01 1.552963e+00 1.713485e+00 1.362595e+01 4.746890e+03 9.027141e+03 1.96328 4.396996e-01
8.280000e-01 8.538460e-01 1.553880e+00 1.714515e+00 1.363433e+01 4.759927e+03 9.022090e+03 1.96637 4.410795e-01
8.270000e-01 8.538460e-01 1.554797e+00 1.715544e+00 1.364272e+01 4.772887e+03 9.017034e+03 1.96946 4.424534e-01
8.260000e-01 8.538460e-01 1.555714e+00 1.716574e+00 1.365113e+01 4.785785e+03 9.011972e+03 1.97255 4.438227e-01
8.250000e-01 8.538460e-01 1.556633e+00 1.717605e+00 1.365955e+01 4.798636e+03 9.006897e+03 1.97566 4.451889e-01
8.240000e-01 8.538460e-01 1.557554e+00 1.718638e+00 1.366801e+01 4.811452e+03 9.001806e+03 1.97877 4.465530e-01
8.230000e-01 8.538460e-01 1.558477e+00 1.719676e+00 1.367650e+01 4.824238e+03 8.996699e+03 1.9819 4.479154e-01
8.220000e-01 8.538460e-01 1.559404e+00 1.720716e+00 1.368502e+01 4.836992e+03 8.991574e+03 1.98503 4.492759e-01
8.210000e-01 8.538460e-01 1.560333e+00 1.721759e+00 1.369357e+01 4.849708e+03 8.986434e+03 1.98818 4.506338e-01
8.200000e-01 8.538460e-01 1.561263e+00 1.722804e+00 1.370214e+01 4.862373e+03 8.981283e+03 1.99133 4.519880e-01
8.190000e-01 8.538460e-01 1.562194e+00 1.723849e+00 1.371073e+01 4.874984e+03 8.976122e+03 1.99449 4.533383e-01
8.180000e-01 8.538460e-01 1.563127e+00 1.724896e+00 1.371934e+01 4.887544e+03 8.970949e+03 1.99766 4.546848e-01
8.170000e-01 8.538460e-01 1.564062e+00 1.725946e+00 1.372798e+01 4.900069e+03 8.965762e+03 2.00083 4.560292e-01
8.160000e-01 8.538460e-01 1.564999e+00 1.726998e+00 1.373665e+01 4.912556e+03 8.960559e+03 2.00402 4.573710e-01
8.150000e-01 8.538460e-01 1.565938e+00 1.728053e+00 1.374534e+01 4.925008e+03 8.955341e+03 2.00721 4.587105e-01
8.140000e-01 8.538460e-01 1.566880e+00 1.729111e+00 1.375407e+01 4.937422e+03 8.950109e+03 2.01042 4.600473e-01
8.130000e-01 8.538460e-01 1.567823e+00 1.730170e+00 1.376281e+01 4.949787e+03 8.944864e+03 2.01363 4.613806e-01
8.120000e-01 8.538460e-01 1.568766e+00 1.731230e+00 1.377157e+01 4.962095e+03 8.939611e+03 2.01685 4.627094e-01
8.110000e-01 8.538460e-01 1.569710e+00 1.732290e+00 1.378035e+01 4.974335e+03 8.934352e+03 2.02006 4.640329e-01
8.100000e-01 8.538460e-01 1.570653e+00 1.733349e+00 1.378913e+01 4.986506e+03 8.929087e+03 2.02329 4.653510e-01
8.090000e-01 8.538460e-01 1.571596e+00 1.734407e+00 1.379793e+01 4.998617e+03 8.923815e+03 2.02651 4.666646e-01
8.080000e-01 8.538460e-01 1.572540e+00 1.735467e+00 1.380675e+01 5.010685e+03 8.918528e+03 2.02975 4.679754e-01
8.070000e-01 8.538460e-01 1.573487e+00 1.736530e+00 1.381561e+01 5.022725e+03 8.913224e+03 2.03299 4.692845e-01
8.060000e-01 8.538460e-01 1.574436e+00 1.737596e+00 1.382449e+01 5.034735e+03 8.907900e+03 2.03625 4.705918e-01
8.050000e-01 8.538460e-01 1.575388e+00 1.738665e+00 1.383342e+01 5.046718e+03 8.902557e+03 2.03951 4.718976e-01
8.040000e-01 8.538460e-01 1.576343e+00 1.739737e+00 1.384237e+01 5.058665e+03 8.897199e+03 2.04279 4.732010e-01
8.030000e-01 8.538460e-01 1.577298e+00 1.740810e+00 1.385134e+01 5.070562e+03 8.891827e+03 2.04607 4.745007e-01
8.020000e-01 8.538460e-01 1.578283e+00 1.741917e+00 1.386043e+01 5.082369e+03 8.886382e+03 2.04942 4.757884e-01
8.010000e-01 8.538460e-01 1.579241e+00 1.742993e+00 1.386946e+01 5.094173e+03 8.880983e+03 2.05271 4.770814e-01
8.000000e-01 8.538460e-01 1.580201e+00 1.744071e+00 1.387851e+01 5.105948e+03 8.875568e+03 2.05602 4.783725e-01
7.990000e-01 8.538460e-01 1.581164e+00 1.745152e+00 1.388759e+01 5.117689e+03 8.870135e+03 2.05934 4.796614e-01
7.980000e-01 8.538460e-01 1.582128e+00 1.746235e+00 1.389670e+01 5.129394e+03 8.864685e+03 2.06266 4.809479e-01
7.970000e-01 8.538460e-01 1.583095e+00 1.747321e+00 1.390584e+01 5.141065e+03 8.859218e+03 2.066 4.822319e-01
7.960000e-01 8.538460e-01 1.584063e+00 1.748407e+00 1.391501e+01 5.152691e+03 8.853738e+03 2.06934 4.835124e-01
7.950000e-01 8.538460e-01 1.585031e+00 1.749494e+00 1.392419e+01 5.164257e+03 8.848248e+03 2.07268 4.847884e-01
7.940000e-01 8.538460e-01 1.585998e+00 1.750581e+00 1.393338e+01 5.175762e+03 8.842751e+03 2.07603 4.860594e-01
7.930000e-01 8.538460e-01 1.586965e+00 1.751666e+00 1.394258e+01 5.187201e+03 8.837248e+03 2.07938 4.873253e-01
7.920000e-01 8.538460e-01 1.587932e+00 1.752751e+00 1.395181e+01 5.198589e+03 8.831734e+03 2.08273 4.885874e-01
7.910000e-01 8.538460e-01 1.588901e+00 1.753839e+00 1.396106e+01 5.209945e+03 8.826202e+03 2.0861 4.898476e-01
7.900000e-01 8.538460e-01 1.589872e+00 1.754929e+00 1.397035e+01 5.221270e+03 8.820650e+03 2.08947 4.911059e-01
7.890000e-01 8.538460e-01 1.590846e+00 1.756023e+00 1.397967e+01 5.232572e+03 8.815078e+03 2.09285 4.923629e-01
7.880000e-01 8.538460e-01 1.591822e+00 1.757120e+00 1.398903e+01 5.243845e+03 8.809485e+03 2.09625 4.936180e-01
7.870000e-01 8.538460e-01 1.592800e+00 1.758218e+00 1.399842e+01 5.255077e+03 8.803876e+03 2.09965 4.948704e-01
7.860000e-01 8.538460e-01 1.593780e+00 1.759317e+00 1.400783e+01 5.266265e+03 8.798254e+03 2.10307 4.961193e-01
7.850000e-01 8.538460e-01 1.594760e+00 1.760417e+00 1.401727e+01 5.277409e+03 8.792615e+03 2.10648 4.973651e-01
7.840000e-01 8.538460e-01 1.595741e+00 1.761520e+00 1.402674e+01 5.288516e+03 8.786961e+03 2.10991 4.986084e-01
7.830000e-01 8.538460e-01 1.596725e+00 1.762625e+00 1.403624e+01 5.299595e+03 8.781286e+03 2.11334 4.998500e-01
7.820000e-01 8.538460e-01 1.597711e+00 1.763732e+00 1.404577e+01 5.310641e+03 8.775592e+03 2.11679 5.010893e-01
7.810000e-01 8.538460e-01 1.598699e+00 1.764841e+00 1.405533e+01 5.321654e+03 8.769880e+03 2.12024 5.023261e-01
7.800000e-01 8.538460e-01 1.599689e+00 1.765953e+00 1.406493e+01 5.332630e+03 8.764151e+03 2.1237 5.035604e-01
7.790000e-01 8.538460e-01 1.600679e+00 1.767065e+00 1.407454e+01 5.343555e+03 8.758410e+03 2.12717 5.047907e-01
7.780000e-01 8.538460e-01 1.601669e+00 1.768176e+00 1.408417e+01 5.354421e+03 8.752660e+03 2.13064 5.060162e-01
7.770000e-01 8.538460e-01 1.602657e+00 1.769286e+00 1.409381e+01 5.365224e+03 8.746903e+03 2.13411 5.072367e-01
7.760000e-01 8.538460e-01 1.603646e+00 1.770396e+00 1.410347e+01 5.375973e+03 8.741136e+03 2.13759 5.084532e-01
7.750000e-01 8.538460e-01 1.604636e+00 1.771507e+00 1.411316e+01 5.386689e+03 8.735351e+03 2.14107 5.096674e-01
7.740000e-01 8.538460e-01 1.605628e+00 1.772621e+00 1.412288e+01 5.397375e+03 8.729545e+03 2.14456 5.108798e-01
7.730000e-01 8.538460e-01 1.606622e+00 1.773737e+00 1.413265e+01 5.408032e+03 8.723717e+03 2.14806 5.120905e-01
7.720000e-01 8.538460e-01 1.607619e+00 1.774857e+00 1.414245e+01 5.418669e+03 8.717868e+03 2.15158 5.132999e-01
7.710000e-01 8.538460e-01 1.608618e+00 1.775979e+00 1.415228e+01 5.429269e+03 8.711998e+03 2.1551 5.145068e-01
7.700000e-01 8.538460e-01 1.609617e+00 1.777101e+00 1.416214e+01 5.439822e+03 8.706113e+03 2.15863 5.157101e-01
7.690000e-01 8.538460e-01 1.610618e+00 1.778224e+00 1.417203e+01 5.450339e+03 8.700210e+03 2.16217 5.169108e-01
7.680000e-01 8.538460e-01 1.611619e+00 1.779349e+00 1.418195e+01 5.460816e+03 8.694290e+03 2.16571 5.181087e-01
7.670000e-01 8.538460e-01 1.612623e+00 1.780476e+00 1.419190e+01 5.471264e+03 8.688348e+03 2.16927 5.193047e-01
7.660000e-01 8.538460e-01 1.613629e+00 1.781606e+00 1.420190e+01 5.481686e+03 8.682384e+03 2.17283 5.204988e-01
7.650000e-01 8.538460e-01 1.614636e+00 1.782737e+00 1.421192e+01 5.492071e+03 8.676400e+03 2.1764 5.216903e-01
7.640000e-01 8.538460e-01 1.615645e+00 1.783871e+00 1.422198e+01 5.502421e+03 8.670398e+03 2.17998 5.228794e-01
7.630000e-01 8.538460e-01 1.616655e+00 1.785005e+00 1.423206e+01 5.512728e+03 8.664382e+03 2.18356 5.240649e-01
7.620000e-01 8.538460e-01 1.617663e+00 1.786138e+00 1.424216e+01 5.522974e+03 8.658355e+03 2.18715 5.252457e-01
7.610000e-01 8.538460e-01 1.618671e+00 1.787269e+00 1.425227e+01 5.533161e+03 8.652321e+03 2.19074 5.264216e-01
7.600000e-01 8.538460e-01 1.619679e+00 1.788401e+00 1.426240e+01 5.543299e+03 8.646276e+03 2.19433 5.275939e-01
7.590000e-01 8.538460e-01 1.620688e+00 1.789534e+00 1.427257e+01 5.553398e+03 8.640212e+03 2.19793 5.287636e-01
7.580000e-01 8.538460e-01 1.621698e+00 1.790669e+00 1.428277e+01 5.563472e+03 8.634126e+03 2.20154 5.299317e-01
7.570000e-01 8.538460e-01 1.622711e+00 1.791807e+00 1.429302e+01 5.573518e+03 8.628017e+03 2.20516 5.310981e-01
7.560000e-01 8.538460e-01 1.623727e+00 1.792947e+00 1.430330e+01 5.583536e+03 8.621884e+03 2.20879 5.322627e-01
7.550000e-01 8.538460e-01 1.624744e+00 1.794090e+00 1.431362e+01 5.593524e+03 8.615731e+03 2.21244 5.334252e-01
7.540000e-01 8.538460e-01 1.625761e+00 1.795233e+00 1.432398e+01 5.603467e+03 8.609560e+03 2.21608 5.345843e-01
7.530000e-01 8.538460e-01 1.626780e+00 1.796377e+00 1.433436e+01 5.613368e+03 8.603372e+03 2.21973 5.357403e-01
7.520000e-01 8.538460e-01 1.627800e+00 1.797523e+00 1.434477e+01 5.623236e+03 8.597165e+03 2.2234 5.368940e-01
7.510000e-01 8.538460e-01 1.628821e+00 1.798671e+00 1.435523e+01 5.633074e+03 8.590936e+03 2.22707 5.380458e-01
7.500000e-01 8.538460e-01 1.629844e+00 1.799820e+00 1.436572e+01 5.642880e+03 8.584683e+03 2.23075 5.391954e-01
7.490000e-01 8.538460e-01 1.630869e+00 1.800972e+00 1.437625e+01 5.652656e+03 8.578410e+03 2.23444 5.403427e-01
7.480000e-01 8.538460e-01 1.631895e+00 1.802125e+00 1.438682e+01 5.662393e+03 8.572117e+03 2.23813 5.414871e-01
7.470000e-01 8.538460e-01 1.632921e+00 1.803278e+00 1.439741e+01 5.672085e+03 8.565808e+03 2.24183 5.426281e-01
7.460000e-01 8.538460e-01 1.633947e+00 1.804430e+00 1.440801e+01 5.681720e+03 8.559490e+03 2.24553 5.437642e-01
7.450000e-01 8.538460e-01 1.634971e+00 1.805581e+00 1.441864e+01 5.691296e+03 8.553163e+03 2.24924 5.448957e-01
7.440000e-01 8.538460e-01 1.635995e+00 1.806731e+00 1.442929e+01 5.700827e+03 8.546820e+03 2.25294 5.460239e-01
7.430000e-01 8.538460e-01 1.637020e+00 1.807883e+00 1.443998e+01 5.710329e+03 8.540455e+03 2.25666 5.471501e-01
7.420000e-01 8.538460e-01 1.638047e+00 1.809037e+00 1.445071e+01 5.719802e+03 8.534066e+03 2.26039 5.482744e-01
7.410000e-01 8.538460e-01 1.639076e+00 1.810193e+00 1.446149e+01 5.729247e+03 8.527650e+03 2.26412 5.493969e-01
7.400000e-01 8.538460e-01 1.640107e+00 1.811352e+00 1.447231e+01 5.738665e+03 8.521210e+03 2.26787 5.505176e-01
7.390000e-01 8.538460e-01 1.641139e+00 1.812512e+00 1.448317e+01 5.748048e+03 8.514748e+03 2.27162 5.516355e-01
7.380000e-01 8.538460e-01 1.642172e+00 1.813673e+00 1.449406e+01 5.757388e+03 8.508266e+03 2.27538 5.527503e-01
7.370000e-01 8.538460e-01 1.643204e+00 1.814833e+00 1.450498e+01 5.766689e+03 8.501764e+03 2.27914 5.538620e-01
7.360000e-01 8.538460e-01 1.644239e+00 1.815996e+00 1.451594e+01 5.775958e+03 8.495239e+03 2.28291 5.549715e-01
7.350000e-01 8.538460e-01 1.645274e+00 1.817160e+00 1.452695e+01 5.785199e+03 8.488688e+03 2.28669 5.560790e-01
7.340000e-01 8.538460e-01 1.646311e+00 1.818326e+00 1.453800e+01 5.794409e+03 8.482112e+03 2.29048 5.571841e-01
7.330000e-01 8.538460e-01 1.647349e+00 1.819493e+00 1.454908e+01 5.803583e+03 8.475513e+03 2.29427 5.582867e-01
7.320000e-01 8.538460e-01 1.648388e+00 1.820661e+00 1.456020e+01 5.812720e+03 8.468895e+03 2.29807 5.593860e-01
7.310000e-01 8.538460e-01 1.649426e+00 1.821827e+00 1.457135e+01 5.821804e+03 8.462260e+03 2.30187 5.604811e-01
7.300000e-01 8.538460e-01 1.650489e+00 1.823024e+00 1.458261e+01 5.830797e+03 8.455550e+03 2.30573 5.615622e-01
7.290000e-01 8.538460e-01 1.651498e+00 1.824157e+00 1.459370e+01 5.839809e+03 8.448953e+03 2.30948 5.626576e-01
7.280000e-01 8.538460e-01 1.652560e+00 1.825352e+00 1.460502e+01 5.848717e+03 8.442206e+03 2.31334 5.637322e-01
7.270000e-01 8.538460e-01 1.653598e+00 1.826518e+00 1.461630e+01 5.857632e+03 8.435492e+03 2.31716 5.648137e-01
7.260000e-01 8.538460e-01 1.654636e+00 1.827685e+00 1.462762e+01 5.866519e+03 8.428750e+03 2.32098 5.658932e-01
7.250000e-01 8.538460e-01 1.655676e+00 1.828854e+00 1.463898e+01 5.875380e+03 8.421977e+03 2.32481 5.669708e-01
7.240000e-01 8.538460e-01 1.656717e+00 1.830024e+00 1.465039e+01 5.884210e+03 8.415179e+03 2.32865 5.680460e-01
7.230000e-01 8.538460e-01 1.657758e+00 1.831194e+00 1.466184e+01 5.893000e+03 8.408355e+03 2.33249 5.691179e-01
7.220000e-01 8.538460e-01 1.658798e+00 1.832364e+00 1.467332e+01 5.901750e+03 8.401508e+03 2.33634 5.701864e-01
7.210000e-01 8.538460e-01 1.659839e+00 1.833534e+00 1.468484e+01 5.910465e+03 8.394635e+03 2.34019 5.712521e-01
7.200000e-01 8.538460e-01 1.660882e+00 1.834706e+00 1.469641e+01 5.919154e+03 8.387732e+03 2.34405 5.723158e-01
7.190000e-01 8.538460e-01 1.661925e+00 1.835879e+00 1.470803e+01 5.927811e+03 8.380800e+03 2.34791 5.733770e-01
7.180000e-01 8.538460e-01 1.662969e+00 1.837052e+00 1.471969e+01 5.936435e+03 8.373840e+03 2.35178 5.744352e-01
7.170000e-01 8.538460e-01 1.664013e+00 1.838225e+00 1.473138e+01 5.945021e+03 8.366854e+03 2.35565 5.754903e-01
7.160000e-01 8.538460e-01 1.665056e+00 1.839398e+00 1.474311e+01 5.953563e+03 8.359848e+03 2.35952 5.765415e-01
7.150000e-01 8.538460e-01 1.666097e+00 1.840568e+00 1.475486e+01 5.962048e+03 8.352828e+03 2.36339 5.775878e-01
7.140000e-01 8.538460e-01 1.667136e+00 1.841736e+00 1.476664e+01 5.970483e+03 8.345790e+03 2.36726 5.786297e-01
7.130000e-01 8.538460e-01 1.668175e+00 1.842904e+00 1.477845e+01 5.978880e+03 8.338726e+03 2.37113 5.796685e-01
7.120000e-01 8.538460e-01 1.669215e+00 1.844072e+00 1.479031e+01 5.987249e+03 8.331630e+03 2.37501 5.807051e-01
7.110000e-01 8.538460e-01 1.670255e+00 1.845241e+00 1.480223e+01 5.995589e+03 8.324503e+03 2.37889 5.817395e-01
7.100000e-01 8.538460e-01 1.671297e+00 1.846412e+00 1.481419e+01 6.003901e+03 8.317342e+03 2.38278 5.827716e-01
7.090000e-01 8.538460e-01 1.672339e+00 1.847583e+00 1.482621e+01 6.012183e+03 8.310150e+03 2.38668 5.838010e-01
7.080000e-01 8.538460e-01 1.673381e+00 1.848754e+00 1.483827e+01 6.020425e+03 8.302928e+03 2.39058 5.848269e-01
7.070000e-01 8.538460e-01 1.674422e+00 1.849924e+00 1.485036e+01 6.028626e+03 8.295683e+03 2.39448 5.858495e-01
7.060000e-01 8.538460e-01 1.675463e+00 1.851094e+00 1.486250e+01 6.036791e+03 8.288410e+03 2.39838 5.868689e-01
7.050000e-01 8.538460e-01 1.676505e+00 1.852265e+00 1.487469e+01 6.044927e+03 8.281103e+03 2.40228 5.878860e-01
7.040000e-01 8.538460e-01 1.677547e+00 1.853436e+00 1.488694e+01 6.053032e+03 8.273762e+03 2.4062 5.889002e-01
7.030000e-01 8.538460e-01 1.678589e+00 1.854607e+00 1.489922e+01 6.061100e+03 8.266393e+03 2.41011 5.899114e-01
7.020000e-01 8.538460e-01 1.679631e+00 1.855778e+00 1.491156e+01 6.069132e+03 8.258995e+03 2.41403 5.909192e-01
7.010000e-01 8.538460e-01 1.680672e+00 1.856948e+00 1.492392e+01 6.077116e+03 8.251575e+03 2.41794 5.919228e-01
7.000000e-01 8.538460e-01 1.681709e+00 1.858114e+00 1.493631e+01 6.085044e+03 8.244137e+03 2.42185 5.929214e-01
6.990000e-01 8.538460e-01 1.681783e+00 1.858234e+00 1.494420e+01 6.096239e+03 8.240392e+03 2.42409 5.945078e-01
6.980000e-01 8.538460e-01 1.683779e+00 1.860440e+00 1.496118e+01 6.100761e+03 8.229219e+03 2.42968 5.949082e-01
6.970000e-01 8.538460e-01 1.683842e+00 1.860548e+00 1.496911e+01 6.111907e+03 8.225441e+03 2.43189 5.964930e-01
6.960000e-01 8.538460e-01 1.685849e+00 1.862767e+00 1.498627e+01 6.116356e+03 8.214143e+03 2.43751 5.968830e-01
6.950000e-01 8.538460e-01 1.685904e+00 1.862867e+00 1.499426e+01 6.127458e+03 8.210335e+03 2.43971 5.984671e-01
6.940000e-01 8.538460e-01 1.687921e+00 1.865094e+00 1.501159e+01 6.131828e+03 8.198917e+03 2.44536 5.988466e-01
6.930000e-01 8.538460e-01 1.687965e+00 1.865184e+00 1.501962e+01 6.142875e+03 8.195085e+03 2.44754 6.004287e-01
6.920000e-01 8.538460e-01 1.689989e+00 1.867419e+00 1.503709e+01 6.147147e+03 8.183568e+03 2.45321 6.007961e-01
6.910000e-01 8.538460e-01 1.690021e+00 1.867495e+00 1.504516e+01 6.158135e+03 8.179711e+03 2.45536 6.023755e-01
6.900000e-01 8.538460e-01 1.692078e+00 1.869767e+00 1.506290e+01 6.162295e+03 8.168009e+03 2.4611 6.027226e-01
6.890000e-01 8.538460e-01 1.692087e+00 1.869817e+00 1.507096e+01 6.173254e+03 8.164163e+03 2.46321 6.043066e-01
6.880000e-01 8.538460e-01 1.694142e+00 1.872087e+00 1.508883e+01 6.177334e+03 8.152377e+03 2.46895 6.046457e-01
6.870000e-01 8.538460e-01 1.694139e+00 1.872123e+00 1.509692e+01 6.188233e+03 8.148507e+03 2.47104 6.062271e-01
6.860000e-01 8.538460e-01 1.696200e+00 1.874399e+00 1.511493e+01 6.192203e+03 8.136626e+03 2.47679 6.065525e-01
6.850000e-01 8.538460e-01 1.696179e+00 1.874416e+00 1.512304e+01 6.203022e+03 8.132739e+03 2.47884 6.081289e-01
6.840000e-01 8.538460e-01 1.698247e+00 1.876698e+00 1.514117e+01 6.206863e+03 8.120786e+03 2.48462 6.084403e-01
6.830000e-01 8.538460e-01 1.698214e+00 1.876702e+00 1.514932e+01 6.217621e+03 8.116879e+03 2.48664 6.100143e-01
6.820000e-01 8.538460e-01 1.700290e+00 1.878994e+00 1.516762e+01 6.221371e+03 8.104818e+03 2.49245 6.103150e-01
6.810000e-01 8.538460e-01 1.700247e+00 1.878988e+00 1.517582e+01 6.232083e+03 8.100885e+03 2.49446 6.118889e-01
6.800000e-01 8.538460e-01 1.702333e+00 1.881291e+00 1.519431e+01 6.235746e+03 8.088702e+03 2.5003 6.121785e-01
6.790000e-01 8.538460e-01 1.702279e+00 1.881273e+00 1.520256e+01 6.246407e+03 8.084744e+03 2.50228 6.137514e-01
6.780000e-01 8.538460e-01 1.704372e+00 1.883583e+00 1.522123e+01 6.249960e+03 8.072455e+03 2.50814 6.140278e-01
6.770000e-01 8.538460e-01 1.704305e+00 1.883550e+00 1.522952e+01 6.260561e+03 8.068475e+03 2.5101 6.155984e-01
6.760000e-01 8.538460e-01 1.706407e+00 1.885871e+00 1.524836e+01 6.264011e+03 8.056081e+03 2.51599 6.158626e-01
6.750000e-01 8.538460e-01 1.706328e+00 1.885827e+00 1.525670e+01 6.274562e+03 8.052077e+03 2.51793 6.174325e-01
6.740000e-01 8.538460e-01 1.708438e+00 1.888156e+00 1.527573e+01 6.277915e+03 8.039562e+03 2.52384 6.176845e-01
6.730000e-01 8.538460e-01 1.708347e+00 1.888098e+00 1.528411e+01 6.288409e+03 8.035534e+03 2.52576 6.192524e-01
6.720000e-01 8.538460e-01 1.710463e+00 1.890433e+00 1.530331e+01 6.291645e+03 8.022915e+03 2.53169 6.194900e-01
6.710000e-01 8.538460e-01 1.710354e+00 1.890356e+00 1.531172e+01 6.302066e+03 8.018866e+03 2.53356 6.210535e-01
6.700000e-01 8.538460e-01 1.712474e+00 1.892695e+00 1.533105e+01 6.305170e+03 8.006159e+03 2.5395 6.212754e-01
6.690000e-01 8.538460e-01 1.712347e+00 1.892597e+00 1.533948e+01 6.315520e+03 8.002087e+03 2.54132 6.228352e-01
6.680000e-01 8.538460e-01 1.714474e+00 1.894944e+00 1.535900e+01 6.318524e+03 7.989256e+03 2.54728 6.230437e-01
6.670000e-01 8.538460e-01 1.714334e+00 1.894833e+00 1.536749e+01 6.328832e+03 7.985151e+03 2.54908 6.246031e-01
6.660000e-01 8.538460e-01 1.716468e+00 1.897187e+00 1.538723e+01 6.331745e+03 7.972168e+03 2.55506 6.247978e-01
6.650000e-01 8.538460e-01 1.716314e+00 1.897060e+00 1.539578e+01 6.342007e+03 7.968030e+03 2.55682 6.263561e-01
6.640000e-01 8.538460e-01 1.718454e+00 1.899419e+00 1.541572e+01 6.344813e+03 7.954903e+03 2.5628 6.265353e-01
6.630000e-01 8.538460e-01 1.718282e+00 1.899273e+00 1.542430e+01 6.355014e+03 7.950734e+03 2.56453 6.280906e-01
6.620000e-01 8.538460e-01 1.720449e+00 1.901663e+00 1.544454e+01 6.357683e+03 7.937400e+03 2.57055 6.282446e-01
6.610000e-01 8.538460e-01 1.720250e+00 1.901487e+00 1.545312e+01 6.367851e+03 7.933237e+03 2.57222 6.298040e-01
6.600000e-01 8.538460e-01 1.722415e+00 1.903873e+00 1.547354e+01 6.370429e+03 7.919788e+03 2.57824 6.299473e-01
6.590000e-01 8.538460e-01 1.722200e+00 1.903681e+00 1.548217e+01 6.380542e+03 7.915598e+03 2.57988 6.315048e-01
6.580000e-01 8.538460e-01 1.724370e+00 1.906072e+00 1.550277e+01 6.382999e+03 7.902025e+03 2.58591 6.316320e-01
6.570000e-01 8.538460e-01 1.724134e+00 1.905856e+00 1.551142e+01 6.393041e+03 7.897811e+03 2.58749 6.331851e-01
6.560000e-01 8.538460e-01 1.726306e+00 1.908249e+00 1.553219e+01 6.395357e+03 7.884131e+03 2.59352 6.332942e-01
6.550000e-01 8.538460e-01 1.726050e+00 1.908009e+00 1.554087e+01 6.405329e+03 7.879892e+03 2.59504 6.348434e-01
6.540000e-01 8.538460e-01 1.728228e+00 1.910409e+00 1.556184e+01 6.407533e+03 7.866077e+03 2.60109 6.349371e-01
6.530000e-01 8.538460e-01 1.727955e+00 1.910152e+00 1.557058e+01 6.417460e+03 7.861803e+03 2.60257 6.364857e-01
6.520000e-01 8.538460e-01 1.730137e+00 1.912555e+00 1.559180e+01 6.419560e+03 7.847811e+03 2.60861 6.365626e-01
6.510000e-01 8.538460e-01 1.729847e+00 1.912280e+00 1.560060e+01 6.429442e+03 7.843499e+03 2.61006 6.381100e-01
6.500000e-01 8.538460e-01 1.732033e+00 1.914686e+00 1.562205e+01 6.431425e+03 7.829344e+03 2.6161 6.381688e-01
6.490000e-01 8.538460e-01 1.731721e+00 1.914387e+00 1.563089e+01 6.441246e+03 7.824999e+03 2.61748 6.397131e-01
6.480000e-01 8.538460e-01 1.733912e+00 1.916796e+00 1.565257e+01 6.443107e+03 7.810689e+03 2.62352 6.397536e-01
6.470000e-01 8.538460e-01 1.733582e+00 1.916478e+00 1.566146e+01 6.452880e+03 7.806308e+03 2.62486 6.412963e-01
6.460000e-01 8.538460e-01 1.735775e+00 1.918890e+00 1.568339e+01 6.454629e+03 7.791819e+03 2.63089 6.413187e-01
6.450000e-01 8.538460e-01 1.735424e+00 1.918550e+00 1.569233e+01 6.464346e+03 7.787404e+03 2.63218 6.428587e-01
6.440000e-01 8.538460e-01 1.737622e+00 1.920965e+00 1.571448e+01 6.465959e+03 7.772770e+03 2.6382 6.428622e-01
6.430000e-01 8.538460e-01 1.737249e+00 1.920600e+00 1.572345e+01 6.475604e+03 7.768331e+03 2.63943 6.443982e-01
6.420000e-01 8.538460e-01 1.739469e+00 1.923041e+00 1.574589e+01 6.477035e+03 7.753516e+03 2.64549 6.443728e-01
6.410000e-01 8.538460e-01 1.739063e+00 1.922639e+00 1.575485e+01 6.486623e+03 7.749091e+03 2.64665 6.459104e-01
6.400000e-01 8.538460e-01 1.741280e+00 1.925077e+00 1.577747e+01 6.487936e+03 7.734178e+03 2.65271 6.458730e-01
6.390000e-01 8.538460e-01 1.740856e+00 1.924656e+00 1.578649e+01 6.497477e+03 7.729722e+03 2.65383 6.474107e-01
6.380000e-01 8.538460e-01 1.743077e+00 1.927098e+00 1.580940e+01 6.498663e+03 7.714638e+03 2.6599 6.473557e-01
6.370000e-01 8.538460e-01 1.742635e+00 1.926658e+00 1.581847e+01 6.508154e+03 7.710151e+03 2.66097 6.488926e-01
6.360000e-01 8.538460e-01 1.744859e+00 1.929102e+00 1.584164e+01 6.509199e+03 7.694907e+03 2.66703 6.488180e-01
6.350000e-01 8.538460e-01 1.744394e+00 1.928637e+00 1.585076e+01 6.518628e+03 7.690390e+03 2.66805 6.503521e-01
6.340000e-01 8.538460e-01 1.746619e+00 1.931083e+00 1.587418e+01 6.519538e+03 7.674982e+03 2.6741 6.502575e-01
6.330000e-01 8.538460e-01 1.746133e+00 1.930595e+00 1.588336e+01 6.528917e+03 7.670428e+03 2.67506 6.517904e-01
6.320000e-01 8.538460e-01 1.748360e+00 1.933041e+00 1.590707e+01 6.529694e+03 7.654828e+03 2.6811 6.516747e-01
6.310000e-01 8.538460e-01 1.749236e+00 1.934027e+00 1.592372e+01 6.534673e+03 7.644602e+03 2.68458 6.523659e-01
6.300000e-01 8.538460e-01 1.748705e+00 1.933491e+00 1.593293e+01 6.543968e+03 7.640027e+03 2.68543 6.538968e-01
6.290000e-01 8.538460e-01 1.750923e+00 1.935924e+00 1.595694e+01 6.544528e+03 7.624226e+03 2.69141 6.537506e-01
6.280000e-01 8.538460e-01 1.751776e+00 1.936883e+00 1.597379e+01 6.549331e+03 7.613860e+03 2.69482 6.544200e-01
6.270000e-01 8.538460e-01 1.752609e+00 1.937819e+00 1.599063e+01 6.554109e+03 7.603505e+03 2.69818 6.550909e-01
6.260000e-01 8.538460e-01 1.753435e+00 1.938748e+00 1.600757e+01 6.558842e+03 7.593087e+03 2.70152 6.557562e-01
6.250000e-01 8.538460e-01 1.754256e+00 1.939671e+00 1.602461e+01 6.563530e+03 7.582603e+03 2.70483 6.564157e-01
6.240000e-01 8.538460e-01 1.755070e+00 1.940586e+00 1.604175e+01 6.568168e+03 7.572054e+03 2.70812 6.570686e-01
6.230000e-01 8.538460e-01 1.755877e+00 1.941494e+00 1.605897e+01 6.572755e+03 7.561446e+03 2.71138 6.577146e-01
6.220000e-01 8.538460e-01 1.756676e+00 1.942391e+00 1.607628e+01 6.577285e+03 7.550779e+03 2.71462 6.583531e-01
6.210000e-01 8.538460e-01 1.757467e+00 1.943280e+00 1.609367e+01 6.581765e+03 7.540049e+03 2.71782 6.589843e-01
6.200000e-01 8.538460e-01 1.758251e+00 1.944161e+00 1.611117e+01 6.586196e+03 7.529246e+03 2.72098 6.596086e-01
6.190000e-01 8.538460e-01 1.759027e+00 1.945033e+00 1.612877e+01 6.590576e+03 7.518376e+03 2.72412 6.602257e-01
6.180000e-01 8.538460e-01 1.759795e+00 1.945896e+00 1.614646e+01 6.594902e+03 7.507444e+03 2.72723 6.608352e-01
6.170000e-01 8.538460e-01 1.760554e+00 1.946748e+00 1.616423e+01 6.599168e+03 7.496454e+03 2.7303 6.614368e-01
6.160000e-01 8.538460e-01 1.761305e+00 1.947592e+00 1.618207e+01 6.603369e+03 7.485424e+03 2.73334 6.620309e-01
6.150000e-01 8.538460e-01 1.762047e+00 1.948425e+00 1.619998e+01 6.607504e+03 7.474351e+03 2.73636 6.626177e-01
6.140000e-01 8.538460e-01 1.762783e+00 1.949252e+00 1.621798e+01 6.611579e+03 7.463235e+03 2.73936 6.631981e-01
6.130000e-01 8.538460e-01 1.763530e+00 1.950093e+00 1.623619e+01 6.615567e+03 7.451981e+03 2.74236 6.637629e-01
6.120000e-01 8.538460e-01 1.764256e+00 1.950909e+00 1.625441e+01 6.619532e+03 7.440744e+03 2.74533 6.643318e-01
6.110000e-01 8.538460e-01 1.764975e+00 1.951718e+00 1.627273e+01 6.623443e+03 7.429448e+03 2.74826 6.648946e-01
6.100000e-01 8.538460e-01 1.765684e+00 1.952516e+00 1.629116e+01 6.627297e+03 7.418088e+03 2.75117 6.654498e-01
6.090000e-01 8.538460e-01 1.766386e+00 1.953306e+00 1.630968e+01 6.631088e+03 7.406671e+03 2.75405 6.659976e-01
6.080000e-01 8.538460e-01 1.767078e+00 1.954085e+00 1.632830e+01 6.634822e+03 7.395191e+03 2.75689 6.665374e-01
6.070000e-01 8.538460e-01 1.767760e+00 1.954852e+00 1.634704e+01 6.638499e+03 7.383632e+03 2.75969 6.670685e-01
6.060000e-01 8.538460e-01 1.768431e+00 1.955607e+00 1.636589e+01 6.642119e+03 7.371992e+03 2.76244 6.675911e-01
6.050000e-01 8.538460e-01 1.769093e+00 1.956352e+00 1.638485e+01 6.645681e+03 7.360279e+03 2.76515 6.681049e-01
6.040000e-01 8.538460e-01 1.769743e+00 1.957083e+00 1.640391e+01 6.649177e+03 7.348500e+03 2.76782 6.686096e-01
6.030000e-01 8.538460e-01 1.770382e+00 1.957802e+00 1.642305e+01 6.652606e+03 7.336669e+03 2.77044 6.691052e-01
6.020000e-01 8.538460e-01 1.771011e+00 1.958508e+00 1.644228e+01 6.655965e+03 7.324787e+03 2.77303 6.695919e-01
6.010000e-01 8.538460e-01 1.771626e+00 1.959200e+00 1.646160e+01 6.659257e+03 7.312841e+03 2.77556 6.700693e-01
6.000000e-01 8.538460e-01 1.772232e+00 1.959880e+00 1.648104e+01 6.662493e+03 7.300810e+03 2.77805 6.705379e-01
5.990000e-01 8.538460e-01 1.772825e+00 1.960547e+00 1.650062e+01 6.665671e+03 7.288688e+03 2.78049 6.709971e-01
5.980000e-01 8.538460e-01 1.773422e+00 1.961217e+00 1.652045e+01 6.668753e+03 7.276394e+03 2.78289 6.714357e-01
5.970000e-01 8.538460e-01 1.773992e+00 1.961856e+00 1.654029e+01 6.671805e+03 7.264093e+03 2.78523 6.718742e-01
5.960000e-01 8.538460e-01 1.774549e+00 1.962482e+00 1.656024e+01 6.674791e+03 7.251724e+03 2.78751 6.723035e-01
5.950000e-01 8.538460e-01 1.775096e+00 1.963096e+00 1.658030e+01 6.677707e+03 7.239293e+03 2.78976 6.727244e-01
5.940000e-01 8.538460e-01 1.775635e+00 1.963702e+00 1.660048e+01 6.680559e+03 7.226803e+03 2.79198 6.731380e-01
5.930000e-01 8.538460e-01 1.776167e+00 1.964301e+00 1.662079e+01 6.683345e+03 7.214252e+03 2.79417 6.735448e-01
5.920000e-01 8.538460e-01 1.776691e+00 1.964890e+00 1.664123e+01 6.686062e+03 7.201646e+03 2.79634 6.739444e-01
5.910000e-01 8.538460e-01 1.777204e+00 1.965468e+00 1.666176e+01 6.688708e+03 7.188986e+03 2.79847 6.743352e-01
5.900000e-01 8.538460e-01 1.777703e+00 1.966031e+00 1.668239e+01 6.691279e+03 7.176266e+03 2.80055 6.747158e-01
5.890000e-01 8.538460e-01 1.778188e+00 1.966576e+00 1.670312e+01 6.693774e+03 7.163484e+03 2.80256 6.750856e-01
5.880000e-01 8.538460e-01 1.778657e+00 1.967103e+00 1.672397e+01 6.696198e+03 7.150625e+03 2.80452 6.754440e-01
5.870000e-01 8.538460e-01 1.779112e+00 1.967615e+00 1.674497e+01 6.698555e+03 7.137670e+03 2.80641 6.757920e-01
5.860000e-01 8.538460e-01 1.779554e+00 1.968113e+00 1.676611e+01 6.700844e+03 7.124622e+03 2.80825 6.761295e-01
5.850000e-01 8.538460e-01 1.779998e+00 1.968611e+00 1.678752e+01 6.703026e+03 7.111404e+03 2.81005 6.764459e-01
5.840000e-01 8.538460e-01 1.780413e+00 1.969078e+00 1.680897e+01 6.705171e+03 7.098178e+03 2.81177 6.767614e-01
5.830000e-01 8.538460e-01 1.780813e+00 1.969528e+00 1.683053e+01 6.707243e+03 7.084873e+03 2.81343 6.770655e-01
5.820000e-01 8.538460e-01 1.781196e+00 1.969957e+00 1.685224e+01 6.709241e+03 7.071475e+03 2.81501 6.773569e-01
5.810000e-01 8.538460e-01 1.781560e+00 1.970365e+00 1.687410e+01 6.711166e+03 7.057967e+03 2.81651 6.776349e-01
5.800000e-01 8.538460e-01 1.781910e+00 1.970758e+00 1.689612e+01 6.713017e+03 7.044368e+03 2.81795 6.779014e-01
5.790000e-01 8.538460e-01 1.782248e+00 1.971137e+00 1.691829e+01 6.714792e+03 7.030695e+03 2.81934 6.781578e-01
5.780000e-01 8.538460e-01 1.782575e+00 1.971504e+00 1.694057e+01 6.716487e+03 7.016972e+03 2.82069 6.784051e-01
5.770000e-01 8.538460e-01 1.782894e+00 1.971863e+00 1.696294e+01 6.718099e+03 7.003225e+03 2.82202 6.786455e-01
5.760000e-01 8.538460e-01 1.783201e+00 1.972210e+00 1.698542e+01 6.719630e+03 6.989445e+03 2.82332 6.788776e-01
5.750000e-01 8.538460e-01 1.783494e+00 1.972540e+00 1.700803e+01 6.721083e+03 6.975591e+03 2.82455 6.790989e-01
5.740000e-01 8.538460e-01 1.783781e+00 1.972864e+00 1.703094e+01 6.722421e+03 6.961547e+03 2.82573 6.792971e-01
5.730000e-01 8.538460e-01 1.784038e+00 1.973153e+00 1.705392e+01 6.723717e+03 6.947467e+03 2.8268 6.794916e-01
5.720000e-01 8.538460e-01 1.784278e+00 1.973424e+00 1.707706e+01 6.724935e+03 6.933291e+03 2.82781 6.796736e-01
5.710000e-01 8.538460e-01 1.784502e+00 1.973674e+00 1.710037e+01 6.726070e+03 6.919025e+03 2.82874 6.798428e-01
5.700000e-01 8.538460e-01 1.784708e+00 1.973907e+00 1.712382e+01 6.727121e+03 6.904680e+03 2.82961 6.799996e-01
5.690000e-01 8.538460e-01 1.784896e+00 1.974118e+00 1.714743e+01 6.728090e+03 6.890239e+03 2.83039 6.801427e-01
5.680000e-01 8.538460e-01 1.785062e+00 1.974304e+00 1.717123e+01 6.728976e+03 6.875675e+03 2.83108 6.802703e-01
5.670000e-01 8.538460e-01 1.785207e+00 1.974466e+00 1.719522e+01 6.729777e+03 6.860995e+03 2.83167 6.803819e-01
5.660000e-01 8.538460e-01 1.785336e+00 1.974610e+00 1.721937e+01 6.730491e+03 6.846235e+03 2.83219 6.804807e-01
5.650000e-01 8.538460e-01 1.785453e+00 1.974740e+00 1.724364e+01 6.731118e+03 6.831427e+03 2.83266 6.805696e-01
5.640000e-01 8.538460e-01 1.785562e+00 1.974863e+00 1.726802e+01 6.731656e+03 6.816605e+03 2.83312 6.806517e-01
5.630000e-01 8.538460e-01 1.785660e+00 1.974974e+00 1.729252e+01 6.732109e+03 6.801751e+03 2.83355 6.807259e-01
5.620000e-01 8.538460e-01 1.785753e+00 1.975080e+00 1.731732e+01 6.732439e+03 6.786728e+03 2.83392 6.807775e-01
5.610000e-01 8.538460e-01 1.785812e+00 1.975147e+00 1.734222e+01 6.732718e+03 6.771657e+03 2.83419 6.808235e-01
5.600000e-01 8.538460e-01 1.785851e+00 1.975191e+00 1.736731e+01 6.732908e+03 6.756475e+03 2.83436 6.808546e-01
5.590000e-01 8.538460e-01 1.785870e+00 1.975213e+00 1.739260e+01 6.733007e+03 6.741189e+03 2.83444 6.808708e-01
5.580000e-01 8.538460e-01 1.785870e+00 1.975213e+00 1.741806e+01 6.733014e+03 6.725820e+03 2.83445 6.808731e-01
5.584993e-01 8.538460e-01 1.786010e+00 1.975370e+00 1.740669e+01 6.732552e+03 6.732589e+03 2.83459 6.807514e-01
