1.000000e+00 9.357860e-01 1.519068e+00 1.687057e+00 1.232961e+01 0.000000e+00 1.037659e+04 0 0.000000e+00
9.990000e-01 9.357860e-01 1.533394e+00 1.705933e+00 1.236860e+01 3.824565e+02 1.034346e+04 1.69205 3.131667e-02
9.980000e-01 9.357860e-01 1.533913e+00 1.706508e+00 1.237367e+01 5.445623e+02 1.033061e+04 1.69474 4.463100e-02
9.970000e-01 9.357860e-01 1.534610e+00 1.707292e+00 1.237919e+01 6.703032e+02 1.031985e+04 1.69755 5.497747e-02
9.960000e-01 9.357860e-01 1.535321e+00 1.708096e+00 1.238473e+01 7.765393e+02 1.031037e+04 1.70003 6.372496e-02
9.950000e-01 9.357860e-01 1.536039e+00 1.708911e+00 1.239027e+01 8.700946e+02 1.030174e+04 1.7024 7.143487e-02
9.940000e-01 9.357860e-01 1.536761e+00 1.709731e+00 1.239581e+01 9.544807e+02 1.029372e+04 1.70471 7.839557e-02
9.930000e-01 9.357860e-01 1.537484e+00 1.710552e+00 1.240136e+01 1.031819e+03 1.028616e+04 1.70699 8.478123e-02
9.920000e-01 9.357860e-01 1.538206e+00 1.711373e+00 1.240690e+01 1.103560e+03 1.027896e+04 1.70925 9.071089e-02
9.910000e-01 9.357860e-01 1.538922e+00 1.712186e+00 1.241244e+01 1.170487e+03 1.027207e+04 1.71149 9.624851e-02
9.900000e-01 9.357860e-01 1.539630e+00 1.712987e+00 1.241797e+01 1.233209e+03 1.026545e+04 1.7137 1.014442e-01
9.890000e-01 9.357860e-01 1.540326e+00 1.713771e+00 1.242349e+01 1.292278e+03 1.025906e+04 1.7159 1.063435e-01
9.880000e-01 9.357860e-01 1.541013e+00 1.714543e+00 1.242902e+01 1.348409e+03 1.025284e+04 1.7181 1.110053e-01
9.870000e-01 9.357860e-01 1.541700e+00 1.715313e+00 1.243457e+01 1.402371e+03 1.024674e+04 1.7203 1.154924e-01
9.860000e-01 9.357860e-01 1.542393e+00 1.716089e+00 1.244016e+01 1.454632e+03 1.024074e+04 1.72251 1.198428e-01
9.850000e-01 9.357860e-01 1.543093e+00 1.716876e+00 1.244579e+01 1.505400e+03 1.023482e+04 1.72473 1.240729e-01
9.840000e-01 9.357860e-01 1.543802e+00 1.717673e+00 1.245146e+01 1.554809e+03 1.022897e+04 1.72697 1.281934e-01
9.830000e-01 9.357860e-01 1.544519e+00 1.718481e+00 1.245714e+01 1.602905e+03 1.022320e+04 1.72922 1.322080e-01
9.820000e-01 9.357860e-01 1.545241e+00 1.719295e+00 1.246284e+01 1.649720e+03 1.021751e+04 1.73147 1.361190e-01
9.810000e-01 9.357860e-01 1.545967e+00 1.720115e+00 1.246854e+01 1.695243e+03 1.021190e+04 1.73372 1.399257e-01
9.800000e-01 9.357860e-01 1.546692e+00 1.720934e+00 1.247424e+01 1.739459e+03 1.020638e+04 1.73597 1.436269e-01
9.790000e-01 9.357860e-01 1.547416e+00 1.721751e+00 1.247994e+01 1.782419e+03 1.020093e+04 1.73822 1.472270e-01
9.780000e-01 9.357860e-01 1.548138e+00 1.722565e+00 1.248565e+01 1.824258e+03 1.019555e+04 1.74047 1.507373e-01
9.770000e-01 9.357860e-01 1.548863e+00 1.723383e+00 1.249137e+01 1.865216e+03 1.019022e+04 1.74273 1.541776e-01
9.760000e-01 9.357860e-01 1.549592e+00 1.724206e+00 1.249712e+01 1.905395e+03 1.018493e+04 1.74501 1.575557e-01
9.750000e-01 9.357860e-01 1.550326e+00 1.725035e+00 1.250288e+01 1.944829e+03 1.017967e+04 1.74729 1.608745e-01
9.740000e-01 9.357860e-01 1.551063e+00 1.725868e+00 1.250867e+01 1.983528e+03 1.017446e+04 1.74958 1.641345e-01
9.730000e-01 9.357860e-01 1.551803e+00 1.726705e+00 1.251446e+01 2.021490e+03 1.016928e+04 1.75187 1.673357e-01
9.720000e-01 9.357860e-01 1.552545e+00 1.727544e+00 1.252026e+01 2.058717e+03 1.016415e+04 1.75418 1.704781e-01
9.710000e-01 9.357860e-01 1.553286e+00 1.728382e+00 1.252606e+01 2.095185e+03 1.015906e+04 1.75648 1.735599e-01
9.700000e-01 9.357860e-01 1.554024e+00 1.729217e+00 1.253185e+01 2.130849e+03 1.015402e+04 1.75878 1.765773e-01
9.690000e-01 9.357860e-01 1.554758e+00 1.730045e+00 1.253764e+01 2.165705e+03 1.014904e+04 1.76107 1.795302e-01
9.680000e-01 9.357860e-01 1.555487e+00 1.730867e+00 1.254342e+01 2.199838e+03 1.014409e+04 1.76336 1.824258e-01
9.670000e-01 9.357860e-01 1.556216e+00 1.731688e+00 1.254922e+01 2.233425e+03 1.013917e+04 1.76566 1.852788e-01
9.660000e-01 9.357860e-01 1.556948e+00 1.732511e+00 1.255504e+01 2.266586e+03 1.013426e+04 1.76797 1.880987e-01
9.650000e-01 9.357860e-01 1.557713e+00 1.733376e+00 1.256099e+01 2.299256e+03 1.012931e+04 1.77037 1.908816e-01
9.640000e-01 9.357860e-01 1.558455e+00 1.734212e+00 1.256687e+01 2.331685e+03 1.012442e+04 1.77271 1.936445e-01
9.630000e-01 9.357860e-01 1.559201e+00 1.735054e+00 1.257277e+01 2.363758e+03 1.011954e+04 1.77505 1.963796e-01
9.620000e-01 9.357860e-01 1.559952e+00 1.735900e+00 1.257869e+01 2.395456e+03 1.011468e+04 1.7774 1.990852e-01
9.610000e-01 9.357860e-01 1.560705e+00 1.736751e+00 1.258463e+01 2.426747e+03 1.010984e+04 1.77976 2.017587e-01
9.600000e-01 9.357860e-01 1.561458e+00 1.737602e+00 1.259057e+01 2.457595e+03 1.010502e+04 1.78212 2.043972e-01
9.590000e-01 9.357860e-01 1.562212e+00 1.738452e+00 1.259651e+01 2.487991e+03 1.010023e+04 1.78449 2.070000e-01
9.580000e-01 9.357860e-01 1.562965e+00 1.739303e+00 1.260247e+01 2.517974e+03 1.009545e+04 1.78686 2.095705e-01
9.570000e-01 9.357860e-01 1.563721e+00 1.740156e+00 1.260844e+01 2.547639e+03 1.009068e+04 1.78924 2.121165e-01
9.560000e-01 9.357860e-01 1.564481e+00 1.741014e+00 1.261443e+01 2.577011e+03 1.008591e+04 1.79163 2.146398e-01
9.550000e-01 9.357860e-01 1.565244e+00 1.741876e+00 1.262044e+01 2.606088e+03 1.008115e+04 1.79402 2.171402e-01
9.540000e-01 9.357860e-01 1.566009e+00 1.742741e+00 1.262647e+01 2.634856e+03 1.007641e+04 1.79643 2.196166e-01
9.530000e-01 9.357860e-01 1.566777e+00 1.743609e+00 1.263251e+01 2.663301e+03 1.007167e+04 1.79884 2.220675e-01
9.520000e-01 9.357860e-01 1.567546e+00 1.744478e+00 1.263855e+01 2.691410e+03 1.006696e+04 1.80125 2.244921e-01
9.510000e-01 9.357860e-01 1.568314e+00 1.745346e+00 1.264460e+01 2.719155e+03 1.006226e+04 1.80367 2.268881e-01
9.500000e-01 9.357860e-01 1.569080e+00 1.746212e+00 1.265064e+01 2.746504e+03 1.005759e+04 1.80608 2.292529e-01
9.490000e-01 9.357860e-01 1.569844e+00 1.747073e+00 1.265668e+01 2.773459e+03 1.005294e+04 1.8085 2.315868e-01
9.480000e-01 9.357860e-01 1.570605e+00 1.747932e+00 1.266272e+01 2.800075e+03 1.004830e+04 1.81091 2.338946e-01
9.470000e-01 9.357860e-01 1.571368e+00 1.748793e+00 1.266878e+01 2.826453e+03 1.004367e+04 1.81334 2.361844e-01
9.460000e-01 9.357860e-01 1.572135e+00 1.749656e+00 1.267487e+01 2.852638e+03 1.003903e+04 1.81577 2.384600e-01
9.450000e-01 9.357860e-01 1.572905e+00 1.750525e+00 1.268099e+01 2.878649e+03 1.003439e+04 1.81822 2.407227e-01
9.440000e-01 9.357860e-01 1.573680e+00 1.751399e+00 1.268713e+01 2.904486e+03 1.002975e+04 1.82068 2.429723e-01
9.430000e-01 9.357860e-01 1.574458e+00 1.752278e+00 1.269329e+01 2.930130e+03 1.002510e+04 1.82314 2.452073e-01
9.420000e-01 9.357860e-01 1.575239e+00 1.753160e+00 1.269947e+01 2.955564e+03 1.002047e+04 1.82562 2.474260e-01
9.410000e-01 9.357860e-01 1.576021e+00 1.754044e+00 1.270565e+01 2.980758e+03 1.001584e+04 1.8281 2.496261e-01
9.400000e-01 9.357860e-01 1.576804e+00 1.754928e+00 1.271184e+01 3.005697e+03 1.001122e+04 1.83059 2.518065e-01
9.390000e-01 9.357860e-01 1.577587e+00 1.755812e+00 1.271804e+01 3.030383e+03 1.000661e+04 1.83307 2.539672e-01
9.380000e-01 9.357860e-01 1.578372e+00 1.756698e+00 1.272426e+01 3.054868e+03 1.000201e+04 1.83557 2.561129e-01
9.370000e-01 9.357860e-01 1.579160e+00 1.757587e+00 1.273049e+01 3.079193e+03 9.997402e+03 1.83807 2.582467e-01
9.360000e-01 9.357860e-01 1.579951e+00 1.758481e+00 1.273675e+01 3.103362e+03 9.992792e+03 1.84059 2.603689e-01
9.350000e-01 9.357860e-01 1.580745e+00 1.759378e+00 1.274303e+01 3.127365e+03 9.988181e+03 1.84311 2.624786e-01
9.340000e-01 9.357860e-01 1.581542e+00 1.760278e+00 1.274932e+01 3.151185e+03 9.983573e+03 1.84564 2.645744e-01
9.330000e-01 9.357860e-01 1.582339e+00 1.761180e+00 1.275562e+01 3.174802e+03 9.978969e+03 1.84818 2.666545e-01
9.320000e-01 9.357860e-01 1.583138e+00 1.762082e+00 1.276193e+01 3.198197e+03 9.974374e+03 1.85072 2.687175e-01
9.310000e-01 9.357860e-01 1.583935e+00 1.762983e+00 1.276823e+01 3.221341e+03 9.969792e+03 1.85326 2.707608e-01
9.300000e-01 9.357860e-01 1.584730e+00 1.763880e+00 1.277454e+01 3.244225e+03 9.965223e+03 1.8558 2.727840e-01
9.290000e-01 9.357860e-01 1.585523e+00 1.764775e+00 1.278084e+01 3.266870e+03 9.960664e+03 1.85834 2.747889e-01
9.280000e-01 9.357860e-01 1.586317e+00 1.765671e+00 1.278716e+01 3.289348e+03 9.956106e+03 1.86089 2.767815e-01
9.270000e-01 9.357860e-01 1.587113e+00 1.766569e+00 1.279351e+01 3.311701e+03 9.951541e+03 1.86344 2.787653e-01
9.260000e-01 9.357860e-01 1.587914e+00 1.767472e+00 1.279988e+01 3.333949e+03 9.946967e+03 1.86601 2.807417e-01
9.250000e-01 9.357860e-01 1.588718e+00 1.768380e+00 1.280627e+01 3.356094e+03 9.942386e+03 1.86859 2.827109e-01
9.240000e-01 9.357860e-01 1.589526e+00 1.769292e+00 1.281269e+01 3.378122e+03 9.937799e+03 1.87118 2.846715e-01
9.230000e-01 9.357860e-01 1.590337e+00 1.770208e+00 1.281913e+01 3.400015e+03 9.933211e+03 1.87378 2.866219e-01
9.220000e-01 9.357860e-01 1.591149e+00 1.771125e+00 1.282558e+01 3.421751e+03 9.928626e+03 1.87639 2.885605e-01
9.210000e-01 9.357860e-01 1.591962e+00 1.772044e+00 1.283203e+01 3.443311e+03 9.924046e+03 1.879 2.904855e-01
9.200000e-01 9.357860e-01 1.592775e+00 1.772962e+00 1.283849e+01 3.464695e+03 9.919472e+03 1.88161 2.923971e-01
9.190000e-01 9.357860e-01 1.593590e+00 1.773881e+00 1.284497e+01 3.485935e+03 9.914898e+03 1.88423 2.942981e-01
9.180000e-01 9.357860e-01 1.594407e+00 1.774804e+00 1.285146e+01 3.507065e+03 9.910318e+03 1.88686 2.961912e-01
9.170000e-01 9.357860e-01 1.595227e+00 1.775731e+00 1.285798e+01 3.528094e+03 9.905733e+03 1.8895 2.980771e-01
9.160000e-01 9.357860e-01 1.596050e+00 1.776661e+00 1.286452e+01 3.549015e+03 9.901142e+03 1.89215 2.999552e-01
9.150000e-01 9.357860e-01 1.596876e+00 1.777594e+00 1.287108e+01 3.569815e+03 9.896548e+03 1.8948 3.018243e-01
9.140000e-01 9.357860e-01 1.597703e+00 1.778529e+00 1.287765e+01 3.590474e+03 9.891954e+03 1.89746 3.036829e-01
9.130000e-01 9.357860e-01 1.598531e+00 1.779465e+00 1.288422e+01 3.610978e+03 9.887363e+03 1.90013 3.055296e-01
9.120000e-01 9.357860e-01 1.599358e+00 1.780399e+00 1.289080e+01 3.631302e+03 9.882778e+03 1.9028 3.073625e-01
9.110000e-01 9.357860e-01 1.600184e+00 1.781331e+00 1.289738e+01 3.651442e+03 9.878201e+03 1.90547 3.091813e-01
9.100000e-01 9.357860e-01 1.601008e+00 1.782262e+00 1.290397e+01 3.671416e+03 9.873627e+03 1.90814 3.109876e-01
9.090000e-01 9.357860e-01 1.601834e+00 1.783193e+00 1.291057e+01 3.691278e+03 9.869048e+03 1.91081 3.127861e-01
9.080000e-01 9.357860e-01 1.602663e+00 1.784128e+00 1.291719e+01 3.711056e+03 9.864459e+03 1.9135 3.145790e-01
9.070000e-01 9.357860e-01 1.603495e+00 1.785068e+00 1.292385e+01 3.730765e+03 9.859858e+03 1.9162 3.163675e-01
9.060000e-01 9.357860e-01 1.604331e+00 1.786012e+00 1.293053e+01 3.750407e+03 9.855245e+03 1.91892 3.181515e-01
9.050000e-01 9.357860e-01 1.605171e+00 1.786960e+00 1.293724e+01 3.769968e+03 9.850622e+03 1.92164 3.199299e-01
9.040000e-01 9.357860e-01 1.606013e+00 1.787911e+00 1.294396e+01 3.789428e+03 9.845995e+03 1.92437 3.217009e-01
9.030000e-01 9.357860e-01 1.606857e+00 1.788864e+00 1.295069e+01 3.808770e+03 9.841366e+03 1.92711 3.234629e-01
9.020000e-01 9.357860e-01 1.607701e+00 1.789817e+00 1.295744e+01 3.827979e+03 9.836738e+03 1.92985 3.252150e-01
9.010000e-01 9.357860e-01 1.608546e+00 1.790771e+00 1.296419e+01 3.847058e+03 9.832110e+03 1.9326 3.269573e-01
9.000000e-01 9.357860e-01 1.609392e+00 1.791727e+00 1.297096e+01 3.866038e+03 9.827477e+03 1.93535 3.286926e-01
8.990000e-01 9.357860e-01 1.610241e+00 1.792686e+00 1.297775e+01 3.884937e+03 9.822837e+03 1.93812 3.304222e-01
8.980000e-01 9.357860e-01 1.611093e+00 1.793648e+00 1.298456e+01 3.903760e+03 9.818188e+03 1.94089 3.321466e-01
8.970000e-01 9.357860e-01 1.611948e+00 1.794614e+00 1.299139e+01 3.922496e+03 9.813533e+03 1.94367 3.338648e-01
8.960000e-01 9.357860e-01 1.612805e+00 1.795582e+00 1.299824e+01 3.941134e+03 9.808873e+03 1.94646 3.355758e-01
8.950000e-01 9.357860e-01 1.613662e+00 1.796551e+00 1.300509e+01 3.959654e+03 9.804212e+03 1.94926 3.372779e-01
8.940000e-01 9.357860e-01 1.614520e+00 1.797520e+00 1.301195e+01 3.978040e+03 9.799554e+03 1.95205 3.389699e-01
8.930000e-01 9.357860e-01 1.615376e+00 1.798487e+00 1.301882e+01 3.996281e+03 9.794900e+03 1.95485 3.406508e-01
8.920000e-01 9.357860e-01 1.616232e+00 1.799453e+00 1.302569e+01 4.014381e+03 9.790249e+03 1.95765 3.423211e-01
8.910000e-01 9.357860e-01 1.617088e+00 1.800419e+00 1.303256e+01 4.032368e+03 9.785596e+03 1.96046 3.439833e-01
8.900000e-01 9.357860e-01 1.617945e+00 1.801386e+00 1.303946e+01 4.050283e+03 9.780933e+03 1.96327 3.456408e-01
8.890000e-01 9.357860e-01 1.618806e+00 1.802358e+00 1.304639e+01 4.068140e+03 9.776258e+03 1.9661 3.472947e-01
8.880000e-01 9.357860e-01 1.619671e+00 1.803334e+00 1.305335e+01 4.085948e+03 9.771569e+03 1.96893 3.489457e-01
8.870000e-01 9.357860e-01 1.620539e+00 1.804315e+00 1.306033e+01 4.103703e+03 9.766866e+03 1.97179 3.505934e-01
8.860000e-01 9.357860e-01 1.621411e+00 1.805299e+00 1.306734e+01 4.121390e+03 9.762154e+03 1.97465 3.522364e-01
8.850000e-01 9.357860e-01 1.622284e+00 1.806286e+00 1.307436e+01 4.138992e+03 9.757436e+03 1.97751 3.538732e-01
8.840000e-01 9.357860e-01 1.623158e+00 1.807273e+00 1.308139e+01 4.156490e+03 9.752715e+03 1.98039 3.555022e-01
8.830000e-01 9.357860e-01 1.624033e+00 1.808261e+00 1.308843e+01 4.173885e+03 9.747992e+03 1.98327 3.571237e-01
8.820000e-01 9.357860e-01 1.624910e+00 1.809251e+00 1.309549e+01 4.191191e+03 9.743264e+03 1.98615 3.587387e-01
8.810000e-01 9.357860e-01 1.625788e+00 1.810243e+00 1.310257e+01 4.208434e+03 9.738527e+03 1.98904 3.603496e-01
8.800000e-01 9.357860e-01 1.626670e+00 1.811239e+00 1.310967e+01 4.225612e+03 9.733779e+03 1.99195 3.619561e-01
8.790000e-01 9.357860e-01 1.627554e+00 1.812238e+00 1.311679e+01 4.242726e+03 9.729022e+03 1.99486 3.635582e-01
8.780000e-01 9.357860e-01 1.628441e+00 1.813240e+00 1.312393e+01 4.259765e+03 9.724258e+03 1.99778 3.651550e-01
8.770000e-01 9.357860e-01 1.629328e+00 1.814243e+00 1.313109e+01 4.276711e+03 9.719489e+03 2.00071 3.667450e-01
8.760000e-01 9.357860e-01 1.630216e+00 1.815246e+00 1.313825e+01 4.293554e+03 9.714720e+03 2.00364 3.683272e-01
8.750000e-01 9.357860e-01 1.631103e+00 1.816248e+00 1.314542e+01 4.310277e+03 9.709951e+03 2.00658 3.699004e-01
8.740000e-01 9.357860e-01 1.631990e+00 1.817249e+00 1.315258e+01 4.326882e+03 9.705184e+03 2.00951 3.714648e-01
8.730000e-01 9.357860e-01 1.632876e+00 1.818249e+00 1.315976e+01 4.343388e+03 9.700415e+03 2.01245 3.730220e-01
8.720000e-01 9.357860e-01 1.633764e+00 1.819252e+00 1.316697e+01 4.359834e+03 9.695635e+03 2.0154 3.745754e-01
8.710000e-01 9.357860e-01 1.634655e+00 1.820258e+00 1.317420e+01 4.376229e+03 9.690841e+03 2.01836 3.761258e-01
8.700000e-01 9.357860e-01 1.635550e+00 1.821268e+00 1.318145e+01 4.392587e+03 9.686032e+03 2.02133 3.776743e-01
8.690000e-01 9.357860e-01 1.636448e+00 1.822282e+00 1.318874e+01 4.408900e+03 9.681209e+03 2.02432 3.792200e-01
8.680000e-01 9.357860e-01 1.637350e+00 1.823301e+00 1.319605e+01 4.425163e+03 9.676374e+03 2.02731 3.807625e-01
8.670000e-01 9.357860e-01 1.638254e+00 1.824321e+00 1.320338e+01 4.441355e+03 9.671530e+03 2.03032 3.822999e-01
8.660000e-01 9.357860e-01 1.639158e+00 1.825343e+00 1.321072e+01 4.457463e+03 9.666682e+03 2.03333 3.838312e-01
8.650000e-01 9.357860e-01 1.640064e+00 1.826366e+00 1.321808e+01 4.473485e+03 9.661830e+03 2.03634 3.853562e-01
8.640000e-01 9.357860e-01 1.640970e+00 1.827390e+00 1.322545e+01 4.489433e+03 9.656971e+03 2.03936 3.868760e-01
8.630000e-01 9.357860e-01 1.641879e+00 1.828417e+00 1.323284e+01 4.505329e+03 9.652101e+03 2.04239 3.883925e-01
8.620000e-01 9.357860e-01 1.642791e+00 1.829447e+00 1.324026e+01 4.521170e+03 9.647220e+03 2.04544 3.899054e-01
8.610000e-01 9.357860e-01 1.643706e+00 1.830481e+00 1.324770e+01 4.536959e+03 9.642328e+03 2.04849 3.914148e-01
8.600000e-01 9.357860e-01 1.644622e+00 1.831516e+00 1.325515e+01 4.552681e+03 9.637427e+03 2.05155 3.929195e-01
8.590000e-01 9.357860e-01 1.645540e+00 1.832554e+00 1.326263e+01 4.568327e+03 9.632521e+03 2.05461 3.944187e-01
8.580000e-01 9.357860e-01 1.646458e+00 1.833591e+00 1.327011e+01 4.583879e+03 9.627612e+03 2.05768 3.959110e-01
8.570000e-01 9.357860e-01 1.647376e+00 1.834627e+00 1.327759e+01 4.599332e+03 9.622703e+03 2.06076 3.973958e-01
8.560000e-01 9.357860e-01 1.648292e+00 1.835662e+00 1.328509e+01 4.614683e+03 9.617793e+03 2.06383 3.988731e-01
8.550000e-01 9.357860e-01 1.649210e+00 1.836698e+00 1.329259e+01 4.629959e+03 9.612878e+03 2.06691 4.003452e-01
8.540000e-01 9.357860e-01 1.650129e+00 1.837736e+00 1.330012e+01 4.645184e+03 9.607950e+03 2.07 4.018143e-01
8.530000e-01 9.357860e-01 1.651051e+00 1.838777e+00 1.330768e+01 4.660372e+03 9.603008e+03 2.07311 4.032813e-01
8.520000e-01 9.357860e-01 1.651977e+00 1.839823e+00 1.331527e+01 4.675526e+03 9.598049e+03 2.07622 4.047466e-01
8.510000e-01 9.357860e-01 1.652907e+00 1.840873e+00 1.332289e+01 4.690643e+03 9.593074e+03 2.07935 4.062098e-01
8.500000e-01 9.357860e-01 1.653839e+00 1.841927e+00 1.333054e+01 4.705712e+03 9.588088e+03 2.08249 4.076699e-01
8.490000e-01 9.357860e-01 1.654773e+00 1.842982e+00 1.333820e+01 4.720715e+03 9.583094e+03 2.08564 4.091254e-01
8.480000e-01 9.357860e-01 1.655708e+00 1.844039e+00 1.334587e+01 4.735644e+03 9.578094e+03 2.08879 4.105755e-01
8.470000e-01 9.357860e-01 1.656644e+00 1.845096e+00 1.335357e+01 4.750502e+03 9.573088e+03 2.09195 4.120205e-01
8.460000e-01 9.357860e-01 1.657582e+00 1.846156e+00 1.336128e+01 4.765305e+03 9.568073e+03 2.09511 4.134618e-01
8.450000e-01 9.357860e-01 1.658523e+00 1.847218e+00 1.336901e+01 4.780062e+03 9.563045e+03 2.09829 4.149004e-01
8.440000e-01 9.357860e-01 1.659466e+00 1.848284e+00 1.337677e+01 4.794772e+03 9.558005e+03 2.10148 4.163358e-01
8.430000e-01 9.357860e-01 1.660411e+00 1.849353e+00 1.338455e+01 4.809431e+03 9.552953e+03 2.10468 4.177679e-01
8.420000e-01 9.357860e-01 1.661358e+00 1.850423e+00 1.339235e+01 4.824026e+03 9.547894e+03 2.10788 4.191955e-01
8.410000e-01 9.357860e-01 1.662306e+00 1.851495e+00 1.340017e+01 4.838550e+03 9.542830e+03 2.11109 4.206178e-01
8.400000e-01 9.357860e-01 1.663253e+00 1.852566e+00 1.340799e+01 4.852986e+03 9.537763e+03 2.11431 4.220337e-01
8.390000e-01 9.357860e-01 1.664200e+00 1.853636e+00 1.341582e+01 4.867333e+03 9.532695e+03 2.11752 4.234430e-01
8.380000e-01 9.357860e-01 1.665147e+00 1.854706e+00 1.342366e+01 4.881601e+03 9.527622e+03 2.12074 4.248468e-01
8.370000e-01 9.357860e-01 1.666096e+00 1.855777e+00 1.343152e+01 4.895818e+03 9.522538e+03 2.12397 4.262473e-01
8.360000e-01 9.357860e-01 1.667047e+00 1.856851e+00 1.343941e+01 4.909998e+03 9.517439e+03 2.12721 4.276459e-01
8.350000e-01 9.357860e-01 1.668001e+00 1.857930e+00 1.344733e+01 4.924147e+03 9.512323e+03 2.13047 4.290430e-01
8.340000e-01 9.357860e-01 1.668959e+00 1.859012e+00 1.345529e+01 4.938268e+03 9.507190e+03 2.13374 4.304387e-01
8.330000e-01 9.357860e-01 1.669921e+00 1.860099e+00 1.346327e+01 4.952350e+03 9.502042e+03 2.13702 4.318320e-01
8.320000e-01 9.357860e-01 1.670884e+00 1.861188e+00 1.347127e+01 4.966379e+03 9.496883e+03 2.1403 4.332218e-01
8.310000e-01 9.357860e-01 1.671848e+00 1.862278e+00 1.347929e+01 4.980346e+03 9.491716e+03 2.1436 4.346070e-01
8.300000e-01 9.357860e-01 1.672814e+00 1.863369e+00 1.348733e+01 4.994247e+03 9.486541e+03 2.1469 4.359877e-01
8.290000e-01 9.357860e-01 1.673780e+00 1.864462e+00 1.349539e+01 5.008094e+03 9.481357e+03 2.15021 4.373647e-01
8.280000e-01 9.357860e-01 1.674781e+00 1.865595e+00 1.350357e+01 5.021858e+03 9.476096e+03 2.15359 4.387314e-01
8.270000e-01 9.357860e-01 1.675753e+00 1.866694e+00 1.351168e+01 5.035621e+03 9.470883e+03 2.15692 4.401031e-01
8.260000e-01 9.357860e-01 1.676728e+00 1.867796e+00 1.351981e+01 5.049342e+03 9.465660e+03 2.16026 4.414720e-01
8.250000e-01 9.357860e-01 1.677704e+00 1.868900e+00 1.352796e+01 5.063006e+03 9.460427e+03 2.16361 4.428370e-01
8.240000e-01 9.357860e-01 1.678681e+00 1.870004e+00 1.353613e+01 5.076605e+03 9.455186e+03 2.16696 4.441974e-01
8.230000e-01 9.357860e-01 1.679658e+00 1.871109e+00 1.354431e+01 5.090129e+03 9.449942e+03 2.17032 4.455522e-01
8.220000e-01 9.357860e-01 1.680633e+00 1.872212e+00 1.355250e+01 5.103571e+03 9.444695e+03 2.17368 4.469009e-01
8.210000e-01 9.357860e-01 1.681609e+00 1.873315e+00 1.356069e+01 5.116941e+03 9.439442e+03 2.17705 4.482446e-01
8.200000e-01 9.357860e-01 1.682587e+00 1.874419e+00 1.356892e+01 5.130263e+03 9.434178e+03 2.18042 4.495852e-01
8.190000e-01 9.357860e-01 1.683567e+00 1.875527e+00 1.357717e+01 5.143553e+03 9.428896e+03 2.1838 4.509242e-01
8.180000e-01 9.357860e-01 1.684550e+00 1.876638e+00 1.358545e+01 5.156813e+03 9.423596e+03 2.1872 4.522617e-01
8.170000e-01 9.357860e-01 1.685537e+00 1.877754e+00 1.359377e+01 5.170050e+03 9.418277e+03 2.19061 4.535983e-01
8.160000e-01 9.357860e-01 1.686526e+00 1.878873e+00 1.360212e+01 5.183249e+03 9.412941e+03 2.19404 4.549326e-01
8.150000e-01 9.357860e-01 1.687518e+00 1.879994e+00 1.361049e+01 5.196406e+03 9.407592e+03 2.19747 4.562640e-01
8.140000e-01 9.357860e-01 1.688511e+00 1.881117e+00 1.361888e+01 5.209504e+03 9.402232e+03 2.20091 4.575914e-01
8.130000e-01 9.357860e-01 1.689505e+00 1.882241e+00 1.362729e+01 5.222545e+03 9.396864e+03 2.20435 4.589147e-01
8.120000e-01 9.357860e-01 1.690500e+00 1.883367e+00 1.363573e+01 5.235539e+03 9.391484e+03 2.20781 4.602349e-01
8.110000e-01 9.357860e-01 1.691498e+00 1.884495e+00 1.364419e+01 5.248498e+03 9.386087e+03 2.21127 4.615529e-01
8.100000e-01 9.357860e-01 1.692499e+00 1.885627e+00 1.365267e+01 5.261418e+03 9.380676e+03 2.21475 4.628686e-01
8.090000e-01 9.357860e-01 1.693501e+00 1.886761e+00 1.366118e+01 5.274293e+03 9.375252e+03 2.21823 4.641811e-01
8.080000e-01 9.357860e-01 1.694505e+00 1.887896e+00 1.366971e+01 5.287116e+03 9.369816e+03 2.22172 4.654900e-01
8.070000e-01 9.357860e-01 1.695509e+00 1.889032e+00 1.367826e+01 5.299879e+03 9.364373e+03 2.22522 4.667946e-01
8.060000e-01 9.357860e-01 1.696514e+00 1.890168e+00 1.368682e+01 5.312571e+03 9.358923e+03 2.22872 4.680939e-01
8.050000e-01 9.357860e-01 1.697517e+00 1.891303e+00 1.369539e+01 5.325188e+03 9.353469e+03 2.23222 4.693877e-01
8.040000e-01 9.357860e-01 1.698520e+00 1.892437e+00 1.370397e+01 5.337744e+03 9.348008e+03 2.23573 4.706771e-01
8.030000e-01 9.357860e-01 1.699525e+00 1.893573e+00 1.371258e+01 5.350259e+03 9.342531e+03 2.23925 4.719642e-01
8.020000e-01 9.357860e-01 1.700533e+00 1.894713e+00 1.372122e+01 5.362747e+03 9.337034e+03 2.24278 4.732499e-01
8.010000e-01 9.357860e-01 1.701544e+00 1.895856e+00 1.372990e+01 5.375210e+03 9.331516e+03 2.24632 4.745345e-01
8.000000e-01 9.357860e-01 1.702559e+00 1.897003e+00 1.373862e+01 5.387649e+03 9.325978e+03 2.24988 4.758179e-01
7.990000e-01 9.357860e-01 1.703576e+00 1.898153e+00 1.374736e+01 5.400050e+03 9.320422e+03 2.25344 4.770991e-01
7.980000e-01 9.357860e-01 1.704595e+00 1.899306e+00 1.375613e+01 5.412408e+03 9.314851e+03 2.25702 4.783773e-01
7.970000e-01 9.357860e-01 1.705615e+00 1.900459e+00 1.376492e+01 5.424714e+03 9.309271e+03 2.2606 4.796517e-01
7.960000e-01 9.357860e-01 1.706635e+00 1.901614e+00 1.377373e+01 5.436968e+03 9.303677e+03 2.26419 4.809227e-01
7.950000e-01 9.357860e-01 1.707658e+00 1.902770e+00 1.378257e+01 5.449183e+03 9.298069e+03 2.26779 4.821911e-01
7.940000e-01 9.357860e-01 1.708683e+00 1.903930e+00 1.379143e+01 5.461367e+03 9.292443e+03 2.2714 4.834577e-01
7.930000e-01 9.357860e-01 1.709711e+00 1.905093e+00 1.380033e+01 5.473511e+03 9.286801e+03 2.27502 4.847217e-01
7.920000e-01 9.357860e-01 1.710740e+00 1.906257e+00 1.380925e+01 5.485612e+03 9.281145e+03 2.27864 4.859827e-01
7.910000e-01 9.357860e-01 1.711770e+00 1.907423e+00 1.381819e+01 5.497661e+03 9.275477e+03 2.28228 4.872399e-01
7.900000e-01 9.357860e-01 1.712800e+00 1.908588e+00 1.382715e+01 5.509649e+03 9.269801e+03 2.28592 4.884927e-01
7.890000e-01 9.357860e-01 1.713830e+00 1.909753e+00 1.383611e+01 5.521568e+03 9.264119e+03 2.28956 4.897403e-01
7.880000e-01 9.357860e-01 1.714858e+00 1.910916e+00 1.384509e+01 5.533420e+03 9.258430e+03 2.2932 4.909830e-01
7.870000e-01 9.357860e-01 1.715888e+00 1.912080e+00 1.385409e+01 5.545224e+03 9.252729e+03 2.29685 4.922226e-01
7.860000e-01 9.357860e-01 1.716920e+00 1.913247e+00 1.386313e+01 5.556999e+03 9.247008e+03 2.30052 4.934607e-01
7.850000e-01 9.357860e-01 1.717955e+00 1.914418e+00 1.387220e+01 5.568748e+03 9.241265e+03 2.30419 4.946977e-01
7.840000e-01 9.357860e-01 1.718993e+00 1.915592e+00 1.388131e+01 5.580476e+03 9.235500e+03 2.30788 4.959336e-01
7.830000e-01 9.357860e-01 1.720034e+00 1.916770e+00 1.389046e+01 5.592173e+03 9.229714e+03 2.31158 4.971678e-01
7.820000e-01 9.357860e-01 1.721077e+00 1.917950e+00 1.389963e+01 5.603829e+03 9.223911e+03 2.31529 4.983994e-01
7.810000e-01 9.357860e-01 1.722122e+00 1.919132e+00 1.390883e+01 5.615443e+03 9.218094e+03 2.31901 4.996279e-01
7.800000e-01 9.357860e-01 1.723166e+00 1.920314e+00 1.391805e+01 5.627005e+03 9.212264e+03 2.32274 5.008527e-01
7.790000e-01 9.357860e-01 1.724213e+00 1.921498e+00 1.392729e+01 5.638526e+03 9.206418e+03 2.32647 5.020749e-01
7.780000e-01 9.357860e-01 1.725261e+00 1.922684e+00 1.393658e+01 5.650019e+03 9.200551e+03 2.33021 5.032954e-01
7.770000e-01 9.357860e-01 1.726313e+00 1.923874e+00 1.394589e+01 5.661474e+03 9.194668e+03 2.33397 5.045135e-01
7.760000e-01 9.357860e-01 1.727365e+00 1.925065e+00 1.395523e+01 5.672890e+03 9.188768e+03 2.33773 5.057288e-01
7.750000e-01 9.357860e-01 1.728419e+00 1.926258e+00 1.396459e+01 5.684263e+03 9.182852e+03 2.3415 5.069411e-01
7.740000e-01 9.357860e-01 1.729473e+00 1.927450e+00 1.397397e+01 5.695576e+03 9.176925e+03 2.34527 5.081490e-01
7.730000e-01 9.357860e-01 1.730526e+00 1.928643e+00 1.398337e+01 5.706828e+03 9.170991e+03 2.34905 5.093521e-01
7.720000e-01 9.357860e-01 1.731578e+00 1.929833e+00 1.399277e+01 5.718015e+03 9.165049e+03 2.35283 5.105504e-01
7.710000e-01 9.357860e-01 1.732631e+00 1.931023e+00 1.400220e+01 5.729150e+03 9.159094e+03 2.35661 5.117453e-01
7.700000e-01 9.357860e-01 1.733685e+00 1.932215e+00 1.401167e+01 5.740258e+03 9.153116e+03 2.36041 5.129386e-01
7.690000e-01 9.357860e-01 1.734742e+00 1.933412e+00 1.402117e+01 5.751344e+03 9.147114e+03 2.36422 5.141309e-01
7.680000e-01 9.357860e-01 1.735802e+00 1.934611e+00 1.403072e+01 5.762402e+03 9.141087e+03 2.36803 5.153217e-01
7.670000e-01 9.357860e-01 1.736865e+00 1.935814e+00 1.404030e+01 5.773437e+03 9.135037e+03 2.37187 5.165112e-01
7.660000e-01 9.357860e-01 1.737930e+00 1.937018e+00 1.404992e+01 5.784435e+03 9.128966e+03 2.37571 5.176982e-01
7.650000e-01 9.357860e-01 1.738995e+00 1.938224e+00 1.405956e+01 5.795387e+03 9.122879e+03 2.37955 5.188820e-01
7.640000e-01 9.357860e-01 1.740062e+00 1.939431e+00 1.406922e+01 5.806294e+03 9.116776e+03 2.38341 5.200624e-01
7.630000e-01 9.357860e-01 1.741129e+00 1.940639e+00 1.407892e+01 5.817163e+03 9.110656e+03 2.38727 5.212403e-01
7.620000e-01 9.357860e-01 1.742199e+00 1.941849e+00 1.408865e+01 5.828001e+03 9.104512e+03 2.39114 5.224163e-01
7.610000e-01 9.357860e-01 1.743270e+00 1.943061e+00 1.409841e+01 5.838807e+03 9.098347e+03 2.39502 5.235901e-01
7.600000e-01 9.357860e-01 1.744343e+00 1.944276e+00 1.410821e+01 5.849575e+03 9.092164e+03 2.39891 5.247612e-01
7.590000e-01 9.357860e-01 1.745418e+00 1.945492e+00 1.411803e+01 5.860301e+03 9.085962e+03 2.40281 5.259292e-01
7.580000e-01 9.357860e-01 1.746491e+00 1.946707e+00 1.412787e+01 5.870971e+03 9.079747e+03 2.40671 5.270931e-01
7.570000e-01 9.357860e-01 1.747564e+00 1.947921e+00 1.413773e+01 5.881580e+03 9.073523e+03 2.41061 5.282521e-01
7.560000e-01 9.357860e-01 1.748636e+00 1.949133e+00 1.414760e+01 5.892129e+03 9.067288e+03 2.41451 5.294066e-01
7.550000e-01 9.357860e-01 1.749708e+00 1.950345e+00 1.415750e+01 5.902630e+03 9.061037e+03 2.41842 5.305578e-01
7.540000e-01 9.357860e-01 1.750781e+00 1.951560e+00 1.416743e+01 5.913106e+03 9.054760e+03 2.42233 5.317077e-01
7.530000e-01 9.357860e-01 1.751858e+00 1.952778e+00 1.417741e+01 5.923560e+03 9.048457e+03 2.42626 5.328563e-01
7.520000e-01 9.357860e-01 1.752937e+00 1.953998e+00 1.418743e+01 5.933988e+03 9.042126e+03 2.4302 5.340035e-01
7.510000e-01 9.357860e-01 1.754018e+00 1.955221e+00 1.419749e+01 5.944389e+03 9.035769e+03 2.43415 5.351490e-01
7.500000e-01 9.357860e-01 1.755101e+00 1.956447e+00 1.420759e+01 5.954754e+03 9.029390e+03 2.43811 5.362919e-01
7.490000e-01 9.357860e-01 1.756184e+00 1.957672e+00 1.421771e+01 5.965073e+03 9.022992e+03 2.44208 5.374314e-01
7.480000e-01 9.357860e-01 1.757268e+00 1.958898e+00 1.422786e+01 5.975351e+03 9.016576e+03 2.44605 5.385678e-01
7.470000e-01 9.357860e-01 1.758382e+00 1.960161e+00 1.423815e+01 5.985556e+03 9.010068e+03 2.45008 5.396923e-01
7.460000e-01 9.357860e-01 1.759470e+00 1.961391e+00 1.424837e+01 5.995769e+03 9.003601e+03 2.45407 5.408242e-01
7.450000e-01 9.357860e-01 1.760559e+00 1.962624e+00 1.425863e+01 6.005950e+03 8.997113e+03 2.45807 5.419539e-01
7.440000e-01 9.357860e-01 1.761648e+00 1.963857e+00 1.426893e+01 6.016092e+03 8.990603e+03 2.46207 5.430807e-01
7.430000e-01 9.357860e-01 1.762738e+00 1.965090e+00 1.427925e+01 6.026190e+03 8.984074e+03 2.46608 5.442041e-01
7.420000e-01 9.357860e-01 1.763827e+00 1.966322e+00 1.428959e+01 6.036233e+03 8.977530e+03 2.47009 5.453232e-01
7.410000e-01 9.357860e-01 1.764915e+00 1.967552e+00 1.429995e+01 6.046213e+03 8.970975e+03 2.4741 5.464373e-01
7.400000e-01 9.357860e-01 1.766001e+00 1.968781e+00 1.431032e+01 6.056141e+03 8.964406e+03 2.47811 5.475474e-01
7.390000e-01 9.357860e-01 1.767088e+00 1.970010e+00 1.432073e+01 6.066028e+03 8.957814e+03 2.48213 5.486548e-01
7.380000e-01 9.357860e-01 1.768177e+00 1.971242e+00 1.433119e+01 6.075895e+03 8.951192e+03 2.48615 5.497611e-01
7.370000e-01 9.357860e-01 1.769269e+00 1.972477e+00 1.434169e+01 6.085738e+03 8.944540e+03 2.49019 5.508659e-01
7.360000e-01 9.357860e-01 1.770363e+00 1.973714e+00 1.435224e+01 6.095553e+03 8.937859e+03 2.49424 5.519690e-01
7.350000e-01 9.357860e-01 1.771458e+00 1.974952e+00 1.436283e+01 6.105337e+03 8.931150e+03 2.4983 5.530698e-01
7.340000e-01 9.357860e-01 1.772554e+00 1.976193e+00 1.437345e+01 6.115083e+03 8.924419e+03 2.50236 5.541677e-01
7.330000e-01 9.357860e-01 1.773650e+00 1.977432e+00 1.438410e+01 6.124781e+03 8.917668e+03 2.50643 5.552620e-01
7.320000e-01 9.357860e-01 1.774746e+00 1.978672e+00 1.439478e+01 6.134440e+03 8.910895e+03 2.5105 5.563534e-01
7.310000e-01 9.357860e-01 1.775844e+00 1.979914e+00 1.440550e+01 6.144069e+03 8.904095e+03 2.51459 5.574426e-01
7.300000e-01 9.357860e-01 1.776943e+00 1.981158e+00 1.441627e+01 6.153668e+03 8.897267e+03 2.51868 5.585299e-01
7.290000e-01 9.357860e-01 1.778044e+00 1.982404e+00 1.442707e+01 6.163233e+03 8.890414e+03 2.52277 5.596145e-01
7.280000e-01 9.357860e-01 1.779145e+00 1.983649e+00 1.443791e+01 6.172753e+03 8.883539e+03 2.52687 5.606958e-01
7.270000e-01 9.357860e-01 1.780245e+00 1.984894e+00 1.444877e+01 6.182226e+03 8.876646e+03 2.53098 5.617731e-01
7.260000e-01 9.357860e-01 1.781344e+00 1.986137e+00 1.445966e+01 6.191638e+03 8.869739e+03 2.53508 5.628457e-01
7.250000e-01 9.357860e-01 1.782441e+00 1.987377e+00 1.447056e+01 6.200992e+03 8.862819e+03 2.53919 5.639137e-01
7.240000e-01 9.357860e-01 1.783537e+00 1.988617e+00 1.448149e+01 6.210301e+03 8.855879e+03 2.54329 5.649784e-01
7.230000e-01 9.357860e-01 1.784635e+00 1.989859e+00 1.449247e+01 6.219585e+03 8.848908e+03 2.54741 5.660417e-01
7.220000e-01 9.357860e-01 1.785735e+00 1.991104e+00 1.450350e+01 6.228844e+03 8.841905e+03 2.55154 5.671033e-01
7.210000e-01 9.357860e-01 1.786837e+00 1.992350e+00 1.451458e+01 6.238075e+03 8.834868e+03 2.55567 5.681631e-01
7.200000e-01 9.357860e-01 1.787941e+00 1.993599e+00 1.452570e+01 6.247276e+03 8.827805e+03 2.55982 5.692208e-01
7.190000e-01 9.357860e-01 1.789045e+00 1.994848e+00 1.453687e+01 6.256437e+03 8.820716e+03 2.56397 5.702756e-01
7.180000e-01 9.357860e-01 1.790149e+00 1.996097e+00 1.454806e+01 6.265554e+03 8.813605e+03 2.56812 5.713268e-01
7.170000e-01 9.357860e-01 1.791252e+00 1.997346e+00 1.455929e+01 6.274627e+03 8.806470e+03 2.57228 5.723747e-01
7.160000e-01 9.357860e-01 1.792357e+00 1.998595e+00 1.457057e+01 6.283664e+03 8.799310e+03 2.57645 5.734202e-01
7.150000e-01 9.357860e-01 1.793463e+00 1.999848e+00 1.458189e+01 6.292676e+03 8.792121e+03 2.58063 5.744639e-01
7.140000e-01 9.357860e-01 1.794571e+00 2.001102e+00 1.459326e+01 6.301651e+03 8.784903e+03 2.58481 5.755049e-01
7.130000e-01 9.357860e-01 1.795678e+00 2.002355e+00 1.460466e+01 6.310581e+03 8.777663e+03 2.589 5.765425e-01
7.120000e-01 9.357860e-01 1.796784e+00 2.003608e+00 1.461609e+01 6.319464e+03 8.770402e+03 2.59319 5.775762e-01
7.110000e-01 9.357860e-01 1.797889e+00 2.004859e+00 1.462755e+01 6.328290e+03 8.763127e+03 2.59738 5.786053e-01
7.100000e-01 9.357860e-01 1.798992e+00 2.006106e+00 1.463902e+01 6.337053e+03 8.755838e+03 2.60156 5.796295e-01
7.090000e-01 9.357860e-01 1.800093e+00 2.007352e+00 1.465053e+01 6.345771e+03 8.748526e+03 2.60575 5.806503e-01
7.080000e-01 9.357860e-01 1.801196e+00 2.008600e+00 1.466210e+01 6.354465e+03 8.741181e+03 2.60995 5.816694e-01
7.070000e-01 9.357860e-01 1.802300e+00 2.009849e+00 1.467371e+01 6.363128e+03 8.733802e+03 2.61415 5.826866e-01
7.060000e-01 9.357860e-01 1.803405e+00 2.011101e+00 1.468538e+01 6.371763e+03 8.726388e+03 2.61837 5.837019e-01
7.050000e-01 9.357860e-01 1.804512e+00 2.012354e+00 1.469710e+01 6.380369e+03 8.718941e+03 2.62259 5.847147e-01
7.040000e-01 9.357860e-01 1.805618e+00 2.013607e+00 1.470886e+01 6.388930e+03 8.711468e+03 2.62682 5.857243e-01
7.030000e-01 9.357860e-01 1.806724e+00 2.014859e+00 1.472066e+01 6.397450e+03 8.703968e+03 2.63104 5.867304e-01
7.020000e-01 9.357860e-01 1.807830e+00 2.016111e+00 1.473250e+01 6.405925e+03 8.696444e+03 2.63528 5.877329e-01
7.010000e-01 9.357860e-01 1.808935e+00 2.017362e+00 1.474438e+01 6.414362e+03 8.688890e+03 2.63951 5.887327e-01
7.000000e-01 9.357860e-01 1.810042e+00 2.018616e+00 1.475632e+01 6.422777e+03 8.681300e+03 2.64375 5.897307e-01
6.990000e-01 9.357860e-01 1.811149e+00 2.019869e+00 1.476831e+01 6.431150e+03 8.673678e+03 2.648 5.907254e-01
6.980000e-01 9.357860e-01 1.812255e+00 2.021122e+00 1.478033e+01 6.439480e+03 8.666031e+03 2.65225 5.917164e-01
6.970000e-01 9.357860e-01 1.813388e+00 2.022407e+00 1.479250e+01 6.447732e+03 8.658286e+03 2.65655 5.926937e-01
6.960000e-01 9.357860e-01 1.814463e+00 2.023623e+00 1.480448e+01 6.455983e+03 8.650669e+03 2.66074 5.936852e-01
6.950000e-01 9.357860e-01 1.815590e+00 2.024900e+00 1.481669e+01 6.464115e+03 8.642894e+03 2.66503 5.946528e-01
6.940000e-01 9.357860e-01 1.816689e+00 2.026144e+00 1.482884e+01 6.472237e+03 8.635157e+03 2.66927 5.956263e-01
6.930000e-01 9.357860e-01 1.817787e+00 2.027388e+00 1.484105e+01 6.480333e+03 8.627380e+03 2.67352 5.965981e-01
6.920000e-01 9.357860e-01 1.818887e+00 2.028632e+00 1.485332e+01 6.488398e+03 8.619563e+03 2.67777 5.975674e-01
6.910000e-01 9.357860e-01 1.819987e+00 2.029878e+00 1.486565e+01 6.496436e+03 8.611706e+03 2.68203 5.985343e-01
6.900000e-01 9.357860e-01 1.821086e+00 2.031123e+00 1.487803e+01 6.504438e+03 8.603811e+03 2.68628 5.994981e-01
6.890000e-01 9.357860e-01 1.822185e+00 2.032368e+00 1.489045e+01 6.512399e+03 8.595884e+03 2.69054 6.004582e-01
6.880000e-01 9.357860e-01 1.823282e+00 2.033609e+00 1.490292e+01 6.520314e+03 8.587925e+03 2.69479 6.014142e-01
6.870000e-01 9.357860e-01 1.824377e+00 2.034850e+00 1.491543e+01 6.528187e+03 8.579935e+03 2.69905 6.023665e-01
6.860000e-01 9.357860e-01 1.825473e+00 2.036090e+00 1.492800e+01 6.536029e+03 8.571905e+03 2.7033 6.033161e-01
6.850000e-01 9.357860e-01 1.826568e+00 2.037330e+00 1.494062e+01 6.543839e+03 8.563834e+03 2.70756 6.042627e-01
6.840000e-01 9.357860e-01 1.827662e+00 2.038569e+00 1.495329e+01 6.551610e+03 8.555725e+03 2.71181 6.052056e-01
6.830000e-01 9.357860e-01 1.828754e+00 2.039806e+00 1.496601e+01 6.559334e+03 8.547587e+03 2.71606 6.061443e-01
6.820000e-01 9.357860e-01 1.829844e+00 2.041039e+00 1.497876e+01 6.567004e+03 8.539423e+03 2.72031 6.070782e-01
6.810000e-01 9.357860e-01 1.830930e+00 2.042268e+00 1.499153e+01 6.574616e+03 8.531240e+03 2.72455 6.080068e-01
6.800000e-01 9.357860e-01 1.832012e+00 2.043492e+00 1.500435e+01 6.582172e+03 8.523029e+03 2.72878 6.089307e-01
6.790000e-01 9.357860e-01 1.833093e+00 2.044716e+00 1.501721e+01 6.589693e+03 8.514782e+03 2.73301 6.098515e-01
6.780000e-01 9.357860e-01 1.834175e+00 2.045940e+00 1.503014e+01 6.597187e+03 8.506486e+03 2.73724 6.107700e-01
6.770000e-01 9.357860e-01 1.835257e+00 2.047164e+00 1.504314e+01 6.604648e+03 8.498147e+03 2.74148 6.116858e-01
6.760000e-01 9.357860e-01 1.836337e+00 2.048387e+00 1.505620e+01 6.612075e+03 8.489765e+03 2.74571 6.125981e-01
6.750000e-01 9.357860e-01 1.837416e+00 2.049609e+00 1.506931e+01 6.619463e+03 8.481343e+03 2.74995 6.135068e-01
6.740000e-01 9.357860e-01 1.838493e+00 2.050828e+00 1.508247e+01 6.626804e+03 8.472885e+03 2.75418 6.144111e-01
6.730000e-01 9.357860e-01 1.838311e+00 2.050665e+00 1.509022e+01 6.637868e+03 8.468944e+03 2.75609 6.159858e-01
6.720000e-01 9.357860e-01 1.840655e+00 2.053276e+00 1.510899e+01 6.641331e+03 8.455835e+03 2.76265 6.162018e-01
6.710000e-01 9.357860e-01 1.840449e+00 2.053087e+00 1.511675e+01 6.652364e+03 8.451882e+03 2.76451 6.177796e-01
6.700000e-01 9.357860e-01 1.842798e+00 2.055702e+00 1.513571e+01 6.655739e+03 8.438637e+03 2.77108 6.179846e-01
6.690000e-01 9.357860e-01 1.842575e+00 2.055494e+00 1.514351e+01 6.666711e+03 8.434658e+03 2.7729 6.195602e-01
6.680000e-01 9.357860e-01 1.844931e+00 2.058117e+00 1.516262e+01 6.669962e+03 8.421296e+03 2.7795 6.197497e-01
6.670000e-01 9.357860e-01 1.844685e+00 2.057883e+00 1.517044e+01 6.680855e+03 8.417297e+03 2.78126 6.213208e-01
6.660000e-01 9.357860e-01 1.847047e+00 2.060511e+00 1.518968e+01 6.683957e+03 8.403846e+03 2.78786 6.214933e-01
6.650000e-01 9.357860e-01 1.846779e+00 2.060251e+00 1.519751e+01 6.694777e+03 8.399824e+03 2.78957 6.230609e-01
6.640000e-01 9.357860e-01 1.849152e+00 2.062892e+00 1.521696e+01 6.697775e+03 8.386235e+03 2.7962 6.232202e-01
6.630000e-01 9.357860e-01 1.848870e+00 2.062619e+00 1.522485e+01 6.708557e+03 8.382179e+03 2.79788 6.247887e-01
6.620000e-01 9.357860e-01 1.851252e+00 2.065268e+00 1.524452e+01 6.711457e+03 8.368425e+03 2.80454 6.249339e-01
6.610000e-01 9.357860e-01 1.850954e+00 2.064978e+00 1.525246e+01 6.722190e+03 8.364338e+03 2.80618 6.265018e-01
6.600000e-01 9.357860e-01 1.853343e+00 2.067634e+00 1.527233e+01 6.724971e+03 8.350438e+03 2.81285 6.266313e-01
6.590000e-01 9.357860e-01 1.853025e+00 2.067322e+00 1.528030e+01 6.735635e+03 8.346327e+03 2.81444 6.281964e-01
6.580000e-01 9.357860e-01 1.855422e+00 2.069988e+00 1.530035e+01 6.738288e+03 8.332308e+03 2.82113 6.283106e-01
6.570000e-01 9.357860e-01 1.855088e+00 2.069659e+00 1.530838e+01 6.748902e+03 8.328170e+03 2.82269 6.298752e-01
6.560000e-01 9.357860e-01 1.857493e+00 2.072333e+00 1.532866e+01 6.751445e+03 8.313996e+03 2.8294 6.299751e-01
6.550000e-01 9.357860e-01 1.857142e+00 2.071986e+00 1.533672e+01 6.762000e+03 8.309831e+03 2.83092 6.315382e-01
6.540000e-01 9.357860e-01 1.859553e+00 2.074667e+00 1.535719e+01 6.764406e+03 8.295533e+03 2.83764 6.316213e-01
6.530000e-01 9.357860e-01 1.859176e+00 2.074290e+00 1.536527e+01 6.774881e+03 8.291349e+03 2.83909 6.331802e-01
6.520000e-01 9.357860e-01 1.861594e+00 2.076977e+00 1.538590e+01 6.777126e+03 8.276957e+03 2.84583 6.332451e-01
6.510000e-01 9.357860e-01 1.861193e+00 2.076573e+00 1.539400e+01 6.787527e+03 8.272752e+03 2.84722 6.348008e-01
6.500000e-01 9.357860e-01 1.863643e+00 2.079298e+00 1.541494e+01 6.789622e+03 8.258146e+03 2.85403 6.348413e-01
6.490000e-01 9.357860e-01 1.863213e+00 2.078863e+00 1.542306e+01 6.799996e+03 8.253943e+03 2.85536 6.364030e-01
6.480000e-01 9.357860e-01 1.865661e+00 2.081583e+00 1.544421e+01 6.801991e+03 8.239191e+03 2.86216 6.364315e-01
6.470000e-01 9.357860e-01 1.865211e+00 2.081128e+00 1.545237e+01 6.812316e+03 8.234955e+03 2.86345 6.379925e-01
6.460000e-01 9.357860e-01 1.867663e+00 2.083852e+00 1.547375e+01 6.814183e+03 8.220035e+03 2.87024 6.380027e-01
6.450000e-01 9.357860e-01 1.867188e+00 2.083368e+00 1.548194e+01 6.824441e+03 8.215770e+03 2.87147 6.395606e-01
6.440000e-01 9.357860e-01 1.869646e+00 2.086098e+00 1.550354e+01 6.826172e+03 8.200697e+03 2.87826 6.395521e-01
6.430000e-01 9.357860e-01 1.869151e+00 2.085592e+00 1.551178e+01 6.836381e+03 8.196396e+03 2.87943 6.411089e-01
6.420000e-01 9.357860e-01 1.871613e+00 2.088325e+00 1.553364e+01 6.837997e+03 8.181123e+03 2.88622 6.410819e-01
6.410000e-01 9.357860e-01 1.871092e+00 2.087791e+00 1.554192e+01 6.848149e+03 8.176786e+03 2.88732 6.426363e-01
6.400000e-01 9.357860e-01 1.873558e+00 2.090527e+00 1.556400e+01 6.849618e+03 8.161352e+03 2.8941 6.425882e-01
6.390000e-01 9.357860e-01 1.873007e+00 2.089959e+00 1.557230e+01 6.859690e+03 8.156989e+03 2.89512 6.441380e-01
6.380000e-01 9.357860e-01 1.875477e+00 2.092699e+00 1.559455e+01 6.860991e+03 8.141437e+03 2.90189 6.440691e-01
6.370000e-01 9.357860e-01 1.874898e+00 2.092100e+00 1.560288e+01 6.870993e+03 8.137047e+03 2.90284 6.456157e-01
6.360000e-01 9.357860e-01 1.877374e+00 2.094847e+00 1.562539e+01 6.872164e+03 8.121322e+03 2.90962 6.455288e-01
6.350000e-01 9.357860e-01 1.876776e+00 2.094227e+00 1.563378e+01 6.882126e+03 8.116892e+03 2.91052 6.470762e-01
6.340000e-01 9.357860e-01 1.879256e+00 2.096977e+00 1.565658e+01 6.883169e+03 8.100954e+03 2.91729 6.469692e-01
6.330000e-01 9.357860e-01 1.878632e+00 2.096330e+00 1.566502e+01 6.893078e+03 8.096486e+03 2.91812 6.485149e-01
6.320000e-01 9.357860e-01 1.881135e+00 2.099105e+00 1.568819e+01 6.893946e+03 8.080272e+03 2.9249 6.483758e-01
6.310000e-01 9.357860e-01 1.880471e+00 2.098412e+00 1.569661e+01 6.903800e+03 8.075807e+03 2.92563 6.499227e-01
6.300000e-01 9.357860e-01 1.882968e+00 2.101179e+00 1.571998e+01 6.904535e+03 8.059454e+03 2.93239 6.497666e-01
6.290000e-01 9.357860e-01 1.882277e+00 2.100459e+00 1.572846e+01 6.914344e+03 8.054947e+03 2.93304 6.513127e-01
6.280000e-01 9.357860e-01 1.884775e+00 2.103224e+00 1.575213e+01 6.914942e+03 8.038367e+03 2.93977 6.511339e-01
6.270000e-01 9.357860e-01 1.884055e+00 2.102471e+00 1.576065e+01 6.924686e+03 8.033824e+03 2.94034 6.526768e-01
6.260000e-01 9.357860e-01 1.886554e+00 2.105237e+00 1.578456e+01 6.925116e+03 8.017075e+03 2.94705 6.524740e-01
6.250000e-01 9.357860e-01 1.885800e+00 2.104446e+00 1.579309e+01 6.934779e+03 8.012508e+03 2.94752 6.540124e-01
6.240000e-01 9.357860e-01 1.888303e+00 2.107216e+00 1.581721e+01 6.935022e+03 7.995636e+03 2.95423 6.537872e-01
6.230000e-01 9.357860e-01 1.887522e+00 2.106394e+00 1.582579e+01 6.944620e+03 7.991042e+03 2.95464 6.553240e-01
6.220000e-01 9.357860e-01 1.890031e+00 2.109171e+00 1.585022e+01 6.944717e+03 7.973980e+03 2.96135 6.550798e-01
6.210000e-01 9.357860e-01 1.889226e+00 2.108326e+00 1.585887e+01 6.954269e+03 7.969349e+03 2.9617 6.566175e-01
6.200000e-01 9.357860e-01 1.891739e+00 2.111106e+00 1.588363e+01 6.954207e+03 7.952082e+03 2.96841 6.563514e-01
6.190000e-01 9.357860e-01 1.890906e+00 2.110231e+00 1.589232e+01 6.963699e+03 7.947418e+03 2.96869 6.578876e-01
6.180000e-01 9.357860e-01 1.893437e+00 2.113031e+00 1.591747e+01 6.963432e+03 7.929875e+03 2.97539 6.575865e-01
6.170000e-01 9.357860e-01 1.892563e+00 2.112110e+00 1.592616e+01 6.972871e+03 7.925212e+03 2.97556 6.591240e-01
6.160000e-01 9.357860e-01 1.895084e+00 2.114896e+00 1.595157e+01 6.972460e+03 7.907493e+03 2.98222 6.588030e-01
6.150000e-01 9.357860e-01 1.895896e+00 2.115817e+00 1.596879e+01 6.976892e+03 7.896168e+03 2.98558 6.593992e-01
6.140000e-01 9.357860e-01 1.896698e+00 2.116725e+00 1.598608e+01 6.981268e+03 7.884798e+03 2.9889 6.599889e-01
6.130000e-01 9.357860e-01 1.897490e+00 2.117622e+00 1.600344e+01 6.985579e+03 7.873374e+03 2.99218 6.605702e-01
6.120000e-01 9.357860e-01 1.898272e+00 2.118507e+00 1.602087e+01 6.989818e+03 7.861904e+03 2.99543 6.611435e-01
6.110000e-01 9.357860e-01 1.899044e+00 2.119381e+00 1.603836e+01 6.993989e+03 7.850391e+03 2.99864 6.617092e-01
6.100000e-01 9.357860e-01 1.899806e+00 2.120243e+00 1.605594e+01 6.998100e+03 7.838811e+03 3.00182 6.622675e-01
6.090000e-01 9.357860e-01 1.900559e+00 2.121096e+00 1.607365e+01 7.002159e+03 7.827145e+03 3.00496 6.628186e-01
6.080000e-01 9.357860e-01 1.901304e+00 2.121939e+00 1.609147e+01 7.006166e+03 7.815394e+03 3.00806 6.633624e-01
6.070000e-01 9.357860e-01 1.902038e+00 2.122770e+00 1.610940e+01 7.010114e+03 7.803562e+03 3.01111 6.638978e-01
6.060000e-01 9.357860e-01 1.902761e+00 2.123588e+00 1.612744e+01 7.014001e+03 7.791652e+03 3.01412 6.644242e-01
6.050000e-01 9.357860e-01 1.903473e+00 2.124393e+00 1.614556e+01 7.017822e+03 7.779673e+03 3.01708 6.649417e-01
6.040000e-01 9.357860e-01 1.904192e+00 2.125206e+00 1.616389e+01 7.021545e+03 7.767544e+03 3.02003 6.654402e-01
6.030000e-01 9.357860e-01 1.904882e+00 2.125986e+00 1.618223e+01 7.025241e+03 7.755406e+03 3.02289 6.659398e-01
6.020000e-01 9.357860e-01 1.905563e+00 2.126757e+00 1.620069e+01 7.028878e+03 7.743196e+03 3.02573 6.664326e-01
6.010000e-01 9.357860e-01 1.906236e+00 2.127518e+00 1.621924e+01 7.032445e+03 7.730929e+03 3.02853 6.669180e-01
6.000000e-01 9.357860e-01 1.906900e+00 2.128270e+00 1.623788e+01 7.035941e+03 7.718618e+03 3.03131 6.673959e-01
5.990000e-01 9.357860e-01 1.907554e+00 2.129012e+00 1.625660e+01 7.039360e+03 7.706271e+03 3.03405 6.678664e-01
5.980000e-01 9.357860e-01 1.908198e+00 2.129740e+00 1.627538e+01 7.042699e+03 7.693884e+03 3.03676 6.683290e-01
5.970000e-01 9.357860e-01 1.908830e+00 2.130456e+00 1.629428e+01 7.045973e+03 7.681429e+03 3.03943 6.687833e-01
5.960000e-01 9.357860e-01 1.909451e+00 2.131160e+00 1.631330e+01 7.049186e+03 7.668887e+03 3.04205 6.692295e-01
5.950000e-01 9.357860e-01 1.910061e+00 2.131850e+00 1.633247e+01 7.052336e+03 7.656248e+03 3.04462 6.696669e-01
5.940000e-01 9.357860e-01 1.910658e+00 2.132527e+00 1.635176e+01 7.055421e+03 7.643521e+03 3.04714 6.700947e-01
5.930000e-01 9.357860e-01 1.911243e+00 2.133190e+00 1.637116e+01 7.058439e+03 7.630717e+03 3.0496 6.705130e-01
5.920000e-01 9.357860e-01 1.911815e+00 2.133838e+00 1.639067e+01 7.061383e+03 7.617837e+03 3.05201 6.709212e-01
5.910000e-01 9.357860e-01 1.912372e+00 2.134469e+00 1.641029e+01 7.064253e+03 7.604883e+03 3.05436 6.713195e-01
5.900000e-01 9.357860e-01 1.912934e+00 2.135106e+00 1.643015e+01 7.067023e+03 7.591759e+03 3.05668 6.716980e-01
5.890000e-01 9.357860e-01 1.913466e+00 2.135709e+00 1.645005e+01 7.069759e+03 7.578616e+03 3.05892 6.720760e-01
5.880000e-01 9.357860e-01 1.913982e+00 2.136292e+00 1.647006e+01 7.072420e+03 7.565386e+03 3.06109 6.724432e-01
5.870000e-01 9.357860e-01 1.914482e+00 2.136858e+00 1.649018e+01 7.075007e+03 7.552081e+03 3.06319 6.727990e-01
5.860000e-01 9.357860e-01 1.914965e+00 2.137403e+00 1.651039e+01 7.077512e+03 7.538706e+03 3.06522 6.731427e-01
5.850000e-01 9.357860e-01 1.915432e+00 2.137930e+00 1.653069e+01 7.079933e+03 7.525269e+03 3.06718 6.734756e-01
5.840000e-01 9.357860e-01 1.915887e+00 2.138444e+00 1.655112e+01 7.082281e+03 7.511761e+03 3.06909 6.737996e-01
5.830000e-01 9.357860e-01 1.916332e+00 2.138947e+00 1.657169e+01 7.084559e+03 7.498168e+03 3.07097 6.741153e-01
5.820000e-01 9.357860e-01 1.916766e+00 2.139438e+00 1.659242e+01 7.086763e+03 7.484493e+03 3.07281 6.744231e-01
5.810000e-01 9.357860e-01 1.917189e+00 2.139918e+00 1.661329e+01 7.088890e+03 7.470747e+03 3.07461 6.747226e-01
5.800000e-01 9.357860e-01 1.917600e+00 2.140385e+00 1.663429e+01 7.090940e+03 7.456931e+03 3.07636 6.750127e-01
5.790000e-01 9.357860e-01 1.917995e+00 2.140833e+00 1.665541e+01 7.092909e+03 7.443039e+03 3.07804 6.752917e-01
5.780000e-01 9.357860e-01 1.918390e+00 2.141280e+00 1.667677e+01 7.094759e+03 7.428980e+03 3.07968 6.755492e-01
5.770000e-01 9.357860e-01 1.918753e+00 2.141693e+00 1.669817e+01 7.096570e+03 7.414898e+03 3.08123 6.758048e-01
5.760000e-01 9.357860e-01 1.919100e+00 2.142085e+00 1.671974e+01 7.098305e+03 7.400716e+03 3.0827 6.760487e-01
5.750000e-01 9.357860e-01 1.919428e+00 2.142458e+00 1.674143e+01 7.099956e+03 7.386445e+03 3.08409 6.762804e-01
5.740000e-01 9.357860e-01 1.919739e+00 2.142810e+00 1.676325e+01 7.101519e+03 7.372100e+03 3.08541 6.764997e-01
5.730000e-01 9.357860e-01 1.920031e+00 2.143140e+00 1.678517e+01 7.102996e+03 7.357688e+03 3.08665 6.767063e-01
5.720000e-01 9.357860e-01 1.920301e+00 2.143444e+00 1.680721e+01 7.104381e+03 7.343190e+03 3.0878 6.768989e-01
5.710000e-01 9.357860e-01 1.920552e+00 2.143727e+00 1.682941e+01 7.105687e+03 7.328579e+03 3.08886 6.770781e-01
5.700000e-01 9.357860e-01 1.920787e+00 2.143992e+00 1.685180e+01 7.106913e+03 7.313858e+03 3.08984 6.772453e-01
5.690000e-01 9.357860e-01 1.921008e+00 2.144240e+00 1.687436e+01 7.108053e+03 7.299042e+03 3.09077 6.774019e-01
5.680000e-01 9.357860e-01 1.921231e+00 2.144493e+00 1.689719e+01 7.109070e+03 7.284075e+03 3.09167 6.775390e-01
5.670000e-01 9.357860e-01 1.921430e+00 2.144719e+00 1.692004e+01 7.110037e+03 7.269136e+03 3.09253 6.776778e-01
5.660000e-01 9.357860e-01 1.921613e+00 2.144927e+00 1.694303e+01 7.110915e+03 7.254132e+03 3.09332 6.778064e-01
5.650000e-01 9.357860e-01 1.921777e+00 2.145114e+00 1.696618e+01 7.111706e+03 7.239032e+03 3.09403 6.779225e-01
5.640000e-01 9.357860e-01 1.921923e+00 2.145281e+00 1.698951e+01 7.112414e+03 7.223825e+03 3.09466 6.780254e-01
5.630000e-01 9.357860e-01 1.922047e+00 2.145422e+00 1.701301e+01 7.113028e+03 7.208509e+03 3.0952 6.781138e-01
5.620000e-01 9.357860e-01 1.922151e+00 2.145540e+00 1.703667e+01 7.113549e+03 7.193105e+03 3.09565 6.781881e-01
5.610000e-01 9.357860e-01 1.922236e+00 2.145636e+00 1.706045e+01 7.113975e+03 7.177631e+03 3.09601 6.782487e-01
5.600000e-01 9.357860e-01 1.922297e+00 2.145705e+00 1.708435e+01 7.114303e+03 7.162078e+03 3.09627 6.782944e-01
5.590000e-01 9.357860e-01 1.922333e+00 2.145744e+00 1.710843e+01 7.114535e+03 7.146414e+03 3.09642 6.783238e-01
5.580000e-01 9.357860e-01 1.922349e+00 2.145760e+00 1.713271e+01 7.114678e+03 7.130626e+03 3.09648 6.783384e-01
5.570000e-01 9.357860e-01 1.922361e+00 2.145772e+00 1.715731e+01 7.114685e+03 7.114649e+03 3.09648 6.783299e-01
5.570025e-01 9.357860e-01 1.922351e+00 2.145760e+00 1.715719e+01 7.114709e+03 7.114731e+03 3.09646 6.783363e-01
