1.000000e+00 9.685620e-01 1.573387e+00 1.756853e+00 1.232412e+01 0.000000e+00 1.055862e+04 0 0.000000e+00
9.990000e-01 9.685620e-01 1.573423e+00 1.756832e+00 1.232768e+01 4.107425e+02 1.053088e+04 1.92118 3.626895e-02
9.980000e-01 9.685620e-01 1.574838e+00 1.758452e+00 1.233566e+01 5.579276e+02 1.051416e+04 1.75014 4.479874e-02
9.970000e-01 9.685620e-01 1.575535e+00 1.759241e+00 1.234104e+01 6.843449e+02 1.050309e+04 1.75291 5.498782e-02
9.960000e-01 9.685620e-01 1.576234e+00 1.760029e+00 1.234646e+01 7.905236e+02 1.049338e+04 1.75542 6.355385e-02
9.950000e-01 9.685620e-01 1.576940e+00 1.760824e+00 1.235191e+01 8.845350e+02 1.048449e+04 1.75784 7.114630e-02
9.940000e-01 9.685620e-01 1.577656e+00 1.761634e+00 1.235738e+01 9.700468e+02 1.047617e+04 1.76022 7.805880e-02
9.930000e-01 9.685620e-01 1.578381e+00 1.762455e+00 1.236287e+01 1.048954e+03 1.046831e+04 1.76256 8.444299e-02
9.920000e-01 9.685620e-01 1.579111e+00 1.763285e+00 1.236837e+01 1.122441e+03 1.046081e+04 1.76488 9.039401e-02
9.910000e-01 9.685620e-01 1.579845e+00 1.764119e+00 1.237387e+01 1.191372e+03 1.045363e+04 1.76718 9.598142e-02
9.900000e-01 9.685620e-01 1.580577e+00 1.764952e+00 1.237937e+01 1.256309e+03 1.044671e+04 1.76947 1.012504e-01
9.890000e-01 9.685620e-01 1.581305e+00 1.765778e+00 1.238486e+01 1.317697e+03 1.044003e+04 1.77175 1.062368e-01
9.880000e-01 9.685620e-01 1.582026e+00 1.766596e+00 1.239034e+01 1.375937e+03 1.043356e+04 1.77402 1.109730e-01
9.870000e-01 9.685620e-01 1.582739e+00 1.767401e+00 1.239582e+01 1.431354e+03 1.042728e+04 1.77627 1.154851e-01
9.860000e-01 9.685620e-01 1.583444e+00 1.768195e+00 1.240130e+01 1.484364e+03 1.042114e+04 1.77852 1.198068e-01
9.850000e-01 9.685620e-01 1.584147e+00 1.768985e+00 1.240679e+01 1.535513e+03 1.041511e+04 1.78077 1.239819e-01
9.840000e-01 9.685620e-01 1.584884e+00 1.769815e+00 1.241241e+01 1.585065e+03 1.040911e+04 1.78316 1.280356e-01
9.830000e-01 9.685620e-01 1.585599e+00 1.770618e+00 1.241798e+01 1.633540e+03 1.040322e+04 1.78544 1.320004e-01
9.820000e-01 9.685620e-01 1.586321e+00 1.771432e+00 1.242358e+01 1.680900e+03 1.039740e+04 1.78772 1.358775e-01
9.810000e-01 9.685620e-01 1.587051e+00 1.772255e+00 1.242921e+01 1.727189e+03 1.039164e+04 1.79002 1.396701e-01
9.800000e-01 9.685620e-01 1.587787e+00 1.773086e+00 1.243485e+01 1.772390e+03 1.038595e+04 1.79233 1.433770e-01
9.790000e-01 9.685620e-01 1.588526e+00 1.773922e+00 1.244049e+01 1.816497e+03 1.038032e+04 1.79464 1.469974e-01
9.780000e-01 9.685620e-01 1.589266e+00 1.774760e+00 1.244614e+01 1.859477e+03 1.037477e+04 1.79695 1.505289e-01
9.770000e-01 9.685620e-01 1.590006e+00 1.775596e+00 1.245179e+01 1.901363e+03 1.036930e+04 1.79926 1.539742e-01
9.760000e-01 9.685620e-01 1.590744e+00 1.776431e+00 1.245744e+01 1.942244e+03 1.036388e+04 1.80157 1.573407e-01
9.750000e-01 9.685620e-01 1.591484e+00 1.777267e+00 1.246311e+01 1.982285e+03 1.035851e+04 1.80389 1.606416e-01
9.740000e-01 9.685620e-01 1.592228e+00 1.778108e+00 1.246880e+01 2.021623e+03 1.035318e+04 1.80622 1.638879e-01
9.730000e-01 9.685620e-01 1.592976e+00 1.778955e+00 1.247450e+01 2.060293e+03 1.034788e+04 1.80856 1.670821e-01
9.720000e-01 9.685620e-01 1.593728e+00 1.779806e+00 1.248023e+01 2.098302e+03 1.034261e+04 1.81091 1.702248e-01
9.710000e-01 9.685620e-01 1.594483e+00 1.780661e+00 1.248596e+01 2.135645e+03 1.033739e+04 1.81326 1.733155e-01
9.700000e-01 9.685620e-01 1.595239e+00 1.781518e+00 1.249170e+01 2.172299e+03 1.033220e+04 1.81562 1.763523e-01
9.690000e-01 9.685620e-01 1.595993e+00 1.782373e+00 1.249744e+01 2.208231e+03 1.032706e+04 1.81798 1.793325e-01
9.680000e-01 9.685620e-01 1.596746e+00 1.783224e+00 1.250318e+01 2.243429e+03 1.032196e+04 1.82034 1.822554e-01
9.670000e-01 9.685620e-01 1.597494e+00 1.784071e+00 1.250891e+01 2.277893e+03 1.031691e+04 1.8227 1.851212e-01
9.660000e-01 9.685620e-01 1.598239e+00 1.784911e+00 1.251463e+01 2.311683e+03 1.031190e+04 1.82505 1.879345e-01
9.650000e-01 9.685620e-01 1.598983e+00 1.785751e+00 1.252037e+01 2.344947e+03 1.030691e+04 1.82741 1.907075e-01
9.640000e-01 9.685620e-01 1.599729e+00 1.786593e+00 1.252614e+01 2.377805e+03 1.030193e+04 1.82978 1.934498e-01
9.630000e-01 9.685620e-01 1.600480e+00 1.787440e+00 1.253193e+01 2.410307e+03 1.029696e+04 1.83216 1.961651e-01
9.620000e-01 9.685620e-01 1.601236e+00 1.788293e+00 1.253775e+01 2.442479e+03 1.029201e+04 1.83455 1.988553e-01
9.610000e-01 9.685620e-01 1.601997e+00 1.789152e+00 1.254359e+01 2.474319e+03 1.028706e+04 1.83696 2.015202e-01
9.600000e-01 9.685620e-01 1.602761e+00 1.790017e+00 1.254945e+01 2.505814e+03 1.028213e+04 1.83937 2.041586e-01
9.590000e-01 9.685620e-01 1.603529e+00 1.790885e+00 1.255533e+01 2.536933e+03 1.027722e+04 1.84179 2.067680e-01
9.580000e-01 9.685620e-01 1.604298e+00 1.791755e+00 1.256121e+01 2.567637e+03 1.027232e+04 1.84422 2.093452e-01
9.570000e-01 9.685620e-01 1.605067e+00 1.792625e+00 1.256709e+01 2.597922e+03 1.026745e+04 1.84665 2.118902e-01
9.560000e-01 9.685620e-01 1.605836e+00 1.793495e+00 1.257299e+01 2.627815e+03 1.026260e+04 1.84908 2.144051e-01
9.550000e-01 9.685620e-01 1.606608e+00 1.794367e+00 1.257890e+01 2.657392e+03 1.025776e+04 1.85152 2.168961e-01
9.540000e-01 9.685620e-01 1.607383e+00 1.795244e+00 1.258483e+01 2.686692e+03 1.025292e+04 1.85397 2.193663e-01
9.530000e-01 9.685620e-01 1.608162e+00 1.796125e+00 1.259078e+01 2.715715e+03 1.024809e+04 1.85643 2.218155e-01
9.520000e-01 9.685620e-01 1.608943e+00 1.797010e+00 1.259675e+01 2.744443e+03 1.024326e+04 1.8589 2.242421e-01
9.510000e-01 9.685620e-01 1.609726e+00 1.797897e+00 1.260273e+01 2.772856e+03 1.023846e+04 1.86138 2.266446e-01
9.500000e-01 9.685620e-01 1.610510e+00 1.798784e+00 1.260871e+01 2.800929e+03 1.023367e+04 1.86386 2.290210e-01
9.490000e-01 9.685620e-01 1.611293e+00 1.799671e+00 1.261469e+01 2.828639e+03 1.022890e+04 1.86634 2.313693e-01
9.480000e-01 9.685620e-01 1.612074e+00 1.800555e+00 1.262067e+01 2.855970e+03 1.022415e+04 1.86882 2.336885e-01
9.470000e-01 9.685620e-01 1.612853e+00 1.801435e+00 1.262664e+01 2.882928e+03 1.021943e+04 1.87129 2.359791e-01
9.460000e-01 9.685620e-01 1.613630e+00 1.802313e+00 1.263263e+01 2.909560e+03 1.021471e+04 1.87377 2.382451e-01
9.450000e-01 9.685620e-01 1.614409e+00 1.803193e+00 1.263863e+01 2.935964e+03 1.021001e+04 1.87626 2.404944e-01
9.440000e-01 9.685620e-01 1.615190e+00 1.804076e+00 1.264466e+01 2.962184e+03 1.020529e+04 1.87876 2.427304e-01
9.430000e-01 9.685620e-01 1.615976e+00 1.804964e+00 1.265071e+01 2.988239e+03 1.020058e+04 1.88128 2.449546e-01
9.420000e-01 9.685620e-01 1.616767e+00 1.805857e+00 1.265679e+01 3.014125e+03 1.019586e+04 1.8838 2.471664e-01
9.410000e-01 9.685620e-01 1.617561e+00 1.806755e+00 1.266289e+01 3.039830e+03 1.019114e+04 1.88634 2.493647e-01
9.400000e-01 9.685620e-01 1.618358e+00 1.807657e+00 1.266901e+01 3.065332e+03 1.018642e+04 1.88888 2.515479e-01
9.390000e-01 9.685620e-01 1.619157e+00 1.808561e+00 1.267513e+01 3.090601e+03 1.018172e+04 1.89143 2.537132e-01
9.380000e-01 9.685620e-01 1.619956e+00 1.809466e+00 1.268126e+01 3.115619e+03 1.017703e+04 1.89399 2.558596e-01
9.370000e-01 9.685620e-01 1.620756e+00 1.810370e+00 1.268740e+01 3.140397e+03 1.017234e+04 1.89654 2.579878e-01
9.360000e-01 9.685620e-01 1.621557e+00 1.811277e+00 1.269355e+01 3.164974e+03 1.016766e+04 1.89911 2.601011e-01
9.350000e-01 9.685620e-01 1.622361e+00 1.812187e+00 1.269973e+01 3.189395e+03 1.016298e+04 1.90168 2.622032e-01
9.340000e-01 9.685620e-01 1.623169e+00 1.813101e+00 1.270593e+01 3.213663e+03 1.015830e+04 1.90427 2.642942e-01
9.330000e-01 9.685620e-01 1.623980e+00 1.814019e+00 1.271214e+01 3.237771e+03 1.015361e+04 1.90686 2.663735e-01
9.320000e-01 9.685620e-01 1.624793e+00 1.814940e+00 1.271837e+01 3.261698e+03 1.014893e+04 1.90946 2.684393e-01
9.310000e-01 9.685620e-01 1.625608e+00 1.815863e+00 1.272461e+01 3.285416e+03 1.014425e+04 1.91207 2.704893e-01
9.300000e-01 9.685620e-01 1.626422e+00 1.816785e+00 1.273085e+01 3.308906e+03 1.013959e+04 1.91468 2.725218e-01
9.290000e-01 9.685620e-01 1.627235e+00 1.817705e+00 1.273709e+01 3.332145e+03 1.013494e+04 1.91729 2.745353e-01
9.280000e-01 9.685620e-01 1.628046e+00 1.818623e+00 1.274333e+01 3.355130e+03 1.013030e+04 1.9199 2.765295e-01
9.270000e-01 9.685620e-01 1.628855e+00 1.819538e+00 1.274957e+01 3.377887e+03 1.012567e+04 1.92251 2.785067e-01
9.260000e-01 9.685620e-01 1.629665e+00 1.820454e+00 1.275583e+01 3.400485e+03 1.012104e+04 1.92513 2.804725e-01
9.250000e-01 9.685620e-01 1.630479e+00 1.821374e+00 1.276211e+01 3.422964e+03 1.011640e+04 1.92776 2.824302e-01
9.240000e-01 9.685620e-01 1.631296e+00 1.822298e+00 1.276842e+01 3.445342e+03 1.011176e+04 1.9304 2.843811e-01
9.230000e-01 9.685620e-01 1.632117e+00 1.823227e+00 1.277475e+01 3.467620e+03 1.010711e+04 1.93305 2.863250e-01
9.220000e-01 9.685620e-01 1.632942e+00 1.824160e+00 1.278111e+01 3.489786e+03 1.010245e+04 1.93572 2.882611e-01
9.210000e-01 9.685620e-01 1.633770e+00 1.825097e+00 1.278749e+01 3.511820e+03 1.009779e+04 1.93839 2.901873e-01
9.200000e-01 9.685620e-01 1.634599e+00 1.826036e+00 1.279387e+01 3.533695e+03 1.009313e+04 1.94107 2.921018e-01
9.190000e-01 9.685620e-01 1.635429e+00 1.826976e+00 1.280026e+01 3.555392e+03 1.008848e+04 1.94375 2.940029e-01
9.180000e-01 9.685620e-01 1.636259e+00 1.827915e+00 1.280666e+01 3.576919e+03 1.008384e+04 1.94644 2.958912e-01
9.170000e-01 9.685620e-01 1.637091e+00 1.828856e+00 1.281307e+01 3.598305e+03 1.007919e+04 1.94913 2.977693e-01
9.160000e-01 9.685620e-01 1.637925e+00 1.829801e+00 1.281951e+01 3.619586e+03 1.007455e+04 1.95183 2.996402e-01
9.150000e-01 9.685620e-01 1.638763e+00 1.830749e+00 1.282596e+01 3.640765e+03 1.006989e+04 1.95454 3.015040e-01
9.140000e-01 9.685620e-01 1.639604e+00 1.831702e+00 1.283244e+01 3.661839e+03 1.006523e+04 1.95727 3.033603e-01
9.130000e-01 9.685620e-01 1.640447e+00 1.832657e+00 1.283893e+01 3.682785e+03 1.006057e+04 1.96 3.052074e-01
9.120000e-01 9.685620e-01 1.641291e+00 1.833613e+00 1.284543e+01 3.703590e+03 1.005591e+04 1.96273 3.070439e-01
9.110000e-01 9.685620e-01 1.642136e+00 1.834570e+00 1.285194e+01 3.724232e+03 1.005125e+04 1.96547 3.088683e-01
9.100000e-01 9.685620e-01 1.642979e+00 1.835525e+00 1.285845e+01 3.744690e+03 1.004661e+04 1.96822 3.106789e-01
9.090000e-01 9.685620e-01 1.643821e+00 1.836478e+00 1.286496e+01 3.764967e+03 1.004197e+04 1.97096 3.124759e-01
9.080000e-01 9.685620e-01 1.644662e+00 1.837429e+00 1.287148e+01 3.785084e+03 1.003733e+04 1.9737 3.142612e-01
9.070000e-01 9.685620e-01 1.645505e+00 1.838382e+00 1.287801e+01 3.805098e+03 1.003269e+04 1.97645 3.160397e-01
9.060000e-01 9.685620e-01 1.646351e+00 1.839339e+00 1.288458e+01 3.825036e+03 1.002803e+04 1.97922 3.178133e-01
9.050000e-01 9.685620e-01 1.647201e+00 1.840301e+00 1.289117e+01 3.844910e+03 1.002337e+04 1.982 3.195829e-01
9.040000e-01 9.685620e-01 1.648055e+00 1.841268e+00 1.289779e+01 3.864716e+03 1.001869e+04 1.98479 3.213482e-01
9.030000e-01 9.685620e-01 1.648913e+00 1.842238e+00 1.290443e+01 3.884439e+03 1.001400e+04 1.98759 3.231079e-01
9.020000e-01 9.685620e-01 1.649773e+00 1.843212e+00 1.291109e+01 3.904063e+03 1.000931e+04 1.9904 3.248604e-01
9.010000e-01 9.685620e-01 1.650634e+00 1.844187e+00 1.291776e+01 3.923564e+03 1.000462e+04 1.99322 3.266039e-01
9.000000e-01 9.685620e-01 1.651496e+00 1.845163e+00 1.292444e+01 3.942932e+03 9.999933e+03 1.99604 3.283375e-01
8.990000e-01 9.685620e-01 1.652358e+00 1.846139e+00 1.293112e+01 3.962174e+03 9.995245e+03 1.99886 3.300618e-01
8.980000e-01 9.685620e-01 1.653223e+00 1.847118e+00 1.293783e+01 3.981322e+03 9.990552e+03 2.0017 3.317797e-01
8.970000e-01 9.685620e-01 1.654090e+00 1.848100e+00 1.294455e+01 4.000392e+03 9.985851e+03 2.00454 3.334923e-01
8.960000e-01 9.685620e-01 1.654961e+00 1.849086e+00 1.295130e+01 4.019385e+03 9.981141e+03 2.00739 3.351998e-01
8.950000e-01 9.685620e-01 1.655834e+00 1.850075e+00 1.295807e+01 4.038289e+03 9.976426e+03 2.01025 3.369009e-01
8.940000e-01 9.685620e-01 1.656708e+00 1.851066e+00 1.296485e+01 4.057090e+03 9.971708e+03 2.01312 3.385945e-01
8.930000e-01 9.685620e-01 1.657584e+00 1.852057e+00 1.297163e+01 4.075769e+03 9.966990e+03 2.016 3.402793e-01
8.920000e-01 9.685620e-01 1.658459e+00 1.853048e+00 1.297843e+01 4.094311e+03 9.962275e+03 2.01887 3.419537e-01
8.910000e-01 9.685620e-01 1.659332e+00 1.854038e+00 1.298522e+01 4.112702e+03 9.957565e+03 2.02175 3.436169e-01
8.900000e-01 9.685620e-01 1.660205e+00 1.855025e+00 1.299202e+01 4.130954e+03 9.952858e+03 2.02462 3.452699e-01
8.890000e-01 9.685620e-01 1.661078e+00 1.856013e+00 1.299883e+01 4.149104e+03 9.948147e+03 2.02751 3.469159e-01
8.880000e-01 9.685620e-01 1.661954e+00 1.857004e+00 1.300566e+01 4.167190e+03 9.943426e+03 2.0304 3.485580e-01
8.870000e-01 9.685620e-01 1.662833e+00 1.857999e+00 1.301253e+01 4.185226e+03 9.938691e+03 2.03331 3.501972e-01
8.860000e-01 9.685620e-01 1.663717e+00 1.858999e+00 1.301942e+01 4.203216e+03 9.933942e+03 2.03623 3.518339e-01
8.850000e-01 9.685620e-01 1.664604e+00 1.860003e+00 1.302634e+01 4.221149e+03 9.929181e+03 2.03917 3.534670e-01
8.840000e-01 9.685620e-01 1.665494e+00 1.861011e+00 1.303328e+01 4.239011e+03 9.924411e+03 2.04211 3.550952e-01
8.830000e-01 9.685620e-01 1.666386e+00 1.862021e+00 1.304024e+01 4.256784e+03 9.919636e+03 2.04506 3.567172e-01
8.820000e-01 9.685620e-01 1.667279e+00 1.863032e+00 1.304721e+01 4.274451e+03 9.914859e+03 2.04802 3.583313e-01
8.810000e-01 9.685620e-01 1.668172e+00 1.864044e+00 1.305418e+01 4.292017e+03 9.910080e+03 2.05098 3.599381e-01
8.800000e-01 9.685620e-01 1.669067e+00 1.865057e+00 1.306117e+01 4.309496e+03 9.905296e+03 2.05395 3.615389e-01
8.790000e-01 9.685620e-01 1.669965e+00 1.866073e+00 1.306819e+01 4.326919e+03 9.900502e+03 2.05692 3.631361e-01
8.780000e-01 9.685620e-01 1.670866e+00 1.867093e+00 1.307523e+01 4.344278e+03 9.895697e+03 2.05991 3.647291e-01
8.770000e-01 9.685620e-01 1.671769e+00 1.868117e+00 1.308228e+01 4.361573e+03 9.890882e+03 2.06291 3.663178e-01
8.760000e-01 9.685620e-01 1.672674e+00 1.869142e+00 1.308936e+01 4.378786e+03 9.886061e+03 2.06591 3.679007e-01
8.750000e-01 9.685620e-01 1.673581e+00 1.870169e+00 1.309644e+01 4.395906e+03 9.881237e+03 2.06893 3.694768e-01
8.740000e-01 9.685620e-01 1.674487e+00 1.871196e+00 1.310354e+01 4.412912e+03 9.876413e+03 2.07194 3.710447e-01
8.730000e-01 9.685620e-01 1.675392e+00 1.872220e+00 1.311063e+01 4.429794e+03 9.871591e+03 2.07495 3.726031e-01
8.720000e-01 9.685620e-01 1.676296e+00 1.873243e+00 1.311773e+01 4.446558e+03 9.866770e+03 2.07797 3.741530e-01
8.710000e-01 9.685620e-01 1.677200e+00 1.874267e+00 1.312484e+01 4.463231e+03 9.861945e+03 2.08099 3.756967e-01
8.700000e-01 9.685620e-01 1.678107e+00 1.875293e+00 1.313197e+01 4.479854e+03 9.857107e+03 2.08402 3.772374e-01
8.690000e-01 9.685620e-01 1.679017e+00 1.876323e+00 1.313914e+01 4.496434e+03 9.852254e+03 2.08707 3.787758e-01
8.680000e-01 9.685620e-01 1.679932e+00 1.877358e+00 1.314634e+01 4.512982e+03 9.847383e+03 2.09013 3.803128e-01
8.670000e-01 9.685620e-01 1.680849e+00 1.878397e+00 1.315356e+01 4.529484e+03 9.842499e+03 2.0932 3.818468e-01
8.660000e-01 9.685620e-01 1.681770e+00 1.879439e+00 1.316080e+01 4.545929e+03 9.837603e+03 2.09628 3.833772e-01
8.650000e-01 9.685620e-01 1.682693e+00 1.880484e+00 1.316807e+01 4.562299e+03 9.832700e+03 2.09937 3.849023e-01
8.640000e-01 9.685620e-01 1.683616e+00 1.881529e+00 1.317534e+01 4.578582e+03 9.827793e+03 2.10246 3.864211e-01
8.630000e-01 9.685620e-01 1.684540e+00 1.882576e+00 1.318262e+01 4.594779e+03 9.822882e+03 2.10556 3.879338e-01
8.620000e-01 9.685620e-01 1.685466e+00 1.883624e+00 1.318993e+01 4.610907e+03 9.817964e+03 2.10867 3.894417e-01
8.610000e-01 9.685620e-01 1.686394e+00 1.884675e+00 1.319725e+01 4.626987e+03 9.813033e+03 2.11179 3.909468e-01
8.600000e-01 9.685620e-01 1.687326e+00 1.885730e+00 1.320460e+01 4.643017e+03 9.808090e+03 2.11492 3.924487e-01
8.590000e-01 9.685620e-01 1.688260e+00 1.886788e+00 1.321197e+01 4.658992e+03 9.803135e+03 2.11805 3.939469e-01
8.580000e-01 9.685620e-01 1.689196e+00 1.887849e+00 1.321936e+01 4.674897e+03 9.798173e+03 2.1212 3.954403e-01
8.570000e-01 9.685620e-01 1.690133e+00 1.888910e+00 1.322677e+01 4.690721e+03 9.793206e+03 2.12435 3.969278e-01
8.560000e-01 9.685620e-01 1.691070e+00 1.889971e+00 1.323418e+01 4.706444e+03 9.788237e+03 2.12751 3.984080e-01
8.550000e-01 9.685620e-01 1.692006e+00 1.891030e+00 1.324159e+01 4.722060e+03 9.783270e+03 2.13066 3.998802e-01
8.540000e-01 9.685620e-01 1.692940e+00 1.892088e+00 1.324901e+01 4.737577e+03 9.778301e+03 2.13382 4.013454e-01
8.530000e-01 9.685620e-01 1.693876e+00 1.893147e+00 1.325644e+01 4.753026e+03 9.773325e+03 2.13699 4.028061e-01
8.520000e-01 9.685620e-01 1.694815e+00 1.894209e+00 1.326390e+01 4.768437e+03 9.768333e+03 2.14016 4.042648e-01
8.510000e-01 9.685620e-01 1.695757e+00 1.895276e+00 1.327140e+01 4.783816e+03 9.763323e+03 2.14336 4.057221e-01
8.500000e-01 9.685620e-01 1.696703e+00 1.896347e+00 1.327893e+01 4.799165e+03 9.758296e+03 2.14656 4.071779e-01
8.490000e-01 9.685620e-01 1.697653e+00 1.897422e+00 1.328648e+01 4.814471e+03 9.753255e+03 2.14978 4.086311e-01
8.480000e-01 9.685620e-01 1.698605e+00 1.898500e+00 1.329405e+01 4.829725e+03 9.748201e+03 2.153 4.100809e-01
8.470000e-01 9.685620e-01 1.699558e+00 1.899580e+00 1.330165e+01 4.844909e+03 9.743140e+03 2.15624 4.115259e-01
8.460000e-01 9.685620e-01 1.700512e+00 1.900660e+00 1.330925e+01 4.860017e+03 9.738074e+03 2.15947 4.129653e-01
8.450000e-01 9.685620e-01 1.701467e+00 1.901742e+00 1.331687e+01 4.875055e+03 9.733000e+03 2.16272 4.143998e-01
8.440000e-01 9.685620e-01 1.702425e+00 1.902826e+00 1.332451e+01 4.890042e+03 9.727916e+03 2.16597 4.158311e-01
8.430000e-01 9.685620e-01 1.703385e+00 1.903913e+00 1.333218e+01 4.904990e+03 9.722817e+03 2.16924 4.172601e-01
8.420000e-01 9.685620e-01 1.704348e+00 1.905004e+00 1.333986e+01 4.919888e+03 9.717706e+03 2.17251 4.186859e-01
8.410000e-01 9.685620e-01 1.705313e+00 1.906097e+00 1.334758e+01 4.934737e+03 9.712583e+03 2.1758 4.201084e-01
8.400000e-01 9.685620e-01 1.706311e+00 1.907230e+00 1.335540e+01 4.949467e+03 9.707387e+03 2.17915 4.215180e-01
8.390000e-01 9.685620e-01 1.707247e+00 1.908289e+00 1.336305e+01 4.964218e+03 9.702315e+03 2.18239 4.229380e-01
8.380000e-01 9.685620e-01 1.708245e+00 1.909420e+00 1.337088e+01 4.978778e+03 9.697114e+03 2.18574 4.243353e-01
8.370000e-01 9.685620e-01 1.709179e+00 1.910476e+00 1.337854e+01 4.993339e+03 9.692040e+03 2.18898 4.257414e-01
8.360000e-01 9.685620e-01 1.710176e+00 1.911606e+00 1.338640e+01 5.007735e+03 9.686831e+03 2.19235 4.271270e-01
8.350000e-01 9.685620e-01 1.711144e+00 1.912701e+00 1.339419e+01 5.022133e+03 9.681671e+03 2.19567 4.285179e-01
8.340000e-01 9.685620e-01 1.712115e+00 1.913801e+00 1.340201e+01 5.036508e+03 9.676493e+03 2.199 4.299080e-01
8.330000e-01 9.685620e-01 1.713090e+00 1.914905e+00 1.340987e+01 5.050854e+03 9.671296e+03 2.20234 4.312968e-01
8.320000e-01 9.685620e-01 1.714069e+00 1.916013e+00 1.341776e+01 5.065169e+03 9.666083e+03 2.2057 4.326839e-01
8.310000e-01 9.685620e-01 1.715050e+00 1.917125e+00 1.342567e+01 5.079439e+03 9.660855e+03 2.20907 4.340682e-01
8.300000e-01 9.685620e-01 1.716033e+00 1.918238e+00 1.343360e+01 5.093651e+03 9.655616e+03 2.21244 4.354486e-01
8.290000e-01 9.685620e-01 1.717017e+00 1.919352e+00 1.344155e+01 5.107799e+03 9.650372e+03 2.21582 4.368244e-01
8.280000e-01 9.685620e-01 1.718002e+00 1.920467e+00 1.344951e+01 5.121879e+03 9.645119e+03 2.21921 4.381955e-01
8.270000e-01 9.685620e-01 1.718988e+00 1.921585e+00 1.345749e+01 5.135909e+03 9.639855e+03 2.22261 4.395634e-01
8.260000e-01 9.685620e-01 1.719978e+00 1.922706e+00 1.346550e+01 5.149904e+03 9.634577e+03 2.22602 4.409292e-01
8.250000e-01 9.685620e-01 1.720970e+00 1.923830e+00 1.347354e+01 5.163854e+03 9.629285e+03 2.22943 4.422922e-01
8.240000e-01 9.685620e-01 1.721964e+00 1.924956e+00 1.348160e+01 5.177757e+03 9.623982e+03 2.23286 4.436522e-01
8.230000e-01 9.685620e-01 1.722960e+00 1.926085e+00 1.348967e+01 5.191603e+03 9.618668e+03 2.2363 4.450082e-01
8.220000e-01 9.685620e-01 1.723956e+00 1.927214e+00 1.349776e+01 5.205380e+03 9.613348e+03 2.23974 4.463592e-01
8.210000e-01 9.685620e-01 1.724952e+00 1.928342e+00 1.350586e+01 5.219073e+03 9.608025e+03 2.24318 4.477041e-01
8.200000e-01 9.685620e-01 1.725947e+00 1.929468e+00 1.351397e+01 5.232679e+03 9.602701e+03 2.24663 4.490427e-01
8.190000e-01 9.685620e-01 1.726941e+00 1.930595e+00 1.352208e+01 5.246218e+03 9.597370e+03 2.25008 4.503769e-01
8.180000e-01 9.685620e-01 1.727938e+00 1.931723e+00 1.353023e+01 5.259718e+03 9.592023e+03 2.25354 4.517088e-01
8.170000e-01 9.685620e-01 1.728938e+00 1.932856e+00 1.353841e+01 5.273192e+03 9.586657e+03 2.25702 4.530398e-01
8.160000e-01 9.685620e-01 1.729943e+00 1.933994e+00 1.354663e+01 5.286644e+03 9.581272e+03 2.26051 4.543698e-01
8.150000e-01 9.685620e-01 1.730950e+00 1.935135e+00 1.355487e+01 5.300064e+03 9.575868e+03 2.26401 4.556983e-01
8.140000e-01 9.685620e-01 1.731960e+00 1.936279e+00 1.356315e+01 5.313445e+03 9.570449e+03 2.26752 4.570243e-01
8.130000e-01 9.685620e-01 1.732972e+00 1.937426e+00 1.357145e+01 5.326777e+03 9.565019e+03 2.27105 4.583471e-01
8.120000e-01 9.685620e-01 1.733985e+00 1.938574e+00 1.357976e+01 5.340045e+03 9.559579e+03 2.27458 4.596654e-01
8.110000e-01 9.685620e-01 1.734999e+00 1.939722e+00 1.358809e+01 5.353256e+03 9.554131e+03 2.27811 4.609798e-01
8.100000e-01 9.685620e-01 1.736014e+00 1.940873e+00 1.359645e+01 5.366422e+03 9.548670e+03 2.28166 4.622913e-01
8.090000e-01 9.685620e-01 1.737032e+00 1.942027e+00 1.360483e+01 5.379552e+03 9.543194e+03 2.28521 4.636007e-01
8.080000e-01 9.685620e-01 1.738053e+00 1.943184e+00 1.361324e+01 5.392645e+03 9.537702e+03 2.28878 4.649078e-01
8.070000e-01 9.685620e-01 1.739076e+00 1.944344e+00 1.362167e+01 5.405693e+03 9.532197e+03 2.29236 4.662119e-01
8.060000e-01 9.685620e-01 1.740100e+00 1.945505e+00 1.363013e+01 5.418685e+03 9.526681e+03 2.29594 4.675121e-01
8.050000e-01 9.685620e-01 1.741125e+00 1.946666e+00 1.363860e+01 5.431612e+03 9.521158e+03 2.29953 4.688077e-01
8.040000e-01 9.685620e-01 1.742149e+00 1.947826e+00 1.364707e+01 5.444461e+03 9.515631e+03 2.30312 4.700975e-01
8.030000e-01 9.685620e-01 1.743171e+00 1.948985e+00 1.365556e+01 5.457231e+03 9.510101e+03 2.30671 4.713817e-01
8.020000e-01 9.685620e-01 1.744194e+00 1.950144e+00 1.366406e+01 5.469945e+03 9.504562e+03 2.31031 4.726622e-01
8.010000e-01 9.685620e-01 1.745220e+00 1.951306e+00 1.367259e+01 5.482628e+03 9.499004e+03 2.31392 4.739413e-01
8.000000e-01 9.685620e-01 1.746249e+00 1.952471e+00 1.368117e+01 5.495289e+03 9.493424e+03 2.31755 4.752194e-01
7.990000e-01 9.685620e-01 1.747281e+00 1.953642e+00 1.368977e+01 5.507928e+03 9.487822e+03 2.32119 4.764968e-01
7.980000e-01 9.685620e-01 1.748317e+00 1.954816e+00 1.369842e+01 5.520537e+03 9.482201e+03 2.32484 4.777724e-01
7.970000e-01 9.685620e-01 1.749355e+00 1.955993e+00 1.370708e+01 5.533106e+03 9.476564e+03 2.3285 4.790456e-01
7.960000e-01 9.685620e-01 1.750395e+00 1.957171e+00 1.371578e+01 5.545627e+03 9.470914e+03 2.33217 4.803155e-01
7.950000e-01 9.685620e-01 1.751435e+00 1.958350e+00 1.372449e+01 5.558088e+03 9.465253e+03 2.33585 4.815812e-01
7.940000e-01 9.685620e-01 1.752476e+00 1.959530e+00 1.373322e+01 5.570501e+03 9.459581e+03 2.33953 4.828436e-01
7.930000e-01 9.685620e-01 1.753520e+00 1.960713e+00 1.374197e+01 5.582876e+03 9.453893e+03 2.34323 4.841038e-01
7.920000e-01 9.685620e-01 1.754566e+00 1.961899e+00 1.375076e+01 5.595219e+03 9.448186e+03 2.34693 4.853620e-01
7.910000e-01 9.685620e-01 1.755614e+00 1.963088e+00 1.375958e+01 5.607527e+03 9.442462e+03 2.35065 4.866180e-01
7.900000e-01 9.685620e-01 1.756664e+00 1.964279e+00 1.376842e+01 5.619787e+03 9.436724e+03 2.35437 4.878707e-01
7.890000e-01 9.685620e-01 1.757715e+00 1.965471e+00 1.377728e+01 5.631992e+03 9.430976e+03 2.3581 4.891194e-01
7.880000e-01 9.685620e-01 1.758765e+00 1.966661e+00 1.378616e+01 5.644129e+03 9.425221e+03 2.36184 4.903633e-01
7.870000e-01 9.685620e-01 1.759815e+00 1.967851e+00 1.379504e+01 5.656190e+03 9.419461e+03 2.36557 4.916016e-01
7.860000e-01 9.685620e-01 1.760863e+00 1.969039e+00 1.380393e+01 5.668187e+03 9.413693e+03 2.36931 4.928353e-01
7.850000e-01 9.685620e-01 1.761913e+00 1.970229e+00 1.381286e+01 5.680147e+03 9.407909e+03 2.37306 4.940669e-01
7.840000e-01 9.685620e-01 1.762966e+00 1.971422e+00 1.382182e+01 5.692085e+03 9.402101e+03 2.37682 4.952977e-01
7.830000e-01 9.685620e-01 1.764023e+00 1.972620e+00 1.383082e+01 5.704000e+03 9.396269e+03 2.38059 4.965276e-01
7.820000e-01 9.685620e-01 1.765083e+00 1.973821e+00 1.383985e+01 5.715893e+03 9.390414e+03 2.38438 4.977562e-01
7.810000e-01 9.685620e-01 1.766145e+00 1.975026e+00 1.384892e+01 5.727751e+03 9.384539e+03 2.38818 4.989828e-01
7.800000e-01 9.685620e-01 1.767209e+00 1.976232e+00 1.385802e+01 5.739566e+03 9.378647e+03 2.39199 5.002066e-01
7.790000e-01 9.685620e-01 1.768274e+00 1.977440e+00 1.386714e+01 5.751330e+03 9.372743e+03 2.3958 5.014267e-01
7.780000e-01 9.685620e-01 1.769339e+00 1.978647e+00 1.387628e+01 5.763041e+03 9.366826e+03 2.39962 5.026432e-01
7.770000e-01 9.685620e-01 1.770406e+00 1.979857e+00 1.388544e+01 5.774714e+03 9.360894e+03 2.40345 5.038571e-01
7.760000e-01 9.685620e-01 1.771476e+00 1.981070e+00 1.389464e+01 5.786360e+03 9.354939e+03 2.40729 5.050696e-01
7.750000e-01 9.685620e-01 1.772548e+00 1.982286e+00 1.390388e+01 5.797971e+03 9.348965e+03 2.41114 5.062799e-01
7.740000e-01 9.685620e-01 1.773621e+00 1.983504e+00 1.391314e+01 5.809542e+03 9.342974e+03 2.415 5.074873e-01
7.730000e-01 9.685620e-01 1.774696e+00 1.984723e+00 1.392242e+01 5.821060e+03 9.336971e+03 2.41887 5.086912e-01
7.720000e-01 9.685620e-01 1.775770e+00 1.985941e+00 1.393171e+01 5.832518e+03 9.330957e+03 2.42274 5.098905e-01
7.710000e-01 9.685620e-01 1.776843e+00 1.987158e+00 1.394102e+01 5.843907e+03 9.324937e+03 2.42661 5.110846e-01
7.700000e-01 9.685620e-01 1.777915e+00 1.988373e+00 1.395034e+01 5.855227e+03 9.318910e+03 2.43049 5.122740e-01
7.690000e-01 9.685620e-01 1.778988e+00 1.989588e+00 1.395969e+01 5.866508e+03 9.312866e+03 2.43437 5.134609e-01
7.680000e-01 9.685620e-01 1.780064e+00 1.990808e+00 1.396908e+01 5.877770e+03 9.306796e+03 2.43826 5.146471e-01
7.670000e-01 9.685620e-01 1.781143e+00 1.992032e+00 1.397851e+01 5.889006e+03 9.300702e+03 2.44217 5.158321e-01
7.660000e-01 9.685620e-01 1.782225e+00 1.993259e+00 1.398798e+01 5.900219e+03 9.294583e+03 2.4461 5.170160e-01
7.650000e-01 9.685620e-01 1.783310e+00 1.994489e+00 1.399749e+01 5.911402e+03 9.288442e+03 2.45003 5.181981e-01
7.640000e-01 9.685620e-01 1.784396e+00 1.995721e+00 1.400702e+01 5.922544e+03 9.282282e+03 2.45397 5.193773e-01
7.630000e-01 9.685620e-01 1.785483e+00 1.996954e+00 1.401658e+01 5.933636e+03 9.276108e+03 2.45792 5.205531e-01
7.620000e-01 9.685620e-01 1.786570e+00 1.998187e+00 1.402616e+01 5.944677e+03 9.269919e+03 2.46188 5.217254e-01
7.610000e-01 9.685620e-01 1.787659e+00 1.999422e+00 1.403577e+01 5.955681e+03 9.263714e+03 2.46584 5.228951e-01
7.600000e-01 9.685620e-01 1.788750e+00 2.000660e+00 1.404542e+01 5.966660e+03 9.257484e+03 2.46982 5.240635e-01
7.590000e-01 9.685620e-01 1.789843e+00 2.001900e+00 1.405511e+01 5.977605e+03 9.251232e+03 2.4738 5.252297e-01
7.580000e-01 9.685620e-01 1.790938e+00 2.003143e+00 1.406482e+01 5.988510e+03 9.244961e+03 2.4778 5.263931e-01
7.570000e-01 9.685620e-01 1.792034e+00 2.004386e+00 1.407456e+01 5.999368e+03 9.238675e+03 2.48179 5.275530e-01
7.560000e-01 9.685620e-01 1.793129e+00 2.005628e+00 1.408431e+01 6.010164e+03 9.232377e+03 2.4858 5.287083e-01
7.550000e-01 9.685620e-01 1.794222e+00 2.006868e+00 1.409408e+01 6.020893e+03 9.226071e+03 2.4898 5.298585e-01
7.540000e-01 9.685620e-01 1.795314e+00 2.008107e+00 1.410386e+01 6.031563e+03 9.219755e+03 2.4938 5.310044e-01
7.530000e-01 9.685620e-01 1.796439e+00 2.009383e+00 1.411378e+01 6.042160e+03 9.213348e+03 2.49787 5.321389e-01
7.520000e-01 9.685620e-01 1.797535e+00 2.010627e+00 1.412364e+01 6.052771e+03 9.206980e+03 2.5019 5.332815e-01
7.510000e-01 9.685620e-01 1.798634e+00 2.011873e+00 1.413354e+01 6.063361e+03 9.200585e+03 2.50594 5.344230e-01
7.500000e-01 9.685620e-01 1.799736e+00 2.013123e+00 1.414349e+01 6.073926e+03 9.194163e+03 2.50999 5.355632e-01
7.490000e-01 9.685620e-01 1.800840e+00 2.014375e+00 1.415347e+01 6.084460e+03 9.187716e+03 2.51405 5.367013e-01
7.480000e-01 9.685620e-01 1.801945e+00 2.015628e+00 1.416349e+01 6.094950e+03 9.181249e+03 2.51812 5.378364e-01
7.470000e-01 9.685620e-01 1.803050e+00 2.016882e+00 1.417353e+01 6.105395e+03 9.174765e+03 2.52219 5.389681e-01
7.460000e-01 9.685620e-01 1.804155e+00 2.018135e+00 1.418359e+01 6.115792e+03 9.168264e+03 2.52627 5.400963e-01
7.450000e-01 9.685620e-01 1.805262e+00 2.019390e+00 1.419369e+01 6.126154e+03 9.161740e+03 2.53035 5.412223e-01
7.440000e-01 9.685620e-01 1.806371e+00 2.020649e+00 1.420383e+01 6.136495e+03 9.155187e+03 2.53445 5.423469e-01
7.430000e-01 9.685620e-01 1.807482e+00 2.021910e+00 1.421401e+01 6.146802e+03 9.148611e+03 2.53855 5.434692e-01
7.420000e-01 9.685620e-01 1.808593e+00 2.023170e+00 1.422422e+01 6.157063e+03 9.142013e+03 2.54267 5.445881e-01
7.410000e-01 9.685620e-01 1.809705e+00 2.024432e+00 1.423446e+01 6.167277e+03 9.135399e+03 2.54678 5.457034e-01
7.400000e-01 9.685620e-01 1.810815e+00 2.025691e+00 1.424471e+01 6.177430e+03 9.128772e+03 2.5509 5.468139e-01
7.390000e-01 9.685620e-01 1.811923e+00 2.026947e+00 1.425497e+01 6.187516e+03 9.122136e+03 2.55501 5.479194e-01
7.380000e-01 9.685620e-01 1.813031e+00 2.028203e+00 1.426526e+01 6.197553e+03 9.115483e+03 2.55913 5.490214e-01
7.370000e-01 9.685620e-01 1.814140e+00 2.029460e+00 1.427559e+01 6.207564e+03 9.108801e+03 2.56326 5.501218e-01
7.360000e-01 9.685620e-01 1.815251e+00 2.030720e+00 1.428597e+01 6.217551e+03 9.102087e+03 2.56739 5.512210e-01
7.350000e-01 9.685620e-01 1.816365e+00 2.031984e+00 1.429639e+01 6.227516e+03 9.095341e+03 2.57154 5.523188e-01
7.340000e-01 9.685620e-01 1.817482e+00 2.033250e+00 1.430686e+01 6.237455e+03 9.088566e+03 2.57571 5.534148e-01
7.330000e-01 9.685620e-01 1.818599e+00 2.034517e+00 1.431737e+01 6.247357e+03 9.081766e+03 2.57987 5.545082e-01
7.320000e-01 9.685620e-01 1.819716e+00 2.035785e+00 1.432790e+01 6.257214e+03 9.074942e+03 2.58404 5.555982e-01
7.310000e-01 9.685620e-01 1.820834e+00 2.037052e+00 1.433846e+01 6.267023e+03 9.068100e+03 2.58822 5.566845e-01
7.300000e-01 9.685620e-01 1.821951e+00 2.038319e+00 1.434906e+01 6.276793e+03 9.061236e+03 2.5924 5.577680e-01
7.290000e-01 9.685620e-01 1.823071e+00 2.039589e+00 1.435970e+01 6.286537e+03 9.054342e+03 2.59659 5.588499e-01
7.280000e-01 9.685620e-01 1.824192e+00 2.040861e+00 1.437038e+01 6.296252e+03 9.047417e+03 2.60079 5.599296e-01
7.270000e-01 9.685620e-01 1.825314e+00 2.042134e+00 1.438110e+01 6.305928e+03 9.040467e+03 2.60499 5.610063e-01
7.260000e-01 9.685620e-01 1.826436e+00 2.043406e+00 1.439185e+01 6.315558e+03 9.033494e+03 2.6092 5.620793e-01
7.250000e-01 9.685620e-01 1.827557e+00 2.044677e+00 1.440262e+01 6.325133e+03 9.026506e+03 2.61341 5.631479e-01
7.240000e-01 9.685620e-01 1.828675e+00 2.045944e+00 1.441341e+01 6.334643e+03 9.019505e+03 2.61761 5.642115e-01
7.230000e-01 9.685620e-01 1.829792e+00 2.047210e+00 1.442422e+01 6.344098e+03 9.012488e+03 2.62182 5.652709e-01
7.220000e-01 9.685620e-01 1.830908e+00 2.048476e+00 1.443507e+01 6.353518e+03 9.005444e+03 2.62603 5.663278e-01
7.210000e-01 9.685620e-01 1.832028e+00 2.049745e+00 1.444597e+01 6.362917e+03 8.998364e+03 2.63025 5.673837e-01
7.200000e-01 9.685620e-01 1.833149e+00 2.051016e+00 1.445692e+01 6.372292e+03 8.991250e+03 2.63448 5.684379e-01
7.190000e-01 9.685620e-01 1.834272e+00 2.052289e+00 1.446792e+01 6.381638e+03 8.984103e+03 2.63873 5.694901e-01
7.180000e-01 9.685620e-01 1.835396e+00 2.053564e+00 1.447896e+01 6.390951e+03 8.976926e+03 2.64297 5.705399e-01
7.170000e-01 9.685620e-01 1.836520e+00 2.054839e+00 1.449004e+01 6.400221e+03 8.969725e+03 2.64723 5.715863e-01
7.160000e-01 9.685620e-01 1.837644e+00 2.056113e+00 1.450114e+01 6.409441e+03 8.962502e+03 2.65148 5.726289e-01
7.150000e-01 9.685620e-01 1.838767e+00 2.057386e+00 1.451229e+01 6.418620e+03 8.955255e+03 2.65574 5.736683e-01
7.140000e-01 9.685620e-01 1.839892e+00 2.058662e+00 1.452347e+01 6.427770e+03 8.947976e+03 2.66 5.747057e-01
7.130000e-01 9.685620e-01 1.841018e+00 2.059939e+00 1.453471e+01 6.436892e+03 8.940664e+03 2.66428 5.757410e-01
7.120000e-01 9.685620e-01 1.842144e+00 2.061216e+00 1.454599e+01 6.445975e+03 8.933322e+03 2.66856 5.767733e-01
7.110000e-01 9.685620e-01 1.843270e+00 2.062494e+00 1.455730e+01 6.455011e+03 8.925959e+03 2.67284 5.778018e-01
7.100000e-01 9.685620e-01 1.844395e+00 2.063770e+00 1.456864e+01 6.463993e+03 8.918579e+03 2.67712 5.788260e-01
7.090000e-01 9.685620e-01 1.845517e+00 2.065042e+00 1.457999e+01 6.472912e+03 8.911183e+03 2.6814 5.798452e-01
7.080000e-01 9.685620e-01 1.846637e+00 2.066312e+00 1.459138e+01 6.481774e+03 8.903770e+03 2.68568 5.808600e-01
7.070000e-01 9.685620e-01 1.847757e+00 2.067581e+00 1.460280e+01 6.490595e+03 8.896332e+03 2.68996 5.818722e-01
7.060000e-01 9.685620e-01 1.848879e+00 2.068853e+00 1.461428e+01 6.499397e+03 8.888856e+03 2.69425 5.828831e-01
7.050000e-01 9.685620e-01 1.850003e+00 2.070128e+00 1.462581e+01 6.508170e+03 8.881344e+03 2.69856 5.838923e-01
7.040000e-01 9.685620e-01 1.851127e+00 2.071403e+00 1.463740e+01 6.516909e+03 8.873796e+03 2.70286 5.848989e-01
7.030000e-01 9.685620e-01 1.852254e+00 2.072681e+00 1.464903e+01 6.525621e+03 8.866219e+03 2.70718 5.859033e-01
7.020000e-01 9.685620e-01 1.853408e+00 2.073992e+00 1.466080e+01 6.534248e+03 8.858543e+03 2.71156 5.868941e-01
7.010000e-01 9.685620e-01 1.854533e+00 2.075269e+00 1.467251e+01 6.542858e+03 8.850917e+03 2.71588 5.878906e-01
7.000000e-01 9.685620e-01 1.855657e+00 2.076544e+00 1.468426e+01 6.551429e+03 8.843264e+03 2.72021 5.888842e-01
6.990000e-01 9.685620e-01 1.856782e+00 2.077820e+00 1.469606e+01 6.559964e+03 8.835577e+03 2.72454 5.898754e-01
6.980000e-01 9.685620e-01 1.857908e+00 2.079098e+00 1.470791e+01 6.568473e+03 8.827855e+03 2.72888 5.908643e-01
6.970000e-01 9.685620e-01 1.859033e+00 2.080376e+00 1.471981e+01 6.576940e+03 8.820101e+03 2.73322 5.918499e-01
6.960000e-01 9.685620e-01 1.860158e+00 2.081652e+00 1.473174e+01 6.585357e+03 8.812325e+03 2.73756 5.928314e-01
6.950000e-01 9.685620e-01 1.861280e+00 2.082925e+00 1.474370e+01 6.593717e+03 8.804528e+03 2.7419 5.938083e-01
6.940000e-01 9.685620e-01 1.862400e+00 2.084196e+00 1.475568e+01 6.602018e+03 8.796716e+03 2.74624 5.947805e-01
6.930000e-01 9.685620e-01 1.863516e+00 2.085463e+00 1.476769e+01 6.610260e+03 8.788882e+03 2.75057 5.957480e-01
6.920000e-01 9.685620e-01 1.864633e+00 2.086729e+00 1.477976e+01 6.618468e+03 8.781015e+03 2.75491 5.967131e-01
6.910000e-01 9.685620e-01 1.865751e+00 2.087998e+00 1.479188e+01 6.626655e+03 8.773105e+03 2.75926 5.976766e-01
6.900000e-01 9.685620e-01 1.866870e+00 2.089268e+00 1.480407e+01 6.634807e+03 8.765156e+03 2.76361 5.986377e-01
6.890000e-01 9.685620e-01 1.867988e+00 2.090538e+00 1.481631e+01 6.642927e+03 8.757168e+03 2.76796 5.995960e-01
6.880000e-01 9.685620e-01 1.869108e+00 2.091808e+00 1.482860e+01 6.651012e+03 8.749144e+03 2.77232 6.005513e-01
6.870000e-01 9.685620e-01 1.870225e+00 2.093077e+00 1.484093e+01 6.659044e+03 8.741094e+03 2.77668 6.015024e-01
6.860000e-01 9.685620e-01 1.871341e+00 2.094343e+00 1.485330e+01 6.667028e+03 8.733018e+03 2.78104 6.024497e-01
6.850000e-01 9.685620e-01 1.872456e+00 2.095609e+00 1.486572e+01 6.674976e+03 8.724906e+03 2.7854 6.033937e-01
6.840000e-01 9.685620e-01 1.873571e+00 2.096875e+00 1.487820e+01 6.682890e+03 8.716752e+03 2.78976 6.043350e-01
6.830000e-01 9.685620e-01 1.874685e+00 2.098141e+00 1.489074e+01 6.690771e+03 8.708558e+03 2.79412 6.052733e-01
6.820000e-01 9.685620e-01 1.875799e+00 2.099405e+00 1.490332e+01 6.698608e+03 8.700330e+03 2.79848 6.062076e-01
6.810000e-01 9.685620e-01 1.876909e+00 2.100665e+00 1.491593e+01 6.706392e+03 8.692074e+03 2.80283 6.071370e-01
6.800000e-01 9.685620e-01 1.878016e+00 2.101921e+00 1.492858e+01 6.714117e+03 8.683793e+03 2.80718 6.080613e-01
6.790000e-01 9.685620e-01 1.879119e+00 2.103173e+00 1.494125e+01 6.721784e+03 8.675489e+03 2.81151 6.089804e-01
6.780000e-01 9.685620e-01 1.880219e+00 2.104421e+00 1.495397e+01 6.729402e+03 8.667156e+03 2.81585 6.098956e-01
6.770000e-01 9.685620e-01 1.881319e+00 2.105668e+00 1.496675e+01 6.736992e+03 8.658773e+03 2.82018 6.108081e-01
6.760000e-01 9.685620e-01 1.882419e+00 2.106916e+00 1.497960e+01 6.744555e+03 8.650340e+03 2.82451 6.117182e-01
6.750000e-01 9.685620e-01 1.883518e+00 2.108163e+00 1.499251e+01 6.752082e+03 8.641860e+03 2.82884 6.126249e-01
6.740000e-01 9.685620e-01 1.884616e+00 2.109410e+00 1.500548e+01 6.759576e+03 8.633339e+03 2.83318 6.135284e-01
6.730000e-01 9.685620e-01 1.885712e+00 2.110653e+00 1.501850e+01 6.767022e+03 8.624778e+03 2.83751 6.144276e-01
6.720000e-01 9.685620e-01 1.886806e+00 2.111894e+00 1.503157e+01 6.774418e+03 8.616187e+03 2.84183 6.153222e-01
6.710000e-01 9.685620e-01 1.887897e+00 2.113131e+00 1.504468e+01 6.781769e+03 8.607558e+03 2.84614 6.162127e-01
6.700000e-01 9.685620e-01 1.888987e+00 2.114368e+00 1.505786e+01 6.789086e+03 8.598885e+03 2.85046 6.171000e-01
6.690000e-01 9.685620e-01 1.890075e+00 2.115603e+00 1.507110e+01 6.796367e+03 8.590164e+03 2.85477 6.179840e-01
6.680000e-01 9.685620e-01 1.891162e+00 2.116837e+00 1.508439e+01 6.803604e+03 8.581404e+03 2.85908 6.188638e-01
6.670000e-01 9.685620e-01 1.890897e+00 2.116582e+00 1.509203e+01 6.814709e+03 8.577416e+03 2.86087 6.204364e-01
6.660000e-01 9.685620e-01 1.893341e+00 2.119311e+00 1.511115e+01 6.817899e+03 8.563760e+03 2.8677 6.206032e-01
6.650000e-01 9.685620e-01 1.893039e+00 2.119012e+00 1.511877e+01 6.828934e+03 8.559772e+03 2.8694 6.221743e-01
6.640000e-01 9.685620e-01 1.895486e+00 2.121744e+00 1.513800e+01 6.831978e+03 8.546033e+03 2.87624 6.223262e-01
6.630000e-01 9.685620e-01 1.895164e+00 2.121422e+00 1.514565e+01 6.842953e+03 8.542018e+03 2.87789 6.238956e-01
6.620000e-01 9.685620e-01 1.897623e+00 2.124166e+00 1.516511e+01 6.845902e+03 8.528120e+03 2.88477 6.240348e-01
6.610000e-01 9.685620e-01 1.897286e+00 2.123830e+00 1.517281e+01 6.856836e+03 8.524070e+03 2.88639 6.256049e-01
6.600000e-01 9.685620e-01 1.899753e+00 2.126583e+00 1.519249e+01 6.859683e+03 8.510002e+03 2.89327 6.257294e-01
6.590000e-01 9.685620e-01 1.899398e+00 2.126227e+00 1.520024e+01 6.870562e+03 8.505921e+03 2.89485 6.272983e-01
6.580000e-01 9.685620e-01 1.901872e+00 2.128987e+00 1.522011e+01 6.873282e+03 8.491711e+03 2.90175 6.274061e-01
6.570000e-01 9.685620e-01 1.901494e+00 2.128605e+00 1.522789e+01 6.884093e+03 8.487604e+03 2.90327 6.289719e-01
6.560000e-01 9.685620e-01 1.903978e+00 2.131375e+00 1.524795e+01 6.886691e+03 8.473252e+03 2.91019 6.290641e-01
6.550000e-01 9.685620e-01 1.903582e+00 2.130975e+00 1.525578e+01 6.897455e+03 8.469111e+03 2.91167 6.306298e-01
6.540000e-01 9.685620e-01 1.906097e+00 2.133781e+00 1.527617e+01 6.899913e+03 8.454511e+03 2.91863 6.306962e-01
6.530000e-01 9.685620e-01 1.905667e+00 2.133342e+00 1.528398e+01 6.910624e+03 8.450382e+03 2.92004 6.322642e-01
6.520000e-01 9.685620e-01 1.908177e+00 2.136141e+00 1.530450e+01 6.912946e+03 8.435697e+03 2.92699 6.323171e-01
6.510000e-01 9.685620e-01 1.907719e+00 2.135670e+00 1.531232e+01 6.923575e+03 8.431551e+03 2.92832 6.338808e-01
6.500000e-01 9.685620e-01 1.910238e+00 2.138477e+00 1.533299e+01 6.925729e+03 8.416777e+03 2.93531 6.339159e-01
6.490000e-01 9.685620e-01 1.909757e+00 2.137982e+00 1.534084e+01 6.936294e+03 8.412607e+03 2.93658 6.354783e-01
6.480000e-01 9.685620e-01 1.912286e+00 2.140801e+00 1.536177e+01 6.938335e+03 8.397667e+03 2.94359 6.354989e-01
6.470000e-01 9.685620e-01 1.911788e+00 2.140288e+00 1.536967e+01 6.948857e+03 8.393464e+03 2.94483 6.370624e-01
6.460000e-01 9.685620e-01 1.914324e+00 2.143115e+00 1.539085e+01 6.950777e+03 8.378344e+03 2.95186 6.370664e-01
6.450000e-01 9.685620e-01 1.913805e+00 2.142579e+00 1.539881e+01 6.961242e+03 8.374111e+03 2.95304 6.386286e-01
6.440000e-01 9.685620e-01 1.916348e+00 2.145412e+00 1.542020e+01 6.963016e+03 8.358840e+03 2.96007 6.386141e-01
6.430000e-01 9.685620e-01 1.915804e+00 2.144849e+00 1.542818e+01 6.973413e+03 8.354583e+03 2.9612 6.401739e-01
6.420000e-01 9.685620e-01 1.918354e+00 2.147690e+00 1.544980e+01 6.975052e+03 8.339159e+03 2.96824 6.401421e-01
6.410000e-01 9.685620e-01 1.917789e+00 2.147104e+00 1.545784e+01 6.985401e+03 8.334866e+03 2.96931 6.417017e-01
6.400000e-01 9.685620e-01 1.920344e+00 2.149950e+00 1.547972e+01 6.986910e+03 8.319251e+03 2.97635 6.416506e-01
6.390000e-01 9.685620e-01 1.919751e+00 2.149334e+00 1.548778e+01 6.997192e+03 8.314926e+03 2.97735 6.432071e-01
6.380000e-01 9.685620e-01 1.922310e+00 2.152182e+00 1.550986e+01 6.998543e+03 8.299162e+03 2.98438 6.431347e-01
6.370000e-01 9.685620e-01 1.921683e+00 2.151526e+00 1.551794e+01 7.008742e+03 8.294812e+03 2.98527 6.446861e-01
6.360000e-01 9.685620e-01 1.924247e+00 2.154379e+00 1.554020e+01 7.009926e+03 8.278917e+03 2.99231 6.445924e-01
6.350000e-01 9.685620e-01 1.923593e+00 2.153695e+00 1.554831e+01 7.020069e+03 8.274531e+03 2.99313 6.461423e-01
6.340000e-01 9.685620e-01 1.926185e+00 2.156579e+00 1.557097e+01 7.021102e+03 8.258334e+03 3.00019 6.460194e-01
6.330000e-01 9.685620e-01 1.925496e+00 2.155856e+00 1.557910e+01 7.031214e+03 8.253944e+03 3.00094 6.475741e-01
6.320000e-01 9.685620e-01 1.928082e+00 2.158732e+00 1.560199e+01 7.032125e+03 8.237575e+03 3.00797 6.474351e-01
6.310000e-01 9.685620e-01 1.927366e+00 2.157979e+00 1.561016e+01 7.042178e+03 8.233152e+03 3.00865 6.489881e-01
6.300000e-01 9.685620e-01 1.929955e+00 2.160856e+00 1.563330e+01 7.042929e+03 8.216605e+03 3.01566 6.488268e-01
6.290000e-01 9.685620e-01 1.929210e+00 2.160072e+00 1.564150e+01 7.052917e+03 8.212150e+03 3.01626 6.503772e-01
6.280000e-01 9.685620e-01 1.931803e+00 2.162954e+00 1.566491e+01 7.053524e+03 8.195410e+03 3.02326 6.501951e-01
6.270000e-01 9.685620e-01 1.931031e+00 2.162141e+00 1.567317e+01 7.063462e+03 8.190915e+03 3.02379 6.517448e-01
6.260000e-01 9.685620e-01 1.933626e+00 2.165023e+00 1.569686e+01 7.063917e+03 8.173960e+03 3.03077 6.515390e-01
6.250000e-01 9.685620e-01 1.932820e+00 2.164171e+00 1.570514e+01 7.073786e+03 8.169430e+03 3.03119 6.530848e-01
6.240000e-01 9.685620e-01 1.935416e+00 2.167053e+00 1.572907e+01 7.074061e+03 8.152309e+03 3.03814 6.528538e-01
6.230000e-01 9.685620e-01 1.934570e+00 2.166156e+00 1.573735e+01 7.083845e+03 8.147751e+03 3.03845 6.543942e-01
6.220000e-01 9.685620e-01 1.937170e+00 2.169041e+00 1.576151e+01 7.083950e+03 8.130463e+03 3.04539 6.541397e-01
6.210000e-01 9.685620e-01 1.936295e+00 2.168112e+00 1.576986e+01 7.093683e+03 8.125863e+03 3.04562 6.556795e-01
6.200000e-01 9.685620e-01 1.938919e+00 2.171023e+00 1.579447e+01 7.093610e+03 8.108243e+03 3.05257 6.553919e-01
6.190000e-01 9.685620e-01 1.938009e+00 2.170057e+00 1.580283e+01 7.103307e+03 8.103642e+03 3.05272 6.569364e-01
6.180000e-01 9.685620e-01 1.940624e+00 2.172958e+00 1.582770e+01 7.103080e+03 8.085859e+03 3.05964 6.566307e-01
6.170000e-01 9.685620e-01 1.939683e+00 2.171958e+00 1.583610e+01 7.112711e+03 8.081229e+03 3.0597 6.581735e-01
6.160000e-01 9.685620e-01 1.942301e+00 2.174862e+00 1.586125e+01 7.112299e+03 8.063277e+03 3.06661 6.578446e-01
6.150000e-01 9.685620e-01 1.941330e+00 2.173830e+00 1.586969e+01 7.121866e+03 8.058617e+03 3.0666 6.593859e-01
6.140000e-01 9.685620e-01 1.943952e+00 2.176736e+00 1.589517e+01 7.121289e+03 8.040453e+03 3.0735 6.590341e-01
6.130000e-01 9.685620e-01 1.944768e+00 2.177664e+00 1.591230e+01 7.125689e+03 8.028921e+03 3.0769 6.596167e-01
6.120000e-01 9.685620e-01 1.945572e+00 2.178577e+00 1.592948e+01 7.130030e+03 8.017352e+03 3.08026 6.601929e-01
6.110000e-01 9.685620e-01 1.946364e+00 2.179476e+00 1.594673e+01 7.134300e+03 8.005729e+03 3.08357 6.607605e-01
6.100000e-01 9.685620e-01 1.947145e+00 2.180362e+00 1.596403e+01 7.138498e+03 7.994058e+03 3.08684 6.613196e-01
6.090000e-01 9.685620e-01 1.947914e+00 2.181234e+00 1.598143e+01 7.142633e+03 7.982321e+03 3.09006 6.618704e-01
6.080000e-01 9.685620e-01 1.948674e+00 2.182096e+00 1.599894e+01 7.146715e+03 7.970497e+03 3.09324 6.624140e-01
6.070000e-01 9.685620e-01 1.949426e+00 2.182950e+00 1.601656e+01 7.150741e+03 7.958594e+03 3.0964 6.629509e-01
6.060000e-01 9.685620e-01 1.950189e+00 2.183816e+00 1.603441e+01 7.154675e+03 7.946529e+03 3.09954 6.634699e-01
6.050000e-01 9.685620e-01 1.950923e+00 2.184649e+00 1.605225e+01 7.158579e+03 7.934468e+03 3.10262 6.639906e-01
6.040000e-01 9.685620e-01 1.951645e+00 2.185469e+00 1.607018e+01 7.162417e+03 7.922343e+03 3.10565 6.645032e-01
6.030000e-01 9.685620e-01 1.952356e+00 2.186275e+00 1.608821e+01 7.166187e+03 7.910150e+03 3.10863 6.650069e-01
6.020000e-01 9.685620e-01 1.953055e+00 2.187068e+00 1.610634e+01 7.169897e+03 7.897872e+03 3.11156 6.655018e-01
6.010000e-01 9.685620e-01 1.953742e+00 2.187848e+00 1.612459e+01 7.173547e+03 7.885505e+03 3.11444 6.659881e-01
6.000000e-01 9.685620e-01 1.954417e+00 2.188613e+00 1.614296e+01 7.177131e+03 7.873052e+03 3.11726 6.664649e-01
5.990000e-01 9.685620e-01 1.955079e+00 2.189363e+00 1.616141e+01 7.180645e+03 7.860530e+03 3.12004 6.669321e-01
5.980000e-01 9.685620e-01 1.955730e+00 2.190101e+00 1.617994e+01 7.184082e+03 7.847956e+03 3.12276 6.673904e-01
5.970000e-01 9.685620e-01 1.956369e+00 2.190825e+00 1.619855e+01 7.187438e+03 7.835341e+03 3.12545 6.678404e-01
5.960000e-01 9.685620e-01 1.956999e+00 2.191539e+00 1.621724e+01 7.190719e+03 7.822680e+03 3.12811 6.682834e-01
5.950000e-01 9.685620e-01 1.957622e+00 2.192245e+00 1.623606e+01 7.193938e+03 7.809948e+03 3.13075 6.687201e-01
5.940000e-01 9.685620e-01 1.958234e+00 2.192941e+00 1.625502e+01 7.197091e+03 7.797135e+03 3.13335 6.691496e-01
5.930000e-01 9.685620e-01 1.958836e+00 2.193624e+00 1.627410e+01 7.200176e+03 7.784238e+03 3.1359 6.695707e-01
5.920000e-01 9.685620e-01 1.959443e+00 2.194315e+00 1.629340e+01 7.203158e+03 7.771176e+03 3.13843 6.699720e-01
5.910000e-01 9.685620e-01 1.960019e+00 2.194969e+00 1.631272e+01 7.206098e+03 7.758116e+03 3.14087 6.703731e-01
5.900000e-01 9.685620e-01 1.960580e+00 2.195605e+00 1.633214e+01 7.208965e+03 7.744980e+03 3.14325 6.707643e-01
5.890000e-01 9.685620e-01 1.961126e+00 2.196226e+00 1.635168e+01 7.211763e+03 7.731754e+03 3.14557 6.711453e-01
5.880000e-01 9.685620e-01 1.961660e+00 2.196833e+00 1.637136e+01 7.214493e+03 7.718437e+03 3.14783 6.715168e-01
5.870000e-01 9.685620e-01 1.962180e+00 2.197423e+00 1.639116e+01 7.217147e+03 7.705035e+03 3.15004 6.718783e-01
5.860000e-01 9.685620e-01 1.962685e+00 2.197996e+00 1.641107e+01 7.219724e+03 7.691559e+03 3.15218 6.722290e-01
5.850000e-01 9.685620e-01 1.963175e+00 2.198552e+00 1.643106e+01 7.222219e+03 7.678021e+03 3.15425 6.725688e-01
5.840000e-01 9.685620e-01 1.963645e+00 2.199085e+00 1.645115e+01 7.224628e+03 7.664412e+03 3.15625 6.728966e-01
5.830000e-01 9.685620e-01 1.964099e+00 2.199598e+00 1.647136e+01 7.226960e+03 7.650715e+03 3.15818 6.732129e-01
5.820000e-01 9.685620e-01 1.964537e+00 2.200093e+00 1.649172e+01 7.229222e+03 7.636908e+03 3.16003 6.735180e-01
5.810000e-01 9.685620e-01 1.964975e+00 2.200590e+00 1.651234e+01 7.231371e+03 7.622911e+03 3.16183 6.738019e-01
5.800000e-01 9.685620e-01 1.965387e+00 2.201056e+00 1.653301e+01 7.233479e+03 7.608911e+03 3.16357 6.740866e-01
5.790000e-01 9.685620e-01 1.965789e+00 2.201512e+00 1.655380e+01 7.235508e+03 7.594851e+03 3.16528 6.743638e-01
5.780000e-01 9.685620e-01 1.966179e+00 2.201956e+00 1.657471e+01 7.237455e+03 7.580738e+03 3.16694 6.746328e-01
5.770000e-01 9.685620e-01 1.966555e+00 2.202383e+00 1.659574e+01 7.239317e+03 7.566556e+03 3.16856 6.748923e-01
5.760000e-01 9.685620e-01 1.966915e+00 2.202793e+00 1.661692e+01 7.241101e+03 7.552279e+03 3.17011 6.751409e-01
5.750000e-01 9.685620e-01 1.967260e+00 2.203185e+00 1.663826e+01 7.242807e+03 7.537902e+03 3.17158 6.753781e-01
5.740000e-01 9.685620e-01 1.967585e+00 2.203554e+00 1.665973e+01 7.244428e+03 7.523425e+03 3.17297 6.756024e-01
5.730000e-01 9.685620e-01 1.967893e+00 2.203905e+00 1.668133e+01 7.245960e+03 7.508877e+03 3.17429 6.758148e-01
5.720000e-01 9.685620e-01 1.968183e+00 2.204235e+00 1.670302e+01 7.247405e+03 7.494266e+03 3.17554 6.760151e-01
5.710000e-01 9.685620e-01 1.968455e+00 2.204542e+00 1.672483e+01 7.248757e+03 7.479585e+03 3.17671 6.762031e-01
5.700000e-01 9.685620e-01 1.968705e+00 2.204826e+00 1.674679e+01 7.250024e+03 7.464798e+03 3.17778 6.763783e-01
5.690000e-01 9.685620e-01 1.968952e+00 2.205105e+00 1.676904e+01 7.251171e+03 7.449802e+03 3.17879 6.765290e-01
5.680000e-01 9.685620e-01 1.969162e+00 2.205341e+00 1.679137e+01 7.252269e+03 7.434755e+03 3.17967 6.766751e-01
5.670000e-01 9.685620e-01 1.969353e+00 2.205556e+00 1.681387e+01 7.253278e+03 7.419601e+03 3.18047 6.768082e-01
5.660000e-01 9.685620e-01 1.969531e+00 2.205758e+00 1.683651e+01 7.254202e+03 7.404384e+03 3.18122 6.769316e-01
5.650000e-01 9.685620e-01 1.969698e+00 2.205947e+00 1.685928e+01 7.255033e+03 7.389113e+03 3.18193 6.770464e-01
5.640000e-01 9.685620e-01 1.969851e+00 2.206123e+00 1.688220e+01 7.255775e+03 7.373778e+03 3.1826 6.771527e-01
5.630000e-01 9.685620e-01 1.969989e+00 2.206281e+00 1.690529e+01 7.256431e+03 7.358352e+03 3.18321 6.772477e-01
5.620000e-01 9.685620e-01 1.970106e+00 2.206415e+00 1.692856e+01 7.256994e+03 7.342818e+03 3.18372 6.773292e-01
5.610000e-01 9.685620e-01 1.970202e+00 2.206525e+00 1.695198e+01 7.257461e+03 7.327191e+03 3.18414 6.773963e-01
5.600000e-01 9.685620e-01 1.970279e+00 2.206613e+00 1.697552e+01 7.257834e+03 7.311496e+03 3.18448 6.774501e-01
5.590000e-01 9.685620e-01 1.970349e+00 2.206692e+00 1.699929e+01 7.258065e+03 7.295649e+03 3.18474 6.774795e-01
5.580000e-01 9.685620e-01 1.970383e+00 2.206729e+00 1.702311e+01 7.258239e+03 7.279790e+03 3.1849 6.775052e-01
5.570000e-01 9.685620e-01 1.970392e+00 2.206740e+00 1.704713e+01 7.258323e+03 7.263800e+03 3.18494 6.775151e-01
5.560000e-01 9.685620e-01 1.970376e+00 2.206718e+00 1.707137e+01 7.258306e+03 7.247664e+03 3.18486 6.775077e-01
5.566869e-01 9.685620e-01 1.970578e+00 2.206952e+00 1.705615e+01 7.257789e+03 7.257724e+03 3.18512 6.773775e-01
