1.000000e+00 9.849500e-01 1.579059e+00 1.763039e+00 1.227281e+01 0.000000e+00 1.065686e+04 0 0.000000e+00
9.990000e-01 9.849500e-01 1.593707e+00 1.782622e+00 1.231119e+01 3.970588e+02 1.061697e+04 1.7736 3.154871e-02
9.980000e-01 9.849500e-01 1.594303e+00 1.783302e+00 1.231619e+01 5.652937e+02 1.060310e+04 1.77627 4.494998e-02
9.970000e-01 9.849500e-01 1.595027e+00 1.784126e+00 1.232155e+01 6.931827e+02 1.059178e+04 1.77907 5.515580e-02
9.960000e-01 9.849500e-01 1.595742e+00 1.784938e+00 1.232692e+01 8.003236e+02 1.058191e+04 1.7816 6.371464e-02
9.950000e-01 9.849500e-01 1.596452e+00 1.785742e+00 1.233230e+01 8.945026e+02 1.057292e+04 1.78404 7.124609e-02
9.940000e-01 9.849500e-01 1.597198e+00 1.786587e+00 1.233780e+01 9.798185e+02 1.056447e+04 1.78668 7.808395e-02
9.930000e-01 9.849500e-01 1.597892e+00 1.787373e+00 1.234316e+01 1.059206e+03 1.055655e+04 1.78881 8.443768e-02
9.920000e-01 9.849500e-01 1.598654e+00 1.788240e+00 1.234870e+01 1.132938e+03 1.054890e+04 1.79134 9.035732e-02
9.910000e-01 9.849500e-01 1.599361e+00 1.789044e+00 1.235408e+01 1.202680e+03 1.054164e+04 1.79349 9.594968e-02
9.900000e-01 9.849500e-01 1.600131e+00 1.789922e+00 1.235964e+01 1.268156e+03 1.053456e+04 1.79598 1.012162e-01
9.890000e-01 9.849500e-01 1.600840e+00 1.790728e+00 1.236503e+01 1.330578e+03 1.052780e+04 1.79814 1.062317e-01
9.880000e-01 9.849500e-01 1.601574e+00 1.791562e+00 1.237049e+01 1.389704e+03 1.052121e+04 1.80044 1.109925e-01
9.870000e-01 9.849500e-01 1.602301e+00 1.792387e+00 1.237594e+01 1.445977e+03 1.051482e+04 1.80273 1.155289e-01
9.860000e-01 9.849500e-01 1.603020e+00 1.793201e+00 1.238139e+01 1.499728e+03 1.050858e+04 1.80501 1.198675e-01
9.850000e-01 9.849500e-01 1.603732e+00 1.794004e+00 1.238684e+01 1.551306e+03 1.050249e+04 1.80729 1.240360e-01
9.840000e-01 9.849500e-01 1.604474e+00 1.794840e+00 1.239240e+01 1.601060e+03 1.049644e+04 1.8097 1.280667e-01
9.830000e-01 9.849500e-01 1.605189e+00 1.795645e+00 1.239790e+01 1.649686e+03 1.049051e+04 1.81199 1.320055e-01
9.820000e-01 9.849500e-01 1.605911e+00 1.796458e+00 1.240344e+01 1.697183e+03 1.048464e+04 1.81429 1.358565e-01
9.810000e-01 9.849500e-01 1.606641e+00 1.797282e+00 1.240902e+01 1.743659e+03 1.047883e+04 1.81661 1.396281e-01
9.800000e-01 9.849500e-01 1.607378e+00 1.798114e+00 1.241461e+01 1.789125e+03 1.047308e+04 1.81894 1.433209e-01
9.790000e-01 9.849500e-01 1.608121e+00 1.798954e+00 1.242022e+01 1.833586e+03 1.046739e+04 1.82127 1.469353e-01
9.780000e-01 9.849500e-01 1.608868e+00 1.799800e+00 1.242584e+01 1.877024e+03 1.046176e+04 1.82361 1.504699e-01
9.770000e-01 9.849500e-01 1.609615e+00 1.800646e+00 1.243146e+01 1.919398e+03 1.045621e+04 1.82596 1.539213e-01
9.760000e-01 9.849500e-01 1.610361e+00 1.801491e+00 1.243709e+01 1.960736e+03 1.045072e+04 1.8283 1.572920e-01
9.750000e-01 9.849500e-01 1.611107e+00 1.802335e+00 1.244271e+01 2.001124e+03 1.044530e+04 1.83064 1.605888e-01
9.740000e-01 9.849500e-01 1.611854e+00 1.803180e+00 1.244835e+01 2.040729e+03 1.043992e+04 1.83299 1.638254e-01
9.730000e-01 9.849500e-01 1.612605e+00 1.804031e+00 1.245401e+01 2.079674e+03 1.043457e+04 1.83535 1.670111e-01
9.720000e-01 9.849500e-01 1.613361e+00 1.804887e+00 1.245969e+01 2.117983e+03 1.042926e+04 1.83772 1.701479e-01
9.710000e-01 9.849500e-01 1.614120e+00 1.805748e+00 1.246538e+01 2.155664e+03 1.042398e+04 1.8401 1.732362e-01
9.700000e-01 9.849500e-01 1.614882e+00 1.806613e+00 1.247109e+01 2.192697e+03 1.041873e+04 1.84249 1.762743e-01
9.690000e-01 9.849500e-01 1.615645e+00 1.807478e+00 1.247680e+01 2.229059e+03 1.041353e+04 1.84488 1.792606e-01
9.680000e-01 9.849500e-01 1.616407e+00 1.808342e+00 1.248251e+01 2.264729e+03 1.040837e+04 1.84727 1.821934e-01
9.670000e-01 9.849500e-01 1.617166e+00 1.809202e+00 1.248822e+01 2.299674e+03 1.040325e+04 1.84966 1.850699e-01
9.660000e-01 9.849500e-01 1.617920e+00 1.810056e+00 1.249392e+01 2.333908e+03 1.039818e+04 1.85204 1.878917e-01
9.650000e-01 9.849500e-01 1.618672e+00 1.810905e+00 1.249961e+01 2.367495e+03 1.039314e+04 1.85442 1.906637e-01
9.640000e-01 9.849500e-01 1.619422e+00 1.811753e+00 1.250533e+01 2.400585e+03 1.038813e+04 1.85681 1.933982e-01
9.630000e-01 9.849500e-01 1.620176e+00 1.812604e+00 1.251106e+01 2.433299e+03 1.038313e+04 1.85921 1.961045e-01
9.620000e-01 9.849500e-01 1.620935e+00 1.813461e+00 1.251683e+01 2.465672e+03 1.037813e+04 1.86163 1.987852e-01
9.610000e-01 9.849500e-01 1.621698e+00 1.814324e+00 1.252262e+01 2.497726e+03 1.037315e+04 1.86405 2.014420e-01
9.600000e-01 9.849500e-01 1.622466e+00 1.815193e+00 1.252843e+01 2.529454e+03 1.036817e+04 1.86649 2.040742e-01
9.590000e-01 9.849500e-01 1.623238e+00 1.816066e+00 1.253427e+01 2.560838e+03 1.036322e+04 1.86893 2.066802e-01
9.580000e-01 9.849500e-01 1.624013e+00 1.816944e+00 1.254011e+01 2.591856e+03 1.035828e+04 1.87139 2.092583e-01
9.570000e-01 9.849500e-01 1.624789e+00 1.817822e+00 1.254596e+01 2.622467e+03 1.035336e+04 1.87384 2.118052e-01
9.560000e-01 9.849500e-01 1.625565e+00 1.818701e+00 1.255182e+01 2.652666e+03 1.034847e+04 1.8763 2.143207e-01
9.550000e-01 9.849500e-01 1.626341e+00 1.819580e+00 1.255768e+01 2.682486e+03 1.034359e+04 1.87877 2.168074e-01
9.540000e-01 9.849500e-01 1.627120e+00 1.820461e+00 1.256357e+01 2.712008e+03 1.033872e+04 1.88124 2.192719e-01
9.530000e-01 9.849500e-01 1.627903e+00 1.821348e+00 1.256947e+01 2.741266e+03 1.033385e+04 1.88372 2.217168e-01
9.520000e-01 9.849500e-01 1.628689e+00 1.822238e+00 1.257540e+01 2.770258e+03 1.032899e+04 1.88622 2.241417e-01
9.510000e-01 9.849500e-01 1.629478e+00 1.823133e+00 1.258133e+01 2.798959e+03 1.032414e+04 1.88872 2.265446e-01
9.500000e-01 9.849500e-01 1.630269e+00 1.824029e+00 1.258728e+01 2.827343e+03 1.031931e+04 1.89122 2.289234e-01
9.490000e-01 9.849500e-01 1.631060e+00 1.824926e+00 1.259323e+01 2.855391e+03 1.031449e+04 1.89373 2.312766e-01
9.480000e-01 9.849500e-01 1.631850e+00 1.825822e+00 1.259918e+01 2.883079e+03 1.030969e+04 1.89624 2.336024e-01
9.470000e-01 9.849500e-01 1.632638e+00 1.826714e+00 1.260513e+01 2.910384e+03 1.030492e+04 1.89875 2.358989e-01
9.460000e-01 9.849500e-01 1.633423e+00 1.827602e+00 1.261107e+01 2.937320e+03 1.030017e+04 1.90126 2.381675e-01
9.450000e-01 9.849500e-01 1.634207e+00 1.828489e+00 1.261702e+01 2.963944e+03 1.029543e+04 1.90377 2.404127e-01
9.440000e-01 9.849500e-01 1.634993e+00 1.829377e+00 1.262300e+01 2.990355e+03 1.029069e+04 1.90629 2.426427e-01
9.430000e-01 9.849500e-01 1.635782e+00 1.830269e+00 1.262900e+01 3.016596e+03 1.028594e+04 1.90882 2.448607e-01
9.420000e-01 9.849500e-01 1.636576e+00 1.831167e+00 1.263502e+01 3.042681e+03 1.028119e+04 1.91137 2.470675e-01
9.410000e-01 9.849500e-01 1.637374e+00 1.832070e+00 1.264108e+01 3.068602e+03 1.027644e+04 1.91393 2.492625e-01
9.400000e-01 9.849500e-01 1.638176e+00 1.832977e+00 1.264715e+01 3.094340e+03 1.027168e+04 1.91649 2.514441e-01
9.390000e-01 9.849500e-01 1.638981e+00 1.833888e+00 1.265324e+01 3.119873e+03 1.026693e+04 1.91907 2.536103e-01
9.380000e-01 9.849500e-01 1.639787e+00 1.834801e+00 1.265933e+01 3.145178e+03 1.026219e+04 1.92165 2.557594e-01
9.370000e-01 9.849500e-01 1.640593e+00 1.835715e+00 1.266543e+01 3.170231e+03 1.025746e+04 1.92423 2.578895e-01
9.360000e-01 9.849500e-01 1.641400e+00 1.836628e+00 1.267154e+01 3.195047e+03 1.025274e+04 1.92682 2.600018e-01
9.350000e-01 9.849500e-01 1.642209e+00 1.837543e+00 1.267766e+01 3.219668e+03 1.024803e+04 1.92941 2.620999e-01
9.340000e-01 9.849500e-01 1.643021e+00 1.838463e+00 1.268381e+01 3.244144e+03 1.024331e+04 1.93202 2.641878e-01
9.330000e-01 9.849500e-01 1.643836e+00 1.839387e+00 1.268998e+01 3.268475e+03 1.023858e+04 1.93464 2.662653e-01
9.320000e-01 9.849500e-01 1.644655e+00 1.840315e+00 1.269616e+01 3.292647e+03 1.023386e+04 1.93726 2.683312e-01
9.310000e-01 9.849500e-01 1.645476e+00 1.841245e+00 1.270236e+01 3.316631e+03 1.022914e+04 1.9399 2.703832e-01
9.300000e-01 9.849500e-01 1.646298e+00 1.842177e+00 1.270857e+01 3.340408e+03 1.022442e+04 1.94253 2.724197e-01
9.290000e-01 9.849500e-01 1.647120e+00 1.843108e+00 1.271478e+01 3.363954e+03 1.021972e+04 1.94517 2.744388e-01
9.280000e-01 9.849500e-01 1.647940e+00 1.844037e+00 1.272099e+01 3.387244e+03 1.021503e+04 1.94781 2.764385e-01
9.270000e-01 9.849500e-01 1.648757e+00 1.844963e+00 1.272719e+01 3.410278e+03 1.021035e+04 1.95045 2.784190e-01
9.260000e-01 9.849500e-01 1.649574e+00 1.845887e+00 1.273340e+01 3.433090e+03 1.020568e+04 1.95309 2.803831e-01
9.250000e-01 9.849500e-01 1.650391e+00 1.846812e+00 1.273963e+01 3.455750e+03 1.020102e+04 1.95574 2.823367e-01
9.240000e-01 9.849500e-01 1.651212e+00 1.847741e+00 1.274588e+01 3.478304e+03 1.019634e+04 1.9584 2.842831e-01
9.230000e-01 9.849500e-01 1.652038e+00 1.848675e+00 1.275216e+01 3.500762e+03 1.019165e+04 1.96108 2.862231e-01
9.220000e-01 9.849500e-01 1.652867e+00 1.849614e+00 1.275847e+01 3.523125e+03 1.018696e+04 1.96376 2.881568e-01
9.210000e-01 9.849500e-01 1.653700e+00 1.850557e+00 1.276480e+01 3.545369e+03 1.018226e+04 1.96646 2.900820e-01
9.200000e-01 9.849500e-01 1.654536e+00 1.851504e+00 1.277114e+01 3.567475e+03 1.017756e+04 1.96917 2.919972e-01
9.190000e-01 9.849500e-01 1.655373e+00 1.852452e+00 1.277750e+01 3.589422e+03 1.017286e+04 1.97188 2.939006e-01
9.180000e-01 9.849500e-01 1.656210e+00 1.853401e+00 1.278386e+01 3.611188e+03 1.016817e+04 1.97459 2.957904e-01
9.170000e-01 9.849500e-01 1.657048e+00 1.854350e+00 1.279022e+01 3.632782e+03 1.016349e+04 1.97731 2.976676e-01
9.160000e-01 9.849500e-01 1.657887e+00 1.855300e+00 1.279660e+01 3.654237e+03 1.015881e+04 1.98004 2.995348e-01
9.150000e-01 9.849500e-01 1.658730e+00 1.856255e+00 1.280301e+01 3.675596e+03 1.015413e+04 1.98277 3.013956e-01
9.140000e-01 9.849500e-01 1.659576e+00 1.857214e+00 1.280943e+01 3.696856e+03 1.014943e+04 1.98552 3.032495e-01
9.130000e-01 9.849500e-01 1.660425e+00 1.858176e+00 1.281588e+01 3.718007e+03 1.014474e+04 1.98828 3.050958e-01
9.120000e-01 9.849500e-01 1.661276e+00 1.859141e+00 1.282233e+01 3.739031e+03 1.014004e+04 1.99104 3.069329e-01
9.110000e-01 9.849500e-01 1.662128e+00 1.860108e+00 1.282880e+01 3.759910e+03 1.013534e+04 1.99381 3.087594e-01
9.100000e-01 9.849500e-01 1.662980e+00 1.861074e+00 1.283528e+01 3.780622e+03 1.013065e+04 1.99659 3.105735e-01
9.090000e-01 9.849500e-01 1.663831e+00 1.862038e+00 1.284176e+01 3.801147e+03 1.012597e+04 1.99936 3.123736e-01
9.080000e-01 9.849500e-01 1.664680e+00 1.863000e+00 1.284823e+01 3.821485e+03 1.012130e+04 2.00213 3.141600e-01
9.070000e-01 9.849500e-01 1.665529e+00 1.863961e+00 1.285471e+01 3.841668e+03 1.011663e+04 2.00491 3.159352e-01
9.060000e-01 9.849500e-01 1.666380e+00 1.864924e+00 1.286122e+01 3.861758e+03 1.011195e+04 2.0077 3.177043e-01
9.050000e-01 9.849500e-01 1.667234e+00 1.865891e+00 1.286775e+01 3.881779e+03 1.010726e+04 2.0105 3.194693e-01
9.040000e-01 9.849500e-01 1.668092e+00 1.866863e+00 1.287432e+01 3.901740e+03 1.010256e+04 2.01331 3.212307e-01
9.030000e-01 9.849500e-01 1.668955e+00 1.867841e+00 1.288091e+01 3.921634e+03 1.009784e+04 2.01614 3.229879e-01
9.020000e-01 9.849500e-01 1.669821e+00 1.868822e+00 1.288752e+01 3.941442e+03 1.009312e+04 2.01898 3.247391e-01
9.010000e-01 9.849500e-01 1.670689e+00 1.869806e+00 1.289414e+01 3.961148e+03 1.008840e+04 2.02183 3.264830e-01
9.000000e-01 9.849500e-01 1.671559e+00 1.870791e+00 1.290078e+01 3.980729e+03 1.008367e+04 2.02468 3.282178e-01
8.990000e-01 9.849500e-01 1.672429e+00 1.871777e+00 1.290743e+01 4.000171e+03 1.007895e+04 2.02753 3.299425e-01
8.980000e-01 9.849500e-01 1.673299e+00 1.872764e+00 1.291408e+01 4.019491e+03 1.007423e+04 2.03039 3.316583e-01
8.970000e-01 9.849500e-01 1.674172e+00 1.873753e+00 1.292075e+01 4.038719e+03 1.006950e+04 2.03326 3.333678e-01
8.960000e-01 9.849500e-01 1.675048e+00 1.874745e+00 1.292745e+01 4.057875e+03 1.006477e+04 2.03614 3.350726e-01
8.950000e-01 9.849500e-01 1.675927e+00 1.875742e+00 1.293416e+01 4.076954e+03 1.006002e+04 2.03903 3.367723e-01
8.940000e-01 9.849500e-01 1.676808e+00 1.876741e+00 1.294090e+01 4.095941e+03 1.005528e+04 2.04193 3.384654e-01
8.930000e-01 9.849500e-01 1.677691e+00 1.877743e+00 1.294764e+01 4.114824e+03 1.005053e+04 2.04483 3.401512e-01
8.920000e-01 9.849500e-01 1.678575e+00 1.878745e+00 1.295440e+01 4.133584e+03 1.004578e+04 2.04774 3.418279e-01
8.910000e-01 9.849500e-01 1.679458e+00 1.879746e+00 1.296116e+01 4.152200e+03 1.004103e+04 2.05065 3.434940e-01
8.900000e-01 9.849500e-01 1.680339e+00 1.880745e+00 1.296792e+01 4.170662e+03 1.003629e+04 2.05356 3.451487e-01
8.890000e-01 9.849500e-01 1.681220e+00 1.881742e+00 1.297468e+01 4.188985e+03 1.003155e+04 2.05648 3.467933e-01
8.880000e-01 9.849500e-01 1.682101e+00 1.882740e+00 1.298146e+01 4.207211e+03 1.002681e+04 2.0594 3.484315e-01
8.870000e-01 9.849500e-01 1.682985e+00 1.883742e+00 1.298826e+01 4.225383e+03 1.002206e+04 2.06233 3.500666e-01
8.860000e-01 9.849500e-01 1.683873e+00 1.884748e+00 1.299510e+01 4.243513e+03 1.001729e+04 2.06527 3.516994e-01
8.850000e-01 9.849500e-01 1.684766e+00 1.885759e+00 1.300196e+01 4.261595e+03 1.001251e+04 2.06823 3.533297e-01
8.840000e-01 9.849500e-01 1.685662e+00 1.886775e+00 1.300885e+01 4.279620e+03 1.000771e+04 2.07121 3.549562e-01
8.830000e-01 9.849500e-01 1.686561e+00 1.887793e+00 1.301576e+01 4.297569e+03 1.000291e+04 2.07419 3.565776e-01
8.820000e-01 9.849500e-01 1.687461e+00 1.888814e+00 1.302268e+01 4.315428e+03 9.998100e+03 2.07718 3.581926e-01
8.810000e-01 9.849500e-01 1.688362e+00 1.889836e+00 1.302962e+01 4.333177e+03 9.993292e+03 2.08017 3.597996e-01
8.800000e-01 9.849500e-01 1.689264e+00 1.890858e+00 1.303656e+01 4.350824e+03 9.988481e+03 2.08316 3.613993e-01
8.790000e-01 9.849500e-01 1.690167e+00 1.891881e+00 1.304352e+01 4.368386e+03 9.983666e+03 2.08617 3.629932e-01
8.780000e-01 9.849500e-01 1.691074e+00 1.892909e+00 1.305050e+01 4.385897e+03 9.978839e+03 2.08919 3.645840e-01
8.770000e-01 9.849500e-01 1.691983e+00 1.893940e+00 1.305751e+01 4.403346e+03 9.974001e+03 2.09221 3.661707e-01
8.760000e-01 9.849500e-01 1.692896e+00 1.894975e+00 1.306453e+01 4.420731e+03 9.969154e+03 2.09525 3.677532e-01
8.750000e-01 9.849500e-01 1.693810e+00 1.896012e+00 1.307158e+01 4.438029e+03 9.964302e+03 2.09829 3.693296e-01
8.740000e-01 9.849500e-01 1.694725e+00 1.897050e+00 1.307863e+01 4.455232e+03 9.959448e+03 2.10134 3.708992e-01
8.730000e-01 9.849500e-01 1.695639e+00 1.898087e+00 1.308569e+01 4.472317e+03 9.954594e+03 2.10439 3.724600e-01
8.720000e-01 9.849500e-01 1.696553e+00 1.899122e+00 1.309274e+01 4.489273e+03 9.949745e+03 2.10744 3.740114e-01
8.710000e-01 9.849500e-01 1.697465e+00 1.900155e+00 1.309981e+01 4.506107e+03 9.944897e+03 2.1105 3.755540e-01
8.700000e-01 9.849500e-01 1.698377e+00 1.901189e+00 1.310688e+01 4.522860e+03 9.940045e+03 2.11356 3.770912e-01
8.690000e-01 9.849500e-01 1.699293e+00 1.902226e+00 1.311399e+01 4.539564e+03 9.935178e+03 2.11663 3.786257e-01
8.680000e-01 9.849500e-01 1.700213e+00 1.903269e+00 1.312112e+01 4.556238e+03 9.930295e+03 2.11972 3.801590e-01
8.670000e-01 9.849500e-01 1.701136e+00 1.904315e+00 1.312829e+01 4.572874e+03 9.925395e+03 2.12282 3.816903e-01
8.660000e-01 9.849500e-01 1.702064e+00 1.905366e+00 1.313548e+01 4.589465e+03 9.920482e+03 2.12593 3.832189e-01
8.650000e-01 9.849500e-01 1.702993e+00 1.906420e+00 1.314269e+01 4.605993e+03 9.915559e+03 2.12905 3.847434e-01
8.640000e-01 9.849500e-01 1.703925e+00 1.907477e+00 1.314992e+01 4.622447e+03 9.910628e+03 2.13218 3.862626e-01
8.630000e-01 9.849500e-01 1.704857e+00 1.908534e+00 1.315716e+01 4.638809e+03 9.905694e+03 2.13532 3.877751e-01
8.620000e-01 9.849500e-01 1.705790e+00 1.909591e+00 1.316441e+01 4.655085e+03 9.900757e+03 2.13846 3.892816e-01
8.610000e-01 9.849500e-01 1.706725e+00 1.910651e+00 1.317168e+01 4.671294e+03 9.895811e+03 2.1416 3.907837e-01
8.600000e-01 9.849500e-01 1.707663e+00 1.911714e+00 1.317898e+01 4.687461e+03 9.890851e+03 2.14476 3.922833e-01
8.590000e-01 9.849500e-01 1.708604e+00 1.912781e+00 1.318630e+01 4.703579e+03 9.885879e+03 2.14793 3.937799e-01
8.580000e-01 9.849500e-01 1.709547e+00 1.913851e+00 1.319364e+01 4.719641e+03 9.880896e+03 2.15111 3.952728e-01
8.570000e-01 9.849500e-01 1.710492e+00 1.914923e+00 1.320099e+01 4.735630e+03 9.875905e+03 2.1543 3.967606e-01
8.560000e-01 9.849500e-01 1.711438e+00 1.915996e+00 1.320836e+01 4.751535e+03 9.870910e+03 2.15749 3.982423e-01
8.550000e-01 9.849500e-01 1.712384e+00 1.917068e+00 1.321574e+01 4.767337e+03 9.865913e+03 2.16068 3.997166e-01
8.540000e-01 9.849500e-01 1.713328e+00 1.918137e+00 1.322311e+01 4.783026e+03 9.860918e+03 2.16388 4.011826e-01
8.530000e-01 9.849500e-01 1.714271e+00 1.919206e+00 1.323050e+01 4.798619e+03 9.855921e+03 2.16708 4.026417e-01
8.520000e-01 9.849500e-01 1.715215e+00 1.920276e+00 1.323790e+01 4.814151e+03 9.850915e+03 2.17028 4.040970e-01
8.510000e-01 9.849500e-01 1.716163e+00 1.921350e+00 1.324533e+01 4.829651e+03 9.845891e+03 2.1735 4.055510e-01
8.500000e-01 9.849500e-01 1.717115e+00 1.922428e+00 1.325279e+01 4.845123e+03 9.840849e+03 2.17673 4.070038e-01
8.490000e-01 9.849500e-01 1.718071e+00 1.923511e+00 1.326029e+01 4.860563e+03 9.835790e+03 2.17998 4.084549e-01
8.480000e-01 9.849500e-01 1.719030e+00 1.924598e+00 1.326781e+01 4.875958e+03 9.830717e+03 2.18324 4.099034e-01
8.470000e-01 9.849500e-01 1.719991e+00 1.925688e+00 1.327535e+01 4.891300e+03 9.825632e+03 2.1865 4.113482e-01
8.460000e-01 9.849500e-01 1.720953e+00 1.926779e+00 1.328291e+01 4.906568e+03 9.820540e+03 2.18978 4.127880e-01
8.450000e-01 9.849500e-01 1.721917e+00 1.927871e+00 1.329048e+01 4.921757e+03 9.815443e+03 2.19306 4.142220e-01
8.440000e-01 9.849500e-01 1.722913e+00 1.929002e+00 1.329816e+01 4.936829e+03 9.810273e+03 2.1964 4.156435e-01
8.430000e-01 9.849500e-01 1.723880e+00 1.930099e+00 1.330577e+01 4.951900e+03 9.805156e+03 2.1997 4.170697e-01
8.420000e-01 9.849500e-01 1.724850e+00 1.931198e+00 1.331340e+01 4.966934e+03 9.800025e+03 2.20301 4.184938e-01
8.410000e-01 9.849500e-01 1.725822e+00 1.932301e+00 1.332106e+01 4.981921e+03 9.794882e+03 2.20632 4.199150e-01
8.400000e-01 9.849500e-01 1.726797e+00 1.933406e+00 1.332874e+01 4.996855e+03 9.789727e+03 2.20965 4.213326e-01
8.390000e-01 9.849500e-01 1.727773e+00 1.934513e+00 1.333643e+01 5.011717e+03 9.784565e+03 2.21298 4.227452e-01
8.380000e-01 9.849500e-01 1.728749e+00 1.935620e+00 1.334413e+01 5.026500e+03 9.779399e+03 2.21632 4.241521e-01
8.370000e-01 9.849500e-01 1.729724e+00 1.936725e+00 1.335184e+01 5.041184e+03 9.774232e+03 2.21966 4.255518e-01
8.360000e-01 9.849500e-01 1.730698e+00 1.937829e+00 1.335956e+01 5.055772e+03 9.769064e+03 2.223 4.269447e-01
8.350000e-01 9.849500e-01 1.731673e+00 1.938933e+00 1.336728e+01 5.070295e+03 9.763888e+03 2.22635 4.283332e-01
8.340000e-01 9.849500e-01 1.732649e+00 1.940040e+00 1.337504e+01 5.084780e+03 9.758695e+03 2.2297 4.297198e-01
8.330000e-01 9.849500e-01 1.733630e+00 1.941151e+00 1.338283e+01 5.099243e+03 9.753483e+03 2.23308 4.311056e-01
8.320000e-01 9.849500e-01 1.734615e+00 1.942268e+00 1.339066e+01 5.113679e+03 9.748251e+03 2.23646 4.324904e-01
8.310000e-01 9.849500e-01 1.735603e+00 1.943388e+00 1.339851e+01 5.128081e+03 9.743003e+03 2.23986 4.338732e-01
8.300000e-01 9.849500e-01 1.736594e+00 1.944511e+00 1.340639e+01 5.142440e+03 9.737740e+03 2.24327 4.352532e-01
8.290000e-01 9.849500e-01 1.737586e+00 1.945636e+00 1.341429e+01 5.156737e+03 9.732468e+03 2.24669 4.366292e-01
8.280000e-01 9.849500e-01 1.738580e+00 1.946762e+00 1.342220e+01 5.170966e+03 9.727189e+03 2.25011 4.380001e-01
8.270000e-01 9.849500e-01 1.739573e+00 1.947889e+00 1.343012e+01 5.185127e+03 9.721902e+03 2.25354 4.393665e-01
8.260000e-01 9.849500e-01 1.740569e+00 1.949017e+00 1.343807e+01 5.199238e+03 9.716603e+03 2.25698 4.407296e-01
8.250000e-01 9.849500e-01 1.741568e+00 1.950150e+00 1.344604e+01 5.213319e+03 9.711290e+03 2.26043 4.420910e-01
8.240000e-01 9.849500e-01 1.742569e+00 1.951286e+00 1.345404e+01 5.227358e+03 9.705961e+03 2.26389 4.434499e-01
8.230000e-01 9.849500e-01 1.743573e+00 1.952424e+00 1.346207e+01 5.241348e+03 9.700618e+03 2.26736 4.448056e-01
8.220000e-01 9.849500e-01 1.744578e+00 1.953564e+00 1.347011e+01 5.255278e+03 9.695268e+03 2.27083 4.461571e-01
8.210000e-01 9.849500e-01 1.745583e+00 1.954704e+00 1.347816e+01 5.269136e+03 9.689911e+03 2.27432 4.475035e-01
8.200000e-01 9.849500e-01 1.746587e+00 1.955843e+00 1.348622e+01 5.282906e+03 9.684551e+03 2.2778 4.488435e-01
8.190000e-01 9.849500e-01 1.747591e+00 1.956980e+00 1.349429e+01 5.296590e+03 9.679191e+03 2.28128 4.501772e-01
8.180000e-01 9.849500e-01 1.748594e+00 1.958117e+00 1.350237e+01 5.310208e+03 9.673821e+03 2.28477 4.515067e-01
8.170000e-01 9.849500e-01 1.749600e+00 1.959258e+00 1.351048e+01 5.323796e+03 9.668434e+03 2.28828 4.528348e-01
8.160000e-01 9.849500e-01 1.750610e+00 1.960402e+00 1.351863e+01 5.337359e+03 9.663028e+03 2.2918 4.541619e-01
8.150000e-01 9.849500e-01 1.751624e+00 1.961552e+00 1.352681e+01 5.350901e+03 9.657600e+03 2.29533 4.554883e-01
8.140000e-01 9.849500e-01 1.752641e+00 1.962705e+00 1.353502e+01 5.364412e+03 9.652154e+03 2.29887 4.568130e-01
8.130000e-01 9.849500e-01 1.753661e+00 1.963862e+00 1.354326e+01 5.377881e+03 9.646693e+03 2.30243 4.581351e-01
8.120000e-01 9.849500e-01 1.754682e+00 1.965020e+00 1.355152e+01 5.391297e+03 9.641221e+03 2.30599 4.594537e-01
8.110000e-01 9.849500e-01 1.755704e+00 1.966179e+00 1.355980e+01 5.404646e+03 9.635742e+03 2.30956 4.607676e-01
8.100000e-01 9.849500e-01 1.756727e+00 1.967339e+00 1.356809e+01 5.417939e+03 9.630252e+03 2.31314 4.620776e-01
8.090000e-01 9.849500e-01 1.757751e+00 1.968501e+00 1.357641e+01 5.431185e+03 9.624751e+03 2.31673 4.633846e-01
8.080000e-01 9.849500e-01 1.758779e+00 1.969666e+00 1.358475e+01 5.444401e+03 9.619233e+03 2.32032 4.646900e-01
8.070000e-01 9.849500e-01 1.759809e+00 1.970835e+00 1.359313e+01 5.457580e+03 9.613698e+03 2.32393 4.659932e-01
8.060000e-01 9.849500e-01 1.760842e+00 1.972007e+00 1.360153e+01 5.470711e+03 9.608150e+03 2.32755 4.672932e-01
8.050000e-01 9.849500e-01 1.761875e+00 1.973179e+00 1.360994e+01 5.483785e+03 9.602593e+03 2.33118 4.685893e-01
8.040000e-01 9.849500e-01 1.762909e+00 1.974352e+00 1.361837e+01 5.496789e+03 9.597030e+03 2.3348 4.698804e-01
8.030000e-01 9.849500e-01 1.763941e+00 1.975523e+00 1.362681e+01 5.509712e+03 9.591464e+03 2.33844 4.711655e-01
8.020000e-01 9.849500e-01 1.764973e+00 1.976693e+00 1.363525e+01 5.522556e+03 9.585896e+03 2.34207 4.724451e-01
8.010000e-01 9.849500e-01 1.766005e+00 1.977863e+00 1.364371e+01 5.535348e+03 9.580315e+03 2.34571 4.737214e-01
8.000000e-01 9.849500e-01 1.767040e+00 1.979037e+00 1.365222e+01 5.548115e+03 9.574714e+03 2.34937 4.749969e-01
7.990000e-01 9.849500e-01 1.768079e+00 1.980215e+00 1.366075e+01 5.560861e+03 9.569091e+03 2.35304 4.762715e-01
7.980000e-01 9.849500e-01 1.769121e+00 1.981398e+00 1.366933e+01 5.573585e+03 9.563446e+03 2.35672 4.775453e-01
7.970000e-01 9.849500e-01 1.770167e+00 1.982584e+00 1.367793e+01 5.586278e+03 9.557781e+03 2.36042 4.788173e-01
7.960000e-01 9.849500e-01 1.771215e+00 1.983773e+00 1.368657e+01 5.598928e+03 9.552101e+03 2.36412 4.800866e-01
7.950000e-01 9.849500e-01 1.772264e+00 1.984963e+00 1.369522e+01 5.611526e+03 9.546410e+03 2.36784 4.813524e-01
7.940000e-01 9.849500e-01 1.773313e+00 1.986154e+00 1.370389e+01 5.624064e+03 9.540708e+03 2.37156 4.826139e-01
7.930000e-01 9.849500e-01 1.774364e+00 1.987346e+00 1.371258e+01 5.636550e+03 9.534995e+03 2.37528 4.838719e-01
7.920000e-01 9.849500e-01 1.775416e+00 1.988540e+00 1.372130e+01 5.649003e+03 9.529265e+03 2.37902 4.851280e-01
7.910000e-01 9.849500e-01 1.776472e+00 1.989739e+00 1.373005e+01 5.661425e+03 9.523517e+03 2.38277 4.863824e-01
7.900000e-01 9.849500e-01 1.777531e+00 1.990940e+00 1.373883e+01 5.673812e+03 9.517751e+03 2.38653 4.876346e-01
7.890000e-01 9.849500e-01 1.778590e+00 1.992143e+00 1.374764e+01 5.686148e+03 9.511972e+03 2.3903 4.888833e-01
7.880000e-01 9.849500e-01 1.779650e+00 1.993346e+00 1.375646e+01 5.698425e+03 9.506183e+03 2.39407 4.901277e-01
7.870000e-01 9.849500e-01 1.780710e+00 1.994549e+00 1.376529e+01 5.710632e+03 9.500388e+03 2.39784 4.913671e-01
7.860000e-01 9.849500e-01 1.781768e+00 1.995749e+00 1.377413e+01 5.722761e+03 9.494590e+03 2.40162 4.926009e-01
7.850000e-01 9.849500e-01 1.782826e+00 1.996949e+00 1.378299e+01 5.734829e+03 9.488782e+03 2.4054 4.938305e-01
7.840000e-01 9.849500e-01 1.783885e+00 1.998151e+00 1.379188e+01 5.746866e+03 9.482955e+03 2.4092 4.950585e-01
7.830000e-01 9.849500e-01 1.784948e+00 1.999357e+00 1.380080e+01 5.758879e+03 9.477103e+03 2.413 4.962856e-01
7.820000e-01 9.849500e-01 1.786015e+00 2.000567e+00 1.380977e+01 5.770875e+03 9.471228e+03 2.41682 4.975121e-01
7.810000e-01 9.849500e-01 1.787085e+00 2.001782e+00 1.381877e+01 5.782845e+03 9.465330e+03 2.42066 4.987373e-01
7.800000e-01 9.849500e-01 1.788157e+00 2.002999e+00 1.382780e+01 5.794777e+03 9.459412e+03 2.4245 4.999601e-01
7.790000e-01 9.849500e-01 1.789231e+00 2.004218e+00 1.383686e+01 5.806665e+03 9.453480e+03 2.42836 5.011800e-01
7.780000e-01 9.849500e-01 1.790306e+00 2.005437e+00 1.384594e+01 5.818499e+03 9.447535e+03 2.43222 5.023960e-01
7.770000e-01 9.849500e-01 1.791381e+00 2.006657e+00 1.385504e+01 5.830278e+03 9.441578e+03 2.43608 5.036082e-01
7.760000e-01 9.849500e-01 1.792457e+00 2.007879e+00 1.386417e+01 5.842021e+03 9.435604e+03 2.43996 5.048182e-01
7.750000e-01 9.849500e-01 1.793537e+00 2.009104e+00 1.387333e+01 5.853741e+03 9.429606e+03 2.44384 5.060269e-01
7.740000e-01 9.849500e-01 1.794619e+00 2.010333e+00 1.388252e+01 5.865425e+03 9.423589e+03 2.44774 5.072335e-01
7.730000e-01 9.849500e-01 1.795702e+00 2.011563e+00 1.389175e+01 5.877069e+03 9.417555e+03 2.45165 5.084371e-01
7.720000e-01 9.849500e-01 1.796786e+00 2.012794e+00 1.390099e+01 5.888654e+03 9.411508e+03 2.45556 5.096367e-01
7.710000e-01 9.849500e-01 1.797869e+00 2.014023e+00 1.391024e+01 5.900176e+03 9.405453e+03 2.45947 5.108316e-01
7.700000e-01 9.849500e-01 1.798952e+00 2.015252e+00 1.391951e+01 5.911629e+03 9.399392e+03 2.46339 5.120213e-01
7.690000e-01 9.849500e-01 1.800033e+00 2.016478e+00 1.392879e+01 5.923015e+03 9.393321e+03 2.4673 5.132065e-01
7.680000e-01 9.849500e-01 1.801115e+00 2.017706e+00 1.393810e+01 5.934366e+03 9.387232e+03 2.47123 5.143897e-01
7.670000e-01 9.849500e-01 1.802201e+00 2.018938e+00 1.394746e+01 5.945702e+03 9.381116e+03 2.47517 5.155725e-01
7.660000e-01 9.849500e-01 1.803290e+00 2.020174e+00 1.395685e+01 5.957012e+03 9.374973e+03 2.47913 5.167540e-01
7.650000e-01 9.849500e-01 1.804382e+00 2.021414e+00 1.396628e+01 5.968298e+03 9.368806e+03 2.4831 5.179344e-01
7.640000e-01 9.849500e-01 1.805477e+00 2.022656e+00 1.397575e+01 5.979554e+03 9.362617e+03 2.48708 5.191128e-01
7.630000e-01 9.849500e-01 1.806572e+00 2.023900e+00 1.398525e+01 5.990764e+03 9.356410e+03 2.49107 5.202881e-01
7.620000e-01 9.849500e-01 1.807669e+00 2.025145e+00 1.399477e+01 6.001923e+03 9.350189e+03 2.49506 5.214598e-01
7.610000e-01 9.849500e-01 1.808765e+00 2.026390e+00 1.400431e+01 6.013031e+03 9.343954e+03 2.49906 5.226279e-01
7.600000e-01 9.849500e-01 1.809863e+00 2.027636e+00 1.401388e+01 6.024102e+03 9.337700e+03 2.50307 5.237936e-01
7.590000e-01 9.849500e-01 1.810996e+00 2.028925e+00 1.402359e+01 6.035118e+03 9.331350e+03 2.50715 5.249493e-01
7.580000e-01 9.849500e-01 1.812100e+00 2.030178e+00 1.403324e+01 6.046131e+03 9.325047e+03 2.51118 5.261114e-01
7.570000e-01 9.849500e-01 1.813205e+00 2.031433e+00 1.404292e+01 6.057102e+03 9.318729e+03 2.51522 5.272708e-01
7.560000e-01 9.849500e-01 1.814310e+00 2.032689e+00 1.405261e+01 6.068023e+03 9.312396e+03 2.51926 5.284265e-01
7.550000e-01 9.849500e-01 1.815414e+00 2.033942e+00 1.406233e+01 6.078877e+03 9.306054e+03 2.52331 5.295772e-01
7.540000e-01 9.849500e-01 1.816516e+00 2.035193e+00 1.407205e+01 6.089663e+03 9.299704e+03 2.52735 5.307230e-01
7.530000e-01 9.849500e-01 1.817618e+00 2.036444e+00 1.408179e+01 6.100394e+03 9.293344e+03 2.5314 5.318650e-01
7.520000e-01 9.849500e-01 1.818721e+00 2.037696e+00 1.409157e+01 6.111088e+03 9.286961e+03 2.53546 5.330048e-01
7.510000e-01 9.849500e-01 1.819828e+00 2.038952e+00 1.410139e+01 6.121767e+03 9.280547e+03 2.53954 5.341442e-01
7.500000e-01 9.849500e-01 1.820937e+00 2.040212e+00 1.411126e+01 6.132424e+03 9.274105e+03 2.54363 5.352824e-01
7.490000e-01 9.849500e-01 1.822049e+00 2.041475e+00 1.412117e+01 6.143053e+03 9.267636e+03 2.54773 5.364189e-01
7.480000e-01 9.849500e-01 1.823163e+00 2.042740e+00 1.413112e+01 6.153650e+03 9.261143e+03 2.55183 5.375534e-01
7.470000e-01 9.849500e-01 1.824277e+00 2.044005e+00 1.414109e+01 6.164200e+03 9.254631e+03 2.55595 5.386845e-01
7.460000e-01 9.849500e-01 1.825392e+00 2.045271e+00 1.415109e+01 6.174701e+03 9.248103e+03 2.56007 5.398121e-01
7.450000e-01 9.849500e-01 1.826507e+00 2.046538e+00 1.416111e+01 6.185158e+03 9.241557e+03 2.5642 5.409364e-01
7.440000e-01 9.849500e-01 1.827624e+00 2.047805e+00 1.417118e+01 6.195582e+03 9.234985e+03 2.56833 5.420587e-01
7.430000e-01 9.849500e-01 1.828743e+00 2.049077e+00 1.418128e+01 6.205982e+03 9.228385e+03 2.57247 5.431796e-01
7.420000e-01 9.849500e-01 1.829864e+00 2.050350e+00 1.419142e+01 6.216348e+03 9.221762e+03 2.57663 5.442980e-01
7.410000e-01 9.849500e-01 1.830986e+00 2.051624e+00 1.420159e+01 6.226667e+03 9.215121e+03 2.58079 5.454130e-01
7.400000e-01 9.849500e-01 1.832106e+00 2.052897e+00 1.421178e+01 6.236933e+03 9.208463e+03 2.58495 5.465240e-01
7.390000e-01 9.849500e-01 1.833226e+00 2.054168e+00 1.422198e+01 6.247134e+03 9.201794e+03 2.58911 5.476300e-01
7.380000e-01 9.849500e-01 1.834343e+00 2.055436e+00 1.423221e+01 6.257272e+03 9.195114e+03 2.59328 5.487313e-01
7.370000e-01 9.849500e-01 1.835461e+00 2.056705e+00 1.424245e+01 6.267364e+03 9.188416e+03 2.59744 5.498295e-01
7.360000e-01 9.849500e-01 1.836580e+00 2.057975e+00 1.425275e+01 6.277432e+03 9.181688e+03 2.60162 5.509265e-01
7.350000e-01 9.849500e-01 1.837702e+00 2.059249e+00 1.426309e+01 6.287478e+03 9.174925e+03 2.60581 5.520222e-01
7.340000e-01 9.849500e-01 1.838826e+00 2.060526e+00 1.427348e+01 6.297502e+03 9.168132e+03 2.61001 5.531166e-01
7.330000e-01 9.849500e-01 1.839952e+00 2.061804e+00 1.428391e+01 6.307496e+03 9.161309e+03 2.61422 5.542089e-01
7.320000e-01 9.849500e-01 1.841080e+00 2.063085e+00 1.429437e+01 6.317452e+03 9.154463e+03 2.61844 5.552985e-01
7.310000e-01 9.849500e-01 1.842207e+00 2.064365e+00 1.430487e+01 6.327360e+03 9.147595e+03 2.62266 5.563845e-01
7.300000e-01 9.849500e-01 1.843334e+00 2.065644e+00 1.431539e+01 6.337220e+03 9.140708e+03 2.62689 5.574668e-01
7.290000e-01 9.849500e-01 1.844462e+00 2.066925e+00 1.432595e+01 6.347042e+03 9.133795e+03 2.63112 5.585465e-01
7.280000e-01 9.849500e-01 1.845592e+00 2.068208e+00 1.433655e+01 6.356842e+03 9.126852e+03 2.63536 5.596247e-01
7.270000e-01 9.849500e-01 1.846723e+00 2.069492e+00 1.434719e+01 6.366610e+03 9.119879e+03 2.63961 5.607006e-01
7.260000e-01 9.849500e-01 1.847854e+00 2.070777e+00 1.435787e+01 6.376335e+03 9.112881e+03 2.64386 5.617732e-01
7.250000e-01 9.849500e-01 1.848986e+00 2.072062e+00 1.436858e+01 6.386013e+03 9.105864e+03 2.64811 5.628421e-01
7.240000e-01 9.849500e-01 1.850115e+00 2.073345e+00 1.437930e+01 6.395630e+03 9.098832e+03 2.65237 5.639062e-01
7.230000e-01 9.849500e-01 1.851243e+00 2.074624e+00 1.439004e+01 6.405184e+03 9.091787e+03 2.65662 5.649655e-01
7.220000e-01 9.849500e-01 1.852369e+00 2.075902e+00 1.440081e+01 6.414685e+03 9.084723e+03 2.66088 5.660209e-01
7.210000e-01 9.849500e-01 1.853496e+00 2.077181e+00 1.441162e+01 6.424156e+03 9.077629e+03 2.66514 5.670744e-01
7.200000e-01 9.849500e-01 1.854625e+00 2.078463e+00 1.442248e+01 6.433607e+03 9.070499e+03 2.66941 5.681267e-01
7.190000e-01 9.849500e-01 1.855756e+00 2.079746e+00 1.443340e+01 6.443034e+03 9.063331e+03 2.67369 5.691773e-01
7.180000e-01 9.849500e-01 1.856889e+00 2.081032e+00 1.444436e+01 6.452433e+03 9.056130e+03 2.67798 5.702257e-01
7.170000e-01 9.849500e-01 1.858023e+00 2.082319e+00 1.445536e+01 6.461795e+03 9.048900e+03 2.68228 5.712715e-01
7.160000e-01 9.849500e-01 1.859156e+00 2.083606e+00 1.446640e+01 6.471110e+03 9.041648e+03 2.68658 5.723136e-01
7.150000e-01 9.849500e-01 1.860289e+00 2.084892e+00 1.447746e+01 6.480378e+03 9.034373e+03 2.69088 5.733520e-01
7.140000e-01 9.849500e-01 1.861421e+00 2.086177e+00 1.448856e+01 6.489605e+03 9.027070e+03 2.69519 5.743874e-01
7.130000e-01 9.849500e-01 1.862555e+00 2.087464e+00 1.449971e+01 6.498806e+03 9.019734e+03 2.6995 5.754209e-01
7.120000e-01 9.849500e-01 1.863690e+00 2.088753e+00 1.451091e+01 6.507976e+03 9.012366e+03 2.70382 5.764521e-01
7.110000e-01 9.849500e-01 1.864826e+00 2.090043e+00 1.452214e+01 6.517104e+03 9.004971e+03 2.70814 5.774801e-01
7.100000e-01 9.849500e-01 1.865961e+00 2.091331e+00 1.453341e+01 6.526183e+03 8.997552e+03 2.71247 5.785042e-01
7.090000e-01 9.849500e-01 1.867094e+00 2.092617e+00 1.454470e+01 6.535207e+03 8.990116e+03 2.71679 5.795235e-01
7.080000e-01 9.849500e-01 1.868224e+00 2.093899e+00 1.455601e+01 6.544164e+03 8.982665e+03 2.72112 5.805380e-01
7.070000e-01 9.849500e-01 1.869352e+00 2.095180e+00 1.456735e+01 6.553070e+03 8.975195e+03 2.72544 5.815483e-01
7.060000e-01 9.849500e-01 1.870481e+00 2.096461e+00 1.457873e+01 6.561943e+03 8.967693e+03 2.72976 5.825565e-01
7.050000e-01 9.849500e-01 1.871611e+00 2.097743e+00 1.459017e+01 6.570792e+03 8.960151e+03 2.7341 5.835633e-01
7.040000e-01 9.849500e-01 1.872774e+00 2.099065e+00 1.460177e+01 6.579586e+03 8.952497e+03 2.7385 5.845584e-01
7.030000e-01 9.849500e-01 1.873908e+00 2.100352e+00 1.461332e+01 6.588374e+03 8.944880e+03 2.74285 5.855605e-01
7.020000e-01 9.849500e-01 1.875042e+00 2.101640e+00 1.462491e+01 6.597129e+03 8.937235e+03 2.74721 5.865601e-01
7.010000e-01 9.849500e-01 1.876175e+00 2.102927e+00 1.463654e+01 6.605832e+03 8.929566e+03 2.75157 5.875558e-01
7.000000e-01 9.849500e-01 1.877307e+00 2.104212e+00 1.464820e+01 6.614486e+03 8.921874e+03 2.75594 5.885477e-01
6.990000e-01 9.849500e-01 1.878440e+00 2.105498e+00 1.465991e+01 6.623105e+03 8.914154e+03 2.7603 5.895369e-01
6.980000e-01 9.849500e-01 1.879572e+00 2.106784e+00 1.467167e+01 6.631687e+03 8.906397e+03 2.76468 5.905237e-01
6.970000e-01 9.849500e-01 1.880706e+00 2.108073e+00 1.468348e+01 6.640238e+03 8.898607e+03 2.76906 5.915079e-01
6.960000e-01 9.849500e-01 1.881840e+00 2.109361e+00 1.469533e+01 6.648746e+03 8.890790e+03 2.77344 5.924888e-01
6.950000e-01 9.849500e-01 1.882973e+00 2.110647e+00 1.470722e+01 6.657200e+03 8.882951e+03 2.77782 5.934655e-01
6.940000e-01 9.849500e-01 1.884102e+00 2.111930e+00 1.471913e+01 6.665594e+03 8.875092e+03 2.7822 5.944374e-01
6.930000e-01 9.849500e-01 1.885229e+00 2.113210e+00 1.473106e+01 6.673930e+03 8.867216e+03 2.78658 5.954042e-01
6.920000e-01 9.849500e-01 1.886353e+00 2.114486e+00 1.474303e+01 6.682210e+03 8.859317e+03 2.79095 5.963672e-01
6.910000e-01 9.849500e-01 1.887478e+00 2.115764e+00 1.475506e+01 6.690462e+03 8.851380e+03 2.79533 5.973281e-01
6.900000e-01 9.849500e-01 1.888604e+00 2.117043e+00 1.476715e+01 6.698689e+03 8.843399e+03 2.79972 5.982871e-01
6.890000e-01 9.849500e-01 1.889731e+00 2.118323e+00 1.477929e+01 6.706882e+03 8.835379e+03 2.80411 5.992437e-01
6.880000e-01 9.849500e-01 1.890858e+00 2.119604e+00 1.479149e+01 6.715043e+03 8.827321e+03 2.80851 6.001976e-01
6.870000e-01 9.849500e-01 1.891985e+00 2.120884e+00 1.480374e+01 6.723161e+03 8.819231e+03 2.81291 6.011481e-01
6.860000e-01 9.849500e-01 1.893110e+00 2.122162e+00 1.481603e+01 6.731227e+03 8.811113e+03 2.81731 6.020943e-01
6.850000e-01 9.849500e-01 1.894233e+00 2.123439e+00 1.482836e+01 6.739247e+03 8.802967e+03 2.82171 6.030366e-01
6.840000e-01 9.849500e-01 1.895356e+00 2.124715e+00 1.484073e+01 6.747231e+03 8.794785e+03 2.82611 6.039761e-01
6.830000e-01 9.849500e-01 1.896479e+00 2.125991e+00 1.485317e+01 6.755182e+03 8.786561e+03 2.83051 6.049131e-01
6.820000e-01 9.849500e-01 1.897602e+00 2.127267e+00 1.486567e+01 6.763095e+03 8.778300e+03 2.83492 6.058466e-01
6.810000e-01 9.849500e-01 1.898722e+00 2.128541e+00 1.487820e+01 6.770958e+03 8.770009e+03 2.83932 6.067759e-01
6.800000e-01 9.849500e-01 1.899841e+00 2.129812e+00 1.489077e+01 6.778768e+03 8.761692e+03 2.84372 6.077006e-01
6.790000e-01 9.849500e-01 1.900955e+00 2.131078e+00 1.490336e+01 6.786516e+03 8.753354e+03 2.8481 6.086200e-01
6.780000e-01 9.849500e-01 1.902065e+00 2.132339e+00 1.491599e+01 6.794204e+03 8.744991e+03 2.85248 6.095342e-01
6.770000e-01 9.849500e-01 1.903174e+00 2.133598e+00 1.492867e+01 6.801853e+03 8.736589e+03 2.85686 6.104451e-01
6.760000e-01 9.849500e-01 1.904282e+00 2.134857e+00 1.494141e+01 6.809474e+03 8.728139e+03 2.86124 6.113536e-01
6.750000e-01 9.849500e-01 1.905390e+00 2.136116e+00 1.495422e+01 6.817065e+03 8.719640e+03 2.86562 6.122595e-01
6.740000e-01 9.849500e-01 1.906498e+00 2.137374e+00 1.496709e+01 6.824621e+03 8.711094e+03 2.87 6.131620e-01
6.730000e-01 9.849500e-01 1.907604e+00 2.138631e+00 1.498002e+01 6.832139e+03 8.702506e+03 2.87438 6.140609e-01
6.720000e-01 9.849500e-01 1.908708e+00 2.139884e+00 1.499300e+01 6.839607e+03 8.693881e+03 2.87875 6.149552e-01
6.710000e-01 9.849500e-01 1.909808e+00 2.141135e+00 1.500601e+01 6.847027e+03 8.685223e+03 2.88311 6.158449e-01
6.700000e-01 9.849500e-01 1.910906e+00 2.142382e+00 1.501909e+01 6.854404e+03 8.676522e+03 2.88747 6.167308e-01
6.690000e-01 9.849500e-01 1.912031e+00 2.143661e+00 1.503233e+01 6.861719e+03 8.667697e+03 2.89187 6.176035e-01
6.680000e-01 9.849500e-01 1.913127e+00 2.144907e+00 1.504553e+01 6.869022e+03 8.658900e+03 2.89623 6.184821e-01
6.670000e-01 9.849500e-01 1.914221e+00 2.146149e+00 1.505878e+01 6.876280e+03 8.650068e+03 2.90058 6.193566e-01
6.660000e-01 9.849500e-01 1.915311e+00 2.147387e+00 1.507207e+01 6.883485e+03 8.641202e+03 2.90491 6.202262e-01
6.650000e-01 9.849500e-01 1.916397e+00 2.148621e+00 1.508539e+01 6.890628e+03 8.632312e+03 2.90924 6.210902e-01
6.640000e-01 9.849500e-01 1.917478e+00 2.149847e+00 1.509875e+01 6.897709e+03 8.623394e+03 2.91355 6.219485e-01
6.630000e-01 9.849500e-01 1.918555e+00 2.151070e+00 1.511216e+01 6.904743e+03 8.614438e+03 2.91786 6.228026e-01
6.620000e-01 9.849500e-01 1.919631e+00 2.152291e+00 1.512564e+01 6.911743e+03 8.605431e+03 2.92216 6.236536e-01
6.610000e-01 9.849500e-01 1.919269e+00 2.151926e+00 1.513320e+01 6.922776e+03 8.601428e+03 2.92376 6.252270e-01
6.600000e-01 9.849500e-01 1.921765e+00 2.154715e+00 1.515274e+01 6.925654e+03 8.587318e+03 2.93074 6.253519e-01
6.590000e-01 9.849500e-01 1.921390e+00 2.154336e+00 1.516038e+01 6.936634e+03 8.583254e+03 2.9323 6.269222e-01
6.580000e-01 9.849500e-01 1.923902e+00 2.157141e+00 1.518016e+01 6.939384e+03 8.568956e+03 2.9393 6.270276e-01
6.570000e-01 9.849500e-01 1.923505e+00 2.156738e+00 1.518783e+01 6.950295e+03 8.564865e+03 2.94081 6.285951e-01
6.560000e-01 9.849500e-01 1.926049e+00 2.159581e+00 1.520790e+01 6.952887e+03 8.550350e+03 2.94787 6.286740e-01
6.550000e-01 9.849500e-01 1.925620e+00 2.159141e+00 1.521556e+01 6.963759e+03 8.546267e+03 2.94931 6.302454e-01
6.540000e-01 9.849500e-01 1.928162e+00 2.161981e+00 1.523580e+01 6.966252e+03 8.531621e+03 2.95636 6.303135e-01
6.530000e-01 9.849500e-01 1.927712e+00 2.161518e+00 1.524350e+01 6.977067e+03 8.527508e+03 2.95775 6.318836e-01
6.520000e-01 9.849500e-01 1.930261e+00 2.164364e+00 1.526394e+01 6.979424e+03 8.512717e+03 2.96481 6.319338e-01
6.510000e-01 9.849500e-01 1.929783e+00 2.163870e+00 1.527165e+01 6.990160e+03 8.508582e+03 2.96612 6.334997e-01
6.500000e-01 9.849500e-01 1.932337e+00 2.166722e+00 1.529224e+01 6.992348e+03 8.493686e+03 2.97319 6.335307e-01
6.490000e-01 9.849500e-01 1.931832e+00 2.166197e+00 1.529997e+01 7.003006e+03 8.489531e+03 2.97443 6.350930e-01
6.480000e-01 9.849500e-01 1.934398e+00 2.169060e+00 1.532078e+01 7.005066e+03 8.474492e+03 2.98154 6.351087e-01
6.470000e-01 9.849500e-01 1.933876e+00 2.168519e+00 1.532856e+01 7.015683e+03 8.470304e+03 2.98274 6.366725e-01
6.460000e-01 9.849500e-01 1.936449e+00 2.171391e+00 1.534963e+01 7.017623e+03 8.455082e+03 2.98986 6.366723e-01
6.450000e-01 9.849500e-01 1.935907e+00 2.170828e+00 1.535747e+01 7.028187e+03 8.450863e+03 2.99102 6.382359e-01
6.440000e-01 9.849500e-01 1.938488e+00 2.173707e+00 1.537877e+01 7.029990e+03 8.435479e+03 2.99815 6.382178e-01
6.430000e-01 9.849500e-01 1.937921e+00 2.173116e+00 1.538663e+01 7.040485e+03 8.431235e+03 2.99925 6.397790e-01
6.420000e-01 9.849500e-01 1.940509e+00 2.176004e+00 1.540815e+01 7.042140e+03 8.415706e+03 3.00638 6.397425e-01
6.410000e-01 9.849500e-01 1.939919e+00 2.175389e+00 1.541606e+01 7.052580e+03 8.411431e+03 3.00743 6.413031e-01
6.400000e-01 9.849500e-01 1.942515e+00 2.178284e+00 1.543783e+01 7.054105e+03 8.395723e+03 3.01458 6.412494e-01
6.390000e-01 9.849500e-01 1.941901e+00 2.177643e+00 1.544578e+01 7.064486e+03 8.391418e+03 3.01556 6.428085e-01
6.380000e-01 9.849500e-01 1.944501e+00 2.180542e+00 1.546777e+01 7.065858e+03 8.375549e+03 3.0227 6.427340e-01
6.370000e-01 9.849500e-01 1.943853e+00 2.179863e+00 1.547573e+01 7.076157e+03 8.371218e+03 3.02359 6.442886e-01
6.360000e-01 9.849500e-01 1.946481e+00 2.182793e+00 1.549801e+01 7.077324e+03 8.355140e+03 3.03077 6.441821e-01
6.350000e-01 9.849500e-01 1.945791e+00 2.182064e+00 1.550594e+01 7.087566e+03 8.350817e+03 3.03155 6.457381e-01
6.340000e-01 9.849500e-01 1.948415e+00 2.184989e+00 1.552842e+01 7.088613e+03 8.334591e+03 3.03871 6.456175e-01
6.330000e-01 9.849500e-01 1.947701e+00 2.184236e+00 1.553642e+01 7.098815e+03 8.330227e+03 3.03943 6.471743e-01
6.320000e-01 9.849500e-01 1.950329e+00 2.187163e+00 1.555919e+01 7.099732e+03 8.313771e+03 3.04658 6.470326e-01
6.310000e-01 9.849500e-01 1.949587e+00 2.186380e+00 1.556723e+01 7.109879e+03 8.309368e+03 3.04723 6.485880e-01
6.300000e-01 9.849500e-01 1.952219e+00 2.189310e+00 1.559027e+01 7.110644e+03 8.292713e+03 3.05436 6.484240e-01
6.290000e-01 9.849500e-01 1.951446e+00 2.188492e+00 1.559834e+01 7.120722e+03 8.288278e+03 3.05491 6.499763e-01
6.280000e-01 9.849500e-01 1.954082e+00 2.191426e+00 1.562163e+01 7.121331e+03 8.271440e+03 3.06204 6.497904e-01
6.270000e-01 9.849500e-01 1.953282e+00 2.190579e+00 1.562976e+01 7.131359e+03 8.266966e+03 3.06252 6.513422e-01
6.260000e-01 9.849500e-01 1.955922e+00 2.193517e+00 1.565334e+01 7.131819e+03 8.249912e+03 3.06963 6.511341e-01
6.250000e-01 9.849500e-01 1.955090e+00 2.192635e+00 1.566150e+01 7.141783e+03 8.245404e+03 3.07003 6.526833e-01
6.240000e-01 9.849500e-01 1.957732e+00 2.195573e+00 1.568533e+01 7.142069e+03 8.228172e+03 3.07711 6.524505e-01
6.230000e-01 9.849500e-01 1.956861e+00 2.194646e+00 1.569349e+01 7.151948e+03 8.223636e+03 3.07739 6.539945e-01
6.220000e-01 9.849500e-01 1.959526e+00 2.197609e+00 1.571764e+01 7.152018e+03 8.206167e+03 3.08448 6.537268e-01
6.210000e-01 9.849500e-01 1.958612e+00 2.196634e+00 1.572580e+01 7.161850e+03 8.201629e+03 3.08465 6.552729e-01
6.200000e-01 9.849500e-01 1.961269e+00 2.199587e+00 1.575021e+01 7.161789e+03 8.183965e+03 3.09171 6.549875e-01
6.190000e-01 9.849500e-01 1.960325e+00 2.198581e+00 1.575843e+01 7.171575e+03 8.179383e+03 3.0918 6.565339e-01
6.180000e-01 9.849500e-01 1.962984e+00 2.201534e+00 1.578318e+01 7.171354e+03 8.161469e+03 3.09882 6.562231e-01
6.170000e-01 9.849500e-01 1.962010e+00 2.200495e+00 1.579144e+01 7.181079e+03 8.156852e+03 3.09883 6.577678e-01
6.160000e-01 9.849500e-01 1.964671e+00 2.203449e+00 1.581648e+01 7.180675e+03 8.138750e+03 3.10584 6.574329e-01
6.150000e-01 9.849500e-01 1.963664e+00 2.202374e+00 1.582478e+01 7.190331e+03 8.134106e+03 3.10576 6.589757e-01
6.140000e-01 9.849500e-01 1.966330e+00 2.205334e+00 1.585013e+01 7.189751e+03 8.115811e+03 3.11276 6.586180e-01
6.130000e-01 9.849500e-01 1.965293e+00 2.204228e+00 1.585849e+01 7.199352e+03 8.111131e+03 3.1126 6.601609e-01
6.120000e-01 9.849500e-01 1.967960e+00 2.207188e+00 1.588416e+01 7.198590e+03 8.092622e+03 3.11958 6.597782e-01
6.110000e-01 9.849500e-01 1.968766e+00 2.208104e+00 1.590132e+01 7.202898e+03 8.080923e+03 3.12294 6.603445e-01
6.100000e-01 9.849500e-01 1.969557e+00 2.209003e+00 1.591851e+01 7.207141e+03 8.069203e+03 3.12626 6.609046e-01
6.090000e-01 9.849500e-01 1.970337e+00 2.209889e+00 1.593577e+01 7.211313e+03 8.057433e+03 3.12954 6.614566e-01
6.080000e-01 9.849500e-01 1.971105e+00 2.210762e+00 1.595313e+01 7.215428e+03 8.045584e+03 3.13277 6.620008e-01
6.070000e-01 9.849500e-01 1.971883e+00 2.211646e+00 1.597071e+01 7.219454e+03 8.033559e+03 3.13599 6.625269e-01
6.060000e-01 9.849500e-01 1.972633e+00 2.212498e+00 1.598831e+01 7.223455e+03 8.021527e+03 3.13914 6.630552e-01
6.050000e-01 9.849500e-01 1.973373e+00 2.213339e+00 1.600601e+01 7.227398e+03 8.009420e+03 3.14224 6.635760e-01
6.040000e-01 9.849500e-01 1.974103e+00 2.214168e+00 1.602381e+01 7.231275e+03 7.997245e+03 3.14531 6.640889e-01
6.030000e-01 9.849500e-01 1.974822e+00 2.214985e+00 1.604170e+01 7.235083e+03 7.985004e+03 3.14834 6.645934e-01
6.020000e-01 9.849500e-01 1.975530e+00 2.215789e+00 1.605968e+01 7.238825e+03 7.972694e+03 3.15132 6.650895e-01
6.010000e-01 9.849500e-01 1.976226e+00 2.216579e+00 1.607778e+01 7.242507e+03 7.960298e+03 3.15425 6.655770e-01
6.000000e-01 9.849500e-01 1.976911e+00 2.217357e+00 1.609599e+01 7.246125e+03 7.947812e+03 3.15712 6.660558e-01
5.990000e-01 9.849500e-01 1.977583e+00 2.218120e+00 1.611431e+01 7.249676e+03 7.935247e+03 3.15995 6.665250e-01
5.980000e-01 9.849500e-01 1.978241e+00 2.218866e+00 1.613271e+01 7.253153e+03 7.922614e+03 3.16271 6.669841e-01
5.970000e-01 9.849500e-01 1.978885e+00 2.219597e+00 1.615119e+01 7.256551e+03 7.909924e+03 3.16542 6.674334e-01
5.960000e-01 9.849500e-01 1.979517e+00 2.220313e+00 1.616974e+01 7.259870e+03 7.897182e+03 3.16808 6.678736e-01
5.950000e-01 9.849500e-01 1.980138e+00 2.221017e+00 1.618840e+01 7.263120e+03 7.884373e+03 3.17071 6.683065e-01
5.940000e-01 9.849500e-01 1.980752e+00 2.221714e+00 1.620720e+01 7.266306e+03 7.871490e+03 3.17331 6.687331e-01
5.930000e-01 9.849500e-01 1.981375e+00 2.222422e+00 1.622623e+01 7.269386e+03 7.858445e+03 3.1759 6.691419e-01
5.920000e-01 9.849500e-01 1.981971e+00 2.223101e+00 1.624528e+01 7.272432e+03 7.845410e+03 3.17843 6.695533e-01
5.910000e-01 9.849500e-01 1.982554e+00 2.223765e+00 1.626444e+01 7.275407e+03 7.832303e+03 3.18091 6.699560e-01
5.900000e-01 9.849500e-01 1.983123e+00 2.224411e+00 1.628371e+01 7.278305e+03 7.819119e+03 3.18334 6.703487e-01
5.890000e-01 9.849500e-01 1.983677e+00 2.225041e+00 1.630309e+01 7.281129e+03 7.805854e+03 3.1857 6.707313e-01
5.880000e-01 9.849500e-01 1.984217e+00 2.225655e+00 1.632260e+01 7.283885e+03 7.792492e+03 3.18799 6.711036e-01
5.870000e-01 9.849500e-01 1.984742e+00 2.226252e+00 1.634224e+01 7.286570e+03 7.779032e+03 3.19023 6.714654e-01
5.860000e-01 9.849500e-01 1.985254e+00 2.226834e+00 1.636200e+01 7.289176e+03 7.765495e+03 3.1924 6.718174e-01
5.850000e-01 9.849500e-01 1.985751e+00 2.227399e+00 1.638186e+01 7.291702e+03 7.751894e+03 3.19452 6.721586e-01
5.840000e-01 9.849500e-01 1.986232e+00 2.227945e+00 1.640180e+01 7.294143e+03 7.738235e+03 3.19657 6.724892e-01
5.830000e-01 9.849500e-01 1.986695e+00 2.228470e+00 1.642184e+01 7.296500e+03 7.724504e+03 3.19854 6.728084e-01
5.820000e-01 9.849500e-01 1.987141e+00 2.228975e+00 1.644202e+01 7.298783e+03 7.710667e+03 3.20044 6.731160e-01
5.810000e-01 9.849500e-01 1.987588e+00 2.229482e+00 1.646246e+01 7.300958e+03 7.696635e+03 3.20228 6.734019e-01
5.800000e-01 9.849500e-01 1.988000e+00 2.229949e+00 1.648295e+01 7.303089e+03 7.682568e+03 3.20403 6.736856e-01
5.790000e-01 9.849500e-01 1.988399e+00 2.230401e+00 1.650358e+01 7.305143e+03 7.668414e+03 3.20571 6.739595e-01
5.780000e-01 9.849500e-01 1.988787e+00 2.230841e+00 1.652434e+01 7.307117e+03 7.654198e+03 3.20736 6.742247e-01
5.770000e-01 9.849500e-01 1.989164e+00 2.231269e+00 1.654521e+01 7.309005e+03 7.639928e+03 3.20897 6.744819e-01
5.760000e-01 9.849500e-01 1.989529e+00 2.231685e+00 1.656622e+01 7.310810e+03 7.625593e+03 3.21054 6.747311e-01
5.750000e-01 9.849500e-01 1.989878e+00 2.232083e+00 1.658737e+01 7.312537e+03 7.611165e+03 3.21205 6.749696e-01
5.740000e-01 9.849500e-01 1.990211e+00 2.232462e+00 1.660867e+01 7.314181e+03 7.596637e+03 3.21348 6.751965e-01
5.730000e-01 9.849500e-01 1.990523e+00 2.232818e+00 1.663011e+01 7.315737e+03 7.582018e+03 3.21482 6.754105e-01
5.720000e-01 9.849500e-01 1.990820e+00 2.233155e+00 1.665165e+01 7.317204e+03 7.567334e+03 3.2161 6.756124e-01
5.710000e-01 9.849500e-01 1.991097e+00 2.233470e+00 1.667329e+01 7.318580e+03 7.552584e+03 3.21729 6.758020e-01
5.700000e-01 9.849500e-01 1.991371e+00 2.233781e+00 1.669517e+01 7.319826e+03 7.537672e+03 3.21842 6.759692e-01
5.690000e-01 9.849500e-01 1.991612e+00 2.234054e+00 1.671711e+01 7.321027e+03 7.522727e+03 3.21946 6.761342e-01
5.680000e-01 9.849500e-01 1.991831e+00 2.234302e+00 1.673924e+01 7.322146e+03 7.507655e+03 3.22039 6.762852e-01
5.670000e-01 9.849500e-01 1.992027e+00 2.234524e+00 1.676154e+01 7.323174e+03 7.492458e+03 3.22123 6.764216e-01
5.660000e-01 9.849500e-01 1.992203e+00 2.234723e+00 1.678400e+01 7.324114e+03 7.477149e+03 3.22196 6.765436e-01
5.650000e-01 9.849500e-01 1.992365e+00 2.234905e+00 1.680660e+01 7.324963e+03 7.461766e+03 3.22264 6.766546e-01
5.640000e-01 9.849500e-01 1.992514e+00 2.235074e+00 1.682935e+01 7.325719e+03 7.446326e+03 3.22328 6.767568e-01
5.630000e-01 9.849500e-01 1.992652e+00 2.235232e+00 1.685225e+01 7.326387e+03 7.430824e+03 3.22388 6.768514e-01
5.620000e-01 9.849500e-01 1.992774e+00 2.235373e+00 1.687532e+01 7.326967e+03 7.415228e+03 3.22442 6.769350e-01
5.610000e-01 9.849500e-01 1.992876e+00 2.235490e+00 1.689855e+01 7.327451e+03 7.399536e+03 3.22487 6.770053e-01
5.600000e-01 9.849500e-01 1.992971e+00 2.235599e+00 1.692203e+01 7.327797e+03 7.383679e+03 3.22524 6.770506e-01
5.590000e-01 9.849500e-01 1.993032e+00 2.235668e+00 1.694553e+01 7.328085e+03 7.367832e+03 3.22551 6.770924e-01
5.580000e-01 9.849500e-01 1.993071e+00 2.235712e+00 1.696915e+01 7.328273e+03 7.351914e+03 3.22569 6.771210e-01
5.570000e-01 9.849500e-01 1.993089e+00 2.235733e+00 1.699294e+01 7.328369e+03 7.335891e+03 3.22578 6.771362e-01
5.560000e-01 9.849500e-01 1.993082e+00 2.235724e+00 1.701695e+01 7.328369e+03 7.319729e+03 3.22575 6.771351e-01
5.565650e-01 9.849500e-01 1.993398e+00 2.236077e+00 1.700549e+01 7.327433e+03 7.327331e+03 3.22621 6.769300e-01
