1.000000e+00 1.017730e+00 1.615896e+00 1.810172e+00 1.223338e+01 0.000000e+00 1.083163e+04 0 0.000000e+00
9.990000e-01 1.017730e+00 1.630798e+00 1.830257e+00 1.227149e+01 4.047939e+02 1.079084e+04 1.82276 3.156832e-02
9.980000e-01 1.017730e+00 1.631436e+00 1.830991e+00 1.227650e+01 5.766066e+02 1.077629e+04 1.82604 4.501298e-02
9.970000e-01 1.017730e+00 1.632191e+00 1.831862e+00 1.228180e+01 7.082141e+02 1.076443e+04 1.82883 5.532024e-02
9.960000e-01 1.017730e+00 1.632941e+00 1.832724e+00 1.228710e+01 8.184417e+02 1.075411e+04 1.83139 6.396076e-02
9.950000e-01 1.017730e+00 1.633682e+00 1.833573e+00 1.229240e+01 9.147980e+02 1.074479e+04 1.83384 7.152166e-02
9.940000e-01 1.017730e+00 1.634414e+00 1.834408e+00 1.229770e+01 1.001358e+03 1.073615e+04 1.83623 7.832128e-02
9.930000e-01 1.017730e+00 1.635141e+00 1.835235e+00 1.230302e+01 1.080833e+03 1.072802e+04 1.8386 8.457126e-02
9.920000e-01 1.017730e+00 1.635872e+00 1.836066e+00 1.230837e+01 1.155155e+03 1.072023e+04 1.84097 9.042223e-02
9.910000e-01 1.017730e+00 1.636612e+00 1.836909e+00 1.231376e+01 1.225492e+03 1.071273e+04 1.84334 9.596473e-02
9.900000e-01 1.017730e+00 1.637361e+00 1.837763e+00 1.231916e+01 1.292288e+03 1.070547e+04 1.84571 1.012330e-01
9.890000e-01 1.017730e+00 1.638114e+00 1.838624e+00 1.232457e+01 1.355866e+03 1.069845e+04 1.84808 1.062520e-01
9.880000e-01 1.017730e+00 1.638868e+00 1.839485e+00 1.232998e+01 1.416496e+03 1.069163e+04 1.85045 1.110430e-01
9.870000e-01 1.017730e+00 1.639620e+00 1.840344e+00 1.233539e+01 1.474427e+03 1.068500e+04 1.85281 1.156256e-01
9.860000e-01 1.017730e+00 1.640367e+00 1.841197e+00 1.234080e+01 1.529845e+03 1.067855e+04 1.85516 1.200143e-01
9.850000e-01 1.017730e+00 1.641107e+00 1.842038e+00 1.234619e+01 1.582892e+03 1.067226e+04 1.8575 1.242203e-01
9.840000e-01 1.017730e+00 1.641837e+00 1.842866e+00 1.235158e+01 1.633769e+03 1.066611e+04 1.85982 1.282595e-01
9.830000e-01 1.017730e+00 1.642561e+00 1.843684e+00 1.235697e+01 1.682862e+03 1.066008e+04 1.86215 1.321621e-01
9.820000e-01 1.017730e+00 1.643285e+00 1.844500e+00 1.236238e+01 1.730609e+03 1.065413e+04 1.86448 1.359623e-01
9.810000e-01 1.017730e+00 1.644014e+00 1.845323e+00 1.236784e+01 1.777347e+03 1.064822e+04 1.86683 1.396860e-01
9.800000e-01 1.017730e+00 1.644751e+00 1.846156e+00 1.237333e+01 1.823181e+03 1.064237e+04 1.86919 1.433409e-01
9.790000e-01 1.017730e+00 1.645497e+00 1.847000e+00 1.237885e+01 1.868151e+03 1.063657e+04 1.87157 1.469300e-01
9.780000e-01 1.017730e+00 1.646249e+00 1.847852e+00 1.238439e+01 1.912233e+03 1.063082e+04 1.87395 1.504512e-01
9.770000e-01 1.017730e+00 1.647007e+00 1.848711e+00 1.238995e+01 1.955405e+03 1.062513e+04 1.87635 1.539029e-01
9.760000e-01 1.017730e+00 1.647767e+00 1.849574e+00 1.239551e+01 1.997649e+03 1.061950e+04 1.87875 1.572835e-01
9.750000e-01 1.017730e+00 1.648527e+00 1.850438e+00 1.240108e+01 2.038923e+03 1.061393e+04 1.88115 1.605899e-01
9.740000e-01 1.017730e+00 1.649286e+00 1.851299e+00 1.240664e+01 2.079238e+03 1.060843e+04 1.88354 1.638230e-01
9.730000e-01 1.017730e+00 1.650044e+00 1.852159e+00 1.241220e+01 2.118701e+03 1.060299e+04 1.88594 1.669914e-01
9.720000e-01 1.017730e+00 1.650804e+00 1.853021e+00 1.241778e+01 2.157471e+03 1.059758e+04 1.88835 1.701075e-01
9.710000e-01 1.017730e+00 1.651569e+00 1.853890e+00 1.242339e+01 2.195690e+03 1.059220e+04 1.89077 1.731822e-01
9.700000e-01 1.017730e+00 1.652340e+00 1.854765e+00 1.242902e+01 2.233352e+03 1.058685e+04 1.8932 1.762150e-01
9.690000e-01 1.017730e+00 1.653114e+00 1.855644e+00 1.243466e+01 2.270430e+03 1.058154e+04 1.89564 1.792034e-01
9.680000e-01 1.017730e+00 1.653890e+00 1.856527e+00 1.244031e+01 2.306893e+03 1.057626e+04 1.89809 1.821452e-01
9.670000e-01 1.017730e+00 1.654666e+00 1.857410e+00 1.244597e+01 2.342723e+03 1.057102e+04 1.90054 1.850391e-01
9.660000e-01 1.017730e+00 1.655441e+00 1.858291e+00 1.245162e+01 2.377893e+03 1.056582e+04 1.90298 1.878828e-01
9.650000e-01 1.017730e+00 1.656213e+00 1.859167e+00 1.245727e+01 2.412363e+03 1.056066e+04 1.90543 1.906735e-01
9.640000e-01 1.017730e+00 1.656979e+00 1.860036e+00 1.246290e+01 2.446132e+03 1.055555e+04 1.90787 1.934110e-01
9.630000e-01 1.017730e+00 1.657742e+00 1.860900e+00 1.246854e+01 2.479307e+03 1.055047e+04 1.91031 1.961041e-01
9.620000e-01 1.017730e+00 1.658506e+00 1.861764e+00 1.247420e+01 2.512049e+03 1.054541e+04 1.91275 1.987652e-01
9.610000e-01 1.017730e+00 1.659273e+00 1.862632e+00 1.247989e+01 2.544475e+03 1.054035e+04 1.91521 2.014034e-01
9.600000e-01 1.017730e+00 1.660047e+00 1.863508e+00 1.248560e+01 2.576616e+03 1.053530e+04 1.91769 2.040208e-01
9.590000e-01 1.017730e+00 1.660825e+00 1.864390e+00 1.249135e+01 2.608460e+03 1.053026e+04 1.92018 2.066163e-01
9.580000e-01 1.017730e+00 1.661608e+00 1.865278e+00 1.249711e+01 2.639982e+03 1.052523e+04 1.92267 2.091879e-01
9.570000e-01 1.017730e+00 1.662395e+00 1.866170e+00 1.250288e+01 2.671165e+03 1.052023e+04 1.92518 2.117342e-01
9.560000e-01 1.017730e+00 1.663184e+00 1.867065e+00 1.250867e+01 2.701986e+03 1.051524e+04 1.92769 2.142533e-01
9.550000e-01 1.017730e+00 1.663973e+00 1.867961e+00 1.251446e+01 2.732406e+03 1.051027e+04 1.93021 2.167423e-01
9.540000e-01 1.017730e+00 1.664762e+00 1.868856e+00 1.252026e+01 2.762421e+03 1.050533e+04 1.93272 2.192010e-01
9.530000e-01 1.017730e+00 1.665552e+00 1.869752e+00 1.252607e+01 2.792080e+03 1.050040e+04 1.93525 2.216334e-01
9.520000e-01 1.017730e+00 1.666344e+00 1.870651e+00 1.253189e+01 2.821471e+03 1.049548e+04 1.93778 2.240462e-01
9.510000e-01 1.017730e+00 1.667141e+00 1.871555e+00 1.253774e+01 2.850636e+03 1.049056e+04 1.94032 2.264427e-01
9.500000e-01 1.017730e+00 1.667942e+00 1.872465e+00 1.254361e+01 2.879552e+03 1.048565e+04 1.94288 2.288209e-01
9.490000e-01 1.017730e+00 1.668746e+00 1.873378e+00 1.254950e+01 2.908185e+03 1.048074e+04 1.94544 2.311781e-01
9.480000e-01 1.017730e+00 1.669550e+00 1.874293e+00 1.255538e+01 2.936501e+03 1.047586e+04 1.94801 2.335116e-01
9.470000e-01 1.017730e+00 1.670355e+00 1.875207e+00 1.256127e+01 2.964482e+03 1.047099e+04 1.95057 2.358200e-01
9.460000e-01 1.017730e+00 1.671159e+00 1.876120e+00 1.256716e+01 2.992102e+03 1.046614e+04 1.95314 2.381014e-01
9.450000e-01 1.017730e+00 1.671959e+00 1.877028e+00 1.257305e+01 3.019332e+03 1.046132e+04 1.95571 2.403536e-01
9.440000e-01 1.017730e+00 1.672757e+00 1.877931e+00 1.257893e+01 3.046193e+03 1.045652e+04 1.95827 2.425783e-01
9.430000e-01 1.017730e+00 1.673553e+00 1.878833e+00 1.258482e+01 3.072771e+03 1.045174e+04 1.96084 2.447826e-01
9.420000e-01 1.017730e+00 1.674352e+00 1.879738e+00 1.259074e+01 3.099171e+03 1.044694e+04 1.96342 2.469746e-01
9.410000e-01 1.017730e+00 1.675156e+00 1.880648e+00 1.259669e+01 3.125435e+03 1.044214e+04 1.96601 2.491574e-01
9.400000e-01 1.017730e+00 1.675965e+00 1.881565e+00 1.260266e+01 3.151566e+03 1.043733e+04 1.96862 2.513311e-01
9.390000e-01 1.017730e+00 1.676778e+00 1.882488e+00 1.260866e+01 3.177534e+03 1.043252e+04 1.97124 2.534932e-01
9.380000e-01 1.017730e+00 1.677595e+00 1.883414e+00 1.261468e+01 3.203315e+03 1.042771e+04 1.97387 2.556417e-01
9.370000e-01 1.017730e+00 1.678414e+00 1.884344e+00 1.262071e+01 3.228889e+03 1.042291e+04 1.97651 2.577750e-01
9.360000e-01 1.017730e+00 1.679235e+00 1.885275e+00 1.262675e+01 3.254231e+03 1.041812e+04 1.97915 2.598911e-01
9.350000e-01 1.017730e+00 1.680055e+00 1.886206e+00 1.263279e+01 3.279315e+03 1.041334e+04 1.98179 2.619881e-01
9.340000e-01 1.017730e+00 1.680876e+00 1.887136e+00 1.263883e+01 3.304167e+03 1.040856e+04 1.98444 2.640682e-01
9.330000e-01 1.017730e+00 1.681698e+00 1.888069e+00 1.264490e+01 3.328840e+03 1.040379e+04 1.9871 2.661356e-01
9.320000e-01 1.017730e+00 1.682525e+00 1.889007e+00 1.265099e+01 3.353388e+03 1.039902e+04 1.98976 2.681944e-01
9.310000e-01 1.017730e+00 1.683355e+00 1.889950e+00 1.265710e+01 3.377808e+03 1.039424e+04 1.99244 2.702444e-01
9.300000e-01 1.017730e+00 1.684189e+00 1.890897e+00 1.266323e+01 3.402073e+03 1.038945e+04 1.99513 2.722833e-01
9.290000e-01 1.017730e+00 1.685025e+00 1.891847e+00 1.266938e+01 3.426148e+03 1.038467e+04 1.99783 2.743083e-01
9.280000e-01 1.017730e+00 1.685862e+00 1.892797e+00 1.267553e+01 3.450012e+03 1.037990e+04 2.00053 2.763176e-01
9.270000e-01 1.017730e+00 1.686698e+00 1.893746e+00 1.268167e+01 3.473638e+03 1.037514e+04 2.00323 2.783094e-01
9.260000e-01 1.017730e+00 1.687531e+00 1.894692e+00 1.268782e+01 3.497000e+03 1.037039e+04 2.00593 2.802817e-01
9.250000e-01 1.017730e+00 1.688362e+00 1.895634e+00 1.269396e+01 3.520100e+03 1.036566e+04 2.00863 2.822345e-01
9.240000e-01 1.017730e+00 1.689192e+00 1.896574e+00 1.270011e+01 3.542992e+03 1.036093e+04 2.01133 2.841724e-01
9.230000e-01 1.017730e+00 1.690023e+00 1.897516e+00 1.270628e+01 3.565758e+03 1.035620e+04 2.01404 2.861021e-01
9.220000e-01 1.017730e+00 1.690859e+00 1.898464e+00 1.271248e+01 3.588444e+03 1.035146e+04 2.01676 2.880268e-01
9.210000e-01 1.017730e+00 1.691700e+00 1.899417e+00 1.271871e+01 3.611053e+03 1.034670e+04 2.0195 2.899467e-01
9.200000e-01 1.017730e+00 1.692546e+00 1.900376e+00 1.272496e+01 3.633562e+03 1.034194e+04 2.02225 2.918598e-01
9.190000e-01 1.017730e+00 1.693394e+00 1.901338e+00 1.273124e+01 3.655946e+03 1.033717e+04 2.02501 2.937641e-01
9.180000e-01 1.017730e+00 1.694245e+00 1.902304e+00 1.273752e+01 3.678188e+03 1.033240e+04 2.02778 2.956582e-01
9.170000e-01 1.017730e+00 1.695097e+00 1.903271e+00 1.274382e+01 3.700264e+03 1.032764e+04 2.03055 2.975401e-01
9.160000e-01 1.017730e+00 1.695949e+00 1.904237e+00 1.275011e+01 3.722151e+03 1.032289e+04 2.03333 2.994081e-01
9.150000e-01 1.017730e+00 1.696801e+00 1.905203e+00 1.275642e+01 3.743866e+03 1.031814e+04 2.03611 3.012637e-01
9.140000e-01 1.017730e+00 1.697654e+00 1.906172e+00 1.276274e+01 3.765455e+03 1.031339e+04 2.03889 3.031105e-01
9.130000e-01 1.017730e+00 1.698511e+00 1.907145e+00 1.276908e+01 3.786955e+03 1.030863e+04 2.04169 3.049515e-01
9.120000e-01 1.017730e+00 1.699372e+00 1.908122e+00 1.277545e+01 3.808369e+03 1.030387e+04 2.0445 3.067868e-01
9.110000e-01 1.017730e+00 1.700237e+00 1.909104e+00 1.278183e+01 3.829676e+03 1.029910e+04 2.04732 3.086148e-01
9.100000e-01 1.017730e+00 1.701103e+00 1.910087e+00 1.278823e+01 3.850852e+03 1.029433e+04 2.05015 3.104333e-01
9.090000e-01 1.017730e+00 1.701970e+00 1.911072e+00 1.279464e+01 3.871874e+03 1.028957e+04 2.05298 3.122407e-01
9.080000e-01 1.017730e+00 1.702836e+00 1.912056e+00 1.280105e+01 3.892721e+03 1.028481e+04 2.05581 3.140353e-01
9.070000e-01 1.017730e+00 1.703701e+00 1.913037e+00 1.280746e+01 3.913372e+03 1.028006e+04 2.05865 3.158155e-01
9.060000e-01 1.017730e+00 1.704563e+00 1.914015e+00 1.281387e+01 3.933831e+03 1.027531e+04 2.06148 3.175818e-01
9.050000e-01 1.017730e+00 1.705425e+00 1.914992e+00 1.282029e+01 3.954152e+03 1.027057e+04 2.06432 3.193385e-01
9.040000e-01 1.017730e+00 1.706290e+00 1.915973e+00 1.282673e+01 3.974397e+03 1.026582e+04 2.06717 3.210908e-01
9.030000e-01 1.017730e+00 1.707160e+00 1.916958e+00 1.283321e+01 3.994592e+03 1.026105e+04 2.07003 3.228404e-01
9.020000e-01 1.017730e+00 1.708034e+00 1.917950e+00 1.283971e+01 4.014737e+03 1.025627e+04 2.07291 3.245871e-01
9.010000e-01 1.017730e+00 1.708913e+00 1.918947e+00 1.284625e+01 4.034809e+03 1.025148e+04 2.0758 3.263293e-01
9.000000e-01 1.017730e+00 1.709794e+00 1.919947e+00 1.285280e+01 4.054792e+03 1.024668e+04 2.0787 3.280653e-01
8.990000e-01 1.017730e+00 1.710678e+00 1.920950e+00 1.285936e+01 4.074667e+03 1.024188e+04 2.08161 3.297937e-01
8.980000e-01 1.017730e+00 1.711563e+00 1.921954e+00 1.286594e+01 4.094408e+03 1.023708e+04 2.08453 3.315124e-01
8.970000e-01 1.017730e+00 1.712447e+00 1.922958e+00 1.287252e+01 4.114002e+03 1.023229e+04 2.08744 3.332206e-01
8.960000e-01 1.017730e+00 1.713332e+00 1.923962e+00 1.287911e+01 4.133476e+03 1.022750e+04 2.09036 3.349202e-01
8.950000e-01 1.017730e+00 1.714220e+00 1.924970e+00 1.288571e+01 4.152866e+03 1.022270e+04 2.09329 3.366143e-01
8.940000e-01 1.017730e+00 1.715111e+00 1.925981e+00 1.289235e+01 4.172191e+03 1.021789e+04 2.09624 3.383044e-01
8.930000e-01 1.017730e+00 1.716006e+00 1.926998e+00 1.289900e+01 4.191447e+03 1.021307e+04 2.09919 3.399900e-01
8.920000e-01 1.017730e+00 1.716903e+00 1.928017e+00 1.290567e+01 4.210607e+03 1.020825e+04 2.10216 3.416689e-01
8.910000e-01 1.017730e+00 1.717801e+00 1.929037e+00 1.291236e+01 4.229655e+03 1.020342e+04 2.10512 3.433399e-01
8.900000e-01 1.017730e+00 1.718700e+00 1.930058e+00 1.291905e+01 4.248570e+03 1.019860e+04 2.1081 3.450013e-01
8.890000e-01 1.017730e+00 1.719597e+00 1.931077e+00 1.292574e+01 4.267335e+03 1.019379e+04 2.11107 3.466517e-01
8.880000e-01 1.017730e+00 1.720493e+00 1.932093e+00 1.293243e+01 4.285937e+03 1.018898e+04 2.11404 3.482903e-01
8.870000e-01 1.017730e+00 1.721387e+00 1.933108e+00 1.293912e+01 4.304401e+03 1.018418e+04 2.11702 3.499194e-01
8.860000e-01 1.017730e+00 1.722284e+00 1.934125e+00 1.294584e+01 4.322793e+03 1.017937e+04 2.12001 3.515440e-01
8.850000e-01 1.017730e+00 1.723184e+00 1.935145e+00 1.295259e+01 4.341139e+03 1.017454e+04 2.12301 3.531664e-01
8.840000e-01 1.017730e+00 1.724089e+00 1.936172e+00 1.295936e+01 4.359454e+03 1.016970e+04 2.12602 3.547874e-01
8.830000e-01 1.017730e+00 1.724998e+00 1.937204e+00 1.296617e+01 4.377719e+03 1.016484e+04 2.12905 3.564056e-01
8.820000e-01 1.017730e+00 1.725910e+00 1.938240e+00 1.297300e+01 4.395925e+03 1.015998e+04 2.13209 3.580200e-01
8.810000e-01 1.017730e+00 1.726825e+00 1.939280e+00 1.297985e+01 4.414047e+03 1.015511e+04 2.13514 3.596287e-01
8.800000e-01 1.017730e+00 1.727742e+00 1.940321e+00 1.298671e+01 4.432072e+03 1.015023e+04 2.1382 3.612306e-01
8.790000e-01 1.017730e+00 1.728658e+00 1.941361e+00 1.299358e+01 4.449979e+03 1.014536e+04 2.14126 3.628240e-01
8.780000e-01 1.017730e+00 1.729576e+00 1.942403e+00 1.300045e+01 4.467782e+03 1.014048e+04 2.14432 3.644101e-01
8.770000e-01 1.017730e+00 1.730495e+00 1.943446e+00 1.300735e+01 4.485510e+03 1.013560e+04 2.1474 3.659914e-01
8.760000e-01 1.017730e+00 1.731417e+00 1.944494e+00 1.301427e+01 4.503190e+03 1.013070e+04 2.15048 3.675699e-01
8.750000e-01 1.017730e+00 1.732343e+00 1.945546e+00 1.302122e+01 4.520815e+03 1.012580e+04 2.15358 3.691450e-01
8.740000e-01 1.017730e+00 1.733272e+00 1.946602e+00 1.302818e+01 4.538371e+03 1.012089e+04 2.15669 3.707154e-01
8.730000e-01 1.017730e+00 1.734203e+00 1.947659e+00 1.303516e+01 4.555835e+03 1.011597e+04 2.1598 3.722795e-01
8.720000e-01 1.017730e+00 1.735133e+00 1.948717e+00 1.304214e+01 4.573193e+03 1.011105e+04 2.16292 3.738360e-01
8.710000e-01 1.017730e+00 1.736063e+00 1.949773e+00 1.304913e+01 4.590425e+03 1.010614e+04 2.16604 3.753833e-01
8.700000e-01 1.017730e+00 1.736991e+00 1.950827e+00 1.305612e+01 4.607522e+03 1.010123e+04 2.16916 3.769209e-01
8.690000e-01 1.017730e+00 1.737918e+00 1.951879e+00 1.306311e+01 4.624501e+03 1.009632e+04 2.17228 3.784503e-01
8.680000e-01 1.017730e+00 1.738847e+00 1.952932e+00 1.307013e+01 4.641419e+03 1.009140e+04 2.17541 3.799761e-01
8.670000e-01 1.017730e+00 1.739779e+00 1.953990e+00 1.307717e+01 4.658300e+03 1.008647e+04 2.17855 3.815002e-01
8.660000e-01 1.017730e+00 1.740716e+00 1.955054e+00 1.308425e+01 4.675154e+03 1.008151e+04 2.18171 3.830233e-01
8.650000e-01 1.017730e+00 1.741657e+00 1.956122e+00 1.309136e+01 4.691971e+03 1.007655e+04 2.18489 3.845445e-01
8.640000e-01 1.017730e+00 1.742601e+00 1.957195e+00 1.309849e+01 4.708738e+03 1.007157e+04 2.18807 3.860626e-01
8.630000e-01 1.017730e+00 1.743548e+00 1.958271e+00 1.310564e+01 4.725439e+03 1.006658e+04 2.19127 3.875763e-01
8.620000e-01 1.017730e+00 1.744496e+00 1.959348e+00 1.311281e+01 4.742055e+03 1.006158e+04 2.19447 3.890841e-01
8.610000e-01 1.017730e+00 1.745445e+00 1.960425e+00 1.311998e+01 4.758575e+03 1.005659e+04 2.19768 3.905851e-01
8.600000e-01 1.017730e+00 1.746394e+00 1.961503e+00 1.312717e+01 4.775008e+03 1.005159e+04 2.20089 3.920800e-01
8.590000e-01 1.017730e+00 1.747345e+00 1.962583e+00 1.313437e+01 4.791383e+03 1.004658e+04 2.20411 3.935714e-01
8.580000e-01 1.017730e+00 1.748300e+00 1.963668e+00 1.314160e+01 4.807720e+03 1.004156e+04 2.20734 3.950607e-01
8.570000e-01 1.017730e+00 1.749291e+00 1.964797e+00 1.314895e+01 4.823960e+03 1.003645e+04 2.21065 3.965396e-01
8.560000e-01 1.017730e+00 1.750219e+00 1.965849e+00 1.315614e+01 4.840240e+03 1.003147e+04 2.21384 3.980297e-01
8.550000e-01 1.017730e+00 1.751214e+00 1.966982e+00 1.316352e+01 4.856341e+03 1.002635e+04 2.21716 3.994991e-01
8.540000e-01 1.017730e+00 1.752177e+00 1.968076e+00 1.317083e+01 4.872398e+03 1.002130e+04 2.22043 4.009693e-01
8.530000e-01 1.017730e+00 1.753138e+00 1.969168e+00 1.317813e+01 4.888344e+03 1.001624e+04 2.2237 4.024316e-01
8.520000e-01 1.017730e+00 1.754064e+00 1.970218e+00 1.318534e+01 4.904222e+03 1.001126e+04 2.2269 4.038932e-01
8.510000e-01 1.017730e+00 1.755057e+00 1.971346e+00 1.319275e+01 4.919914e+03 1.000614e+04 2.23023 4.053337e-01
8.500000e-01 1.017730e+00 1.756019e+00 1.972438e+00 1.320009e+01 4.935612e+03 1.000107e+04 2.23352 4.067794e-01
8.490000e-01 1.017730e+00 1.756984e+00 1.973534e+00 1.320746e+01 4.951281e+03 9.995982e+03 2.23681 4.082240e-01
8.480000e-01 1.017730e+00 1.757954e+00 1.974636e+00 1.321487e+01 4.966929e+03 9.990875e+03 2.24012 4.096680e-01
8.470000e-01 1.017730e+00 1.758928e+00 1.975742e+00 1.322231e+01 4.982539e+03 9.985752e+03 2.24345 4.111100e-01
8.460000e-01 1.017730e+00 1.759905e+00 1.976852e+00 1.322977e+01 4.998104e+03 9.980616e+03 2.24679 4.125492e-01
8.450000e-01 1.017730e+00 1.760884e+00 1.977964e+00 1.323725e+01 5.013605e+03 9.975472e+03 2.25013 4.139841e-01
8.440000e-01 1.017730e+00 1.761864e+00 1.979077e+00 1.324474e+01 5.029029e+03 9.970322e+03 2.25348 4.154137e-01
8.430000e-01 1.017730e+00 1.762844e+00 1.980190e+00 1.325224e+01 5.044368e+03 9.965169e+03 2.25684 4.168372e-01
8.420000e-01 1.017730e+00 1.763825e+00 1.981305e+00 1.325976e+01 5.059638e+03 9.960009e+03 2.2602 4.182561e-01
8.410000e-01 1.017730e+00 1.764809e+00 1.982423e+00 1.326730e+01 5.074871e+03 9.954834e+03 2.26357 4.196731e-01
8.400000e-01 1.017730e+00 1.765796e+00 1.983545e+00 1.327487e+01 5.090066e+03 9.949643e+03 2.26696 4.210879e-01
8.390000e-01 1.017730e+00 1.766787e+00 1.984671e+00 1.328247e+01 5.105219e+03 9.944438e+03 2.27035 4.225002e-01
8.380000e-01 1.017730e+00 1.767779e+00 1.985798e+00 1.329008e+01 5.120309e+03 9.939224e+03 2.27376 4.239082e-01
8.370000e-01 1.017730e+00 1.768772e+00 1.986927e+00 1.329770e+01 5.135323e+03 9.934003e+03 2.27717 4.253109e-01
8.360000e-01 1.017730e+00 1.769765e+00 1.988055e+00 1.330534e+01 5.150247e+03 9.928781e+03 2.28058 4.267071e-01
8.350000e-01 1.017730e+00 1.770755e+00 1.989180e+00 1.331297e+01 5.165066e+03 9.923559e+03 2.28399 4.280958e-01
8.340000e-01 1.017730e+00 1.771746e+00 1.990304e+00 1.332061e+01 5.179799e+03 9.918333e+03 2.28741 4.294784e-01
8.330000e-01 1.017730e+00 1.772737e+00 1.991429e+00 1.332828e+01 5.194474e+03 9.913096e+03 2.29083 4.308577e-01
8.320000e-01 1.017730e+00 1.773732e+00 1.992559e+00 1.333597e+01 5.209126e+03 9.907839e+03 2.29427 4.322363e-01
8.310000e-01 1.017730e+00 1.774731e+00 1.993694e+00 1.334371e+01 5.223758e+03 9.902562e+03 2.29773 4.336141e-01
8.300000e-01 1.017730e+00 1.775734e+00 1.994833e+00 1.335147e+01 5.238364e+03 9.897263e+03 2.30119 4.349909e-01
8.290000e-01 1.017730e+00 1.776740e+00 1.995976e+00 1.335926e+01 5.252932e+03 9.891948e+03 2.30467 4.363654e-01
8.280000e-01 1.017730e+00 1.777749e+00 1.997122e+00 1.336707e+01 5.267450e+03 9.886621e+03 2.30816 4.377367e-01
8.270000e-01 1.017730e+00 1.778759e+00 1.998269e+00 1.337490e+01 5.281903e+03 9.881285e+03 2.31166 4.391035e-01
8.260000e-01 1.017730e+00 1.779768e+00 1.999416e+00 1.338274e+01 5.296279e+03 9.875944e+03 2.31516 4.404648e-01
8.250000e-01 1.017730e+00 1.780779e+00 2.000564e+00 1.339060e+01 5.310589e+03 9.870595e+03 2.31866 4.418217e-01
8.240000e-01 1.017730e+00 1.781792e+00 2.001715e+00 1.339848e+01 5.324858e+03 9.865232e+03 2.32218 4.431762e-01
8.230000e-01 1.017730e+00 1.782809e+00 2.002870e+00 1.340638e+01 5.339099e+03 9.859850e+03 2.3257 4.445292e-01
8.220000e-01 1.017730e+00 1.783828e+00 2.004028e+00 1.341432e+01 5.353301e+03 9.854453e+03 2.32924 4.458799e-01
8.210000e-01 1.017730e+00 1.784849e+00 2.005189e+00 1.342228e+01 5.367449e+03 9.849043e+03 2.33279 4.472270e-01
8.200000e-01 1.017730e+00 1.785872e+00 2.006351e+00 1.343025e+01 5.381530e+03 9.843627e+03 2.33635 4.485695e-01
8.190000e-01 1.017730e+00 1.786893e+00 2.007512e+00 1.343823e+01 5.395530e+03 9.838206e+03 2.3399 4.499061e-01
8.180000e-01 1.017730e+00 1.787914e+00 2.008670e+00 1.344621e+01 5.409437e+03 9.832783e+03 2.34346 4.512361e-01
8.170000e-01 1.017730e+00 1.788933e+00 2.009828e+00 1.345420e+01 5.423261e+03 9.827357e+03 2.34702 4.525604e-01
8.160000e-01 1.017730e+00 1.789954e+00 2.010987e+00 1.346222e+01 5.437036e+03 9.821918e+03 2.35059 4.538818e-01
8.150000e-01 1.017730e+00 1.790978e+00 2.012150e+00 1.347027e+01 5.450787e+03 9.816459e+03 2.35417 4.552024e-01
8.140000e-01 1.017730e+00 1.792006e+00 2.013317e+00 1.347835e+01 5.464517e+03 9.810977e+03 2.35777 4.565223e-01
8.130000e-01 1.017730e+00 1.793039e+00 2.014490e+00 1.348647e+01 5.478226e+03 9.805474e+03 2.36139 4.578414e-01
8.120000e-01 1.017730e+00 1.794074e+00 2.015666e+00 1.349462e+01 5.491900e+03 9.799953e+03 2.36501 4.591586e-01
8.110000e-01 1.017730e+00 1.795111e+00 2.016845e+00 1.350279e+01 5.505528e+03 9.794417e+03 2.36865 4.604727e-01
8.100000e-01 1.017730e+00 1.796150e+00 2.018025e+00 1.351098e+01 5.519097e+03 9.788873e+03 2.37229 4.617828e-01
8.090000e-01 1.017730e+00 1.797189e+00 2.019205e+00 1.351918e+01 5.532593e+03 9.783321e+03 2.37593 4.630876e-01
8.080000e-01 1.017730e+00 1.798228e+00 2.020386e+00 1.352740e+01 5.546033e+03 9.777759e+03 2.37959 4.643888e-01
8.070000e-01 1.017730e+00 1.799271e+00 2.021570e+00 1.353565e+01 5.559439e+03 9.772181e+03 2.38325 4.656881e-01
8.060000e-01 1.017730e+00 1.800316e+00 2.022758e+00 1.354392e+01 5.572815e+03 9.766583e+03 2.38693 4.669858e-01
8.050000e-01 1.017730e+00 1.801364e+00 2.023949e+00 1.355223e+01 5.586155e+03 9.760969e+03 2.39062 4.682813e-01
8.040000e-01 1.017730e+00 1.802414e+00 2.025142e+00 1.356056e+01 5.599443e+03 9.755342e+03 2.39431 4.695733e-01
8.030000e-01 1.017730e+00 1.803465e+00 2.026336e+00 1.356890e+01 5.612664e+03 9.749707e+03 2.39801 4.708607e-01
8.020000e-01 1.017730e+00 1.804514e+00 2.027529e+00 1.357725e+01 5.625808e+03 9.744067e+03 2.40171 4.721425e-01
8.010000e-01 1.017730e+00 1.805562e+00 2.028720e+00 1.358561e+01 5.638869e+03 9.738424e+03 2.40542 4.734184e-01
8.000000e-01 1.017730e+00 1.806610e+00 2.029909e+00 1.359398e+01 5.651860e+03 9.732774e+03 2.40913 4.746895e-01
7.990000e-01 1.017730e+00 1.807660e+00 2.031101e+00 1.360237e+01 5.664811e+03 9.727109e+03 2.41285 4.759587e-01
7.980000e-01 1.017730e+00 1.808713e+00 2.032297e+00 1.361081e+01 5.677741e+03 9.721420e+03 2.41658 4.772271e-01
7.970000e-01 1.017730e+00 1.809770e+00 2.033498e+00 1.361928e+01 5.690655e+03 9.715708e+03 2.42033 4.784952e-01
7.960000e-01 1.017730e+00 1.810831e+00 2.034704e+00 1.362779e+01 5.703543e+03 9.709973e+03 2.42409 4.797620e-01
7.950000e-01 1.017730e+00 1.811895e+00 2.035912e+00 1.363633e+01 5.716394e+03 9.704222e+03 2.42787 4.810267e-01
7.940000e-01 1.017730e+00 1.812960e+00 2.037124e+00 1.364489e+01 5.729199e+03 9.698457e+03 2.43166 4.822883e-01
7.930000e-01 1.017730e+00 1.814026e+00 2.038335e+00 1.365347e+01 5.741942e+03 9.692682e+03 2.43545 4.835456e-01
7.920000e-01 1.017730e+00 1.815092e+00 2.039546e+00 1.366206e+01 5.754622e+03 9.686898e+03 2.43924 4.847984e-01
7.910000e-01 1.017730e+00 1.816160e+00 2.040760e+00 1.367068e+01 5.767259e+03 9.681100e+03 2.44304 4.860487e-01
7.900000e-01 1.017730e+00 1.817231e+00 2.041977e+00 1.367933e+01 5.779869e+03 9.675283e+03 2.44686 4.872976e-01
7.890000e-01 1.017730e+00 1.818305e+00 2.043198e+00 1.368801e+01 5.792445e+03 9.669446e+03 2.45069 4.885447e-01
7.880000e-01 1.017730e+00 1.819381e+00 2.044421e+00 1.369672e+01 5.804981e+03 9.663593e+03 2.45453 4.897890e-01
7.870000e-01 1.017730e+00 1.820458e+00 2.045646e+00 1.370545e+01 5.817461e+03 9.657729e+03 2.45837 4.910296e-01
7.860000e-01 1.017730e+00 1.821535e+00 2.046871e+00 1.371419e+01 5.829874e+03 9.651858e+03 2.46223 4.922655e-01
7.850000e-01 1.017730e+00 1.822610e+00 2.048093e+00 1.372294e+01 5.842209e+03 9.645983e+03 2.46608 4.934957e-01
7.840000e-01 1.017730e+00 1.823685e+00 2.049314e+00 1.373170e+01 5.854469e+03 9.640103e+03 2.46993 4.947208e-01
7.830000e-01 1.017730e+00 1.824760e+00 2.050536e+00 1.374049e+01 5.866680e+03 9.634210e+03 2.47379 4.959429e-01
7.820000e-01 1.017730e+00 1.825838e+00 2.051761e+00 1.374931e+01 5.878867e+03 9.628295e+03 2.47767 4.971641e-01
7.810000e-01 1.017730e+00 1.826920e+00 2.052990e+00 1.375817e+01 5.891035e+03 9.622354e+03 2.48156 4.983847e-01
7.800000e-01 1.017730e+00 1.828005e+00 2.054224e+00 1.376707e+01 5.903182e+03 9.616388e+03 2.48547 4.996044e-01
7.790000e-01 1.017730e+00 1.829094e+00 2.055461e+00 1.377600e+01 5.915299e+03 9.610401e+03 2.48938 5.008225e-01
7.780000e-01 1.017730e+00 1.830184e+00 2.056701e+00 1.378496e+01 5.927375e+03 9.604397e+03 2.49331 5.020380e-01
7.770000e-01 1.017730e+00 1.831275e+00 2.057942e+00 1.379395e+01 5.939398e+03 9.598380e+03 2.49724 5.032496e-01
7.760000e-01 1.017730e+00 1.832367e+00 2.059183e+00 1.380295e+01 5.951360e+03 9.592352e+03 2.50118 5.044571e-01
7.750000e-01 1.017730e+00 1.833459e+00 2.060425e+00 1.381197e+01 5.963279e+03 9.586310e+03 2.50513 5.056618e-01
7.740000e-01 1.017730e+00 1.834554e+00 2.061671e+00 1.382103e+01 5.975168e+03 9.580246e+03 2.50909 5.068648e-01
7.730000e-01 1.017730e+00 1.835652e+00 2.062919e+00 1.383012e+01 5.987024e+03 9.574161e+03 2.51306 5.080660e-01
7.720000e-01 1.017730e+00 1.836752e+00 2.064170e+00 1.383925e+01 5.998846e+03 9.568057e+03 2.51704 5.092650e-01
7.710000e-01 1.017730e+00 1.837854e+00 2.065423e+00 1.384839e+01 6.010621e+03 9.561938e+03 2.52103 5.104607e-01
7.700000e-01 1.017730e+00 1.838954e+00 2.066675e+00 1.385755e+01 6.022329e+03 9.555810e+03 2.52502 5.116517e-01
7.690000e-01 1.017730e+00 1.840054e+00 2.067926e+00 1.386673e+01 6.033966e+03 9.549674e+03 2.52901 5.128376e-01
7.680000e-01 1.017730e+00 1.841153e+00 2.069175e+00 1.387591e+01 6.045538e+03 9.543532e+03 2.53301 5.140187e-01
7.670000e-01 1.017730e+00 1.842251e+00 2.070423e+00 1.388512e+01 6.057053e+03 9.537375e+03 2.53701 5.151963e-01
7.660000e-01 1.017730e+00 1.843352e+00 2.071674e+00 1.389436e+01 6.068542e+03 9.531196e+03 2.54102 5.163728e-01
7.650000e-01 1.017730e+00 1.844490e+00 2.072970e+00 1.390375e+01 6.079981e+03 9.524916e+03 2.54511 5.175397e-01
7.640000e-01 1.017730e+00 1.845599e+00 2.074231e+00 1.391308e+01 6.091432e+03 9.518679e+03 2.54915 5.187145e-01
7.630000e-01 1.017730e+00 1.846709e+00 2.075494e+00 1.392245e+01 6.102853e+03 9.512419e+03 2.55321 5.198877e-01
7.620000e-01 1.017730e+00 1.847823e+00 2.076760e+00 1.393185e+01 6.114240e+03 9.506140e+03 2.55727 5.210585e-01
7.610000e-01 1.017730e+00 1.848936e+00 2.078027e+00 1.394127e+01 6.125571e+03 9.499846e+03 2.56135 5.222256e-01
7.600000e-01 1.017730e+00 1.850050e+00 2.079293e+00 1.395071e+01 6.136850e+03 9.493538e+03 2.56542 5.233890e-01
7.590000e-01 1.017730e+00 1.851164e+00 2.080561e+00 1.396018e+01 6.148085e+03 9.487212e+03 2.5695 5.245494e-01
7.580000e-01 1.017730e+00 1.852281e+00 2.081831e+00 1.396968e+01 6.159292e+03 9.480862e+03 2.5736 5.257082e-01
7.570000e-01 1.017730e+00 1.853400e+00 2.083104e+00 1.397922e+01 6.170470e+03 9.474488e+03 2.5777 5.268653e-01
7.560000e-01 1.017730e+00 1.854521e+00 2.084380e+00 1.398879e+01 6.181611e+03 9.468093e+03 2.58182 5.280200e-01
7.550000e-01 1.017730e+00 1.855643e+00 2.085657e+00 1.399839e+01 6.192703e+03 9.461682e+03 2.58594 5.291712e-01
7.540000e-01 1.017730e+00 1.856765e+00 2.086932e+00 1.400801e+01 6.203734e+03 9.455259e+03 2.59006 5.303180e-01
7.530000e-01 1.017730e+00 1.857885e+00 2.088206e+00 1.401763e+01 6.214699e+03 9.448827e+03 2.59418 5.314598e-01
7.520000e-01 1.017730e+00 1.859003e+00 2.089477e+00 1.402728e+01 6.225595e+03 9.442386e+03 2.59831 5.325969e-01
7.510000e-01 1.017730e+00 1.860122e+00 2.090750e+00 1.403694e+01 6.236447e+03 9.435928e+03 2.60244 5.337312e-01
7.500000e-01 1.017730e+00 1.861244e+00 2.092025e+00 1.404666e+01 6.247276e+03 9.429442e+03 2.60659 5.348644e-01
7.490000e-01 1.017730e+00 1.862368e+00 2.093303e+00 1.405641e+01 6.258084e+03 9.422924e+03 2.61075 5.359968e-01
7.480000e-01 1.017730e+00 1.863496e+00 2.094586e+00 1.406621e+01 6.268871e+03 9.416378e+03 2.61492 5.371280e-01
7.470000e-01 1.017730e+00 1.864626e+00 2.095872e+00 1.407605e+01 6.279626e+03 9.409808e+03 2.6191 5.382573e-01
7.460000e-01 1.017730e+00 1.865758e+00 2.097159e+00 1.408592e+01 6.290340e+03 9.403217e+03 2.62329 5.393838e-01
7.450000e-01 1.017730e+00 1.866889e+00 2.098447e+00 1.409582e+01 6.301004e+03 9.396608e+03 2.62749 5.405067e-01
7.440000e-01 1.017730e+00 1.868021e+00 2.099734e+00 1.410573e+01 6.311616e+03 9.389984e+03 2.63169 5.416259e-01
7.430000e-01 1.017730e+00 1.869154e+00 2.101023e+00 1.411569e+01 6.322191e+03 9.383339e+03 2.6359 5.427428e-01
7.420000e-01 1.017730e+00 1.870289e+00 2.102315e+00 1.412568e+01 6.332738e+03 9.376667e+03 2.64012 5.438581e-01
7.410000e-01 1.017730e+00 1.871426e+00 2.103609e+00 1.413571e+01 6.343252e+03 9.369969e+03 2.64435 5.449713e-01
7.400000e-01 1.017730e+00 1.872565e+00 2.104905e+00 1.414577e+01 6.353726e+03 9.363251e+03 2.64859 5.460816e-01
7.390000e-01 1.017730e+00 1.873703e+00 2.106201e+00 1.415586e+01 6.364149e+03 9.356517e+03 2.65284 5.471883e-01
7.380000e-01 1.017730e+00 1.874841e+00 2.107495e+00 1.416596e+01 6.374508e+03 9.349770e+03 2.65708 5.482903e-01
7.370000e-01 1.017730e+00 1.875976e+00 2.108787e+00 1.417608e+01 6.384801e+03 9.343013e+03 2.66133 5.493874e-01
7.360000e-01 1.017730e+00 1.877110e+00 2.110076e+00 1.418622e+01 6.395038e+03 9.336241e+03 2.66558 5.504804e-01
7.350000e-01 1.017730e+00 1.878246e+00 2.111368e+00 1.419640e+01 6.405241e+03 9.329445e+03 2.66983 5.515715e-01
7.340000e-01 1.017730e+00 1.879384e+00 2.112662e+00 1.420663e+01 6.415423e+03 9.322614e+03 2.6741 5.526615e-01
7.330000e-01 1.017730e+00 1.880525e+00 2.113960e+00 1.421690e+01 6.425584e+03 9.315750e+03 2.67838 5.537506e-01
7.320000e-01 1.017730e+00 1.881668e+00 2.115261e+00 1.422722e+01 6.435717e+03 9.308857e+03 2.68267 5.548377e-01
7.310000e-01 1.017730e+00 1.882812e+00 2.116563e+00 1.423758e+01 6.445814e+03 9.301937e+03 2.68697 5.559225e-01
7.300000e-01 1.017730e+00 1.883957e+00 2.117867e+00 1.424796e+01 6.455867e+03 9.294996e+03 2.69128 5.570039e-01
7.290000e-01 1.017730e+00 1.885102e+00 2.119169e+00 1.425838e+01 6.465869e+03 9.288035e+03 2.69559 5.580815e-01
7.280000e-01 1.017730e+00 1.886246e+00 2.120471e+00 1.426882e+01 6.475827e+03 9.281051e+03 2.6999 5.591561e-01
7.270000e-01 1.017730e+00 1.887393e+00 2.121776e+00 1.427931e+01 6.485756e+03 9.274040e+03 2.70422 5.602288e-01
7.260000e-01 1.017730e+00 1.888541e+00 2.123082e+00 1.428984e+01 6.495656e+03 9.266998e+03 2.70855 5.612995e-01
7.250000e-01 1.017730e+00 1.889690e+00 2.124390e+00 1.430040e+01 6.505517e+03 9.259929e+03 2.71289 5.623675e-01
7.240000e-01 1.017730e+00 1.890839e+00 2.125698e+00 1.431100e+01 6.515333e+03 9.252837e+03 2.71723 5.634318e-01
7.230000e-01 1.017730e+00 1.891987e+00 2.127004e+00 1.432162e+01 6.525093e+03 9.245728e+03 2.72157 5.644919e-01
7.220000e-01 1.017730e+00 1.893133e+00 2.128307e+00 1.433226e+01 6.534786e+03 9.238606e+03 2.72591 5.655469e-01
7.210000e-01 1.017730e+00 1.894276e+00 2.129608e+00 1.434292e+01 6.544420e+03 9.231470e+03 2.73025 5.665974e-01
7.200000e-01 1.017730e+00 1.895420e+00 2.130908e+00 1.435361e+01 6.554015e+03 9.224306e+03 2.7346 5.676454e-01
7.190000e-01 1.017730e+00 1.896565e+00 2.132211e+00 1.436435e+01 6.563587e+03 9.217107e+03 2.73895 5.686920e-01
7.180000e-01 1.017730e+00 1.897713e+00 2.133516e+00 1.437515e+01 6.573136e+03 9.209870e+03 2.74331 5.697372e-01
7.170000e-01 1.017730e+00 1.898863e+00 2.134824e+00 1.438599e+01 6.582658e+03 9.202599e+03 2.74769 5.707805e-01
7.160000e-01 1.017730e+00 1.900013e+00 2.136133e+00 1.439688e+01 6.592147e+03 9.195297e+03 2.75207 5.718214e-01
7.150000e-01 1.017730e+00 1.901164e+00 2.137442e+00 1.440780e+01 6.601591e+03 9.187967e+03 2.75645 5.728587e-01
7.140000e-01 1.017730e+00 1.902314e+00 2.138751e+00 1.441875e+01 6.610989e+03 9.180614e+03 2.76084 5.738924e-01
7.130000e-01 1.017730e+00 1.903463e+00 2.140058e+00 1.442974e+01 6.620339e+03 9.173237e+03 2.76523 5.749226e-01
7.120000e-01 1.017730e+00 1.904614e+00 2.141367e+00 1.444077e+01 6.629658e+03 9.165828e+03 2.76962 5.759506e-01
7.110000e-01 1.017730e+00 1.905797e+00 2.142715e+00 1.445195e+01 6.638919e+03 9.158310e+03 2.77408 5.769669e-01
7.100000e-01 1.017730e+00 1.906949e+00 2.144026e+00 1.446307e+01 6.648170e+03 9.150832e+03 2.77849 5.779895e-01
7.090000e-01 1.017730e+00 1.908101e+00 2.145337e+00 1.447423e+01 6.657375e+03 9.143331e+03 2.7829 5.790085e-01
7.080000e-01 1.017730e+00 1.909252e+00 2.146645e+00 1.448541e+01 6.666528e+03 9.135809e+03 2.78731 5.800234e-01
7.070000e-01 1.017730e+00 1.910399e+00 2.147950e+00 1.449661e+01 6.675616e+03 9.128270e+03 2.79171 5.810330e-01
7.060000e-01 1.017730e+00 1.911544e+00 2.149252e+00 1.450783e+01 6.684643e+03 9.120714e+03 2.79611 5.820380e-01
7.050000e-01 1.017730e+00 1.912688e+00 2.150552e+00 1.451909e+01 6.693632e+03 9.113126e+03 2.80051 5.830402e-01
7.040000e-01 1.017730e+00 1.913834e+00 2.151855e+00 1.453041e+01 6.702598e+03 9.105501e+03 2.80493 5.840408e-01
7.030000e-01 1.017730e+00 1.914981e+00 2.153159e+00 1.454178e+01 6.711532e+03 9.097834e+03 2.80935 5.850395e-01
7.020000e-01 1.017730e+00 1.916130e+00 2.154466e+00 1.455321e+01 6.720443e+03 9.090130e+03 2.81377 5.860362e-01
7.010000e-01 1.017730e+00 1.917279e+00 2.155773e+00 1.456468e+01 6.729316e+03 9.082393e+03 2.81821 5.870301e-01
7.000000e-01 1.017730e+00 1.918428e+00 2.157079e+00 1.457619e+01 6.738141e+03 9.074627e+03 2.82264 5.880202e-01
6.990000e-01 1.017730e+00 1.919576e+00 2.158385e+00 1.458773e+01 6.746922e+03 9.066834e+03 2.82708 5.890066e-01
6.980000e-01 1.017730e+00 1.920722e+00 2.159689e+00 1.459932e+01 6.755655e+03 9.059014e+03 2.83151 5.899895e-01
6.970000e-01 1.017730e+00 1.921869e+00 2.160994e+00 1.461095e+01 6.764356e+03 9.051159e+03 2.83596 5.909699e-01
6.960000e-01 1.017730e+00 1.923017e+00 2.162300e+00 1.462264e+01 6.773025e+03 9.043265e+03 2.8404 5.919479e-01
6.950000e-01 1.017730e+00 1.924165e+00 2.163606e+00 1.463436e+01 6.781653e+03 9.035340e+03 2.84485 5.929225e-01
6.940000e-01 1.017730e+00 1.925311e+00 2.164909e+00 1.464613e+01 6.790230e+03 9.027388e+03 2.8493 5.938931e-01
6.930000e-01 1.017730e+00 1.926456e+00 2.166212e+00 1.465792e+01 6.798751e+03 9.019417e+03 2.85375 5.948593e-01
6.920000e-01 1.017730e+00 1.927597e+00 2.167509e+00 1.466974e+01 6.807204e+03 9.011430e+03 2.85819 5.958202e-01
6.910000e-01 1.017730e+00 1.928735e+00 2.168804e+00 1.468158e+01 6.815601e+03 9.003424e+03 2.86263 5.967767e-01
6.900000e-01 1.017730e+00 1.929873e+00 2.170098e+00 1.469348e+01 6.823962e+03 8.995381e+03 2.86708 5.977309e-01
6.890000e-01 1.017730e+00 1.931013e+00 2.171395e+00 1.470544e+01 6.832295e+03 8.987297e+03 2.87153 5.986832e-01
6.880000e-01 1.017730e+00 1.932154e+00 2.172692e+00 1.471746e+01 6.840595e+03 8.979173e+03 2.87599 5.996332e-01
6.870000e-01 1.017730e+00 1.933295e+00 2.173991e+00 1.472953e+01 6.848864e+03 8.971011e+03 2.88046 6.005807e-01
6.860000e-01 1.017730e+00 1.934436e+00 2.175289e+00 1.474165e+01 6.857090e+03 8.962814e+03 2.88493 6.015250e-01
6.850000e-01 1.017730e+00 1.935575e+00 2.176586e+00 1.475381e+01 6.865266e+03 8.954588e+03 2.8894 6.024651e-01
6.840000e-01 1.017730e+00 1.936713e+00 2.177881e+00 1.476601e+01 6.873395e+03 8.946335e+03 2.89386 6.034014e-01
6.830000e-01 1.017730e+00 1.937849e+00 2.179175e+00 1.477826e+01 6.881481e+03 8.938046e+03 2.89833 6.043344e-01
6.820000e-01 1.017730e+00 1.938986e+00 2.180468e+00 1.479057e+01 6.889532e+03 8.929716e+03 2.9028 6.052647e-01
6.810000e-01 1.017730e+00 1.940122e+00 2.181763e+00 1.480293e+01 6.897548e+03 8.921349e+03 2.90728 6.061919e-01
6.800000e-01 1.017730e+00 1.941257e+00 2.183055e+00 1.481534e+01 6.905514e+03 8.912947e+03 2.91175 6.071151e-01
6.790000e-01 1.017730e+00 1.942390e+00 2.184345e+00 1.482779e+01 6.913427e+03 8.904521e+03 2.91622 6.080339e-01
6.780000e-01 1.017730e+00 1.943519e+00 2.185630e+00 1.484026e+01 6.921277e+03 8.896072e+03 2.92068 6.089474e-01
6.770000e-01 1.017730e+00 1.944644e+00 2.186910e+00 1.485276e+01 6.929064e+03 8.887604e+03 2.92513 6.098557e-01
6.760000e-01 1.017730e+00 1.945766e+00 2.188187e+00 1.486530e+01 6.936803e+03 8.879102e+03 2.92958 6.107603e-01
6.750000e-01 1.017730e+00 1.946889e+00 2.189465e+00 1.487791e+01 6.944512e+03 8.870556e+03 2.93404 6.116626e-01
6.740000e-01 1.017730e+00 1.948011e+00 2.190743e+00 1.489059e+01 6.952187e+03 8.861961e+03 2.93849 6.125623e-01
6.730000e-01 1.017730e+00 1.949162e+00 2.192054e+00 1.490343e+01 6.959799e+03 8.853243e+03 2.943 6.134490e-01
6.720000e-01 1.017730e+00 1.950284e+00 2.193332e+00 1.491623e+01 6.967400e+03 8.844555e+03 2.94746 6.143418e-01
6.710000e-01 1.017730e+00 1.951403e+00 2.194607e+00 1.492907e+01 6.974956e+03 8.835834e+03 2.95191 6.152307e-01
6.700000e-01 1.017730e+00 1.952519e+00 2.195877e+00 1.494196e+01 6.982460e+03 8.827077e+03 2.95636 6.161150e-01
6.690000e-01 1.017730e+00 1.953633e+00 2.197145e+00 1.495490e+01 6.989919e+03 8.818280e+03 2.96079 6.169951e-01
6.680000e-01 1.017730e+00 1.954745e+00 2.198411e+00 1.496790e+01 6.997341e+03 8.809437e+03 2.96523 6.178719e-01
6.670000e-01 1.017730e+00 1.955855e+00 2.199676e+00 1.498097e+01 7.004726e+03 8.800545e+03 2.96966 6.187452e-01
6.660000e-01 1.017730e+00 1.956964e+00 2.200938e+00 1.499408e+01 7.012066e+03 8.791613e+03 2.97409 6.196142e-01
6.650000e-01 1.017730e+00 1.958068e+00 2.202195e+00 1.500725e+01 7.019351e+03 8.782643e+03 2.9785 6.204780e-01
6.640000e-01 1.017730e+00 1.959168e+00 2.203447e+00 1.502044e+01 7.026578e+03 8.773644e+03 2.9829 6.213364e-01
6.630000e-01 1.017730e+00 1.960263e+00 2.204692e+00 1.503367e+01 7.033740e+03 8.764619e+03 2.98729 6.221890e-01
6.620000e-01 1.017730e+00 1.961354e+00 2.205933e+00 1.504694e+01 7.040848e+03 8.755559e+03 2.99167 6.230367e-01
6.610000e-01 1.017730e+00 1.962442e+00 2.207171e+00 1.506028e+01 7.047922e+03 8.746444e+03 2.99604 6.238813e-01
6.600000e-01 1.017730e+00 1.963529e+00 2.208408e+00 1.507369e+01 7.054961e+03 8.737275e+03 3.00041 6.247227e-01
6.590000e-01 1.017730e+00 1.964615e+00 2.209643e+00 1.508717e+01 7.061961e+03 8.728054e+03 3.00477 6.255603e-01
6.580000e-01 1.017730e+00 1.965699e+00 2.210876e+00 1.510072e+01 7.068923e+03 8.718783e+03 3.00913 6.263941e-01
6.570000e-01 1.017730e+00 1.966779e+00 2.212105e+00 1.511432e+01 7.075836e+03 8.709466e+03 3.01348 6.272231e-01
6.560000e-01 1.017730e+00 1.966327e+00 2.211639e+00 1.512176e+01 7.086914e+03 8.705428e+03 3.01492 6.287952e-01
6.550000e-01 1.017730e+00 1.968936e+00 2.214561e+00 1.514171e+01 7.089495e+03 8.690700e+03 3.02216 6.288633e-01
6.540000e-01 1.017730e+00 1.968457e+00 2.214063e+00 1.514916e+01 7.100525e+03 8.686641e+03 3.02354 6.304363e-01
6.530000e-01 1.017730e+00 1.971073e+00 2.216993e+00 1.516933e+01 7.102994e+03 8.671746e+03 3.03078 6.304900e-01
6.520000e-01 1.017730e+00 1.970572e+00 2.216471e+00 1.517683e+01 7.113970e+03 8.667656e+03 3.03211 6.320623e-01
6.510000e-01 1.017730e+00 1.973196e+00 2.219408e+00 1.519719e+01 7.116301e+03 8.652606e+03 3.03936 6.320974e-01
6.500000e-01 1.017730e+00 1.972664e+00 2.218852e+00 1.520470e+01 7.127198e+03 8.648492e+03 3.04061 6.336656e-01
6.490000e-01 1.017730e+00 1.975296e+00 2.221797e+00 1.522522e+01 7.129362e+03 8.633329e+03 3.04788 6.336812e-01
6.480000e-01 1.017730e+00 1.974734e+00 2.221206e+00 1.523273e+01 7.140176e+03 8.629194e+03 3.04904 6.352453e-01
6.470000e-01 1.017730e+00 1.977376e+00 2.224162e+00 1.525346e+01 7.142203e+03 8.613885e+03 3.05633 6.352445e-01
6.460000e-01 1.017730e+00 1.976795e+00 2.223551e+00 1.526103e+01 7.152976e+03 8.609712e+03 3.05745 6.368096e-01
6.450000e-01 1.017730e+00 1.979445e+00 2.226515e+00 1.528201e+01 7.154885e+03 8.594204e+03 3.06475 6.367920e-01
6.440000e-01 1.017730e+00 1.978843e+00 2.225882e+00 1.528964e+01 7.165606e+03 8.589998e+03 3.06581 6.383567e-01
6.430000e-01 1.017730e+00 1.981499e+00 2.228852e+00 1.531086e+01 7.167381e+03 8.574310e+03 3.07312 6.383206e-01
6.420000e-01 1.017730e+00 1.980870e+00 2.228190e+00 1.531851e+01 7.178034e+03 8.570077e+03 3.07411 6.398832e-01
6.410000e-01 1.017730e+00 1.983559e+00 2.231198e+00 1.534005e+01 7.179626e+03 8.554163e+03 3.08147 6.398189e-01
6.400000e-01 1.017730e+00 1.982896e+00 2.230497e+00 1.534770e+01 7.190234e+03 8.549940e+03 3.0824 6.413854e-01
6.390000e-01 1.017730e+00 1.985582e+00 2.233501e+00 1.536944e+01 7.191705e+03 8.533888e+03 3.08975 6.413086e-01
6.380000e-01 1.017730e+00 1.984893e+00 2.232773e+00 1.537713e+01 7.202255e+03 8.529636e+03 3.09061 6.428745e-01
6.370000e-01 1.017730e+00 1.987585e+00 2.235782e+00 1.539909e+01 7.203564e+03 8.513429e+03 3.09797 6.427775e-01
6.360000e-01 1.017730e+00 1.986864e+00 2.235017e+00 1.540679e+01 7.214032e+03 8.509156e+03 3.09874 6.443394e-01
6.350000e-01 1.017730e+00 1.989562e+00 2.238033e+00 1.542893e+01 7.215158e+03 8.492833e+03 3.10611 6.442213e-01
6.340000e-01 1.017730e+00 1.988809e+00 2.237231e+00 1.543664e+01 7.225548e+03 8.488538e+03 3.10679 6.457801e-01
6.330000e-01 1.017730e+00 1.991515e+00 2.240256e+00 1.545903e+01 7.226529e+03 8.472040e+03 3.11418 6.456435e-01
6.320000e-01 1.017730e+00 1.990738e+00 2.239429e+00 1.546681e+01 7.236877e+03 8.467704e+03 3.1148 6.472033e-01
6.310000e-01 1.017730e+00 1.993448e+00 2.242457e+00 1.548949e+01 7.237722e+03 8.450972e+03 3.12216 6.470452e-01
6.300000e-01 1.017730e+00 1.992642e+00 2.241599e+00 1.549731e+01 7.248015e+03 8.446597e+03 3.12271 6.486038e-01
6.290000e-01 1.017730e+00 1.995357e+00 2.244629e+00 1.552027e+01 7.248709e+03 8.429655e+03 3.13005 6.484231e-01
6.280000e-01 1.017730e+00 1.994516e+00 2.243733e+00 1.552811e+01 7.258934e+03 8.425245e+03 3.1305 6.499788e-01
6.270000e-01 1.017730e+00 1.997236e+00 2.246768e+00 1.555132e+01 7.259470e+03 8.408107e+03 3.13783 6.497751e-01
6.260000e-01 1.017730e+00 1.996367e+00 2.245841e+00 1.555922e+01 7.269642e+03 8.403658e+03 3.13821 6.513299e-01
6.250000e-01 1.017730e+00 1.999112e+00 2.248906e+00 1.558283e+01 7.269995e+03 8.386212e+03 3.14555 6.510937e-01
6.240000e-01 1.017730e+00 1.998199e+00 2.247929e+00 1.559071e+01 7.280118e+03 8.381764e+03 3.14581 6.526507e-01
6.230000e-01 1.017730e+00 2.000936e+00 2.250981e+00 1.561451e+01 7.280306e+03 8.364179e+03 3.15312 6.523945e-01
6.220000e-01 1.017730e+00 1.999983e+00 2.249958e+00 1.562239e+01 7.290344e+03 8.359705e+03 3.15326 6.539467e-01
6.210000e-01 1.017730e+00 2.002724e+00 2.253014e+00 1.564641e+01 7.290341e+03 8.341973e+03 3.16055 6.536661e-01
6.200000e-01 1.017730e+00 2.001736e+00 2.251953e+00 1.565432e+01 7.300314e+03 8.337466e+03 3.1606 6.552163e-01
6.190000e-01 1.017730e+00 2.004481e+00 2.255013e+00 1.567865e+01 7.300158e+03 8.319501e+03 3.16788 6.549130e-01
6.180000e-01 1.017730e+00 2.003462e+00 2.253918e+00 1.568663e+01 7.310083e+03 8.314949e+03 3.16784 6.564631e-01
6.170000e-01 1.017730e+00 2.006208e+00 2.256977e+00 1.571129e+01 7.309765e+03 8.296720e+03 3.17507 6.561334e-01
6.160000e-01 1.017730e+00 2.005154e+00 2.255845e+00 1.571931e+01 7.319632e+03 8.292127e+03 3.17493 6.576817e-01
6.150000e-01 1.017730e+00 2.007900e+00 2.258901e+00 1.574427e+01 7.319135e+03 8.273674e+03 3.18213 6.573252e-01
6.140000e-01 1.017730e+00 2.006808e+00 2.257727e+00 1.575231e+01 7.328933e+03 8.269044e+03 3.18188 6.588708e-01
6.130000e-01 1.017730e+00 2.009558e+00 2.260787e+00 1.577759e+01 7.328258e+03 8.250371e+03 3.18905 6.584890e-01
6.120000e-01 1.017730e+00 2.008435e+00 2.259580e+00 1.578570e+01 7.338004e+03 8.245704e+03 3.18873 6.600348e-01
6.110000e-01 1.017730e+00 2.011209e+00 2.262667e+00 1.581141e+01 7.337105e+03 8.226725e+03 3.19591 6.596175e-01
6.100000e-01 1.017730e+00 2.010040e+00 2.261408e+00 1.581949e+01 7.346787e+03 8.222068e+03 3.19546 6.611645e-01
6.090000e-01 1.017730e+00 2.012804e+00 2.264483e+00 1.584540e+01 7.345694e+03 8.202983e+03 3.20262 6.607269e-01
6.080000e-01 1.017730e+00 2.011592e+00 2.263176e+00 1.585349e+01 7.355288e+03 8.198305e+03 3.20205 6.622698e-01
6.070000e-01 1.017730e+00 2.014359e+00 2.266253e+00 1.587968e+01 7.353996e+03 8.179048e+03 3.20918 6.618069e-01
6.060000e-01 1.017730e+00 2.015129e+00 2.267130e+00 1.589703e+01 7.358045e+03 8.166924e+03 3.21242 6.623326e-01
6.050000e-01 1.017730e+00 2.015883e+00 2.267989e+00 1.591445e+01 7.362048e+03 8.154747e+03 3.2156 6.628541e-01
6.040000e-01 1.017730e+00 2.016626e+00 2.268835e+00 1.593197e+01 7.365993e+03 8.142487e+03 3.21874 6.633674e-01
6.030000e-01 1.017730e+00 2.017356e+00 2.269666e+00 1.594960e+01 7.369870e+03 8.130142e+03 3.22183 6.638714e-01
6.020000e-01 1.017730e+00 2.018076e+00 2.270484e+00 1.596732e+01 7.373679e+03 8.117728e+03 3.22486 6.643668e-01
6.010000e-01 1.017730e+00 2.018783e+00 2.271290e+00 1.598514e+01 7.377420e+03 8.105242e+03 3.22785 6.648537e-01
6.000000e-01 1.017730e+00 2.019481e+00 2.272084e+00 1.600306e+01 7.381097e+03 8.092678e+03 3.2308 6.653329e-01
5.990000e-01 1.017730e+00 2.020167e+00 2.272865e+00 1.602110e+01 7.384711e+03 8.080027e+03 3.2337 6.658039e-01
5.980000e-01 1.017730e+00 2.020842e+00 2.273633e+00 1.603924e+01 7.388253e+03 8.067302e+03 3.23655 6.662657e-01
5.970000e-01 1.017730e+00 2.021502e+00 2.274385e+00 1.605747e+01 7.391721e+03 8.054512e+03 3.23935 6.667177e-01
5.960000e-01 1.017730e+00 2.022149e+00 2.275120e+00 1.607576e+01 7.395108e+03 8.041664e+03 3.24208 6.671597e-01
5.950000e-01 1.017730e+00 2.022799e+00 2.275859e+00 1.609425e+01 7.398381e+03 8.028666e+03 3.24478 6.675812e-01
5.940000e-01 1.017730e+00 2.023418e+00 2.276562e+00 1.611274e+01 7.401620e+03 8.015663e+03 3.2474 6.680033e-01
5.930000e-01 1.017730e+00 2.024023e+00 2.277249e+00 1.613136e+01 7.404793e+03 8.002568e+03 3.24996 6.684169e-01
5.920000e-01 1.017730e+00 2.024618e+00 2.277925e+00 1.615011e+01 7.407897e+03 7.989385e+03 3.25248 6.688225e-01
5.910000e-01 1.017730e+00 2.025203e+00 2.278591e+00 1.616898e+01 7.410929e+03 7.976130e+03 3.25497 6.692207e-01
5.900000e-01 1.017730e+00 2.025779e+00 2.279247e+00 1.618797e+01 7.413886e+03 7.962813e+03 3.25742 6.696111e-01
5.890000e-01 1.017730e+00 2.026344e+00 2.279890e+00 1.620705e+01 7.416765e+03 7.949436e+03 3.25983 6.699936e-01
5.880000e-01 1.017730e+00 2.026896e+00 2.280519e+00 1.622625e+01 7.419567e+03 7.935987e+03 3.2622 6.703674e-01
5.870000e-01 1.017730e+00 2.027435e+00 2.281134e+00 1.624558e+01 7.422298e+03 7.922452e+03 3.2645 6.707320e-01
5.860000e-01 1.017730e+00 2.027959e+00 2.281731e+00 1.626504e+01 7.424956e+03 7.908814e+03 3.26675 6.710860e-01
5.850000e-01 1.017730e+00 2.028465e+00 2.282308e+00 1.628461e+01 7.427534e+03 7.895085e+03 3.26891 6.714283e-01
5.840000e-01 1.017730e+00 2.028956e+00 2.282867e+00 1.630429e+01 7.430030e+03 7.881287e+03 3.27101 6.717596e-01
5.830000e-01 1.017730e+00 2.029449e+00 2.283429e+00 1.632415e+01 7.432402e+03 7.867350e+03 3.27306 6.720699e-01
5.820000e-01 1.017730e+00 2.029909e+00 2.283952e+00 1.634401e+01 7.434724e+03 7.853426e+03 3.27503 6.723796e-01
5.810000e-01 1.017730e+00 2.030353e+00 2.284456e+00 1.636399e+01 7.436971e+03 7.839410e+03 3.27694 6.726796e-01
5.800000e-01 1.017730e+00 2.030781e+00 2.284943e+00 1.638413e+01 7.439144e+03 7.825287e+03 3.27877 6.729685e-01
5.790000e-01 1.017730e+00 2.031190e+00 2.285408e+00 1.640442e+01 7.441240e+03 7.811047e+03 3.28051 6.732453e-01
5.780000e-01 1.017730e+00 2.031581e+00 2.285851e+00 1.642486e+01 7.443254e+03 7.796695e+03 3.28218 6.735096e-01
5.770000e-01 1.017730e+00 2.031955e+00 2.286276e+00 1.644543e+01 7.445187e+03 7.782253e+03 3.28376 6.737620e-01
5.760000e-01 1.017730e+00 2.032315e+00 2.286684e+00 1.646611e+01 7.447034e+03 7.767734e+03 3.28529 6.740040e-01
5.750000e-01 1.017730e+00 2.032661e+00 2.287077e+00 1.648694e+01 7.448794e+03 7.753142e+03 3.28677 6.742371e-01
5.740000e-01 1.017730e+00 2.032998e+00 2.287462e+00 1.650791e+01 7.450475e+03 7.738481e+03 3.28822 6.744630e-01
5.730000e-01 1.017730e+00 2.033322e+00 2.287832e+00 1.652902e+01 7.452071e+03 7.723744e+03 3.28962 6.746797e-01
5.720000e-01 1.017730e+00 2.033645e+00 2.288202e+00 1.655037e+01 7.453537e+03 7.708845e+03 3.29097 6.748743e-01
5.710000e-01 1.017730e+00 2.033933e+00 2.288531e+00 1.657171e+01 7.454948e+03 7.693955e+03 3.29222 6.750666e-01
5.700000e-01 1.017730e+00 2.034201e+00 2.288835e+00 1.659316e+01 7.456269e+03 7.678995e+03 3.29337 6.752461e-01
5.690000e-01 1.017730e+00 2.034447e+00 2.289115e+00 1.661473e+01 7.457497e+03 7.663946e+03 3.29444 6.754130e-01
5.680000e-01 1.017730e+00 2.034678e+00 2.289377e+00 1.663647e+01 7.458641e+03 7.648792e+03 3.29544 6.755686e-01
5.670000e-01 1.017730e+00 2.034890e+00 2.289618e+00 1.665839e+01 7.459701e+03 7.633525e+03 3.29636 6.757118e-01
5.660000e-01 1.017730e+00 2.035080e+00 2.289834e+00 1.668047e+01 7.460669e+03 7.618138e+03 3.29718 6.758410e-01
5.650000e-01 1.017730e+00 2.035248e+00 2.290025e+00 1.670272e+01 7.461547e+03 7.602634e+03 3.29789 6.759557e-01
5.640000e-01 1.017730e+00 2.035394e+00 2.290190e+00 1.672512e+01 7.462332e+03 7.587025e+03 3.29851 6.760554e-01
5.630000e-01 1.017730e+00 2.035520e+00 2.290331e+00 1.674767e+01 7.463020e+03 7.571320e+03 3.29903 6.761421e-01
5.620000e-01 1.017730e+00 2.035649e+00 2.290478e+00 1.677050e+01 7.463575e+03 7.555452e+03 3.29953 6.762087e-01
5.610000e-01 1.017730e+00 2.035753e+00 2.290598e+00 1.679339e+01 7.464081e+03 7.539597e+03 3.29998 6.762776e-01
5.600000e-01 1.017730e+00 2.035842e+00 2.290700e+00 1.681641e+01 7.464491e+03 7.523678e+03 3.30038 6.763371e-01
5.590000e-01 1.017730e+00 2.035911e+00 2.290781e+00 1.683957e+01 7.464804e+03 7.507690e+03 3.3007 6.763842e-01
5.580000e-01 1.017730e+00 2.035958e+00 2.290834e+00 1.686284e+01 7.465018e+03 7.491625e+03 3.30091 6.764167e-01
5.570000e-01 1.017730e+00 2.035980e+00 2.290859e+00 1.688625e+01 7.465127e+03 7.475475e+03 3.30102 6.764345e-01
5.560000e-01 1.017730e+00 2.035984e+00 2.290863e+00 1.690984e+01 7.465143e+03 7.459221e+03 3.30105 6.764395e-01
5.563944e-01 1.017730e+00 2.035874e+00 2.290754e+00 1.690015e+01 7.465535e+03 7.465898e+03 3.30074 6.764838e-01
