1.000000e+00 1.050500e+00 1.650465e+00 1.854783e+00 1.219294e+01 0.000000e+00 1.100310e+04 0 0.000000e+00
9.990000e-01 1.050500e+00 1.665562e+00 1.875277e+00 1.223082e+01 4.106472e+02 1.095877e+04 1.86804 3.146451e-02
9.980000e-01 1.050500e+00 1.666202e+00 1.876013e+00 1.223575e+01 5.862148e+02 1.094354e+04 1.87157 4.496706e-02
9.970000e-01 1.050500e+00 1.666974e+00 1.876906e+00 1.224098e+01 7.210462e+02 1.093115e+04 1.87443 5.534290e-02
9.960000e-01 1.050500e+00 1.667745e+00 1.877799e+00 1.224622e+01 8.341099e+02 1.092039e+04 1.87704 6.405082e-02
9.950000e-01 1.050500e+00 1.668514e+00 1.878689e+00 1.225146e+01 9.332677e+02 1.091066e+04 1.87956 7.169524e-02
9.940000e-01 1.050500e+00 1.669278e+00 1.879571e+00 1.225670e+01 1.022407e+03 1.090168e+04 1.88203 7.857431e-02
9.930000e-01 1.050500e+00 1.670033e+00 1.880439e+00 1.226194e+01 1.103738e+03 1.089327e+04 1.88446 8.485748e-02
9.920000e-01 1.050500e+00 1.670778e+00 1.881291e+00 1.226718e+01 1.178885e+03 1.088531e+04 1.88686 9.066946e-02
9.910000e-01 1.050500e+00 1.671517e+00 1.882135e+00 1.227243e+01 1.249354e+03 1.087767e+04 1.88925 9.612606e-02
9.900000e-01 1.050500e+00 1.672262e+00 1.882985e+00 1.227773e+01 1.316398e+03 1.087027e+04 1.89166 1.013230e-01
9.890000e-01 1.050500e+00 1.673016e+00 1.883846e+00 1.228305e+01 1.380646e+03 1.086307e+04 1.89407 1.063078e-01
9.880000e-01 1.050500e+00 1.673779e+00 1.884720e+00 1.228840e+01 1.442368e+03 1.085605e+04 1.89649 1.111008e-01
9.870000e-01 1.050500e+00 1.674546e+00 1.885599e+00 1.229376e+01 1.501606e+03 1.084921e+04 1.8989 1.157051e-01
9.860000e-01 1.050500e+00 1.675313e+00 1.886479e+00 1.229912e+01 1.558452e+03 1.084254e+04 1.90132 1.201278e-01
9.850000e-01 1.050500e+00 1.676078e+00 1.887355e+00 1.230447e+01 1.613057e+03 1.083604e+04 1.90372 1.243806e-01
9.840000e-01 1.050500e+00 1.676836e+00 1.888222e+00 1.230981e+01 1.665540e+03 1.082969e+04 1.90612 1.284729e-01
9.830000e-01 1.050500e+00 1.677587e+00 1.889078e+00 1.231515e+01 1.715988e+03 1.082348e+04 1.90851 1.324115e-01
9.820000e-01 1.050500e+00 1.678328e+00 1.889919e+00 1.232047e+01 1.764555e+03 1.081740e+04 1.91088 1.362081e-01
9.810000e-01 1.050500e+00 1.679062e+00 1.890750e+00 1.232580e+01 1.811584e+03 1.081142e+04 1.91325 1.398895e-01
9.800000e-01 1.050500e+00 1.679797e+00 1.891582e+00 1.233117e+01 1.857568e+03 1.080549e+04 1.91564 1.434933e-01
9.790000e-01 1.050500e+00 1.680540e+00 1.892422e+00 1.233658e+01 1.902742e+03 1.079960e+04 1.91804 1.470371e-01
9.780000e-01 1.050500e+00 1.681292e+00 1.893273e+00 1.234202e+01 1.947189e+03 1.079376e+04 1.92046 1.505268e-01
9.770000e-01 1.050500e+00 1.682052e+00 1.894136e+00 1.234749e+01 1.990898e+03 1.078795e+04 1.92289 1.539614e-01
9.760000e-01 1.050500e+00 1.682819e+00 1.895008e+00 1.235298e+01 2.033810e+03 1.078220e+04 1.92533 1.573361e-01
9.750000e-01 1.050500e+00 1.683590e+00 1.895885e+00 1.235849e+01 2.075891e+03 1.077650e+04 1.92778 1.606484e-01
9.740000e-01 1.050500e+00 1.684364e+00 1.896765e+00 1.236400e+01 2.117112e+03 1.077085e+04 1.93023 1.638962e-01
9.730000e-01 1.050500e+00 1.685137e+00 1.897645e+00 1.236950e+01 2.157436e+03 1.076527e+04 1.93268 1.670765e-01
9.720000e-01 1.050500e+00 1.685907e+00 1.898521e+00 1.237501e+01 2.196856e+03 1.075976e+04 1.93513 1.701890e-01
9.710000e-01 1.050500e+00 1.686677e+00 1.899396e+00 1.238051e+01 2.235485e+03 1.075430e+04 1.93758 1.732427e-01
9.700000e-01 1.050500e+00 1.687449e+00 1.900273e+00 1.238604e+01 2.273524e+03 1.074886e+04 1.94004 1.762528e-01
9.690000e-01 1.050500e+00 1.688226e+00 1.901157e+00 1.239159e+01 2.311076e+03 1.074346e+04 1.94251 1.792272e-01
9.680000e-01 1.050500e+00 1.689010e+00 1.902049e+00 1.239717e+01 2.348149e+03 1.073807e+04 1.945 1.821662e-01
9.670000e-01 1.050500e+00 1.689797e+00 1.902947e+00 1.240276e+01 2.384687e+03 1.073272e+04 1.94749 1.850655e-01
9.660000e-01 1.050500e+00 1.690586e+00 1.903846e+00 1.240835e+01 2.420636e+03 1.072741e+04 1.94999 1.879208e-01
9.650000e-01 1.050500e+00 1.691375e+00 1.904745e+00 1.241395e+01 2.455975e+03 1.072213e+04 1.95249 1.907307e-01
9.640000e-01 1.050500e+00 1.692161e+00 1.905641e+00 1.241955e+01 2.490676e+03 1.071689e+04 1.95499 1.934930e-01
9.630000e-01 1.050500e+00 1.692944e+00 1.906531e+00 1.242513e+01 2.524699e+03 1.071170e+04 1.95748 1.962049e-01
9.620000e-01 1.050500e+00 1.693721e+00 1.907413e+00 1.243071e+01 2.558054e+03 1.070655e+04 1.95997 1.988672e-01
9.610000e-01 1.050500e+00 1.694495e+00 1.908290e+00 1.243630e+01 2.590855e+03 1.070143e+04 1.96246 2.014889e-01
9.600000e-01 1.050500e+00 1.695270e+00 1.909169e+00 1.244190e+01 2.623308e+03 1.069631e+04 1.96496 2.040858e-01
9.590000e-01 1.050500e+00 1.696051e+00 1.910054e+00 1.244754e+01 2.655493e+03 1.069120e+04 1.96748 2.066638e-01
9.580000e-01 1.050500e+00 1.696838e+00 1.910946e+00 1.245322e+01 2.687430e+03 1.068609e+04 1.97001 2.092241e-01
9.570000e-01 1.050500e+00 1.697631e+00 1.911847e+00 1.245891e+01 2.719089e+03 1.068099e+04 1.97255 2.117643e-01
9.560000e-01 1.050500e+00 1.698428e+00 1.912752e+00 1.246462e+01 2.750434e+03 1.067591e+04 1.97511 2.142816e-01
9.550000e-01 1.050500e+00 1.699228e+00 1.913662e+00 1.247034e+01 2.781443e+03 1.067084e+04 1.97767 2.167740e-01
9.540000e-01 1.050500e+00 1.700030e+00 1.914574e+00 1.247608e+01 2.812091e+03 1.066580e+04 1.98023 2.192399e-01
9.530000e-01 1.050500e+00 1.700832e+00 1.915486e+00 1.248181e+01 2.842342e+03 1.066078e+04 1.9828 2.216765e-01
9.520000e-01 1.050500e+00 1.701633e+00 1.916396e+00 1.248755e+01 2.872194e+03 1.065578e+04 1.98537 2.240838e-01
9.510000e-01 1.050500e+00 1.702435e+00 1.917307e+00 1.249330e+01 2.901708e+03 1.065080e+04 1.98794 2.264665e-01
9.500000e-01 1.050500e+00 1.703240e+00 1.918221e+00 1.249907e+01 2.930983e+03 1.064582e+04 1.99053 2.288324e-01
9.490000e-01 1.050500e+00 1.704050e+00 1.919142e+00 1.250487e+01 2.960054e+03 1.064085e+04 1.99313 2.311839e-01
9.480000e-01 1.050500e+00 1.704864e+00 1.920069e+00 1.251069e+01 2.988901e+03 1.063587e+04 1.99574 2.335193e-01
9.470000e-01 1.050500e+00 1.705682e+00 1.921000e+00 1.251651e+01 3.017465e+03 1.063091e+04 1.99836 2.358340e-01
9.460000e-01 1.050500e+00 1.706499e+00 1.921931e+00 1.252235e+01 3.045710e+03 1.062597e+04 2.00098 2.381252e-01
9.450000e-01 1.050500e+00 1.707317e+00 1.922861e+00 1.252818e+01 3.073611e+03 1.062105e+04 2.0036 2.403911e-01
9.440000e-01 1.050500e+00 1.708132e+00 1.923788e+00 1.253401e+01 3.101145e+03 1.061616e+04 2.00622 2.426300e-01
9.430000e-01 1.050500e+00 1.708943e+00 1.924710e+00 1.253983e+01 3.128291e+03 1.061129e+04 2.00883 2.448403e-01
9.420000e-01 1.050500e+00 1.709751e+00 1.925627e+00 1.254565e+01 3.155080e+03 1.060644e+04 2.01145 2.470247e-01
9.410000e-01 1.050500e+00 1.710559e+00 1.926544e+00 1.255148e+01 3.181624e+03 1.060159e+04 2.01407 2.491918e-01
9.400000e-01 1.050500e+00 1.711371e+00 1.927464e+00 1.255735e+01 3.208027e+03 1.059674e+04 2.0167 2.513499e-01
9.390000e-01 1.050500e+00 1.712189e+00 1.928392e+00 1.256325e+01 3.234314e+03 1.059188e+04 2.01935 2.535005e-01
9.380000e-01 1.050500e+00 1.713012e+00 1.929326e+00 1.256917e+01 3.260478e+03 1.058702e+04 2.02202 2.556428e-01
9.370000e-01 1.050500e+00 1.713839e+00 1.930266e+00 1.257512e+01 3.286482e+03 1.058215e+04 2.0247 2.577737e-01
9.360000e-01 1.050500e+00 1.714670e+00 1.931211e+00 1.258109e+01 3.312296e+03 1.057728e+04 2.02738 2.598911e-01
9.350000e-01 1.050500e+00 1.715503e+00 1.932157e+00 1.258706e+01 3.337896e+03 1.057242e+04 2.03008 2.619930e-01
9.340000e-01 1.050500e+00 1.716336e+00 1.933105e+00 1.259304e+01 3.363261e+03 1.056758e+04 2.03277 2.640777e-01
9.330000e-01 1.050500e+00 1.717169e+00 1.934052e+00 1.259902e+01 3.388367e+03 1.056274e+04 2.03547 2.661437e-01
9.320000e-01 1.050500e+00 1.718002e+00 1.934998e+00 1.260501e+01 3.413246e+03 1.055792e+04 2.03817 2.681934e-01
9.310000e-01 1.050500e+00 1.718838e+00 1.935948e+00 1.261102e+01 3.437965e+03 1.055310e+04 2.04088 2.702321e-01
9.300000e-01 1.050500e+00 1.719678e+00 1.936902e+00 1.261706e+01 3.462574e+03 1.054827e+04 2.04361 2.722636e-01
9.290000e-01 1.050500e+00 1.720522e+00 1.937863e+00 1.262312e+01 3.487067e+03 1.054343e+04 2.04634 2.742873e-01
9.280000e-01 1.050500e+00 1.721370e+00 1.938828e+00 1.262919e+01 3.511406e+03 1.053859e+04 2.04909 2.763002e-01
9.270000e-01 1.050500e+00 1.722220e+00 1.939795e+00 1.263528e+01 3.535549e+03 1.053375e+04 2.05185 2.782989e-01
9.260000e-01 1.050500e+00 1.723070e+00 1.940762e+00 1.264137e+01 3.559470e+03 1.052893e+04 2.0546 2.802815e-01
9.250000e-01 1.050500e+00 1.723918e+00 1.941726e+00 1.264746e+01 3.583144e+03 1.052412e+04 2.05736 2.822459e-01
9.240000e-01 1.050500e+00 1.724763e+00 1.942687e+00 1.265354e+01 3.606548e+03 1.051932e+04 2.06011 2.841908e-01
9.230000e-01 1.050500e+00 1.725606e+00 1.943644e+00 1.265962e+01 3.629697e+03 1.051454e+04 2.06286 2.861173e-01
9.220000e-01 1.050500e+00 1.726448e+00 1.944600e+00 1.266572e+01 3.652667e+03 1.050976e+04 2.06562 2.880314e-01
9.210000e-01 1.050500e+00 1.727294e+00 1.945559e+00 1.267184e+01 3.675540e+03 1.050497e+04 2.06839 2.899397e-01
9.200000e-01 1.050500e+00 1.728144e+00 1.946524e+00 1.267799e+01 3.698345e+03 1.050017e+04 2.07117 2.918440e-01
9.190000e-01 1.050500e+00 1.729000e+00 1.947496e+00 1.268417e+01 3.721075e+03 1.049535e+04 2.07397 2.937437e-01
9.180000e-01 1.050500e+00 1.729860e+00 1.948474e+00 1.269037e+01 3.743705e+03 1.049053e+04 2.07678 2.956367e-01
9.170000e-01 1.050500e+00 1.730723e+00 1.949455e+00 1.269659e+01 3.766209e+03 1.048571e+04 2.0796 2.975208e-01
9.160000e-01 1.050500e+00 1.731588e+00 1.950438e+00 1.270282e+01 3.788558e+03 1.048088e+04 2.08243 2.993938e-01
9.150000e-01 1.050500e+00 1.732453e+00 1.951422e+00 1.270906e+01 3.810733e+03 1.047607e+04 2.08526 3.012543e-01
9.140000e-01 1.050500e+00 1.733318e+00 1.952405e+00 1.271530e+01 3.832717e+03 1.047126e+04 2.08809 3.031009e-01
9.130000e-01 1.050500e+00 1.734183e+00 1.953388e+00 1.272154e+01 3.854530e+03 1.046646e+04 2.09093 3.049355e-01
9.120000e-01 1.050500e+00 1.735051e+00 1.954374e+00 1.272780e+01 3.876231e+03 1.046166e+04 2.09377 3.067625e-01
9.110000e-01 1.050500e+00 1.735922e+00 1.955364e+00 1.273409e+01 3.897855e+03 1.045684e+04 2.09663 3.085847e-01
9.100000e-01 1.050500e+00 1.736797e+00 1.956360e+00 1.274040e+01 3.919400e+03 1.045202e+04 2.0995 3.104020e-01
9.090000e-01 1.050500e+00 1.737676e+00 1.957360e+00 1.274674e+01 3.940835e+03 1.044719e+04 2.10238 3.122116e-01
9.080000e-01 1.050500e+00 1.738556e+00 1.958361e+00 1.275308e+01 3.962128e+03 1.044237e+04 2.10526 3.140112e-01
9.070000e-01 1.050500e+00 1.739436e+00 1.959362e+00 1.275942e+01 3.983260e+03 1.043755e+04 2.10815 3.157992e-01
9.060000e-01 1.050500e+00 1.740315e+00 1.960362e+00 1.276577e+01 4.004205e+03 1.043273e+04 2.11104 3.175738e-01
9.050000e-01 1.050500e+00 1.741192e+00 1.961358e+00 1.277211e+01 4.024947e+03 1.042793e+04 2.11393 3.193336e-01
9.040000e-01 1.050500e+00 1.742067e+00 1.962351e+00 1.277846e+01 4.045511e+03 1.042314e+04 2.11682 3.210810e-01
9.030000e-01 1.050500e+00 1.742942e+00 1.963345e+00 1.278482e+01 4.065959e+03 1.041834e+04 2.11971 3.228208e-01
9.020000e-01 1.050500e+00 1.743822e+00 1.964344e+00 1.279121e+01 4.086351e+03 1.041352e+04 2.12262 3.245577e-01
9.010000e-01 1.050500e+00 1.744706e+00 1.965348e+00 1.279764e+01 4.106702e+03 1.040869e+04 2.12555 3.262927e-01
9.000000e-01 1.050500e+00 1.745595e+00 1.966358e+00 1.280409e+01 4.127002e+03 1.040385e+04 2.12849 3.280248e-01
8.990000e-01 1.050500e+00 1.746489e+00 1.967374e+00 1.281057e+01 4.147230e+03 1.039900e+04 2.13144 3.297523e-01
8.980000e-01 1.050500e+00 1.747385e+00 1.968393e+00 1.281707e+01 4.167361e+03 1.039414e+04 2.13441 3.314732e-01
8.970000e-01 1.050500e+00 1.748283e+00 1.969414e+00 1.282357e+01 4.187373e+03 1.038928e+04 2.13738 3.331856e-01
8.960000e-01 1.050500e+00 1.749181e+00 1.970435e+00 1.283009e+01 4.207245e+03 1.038442e+04 2.14035 3.348881e-01
8.950000e-01 1.050500e+00 1.750079e+00 1.971456e+00 1.283660e+01 4.226971e+03 1.037957e+04 2.14332 3.365801e-01
8.940000e-01 1.050500e+00 1.750978e+00 1.972477e+00 1.284313e+01 4.246583e+03 1.037471e+04 2.1463 3.382644e-01
8.930000e-01 1.050500e+00 1.751880e+00 1.973502e+00 1.284968e+01 4.266123e+03 1.036985e+04 2.14929 3.399442e-01
8.920000e-01 1.050500e+00 1.752786e+00 1.974532e+00 1.285626e+01 4.285604e+03 1.036498e+04 2.1523 3.416205e-01
8.910000e-01 1.050500e+00 1.753695e+00 1.975567e+00 1.286286e+01 4.305015e+03 1.036010e+04 2.15531 3.432923e-01
8.900000e-01 1.050500e+00 1.754606e+00 1.976604e+00 1.286947e+01 4.324326e+03 1.035521e+04 2.15833 3.449571e-01
8.890000e-01 1.050500e+00 1.755519e+00 1.977641e+00 1.287609e+01 4.343515e+03 1.035032e+04 2.16136 3.466134e-01
8.880000e-01 1.050500e+00 1.756430e+00 1.978679e+00 1.288271e+01 4.362562e+03 1.034544e+04 2.16439 3.482594e-01
8.870000e-01 1.050500e+00 1.757340e+00 1.979713e+00 1.288934e+01 4.381448e+03 1.034057e+04 2.16742 3.498939e-01
8.860000e-01 1.050500e+00 1.758248e+00 1.980745e+00 1.289596e+01 4.400179e+03 1.033570e+04 2.17045 3.515175e-01
8.850000e-01 1.050500e+00 1.759156e+00 1.981776e+00 1.290260e+01 4.418796e+03 1.033083e+04 2.17348 3.531335e-01
8.840000e-01 1.050500e+00 1.760067e+00 1.982810e+00 1.290926e+01 4.437354e+03 1.032595e+04 2.17653 3.547462e-01
8.830000e-01 1.050500e+00 1.760982e+00 1.983849e+00 1.291595e+01 4.455878e+03 1.032105e+04 2.17959 3.563576e-01
8.820000e-01 1.050500e+00 1.761902e+00 1.984895e+00 1.292267e+01 4.474371e+03 1.031613e+04 2.18267 3.579677e-01
8.810000e-01 1.050500e+00 1.762826e+00 1.985945e+00 1.292943e+01 4.492814e+03 1.031120e+04 2.18576 3.595749e-01
8.800000e-01 1.050500e+00 1.763754e+00 1.987000e+00 1.293620e+01 4.511190e+03 1.030626e+04 2.18886 3.611778e-01
8.790000e-01 1.050500e+00 1.764684e+00 1.988057e+00 1.294299e+01 4.529476e+03 1.030132e+04 2.19197 3.627744e-01
8.780000e-01 1.050500e+00 1.765614e+00 1.989115e+00 1.294978e+01 4.547656e+03 1.029637e+04 2.19509 3.643637e-01
8.770000e-01 1.050500e+00 1.766545e+00 1.990173e+00 1.295659e+01 4.565716e+03 1.029143e+04 2.1982 3.659444e-01
8.760000e-01 1.050500e+00 1.767476e+00 1.991232e+00 1.296340e+01 4.583681e+03 1.028648e+04 2.20133 3.675188e-01
8.750000e-01 1.050500e+00 1.768409e+00 1.992293e+00 1.297024e+01 4.601579e+03 1.028153e+04 2.20446 3.690890e-01
8.740000e-01 1.050500e+00 1.769347e+00 1.993359e+00 1.297710e+01 4.619434e+03 1.027656e+04 2.20761 3.706568e-01
8.730000e-01 1.050500e+00 1.770288e+00 1.994430e+00 1.298399e+01 4.637231e+03 1.027158e+04 2.21077 3.722211e-01
8.720000e-01 1.050500e+00 1.771231e+00 1.995503e+00 1.299089e+01 4.654952e+03 1.026659e+04 2.21393 3.737802e-01
8.710000e-01 1.050500e+00 1.772176e+00 1.996578e+00 1.299780e+01 4.672573e+03 1.026161e+04 2.21711 3.753324e-01
8.700000e-01 1.050500e+00 1.773120e+00 1.997652e+00 1.300472e+01 4.690077e+03 1.025662e+04 2.22028 3.768763e-01
8.690000e-01 1.050500e+00 1.774062e+00 1.998724e+00 1.301164e+01 4.707444e+03 1.025164e+04 2.22346 3.784104e-01
8.680000e-01 1.050500e+00 1.775004e+00 1.999793e+00 1.301856e+01 4.724683e+03 1.024666e+04 2.22663 3.799355e-01
8.670000e-01 1.050500e+00 1.775944e+00 2.000862e+00 1.302550e+01 4.741823e+03 1.024168e+04 2.22981 3.814541e-01
8.660000e-01 1.050500e+00 1.776888e+00 2.001934e+00 1.303245e+01 4.758912e+03 1.023669e+04 2.23301 3.829701e-01
8.650000e-01 1.050500e+00 1.777869e+00 2.003051e+00 1.303954e+01 4.775921e+03 1.023161e+04 2.23628 3.844776e-01
8.640000e-01 1.050500e+00 1.778823e+00 2.004135e+00 1.304656e+01 4.792957e+03 1.022658e+04 2.23951 3.859916e-01
8.630000e-01 1.050500e+00 1.779779e+00 2.005223e+00 1.305361e+01 4.809950e+03 1.022154e+04 2.24275 3.875033e-01
8.620000e-01 1.050500e+00 1.780739e+00 2.006315e+00 1.306069e+01 4.826888e+03 1.021648e+04 2.246 3.890116e-01
8.610000e-01 1.050500e+00 1.781701e+00 2.007410e+00 1.306778e+01 4.843750e+03 1.021142e+04 2.24925 3.905148e-01
8.600000e-01 1.050500e+00 1.782664e+00 2.008505e+00 1.307488e+01 4.860519e+03 1.020636e+04 2.25252 3.920116e-01
8.590000e-01 1.050500e+00 1.783627e+00 2.009600e+00 1.308198e+01 4.877190e+03 1.020130e+04 2.25578 3.935014e-01
8.580000e-01 1.050500e+00 1.784591e+00 2.010696e+00 1.308911e+01 4.893784e+03 1.019623e+04 2.25906 3.949863e-01
8.570000e-01 1.050500e+00 1.785558e+00 2.011796e+00 1.309625e+01 4.910327e+03 1.019115e+04 2.26234 3.964682e-01
8.560000e-01 1.050500e+00 1.786528e+00 2.012901e+00 1.310343e+01 4.926833e+03 1.018606e+04 2.26564 3.979483e-01
8.550000e-01 1.050500e+00 1.787502e+00 2.014009e+00 1.311063e+01 4.943288e+03 1.018095e+04 2.26895 3.994252e-01
8.540000e-01 1.050500e+00 1.788478e+00 2.015120e+00 1.311784e+01 4.959675e+03 1.017584e+04 2.27227 4.008975e-01
8.530000e-01 1.050500e+00 1.789455e+00 2.016232e+00 1.312507e+01 4.975974e+03 1.017072e+04 2.2756 4.023638e-01
8.520000e-01 1.050500e+00 1.790431e+00 2.017343e+00 1.313230e+01 4.992166e+03 1.016560e+04 2.27892 4.038225e-01
8.510000e-01 1.050500e+00 1.791406e+00 2.018451e+00 1.313953e+01 5.008243e+03 1.016049e+04 2.28225 4.052730e-01
8.500000e-01 1.050500e+00 1.792379e+00 2.019558e+00 1.314677e+01 5.024209e+03 1.015537e+04 2.28558 4.067160e-01
8.490000e-01 1.050500e+00 1.793353e+00 2.020666e+00 1.315403e+01 5.040108e+03 1.015025e+04 2.28891 4.081549e-01
8.480000e-01 1.050500e+00 1.794331e+00 2.021777e+00 1.316131e+01 5.055970e+03 1.014511e+04 2.29226 4.095921e-01
8.470000e-01 1.050500e+00 1.795313e+00 2.022893e+00 1.316863e+01 5.071813e+03 1.013996e+04 2.29563 4.110289e-01
8.460000e-01 1.050500e+00 1.796299e+00 2.024015e+00 1.317598e+01 5.087630e+03 1.013478e+04 2.29901 4.124646e-01
8.450000e-01 1.050500e+00 1.797289e+00 2.025142e+00 1.318336e+01 5.103407e+03 1.012959e+04 2.30241 4.138982e-01
8.440000e-01 1.050500e+00 1.798282e+00 2.026272e+00 1.319076e+01 5.119131e+03 1.012439e+04 2.30581 4.153283e-01
8.430000e-01 1.050500e+00 1.799276e+00 2.027403e+00 1.319817e+01 5.134780e+03 1.011918e+04 2.30922 4.167533e-01
8.420000e-01 1.050500e+00 1.800270e+00 2.028535e+00 1.320560e+01 5.150343e+03 1.011397e+04 2.31264 4.181723e-01
8.410000e-01 1.050500e+00 1.801265e+00 2.029666e+00 1.321303e+01 5.165826e+03 1.010875e+04 2.31606 4.195860e-01
8.400000e-01 1.050500e+00 1.802262e+00 2.030801e+00 1.322049e+01 5.181259e+03 1.010352e+04 2.31949 4.209965e-01
8.390000e-01 1.050500e+00 1.803262e+00 2.031939e+00 1.322797e+01 5.196654e+03 1.009828e+04 2.32293 4.224051e-01
8.380000e-01 1.050500e+00 1.804266e+00 2.033082e+00 1.323548e+01 5.212011e+03 1.009302e+04 2.32638 4.238116e-01
8.370000e-01 1.050500e+00 1.805272e+00 2.034227e+00 1.324302e+01 5.227316e+03 1.008775e+04 2.32985 4.252148e-01
8.360000e-01 1.050500e+00 1.806280e+00 2.035374e+00 1.325056e+01 5.242551e+03 1.008247e+04 2.33332 4.266133e-01
8.350000e-01 1.050500e+00 1.807287e+00 2.036521e+00 1.325812e+01 5.257701e+03 1.007719e+04 2.3368 4.280057e-01
8.340000e-01 1.050500e+00 1.808294e+00 2.037667e+00 1.326568e+01 5.272750e+03 1.007191e+04 2.34027 4.293911e-01
8.330000e-01 1.050500e+00 1.809299e+00 2.038810e+00 1.327325e+01 5.287697e+03 1.006663e+04 2.34375 4.307693e-01
8.320000e-01 1.050500e+00 1.810304e+00 2.039953e+00 1.328082e+01 5.302571e+03 1.006134e+04 2.34723 4.321429e-01
8.310000e-01 1.050500e+00 1.811311e+00 2.041098e+00 1.328843e+01 5.317407e+03 1.005603e+04 2.35073 4.335146e-01
8.300000e-01 1.050500e+00 1.812323e+00 2.042249e+00 1.329607e+01 5.332220e+03 1.005071e+04 2.35424 4.348856e-01
8.290000e-01 1.050500e+00 1.813339e+00 2.043405e+00 1.330375e+01 5.347017e+03 1.004536e+04 2.35777 4.362563e-01
8.280000e-01 1.050500e+00 1.814359e+00 2.044565e+00 1.331145e+01 5.361779e+03 1.004000e+04 2.36131 4.376252e-01
8.270000e-01 1.050500e+00 1.815382e+00 2.045729e+00 1.331918e+01 5.376499e+03 1.003462e+04 2.36486 4.389916e-01
8.260000e-01 1.050500e+00 1.816406e+00 2.046895e+00 1.332693e+01 5.391159e+03 1.002923e+04 2.36842 4.403538e-01
8.250000e-01 1.050500e+00 1.817431e+00 2.048062e+00 1.333469e+01 5.405741e+03 1.002384e+04 2.37198 4.417107e-01
8.240000e-01 1.050500e+00 1.818456e+00 2.049228e+00 1.334246e+01 5.420251e+03 1.001844e+04 2.37555 4.430626e-01
8.230000e-01 1.050500e+00 1.819483e+00 2.050397e+00 1.335025e+01 5.434709e+03 1.001303e+04 2.37913 4.444114e-01
8.220000e-01 1.050500e+00 1.820513e+00 2.051569e+00 1.335807e+01 5.449132e+03 1.000760e+04 2.38272 4.457583e-01
8.210000e-01 1.050500e+00 1.821546e+00 2.052746e+00 1.336592e+01 5.463521e+03 1.000215e+04 2.38632 4.471035e-01
8.200000e-01 1.050500e+00 1.822582e+00 2.053925e+00 1.337379e+01 5.477866e+03 9.996695e+03 2.38993 4.484458e-01
8.190000e-01 1.050500e+00 1.823619e+00 2.055106e+00 1.338168e+01 5.492150e+03 9.991226e+03 2.39355 4.497841e-01
8.180000e-01 1.050500e+00 1.824657e+00 2.056287e+00 1.338958e+01 5.506357e+03 9.985751e+03 2.39718 4.511170e-01
8.170000e-01 1.050500e+00 1.825693e+00 2.057467e+00 1.339749e+01 5.520475e+03 9.980274e+03 2.4008 4.524436e-01
8.160000e-01 1.050500e+00 1.826728e+00 2.058644e+00 1.340540e+01 5.534502e+03 9.974795e+03 2.40443 4.537638e-01
8.150000e-01 1.050500e+00 1.827763e+00 2.059821e+00 1.341333e+01 5.548461e+03 9.969307e+03 2.40806 4.550797e-01
8.140000e-01 1.050500e+00 1.828800e+00 2.061001e+00 1.342129e+01 5.562388e+03 9.963801e+03 2.4117 4.563941e-01
8.130000e-01 1.050500e+00 1.829841e+00 2.062185e+00 1.342928e+01 5.576292e+03 9.958273e+03 2.41536 4.577078e-01
8.120000e-01 1.050500e+00 1.830887e+00 2.063375e+00 1.343731e+01 5.590181e+03 9.952721e+03 2.41904 4.590212e-01
8.110000e-01 1.050500e+00 1.831936e+00 2.064569e+00 1.344537e+01 5.604039e+03 9.947149e+03 2.42273 4.603330e-01
8.100000e-01 1.050500e+00 1.832988e+00 2.065766e+00 1.345345e+01 5.617860e+03 9.941560e+03 2.42643 4.616425e-01
8.090000e-01 1.050500e+00 1.834041e+00 2.066965e+00 1.346156e+01 5.631621e+03 9.935961e+03 2.43013 4.629479e-01
8.080000e-01 1.050500e+00 1.835095e+00 2.068164e+00 1.346967e+01 5.645316e+03 9.930352e+03 2.43384 4.642487e-01
8.070000e-01 1.050500e+00 1.836149e+00 2.069364e+00 1.347781e+01 5.658947e+03 9.924735e+03 2.43756 4.655452e-01
8.060000e-01 1.050500e+00 1.837205e+00 2.070565e+00 1.348596e+01 5.672535e+03 9.919102e+03 2.44128 4.668390e-01
8.050000e-01 1.050500e+00 1.838264e+00 2.071771e+00 1.349415e+01 5.686092e+03 9.913451e+03 2.44502 4.681313e-01
8.040000e-01 1.050500e+00 1.839327e+00 2.072980e+00 1.350237e+01 5.699616e+03 9.907781e+03 2.44877 4.694217e-01
8.030000e-01 1.050500e+00 1.840391e+00 2.074192e+00 1.351061e+01 5.713094e+03 9.902096e+03 2.45253 4.707092e-01
8.020000e-01 1.050500e+00 1.841456e+00 2.075404e+00 1.351886e+01 5.726513e+03 9.896400e+03 2.4563 4.719927e-01
8.010000e-01 1.050500e+00 1.842521e+00 2.076617e+00 1.352713e+01 5.739860e+03 9.890697e+03 2.46006 4.732711e-01
8.000000e-01 1.050500e+00 1.843585e+00 2.077828e+00 1.353541e+01 5.753122e+03 9.884991e+03 2.46384 4.745435e-01
7.990000e-01 1.050500e+00 1.844648e+00 2.079036e+00 1.354369e+01 5.766305e+03 9.879281e+03 2.46761 4.758104e-01
7.980000e-01 1.050500e+00 1.845712e+00 2.080246e+00 1.355200e+01 5.779433e+03 9.873557e+03 2.47139 4.770741e-01
7.970000e-01 1.050500e+00 1.846778e+00 2.081458e+00 1.356034e+01 5.792537e+03 9.867812e+03 2.47518 4.783368e-01
7.960000e-01 1.050500e+00 1.847848e+00 2.082676e+00 1.356871e+01 5.805623e+03 9.862043e+03 2.47899 4.795991e-01
7.950000e-01 1.050500e+00 1.848923e+00 2.083899e+00 1.357713e+01 5.818687e+03 9.856250e+03 2.48282 4.808606e-01
7.940000e-01 1.050500e+00 1.850000e+00 2.085125e+00 1.358557e+01 5.831721e+03 9.850437e+03 2.48665 4.821205e-01
7.930000e-01 1.050500e+00 1.851080e+00 2.086354e+00 1.359404e+01 5.844712e+03 9.844608e+03 2.4905 4.833775e-01
7.920000e-01 1.050500e+00 1.852161e+00 2.087584e+00 1.360253e+01 5.857644e+03 9.838768e+03 2.49435 4.846305e-01
7.910000e-01 1.050500e+00 1.853242e+00 2.088815e+00 1.361104e+01 5.870515e+03 9.832917e+03 2.49821 4.858793e-01
7.900000e-01 1.050500e+00 1.854324e+00 2.090046e+00 1.361956e+01 5.883335e+03 9.827054e+03 2.50208 4.871248e-01
7.890000e-01 1.050500e+00 1.855408e+00 2.091280e+00 1.362812e+01 5.896120e+03 9.821171e+03 2.50595 4.883684e-01
7.880000e-01 1.050500e+00 1.856496e+00 2.092518e+00 1.363671e+01 5.908876e+03 9.815269e+03 2.50984 4.896104e-01
7.870000e-01 1.050500e+00 1.857586e+00 2.093760e+00 1.364532e+01 5.921595e+03 9.809348e+03 2.51374 4.908502e-01
7.860000e-01 1.050500e+00 1.858677e+00 2.095002e+00 1.365396e+01 5.934262e+03 9.803413e+03 2.51765 4.920865e-01
7.850000e-01 1.050500e+00 1.859769e+00 2.096245e+00 1.366262e+01 5.946870e+03 9.797467e+03 2.52156 4.933187e-01
7.840000e-01 1.050500e+00 1.860860e+00 2.097487e+00 1.367128e+01 5.959400e+03 9.791516e+03 2.52548 4.945453e-01
7.830000e-01 1.050500e+00 1.861949e+00 2.098727e+00 1.367995e+01 5.971852e+03 9.785561e+03 2.5294 4.957665e-01
7.820000e-01 1.050500e+00 1.863039e+00 2.099966e+00 1.368864e+01 5.984243e+03 9.779596e+03 2.53332 4.969838e-01
7.810000e-01 1.050500e+00 1.864130e+00 2.101207e+00 1.369737e+01 5.996601e+03 9.773610e+03 2.53725 4.981995e-01
7.800000e-01 1.050500e+00 1.865225e+00 2.102453e+00 1.370613e+01 6.008937e+03 9.767600e+03 2.5412 4.994145e-01
7.790000e-01 1.050500e+00 1.866323e+00 2.103703e+00 1.371493e+01 6.021256e+03 9.761563e+03 2.54516 5.006290e-01
7.780000e-01 1.050500e+00 1.867426e+00 2.104959e+00 1.372376e+01 6.033548e+03 9.755505e+03 2.54914 5.018421e-01
7.770000e-01 1.050500e+00 1.868530e+00 2.106216e+00 1.373263e+01 6.045800e+03 9.749428e+03 2.55313 5.030526e-01
7.760000e-01 1.050500e+00 1.869636e+00 2.107474e+00 1.374152e+01 6.058003e+03 9.743335e+03 2.55712 5.042599e-01
7.750000e-01 1.050500e+00 1.870742e+00 2.108734e+00 1.375043e+01 6.070151e+03 9.737232e+03 2.56113 5.054634e-01
7.740000e-01 1.050500e+00 1.871883e+00 2.110035e+00 1.375946e+01 6.082206e+03 9.731043e+03 2.5652 5.066542e-01
7.730000e-01 1.050500e+00 1.872992e+00 2.111299e+00 1.376842e+01 6.094262e+03 9.724907e+03 2.56922 5.078518e-01
7.720000e-01 1.050500e+00 1.874104e+00 2.112565e+00 1.377741e+01 6.106290e+03 9.718748e+03 2.57325 5.090481e-01
7.710000e-01 1.050500e+00 1.875218e+00 2.113834e+00 1.378644e+01 6.118282e+03 9.712572e+03 2.57729 5.102422e-01
7.700000e-01 1.050500e+00 1.876334e+00 2.115106e+00 1.379549e+01 6.130226e+03 9.706380e+03 2.58134 5.114331e-01
7.690000e-01 1.050500e+00 1.877451e+00 2.116377e+00 1.380456e+01 6.142115e+03 9.700176e+03 2.5854 5.126203e-01
7.680000e-01 1.050500e+00 1.878566e+00 2.117647e+00 1.381365e+01 6.153933e+03 9.693964e+03 2.58946 5.138024e-01
7.670000e-01 1.050500e+00 1.879680e+00 2.118916e+00 1.382274e+01 6.165676e+03 9.687747e+03 2.59352 5.149793e-01
7.660000e-01 1.050500e+00 1.880793e+00 2.120183e+00 1.383185e+01 6.177357e+03 9.681521e+03 2.59759 5.161521e-01
7.650000e-01 1.050500e+00 1.881908e+00 2.121452e+00 1.384100e+01 6.189004e+03 9.675272e+03 2.60166 5.173232e-01
7.640000e-01 1.050500e+00 1.883027e+00 2.122726e+00 1.385018e+01 6.200632e+03 9.668995e+03 2.60575 5.184936e-01
7.630000e-01 1.050500e+00 1.884149e+00 2.124004e+00 1.385941e+01 6.212241e+03 9.662691e+03 2.60986 5.196632e-01
7.620000e-01 1.050500e+00 1.885274e+00 2.125285e+00 1.386868e+01 6.223820e+03 9.656362e+03 2.61398 5.208313e-01
7.610000e-01 1.050500e+00 1.886401e+00 2.126569e+00 1.387798e+01 6.235364e+03 9.650011e+03 2.6181 5.219972e-01
7.600000e-01 1.050500e+00 1.887529e+00 2.127855e+00 1.388730e+01 6.246864e+03 9.643644e+03 2.62224 5.231599e-01
7.590000e-01 1.050500e+00 1.888658e+00 2.129140e+00 1.389665e+01 6.258308e+03 9.637261e+03 2.62638 5.243189e-01
7.580000e-01 1.050500e+00 1.889787e+00 2.130425e+00 1.390602e+01 6.269700e+03 9.630863e+03 2.63053 5.254743e-01
7.570000e-01 1.050500e+00 1.890918e+00 2.131714e+00 1.391542e+01 6.281061e+03 9.624444e+03 2.63469 5.266280e-01
7.560000e-01 1.050500e+00 1.892052e+00 2.133006e+00 1.392486e+01 6.292395e+03 9.618000e+03 2.63886 5.277802e-01
7.550000e-01 1.050500e+00 1.893187e+00 2.134300e+00 1.393433e+01 6.303688e+03 9.611533e+03 2.64304 5.289298e-01
7.540000e-01 1.050500e+00 1.894324e+00 2.135595e+00 1.394383e+01 6.314937e+03 9.605050e+03 2.64722 5.300764e-01
7.530000e-01 1.050500e+00 1.895461e+00 2.136891e+00 1.395335e+01 6.326134e+03 9.598551e+03 2.65142 5.312192e-01
7.520000e-01 1.050500e+00 1.896596e+00 2.138185e+00 1.396289e+01 6.337258e+03 9.592044e+03 2.65561 5.323569e-01
7.510000e-01 1.050500e+00 1.897730e+00 2.139476e+00 1.397243e+01 6.348312e+03 9.585529e+03 2.6598 5.334895e-01
7.500000e-01 1.050500e+00 1.898863e+00 2.140766e+00 1.398200e+01 6.359314e+03 9.578999e+03 2.664 5.346187e-01
7.490000e-01 1.050500e+00 1.899999e+00 2.142059e+00 1.399161e+01 6.370288e+03 9.572443e+03 2.66821 5.357466e-01
7.480000e-01 1.050500e+00 1.901137e+00 2.143356e+00 1.400126e+01 6.381239e+03 9.565856e+03 2.67243 5.368735e-01
7.470000e-01 1.050500e+00 1.902279e+00 2.144656e+00 1.401096e+01 6.392170e+03 9.559239e+03 2.67667 5.379994e-01
7.460000e-01 1.050500e+00 1.903423e+00 2.145960e+00 1.402070e+01 6.403070e+03 9.552595e+03 2.68092 5.391234e-01
7.450000e-01 1.050500e+00 1.904569e+00 2.147265e+00 1.403046e+01 6.413934e+03 9.545928e+03 2.68517 5.402449e-01
7.440000e-01 1.050500e+00 1.905715e+00 2.148571e+00 1.404026e+01 6.424750e+03 9.539242e+03 2.68944 5.413631e-01
7.430000e-01 1.050500e+00 1.906862e+00 2.149877e+00 1.405008e+01 6.435513e+03 9.532539e+03 2.6937 5.424776e-01
7.420000e-01 1.050500e+00 1.908009e+00 2.151184e+00 1.405993e+01 6.446234e+03 9.525816e+03 2.69798 5.435893e-01
7.410000e-01 1.050500e+00 1.909158e+00 2.152494e+00 1.406982e+01 6.456924e+03 9.519067e+03 2.70226 5.446992e-01
7.400000e-01 1.050500e+00 1.910309e+00 2.153806e+00 1.407974e+01 6.467585e+03 9.512291e+03 2.70656 5.458072e-01
7.390000e-01 1.050500e+00 1.911461e+00 2.155119e+00 1.408970e+01 6.478204e+03 9.505491e+03 2.71086 5.469125e-01
7.380000e-01 1.050500e+00 1.912614e+00 2.156433e+00 1.409969e+01 6.488775e+03 9.498672e+03 2.71517 5.480143e-01
7.370000e-01 1.050500e+00 1.913767e+00 2.157747e+00 1.410970e+01 6.499288e+03 9.491841e+03 2.71948 5.491119e-01
7.360000e-01 1.050500e+00 1.914917e+00 2.159057e+00 1.411972e+01 6.509730e+03 9.485000e+03 2.72379 5.502042e-01
7.350000e-01 1.050500e+00 1.916065e+00 2.160365e+00 1.412976e+01 6.520110e+03 9.478145e+03 2.7281 5.512921e-01
7.340000e-01 1.050500e+00 1.917214e+00 2.161674e+00 1.413983e+01 6.530452e+03 9.471267e+03 2.73242 5.523778e-01
7.330000e-01 1.050500e+00 1.918366e+00 2.162986e+00 1.414995e+01 6.540769e+03 9.464358e+03 2.73675 5.534623e-01
7.320000e-01 1.050500e+00 1.919520e+00 2.164301e+00 1.416011e+01 6.551061e+03 9.457417e+03 2.74109 5.545456e-01
7.310000e-01 1.050500e+00 1.920677e+00 2.165619e+00 1.417032e+01 6.561329e+03 9.450445e+03 2.74545 5.556274e-01
7.300000e-01 1.050500e+00 1.921836e+00 2.166940e+00 1.418057e+01 6.571560e+03 9.443447e+03 2.74981 5.567068e-01
7.290000e-01 1.050500e+00 1.922995e+00 2.168261e+00 1.419086e+01 6.581748e+03 9.436426e+03 2.75419 5.577831e-01
7.280000e-01 1.050500e+00 1.924155e+00 2.169583e+00 1.420117e+01 6.591888e+03 9.429386e+03 2.75856 5.588561e-01
7.270000e-01 1.050500e+00 1.925314e+00 2.170905e+00 1.421151e+01 6.601978e+03 9.422325e+03 2.76294 5.599255e-01
7.260000e-01 1.050500e+00 1.926475e+00 2.172227e+00 1.422188e+01 6.612035e+03 9.415237e+03 2.76733 5.609928e-01
7.250000e-01 1.050500e+00 1.927637e+00 2.173553e+00 1.423231e+01 6.622065e+03 9.408117e+03 2.77173 5.620584e-01
7.240000e-01 1.050500e+00 1.928801e+00 2.174879e+00 1.424277e+01 6.632054e+03 9.400971e+03 2.77614 5.631211e-01
7.230000e-01 1.050500e+00 1.929965e+00 2.176207e+00 1.425326e+01 6.641999e+03 9.393802e+03 2.78055 5.641806e-01
7.220000e-01 1.050500e+00 1.931128e+00 2.177533e+00 1.426378e+01 6.651890e+03 9.386614e+03 2.78496 5.652361e-01
7.210000e-01 1.050500e+00 1.932289e+00 2.178856e+00 1.427431e+01 6.661714e+03 9.379413e+03 2.78938 5.662864e-01
7.200000e-01 1.050500e+00 1.933447e+00 2.180175e+00 1.428487e+01 6.671474e+03 9.372198e+03 2.79378 5.673320e-01
7.190000e-01 1.050500e+00 1.934606e+00 2.181495e+00 1.429545e+01 6.681191e+03 9.364959e+03 2.7982 5.683748e-01
7.180000e-01 1.050500e+00 1.935765e+00 2.182816e+00 1.430608e+01 6.690880e+03 9.357686e+03 2.80262 5.694159e-01
7.170000e-01 1.050500e+00 1.936927e+00 2.184140e+00 1.431677e+01 6.700544e+03 9.350377e+03 2.80706 5.704557e-01
7.160000e-01 1.050500e+00 1.938123e+00 2.185506e+00 1.432760e+01 6.710152e+03 9.342956e+03 2.81156 5.714839e-01
7.150000e-01 1.050500e+00 1.939289e+00 2.186835e+00 1.433838e+01 6.719756e+03 9.335576e+03 2.81601 5.725191e-01
7.140000e-01 1.050500e+00 1.940455e+00 2.188163e+00 1.434920e+01 6.729318e+03 9.328171e+03 2.82047 5.735514e-01
7.130000e-01 1.050500e+00 1.941620e+00 2.189492e+00 1.436004e+01 6.738835e+03 9.320742e+03 2.82493 5.745802e-01
7.120000e-01 1.050500e+00 1.942784e+00 2.190819e+00 1.437092e+01 6.748302e+03 9.313287e+03 2.82939 5.756053e-01
7.110000e-01 1.050500e+00 1.943949e+00 2.192147e+00 1.438184e+01 6.757733e+03 9.305802e+03 2.83385 5.766279e-01
7.100000e-01 1.050500e+00 1.945116e+00 2.193476e+00 1.439281e+01 6.767138e+03 9.298280e+03 2.83833 5.776485e-01
7.090000e-01 1.050500e+00 1.946283e+00 2.194807e+00 1.440382e+01 6.776504e+03 9.290728e+03 2.84281 5.786662e-01
7.080000e-01 1.050500e+00 1.947449e+00 2.196136e+00 1.441486e+01 6.785822e+03 9.283148e+03 2.84729 5.796804e-01
7.070000e-01 1.050500e+00 1.948615e+00 2.197465e+00 1.442594e+01 6.795090e+03 9.275545e+03 2.85177 5.806903e-01
7.060000e-01 1.050500e+00 1.949777e+00 2.198789e+00 1.443703e+01 6.804293e+03 9.267926e+03 2.85624 5.816950e-01
7.050000e-01 1.050500e+00 1.950936e+00 2.200109e+00 1.444814e+01 6.813429e+03 9.260290e+03 2.86071 5.826949e-01
7.040000e-01 1.050500e+00 1.952095e+00 2.201429e+00 1.445929e+01 6.822528e+03 9.252625e+03 2.86519 5.836919e-01
7.030000e-01 1.050500e+00 1.953255e+00 2.202750e+00 1.447050e+01 6.831596e+03 9.244922e+03 2.86967 5.846870e-01
7.020000e-01 1.050500e+00 1.954416e+00 2.204072e+00 1.448176e+01 6.840637e+03 9.237175e+03 2.87416 5.856801e-01
7.010000e-01 1.050500e+00 1.955578e+00 2.205397e+00 1.449306e+01 6.849649e+03 9.229393e+03 2.87865 5.866712e-01
7.000000e-01 1.050500e+00 1.956741e+00 2.206722e+00 1.450442e+01 6.858626e+03 9.221572e+03 2.88316 5.876594e-01
6.990000e-01 1.050500e+00 1.957904e+00 2.208047e+00 1.451582e+01 6.867561e+03 9.213723e+03 2.88766 5.886444e-01
6.980000e-01 1.050500e+00 1.959065e+00 2.209369e+00 1.452725e+01 6.876445e+03 9.205841e+03 2.89216 5.896252e-01
6.970000e-01 1.050500e+00 1.960225e+00 2.210692e+00 1.453872e+01 6.885287e+03 9.197932e+03 2.89666 5.906025e-01
6.960000e-01 1.050500e+00 1.961385e+00 2.212013e+00 1.455024e+01 6.894091e+03 9.189986e+03 2.90117 5.915771e-01
6.950000e-01 1.050500e+00 1.962546e+00 2.213336e+00 1.456181e+01 6.902866e+03 9.182002e+03 2.90568 5.925493e-01
6.940000e-01 1.050500e+00 1.963707e+00 2.214658e+00 1.457343e+01 6.911598e+03 9.173981e+03 2.91019 5.935182e-01
6.930000e-01 1.050500e+00 1.964866e+00 2.215979e+00 1.458508e+01 6.920281e+03 9.165934e+03 2.9147 5.944830e-01
6.920000e-01 1.050500e+00 1.966023e+00 2.217298e+00 1.459676e+01 6.928906e+03 9.157863e+03 2.91921 5.954433e-01
6.910000e-01 1.050500e+00 1.967177e+00 2.218612e+00 1.460846e+01 6.937467e+03 9.149775e+03 2.92372 5.963983e-01
6.900000e-01 1.050500e+00 1.968327e+00 2.219922e+00 1.462019e+01 6.945967e+03 9.141666e+03 2.92821 5.973486e-01
6.890000e-01 1.050500e+00 1.969477e+00 2.221231e+00 1.463197e+01 6.954431e+03 9.133520e+03 2.93271 5.982964e-01
6.880000e-01 1.050500e+00 1.970628e+00 2.222542e+00 1.464380e+01 6.962864e+03 9.125330e+03 2.93722 5.992420e-01
6.870000e-01 1.050500e+00 1.971779e+00 2.223853e+00 1.465570e+01 6.971265e+03 9.117100e+03 2.94173 6.001852e-01
6.860000e-01 1.050500e+00 1.972931e+00 2.225165e+00 1.466765e+01 6.979632e+03 9.108827e+03 2.94625 6.011258e-01
6.850000e-01 1.050500e+00 1.974083e+00 2.226478e+00 1.467965e+01 6.987961e+03 9.100519e+03 2.95077 6.020633e-01
6.840000e-01 1.050500e+00 1.975233e+00 2.227788e+00 1.469169e+01 6.996237e+03 9.092180e+03 2.95529 6.029967e-01
6.830000e-01 1.050500e+00 1.976381e+00 2.229097e+00 1.470378e+01 7.004465e+03 9.083813e+03 2.95981 6.039264e-01
6.820000e-01 1.050500e+00 1.977529e+00 2.230405e+00 1.471591e+01 7.012651e+03 9.075412e+03 2.96433 6.048527e-01
6.810000e-01 1.050500e+00 1.978676e+00 2.231713e+00 1.472809e+01 7.020796e+03 9.066972e+03 2.96885 6.057760e-01
6.800000e-01 1.050500e+00 1.979824e+00 2.233021e+00 1.474034e+01 7.028906e+03 9.058492e+03 2.97338 6.066967e-01
6.790000e-01 1.050500e+00 1.980970e+00 2.234328e+00 1.475262e+01 7.036969e+03 9.049980e+03 2.9779 6.076134e-01
6.780000e-01 1.050500e+00 1.982114e+00 2.235632e+00 1.476495e+01 7.044973e+03 9.041443e+03 2.98242 6.085256e-01
6.770000e-01 1.050500e+00 1.983283e+00 2.236967e+00 1.477740e+01 7.052885e+03 9.032803e+03 2.98699 6.094223e-01
6.760000e-01 1.050500e+00 1.984420e+00 2.238264e+00 1.478979e+01 7.060763e+03 9.024219e+03 2.9915 6.103239e-01
6.750000e-01 1.050500e+00 1.985554e+00 2.239556e+00 1.480221e+01 7.068588e+03 9.015608e+03 2.996 6.112217e-01
6.740000e-01 1.050500e+00 1.986687e+00 2.240847e+00 1.481469e+01 7.076380e+03 9.006950e+03 3.00051 6.121170e-01
6.730000e-01 1.050500e+00 1.987821e+00 2.242140e+00 1.482725e+01 7.084142e+03 8.998244e+03 3.00502 6.130098e-01
6.720000e-01 1.050500e+00 1.988953e+00 2.243431e+00 1.483986e+01 7.091862e+03 8.989493e+03 3.00953 6.138992e-01
6.710000e-01 1.050500e+00 1.990085e+00 2.244722e+00 1.485253e+01 7.099545e+03 8.980700e+03 3.01404 6.147857e-01
6.700000e-01 1.050500e+00 1.991216e+00 2.246011e+00 1.486525e+01 7.107182e+03 8.971869e+03 3.01855 6.156680e-01
6.690000e-01 1.050500e+00 1.992343e+00 2.247297e+00 1.487802e+01 7.114765e+03 8.963004e+03 3.02305 6.165459e-01
6.680000e-01 1.050500e+00 1.993468e+00 2.248579e+00 1.489083e+01 7.122300e+03 8.954101e+03 3.02755 6.174196e-01
6.670000e-01 1.050500e+00 1.994592e+00 2.249862e+00 1.490371e+01 7.129798e+03 8.945155e+03 3.03205 6.182902e-01
6.660000e-01 1.050500e+00 1.995714e+00 2.251142e+00 1.491665e+01 7.137255e+03 8.936160e+03 3.03654 6.191574e-01
6.650000e-01 1.050500e+00 1.996834e+00 2.252420e+00 1.492964e+01 7.144666e+03 8.927124e+03 3.04103 6.200203e-01
6.640000e-01 1.050500e+00 1.997951e+00 2.253693e+00 1.494267e+01 7.152022e+03 8.918052e+03 3.04551 6.208782e-01
6.630000e-01 1.050500e+00 1.999062e+00 2.254961e+00 1.495574e+01 7.159317e+03 8.908952e+03 3.04997 6.217305e-01
6.620000e-01 1.050500e+00 2.000169e+00 2.256223e+00 1.496884e+01 7.166547e+03 8.899823e+03 3.05442 6.225771e-01
6.610000e-01 1.050500e+00 2.001271e+00 2.257478e+00 1.498199e+01 7.173721e+03 8.890660e+03 3.05886 6.234187e-01
6.600000e-01 1.050500e+00 2.002371e+00 2.258732e+00 1.499520e+01 7.180859e+03 8.881444e+03 3.0633 6.242572e-01
6.590000e-01 1.050500e+00 2.003469e+00 2.259984e+00 1.500848e+01 7.187962e+03 8.872171e+03 3.06772 6.250922e-01
6.580000e-01 1.050500e+00 2.004565e+00 2.261234e+00 1.502183e+01 7.195024e+03 8.862845e+03 3.07215 6.259235e-01
6.570000e-01 1.050500e+00 2.005659e+00 2.262480e+00 1.503525e+01 7.202046e+03 8.853465e+03 3.07656 6.267505e-01
6.560000e-01 1.050500e+00 2.006749e+00 2.263724e+00 1.504872e+01 7.209022e+03 8.844038e+03 3.08097 6.275730e-01
6.550000e-01 1.050500e+00 2.007836e+00 2.264962e+00 1.506225e+01 7.215942e+03 8.834569e+03 3.08536 6.283904e-01
6.540000e-01 1.050500e+00 2.008918e+00 2.266195e+00 1.507583e+01 7.222813e+03 8.825056e+03 3.08974 6.292029e-01
6.530000e-01 1.050500e+00 2.009997e+00 2.267425e+00 1.508947e+01 7.229643e+03 8.815490e+03 3.09411 6.300114e-01
6.520000e-01 1.050500e+00 2.009464e+00 2.266866e+00 1.509678e+01 7.240792e+03 8.811427e+03 3.09541 6.315841e-01
6.510000e-01 1.050500e+00 2.012155e+00 2.269887e+00 1.511699e+01 7.243158e+03 8.796192e+03 3.10284 6.316129e-01
6.500000e-01 1.050500e+00 2.011589e+00 2.269289e+00 1.512430e+01 7.254247e+03 8.792110e+03 3.10405 6.331848e-01
6.490000e-01 1.050500e+00 2.014285e+00 2.272314e+00 1.514467e+01 7.256455e+03 8.776741e+03 3.11148 6.331948e-01
6.480000e-01 1.050500e+00 2.013685e+00 2.271678e+00 1.515199e+01 7.267456e+03 8.772639e+03 3.11261 6.347617e-01
6.470000e-01 1.050500e+00 2.016391e+00 2.274712e+00 1.517252e+01 7.269500e+03 8.757154e+03 3.12006 6.347530e-01
6.460000e-01 1.050500e+00 2.015766e+00 2.274049e+00 1.517987e+01 7.280440e+03 8.753023e+03 3.12112 6.363190e-01
6.450000e-01 1.050500e+00 2.018481e+00 2.277094e+00 1.520066e+01 7.282365e+03 8.737347e+03 3.12858 6.362942e-01
6.440000e-01 1.050500e+00 2.017834e+00 2.276406e+00 1.520806e+01 7.293257e+03 8.733177e+03 3.12959 6.378605e-01
6.430000e-01 1.050500e+00 2.020582e+00 2.279489e+00 1.522919e+01 7.295027e+03 8.717215e+03 3.1371 6.378070e-01
6.420000e-01 1.050500e+00 2.019898e+00 2.278760e+00 1.523658e+01 7.305875e+03 8.713051e+03 3.13802 6.393769e-01
6.410000e-01 1.050500e+00 2.022641e+00 2.281835e+00 1.525789e+01 7.307507e+03 8.696963e+03 3.14552 6.393090e-01
6.400000e-01 1.050500e+00 2.021928e+00 2.281074e+00 1.526530e+01 7.318289e+03 8.692772e+03 3.14637 6.408768e-01
6.390000e-01 1.050500e+00 2.024680e+00 2.284159e+00 1.528684e+01 7.319780e+03 8.676509e+03 3.15387 6.407904e-01
6.380000e-01 1.050500e+00 2.023943e+00 2.283372e+00 1.529431e+01 7.330512e+03 8.672283e+03 3.15466 6.423588e-01
6.370000e-01 1.050500e+00 2.026703e+00 2.286465e+00 1.531610e+01 7.331853e+03 8.655834e+03 3.16217 6.422527e-01
6.360000e-01 1.050500e+00 2.025934e+00 2.285643e+00 1.532358e+01 7.342509e+03 8.651585e+03 3.16288 6.438181e-01
6.350000e-01 1.050500e+00 2.028702e+00 2.288744e+00 1.534557e+01 7.343669e+03 8.635007e+03 3.1704 6.436913e-01
6.340000e-01 1.050500e+00 2.027898e+00 2.287882e+00 1.535306e+01 7.354236e+03 8.630741e+03 3.17101 6.452524e-01
6.330000e-01 1.050500e+00 2.030675e+00 2.290993e+00 1.537524e+01 7.355220e+03 8.614036e+03 3.17855 6.451059e-01
6.320000e-01 1.050500e+00 2.029844e+00 2.290101e+00 1.538277e+01 7.365730e+03 8.609739e+03 3.17909 6.466670e-01
6.310000e-01 1.050500e+00 2.032628e+00 2.293220e+00 1.540524e+01 7.366574e+03 8.592822e+03 3.18664 6.465018e-01
6.300000e-01 1.050500e+00 2.031772e+00 2.292303e+00 1.541283e+01 7.377033e+03 8.588490e+03 3.18712 6.480635e-01
6.290000e-01 1.050500e+00 2.034562e+00 2.295426e+00 1.543558e+01 7.377725e+03 8.571365e+03 3.19466 6.478771e-01
6.280000e-01 1.050500e+00 2.033675e+00 2.294474e+00 1.544320e+01 7.388122e+03 8.566999e+03 3.19506 6.494372e-01
6.270000e-01 1.050500e+00 2.036492e+00 2.297628e+00 1.546631e+01 7.388615e+03 8.549590e+03 3.20262 6.492172e-01
6.260000e-01 1.050500e+00 2.035560e+00 2.296626e+00 1.547391e+01 7.398962e+03 8.545224e+03 3.2029 6.507797e-01
6.250000e-01 1.050500e+00 2.038371e+00 2.299771e+00 1.549725e+01 7.399322e+03 8.527634e+03 3.21043 6.505423e-01
6.240000e-01 1.050500e+00 2.037405e+00 2.298733e+00 1.550490e+01 7.409617e+03 8.523228e+03 3.21062 6.521042e-01
6.230000e-01 1.050500e+00 2.040219e+00 2.301879e+00 1.552852e+01 7.409805e+03 8.505418e+03 3.21811 6.518413e-01
6.220000e-01 1.050500e+00 2.039215e+00 2.300797e+00 1.553618e+01 7.420022e+03 8.500982e+03 3.21819 6.533990e-01
6.210000e-01 1.050500e+00 2.042032e+00 2.303945e+00 1.556001e+01 7.420015e+03 8.483012e+03 3.22567 6.531109e-01
6.200000e-01 1.050500e+00 2.040986e+00 2.302815e+00 1.556768e+01 7.430147e+03 8.478551e+03 3.22563 6.546643e-01
6.190000e-01 1.050500e+00 2.043810e+00 2.305970e+00 1.559177e+01 7.429966e+03 8.460394e+03 3.2331 6.543529e-01
6.180000e-01 1.050500e+00 2.042732e+00 2.304806e+00 1.559949e+01 7.440049e+03 8.455890e+03 3.23297 6.559066e-01
6.170000e-01 1.050500e+00 2.045557e+00 2.307961e+00 1.562392e+01 7.439706e+03 8.437469e+03 3.24041 6.555703e-01
6.160000e-01 1.050500e+00 2.044446e+00 2.306761e+00 1.563169e+01 7.449735e+03 8.432923e+03 3.24019 6.571232e-01
6.150000e-01 1.050500e+00 2.047295e+00 2.309943e+00 1.565653e+01 7.449185e+03 8.414176e+03 3.24762 6.567506e-01
6.140000e-01 1.050500e+00 2.046135e+00 2.308687e+00 1.566429e+01 7.459161e+03 8.409627e+03 3.24727 6.583052e-01
6.130000e-01 1.050500e+00 2.048974e+00 2.311855e+00 1.568938e+01 7.458443e+03 8.390697e+03 3.25465 6.579104e-01
6.120000e-01 1.050500e+00 2.047775e+00 2.310558e+00 1.569717e+01 7.468361e+03 8.386107e+03 3.25419 6.594637e-01
6.110000e-01 1.050500e+00 2.050617e+00 2.313727e+00 1.572260e+01 7.467467e+03 8.366914e+03 3.26153 6.590418e-01
6.100000e-01 1.050500e+00 2.049380e+00 2.312388e+00 1.573044e+01 7.477323e+03 8.362286e+03 3.26096 6.605934e-01
6.090000e-01 1.050500e+00 2.052222e+00 2.315557e+00 1.575616e+01 7.476220e+03 8.342891e+03 3.26827 6.601435e-01
6.080000e-01 1.050500e+00 2.050944e+00 2.314171e+00 1.576400e+01 7.485987e+03 8.338241e+03 3.26758 6.616910e-01
6.070000e-01 1.050500e+00 2.053790e+00 2.317343e+00 1.578997e+01 7.484664e+03 8.318705e+03 3.27488 6.612158e-01
6.060000e-01 1.050500e+00 2.052471e+00 2.315912e+00 1.579784e+01 7.494357e+03 8.314029e+03 3.27408 6.627614e-01
6.050000e-01 1.050500e+00 2.055321e+00 2.319089e+00 1.582415e+01 7.492844e+03 8.294264e+03 3.28137 6.622612e-01
6.040000e-01 1.050500e+00 2.056082e+00 2.319957e+00 1.584146e+01 7.496826e+03 8.281881e+03 3.28457 6.627693e-01
6.030000e-01 1.050500e+00 2.056826e+00 2.320805e+00 1.585883e+01 7.500758e+03 8.269459e+03 3.28772 6.632736e-01
6.020000e-01 1.050500e+00 2.057557e+00 2.321640e+00 1.587630e+01 7.504625e+03 8.256960e+03 3.29082 6.637695e-01
6.010000e-01 1.050500e+00 2.058276e+00 2.322460e+00 1.589386e+01 7.508421e+03 8.244388e+03 3.29388 6.642567e-01
6.000000e-01 1.050500e+00 2.058983e+00 2.323266e+00 1.591152e+01 7.512149e+03 8.231739e+03 3.29687 6.647349e-01
5.990000e-01 1.050500e+00 2.059677e+00 2.324057e+00 1.592929e+01 7.515814e+03 8.218996e+03 3.29982 6.652042e-01
5.980000e-01 1.050500e+00 2.060379e+00 2.324859e+00 1.594728e+01 7.519377e+03 8.206079e+03 3.30274 6.656545e-01
5.970000e-01 1.050500e+00 2.061051e+00 2.325625e+00 1.596526e+01 7.522899e+03 8.193172e+03 3.30558 6.661058e-01
5.960000e-01 1.050500e+00 2.061709e+00 2.326375e+00 1.598332e+01 7.526345e+03 8.180211e+03 3.30838 6.665482e-01
5.950000e-01 1.050500e+00 2.062353e+00 2.327109e+00 1.600146e+01 7.529710e+03 8.167195e+03 3.31111 6.669812e-01
5.940000e-01 1.050500e+00 2.062982e+00 2.327825e+00 1.601967e+01 7.532993e+03 8.154115e+03 3.31379 6.674042e-01
5.930000e-01 1.050500e+00 2.063597e+00 2.328525e+00 1.603799e+01 7.536208e+03 8.140947e+03 3.31641 6.678181e-01
5.920000e-01 1.050500e+00 2.064199e+00 2.329211e+00 1.605645e+01 7.539358e+03 8.127678e+03 3.31897 6.682226e-01
5.910000e-01 1.050500e+00 2.064787e+00 2.329879e+00 1.607503e+01 7.542436e+03 8.114306e+03 3.32146 6.686173e-01
5.900000e-01 1.050500e+00 2.065362e+00 2.330533e+00 1.609374e+01 7.545442e+03 8.100843e+03 3.3239 6.690026e-01
5.890000e-01 1.050500e+00 2.065926e+00 2.331176e+00 1.611256e+01 7.548373e+03 8.087310e+03 3.3263 6.693795e-01
5.880000e-01 1.050500e+00 2.066478e+00 2.331805e+00 1.613148e+01 7.551221e+03 8.073715e+03 3.32865 6.697482e-01
5.870000e-01 1.050500e+00 2.067019e+00 2.332422e+00 1.615052e+01 7.553991e+03 8.060051e+03 3.33097 6.701089e-01
5.860000e-01 1.050500e+00 2.067550e+00 2.333028e+00 1.616969e+01 7.556688e+03 8.046312e+03 3.33325 6.704620e-01
5.850000e-01 1.050500e+00 2.068086e+00 2.333641e+00 1.618909e+01 7.559271e+03 8.032399e+03 3.33549 6.707952e-01
5.840000e-01 1.050500e+00 2.068589e+00 2.334216e+00 1.620850e+01 7.561807e+03 8.018489e+03 3.33765 6.711281e-01
5.830000e-01 1.050500e+00 2.069075e+00 2.334770e+00 1.622799e+01 7.564259e+03 8.004515e+03 3.33974 6.714503e-01
5.820000e-01 1.050500e+00 2.069541e+00 2.335302e+00 1.624757e+01 7.566625e+03 7.990468e+03 3.34174 6.717602e-01
5.810000e-01 1.050500e+00 2.069990e+00 2.335814e+00 1.626725e+01 7.568904e+03 7.976347e+03 3.34367 6.720591e-01
5.800000e-01 1.050500e+00 2.070424e+00 2.336307e+00 1.628708e+01 7.571103e+03 7.962128e+03 3.34554 6.723478e-01
5.790000e-01 1.050500e+00 2.070844e+00 2.336786e+00 1.630704e+01 7.573231e+03 7.947810e+03 3.34735 6.726268e-01
5.780000e-01 1.050500e+00 2.071247e+00 2.337245e+00 1.632716e+01 7.575276e+03 7.933383e+03 3.34907 6.728942e-01
5.770000e-01 1.050500e+00 2.071630e+00 2.337681e+00 1.634741e+01 7.577237e+03 7.918847e+03 3.35072 6.731496e-01
5.760000e-01 1.050500e+00 2.071997e+00 2.338099e+00 1.636780e+01 7.579119e+03 7.904219e+03 3.35229 6.733929e-01
5.750000e-01 1.050500e+00 2.072361e+00 2.338513e+00 1.638841e+01 7.580872e+03 7.889408e+03 3.35378 6.736128e-01
5.740000e-01 1.050500e+00 2.072691e+00 2.338887e+00 1.640908e+01 7.582574e+03 7.874575e+03 3.35518 6.738312e-01
5.730000e-01 1.050500e+00 2.073008e+00 2.339249e+00 1.642988e+01 7.584197e+03 7.859664e+03 3.35654 6.740410e-01
5.720000e-01 1.050500e+00 2.073314e+00 2.339598e+00 1.645082e+01 7.585733e+03 7.844682e+03 3.35785 6.742423e-01
5.710000e-01 1.050500e+00 2.073605e+00 2.339931e+00 1.647189e+01 7.587172e+03 7.829641e+03 3.35911 6.744342e-01
5.700000e-01 1.050500e+00 2.073883e+00 2.340249e+00 1.649304e+01 7.588522e+03 7.814556e+03 3.36032 6.746166e-01
5.690000e-01 1.050500e+00 2.074140e+00 2.340543e+00 1.651429e+01 7.589778e+03 7.799403e+03 3.36145 6.747867e-01
5.680000e-01 1.050500e+00 2.074374e+00 2.340809e+00 1.653569e+01 7.590938e+03 7.784145e+03 3.36247 6.749430e-01
5.670000e-01 1.050500e+00 2.074589e+00 2.341054e+00 1.655725e+01 7.592013e+03 7.768770e+03 3.36341 6.750866e-01
5.660000e-01 1.050500e+00 2.074786e+00 2.341279e+00 1.657899e+01 7.593002e+03 7.753280e+03 3.36426 6.752180e-01
5.650000e-01 1.050500e+00 2.074964e+00 2.341481e+00 1.660089e+01 7.593897e+03 7.737680e+03 3.36503 6.753367e-01
5.640000e-01 1.050500e+00 2.075138e+00 2.341680e+00 1.662306e+01 7.594659e+03 7.721895e+03 3.36573 6.754316e-01
5.630000e-01 1.050500e+00 2.075274e+00 2.341834e+00 1.664526e+01 7.595366e+03 7.706083e+03 3.36631 6.755218e-01
5.620000e-01 1.050500e+00 2.075383e+00 2.341958e+00 1.666763e+01 7.595975e+03 7.690155e+03 3.36677 6.755971e-01
5.610000e-01 1.050500e+00 2.075476e+00 2.342062e+00 1.669017e+01 7.596492e+03 7.674120e+03 3.36715 6.756596e-01
5.600000e-01 1.050500e+00 2.075553e+00 2.342150e+00 1.671288e+01 7.596914e+03 7.657999e+03 3.36748 6.757119e-01
5.590000e-01 1.050500e+00 2.075618e+00 2.342225e+00 1.673573e+01 7.597237e+03 7.641821e+03 3.36776 6.757556e-01
5.580000e-01 1.050500e+00 2.075671e+00 2.342287e+00 1.675868e+01 7.597464e+03 7.625609e+03 3.36801 6.757905e-01
5.570000e-01 1.050500e+00 2.075704e+00 2.342326e+00 1.678176e+01 7.597591e+03 7.609335e+03 3.36817 6.758133e-01
5.560000e-01 1.050500e+00 2.075711e+00 2.342333e+00 1.680497e+01 7.597612e+03 7.592967e+03 3.36822 6.758208e-01
5.563114e-01 1.050500e+00 2.075377e+00 2.341980e+00 1.679616e+01 7.598672e+03 7.599226e+03 3.3675 6.759871e-01
