1.000000e+00 1.099670e+00 1.715054e+00 1.939829e+00 1.216636e+01 0.000000e+00 1.123542e+04 0 0.000000e+00
9.990000e-01 1.099670e+00 1.713765e+00 1.938500e+00 1.216774e+01 4.123310e+02 1.120241e+04 1.92866 3.080962e-02
9.980000e-01 1.099670e+00 1.714470e+00 1.939274e+00 1.217295e+01 5.893368e+02 1.118607e+04 1.9338 4.411679e-02
9.970000e-01 1.099670e+00 1.715188e+00 1.940072e+00 1.217812e+01 7.276201e+02 1.117280e+04 1.93678 5.450660e-02
9.960000e-01 1.099670e+00 1.715936e+00 1.940917e+00 1.218331e+01 8.451773e+02 1.116120e+04 1.93944 6.334439e-02
9.950000e-01 1.099670e+00 1.716704e+00 1.941793e+00 1.218850e+01 9.490086e+02 1.115071e+04 1.94198 7.115586e-02
9.940000e-01 1.099670e+00 1.717482e+00 1.942686e+00 1.219368e+01 1.042661e+03 1.114104e+04 1.94447 7.820719e-02
9.930000e-01 1.099670e+00 1.718263e+00 1.943586e+00 1.219886e+01 1.128389e+03 1.113200e+04 1.94693 8.466770e-02
9.920000e-01 1.099670e+00 1.719043e+00 1.944485e+00 1.220403e+01 1.207683e+03 1.112347e+04 1.94938 9.064918e-02
9.910000e-01 1.099670e+00 1.719818e+00 1.945377e+00 1.220920e+01 1.281573e+03 1.111536e+04 1.95182 9.622879e-02
9.900000e-01 1.099670e+00 1.720584e+00 1.946256e+00 1.221435e+01 1.350827e+03 1.110760e+04 1.95424 1.014643e-01
9.890000e-01 1.099670e+00 1.721343e+00 1.947124e+00 1.221952e+01 1.416254e+03 1.110013e+04 1.95666 1.064162e-01
9.880000e-01 1.099670e+00 1.722100e+00 1.947988e+00 1.222470e+01 1.478714e+03 1.109287e+04 1.95908 1.111491e-01
9.870000e-01 1.099670e+00 1.722862e+00 1.948859e+00 1.222991e+01 1.538938e+03 1.108577e+04 1.96151 1.157173e-01
9.860000e-01 1.099670e+00 1.723634e+00 1.949742e+00 1.223516e+01 1.597249e+03 1.107881e+04 1.96397 1.201445e-01
9.850000e-01 1.099670e+00 1.724413e+00 1.950635e+00 1.224043e+01 1.653726e+03 1.107198e+04 1.96643 1.244361e-01
9.840000e-01 1.099670e+00 1.725195e+00 1.951533e+00 1.224570e+01 1.708320e+03 1.106530e+04 1.96889 1.285885e-01
9.830000e-01 1.099670e+00 1.725977e+00 1.952430e+00 1.225097e+01 1.761050e+03 1.105876e+04 1.97135 1.326030e-01
9.820000e-01 1.099670e+00 1.726754e+00 1.953321e+00 1.225623e+01 1.811943e+03 1.105235e+04 1.97381 1.364821e-01
9.810000e-01 1.099670e+00 1.727524e+00 1.954201e+00 1.226149e+01 1.861057e+03 1.104609e+04 1.97625 1.402300e-01
9.800000e-01 1.099670e+00 1.728285e+00 1.955068e+00 1.226673e+01 1.908467e+03 1.103994e+04 1.97868 1.438526e-01
9.790000e-01 1.099670e+00 1.729037e+00 1.955922e+00 1.227197e+01 1.954402e+03 1.103390e+04 1.98111 1.473672e-01
9.780000e-01 1.099670e+00 1.729787e+00 1.956772e+00 1.227723e+01 1.999241e+03 1.102792e+04 1.98354 1.508025e-01
9.770000e-01 1.099670e+00 1.730542e+00 1.957626e+00 1.228253e+01 2.043293e+03 1.102198e+04 1.98599 1.541811e-01
9.760000e-01 1.099670e+00 1.731304e+00 1.958490e+00 1.228787e+01 2.086732e+03 1.101607e+04 1.98846 1.575156e-01
9.750000e-01 1.099670e+00 1.732077e+00 1.959367e+00 1.229325e+01 2.129578e+03 1.101019e+04 1.99094 1.608073e-01
9.740000e-01 1.099670e+00 1.732857e+00 1.960255e+00 1.229865e+01 2.171767e+03 1.100435e+04 1.99344 1.640511e-01
9.730000e-01 1.099670e+00 1.733643e+00 1.961150e+00 1.230406e+01 2.213258e+03 1.099856e+04 1.99595 1.672439e-01
9.720000e-01 1.099670e+00 1.734432e+00 1.962050e+00 1.230948e+01 2.253996e+03 1.099282e+04 1.99846 1.703815e-01
9.710000e-01 1.099670e+00 1.735222e+00 1.962951e+00 1.231491e+01 2.293933e+03 1.098714e+04 2.00098 1.734605e-01
9.700000e-01 1.099670e+00 1.736010e+00 1.963850e+00 1.232032e+01 2.333032e+03 1.098153e+04 2.00349 1.764781e-01
9.690000e-01 1.099670e+00 1.736796e+00 1.964745e+00 1.232574e+01 2.371334e+03 1.097597e+04 2.006 1.794377e-01
9.680000e-01 1.099670e+00 1.737582e+00 1.965641e+00 1.233117e+01 2.408992e+03 1.097045e+04 2.00852 1.823508e-01
9.670000e-01 1.099670e+00 1.738372e+00 1.966541e+00 1.233662e+01 2.446163e+03 1.096497e+04 2.01104 1.852290e-01
9.660000e-01 1.099670e+00 1.739167e+00 1.967448e+00 1.234210e+01 2.482907e+03 1.095950e+04 2.01359 1.880769e-01
9.650000e-01 1.099670e+00 1.739968e+00 1.968362e+00 1.234759e+01 2.519204e+03 1.095406e+04 2.01614 1.908925e-01
9.640000e-01 1.099670e+00 1.740772e+00 1.969281e+00 1.235310e+01 2.554989e+03 1.094865e+04 2.0187 1.936710e-01
9.630000e-01 1.099670e+00 1.741577e+00 1.970200e+00 1.235861e+01 2.590226e+03 1.094329e+04 2.02126 1.964097e-01
9.620000e-01 1.099670e+00 1.742380e+00 1.971118e+00 1.236412e+01 2.624868e+03 1.093796e+04 2.02383 1.991051e-01
9.610000e-01 1.099670e+00 1.743180e+00 1.972030e+00 1.236962e+01 2.658881e+03 1.093267e+04 2.02639 2.017549e-01
9.600000e-01 1.099670e+00 1.743975e+00 1.972935e+00 1.237512e+01 2.692252e+03 1.092743e+04 2.02894 2.043582e-01
9.590000e-01 1.099670e+00 1.744766e+00 1.973834e+00 1.238061e+01 2.725057e+03 1.092222e+04 2.0315 2.069209e-01
9.580000e-01 1.099670e+00 1.745556e+00 1.974731e+00 1.238613e+01 2.757459e+03 1.091702e+04 2.03406 2.094554e-01
9.570000e-01 1.099670e+00 1.746350e+00 1.975632e+00 1.239167e+01 2.789585e+03 1.091183e+04 2.03663 2.119710e-01
9.560000e-01 1.099670e+00 1.747151e+00 1.976542e+00 1.239725e+01 2.821493e+03 1.090663e+04 2.03922 2.144717e-01
9.550000e-01 1.099670e+00 1.747958e+00 1.977459e+00 1.240285e+01 2.853167e+03 1.090143e+04 2.04183 2.169562e-01
9.540000e-01 1.099670e+00 1.748770e+00 1.978384e+00 1.240847e+01 2.884564e+03 1.089625e+04 2.04445 2.194209e-01
9.530000e-01 1.099670e+00 1.749585e+00 1.979313e+00 1.241411e+01 2.915657e+03 1.089109e+04 2.04707 2.218638e-01
9.520000e-01 1.099670e+00 1.750404e+00 1.980246e+00 1.241975e+01 2.946414e+03 1.088594e+04 2.0497 2.242826e-01
9.510000e-01 1.099670e+00 1.751223e+00 1.981179e+00 1.242540e+01 2.976804e+03 1.088082e+04 2.05234 2.266750e-01
9.500000e-01 1.099670e+00 1.752041e+00 1.982111e+00 1.243105e+01 3.006795e+03 1.087572e+04 2.05497 2.290387e-01
9.490000e-01 1.099670e+00 1.752858e+00 1.983043e+00 1.243671e+01 3.036432e+03 1.087065e+04 2.05761 2.313772e-01
9.480000e-01 1.099670e+00 1.753678e+00 1.983976e+00 1.244239e+01 3.065798e+03 1.086558e+04 2.06026 2.336969e-01
9.470000e-01 1.099670e+00 1.754502e+00 1.984915e+00 1.244808e+01 3.094964e+03 1.086052e+04 2.06292 2.360028e-01
9.460000e-01 1.099670e+00 1.755331e+00 1.985860e+00 1.245381e+01 3.123928e+03 1.085545e+04 2.06559 2.382950e-01
9.450000e-01 1.099670e+00 1.756163e+00 1.986810e+00 1.245954e+01 3.152650e+03 1.085040e+04 2.06827 2.405700e-01
9.440000e-01 1.099670e+00 1.756998e+00 1.987762e+00 1.246529e+01 3.181084e+03 1.084536e+04 2.07096 2.428243e-01
9.430000e-01 1.099670e+00 1.757832e+00 1.988713e+00 1.247103e+01 3.209191e+03 1.084034e+04 2.07365 2.450551e-01
9.420000e-01 1.099670e+00 1.758664e+00 1.989662e+00 1.247677e+01 3.236939e+03 1.083534e+04 2.07634 2.472601e-01
9.410000e-01 1.099670e+00 1.759493e+00 1.990607e+00 1.248251e+01 3.264307e+03 1.083038e+04 2.07902 2.494378e-01
9.400000e-01 1.099670e+00 1.760318e+00 1.991545e+00 1.248824e+01 3.291309e+03 1.082543e+04 2.0817 2.515894e-01
9.390000e-01 1.099670e+00 1.761141e+00 1.992482e+00 1.249398e+01 3.318036e+03 1.082050e+04 2.08439 2.537220e-01
9.380000e-01 1.099670e+00 1.761968e+00 1.993420e+00 1.249975e+01 3.344591e+03 1.081557e+04 2.08708 2.558434e-01
9.370000e-01 1.099670e+00 1.762799e+00 1.994365e+00 1.250555e+01 3.371034e+03 1.081062e+04 2.0898 2.579578e-01
9.360000e-01 1.099670e+00 1.763636e+00 1.995318e+00 1.251137e+01 3.397373e+03 1.080567e+04 2.09252 2.600657e-01
9.350000e-01 1.099670e+00 1.764479e+00 1.996276e+00 1.251723e+01 3.423574e+03 1.080071e+04 2.09527 2.621644e-01
9.340000e-01 1.099670e+00 1.765325e+00 1.997240e+00 1.252310e+01 3.449607e+03 1.079576e+04 2.09802 2.642513e-01
9.330000e-01 1.099670e+00 1.766174e+00 1.998208e+00 1.252898e+01 3.475441e+03 1.079081e+04 2.10078 2.663242e-01
9.320000e-01 1.099670e+00 1.767024e+00 1.999177e+00 1.253487e+01 3.501052e+03 1.078588e+04 2.10354 2.683812e-01
9.310000e-01 1.099670e+00 1.767874e+00 2.000145e+00 1.254076e+01 3.526411e+03 1.078096e+04 2.10631 2.704203e-01
9.300000e-01 1.099670e+00 1.768724e+00 2.001113e+00 1.254666e+01 3.551533e+03 1.077605e+04 2.10908 2.724428e-01
9.290000e-01 1.099670e+00 1.769575e+00 2.002082e+00 1.255257e+01 3.576475e+03 1.077114e+04 2.11185 2.744530e-01
9.280000e-01 1.099670e+00 1.770429e+00 2.003055e+00 1.255851e+01 3.601295e+03 1.076623e+04 2.11464 2.764554e-01
9.270000e-01 1.099670e+00 1.771289e+00 2.004035e+00 1.256447e+01 3.626007e+03 1.076131e+04 2.11744 2.784509e-01
9.260000e-01 1.099670e+00 1.772152e+00 2.005019e+00 1.257045e+01 3.650586e+03 1.075639e+04 2.12025 2.804373e-01
9.250000e-01 1.099670e+00 1.773018e+00 2.006007e+00 1.257644e+01 3.674992e+03 1.075146e+04 2.12308 2.824117e-01
9.240000e-01 1.099670e+00 1.773885e+00 2.006995e+00 1.258245e+01 3.699192e+03 1.074655e+04 2.1259 2.843716e-01
9.230000e-01 1.099670e+00 1.774750e+00 2.007982e+00 1.258845e+01 3.723150e+03 1.074165e+04 2.12872 2.863141e-01
9.220000e-01 1.099670e+00 1.775613e+00 2.008965e+00 1.259444e+01 3.746848e+03 1.073677e+04 2.13155 2.882382e-01
9.210000e-01 1.099670e+00 1.776473e+00 2.009944e+00 1.260043e+01 3.770282e+03 1.073190e+04 2.13437 2.901436e-01
9.200000e-01 1.099670e+00 1.777332e+00 2.010920e+00 1.260643e+01 3.793521e+03 1.072704e+04 2.13719 2.920358e-01
9.190000e-01 1.099670e+00 1.778193e+00 2.011899e+00 1.261246e+01 3.816643e+03 1.072217e+04 2.14003 2.939206e-01
9.180000e-01 1.099670e+00 1.779059e+00 2.012884e+00 1.261851e+01 3.839690e+03 1.071728e+04 2.14288 2.958013e-01
9.170000e-01 1.099670e+00 1.779930e+00 2.013875e+00 1.262459e+01 3.862678e+03 1.071239e+04 2.14574 2.976788e-01
9.160000e-01 1.099670e+00 1.780806e+00 2.014872e+00 1.263070e+01 3.885577e+03 1.070748e+04 2.14862 2.995505e-01
9.150000e-01 1.099670e+00 1.781686e+00 2.015874e+00 1.263683e+01 3.908363e+03 1.070257e+04 2.15151 3.014145e-01
9.140000e-01 1.099670e+00 1.782568e+00 2.016879e+00 1.264297e+01 3.931005e+03 1.069766e+04 2.15441 3.032686e-01
9.130000e-01 1.099670e+00 1.783450e+00 2.017884e+00 1.264911e+01 3.953475e+03 1.069276e+04 2.15731 3.051105e-01
9.120000e-01 1.099670e+00 1.784333e+00 2.018889e+00 1.265526e+01 3.975755e+03 1.068787e+04 2.16021 3.069389e-01
9.110000e-01 1.099670e+00 1.785215e+00 2.019894e+00 1.266141e+01 3.997862e+03 1.068298e+04 2.16312 3.087552e-01
9.100000e-01 1.099670e+00 1.786098e+00 2.020900e+00 1.266758e+01 4.019839e+03 1.067809e+04 2.16603 3.105629e-01
9.090000e-01 1.099670e+00 1.786986e+00 2.021911e+00 1.267377e+01 4.041731e+03 1.067320e+04 2.16895 3.123654e-01
9.080000e-01 1.099670e+00 1.787877e+00 2.022927e+00 1.267998e+01 4.063545e+03 1.066830e+04 2.17189 3.141631e-01
9.070000e-01 1.099670e+00 1.788772e+00 2.023947e+00 1.268621e+01 4.085256e+03 1.066339e+04 2.17484 3.159540e-01
9.060000e-01 1.099670e+00 1.789669e+00 2.024970e+00 1.269246e+01 4.106842e+03 1.065848e+04 2.17779 3.177364e-01
9.050000e-01 1.099670e+00 1.790566e+00 2.025993e+00 1.269871e+01 4.128273e+03 1.065357e+04 2.18075 3.195079e-01
9.040000e-01 1.099670e+00 1.791463e+00 2.027015e+00 1.270497e+01 4.149520e+03 1.064868e+04 2.18371 3.212664e-01
9.030000e-01 1.099670e+00 1.792357e+00 2.028033e+00 1.271122e+01 4.170565e+03 1.064379e+04 2.18667 3.230107e-01
9.020000e-01 1.099670e+00 1.793249e+00 2.029048e+00 1.271747e+01 4.191422e+03 1.063891e+04 2.18963 3.247420e-01
9.010000e-01 1.099670e+00 1.794142e+00 2.030063e+00 1.272374e+01 4.212155e+03 1.063403e+04 2.1926 3.264653e-01
9.000000e-01 1.099670e+00 1.795037e+00 2.031082e+00 1.273003e+01 4.232817e+03 1.062914e+04 2.19558 3.281846e-01
8.990000e-01 1.099670e+00 1.795938e+00 2.032106e+00 1.273635e+01 4.253438e+03 1.062423e+04 2.19857 3.299022e-01
8.980000e-01 1.099670e+00 1.796843e+00 2.033137e+00 1.274271e+01 4.274016e+03 1.061931e+04 2.20158 3.316176e-01
8.970000e-01 1.099670e+00 1.797753e+00 2.034174e+00 1.274909e+01 4.294528e+03 1.061438e+04 2.2046 3.333291e-01
8.960000e-01 1.099670e+00 1.798667e+00 2.035214e+00 1.275549e+01 4.314952e+03 1.060943e+04 2.20764 3.350347e-01
8.950000e-01 1.099670e+00 1.799582e+00 2.036257e+00 1.276190e+01 4.335263e+03 1.060449e+04 2.21068 3.367325e-01
8.940000e-01 1.099670e+00 1.800498e+00 2.037301e+00 1.276832e+01 4.355437e+03 1.059955e+04 2.21372 3.384209e-01
8.930000e-01 1.099670e+00 1.801414e+00 2.038344e+00 1.277474e+01 4.375464e+03 1.059462e+04 2.21677 3.400989e-01
8.920000e-01 1.099670e+00 1.802330e+00 2.039388e+00 1.278117e+01 4.395372e+03 1.058968e+04 2.21982 3.417689e-01
8.910000e-01 1.099670e+00 1.803249e+00 2.040434e+00 1.278762e+01 4.415196e+03 1.058474e+04 2.22288 3.434336e-01
8.900000e-01 1.099670e+00 1.804171e+00 2.041485e+00 1.279410e+01 4.434960e+03 1.057979e+04 2.22596 3.450948e-01
8.890000e-01 1.099670e+00 1.805098e+00 2.042541e+00 1.280060e+01 4.454654e+03 1.057483e+04 2.22904 3.467517e-01
8.880000e-01 1.099670e+00 1.806026e+00 2.043599e+00 1.280711e+01 4.474252e+03 1.056986e+04 2.23214 3.484022e-01
8.870000e-01 1.099670e+00 1.806956e+00 2.044659e+00 1.281363e+01 4.493739e+03 1.056489e+04 2.23524 3.500451e-01
8.860000e-01 1.099670e+00 1.807886e+00 2.045719e+00 1.282016e+01 4.513087e+03 1.055993e+04 2.23834 3.516783e-01
8.850000e-01 1.099670e+00 1.808814e+00 2.046776e+00 1.282669e+01 4.532277e+03 1.055497e+04 2.24145 3.533004e-01
8.840000e-01 1.099670e+00 1.809740e+00 2.047830e+00 1.283322e+01 4.551304e+03 1.055002e+04 2.24455 3.549112e-01
8.830000e-01 1.099670e+00 1.810665e+00 2.048883e+00 1.283975e+01 4.570213e+03 1.054507e+04 2.24765 3.565143e-01
8.820000e-01 1.099670e+00 1.811593e+00 2.049939e+00 1.284631e+01 4.589053e+03 1.054011e+04 2.25077 3.581135e-01
8.810000e-01 1.099670e+00 1.812560e+00 2.051042e+00 1.285299e+01 4.607803e+03 1.053506e+04 2.25397 3.597040e-01
8.800000e-01 1.099670e+00 1.813497e+00 2.052109e+00 1.285962e+01 4.626576e+03 1.053007e+04 2.25712 3.613004e-01
8.790000e-01 1.099670e+00 1.814439e+00 2.053182e+00 1.286627e+01 4.645305e+03 1.052505e+04 2.26029 3.628945e-01
8.780000e-01 1.099670e+00 1.815384e+00 2.054258e+00 1.287294e+01 4.663973e+03 1.052003e+04 2.26346 3.644849e-01
8.770000e-01 1.099670e+00 1.816332e+00 2.055338e+00 1.287963e+01 4.682556e+03 1.051501e+04 2.26665 3.660696e-01
8.760000e-01 1.099670e+00 1.817281e+00 2.056419e+00 1.288633e+01 4.701036e+03 1.050998e+04 2.26984 3.676472e-01
8.750000e-01 1.099670e+00 1.818229e+00 2.057500e+00 1.289304e+01 4.719399e+03 1.050495e+04 2.27303 3.692168e-01
8.740000e-01 1.099670e+00 1.819179e+00 2.058582e+00 1.289975e+01 4.737661e+03 1.049992e+04 2.27623 3.707797e-01
8.730000e-01 1.099670e+00 1.820131e+00 2.059666e+00 1.290649e+01 4.755852e+03 1.049488e+04 2.27943 3.723381e-01
8.720000e-01 1.099670e+00 1.821086e+00 2.060755e+00 1.291325e+01 4.773994e+03 1.048983e+04 2.28265 3.738939e-01
8.710000e-01 1.099670e+00 1.822045e+00 2.061847e+00 1.292003e+01 4.792078e+03 1.048477e+04 2.28589 3.754461e-01
8.700000e-01 1.099670e+00 1.823006e+00 2.062943e+00 1.292683e+01 4.810087e+03 1.047970e+04 2.28913 3.769935e-01
8.690000e-01 1.099670e+00 1.823968e+00 2.064040e+00 1.293364e+01 4.828002e+03 1.047463e+04 2.29237 3.785345e-01
8.680000e-01 1.099670e+00 1.824931e+00 2.065137e+00 1.294046e+01 4.845806e+03 1.046955e+04 2.29562 3.800679e-01
8.670000e-01 1.099670e+00 1.825892e+00 2.066232e+00 1.294728e+01 4.863472e+03 1.046448e+04 2.29887 3.815917e-01
8.660000e-01 1.099670e+00 1.826851e+00 2.067324e+00 1.295410e+01 4.881004e+03 1.045942e+04 2.30212 3.831061e-01
8.650000e-01 1.099670e+00 1.827809e+00 2.068416e+00 1.296093e+01 4.898437e+03 1.045435e+04 2.30538 3.846142e-01
8.640000e-01 1.099670e+00 1.828771e+00 2.069509e+00 1.296779e+01 4.915814e+03 1.044927e+04 2.30865 3.861193e-01
8.630000e-01 1.099670e+00 1.829736e+00 2.070608e+00 1.297468e+01 4.933161e+03 1.044417e+04 2.31193 3.876232e-01
8.620000e-01 1.099670e+00 1.830706e+00 2.071713e+00 1.298159e+01 4.950482e+03 1.043906e+04 2.31523 3.891263e-01
8.610000e-01 1.099670e+00 1.831681e+00 2.072823e+00 1.298854e+01 4.967763e+03 1.043393e+04 2.31854 3.906273e-01
8.600000e-01 1.099670e+00 1.832658e+00 2.073937e+00 1.299551e+01 4.984993e+03 1.042878e+04 2.32186 3.921252e-01
8.590000e-01 1.099670e+00 1.833638e+00 2.075054e+00 1.300249e+01 5.002147e+03 1.042363e+04 2.32519 3.936181e-01
8.580000e-01 1.099670e+00 1.834619e+00 2.076171e+00 1.300949e+01 5.019215e+03 1.041848e+04 2.32853 3.951052e-01
8.570000e-01 1.099670e+00 1.835600e+00 2.077289e+00 1.301650e+01 5.036186e+03 1.041332e+04 2.33187 3.965857e-01
8.560000e-01 1.099670e+00 1.836583e+00 2.078409e+00 1.302352e+01 5.053079e+03 1.040816e+04 2.33522 3.980611e-01
8.550000e-01 1.099670e+00 1.837568e+00 2.079531e+00 1.303056e+01 5.069918e+03 1.040298e+04 2.33858 3.995335e-01
8.540000e-01 1.099670e+00 1.838556e+00 2.080658e+00 1.303763e+01 5.086714e+03 1.039779e+04 2.34195 4.010035e-01
8.530000e-01 1.099670e+00 1.839548e+00 2.081788e+00 1.304472e+01 5.103458e+03 1.039259e+04 2.34533 4.024704e-01
8.520000e-01 1.099670e+00 1.840542e+00 2.082922e+00 1.305183e+01 5.120132e+03 1.038739e+04 2.34872 4.039328e-01
8.510000e-01 1.099670e+00 1.841537e+00 2.084055e+00 1.305895e+01 5.136723e+03 1.038217e+04 2.35212 4.053896e-01
8.500000e-01 1.099670e+00 1.842531e+00 2.085189e+00 1.306607e+01 5.153209e+03 1.037696e+04 2.35552 4.068391e-01
8.490000e-01 1.099670e+00 1.843524e+00 2.086320e+00 1.307320e+01 5.169574e+03 1.037175e+04 2.35892 4.082802e-01
8.480000e-01 1.099670e+00 1.844515e+00 2.087449e+00 1.308033e+01 5.185829e+03 1.036654e+04 2.36233 4.097140e-01
8.470000e-01 1.099670e+00 1.845507e+00 2.088579e+00 1.308748e+01 5.202017e+03 1.036132e+04 2.36574 4.111437e-01
8.460000e-01 1.099670e+00 1.846503e+00 2.089712e+00 1.309466e+01 5.218165e+03 1.035609e+04 2.36916 4.125716e-01
8.450000e-01 1.099670e+00 1.847503e+00 2.090851e+00 1.310187e+01 5.234290e+03 1.035083e+04 2.3726 4.139988e-01
8.440000e-01 1.099670e+00 1.848507e+00 2.091995e+00 1.310911e+01 5.250389e+03 1.034556e+04 2.37605 4.154251e-01
8.430000e-01 1.099670e+00 1.849515e+00 2.093143e+00 1.311638e+01 5.266447e+03 1.034027e+04 2.37952 4.168490e-01
8.420000e-01 1.099670e+00 1.850525e+00 2.094295e+00 1.312367e+01 5.282449e+03 1.033497e+04 2.383 4.182693e-01
8.410000e-01 1.099670e+00 1.851537e+00 2.095448e+00 1.313098e+01 5.298379e+03 1.032967e+04 2.38648 4.196850e-01
8.400000e-01 1.099670e+00 1.852550e+00 2.096603e+00 1.313829e+01 5.314232e+03 1.032436e+04 2.38997 4.210954e-01
8.390000e-01 1.099670e+00 1.853564e+00 2.097758e+00 1.314562e+01 5.330002e+03 1.031904e+04 2.39347 4.225004e-01
8.380000e-01 1.099670e+00 1.854579e+00 2.098915e+00 1.315297e+01 5.345721e+03 1.031371e+04 2.39697 4.239023e-01
8.370000e-01 1.099670e+00 1.855598e+00 2.100077e+00 1.316035e+01 5.361398e+03 1.030837e+04 2.40049 4.253021e-01
8.360000e-01 1.099670e+00 1.856620e+00 2.101241e+00 1.316775e+01 5.377032e+03 1.030301e+04 2.40402 4.266994e-01
8.350000e-01 1.099670e+00 1.857644e+00 2.102410e+00 1.317517e+01 5.392615e+03 1.029765e+04 2.40756 4.280935e-01
8.340000e-01 1.099670e+00 1.858670e+00 2.103580e+00 1.318261e+01 5.408123e+03 1.029227e+04 2.41111 4.294828e-01
8.330000e-01 1.099670e+00 1.859696e+00 2.104750e+00 1.319005e+01 5.423549e+03 1.028690e+04 2.41466 4.308665e-01
8.320000e-01 1.099670e+00 1.860721e+00 2.105918e+00 1.319751e+01 5.438866e+03 1.028152e+04 2.41821 4.322427e-01
8.310000e-01 1.099670e+00 1.861744e+00 2.107084e+00 1.320496e+01 5.454083e+03 1.027615e+04 2.42177 4.336121e-01
8.300000e-01 1.099670e+00 1.862768e+00 2.108251e+00 1.321243e+01 5.469228e+03 1.027076e+04 2.42533 4.349771e-01
8.290000e-01 1.099670e+00 1.863794e+00 2.109420e+00 1.321993e+01 5.484332e+03 1.026537e+04 2.4289 4.363401e-01
8.280000e-01 1.099670e+00 1.864825e+00 2.110593e+00 1.322746e+01 5.499415e+03 1.025995e+04 2.43249 4.377025e-01
8.270000e-01 1.099670e+00 1.865860e+00 2.111773e+00 1.323503e+01 5.514473e+03 1.025451e+04 2.4361 4.390641e-01
8.260000e-01 1.099670e+00 1.866898e+00 2.112956e+00 1.324262e+01 5.529497e+03 1.024905e+04 2.43971 4.404239e-01
8.250000e-01 1.099670e+00 1.867939e+00 2.114144e+00 1.325024e+01 5.544473e+03 1.024358e+04 2.44334 4.417807e-01
8.240000e-01 1.099670e+00 1.868982e+00 2.115333e+00 1.325787e+01 5.559390e+03 1.023811e+04 2.44698 4.431337e-01
8.230000e-01 1.099670e+00 1.870026e+00 2.116523e+00 1.326552e+01 5.574237e+03 1.023262e+04 2.45062 4.444820e-01
8.220000e-01 1.099670e+00 1.871070e+00 2.117714e+00 1.327318e+01 5.589012e+03 1.022713e+04 2.45427 4.458256e-01
8.210000e-01 1.099670e+00 1.872116e+00 2.118907e+00 1.328086e+01 5.603735e+03 1.022162e+04 2.45793 4.471662e-01
8.200000e-01 1.099670e+00 1.873166e+00 2.120104e+00 1.328858e+01 5.618422e+03 1.021610e+04 2.4616 4.485049e-01
8.190000e-01 1.099670e+00 1.874218e+00 2.121304e+00 1.329631e+01 5.633071e+03 1.021057e+04 2.46529 4.498415e-01
8.180000e-01 1.099670e+00 1.875273e+00 2.122508e+00 1.330407e+01 5.647671e+03 1.020502e+04 2.46898 4.511750e-01
8.170000e-01 1.099670e+00 1.876329e+00 2.123713e+00 1.331185e+01 5.662210e+03 1.019946e+04 2.47268 4.525046e-01
8.160000e-01 1.099670e+00 1.877386e+00 2.124918e+00 1.331964e+01 5.676669e+03 1.019389e+04 2.47639 4.538288e-01
8.150000e-01 1.099670e+00 1.878441e+00 2.126122e+00 1.332744e+01 5.691036e+03 1.018833e+04 2.48009 4.551465e-01
8.140000e-01 1.099670e+00 1.879495e+00 2.127323e+00 1.333524e+01 5.705311e+03 1.018276e+04 2.4838 4.564581e-01
8.130000e-01 1.099670e+00 1.880549e+00 2.128524e+00 1.334305e+01 5.719523e+03 1.017718e+04 2.48752 4.577658e-01
8.120000e-01 1.099670e+00 1.881606e+00 2.129729e+00 1.335090e+01 5.733701e+03 1.017158e+04 2.49124 4.590720e-01
8.110000e-01 1.099670e+00 1.882667e+00 2.130938e+00 1.335878e+01 5.747857e+03 1.016597e+04 2.49499 4.603776e-01
8.100000e-01 1.099670e+00 1.883732e+00 2.132153e+00 1.336670e+01 5.761992e+03 1.016033e+04 2.49874 4.616824e-01
8.090000e-01 1.099670e+00 1.884801e+00 2.133371e+00 1.337464e+01 5.776092e+03 1.015467e+04 2.50251 4.629853e-01
8.080000e-01 1.099670e+00 1.885871e+00 2.134592e+00 1.338261e+01 5.790148e+03 1.014899e+04 2.5063 4.642856e-01
8.070000e-01 1.099670e+00 1.886944e+00 2.135816e+00 1.339060e+01 5.804152e+03 1.014331e+04 2.51009 4.655824e-01
8.060000e-01 1.099670e+00 1.888018e+00 2.137040e+00 1.339861e+01 5.818089e+03 1.013761e+04 2.51388 4.668749e-01
8.050000e-01 1.099670e+00 1.889092e+00 2.138265e+00 1.340663e+01 5.831964e+03 1.013191e+04 2.51768 4.681632e-01
8.040000e-01 1.099670e+00 1.890168e+00 2.139493e+00 1.341468e+01 5.845798e+03 1.012618e+04 2.5215 4.694492e-01
8.030000e-01 1.099670e+00 1.891247e+00 2.140724e+00 1.342275e+01 5.859599e+03 1.012045e+04 2.52532 4.707335e-01
8.020000e-01 1.099670e+00 1.892329e+00 2.141958e+00 1.343085e+01 5.873362e+03 1.011469e+04 2.52916 4.720156e-01
8.010000e-01 1.099670e+00 1.893413e+00 2.143195e+00 1.343898e+01 5.887076e+03 1.010892e+04 2.533 4.732947e-01
8.000000e-01 1.099670e+00 1.894498e+00 2.144433e+00 1.344712e+01 5.900730e+03 1.010313e+04 2.53685 4.745698e-01
7.990000e-01 1.099670e+00 1.895583e+00 2.145670e+00 1.345528e+01 5.914306e+03 1.009735e+04 2.54071 4.758395e-01
7.980000e-01 1.099670e+00 1.896666e+00 2.146906e+00 1.346344e+01 5.927795e+03 1.009156e+04 2.54457 4.771031e-01
7.970000e-01 1.099670e+00 1.897748e+00 2.148140e+00 1.347161e+01 5.941206e+03 1.008576e+04 2.54842 4.783616e-01
7.960000e-01 1.099670e+00 1.898832e+00 2.149375e+00 1.347980e+01 5.954573e+03 1.007995e+04 2.55229 4.796177e-01
7.950000e-01 1.099670e+00 1.899919e+00 2.150614e+00 1.348803e+01 5.967911e+03 1.007411e+04 2.55618 4.808727e-01
7.940000e-01 1.099670e+00 1.901009e+00 2.151857e+00 1.349630e+01 5.981229e+03 1.006826e+04 2.56007 4.821270e-01
7.930000e-01 1.099670e+00 1.902104e+00 2.153105e+00 1.350459e+01 5.994523e+03 1.006237e+04 2.56398 4.833802e-01
7.920000e-01 1.099670e+00 1.903201e+00 2.154356e+00 1.351292e+01 6.007780e+03 1.005647e+04 2.56791 4.846313e-01
7.910000e-01 1.099670e+00 1.904300e+00 2.155610e+00 1.352127e+01 6.020995e+03 1.005056e+04 2.57184 4.858797e-01
7.900000e-01 1.099670e+00 1.905400e+00 2.156866e+00 1.352965e+01 6.034154e+03 1.004463e+04 2.57578 4.871244e-01
7.890000e-01 1.099670e+00 1.906501e+00 2.158121e+00 1.353804e+01 6.047253e+03 1.003869e+04 2.57972 4.883651e-01
7.880000e-01 1.099670e+00 1.907604e+00 2.159379e+00 1.354645e+01 6.060305e+03 1.003273e+04 2.58368 4.896029e-01
7.870000e-01 1.099670e+00 1.908743e+00 2.160682e+00 1.355499e+01 6.073284e+03 1.002668e+04 2.58771 4.908299e-01
7.860000e-01 1.099670e+00 1.909852e+00 2.161946e+00 1.356346e+01 6.086270e+03 1.002068e+04 2.59168 4.920638e-01
7.850000e-01 1.099670e+00 1.910962e+00 2.163212e+00 1.357196e+01 6.099215e+03 1.001466e+04 2.59567 4.932953e-01
7.840000e-01 1.099670e+00 1.912073e+00 2.164480e+00 1.358049e+01 6.112107e+03 1.000863e+04 2.59967 4.945234e-01
7.830000e-01 1.099670e+00 1.913184e+00 2.165748e+00 1.358902e+01 6.124934e+03 1.000259e+04 2.60366 4.957469e-01
7.820000e-01 1.099670e+00 1.914294e+00 2.167013e+00 1.359757e+01 6.137681e+03 9.996541e+03 2.60766 4.969648e-01
7.810000e-01 1.099670e+00 1.915402e+00 2.168276e+00 1.360612e+01 6.150352e+03 9.990486e+03 2.61166 4.981775e-01
7.800000e-01 1.099670e+00 1.916511e+00 2.169540e+00 1.361469e+01 6.162969e+03 9.984418e+03 2.61567 4.993868e-01
7.790000e-01 1.099670e+00 1.917622e+00 2.170807e+00 1.362330e+01 6.175557e+03 9.978327e+03 2.61969 5.005949e-01
7.780000e-01 1.099670e+00 1.918737e+00 2.172078e+00 1.363195e+01 6.188121e+03 9.972210e+03 2.62372 5.018022e-01
7.770000e-01 1.099670e+00 1.919855e+00 2.173353e+00 1.364063e+01 6.200665e+03 9.966067e+03 2.62777 5.030085e-01
7.760000e-01 1.099670e+00 1.920976e+00 2.174632e+00 1.364935e+01 6.213177e+03 9.959902e+03 2.63183 5.042130e-01
7.750000e-01 1.099670e+00 1.922100e+00 2.175913e+00 1.365809e+01 6.225647e+03 9.953718e+03 2.6359 5.054150e-01
7.740000e-01 1.099670e+00 1.923225e+00 2.177196e+00 1.366686e+01 6.238070e+03 9.947518e+03 2.63997 5.066138e-01
7.730000e-01 1.099670e+00 1.924350e+00 2.178480e+00 1.367565e+01 6.250438e+03 9.941304e+03 2.64406 5.078090e-01
7.720000e-01 1.099670e+00 1.925476e+00 2.179764e+00 1.368446e+01 6.262752e+03 9.935076e+03 2.64815 5.090007e-01
7.710000e-01 1.099670e+00 1.926605e+00 2.181051e+00 1.369330e+01 6.275034e+03 9.928826e+03 2.65225 5.101906e-01
7.700000e-01 1.099670e+00 1.927736e+00 2.182342e+00 1.370217e+01 6.287288e+03 9.922554e+03 2.65636 5.113791e-01
7.690000e-01 1.099670e+00 1.928870e+00 2.183636e+00 1.371108e+01 6.299500e+03 9.916261e+03 2.66049 5.125650e-01
7.680000e-01 1.099670e+00 1.930005e+00 2.184930e+00 1.372001e+01 6.311662e+03 9.909952e+03 2.66462 5.137476e-01
7.670000e-01 1.099670e+00 1.931139e+00 2.186225e+00 1.372895e+01 6.323764e+03 9.903632e+03 2.66876 5.149259e-01
7.660000e-01 1.099670e+00 1.932272e+00 2.187517e+00 1.373791e+01 6.335788e+03 9.897305e+03 2.67289 5.160989e-01
7.650000e-01 1.099670e+00 1.933404e+00 2.188808e+00 1.374688e+01 6.347743e+03 9.890970e+03 2.67703 5.172670e-01
7.640000e-01 1.099670e+00 1.934536e+00 2.190099e+00 1.375587e+01 6.359642e+03 9.884622e+03 2.68118 5.184317e-01
7.630000e-01 1.099670e+00 1.935670e+00 2.191392e+00 1.376489e+01 6.371511e+03 9.878248e+03 2.68533 5.195951e-01
7.620000e-01 1.099670e+00 1.936808e+00 2.192689e+00 1.377396e+01 6.383359e+03 9.871846e+03 2.6895 5.207577e-01
7.610000e-01 1.099670e+00 1.937949e+00 2.193990e+00 1.378306e+01 6.395182e+03 9.865420e+03 2.69369 5.219190e-01
7.600000e-01 1.099670e+00 1.939092e+00 2.195295e+00 1.379220e+01 6.406972e+03 9.858968e+03 2.69789 5.230786e-01
7.590000e-01 1.099670e+00 1.940238e+00 2.196602e+00 1.380137e+01 6.418723e+03 9.852496e+03 2.7021 5.242357e-01
7.580000e-01 1.099670e+00 1.941385e+00 2.197910e+00 1.381057e+01 6.430425e+03 9.846008e+03 2.70631 5.253895e-01
7.570000e-01 1.099670e+00 1.942532e+00 2.199220e+00 1.381979e+01 6.442078e+03 9.839504e+03 2.71053 5.265401e-01
7.560000e-01 1.099670e+00 1.943680e+00 2.200529e+00 1.382904e+01 6.453679e+03 9.832982e+03 2.71476 5.276874e-01
7.550000e-01 1.099670e+00 1.944830e+00 2.201842e+00 1.383832e+01 6.465249e+03 9.826438e+03 2.719 5.288329e-01
7.540000e-01 1.099670e+00 1.945984e+00 2.203159e+00 1.384763e+01 6.476791e+03 9.819870e+03 2.72325 5.299769e-01
7.530000e-01 1.099670e+00 1.947138e+00 2.204476e+00 1.385698e+01 6.488289e+03 9.813279e+03 2.72752 5.311182e-01
7.520000e-01 1.099670e+00 1.948293e+00 2.205795e+00 1.386635e+01 6.499735e+03 9.806674e+03 2.73178 5.322560e-01
7.510000e-01 1.099670e+00 1.949448e+00 2.207113e+00 1.387574e+01 6.511118e+03 9.800057e+03 2.73606 5.333894e-01
7.500000e-01 1.099670e+00 1.950602e+00 2.208430e+00 1.388514e+01 6.522429e+03 9.793434e+03 2.74033 5.345178e-01
7.490000e-01 1.099670e+00 1.951754e+00 2.209744e+00 1.389456e+01 6.533672e+03 9.786800e+03 2.7446 5.356415e-01
7.480000e-01 1.099670e+00 1.952906e+00 2.211059e+00 1.390401e+01 6.544870e+03 9.780147e+03 2.74889 5.367626e-01
7.470000e-01 1.099670e+00 1.954061e+00 2.212376e+00 1.391349e+01 6.556041e+03 9.773467e+03 2.75318 5.378824e-01
7.460000e-01 1.099670e+00 1.955219e+00 2.213699e+00 1.392302e+01 6.567189e+03 9.766758e+03 2.75749 5.390013e-01
7.450000e-01 1.099670e+00 1.956380e+00 2.215023e+00 1.393259e+01 6.578308e+03 9.760019e+03 2.76181 5.401186e-01
7.440000e-01 1.099670e+00 1.957543e+00 2.216350e+00 1.394220e+01 6.589395e+03 9.753254e+03 2.76614 5.412339e-01
7.430000e-01 1.099670e+00 1.958707e+00 2.217680e+00 1.395184e+01 6.600441e+03 9.746467e+03 2.77048 5.423464e-01
7.420000e-01 1.099670e+00 1.959872e+00 2.219010e+00 1.396151e+01 6.611437e+03 9.739661e+03 2.77483 5.434555e-01
7.410000e-01 1.099670e+00 1.961037e+00 2.220339e+00 1.397120e+01 6.622384e+03 9.732835e+03 2.77918 5.445613e-01
7.400000e-01 1.099670e+00 1.962203e+00 2.221671e+00 1.398092e+01 6.633294e+03 9.725986e+03 2.78354 5.456647e-01
7.390000e-01 1.099670e+00 1.963371e+00 2.223004e+00 1.399069e+01 6.644169e+03 9.719110e+03 2.78791 5.467661e-01
7.380000e-01 1.099670e+00 1.964542e+00 2.224341e+00 1.400049e+01 6.655014e+03 9.712208e+03 2.79229 5.478657e-01
7.370000e-01 1.099670e+00 1.965713e+00 2.225679e+00 1.401032e+01 6.665813e+03 9.705283e+03 2.79668 5.489620e-01
7.360000e-01 1.099670e+00 1.966884e+00 2.227016e+00 1.402018e+01 6.676555e+03 9.698343e+03 2.80107 5.500545e-01
7.350000e-01 1.099670e+00 1.968053e+00 2.228351e+00 1.403005e+01 6.687231e+03 9.691390e+03 2.80546 5.511420e-01
7.340000e-01 1.099670e+00 1.969221e+00 2.229684e+00 1.403993e+01 6.697838e+03 9.684428e+03 2.80985 5.522248e-01
7.330000e-01 1.099670e+00 1.970388e+00 2.231015e+00 1.404984e+01 6.708390e+03 9.677448e+03 2.81424 5.533038e-01
7.320000e-01 1.099670e+00 1.971556e+00 2.232348e+00 1.405979e+01 6.718911e+03 9.670439e+03 2.81865 5.543811e-01
7.310000e-01 1.099670e+00 1.972726e+00 2.233684e+00 1.406978e+01 6.729405e+03 9.663397e+03 2.82306 5.554572e-01
7.300000e-01 1.099670e+00 1.973899e+00 2.235023e+00 1.407982e+01 6.739874e+03 9.656323e+03 2.82749 5.565316e-01
7.290000e-01 1.099670e+00 1.975074e+00 2.236364e+00 1.408990e+01 6.750311e+03 9.649219e+03 2.83193 5.576042e-01
7.280000e-01 1.099670e+00 1.976250e+00 2.237708e+00 1.410002e+01 6.760711e+03 9.642087e+03 2.83637 5.586743e-01
7.270000e-01 1.099670e+00 1.977427e+00 2.239051e+00 1.411017e+01 6.771064e+03 9.634932e+03 2.84082 5.597409e-01
7.260000e-01 1.099670e+00 1.978604e+00 2.240394e+00 1.412035e+01 6.781368e+03 9.627756e+03 2.84528 5.608042e-01
7.250000e-01 1.099670e+00 1.979814e+00 2.241779e+00 1.413066e+01 6.791598e+03 9.620478e+03 2.8498 5.618548e-01
7.240000e-01 1.099670e+00 1.980994e+00 2.243126e+00 1.414091e+01 6.801826e+03 9.613246e+03 2.85427 5.629129e-01
7.230000e-01 1.099670e+00 1.982174e+00 2.244475e+00 1.415121e+01 6.812024e+03 9.605983e+03 2.85875 5.639693e-01
7.220000e-01 1.099670e+00 1.983355e+00 2.245824e+00 1.416154e+01 6.822178e+03 9.598696e+03 2.86323 5.650225e-01
7.210000e-01 1.099670e+00 1.984536e+00 2.247173e+00 1.417189e+01 6.832279e+03 9.591389e+03 2.86772 5.660719e-01
7.200000e-01 1.099670e+00 1.985716e+00 2.248520e+00 1.418227e+01 6.842317e+03 9.584066e+03 2.87221 5.671168e-01
7.190000e-01 1.099670e+00 1.986893e+00 2.249864e+00 1.419266e+01 6.852287e+03 9.576731e+03 2.8767 5.681567e-01
7.180000e-01 1.099670e+00 1.988068e+00 2.251205e+00 1.420308e+01 6.862199e+03 9.569379e+03 2.88118 5.691924e-01
7.170000e-01 1.099670e+00 1.989244e+00 2.252547e+00 1.421354e+01 6.872076e+03 9.561996e+03 2.88568 5.702261e-01
7.160000e-01 1.099670e+00 1.990422e+00 2.253893e+00 1.422405e+01 6.881924e+03 9.554580e+03 2.89019 5.712583e-01
7.150000e-01 1.099670e+00 1.991602e+00 2.255240e+00 1.423460e+01 6.891742e+03 9.547129e+03 2.8947 5.722887e-01
7.140000e-01 1.099670e+00 1.992785e+00 2.256591e+00 1.424520e+01 6.901530e+03 9.539647e+03 2.89923 5.733173e-01
7.130000e-01 1.099670e+00 1.993967e+00 2.257941e+00 1.425585e+01 6.911279e+03 9.532132e+03 2.90377 5.743430e-01
7.120000e-01 1.099670e+00 1.995150e+00 2.259293e+00 1.426652e+01 6.920981e+03 9.524592e+03 2.90831 5.753654e-01
7.110000e-01 1.099670e+00 1.996333e+00 2.260643e+00 1.427723e+01 6.930638e+03 9.517027e+03 2.91285 5.763843e-01
7.100000e-01 1.099670e+00 1.997515e+00 2.261994e+00 1.428798e+01 6.940249e+03 9.509434e+03 2.91739 5.774001e-01
7.090000e-01 1.099670e+00 1.998698e+00 2.263345e+00 1.429877e+01 6.949825e+03 9.501808e+03 2.92194 5.784136e-01
7.080000e-01 1.099670e+00 1.999883e+00 2.264699e+00 1.430960e+01 6.959374e+03 9.494146e+03 2.9265 5.794251e-01
7.070000e-01 1.099670e+00 2.001067e+00 2.266053e+00 1.432048e+01 6.968876e+03 9.486456e+03 2.93107 5.804332e-01
7.060000e-01 1.099670e+00 2.002250e+00 2.267404e+00 1.433138e+01 6.978320e+03 9.478743e+03 2.93563 5.814371e-01
7.050000e-01 1.099670e+00 2.003432e+00 2.268755e+00 1.434231e+01 6.987711e+03 9.471011e+03 2.94019 5.824366e-01
7.040000e-01 1.099670e+00 2.004611e+00 2.270101e+00 1.435326e+01 6.997031e+03 9.463264e+03 2.94475 5.834308e-01
7.030000e-01 1.099670e+00 2.005786e+00 2.271442e+00 1.436423e+01 7.006289e+03 9.455494e+03 2.94931 5.844208e-01
7.020000e-01 1.099670e+00 2.006964e+00 2.272787e+00 1.437526e+01 7.015525e+03 9.447689e+03 2.95387 5.854089e-01
7.010000e-01 1.099670e+00 2.008142e+00 2.274132e+00 1.438633e+01 7.024725e+03 9.439843e+03 2.95844 5.863949e-01
7.000000e-01 1.099670e+00 2.009320e+00 2.275477e+00 1.439745e+01 7.033892e+03 9.431957e+03 2.96301 5.873786e-01
6.990000e-01 1.099670e+00 2.010500e+00 2.276825e+00 1.440863e+01 7.043031e+03 9.424033e+03 2.96759 5.883601e-01
6.980000e-01 1.099670e+00 2.011680e+00 2.278172e+00 1.441985e+01 7.052128e+03 9.416073e+03 2.97218 5.893383e-01
6.970000e-01 1.099670e+00 2.012859e+00 2.279519e+00 1.443110e+01 7.061177e+03 9.408084e+03 2.97676 5.903128e-01
6.960000e-01 1.099670e+00 2.014036e+00 2.280863e+00 1.444240e+01 7.070178e+03 9.400064e+03 2.98135 5.912837e-01
6.950000e-01 1.099670e+00 2.015214e+00 2.282208e+00 1.445373e+01 7.079141e+03 9.392012e+03 2.98594 5.922514e-01
6.940000e-01 1.099670e+00 2.016391e+00 2.283552e+00 1.446512e+01 7.088067e+03 9.383918e+03 2.99053 5.932166e-01
6.930000e-01 1.099670e+00 2.017568e+00 2.284898e+00 1.447655e+01 7.096960e+03 9.375784e+03 2.99512 5.941789e-01
6.920000e-01 1.099670e+00 2.018745e+00 2.286241e+00 1.448803e+01 7.105804e+03 9.367619e+03 2.99971 5.951374e-01
6.910000e-01 1.099670e+00 2.019920e+00 2.287583e+00 1.449953e+01 7.114592e+03 9.359429e+03 3.0043 5.960914e-01
6.900000e-01 1.099670e+00 2.021090e+00 2.288920e+00 1.451106e+01 7.123315e+03 9.351217e+03 3.00889 5.970402e-01
6.890000e-01 1.099670e+00 2.022259e+00 2.290253e+00 1.452261e+01 7.131977e+03 9.342985e+03 3.01346 5.979840e-01
6.880000e-01 1.099670e+00 2.023423e+00 2.291582e+00 1.453420e+01 7.140586e+03 9.334720e+03 3.01803 5.989239e-01
6.870000e-01 1.099670e+00 2.024589e+00 2.292912e+00 1.454585e+01 7.149164e+03 9.326415e+03 3.02261 5.998616e-01
6.860000e-01 1.099670e+00 2.025755e+00 2.294243e+00 1.455755e+01 7.157712e+03 9.318061e+03 3.02719 6.007970e-01
6.850000e-01 1.099670e+00 2.026921e+00 2.295574e+00 1.456931e+01 7.166226e+03 9.309665e+03 3.03178 6.017296e-01
6.840000e-01 1.099670e+00 2.028117e+00 2.296941e+00 1.458122e+01 7.174669e+03 9.301144e+03 3.03641 6.026487e-01
6.830000e-01 1.099670e+00 2.029282e+00 2.298272e+00 1.459308e+01 7.183100e+03 9.292664e+03 3.041 6.035742e-01
6.820000e-01 1.099670e+00 2.030446e+00 2.299600e+00 1.460498e+01 7.191480e+03 9.284157e+03 3.04558 6.044958e-01
6.810000e-01 1.099670e+00 2.031607e+00 2.300925e+00 1.461692e+01 7.199810e+03 9.275614e+03 3.05016 6.054135e-01
6.800000e-01 1.099670e+00 2.032767e+00 2.302250e+00 1.462891e+01 7.208105e+03 9.267029e+03 3.05474 6.063285e-01
6.790000e-01 1.099670e+00 2.033928e+00 2.303575e+00 1.464096e+01 7.216363e+03 9.258400e+03 3.05933 6.072404e-01
6.780000e-01 1.099670e+00 2.035087e+00 2.304899e+00 1.465306e+01 7.224575e+03 9.249734e+03 3.06391 6.081485e-01
6.770000e-01 1.099670e+00 2.036243e+00 2.306220e+00 1.466520e+01 7.232733e+03 9.241037e+03 3.06849 6.090523e-01
6.760000e-01 1.099670e+00 2.037397e+00 2.307537e+00 1.467737e+01 7.240828e+03 9.232317e+03 3.07306 6.099510e-01
6.750000e-01 1.099670e+00 2.038546e+00 2.308849e+00 1.468956e+01 7.248856e+03 9.223576e+03 3.07762 6.108444e-01
6.740000e-01 1.099670e+00 2.039692e+00 2.310156e+00 1.470179e+01 7.256823e+03 9.214809e+03 3.08218 6.117331e-01
6.730000e-01 1.099670e+00 2.040837e+00 2.311463e+00 1.471407e+01 7.264751e+03 9.206000e+03 3.08673 6.126190e-01
6.720000e-01 1.099670e+00 2.041981e+00 2.312770e+00 1.472642e+01 7.272642e+03 9.197145e+03 3.09129 6.135023e-01
6.710000e-01 1.099670e+00 2.043125e+00 2.314076e+00 1.473883e+01 7.280496e+03 9.188244e+03 3.09586 6.143827e-01
6.700000e-01 1.099670e+00 2.044269e+00 2.315382e+00 1.475130e+01 7.288310e+03 9.179299e+03 3.10042 6.152599e-01
6.690000e-01 1.099670e+00 2.045411e+00 2.316687e+00 1.476382e+01 7.296077e+03 9.170313e+03 3.10498 6.161333e-01
6.680000e-01 1.099670e+00 2.046550e+00 2.317988e+00 1.477639e+01 7.303793e+03 9.161291e+03 3.10954 6.170024e-01
6.670000e-01 1.099670e+00 2.047687e+00 2.319287e+00 1.478901e+01 7.311457e+03 9.152234e+03 3.11409 6.178673e-01
6.660000e-01 1.099670e+00 2.048823e+00 2.320585e+00 1.480168e+01 7.319077e+03 9.143137e+03 3.11864 6.187290e-01
6.650000e-01 1.099670e+00 2.049957e+00 2.321881e+00 1.481441e+01 7.326657e+03 9.133990e+03 3.12319 6.195873e-01
6.640000e-01 1.099670e+00 2.051089e+00 2.323176e+00 1.482721e+01 7.334193e+03 9.124799e+03 3.12774 6.204417e-01
6.630000e-01 1.099670e+00 2.052218e+00 2.324466e+00 1.484005e+01 7.341672e+03 9.115573e+03 3.13228 6.212913e-01
6.620000e-01 1.099670e+00 2.053344e+00 2.325752e+00 1.485292e+01 7.349089e+03 9.106319e+03 3.13681 6.221356e-01
6.610000e-01 1.099670e+00 2.054464e+00 2.327032e+00 1.486583e+01 7.356440e+03 9.097038e+03 3.14132 6.229744e-01
6.600000e-01 1.099670e+00 2.055579e+00 2.328306e+00 1.487877e+01 7.363726e+03 9.087729e+03 3.14582 6.238078e-01
6.590000e-01 1.099670e+00 2.056691e+00 2.329577e+00 1.489177e+01 7.370967e+03 9.078373e+03 3.15032 6.246376e-01
6.580000e-01 1.099670e+00 2.057802e+00 2.330846e+00 1.490484e+01 7.378171e+03 9.068965e+03 3.15481 6.254643e-01
6.570000e-01 1.099670e+00 2.058911e+00 2.332113e+00 1.491798e+01 7.385334e+03 9.059502e+03 3.1593 6.262874e-01
6.560000e-01 1.099670e+00 2.060018e+00 2.333378e+00 1.493118e+01 7.392454e+03 9.049985e+03 3.16379 6.271064e-01
6.550000e-01 1.099670e+00 2.061149e+00 2.334673e+00 1.494455e+01 7.399498e+03 9.040336e+03 3.16831 6.279106e-01
6.540000e-01 1.099670e+00 2.062249e+00 2.335930e+00 1.495788e+01 7.406517e+03 9.030720e+03 3.17277 6.287198e-01
6.530000e-01 1.099670e+00 2.063345e+00 2.337183e+00 1.497125e+01 7.413486e+03 9.021064e+03 3.17722 6.295244e-01
6.520000e-01 1.099670e+00 2.064437e+00 2.338430e+00 1.498468e+01 7.420408e+03 9.011354e+03 3.18165 6.303247e-01
6.510000e-01 1.099670e+00 2.065526e+00 2.339675e+00 1.499819e+01 7.427288e+03 9.001588e+03 3.18608 6.311208e-01
6.500000e-01 1.099670e+00 2.066612e+00 2.340915e+00 1.501176e+01 7.434121e+03 8.991768e+03 3.19049 6.319123e-01
6.490000e-01 1.099670e+00 2.067692e+00 2.342150e+00 1.502538e+01 7.440895e+03 8.981905e+03 3.19489 6.326982e-01
6.480000e-01 1.099670e+00 2.068766e+00 2.343377e+00 1.503903e+01 7.447606e+03 8.972005e+03 3.19927 6.334779e-01
6.470000e-01 1.099670e+00 2.069834e+00 2.344596e+00 1.505273e+01 7.454251e+03 8.962069e+03 3.20362 6.342514e-01
6.460000e-01 1.099670e+00 2.070895e+00 2.345807e+00 1.506647e+01 7.460830e+03 8.952098e+03 3.20796 6.350189e-01
6.450000e-01 1.099670e+00 2.071951e+00 2.347013e+00 1.508028e+01 7.467363e+03 8.942070e+03 3.21228 6.357820e-01
6.440000e-01 1.099670e+00 2.071233e+00 2.346240e+00 1.508733e+01 7.478507e+03 8.938000e+03 3.21319 6.373541e-01
6.430000e-01 1.099670e+00 2.074057e+00 2.349418e+00 1.510813e+01 7.480299e+03 8.921830e+03 3.22089 6.372950e-01
6.420000e-01 1.099670e+00 2.073311e+00 2.348614e+00 1.511522e+01 7.491396e+03 8.917724e+03 3.22174 6.388682e-01
6.410000e-01 1.099670e+00 2.076143e+00 2.351800e+00 1.513626e+01 7.493047e+03 8.901350e+03 3.22944 6.387894e-01
6.400000e-01 1.099670e+00 2.075367e+00 2.350962e+00 1.514338e+01 7.504079e+03 8.897213e+03 3.2302 6.403608e-01
6.390000e-01 1.099670e+00 2.078209e+00 2.354158e+00 1.516464e+01 7.505575e+03 8.880665e+03 3.23791 6.402620e-01
6.380000e-01 1.099670e+00 2.077402e+00 2.353288e+00 1.517179e+01 7.516548e+03 8.876495e+03 3.2386 6.418324e-01
6.370000e-01 1.099670e+00 2.080254e+00 2.356493e+00 1.519330e+01 7.517902e+03 8.859743e+03 3.24631 6.417142e-01
6.360000e-01 1.099670e+00 2.079419e+00 2.355593e+00 1.520049e+01 7.528818e+03 8.855538e+03 3.24693 6.432838e-01
6.350000e-01 1.099670e+00 2.082277e+00 2.358804e+00 1.522223e+01 7.530011e+03 8.838602e+03 3.25464 6.431441e-01
6.340000e-01 1.099670e+00 2.081406e+00 2.357862e+00 1.522942e+01 7.540842e+03 8.834374e+03 3.25515 6.447097e-01
6.330000e-01 1.099670e+00 2.084272e+00 2.361082e+00 1.525135e+01 7.541845e+03 8.817309e+03 3.26287 6.445482e-01
6.320000e-01 1.099670e+00 2.083363e+00 2.360096e+00 1.525855e+01 7.552589e+03 8.813061e+03 3.26327 6.461100e-01
6.310000e-01 1.099670e+00 2.086265e+00 2.363358e+00 1.528081e+01 7.553397e+03 8.795742e+03 3.27105 6.459189e-01
6.300000e-01 1.099670e+00 2.085320e+00 2.362333e+00 1.528802e+01 7.564108e+03 8.791496e+03 3.27138 6.474869e-01
6.290000e-01 1.099670e+00 2.088217e+00 2.365587e+00 1.531052e+01 7.564779e+03 8.774002e+03 3.27914 6.472809e-01
6.280000e-01 1.099670e+00 2.087242e+00 2.364531e+00 1.531777e+01 7.575433e+03 8.769725e+03 3.2794 6.488490e-01
6.270000e-01 1.099670e+00 2.090146e+00 2.367791e+00 1.534054e+01 7.575936e+03 8.752032e+03 3.28716 6.486216e-01
6.260000e-01 1.099670e+00 2.089138e+00 2.366698e+00 1.534782e+01 7.586521e+03 8.747726e+03 3.28733 6.501881e-01
6.250000e-01 1.099670e+00 2.092049e+00 2.369967e+00 1.537085e+01 7.586850e+03 8.729846e+03 3.29509 6.499388e-01
6.240000e-01 1.099670e+00 2.091009e+00 2.368840e+00 1.537817e+01 7.597377e+03 8.725507e+03 3.29518 6.515052e-01
6.230000e-01 1.099670e+00 2.093928e+00 2.372115e+00 1.540148e+01 7.597541e+03 8.707406e+03 3.30293 6.512336e-01
6.220000e-01 1.099670e+00 2.092852e+00 2.370949e+00 1.540884e+01 7.608004e+03 8.703032e+03 3.30292 6.527985e-01
6.210000e-01 1.099670e+00 2.095773e+00 2.374225e+00 1.543240e+01 7.607981e+03 8.684730e+03 3.31065 6.525006e-01
6.200000e-01 1.099670e+00 2.094652e+00 2.373006e+00 1.543976e+01 7.618358e+03 8.680328e+03 3.3105 6.540606e-01
6.190000e-01 1.099670e+00 2.097577e+00 2.376286e+00 1.546354e+01 7.618133e+03 8.661858e+03 3.3182 6.537367e-01
6.180000e-01 1.099670e+00 2.096416e+00 2.375021e+00 1.547091e+01 7.628436e+03 8.657423e+03 3.31794 6.552936e-01
6.170000e-01 1.099670e+00 2.099369e+00 2.378333e+00 1.549510e+01 7.628012e+03 8.638621e+03 3.32565 6.549349e-01
6.160000e-01 1.099670e+00 2.098163e+00 2.377019e+00 1.550248e+01 7.638281e+03 8.634178e+03 3.32528 6.564970e-01
6.150000e-01 1.099670e+00 2.101108e+00 2.380318e+00 1.552695e+01 7.637701e+03 8.615158e+03 3.33295 6.561177e-01
6.140000e-01 1.099670e+00 2.099863e+00 2.378962e+00 1.553436e+01 7.647909e+03 8.610676e+03 3.33247 6.576785e-01
6.130000e-01 1.099670e+00 2.102810e+00 2.382262e+00 1.555913e+01 7.647139e+03 8.591420e+03 3.3401 6.572721e-01
6.120000e-01 1.099670e+00 2.101524e+00 2.380860e+00 1.556658e+01 7.657281e+03 8.586901e+03 3.3395 6.588309e-01
6.110000e-01 1.099670e+00 2.104475e+00 2.384164e+00 1.559166e+01 7.656323e+03 8.567402e+03 3.3471 6.583972e-01
6.100000e-01 1.099670e+00 2.103151e+00 2.382720e+00 1.559915e+01 7.666409e+03 8.562841e+03 3.34639 6.599555e-01
6.090000e-01 1.099670e+00 2.106102e+00 2.386022e+00 1.562456e+01 7.665262e+03 8.543077e+03 3.35394 6.594932e-01
6.080000e-01 1.099670e+00 2.104732e+00 2.384527e+00 1.563207e+01 7.675272e+03 8.538480e+03 3.35309 6.610478e-01
6.070000e-01 1.099670e+00 2.107705e+00 2.387853e+00 1.565785e+01 7.673873e+03 8.518426e+03 3.36063 6.605451e-01
6.060000e-01 1.099670e+00 2.106276e+00 2.386290e+00 1.566531e+01 7.683808e+03 8.513837e+03 3.35962 6.620989e-01
6.050000e-01 1.099670e+00 2.109242e+00 2.389606e+00 1.569132e+01 7.682213e+03 8.493641e+03 3.36712 6.615743e-01
6.040000e-01 1.099670e+00 2.107775e+00 2.388002e+00 1.569882e+01 7.692086e+03 8.489017e+03 3.366 6.631283e-01
6.030000e-01 1.099670e+00 2.110745e+00 2.391322e+00 1.572521e+01 7.690294e+03 8.468560e+03 3.37348 6.625779e-01
6.020000e-01 1.099670e+00 2.109241e+00 2.389679e+00 1.573277e+01 7.700111e+03 8.463898e+03 3.37228 6.641329e-01
6.010000e-01 1.099670e+00 2.112211e+00 2.392998e+00 1.575952e+01 7.698104e+03 8.443184e+03 3.37971 6.635534e-01
6.000000e-01 1.099670e+00 2.112941e+00 2.393832e+00 1.577687e+01 7.701881e+03 8.430346e+03 3.38278 6.640241e-01
5.990000e-01 1.099670e+00 2.113647e+00 2.394640e+00 1.579427e+01 7.705603e+03 8.417478e+03 3.38579 6.644916e-01
5.980000e-01 1.099670e+00 2.114341e+00 2.395433e+00 1.581177e+01 7.709259e+03 8.404529e+03 3.38875 6.649508e-01
5.970000e-01 1.099670e+00 2.115023e+00 2.396213e+00 1.582938e+01 7.712849e+03 8.391487e+03 3.39165 6.654011e-01
5.960000e-01 1.099670e+00 2.115690e+00 2.396975e+00 1.584710e+01 7.716365e+03 8.378357e+03 3.39449 6.658417e-01
5.950000e-01 1.099670e+00 2.116344e+00 2.397722e+00 1.586490e+01 7.719802e+03 8.365162e+03 3.39728 6.662725e-01
5.940000e-01 1.099670e+00 2.116983e+00 2.398453e+00 1.588276e+01 7.723156e+03 8.351911e+03 3.4 6.666936e-01
5.930000e-01 1.099670e+00 2.117607e+00 2.399165e+00 1.590071e+01 7.726426e+03 8.338597e+03 3.40266 6.671049e-01
5.920000e-01 1.099670e+00 2.118218e+00 2.399861e+00 1.591875e+01 7.729620e+03 8.325207e+03 3.40527 6.675074e-01
5.910000e-01 1.099670e+00 2.118817e+00 2.400545e+00 1.593693e+01 7.732748e+03 8.311721e+03 3.40783 6.679014e-01
5.900000e-01 1.099670e+00 2.119401e+00 2.401212e+00 1.595523e+01 7.735804e+03 8.298130e+03 3.41033 6.682858e-01
5.890000e-01 1.099670e+00 2.119990e+00 2.401885e+00 1.597376e+01 7.738747e+03 8.284354e+03 3.41278 6.686496e-01
5.880000e-01 1.099670e+00 2.120547e+00 2.402520e+00 1.599230e+01 7.741651e+03 8.270572e+03 3.41515 6.690132e-01
5.870000e-01 1.099670e+00 2.121086e+00 2.403135e+00 1.601095e+01 7.744477e+03 8.256707e+03 3.41744 6.693666e-01
5.860000e-01 1.099670e+00 2.121612e+00 2.403734e+00 1.602971e+01 7.747219e+03 8.242758e+03 3.41968 6.697107e-01
5.850000e-01 1.099670e+00 2.122126e+00 2.404322e+00 1.604859e+01 7.749885e+03 8.228733e+03 3.42188 6.700467e-01
5.840000e-01 1.099670e+00 2.122630e+00 2.404898e+00 1.606760e+01 7.752473e+03 8.214630e+03 3.42404 6.703746e-01
5.830000e-01 1.099670e+00 2.123120e+00 2.405458e+00 1.608673e+01 7.754977e+03 8.200452e+03 3.42614 6.706935e-01
5.820000e-01 1.099670e+00 2.123596e+00 2.406004e+00 1.610594e+01 7.757388e+03 8.186222e+03 3.4282 6.710034e-01
5.810000e-01 1.099670e+00 2.124058e+00 2.406532e+00 1.612523e+01 7.759714e+03 8.171939e+03 3.43019 6.713031e-01
5.800000e-01 1.099670e+00 2.124500e+00 2.407037e+00 1.614462e+01 7.761949e+03 8.157583e+03 3.43211 6.715914e-01
5.790000e-01 1.099670e+00 2.124924e+00 2.407521e+00 1.616414e+01 7.764100e+03 8.143122e+03 3.43394 6.718686e-01
5.780000e-01 1.099670e+00 2.125332e+00 2.407987e+00 1.618381e+01 7.766178e+03 8.128548e+03 3.4357 6.721347e-01
5.770000e-01 1.099670e+00 2.125742e+00 2.408455e+00 1.620373e+01 7.768134e+03 8.113775e+03 3.43741 6.723786e-01
5.760000e-01 1.099670e+00 2.126115e+00 2.408882e+00 1.622370e+01 7.770036e+03 8.098980e+03 3.43902 6.726215e-01
5.750000e-01 1.099670e+00 2.126474e+00 2.409292e+00 1.624377e+01 7.771860e+03 8.084110e+03 3.44056 6.728542e-01
5.740000e-01 1.099670e+00 2.126813e+00 2.409679e+00 1.626398e+01 7.773595e+03 8.069138e+03 3.44201 6.730744e-01
5.730000e-01 1.099670e+00 2.127130e+00 2.410039e+00 1.628433e+01 7.775238e+03 8.054053e+03 3.44337 6.732816e-01
5.720000e-01 1.099670e+00 2.127431e+00 2.410382e+00 1.630482e+01 7.776799e+03 8.038868e+03 3.44465 6.734772e-01
5.710000e-01 1.099670e+00 2.127713e+00 2.410704e+00 1.632546e+01 7.778272e+03 8.023574e+03 3.44585 6.736605e-01
5.700000e-01 1.099670e+00 2.127979e+00 2.411008e+00 1.634623e+01 7.779647e+03 8.008208e+03 3.44699 6.738338e-01
5.690000e-01 1.099670e+00 2.128235e+00 2.411300e+00 1.636709e+01 7.780926e+03 7.992811e+03 3.4481 6.739989e-01
5.680000e-01 1.099670e+00 2.128476e+00 2.411577e+00 1.638804e+01 7.782111e+03 7.977372e+03 3.44915 6.741548e-01
5.670000e-01 1.099670e+00 2.128698e+00 2.411830e+00 1.640911e+01 7.783196e+03 7.961855e+03 3.45013 6.742998e-01
5.660000e-01 1.099670e+00 2.128920e+00 2.412084e+00 1.643046e+01 7.784153e+03 7.946143e+03 3.45106 6.744226e-01
5.650000e-01 1.099670e+00 2.129103e+00 2.412295e+00 1.645188e+01 7.785063e+03 7.930383e+03 3.45186 6.745417e-01
5.640000e-01 1.099670e+00 2.129261e+00 2.412475e+00 1.647347e+01 7.785874e+03 7.914493e+03 3.45255 6.746464e-01
5.630000e-01 1.099670e+00 2.129403e+00 2.412637e+00 1.649520e+01 7.786591e+03 7.898511e+03 3.45316 6.747392e-01
5.620000e-01 1.099670e+00 2.129526e+00 2.412777e+00 1.651708e+01 7.787215e+03 7.882439e+03 3.4537 6.748195e-01
5.610000e-01 1.099670e+00 2.129623e+00 2.412888e+00 1.653911e+01 7.787736e+03 7.866249e+03 3.45412 6.748852e-01
5.600000e-01 1.099670e+00 2.129700e+00 2.412974e+00 1.656131e+01 7.788163e+03 7.849946e+03 3.45444 6.749367e-01
5.590000e-01 1.099670e+00 2.129753e+00 2.413035e+00 1.658368e+01 7.788495e+03 7.833522e+03 3.45465 6.749736e-01
5.580000e-01 1.099670e+00 2.129787e+00 2.413072e+00 1.660621e+01 7.788721e+03 7.816999e+03 3.45479 6.749978e-01
5.570000e-01 1.099670e+00 2.129827e+00 2.413119e+00 1.662897e+01 7.788804e+03 7.800359e+03 3.45491 6.750032e-01
5.560000e-01 1.099670e+00 2.129838e+00 2.413132e+00 1.665172e+01 7.788828e+03 7.783769e+03 3.45497 6.750102e-01
5.563335e-01 1.099670e+00 2.129538e+00 2.412816e+00 1.664283e+01 7.789751e+03 7.790280e+03 3.45429 6.751484e-01
