1.000000e+00 1.116050e+00 1.730429e+00 1.960180e+00 1.214549e+01 0.000000e+00 1.131473e+04 0 0.000000e+00
9.990000e-01 1.116050e+00 1.728948e+00 1.958620e+00 1.214648e+01 4.146871e+02 1.128113e+04 1.94801 3.074936e-02
9.980000e-01 1.116050e+00 1.729630e+00 1.959357e+00 1.215164e+01 5.913085e+02 1.126460e+04 1.95317 4.392734e-02
9.970000e-01 1.116050e+00 1.730319e+00 1.960108e+00 1.215678e+01 7.291590e+02 1.125117e+04 1.95614 5.420720e-02
9.960000e-01 1.116050e+00 1.731038e+00 1.960905e+00 1.216194e+01 8.467208e+02 1.123940e+04 1.95879 6.297976e-02
9.950000e-01 1.116050e+00 1.731786e+00 1.961747e+00 1.216711e+01 9.512849e+02 1.122870e+04 1.96133 7.078797e-02
9.940000e-01 1.116050e+00 1.732553e+00 1.962618e+00 1.217229e+01 1.046087e+03 1.121880e+04 1.96382 7.787220e-02
9.930000e-01 1.116050e+00 1.733331e+00 1.963507e+00 1.217746e+01 1.133094e+03 1.120954e+04 1.96628 8.437914e-02
9.920000e-01 1.116050e+00 1.734112e+00 1.964404e+00 1.218262e+01 1.213731e+03 1.120080e+04 1.96873 9.041507e-02
9.910000e-01 1.116050e+00 1.734893e+00 1.965301e+00 1.218778e+01 1.288978e+03 1.119249e+04 1.97117 9.605292e-02
9.900000e-01 1.116050e+00 1.735669e+00 1.966191e+00 1.219292e+01 1.359576e+03 1.118455e+04 1.9736 1.013480e-01
9.890000e-01 1.116050e+00 1.736436e+00 1.967070e+00 1.219806e+01 1.426091e+03 1.117693e+04 1.97601 1.063425e-01
9.880000e-01 1.116050e+00 1.737198e+00 1.967940e+00 1.220320e+01 1.489293e+03 1.116956e+04 1.97843 1.110938e-01
9.870000e-01 1.116050e+00 1.737959e+00 1.968808e+00 1.220837e+01 1.549922e+03 1.116237e+04 1.98086 1.156569e-01
9.860000e-01 1.116050e+00 1.738727e+00 1.969684e+00 1.221356e+01 1.608564e+03 1.115532e+04 1.9833 1.200749e-01
9.850000e-01 1.116050e+00 1.739504e+00 1.970572e+00 1.221879e+01 1.665443e+03 1.114840e+04 1.98577 1.243639e-01
9.840000e-01 1.116050e+00 1.740287e+00 1.971469e+00 1.222403e+01 1.720591e+03 1.114162e+04 1.98824 1.285260e-01
9.830000e-01 1.116050e+00 1.741072e+00 1.972370e+00 1.222928e+01 1.773974e+03 1.113496e+04 1.99071 1.325588e-01
9.820000e-01 1.116050e+00 1.741856e+00 1.973269e+00 1.223452e+01 1.825617e+03 1.112845e+04 1.99318 1.364639e-01
9.810000e-01 1.116050e+00 1.742636e+00 1.974162e+00 1.223976e+01 1.875511e+03 1.112206e+04 1.99564 1.402410e-01
9.800000e-01 1.116050e+00 1.743408e+00 1.975043e+00 1.224498e+01 1.923711e+03 1.111581e+04 1.99809 1.438945e-01
9.790000e-01 1.116050e+00 1.744170e+00 1.975910e+00 1.225019e+01 1.970307e+03 1.110967e+04 2.00053 1.474310e-01
9.780000e-01 1.116050e+00 1.744925e+00 1.976767e+00 1.225541e+01 2.015569e+03 1.110363e+04 2.00297 1.508708e-01
9.770000e-01 1.116050e+00 1.745680e+00 1.977621e+00 1.226066e+01 2.059871e+03 1.109763e+04 2.00542 1.542419e-01
9.760000e-01 1.116050e+00 1.746441e+00 1.978482e+00 1.226594e+01 2.103457e+03 1.109168e+04 2.00788 1.575619e-01
9.750000e-01 1.116050e+00 1.747210e+00 1.979354e+00 1.227126e+01 2.146469e+03 1.108575e+04 2.01037 1.608410e-01
9.740000e-01 1.116050e+00 1.747988e+00 1.980238e+00 1.227661e+01 2.188898e+03 1.107985e+04 2.01287 1.640783e-01
9.730000e-01 1.116050e+00 1.748774e+00 1.981132e+00 1.228199e+01 2.230685e+03 1.107399e+04 2.01538 1.672691e-01
9.720000e-01 1.116050e+00 1.749565e+00 1.982033e+00 1.228737e+01 2.271791e+03 1.106819e+04 2.01791 1.704105e-01
9.710000e-01 1.116050e+00 1.750358e+00 1.982938e+00 1.229277e+01 2.312155e+03 1.106243e+04 2.02043 1.734980e-01
9.700000e-01 1.116050e+00 1.751153e+00 1.983843e+00 1.229816e+01 2.351736e+03 1.105673e+04 2.02296 1.765287e-01
9.690000e-01 1.116050e+00 1.751945e+00 1.984746e+00 1.230355e+01 2.390491e+03 1.105109e+04 2.02549 1.794994e-01
9.680000e-01 1.116050e+00 1.752735e+00 1.985646e+00 1.230894e+01 2.428507e+03 1.104551e+04 2.02801 1.824167e-01
9.670000e-01 1.116050e+00 1.753526e+00 1.986547e+00 1.231435e+01 2.465932e+03 1.103996e+04 2.03054 1.852919e-01
9.660000e-01 1.116050e+00 1.754321e+00 1.987454e+00 1.231978e+01 2.502903e+03 1.103444e+04 2.03309 1.881349e-01
9.650000e-01 1.116050e+00 1.755123e+00 1.988368e+00 1.232523e+01 2.539451e+03 1.102894e+04 2.03565 1.909480e-01
9.640000e-01 1.116050e+00 1.755928e+00 1.989287e+00 1.233070e+01 2.575536e+03 1.102348e+04 2.03822 1.937279e-01
9.630000e-01 1.116050e+00 1.756737e+00 1.990211e+00 1.233617e+01 2.611112e+03 1.101804e+04 2.04079 1.964711e-01
9.620000e-01 1.116050e+00 1.757545e+00 1.991134e+00 1.234165e+01 2.646144e+03 1.101265e+04 2.04337 1.991752e-01
9.610000e-01 1.116050e+00 1.758352e+00 1.992056e+00 1.234713e+01 2.680580e+03 1.100729e+04 2.04595 2.018363e-01
9.600000e-01 1.116050e+00 1.759155e+00 1.992971e+00 1.235260e+01 2.714392e+03 1.100198e+04 2.04852 2.044526e-01
9.590000e-01 1.116050e+00 1.759953e+00 1.993879e+00 1.235807e+01 2.747577e+03 1.099671e+04 2.05109 2.070238e-01
9.580000e-01 1.116050e+00 1.760747e+00 1.994782e+00 1.236354e+01 2.780251e+03 1.099147e+04 2.05366 2.095589e-01
9.570000e-01 1.116050e+00 1.761543e+00 1.995685e+00 1.236903e+01 2.812572e+03 1.098624e+04 2.05624 2.120697e-01
9.560000e-01 1.116050e+00 1.762343e+00 1.996594e+00 1.237456e+01 2.844636e+03 1.098101e+04 2.05884 2.145631e-01
9.550000e-01 1.116050e+00 1.763150e+00 1.997510e+00 1.238011e+01 2.876488e+03 1.097577e+04 2.06145 2.170421e-01
9.540000e-01 1.116050e+00 1.763963e+00 1.998435e+00 1.238569e+01 2.908095e+03 1.097055e+04 2.06408 2.195041e-01
9.530000e-01 1.116050e+00 1.764781e+00 1.999367e+00 1.239129e+01 2.939422e+03 1.096533e+04 2.06671 2.219464e-01
9.520000e-01 1.116050e+00 1.765602e+00 2.000303e+00 1.239690e+01 2.970441e+03 1.096014e+04 2.06936 2.243667e-01
9.510000e-01 1.116050e+00 1.766425e+00 2.001241e+00 1.240252e+01 3.001120e+03 1.095496e+04 2.07201 2.267627e-01
9.500000e-01 1.116050e+00 1.767249e+00 2.002180e+00 1.240814e+01 3.031425e+03 1.094982e+04 2.07466 2.291321e-01
9.490000e-01 1.116050e+00 1.768071e+00 2.003118e+00 1.241376e+01 3.061341e+03 1.094469e+04 2.07732 2.314738e-01
9.480000e-01 1.116050e+00 1.768894e+00 2.004056e+00 1.241940e+01 3.090931e+03 1.093959e+04 2.07997 2.337926e-01
9.470000e-01 1.116050e+00 1.769720e+00 2.004996e+00 1.242505e+01 3.120275e+03 1.093449e+04 2.08264 2.360945e-01
9.460000e-01 1.116050e+00 1.770550e+00 2.005943e+00 1.243073e+01 3.149424e+03 1.092939e+04 2.08533 2.383833e-01
9.450000e-01 1.116050e+00 1.771385e+00 2.006895e+00 1.243642e+01 3.178364e+03 1.092429e+04 2.08802 2.406576e-01
9.440000e-01 1.116050e+00 1.772223e+00 2.007851e+00 1.244213e+01 3.207044e+03 1.091921e+04 2.09072 2.429137e-01
9.430000e-01 1.116050e+00 1.773062e+00 2.008809e+00 1.244785e+01 3.235430e+03 1.091414e+04 2.09343 2.451488e-01
9.420000e-01 1.116050e+00 1.773900e+00 2.009766e+00 1.245356e+01 3.263485e+03 1.090909e+04 2.09614 2.473603e-01
9.410000e-01 1.116050e+00 1.774736e+00 2.010720e+00 1.245928e+01 3.291177e+03 1.090407e+04 2.09884 2.495458e-01
9.400000e-01 1.116050e+00 1.775569e+00 2.011668e+00 1.246498e+01 3.318487e+03 1.089908e+04 2.10154 2.517042e-01
9.390000e-01 1.116050e+00 1.776398e+00 2.012612e+00 1.247068e+01 3.345452e+03 1.089411e+04 2.10424 2.538383e-01
9.380000e-01 1.116050e+00 1.777227e+00 2.013554e+00 1.247640e+01 3.372181e+03 1.088915e+04 2.10695 2.559565e-01
9.370000e-01 1.116050e+00 1.778059e+00 2.014500e+00 1.248215e+01 3.398760e+03 1.088418e+04 2.10967 2.580651e-01
9.360000e-01 1.116050e+00 1.778897e+00 2.015453e+00 1.248792e+01 3.425232e+03 1.087920e+04 2.1124 2.601673e-01
9.350000e-01 1.116050e+00 1.779740e+00 2.016413e+00 1.249373e+01 3.451593e+03 1.087421e+04 2.11516 2.622624e-01
9.340000e-01 1.116050e+00 1.780589e+00 2.017379e+00 1.249956e+01 3.477807e+03 1.086923e+04 2.11792 2.643475e-01
9.330000e-01 1.116050e+00 1.781440e+00 2.018350e+00 1.250540e+01 3.503847e+03 1.086424e+04 2.12069 2.664205e-01
9.320000e-01 1.116050e+00 1.782295e+00 2.019324e+00 1.251126e+01 3.529681e+03 1.085927e+04 2.12347 2.684791e-01
9.310000e-01 1.116050e+00 1.783150e+00 2.020299e+00 1.251712e+01 3.555285e+03 1.085430e+04 2.12626 2.705215e-01
9.300000e-01 1.116050e+00 1.784004e+00 2.021273e+00 1.252298e+01 3.580641e+03 1.084936e+04 2.12904 2.725463e-01
9.290000e-01 1.116050e+00 1.784859e+00 2.022247e+00 1.252885e+01 3.605776e+03 1.084442e+04 2.13183 2.745559e-01
9.280000e-01 1.116050e+00 1.785716e+00 2.023224e+00 1.253474e+01 3.630749e+03 1.083948e+04 2.13463 2.765547e-01
9.270000e-01 1.116050e+00 1.786577e+00 2.024205e+00 1.254065e+01 3.655611e+03 1.083454e+04 2.13744 2.785465e-01
9.260000e-01 1.116050e+00 1.787443e+00 2.025193e+00 1.254659e+01 3.680359e+03 1.082959e+04 2.14027 2.805310e-01
9.250000e-01 1.116050e+00 1.788312e+00 2.026184e+00 1.255255e+01 3.704957e+03 1.082463e+04 2.1431 2.825053e-01
9.240000e-01 1.116050e+00 1.789183e+00 2.027178e+00 1.255851e+01 3.729375e+03 1.081969e+04 2.14594 2.844671e-01
9.230000e-01 1.116050e+00 1.790054e+00 2.028173e+00 1.256448e+01 3.753579e+03 1.081475e+04 2.14879 2.864138e-01
9.220000e-01 1.116050e+00 1.790924e+00 2.029165e+00 1.257045e+01 3.777537e+03 1.080983e+04 2.15163 2.883432e-01
9.210000e-01 1.116050e+00 1.791791e+00 2.030153e+00 1.257642e+01 3.801228e+03 1.080492e+04 2.15447 2.902536e-01
9.200000e-01 1.116050e+00 1.792655e+00 2.031137e+00 1.258238e+01 3.824671e+03 1.080003e+04 2.15732 2.921469e-01
9.190000e-01 1.116050e+00 1.793520e+00 2.032120e+00 1.258836e+01 3.847950e+03 1.079514e+04 2.16016 2.940294e-01
9.180000e-01 1.116050e+00 1.794387e+00 2.033107e+00 1.259436e+01 3.871128e+03 1.079024e+04 2.16302 2.959058e-01
9.170000e-01 1.116050e+00 1.795259e+00 2.034099e+00 1.260039e+01 3.894239e+03 1.078532e+04 2.1659 2.977786e-01
9.160000e-01 1.116050e+00 1.796137e+00 2.035099e+00 1.260646e+01 3.917283e+03 1.078039e+04 2.16879 2.996475e-01
9.150000e-01 1.116050e+00 1.797020e+00 2.036104e+00 1.261254e+01 3.940230e+03 1.077546e+04 2.17169 3.015101e-01
9.140000e-01 1.116050e+00 1.797905e+00 2.037113e+00 1.261864e+01 3.963054e+03 1.077052e+04 2.17461 3.033644e-01
9.130000e-01 1.116050e+00 1.798792e+00 2.038125e+00 1.262475e+01 3.985724e+03 1.076559e+04 2.17753 3.052079e-01
9.120000e-01 1.116050e+00 1.799680e+00 2.039137e+00 1.263087e+01 4.008221e+03 1.076066e+04 2.18045 3.070392e-01
9.110000e-01 1.116050e+00 1.800567e+00 2.040148e+00 1.263699e+01 4.030530e+03 1.075574e+04 2.18337 3.088574e-01
9.100000e-01 1.116050e+00 1.801455e+00 2.041160e+00 1.264311e+01 4.052679e+03 1.075083e+04 2.1863 3.106646e-01
9.090000e-01 1.116050e+00 1.802345e+00 2.042174e+00 1.264925e+01 4.074714e+03 1.074591e+04 2.18923 3.124646e-01
9.080000e-01 1.116050e+00 1.803239e+00 2.043193e+00 1.265542e+01 4.096671e+03 1.074099e+04 2.19218 3.142598e-01
9.070000e-01 1.116050e+00 1.804136e+00 2.044216e+00 1.266161e+01 4.118542e+03 1.073606e+04 2.19515 3.160496e-01
9.060000e-01 1.116050e+00 1.805037e+00 2.045244e+00 1.266782e+01 4.140301e+03 1.073112e+04 2.19812 3.178319e-01
9.050000e-01 1.116050e+00 1.805939e+00 2.046273e+00 1.267404e+01 4.161925e+03 1.072619e+04 2.20109 3.196051e-01
9.040000e-01 1.116050e+00 1.806842e+00 2.047303e+00 1.268026e+01 4.183388e+03 1.072126e+04 2.20407 3.213670e-01
9.030000e-01 1.116050e+00 1.807743e+00 2.048330e+00 1.268648e+01 4.204658e+03 1.071634e+04 2.20705 3.231155e-01
9.020000e-01 1.116050e+00 1.808641e+00 2.049353e+00 1.269270e+01 4.225727e+03 1.071143e+04 2.21003 3.248498e-01
9.010000e-01 1.116050e+00 1.809538e+00 2.050374e+00 1.269893e+01 4.246627e+03 1.070652e+04 2.21301 3.265728e-01
9.000000e-01 1.116050e+00 1.810437e+00 2.051397e+00 1.270517e+01 4.267424e+03 1.070161e+04 2.216 3.282894e-01
8.990000e-01 1.116050e+00 1.811339e+00 2.052423e+00 1.271144e+01 4.288165e+03 1.069669e+04 2.21901 3.300032e-01
8.980000e-01 1.116050e+00 1.812246e+00 2.053456e+00 1.271775e+01 4.308862e+03 1.069175e+04 2.22203 3.317151e-01
8.970000e-01 1.116050e+00 1.813158e+00 2.054495e+00 1.272408e+01 4.329513e+03 1.068679e+04 2.22506 3.334244e-01
8.960000e-01 1.116050e+00 1.814075e+00 2.055540e+00 1.273044e+01 4.350089e+03 1.068183e+04 2.22811 3.351291e-01
8.950000e-01 1.116050e+00 1.814994e+00 2.056587e+00 1.273681e+01 4.370567e+03 1.067686e+04 2.23117 3.368273e-01
8.940000e-01 1.116050e+00 1.815915e+00 2.057637e+00 1.274319e+01 4.390926e+03 1.067189e+04 2.23423 3.385173e-01
8.930000e-01 1.116050e+00 1.816836e+00 2.058687e+00 1.274958e+01 4.411145e+03 1.066693e+04 2.2373 3.401975e-01
8.920000e-01 1.116050e+00 1.817757e+00 2.059737e+00 1.275597e+01 4.431223e+03 1.066197e+04 2.24037 3.418681e-01
8.910000e-01 1.116050e+00 1.818679e+00 2.060788e+00 1.276238e+01 4.451194e+03 1.065700e+04 2.24344 3.435317e-01
8.900000e-01 1.116050e+00 1.819640e+00 2.061886e+00 1.276890e+01 4.471036e+03 1.065196e+04 2.2466 3.451838e-01
8.890000e-01 1.116050e+00 1.820570e+00 2.062946e+00 1.277535e+01 4.490870e+03 1.064698e+04 2.2497 3.468390e-01
8.880000e-01 1.116050e+00 1.821502e+00 2.064009e+00 1.278182e+01 4.510626e+03 1.064199e+04 2.25281 3.484895e-01
8.870000e-01 1.116050e+00 1.822436e+00 2.065075e+00 1.278831e+01 4.530279e+03 1.063699e+04 2.25593 3.501329e-01
8.860000e-01 1.116050e+00 1.823371e+00 2.066142e+00 1.279480e+01 4.549816e+03 1.063200e+04 2.25905 3.517685e-01
8.850000e-01 1.116050e+00 1.824306e+00 2.067207e+00 1.280130e+01 4.569205e+03 1.062701e+04 2.26218 3.533938e-01
8.840000e-01 1.116050e+00 1.825238e+00 2.068269e+00 1.280780e+01 4.588428e+03 1.062203e+04 2.2653 3.550076e-01
8.830000e-01 1.116050e+00 1.826169e+00 2.069329e+00 1.281429e+01 4.607501e+03 1.061705e+04 2.26842 3.566111e-01
8.820000e-01 1.116050e+00 1.827100e+00 2.070389e+00 1.282080e+01 4.626476e+03 1.061207e+04 2.27155 3.582086e-01
8.810000e-01 1.116050e+00 1.828035e+00 2.071453e+00 1.282734e+01 4.645396e+03 1.060708e+04 2.2747 3.598031e-01
8.800000e-01 1.116050e+00 1.828974e+00 2.072523e+00 1.283391e+01 4.664283e+03 1.060207e+04 2.27786 3.613965e-01
8.790000e-01 1.116050e+00 1.829918e+00 2.073598e+00 1.284052e+01 4.683137e+03 1.059704e+04 2.28103 3.629884e-01
8.780000e-01 1.116050e+00 1.830866e+00 2.074679e+00 1.284714e+01 4.701938e+03 1.059200e+04 2.28422 3.645773e-01
8.770000e-01 1.116050e+00 1.831817e+00 2.075763e+00 1.285379e+01 4.720671e+03 1.058695e+04 2.28742 3.661619e-01
8.760000e-01 1.116050e+00 1.832771e+00 2.076850e+00 1.286045e+01 4.739313e+03 1.058189e+04 2.29063 3.677405e-01
8.750000e-01 1.116050e+00 1.833725e+00 2.077938e+00 1.286712e+01 4.757848e+03 1.057684e+04 2.29384 3.693117e-01
8.740000e-01 1.116050e+00 1.834679e+00 2.079025e+00 1.287380e+01 4.776268e+03 1.057178e+04 2.29706 3.708751e-01
8.730000e-01 1.116050e+00 1.835635e+00 2.080115e+00 1.288049e+01 4.794600e+03 1.056672e+04 2.30028 3.724328e-01
8.720000e-01 1.116050e+00 1.836593e+00 2.081207e+00 1.288720e+01 4.812867e+03 1.056165e+04 2.30351 3.739867e-01
8.710000e-01 1.116050e+00 1.837555e+00 2.082304e+00 1.289394e+01 4.831086e+03 1.055657e+04 2.30676 3.755379e-01
8.700000e-01 1.116050e+00 1.838520e+00 2.083404e+00 1.290069e+01 4.849238e+03 1.055148e+04 2.31002 3.770849e-01
8.690000e-01 1.116050e+00 1.839487e+00 2.084508e+00 1.290746e+01 4.867308e+03 1.054638e+04 2.31328 3.786266e-01
8.680000e-01 1.116050e+00 1.840455e+00 2.085612e+00 1.291425e+01 4.885279e+03 1.054128e+04 2.31655 3.801616e-01
8.670000e-01 1.116050e+00 1.841422e+00 2.086715e+00 1.292103e+01 4.903128e+03 1.053618e+04 2.31982 3.816881e-01
8.660000e-01 1.116050e+00 1.842388e+00 2.087815e+00 1.292782e+01 4.920835e+03 1.053109e+04 2.32309 3.832049e-01
8.650000e-01 1.116050e+00 1.843352e+00 2.088913e+00 1.293461e+01 4.938417e+03 1.052600e+04 2.32637 3.847132e-01
8.640000e-01 1.116050e+00 1.844316e+00 2.090012e+00 1.294142e+01 4.955919e+03 1.052090e+04 2.32965 3.862167e-01
8.630000e-01 1.116050e+00 1.845285e+00 2.091114e+00 1.294825e+01 4.973377e+03 1.051579e+04 2.33294 3.877180e-01
8.620000e-01 1.116050e+00 1.846257e+00 2.092222e+00 1.295511e+01 4.990807e+03 1.051066e+04 2.33625 3.892184e-01
8.610000e-01 1.116050e+00 1.847234e+00 2.093336e+00 1.296201e+01 5.008207e+03 1.050551e+04 2.33958 3.907176e-01
8.600000e-01 1.116050e+00 1.848215e+00 2.094454e+00 1.296893e+01 5.025562e+03 1.050035e+04 2.34292 3.922142e-01
8.590000e-01 1.116050e+00 1.849199e+00 2.095576e+00 1.297587e+01 5.042855e+03 1.049518e+04 2.34626 3.937069e-01
8.580000e-01 1.116050e+00 1.850185e+00 2.096699e+00 1.298283e+01 5.060072e+03 1.049000e+04 2.34962 3.951946e-01
8.570000e-01 1.116050e+00 1.851172e+00 2.097824e+00 1.298980e+01 5.077197e+03 1.048482e+04 2.35298 3.966762e-01
8.560000e-01 1.116050e+00 1.852158e+00 2.098949e+00 1.299677e+01 5.094230e+03 1.047963e+04 2.35635 3.981516e-01
8.550000e-01 1.116050e+00 1.853147e+00 2.100077e+00 1.300377e+01 5.111196e+03 1.047443e+04 2.35972 3.996228e-01
8.540000e-01 1.116050e+00 1.854139e+00 2.101208e+00 1.301079e+01 5.128113e+03 1.046923e+04 2.36311 4.010913e-01
8.530000e-01 1.116050e+00 1.855134e+00 2.102343e+00 1.301783e+01 5.144985e+03 1.046401e+04 2.3665 4.025574e-01
8.520000e-01 1.116050e+00 1.856132e+00 2.103481e+00 1.302489e+01 5.161797e+03 1.045877e+04 2.36991 4.040197e-01
8.510000e-01 1.116050e+00 1.857132e+00 2.104621e+00 1.303197e+01 5.178534e+03 1.045354e+04 2.37333 4.054771e-01
8.500000e-01 1.116050e+00 1.858132e+00 2.105762e+00 1.303906e+01 5.195178e+03 1.044829e+04 2.37675 4.069283e-01
8.490000e-01 1.116050e+00 1.859131e+00 2.106901e+00 1.304615e+01 5.211709e+03 1.044305e+04 2.38017 4.083716e-01
8.480000e-01 1.116050e+00 1.860129e+00 2.108038e+00 1.305325e+01 5.228121e+03 1.043782e+04 2.38359 4.098068e-01
8.470000e-01 1.116050e+00 1.861126e+00 2.109174e+00 1.306035e+01 5.244437e+03 1.043258e+04 2.38702 4.112357e-01
8.460000e-01 1.116050e+00 1.862124e+00 2.110311e+00 1.306748e+01 5.260700e+03 1.042733e+04 2.39046 4.126618e-01
8.450000e-01 1.116050e+00 1.863127e+00 2.111454e+00 1.307463e+01 5.276932e+03 1.042206e+04 2.39391 4.140867e-01
8.440000e-01 1.116050e+00 1.864134e+00 2.112601e+00 1.308182e+01 5.293140e+03 1.041676e+04 2.39737 4.155109e-01
8.430000e-01 1.116050e+00 1.865145e+00 2.113753e+00 1.308904e+01 5.309314e+03 1.041146e+04 2.40086 4.169334e-01
8.420000e-01 1.116050e+00 1.866159e+00 2.114910e+00 1.309628e+01 5.325439e+03 1.040614e+04 2.40435 4.183529e-01
8.410000e-01 1.116050e+00 1.867176e+00 2.116069e+00 1.310354e+01 5.341505e+03 1.040081e+04 2.40785 4.197687e-01
8.400000e-01 1.116050e+00 1.868193e+00 2.117230e+00 1.311081e+01 5.357498e+03 1.039547e+04 2.41136 4.211797e-01
8.390000e-01 1.116050e+00 1.869212e+00 2.118391e+00 1.311809e+01 5.373408e+03 1.039013e+04 2.41487 4.225852e-01
8.380000e-01 1.116050e+00 1.870232e+00 2.119554e+00 1.312540e+01 5.389249e+03 1.038478e+04 2.41839 4.239863e-01
8.370000e-01 1.116050e+00 1.871254e+00 2.120719e+00 1.313272e+01 5.405042e+03 1.037942e+04 2.42193 4.253846e-01
8.360000e-01 1.116050e+00 1.872279e+00 2.121889e+00 1.314007e+01 5.420797e+03 1.037404e+04 2.42547 4.267810e-01
8.350000e-01 1.116050e+00 1.873308e+00 2.123063e+00 1.314744e+01 5.436504e+03 1.036865e+04 2.42903 4.281746e-01
8.340000e-01 1.116050e+00 1.874339e+00 2.124238e+00 1.315484e+01 5.452151e+03 1.036325e+04 2.43259 4.295644e-01
8.330000e-01 1.116050e+00 1.875370e+00 2.125415e+00 1.316224e+01 5.467719e+03 1.035784e+04 2.43616 4.309489e-01
8.320000e-01 1.116050e+00 1.876401e+00 2.126591e+00 1.316966e+01 5.483194e+03 1.035243e+04 2.43974 4.323271e-01
8.310000e-01 1.116050e+00 1.877430e+00 2.127765e+00 1.317707e+01 5.498562e+03 1.034703e+04 2.44331 4.336979e-01
8.300000e-01 1.116050e+00 1.878459e+00 2.128937e+00 1.318450e+01 5.513835e+03 1.034162e+04 2.44689 4.350625e-01
8.290000e-01 1.116050e+00 1.879489e+00 2.130111e+00 1.319194e+01 5.529058e+03 1.033619e+04 2.45047 4.364243e-01
8.280000e-01 1.116050e+00 1.880522e+00 2.131288e+00 1.319942e+01 5.544244e+03 1.033075e+04 2.45407 4.377844e-01
8.270000e-01 1.116050e+00 1.881559e+00 2.132470e+00 1.320692e+01 5.559411e+03 1.032529e+04 2.45769 4.391442e-01
8.260000e-01 1.116050e+00 1.882601e+00 2.133658e+00 1.321446e+01 5.574545e+03 1.031981e+04 2.46132 4.405025e-01
8.250000e-01 1.116050e+00 1.883645e+00 2.134849e+00 1.322203e+01 5.589638e+03 1.031432e+04 2.46496 4.418584e-01
8.240000e-01 1.116050e+00 1.884693e+00 2.136044e+00 1.322961e+01 5.604682e+03 1.030882e+04 2.46862 4.432112e-01
8.230000e-01 1.116050e+00 1.885741e+00 2.137240e+00 1.323722e+01 5.619659e+03 1.030330e+04 2.47228 4.445598e-01
8.220000e-01 1.116050e+00 1.886791e+00 2.138437e+00 1.324484e+01 5.634567e+03 1.029778e+04 2.47594 4.459038e-01
8.210000e-01 1.116050e+00 1.887841e+00 2.139636e+00 1.325247e+01 5.649407e+03 1.029225e+04 2.47962 4.472435e-01
8.200000e-01 1.116050e+00 1.888894e+00 2.140837e+00 1.326013e+01 5.664204e+03 1.028671e+04 2.4833 4.485809e-01
8.190000e-01 1.116050e+00 1.889950e+00 2.142042e+00 1.326781e+01 5.678967e+03 1.028115e+04 2.487 4.499164e-01
8.180000e-01 1.116050e+00 1.891009e+00 2.143251e+00 1.327552e+01 5.693686e+03 1.027558e+04 2.49071 4.512495e-01
8.170000e-01 1.116050e+00 1.892071e+00 2.144462e+00 1.328325e+01 5.708351e+03 1.026999e+04 2.49443 4.525792e-01
8.160000e-01 1.116050e+00 1.893133e+00 2.145674e+00 1.329100e+01 5.722945e+03 1.026440e+04 2.49816 4.539042e-01
8.150000e-01 1.116050e+00 1.894194e+00 2.146885e+00 1.329875e+01 5.737451e+03 1.025880e+04 2.50188 4.552231e-01
8.140000e-01 1.116050e+00 1.895254e+00 2.148094e+00 1.330651e+01 5.751864e+03 1.025321e+04 2.50561 4.565357e-01
8.130000e-01 1.116050e+00 1.896313e+00 2.149302e+00 1.331428e+01 5.766193e+03 1.024760e+04 2.50934 4.578429e-01
8.120000e-01 1.116050e+00 1.897374e+00 2.150512e+00 1.332207e+01 5.780477e+03 1.024199e+04 2.51309 4.591476e-01
8.110000e-01 1.116050e+00 1.898438e+00 2.151725e+00 1.332990e+01 5.794730e+03 1.023635e+04 2.51684 4.604511e-01
8.100000e-01 1.116050e+00 1.899506e+00 2.152943e+00 1.333776e+01 5.808962e+03 1.023069e+04 2.52061 4.617540e-01
8.090000e-01 1.116050e+00 1.900578e+00 2.154166e+00 1.334565e+01 5.823164e+03 1.022502e+04 2.5244 4.630554e-01
8.080000e-01 1.116050e+00 1.901653e+00 2.155393e+00 1.335356e+01 5.837330e+03 1.021932e+04 2.5282 4.643548e-01
8.070000e-01 1.116050e+00 1.902730e+00 2.156622e+00 1.336150e+01 5.851448e+03 1.021361e+04 2.53201 4.656513e-01
8.060000e-01 1.116050e+00 1.903809e+00 2.157853e+00 1.336946e+01 5.865505e+03 1.020789e+04 2.53582 4.669438e-01
8.050000e-01 1.116050e+00 1.904888e+00 2.159085e+00 1.337744e+01 5.879498e+03 1.020216e+04 2.53964 4.682321e-01
8.040000e-01 1.116050e+00 1.905969e+00 2.160318e+00 1.338543e+01 5.893437e+03 1.019642e+04 2.54347 4.695170e-01
8.030000e-01 1.116050e+00 1.907052e+00 2.161554e+00 1.339345e+01 5.907338e+03 1.019066e+04 2.54731 4.707998e-01
8.020000e-01 1.116050e+00 1.908138e+00 2.162794e+00 1.340150e+01 5.921207e+03 1.018489e+04 2.55117 4.720810e-01
8.010000e-01 1.116050e+00 1.909227e+00 2.164037e+00 1.340958e+01 5.935034e+03 1.017909e+04 2.55503 4.733598e-01
8.000000e-01 1.116050e+00 1.910317e+00 2.165282e+00 1.341767e+01 5.948804e+03 1.017329e+04 2.5589 4.746349e-01
7.990000e-01 1.116050e+00 1.911408e+00 2.166527e+00 1.342578e+01 5.962506e+03 1.016747e+04 2.56278 4.759053e-01
7.980000e-01 1.116050e+00 1.912497e+00 2.167770e+00 1.343390e+01 5.976122e+03 1.016165e+04 2.56666 4.771698e-01
7.970000e-01 1.116050e+00 1.913586e+00 2.169012e+00 1.344203e+01 5.989657e+03 1.015583e+04 2.57054 4.784288e-01
7.960000e-01 1.116050e+00 1.914674e+00 2.170253e+00 1.345017e+01 6.003125e+03 1.015000e+04 2.57442 4.796836e-01
7.950000e-01 1.116050e+00 1.915764e+00 2.171496e+00 1.345834e+01 6.016559e+03 1.014415e+04 2.57832 4.809368e-01
7.940000e-01 1.116050e+00 1.916858e+00 2.172744e+00 1.346654e+01 6.029969e+03 1.013827e+04 2.58223 4.821893e-01
7.930000e-01 1.116050e+00 1.917956e+00 2.173997e+00 1.347478e+01 6.043356e+03 1.013237e+04 2.58616 4.834407e-01
7.920000e-01 1.116050e+00 1.919057e+00 2.175253e+00 1.348306e+01 6.056711e+03 1.012645e+04 2.5901 4.846906e-01
7.910000e-01 1.116050e+00 1.920196e+00 2.176556e+00 1.349145e+01 6.069991e+03 1.012044e+04 2.59411 4.859294e-01
7.900000e-01 1.116050e+00 1.921302e+00 2.177819e+00 1.349978e+01 6.083259e+03 1.011449e+04 2.59807 4.871736e-01
7.890000e-01 1.116050e+00 1.922409e+00 2.179082e+00 1.350812e+01 6.096469e+03 1.010852e+04 2.60204 4.884142e-01
7.880000e-01 1.116050e+00 1.923516e+00 2.180345e+00 1.351648e+01 6.109621e+03 1.010255e+04 2.60601 4.896510e-01
7.870000e-01 1.116050e+00 1.924625e+00 2.181611e+00 1.352487e+01 6.122733e+03 1.009655e+04 2.61 4.908856e-01
7.860000e-01 1.116050e+00 1.925738e+00 2.182881e+00 1.353328e+01 6.135813e+03 1.009054e+04 2.61399 4.921184e-01
7.850000e-01 1.116050e+00 1.926852e+00 2.184154e+00 1.354173e+01 6.148858e+03 1.008450e+04 2.618 4.933492e-01
7.840000e-01 1.116050e+00 1.927969e+00 2.185428e+00 1.355020e+01 6.161855e+03 1.007845e+04 2.62201 4.945770e-01
7.830000e-01 1.116050e+00 1.929086e+00 2.186704e+00 1.355869e+01 6.174793e+03 1.007239e+04 2.62604 4.958008e-01
7.820000e-01 1.116050e+00 1.930202e+00 2.187978e+00 1.356719e+01 6.187658e+03 1.006632e+04 2.63006 4.970195e-01
7.810000e-01 1.116050e+00 1.931317e+00 2.189250e+00 1.357570e+01 6.200441e+03 1.006024e+04 2.63408 4.982326e-01
7.800000e-01 1.116050e+00 1.932431e+00 2.190521e+00 1.358422e+01 6.213154e+03 1.005416e+04 2.63811 4.994410e-01
7.790000e-01 1.116050e+00 1.933547e+00 2.191793e+00 1.359277e+01 6.225832e+03 1.004805e+04 2.64215 5.006476e-01
7.780000e-01 1.116050e+00 1.934666e+00 2.193070e+00 1.360136e+01 6.238484e+03 1.004192e+04 2.6462 5.018532e-01
7.770000e-01 1.116050e+00 1.935788e+00 2.194350e+00 1.360998e+01 6.251110e+03 1.003576e+04 2.65026 5.030575e-01
7.760000e-01 1.116050e+00 1.936913e+00 2.195634e+00 1.361864e+01 6.263710e+03 1.002958e+04 2.65434 5.042606e-01
7.750000e-01 1.116050e+00 1.938041e+00 2.196921e+00 1.362732e+01 6.276279e+03 1.002338e+04 2.65843 5.054618e-01
7.740000e-01 1.116050e+00 1.939171e+00 2.198210e+00 1.363604e+01 6.288802e+03 1.001715e+04 2.66252 5.066601e-01
7.730000e-01 1.116050e+00 1.940301e+00 2.199500e+00 1.364477e+01 6.301269e+03 1.001092e+04 2.66663 5.078546e-01
7.720000e-01 1.116050e+00 1.941432e+00 2.200791e+00 1.365353e+01 6.313686e+03 1.000466e+04 2.67074 5.090458e-01
7.710000e-01 1.116050e+00 1.942565e+00 2.202084e+00 1.366231e+01 6.326062e+03 9.998393e+03 2.67486 5.102346e-01
7.700000e-01 1.116050e+00 1.943701e+00 2.203380e+00 1.367113e+01 6.338403e+03 9.992100e+03 2.67899 5.114215e-01
7.690000e-01 1.116050e+00 1.944839e+00 2.204679e+00 1.367998e+01 6.350712e+03 9.985784e+03 2.68313 5.126065e-01
7.680000e-01 1.116050e+00 1.945978e+00 2.205980e+00 1.368886e+01 6.362978e+03 9.979449e+03 2.68728 5.137888e-01
7.670000e-01 1.116050e+00 1.947119e+00 2.207282e+00 1.369775e+01 6.375187e+03 9.973101e+03 2.69144 5.149673e-01
7.660000e-01 1.116050e+00 1.948258e+00 2.208582e+00 1.370666e+01 6.387324e+03 9.966743e+03 2.6956 5.161407e-01
7.650000e-01 1.116050e+00 1.949396e+00 2.209880e+00 1.371558e+01 6.399385e+03 9.960380e+03 2.69975 5.173088e-01
7.640000e-01 1.116050e+00 1.950533e+00 2.211177e+00 1.372451e+01 6.411382e+03 9.954006e+03 2.70392 5.184727e-01
7.630000e-01 1.116050e+00 1.951671e+00 2.212476e+00 1.373347e+01 6.423339e+03 9.947612e+03 2.70809 5.196345e-01
7.620000e-01 1.116050e+00 1.952812e+00 2.213778e+00 1.374248e+01 6.435269e+03 9.941190e+03 2.71228 5.207951e-01
7.610000e-01 1.116050e+00 1.953957e+00 2.215083e+00 1.375152e+01 6.447176e+03 9.934741e+03 2.71648 5.219547e-01
7.600000e-01 1.116050e+00 1.955104e+00 2.216393e+00 1.376060e+01 6.459057e+03 9.928267e+03 2.72069 5.231129e-01
7.590000e-01 1.116050e+00 1.956254e+00 2.217706e+00 1.376971e+01 6.470901e+03 9.921769e+03 2.72491 5.242690e-01
7.580000e-01 1.116050e+00 1.957406e+00 2.219020e+00 1.377885e+01 6.482700e+03 9.915251e+03 2.72915 5.254221e-01
7.570000e-01 1.116050e+00 1.958558e+00 2.220335e+00 1.378801e+01 6.494449e+03 9.908718e+03 2.73339 5.265719e-01
7.560000e-01 1.116050e+00 1.959710e+00 2.221651e+00 1.379720e+01 6.506147e+03 9.902169e+03 2.73763 5.277183e-01
7.550000e-01 1.116050e+00 1.960865e+00 2.222968e+00 1.380642e+01 6.517806e+03 9.895597e+03 2.74189 5.288625e-01
7.540000e-01 1.116050e+00 1.962022e+00 2.224289e+00 1.381567e+01 6.529432e+03 9.889003e+03 2.74615 5.300049e-01
7.530000e-01 1.116050e+00 1.963181e+00 2.225613e+00 1.382496e+01 6.541026e+03 9.882385e+03 2.75043 5.311454e-01
7.520000e-01 1.116050e+00 1.964341e+00 2.226938e+00 1.383428e+01 6.552571e+03 9.875747e+03 2.75472 5.322827e-01
7.510000e-01 1.116050e+00 1.965501e+00 2.228263e+00 1.384362e+01 6.564059e+03 9.869096e+03 2.75901 5.334161e-01
7.500000e-01 1.116050e+00 1.966660e+00 2.229587e+00 1.385297e+01 6.575477e+03 9.862434e+03 2.7633 5.345445e-01
7.490000e-01 1.116050e+00 1.967818e+00 2.230908e+00 1.386233e+01 6.586822e+03 9.855767e+03 2.76759 5.356679e-01
7.480000e-01 1.116050e+00 1.968975e+00 2.232228e+00 1.387171e+01 6.598108e+03 9.849085e+03 2.77189 5.367876e-01
7.470000e-01 1.116050e+00 1.970134e+00 2.233551e+00 1.388114e+01 6.609364e+03 9.842378e+03 2.7762 5.379057e-01
7.460000e-01 1.116050e+00 1.971295e+00 2.234877e+00 1.389060e+01 6.620591e+03 9.835643e+03 2.78052 5.390226e-01
7.450000e-01 1.116050e+00 1.972459e+00 2.236206e+00 1.390010e+01 6.631792e+03 9.828879e+03 2.78486 5.401382e-01
7.440000e-01 1.116050e+00 1.973627e+00 2.237539e+00 1.390965e+01 6.642963e+03 9.822090e+03 2.78921 5.412521e-01
7.430000e-01 1.116050e+00 1.974795e+00 2.238874e+00 1.391922e+01 6.654095e+03 9.815275e+03 2.79356 5.423636e-01
7.420000e-01 1.116050e+00 1.975966e+00 2.240211e+00 1.392883e+01 6.665181e+03 9.808442e+03 2.79793 5.434721e-01
7.410000e-01 1.116050e+00 1.977136e+00 2.241547e+00 1.393846e+01 6.676216e+03 9.801590e+03 2.8023 5.445770e-01
7.400000e-01 1.116050e+00 1.978306e+00 2.242884e+00 1.394812e+01 6.687205e+03 9.794717e+03 2.80668 5.456790e-01
7.390000e-01 1.116050e+00 1.979479e+00 2.244224e+00 1.395782e+01 6.698162e+03 9.787819e+03 2.81106 5.467790e-01
7.380000e-01 1.116050e+00 1.980654e+00 2.245566e+00 1.396756e+01 6.709089e+03 9.780891e+03 2.81546 5.478774e-01
7.370000e-01 1.116050e+00 1.981830e+00 2.246910e+00 1.397733e+01 6.719974e+03 9.773939e+03 2.81987 5.489730e-01
7.360000e-01 1.116050e+00 1.983006e+00 2.248254e+00 1.398713e+01 6.730807e+03 9.766968e+03 2.82428 5.500649e-01
7.350000e-01 1.116050e+00 1.984182e+00 2.249597e+00 1.399695e+01 6.741581e+03 9.759981e+03 2.82869 5.511525e-01
7.340000e-01 1.116050e+00 1.985355e+00 2.250937e+00 1.400678e+01 6.752284e+03 9.752985e+03 2.8331 5.522350e-01
7.330000e-01 1.116050e+00 1.986527e+00 2.252275e+00 1.401663e+01 6.762920e+03 9.745976e+03 2.83752 5.533130e-01
7.320000e-01 1.116050e+00 1.987699e+00 2.253614e+00 1.402651e+01 6.773517e+03 9.738943e+03 2.84194 5.543887e-01
7.310000e-01 1.116050e+00 1.988873e+00 2.254954e+00 1.403644e+01 6.784084e+03 9.731879e+03 2.84637 5.554628e-01
7.300000e-01 1.116050e+00 1.990050e+00 2.256298e+00 1.404641e+01 6.794626e+03 9.724783e+03 2.85081 5.565355e-01
7.290000e-01 1.116050e+00 1.991230e+00 2.257645e+00 1.405642e+01 6.805139e+03 9.717656e+03 2.85526 5.576067e-01
7.280000e-01 1.116050e+00 1.992444e+00 2.259036e+00 1.406657e+01 6.815584e+03 9.710421e+03 2.85979 5.586656e-01
7.270000e-01 1.116050e+00 1.993627e+00 2.260387e+00 1.407666e+01 6.826019e+03 9.703237e+03 2.86426 5.597312e-01
7.260000e-01 1.116050e+00 1.994808e+00 2.261737e+00 1.408678e+01 6.836404e+03 9.696032e+03 2.86873 5.607934e-01
7.250000e-01 1.116050e+00 1.995990e+00 2.263087e+00 1.409693e+01 6.846742e+03 9.688805e+03 2.87321 5.618524e-01
7.240000e-01 1.116050e+00 1.997173e+00 2.264439e+00 1.410711e+01 6.857045e+03 9.681549e+03 2.8777 5.629092e-01
7.230000e-01 1.116050e+00 1.998358e+00 2.265793e+00 1.411734e+01 6.867317e+03 9.674262e+03 2.8822 5.639641e-01
7.220000e-01 1.116050e+00 1.999544e+00 2.267148e+00 1.412761e+01 6.877550e+03 9.666945e+03 2.8867 5.650163e-01
7.210000e-01 1.116050e+00 2.000730e+00 2.268504e+00 1.413790e+01 6.887735e+03 9.659606e+03 2.89121 5.660650e-01
7.200000e-01 1.116050e+00 2.001915e+00 2.269858e+00 1.414822e+01 6.897862e+03 9.652249e+03 2.89572 5.671096e-01
7.190000e-01 1.116050e+00 2.003098e+00 2.271210e+00 1.415856e+01 6.907921e+03 9.644880e+03 2.90023 5.681492e-01
7.180000e-01 1.116050e+00 2.004279e+00 2.272558e+00 1.416892e+01 6.917913e+03 9.637496e+03 2.90474 5.691840e-01
7.170000e-01 1.116050e+00 2.005459e+00 2.273905e+00 1.417930e+01 6.927862e+03 9.630086e+03 2.90925 5.702158e-01
7.160000e-01 1.116050e+00 2.006641e+00 2.275255e+00 1.418974e+01 6.937778e+03 9.622643e+03 2.91377 5.712459e-01
7.150000e-01 1.116050e+00 2.007824e+00 2.276607e+00 1.420022e+01 6.947667e+03 9.615165e+03 2.9183 5.722746e-01
7.140000e-01 1.116050e+00 2.009010e+00 2.277962e+00 1.421075e+01 6.957528e+03 9.607651e+03 2.92284 5.733013e-01
7.130000e-01 1.116050e+00 2.010197e+00 2.279318e+00 1.422133e+01 6.967349e+03 9.600107e+03 2.92739 5.743254e-01
7.120000e-01 1.116050e+00 2.011384e+00 2.280674e+00 1.423194e+01 6.977128e+03 9.592533e+03 2.93194 5.753467e-01
7.110000e-01 1.116050e+00 2.012571e+00 2.282032e+00 1.424258e+01 6.986862e+03 9.584937e+03 2.9365 5.763645e-01
7.100000e-01 1.116050e+00 2.013758e+00 2.283388e+00 1.425326e+01 6.996542e+03 9.577318e+03 2.94107 5.773789e-01
7.090000e-01 1.116050e+00 2.014946e+00 2.284745e+00 1.426398e+01 7.006187e+03 9.569665e+03 2.94564 5.783909e-01
7.080000e-01 1.116050e+00 2.016135e+00 2.286105e+00 1.427475e+01 7.015803e+03 9.561979e+03 2.95021 5.794008e-01
7.070000e-01 1.116050e+00 2.017324e+00 2.287464e+00 1.428555e+01 7.025377e+03 9.554259e+03 2.9548 5.804078e-01
7.060000e-01 1.116050e+00 2.018513e+00 2.288823e+00 1.429640e+01 7.034902e+03 9.546512e+03 2.95938 5.814111e-01
7.050000e-01 1.116050e+00 2.019700e+00 2.290180e+00 1.430726e+01 7.044368e+03 9.538746e+03 2.96397 5.824099e-01
7.040000e-01 1.116050e+00 2.020884e+00 2.291534e+00 1.431815e+01 7.053768e+03 9.530964e+03 2.96854 5.834037e-01
7.030000e-01 1.116050e+00 2.022066e+00 2.292884e+00 1.432906e+01 7.063106e+03 9.523164e+03 2.97312 5.843929e-01
7.020000e-01 1.116050e+00 2.023247e+00 2.294233e+00 1.434001e+01 7.072395e+03 9.515334e+03 2.9777 5.853789e-01
7.010000e-01 1.116050e+00 2.024429e+00 2.295583e+00 1.435100e+01 7.081657e+03 9.507467e+03 2.98229 5.863631e-01
7.000000e-01 1.116050e+00 2.025612e+00 2.296936e+00 1.436206e+01 7.090891e+03 9.499559e+03 2.98688 5.873455e-01
6.990000e-01 1.116050e+00 2.026796e+00 2.298288e+00 1.437316e+01 7.100086e+03 9.491609e+03 2.99148 5.883252e-01
6.980000e-01 1.116050e+00 2.027981e+00 2.299643e+00 1.438430e+01 7.109249e+03 9.483627e+03 2.99609 5.893022e-01
6.970000e-01 1.116050e+00 2.029165e+00 2.300996e+00 1.439549e+01 7.118366e+03 9.475609e+03 3.0007 5.902759e-01
6.960000e-01 1.116050e+00 2.030348e+00 2.302348e+00 1.440672e+01 7.127433e+03 9.467564e+03 3.0053 5.912457e-01
6.950000e-01 1.116050e+00 2.031529e+00 2.303697e+00 1.441798e+01 7.136454e+03 9.459486e+03 3.00991 5.922118e-01
6.940000e-01 1.116050e+00 2.032711e+00 2.305049e+00 1.442929e+01 7.145444e+03 9.451369e+03 3.01452 5.931757e-01
6.930000e-01 1.116050e+00 2.033894e+00 2.306400e+00 1.444065e+01 7.154396e+03 9.443212e+03 3.01914 5.941368e-01
6.920000e-01 1.116050e+00 2.035076e+00 2.307751e+00 1.445206e+01 7.163306e+03 9.435021e+03 3.02375 5.950945e-01
6.910000e-01 1.116050e+00 2.036255e+00 2.309100e+00 1.446350e+01 7.172164e+03 9.426797e+03 3.02836 5.960478e-01
6.900000e-01 1.116050e+00 2.037433e+00 2.310445e+00 1.447496e+01 7.180960e+03 9.418553e+03 3.03297 5.969963e-01
6.890000e-01 1.116050e+00 2.038606e+00 2.311785e+00 1.448645e+01 7.189688e+03 9.410287e+03 3.03757 5.979394e-01
6.880000e-01 1.116050e+00 2.039777e+00 2.313123e+00 1.449797e+01 7.198360e+03 9.401999e+03 3.04217 5.988781e-01
6.870000e-01 1.116050e+00 2.040946e+00 2.314457e+00 1.450953e+01 7.206993e+03 9.393668e+03 3.04676 5.998140e-01
6.860000e-01 1.116050e+00 2.042147e+00 2.315832e+00 1.452126e+01 7.215565e+03 9.385212e+03 3.05142 6.007374e-01
6.850000e-01 1.116050e+00 2.043319e+00 2.317170e+00 1.453295e+01 7.224132e+03 9.376787e+03 3.05602 6.016680e-01
6.840000e-01 1.116050e+00 2.044490e+00 2.318507e+00 1.454468e+01 7.232666e+03 9.368324e+03 3.06063 6.025961e-01
6.830000e-01 1.116050e+00 2.045658e+00 2.319842e+00 1.455646e+01 7.241152e+03 9.359819e+03 3.06523 6.035205e-01
6.820000e-01 1.116050e+00 2.046826e+00 2.321176e+00 1.456829e+01 7.249594e+03 9.351280e+03 3.06983 6.044410e-01
6.810000e-01 1.116050e+00 2.047992e+00 2.322508e+00 1.458015e+01 7.257987e+03 9.342706e+03 3.07443 6.053575e-01
6.800000e-01 1.116050e+00 2.049157e+00 2.323838e+00 1.459207e+01 7.266335e+03 9.334092e+03 3.07903 6.062706e-01
6.790000e-01 1.116050e+00 2.050321e+00 2.325168e+00 1.460404e+01 7.274648e+03 9.325435e+03 3.08363 6.071807e-01
6.780000e-01 1.116050e+00 2.051484e+00 2.326497e+00 1.461606e+01 7.282922e+03 9.316734e+03 3.08823 6.080877e-01
6.770000e-01 1.116050e+00 2.052645e+00 2.327824e+00 1.462813e+01 7.291143e+03 9.308000e+03 3.09283 6.089903e-01
6.760000e-01 1.116050e+00 2.053804e+00 2.329147e+00 1.464022e+01 7.299303e+03 9.299238e+03 3.09741 6.098880e-01
6.750000e-01 1.116050e+00 2.054958e+00 2.330466e+00 1.465235e+01 7.307401e+03 9.290453e+03 3.10199 6.107805e-01
6.740000e-01 1.116050e+00 2.056108e+00 2.331779e+00 1.466451e+01 7.315430e+03 9.281645e+03 3.10656 6.116678e-01
6.730000e-01 1.116050e+00 2.057256e+00 2.333089e+00 1.467671e+01 7.323410e+03 9.272803e+03 3.11113 6.125513e-01
6.720000e-01 1.116050e+00 2.058403e+00 2.334399e+00 1.468897e+01 7.331356e+03 9.263912e+03 3.1157 6.134322e-01
6.710000e-01 1.116050e+00 2.059550e+00 2.335709e+00 1.470130e+01 7.339265e+03 9.254973e+03 3.12027 6.143105e-01
6.700000e-01 1.116050e+00 2.060696e+00 2.337019e+00 1.471368e+01 7.347132e+03 9.245991e+03 3.12485 6.151855e-01
6.690000e-01 1.116050e+00 2.061842e+00 2.338328e+00 1.472612e+01 7.354956e+03 9.236967e+03 3.12942 6.160572e-01
6.680000e-01 1.116050e+00 2.062985e+00 2.339634e+00 1.473862e+01 7.362731e+03 9.227904e+03 3.13399 6.169247e-01
6.670000e-01 1.116050e+00 2.064125e+00 2.340938e+00 1.475115e+01 7.370450e+03 9.218807e+03 3.13856 6.177878e-01
6.660000e-01 1.116050e+00 2.065264e+00 2.342239e+00 1.476374e+01 7.378123e+03 9.209670e+03 3.14312 6.186473e-01
6.650000e-01 1.116050e+00 2.066401e+00 2.343539e+00 1.477639e+01 7.385755e+03 9.200485e+03 3.14768 6.195034e-01
6.640000e-01 1.116050e+00 2.067536e+00 2.344837e+00 1.478910e+01 7.393344e+03 9.191255e+03 3.15224 6.203560e-01
6.630000e-01 1.116050e+00 2.068670e+00 2.346134e+00 1.480186e+01 7.400881e+03 9.181988e+03 3.15679 6.212043e-01
6.620000e-01 1.116050e+00 2.069799e+00 2.347426e+00 1.481467e+01 7.408357e+03 9.172688e+03 3.16134 6.220475e-01
6.610000e-01 1.116050e+00 2.070924e+00 2.348712e+00 1.482750e+01 7.415768e+03 9.163363e+03 3.16587 6.228851e-01
6.600000e-01 1.116050e+00 2.072044e+00 2.349991e+00 1.484037e+01 7.423110e+03 9.154010e+03 3.17039 6.237172e-01
6.590000e-01 1.116050e+00 2.073160e+00 2.351267e+00 1.485328e+01 7.430396e+03 9.144622e+03 3.1749 6.245448e-01
6.580000e-01 1.116050e+00 2.074273e+00 2.352539e+00 1.486626e+01 7.437646e+03 9.135180e+03 3.1794 6.253693e-01
6.570000e-01 1.116050e+00 2.075414e+00 2.353845e+00 1.487941e+01 7.444826e+03 9.125597e+03 3.18395 6.261802e-01
6.560000e-01 1.116050e+00 2.076525e+00 2.355117e+00 1.489254e+01 7.451991e+03 9.116045e+03 3.18846 6.269971e-01
6.550000e-01 1.116050e+00 2.077633e+00 2.356384e+00 1.490572e+01 7.459109e+03 9.106446e+03 3.19295 6.278102e-01
6.540000e-01 1.116050e+00 2.078737e+00 2.357647e+00 1.491895e+01 7.466179e+03 9.096800e+03 3.19743 6.286187e-01
6.530000e-01 1.116050e+00 2.079837e+00 2.358904e+00 1.493224e+01 7.473192e+03 9.087109e+03 3.2019 6.294219e-01
6.520000e-01 1.116050e+00 2.080933e+00 2.360158e+00 1.494559e+01 7.480157e+03 9.077370e+03 3.20635 6.302208e-01
6.510000e-01 1.116050e+00 2.082026e+00 2.361408e+00 1.495900e+01 7.487078e+03 9.067574e+03 3.2108 6.310154e-01
6.500000e-01 1.116050e+00 2.083116e+00 2.362653e+00 1.497249e+01 7.493954e+03 9.057721e+03 3.21523 6.318056e-01
6.490000e-01 1.116050e+00 2.084201e+00 2.363895e+00 1.498602e+01 7.500777e+03 9.047822e+03 3.21965 6.325907e-01
6.480000e-01 1.116050e+00 2.085281e+00 2.365129e+00 1.499960e+01 7.507538e+03 9.037883e+03 3.22405 6.333697e-01
6.470000e-01 1.116050e+00 2.086354e+00 2.366356e+00 1.501322e+01 7.514231e+03 9.027909e+03 3.22843 6.341426e-01
6.460000e-01 1.116050e+00 2.087420e+00 2.367573e+00 1.502688e+01 7.520855e+03 9.017900e+03 3.23278 6.349092e-01
6.450000e-01 1.116050e+00 2.088480e+00 2.368785e+00 1.504059e+01 7.527426e+03 9.007845e+03 3.23712 6.356706e-01
6.440000e-01 1.116050e+00 2.089537e+00 2.369992e+00 1.505438e+01 7.533954e+03 8.997722e+03 3.24145 6.364279e-01
6.430000e-01 1.116050e+00 2.088787e+00 2.369182e+00 1.506137e+01 7.545152e+03 8.993653e+03 3.24231 6.380009e-01
6.420000e-01 1.116050e+00 2.091642e+00 2.372397e+00 1.508219e+01 7.546876e+03 8.977297e+03 3.25007 6.379288e-01
6.410000e-01 1.116050e+00 2.090861e+00 2.371554e+00 1.508921e+01 7.558021e+03 8.973194e+03 3.25085 6.395022e-01
6.400000e-01 1.116050e+00 2.093725e+00 2.374778e+00 1.511027e+01 7.559598e+03 8.956638e+03 3.25861 6.394098e-01
6.390000e-01 1.116050e+00 2.092913e+00 2.373898e+00 1.511731e+01 7.570675e+03 8.952504e+03 3.25931 6.409812e-01
6.380000e-01 1.116050e+00 2.095787e+00 2.377132e+00 1.513860e+01 7.572097e+03 8.935767e+03 3.26708 6.408688e-01
6.370000e-01 1.116050e+00 2.094946e+00 2.376222e+00 1.514567e+01 7.583119e+03 8.931598e+03 3.2677 6.424397e-01
6.360000e-01 1.116050e+00 2.097828e+00 2.379465e+00 1.516722e+01 7.584398e+03 8.914652e+03 3.27548 6.423075e-01
6.350000e-01 1.116050e+00 2.096956e+00 2.378521e+00 1.517432e+01 7.595356e+03 8.910450e+03 3.27601 6.438767e-01
6.340000e-01 1.116050e+00 2.099870e+00 2.381800e+00 1.519618e+01 7.596429e+03 8.893247e+03 3.28382 6.437118e-01
6.330000e-01 1.116050e+00 2.098947e+00 2.380796e+00 1.520324e+01 7.607311e+03 8.889062e+03 3.28423 6.452811e-01
6.320000e-01 1.116050e+00 2.101857e+00 2.384069e+00 1.522522e+01 7.608208e+03 8.871773e+03 3.29203 6.450995e-01
6.310000e-01 1.116050e+00 2.100899e+00 2.383026e+00 1.523230e+01 7.619016e+03 8.867564e+03 3.29234 6.466668e-01
6.300000e-01 1.116050e+00 2.103820e+00 2.386311e+00 1.525455e+01 7.619760e+03 8.850078e+03 3.30016 6.464663e-01
6.290000e-01 1.116050e+00 2.102835e+00 2.385240e+00 1.526168e+01 7.630521e+03 8.845832e+03 3.30041 6.480351e-01
6.280000e-01 1.116050e+00 2.105764e+00 2.388532e+00 1.528423e+01 7.631107e+03 8.828122e+03 3.30822 6.478134e-01
6.270000e-01 1.116050e+00 2.104748e+00 2.387428e+00 1.529139e+01 7.641805e+03 8.823846e+03 3.30839 6.493817e-01
6.260000e-01 1.116050e+00 2.107684e+00 2.390728e+00 1.531419e+01 7.642214e+03 8.805946e+03 3.31621 6.491382e-01
6.250000e-01 1.116050e+00 2.106634e+00 2.389585e+00 1.532139e+01 7.652845e+03 8.801641e+03 3.31629 6.507052e-01
6.240000e-01 1.116050e+00 2.109579e+00 2.392894e+00 1.534446e+01 7.653082e+03 8.783544e+03 3.32411 6.504397e-01
6.230000e-01 1.116050e+00 2.108497e+00 2.391718e+00 1.535169e+01 7.663655e+03 8.779204e+03 3.32411 6.520069e-01
6.220000e-01 1.116050e+00 2.111448e+00 2.395034e+00 1.537505e+01 7.663720e+03 8.760888e+03 3.33192 6.517186e-01
6.210000e-01 1.116050e+00 2.110328e+00 2.393815e+00 1.538231e+01 7.674219e+03 8.756519e+03 3.33181 6.532832e-01
6.200000e-01 1.116050e+00 2.113305e+00 2.397159e+00 1.540600e+01 7.674052e+03 8.737938e+03 3.33963 6.529587e-01
6.190000e-01 1.116050e+00 2.112130e+00 2.395876e+00 1.541321e+01 7.684476e+03 8.733580e+03 3.33937 6.545227e-01
6.180000e-01 1.116050e+00 2.115100e+00 2.399210e+00 1.543708e+01 7.684130e+03 8.714868e+03 3.34715 6.541781e-01
6.170000e-01 1.116050e+00 2.113884e+00 2.397882e+00 1.544432e+01 7.694493e+03 8.710471e+03 3.34678 6.557411e-01
6.160000e-01 1.116050e+00 2.116859e+00 2.401220e+00 1.546852e+01 7.693985e+03 8.691484e+03 3.35454 6.553713e-01
6.150000e-01 1.116050e+00 2.115607e+00 2.399853e+00 1.547581e+01 7.704297e+03 8.687043e+03 3.35407 6.569345e-01
6.140000e-01 1.116050e+00 2.118585e+00 2.403193e+00 1.550033e+01 7.703605e+03 8.667795e+03 3.36179 6.565375e-01
6.130000e-01 1.116050e+00 2.117292e+00 2.401780e+00 1.550765e+01 7.713852e+03 8.663317e+03 3.3612 6.580989e-01
6.120000e-01 1.116050e+00 2.120274e+00 2.405122e+00 1.553247e+01 7.712966e+03 8.643832e+03 3.36888 6.576744e-01
6.110000e-01 1.116050e+00 2.118940e+00 2.403665e+00 1.553982e+01 7.723149e+03 8.639316e+03 3.36818 6.592344e-01
6.100000e-01 1.116050e+00 2.121925e+00 2.407009e+00 1.556496e+01 7.722076e+03 8.619578e+03 3.37583 6.587824e-01
6.090000e-01 1.116050e+00 2.120550e+00 2.405507e+00 1.557235e+01 7.732201e+03 8.615019e+03 3.37501 6.603415e-01
6.080000e-01 1.116050e+00 2.123558e+00 2.408877e+00 1.559792e+01 7.730893e+03 8.594939e+03 3.38265 6.598498e-01
6.070000e-01 1.116050e+00 2.122127e+00 2.407310e+00 1.560527e+01 7.740947e+03 8.590384e+03 3.38167 6.614084e-01
6.060000e-01 1.116050e+00 2.125123e+00 2.410663e+00 1.563103e+01 7.739434e+03 8.570164e+03 3.38924 6.608925e-01
6.050000e-01 1.116050e+00 2.123641e+00 2.409038e+00 1.563839e+01 7.749403e+03 8.565580e+03 3.38811 6.624469e-01
6.040000e-01 1.116050e+00 2.126642e+00 2.412396e+00 1.566446e+01 7.747686e+03 8.545134e+03 3.39566 6.619034e-01
6.030000e-01 1.116050e+00 2.125122e+00 2.410732e+00 1.567187e+01 7.757604e+03 8.540509e+03 3.39443 6.634592e-01
6.020000e-01 1.116050e+00 2.128126e+00 2.414092e+00 1.569833e+01 7.755680e+03 8.519784e+03 3.40195 6.628880e-01
6.010000e-01 1.116050e+00 2.126568e+00 2.412387e+00 1.570580e+01 7.765535e+03 8.515124e+03 3.40062 6.644439e-01
6.000000e-01 1.116050e+00 2.129573e+00 2.415746e+00 1.573261e+01 7.763392e+03 8.494158e+03 3.4081 6.638438e-01
5.990000e-01 1.116050e+00 2.130293e+00 2.416570e+00 1.574995e+01 7.767113e+03 8.481188e+03 3.41113 6.643041e-01
5.980000e-01 1.116050e+00 2.130990e+00 2.417368e+00 1.576733e+01 7.770785e+03 8.468193e+03 3.4141 6.647620e-01
5.970000e-01 1.116050e+00 2.131673e+00 2.418151e+00 1.578482e+01 7.774389e+03 8.455113e+03 3.41702 6.652114e-01
5.960000e-01 1.116050e+00 2.132344e+00 2.418918e+00 1.580242e+01 7.777924e+03 8.441940e+03 3.41988 6.656518e-01
5.950000e-01 1.116050e+00 2.133001e+00 2.419669e+00 1.582012e+01 7.781381e+03 8.428690e+03 3.42268 6.660821e-01
5.940000e-01 1.116050e+00 2.133642e+00 2.420402e+00 1.583788e+01 7.784755e+03 8.415380e+03 3.42541 6.665022e-01
5.930000e-01 1.116050e+00 2.134269e+00 2.421118e+00 1.585571e+01 7.788044e+03 8.402013e+03 3.42808 6.669126e-01
5.920000e-01 1.116050e+00 2.134881e+00 2.421816e+00 1.587363e+01 7.791251e+03 8.388574e+03 3.4307 6.673136e-01
5.910000e-01 1.116050e+00 2.135480e+00 2.422501e+00 1.589167e+01 7.794391e+03 8.375042e+03 3.43326 6.677061e-01
5.900000e-01 1.116050e+00 2.136087e+00 2.423195e+00 1.590995e+01 7.797424e+03 8.361321e+03 3.4358 6.680791e-01
5.890000e-01 1.116050e+00 2.136660e+00 2.423849e+00 1.592826e+01 7.800415e+03 8.347583e+03 3.43824 6.684522e-01
5.880000e-01 1.116050e+00 2.137218e+00 2.424486e+00 1.594667e+01 7.803332e+03 8.333757e+03 3.44062 6.688158e-01
5.870000e-01 1.116050e+00 2.137760e+00 2.425105e+00 1.596519e+01 7.806171e+03 8.319844e+03 3.44293 6.691687e-01
5.860000e-01 1.116050e+00 2.138285e+00 2.425705e+00 1.598382e+01 7.808928e+03 8.305839e+03 3.44517 6.695112e-01
5.850000e-01 1.116050e+00 2.138797e+00 2.426289e+00 1.600258e+01 7.811604e+03 8.291747e+03 3.44735 6.698443e-01
5.840000e-01 1.116050e+00 2.139299e+00 2.426862e+00 1.602145e+01 7.814204e+03 8.277580e+03 3.44949 6.701692e-01
5.830000e-01 1.116050e+00 2.139787e+00 2.427421e+00 1.604045e+01 7.816723e+03 8.263332e+03 3.45159 6.704857e-01
5.820000e-01 1.116050e+00 2.140262e+00 2.427964e+00 1.605956e+01 7.819148e+03 8.249022e+03 3.45363 6.707930e-01
5.810000e-01 1.116050e+00 2.140725e+00 2.428494e+00 1.607873e+01 7.821486e+03 8.234673e+03 3.45563 6.710915e-01
5.800000e-01 1.116050e+00 2.141170e+00 2.429003e+00 1.609799e+01 7.823732e+03 8.220262e+03 3.45755 6.713793e-01
5.790000e-01 1.116050e+00 2.141595e+00 2.429489e+00 1.611738e+01 7.825889e+03 8.205756e+03 3.4594 6.716559e-01
5.780000e-01 1.116050e+00 2.142025e+00 2.429981e+00 1.613701e+01 7.827932e+03 8.191057e+03 3.4612 6.719115e-01
5.770000e-01 1.116050e+00 2.142418e+00 2.430430e+00 1.615669e+01 7.829933e+03 8.176318e+03 3.46289 6.721650e-01
5.760000e-01 1.116050e+00 2.142791e+00 2.430856e+00 1.617651e+01 7.831845e+03 8.161470e+03 3.4645 6.724071e-01
5.750000e-01 1.116050e+00 2.143149e+00 2.431266e+00 1.619646e+01 7.833673e+03 8.146536e+03 3.46604 6.726386e-01
5.740000e-01 1.116050e+00 2.143491e+00 2.431656e+00 1.621653e+01 7.835414e+03 8.131515e+03 3.46751 6.728589e-01
5.730000e-01 1.116050e+00 2.143811e+00 2.432021e+00 1.623673e+01 7.837064e+03 8.116387e+03 3.46889 6.730665e-01
5.720000e-01 1.116050e+00 2.144112e+00 2.432364e+00 1.625708e+01 7.838626e+03 8.101150e+03 3.47018 6.732618e-01
5.710000e-01 1.116050e+00 2.144395e+00 2.432687e+00 1.627757e+01 7.840105e+03 8.085806e+03 3.47138 6.734447e-01
5.700000e-01 1.116050e+00 2.144658e+00 2.432988e+00 1.629820e+01 7.841488e+03 8.070361e+03 3.4725 6.736154e-01
5.690000e-01 1.116050e+00 2.144908e+00 2.433273e+00 1.631894e+01 7.842771e+03 8.054867e+03 3.47358 6.737770e-01
5.680000e-01 1.116050e+00 2.145165e+00 2.433567e+00 1.633987e+01 7.843919e+03 8.039259e+03 3.47463 6.739195e-01
5.670000e-01 1.116050e+00 2.145387e+00 2.433822e+00 1.636081e+01 7.845008e+03 8.023676e+03 3.47561 6.740625e-01
5.660000e-01 1.116050e+00 2.145591e+00 2.434054e+00 1.638190e+01 7.846001e+03 8.007991e+03 3.47651 6.741949e-01
5.650000e-01 1.116050e+00 2.145776e+00 2.434268e+00 1.640315e+01 7.846913e+03 7.992191e+03 3.47733 6.743152e-01
5.640000e-01 1.116050e+00 2.145938e+00 2.434453e+00 1.642458e+01 7.847729e+03 7.976260e+03 3.47804 6.744210e-01
5.630000e-01 1.116050e+00 2.146077e+00 2.434611e+00 1.644617e+01 7.848442e+03 7.960208e+03 3.47864 6.745128e-01
5.620000e-01 1.116050e+00 2.146199e+00 2.434752e+00 1.646790e+01 7.849067e+03 7.944070e+03 3.47918 6.745924e-01
5.610000e-01 1.116050e+00 2.146300e+00 2.434867e+00 1.648978e+01 7.849590e+03 7.927834e+03 3.47961 6.746589e-01
5.600000e-01 1.116050e+00 2.146377e+00 2.434954e+00 1.651182e+01 7.850012e+03 7.911478e+03 3.47994 6.747111e-01
5.590000e-01 1.116050e+00 2.146433e+00 2.435017e+00 1.653402e+01 7.850342e+03 7.895008e+03 3.48017 6.747490e-01
5.580000e-01 1.116050e+00 2.146481e+00 2.435072e+00 1.655651e+01 7.850527e+03 7.878329e+03 3.48031 6.747613e-01
5.570000e-01 1.116050e+00 2.146498e+00 2.435091e+00 1.657903e+01 7.850645e+03 7.861666e+03 3.48038 6.747731e-01
5.560000e-01 1.116050e+00 2.146503e+00 2.435098e+00 1.660164e+01 7.850667e+03 7.844983e+03 3.4804 6.747772e-01
5.563714e-01 1.116050e+00 2.146314e+00 2.434902e+00 1.659251e+01 7.851274e+03 7.851722e+03 3.47993 6.748566e-01
