1.000000e+00 1.165220e+00 1.756797e+00 1.994524e+00 1.204718e+01 0.000000e+00 1.155651e+04 0 0.000000e+00
9.990000e-01 1.165220e+00 1.771732e+00 2.015695e+00 1.208245e+01 4.287823e+02 1.150871e+04 2.00345 3.113920e-02
9.980000e-01 1.165220e+00 1.772275e+00 2.016278e+00 1.208707e+01 6.093680e+02 1.149162e+04 2.00682 4.430096e-02
9.970000e-01 1.165220e+00 1.772953e+00 2.017014e+00 1.209206e+01 7.467484e+02 1.147784e+04 2.00967 5.432401e-02
9.960000e-01 1.165220e+00 1.773630e+00 2.017745e+00 1.209707e+01 8.627412e+02 1.146583e+04 2.01227 6.279547e-02
9.950000e-01 1.165220e+00 1.774323e+00 2.018499e+00 1.210212e+01 9.661872e+02 1.145485e+04 2.01479 7.035806e-02
9.940000e-01 1.165220e+00 1.775039e+00 2.019286e+00 1.210721e+01 1.061023e+03 1.144460e+04 2.01727 7.729677e-02
9.930000e-01 1.165220e+00 1.775779e+00 2.020110e+00 1.211232e+01 1.149199e+03 1.143493e+04 2.01974 8.375286e-02
9.920000e-01 1.165220e+00 1.776538e+00 2.020964e+00 1.211744e+01 1.231859e+03 1.142573e+04 2.02219 8.980935e-02
9.910000e-01 1.165220e+00 1.777311e+00 2.021839e+00 1.212256e+01 1.309612e+03 1.141695e+04 2.02464 9.551054e-02
9.900000e-01 1.165220e+00 1.778091e+00 2.022726e+00 1.212767e+01 1.383041e+03 1.140854e+04 2.02709 1.008991e-01
9.890000e-01 1.165220e+00 1.778873e+00 2.023619e+00 1.213277e+01 1.452600e+03 1.140046e+04 2.02953 1.060082e-01
9.880000e-01 1.165220e+00 1.779655e+00 2.024511e+00 1.213787e+01 1.518640e+03 1.139267e+04 2.03197 1.108636e-01
9.870000e-01 1.165220e+00 1.780431e+00 2.025397e+00 1.214295e+01 1.581502e+03 1.138514e+04 2.03441 1.154902e-01
9.860000e-01 1.165220e+00 1.781202e+00 2.026275e+00 1.214803e+01 1.641630e+03 1.137783e+04 2.03684 1.199206e-01
9.850000e-01 1.165220e+00 1.781974e+00 2.027153e+00 1.215313e+01 1.699585e+03 1.137068e+04 2.03929 1.241956e-01
9.840000e-01 1.165220e+00 1.782751e+00 2.028037e+00 1.215825e+01 1.755841e+03 1.136366e+04 2.04175 1.283495e-01
9.830000e-01 1.165220e+00 1.783535e+00 2.028932e+00 1.216340e+01 1.810576e+03 1.135676e+04 2.04423 1.323947e-01
9.820000e-01 1.165220e+00 1.784325e+00 2.029835e+00 1.216857e+01 1.863821e+03 1.134997e+04 2.04672 1.363333e-01
9.810000e-01 1.165220e+00 1.785118e+00 2.030742e+00 1.217374e+01 1.915532e+03 1.134330e+04 2.04921 1.401620e-01
9.800000e-01 1.165220e+00 1.785910e+00 2.031648e+00 1.217891e+01 1.965720e+03 1.133675e+04 2.05171 1.438817e-01
9.790000e-01 1.165220e+00 1.786699e+00 2.032549e+00 1.218407e+01 2.014416e+03 1.133032e+04 2.0542 1.474947e-01
9.780000e-01 1.165220e+00 1.787481e+00 2.033441e+00 1.218922e+01 2.061585e+03 1.132401e+04 2.05668 1.509986e-01
9.770000e-01 1.165220e+00 1.788254e+00 2.034319e+00 1.219436e+01 2.107298e+03 1.131781e+04 2.05915 1.543987e-01
9.760000e-01 1.165220e+00 1.789021e+00 2.035188e+00 1.219951e+01 2.151801e+03 1.131170e+04 2.06162 1.577132e-01
9.750000e-01 1.165220e+00 1.789788e+00 2.036055e+00 1.220468e+01 2.195437e+03 1.130564e+04 2.0641 1.609669e-01
9.740000e-01 1.165220e+00 1.790560e+00 2.036928e+00 1.220988e+01 2.238413e+03 1.129961e+04 2.0666 1.641749e-01
9.730000e-01 1.165220e+00 1.791339e+00 2.037811e+00 1.221512e+01 2.280831e+03 1.129361e+04 2.06912 1.673439e-01
9.720000e-01 1.165220e+00 1.792127e+00 2.038705e+00 1.222039e+01 2.322706e+03 1.128765e+04 2.07165 1.704749e-01
9.710000e-01 1.165220e+00 1.792922e+00 2.039608e+00 1.222568e+01 2.364002e+03 1.128171e+04 2.0742 1.735650e-01
9.700000e-01 1.165220e+00 1.793723e+00 2.040519e+00 1.223099e+01 2.404670e+03 1.127583e+04 2.07675 1.766107e-01
9.690000e-01 1.165220e+00 1.794526e+00 2.041434e+00 1.223630e+01 2.444669e+03 1.126998e+04 2.07931 1.796088e-01
9.680000e-01 1.165220e+00 1.795331e+00 2.042351e+00 1.224161e+01 2.483955e+03 1.126420e+04 2.08188 1.825564e-01
9.670000e-01 1.165220e+00 1.796134e+00 2.043266e+00 1.224692e+01 2.522497e+03 1.125846e+04 2.08444 1.854512e-01
9.660000e-01 1.165220e+00 1.796936e+00 2.044179e+00 1.225224e+01 2.560348e+03 1.125278e+04 2.087 1.882972e-01
9.650000e-01 1.165220e+00 1.797739e+00 2.045093e+00 1.225756e+01 2.597634e+03 1.124713e+04 2.08957 1.911037e-01
9.640000e-01 1.165220e+00 1.798546e+00 2.046012e+00 1.226291e+01 2.634479e+03 1.124151e+04 2.09215 1.938797e-01
9.630000e-01 1.165220e+00 1.799359e+00 2.046938e+00 1.226827e+01 2.670907e+03 1.123592e+04 2.09475 1.966267e-01
9.620000e-01 1.165220e+00 1.800175e+00 2.047869e+00 1.227366e+01 2.706883e+03 1.123035e+04 2.09735 1.993421e-01
9.610000e-01 1.165220e+00 1.800993e+00 2.048803e+00 1.227905e+01 2.742361e+03 1.122482e+04 2.09996 2.020224e-01
9.600000e-01 1.165220e+00 1.801811e+00 2.049737e+00 1.228444e+01 2.777317e+03 1.121933e+04 2.10258 2.046659e-01
9.590000e-01 1.165220e+00 1.802628e+00 2.050669e+00 1.228983e+01 2.811722e+03 1.121388e+04 2.10519 2.072708e-01
9.580000e-01 1.165220e+00 1.803442e+00 2.051596e+00 1.229522e+01 2.845529e+03 1.120847e+04 2.1078 2.098335e-01
9.570000e-01 1.165220e+00 1.804250e+00 2.052516e+00 1.230060e+01 2.878739e+03 1.120310e+04 2.1104 2.123543e-01
9.560000e-01 1.165220e+00 1.805057e+00 2.053431e+00 1.230599e+01 2.911476e+03 1.119776e+04 2.11301 2.148426e-01
9.550000e-01 1.165220e+00 1.805864e+00 2.054347e+00 1.231140e+01 2.943887e+03 1.119243e+04 2.11563 2.173089e-01
9.540000e-01 1.165220e+00 1.806677e+00 2.055269e+00 1.231684e+01 2.976058e+03 1.118709e+04 2.11826 2.197595e-01
9.530000e-01 1.165220e+00 1.807495e+00 2.056199e+00 1.232231e+01 3.008004e+03 1.118175e+04 2.12091 2.221951e-01
9.520000e-01 1.165220e+00 1.808319e+00 2.057136e+00 1.232781e+01 3.039709e+03 1.117642e+04 2.12358 2.246143e-01
9.510000e-01 1.165220e+00 1.809148e+00 2.058079e+00 1.233332e+01 3.071144e+03 1.117111e+04 2.12625 2.270148e-01
9.500000e-01 1.165220e+00 1.809980e+00 2.059026e+00 1.233884e+01 3.102274e+03 1.116581e+04 2.12893 2.293942e-01
9.490000e-01 1.165220e+00 1.810814e+00 2.059977e+00 1.234437e+01 3.133082e+03 1.116052e+04 2.13162 2.317511e-01
9.480000e-01 1.165220e+00 1.811649e+00 2.060929e+00 1.234991e+01 3.163540e+03 1.115527e+04 2.13431 2.340835e-01
9.470000e-01 1.165220e+00 1.812484e+00 2.061880e+00 1.235545e+01 3.193635e+03 1.115003e+04 2.13701 2.363907e-01
9.460000e-01 1.165220e+00 1.813319e+00 2.062831e+00 1.236100e+01 3.223420e+03 1.114481e+04 2.13971 2.386768e-01
9.450000e-01 1.165220e+00 1.814157e+00 2.063786e+00 1.236657e+01 3.252963e+03 1.113960e+04 2.14242 2.409465e-01
9.440000e-01 1.165220e+00 1.815000e+00 2.064746e+00 1.237216e+01 3.282313e+03 1.113439e+04 2.14514 2.432036e-01
9.430000e-01 1.165220e+00 1.815846e+00 2.065712e+00 1.237777e+01 3.311446e+03 1.112918e+04 2.14788 2.454459e-01
9.420000e-01 1.165220e+00 1.816696e+00 2.066681e+00 1.238339e+01 3.340320e+03 1.112398e+04 2.15062 2.476704e-01
9.410000e-01 1.165220e+00 1.817546e+00 2.067652e+00 1.238902e+01 3.368898e+03 1.111880e+04 2.15336 2.498744e-01
9.400000e-01 1.165220e+00 1.818396e+00 2.068622e+00 1.239465e+01 3.397150e+03 1.111365e+04 2.15611 2.520555e-01
9.390000e-01 1.165220e+00 1.819244e+00 2.069588e+00 1.240027e+01 3.425045e+03 1.110852e+04 2.15886 2.542118e-01
9.380000e-01 1.165220e+00 1.820088e+00 2.070550e+00 1.240589e+01 3.452562e+03 1.110341e+04 2.1616 2.563417e-01
9.370000e-01 1.165220e+00 1.820929e+00 2.071506e+00 1.241150e+01 3.479753e+03 1.109833e+04 2.16434 2.584493e-01
9.360000e-01 1.165220e+00 1.821771e+00 2.072463e+00 1.241714e+01 3.506724e+03 1.109325e+04 2.16709 2.605424e-01
9.350000e-01 1.165220e+00 1.822616e+00 2.073424e+00 1.242280e+01 3.533552e+03 1.108817e+04 2.16985 2.626267e-01
9.340000e-01 1.165220e+00 1.823466e+00 2.074391e+00 1.242849e+01 3.560268e+03 1.108308e+04 2.17263 2.647043e-01
9.330000e-01 1.165220e+00 1.824322e+00 2.075365e+00 1.243421e+01 3.586857e+03 1.107799e+04 2.17543 2.667738e-01
9.320000e-01 1.165220e+00 1.825182e+00 2.076345e+00 1.243995e+01 3.613297e+03 1.107289e+04 2.17823 2.688333e-01
9.310000e-01 1.165220e+00 1.826046e+00 2.077330e+00 1.244570e+01 3.639558e+03 1.106780e+04 2.18105 2.708807e-01
9.300000e-01 1.165220e+00 1.826912e+00 2.078317e+00 1.245146e+01 3.665617e+03 1.106272e+04 2.18387 2.729144e-01
9.290000e-01 1.165220e+00 1.827779e+00 2.079306e+00 1.245723e+01 3.691454e+03 1.105765e+04 2.1867 2.749326e-01
9.280000e-01 1.165220e+00 1.828646e+00 2.080294e+00 1.246301e+01 3.717052e+03 1.105260e+04 2.18953 2.769345e-01
9.270000e-01 1.165220e+00 1.829514e+00 2.081283e+00 1.246879e+01 3.742445e+03 1.104755e+04 2.19236 2.789226e-01
9.260000e-01 1.165220e+00 1.830384e+00 2.082275e+00 1.247459e+01 3.767679e+03 1.104251e+04 2.19521 2.809004e-01
9.250000e-01 1.165220e+00 1.831258e+00 2.083272e+00 1.248041e+01 3.792802e+03 1.103746e+04 2.19806 2.828713e-01
9.240000e-01 1.165220e+00 1.832136e+00 2.084275e+00 1.248626e+01 3.817801e+03 1.103241e+04 2.20094 2.848343e-01
9.230000e-01 1.165220e+00 1.833018e+00 2.085281e+00 1.249213e+01 3.842646e+03 1.102735e+04 2.20382 2.867871e-01
9.220000e-01 1.165220e+00 1.833901e+00 2.086290e+00 1.249800e+01 3.867306e+03 1.102231e+04 2.2067 2.887273e-01
9.210000e-01 1.165220e+00 1.834785e+00 2.087298e+00 1.250388e+01 3.891748e+03 1.101727e+04 2.20959 2.906525e-01
9.200000e-01 1.165220e+00 1.835667e+00 2.088305e+00 1.250976e+01 3.915943e+03 1.101225e+04 2.21248 2.925607e-01
9.190000e-01 1.165220e+00 1.836546e+00 2.089307e+00 1.251563e+01 3.939875e+03 1.100725e+04 2.21537 2.944507e-01
9.180000e-01 1.165220e+00 1.837423e+00 2.090305e+00 1.252150e+01 3.963575e+03 1.100226e+04 2.21826 2.963251e-01
9.170000e-01 1.165220e+00 1.838300e+00 2.091305e+00 1.252740e+01 3.987127e+03 1.099727e+04 2.22115 2.981901e-01
9.160000e-01 1.165220e+00 1.839182e+00 2.092308e+00 1.253331e+01 4.010586e+03 1.099226e+04 2.22406 3.000498e-01
9.150000e-01 1.165220e+00 1.840068e+00 2.093317e+00 1.253926e+01 4.033974e+03 1.098725e+04 2.22699 3.019056e-01
9.140000e-01 1.165220e+00 1.840959e+00 2.094333e+00 1.254524e+01 4.057279e+03 1.098223e+04 2.22993 3.037565e-01
9.130000e-01 1.165220e+00 1.841854e+00 2.095354e+00 1.255123e+01 4.080480e+03 1.097720e+04 2.23288 3.056007e-01
9.120000e-01 1.165220e+00 1.842752e+00 2.096378e+00 1.255724e+01 4.103548e+03 1.097217e+04 2.23585 3.074360e-01
9.110000e-01 1.165220e+00 1.843652e+00 2.097405e+00 1.256326e+01 4.126466e+03 1.096715e+04 2.23881 3.092611e-01
9.100000e-01 1.165220e+00 1.844553e+00 2.098433e+00 1.256928e+01 4.149214e+03 1.096214e+04 2.24179 3.110747e-01
9.090000e-01 1.165220e+00 1.845454e+00 2.099461e+00 1.257531e+01 4.171782e+03 1.095713e+04 2.24476 3.128760e-01
9.080000e-01 1.165220e+00 1.846356e+00 2.100490e+00 1.258135e+01 4.194203e+03 1.095213e+04 2.24774 3.146675e-01
9.070000e-01 1.165220e+00 1.847260e+00 2.101521e+00 1.258740e+01 4.216513e+03 1.094712e+04 2.25073 3.164520e-01
9.060000e-01 1.165220e+00 1.848204e+00 2.102602e+00 1.259357e+01 4.238683e+03 1.094204e+04 2.2538 3.182252e-01
9.050000e-01 1.165220e+00 1.849116e+00 2.103644e+00 1.259967e+01 4.260819e+03 1.093702e+04 2.25682 3.199990e-01
9.040000e-01 1.165220e+00 1.850031e+00 2.104688e+00 1.260579e+01 4.282837e+03 1.093200e+04 2.25984 3.217652e-01
9.030000e-01 1.165220e+00 1.850946e+00 2.105734e+00 1.261192e+01 4.304714e+03 1.092698e+04 2.26287 3.235220e-01
9.020000e-01 1.165220e+00 1.851862e+00 2.106779e+00 1.261805e+01 4.326420e+03 1.092196e+04 2.2659 3.252670e-01
9.010000e-01 1.165220e+00 1.852775e+00 2.107822e+00 1.262418e+01 4.347931e+03 1.091696e+04 2.26893 3.269988e-01
9.000000e-01 1.165220e+00 1.853687e+00 2.108861e+00 1.263030e+01 4.369245e+03 1.091197e+04 2.27196 3.287172e-01
8.990000e-01 1.165220e+00 1.854597e+00 2.109899e+00 1.263644e+01 4.390409e+03 1.090698e+04 2.275 3.304258e-01
8.980000e-01 1.165220e+00 1.855510e+00 2.110940e+00 1.264260e+01 4.411483e+03 1.090199e+04 2.27804 3.321292e-01
8.970000e-01 1.165220e+00 1.856428e+00 2.111985e+00 1.264879e+01 4.432506e+03 1.089698e+04 2.2811 3.338301e-01
8.960000e-01 1.165220e+00 1.857350e+00 2.113036e+00 1.265500e+01 4.453479e+03 1.089195e+04 2.28418 3.355287e-01
8.950000e-01 1.165220e+00 1.858277e+00 2.114094e+00 1.266125e+01 4.474393e+03 1.088691e+04 2.28727 3.372239e-01
8.940000e-01 1.165220e+00 1.859207e+00 2.115155e+00 1.266751e+01 4.495227e+03 1.088187e+04 2.29037 3.389141e-01
8.930000e-01 1.165220e+00 1.860140e+00 2.116220e+00 1.267379e+01 4.515960e+03 1.087682e+04 2.29348 3.405978e-01
8.920000e-01 1.165220e+00 1.861074e+00 2.117287e+00 1.268008e+01 4.536570e+03 1.087177e+04 2.2966 3.422732e-01
8.910000e-01 1.165220e+00 1.862009e+00 2.118354e+00 1.268638e+01 4.557045e+03 1.086673e+04 2.29972 3.439395e-01
8.900000e-01 1.165220e+00 1.862944e+00 2.119421e+00 1.269268e+01 4.577388e+03 1.086168e+04 2.30284 3.455969e-01
8.890000e-01 1.165220e+00 1.863882e+00 2.120491e+00 1.269900e+01 4.597635e+03 1.085664e+04 2.30598 3.472483e-01
8.880000e-01 1.165220e+00 1.864822e+00 2.121564e+00 1.270534e+01 4.617808e+03 1.085159e+04 2.30912 3.488954e-01
8.870000e-01 1.165220e+00 1.865766e+00 2.122642e+00 1.271170e+01 4.637913e+03 1.084652e+04 2.31228 3.505384e-01
8.860000e-01 1.165220e+00 1.866712e+00 2.123724e+00 1.271808e+01 4.657934e+03 1.084145e+04 2.31544 3.521762e-01
8.850000e-01 1.165220e+00 1.867661e+00 2.124807e+00 1.272447e+01 4.677849e+03 1.083638e+04 2.31862 3.538070e-01
8.840000e-01 1.165220e+00 1.868610e+00 2.125891e+00 1.273087e+01 4.697633e+03 1.083131e+04 2.32179 3.554289e-01
8.830000e-01 1.165220e+00 1.869557e+00 2.126973e+00 1.273727e+01 4.717261e+03 1.082625e+04 2.32497 3.570403e-01
8.820000e-01 1.165220e+00 1.870503e+00 2.128051e+00 1.274367e+01 4.736728e+03 1.082119e+04 2.32815 3.586407e-01
8.810000e-01 1.165220e+00 1.871447e+00 2.129128e+00 1.275008e+01 4.756056e+03 1.081614e+04 2.33133 3.602319e-01
8.800000e-01 1.165220e+00 1.872393e+00 2.130207e+00 1.275650e+01 4.775306e+03 1.081108e+04 2.33452 3.618187e-01
8.790000e-01 1.165220e+00 1.873343e+00 2.131289e+00 1.276296e+01 4.794504e+03 1.080600e+04 2.33772 3.634030e-01
8.780000e-01 1.165220e+00 1.874297e+00 2.132378e+00 1.276944e+01 4.813672e+03 1.080091e+04 2.34094 3.649862e-01
8.770000e-01 1.165220e+00 1.875256e+00 2.133472e+00 1.277595e+01 4.832792e+03 1.079580e+04 2.34417 3.665669e-01
8.760000e-01 1.165220e+00 1.876219e+00 2.134571e+00 1.278249e+01 4.851858e+03 1.079068e+04 2.34742 3.681445e-01
8.750000e-01 1.165220e+00 1.877184e+00 2.135673e+00 1.278904e+01 4.870847e+03 1.078555e+04 2.35067 3.697173e-01
8.740000e-01 1.165220e+00 1.878152e+00 2.136777e+00 1.279560e+01 4.889745e+03 1.078042e+04 2.35393 3.712841e-01
8.730000e-01 1.165220e+00 1.879120e+00 2.137882e+00 1.280218e+01 4.908534e+03 1.077528e+04 2.3572 3.728437e-01
8.720000e-01 1.165220e+00 1.880089e+00 2.138988e+00 1.280876e+01 4.927217e+03 1.077015e+04 2.36047 3.743963e-01
8.710000e-01 1.165220e+00 1.881059e+00 2.140096e+00 1.281537e+01 4.945822e+03 1.076501e+04 2.36375 3.759440e-01
8.700000e-01 1.165220e+00 1.882033e+00 2.141207e+00 1.282199e+01 4.964365e+03 1.075986e+04 2.36705 3.774882e-01
8.690000e-01 1.165220e+00 1.883010e+00 2.142323e+00 1.282863e+01 4.982854e+03 1.075470e+04 2.37035 3.790294e-01
8.680000e-01 1.165220e+00 1.883990e+00 2.143443e+00 1.283530e+01 5.001273e+03 1.074952e+04 2.37367 3.805662e-01
8.670000e-01 1.165220e+00 1.884972e+00 2.144564e+00 1.284198e+01 5.019603e+03 1.074435e+04 2.37699 3.820972e-01
8.660000e-01 1.165220e+00 1.885953e+00 2.145685e+00 1.284866e+01 5.037820e+03 1.073917e+04 2.38031 3.836207e-01
8.650000e-01 1.165220e+00 1.886934e+00 2.146804e+00 1.285535e+01 5.055906e+03 1.073400e+04 2.38364 3.851353e-01
8.640000e-01 1.165220e+00 1.887913e+00 2.147921e+00 1.286204e+01 5.073855e+03 1.072883e+04 2.38697 3.866406e-01
8.630000e-01 1.165220e+00 1.888891e+00 2.149037e+00 1.286873e+01 5.091691e+03 1.072366e+04 2.39029 3.881386e-01
8.620000e-01 1.165220e+00 1.889871e+00 2.150154e+00 1.287545e+01 5.109464e+03 1.071848e+04 2.39363 3.896332e-01
8.610000e-01 1.165220e+00 1.890855e+00 2.151276e+00 1.288220e+01 5.127197e+03 1.071329e+04 2.39699 3.911260e-01
8.600000e-01 1.165220e+00 1.891843e+00 2.152403e+00 1.288897e+01 5.144901e+03 1.070807e+04 2.40036 3.926177e-01
8.590000e-01 1.165220e+00 1.892835e+00 2.153535e+00 1.289577e+01 5.162560e+03 1.070284e+04 2.40374 3.941071e-01
8.580000e-01 1.165220e+00 1.893831e+00 2.154672e+00 1.290260e+01 5.180172e+03 1.069760e+04 2.40713 3.955938e-01
8.570000e-01 1.165220e+00 1.894829e+00 2.155811e+00 1.290944e+01 5.197718e+03 1.069235e+04 2.41054 3.970765e-01
8.560000e-01 1.165220e+00 1.895829e+00 2.156953e+00 1.291630e+01 5.215184e+03 1.068709e+04 2.41395 3.985540e-01
8.550000e-01 1.165220e+00 1.896830e+00 2.158095e+00 1.292317e+01 5.232559e+03 1.068183e+04 2.41737 4.000254e-01
8.540000e-01 1.165220e+00 1.897832e+00 2.159239e+00 1.293006e+01 5.249850e+03 1.067657e+04 2.42079 4.014916e-01
8.530000e-01 1.165220e+00 1.898836e+00 2.160386e+00 1.293696e+01 5.267081e+03 1.067129e+04 2.42423 4.029542e-01
8.520000e-01 1.165220e+00 1.899843e+00 2.161536e+00 1.294389e+01 5.284264e+03 1.066600e+04 2.42767 4.044143e-01
8.510000e-01 1.165220e+00 1.900854e+00 2.162690e+00 1.295084e+01 5.301399e+03 1.066070e+04 2.43113 4.058716e-01
8.500000e-01 1.165220e+00 1.901867e+00 2.163847e+00 1.295780e+01 5.318466e+03 1.065538e+04 2.4346 4.073247e-01
8.490000e-01 1.165220e+00 1.902881e+00 2.165006e+00 1.296479e+01 5.335450e+03 1.065007e+04 2.43807 4.087724e-01
8.480000e-01 1.165220e+00 1.903895e+00 2.166164e+00 1.297177e+01 5.352328e+03 1.064475e+04 2.44155 4.102129e-01
8.470000e-01 1.165220e+00 1.904908e+00 2.167320e+00 1.297876e+01 5.369089e+03 1.063943e+04 2.44503 4.116456e-01
8.460000e-01 1.165220e+00 1.905919e+00 2.168473e+00 1.298576e+01 5.385735e+03 1.063412e+04 2.4485 4.130706e-01
8.450000e-01 1.165220e+00 1.906931e+00 2.169627e+00 1.299276e+01 5.402305e+03 1.062880e+04 2.45199 4.144911e-01
8.440000e-01 1.165220e+00 1.907945e+00 2.170784e+00 1.299980e+01 5.418832e+03 1.062346e+04 2.45549 4.159094e-01
8.430000e-01 1.165220e+00 1.908964e+00 2.171946e+00 1.300686e+01 5.435329e+03 1.061811e+04 2.459 4.173267e-01
8.420000e-01 1.165220e+00 1.909986e+00 2.173113e+00 1.301396e+01 5.451792e+03 1.061273e+04 2.46253 4.187424e-01
8.410000e-01 1.165220e+00 1.911012e+00 2.174284e+00 1.302107e+01 5.468212e+03 1.060734e+04 2.46606 4.201558e-01
8.400000e-01 1.165220e+00 1.912041e+00 2.175459e+00 1.302822e+01 5.484588e+03 1.060194e+04 2.46962 4.215666e-01
8.390000e-01 1.165220e+00 1.913072e+00 2.176636e+00 1.303538e+01 5.500894e+03 1.059653e+04 2.47318 4.229731e-01
8.380000e-01 1.165220e+00 1.914105e+00 2.177815e+00 1.304255e+01 5.517128e+03 1.059111e+04 2.47674 4.243749e-01
8.370000e-01 1.165220e+00 1.915138e+00 2.178994e+00 1.304974e+01 5.533284e+03 1.058569e+04 2.48031 4.257717e-01
8.360000e-01 1.165220e+00 1.916173e+00 2.180176e+00 1.305694e+01 5.549380e+03 1.058025e+04 2.48389 4.271649e-01
8.350000e-01 1.165220e+00 1.917211e+00 2.181362e+00 1.306417e+01 5.565434e+03 1.057480e+04 2.48749 4.285558e-01
8.340000e-01 1.165220e+00 1.918252e+00 2.182551e+00 1.307143e+01 5.581443e+03 1.056934e+04 2.49109 4.299444e-01
8.330000e-01 1.165220e+00 1.919296e+00 2.183744e+00 1.307870e+01 5.597401e+03 1.056386e+04 2.49471 4.313299e-01
8.320000e-01 1.165220e+00 1.920342e+00 2.184938e+00 1.308600e+01 5.613287e+03 1.055838e+04 2.49833 4.327108e-01
8.310000e-01 1.165220e+00 1.921388e+00 2.186132e+00 1.309330e+01 5.629088e+03 1.055289e+04 2.50196 4.340860e-01
8.300000e-01 1.165220e+00 1.922432e+00 2.187325e+00 1.310061e+01 5.644786e+03 1.054740e+04 2.50559 4.354542e-01
8.290000e-01 1.165220e+00 1.923475e+00 2.188515e+00 1.310792e+01 5.660378e+03 1.054191e+04 2.50922 4.368154e-01
8.280000e-01 1.165220e+00 1.924518e+00 2.189705e+00 1.311524e+01 5.675895e+03 1.053641e+04 2.51285 4.381720e-01
8.270000e-01 1.165220e+00 1.925564e+00 2.190898e+00 1.312259e+01 5.691368e+03 1.053090e+04 2.5165 4.395265e-01
8.260000e-01 1.165220e+00 1.926613e+00 2.192095e+00 1.312997e+01 5.706814e+03 1.052536e+04 2.52016 4.408799e-01
8.250000e-01 1.165220e+00 1.927666e+00 2.193297e+00 1.313738e+01 5.722228e+03 1.051981e+04 2.52384 4.422319e-01
8.240000e-01 1.165220e+00 1.928723e+00 2.194503e+00 1.314482e+01 5.737607e+03 1.051424e+04 2.52753 4.435822e-01
8.230000e-01 1.165220e+00 1.929783e+00 2.195714e+00 1.315228e+01 5.752943e+03 1.050866e+04 2.53123 4.449301e-01
8.220000e-01 1.165220e+00 1.930844e+00 2.196926e+00 1.315977e+01 5.768222e+03 1.050306e+04 2.53494 4.462744e-01
8.210000e-01 1.165220e+00 1.931908e+00 2.198140e+00 1.316726e+01 5.783434e+03 1.049746e+04 2.53866 4.476145e-01
8.200000e-01 1.165220e+00 1.932972e+00 2.199355e+00 1.317478e+01 5.798579e+03 1.049185e+04 2.54238 4.489502e-01
8.190000e-01 1.165220e+00 1.934037e+00 2.200572e+00 1.318231e+01 5.813668e+03 1.048622e+04 2.54611 4.502826e-01
8.180000e-01 1.165220e+00 1.935106e+00 2.201793e+00 1.318987e+01 5.828718e+03 1.048058e+04 2.54986 4.516129e-01
8.170000e-01 1.165220e+00 1.936178e+00 2.203018e+00 1.319746e+01 5.843731e+03 1.047492e+04 2.55361 4.529415e-01
8.160000e-01 1.165220e+00 1.937253e+00 2.204245e+00 1.320507e+01 5.858694e+03 1.046925e+04 2.55738 4.542670e-01
8.150000e-01 1.165220e+00 1.938329e+00 2.205475e+00 1.321270e+01 5.873594e+03 1.046357e+04 2.56116 4.555884e-01
8.140000e-01 1.165220e+00 1.939404e+00 2.206703e+00 1.322034e+01 5.888413e+03 1.045788e+04 2.56494 4.569045e-01
8.130000e-01 1.165220e+00 1.940479e+00 2.207931e+00 1.322798e+01 5.903137e+03 1.045219e+04 2.56872 4.582142e-01
8.120000e-01 1.165220e+00 1.941553e+00 2.209156e+00 1.323563e+01 5.917767e+03 1.044650e+04 2.5725 4.595176e-01
8.110000e-01 1.165220e+00 1.942627e+00 2.210382e+00 1.324330e+01 5.932332e+03 1.044080e+04 2.57629 4.608173e-01
8.100000e-01 1.165220e+00 1.943703e+00 2.211610e+00 1.325099e+01 5.946861e+03 1.043508e+04 2.58009 4.621152e-01
8.090000e-01 1.165220e+00 1.944783e+00 2.212843e+00 1.325872e+01 5.961362e+03 1.042934e+04 2.58391 4.634120e-01
8.080000e-01 1.165220e+00 1.945867e+00 2.214080e+00 1.326647e+01 5.975835e+03 1.042358e+04 2.58774 4.647077e-01
8.070000e-01 1.165220e+00 1.946954e+00 2.215322e+00 1.327426e+01 5.990273e+03 1.041781e+04 2.59158 4.660017e-01
8.060000e-01 1.165220e+00 1.948044e+00 2.216567e+00 1.328207e+01 6.004671e+03 1.041201e+04 2.59544 4.672932e-01
8.050000e-01 1.165220e+00 1.949135e+00 2.217814e+00 1.328991e+01 6.019014e+03 1.040620e+04 2.5993 4.685814e-01
8.040000e-01 1.165220e+00 1.950228e+00 2.219062e+00 1.329776e+01 6.033292e+03 1.040038e+04 2.60317 4.698655e-01
8.030000e-01 1.165220e+00 1.951359e+00 2.220357e+00 1.330573e+01 6.047473e+03 1.039448e+04 2.60712 4.711372e-01
8.020000e-01 1.165220e+00 1.952456e+00 2.221610e+00 1.331362e+01 6.061647e+03 1.038864e+04 2.61101 4.724149e-01
8.010000e-01 1.165220e+00 1.953555e+00 2.222866e+00 1.332154e+01 6.075785e+03 1.038278e+04 2.61491 4.736909e-01
8.000000e-01 1.165220e+00 1.954657e+00 2.224126e+00 1.332949e+01 6.089887e+03 1.037690e+04 2.61882 4.749649e-01
7.990000e-01 1.165220e+00 1.955762e+00 2.225388e+00 1.333747e+01 6.103935e+03 1.037100e+04 2.62275 4.762357e-01
7.980000e-01 1.165220e+00 1.956867e+00 2.226652e+00 1.334546e+01 6.117920e+03 1.036510e+04 2.62668 4.775024e-01
7.970000e-01 1.165220e+00 1.957971e+00 2.227914e+00 1.335346e+01 6.131825e+03 1.035920e+04 2.63061 4.787637e-01
7.960000e-01 1.165220e+00 1.959074e+00 2.229174e+00 1.336146e+01 6.145640e+03 1.035329e+04 2.63455 4.800190e-01
7.950000e-01 1.165220e+00 1.960177e+00 2.230433e+00 1.336948e+01 6.159378e+03 1.034737e+04 2.63848 4.812692e-01
7.940000e-01 1.165220e+00 1.961281e+00 2.231693e+00 1.337752e+01 6.173068e+03 1.034144e+04 2.64243 4.825170e-01
7.930000e-01 1.165220e+00 1.962387e+00 2.232957e+00 1.338559e+01 6.186726e+03 1.033549e+04 2.64639 4.837633e-01
7.920000e-01 1.165220e+00 1.963498e+00 2.234226e+00 1.339370e+01 6.200362e+03 1.032951e+04 2.65037 4.850088e-01
7.910000e-01 1.165220e+00 1.964612e+00 2.235498e+00 1.340184e+01 6.213968e+03 1.032351e+04 2.65436 4.862530e-01
7.900000e-01 1.165220e+00 1.965729e+00 2.236775e+00 1.341001e+01 6.227538e+03 1.031750e+04 2.65836 4.874952e-01
7.890000e-01 1.165220e+00 1.966848e+00 2.238054e+00 1.341820e+01 6.241063e+03 1.031146e+04 2.66237 4.887347e-01
7.880000e-01 1.165220e+00 1.967968e+00 2.239334e+00 1.342641e+01 6.254533e+03 1.030542e+04 2.66639 4.899706e-01
7.870000e-01 1.165220e+00 1.969090e+00 2.240616e+00 1.343465e+01 6.267944e+03 1.029936e+04 2.67042 4.912029e-01
7.860000e-01 1.165220e+00 1.970212e+00 2.241899e+00 1.344290e+01 6.281307e+03 1.029328e+04 2.67445 4.924322e-01
7.850000e-01 1.165220e+00 1.971337e+00 2.243185e+00 1.345119e+01 6.294634e+03 1.028719e+04 2.6785 4.936597e-01
7.840000e-01 1.165220e+00 1.972466e+00 2.244475e+00 1.345951e+01 6.307932e+03 1.028107e+04 2.68256 4.948857e-01
7.830000e-01 1.165220e+00 1.973597e+00 2.245768e+00 1.346785e+01 6.321184e+03 1.027494e+04 2.68663 4.961090e-01
7.820000e-01 1.165220e+00 1.974728e+00 2.247061e+00 1.347621e+01 6.334377e+03 1.026879e+04 2.69071 4.973283e-01
7.810000e-01 1.165220e+00 1.975860e+00 2.248355e+00 1.348459e+01 6.347503e+03 1.026264e+04 2.69479 4.985432e-01
7.800000e-01 1.165220e+00 1.976990e+00 2.249646e+00 1.349298e+01 6.360547e+03 1.025648e+04 2.69887 4.997525e-01
7.790000e-01 1.165220e+00 1.978118e+00 2.250936e+00 1.350137e+01 6.373513e+03 1.025031e+04 2.70295 5.009566e-01
7.780000e-01 1.165220e+00 1.979248e+00 2.252226e+00 1.350979e+01 6.386426e+03 1.024413e+04 2.70704 5.021576e-01
7.770000e-01 1.165220e+00 1.980380e+00 2.253519e+00 1.351824e+01 6.399306e+03 1.023792e+04 2.71115 5.033571e-01
7.760000e-01 1.165220e+00 1.981515e+00 2.254816e+00 1.352672e+01 6.412164e+03 1.023169e+04 2.71526 5.045558e-01
7.750000e-01 1.165220e+00 1.982654e+00 2.256117e+00 1.353524e+01 6.424997e+03 1.022543e+04 2.71939 5.057533e-01
7.740000e-01 1.165220e+00 1.983795e+00 2.257421e+00 1.354380e+01 6.437791e+03 1.021915e+04 2.72354 5.069488e-01
7.730000e-01 1.165220e+00 1.984938e+00 2.258728e+00 1.355238e+01 6.450547e+03 1.021286e+04 2.72769 5.081419e-01
7.720000e-01 1.165220e+00 1.986084e+00 2.260038e+00 1.356098e+01 6.463256e+03 1.020654e+04 2.73185 5.093319e-01
7.710000e-01 1.165220e+00 1.987229e+00 2.261347e+00 1.356961e+01 6.475904e+03 1.020021e+04 2.73602 5.105181e-01
7.700000e-01 1.165220e+00 1.988376e+00 2.262657e+00 1.357826e+01 6.488505e+03 1.019386e+04 2.74019 5.117013e-01
7.690000e-01 1.165220e+00 1.989525e+00 2.263972e+00 1.358694e+01 6.501078e+03 1.018750e+04 2.74438 5.128831e-01
7.680000e-01 1.165220e+00 1.990677e+00 2.265289e+00 1.359565e+01 6.513614e+03 1.018110e+04 2.74858 5.140630e-01
7.670000e-01 1.165220e+00 1.991831e+00 2.266608e+00 1.360440e+01 6.526110e+03 1.017469e+04 2.75279 5.152404e-01
7.660000e-01 1.165220e+00 1.992986e+00 2.267929e+00 1.361316e+01 6.538553e+03 1.016826e+04 2.75701 5.164141e-01
7.650000e-01 1.165220e+00 1.994141e+00 2.269249e+00 1.362194e+01 6.550930e+03 1.016182e+04 2.76122 5.175834e-01
7.640000e-01 1.165220e+00 1.995294e+00 2.270567e+00 1.363073e+01 6.563230e+03 1.015537e+04 2.76544 5.187475e-01
7.630000e-01 1.165220e+00 1.996445e+00 2.271883e+00 1.363953e+01 6.575457e+03 1.014891e+04 2.76966 5.199065e-01
7.620000e-01 1.165220e+00 1.997597e+00 2.273198e+00 1.364836e+01 6.587633e+03 1.014244e+04 2.77389 5.210626e-01
7.610000e-01 1.165220e+00 1.998751e+00 2.274517e+00 1.365722e+01 6.599781e+03 1.013594e+04 2.77813 5.222173e-01
7.600000e-01 1.165220e+00 1.999909e+00 2.275839e+00 1.366612e+01 6.611903e+03 1.012941e+04 2.78238 5.233708e-01
7.590000e-01 1.165220e+00 2.001069e+00 2.277165e+00 1.367506e+01 6.624001e+03 1.012285e+04 2.78664 5.245232e-01
7.580000e-01 1.165220e+00 2.002232e+00 2.278494e+00 1.368403e+01 6.636064e+03 1.011626e+04 2.79092 5.256735e-01
7.570000e-01 1.165220e+00 2.003396e+00 2.279824e+00 1.369303e+01 6.648084e+03 1.010966e+04 2.7952 5.268210e-01
7.560000e-01 1.165220e+00 2.004562e+00 2.281157e+00 1.370206e+01 6.660060e+03 1.010303e+04 2.79949 5.279656e-01
7.550000e-01 1.165220e+00 2.005728e+00 2.282489e+00 1.371111e+01 6.671980e+03 1.009639e+04 2.80379 5.291067e-01
7.540000e-01 1.165220e+00 2.006895e+00 2.283823e+00 1.372019e+01 6.683858e+03 1.008972e+04 2.80809 5.302450e-01
7.530000e-01 1.165220e+00 2.008064e+00 2.285159e+00 1.372930e+01 6.695704e+03 1.008303e+04 2.81241 5.313817e-01
7.520000e-01 1.165220e+00 2.009237e+00 2.286500e+00 1.373845e+01 6.707518e+03 1.007632e+04 2.81674 5.325166e-01
7.510000e-01 1.165220e+00 2.010410e+00 2.287841e+00 1.374762e+01 6.719289e+03 1.006958e+04 2.82107 5.336486e-01
7.500000e-01 1.165220e+00 2.011584e+00 2.289183e+00 1.375682e+01 6.731002e+03 1.006283e+04 2.82541 5.347767e-01
7.490000e-01 1.165220e+00 2.012757e+00 2.290523e+00 1.376604e+01 6.742650e+03 1.005606e+04 2.82975 5.359003e-01
7.480000e-01 1.165220e+00 2.013928e+00 2.291862e+00 1.377527e+01 6.754224e+03 1.004929e+04 2.8341 5.370187e-01
7.470000e-01 1.165220e+00 2.015098e+00 2.293198e+00 1.378451e+01 6.765729e+03 1.004250e+04 2.83844 5.381327e-01
7.460000e-01 1.165220e+00 2.016268e+00 2.294536e+00 1.379378e+01 6.777194e+03 1.003569e+04 2.84279 5.392445e-01
7.450000e-01 1.165220e+00 2.017441e+00 2.295876e+00 1.380310e+01 6.788630e+03 1.002885e+04 2.84716 5.403547e-01
7.440000e-01 1.165220e+00 2.018618e+00 2.297220e+00 1.381245e+01 6.800042e+03 1.002199e+04 2.85154 5.414640e-01
7.430000e-01 1.165220e+00 2.019797e+00 2.298568e+00 1.382185e+01 6.811423e+03 1.001509e+04 2.85593 5.425716e-01
7.420000e-01 1.165220e+00 2.020977e+00 2.299917e+00 1.383128e+01 6.822766e+03 1.000817e+04 2.86033 5.436769e-01
7.410000e-01 1.165220e+00 2.022159e+00 2.301268e+00 1.384074e+01 6.834064e+03 1.000123e+04 2.86474 5.447792e-01
7.400000e-01 1.165220e+00 2.023342e+00 2.302620e+00 1.385022e+01 6.845312e+03 9.994263e+03 2.86915 5.458783e-01
7.390000e-01 1.165220e+00 2.024525e+00 2.303973e+00 1.385974e+01 6.856511e+03 9.987282e+03 2.87358 5.469742e-01
7.380000e-01 1.165220e+00 2.025744e+00 2.305371e+00 1.386939e+01 6.867642e+03 9.980193e+03 2.87807 5.480584e-01
7.370000e-01 1.165220e+00 2.026932e+00 2.306729e+00 1.387898e+01 6.878770e+03 9.973155e+03 2.88251 5.491499e-01
7.360000e-01 1.165220e+00 2.028121e+00 2.308088e+00 1.388861e+01 6.889862e+03 9.966093e+03 2.88696 5.502395e-01
7.350000e-01 1.165220e+00 2.029310e+00 2.309449e+00 1.389826e+01 6.900904e+03 9.959011e+03 2.89142 5.513257e-01
7.340000e-01 1.165220e+00 2.030499e+00 2.310809e+00 1.390793e+01 6.911884e+03 9.951915e+03 2.89589 5.524077e-01
7.330000e-01 1.165220e+00 2.031686e+00 2.312166e+00 1.391762e+01 6.922794e+03 9.944807e+03 2.90035 5.534847e-01
7.320000e-01 1.165220e+00 2.032871e+00 2.313521e+00 1.392733e+01 6.933633e+03 9.937689e+03 2.90481 5.545570e-01
7.310000e-01 1.165220e+00 2.034056e+00 2.314876e+00 1.393706e+01 6.944419e+03 9.930553e+03 2.90928 5.556259e-01
7.300000e-01 1.165220e+00 2.035242e+00 2.316232e+00 1.394683e+01 6.955175e+03 9.923387e+03 2.91375 5.566934e-01
7.290000e-01 1.165220e+00 2.036431e+00 2.317592e+00 1.395665e+01 6.965902e+03 9.916187e+03 2.91825 5.577594e-01
7.280000e-01 1.165220e+00 2.037623e+00 2.318955e+00 1.396651e+01 6.976600e+03 9.908956e+03 2.92275 5.588238e-01
7.270000e-01 1.165220e+00 2.038816e+00 2.320320e+00 1.397642e+01 6.987262e+03 9.901696e+03 2.92726 5.598860e-01
7.260000e-01 1.165220e+00 2.040010e+00 2.321686e+00 1.398635e+01 6.997881e+03 9.894411e+03 2.93178 5.609453e-01
7.250000e-01 1.165220e+00 2.041205e+00 2.323053e+00 1.399632e+01 7.008454e+03 9.887101e+03 2.9363 5.620015e-01
7.240000e-01 1.165220e+00 2.042399e+00 2.324419e+00 1.400632e+01 7.018976e+03 9.879768e+03 2.94083 5.630542e-01
7.230000e-01 1.165220e+00 2.043594e+00 2.325786e+00 1.401635e+01 7.029459e+03 9.872407e+03 2.94537 5.641045e-01
7.220000e-01 1.165220e+00 2.044791e+00 2.327156e+00 1.402642e+01 7.039909e+03 9.865015e+03 2.94991 5.651526e-01
7.210000e-01 1.165220e+00 2.045990e+00 2.328527e+00 1.403654e+01 7.050325e+03 9.857592e+03 2.95447 5.661986e-01
7.200000e-01 1.165220e+00 2.047188e+00 2.329898e+00 1.404669e+01 7.060693e+03 9.850142e+03 2.95902 5.672411e-01
7.190000e-01 1.165220e+00 2.048386e+00 2.331269e+00 1.405686e+01 7.071002e+03 9.842675e+03 2.96358 5.682794e-01
7.180000e-01 1.165220e+00 2.049581e+00 2.332637e+00 1.406705e+01 7.081245e+03 9.835192e+03 2.96814 5.693131e-01
7.170000e-01 1.165220e+00 2.050775e+00 2.334002e+00 1.407726e+01 7.091418e+03 9.827696e+03 2.9727 5.703418e-01
7.160000e-01 1.165220e+00 2.051967e+00 2.335365e+00 1.408749e+01 7.101534e+03 9.820181e+03 2.97726 5.713666e-01
7.150000e-01 1.165220e+00 2.053160e+00 2.336730e+00 1.409777e+01 7.111621e+03 9.812630e+03 2.98182 5.723898e-01
7.140000e-01 1.165220e+00 2.054355e+00 2.338096e+00 1.410809e+01 7.121677e+03 9.805042e+03 2.9864 5.734112e-01
7.130000e-01 1.165220e+00 2.055552e+00 2.339465e+00 1.411846e+01 7.131703e+03 9.797419e+03 2.99098 5.744308e-01
7.120000e-01 1.165220e+00 2.056750e+00 2.340836e+00 1.412888e+01 7.141696e+03 9.789760e+03 2.99558 5.754481e-01
7.110000e-01 1.165220e+00 2.057948e+00 2.342207e+00 1.413934e+01 7.151643e+03 9.782072e+03 3.00018 5.764622e-01
7.100000e-01 1.165220e+00 2.059147e+00 2.343578e+00 1.414982e+01 7.161542e+03 9.774358e+03 3.00478 5.774730e-01
7.090000e-01 1.165220e+00 2.060344e+00 2.344948e+00 1.416035e+01 7.171395e+03 9.766616e+03 3.00938 5.784804e-01
7.080000e-01 1.165220e+00 2.061543e+00 2.346320e+00 1.417091e+01 7.181205e+03 9.758844e+03 3.01399 5.794851e-01
7.070000e-01 1.165220e+00 2.062741e+00 2.347691e+00 1.418151e+01 7.190977e+03 9.751038e+03 3.01861 5.804873e-01
7.060000e-01 1.165220e+00 2.063942e+00 2.349066e+00 1.419216e+01 7.200721e+03 9.743197e+03 3.02324 5.814874e-01
7.050000e-01 1.165220e+00 2.065142e+00 2.350439e+00 1.420285e+01 7.210412e+03 9.735327e+03 3.02786 5.824837e-01
7.040000e-01 1.165220e+00 2.066339e+00 2.351809e+00 1.421356e+01 7.220038e+03 9.727436e+03 3.03249 5.834753e-01
7.030000e-01 1.165220e+00 2.067536e+00 2.353179e+00 1.422429e+01 7.229609e+03 9.719529e+03 3.03711 5.844626e-01
7.020000e-01 1.165220e+00 2.068729e+00 2.354544e+00 1.423505e+01 7.239106e+03 9.711606e+03 3.04173 5.854448e-01
7.010000e-01 1.165220e+00 2.069920e+00 2.355906e+00 1.424583e+01 7.248543e+03 9.703657e+03 3.04635 5.864230e-01
7.000000e-01 1.165220e+00 2.071113e+00 2.357270e+00 1.425667e+01 7.257958e+03 9.695672e+03 3.05098 5.873997e-01
6.990000e-01 1.165220e+00 2.072306e+00 2.358636e+00 1.426755e+01 7.267337e+03 9.687647e+03 3.05562 5.883745e-01
6.980000e-01 1.165220e+00 2.073501e+00 2.360004e+00 1.427849e+01 7.276680e+03 9.679585e+03 3.06027 5.893470e-01
6.970000e-01 1.165220e+00 2.074697e+00 2.361372e+00 1.428948e+01 7.285988e+03 9.671483e+03 3.06492 5.903167e-01
6.960000e-01 1.165220e+00 2.075892e+00 2.362740e+00 1.430050e+01 7.295250e+03 9.663351e+03 3.06957 5.912831e-01
6.950000e-01 1.165220e+00 2.077085e+00 2.364106e+00 1.431156e+01 7.304459e+03 9.655186e+03 3.07422 5.922456e-01
6.940000e-01 1.165220e+00 2.078311e+00 2.365512e+00 1.432276e+01 7.313598e+03 9.646906e+03 3.07893 5.931947e-01
6.930000e-01 1.165220e+00 2.079504e+00 2.366878e+00 1.433392e+01 7.322720e+03 9.638669e+03 3.08359 5.941505e-01
6.920000e-01 1.165220e+00 2.080698e+00 2.368245e+00 1.434511e+01 7.331807e+03 9.630399e+03 3.08825 5.951040e-01
6.910000e-01 1.165220e+00 2.081891e+00 2.369611e+00 1.435635e+01 7.340856e+03 9.622089e+03 3.09292 5.960547e-01
6.900000e-01 1.165220e+00 2.083083e+00 2.370976e+00 1.436763e+01 7.349849e+03 9.613749e+03 3.09758 5.970011e-01
6.890000e-01 1.165220e+00 2.084272e+00 2.372336e+00 1.437894e+01 7.358780e+03 9.605386e+03 3.10224 5.979425e-01
6.880000e-01 1.165220e+00 2.085458e+00 2.373694e+00 1.439027e+01 7.367648e+03 9.597003e+03 3.10689 5.988790e-01
6.870000e-01 1.165220e+00 2.086639e+00 2.375045e+00 1.440162e+01 7.376446e+03 9.588595e+03 3.11153 5.998103e-01
6.860000e-01 1.165220e+00 2.087820e+00 2.376396e+00 1.441302e+01 7.385203e+03 9.580153e+03 3.11618 6.007385e-01
6.850000e-01 1.165220e+00 2.089000e+00 2.377746e+00 1.442448e+01 7.393928e+03 9.571660e+03 3.12082 6.016644e-01
6.840000e-01 1.165220e+00 2.090181e+00 2.379098e+00 1.443599e+01 7.402620e+03 9.563123e+03 3.12547 6.025878e-01
6.830000e-01 1.165220e+00 2.091362e+00 2.380448e+00 1.444755e+01 7.411273e+03 9.554540e+03 3.13012 6.035083e-01
6.820000e-01 1.165220e+00 2.092542e+00 2.381799e+00 1.445917e+01 7.419885e+03 9.545918e+03 3.13478 6.044254e-01
6.810000e-01 1.165220e+00 2.093720e+00 2.383146e+00 1.447082e+01 7.428446e+03 9.537258e+03 3.13942 6.053382e-01
6.800000e-01 1.165220e+00 2.094896e+00 2.384492e+00 1.448252e+01 7.436959e+03 9.528562e+03 3.14407 6.062473e-01
6.790000e-01 1.165220e+00 2.096070e+00 2.385836e+00 1.449426e+01 7.445426e+03 9.519824e+03 3.14871 6.071527e-01
6.780000e-01 1.165220e+00 2.097244e+00 2.387179e+00 1.450606e+01 7.453854e+03 9.511047e+03 3.15335 6.080550e-01
6.770000e-01 1.165220e+00 2.098416e+00 2.388520e+00 1.451791e+01 7.462240e+03 9.502220e+03 3.15799 6.089540e-01
6.760000e-01 1.165220e+00 2.099587e+00 2.389861e+00 1.452981e+01 7.470582e+03 9.493355e+03 3.16263 6.098490e-01
6.750000e-01 1.165220e+00 2.100755e+00 2.391197e+00 1.454174e+01 7.478861e+03 9.484460e+03 3.16726 6.107389e-01
6.740000e-01 1.165220e+00 2.101918e+00 2.392527e+00 1.455369e+01 7.487074e+03 9.475539e+03 3.17188 6.116233e-01
6.730000e-01 1.165220e+00 2.103077e+00 2.393852e+00 1.456568e+01 7.495221e+03 9.466592e+03 3.17648 6.125024e-01
6.720000e-01 1.165220e+00 2.104232e+00 2.395172e+00 1.457770e+01 7.503311e+03 9.457611e+03 3.18108 6.133770e-01
6.710000e-01 1.165220e+00 2.105386e+00 2.396492e+00 1.458978e+01 7.511367e+03 9.448581e+03 3.18568 6.142491e-01
6.700000e-01 1.165220e+00 2.106540e+00 2.397811e+00 1.460193e+01 7.519387e+03 9.439496e+03 3.19028 6.151182e-01
6.690000e-01 1.165220e+00 2.107692e+00 2.399129e+00 1.461414e+01 7.527365e+03 9.430364e+03 3.19487 6.159840e-01
6.680000e-01 1.165220e+00 2.108844e+00 2.400446e+00 1.462640e+01 7.535300e+03 9.421186e+03 3.19947 6.168462e-01
6.670000e-01 1.165220e+00 2.109993e+00 2.401761e+00 1.463871e+01 7.543185e+03 9.411969e+03 3.20406 6.177043e-01
6.660000e-01 1.165220e+00 2.111139e+00 2.403071e+00 1.465107e+01 7.551014e+03 9.402711e+03 3.20864 6.185579e-01
6.650000e-01 1.165220e+00 2.112282e+00 2.404380e+00 1.466348e+01 7.558794e+03 9.393415e+03 3.21322 6.194077e-01
6.640000e-01 1.165220e+00 2.113424e+00 2.405687e+00 1.467595e+01 7.566529e+03 9.384072e+03 3.2178 6.202539e-01
6.630000e-01 1.165220e+00 2.114595e+00 2.407028e+00 1.468858e+01 7.574189e+03 9.374599e+03 3.22242 6.210861e-01
6.620000e-01 1.165220e+00 2.115734e+00 2.408333e+00 1.470117e+01 7.581829e+03 9.365165e+03 3.227 6.219243e-01
6.610000e-01 1.165220e+00 2.116869e+00 2.409632e+00 1.471379e+01 7.589408e+03 9.355699e+03 3.23156 6.227577e-01
6.600000e-01 1.165220e+00 2.117999e+00 2.410926e+00 1.472644e+01 7.596917e+03 9.346210e+03 3.23611 6.235856e-01
6.590000e-01 1.165220e+00 2.119123e+00 2.412212e+00 1.473913e+01 7.604357e+03 9.336694e+03 3.24064 6.244077e-01
6.580000e-01 1.165220e+00 2.120244e+00 2.413494e+00 1.475186e+01 7.611737e+03 9.327143e+03 3.24517 6.252252e-01
6.570000e-01 1.165220e+00 2.121362e+00 2.414773e+00 1.476465e+01 7.619074e+03 9.317539e+03 3.24969 6.260393e-01
6.560000e-01 1.165220e+00 2.122479e+00 2.416052e+00 1.477752e+01 7.626374e+03 9.307880e+03 3.25421 6.268505e-01
6.550000e-01 1.165220e+00 2.123594e+00 2.417329e+00 1.479045e+01 7.633627e+03 9.298169e+03 3.25873 6.276578e-01
6.540000e-01 1.165220e+00 2.124706e+00 2.418602e+00 1.480345e+01 7.640831e+03 9.288409e+03 3.26324 6.284611e-01
6.530000e-01 1.165220e+00 2.125815e+00 2.419872e+00 1.481650e+01 7.647983e+03 9.278603e+03 3.26774 6.292598e-01
6.520000e-01 1.165220e+00 2.126920e+00 2.421138e+00 1.482960e+01 7.655077e+03 9.268754e+03 3.27223 6.300537e-01
6.510000e-01 1.165220e+00 2.128022e+00 2.422399e+00 1.484276e+01 7.662119e+03 9.258858e+03 3.2767 6.308430e-01
6.500000e-01 1.165220e+00 2.129119e+00 2.423656e+00 1.485599e+01 7.669114e+03 9.248909e+03 3.28117 6.316281e-01
6.490000e-01 1.165220e+00 2.130214e+00 2.424911e+00 1.486928e+01 7.676060e+03 9.238908e+03 3.28563 6.324090e-01
6.480000e-01 1.165220e+00 2.131305e+00 2.426161e+00 1.488262e+01 7.682954e+03 9.228855e+03 3.29008 6.331850e-01
6.470000e-01 1.165220e+00 2.132391e+00 2.427405e+00 1.489602e+01 7.689787e+03 9.218762e+03 3.29451 6.339552e-01
6.460000e-01 1.165220e+00 2.133469e+00 2.428639e+00 1.490945e+01 7.696546e+03 9.208633e+03 3.29891 6.347189e-01
6.450000e-01 1.165220e+00 2.134541e+00 2.429866e+00 1.492292e+01 7.703237e+03 9.198472e+03 3.3033 6.354763e-01
6.440000e-01 1.165220e+00 2.135606e+00 2.431085e+00 1.493644e+01 7.709869e+03 9.188262e+03 3.30766 6.362284e-01
6.430000e-01 1.165220e+00 2.136668e+00 2.432300e+00 1.495003e+01 7.716457e+03 9.177990e+03 3.31201 6.369765e-01
6.420000e-01 1.165220e+00 2.137725e+00 2.433511e+00 1.496371e+01 7.723003e+03 9.167648e+03 3.31635 6.377202e-01
6.410000e-01 1.165220e+00 2.138779e+00 2.434716e+00 1.497745e+01 7.729499e+03 9.157244e+03 3.32067 6.384591e-01
6.400000e-01 1.165220e+00 2.139855e+00 2.435950e+00 1.499137e+01 7.735912e+03 9.146695e+03 3.32502 6.391823e-01
6.390000e-01 1.165220e+00 2.140899e+00 2.437146e+00 1.500525e+01 7.742298e+03 9.136173e+03 3.32931 6.399099e-01
6.380000e-01 1.165220e+00 2.141936e+00 2.438332e+00 1.501919e+01 7.748626e+03 9.125599e+03 3.33357 6.406319e-01
6.370000e-01 1.165220e+00 2.141023e+00 2.437335e+00 1.502594e+01 7.759879e+03 9.121531e+03 3.33409 6.422091e-01
6.360000e-01 1.165220e+00 2.143991e+00 2.440684e+00 1.504725e+01 7.761126e+03 9.104293e+03 3.34203 6.420613e-01
6.350000e-01 1.165220e+00 2.143046e+00 2.439652e+00 1.505404e+01 7.772324e+03 9.100184e+03 3.34246 6.436382e-01
6.340000e-01 1.165220e+00 2.146025e+00 2.443011e+00 1.507561e+01 7.773409e+03 9.082721e+03 3.35041 6.434677e-01
6.330000e-01 1.165220e+00 2.145044e+00 2.441939e+00 1.508241e+01 7.784530e+03 9.078585e+03 3.35074 6.450414e-01
6.320000e-01 1.165220e+00 2.148029e+00 2.445304e+00 1.510416e+01 7.785421e+03 9.060969e+03 3.35867 6.448476e-01
6.310000e-01 1.165220e+00 2.147005e+00 2.444181e+00 1.511096e+01 7.796448e+03 9.056814e+03 3.35888 6.464165e-01
6.300000e-01 1.165220e+00 2.150001e+00 2.447559e+00 1.513292e+01 7.797161e+03 9.039034e+03 3.36683 6.462014e-01
6.290000e-01 1.165220e+00 2.148945e+00 2.446401e+00 1.513976e+01 7.808134e+03 9.034841e+03 3.36696 6.477710e-01
6.280000e-01 1.165220e+00 2.151950e+00 2.449788e+00 1.516202e+01 7.808696e+03 9.016816e+03 3.37491 6.475346e-01
6.270000e-01 1.165220e+00 2.150864e+00 2.448597e+00 1.516889e+01 7.819615e+03 9.012586e+03 3.37495 6.491047e-01
6.260000e-01 1.165220e+00 2.153877e+00 2.451991e+00 1.519143e+01 7.820006e+03 8.994343e+03 3.3829 6.488459e-01
6.250000e-01 1.165220e+00 2.152755e+00 2.450762e+00 1.519833e+01 7.830858e+03 8.990083e+03 3.38285 6.504151e-01
6.240000e-01 1.165220e+00 2.155800e+00 2.454194e+00 1.522123e+01 7.831029e+03 8.971556e+03 3.39083 6.501230e-01
6.230000e-01 1.165220e+00 2.154633e+00 2.452914e+00 1.522812e+01 7.841828e+03 8.967304e+03 3.39068 6.516957e-01
6.220000e-01 1.165220e+00 2.157675e+00 2.456341e+00 1.525124e+01 7.841840e+03 8.948616e+03 3.39865 6.513873e-01
6.210000e-01 1.165220e+00 2.156473e+00 2.455024e+00 1.525816e+01 7.852579e+03 8.944332e+03 3.39841 6.529602e-01
6.200000e-01 1.165220e+00 2.159521e+00 2.458456e+00 1.528155e+01 7.852401e+03 8.925435e+03 3.40636 6.526275e-01
6.190000e-01 1.165220e+00 2.158275e+00 2.457089e+00 1.528848e+01 7.863051e+03 8.921131e+03 3.40599 6.541965e-01
6.180000e-01 1.165220e+00 2.161331e+00 2.460529e+00 1.531208e+01 7.862655e+03 8.902089e+03 3.41395 6.538390e-01
6.170000e-01 1.165220e+00 2.160041e+00 2.459111e+00 1.531901e+01 7.873219e+03 8.897762e+03 3.41345 6.554047e-01
6.160000e-01 1.165220e+00 2.163104e+00 2.462560e+00 1.534289e+01 7.872637e+03 8.878510e+03 3.4214 6.550237e-01
6.150000e-01 1.165220e+00 2.161778e+00 2.461103e+00 1.534988e+01 7.883154e+03 8.874138e+03 3.42082 6.565907e-01
6.140000e-01 1.165220e+00 2.164844e+00 2.464552e+00 1.537409e+01 7.882396e+03 8.854594e+03 3.42872 6.561825e-01
6.130000e-01 1.165220e+00 2.163476e+00 2.463050e+00 1.538111e+01 7.892853e+03 8.850180e+03 3.42802 6.577485e-01
6.120000e-01 1.165220e+00 2.166568e+00 2.466526e+00 1.540574e+01 7.891867e+03 8.830280e+03 3.43591 6.573009e-01
6.110000e-01 1.165220e+00 2.165143e+00 2.464960e+00 1.541273e+01 7.902268e+03 8.825863e+03 3.43505 6.588690e-01
6.100000e-01 1.165220e+00 2.168228e+00 2.468426e+00 1.543761e+01 7.901099e+03 8.805767e+03 3.4429 6.583986e-01
6.090000e-01 1.165220e+00 2.166762e+00 2.466814e+00 1.544464e+01 7.911439e+03 8.801312e+03 3.44192 6.599660e-01
6.080000e-01 1.165220e+00 2.169849e+00 2.470281e+00 1.546985e+01 7.910075e+03 8.780944e+03 3.44972 6.594671e-01
6.070000e-01 1.165220e+00 2.168337e+00 2.468619e+00 1.547691e+01 7.920348e+03 8.776450e+03 3.44862 6.610325e-01
6.060000e-01 1.165220e+00 2.171426e+00 2.472086e+00 1.550240e+01 7.918763e+03 8.755855e+03 3.45637 6.605029e-01
6.050000e-01 1.165220e+00 2.169860e+00 2.470361e+00 1.550944e+01 7.928941e+03 8.751335e+03 3.4551 6.620631e-01
6.040000e-01 1.165220e+00 2.172952e+00 2.473831e+00 1.553519e+01 7.927127e+03 8.730550e+03 3.46282 6.615042e-01
6.030000e-01 1.165220e+00 2.171341e+00 2.472055e+00 1.554227e+01 7.937239e+03 8.725992e+03 3.46142 6.630630e-01
6.020000e-01 1.165220e+00 2.174435e+00 2.475525e+00 1.556839e+01 7.935229e+03 8.704910e+03 3.46909 6.624749e-01
6.010000e-01 1.165220e+00 2.172780e+00 2.473703e+00 1.557551e+01 7.945286e+03 8.700305e+03 3.46757 6.640344e-01
6.000000e-01 1.165220e+00 2.175897e+00 2.477199e+00 1.560211e+01 7.943021e+03 8.678836e+03 3.47522 6.634043e-01
5.990000e-01 1.165220e+00 2.174189e+00 2.475318e+00 1.560923e+01 7.953026e+03 8.674231e+03 3.47356 6.649671e-01
5.980000e-01 1.165220e+00 2.177298e+00 2.478802e+00 1.563612e+01 7.950543e+03 8.652580e+03 3.48117 6.643138e-01
5.970000e-01 1.165220e+00 2.175543e+00 2.476870e+00 1.564327e+01 7.960475e+03 8.647944e+03 3.47939 6.658758e-01
5.960000e-01 1.165220e+00 2.178656e+00 2.480359e+00 1.567052e+01 7.957769e+03 8.626043e+03 3.48696 6.651932e-01
5.950000e-01 1.165220e+00 2.179311e+00 2.481109e+00 1.568785e+01 7.961279e+03 8.612673e+03 3.48977 6.656240e-01
5.940000e-01 1.165220e+00 2.179960e+00 2.481853e+00 1.570530e+01 7.964702e+03 8.599207e+03 3.49255 6.660426e-01
5.930000e-01 1.165220e+00 2.180614e+00 2.482604e+00 1.572293e+01 7.968002e+03 8.585592e+03 3.49528 6.664400e-01
5.920000e-01 1.165220e+00 2.181232e+00 2.483311e+00 1.574052e+01 7.971250e+03 8.571996e+03 3.49792 6.668370e-01
5.910000e-01 1.165220e+00 2.181832e+00 2.483997e+00 1.575821e+01 7.974415e+03 8.558325e+03 3.50049 6.672245e-01
5.900000e-01 1.165220e+00 2.182419e+00 2.484668e+00 1.577601e+01 7.977512e+03 8.544554e+03 3.503 6.676030e-01
5.890000e-01 1.165220e+00 2.182994e+00 2.485326e+00 1.579394e+01 7.980538e+03 8.530681e+03 3.50545 6.679725e-01
5.880000e-01 1.165220e+00 2.183553e+00 2.485964e+00 1.581201e+01 7.983483e+03 8.516703e+03 3.50784 6.683323e-01
5.870000e-01 1.165220e+00 2.184098e+00 2.486588e+00 1.583018e+01 7.986351e+03 8.502638e+03 3.51017 6.686823e-01
5.860000e-01 1.165220e+00 2.184629e+00 2.487196e+00 1.584845e+01 7.989140e+03 8.488491e+03 3.51244 6.690227e-01
5.850000e-01 1.165220e+00 2.185142e+00 2.487782e+00 1.586684e+01 7.991841e+03 8.474253e+03 3.51463 6.693519e-01
5.840000e-01 1.165220e+00 2.185639e+00 2.488350e+00 1.588534e+01 7.994462e+03 8.459917e+03 3.51675 6.696709e-01
5.830000e-01 1.165220e+00 2.186122e+00 2.488902e+00 1.590396e+01 7.997007e+03 8.445488e+03 3.51881 6.699797e-01
5.820000e-01 1.165220e+00 2.186609e+00 2.489460e+00 1.592281e+01 7.999428e+03 8.430876e+03 3.52082 6.702678e-01
5.810000e-01 1.165220e+00 2.187064e+00 2.489981e+00 1.594167e+01 8.001790e+03 8.416285e+03 3.52277 6.705574e-01
5.800000e-01 1.165220e+00 2.187507e+00 2.490489e+00 1.596059e+01 8.004065e+03 8.401663e+03 3.52468 6.708389e-01
5.790000e-01 1.165220e+00 2.187935e+00 2.490979e+00 1.597960e+01 8.006245e+03 8.386990e+03 3.52652 6.711109e-01
5.780000e-01 1.165220e+00 2.188345e+00 2.491449e+00 1.599873e+01 8.008330e+03 8.372234e+03 3.52831 6.713736e-01
5.770000e-01 1.165220e+00 2.188742e+00 2.491904e+00 1.601800e+01 8.010341e+03 8.357375e+03 3.53003 6.716264e-01
5.760000e-01 1.165220e+00 2.189119e+00 2.492336e+00 1.603742e+01 8.012270e+03 8.342393e+03 3.53166 6.718672e-01
5.750000e-01 1.165220e+00 2.189475e+00 2.492742e+00 1.605698e+01 8.014104e+03 8.327284e+03 3.5332 6.720951e-01
5.740000e-01 1.165220e+00 2.189816e+00 2.493133e+00 1.607667e+01 8.015855e+03 8.312087e+03 3.53467 6.723121e-01
5.730000e-01 1.165220e+00 2.190138e+00 2.493502e+00 1.609648e+01 8.017517e+03 8.296799e+03 3.53606 6.725174e-01
5.720000e-01 1.165220e+00 2.190439e+00 2.493846e+00 1.611642e+01 8.019080e+03 8.281409e+03 3.53736 6.727103e-01
5.710000e-01 1.165220e+00 2.190744e+00 2.494195e+00 1.613660e+01 8.020515e+03 8.265840e+03 3.53861 6.728821e-01
5.700000e-01 1.165220e+00 2.191010e+00 2.494501e+00 1.615682e+01 8.021904e+03 8.250238e+03 3.53974 6.730509e-01
5.690000e-01 1.165220e+00 2.191253e+00 2.494777e+00 1.617719e+01 8.023195e+03 8.234521e+03 3.54078 6.732064e-01
5.680000e-01 1.165220e+00 2.191478e+00 2.495034e+00 1.619765e+01 8.024386e+03 8.218738e+03 3.54174 6.733502e-01
5.670000e-01 1.165220e+00 2.191691e+00 2.495277e+00 1.621821e+01 8.025482e+03 8.202916e+03 3.54265 6.734848e-01
5.660000e-01 1.165220e+00 2.191886e+00 2.495499e+00 1.623887e+01 8.026473e+03 8.187036e+03 3.5435 6.736098e-01
5.650000e-01 1.165220e+00 2.192068e+00 2.495708e+00 1.625969e+01 8.027370e+03 8.171073e+03 3.54431 6.737266e-01
5.640000e-01 1.165220e+00 2.192233e+00 2.495899e+00 1.628067e+01 8.028181e+03 8.155001e+03 3.54504 6.738325e-01
5.630000e-01 1.165220e+00 2.192375e+00 2.496062e+00 1.630182e+01 8.028891e+03 8.138798e+03 3.54567 6.739247e-01
5.620000e-01 1.165220e+00 2.192495e+00 2.496199e+00 1.632314e+01 8.029501e+03 8.122476e+03 3.5462 6.740027e-01
5.610000e-01 1.165220e+00 2.192613e+00 2.496336e+00 1.634469e+01 8.029976e+03 8.105971e+03 3.54666 6.740568e-01
5.600000e-01 1.165220e+00 2.192689e+00 2.496422e+00 1.636629e+01 8.030381e+03 8.089442e+03 3.54699 6.741070e-01
5.590000e-01 1.165220e+00 2.192747e+00 2.496489e+00 1.638804e+01 8.030692e+03 8.072817e+03 3.54724 6.741455e-01
5.580000e-01 1.165220e+00 2.192783e+00 2.496529e+00 1.640995e+01 8.030907e+03 8.056077e+03 3.54739 6.741698e-01
5.570000e-01 1.165220e+00 2.192791e+00 2.496538e+00 1.643204e+01 8.031013e+03 8.039204e+03 3.54741 6.741785e-01
5.560000e-01 1.165220e+00 2.192781e+00 2.496525e+00 1.645426e+01 8.031016e+03 8.022247e+03 3.54735 6.741739e-01
5.565521e-01 1.165220e+00 2.193149e+00 2.496949e+00 1.644400e+01 8.030065e+03 8.030000e+03 3.5479 6.739714e-01
