1.000000e+00 1.181610e+00 1.769988e+00 2.012139e+00 1.202575e+01 0.000000e+00 1.163321e+04 0 0.000000e+00
9.990000e-01 1.181610e+00 1.784958e+00 2.033451e+00 1.206083e+01 4.338240e+02 1.158201e+04 2.01972 3.129221e-02
9.980000e-01 1.181610e+00 1.785526e+00 2.034073e+00 1.206542e+01 6.169389e+02 1.156457e+04 2.02309 4.454635e-02
9.970000e-01 1.181610e+00 1.786224e+00 2.034843e+00 1.207036e+01 7.556197e+02 1.155058e+04 2.02593 5.459383e-02
9.960000e-01 1.181610e+00 1.786909e+00 2.035589e+00 1.207532e+01 8.717162e+02 1.153847e+04 2.02852 6.301404e-02
9.950000e-01 1.181610e+00 1.787597e+00 2.036337e+00 1.208031e+01 9.747127e+02 1.152745e+04 2.03104 7.049237e-02
9.940000e-01 1.181610e+00 1.788303e+00 2.037109e+00 1.208535e+01 1.069043e+03 1.151716e+04 2.03352 7.734781e-02
9.930000e-01 1.181610e+00 1.789031e+00 2.037914e+00 1.209042e+01 1.156989e+03 1.150742e+04 2.03598 8.374428e-02
9.920000e-01 1.181610e+00 1.789780e+00 2.038751e+00 1.209551e+01 1.239629e+03 1.149813e+04 2.03844 8.975910e-02
9.910000e-01 1.181610e+00 1.790545e+00 2.039613e+00 1.210060e+01 1.317679e+03 1.148925e+04 2.0409 9.544390e-02
9.900000e-01 1.181610e+00 1.791321e+00 2.040493e+00 1.210569e+01 1.391584e+03 1.148073e+04 2.04336 1.008309e-01
9.890000e-01 1.181610e+00 1.792103e+00 2.041383e+00 1.211078e+01 1.461728e+03 1.147253e+04 2.04581 1.059480e-01
9.880000e-01 1.181610e+00 1.792887e+00 2.042277e+00 1.211586e+01 1.528479e+03 1.146462e+04 2.04826 1.108222e-01
9.870000e-01 1.181610e+00 1.793668e+00 2.043168e+00 1.212093e+01 1.592108e+03 1.145697e+04 2.05071 1.154728e-01
9.860000e-01 1.181610e+00 1.794445e+00 2.044053e+00 1.212599e+01 1.652899e+03 1.144956e+04 2.05315 1.199209e-01
9.850000e-01 1.181610e+00 1.795219e+00 2.044934e+00 1.213106e+01 1.711350e+03 1.144233e+04 2.0556 1.242024e-01
9.840000e-01 1.181610e+00 1.795996e+00 2.045817e+00 1.213614e+01 1.767903e+03 1.143525e+04 2.05806 1.283494e-01
9.830000e-01 1.181610e+00 1.796778e+00 2.046709e+00 1.214126e+01 1.822945e+03 1.142828e+04 2.06054 1.323894e-01
9.820000e-01 1.181610e+00 1.797568e+00 2.047611e+00 1.214639e+01 1.876548e+03 1.142142e+04 2.06304 1.363273e-01
9.810000e-01 1.181610e+00 1.798362e+00 2.048518e+00 1.215153e+01 1.928706e+03 1.141467e+04 2.06554 1.401625e-01
9.800000e-01 1.181610e+00 1.799157e+00 2.049428e+00 1.215668e+01 1.979397e+03 1.140804e+04 2.06804 1.438934e-01
9.790000e-01 1.181610e+00 1.799951e+00 2.050335e+00 1.216182e+01 2.028628e+03 1.140153e+04 2.07054 1.475207e-01
9.780000e-01 1.181610e+00 1.800740e+00 2.051236e+00 1.216695e+01 2.076404e+03 1.139514e+04 2.07304 1.510445e-01
9.770000e-01 1.181610e+00 1.801522e+00 2.052126e+00 1.217208e+01 2.122724e+03 1.138885e+04 2.07553 1.544652e-01
9.760000e-01 1.181610e+00 1.802295e+00 2.053004e+00 1.217719e+01 2.167696e+03 1.138268e+04 2.07801 1.577907e-01
9.750000e-01 1.181610e+00 1.803065e+00 2.053875e+00 1.218232e+01 2.211641e+03 1.137657e+04 2.08049 1.610444e-01
9.740000e-01 1.181610e+00 1.803837e+00 2.054747e+00 1.218748e+01 2.254830e+03 1.137050e+04 2.08299 1.642457e-01
9.730000e-01 1.181610e+00 1.804615e+00 2.055628e+00 1.219268e+01 2.297435e+03 1.136446e+04 2.08551 1.674067e-01
9.720000e-01 1.181610e+00 1.805402e+00 2.056519e+00 1.219790e+01 2.339497e+03 1.135845e+04 2.08804 1.705301e-01
9.710000e-01 1.181610e+00 1.806195e+00 2.057420e+00 1.220315e+01 2.381009e+03 1.135247e+04 2.09059 1.736151e-01
9.700000e-01 1.181610e+00 1.806996e+00 2.058329e+00 1.220842e+01 2.421940e+03 1.134654e+04 2.09315 1.766594e-01
9.690000e-01 1.181610e+00 1.807800e+00 2.059245e+00 1.221370e+01 2.462240e+03 1.134064e+04 2.09572 1.796592e-01
9.680000e-01 1.181610e+00 1.808607e+00 2.060164e+00 1.221899e+01 2.501874e+03 1.133480e+04 2.09829 1.826122e-01
9.670000e-01 1.181610e+00 1.809415e+00 2.061084e+00 1.222428e+01 2.540803e+03 1.132900e+04 2.10086 1.855155e-01
9.660000e-01 1.181610e+00 1.810221e+00 2.062002e+00 1.222957e+01 2.579011e+03 1.132327e+04 2.10344 1.883680e-01
9.650000e-01 1.181610e+00 1.811027e+00 2.062919e+00 1.223486e+01 2.616598e+03 1.131757e+04 2.10602 1.911773e-01
9.640000e-01 1.181610e+00 1.811834e+00 2.063839e+00 1.224016e+01 2.653673e+03 1.131191e+04 2.1086 1.939511e-01
9.630000e-01 1.181610e+00 1.812647e+00 2.064765e+00 1.224549e+01 2.690337e+03 1.130627e+04 2.1112 1.966967e-01
9.620000e-01 1.181610e+00 1.813464e+00 2.065696e+00 1.225084e+01 2.726575e+03 1.130066e+04 2.11381 1.994127e-01
9.610000e-01 1.181610e+00 1.814284e+00 2.066632e+00 1.225620e+01 2.762343e+03 1.129508e+04 2.11643 2.020960e-01
9.600000e-01 1.181610e+00 1.815106e+00 2.067570e+00 1.226156e+01 2.797612e+03 1.128954e+04 2.11905 2.047444e-01
9.590000e-01 1.181610e+00 1.815927e+00 2.068507e+00 1.226693e+01 2.832349e+03 1.128403e+04 2.12167 2.073557e-01
9.580000e-01 1.181610e+00 1.816746e+00 2.069441e+00 1.227229e+01 2.866520e+03 1.127857e+04 2.1243 2.099273e-01
9.570000e-01 1.181610e+00 1.817561e+00 2.070368e+00 1.227765e+01 2.900099e+03 1.127316e+04 2.12691 2.124577e-01
9.560000e-01 1.181610e+00 1.818371e+00 2.071289e+00 1.228300e+01 2.933124e+03 1.126778e+04 2.12953 2.149496e-01
9.550000e-01 1.181610e+00 1.819181e+00 2.072208e+00 1.228838e+01 2.965755e+03 1.126241e+04 2.13215 2.174149e-01
9.540000e-01 1.181610e+00 1.819994e+00 2.073130e+00 1.229377e+01 2.998104e+03 1.125705e+04 2.13479 2.198616e-01
9.530000e-01 1.181610e+00 1.820812e+00 2.074059e+00 1.229920e+01 3.030233e+03 1.125168e+04 2.13744 2.222939e-01
9.520000e-01 1.181610e+00 1.821636e+00 2.074995e+00 1.230465e+01 3.062128e+03 1.124632e+04 2.14011 2.247106e-01
9.510000e-01 1.181610e+00 1.822465e+00 2.075938e+00 1.231013e+01 3.093770e+03 1.124097e+04 2.14279 2.271101e-01
9.500000e-01 1.181610e+00 1.823298e+00 2.076887e+00 1.231561e+01 3.125128e+03 1.123563e+04 2.14548 2.294900e-01
9.490000e-01 1.181610e+00 1.824135e+00 2.077839e+00 1.232111e+01 3.156182e+03 1.123031e+04 2.14817 2.318488e-01
9.480000e-01 1.181610e+00 1.824972e+00 2.078794e+00 1.232662e+01 3.186906e+03 1.122501e+04 2.15087 2.341849e-01
9.470000e-01 1.181610e+00 1.825811e+00 2.079749e+00 1.233213e+01 3.217278e+03 1.121973e+04 2.15358 2.364967e-01
9.460000e-01 1.181610e+00 1.826649e+00 2.080704e+00 1.233764e+01 3.247308e+03 1.121447e+04 2.15629 2.387849e-01
9.450000e-01 1.181610e+00 1.827489e+00 2.081660e+00 1.234317e+01 3.277063e+03 1.120923e+04 2.159 2.410546e-01
9.440000e-01 1.181610e+00 1.828332e+00 2.082621e+00 1.234872e+01 3.306603e+03 1.120398e+04 2.16173 2.433101e-01
9.430000e-01 1.181610e+00 1.829180e+00 2.083588e+00 1.235430e+01 3.335947e+03 1.119874e+04 2.16447 2.455526e-01
9.420000e-01 1.181610e+00 1.830032e+00 2.084559e+00 1.235988e+01 3.365058e+03 1.119350e+04 2.16722 2.477792e-01
9.410000e-01 1.181610e+00 1.830885e+00 2.085533e+00 1.236548e+01 3.393895e+03 1.118828e+04 2.16997 2.499872e-01
9.400000e-01 1.181610e+00 1.831739e+00 2.086507e+00 1.237108e+01 3.422425e+03 1.118308e+04 2.17273 2.521739e-01
9.390000e-01 1.181610e+00 1.832591e+00 2.087480e+00 1.237668e+01 3.450613e+03 1.117790e+04 2.17549 2.543367e-01
9.380000e-01 1.181610e+00 1.833441e+00 2.088448e+00 1.238227e+01 3.478434e+03 1.117275e+04 2.17824 2.564742e-01
9.370000e-01 1.181610e+00 1.834287e+00 2.089411e+00 1.238786e+01 3.505892e+03 1.116762e+04 2.181 2.585867e-01
9.360000e-01 1.181610e+00 1.835131e+00 2.090371e+00 1.239345e+01 3.533072e+03 1.116251e+04 2.18375 2.606806e-01
9.350000e-01 1.181610e+00 1.835978e+00 2.091333e+00 1.239907e+01 3.560072e+03 1.115740e+04 2.18652 2.627630e-01
9.340000e-01 1.181610e+00 1.836829e+00 2.092300e+00 1.240472e+01 3.586950e+03 1.115228e+04 2.1893 2.648381e-01
9.330000e-01 1.181610e+00 1.837685e+00 2.093274e+00 1.241039e+01 3.613711e+03 1.114715e+04 2.1921 2.669059e-01
9.320000e-01 1.181610e+00 1.838546e+00 2.094254e+00 1.241609e+01 3.640330e+03 1.114202e+04 2.19491 2.689646e-01
9.310000e-01 1.181610e+00 1.839411e+00 2.095240e+00 1.242180e+01 3.666786e+03 1.113690e+04 2.19773 2.710124e-01
9.300000e-01 1.181610e+00 1.840279e+00 2.096229e+00 1.242753e+01 3.693056e+03 1.113178e+04 2.20056 2.730477e-01
9.290000e-01 1.181610e+00 1.841149e+00 2.097221e+00 1.243327e+01 3.719116e+03 1.112667e+04 2.20339 2.750686e-01
9.280000e-01 1.181610e+00 1.842020e+00 2.098213e+00 1.243901e+01 3.744948e+03 1.112157e+04 2.20623 2.770740e-01
9.270000e-01 1.181610e+00 1.842890e+00 2.099205e+00 1.244476e+01 3.770552e+03 1.111648e+04 2.20907 2.790638e-01
9.260000e-01 1.181610e+00 1.843762e+00 2.100199e+00 1.245052e+01 3.795975e+03 1.111141e+04 2.21192 2.810417e-01
9.250000e-01 1.181610e+00 1.844637e+00 2.101197e+00 1.245630e+01 3.821261e+03 1.110632e+04 2.21478 2.830111e-01
9.240000e-01 1.181610e+00 1.845517e+00 2.102201e+00 1.246210e+01 3.846436e+03 1.110124e+04 2.21766 2.849735e-01
9.230000e-01 1.181610e+00 1.846401e+00 2.103209e+00 1.246793e+01 3.871476e+03 1.109615e+04 2.22055 2.869272e-01
9.220000e-01 1.181610e+00 1.847287e+00 2.104220e+00 1.247377e+01 3.896346e+03 1.109106e+04 2.22344 2.888696e-01
9.210000e-01 1.181610e+00 1.848174e+00 2.105233e+00 1.247961e+01 3.921017e+03 1.108599e+04 2.22634 2.907984e-01
9.200000e-01 1.181610e+00 1.849060e+00 2.106244e+00 1.248546e+01 3.945455e+03 1.108092e+04 2.22924 2.927113e-01
9.190000e-01 1.181610e+00 1.849944e+00 2.107253e+00 1.249131e+01 3.969637e+03 1.107587e+04 2.23214 2.946067e-01
9.180000e-01 1.181610e+00 1.850825e+00 2.108257e+00 1.249715e+01 3.993563e+03 1.107084e+04 2.23504 2.964846e-01
9.170000e-01 1.181610e+00 1.851706e+00 2.109259e+00 1.250300e+01 4.017298e+03 1.106582e+04 2.23794 2.983500e-01
9.160000e-01 1.181610e+00 1.852589e+00 2.110264e+00 1.250887e+01 4.040909e+03 1.106079e+04 2.24086 3.002080e-01
9.150000e-01 1.181610e+00 1.853476e+00 2.111274e+00 1.251477e+01 4.064447e+03 1.105574e+04 2.24378 3.020620e-01
9.140000e-01 1.181610e+00 1.854368e+00 2.112290e+00 1.252070e+01 4.087909e+03 1.105069e+04 2.24673 3.039117e-01
9.130000e-01 1.181610e+00 1.855301e+00 2.113356e+00 1.252675e+01 4.111208e+03 1.104556e+04 2.24976 3.057485e-01
9.120000e-01 1.181610e+00 1.856202e+00 2.114383e+00 1.253272e+01 4.134456e+03 1.104049e+04 2.25273 3.075845e-01
9.110000e-01 1.181610e+00 1.857104e+00 2.115413e+00 1.253870e+01 4.157566e+03 1.103543e+04 2.25571 3.094113e-01
9.100000e-01 1.181610e+00 1.858008e+00 2.116445e+00 1.254469e+01 4.180514e+03 1.103038e+04 2.25869 3.112271e-01
9.090000e-01 1.181610e+00 1.858913e+00 2.117476e+00 1.255068e+01 4.203290e+03 1.102533e+04 2.26167 3.130313e-01
9.080000e-01 1.181610e+00 1.859817e+00 2.118508e+00 1.255669e+01 4.225895e+03 1.102029e+04 2.26466 3.148240e-01
9.070000e-01 1.181610e+00 1.860724e+00 2.119542e+00 1.256270e+01 4.248371e+03 1.101525e+04 2.26765 3.166085e-01
9.060000e-01 1.181610e+00 1.861633e+00 2.120581e+00 1.256874e+01 4.270754e+03 1.101021e+04 2.27066 3.183873e-01
9.050000e-01 1.181610e+00 1.862547e+00 2.121623e+00 1.257480e+01 4.293049e+03 1.100515e+04 2.27368 3.201608e-01
9.040000e-01 1.181610e+00 1.863464e+00 2.122670e+00 1.258087e+01 4.315244e+03 1.100010e+04 2.27671 3.219280e-01
9.030000e-01 1.181610e+00 1.864382e+00 2.123720e+00 1.258696e+01 4.337308e+03 1.099504e+04 2.27975 3.236865e-01
9.020000e-01 1.181610e+00 1.865302e+00 2.124770e+00 1.259306e+01 4.359212e+03 1.098999e+04 2.28279 3.254344e-01
9.010000e-01 1.181610e+00 1.866220e+00 2.125819e+00 1.259916e+01 4.380933e+03 1.098495e+04 2.28584 3.271698e-01
9.000000e-01 1.181610e+00 1.867136e+00 2.126864e+00 1.260526e+01 4.402453e+03 1.097993e+04 2.28888 3.288916e-01
8.990000e-01 1.181610e+00 1.868051e+00 2.127907e+00 1.261135e+01 4.423791e+03 1.097491e+04 2.29192 3.306013e-01
8.980000e-01 1.181610e+00 1.868966e+00 2.128950e+00 1.261747e+01 4.445013e+03 1.096989e+04 2.29498 3.323038e-01
8.970000e-01 1.181610e+00 1.869885e+00 2.129997e+00 1.262361e+01 4.466161e+03 1.096485e+04 2.29804 3.340024e-01
8.960000e-01 1.181610e+00 1.870808e+00 2.131050e+00 1.262978e+01 4.487267e+03 1.095980e+04 2.30112 3.356992e-01
8.950000e-01 1.181610e+00 1.871737e+00 2.132108e+00 1.263598e+01 4.508315e+03 1.095474e+04 2.30422 3.373928e-01
8.940000e-01 1.181610e+00 1.872669e+00 2.133172e+00 1.264220e+01 4.529291e+03 1.094967e+04 2.30733 3.390822e-01
8.930000e-01 1.181610e+00 1.873604e+00 2.134240e+00 1.264844e+01 4.550180e+03 1.094460e+04 2.31045 3.407661e-01
8.920000e-01 1.181610e+00 1.874542e+00 2.135310e+00 1.265470e+01 4.570956e+03 1.093952e+04 2.31358 3.424426e-01
8.910000e-01 1.181610e+00 1.875480e+00 2.136382e+00 1.266096e+01 4.591604e+03 1.093444e+04 2.31671 3.441105e-01
8.900000e-01 1.181610e+00 1.876419e+00 2.137454e+00 1.266722e+01 4.612114e+03 1.092937e+04 2.31984 3.457692e-01
8.890000e-01 1.181610e+00 1.877359e+00 2.138527e+00 1.267350e+01 4.632509e+03 1.092430e+04 2.32299 3.474204e-01
8.880000e-01 1.181610e+00 1.878301e+00 2.139603e+00 1.267980e+01 4.652818e+03 1.091922e+04 2.32614 3.490664e-01
8.870000e-01 1.181610e+00 1.879248e+00 2.140683e+00 1.268612e+01 4.673064e+03 1.091413e+04 2.3293 3.507088e-01
8.860000e-01 1.181610e+00 1.880197e+00 2.141768e+00 1.269246e+01 4.693234e+03 1.090904e+04 2.33248 3.523467e-01
8.850000e-01 1.181610e+00 1.881149e+00 2.142855e+00 1.269881e+01 4.713308e+03 1.090394e+04 2.33566 3.539783e-01
8.840000e-01 1.181610e+00 1.882101e+00 2.143944e+00 1.270518e+01 4.733262e+03 1.089884e+04 2.33885 3.556021e-01
8.830000e-01 1.181610e+00 1.883054e+00 2.145032e+00 1.271155e+01 4.753072e+03 1.089374e+04 2.34204 3.572161e-01
8.820000e-01 1.181610e+00 1.884004e+00 2.146117e+00 1.271792e+01 4.772719e+03 1.088866e+04 2.34523 3.588191e-01
8.810000e-01 1.181610e+00 1.884953e+00 2.147199e+00 1.272429e+01 4.792212e+03 1.088358e+04 2.34843 3.604118e-01
8.800000e-01 1.181610e+00 1.885902e+00 2.148282e+00 1.273067e+01 4.811594e+03 1.087850e+04 2.35162 3.619976e-01
8.790000e-01 1.181610e+00 1.886853e+00 2.149367e+00 1.273707e+01 4.830913e+03 1.087340e+04 2.35483 3.635801e-01
8.780000e-01 1.181610e+00 1.887809e+00 2.150457e+00 1.274351e+01 4.850196e+03 1.086829e+04 2.35806 3.651612e-01
8.770000e-01 1.181610e+00 1.888770e+00 2.151553e+00 1.274997e+01 4.869437e+03 1.086316e+04 2.3613 3.667403e-01
8.760000e-01 1.181610e+00 1.889735e+00 2.152654e+00 1.275646e+01 4.888629e+03 1.085803e+04 2.36455 3.683168e-01
8.750000e-01 1.181610e+00 1.890703e+00 2.153760e+00 1.276298e+01 4.907754e+03 1.085288e+04 2.36782 3.698893e-01
8.740000e-01 1.181610e+00 1.891674e+00 2.154868e+00 1.276950e+01 4.926797e+03 1.084772e+04 2.37109 3.714565e-01
8.730000e-01 1.181610e+00 1.892645e+00 2.155978e+00 1.277604e+01 4.945737e+03 1.084256e+04 2.37437 3.730170e-01
8.720000e-01 1.181610e+00 1.893618e+00 2.157089e+00 1.278259e+01 4.964571e+03 1.083740e+04 2.37766 3.745705e-01
8.710000e-01 1.181610e+00 1.894592e+00 2.158200e+00 1.278915e+01 4.983306e+03 1.083224e+04 2.38095 3.761177e-01
8.700000e-01 1.181610e+00 1.895568e+00 2.159315e+00 1.279573e+01 5.001976e+03 1.082707e+04 2.38425 3.776610e-01
8.690000e-01 1.181610e+00 1.896547e+00 2.160434e+00 1.280233e+01 5.020590e+03 1.082189e+04 2.38756 3.792013e-01
8.680000e-01 1.181610e+00 1.897530e+00 2.161557e+00 1.280895e+01 5.039145e+03 1.081670e+04 2.39089 3.807381e-01
8.670000e-01 1.181610e+00 1.898515e+00 2.162683e+00 1.281559e+01 5.057618e+03 1.081150e+04 2.39422 3.822697e-01
8.660000e-01 1.181610e+00 1.899501e+00 2.163809e+00 1.282224e+01 5.075989e+03 1.080630e+04 2.39756 3.837946e-01
8.650000e-01 1.181610e+00 1.900487e+00 2.164935e+00 1.282890e+01 5.094239e+03 1.080110e+04 2.4009 3.853113e-01
8.640000e-01 1.181610e+00 1.901471e+00 2.166058e+00 1.283555e+01 5.112348e+03 1.079590e+04 2.40425 3.868186e-01
8.630000e-01 1.181610e+00 1.902453e+00 2.167179e+00 1.284221e+01 5.130330e+03 1.079071e+04 2.40759 3.883174e-01
8.620000e-01 1.181610e+00 1.903436e+00 2.168300e+00 1.284889e+01 5.148224e+03 1.078551e+04 2.41094 3.898110e-01
8.610000e-01 1.181610e+00 1.904422e+00 2.169425e+00 1.285558e+01 5.166069e+03 1.078030e+04 2.4143 3.913021e-01
8.600000e-01 1.181610e+00 1.905412e+00 2.170554e+00 1.286231e+01 5.183883e+03 1.077507e+04 2.41767 3.927921e-01
8.590000e-01 1.181610e+00 1.906406e+00 2.171689e+00 1.286907e+01 5.201657e+03 1.076983e+04 2.42107 3.942801e-01
8.580000e-01 1.181610e+00 1.907404e+00 2.172828e+00 1.287585e+01 5.219386e+03 1.076457e+04 2.42447 3.957658e-01
8.570000e-01 1.181610e+00 1.908405e+00 2.173972e+00 1.288265e+01 5.237061e+03 1.075930e+04 2.42789 3.972482e-01
8.560000e-01 1.181610e+00 1.909408e+00 2.175118e+00 1.288947e+01 5.254660e+03 1.075402e+04 2.43131 3.987260e-01
8.550000e-01 1.181610e+00 1.910413e+00 2.176265e+00 1.289630e+01 5.272173e+03 1.074873e+04 2.43474 4.001981e-01
8.540000e-01 1.181610e+00 1.911418e+00 2.177413e+00 1.290314e+01 5.289597e+03 1.074344e+04 2.43818 4.016644e-01
8.530000e-01 1.181610e+00 1.912425e+00 2.178563e+00 1.291000e+01 5.306949e+03 1.073815e+04 2.44162 4.031264e-01
8.520000e-01 1.181610e+00 1.913435e+00 2.179716e+00 1.291688e+01 5.324248e+03 1.073284e+04 2.44507 4.045854e-01
8.510000e-01 1.181610e+00 1.914449e+00 2.180874e+00 1.292379e+01 5.341504e+03 1.072752e+04 2.44854 4.060421e-01
8.500000e-01 1.181610e+00 1.915465e+00 2.182035e+00 1.293072e+01 5.358700e+03 1.072218e+04 2.45202 4.074953e-01
8.490000e-01 1.181610e+00 1.916483e+00 2.183198e+00 1.293766e+01 5.375820e+03 1.071684e+04 2.45551 4.089436e-01
8.480000e-01 1.181610e+00 1.917501e+00 2.184361e+00 1.294461e+01 5.392844e+03 1.071150e+04 2.459 4.103856e-01
8.470000e-01 1.181610e+00 1.918519e+00 2.185524e+00 1.295156e+01 5.409756e+03 1.070616e+04 2.46249 4.118200e-01
8.460000e-01 1.181610e+00 1.919535e+00 2.186684e+00 1.295852e+01 5.426547e+03 1.070082e+04 2.46598 4.132464e-01
8.450000e-01 1.181610e+00 1.920550e+00 2.187842e+00 1.296549e+01 5.443239e+03 1.069548e+04 2.46948 4.146664e-01
8.440000e-01 1.181610e+00 1.921567e+00 2.189002e+00 1.297247e+01 5.459876e+03 1.069013e+04 2.47298 4.160836e-01
8.430000e-01 1.181610e+00 1.922587e+00 2.190167e+00 1.297949e+01 5.476475e+03 1.068476e+04 2.4765 4.174991e-01
8.420000e-01 1.181610e+00 1.923612e+00 2.191336e+00 1.298653e+01 5.493046e+03 1.067937e+04 2.48004 4.189133e-01
8.410000e-01 1.181610e+00 1.924640e+00 2.192510e+00 1.299361e+01 5.509577e+03 1.067396e+04 2.48359 4.203257e-01
8.400000e-01 1.181610e+00 1.925672e+00 2.193688e+00 1.300070e+01 5.526064e+03 1.066854e+04 2.48715 4.217357e-01
8.390000e-01 1.181610e+00 1.926706e+00 2.194870e+00 1.300782e+01 5.542496e+03 1.066311e+04 2.49072 4.231423e-01
8.380000e-01 1.181610e+00 1.927742e+00 2.196053e+00 1.301495e+01 5.558855e+03 1.065767e+04 2.4943 4.245443e-01
8.370000e-01 1.181610e+00 1.928779e+00 2.197237e+00 1.302210e+01 5.575138e+03 1.065222e+04 2.49788 4.259413e-01
8.360000e-01 1.181610e+00 1.929817e+00 2.198423e+00 1.302926e+01 5.591347e+03 1.064677e+04 2.50147 4.273339e-01
8.350000e-01 1.181610e+00 1.930858e+00 2.199611e+00 1.303644e+01 5.607511e+03 1.064130e+04 2.50508 4.287238e-01
8.340000e-01 1.181610e+00 1.931902e+00 2.200804e+00 1.304365e+01 5.623635e+03 1.063582e+04 2.50869 4.301118e-01
8.330000e-01 1.181610e+00 1.932949e+00 2.202000e+00 1.305088e+01 5.639709e+03 1.063032e+04 2.51232 4.314970e-01
8.320000e-01 1.181610e+00 1.933998e+00 2.203199e+00 1.305814e+01 5.655721e+03 1.062481e+04 2.51595 4.328782e-01
8.310000e-01 1.181610e+00 1.935048e+00 2.204399e+00 1.306540e+01 5.671653e+03 1.061930e+04 2.51959 4.342542e-01
8.300000e-01 1.181610e+00 1.936097e+00 2.205598e+00 1.307267e+01 5.687490e+03 1.061378e+04 2.52324 4.356239e-01
8.290000e-01 1.181610e+00 1.937145e+00 2.206794e+00 1.307994e+01 5.703218e+03 1.060827e+04 2.52688 4.369863e-01
8.280000e-01 1.181610e+00 1.938192e+00 2.207989e+00 1.308722e+01 5.718853e+03 1.060275e+04 2.53053 4.383427e-01
8.270000e-01 1.181610e+00 1.939241e+00 2.209186e+00 1.309453e+01 5.734433e+03 1.059722e+04 2.53418 4.396961e-01
8.260000e-01 1.181610e+00 1.940292e+00 2.210386e+00 1.310185e+01 5.749974e+03 1.059167e+04 2.53785 4.410477e-01
8.250000e-01 1.181610e+00 1.941347e+00 2.211590e+00 1.310921e+01 5.765490e+03 1.058610e+04 2.54154 4.423984e-01
8.240000e-01 1.181610e+00 1.942407e+00 2.212800e+00 1.311660e+01 5.780973e+03 1.058052e+04 2.54524 4.437477e-01
8.230000e-01 1.181610e+00 1.943469e+00 2.214013e+00 1.312402e+01 5.796416e+03 1.057491e+04 2.54895 4.450947e-01
8.220000e-01 1.181610e+00 1.944534e+00 2.215230e+00 1.313146e+01 5.811811e+03 1.056930e+04 2.55267 4.464389e-01
8.210000e-01 1.181610e+00 1.945601e+00 2.216448e+00 1.313892e+01 5.827142e+03 1.056367e+04 2.5564 4.477791e-01
8.200000e-01 1.181610e+00 1.946669e+00 2.217668e+00 1.314639e+01 5.842403e+03 1.055803e+04 2.56013 4.491148e-01
8.190000e-01 1.181610e+00 1.947738e+00 2.218889e+00 1.315387e+01 5.857602e+03 1.055239e+04 2.56388 4.504466e-01
8.180000e-01 1.181610e+00 1.948809e+00 2.220113e+00 1.316139e+01 5.872755e+03 1.054673e+04 2.56763 4.517760e-01
8.170000e-01 1.181610e+00 1.949884e+00 2.221341e+00 1.316893e+01 5.887875e+03 1.054105e+04 2.5714 4.531037e-01
8.160000e-01 1.181610e+00 1.950962e+00 2.222572e+00 1.317649e+01 5.902950e+03 1.053535e+04 2.57518 4.544290e-01
8.150000e-01 1.181610e+00 1.952041e+00 2.223806e+00 1.318407e+01 5.917965e+03 1.052965e+04 2.57896 4.557504e-01
8.140000e-01 1.181610e+00 1.953121e+00 2.225041e+00 1.319167e+01 5.932908e+03 1.052394e+04 2.58276 4.570672e-01
8.130000e-01 1.181610e+00 1.954201e+00 2.226274e+00 1.319928e+01 5.947763e+03 1.051822e+04 2.58655 4.583781e-01
8.120000e-01 1.181610e+00 1.955279e+00 2.227506e+00 1.320689e+01 5.962521e+03 1.051250e+04 2.59035 4.596824e-01
8.110000e-01 1.181610e+00 1.956356e+00 2.228736e+00 1.321451e+01 5.977196e+03 1.050678e+04 2.59415 4.609816e-01
8.100000e-01 1.181610e+00 1.957436e+00 2.229968e+00 1.322215e+01 5.991824e+03 1.050104e+04 2.59796 4.622784e-01
8.090000e-01 1.181610e+00 1.958518e+00 2.231203e+00 1.322982e+01 6.006417e+03 1.049529e+04 2.60178 4.635735e-01
8.080000e-01 1.181610e+00 1.959604e+00 2.232443e+00 1.323753e+01 6.020988e+03 1.048951e+04 2.60562 4.648679e-01
8.070000e-01 1.181610e+00 1.960731e+00 2.233734e+00 1.324536e+01 6.035490e+03 1.048363e+04 2.60954 4.661524e-01
8.060000e-01 1.181610e+00 1.961824e+00 2.234983e+00 1.325313e+01 6.049989e+03 1.047781e+04 2.61341 4.674429e-01
8.050000e-01 1.181610e+00 1.962919e+00 2.236234e+00 1.326092e+01 6.064440e+03 1.047198e+04 2.61728 4.687308e-01
8.040000e-01 1.181610e+00 1.964016e+00 2.237488e+00 1.326872e+01 6.078833e+03 1.046614e+04 2.62116 4.700149e-01
8.030000e-01 1.181610e+00 1.965114e+00 2.238742e+00 1.327655e+01 6.093160e+03 1.046029e+04 2.62505 4.712950e-01
8.020000e-01 1.181610e+00 1.966213e+00 2.239998e+00 1.328439e+01 6.107435e+03 1.045442e+04 2.62895 4.725718e-01
8.010000e-01 1.181610e+00 1.967315e+00 2.241257e+00 1.329226e+01 6.121672e+03 1.044854e+04 2.63286 4.738468e-01
8.000000e-01 1.181610e+00 1.968420e+00 2.242520e+00 1.330016e+01 6.135878e+03 1.044264e+04 2.63679 4.751201e-01
7.990000e-01 1.181610e+00 1.969527e+00 2.243786e+00 1.330809e+01 6.150037e+03 1.043672e+04 2.64072 4.763908e-01
7.980000e-01 1.181610e+00 1.970636e+00 2.245054e+00 1.331603e+01 6.164134e+03 1.043079e+04 2.64466 4.776575e-01
7.970000e-01 1.181610e+00 1.971745e+00 2.246322e+00 1.332399e+01 6.178160e+03 1.042485e+04 2.64861 4.789195e-01
7.960000e-01 1.181610e+00 1.972853e+00 2.247588e+00 1.333196e+01 6.192098e+03 1.041891e+04 2.65256 4.801757e-01
7.950000e-01 1.181610e+00 1.973960e+00 2.248852e+00 1.333993e+01 6.205949e+03 1.041297e+04 2.65651 4.814261e-01
7.940000e-01 1.181610e+00 1.975067e+00 2.250116e+00 1.334792e+01 6.219737e+03 1.040702e+04 2.66046 4.826728e-01
7.930000e-01 1.181610e+00 1.976176e+00 2.251383e+00 1.335594e+01 6.233487e+03 1.040104e+04 2.66443 4.839177e-01
7.920000e-01 1.181610e+00 1.977289e+00 2.252654e+00 1.336399e+01 6.247213e+03 1.039505e+04 2.66841 4.851617e-01
7.910000e-01 1.181610e+00 1.978405e+00 2.253930e+00 1.337208e+01 6.260914e+03 1.038903e+04 2.67241 4.864048e-01
7.900000e-01 1.181610e+00 1.979525e+00 2.255210e+00 1.338019e+01 6.274578e+03 1.038299e+04 2.67642 4.876459e-01
7.890000e-01 1.181610e+00 1.980647e+00 2.256492e+00 1.338834e+01 6.288201e+03 1.037693e+04 2.68044 4.888847e-01
7.880000e-01 1.181610e+00 1.981771e+00 2.257777e+00 1.339651e+01 6.301775e+03 1.037086e+04 2.68448 4.901204e-01
7.870000e-01 1.181610e+00 1.982896e+00 2.259063e+00 1.340469e+01 6.315289e+03 1.036478e+04 2.68851 4.913523e-01
7.860000e-01 1.181610e+00 1.984022e+00 2.260351e+00 1.341290e+01 6.328748e+03 1.035868e+04 2.69256 4.925809e-01
7.850000e-01 1.181610e+00 1.985150e+00 2.261640e+00 1.342113e+01 6.342169e+03 1.035257e+04 2.69662 4.938074e-01
7.840000e-01 1.181610e+00 1.986281e+00 2.262934e+00 1.342940e+01 6.355555e+03 1.034643e+04 2.70069 4.950321e-01
7.830000e-01 1.181610e+00 1.987415e+00 2.264231e+00 1.343769e+01 6.368907e+03 1.034027e+04 2.70477 4.962548e-01
7.820000e-01 1.181610e+00 1.988550e+00 2.265529e+00 1.344601e+01 6.382203e+03 1.033410e+04 2.70885 4.974741e-01
7.810000e-01 1.181610e+00 1.989686e+00 2.266828e+00 1.345434e+01 6.395436e+03 1.032792e+04 2.71295 4.986893e-01
7.800000e-01 1.181610e+00 1.990821e+00 2.268126e+00 1.346268e+01 6.408593e+03 1.032173e+04 2.71705 4.998993e-01
7.790000e-01 1.181610e+00 1.991954e+00 2.269421e+00 1.347103e+01 6.421663e+03 1.031554e+04 2.72114 5.011034e-01
7.780000e-01 1.181610e+00 1.993087e+00 2.270715e+00 1.347940e+01 6.434668e+03 1.030934e+04 2.72524 5.023035e-01
7.770000e-01 1.181610e+00 1.994222e+00 2.272012e+00 1.348779e+01 6.447638e+03 1.030311e+04 2.72936 5.035019e-01
7.760000e-01 1.181610e+00 1.995360e+00 2.273312e+00 1.349622e+01 6.460574e+03 1.029686e+04 2.73348 5.046988e-01
7.750000e-01 1.181610e+00 1.996501e+00 2.274617e+00 1.350469e+01 6.473491e+03 1.029059e+04 2.73762 5.058949e-01
7.740000e-01 1.181610e+00 1.997645e+00 2.275925e+00 1.351319e+01 6.486377e+03 1.028429e+04 2.74178 5.070894e-01
7.730000e-01 1.181610e+00 1.998792e+00 2.277236e+00 1.352172e+01 6.499222e+03 1.027797e+04 2.74594 5.082816e-01
7.720000e-01 1.181610e+00 1.999941e+00 2.278550e+00 1.353027e+01 6.512022e+03 1.027163e+04 2.75011 5.094710e-01
7.710000e-01 1.181610e+00 2.001090e+00 2.279864e+00 1.353885e+01 6.524766e+03 1.026528e+04 2.75429 5.106568e-01
7.700000e-01 1.181610e+00 2.002240e+00 2.281179e+00 1.354745e+01 6.537459e+03 1.025891e+04 2.75848 5.118394e-01
7.690000e-01 1.181610e+00 2.003393e+00 2.282497e+00 1.355608e+01 6.550115e+03 1.025252e+04 2.76268 5.130199e-01
7.680000e-01 1.181610e+00 2.004547e+00 2.283817e+00 1.356474e+01 6.562734e+03 1.024611e+04 2.76689 5.141984e-01
7.670000e-01 1.181610e+00 2.005705e+00 2.285141e+00 1.357343e+01 6.575322e+03 1.023968e+04 2.77111 5.153751e-01
7.660000e-01 1.181610e+00 2.006864e+00 2.286467e+00 1.358214e+01 6.587861e+03 1.023322e+04 2.77533 5.165487e-01
7.650000e-01 1.181610e+00 2.008022e+00 2.287792e+00 1.359088e+01 6.600334e+03 1.022676e+04 2.77957 5.177180e-01
7.640000e-01 1.181610e+00 2.009180e+00 2.289117e+00 1.359962e+01 6.612738e+03 1.022028e+04 2.7838 5.188824e-01
7.630000e-01 1.181610e+00 2.010336e+00 2.290438e+00 1.360838e+01 6.625061e+03 1.021380e+04 2.78804 5.200415e-01
7.620000e-01 1.181610e+00 2.011492e+00 2.291759e+00 1.361715e+01 6.637320e+03 1.020731e+04 2.79227 5.211965e-01
7.610000e-01 1.181610e+00 2.012650e+00 2.293082e+00 1.362596e+01 6.649547e+03 1.020079e+04 2.79652 5.223498e-01
7.600000e-01 1.181610e+00 2.013810e+00 2.294408e+00 1.363480e+01 6.661744e+03 1.019424e+04 2.80078 5.235018e-01
7.590000e-01 1.181610e+00 2.014973e+00 2.295737e+00 1.364368e+01 6.673917e+03 1.018767e+04 2.80506 5.246527e-01
7.580000e-01 1.181610e+00 2.016139e+00 2.297071e+00 1.365260e+01 6.686063e+03 1.018107e+04 2.80935 5.258021e-01
7.570000e-01 1.181610e+00 2.017307e+00 2.298407e+00 1.366155e+01 6.698166e+03 1.017444e+04 2.81365 5.269489e-01
7.560000e-01 1.181610e+00 2.018476e+00 2.299743e+00 1.367052e+01 6.710222e+03 1.016780e+04 2.81795 5.280927e-01
7.550000e-01 1.181610e+00 2.019647e+00 2.301081e+00 1.367952e+01 6.722230e+03 1.016114e+04 2.82226 5.292332e-01
7.540000e-01 1.181610e+00 2.020817e+00 2.302420e+00 1.368854e+01 6.734188e+03 1.015445e+04 2.82658 5.303706e-01
7.530000e-01 1.181610e+00 2.021990e+00 2.303760e+00 1.369760e+01 6.746113e+03 1.014774e+04 2.8309 5.315061e-01
7.520000e-01 1.181610e+00 2.023165e+00 2.305104e+00 1.370669e+01 6.758004e+03 1.014101e+04 2.83524 5.326395e-01
7.510000e-01 1.181610e+00 2.024341e+00 2.306450e+00 1.371581e+01 6.769858e+03 1.013425e+04 2.83959 5.337708e-01
7.500000e-01 1.181610e+00 2.025519e+00 2.307797e+00 1.372496e+01 6.781664e+03 1.012747e+04 2.84394 5.348988e-01
7.490000e-01 1.181610e+00 2.026696e+00 2.309143e+00 1.373413e+01 6.793404e+03 1.012067e+04 2.8483 5.360221e-01
7.480000e-01 1.181610e+00 2.027872e+00 2.310487e+00 1.374331e+01 6.805073e+03 1.011387e+04 2.85265 5.371407e-01
7.470000e-01 1.181610e+00 2.029046e+00 2.311829e+00 1.375250e+01 6.816668e+03 1.010706e+04 2.85701 5.382542e-01
7.460000e-01 1.181610e+00 2.030220e+00 2.313170e+00 1.376172e+01 6.828209e+03 1.010023e+04 2.86137 5.393644e-01
7.450000e-01 1.181610e+00 2.031395e+00 2.314513e+00 1.377097e+01 6.839722e+03 1.009337e+04 2.86574 5.404733e-01
7.440000e-01 1.181610e+00 2.032574e+00 2.315860e+00 1.378027e+01 6.851207e+03 1.008648e+04 2.87013 5.415808e-01
7.430000e-01 1.181610e+00 2.033755e+00 2.317211e+00 1.378961e+01 6.862665e+03 1.007956e+04 2.87453 5.426869e-01
7.420000e-01 1.181610e+00 2.034939e+00 2.318564e+00 1.379898e+01 6.874089e+03 1.007261e+04 2.87894 5.437911e-01
7.410000e-01 1.181610e+00 2.036159e+00 2.319963e+00 1.380848e+01 6.885436e+03 1.006556e+04 2.88342 5.448827e-01
7.400000e-01 1.181610e+00 2.037346e+00 2.321320e+00 1.381792e+01 6.896768e+03 1.005857e+04 2.88785 5.459807e-01
7.390000e-01 1.181610e+00 2.038532e+00 2.322677e+00 1.382738e+01 6.908048e+03 1.005155e+04 2.89228 5.470755e-01
7.380000e-01 1.181610e+00 2.039720e+00 2.324035e+00 1.383687e+01 6.919287e+03 1.004452e+04 2.89672 5.481678e-01
7.370000e-01 1.181610e+00 2.040909e+00 2.325395e+00 1.384640e+01 6.930492e+03 1.003746e+04 2.90117 5.492582e-01
7.360000e-01 1.181610e+00 2.042101e+00 2.326758e+00 1.385596e+01 6.941661e+03 1.003037e+04 2.90563 5.503464e-01
7.350000e-01 1.181610e+00 2.043294e+00 2.328123e+00 1.386556e+01 6.952787e+03 1.002325e+04 2.9101 5.514319e-01
7.340000e-01 1.181610e+00 2.044486e+00 2.329488e+00 1.387518e+01 6.963855e+03 1.001613e+04 2.91457 5.525134e-01
7.330000e-01 1.181610e+00 2.045677e+00 2.330850e+00 1.388482e+01 6.974855e+03 1.000898e+04 2.91904 5.535902e-01
7.320000e-01 1.181610e+00 2.046867e+00 2.332210e+00 1.389448e+01 6.985783e+03 1.000183e+04 2.92351 5.546620e-01
7.310000e-01 1.181610e+00 2.048054e+00 2.333568e+00 1.390415e+01 6.996646e+03 9.994664e+03 2.92799 5.557295e-01
7.300000e-01 1.181610e+00 2.049243e+00 2.334928e+00 1.391386e+01 7.007475e+03 9.987471e+03 2.93247 5.567953e-01
7.290000e-01 1.181610e+00 2.050434e+00 2.336290e+00 1.392361e+01 7.018271e+03 9.980245e+03 2.93697 5.578595e-01
7.280000e-01 1.181610e+00 2.051628e+00 2.337656e+00 1.393341e+01 7.029041e+03 9.972987e+03 2.94148 5.589222e-01
7.270000e-01 1.181610e+00 2.052824e+00 2.339024e+00 1.394325e+01 7.039779e+03 9.965698e+03 2.946 5.599832e-01
7.260000e-01 1.181610e+00 2.054021e+00 2.340394e+00 1.395313e+01 7.050473e+03 9.958384e+03 2.95052 5.610413e-01
7.250000e-01 1.181610e+00 2.055219e+00 2.341765e+00 1.396304e+01 7.061119e+03 9.951046e+03 2.95506 5.620963e-01
7.240000e-01 1.181610e+00 2.056417e+00 2.343136e+00 1.397298e+01 7.071718e+03 9.943686e+03 2.9596 5.631481e-01
7.230000e-01 1.181610e+00 2.057615e+00 2.344507e+00 1.398295e+01 7.082270e+03 9.936299e+03 2.96414 5.641970e-01
7.220000e-01 1.181610e+00 2.058815e+00 2.345880e+00 1.399296e+01 7.092787e+03 9.928884e+03 2.9687 5.652437e-01
7.210000e-01 1.181610e+00 2.060016e+00 2.347255e+00 1.400301e+01 7.103270e+03 9.921438e+03 2.97326 5.662882e-01
7.200000e-01 1.181610e+00 2.061218e+00 2.348632e+00 1.401310e+01 7.113712e+03 9.913962e+03 2.97783 5.673300e-01
7.190000e-01 1.181610e+00 2.062420e+00 2.350007e+00 1.402322e+01 7.124098e+03 9.906464e+03 2.9824 5.683678e-01
7.180000e-01 1.181610e+00 2.063620e+00 2.351381e+00 1.403336e+01 7.134423e+03 9.898949e+03 2.98698 5.694010e-01
7.170000e-01 1.181610e+00 2.064817e+00 2.352751e+00 1.404351e+01 7.144675e+03 9.891419e+03 2.99154 5.704291e-01
7.160000e-01 1.181610e+00 2.066013e+00 2.354118e+00 1.405368e+01 7.154862e+03 9.883875e+03 2.99611 5.714527e-01
7.150000e-01 1.181610e+00 2.067209e+00 2.355486e+00 1.406390e+01 7.165013e+03 9.876300e+03 3.00068 5.724741e-01
7.140000e-01 1.181610e+00 2.068406e+00 2.356856e+00 1.407416e+01 7.175131e+03 9.868690e+03 3.00527 5.734938e-01
7.130000e-01 1.181610e+00 2.069605e+00 2.358228e+00 1.408446e+01 7.185219e+03 9.861042e+03 3.00986 5.745116e-01
7.120000e-01 1.181610e+00 2.070806e+00 2.359603e+00 1.409482e+01 7.195278e+03 9.853358e+03 3.01447 5.755276e-01
7.110000e-01 1.181610e+00 2.072008e+00 2.360978e+00 1.410521e+01 7.205293e+03 9.845644e+03 3.01907 5.765406e-01
7.100000e-01 1.181610e+00 2.073209e+00 2.362353e+00 1.411564e+01 7.215256e+03 9.837902e+03 3.02369 5.775500e-01
7.090000e-01 1.181610e+00 2.074411e+00 2.363729e+00 1.412610e+01 7.225181e+03 9.830132e+03 3.0283 5.785565e-01
7.080000e-01 1.181610e+00 2.075612e+00 2.365103e+00 1.413660e+01 7.235055e+03 9.822331e+03 3.03292 5.795596e-01
7.070000e-01 1.181610e+00 2.076813e+00 2.366477e+00 1.414714e+01 7.244887e+03 9.814498e+03 3.03755 5.805601e-01
7.060000e-01 1.181610e+00 2.078016e+00 2.367856e+00 1.415772e+01 7.254694e+03 9.806632e+03 3.04218 5.815586e-01
7.050000e-01 1.181610e+00 2.079219e+00 2.369233e+00 1.416835e+01 7.264453e+03 9.798732e+03 3.04682 5.825539e-01
7.040000e-01 1.181610e+00 2.080421e+00 2.370609e+00 1.417900e+01 7.274154e+03 9.790807e+03 3.05145 5.835449e-01
7.030000e-01 1.181610e+00 2.081621e+00 2.371982e+00 1.418968e+01 7.283794e+03 9.782863e+03 3.05609 5.845312e-01
7.020000e-01 1.181610e+00 2.082818e+00 2.373352e+00 1.420038e+01 7.293363e+03 9.774905e+03 3.06072 5.855126e-01
7.010000e-01 1.181610e+00 2.084012e+00 2.374719e+00 1.421110e+01 7.302869e+03 9.766927e+03 3.06535 5.864895e-01
7.000000e-01 1.181610e+00 2.085206e+00 2.376084e+00 1.422186e+01 7.312337e+03 9.758911e+03 3.06998 5.874640e-01
6.990000e-01 1.181610e+00 2.086402e+00 2.377454e+00 1.423268e+01 7.321778e+03 9.750858e+03 3.07462 5.884368e-01
6.980000e-01 1.181610e+00 2.087599e+00 2.378823e+00 1.424355e+01 7.331182e+03 9.742763e+03 3.07927 5.894073e-01
6.970000e-01 1.181610e+00 2.088796e+00 2.380195e+00 1.425447e+01 7.340550e+03 9.734631e+03 3.08393 5.903755e-01
6.960000e-01 1.181610e+00 2.090027e+00 2.381607e+00 1.426553e+01 7.349844e+03 9.726383e+03 3.08865 5.913303e-01
6.950000e-01 1.181610e+00 2.091226e+00 2.382979e+00 1.427653e+01 7.359115e+03 9.718188e+03 3.09331 5.922912e-01
6.940000e-01 1.181610e+00 2.092422e+00 2.384349e+00 1.428757e+01 7.368340e+03 9.709962e+03 3.09798 5.932491e-01
6.930000e-01 1.181610e+00 2.093618e+00 2.385718e+00 1.429865e+01 7.377522e+03 9.701700e+03 3.10265 5.942036e-01
6.920000e-01 1.181610e+00 2.094813e+00 2.387088e+00 1.430977e+01 7.386663e+03 9.693402e+03 3.10732 5.951554e-01
6.910000e-01 1.181610e+00 2.096009e+00 2.388457e+00 1.432095e+01 7.395767e+03 9.685063e+03 3.11199 5.961044e-01
6.900000e-01 1.181610e+00 2.097205e+00 2.389827e+00 1.433217e+01 7.404827e+03 9.676690e+03 3.11666 5.970499e-01
6.890000e-01 1.181610e+00 2.098397e+00 2.391192e+00 1.434341e+01 7.413821e+03 9.668292e+03 3.12133 5.979905e-01
6.880000e-01 1.181610e+00 2.099586e+00 2.392554e+00 1.435468e+01 7.422751e+03 9.659874e+03 3.126 5.989260e-01
6.870000e-01 1.181610e+00 2.100772e+00 2.393912e+00 1.436597e+01 7.431615e+03 9.651436e+03 3.13065 5.998566e-01
6.860000e-01 1.181610e+00 2.101955e+00 2.395266e+00 1.437730e+01 7.440419e+03 9.642968e+03 3.13531 6.007830e-01
6.850000e-01 1.181610e+00 2.103139e+00 2.396620e+00 1.438868e+01 7.449194e+03 9.634455e+03 3.13996 6.017072e-01
6.840000e-01 1.181610e+00 2.104322e+00 2.397975e+00 1.440013e+01 7.457939e+03 9.625892e+03 3.14462 6.026291e-01
6.830000e-01 1.181610e+00 2.105506e+00 2.399330e+00 1.441162e+01 7.466641e+03 9.617284e+03 3.14929 6.035478e-01
6.820000e-01 1.181610e+00 2.106689e+00 2.400684e+00 1.442317e+01 7.475306e+03 9.608634e+03 3.15395 6.044636e-01
6.810000e-01 1.181610e+00 2.107870e+00 2.402037e+00 1.443475e+01 7.483923e+03 9.599947e+03 3.15861 6.053756e-01
6.800000e-01 1.181610e+00 2.109049e+00 2.403387e+00 1.444638e+01 7.492486e+03 9.591222e+03 3.16327 6.062832e-01
6.790000e-01 1.181610e+00 2.110227e+00 2.404735e+00 1.445806e+01 7.501004e+03 9.582460e+03 3.16792 6.071873e-01
6.780000e-01 1.181610e+00 2.111403e+00 2.406081e+00 1.446978e+01 7.509481e+03 9.573652e+03 3.17257 6.080879e-01
6.770000e-01 1.181610e+00 2.112578e+00 2.407427e+00 1.448156e+01 7.517916e+03 9.564804e+03 3.17722 6.089853e-01
6.760000e-01 1.181610e+00 2.113752e+00 2.408770e+00 1.449339e+01 7.526307e+03 9.555909e+03 3.18187 6.098790e-01
6.750000e-01 1.181610e+00 2.114924e+00 2.410112e+00 1.450525e+01 7.534645e+03 9.546980e+03 3.18651 6.107682e-01
6.740000e-01 1.181610e+00 2.116090e+00 2.411447e+00 1.451715e+01 7.542915e+03 9.538024e+03 3.19114 6.116518e-01
6.730000e-01 1.181610e+00 2.117253e+00 2.412777e+00 1.452907e+01 7.551116e+03 9.529044e+03 3.19576 6.125299e-01
6.720000e-01 1.181610e+00 2.118411e+00 2.414102e+00 1.454102e+01 7.559256e+03 9.520034e+03 3.20037 6.134031e-01
6.710000e-01 1.181610e+00 2.119568e+00 2.415425e+00 1.455303e+01 7.567355e+03 9.510977e+03 3.20498 6.142732e-01
6.700000e-01 1.181610e+00 2.120724e+00 2.416747e+00 1.456510e+01 7.575419e+03 9.501867e+03 3.20958 6.151405e-01
6.690000e-01 1.181610e+00 2.121878e+00 2.418068e+00 1.457723e+01 7.583445e+03 9.492703e+03 3.21419 6.160045e-01
6.680000e-01 1.181610e+00 2.123032e+00 2.419387e+00 1.458942e+01 7.591427e+03 9.483492e+03 3.21879 6.168650e-01
6.670000e-01 1.181610e+00 2.124183e+00 2.420705e+00 1.460166e+01 7.599361e+03 9.474238e+03 3.22338 6.177214e-01
6.660000e-01 1.181610e+00 2.125332e+00 2.422019e+00 1.461395e+01 7.607241e+03 9.464946e+03 3.22798 6.185736e-01
6.650000e-01 1.181610e+00 2.126507e+00 2.423367e+00 1.462639e+01 7.615038e+03 9.455526e+03 3.23261 6.194109e-01
6.640000e-01 1.181610e+00 2.127652e+00 2.424677e+00 1.463878e+01 7.622819e+03 9.446143e+03 3.23719 6.202546e-01
6.630000e-01 1.181610e+00 2.128793e+00 2.425984e+00 1.465123e+01 7.630552e+03 9.436718e+03 3.24177 6.210948e-01
6.620000e-01 1.181610e+00 2.129934e+00 2.427290e+00 1.466374e+01 7.638243e+03 9.427246e+03 3.24634 6.219315e-01
6.610000e-01 1.181610e+00 2.131071e+00 2.428591e+00 1.467629e+01 7.645874e+03 9.417736e+03 3.25091 6.227634e-01
6.600000e-01 1.181610e+00 2.132203e+00 2.429888e+00 1.468888e+01 7.653437e+03 9.408200e+03 3.25546 6.235897e-01
6.590000e-01 1.181610e+00 2.133330e+00 2.431178e+00 1.470150e+01 7.660928e+03 9.398639e+03 3.26 6.244104e-01
6.580000e-01 1.181610e+00 2.134453e+00 2.432463e+00 1.471415e+01 7.668354e+03 9.389050e+03 3.26453 6.252259e-01
6.570000e-01 1.181610e+00 2.135572e+00 2.433744e+00 1.472686e+01 7.675731e+03 9.379411e+03 3.26905 6.260378e-01
6.560000e-01 1.181610e+00 2.136690e+00 2.435023e+00 1.473965e+01 7.683070e+03 9.369716e+03 3.27357 6.268464e-01
6.550000e-01 1.181610e+00 2.137806e+00 2.436301e+00 1.475250e+01 7.690366e+03 9.359965e+03 3.27809 6.276516e-01
6.540000e-01 1.181610e+00 2.138920e+00 2.437576e+00 1.476542e+01 7.697615e+03 9.350163e+03 3.2826 6.284527e-01
6.530000e-01 1.181610e+00 2.140030e+00 2.438849e+00 1.477839e+01 7.704810e+03 9.340317e+03 3.2871 6.292495e-01
6.520000e-01 1.181610e+00 2.141137e+00 2.440117e+00 1.479142e+01 7.711948e+03 9.330427e+03 3.2916 6.300416e-01
6.510000e-01 1.181610e+00 2.142240e+00 2.441381e+00 1.480450e+01 7.719030e+03 9.320494e+03 3.29608 6.308290e-01
6.500000e-01 1.181610e+00 2.143340e+00 2.442640e+00 1.481764e+01 7.726063e+03 9.310509e+03 3.30055 6.316121e-01
6.490000e-01 1.181610e+00 2.144436e+00 2.443896e+00 1.483085e+01 7.733047e+03 9.300471e+03 3.30502 6.323908e-01
6.480000e-01 1.181610e+00 2.145528e+00 2.445148e+00 1.484412e+01 7.739982e+03 9.290379e+03 3.30947 6.331651e-01
6.470000e-01 1.181610e+00 2.146617e+00 2.446396e+00 1.485744e+01 7.746856e+03 9.280245e+03 3.31391 6.339340e-01
6.460000e-01 1.181610e+00 2.147698e+00 2.447635e+00 1.487080e+01 7.753659e+03 9.270076e+03 3.31832 6.346967e-01
6.450000e-01 1.181610e+00 2.148773e+00 2.448866e+00 1.488419e+01 7.760392e+03 9.259874e+03 3.32272 6.354529e-01
6.440000e-01 1.181610e+00 2.149841e+00 2.450089e+00 1.489763e+01 7.767057e+03 9.249632e+03 3.32709 6.362033e-01
6.430000e-01 1.181610e+00 2.150904e+00 2.451306e+00 1.491114e+01 7.773678e+03 9.239329e+03 3.33145 6.369495e-01
6.420000e-01 1.181610e+00 2.151964e+00 2.452520e+00 1.492473e+01 7.780255e+03 9.228958e+03 3.3358 6.376915e-01
6.410000e-01 1.181610e+00 2.153047e+00 2.453763e+00 1.493849e+01 7.786753e+03 9.218434e+03 3.34017 6.384182e-01
6.400000e-01 1.181610e+00 2.154099e+00 2.454968e+00 1.495223e+01 7.793229e+03 9.207931e+03 3.34449 6.391499e-01
6.390000e-01 1.181610e+00 2.155145e+00 2.456165e+00 1.496603e+01 7.799651e+03 9.197375e+03 3.34878 6.398763e-01
6.380000e-01 1.181610e+00 2.156184e+00 2.457355e+00 1.497988e+01 7.806012e+03 9.186767e+03 3.35305 6.405971e-01
6.370000e-01 1.181610e+00 2.157218e+00 2.458539e+00 1.499380e+01 7.812317e+03 9.176103e+03 3.3573 6.413123e-01
6.360000e-01 1.181610e+00 2.158245e+00 2.459715e+00 1.500779e+01 7.818570e+03 9.165374e+03 3.36153 6.420220e-01
6.350000e-01 1.181610e+00 2.157283e+00 2.458662e+00 1.501448e+01 7.829836e+03 9.161292e+03 3.36194 6.435994e-01
6.340000e-01 1.181610e+00 2.160281e+00 2.462046e+00 1.503596e+01 7.830920e+03 9.143751e+03 3.36992 6.434268e-01
6.330000e-01 1.181610e+00 2.159282e+00 2.460951e+00 1.504268e+01 7.842116e+03 9.139632e+03 3.37023 6.450017e-01
6.320000e-01 1.181610e+00 2.162289e+00 2.464345e+00 1.506436e+01 7.843003e+03 9.121912e+03 3.3782 6.448042e-01
6.310000e-01 1.181610e+00 2.161247e+00 2.463200e+00 1.507107e+01 7.854104e+03 9.117773e+03 3.37838 6.463742e-01
6.300000e-01 1.181610e+00 2.164265e+00 2.466604e+00 1.509295e+01 7.854802e+03 9.099897e+03 3.38637 6.461544e-01
6.290000e-01 1.181610e+00 2.163188e+00 2.465421e+00 1.509969e+01 7.865842e+03 9.095724e+03 3.38646 6.477242e-01
6.280000e-01 1.181610e+00 2.166216e+00 2.468836e+00 1.512186e+01 7.866391e+03 9.077608e+03 3.39445 6.474837e-01
6.270000e-01 1.181610e+00 2.165107e+00 2.467619e+00 1.512864e+01 7.877380e+03 9.073394e+03 3.39446 6.490543e-01
6.260000e-01 1.181610e+00 2.168167e+00 2.471070e+00 1.515119e+01 7.877728e+03 9.054952e+03 3.40247 6.487801e-01
6.250000e-01 1.181610e+00 2.167011e+00 2.469800e+00 1.515796e+01 7.888665e+03 9.050743e+03 3.40237 6.503543e-01
6.240000e-01 1.181610e+00 2.170068e+00 2.473246e+00 1.518071e+01 7.888841e+03 9.032153e+03 3.41037 6.500626e-01
6.230000e-01 1.181610e+00 2.168875e+00 2.471935e+00 1.518751e+01 7.899709e+03 9.027918e+03 3.41017 6.516358e-01
6.220000e-01 1.181610e+00 2.171941e+00 2.475391e+00 1.521054e+01 7.899706e+03 9.009117e+03 3.41817 6.513218e-01
6.210000e-01 1.181610e+00 2.170715e+00 2.474045e+00 1.521737e+01 7.910513e+03 9.004849e+03 3.41788 6.528950e-01
6.200000e-01 1.181610e+00 2.173788e+00 2.477507e+00 1.524067e+01 7.910323e+03 8.985835e+03 3.42588 6.525575e-01
6.190000e-01 1.181610e+00 2.172520e+00 2.476113e+00 1.524751e+01 7.921046e+03 8.981544e+03 3.42547 6.541277e-01
6.180000e-01 1.181610e+00 2.175599e+00 2.479582e+00 1.527103e+01 7.920637e+03 8.962377e+03 3.43346 6.537649e-01
6.170000e-01 1.181610e+00 2.174285e+00 2.478135e+00 1.527787e+01 7.931267e+03 8.958068e+03 3.43292 6.553312e-01
6.160000e-01 1.181610e+00 2.177374e+00 2.481616e+00 1.530165e+01 7.930662e+03 8.938713e+03 3.44092 6.549453e-01
6.150000e-01 1.181610e+00 2.176024e+00 2.480130e+00 1.530854e+01 7.941242e+03 8.934364e+03 3.44029 6.565131e-01
6.140000e-01 1.181610e+00 2.179117e+00 2.483613e+00 1.533265e+01 7.940459e+03 8.914727e+03 3.44825 6.561012e-01
6.130000e-01 1.181610e+00 2.177726e+00 2.482083e+00 1.533958e+01 7.950982e+03 8.910334e+03 3.44751 6.576686e-01
6.120000e-01 1.181610e+00 2.180845e+00 2.485594e+00 1.536411e+01 7.949971e+03 8.890334e+03 3.45546 6.572173e-01
6.110000e-01 1.181610e+00 2.179396e+00 2.483998e+00 1.537101e+01 7.960438e+03 8.885939e+03 3.45456 6.587870e-01
6.100000e-01 1.181610e+00 2.182508e+00 2.487497e+00 1.539579e+01 7.959241e+03 8.865737e+03 3.46246 6.583119e-01
6.090000e-01 1.181610e+00 2.181015e+00 2.485853e+00 1.540272e+01 7.969645e+03 8.861303e+03 3.46143 6.598802e-01
6.080000e-01 1.181610e+00 2.184129e+00 2.489354e+00 1.542782e+01 7.968250e+03 8.840830e+03 3.46929 6.593768e-01
6.070000e-01 1.181610e+00 2.182593e+00 2.487662e+00 1.543479e+01 7.978591e+03 8.836356e+03 3.46814 6.609439e-01
6.060000e-01 1.181610e+00 2.185707e+00 2.491161e+00 1.546019e+01 7.976980e+03 8.815638e+03 3.47594 6.604096e-01
6.050000e-01 1.181610e+00 2.184117e+00 2.489406e+00 1.546714e+01 7.987226e+03 8.811137e+03 3.47462 6.619717e-01
6.040000e-01 1.181610e+00 2.187236e+00 2.492910e+00 1.549279e+01 7.985381e+03 8.790235e+03 3.48239 6.614078e-01
6.030000e-01 1.181610e+00 2.185596e+00 2.491099e+00 1.549976e+01 7.995554e+03 8.785700e+03 3.48094 6.629676e-01
6.020000e-01 1.181610e+00 2.188741e+00 2.494631e+00 1.552587e+01 7.993472e+03 8.764424e+03 3.48869 6.623643e-01
6.010000e-01 1.181610e+00 2.187048e+00 2.492763e+00 1.553285e+01 8.003606e+03 8.759875e+03 3.48711 6.639291e-01
6.000000e-01 1.181610e+00 2.190181e+00 2.496279e+00 1.555929e+01 8.001329e+03 8.738334e+03 3.49478 6.632994e-01
5.990000e-01 1.181610e+00 2.188442e+00 2.494360e+00 1.556630e+01 8.011399e+03 8.733747e+03 3.49307 6.648634e-01
5.980000e-01 1.181610e+00 2.191577e+00 2.497877e+00 1.559309e+01 8.008885e+03 8.711956e+03 3.5007 6.642034e-01
5.970000e-01 1.181610e+00 2.189791e+00 2.495907e+00 1.560013e+01 8.018880e+03 8.707340e+03 3.49886 6.657664e-01
5.960000e-01 1.181610e+00 2.192932e+00 2.499430e+00 1.562727e+01 8.016135e+03 8.685309e+03 3.50647 6.650774e-01
5.950000e-01 1.181610e+00 2.193587e+00 2.500180e+00 1.564449e+01 8.019658e+03 8.671886e+03 3.50928 6.655057e-01
5.940000e-01 1.181610e+00 2.194257e+00 2.500950e+00 1.566195e+01 8.023055e+03 8.658278e+03 3.51209 6.659122e-01
5.930000e-01 1.181610e+00 2.194893e+00 2.501680e+00 1.567938e+01 8.026404e+03 8.644695e+03 3.5148 6.663189e-01
5.920000e-01 1.181610e+00 2.195512e+00 2.502389e+00 1.569687e+01 8.029667e+03 8.631053e+03 3.51745 6.667156e-01
5.910000e-01 1.181610e+00 2.196113e+00 2.503076e+00 1.571444e+01 8.032840e+03 8.617335e+03 3.52002 6.671016e-01
5.900000e-01 1.181610e+00 2.196701e+00 2.503748e+00 1.573213e+01 8.035944e+03 8.603524e+03 3.52253 6.674788e-01
5.890000e-01 1.181610e+00 2.197274e+00 2.504404e+00 1.574995e+01 8.038975e+03 8.589604e+03 3.52498 6.678464e-01
5.880000e-01 1.181610e+00 2.197832e+00 2.505043e+00 1.576789e+01 8.041929e+03 8.575579e+03 3.52737 6.682045e-01
5.870000e-01 1.181610e+00 2.198378e+00 2.505667e+00 1.578595e+01 8.044804e+03 8.561463e+03 3.5297 6.685533e-01
5.860000e-01 1.181610e+00 2.198908e+00 2.506274e+00 1.580412e+01 8.047599e+03 8.547258e+03 3.53196 6.688917e-01
5.850000e-01 1.181610e+00 2.199422e+00 2.506862e+00 1.582239e+01 8.050309e+03 8.532973e+03 3.53416 6.692200e-01
5.840000e-01 1.181610e+00 2.199919e+00 2.507430e+00 1.584077e+01 8.052932e+03 8.518591e+03 3.53628 6.695378e-01
5.830000e-01 1.181610e+00 2.200421e+00 2.508006e+00 1.585938e+01 8.055441e+03 8.504026e+03 3.53837 6.698345e-01
5.820000e-01 1.181610e+00 2.200888e+00 2.508541e+00 1.587801e+01 8.057905e+03 8.489445e+03 3.54035 6.701308e-01
5.810000e-01 1.181610e+00 2.201338e+00 2.509055e+00 1.589675e+01 8.060277e+03 8.474778e+03 3.54227 6.704173e-01
5.800000e-01 1.181610e+00 2.201778e+00 2.509559e+00 1.591557e+01 8.062558e+03 8.460080e+03 3.54416 6.706959e-01
5.790000e-01 1.181610e+00 2.202204e+00 2.510047e+00 1.593447e+01 8.064745e+03 8.445337e+03 3.54599 6.709655e-01
5.780000e-01 1.181610e+00 2.202613e+00 2.510515e+00 1.595348e+01 8.066833e+03 8.430524e+03 3.54776 6.712256e-01
5.770000e-01 1.181610e+00 2.203009e+00 2.510969e+00 1.597262e+01 8.068842e+03 8.415618e+03 3.54948 6.714770e-01
5.760000e-01 1.181610e+00 2.203387e+00 2.511403e+00 1.599191e+01 8.070772e+03 8.400592e+03 3.55112 6.717172e-01
5.750000e-01 1.181610e+00 2.203743e+00 2.511811e+00 1.601134e+01 8.072610e+03 8.385441e+03 3.55267 6.719447e-01
5.740000e-01 1.181610e+00 2.204082e+00 2.512199e+00 1.603092e+01 8.074359e+03 8.370183e+03 3.55413 6.721602e-01
5.730000e-01 1.181610e+00 2.204405e+00 2.512568e+00 1.605060e+01 8.076021e+03 8.354838e+03 3.55552 6.723644e-01
5.720000e-01 1.181610e+00 2.204725e+00 2.512936e+00 1.607052e+01 8.077544e+03 8.339312e+03 3.55684 6.725456e-01
5.710000e-01 1.181610e+00 2.205009e+00 2.513260e+00 1.609047e+01 8.079014e+03 8.323764e+03 3.55806 6.727256e-01
5.700000e-01 1.181610e+00 2.205276e+00 2.513566e+00 1.611055e+01 8.080401e+03 8.308121e+03 3.5592 6.728945e-01
5.690000e-01 1.181610e+00 2.205519e+00 2.513845e+00 1.613079e+01 8.081693e+03 8.292358e+03 3.56024 6.730498e-01
5.680000e-01 1.181610e+00 2.205742e+00 2.514099e+00 1.615114e+01 8.082882e+03 8.276503e+03 3.56119 6.731921e-01
5.670000e-01 1.181610e+00 2.205950e+00 2.514336e+00 1.617157e+01 8.083977e+03 8.260600e+03 3.56207 6.733235e-01
5.660000e-01 1.181610e+00 2.206142e+00 2.514555e+00 1.619211e+01 8.084968e+03 8.244646e+03 3.5629 6.734457e-01
5.650000e-01 1.181610e+00 2.206319e+00 2.514757e+00 1.621279e+01 8.085856e+03 8.228613e+03 3.56368 6.735591e-01
5.640000e-01 1.181610e+00 2.206483e+00 2.514946e+00 1.623363e+01 8.086662e+03 8.212489e+03 3.56441 6.736636e-01
5.630000e-01 1.181610e+00 2.206626e+00 2.515111e+00 1.625464e+01 8.087370e+03 8.196240e+03 3.56505 6.737554e-01
5.620000e-01 1.181610e+00 2.206763e+00 2.515269e+00 1.627593e+01 8.087929e+03 8.179776e+03 3.5656 6.738227e-01
5.610000e-01 1.181610e+00 2.206863e+00 2.515384e+00 1.629725e+01 8.088438e+03 8.163292e+03 3.56603 6.738862e-01
5.600000e-01 1.181610e+00 2.206940e+00 2.515472e+00 1.631871e+01 8.088843e+03 8.146710e+03 3.56637 6.739362e-01
5.590000e-01 1.181610e+00 2.206994e+00 2.515533e+00 1.634032e+01 8.089141e+03 8.130022e+03 3.56661 6.739731e-01
5.580000e-01 1.181610e+00 2.207030e+00 2.515575e+00 1.636209e+01 8.089349e+03 8.113234e+03 3.56676 6.739975e-01
5.570000e-01 1.181610e+00 2.207040e+00 2.515586e+00 1.638402e+01 8.089451e+03 8.096315e+03 3.5668 6.740066e-01
5.560000e-01 1.181610e+00 2.207027e+00 2.515569e+00 1.640611e+01 8.089444e+03 8.079287e+03 3.56673 6.740011e-01
5.566863e-01 1.181610e+00 2.208784e+00 2.517563e+00 1.639986e+01 8.084606e+03 8.083849e+03 3.56948 6.730468e-01
