1.000000e+00 1.214380e+00 1.809042e+00 2.066256e+00 1.201080e+01 0.000000e+00 1.176868e+04 0 0.000000e+00
9.990000e-01 1.214380e+00 1.809918e+00 2.067149e+00 1.201709e+01 4.418981e+02 1.172559e+04 2.04952 3.145888e-02
9.980000e-01 1.214380e+00 1.810667e+00 2.068003e+00 1.202195e+01 6.296603e+02 1.170717e+04 2.05327 4.487076e-02
9.970000e-01 1.214380e+00 1.811403e+00 2.068833e+00 1.202684e+01 7.717544e+02 1.169267e+04 2.05615 5.502890e-02
9.960000e-01 1.214380e+00 1.812122e+00 2.069633e+00 1.203172e+01 8.902078e+02 1.168019e+04 2.05878 6.350601e-02
9.950000e-01 1.214380e+00 1.812824e+00 2.070406e+00 1.203661e+01 9.937098e+02 1.166899e+04 2.06129 7.092108e-02
9.940000e-01 1.214380e+00 1.813525e+00 2.071173e+00 1.204154e+01 1.087651e+03 1.165859e+04 2.06377 7.765870e-02
9.930000e-01 1.214380e+00 1.814237e+00 2.071956e+00 1.204651e+01 1.175033e+03 1.164875e+04 2.06623 8.393207e-02
9.920000e-01 1.214380e+00 1.814969e+00 2.072765e+00 1.205151e+01 1.257456e+03 1.163933e+04 2.0687 8.985425e-02
9.910000e-01 1.214380e+00 1.815719e+00 2.073603e+00 1.205654e+01 1.335684e+03 1.163028e+04 2.07116 9.547906e-02
9.900000e-01 1.214380e+00 1.816485e+00 2.074464e+00 1.206158e+01 1.410082e+03 1.162157e+04 2.07363 1.008324e-01
9.890000e-01 1.214380e+00 1.817261e+00 2.075342e+00 1.206662e+01 1.481048e+03 1.161317e+04 2.0761 1.059426e-01
9.880000e-01 1.214380e+00 1.818044e+00 2.076232e+00 1.207166e+01 1.548835e+03 1.160504e+04 2.07857 1.108279e-01
9.870000e-01 1.214380e+00 1.818830e+00 2.077126e+00 1.207669e+01 1.613665e+03 1.159718e+04 2.08104 1.155042e-01
9.860000e-01 1.214380e+00 1.819615e+00 2.078021e+00 1.208172e+01 1.675750e+03 1.158955e+04 2.08351 1.199868e-01
9.850000e-01 1.214380e+00 1.820397e+00 2.078912e+00 1.208674e+01 1.735310e+03 1.158213e+04 2.08598 1.242915e-01
9.840000e-01 1.214380e+00 1.821177e+00 2.079799e+00 1.209176e+01 1.792703e+03 1.157489e+04 2.08844 1.284440e-01
9.830000e-01 1.214380e+00 1.821959e+00 2.080689e+00 1.209680e+01 1.848335e+03 1.156780e+04 2.09092 1.324733e-01
9.820000e-01 1.214380e+00 1.822746e+00 2.081585e+00 1.210186e+01 1.902528e+03 1.156081e+04 2.09342 1.364022e-01
9.810000e-01 1.214380e+00 1.823540e+00 2.082491e+00 1.210694e+01 1.955398e+03 1.155393e+04 2.09593 1.402386e-01
9.800000e-01 1.214380e+00 1.824339e+00 2.083404e+00 1.211203e+01 2.006922e+03 1.154715e+04 2.09844 1.439806e-01
9.790000e-01 1.214380e+00 1.825139e+00 2.084319e+00 1.211713e+01 2.057093e+03 1.154049e+04 2.10097 1.476279e-01
9.780000e-01 1.214380e+00 1.825938e+00 2.085232e+00 1.212223e+01 2.105897e+03 1.153393e+04 2.10349 1.511793e-01
9.770000e-01 1.214380e+00 1.826733e+00 2.086140e+00 1.212731e+01 2.153312e+03 1.152749e+04 2.10601 1.546335e-01
9.760000e-01 1.214380e+00 1.827521e+00 2.087037e+00 1.213239e+01 2.199349e+03 1.152116e+04 2.10851 1.579913e-01
9.750000e-01 1.214380e+00 1.828302e+00 2.087924e+00 1.213746e+01 2.244109e+03 1.151493e+04 2.11102 1.612602e-01
9.740000e-01 1.214380e+00 1.829079e+00 2.088803e+00 1.214254e+01 2.287848e+03 1.150877e+04 2.11352 1.644585e-01
9.730000e-01 1.214380e+00 1.829857e+00 2.089683e+00 1.214765e+01 2.330850e+03 1.150266e+04 2.11604 1.676064e-01
9.720000e-01 1.214380e+00 1.830641e+00 2.090570e+00 1.215279e+01 2.373275e+03 1.149657e+04 2.11857 1.707152e-01
9.710000e-01 1.214380e+00 1.831433e+00 2.091467e+00 1.215796e+01 2.415179e+03 1.149051e+04 2.12113 1.737884e-01
9.700000e-01 1.214380e+00 1.832232e+00 2.092373e+00 1.216315e+01 2.456532e+03 1.148449e+04 2.12369 1.768237e-01
9.690000e-01 1.214380e+00 1.833036e+00 2.093288e+00 1.216837e+01 2.497323e+03 1.147851e+04 2.12627 1.798201e-01
9.680000e-01 1.214380e+00 1.833846e+00 2.094209e+00 1.217359e+01 2.537530e+03 1.147257e+04 2.12886 1.827761e-01
9.670000e-01 1.214380e+00 1.834658e+00 2.095134e+00 1.217883e+01 2.577105e+03 1.146667e+04 2.13145 1.856882e-01
9.660000e-01 1.214380e+00 1.835471e+00 2.096060e+00 1.218406e+01 2.616008e+03 1.146082e+04 2.13405 1.885537e-01
9.650000e-01 1.214380e+00 1.836283e+00 2.096985e+00 1.218930e+01 2.654233e+03 1.145502e+04 2.13664 1.913720e-01
9.640000e-01 1.214380e+00 1.837096e+00 2.097910e+00 1.219454e+01 2.691846e+03 1.144927e+04 2.13924 1.941483e-01
9.630000e-01 1.214380e+00 1.837910e+00 2.098837e+00 1.219980e+01 2.728958e+03 1.144355e+04 2.14185 1.968903e-01
9.620000e-01 1.214380e+00 1.838728e+00 2.099770e+00 1.220507e+01 2.765656e+03 1.143786e+04 2.14447 1.996043e-01
9.610000e-01 1.214380e+00 1.839551e+00 2.100708e+00 1.221037e+01 2.801942e+03 1.143219e+04 2.1471 2.022901e-01
9.600000e-01 1.214380e+00 1.840377e+00 2.101651e+00 1.221567e+01 2.837771e+03 1.142655e+04 2.14974 2.049445e-01
9.590000e-01 1.214380e+00 1.841205e+00 2.102595e+00 1.222098e+01 2.873110e+03 1.142095e+04 2.15238 2.075651e-01
9.580000e-01 1.214380e+00 1.842032e+00 2.103539e+00 1.222629e+01 2.907930e+03 1.141539e+04 2.15502 2.101499e-01
9.570000e-01 1.214380e+00 1.842856e+00 2.104480e+00 1.223160e+01 2.942192e+03 1.140988e+04 2.15767 2.126961e-01
9.560000e-01 1.214380e+00 1.843677e+00 2.105415e+00 1.223691e+01 2.975874e+03 1.140440e+04 2.16031 2.152024e-01
9.550000e-01 1.214380e+00 1.844494e+00 2.106343e+00 1.224221e+01 3.009019e+03 1.139897e+04 2.16294 2.176720e-01
9.540000e-01 1.214380e+00 1.845310e+00 2.107269e+00 1.224753e+01 3.041767e+03 1.139355e+04 2.16559 2.201151e-01
9.530000e-01 1.214380e+00 1.846129e+00 2.108198e+00 1.225287e+01 3.074235e+03 1.138814e+04 2.16824 2.225399e-01
9.520000e-01 1.214380e+00 1.846953e+00 2.109134e+00 1.225824e+01 3.106486e+03 1.138272e+04 2.17091 2.249508e-01
9.510000e-01 1.214380e+00 1.847783e+00 2.110077e+00 1.226364e+01 3.138510e+03 1.137731e+04 2.1736 2.273467e-01
9.500000e-01 1.214380e+00 1.848618e+00 2.111026e+00 1.226905e+01 3.170266e+03 1.137191e+04 2.1763 2.297246e-01
9.490000e-01 1.214380e+00 1.849456e+00 2.111980e+00 1.227448e+01 3.201750e+03 1.136652e+04 2.17901 2.320841e-01
9.480000e-01 1.214380e+00 1.850298e+00 2.112939e+00 1.227993e+01 3.232941e+03 1.136115e+04 2.18172 2.344236e-01
9.470000e-01 1.214380e+00 1.851141e+00 2.113900e+00 1.228538e+01 3.263811e+03 1.135579e+04 2.18444 2.367412e-01
9.460000e-01 1.214380e+00 1.851986e+00 2.114862e+00 1.229083e+01 3.294342e+03 1.135046e+04 2.18717 2.390358e-01
9.450000e-01 1.214380e+00 1.852830e+00 2.115823e+00 1.229629e+01 3.324542e+03 1.134515e+04 2.1899 2.413078e-01
9.440000e-01 1.214380e+00 1.853676e+00 2.116787e+00 1.230177e+01 3.354470e+03 1.133985e+04 2.19263 2.435617e-01
9.430000e-01 1.214380e+00 1.854526e+00 2.117755e+00 1.230726e+01 3.384181e+03 1.133455e+04 2.19538 2.458015e-01
9.420000e-01 1.214380e+00 1.855380e+00 2.118728e+00 1.231278e+01 3.413700e+03 1.132926e+04 2.19814 2.480288e-01
9.410000e-01 1.214380e+00 1.856237e+00 2.119706e+00 1.231831e+01 3.442997e+03 1.132397e+04 2.20091 2.502413e-01
9.400000e-01 1.214380e+00 1.857097e+00 2.120687e+00 1.232385e+01 3.472021e+03 1.131869e+04 2.20369 2.524353e-01
9.390000e-01 1.214380e+00 1.857957e+00 2.121669e+00 1.232940e+01 3.500741e+03 1.131343e+04 2.20647 2.546085e-01
9.380000e-01 1.214380e+00 1.858816e+00 2.122648e+00 1.233494e+01 3.529125e+03 1.130820e+04 2.20924 2.567587e-01
9.370000e-01 1.214380e+00 1.859672e+00 2.123624e+00 1.234048e+01 3.557142e+03 1.130299e+04 2.21202 2.588837e-01
9.360000e-01 1.214380e+00 1.860525e+00 2.124594e+00 1.234601e+01 3.584802e+03 1.129780e+04 2.21479 2.609846e-01
9.350000e-01 1.214380e+00 1.861376e+00 2.125561e+00 1.235155e+01 3.612184e+03 1.129264e+04 2.21757 2.630669e-01
9.340000e-01 1.214380e+00 1.862228e+00 2.126531e+00 1.235711e+01 3.639383e+03 1.128747e+04 2.22036 2.651378e-01
9.330000e-01 1.214380e+00 1.863086e+00 2.127505e+00 1.236270e+01 3.666459e+03 1.128229e+04 2.22316 2.672014e-01
9.320000e-01 1.214380e+00 1.863948e+00 2.128486e+00 1.236832e+01 3.693419e+03 1.127711e+04 2.22597 2.692579e-01
9.310000e-01 1.214380e+00 1.864815e+00 2.129473e+00 1.237396e+01 3.720231e+03 1.127192e+04 2.2288 2.713049e-01
9.300000e-01 1.214380e+00 1.865686e+00 2.130464e+00 1.237961e+01 3.746880e+03 1.126674e+04 2.23164 2.733411e-01
9.290000e-01 1.214380e+00 1.866560e+00 2.131460e+00 1.238528e+01 3.773346e+03 1.126156e+04 2.23449 2.753652e-01
9.280000e-01 1.214380e+00 1.867436e+00 2.132458e+00 1.239096e+01 3.799605e+03 1.125639e+04 2.23735 2.773754e-01
9.270000e-01 1.214380e+00 1.868312e+00 2.133457e+00 1.239664e+01 3.825641e+03 1.125124e+04 2.24021 2.793704e-01
9.260000e-01 1.214380e+00 1.869189e+00 2.134456e+00 1.240233e+01 3.851455e+03 1.124609e+04 2.24307 2.813507e-01
9.250000e-01 1.214380e+00 1.870067e+00 2.135457e+00 1.240804e+01 3.877090e+03 1.124095e+04 2.24594 2.833193e-01
9.240000e-01 1.214380e+00 1.870986e+00 2.136507e+00 1.241385e+01 3.902521e+03 1.123574e+04 2.24889 2.852729e-01
9.230000e-01 1.214380e+00 1.871872e+00 2.137517e+00 1.241960e+01 3.927906e+03 1.123059e+04 2.25179 2.872259e-01
9.220000e-01 1.214380e+00 1.872762e+00 2.138533e+00 1.242536e+01 3.953163e+03 1.122544e+04 2.25469 2.891708e-01
9.210000e-01 1.214380e+00 1.873654e+00 2.139551e+00 1.243114e+01 3.978248e+03 1.122029e+04 2.25761 2.911044e-01
9.200000e-01 1.214380e+00 1.874548e+00 2.140570e+00 1.243693e+01 4.003135e+03 1.121515e+04 2.26053 2.930248e-01
9.190000e-01 1.214380e+00 1.875440e+00 2.141589e+00 1.244272e+01 4.027792e+03 1.121002e+04 2.26345 2.949295e-01
9.180000e-01 1.214380e+00 1.876331e+00 2.142604e+00 1.244850e+01 4.052192e+03 1.120491e+04 2.26637 2.968169e-01
9.170000e-01 1.214380e+00 1.877218e+00 2.143615e+00 1.245429e+01 4.076339e+03 1.119982e+04 2.26928 2.986873e-01
9.160000e-01 1.214380e+00 1.878105e+00 2.144624e+00 1.246008e+01 4.100293e+03 1.119473e+04 2.27221 3.005452e-01
9.150000e-01 1.214380e+00 1.878995e+00 2.145636e+00 1.246589e+01 4.124129e+03 1.118963e+04 2.27514 3.023961e-01
9.140000e-01 1.214380e+00 1.879889e+00 2.146654e+00 1.247174e+01 4.147887e+03 1.118452e+04 2.27809 3.042428e-01
9.130000e-01 1.214380e+00 1.880787e+00 2.147677e+00 1.247761e+01 4.171566e+03 1.117941e+04 2.28105 3.060850e-01
9.120000e-01 1.214380e+00 1.881690e+00 2.148706e+00 1.248350e+01 4.195146e+03 1.117428e+04 2.28403 3.079211e-01
9.110000e-01 1.214380e+00 1.882597e+00 2.149738e+00 1.248940e+01 4.218608e+03 1.116915e+04 2.28701 3.097496e-01
9.100000e-01 1.214380e+00 1.883505e+00 2.150775e+00 1.249533e+01 4.241933e+03 1.116402e+04 2.29001 3.115691e-01
9.090000e-01 1.214380e+00 1.884416e+00 2.151813e+00 1.250125e+01 4.265100e+03 1.115890e+04 2.29301 3.133781e-01
9.080000e-01 1.214380e+00 1.885326e+00 2.152851e+00 1.250719e+01 4.288093e+03 1.115379e+04 2.29601 3.151755e-01
9.070000e-01 1.214380e+00 1.886237e+00 2.153890e+00 1.251313e+01 4.310922e+03 1.114868e+04 2.29902 3.169620e-01
9.060000e-01 1.214380e+00 1.887150e+00 2.154931e+00 1.251908e+01 4.333621e+03 1.114358e+04 2.30203 3.187403e-01
9.050000e-01 1.214380e+00 1.888066e+00 2.155976e+00 1.252506e+01 4.356224e+03 1.113846e+04 2.30506 3.205128e-01
9.040000e-01 1.214380e+00 1.888986e+00 2.157026e+00 1.253106e+01 4.378747e+03 1.113334e+04 2.3081 3.222805e-01
9.030000e-01 1.214380e+00 1.889910e+00 2.158081e+00 1.253707e+01 4.401165e+03 1.112822e+04 2.31115 3.240418e-01
9.020000e-01 1.214380e+00 1.890835e+00 2.159137e+00 1.254310e+01 4.423446e+03 1.112310e+04 2.31421 3.257941e-01
9.010000e-01 1.214380e+00 1.891761e+00 2.160194e+00 1.254914e+01 4.445570e+03 1.111798e+04 2.31727 3.275360e-01
9.000000e-01 1.214380e+00 1.892686e+00 2.161250e+00 1.255517e+01 4.467510e+03 1.111287e+04 2.32033 3.292655e-01
8.990000e-01 1.214380e+00 1.893608e+00 2.162302e+00 1.256121e+01 4.489244e+03 1.110778e+04 2.3234 3.309813e-01
8.980000e-01 1.214380e+00 1.894529e+00 2.163352e+00 1.256724e+01 4.510802e+03 1.110269e+04 2.32646 3.326855e-01
8.970000e-01 1.214380e+00 1.895451e+00 2.164402e+00 1.257330e+01 4.532241e+03 1.109760e+04 2.32953 3.343825e-01
8.960000e-01 1.214380e+00 1.896376e+00 2.165456e+00 1.257938e+01 4.553611e+03 1.109250e+04 2.33262 3.360758e-01
8.950000e-01 1.214380e+00 1.897307e+00 2.166517e+00 1.258549e+01 4.574935e+03 1.108739e+04 2.33572 3.377672e-01
8.940000e-01 1.214380e+00 1.898241e+00 2.167582e+00 1.259162e+01 4.596199e+03 1.108226e+04 2.33883 3.394554e-01
8.930000e-01 1.214380e+00 1.899180e+00 2.168653e+00 1.259778e+01 4.617389e+03 1.107712e+04 2.34196 3.411391e-01
8.920000e-01 1.214380e+00 1.900122e+00 2.169728e+00 1.260396e+01 4.638485e+03 1.107198e+04 2.3451 3.428170e-01
8.910000e-01 1.214380e+00 1.901066e+00 2.170806e+00 1.261015e+01 4.659472e+03 1.106684e+04 2.34825 3.444879e-01
8.900000e-01 1.214380e+00 1.902011e+00 2.171884e+00 1.261634e+01 4.680327e+03 1.106170e+04 2.3514 3.461501e-01
8.890000e-01 1.214380e+00 1.902957e+00 2.172964e+00 1.262255e+01 4.701049e+03 1.105656e+04 2.35456 3.478035e-01
8.880000e-01 1.214380e+00 1.903903e+00 2.174044e+00 1.262876e+01 4.721654e+03 1.105142e+04 2.35772 3.494495e-01
8.870000e-01 1.214380e+00 1.904853e+00 2.175128e+00 1.263500e+01 4.742174e+03 1.104628e+04 2.3609 3.510904e-01
8.860000e-01 1.214380e+00 1.905806e+00 2.176217e+00 1.264126e+01 4.762633e+03 1.104113e+04 2.36408 3.527279e-01
8.850000e-01 1.214380e+00 1.906762e+00 2.177309e+00 1.264753e+01 4.783014e+03 1.103597e+04 2.36728 3.543608e-01
8.840000e-01 1.214380e+00 1.907721e+00 2.178405e+00 1.265383e+01 4.803295e+03 1.103081e+04 2.37049 3.559873e-01
8.830000e-01 1.214380e+00 1.908681e+00 2.179501e+00 1.266013e+01 4.823451e+03 1.102565e+04 2.3737 3.576056e-01
8.820000e-01 1.214380e+00 1.909640e+00 2.180597e+00 1.266643e+01 4.843462e+03 1.102050e+04 2.37691 3.592143e-01
8.810000e-01 1.214380e+00 1.910597e+00 2.181690e+00 1.267274e+01 4.863307e+03 1.101535e+04 2.38013 3.608119e-01
8.800000e-01 1.214380e+00 1.911552e+00 2.182780e+00 1.267904e+01 4.882996e+03 1.101021e+04 2.38334 3.623993e-01
8.790000e-01 1.214380e+00 1.912509e+00 2.183871e+00 1.268536e+01 4.902579e+03 1.100507e+04 2.38656 3.639802e-01
8.780000e-01 1.214380e+00 1.913467e+00 2.184965e+00 1.269171e+01 4.922097e+03 1.099992e+04 2.3898 3.655578e-01
8.770000e-01 1.214380e+00 1.914431e+00 2.186064e+00 1.269808e+01 4.941580e+03 1.099476e+04 2.39304 3.671340e-01
8.760000e-01 1.214380e+00 1.915399e+00 2.187168e+00 1.270448e+01 4.961020e+03 1.098957e+04 2.39631 3.687082e-01
8.750000e-01 1.214380e+00 1.916371e+00 2.188278e+00 1.271091e+01 4.980409e+03 1.098438e+04 2.39959 3.702797e-01
8.740000e-01 1.214380e+00 1.917346e+00 2.189392e+00 1.271736e+01 4.999723e+03 1.097917e+04 2.40288 3.718468e-01
8.730000e-01 1.214380e+00 1.918324e+00 2.190509e+00 1.272382e+01 5.018959e+03 1.097396e+04 2.40618 3.734089e-01
8.720000e-01 1.214380e+00 1.919302e+00 2.191627e+00 1.273029e+01 5.038088e+03 1.096875e+04 2.40948 3.749641e-01
8.710000e-01 1.214380e+00 1.920282e+00 2.192746e+00 1.273678e+01 5.057113e+03 1.096354e+04 2.41279 3.765126e-01
8.700000e-01 1.214380e+00 1.921263e+00 2.193867e+00 1.274328e+01 5.076042e+03 1.095832e+04 2.41611 3.780551e-01
8.690000e-01 1.214380e+00 1.922247e+00 2.194991e+00 1.274979e+01 5.094903e+03 1.095310e+04 2.41943 3.795936e-01
8.680000e-01 1.214380e+00 1.923234e+00 2.196119e+00 1.275633e+01 5.113713e+03 1.094786e+04 2.42278 3.811295e-01
8.670000e-01 1.214380e+00 1.924224e+00 2.197251e+00 1.276289e+01 5.132460e+03 1.094262e+04 2.42613 3.826616e-01
8.660000e-01 1.214380e+00 1.925217e+00 2.198386e+00 1.276947e+01 5.151121e+03 1.093737e+04 2.42949 3.841883e-01
8.650000e-01 1.214380e+00 1.926210e+00 2.199521e+00 1.277605e+01 5.169677e+03 1.093211e+04 2.43285 3.857082e-01
8.640000e-01 1.214380e+00 1.927203e+00 2.200656e+00 1.278264e+01 5.188110e+03 1.092686e+04 2.43622 3.872199e-01
8.630000e-01 1.214380e+00 1.928194e+00 2.201788e+00 1.278924e+01 5.206402e+03 1.092162e+04 2.43958 3.887223e-01
8.620000e-01 1.214380e+00 1.929183e+00 2.202918e+00 1.279583e+01 5.224564e+03 1.091638e+04 2.44295 3.902162e-01
8.610000e-01 1.214380e+00 1.930174e+00 2.204049e+00 1.280244e+01 5.242645e+03 1.091113e+04 2.44633 3.917053e-01
8.600000e-01 1.214380e+00 1.931167e+00 2.205182e+00 1.280907e+01 5.260671e+03 1.090587e+04 2.44972 3.931917e-01
8.590000e-01 1.214380e+00 1.932165e+00 2.206321e+00 1.281574e+01 5.278668e+03 1.090059e+04 2.45312 3.946770e-01
8.580000e-01 1.214380e+00 1.933167e+00 2.207465e+00 1.282243e+01 5.296627e+03 1.089530e+04 2.45654 3.961607e-01
8.570000e-01 1.214380e+00 1.934173e+00 2.208614e+00 1.282915e+01 5.314539e+03 1.088999e+04 2.45997 3.976418e-01
8.560000e-01 1.214380e+00 1.935181e+00 2.209766e+00 1.283588e+01 5.332389e+03 1.088467e+04 2.46341 3.991193e-01
8.550000e-01 1.214380e+00 1.936192e+00 2.210921e+00 1.284264e+01 5.350167e+03 1.087934e+04 2.46686 4.005923e-01
8.540000e-01 1.214380e+00 1.937204e+00 2.212077e+00 1.284940e+01 5.367856e+03 1.087401e+04 2.47032 4.020596e-01
8.530000e-01 1.214380e+00 1.938217e+00 2.213235e+00 1.285618e+01 5.385460e+03 1.086867e+04 2.47378 4.035215e-01
8.520000e-01 1.214380e+00 1.939232e+00 2.214394e+00 1.286298e+01 5.402990e+03 1.086333e+04 2.47725 4.049790e-01
8.510000e-01 1.214380e+00 1.940249e+00 2.215557e+00 1.286979e+01 5.420470e+03 1.085797e+04 2.48074 4.064337e-01
8.500000e-01 1.214380e+00 1.941271e+00 2.216725e+00 1.287664e+01 5.437908e+03 1.085260e+04 2.48423 4.078863e-01
8.490000e-01 1.214380e+00 1.942294e+00 2.217895e+00 1.288350e+01 5.455283e+03 1.084722e+04 2.48774 4.093351e-01
8.480000e-01 1.214380e+00 1.943320e+00 2.219068e+00 1.289037e+01 5.472579e+03 1.084183e+04 2.49125 4.107789e-01
8.470000e-01 1.214380e+00 1.944346e+00 2.220241e+00 1.289726e+01 5.489777e+03 1.083644e+04 2.49477 4.122163e-01
8.460000e-01 1.214380e+00 1.945371e+00 2.221412e+00 1.290415e+01 5.506860e+03 1.083105e+04 2.49829 4.136460e-01
8.450000e-01 1.214380e+00 1.946394e+00 2.222581e+00 1.291104e+01 5.523820e+03 1.082566e+04 2.50181 4.150677e-01
8.440000e-01 1.214380e+00 1.947417e+00 2.223748e+00 1.291794e+01 5.540687e+03 1.082027e+04 2.50533 4.164835e-01
8.430000e-01 1.214380e+00 1.948441e+00 2.224918e+00 1.292486e+01 5.557500e+03 1.081487e+04 2.50886 4.178965e-01
8.420000e-01 1.214380e+00 1.949469e+00 2.226092e+00 1.293181e+01 5.574269e+03 1.080945e+04 2.51241 4.193074e-01
8.410000e-01 1.214380e+00 1.950502e+00 2.227271e+00 1.293879e+01 5.591018e+03 1.080401e+04 2.51597 4.207178e-01
8.400000e-01 1.214380e+00 1.951538e+00 2.228454e+00 1.294580e+01 5.607726e+03 1.079855e+04 2.51955 4.221262e-01
8.390000e-01 1.214380e+00 1.952577e+00 2.229642e+00 1.295283e+01 5.624387e+03 1.079308e+04 2.52313 4.235320e-01
8.380000e-01 1.214380e+00 1.953619e+00 2.230833e+00 1.295988e+01 5.640988e+03 1.078760e+04 2.52673 4.249341e-01
8.370000e-01 1.214380e+00 1.954663e+00 2.232025e+00 1.296695e+01 5.657516e+03 1.078211e+04 2.53034 4.263317e-01
8.360000e-01 1.214380e+00 1.955707e+00 2.233218e+00 1.297402e+01 5.673967e+03 1.077661e+04 2.53395 4.277244e-01
8.350000e-01 1.214380e+00 1.956753e+00 2.234413e+00 1.298112e+01 5.690350e+03 1.077111e+04 2.53757 4.291129e-01
8.340000e-01 1.214380e+00 1.957801e+00 2.235612e+00 1.298824e+01 5.706685e+03 1.076559e+04 2.5412 4.304989e-01
8.330000e-01 1.214380e+00 1.958853e+00 2.236814e+00 1.299538e+01 5.722982e+03 1.076006e+04 2.54484 4.318829e-01
8.320000e-01 1.214380e+00 1.959908e+00 2.238020e+00 1.300255e+01 5.739230e+03 1.075451e+04 2.54849 4.332643e-01
8.310000e-01 1.214380e+00 1.960965e+00 2.239228e+00 1.300973e+01 5.755410e+03 1.074895e+04 2.55216 4.346413e-01
8.300000e-01 1.214380e+00 1.962022e+00 2.240437e+00 1.301693e+01 5.771509e+03 1.074339e+04 2.55582 4.360131e-01
8.290000e-01 1.214380e+00 1.963079e+00 2.241645e+00 1.302413e+01 5.787506e+03 1.073782e+04 2.55949 4.373781e-01
8.280000e-01 1.214380e+00 1.964135e+00 2.242851e+00 1.303134e+01 5.803397e+03 1.073226e+04 2.56316 4.387362e-01
8.270000e-01 1.214380e+00 1.965189e+00 2.244055e+00 1.303855e+01 5.819197e+03 1.072669e+04 2.56684 4.400885e-01
8.260000e-01 1.214380e+00 1.966245e+00 2.245261e+00 1.304579e+01 5.834942e+03 1.072111e+04 2.57052 4.414378e-01
8.250000e-01 1.214380e+00 1.967304e+00 2.246470e+00 1.305305e+01 5.850649e+03 1.071551e+04 2.57422 4.427854e-01
8.240000e-01 1.214380e+00 1.968367e+00 2.247684e+00 1.306034e+01 5.866333e+03 1.070989e+04 2.57793 4.441324e-01
8.230000e-01 1.214380e+00 1.969434e+00 2.248904e+00 1.306767e+01 5.881985e+03 1.070425e+04 2.58165 4.454779e-01
8.220000e-01 1.214380e+00 1.970505e+00 2.250127e+00 1.307501e+01 5.897594e+03 1.069860e+04 2.58539 4.468210e-01
8.210000e-01 1.214380e+00 1.971577e+00 2.251352e+00 1.308238e+01 5.913148e+03 1.069293e+04 2.58914 4.481608e-01
8.200000e-01 1.214380e+00 1.972652e+00 2.252580e+00 1.308977e+01 5.928639e+03 1.068725e+04 2.5929 4.494968e-01
8.190000e-01 1.214380e+00 1.973727e+00 2.253809e+00 1.309717e+01 5.944063e+03 1.068156e+04 2.59666 4.508284e-01
8.180000e-01 1.214380e+00 1.974803e+00 2.255039e+00 1.310460e+01 5.959423e+03 1.067587e+04 2.60043 4.521563e-01
8.170000e-01 1.214380e+00 1.975883e+00 2.256273e+00 1.311204e+01 5.974742e+03 1.067015e+04 2.60421 4.534820e-01
8.160000e-01 1.214380e+00 1.977003e+00 2.257557e+00 1.311961e+01 5.989986e+03 1.066434e+04 2.60807 4.547975e-01
8.150000e-01 1.214380e+00 1.978089e+00 2.258799e+00 1.312711e+01 6.005224e+03 1.065859e+04 2.61188 4.561187e-01
8.140000e-01 1.214380e+00 1.979176e+00 2.260042e+00 1.313462e+01 6.020399e+03 1.065283e+04 2.61569 4.574360e-01
8.130000e-01 1.214380e+00 1.980264e+00 2.261286e+00 1.314215e+01 6.035500e+03 1.064707e+04 2.61951 4.587486e-01
8.120000e-01 1.214380e+00 1.981351e+00 2.262528e+00 1.314969e+01 6.050509e+03 1.064130e+04 2.62333 4.600551e-01
8.110000e-01 1.214380e+00 1.982437e+00 2.263769e+00 1.315722e+01 6.065420e+03 1.063553e+04 2.62716 4.613552e-01
8.100000e-01 1.214380e+00 1.983522e+00 2.265008e+00 1.316478e+01 6.080251e+03 1.062975e+04 2.63098 4.626503e-01
8.090000e-01 1.214380e+00 1.984609e+00 2.266249e+00 1.317235e+01 6.095035e+03 1.062396e+04 2.63482 4.639430e-01
8.080000e-01 1.214380e+00 1.985699e+00 2.267495e+00 1.317996e+01 6.109790e+03 1.061815e+04 2.63867 4.652344e-01
8.070000e-01 1.214380e+00 1.986793e+00 2.268745e+00 1.318760e+01 6.124523e+03 1.061231e+04 2.64254 4.665252e-01
8.060000e-01 1.214380e+00 1.987891e+00 2.269999e+00 1.319527e+01 6.139222e+03 1.060645e+04 2.64642 4.678143e-01
8.050000e-01 1.214380e+00 1.988992e+00 2.271258e+00 1.320296e+01 6.153878e+03 1.060058e+04 2.65031 4.691011e-01
8.040000e-01 1.214380e+00 1.990094e+00 2.272518e+00 1.321068e+01 6.168482e+03 1.059469e+04 2.65421 4.703847e-01
8.030000e-01 1.214380e+00 1.991199e+00 2.273780e+00 1.321841e+01 6.183026e+03 1.058879e+04 2.65812 4.716647e-01
8.020000e-01 1.214380e+00 1.992304e+00 2.275043e+00 1.322616e+01 6.197508e+03 1.058288e+04 2.66203 4.729408e-01
8.010000e-01 1.214380e+00 1.993411e+00 2.276309e+00 1.323394e+01 6.211941e+03 1.057696e+04 2.66596 4.742140e-01
8.000000e-01 1.214380e+00 1.994520e+00 2.277577e+00 1.324174e+01 6.226334e+03 1.057102e+04 2.66989 4.754851e-01
7.990000e-01 1.214380e+00 1.995633e+00 2.278850e+00 1.324957e+01 6.240694e+03 1.056505e+04 2.67384 4.767546e-01
7.980000e-01 1.214380e+00 1.996748e+00 2.280126e+00 1.325743e+01 6.255008e+03 1.055908e+04 2.67781 4.780215e-01
7.970000e-01 1.214380e+00 1.997865e+00 2.281402e+00 1.326530e+01 6.269255e+03 1.055309e+04 2.68177 4.792840e-01
7.960000e-01 1.214380e+00 1.998981e+00 2.282678e+00 1.327318e+01 6.283428e+03 1.054709e+04 2.68574 4.805417e-01
7.950000e-01 1.214380e+00 2.000096e+00 2.283953e+00 1.328107e+01 6.297512e+03 1.054109e+04 2.68971 4.817934e-01
7.940000e-01 1.214380e+00 2.001209e+00 2.285226e+00 1.328897e+01 6.311510e+03 1.053509e+04 2.69369 4.830396e-01
7.930000e-01 1.214380e+00 2.002324e+00 2.286499e+00 1.329689e+01 6.325448e+03 1.052908e+04 2.69767 4.842824e-01
7.920000e-01 1.214380e+00 2.003440e+00 2.287775e+00 1.330484e+01 6.339351e+03 1.052304e+04 2.70166 4.855235e-01
7.910000e-01 1.214380e+00 2.004561e+00 2.289055e+00 1.331282e+01 6.353231e+03 1.051698e+04 2.70567 4.867638e-01
7.900000e-01 1.214380e+00 2.005685e+00 2.290341e+00 1.332083e+01 6.367085e+03 1.051090e+04 2.70969 4.880032e-01
7.890000e-01 1.214380e+00 2.006812e+00 2.291629e+00 1.332888e+01 6.380900e+03 1.050480e+04 2.71373 4.892404e-01
7.880000e-01 1.214380e+00 2.007942e+00 2.292921e+00 1.333695e+01 6.394671e+03 1.049868e+04 2.71778 4.904751e-01
7.870000e-01 1.214380e+00 2.009073e+00 2.294214e+00 1.334504e+01 6.408390e+03 1.049254e+04 2.72183 4.917066e-01
7.860000e-01 1.214380e+00 2.010205e+00 2.295508e+00 1.335316e+01 6.422047e+03 1.048639e+04 2.72589 4.929342e-01
7.850000e-01 1.214380e+00 2.011338e+00 2.296804e+00 1.336129e+01 6.435656e+03 1.048023e+04 2.72996 4.941589e-01
7.840000e-01 1.214380e+00 2.012474e+00 2.298103e+00 1.336945e+01 6.449223e+03 1.047405e+04 2.73405 4.953815e-01
7.830000e-01 1.214380e+00 2.013613e+00 2.299406e+00 1.337765e+01 6.462754e+03 1.046785e+04 2.73814 4.966022e-01
7.820000e-01 1.214380e+00 2.014754e+00 2.300712e+00 1.338587e+01 6.476249e+03 1.046163e+04 2.74225 4.978209e-01
7.810000e-01 1.214380e+00 2.015896e+00 2.302019e+00 1.339411e+01 6.489687e+03 1.045540e+04 2.74636 4.990360e-01
7.800000e-01 1.214380e+00 2.017039e+00 2.303327e+00 1.340237e+01 6.503057e+03 1.044916e+04 2.75048 5.002467e-01
7.790000e-01 1.214380e+00 2.018181e+00 2.304633e+00 1.341063e+01 6.516347e+03 1.044291e+04 2.7546 5.014520e-01
7.780000e-01 1.214380e+00 2.019321e+00 2.305937e+00 1.341891e+01 6.529549e+03 1.043665e+04 2.75872 5.026517e-01
7.770000e-01 1.214380e+00 2.020461e+00 2.307240e+00 1.342720e+01 6.542691e+03 1.043039e+04 2.76285 5.038475e-01
7.760000e-01 1.214380e+00 2.021604e+00 2.308546e+00 1.343552e+01 6.555801e+03 1.042410e+04 2.76698 5.050420e-01
7.750000e-01 1.214380e+00 2.022749e+00 2.309855e+00 1.344388e+01 6.568877e+03 1.041779e+04 2.77114 5.062350e-01
7.740000e-01 1.214380e+00 2.023898e+00 2.311170e+00 1.345228e+01 6.581933e+03 1.041145e+04 2.7753 5.074272e-01
7.730000e-01 1.214380e+00 2.025051e+00 2.312488e+00 1.346071e+01 6.594957e+03 1.040509e+04 2.77948 5.086178e-01
7.720000e-01 1.214380e+00 2.026205e+00 2.313808e+00 1.346916e+01 6.607934e+03 1.039871e+04 2.78367 5.098057e-01
7.710000e-01 1.214380e+00 2.027360e+00 2.315130e+00 1.347764e+01 6.620863e+03 1.039231e+04 2.78787 5.109905e-01
7.700000e-01 1.214380e+00 2.028517e+00 2.316453e+00 1.348614e+01 6.633738e+03 1.038590e+04 2.79208 5.121720e-01
7.690000e-01 1.214380e+00 2.029675e+00 2.317778e+00 1.349467e+01 6.646564e+03 1.037946e+04 2.79629 5.133505e-01
7.680000e-01 1.214380e+00 2.030835e+00 2.319105e+00 1.350322e+01 6.659352e+03 1.037301e+04 2.80052 5.145269e-01
7.670000e-01 1.214380e+00 2.031997e+00 2.320435e+00 1.351181e+01 6.672101e+03 1.036654e+04 2.80475 5.157012e-01
7.660000e-01 1.214380e+00 2.033162e+00 2.321768e+00 1.352043e+01 6.684818e+03 1.036004e+04 2.809 5.168736e-01
7.650000e-01 1.214380e+00 2.034328e+00 2.323103e+00 1.352907e+01 6.697485e+03 1.035352e+04 2.81325 5.180429e-01
7.640000e-01 1.214380e+00 2.035494e+00 2.324437e+00 1.353772e+01 6.710080e+03 1.034700e+04 2.81751 5.192074e-01
7.630000e-01 1.214380e+00 2.036658e+00 2.325770e+00 1.354639e+01 6.722601e+03 1.034046e+04 2.82177 5.203668e-01
7.620000e-01 1.214380e+00 2.037822e+00 2.327100e+00 1.355507e+01 6.735048e+03 1.033392e+04 2.82603 5.215214e-01
7.610000e-01 1.214380e+00 2.038984e+00 2.328430e+00 1.356377e+01 6.747430e+03 1.032736e+04 2.83029 5.226719e-01
7.600000e-01 1.214380e+00 2.040149e+00 2.329761e+00 1.357250e+01 6.759781e+03 1.032078e+04 2.83457 5.238210e-01
7.590000e-01 1.214380e+00 2.041317e+00 2.331097e+00 1.358127e+01 6.772109e+03 1.031417e+04 2.83886 5.249691e-01
7.580000e-01 1.214380e+00 2.042488e+00 2.332437e+00 1.359008e+01 6.784408e+03 1.030753e+04 2.84316 5.261159e-01
7.570000e-01 1.214380e+00 2.043662e+00 2.333780e+00 1.359892e+01 6.796675e+03 1.030087e+04 2.84747 5.272610e-01
7.560000e-01 1.214380e+00 2.044837e+00 2.335125e+00 1.360779e+01 6.808899e+03 1.029418e+04 2.8518 5.284033e-01
7.550000e-01 1.214380e+00 2.046014e+00 2.336470e+00 1.361669e+01 6.821071e+03 1.028747e+04 2.85613 5.295424e-01
7.540000e-01 1.214380e+00 2.047191e+00 2.337818e+00 1.362561e+01 6.833196e+03 1.028075e+04 2.86047 5.306785e-01
7.530000e-01 1.214380e+00 2.048369e+00 2.339166e+00 1.363456e+01 6.845272e+03 1.027400e+04 2.86481 5.318116e-01
7.520000e-01 1.214380e+00 2.049550e+00 2.340517e+00 1.364354e+01 6.857312e+03 1.026724e+04 2.86917 5.329427e-01
7.510000e-01 1.214380e+00 2.050732e+00 2.341870e+00 1.365256e+01 6.869319e+03 1.026044e+04 2.87354 5.340719e-01
7.500000e-01 1.214380e+00 2.051917e+00 2.343226e+00 1.366161e+01 6.881286e+03 1.025362e+04 2.87791 5.351987e-01
7.490000e-01 1.214380e+00 2.053102e+00 2.344583e+00 1.367068e+01 6.893202e+03 1.024678e+04 2.88229 5.363220e-01
7.480000e-01 1.214380e+00 2.054286e+00 2.345938e+00 1.367977e+01 6.905050e+03 1.023993e+04 2.88668 5.374406e-01
7.470000e-01 1.214380e+00 2.055468e+00 2.347290e+00 1.368887e+01 6.916821e+03 1.023306e+04 2.89106 5.385539e-01
7.460000e-01 1.214380e+00 2.056685e+00 2.348686e+00 1.369808e+01 6.928493e+03 1.022611e+04 2.8955 5.396529e-01
7.450000e-01 1.214380e+00 2.057831e+00 2.349992e+00 1.370712e+01 6.940179e+03 1.021929e+04 2.89983 5.407681e-01
7.440000e-01 1.214380e+00 2.059049e+00 2.351389e+00 1.371640e+01 6.951773e+03 1.021228e+04 2.90429 5.418630e-01
7.430000e-01 1.214380e+00 2.060236e+00 2.352746e+00 1.372563e+01 6.963374e+03 1.020532e+04 2.90871 5.429660e-01
7.420000e-01 1.214380e+00 2.061425e+00 2.354106e+00 1.373489e+01 6.974948e+03 1.019833e+04 2.91313 5.440676e-01
7.410000e-01 1.214380e+00 2.062616e+00 2.355468e+00 1.374418e+01 6.986482e+03 1.019131e+04 2.91756 5.451669e-01
7.400000e-01 1.214380e+00 2.063807e+00 2.356831e+00 1.375351e+01 6.997971e+03 1.018427e+04 2.922 5.462632e-01
7.390000e-01 1.214380e+00 2.065000e+00 2.358196e+00 1.376286e+01 7.009412e+03 1.017720e+04 2.92645 5.473563e-01
7.380000e-01 1.214380e+00 2.066192e+00 2.359560e+00 1.377224e+01 7.020803e+03 1.017012e+04 2.9309 5.484463e-01
7.370000e-01 1.214380e+00 2.067386e+00 2.360926e+00 1.378166e+01 7.032153e+03 1.016301e+04 2.93537 5.495339e-01
7.360000e-01 1.214380e+00 2.068582e+00 2.362294e+00 1.379111e+01 7.043468e+03 1.015587e+04 2.93984 5.506193e-01
7.350000e-01 1.214380e+00 2.069780e+00 2.363665e+00 1.380059e+01 7.054748e+03 1.014870e+04 2.94432 5.517026e-01
7.340000e-01 1.214380e+00 2.070978e+00 2.365037e+00 1.381011e+01 7.065982e+03 1.014151e+04 2.9488 5.527829e-01
7.330000e-01 1.214380e+00 2.072176e+00 2.366408e+00 1.381965e+01 7.077154e+03 1.013430e+04 2.95329 5.538588e-01
7.320000e-01 1.214380e+00 2.073373e+00 2.367777e+00 1.382921e+01 7.088256e+03 1.012708e+04 2.95778 5.549301e-01
7.310000e-01 1.214380e+00 2.074567e+00 2.369143e+00 1.383877e+01 7.099282e+03 1.011985e+04 2.96227 5.559962e-01
7.300000e-01 1.214380e+00 2.075761e+00 2.370508e+00 1.384836e+01 7.110251e+03 1.011260e+04 2.96677 5.570586e-01
7.290000e-01 1.214380e+00 2.076956e+00 2.371875e+00 1.385800e+01 7.121188e+03 1.010533e+04 2.97127 5.581194e-01
7.280000e-01 1.214380e+00 2.078153e+00 2.373245e+00 1.386767e+01 7.132095e+03 1.009802e+04 2.97578 5.591788e-01
7.270000e-01 1.214380e+00 2.079353e+00 2.374618e+00 1.387739e+01 7.142972e+03 1.009067e+04 2.98031 5.602365e-01
7.260000e-01 1.214380e+00 2.080555e+00 2.375994e+00 1.388715e+01 7.153816e+03 1.008330e+04 2.98485 5.612923e-01
7.250000e-01 1.214380e+00 2.081757e+00 2.377370e+00 1.389695e+01 7.164612e+03 1.007590e+04 2.98939 5.623451e-01
7.240000e-01 1.214380e+00 2.082961e+00 2.378747e+00 1.390677e+01 7.175359e+03 1.006848e+04 2.99394 5.633945e-01
7.230000e-01 1.214380e+00 2.084164e+00 2.380125e+00 1.391663e+01 7.186059e+03 1.006103e+04 2.9985 5.644410e-01
7.220000e-01 1.214380e+00 2.085368e+00 2.381503e+00 1.392652e+01 7.196712e+03 1.005356e+04 3.00307 5.654846e-01
7.210000e-01 1.214380e+00 2.086573e+00 2.382883e+00 1.393645e+01 7.207327e+03 1.004606e+04 3.00764 5.665259e-01
7.200000e-01 1.214380e+00 2.087780e+00 2.384266e+00 1.394642e+01 7.217908e+03 1.003853e+04 3.01222 5.675650e-01
7.190000e-01 1.214380e+00 2.088988e+00 2.385649e+00 1.395643e+01 7.228444e+03 1.003097e+04 3.01681 5.686013e-01
7.180000e-01 1.214380e+00 2.090195e+00 2.387032e+00 1.396646e+01 7.238920e+03 1.002340e+04 3.0214 5.696334e-01
7.170000e-01 1.214380e+00 2.091400e+00 2.388412e+00 1.397651e+01 7.249329e+03 1.001580e+04 3.02599 5.706607e-01
7.160000e-01 1.214380e+00 2.092603e+00 2.389789e+00 1.398657e+01 7.259664e+03 1.000820e+04 3.03057 5.716829e-01
7.150000e-01 1.214380e+00 2.093803e+00 2.391163e+00 1.399666e+01 7.269938e+03 1.000058e+04 3.03516 5.727010e-01
7.140000e-01 1.214380e+00 2.095005e+00 2.392539e+00 1.400680e+01 7.280181e+03 9.992919e+03 3.03976 5.737175e-01
7.130000e-01 1.214380e+00 2.096209e+00 2.393917e+00 1.401698e+01 7.290391e+03 9.985224e+03 3.04436 5.747320e-01
7.120000e-01 1.214380e+00 2.097414e+00 2.395297e+00 1.402720e+01 7.300570e+03 9.977492e+03 3.04898 5.757448e-01
7.110000e-01 1.214380e+00 2.098621e+00 2.396679e+00 1.403748e+01 7.310718e+03 9.969723e+03 3.0536 5.767552e-01
7.100000e-01 1.214380e+00 2.099828e+00 2.398061e+00 1.404779e+01 7.320819e+03 9.961923e+03 3.05823 5.777626e-01
7.090000e-01 1.214380e+00 2.101034e+00 2.399442e+00 1.405813e+01 7.330865e+03 9.954098e+03 3.06286 5.787664e-01
7.080000e-01 1.214380e+00 2.102241e+00 2.400824e+00 1.406851e+01 7.340871e+03 9.946244e+03 3.06749 5.797671e-01
7.070000e-01 1.214380e+00 2.103447e+00 2.402206e+00 1.407892e+01 7.350831e+03 9.938359e+03 3.07213 5.807647e-01
7.060000e-01 1.214380e+00 2.104653e+00 2.403587e+00 1.408938e+01 7.360744e+03 9.930440e+03 3.07677 5.817595e-01
7.050000e-01 1.214380e+00 2.105862e+00 2.404972e+00 1.409988e+01 7.370632e+03 9.922487e+03 3.08142 5.827522e-01
7.040000e-01 1.214380e+00 2.107070e+00 2.406356e+00 1.411042e+01 7.380471e+03 9.914502e+03 3.08608 5.837417e-01
7.030000e-01 1.214380e+00 2.108275e+00 2.407737e+00 1.412099e+01 7.390244e+03 9.906493e+03 3.09073 5.847264e-01
7.020000e-01 1.214380e+00 2.109479e+00 2.409116e+00 1.413157e+01 7.399957e+03 9.898466e+03 3.09538 5.857063e-01
7.010000e-01 1.214380e+00 2.110680e+00 2.410491e+00 1.414218e+01 7.409597e+03 9.890422e+03 3.10002 5.866810e-01
7.000000e-01 1.214380e+00 2.111912e+00 2.411904e+00 1.415292e+01 7.419147e+03 9.882271e+03 3.10472 5.876416e-01
6.990000e-01 1.214380e+00 2.113112e+00 2.413278e+00 1.416361e+01 7.428696e+03 9.874159e+03 3.10937 5.886102e-01
6.980000e-01 1.214380e+00 2.114313e+00 2.414654e+00 1.417434e+01 7.438217e+03 9.866010e+03 3.11403 5.895771e-01
6.970000e-01 1.214380e+00 2.115515e+00 2.416030e+00 1.418513e+01 7.447697e+03 9.857819e+03 3.1187 5.905416e-01
6.960000e-01 1.214380e+00 2.116716e+00 2.417406e+00 1.419597e+01 7.457142e+03 9.849589e+03 3.12337 5.915034e-01
6.950000e-01 1.214380e+00 2.117919e+00 2.418783e+00 1.420684e+01 7.466541e+03 9.841327e+03 3.12804 5.924619e-01
6.940000e-01 1.214380e+00 2.119119e+00 2.420159e+00 1.421775e+01 7.475884e+03 9.833036e+03 3.13271 5.934168e-01
6.930000e-01 1.214380e+00 2.120319e+00 2.421533e+00 1.422870e+01 7.485180e+03 9.824713e+03 3.13739 5.943681e-01
6.920000e-01 1.214380e+00 2.121519e+00 2.422908e+00 1.423970e+01 7.494436e+03 9.816354e+03 3.14207 5.953164e-01
6.910000e-01 1.214380e+00 2.122718e+00 2.424281e+00 1.425074e+01 7.503642e+03 9.807959e+03 3.14675 5.962617e-01
6.900000e-01 1.214380e+00 2.123918e+00 2.425657e+00 1.426183e+01 7.512816e+03 9.799527e+03 3.15144 5.972045e-01
6.890000e-01 1.214380e+00 2.125117e+00 2.427032e+00 1.427295e+01 7.521938e+03 9.791064e+03 3.15612 5.981434e-01
6.880000e-01 1.214380e+00 2.126313e+00 2.428402e+00 1.428411e+01 7.530989e+03 9.782577e+03 3.16081 5.990773e-01
6.870000e-01 1.214380e+00 2.127505e+00 2.429768e+00 1.429528e+01 7.539976e+03 9.774069e+03 3.16548 6.000059e-01
6.860000e-01 1.214380e+00 2.128694e+00 2.431129e+00 1.430648e+01 7.548895e+03 9.765539e+03 3.17015 6.009294e-01
6.850000e-01 1.214380e+00 2.129880e+00 2.432488e+00 1.431773e+01 7.557764e+03 9.756973e+03 3.17481 6.018496e-01
6.840000e-01 1.214380e+00 2.131068e+00 2.433848e+00 1.432903e+01 7.566604e+03 9.748360e+03 3.17948 6.027678e-01
6.830000e-01 1.214380e+00 2.132255e+00 2.435209e+00 1.434039e+01 7.575408e+03 9.739699e+03 3.18416 6.036834e-01
6.820000e-01 1.214380e+00 2.133443e+00 2.436570e+00 1.435180e+01 7.584173e+03 9.730996e+03 3.18883 6.045962e-01
6.810000e-01 1.214380e+00 2.134629e+00 2.437929e+00 1.436325e+01 7.592893e+03 9.722250e+03 3.19351 6.055054e-01
6.800000e-01 1.214380e+00 2.135815e+00 2.439287e+00 1.437476e+01 7.601564e+03 9.713468e+03 3.19819 6.064109e-01
6.790000e-01 1.214380e+00 2.136997e+00 2.440642e+00 1.438630e+01 7.610179e+03 9.704650e+03 3.20286 6.073120e-01
6.780000e-01 1.214380e+00 2.138178e+00 2.441995e+00 1.439788e+01 7.618750e+03 9.695791e+03 3.20753 6.082097e-01
6.770000e-01 1.214380e+00 2.139357e+00 2.443346e+00 1.440952e+01 7.627278e+03 9.686889e+03 3.21219 6.091039e-01
6.760000e-01 1.214380e+00 2.140536e+00 2.444696e+00 1.442121e+01 7.635762e+03 9.677942e+03 3.21685 6.099945e-01
6.750000e-01 1.214380e+00 2.141713e+00 2.446045e+00 1.443295e+01 7.644204e+03 9.668952e+03 3.22151 6.108816e-01
6.740000e-01 1.214380e+00 2.142887e+00 2.447390e+00 1.444472e+01 7.652584e+03 9.659929e+03 3.22617 6.117636e-01
6.730000e-01 1.214380e+00 2.144055e+00 2.448728e+00 1.445652e+01 7.660892e+03 9.650880e+03 3.2308 6.126398e-01
6.720000e-01 1.214380e+00 2.145220e+00 2.450062e+00 1.446834e+01 7.669134e+03 9.641806e+03 3.23543 6.135107e-01
6.710000e-01 1.214380e+00 2.146380e+00 2.451390e+00 1.448020e+01 7.677318e+03 9.632696e+03 3.24005 6.143770e-01
6.700000e-01 1.214380e+00 2.147539e+00 2.452717e+00 1.449213e+01 7.685464e+03 9.623535e+03 3.24466 6.152406e-01
6.690000e-01 1.214380e+00 2.148729e+00 2.454082e+00 1.450421e+01 7.693547e+03 9.614233e+03 3.24933 6.160910e-01
6.680000e-01 1.214380e+00 2.149887e+00 2.455408e+00 1.451626e+01 7.701618e+03 9.604960e+03 3.25395 6.169478e-01
6.670000e-01 1.214380e+00 2.151043e+00 2.456732e+00 1.452836e+01 7.709641e+03 9.595643e+03 3.25856 6.178011e-01
6.660000e-01 1.214380e+00 2.152196e+00 2.458052e+00 1.454052e+01 7.717616e+03 9.586280e+03 3.26316 6.186501e-01
6.650000e-01 1.214380e+00 2.153346e+00 2.459369e+00 1.455271e+01 7.725535e+03 9.576878e+03 3.26775 6.194947e-01
6.640000e-01 1.214380e+00 2.154493e+00 2.460681e+00 1.456496e+01 7.733400e+03 9.567433e+03 3.27234 6.203348e-01
6.630000e-01 1.214380e+00 2.155637e+00 2.461992e+00 1.457726e+01 7.741222e+03 9.557940e+03 3.27692 6.211712e-01
6.620000e-01 1.214380e+00 2.156779e+00 2.463299e+00 1.458961e+01 7.748996e+03 9.548397e+03 3.28149 6.220036e-01
6.610000e-01 1.214380e+00 2.157919e+00 2.464605e+00 1.460203e+01 7.756723e+03 9.538808e+03 3.28606 6.228321e-01
6.600000e-01 1.214380e+00 2.159055e+00 2.465907e+00 1.461448e+01 7.764388e+03 9.529182e+03 3.29062 6.236555e-01
6.590000e-01 1.214380e+00 2.160186e+00 2.467202e+00 1.462697e+01 7.771981e+03 9.519531e+03 3.29516 6.244731e-01
6.580000e-01 1.214380e+00 2.161311e+00 2.468490e+00 1.463948e+01 7.779501e+03 9.509853e+03 3.29969 6.252849e-01
6.570000e-01 1.214380e+00 2.162432e+00 2.469773e+00 1.465204e+01 7.786959e+03 9.500140e+03 3.30421 6.260919e-01
6.560000e-01 1.214380e+00 2.163552e+00 2.471055e+00 1.466467e+01 7.794375e+03 9.490376e+03 3.30873 6.268960e-01
6.550000e-01 1.214380e+00 2.164669e+00 2.472334e+00 1.467736e+01 7.801749e+03 9.480553e+03 3.31325 6.276967e-01
6.540000e-01 1.214380e+00 2.165784e+00 2.473612e+00 1.469013e+01 7.809078e+03 9.470676e+03 3.31776 6.284937e-01
6.530000e-01 1.214380e+00 2.166897e+00 2.474887e+00 1.470295e+01 7.816356e+03 9.460748e+03 3.32226 6.292864e-01
6.520000e-01 1.214380e+00 2.168006e+00 2.476158e+00 1.471583e+01 7.823579e+03 9.450774e+03 3.32675 6.300748e-01
6.510000e-01 1.214380e+00 2.169111e+00 2.477424e+00 1.472876e+01 7.830744e+03 9.440755e+03 3.33123 6.308579e-01
6.500000e-01 1.214380e+00 2.170211e+00 2.478685e+00 1.474175e+01 7.837850e+03 9.430693e+03 3.3357 6.316364e-01
6.490000e-01 1.214380e+00 2.171309e+00 2.479944e+00 1.475479e+01 7.844907e+03 9.420579e+03 3.34016 6.324108e-01
6.480000e-01 1.214380e+00 2.172404e+00 2.481199e+00 1.476791e+01 7.851914e+03 9.410414e+03 3.34462 6.331810e-01
6.470000e-01 1.214380e+00 2.173494e+00 2.482449e+00 1.478108e+01 7.858867e+03 9.400196e+03 3.34906 6.339465e-01
6.460000e-01 1.214380e+00 2.174579e+00 2.483694e+00 1.479430e+01 7.865756e+03 9.389938e+03 3.35348 6.347062e-01
6.450000e-01 1.214380e+00 2.175686e+00 2.484966e+00 1.480766e+01 7.872539e+03 9.379562e+03 3.35793 6.354491e-01
6.440000e-01 1.214380e+00 2.176731e+00 2.486161e+00 1.482085e+01 7.879310e+03 9.369324e+03 3.36227 6.362064e-01
6.430000e-01 1.214380e+00 2.177825e+00 2.487416e+00 1.483429e+01 7.885960e+03 9.358875e+03 3.36668 6.369384e-01
6.420000e-01 1.214380e+00 2.178888e+00 2.488634e+00 1.484772e+01 7.892593e+03 9.348437e+03 3.37103 6.376758e-01
6.410000e-01 1.214380e+00 2.179947e+00 2.489848e+00 1.486121e+01 7.899184e+03 9.337936e+03 3.37537 6.384095e-01
6.400000e-01 1.214380e+00 2.181001e+00 2.491057e+00 1.487479e+01 7.905726e+03 9.327368e+03 3.3797 6.391384e-01
6.390000e-01 1.214380e+00 2.182050e+00 2.492259e+00 1.488842e+01 7.912212e+03 9.316742e+03 3.384 6.398619e-01
6.380000e-01 1.214380e+00 2.183093e+00 2.493455e+00 1.490213e+01 7.918641e+03 9.306058e+03 3.38829 6.405797e-01
6.370000e-01 1.214380e+00 2.184130e+00 2.494643e+00 1.491588e+01 7.925005e+03 9.295323e+03 3.39255 6.412917e-01
6.360000e-01 1.214380e+00 2.185161e+00 2.495824e+00 1.492970e+01 7.931314e+03 9.284530e+03 3.39679 6.419980e-01
6.350000e-01 1.214380e+00 2.186186e+00 2.496999e+00 1.494359e+01 7.937570e+03 9.273672e+03 3.401 6.426990e-01
6.340000e-01 1.214380e+00 2.187205e+00 2.498167e+00 1.495756e+01 7.943771e+03 9.262749e+03 3.4052 6.433946e-01
6.330000e-01 1.214380e+00 2.186173e+00 2.497033e+00 1.496411e+01 7.955110e+03 9.258673e+03 3.40546 6.449719e-01
6.320000e-01 1.214380e+00 2.189217e+00 2.500473e+00 1.498563e+01 7.955992e+03 9.240769e+03 3.4135 6.447690e-01
6.310000e-01 1.214380e+00 2.188140e+00 2.499286e+00 1.499218e+01 7.967237e+03 9.236662e+03 3.41363 6.463411e-01
6.300000e-01 1.214380e+00 2.191198e+00 2.502741e+00 1.501390e+01 7.967910e+03 9.218592e+03 3.42169 6.461129e-01
6.290000e-01 1.214380e+00 2.190081e+00 2.501508e+00 1.502047e+01 7.979079e+03 9.214457e+03 3.42171 6.476828e-01
6.280000e-01 1.214380e+00 2.193177e+00 2.505007e+00 1.504255e+01 7.979561e+03 9.196072e+03 3.4298 6.474233e-01
6.270000e-01 1.214380e+00 2.192016e+00 2.503727e+00 1.504912e+01 7.990695e+03 9.191933e+03 3.42973 6.489991e-01
6.260000e-01 1.214380e+00 2.195107e+00 2.507217e+00 1.507145e+01 7.991032e+03 9.173342e+03 3.43779 6.487220e-01
6.250000e-01 1.214380e+00 2.193908e+00 2.505895e+00 1.507804e+01 8.002106e+03 9.169167e+03 3.43762 6.502976e-01
6.240000e-01 1.214380e+00 2.197007e+00 2.509392e+00 1.510063e+01 8.002256e+03 9.150353e+03 3.44567 6.499959e-01
6.230000e-01 1.214380e+00 2.195769e+00 2.508026e+00 1.510724e+01 8.013256e+03 9.146149e+03 3.44538 6.515694e-01
6.220000e-01 1.214380e+00 2.198877e+00 2.511534e+00 1.513009e+01 8.013219e+03 9.127129e+03 3.45344 6.512446e-01
6.210000e-01 1.214380e+00 2.197604e+00 2.510130e+00 1.513674e+01 8.024157e+03 9.122894e+03 3.45306 6.528183e-01
6.200000e-01 1.214380e+00 2.200721e+00 2.513647e+00 1.515987e+01 8.023936e+03 9.103652e+03 3.46112 6.524705e-01
6.190000e-01 1.214380e+00 2.199409e+00 2.512201e+00 1.516654e+01 8.034800e+03 9.099389e+03 3.46064 6.540427e-01
6.180000e-01 1.214380e+00 2.202532e+00 2.515723e+00 1.518990e+01 8.034362e+03 9.079971e+03 3.46868 6.536694e-01
6.170000e-01 1.214380e+00 2.201173e+00 2.514222e+00 1.519657e+01 8.045130e+03 9.075693e+03 3.46806 6.552374e-01
6.160000e-01 1.214380e+00 2.204306e+00 2.517756e+00 1.522016e+01 8.044476e+03 9.056117e+03 3.47611 6.548401e-01
6.150000e-01 1.214380e+00 2.202907e+00 2.516211e+00 1.522685e+01 8.055179e+03 9.051806e+03 3.47539 6.564083e-01
6.140000e-01 1.214380e+00 2.206073e+00 2.519783e+00 1.525088e+01 8.054311e+03 9.031876e+03 3.48347 6.559767e-01
6.130000e-01 1.214380e+00 2.204627e+00 2.518187e+00 1.525758e+01 8.064974e+03 9.027560e+03 3.48264 6.575505e-01
6.120000e-01 1.214380e+00 2.207782e+00 2.521744e+00 1.528187e+01 8.063930e+03 9.007408e+03 3.49066 6.570970e-01
6.110000e-01 1.214380e+00 2.206289e+00 2.520095e+00 1.528859e+01 8.074527e+03 9.003055e+03 3.4897 6.586695e-01
6.100000e-01 1.214380e+00 2.209450e+00 2.523656e+00 1.531318e+01 8.073270e+03 8.982655e+03 3.49768 6.581866e-01
6.090000e-01 1.214380e+00 2.207909e+00 2.521953e+00 1.531992e+01 8.083798e+03 8.978265e+03 3.49658 6.597570e-01
6.080000e-01 1.214380e+00 2.211072e+00 2.525515e+00 1.534482e+01 8.082341e+03 8.957586e+03 3.50451 6.592443e-01
6.070000e-01 1.214380e+00 2.209486e+00 2.523762e+00 1.535159e+01 8.092806e+03 8.953154e+03 3.50328 6.608140e-01
6.060000e-01 1.214380e+00 2.212652e+00 2.527326e+00 1.537682e+01 8.091140e+03 8.932204e+03 3.51117 6.602710e-01
6.050000e-01 1.214380e+00 2.211013e+00 2.525513e+00 1.538359e+01 8.101518e+03 8.927742e+03 3.50978 6.618364e-01
6.040000e-01 1.214380e+00 2.214205e+00 2.529104e+00 1.540917e+01 8.099575e+03 8.906503e+03 3.51765 6.612521e-01
6.030000e-01 1.214380e+00 2.212501e+00 2.527217e+00 1.541590e+01 8.109880e+03 8.902047e+03 3.51609 6.628176e-01
6.020000e-01 1.214380e+00 2.215687e+00 2.530801e+00 1.544174e+01 8.107744e+03 8.880614e+03 3.52392 6.622104e-01
6.010000e-01 1.214380e+00 2.213938e+00 2.528865e+00 1.544851e+01 8.117999e+03 8.876111e+03 3.52223 6.637774e-01
6.000000e-01 1.214380e+00 2.217124e+00 2.532445e+00 1.547475e+01 8.115649e+03 8.854343e+03 3.52999 6.631379e-01
5.990000e-01 1.214380e+00 2.215329e+00 2.530460e+00 1.548156e+01 8.125845e+03 8.849796e+03 3.52817 6.647047e-01
5.980000e-01 1.214380e+00 2.218515e+00 2.534038e+00 1.550815e+01 8.123263e+03 8.827742e+03 3.53587 6.640323e-01
5.970000e-01 1.214380e+00 2.216666e+00 2.531992e+00 1.551498e+01 8.133381e+03 8.823161e+03 3.5339 6.655972e-01
5.960000e-01 1.214380e+00 2.219861e+00 2.535579e+00 1.554192e+01 8.130558e+03 8.800865e+03 3.54158 6.648947e-01
5.950000e-01 1.214380e+00 2.217968e+00 2.533486e+00 1.554878e+01 8.140608e+03 8.796252e+03 3.53949 6.664593e-01
5.940000e-01 1.214380e+00 2.221183e+00 2.537097e+00 1.557620e+01 8.137510e+03 8.773594e+03 3.54715 6.657160e-01
5.930000e-01 1.214380e+00 2.221815e+00 2.537822e+00 1.559342e+01 8.140889e+03 8.759908e+03 3.54985 6.661212e-01
5.920000e-01 1.214380e+00 2.222435e+00 2.538534e+00 1.561072e+01 8.144174e+03 8.746161e+03 3.5525 6.665155e-01
5.910000e-01 1.214380e+00 2.223038e+00 2.539226e+00 1.562809e+01 8.147367e+03 8.732349e+03 3.55508 6.668997e-01
5.900000e-01 1.214380e+00 2.223626e+00 2.539898e+00 1.564555e+01 8.150477e+03 8.718458e+03 3.5576 6.672740e-01
5.890000e-01 1.214380e+00 2.224199e+00 2.540554e+00 1.566314e+01 8.153517e+03 8.704457e+03 3.56005 6.676387e-01
5.880000e-01 1.214380e+00 2.224756e+00 2.541193e+00 1.568086e+01 8.156484e+03 8.690342e+03 3.56243 6.679934e-01
5.870000e-01 1.214380e+00 2.225298e+00 2.541812e+00 1.569870e+01 8.159367e+03 8.676119e+03 3.56475 6.683383e-01
5.860000e-01 1.214380e+00 2.225827e+00 2.542419e+00 1.571666e+01 8.162173e+03 8.661810e+03 3.56701 6.686737e-01
5.850000e-01 1.214380e+00 2.226361e+00 2.543032e+00 1.573482e+01 8.164856e+03 8.647329e+03 3.56922 6.689881e-01
5.840000e-01 1.214380e+00 2.226857e+00 2.543599e+00 1.575298e+01 8.167483e+03 8.632842e+03 3.57134 6.693018e-01
5.830000e-01 1.214380e+00 2.227339e+00 2.544151e+00 1.577125e+01 8.170033e+03 8.618273e+03 3.5734 6.696065e-01
5.820000e-01 1.214380e+00 2.227804e+00 2.544683e+00 1.578964e+01 8.172503e+03 8.603600e+03 3.57537 6.699001e-01
5.810000e-01 1.214380e+00 2.228250e+00 2.545194e+00 1.580816e+01 8.174884e+03 8.588821e+03 3.57727 6.701828e-01
5.800000e-01 1.214380e+00 2.228682e+00 2.545688e+00 1.582678e+01 8.177174e+03 8.573970e+03 3.57911 6.704551e-01
5.790000e-01 1.214380e+00 2.229101e+00 2.546168e+00 1.584547e+01 8.179370e+03 8.559080e+03 3.5809 6.707186e-01
5.780000e-01 1.214380e+00 2.229505e+00 2.546631e+00 1.586425e+01 8.181467e+03 8.544137e+03 3.58264 6.709731e-01
5.770000e-01 1.214380e+00 2.229894e+00 2.547076e+00 1.588315e+01 8.183470e+03 8.529116e+03 3.58433 6.712190e-01
5.760000e-01 1.214380e+00 2.230271e+00 2.547510e+00 1.590218e+01 8.185396e+03 8.514003e+03 3.58597 6.714567e-01
5.750000e-01 1.214380e+00 2.230629e+00 2.547921e+00 1.592137e+01 8.187236e+03 8.498768e+03 3.58752 6.716828e-01
5.740000e-01 1.214380e+00 2.230986e+00 2.548331e+00 1.594081e+01 8.188938e+03 8.483318e+03 3.58901 6.718859e-01
5.730000e-01 1.214380e+00 2.231308e+00 2.548700e+00 1.596027e+01 8.190596e+03 8.467857e+03 3.59039 6.720870e-01
5.720000e-01 1.214380e+00 2.231608e+00 2.549045e+00 1.597985e+01 8.192160e+03 8.452305e+03 3.59168 6.722761e-01
5.710000e-01 1.214380e+00 2.231887e+00 2.549362e+00 1.599955e+01 8.193620e+03 8.436649e+03 3.59288 6.724529e-01
5.700000e-01 1.214380e+00 2.232151e+00 2.549666e+00 1.601938e+01 8.194998e+03 8.420903e+03 3.59402 6.726192e-01
5.690000e-01 1.214380e+00 2.232395e+00 2.549946e+00 1.603935e+01 8.196284e+03 8.405048e+03 3.59506 6.727731e-01
5.680000e-01 1.214380e+00 2.232615e+00 2.550197e+00 1.605947e+01 8.197465e+03 8.389074e+03 3.596 6.729135e-01
5.670000e-01 1.214380e+00 2.232820e+00 2.550431e+00 1.607967e+01 8.198554e+03 8.373035e+03 3.59687 6.730420e-01
5.660000e-01 1.214380e+00 2.233004e+00 2.550641e+00 1.609998e+01 8.199541e+03 8.356930e+03 3.59765 6.731582e-01
5.650000e-01 1.214380e+00 2.233170e+00 2.550828e+00 1.612040e+01 8.200415e+03 8.340757e+03 3.59837 6.732646e-01
5.640000e-01 1.214380e+00 2.233326e+00 2.551008e+00 1.614097e+01 8.201204e+03 8.324510e+03 3.59906 6.733638e-01
5.630000e-01 1.214380e+00 2.233486e+00 2.551194e+00 1.616181e+01 8.201858e+03 8.308071e+03 3.59971 6.734423e-01
5.620000e-01 1.214380e+00 2.233604e+00 2.551329e+00 1.618273e+01 8.202442e+03 8.291582e+03 3.60024 6.735182e-01
5.610000e-01 1.214380e+00 2.233704e+00 2.551445e+00 1.620380e+01 8.202937e+03 8.274994e+03 3.60068 6.735818e-01
5.600000e-01 1.214380e+00 2.233779e+00 2.551532e+00 1.622499e+01 8.203331e+03 8.258295e+03 3.60101 6.736302e-01
5.590000e-01 1.214380e+00 2.233828e+00 2.551587e+00 1.624634e+01 8.203609e+03 8.241486e+03 3.60123 6.736644e-01
5.580000e-01 1.214380e+00 2.233861e+00 2.551625e+00 1.626783e+01 8.203795e+03 8.224587e+03 3.60137 6.736868e-01
5.570000e-01 1.214380e+00 2.233871e+00 2.551637e+00 1.628948e+01 8.203880e+03 8.207572e+03 3.60142 6.736955e-01
5.560000e-01 1.214380e+00 2.233855e+00 2.551617e+00 1.631130e+01 8.203852e+03 8.190427e+03 3.60134 6.736891e-01
5.568419e-01 1.214380e+00 2.234126e+00 2.551942e+00 1.629441e+01 8.203252e+03 8.203641e+03 3.6017 6.735426e-01
