1.000000e+00 1.345480e+00 1.893778e+00 2.182470e+00 1.183653e+01 0.000000e+00 1.230845e+04 0 0.000000e+00
9.990000e-01 1.345480e+00 1.894726e+00 2.183410e+00 1.184297e+01 4.663543e+02 1.225894e+04 2.14363 3.168540e-02
9.980000e-01 1.345480e+00 1.895485e+00 2.184286e+00 1.184755e+01 6.679675e+02 1.223793e+04 2.14721 4.542301e-02
9.970000e-01 1.345480e+00 1.896292e+00 2.185225e+00 1.185222e+01 8.220392e+02 1.222139e+04 2.15022 5.593082e-02
9.960000e-01 1.345480e+00 1.897099e+00 2.186164e+00 1.185688e+01 9.510072e+02 1.220724e+04 2.15299 6.473422e-02
9.950000e-01 1.345480e+00 1.897895e+00 2.187088e+00 1.186155e+01 1.063502e+03 1.219463e+04 2.15565 7.242017e-02
9.940000e-01 1.345480e+00 1.898679e+00 2.187990e+00 1.186621e+01 1.164253e+03 1.218312e+04 2.15824 7.931067e-02
9.930000e-01 1.345480e+00 1.899448e+00 2.188868e+00 1.187087e+01 1.256008e+03 1.217244e+04 2.16078 8.559249e-02
9.920000e-01 1.345480e+00 1.900201e+00 2.189719e+00 1.187554e+01 1.340567e+03 1.216240e+04 2.16328 9.138807e-02
9.910000e-01 1.345480e+00 1.900942e+00 2.190548e+00 1.188022e+01 1.419563e+03 1.215286e+04 2.16576 9.680856e-02
9.900000e-01 1.345480e+00 1.901683e+00 2.191373e+00 1.188493e+01 1.494609e+03 1.214367e+04 2.16824 1.019637e-01
9.890000e-01 1.345480e+00 1.902431e+00 2.192207e+00 1.188968e+01 1.566624e+03 1.213474e+04 2.17073 1.069154e-01
9.880000e-01 1.345480e+00 1.903192e+00 2.193058e+00 1.189447e+01 1.636137e+03 1.212604e+04 2.17324 1.116989e-01
9.870000e-01 1.345480e+00 1.903967e+00 2.193929e+00 1.189928e+01 1.703407e+03 1.211754e+04 2.17575 1.163314e-01
9.860000e-01 1.345480e+00 1.904752e+00 2.194816e+00 1.190410e+01 1.768485e+03 1.210925e+04 2.17828 1.208162e-01
9.850000e-01 1.345480e+00 1.905544e+00 2.195714e+00 1.190894e+01 1.831385e+03 1.210117e+04 2.1808 1.251542e-01
9.840000e-01 1.345480e+00 1.906339e+00 2.196618e+00 1.191377e+01 1.892189e+03 1.209328e+04 2.18333 1.293512e-01
9.830000e-01 1.345480e+00 1.907136e+00 2.197524e+00 1.191860e+01 1.951013e+03 1.208558e+04 2.18585 1.334151e-01
9.820000e-01 1.345480e+00 1.907933e+00 2.198431e+00 1.192343e+01 2.007984e+03 1.207804e+04 2.18838 1.373546e-01
9.810000e-01 1.345480e+00 1.908730e+00 2.199337e+00 1.192826e+01 2.063247e+03 1.207066e+04 2.1909 1.411797e-01
9.800000e-01 1.345480e+00 1.909527e+00 2.200243e+00 1.193310e+01 2.117020e+03 1.206340e+04 2.19343 1.449055e-01
9.790000e-01 1.345480e+00 1.910327e+00 2.201152e+00 1.193796e+01 2.169518e+03 1.205626e+04 2.19597 1.485463e-01
9.780000e-01 1.345480e+00 1.911131e+00 2.202069e+00 1.194283e+01 2.220920e+03 1.204920e+04 2.19852 1.521144e-01
9.770000e-01 1.345480e+00 1.911943e+00 2.202994e+00 1.194772e+01 2.271330e+03 1.204223e+04 2.20109 1.556166e-01
9.760000e-01 1.345480e+00 1.912758e+00 2.203926e+00 1.195262e+01 2.320690e+03 1.203536e+04 2.20367 1.590487e-01
9.750000e-01 1.345480e+00 1.913575e+00 2.204860e+00 1.195752e+01 2.368911e+03 1.202858e+04 2.20624 1.624047e-01
9.740000e-01 1.345480e+00 1.914389e+00 2.205790e+00 1.196242e+01 2.415974e+03 1.202191e+04 2.20882 1.656833e-01
9.730000e-01 1.345480e+00 1.915199e+00 2.206714e+00 1.196732e+01 2.461859e+03 1.201534e+04 2.21139 1.688834e-01
9.720000e-01 1.345480e+00 1.916003e+00 2.207627e+00 1.197220e+01 2.506577e+03 1.200888e+04 2.21395 1.720058e-01
9.710000e-01 1.345480e+00 1.916800e+00 2.208532e+00 1.197708e+01 2.550258e+03 1.200249e+04 2.2165 1.750596e-01
9.700000e-01 1.345480e+00 1.917597e+00 2.209433e+00 1.198198e+01 2.593181e+03 1.199616e+04 2.21907 1.780639e-01
9.690000e-01 1.345480e+00 1.918396e+00 2.210337e+00 1.198691e+01 2.635516e+03 1.198987e+04 2.22164 1.810301e-01
9.680000e-01 1.345480e+00 1.919241e+00 2.211297e+00 1.199195e+01 2.677272e+03 1.198354e+04 2.22434 1.839596e-01
9.670000e-01 1.345480e+00 1.920054e+00 2.212219e+00 1.199693e+01 2.718665e+03 1.197731e+04 2.22695 1.868645e-01
9.660000e-01 1.345480e+00 1.920874e+00 2.213149e+00 1.200193e+01 2.759575e+03 1.197111e+04 2.22957 1.897378e-01
9.650000e-01 1.345480e+00 1.921697e+00 2.214085e+00 1.200694e+01 2.799953e+03 1.196495e+04 2.23221 1.925761e-01
9.640000e-01 1.345480e+00 1.922524e+00 2.215026e+00 1.201197e+01 2.839770e+03 1.195884e+04 2.23484 1.953774e-01
9.630000e-01 1.345480e+00 1.923352e+00 2.215968e+00 1.201700e+01 2.879007e+03 1.195277e+04 2.23749 1.981404e-01
9.620000e-01 1.345480e+00 1.924181e+00 2.216912e+00 1.202203e+01 2.917663e+03 1.194674e+04 2.24014 2.008651e-01
9.610000e-01 1.345480e+00 1.925011e+00 2.217856e+00 1.202708e+01 2.955760e+03 1.194075e+04 2.24279 2.035532e-01
9.600000e-01 1.345480e+00 1.925842e+00 2.218801e+00 1.203213e+01 2.993361e+03 1.193479e+04 2.24544 2.062088e-01
9.590000e-01 1.345480e+00 1.926676e+00 2.219750e+00 1.203720e+01 3.030523e+03 1.192886e+04 2.24811 2.088359e-01
9.580000e-01 1.345480e+00 1.927514e+00 2.220705e+00 1.204228e+01 3.067309e+03 1.192296e+04 2.25079 2.114387e-01
9.570000e-01 1.345480e+00 1.928357e+00 2.221665e+00 1.204738e+01 3.103725e+03 1.191707e+04 2.25348 2.140174e-01
9.560000e-01 1.345480e+00 1.929202e+00 2.222630e+00 1.205249e+01 3.139712e+03 1.191123e+04 2.25617 2.165680e-01
9.550000e-01 1.345480e+00 1.930048e+00 2.223595e+00 1.205760e+01 3.175209e+03 1.190542e+04 2.25887 2.190862e-01
9.540000e-01 1.345480e+00 1.930892e+00 2.224557e+00 1.206271e+01 3.210183e+03 1.189966e+04 2.26157 2.215699e-01
9.530000e-01 1.345480e+00 1.931733e+00 2.225515e+00 1.206781e+01 3.244608e+03 1.189394e+04 2.26426 2.240175e-01
9.520000e-01 1.345480e+00 1.932569e+00 2.226466e+00 1.207291e+01 3.278489e+03 1.188827e+04 2.26695 2.264295e-01
9.510000e-01 1.345480e+00 1.933404e+00 2.227413e+00 1.207802e+01 3.311927e+03 1.188263e+04 2.26964 2.288128e-01
9.500000e-01 1.345480e+00 1.934240e+00 2.228361e+00 1.208314e+01 3.345057e+03 1.187700e+04 2.27234 2.311768e-01
9.490000e-01 1.345480e+00 1.935080e+00 2.229314e+00 1.208829e+01 3.377959e+03 1.187137e+04 2.27506 2.335268e-01
9.480000e-01 1.345480e+00 1.935926e+00 2.230274e+00 1.209347e+01 3.410657e+03 1.186574e+04 2.27779 2.358642e-01
9.470000e-01 1.345480e+00 1.936777e+00 2.231241e+00 1.209867e+01 3.443131e+03 1.186012e+04 2.28054 2.381875e-01
9.460000e-01 1.345480e+00 1.937632e+00 2.232214e+00 1.210389e+01 3.475342e+03 1.185451e+04 2.28329 2.404939e-01
9.450000e-01 1.345480e+00 1.938490e+00 2.233190e+00 1.210911e+01 3.507259e+03 1.184892e+04 2.28606 2.427811e-01
9.440000e-01 1.345480e+00 1.939350e+00 2.234168e+00 1.211435e+01 3.538860e+03 1.184335e+04 2.28882 2.450479e-01
9.430000e-01 1.345480e+00 1.940210e+00 2.235148e+00 1.211959e+01 3.570143e+03 1.183781e+04 2.2916 2.472939e-01
9.420000e-01 1.345480e+00 1.941072e+00 2.236128e+00 1.212483e+01 3.601118e+03 1.183228e+04 2.29437 2.495201e-01
9.410000e-01 1.345480e+00 1.941935e+00 2.237111e+00 1.213010e+01 3.631824e+03 1.182677e+04 2.29716 2.517292e-01
9.400000e-01 1.345480e+00 1.942801e+00 2.238096e+00 1.213537e+01 3.662294e+03 1.182127e+04 2.29995 2.539234e-01
9.390000e-01 1.345480e+00 1.943670e+00 2.239086e+00 1.214067e+01 3.692565e+03 1.181577e+04 2.30276 2.561052e-01
9.380000e-01 1.345480e+00 1.944544e+00 2.240082e+00 1.214598e+01 3.722652e+03 1.181027e+04 2.30558 2.582757e-01
9.370000e-01 1.345480e+00 1.945422e+00 2.241083e+00 1.215132e+01 3.752521e+03 1.180478e+04 2.3084 2.604322e-01
9.360000e-01 1.345480e+00 1.946301e+00 2.242085e+00 1.215665e+01 3.782111e+03 1.179931e+04 2.31124 2.625706e-01
9.350000e-01 1.345480e+00 1.947179e+00 2.243087e+00 1.216199e+01 3.811380e+03 1.179386e+04 2.31407 2.646880e-01
9.340000e-01 1.345480e+00 1.948055e+00 2.244085e+00 1.216732e+01 3.840294e+03 1.178844e+04 2.3169 2.667821e-01
9.330000e-01 1.345480e+00 1.948928e+00 2.245078e+00 1.217265e+01 3.868843e+03 1.178305e+04 2.31973 2.688524e-01
9.320000e-01 1.345480e+00 1.949798e+00 2.246067e+00 1.217797e+01 3.897077e+03 1.177768e+04 2.32255 2.709025e-01
9.310000e-01 1.345480e+00 1.950669e+00 2.247056e+00 1.218332e+01 3.925097e+03 1.177231e+04 2.32539 2.729394e-01
9.300000e-01 1.345480e+00 1.951543e+00 2.248049e+00 1.218868e+01 3.952979e+03 1.176694e+04 2.32824 2.749683e-01
9.290000e-01 1.345480e+00 1.952422e+00 2.249048e+00 1.219408e+01 3.980753e+03 1.176157e+04 2.3311 2.769911e-01
9.280000e-01 1.345480e+00 1.953307e+00 2.250054e+00 1.219950e+01 4.008401e+03 1.175618e+04 2.33398 2.790064e-01
9.270000e-01 1.345480e+00 1.954196e+00 2.251065e+00 1.220493e+01 4.035895e+03 1.175080e+04 2.33687 2.810121e-01
9.260000e-01 1.345480e+00 1.955087e+00 2.252079e+00 1.221038e+01 4.063202e+03 1.174543e+04 2.33976 2.830060e-01
9.250000e-01 1.345480e+00 1.955980e+00 2.253096e+00 1.221584e+01 4.090300e+03 1.174007e+04 2.34267 2.849863e-01
9.240000e-01 1.345480e+00 1.956874e+00 2.254113e+00 1.222130e+01 4.117174e+03 1.173472e+04 2.34557 2.869523e-01
9.230000e-01 1.345480e+00 1.957768e+00 2.255132e+00 1.222677e+01 4.143835e+03 1.172938e+04 2.34848 2.889047e-01
9.220000e-01 1.345480e+00 1.958664e+00 2.256152e+00 1.223225e+01 4.170313e+03 1.172405e+04 2.3514 2.908457e-01
9.210000e-01 1.345480e+00 1.959562e+00 2.257175e+00 1.223775e+01 4.196635e+03 1.171872e+04 2.35433 2.927771e-01
9.200000e-01 1.345480e+00 1.960464e+00 2.258202e+00 1.224327e+01 4.222827e+03 1.171339e+04 2.35727 2.947008e-01
9.190000e-01 1.345480e+00 1.961371e+00 2.259235e+00 1.224881e+01 4.248912e+03 1.170805e+04 2.36022 2.966182e-01
9.180000e-01 1.345480e+00 1.962281e+00 2.260273e+00 1.225436e+01 4.274859e+03 1.170271e+04 2.36318 2.985271e-01
9.170000e-01 1.345480e+00 1.963192e+00 2.261312e+00 1.225993e+01 4.300624e+03 1.169738e+04 2.36615 3.004244e-01
9.160000e-01 1.345480e+00 1.964104e+00 2.262352e+00 1.226550e+01 4.326169e+03 1.169206e+04 2.36912 3.023076e-01
9.150000e-01 1.345480e+00 1.965014e+00 2.263389e+00 1.227107e+01 4.351462e+03 1.168676e+04 2.37209 3.041743e-01
9.140000e-01 1.345480e+00 1.965921e+00 2.264422e+00 1.227664e+01 4.376493e+03 1.168148e+04 2.37506 3.060242e-01
9.130000e-01 1.345480e+00 1.966827e+00 2.265452e+00 1.228221e+01 4.401306e+03 1.167620e+04 2.37803 3.078604e-01
9.120000e-01 1.345480e+00 1.967734e+00 2.266483e+00 1.228779e+01 4.425983e+03 1.167093e+04 2.38101 3.096886e-01
9.110000e-01 1.345480e+00 1.968646e+00 2.267519e+00 1.229341e+01 4.450575e+03 1.166564e+04 2.384 3.115123e-01
9.100000e-01 1.345480e+00 1.969562e+00 2.268561e+00 1.229905e+01 4.475099e+03 1.166034e+04 2.38701 3.133325e-01
9.090000e-01 1.345480e+00 1.970483e+00 2.269609e+00 1.230471e+01 4.499536e+03 1.165503e+04 2.39004 3.151479e-01
9.080000e-01 1.345480e+00 1.971407e+00 2.270662e+00 1.231039e+01 4.523863e+03 1.164971e+04 2.39307 3.169565e-01
9.070000e-01 1.345480e+00 1.972334e+00 2.271718e+00 1.231609e+01 4.548050e+03 1.164440e+04 2.39611 3.187564e-01
9.060000e-01 1.345480e+00 1.973262e+00 2.272775e+00 1.232179e+01 4.572074e+03 1.163909e+04 2.39916 3.205459e-01
9.050000e-01 1.345480e+00 1.974191e+00 2.273833e+00 1.232750e+01 4.595925e+03 1.163379e+04 2.40221 3.223243e-01
9.040000e-01 1.345480e+00 1.975121e+00 2.274892e+00 1.233321e+01 4.619621e+03 1.162849e+04 2.40527 3.240930e-01
9.030000e-01 1.345480e+00 1.976052e+00 2.275953e+00 1.233894e+01 4.643183e+03 1.162319e+04 2.40833 3.258535e-01
9.020000e-01 1.345480e+00 1.976986e+00 2.277016e+00 1.234469e+01 4.666630e+03 1.161789e+04 2.4114 3.276072e-01
9.010000e-01 1.345480e+00 1.977923e+00 2.278085e+00 1.235045e+01 4.689988e+03 1.161258e+04 2.41449 3.293557e-01
9.000000e-01 1.345480e+00 1.978864e+00 2.279158e+00 1.235624e+01 4.713256e+03 1.160727e+04 2.41758 3.310991e-01
8.990000e-01 1.345480e+00 1.979808e+00 2.280234e+00 1.236204e+01 4.736407e+03 1.160195e+04 2.42069 3.328352e-01
8.980000e-01 1.345480e+00 1.980753e+00 2.281312e+00 1.236785e+01 4.759407e+03 1.159664e+04 2.4238 3.345618e-01
8.970000e-01 1.345480e+00 1.981697e+00 2.282388e+00 1.237366e+01 4.782225e+03 1.159134e+04 2.42691 3.362766e-01
8.960000e-01 1.345480e+00 1.982640e+00 2.283462e+00 1.237946e+01 4.804835e+03 1.158605e+04 2.43002 3.379781e-01
8.950000e-01 1.345480e+00 1.983580e+00 2.284532e+00 1.238527e+01 4.827251e+03 1.158076e+04 2.43313 3.396672e-01
8.940000e-01 1.345480e+00 1.984520e+00 2.285602e+00 1.239109e+01 4.849538e+03 1.157548e+04 2.43625 3.413486e-01
8.930000e-01 1.345480e+00 1.985464e+00 2.286675e+00 1.239694e+01 4.871746e+03 1.157019e+04 2.43938 3.430260e-01
8.920000e-01 1.345480e+00 1.986412e+00 2.287754e+00 1.240281e+01 4.893910e+03 1.156488e+04 2.44252 3.447015e-01
8.910000e-01 1.345480e+00 1.987365e+00 2.288839e+00 1.240871e+01 4.916023e+03 1.155956e+04 2.44568 3.463747e-01
8.900000e-01 1.345480e+00 1.988322e+00 2.289930e+00 1.241464e+01 4.938066e+03 1.155422e+04 2.44886 3.480440e-01
8.890000e-01 1.345480e+00 1.989283e+00 2.291024e+00 1.242058e+01 4.960015e+03 1.154888e+04 2.45204 3.497076e-01
8.880000e-01 1.345480e+00 1.990245e+00 2.292121e+00 1.242653e+01 4.981848e+03 1.154353e+04 2.45523 3.513641e-01
8.870000e-01 1.345480e+00 1.991208e+00 2.293219e+00 1.243249e+01 5.003544e+03 1.153819e+04 2.45843 3.530118e-01
8.860000e-01 1.345480e+00 1.992173e+00 2.294317e+00 1.243846e+01 5.025113e+03 1.153285e+04 2.46163 3.546517e-01
8.850000e-01 1.345480e+00 1.993138e+00 2.295417e+00 1.244444e+01 5.046569e+03 1.152751e+04 2.46484 3.562847e-01
8.840000e-01 1.345480e+00 1.994105e+00 2.296520e+00 1.245044e+01 5.067926e+03 1.152216e+04 2.46806 3.579119e-01
8.830000e-01 1.345480e+00 1.995076e+00 2.297626e+00 1.245645e+01 5.089206e+03 1.151681e+04 2.47128 3.595347e-01
8.820000e-01 1.345480e+00 1.996050e+00 2.298737e+00 1.246249e+01 5.110421e+03 1.151144e+04 2.47452 3.611539e-01
8.810000e-01 1.345480e+00 1.997028e+00 2.299852e+00 1.246854e+01 5.131546e+03 1.150607e+04 2.47777 3.627678e-01
8.800000e-01 1.345480e+00 1.998006e+00 2.300968e+00 1.247461e+01 5.152550e+03 1.150070e+04 2.48103 3.643740e-01
8.790000e-01 1.345480e+00 1.998985e+00 2.302085e+00 1.248068e+01 5.173412e+03 1.149534e+04 2.48429 3.659712e-01
8.780000e-01 1.345480e+00 1.999961e+00 2.303198e+00 1.248674e+01 5.194099e+03 1.148998e+04 2.48754 3.675571e-01
8.770000e-01 1.345480e+00 2.000936e+00 2.304308e+00 1.249281e+01 5.214619e+03 1.148463e+04 2.4908 3.691324e-01
8.760000e-01 1.345480e+00 2.001910e+00 2.305417e+00 1.249889e+01 5.235021e+03 1.147928e+04 2.49406 3.707007e-01
8.750000e-01 1.345480e+00 2.002887e+00 2.306529e+00 1.250499e+01 5.255358e+03 1.147392e+04 2.49733 3.722657e-01
8.740000e-01 1.345480e+00 2.003868e+00 2.307647e+00 1.251111e+01 5.275656e+03 1.146854e+04 2.50062 3.738292e-01
8.730000e-01 1.345480e+00 2.004855e+00 2.308770e+00 1.251727e+01 5.295923e+03 1.146314e+04 2.50393 3.753916e-01
8.720000e-01 1.345480e+00 2.005845e+00 2.309899e+00 1.252345e+01 5.316133e+03 1.145773e+04 2.50725 3.769511e-01
8.710000e-01 1.345480e+00 2.006839e+00 2.311032e+00 1.252965e+01 5.336276e+03 1.145231e+04 2.51058 3.785067e-01
8.700000e-01 1.345480e+00 2.007835e+00 2.312168e+00 1.253587e+01 5.356324e+03 1.144688e+04 2.51391 3.800566e-01
8.690000e-01 1.345480e+00 2.008832e+00 2.313305e+00 1.254210e+01 5.376265e+03 1.144145e+04 2.51726 3.815998e-01
8.680000e-01 1.345480e+00 2.009830e+00 2.314442e+00 1.254833e+01 5.396098e+03 1.143602e+04 2.52061 3.831364e-01
8.670000e-01 1.345480e+00 2.010830e+00 2.315582e+00 1.255458e+01 5.415840e+03 1.143058e+04 2.52396 3.846676e-01
8.660000e-01 1.345480e+00 2.011831e+00 2.316724e+00 1.256085e+01 5.435500e+03 1.142514e+04 2.52733 3.861939e-01
8.650000e-01 1.345480e+00 2.012836e+00 2.317869e+00 1.256714e+01 5.455100e+03 1.141969e+04 2.53071 3.877171e-01
8.640000e-01 1.345480e+00 2.013845e+00 2.319020e+00 1.257345e+01 5.474644e+03 1.141422e+04 2.5341 3.892373e-01
8.630000e-01 1.345480e+00 2.014855e+00 2.320173e+00 1.257977e+01 5.494109e+03 1.140875e+04 2.5375 3.907528e-01
8.620000e-01 1.345480e+00 2.015868e+00 2.321329e+00 1.258611e+01 5.513472e+03 1.140328e+04 2.5409 3.922620e-01
8.610000e-01 1.345480e+00 2.016879e+00 2.322483e+00 1.259245e+01 5.532707e+03 1.139780e+04 2.54431 3.937630e-01
8.600000e-01 1.345480e+00 2.017889e+00 2.323635e+00 1.259879e+01 5.551789e+03 1.139234e+04 2.54772 3.952541e-01
8.590000e-01 1.345480e+00 2.018898e+00 2.324784e+00 1.260513e+01 5.570730e+03 1.138688e+04 2.55112 3.967363e-01
8.580000e-01 1.345480e+00 2.019906e+00 2.325933e+00 1.261149e+01 5.589584e+03 1.138141e+04 2.55453 3.982136e-01
8.570000e-01 1.345480e+00 2.020918e+00 2.327085e+00 1.261787e+01 5.608386e+03 1.137593e+04 2.55796 3.996885e-01
8.560000e-01 1.345480e+00 2.021934e+00 2.328243e+00 1.262428e+01 5.627158e+03 1.137044e+04 2.5614 4.011625e-01
8.550000e-01 1.345480e+00 2.022955e+00 2.329407e+00 1.263072e+01 5.645901e+03 1.136492e+04 2.56486 4.026354e-01
8.540000e-01 1.345480e+00 2.023979e+00 2.330575e+00 1.263718e+01 5.664591e+03 1.135939e+04 2.56833 4.041056e-01
8.530000e-01 1.345480e+00 2.025007e+00 2.331748e+00 1.264367e+01 5.683219e+03 1.135385e+04 2.57182 4.055723e-01
8.520000e-01 1.345480e+00 2.026037e+00 2.332922e+00 1.265017e+01 5.701762e+03 1.134830e+04 2.57531 4.070339e-01
8.510000e-01 1.345480e+00 2.027067e+00 2.334098e+00 1.265668e+01 5.720212e+03 1.134275e+04 2.5788 4.084897e-01
8.500000e-01 1.345480e+00 2.028099e+00 2.335275e+00 1.266320e+01 5.738574e+03 1.133719e+04 2.58231 4.099404e-01
8.490000e-01 1.345480e+00 2.029172e+00 2.336504e+00 1.266983e+01 5.756819e+03 1.133155e+04 2.58589 4.113789e-01
8.480000e-01 1.345480e+00 2.030169e+00 2.337637e+00 1.267630e+01 5.775086e+03 1.132605e+04 2.58934 4.128295e-01
8.470000e-01 1.345480e+00 2.031248e+00 2.338873e+00 1.268298e+01 5.793221e+03 1.132038e+04 2.59295 4.142622e-01
8.460000e-01 1.345480e+00 2.032292e+00 2.340064e+00 1.268958e+01 5.811341e+03 1.131478e+04 2.5965 4.156995e-01
8.450000e-01 1.345480e+00 2.033336e+00 2.341258e+00 1.269620e+01 5.829384e+03 1.130918e+04 2.60005 4.171322e-01
8.440000e-01 1.345480e+00 2.034382e+00 2.342452e+00 1.270283e+01 5.847328e+03 1.130357e+04 2.60361 4.185587e-01
8.430000e-01 1.345480e+00 2.035426e+00 2.343644e+00 1.270947e+01 5.865145e+03 1.129797e+04 2.60718 4.199771e-01
8.420000e-01 1.345480e+00 2.036468e+00 2.344833e+00 1.271610e+01 5.882828e+03 1.129237e+04 2.61074 4.213870e-01
8.410000e-01 1.345480e+00 2.037510e+00 2.346021e+00 1.272274e+01 5.900411e+03 1.128677e+04 2.6143 4.227909e-01
8.400000e-01 1.345480e+00 2.038554e+00 2.347211e+00 1.272940e+01 5.917940e+03 1.128116e+04 2.61788 4.241921e-01
8.390000e-01 1.345480e+00 2.039601e+00 2.348407e+00 1.273609e+01 5.935432e+03 1.127553e+04 2.62147 4.255920e-01
8.380000e-01 1.345480e+00 2.040654e+00 2.349608e+00 1.274282e+01 5.952902e+03 1.126988e+04 2.62508 4.269914e-01
8.370000e-01 1.345480e+00 2.041711e+00 2.350814e+00 1.274957e+01 5.970331e+03 1.126421e+04 2.6287 4.283889e-01
8.360000e-01 1.345480e+00 2.042770e+00 2.352024e+00 1.275634e+01 5.987707e+03 1.125853e+04 2.63233 4.297834e-01
8.350000e-01 1.345480e+00 2.043832e+00 2.353237e+00 1.276313e+01 6.005019e+03 1.125285e+04 2.63598 4.311744e-01
8.340000e-01 1.345480e+00 2.044895e+00 2.354451e+00 1.276994e+01 6.022247e+03 1.124715e+04 2.63963 4.325603e-01
8.330000e-01 1.345480e+00 2.045960e+00 2.355667e+00 1.277676e+01 6.039397e+03 1.124145e+04 2.64329 4.339415e-01
8.320000e-01 1.345480e+00 2.047026e+00 2.356884e+00 1.278360e+01 6.056479e+03 1.123574e+04 2.64696 4.353189e-01
8.310000e-01 1.345480e+00 2.048094e+00 2.358105e+00 1.279045e+01 6.073499e+03 1.123002e+04 2.65063 4.366928e-01
8.300000e-01 1.345480e+00 2.049165e+00 2.359329e+00 1.279734e+01 6.090474e+03 1.122429e+04 2.65432 4.380645e-01
8.290000e-01 1.345480e+00 2.050240e+00 2.360557e+00 1.280424e+01 6.107404e+03 1.121854e+04 2.65802 4.394340e-01
8.280000e-01 1.345480e+00 2.051317e+00 2.361788e+00 1.281117e+01 6.124269e+03 1.121278e+04 2.66174 4.407996e-01
8.270000e-01 1.345480e+00 2.052395e+00 2.363021e+00 1.281810e+01 6.141049e+03 1.120702e+04 2.66545 4.421599e-01
8.260000e-01 1.345480e+00 2.053471e+00 2.364252e+00 1.282504e+01 6.157721e+03 1.120125e+04 2.66917 4.435134e-01
8.250000e-01 1.345480e+00 2.054546e+00 2.365480e+00 1.283198e+01 6.174269e+03 1.119550e+04 2.67289 4.448590e-01
8.240000e-01 1.345480e+00 2.055621e+00 2.366707e+00 1.283893e+01 6.190725e+03 1.118974e+04 2.67661 4.461991e-01
8.230000e-01 1.345480e+00 2.056697e+00 2.367936e+00 1.284591e+01 6.207129e+03 1.118396e+04 2.68035 4.475366e-01
8.220000e-01 1.345480e+00 2.057777e+00 2.369169e+00 1.285291e+01 6.223498e+03 1.117817e+04 2.6841 4.488728e-01
8.210000e-01 1.345480e+00 2.058861e+00 2.370408e+00 1.285994e+01 6.239847e+03 1.117235e+04 2.68786 4.502087e-01
8.200000e-01 1.345480e+00 2.059950e+00 2.371652e+00 1.286701e+01 6.256161e+03 1.116652e+04 2.69164 4.515429e-01
8.190000e-01 1.345480e+00 2.061041e+00 2.372900e+00 1.287410e+01 6.272425e+03 1.116067e+04 2.69543 4.528746e-01
8.180000e-01 1.345480e+00 2.062135e+00 2.374150e+00 1.288121e+01 6.288633e+03 1.115481e+04 2.69923 4.542029e-01
8.170000e-01 1.345480e+00 2.063229e+00 2.375402e+00 1.288833e+01 6.304769e+03 1.114894e+04 2.70304 4.555270e-01
8.160000e-01 1.345480e+00 2.064325e+00 2.376654e+00 1.289547e+01 6.320831e+03 1.114306e+04 2.70686 4.568467e-01
8.150000e-01 1.345480e+00 2.065423e+00 2.377910e+00 1.290263e+01 6.336835e+03 1.113717e+04 2.71068 4.581632e-01
8.140000e-01 1.345480e+00 2.066523e+00 2.379167e+00 1.290981e+01 6.352783e+03 1.113126e+04 2.71452 4.594765e-01
8.130000e-01 1.345480e+00 2.067625e+00 2.380428e+00 1.291701e+01 6.368688e+03 1.112534e+04 2.71836 4.607878e-01
8.120000e-01 1.345480e+00 2.068731e+00 2.381693e+00 1.292424e+01 6.384556e+03 1.111940e+04 2.72222 4.620971e-01
8.110000e-01 1.345480e+00 2.069839e+00 2.382961e+00 1.293149e+01 6.400361e+03 1.111346e+04 2.72609 4.634027e-01
8.100000e-01 1.345480e+00 2.070947e+00 2.384229e+00 1.293875e+01 6.416085e+03 1.110750e+04 2.72996 4.647033e-01
8.090000e-01 1.345480e+00 2.072054e+00 2.385495e+00 1.294602e+01 6.431707e+03 1.110154e+04 2.73383 4.659973e-01
8.080000e-01 1.345480e+00 2.073160e+00 2.386759e+00 1.295329e+01 6.447224e+03 1.109558e+04 2.73771 4.672846e-01
8.070000e-01 1.345480e+00 2.074265e+00 2.388022e+00 1.296057e+01 6.462663e+03 1.108962e+04 2.74158 4.685673e-01
8.060000e-01 1.345480e+00 2.075372e+00 2.389287e+00 1.296788e+01 6.478061e+03 1.108364e+04 2.74547 4.698482e-01
8.050000e-01 1.345480e+00 2.076483e+00 2.390557e+00 1.297522e+01 6.493430e+03 1.107763e+04 2.74938 4.711281e-01
8.040000e-01 1.345480e+00 2.077599e+00 2.391832e+00 1.298260e+01 6.508780e+03 1.107160e+04 2.7533 4.724075e-01
8.030000e-01 1.345480e+00 2.078718e+00 2.393112e+00 1.299000e+01 6.524095e+03 1.106555e+04 2.75723 4.736852e-01
8.020000e-01 1.345480e+00 2.079839e+00 2.394394e+00 1.299743e+01 6.539360e+03 1.105948e+04 2.76118 4.749602e-01
8.010000e-01 1.345480e+00 2.080962e+00 2.395679e+00 1.300488e+01 6.554570e+03 1.105339e+04 2.76513 4.762320e-01
8.000000e-01 1.345480e+00 2.082087e+00 2.396966e+00 1.301234e+01 6.569713e+03 1.104730e+04 2.76909 4.774997e-01
7.990000e-01 1.345480e+00 2.083212e+00 2.398252e+00 1.301982e+01 6.584789e+03 1.104119e+04 2.77306 4.787634e-01
7.980000e-01 1.345480e+00 2.084339e+00 2.399541e+00 1.302733e+01 6.599817e+03 1.103507e+04 2.77703 4.800245e-01
7.970000e-01 1.345480e+00 2.085468e+00 2.400833e+00 1.303486e+01 6.614797e+03 1.102893e+04 2.78102 4.812830e-01
7.960000e-01 1.345480e+00 2.086601e+00 2.402129e+00 1.304241e+01 6.629741e+03 1.102277e+04 2.78502 4.825397e-01
7.950000e-01 1.345480e+00 2.087736e+00 2.403427e+00 1.304999e+01 6.644640e+03 1.101660e+04 2.78903 4.837939e-01
7.940000e-01 1.345480e+00 2.088872e+00 2.404727e+00 1.305759e+01 6.659471e+03 1.101041e+04 2.79304 4.850439e-01
7.930000e-01 1.345480e+00 2.090008e+00 2.406026e+00 1.306520e+01 6.674224e+03 1.100421e+04 2.79706 4.862889e-01
7.920000e-01 1.345480e+00 2.091142e+00 2.407324e+00 1.307281e+01 6.688875e+03 1.099801e+04 2.80108 4.875274e-01
7.910000e-01 1.345480e+00 2.092274e+00 2.408618e+00 1.308043e+01 6.703438e+03 1.099181e+04 2.8051 4.887603e-01
7.900000e-01 1.345480e+00 2.093408e+00 2.409914e+00 1.308807e+01 6.717953e+03 1.098559e+04 2.80913 4.899907e-01
7.890000e-01 1.345480e+00 2.094545e+00 2.411212e+00 1.309575e+01 6.732432e+03 1.097934e+04 2.81317 4.912196e-01
7.880000e-01 1.345480e+00 2.095685e+00 2.412517e+00 1.310346e+01 6.746890e+03 1.097308e+04 2.81723 4.924479e-01
7.870000e-01 1.345480e+00 2.096830e+00 2.413826e+00 1.311120e+01 6.761324e+03 1.096678e+04 2.8213 4.936753e-01
7.860000e-01 1.345480e+00 2.097977e+00 2.415138e+00 1.311897e+01 6.775714e+03 1.096046e+04 2.82538 4.949003e-01
7.850000e-01 1.345480e+00 2.099127e+00 2.416453e+00 1.312676e+01 6.790058e+03 1.095413e+04 2.82947 4.961227e-01
7.840000e-01 1.345480e+00 2.100277e+00 2.417768e+00 1.313458e+01 6.804340e+03 1.094778e+04 2.83357 4.973414e-01
7.830000e-01 1.345480e+00 2.101428e+00 2.419085e+00 1.314241e+01 6.818555e+03 1.094142e+04 2.83768 4.985560e-01
7.820000e-01 1.345480e+00 2.102581e+00 2.420403e+00 1.315026e+01 6.832722e+03 1.093504e+04 2.84179 4.997678e-01
7.810000e-01 1.345480e+00 2.103735e+00 2.421724e+00 1.315814e+01 6.846840e+03 1.092865e+04 2.84592 5.009771e-01
7.800000e-01 1.345480e+00 2.104892e+00 2.423047e+00 1.316605e+01 6.860919e+03 1.092223e+04 2.85005 5.021841e-01
7.790000e-01 1.345480e+00 2.106052e+00 2.424375e+00 1.317399e+01 6.874967e+03 1.091579e+04 2.8542 5.033897e-01
7.780000e-01 1.345480e+00 2.107213e+00 2.425703e+00 1.318194e+01 6.888950e+03 1.090933e+04 2.85836 5.045912e-01
7.770000e-01 1.345480e+00 2.108374e+00 2.427032e+00 1.318991e+01 6.902860e+03 1.090287e+04 2.86251 5.057880e-01
7.760000e-01 1.345480e+00 2.109533e+00 2.428358e+00 1.319789e+01 6.916684e+03 1.089640e+04 2.86667 5.069792e-01
7.750000e-01 1.345480e+00 2.110691e+00 2.429681e+00 1.320587e+01 6.930414e+03 1.088992e+04 2.87083 5.081646e-01
7.740000e-01 1.345480e+00 2.111849e+00 2.431005e+00 1.321388e+01 6.944096e+03 1.088343e+04 2.87499 5.093472e-01
7.730000e-01 1.345480e+00 2.113010e+00 2.432332e+00 1.322192e+01 6.957745e+03 1.087691e+04 2.87917 5.105285e-01
7.720000e-01 1.345480e+00 2.114212e+00 2.433711e+00 1.323009e+01 6.971326e+03 1.087028e+04 2.88343 5.116990e-01
7.710000e-01 1.345480e+00 2.115382e+00 2.435050e+00 1.323821e+01 6.984933e+03 1.086370e+04 2.88764 5.128784e-01
7.700000e-01 1.345480e+00 2.116553e+00 2.436389e+00 1.324635e+01 6.998494e+03 1.085710e+04 2.89186 5.140557e-01
7.690000e-01 1.345480e+00 2.117725e+00 2.437730e+00 1.325452e+01 7.012000e+03 1.085048e+04 2.89608 5.152299e-01
7.680000e-01 1.345480e+00 2.118900e+00 2.439074e+00 1.326271e+01 7.025463e+03 1.084385e+04 2.90032 5.164013e-01
7.670000e-01 1.345480e+00 2.120074e+00 2.440418e+00 1.327092e+01 7.038857e+03 1.083720e+04 2.90456 5.175686e-01
7.660000e-01 1.345480e+00 2.121249e+00 2.441761e+00 1.327916e+01 7.052193e+03 1.083053e+04 2.90881 5.187326e-01
7.650000e-01 1.345480e+00 2.122427e+00 2.443110e+00 1.328742e+01 7.065497e+03 1.082384e+04 2.91307 5.198948e-01
7.640000e-01 1.345480e+00 2.123607e+00 2.444460e+00 1.329571e+01 7.078753e+03 1.081713e+04 2.91734 5.210545e-01
7.630000e-01 1.345480e+00 2.124789e+00 2.445812e+00 1.330403e+01 7.091974e+03 1.081039e+04 2.92162 5.222123e-01
7.620000e-01 1.345480e+00 2.125972e+00 2.447168e+00 1.331238e+01 7.105145e+03 1.080364e+04 2.92591 5.233668e-01
7.610000e-01 1.345480e+00 2.127155e+00 2.448521e+00 1.332074e+01 7.118230e+03 1.079688e+04 2.9302 5.245160e-01
7.600000e-01 1.345480e+00 2.128336e+00 2.449872e+00 1.332911e+01 7.131239e+03 1.079010e+04 2.93449 5.256601e-01
7.590000e-01 1.345480e+00 2.129515e+00 2.451222e+00 1.333749e+01 7.144167e+03 1.078333e+04 2.93878 5.267991e-01
7.580000e-01 1.345480e+00 2.130695e+00 2.452570e+00 1.334589e+01 7.157038e+03 1.077653e+04 2.94308 5.279350e-01
7.570000e-01 1.345480e+00 2.131878e+00 2.453924e+00 1.335433e+01 7.169888e+03 1.076970e+04 2.94739 5.290702e-01
7.560000e-01 1.345480e+00 2.133063e+00 2.455280e+00 1.336281e+01 7.182706e+03 1.076285e+04 2.95172 5.302039e-01
7.550000e-01 1.345480e+00 2.134253e+00 2.456641e+00 1.337133e+01 7.195498e+03 1.075596e+04 2.95606 5.313367e-01
7.540000e-01 1.345480e+00 2.135445e+00 2.458006e+00 1.337988e+01 7.208257e+03 1.074905e+04 2.96041 5.324676e-01
7.530000e-01 1.345480e+00 2.136638e+00 2.459371e+00 1.338846e+01 7.220960e+03 1.074211e+04 2.96477 5.335952e-01
7.520000e-01 1.345480e+00 2.137831e+00 2.460737e+00 1.339706e+01 7.233606e+03 1.073516e+04 2.96914 5.347193e-01
7.510000e-01 1.345480e+00 2.139026e+00 2.462105e+00 1.340569e+01 7.246196e+03 1.072820e+04 2.97351 5.358400e-01
7.500000e-01 1.345480e+00 2.140221e+00 2.463473e+00 1.341434e+01 7.258735e+03 1.072121e+04 2.97789 5.369577e-01
7.490000e-01 1.345480e+00 2.141418e+00 2.464843e+00 1.342302e+01 7.271232e+03 1.071420e+04 2.98228 5.380731e-01
7.480000e-01 1.345480e+00 2.142616e+00 2.466216e+00 1.343173e+01 7.283693e+03 1.070716e+04 2.98668 5.391864e-01
7.470000e-01 1.345480e+00 2.143817e+00 2.467591e+00 1.344048e+01 7.296112e+03 1.070009e+04 2.99109 5.402974e-01
7.460000e-01 1.345480e+00 2.145018e+00 2.468967e+00 1.344925e+01 7.308470e+03 1.069301e+04 2.99551 5.414044e-01
7.450000e-01 1.345480e+00 2.146218e+00 2.470341e+00 1.345803e+01 7.320751e+03 1.068592e+04 2.99992 5.425062e-01
7.440000e-01 1.345480e+00 2.147415e+00 2.471712e+00 1.346682e+01 7.332951e+03 1.067882e+04 3.00433 5.436029e-01
7.430000e-01 1.345480e+00 2.148612e+00 2.473080e+00 1.347563e+01 7.345082e+03 1.067171e+04 3.00875 5.446952e-01
7.420000e-01 1.345480e+00 2.149809e+00 2.474451e+00 1.348447e+01 7.357175e+03 1.066457e+04 3.01317 5.457857e-01
7.410000e-01 1.345480e+00 2.151010e+00 2.475825e+00 1.349336e+01 7.369241e+03 1.065739e+04 3.01761 5.468750e-01
7.400000e-01 1.345480e+00 2.152213e+00 2.477203e+00 1.350228e+01 7.381280e+03 1.065018e+04 3.02206 5.479630e-01
7.390000e-01 1.345480e+00 2.153419e+00 2.478583e+00 1.351125e+01 7.393288e+03 1.064294e+04 3.02652 5.490494e-01
7.380000e-01 1.345480e+00 2.154627e+00 2.479967e+00 1.352025e+01 7.405254e+03 1.063567e+04 3.03099 5.501334e-01
7.370000e-01 1.345480e+00 2.155835e+00 2.481350e+00 1.352927e+01 7.417165e+03 1.062838e+04 3.03547 5.512139e-01
7.360000e-01 1.345480e+00 2.157043e+00 2.482734e+00 1.353832e+01 7.429019e+03 1.062107e+04 3.03995 5.522907e-01
7.350000e-01 1.345480e+00 2.158252e+00 2.484117e+00 1.354739e+01 7.440818e+03 1.061374e+04 3.04444 5.533640e-01
7.340000e-01 1.345480e+00 2.159461e+00 2.485502e+00 1.355650e+01 7.452575e+03 1.060638e+04 3.04893 5.544349e-01
7.330000e-01 1.345480e+00 2.160672e+00 2.486889e+00 1.356564e+01 7.464293e+03 1.059899e+04 3.05343 5.555036e-01
7.320000e-01 1.345480e+00 2.161884e+00 2.488278e+00 1.357482e+01 7.475971e+03 1.059158e+04 3.05795 5.565699e-01
7.310000e-01 1.345480e+00 2.163097e+00 2.489668e+00 1.358402e+01 7.487598e+03 1.058413e+04 3.06246 5.576328e-01
7.300000e-01 1.345480e+00 2.164309e+00 2.491056e+00 1.359324e+01 7.499155e+03 1.057668e+04 3.06698 5.586909e-01
7.290000e-01 1.345480e+00 2.165518e+00 2.492441e+00 1.360248e+01 7.510634e+03 1.056921e+04 3.07149 5.597439e-01
7.280000e-01 1.345480e+00 2.166726e+00 2.493823e+00 1.361173e+01 7.522041e+03 1.056172e+04 3.076 5.607922e-01
7.270000e-01 1.345480e+00 2.167933e+00 2.495205e+00 1.362101e+01 7.533400e+03 1.055421e+04 3.08052 5.618376e-01
7.260000e-01 1.345480e+00 2.169143e+00 2.496590e+00 1.363034e+01 7.544730e+03 1.054667e+04 3.08505 5.628817e-01
7.250000e-01 1.345480e+00 2.170355e+00 2.497977e+00 1.363971e+01 7.556031e+03 1.053908e+04 3.08959 5.639244e-01
7.240000e-01 1.345480e+00 2.171569e+00 2.499368e+00 1.364912e+01 7.567304e+03 1.053146e+04 3.09415 5.649655e-01
7.230000e-01 1.345480e+00 2.172785e+00 2.500761e+00 1.365857e+01 7.578538e+03 1.052381e+04 3.09871 5.660043e-01
7.220000e-01 1.345480e+00 2.174038e+00 2.502200e+00 1.366816e+01 7.589687e+03 1.051604e+04 3.10333 5.670293e-01
7.210000e-01 1.345480e+00 2.175254e+00 2.503593e+00 1.367767e+01 7.600810e+03 1.050833e+04 3.1079 5.680602e-01
7.200000e-01 1.345480e+00 2.176470e+00 2.504986e+00 1.368720e+01 7.611880e+03 1.050060e+04 3.11247 5.690881e-01
7.190000e-01 1.345480e+00 2.177685e+00 2.506377e+00 1.369677e+01 7.622902e+03 1.049284e+04 3.11705 5.701128e-01
7.180000e-01 1.345480e+00 2.178902e+00 2.507771e+00 1.370638e+01 7.633886e+03 1.048505e+04 3.12163 5.711353e-01
7.170000e-01 1.345480e+00 2.180119e+00 2.509165e+00 1.371603e+01 7.644831e+03 1.047722e+04 3.12622 5.721550e-01
7.160000e-01 1.345480e+00 2.181336e+00 2.510560e+00 1.372570e+01 7.655725e+03 1.046937e+04 3.13081 5.731714e-01
7.150000e-01 1.345480e+00 2.182552e+00 2.511952e+00 1.373540e+01 7.666553e+03 1.046149e+04 3.13539 5.741831e-01
7.140000e-01 1.345480e+00 2.183765e+00 2.513341e+00 1.374512e+01 7.677305e+03 1.045360e+04 3.13998 5.751896e-01
7.130000e-01 1.345480e+00 2.184975e+00 2.514727e+00 1.375485e+01 7.687984e+03 1.044569e+04 3.14456 5.761912e-01
7.120000e-01 1.345480e+00 2.186185e+00 2.516111e+00 1.376462e+01 7.698615e+03 1.043775e+04 3.14915 5.771898e-01
7.110000e-01 1.345480e+00 2.187397e+00 2.517498e+00 1.377443e+01 7.709217e+03 1.042977e+04 3.15374 5.781869e-01
7.100000e-01 1.345480e+00 2.188610e+00 2.518886e+00 1.378429e+01 7.719782e+03 1.042175e+04 3.15834 5.791820e-01
7.090000e-01 1.345480e+00 2.189825e+00 2.520279e+00 1.379420e+01 7.730321e+03 1.041370e+04 3.16296 5.801756e-01
7.080000e-01 1.345480e+00 2.191042e+00 2.521673e+00 1.380415e+01 7.740821e+03 1.040560e+04 3.16758 5.811667e-01
7.070000e-01 1.345480e+00 2.192257e+00 2.523064e+00 1.381413e+01 7.751257e+03 1.039748e+04 3.17221 5.821537e-01
7.060000e-01 1.345480e+00 2.193473e+00 2.524457e+00 1.382414e+01 7.761641e+03 1.038933e+04 3.17683 5.831372e-01
7.050000e-01 1.345480e+00 2.194687e+00 2.525848e+00 1.383419e+01 7.771969e+03 1.038116e+04 3.18146 5.841169e-01
7.040000e-01 1.345480e+00 2.195902e+00 2.527239e+00 1.384427e+01 7.782246e+03 1.037296e+04 3.1861 5.850938e-01
7.030000e-01 1.345480e+00 2.197116e+00 2.528631e+00 1.385439e+01 7.792479e+03 1.036472e+04 3.19074 5.860679e-01
7.020000e-01 1.345480e+00 2.198332e+00 2.530025e+00 1.386456e+01 7.802676e+03 1.035645e+04 3.19538 5.870394e-01
7.010000e-01 1.345480e+00 2.199547e+00 2.531418e+00 1.387476e+01 7.812814e+03 1.034815e+04 3.20003 5.880071e-01
7.000000e-01 1.345480e+00 2.200759e+00 2.532807e+00 1.388498e+01 7.822879e+03 1.033983e+04 3.20468 5.889698e-01
6.990000e-01 1.345480e+00 2.201969e+00 2.534193e+00 1.389522e+01 7.832873e+03 1.033149e+04 3.20932 5.899275e-01
6.980000e-01 1.345480e+00 2.203176e+00 2.535577e+00 1.390548e+01 7.842796e+03 1.032314e+04 3.21396 5.908806e-01
6.970000e-01 1.345480e+00 2.204381e+00 2.536957e+00 1.391579e+01 7.852671e+03 1.031475e+04 3.2186 5.918309e-01
6.960000e-01 1.345480e+00 2.205589e+00 2.538340e+00 1.392615e+01 7.862515e+03 1.030631e+04 3.22324 5.927794e-01
6.950000e-01 1.345480e+00 2.206797e+00 2.539726e+00 1.393656e+01 7.872327e+03 1.029783e+04 3.2279 5.937257e-01
6.940000e-01 1.345480e+00 2.208007e+00 2.541113e+00 1.394702e+01 7.882102e+03 1.028931e+04 3.23257 5.946701e-01
6.930000e-01 1.345480e+00 2.209217e+00 2.542500e+00 1.395752e+01 7.891831e+03 1.028075e+04 3.23724 5.956111e-01
6.920000e-01 1.345480e+00 2.210425e+00 2.543886e+00 1.396806e+01 7.901502e+03 1.027216e+04 3.2419 5.965480e-01
6.910000e-01 1.345480e+00 2.211631e+00 2.545268e+00 1.397863e+01 7.911113e+03 1.026354e+04 3.24657 5.974806e-01
6.900000e-01 1.345480e+00 2.212835e+00 2.546649e+00 1.398924e+01 7.920671e+03 1.025488e+04 3.25123 5.984097e-01
6.890000e-01 1.345480e+00 2.214039e+00 2.548030e+00 1.399989e+01 7.930185e+03 1.024619e+04 3.25589 5.993355e-01
6.880000e-01 1.345480e+00 2.215242e+00 2.549409e+00 1.401059e+01 7.939650e+03 1.023745e+04 3.26056 6.002580e-01
6.870000e-01 1.345480e+00 2.216445e+00 2.550788e+00 1.402133e+01 7.949075e+03 1.022868e+04 3.26522 6.011773e-01
6.860000e-01 1.345480e+00 2.217645e+00 2.552165e+00 1.403210e+01 7.958437e+03 1.021987e+04 3.26988 6.020920e-01
6.850000e-01 1.345480e+00 2.218875e+00 2.553579e+00 1.404300e+01 7.967692e+03 1.021096e+04 3.27459 6.029906e-01
6.840000e-01 1.345480e+00 2.220069e+00 2.554947e+00 1.405382e+01 7.976909e+03 1.020210e+04 3.27923 6.038942e-01
6.830000e-01 1.345480e+00 2.221258e+00 2.556310e+00 1.406467e+01 7.986061e+03 1.019322e+04 3.28387 6.047939e-01
6.820000e-01 1.345480e+00 2.222448e+00 2.557673e+00 1.407558e+01 7.995176e+03 1.018429e+04 3.28851 6.056912e-01
6.810000e-01 1.345480e+00 2.223638e+00 2.559037e+00 1.408654e+01 8.004259e+03 1.017531e+04 3.29316 6.065862e-01
6.800000e-01 1.345480e+00 2.224828e+00 2.560401e+00 1.409756e+01 8.013304e+03 1.016627e+04 3.2978 6.074785e-01
6.790000e-01 1.345480e+00 2.226017e+00 2.561765e+00 1.410863e+01 8.022303e+03 1.015720e+04 3.30246 6.083678e-01
6.780000e-01 1.345480e+00 2.227206e+00 2.563128e+00 1.411975e+01 8.031252e+03 1.014808e+04 3.3071 6.092533e-01
6.770000e-01 1.345480e+00 2.228391e+00 2.564487e+00 1.413090e+01 8.040137e+03 1.013893e+04 3.31175 6.101339e-01
6.760000e-01 1.345480e+00 2.229573e+00 2.565842e+00 1.414208e+01 8.048960e+03 1.012975e+04 3.31638 6.110102e-01
6.750000e-01 1.345480e+00 2.230754e+00 2.567196e+00 1.415332e+01 8.057736e+03 1.012052e+04 3.32102 6.118830e-01
6.740000e-01 1.345480e+00 2.231933e+00 2.568550e+00 1.416460e+01 8.066463e+03 1.011126e+04 3.32566 6.127525e-01
6.730000e-01 1.345480e+00 2.233111e+00 2.569901e+00 1.417593e+01 8.075138e+03 1.010195e+04 3.33029 6.136183e-01
6.720000e-01 1.345480e+00 2.234287e+00 2.571251e+00 1.418730e+01 8.083761e+03 1.009260e+04 3.33492 6.144798e-01
6.710000e-01 1.345480e+00 2.235459e+00 2.572595e+00 1.419871e+01 8.092310e+03 1.008323e+04 3.33953 6.153358e-01
6.700000e-01 1.345480e+00 2.236625e+00 2.573933e+00 1.421014e+01 8.100781e+03 1.007383e+04 3.34414 6.161862e-01
6.690000e-01 1.345480e+00 2.237788e+00 2.575265e+00 1.422159e+01 8.109187e+03 1.006440e+04 3.34873 6.170317e-01
6.680000e-01 1.345480e+00 2.238948e+00 2.576595e+00 1.423311e+01 8.117549e+03 1.005492e+04 3.35333 6.178741e-01
6.670000e-01 1.345480e+00 2.240107e+00 2.577924e+00 1.424469e+01 8.125872e+03 1.004538e+04 3.35792 6.187134e-01
6.660000e-01 1.345480e+00 2.241265e+00 2.579252e+00 1.425633e+01 8.134155e+03 1.003578e+04 3.3625 6.195497e-01
6.650000e-01 1.345480e+00 2.242422e+00 2.580580e+00 1.426803e+01 8.142397e+03 1.002613e+04 3.36709 6.203826e-01
6.640000e-01 1.345480e+00 2.243576e+00 2.581903e+00 1.427978e+01 8.150583e+03 1.001643e+04 3.37167 6.212109e-01
6.630000e-01 1.345480e+00 2.244726e+00 2.583222e+00 1.429157e+01 8.158704e+03 1.000669e+04 3.37623 6.220343e-01
6.620000e-01 1.345480e+00 2.245872e+00 2.584537e+00 1.430340e+01 8.166765e+03 9.996915e+03 3.38079 6.228527e-01
6.610000e-01 1.345480e+00 2.247014e+00 2.585847e+00 1.431528e+01 8.174774e+03 9.987089e+03 3.38533 6.236670e-01
6.600000e-01 1.345480e+00 2.248153e+00 2.587153e+00 1.432721e+01 8.182729e+03 9.977211e+03 3.38987 6.244768e-01
6.590000e-01 1.345480e+00 2.249321e+00 2.588496e+00 1.433929e+01 8.190604e+03 9.967192e+03 3.39444 6.252717e-01
6.580000e-01 1.345480e+00 2.250454e+00 2.589796e+00 1.435133e+01 8.198454e+03 9.957209e+03 3.39896 6.260720e-01
6.570000e-01 1.345480e+00 2.251582e+00 2.591089e+00 1.436340e+01 8.206230e+03 9.947196e+03 3.40345 6.268667e-01
6.560000e-01 1.345480e+00 2.252702e+00 2.592373e+00 1.437550e+01 8.213930e+03 9.937150e+03 3.40793 6.276551e-01
6.550000e-01 1.345480e+00 2.253817e+00 2.593650e+00 1.438763e+01 8.221562e+03 9.927068e+03 3.41239 6.284381e-01
6.540000e-01 1.345480e+00 2.254929e+00 2.594924e+00 1.439983e+01 8.229146e+03 9.916927e+03 3.41684 6.292173e-01
6.530000e-01 1.345480e+00 2.256037e+00 2.596194e+00 1.441209e+01 8.236687e+03 9.906721e+03 3.42128 6.299928e-01
6.520000e-01 1.345480e+00 2.257144e+00 2.597462e+00 1.442443e+01 8.244185e+03 9.896451e+03 3.42571 6.307646e-01
6.510000e-01 1.345480e+00 2.258248e+00 2.598728e+00 1.443683e+01 8.251634e+03 9.886118e+03 3.43014 6.315324e-01
6.500000e-01 1.345480e+00 2.259347e+00 2.599988e+00 1.444928e+01 8.259024e+03 9.875734e+03 3.43455 6.322950e-01
6.490000e-01 1.345480e+00 2.260441e+00 2.601242e+00 1.446178e+01 8.266348e+03 9.865305e+03 3.43894 6.330520e-01
6.480000e-01 1.345480e+00 2.261530e+00 2.602490e+00 1.447433e+01 8.273606e+03 9.854833e+03 3.44332 6.338037e-01
6.470000e-01 1.345480e+00 2.262614e+00 2.603733e+00 1.448693e+01 8.280808e+03 9.844310e+03 3.44769 6.345509e-01
6.460000e-01 1.345480e+00 2.263694e+00 2.604971e+00 1.449959e+01 8.287950e+03 9.833732e+03 3.45204 6.352932e-01
6.450000e-01 1.345480e+00 2.264771e+00 2.606206e+00 1.451231e+01 8.295036e+03 9.823104e+03 3.45638 6.360311e-01
6.440000e-01 1.345480e+00 2.265843e+00 2.607436e+00 1.452509e+01 8.302060e+03 9.812428e+03 3.46071 6.367637e-01
6.430000e-01 1.345480e+00 2.266908e+00 2.608658e+00 1.453790e+01 8.309003e+03 9.801719e+03 3.46501 6.374902e-01
6.420000e-01 1.345480e+00 2.267966e+00 2.609870e+00 1.455075e+01 8.315869e+03 9.790974e+03 3.4693 6.382100e-01
6.410000e-01 1.345480e+00 2.269017e+00 2.611076e+00 1.456365e+01 8.322665e+03 9.780190e+03 3.47357 6.389246e-01
6.400000e-01 1.345480e+00 2.270064e+00 2.612276e+00 1.457662e+01 8.329410e+03 9.769338e+03 3.47782 6.396350e-01
6.390000e-01 1.345480e+00 2.271108e+00 2.613474e+00 1.458966e+01 8.336107e+03 9.758417e+03 3.48206 6.403413e-01
6.380000e-01 1.345480e+00 2.272176e+00 2.614702e+00 1.460289e+01 8.342720e+03 9.747334e+03 3.48633 6.410324e-01
6.370000e-01 1.345480e+00 2.273213e+00 2.615892e+00 1.461609e+01 8.349308e+03 9.736277e+03 3.49055 6.417290e-01
6.360000e-01 1.345480e+00 2.274243e+00 2.617075e+00 1.462934e+01 8.355830e+03 9.725171e+03 3.49475 6.424203e-01
6.350000e-01 1.345480e+00 2.275266e+00 2.618249e+00 1.464265e+01 8.362282e+03 9.714017e+03 3.49892 6.431054e-01
6.340000e-01 1.345480e+00 2.276282e+00 2.619415e+00 1.465601e+01 8.368666e+03 9.702810e+03 3.50307 6.437847e-01
6.330000e-01 1.345480e+00 2.277293e+00 2.620576e+00 1.466943e+01 8.374990e+03 9.691545e+03 3.50721 6.444588e-01
6.320000e-01 1.345480e+00 2.278297e+00 2.621729e+00 1.468292e+01 8.381251e+03 9.680219e+03 3.51132 6.451273e-01
6.310000e-01 1.345480e+00 2.279294e+00 2.622874e+00 1.469648e+01 8.387452e+03 9.668826e+03 3.5154 6.457899e-01
6.300000e-01 1.345480e+00 2.280284e+00 2.624011e+00 1.471010e+01 8.393582e+03 9.657382e+03 3.51945 6.464458e-01
6.290000e-01 1.345480e+00 2.281264e+00 2.625136e+00 1.472375e+01 8.399630e+03 9.645895e+03 3.52348 6.470943e-01
6.280000e-01 1.345480e+00 2.282235e+00 2.626249e+00 1.473744e+01 8.405599e+03 9.634363e+03 3.52747 6.477358e-01
6.270000e-01 1.345480e+00 2.283198e+00 2.627353e+00 1.475120e+01 8.411505e+03 9.622767e+03 3.53143 6.483714e-01
6.260000e-01 1.345480e+00 2.284155e+00 2.628450e+00 1.476505e+01 8.417358e+03 9.611088e+03 3.53536 6.490018e-01
6.250000e-01 1.345480e+00 2.285104e+00 2.629539e+00 1.477899e+01 8.423156e+03 9.599324e+03 3.53927 6.496265e-01
6.240000e-01 1.345480e+00 2.283751e+00 2.628032e+00 1.478500e+01 8.434685e+03 9.595285e+03 3.53883 6.512057e-01
6.230000e-01 1.345480e+00 2.286996e+00 2.631711e+00 1.480715e+01 8.434559e+03 9.575525e+03 3.54702 6.508521e-01
6.220000e-01 1.345480e+00 2.285589e+00 2.630142e+00 1.481314e+01 8.446021e+03 9.571473e+03 3.54644 6.524325e-01
6.210000e-01 1.345480e+00 2.288837e+00 2.633822e+00 1.483551e+01 8.445692e+03 9.551510e+03 3.5546 6.520545e-01
6.200000e-01 1.345480e+00 2.287383e+00 2.632199e+00 1.484151e+01 8.457078e+03 9.547428e+03 3.55389 6.536330e-01
6.190000e-01 1.345480e+00 2.290642e+00 2.635891e+00 1.486414e+01 8.456551e+03 9.527224e+03 3.56205 6.532295e-01
6.180000e-01 1.345480e+00 2.289145e+00 2.634221e+00 1.487017e+01 8.467867e+03 9.523109e+03 3.56122 6.548072e-01
6.170000e-01 1.345480e+00 2.292410e+00 2.637918e+00 1.489307e+01 8.467139e+03 9.502655e+03 3.56935 6.543771e-01
6.160000e-01 1.345480e+00 2.290863e+00 2.636191e+00 1.489909e+01 8.478369e+03 9.498514e+03 3.56837 6.559518e-01
6.150000e-01 1.345480e+00 2.294138e+00 2.639898e+00 1.492222e+01 8.477403e+03 9.477876e+03 3.5765 6.554940e-01
6.140000e-01 1.345480e+00 2.292538e+00 2.638110e+00 1.492823e+01 8.488542e+03 9.473715e+03 3.57538 6.570659e-01
6.130000e-01 1.345480e+00 2.295854e+00 2.641866e+00 1.495174e+01 8.487329e+03 9.452763e+03 3.58355 6.565733e-01
6.120000e-01 1.345480e+00 2.294206e+00 2.640026e+00 1.495776e+01 8.498431e+03 9.448599e+03 3.58233 6.581524e-01
6.110000e-01 1.345480e+00 2.297515e+00 2.643772e+00 1.498155e+01 8.497034e+03 9.427409e+03 3.59046 6.576398e-01
6.100000e-01 1.345480e+00 2.295826e+00 2.641889e+00 1.498762e+01 8.508075e+03 9.423209e+03 3.58914 6.592203e-01
6.090000e-01 1.345480e+00 2.299142e+00 2.645640e+00 1.501171e+01 8.506454e+03 9.401766e+03 3.59725 6.586799e-01
6.080000e-01 1.345480e+00 2.297403e+00 2.643700e+00 1.501778e+01 8.517412e+03 9.397541e+03 3.59578 6.602585e-01
6.070000e-01 1.345480e+00 2.300727e+00 2.647460e+00 1.504216e+01 8.515556e+03 9.375874e+03 3.60388 6.596900e-01
6.060000e-01 1.345480e+00 2.298939e+00 2.645466e+00 1.504824e+01 8.526440e+03 9.371619e+03 3.60228 6.612682e-01
6.050000e-01 1.345480e+00 2.302269e+00 2.649233e+00 1.507293e+01 8.524360e+03 9.349685e+03 3.61034 6.606705e-01
6.040000e-01 1.345480e+00 2.300431e+00 2.647183e+00 1.507904e+01 8.535173e+03 9.345393e+03 3.6086 6.622472e-01
6.030000e-01 1.345480e+00 2.303785e+00 2.650975e+00 1.510412e+01 8.532816e+03 9.323096e+03 3.61663 6.616061e-01
6.020000e-01 1.345480e+00 2.301874e+00 2.648840e+00 1.511017e+01 8.543547e+03 9.318812e+03 3.61469 6.631824e-01
6.010000e-01 1.345480e+00 2.305224e+00 2.652625e+00 1.513546e+01 8.540962e+03 9.296352e+03 3.62267 6.625158e-01
6.000000e-01 1.345480e+00 2.303255e+00 2.650425e+00 1.514152e+01 8.551624e+03 9.292030e+03 3.62056 6.640915e-01
5.990000e-01 1.345480e+00 2.306610e+00 2.654213e+00 1.516720e+01 8.548814e+03 9.269221e+03 3.62849 6.633925e-01
5.980000e-01 1.345480e+00 2.304592e+00 2.651961e+00 1.517330e+01 8.559425e+03 9.264851e+03 3.62625 6.649698e-01
5.970000e-01 1.345480e+00 2.307949e+00 2.655747e+00 1.519936e+01 8.556383e+03 9.241694e+03 3.6341 6.642359e-01
5.960000e-01 1.345480e+00 2.305872e+00 2.653429e+00 1.520548e+01 8.566921e+03 9.237284e+03 3.6317 6.658121e-01
5.950000e-01 1.345480e+00 2.309232e+00 2.657217e+00 1.523187e+01 8.563616e+03 9.213840e+03 3.63949 6.650427e-01
5.940000e-01 1.345480e+00 2.307098e+00 2.654836e+00 1.523800e+01 8.574074e+03 9.209395e+03 3.63692 6.666161e-01
5.930000e-01 1.345480e+00 2.310482e+00 2.658652e+00 1.526484e+01 8.570479e+03 9.185574e+03 3.64467 6.658024e-01
5.920000e-01 1.345480e+00 2.308285e+00 2.656200e+00 1.527095e+01 8.580877e+03 9.181126e+03 3.64194 6.673795e-01
5.910000e-01 1.345480e+00 2.311663e+00 2.660007e+00 1.529809e+01 8.577048e+03 9.157081e+03 3.64964 6.665396e-01
5.900000e-01 1.345480e+00 2.309410e+00 2.657492e+00 1.530421e+01 8.587360e+03 9.152610e+03 3.64675 6.681145e-01
5.890000e-01 1.345480e+00 2.312790e+00 2.661299e+00 1.533165e+01 8.583242e+03 9.128357e+03 3.65441 6.672422e-01
5.880000e-01 1.345480e+00 2.310476e+00 2.658715e+00 1.533777e+01 8.593460e+03 9.123864e+03 3.65135 6.688149e-01
5.870000e-01 1.345480e+00 2.313866e+00 2.662536e+00 1.536558e+01 8.589088e+03 9.099358e+03 3.65899 6.679122e-01
5.860000e-01 1.345480e+00 2.314382e+00 2.663127e+00 1.538275e+01 8.591879e+03 9.084671e+03 3.66119 6.682320e-01
5.850000e-01 1.345480e+00 2.314883e+00 2.663703e+00 1.540003e+01 8.594600e+03 9.069889e+03 3.66332 6.685432e-01
5.840000e-01 1.345480e+00 2.315367e+00 2.664260e+00 1.541742e+01 8.597237e+03 9.055004e+03 3.66537 6.688436e-01
5.830000e-01 1.345480e+00 2.315830e+00 2.664790e+00 1.543492e+01 8.599776e+03 9.040015e+03 3.66733 6.691318e-01
5.820000e-01 1.345480e+00 2.316300e+00 2.665331e+00 1.545260e+01 8.602181e+03 9.024859e+03 3.66926 6.693990e-01
5.810000e-01 1.345480e+00 2.316733e+00 2.665828e+00 1.547029e+01 8.604540e+03 9.009701e+03 3.67109 6.696663e-01
5.800000e-01 1.345480e+00 2.317146e+00 2.666301e+00 1.548809e+01 8.606807e+03 8.994444e+03 3.67284 6.699227e-01
5.790000e-01 1.345480e+00 2.317541e+00 2.666753e+00 1.550601e+01 8.608980e+03 8.979080e+03 3.67451 6.701682e-01
5.780000e-01 1.345480e+00 2.317921e+00 2.667190e+00 1.552403e+01 8.611068e+03 8.963637e+03 3.67612 6.704032e-01
5.770000e-01 1.345480e+00 2.318283e+00 2.667603e+00 1.554212e+01 8.613052e+03 8.948128e+03 3.67764 6.706269e-01
5.760000e-01 1.345480e+00 2.318625e+00 2.667993e+00 1.556031e+01 8.614928e+03 8.932543e+03 3.67909 6.708398e-01
5.750000e-01 1.345480e+00 2.318956e+00 2.668372e+00 1.557861e+01 8.616719e+03 8.916886e+03 3.6805 6.710444e-01
5.740000e-01 1.345480e+00 2.319273e+00 2.668736e+00 1.559705e+01 8.618422e+03 8.901124e+03 3.68186 6.712407e-01
5.730000e-01 1.345480e+00 2.319572e+00 2.669078e+00 1.561565e+01 8.620021e+03 8.885243e+03 3.68314 6.714269e-01
5.720000e-01 1.345480e+00 2.319861e+00 2.669412e+00 1.563438e+01 8.621536e+03 8.869277e+03 3.68439 6.716048e-01
5.710000e-01 1.345480e+00 2.320152e+00 2.669751e+00 1.565333e+01 8.622914e+03 8.853125e+03 3.68558 6.717605e-01
5.700000e-01 1.345480e+00 2.320397e+00 2.670032e+00 1.567230e+01 8.624218e+03 8.836945e+03 3.68664 6.719127e-01
5.690000e-01 1.345480e+00 2.320624e+00 2.670292e+00 1.569138e+01 8.625432e+03 8.820680e+03 3.68761 6.720529e-01
5.680000e-01 1.345480e+00 2.320831e+00 2.670530e+00 1.571058e+01 8.626552e+03 8.804311e+03 3.68849 6.721809e-01
5.670000e-01 1.345480e+00 2.321012e+00 2.670737e+00 1.572992e+01 8.627558e+03 8.787820e+03 3.68927 6.722955e-01
5.660000e-01 1.345480e+00 2.321179e+00 2.670928e+00 1.574938e+01 8.628475e+03 8.771234e+03 3.68997 6.723988e-01
5.650000e-01 1.345480e+00 2.321325e+00 2.671096e+00 1.576894e+01 8.629289e+03 8.754570e+03 3.69059 6.724898e-01
5.640000e-01 1.345480e+00 2.321445e+00 2.671231e+00 1.578861e+01 8.629983e+03 8.737818e+03 3.6911 6.725671e-01
5.630000e-01 1.345480e+00 2.321551e+00 2.671351e+00 1.580839e+01 8.630581e+03 8.721000e+03 3.69155 6.726341e-01
5.620000e-01 1.345480e+00 2.321641e+00 2.671453e+00 1.582832e+01 8.631085e+03 8.704070e+03 3.69192 6.726909e-01
5.610000e-01 1.345480e+00 2.321731e+00 2.671557e+00 1.584853e+01 8.631428e+03 8.686932e+03 3.69226 6.727268e-01
5.600000e-01 1.345480e+00 2.321792e+00 2.671629e+00 1.586880e+01 8.631723e+03 8.669790e+03 3.69254 6.727645e-01
5.590000e-01 1.345480e+00 2.321835e+00 2.671681e+00 1.588921e+01 8.631918e+03 8.652556e+03 3.69274 6.727918e-01
5.580000e-01 1.345480e+00 2.321851e+00 2.671699e+00 1.590976e+01 8.631991e+03 8.635203e+03 3.69283 6.728042e-01
5.570000e-01 1.345480e+00 2.321845e+00 2.671693e+00 1.593043e+01 8.631965e+03 8.617757e+03 3.69281 6.728027e-01
5.578669e-01 1.345480e+00 2.322126e+00 2.672037e+00 1.591394e+01 8.631348e+03 8.631639e+03 3.69314 6.726521e-01
