1.000000e+00 1.443810e+00 1.930080e+00 2.231417e+00 1.168229e+01 0.000000e+00 1.267979e+04 0 0.000000e+00
9.990000e-01 1.443810e+00 1.944926e+00 2.253901e+00 1.171405e+01 4.824180e+02 1.262313e+04 2.19136 3.179943e-02
9.980000e-01 1.443810e+00 1.944948e+00 2.253853e+00 1.171657e+01 6.981678e+02 1.260151e+04 2.24167 4.707639e-02
9.970000e-01 1.443810e+00 1.946273e+00 2.255404e+00 1.172267e+01 8.465882e+02 1.258327e+04 2.19822 5.590144e-02
9.960000e-01 1.443810e+00 1.947082e+00 2.256329e+00 1.172726e+01 9.800911e+02 1.256799e+04 2.20126 6.475250e-02
9.950000e-01 1.443810e+00 1.947318e+00 2.256560e+00 1.173022e+01 1.105157e+03 1.255526e+04 2.21928 7.359511e-02
9.940000e-01 1.443810e+00 1.948663e+00 2.258144e+00 1.173631e+01 1.205292e+03 1.254178e+04 2.20631 7.968425e-02
9.930000e-01 1.443810e+00 1.948925e+00 2.258413e+00 1.173932e+01 1.308767e+03 1.253120e+04 2.21914 8.700482e-02
9.920000e-01 1.443810e+00 1.950262e+00 2.259986e+00 1.174539e+01 1.393014e+03 1.251927e+04 2.21143 9.215713e-02
9.910000e-01 1.443810e+00 1.950490e+00 2.260206e+00 1.174837e+01 1.482447e+03 1.251010e+04 2.22105 9.847765e-02
9.900000e-01 1.443810e+00 1.951817e+00 2.261755e+00 1.175445e+01 1.555149e+03 1.249923e+04 2.21642 1.029515e-01
9.890000e-01 1.443810e+00 1.952598e+00 2.262633e+00 1.175903e+01 1.628990e+03 1.248985e+04 2.21901 1.078796e-01
9.880000e-01 1.443810e+00 1.953352e+00 2.263475e+00 1.176360e+01 1.699765e+03 1.248078e+04 2.22148 1.126047e-01
9.870000e-01 1.443810e+00 1.954113e+00 2.264323e+00 1.176820e+01 1.768120e+03 1.247194e+04 2.22395 1.171724e-01
9.860000e-01 1.443810e+00 1.954883e+00 2.265184e+00 1.177283e+01 1.834501e+03 1.246328e+04 2.22645 1.216119e-01
9.850000e-01 1.443810e+00 1.955666e+00 2.266064e+00 1.177749e+01 1.899114e+03 1.245478e+04 2.22896 1.259363e-01
9.840000e-01 1.443810e+00 1.956459e+00 2.266958e+00 1.178217e+01 1.961927e+03 1.244646e+04 2.23148 1.301432e-01
9.830000e-01 1.443810e+00 1.957258e+00 2.267861e+00 1.178685e+01 2.022907e+03 1.243832e+04 2.234 1.342304e-01
9.820000e-01 1.443810e+00 1.957471e+00 2.268057e+00 1.178989e+01 2.086293e+03 1.243178e+04 2.23961 1.387535e-01
9.810000e-01 1.443810e+00 1.958839e+00 2.269653e+00 1.179617e+01 2.139699e+03 1.242260e+04 2.23897 1.420663e-01
9.800000e-01 1.443810e+00 1.959667e+00 2.270595e+00 1.180091e+01 2.195430e+03 1.241493e+04 2.24159 1.458135e-01
9.790000e-01 1.443810e+00 1.960470e+00 2.271504e+00 1.180560e+01 2.249720e+03 1.240743e+04 2.24412 1.494654e-01
9.780000e-01 1.443810e+00 1.961273e+00 2.272415e+00 1.181030e+01 2.302735e+03 1.240005e+04 2.24665 1.530350e-01
9.770000e-01 1.443810e+00 1.962079e+00 2.273328e+00 1.181502e+01 2.354575e+03 1.239277e+04 2.24919 1.565287e-01
9.760000e-01 1.443810e+00 1.962888e+00 2.274247e+00 1.181975e+01 2.405395e+03 1.238558e+04 2.25175 1.599567e-01
9.750000e-01 1.443810e+00 1.963704e+00 2.275174e+00 1.182449e+01 2.455348e+03 1.237847e+04 2.25432 1.633289e-01
9.740000e-01 1.443810e+00 1.963929e+00 2.275385e+00 1.182759e+01 2.507955e+03 1.237296e+04 2.25867 1.671124e-01
9.730000e-01 1.443810e+00 1.965322e+00 2.277014e+00 1.183396e+01 2.552485e+03 1.236454e+04 2.25941 1.698938e-01
9.720000e-01 1.443810e+00 1.966169e+00 2.277983e+00 1.183878e+01 2.599435e+03 1.235765e+04 2.26206 1.730726e-01
9.710000e-01 1.443810e+00 1.966988e+00 2.278914e+00 1.184354e+01 2.645357e+03 1.235090e+04 2.26464 1.761841e-01
9.700000e-01 1.443810e+00 1.967800e+00 2.279835e+00 1.184828e+01 2.690150e+03 1.234426e+04 2.2672 1.792225e-01
9.690000e-01 1.443810e+00 1.968606e+00 2.280746e+00 1.185303e+01 2.733927e+03 1.233771e+04 2.26977 1.821957e-01
9.680000e-01 1.443810e+00 1.969410e+00 2.281654e+00 1.185779e+01 2.776984e+03 1.233121e+04 2.27234 1.851233e-01
9.670000e-01 1.443810e+00 1.970218e+00 2.282565e+00 1.186257e+01 2.819485e+03 1.232474e+04 2.27492 1.880159e-01
9.660000e-01 1.443810e+00 1.971032e+00 2.283483e+00 1.186738e+01 2.861529e+03 1.231831e+04 2.27752 1.908799e-01
9.650000e-01 1.443810e+00 1.971852e+00 2.284411e+00 1.187221e+01 2.903156e+03 1.231191e+04 2.28013 1.937177e-01
9.640000e-01 1.443810e+00 1.972679e+00 2.285347e+00 1.187707e+01 2.944324e+03 1.230554e+04 2.28276 1.965264e-01
9.630000e-01 1.443810e+00 1.973510e+00 2.286289e+00 1.188194e+01 2.984977e+03 1.229922e+04 2.2854 1.993021e-01
9.620000e-01 1.443810e+00 1.974344e+00 2.287236e+00 1.188682e+01 3.025108e+03 1.229294e+04 2.28804 2.020445e-01
9.610000e-01 1.443810e+00 1.975179e+00 2.288184e+00 1.189170e+01 3.064683e+03 1.228671e+04 2.29069 2.047514e-01
9.600000e-01 1.443810e+00 1.976015e+00 2.289133e+00 1.189659e+01 3.103674e+03 1.228052e+04 2.29335 2.074208e-01
9.590000e-01 1.443810e+00 1.976852e+00 2.290082e+00 1.190149e+01 3.142131e+03 1.227437e+04 2.296 2.100564e-01
9.580000e-01 1.443810e+00 1.977690e+00 2.291033e+00 1.190640e+01 3.180131e+03 1.226825e+04 2.29867 2.126631e-01
9.570000e-01 1.443810e+00 1.978530e+00 2.291986e+00 1.191132e+01 3.217695e+03 1.226216e+04 2.30134 2.152423e-01
9.560000e-01 1.443810e+00 1.979375e+00 2.292945e+00 1.191626e+01 3.254877e+03 1.225609e+04 2.30402 2.177976e-01
9.550000e-01 1.443810e+00 1.980223e+00 2.293910e+00 1.192122e+01 3.291720e+03 1.225004e+04 2.30672 2.203315e-01
9.540000e-01 1.443810e+00 1.981075e+00 2.294879e+00 1.192618e+01 3.328168e+03 1.224402e+04 2.30942 2.228404e-01
9.530000e-01 1.443810e+00 1.981928e+00 2.295850e+00 1.193115e+01 3.364153e+03 1.223804e+04 2.31213 2.253196e-01
9.520000e-01 1.443810e+00 1.982781e+00 2.296820e+00 1.193612e+01 3.399643e+03 1.223211e+04 2.31483 2.277672e-01
9.510000e-01 1.443810e+00 1.983630e+00 2.297785e+00 1.194108e+01 3.434596e+03 1.222622e+04 2.31754 2.301803e-01
9.500000e-01 1.443810e+00 1.984475e+00 2.298743e+00 1.194604e+01 3.468983e+03 1.222038e+04 2.32023 2.325574e-01
9.490000e-01 1.443810e+00 1.985317e+00 2.299696e+00 1.195100e+01 3.502928e+03 1.221458e+04 2.32293 2.349067e-01
9.480000e-01 1.443810e+00 1.986160e+00 2.300651e+00 1.195598e+01 3.536581e+03 1.220878e+04 2.32564 2.372384e-01
9.470000e-01 1.443810e+00 1.987008e+00 2.301610e+00 1.196099e+01 3.570015e+03 1.220299e+04 2.32836 2.395570e-01
9.460000e-01 1.443810e+00 1.987862e+00 2.302577e+00 1.196603e+01 3.603261e+03 1.219720e+04 2.33111 2.418645e-01
9.450000e-01 1.443810e+00 1.988722e+00 2.303551e+00 1.197108e+01 3.636300e+03 1.219141e+04 2.33386 2.441595e-01
9.440000e-01 1.443810e+00 1.989585e+00 2.304531e+00 1.197615e+01 3.669077e+03 1.218564e+04 2.33662 2.464380e-01
9.430000e-01 1.443810e+00 1.990451e+00 2.305514e+00 1.198123e+01 3.701557e+03 1.217989e+04 2.33939 2.486979e-01
9.420000e-01 1.443810e+00 1.991319e+00 2.306500e+00 1.198632e+01 3.733729e+03 1.217416e+04 2.34217 2.509382e-01
9.410000e-01 1.443810e+00 1.992188e+00 2.307486e+00 1.199142e+01 3.765572e+03 1.216845e+04 2.34495 2.531579e-01
9.400000e-01 1.443810e+00 1.993056e+00 2.308473e+00 1.199652e+01 3.797092e+03 1.216277e+04 2.34773 2.553571e-01
9.390000e-01 1.443810e+00 1.993927e+00 2.309461e+00 1.200163e+01 3.828351e+03 1.215710e+04 2.35052 2.575405e-01
9.380000e-01 1.443810e+00 1.994799e+00 2.310452e+00 1.200676e+01 3.859373e+03 1.215144e+04 2.35332 2.597092e-01
9.370000e-01 1.443810e+00 1.995676e+00 2.311447e+00 1.201190e+01 3.890185e+03 1.214579e+04 2.35614 2.618653e-01
9.360000e-01 1.443810e+00 1.996556e+00 2.312448e+00 1.201707e+01 3.920822e+03 1.214014e+04 2.35896 2.640109e-01
9.350000e-01 1.443810e+00 1.997441e+00 2.313455e+00 1.202225e+01 3.951258e+03 1.213450e+04 2.3618 2.661442e-01
9.340000e-01 1.443810e+00 1.998327e+00 2.314463e+00 1.202744e+01 3.981427e+03 1.212887e+04 2.36464 2.682606e-01
9.330000e-01 1.443810e+00 1.999214e+00 2.315472e+00 1.203263e+01 4.011287e+03 1.212327e+04 2.36748 2.703575e-01
9.320000e-01 1.443810e+00 2.000098e+00 2.316477e+00 1.203782e+01 4.040800e+03 1.211769e+04 2.37032 2.724322e-01
9.310000e-01 1.443810e+00 2.000979e+00 2.317477e+00 1.204300e+01 4.069928e+03 1.211215e+04 2.37315 2.744824e-01
9.300000e-01 1.443810e+00 2.001856e+00 2.318473e+00 1.204818e+01 4.098736e+03 1.210663e+04 2.37598 2.765127e-01
9.290000e-01 1.443810e+00 2.002735e+00 2.319469e+00 1.205337e+01 4.127345e+03 1.210111e+04 2.37883 2.785311e-01
9.280000e-01 1.443810e+00 2.003617e+00 2.320468e+00 1.205859e+01 4.155817e+03 1.209559e+04 2.38168 2.805420e-01
9.270000e-01 1.443810e+00 2.004505e+00 2.321475e+00 1.206384e+01 4.184185e+03 1.209007e+04 2.38455 2.825471e-01
9.260000e-01 1.443810e+00 2.005398e+00 2.322488e+00 1.206911e+01 4.212439e+03 1.208454e+04 2.38744 2.845459e-01
9.250000e-01 1.443810e+00 2.006296e+00 2.323507e+00 1.207440e+01 4.240543e+03 1.207901e+04 2.39034 2.865355e-01
9.240000e-01 1.443810e+00 2.007195e+00 2.324530e+00 1.207970e+01 4.268452e+03 1.207349e+04 2.39324 2.885131e-01
9.230000e-01 1.443810e+00 2.008097e+00 2.325555e+00 1.208501e+01 4.296149e+03 1.206798e+04 2.39616 2.904774e-01
9.220000e-01 1.443810e+00 2.008999e+00 2.326580e+00 1.209033e+01 4.323618e+03 1.206249e+04 2.39907 2.924275e-01
9.210000e-01 1.443810e+00 2.009901e+00 2.327605e+00 1.209565e+01 4.350855e+03 1.205701e+04 2.40199 2.943631e-01
9.200000e-01 1.443810e+00 2.010805e+00 2.328632e+00 1.210098e+01 4.377907e+03 1.205154e+04 2.40491 2.962875e-01
9.190000e-01 1.443810e+00 2.011710e+00 2.329661e+00 1.210632e+01 4.404798e+03 1.204608e+04 2.40785 2.982024e-01
9.180000e-01 1.443810e+00 2.012619e+00 2.330694e+00 1.211169e+01 4.431554e+03 1.204061e+04 2.41079 3.001094e-01
9.170000e-01 1.443810e+00 2.013533e+00 2.331733e+00 1.211707e+01 4.458204e+03 1.203515e+04 2.41375 3.020104e-01
9.160000e-01 1.443810e+00 2.014450e+00 2.332777e+00 1.212248e+01 4.484726e+03 1.202967e+04 2.41672 3.039038e-01
9.150000e-01 1.443810e+00 2.015369e+00 2.333823e+00 1.212789e+01 4.511069e+03 1.202421e+04 2.41969 3.057862e-01
9.140000e-01 1.443810e+00 2.016289e+00 2.334870e+00 1.213331e+01 4.537200e+03 1.201876e+04 2.42267 3.076554e-01
9.130000e-01 1.443810e+00 2.017207e+00 2.335914e+00 1.213873e+01 4.563079e+03 1.201332e+04 2.42565 3.095086e-01
9.120000e-01 1.443810e+00 2.018122e+00 2.336954e+00 1.214415e+01 4.588683e+03 1.200791e+04 2.42863 3.113445e-01
9.110000e-01 1.443810e+00 2.019036e+00 2.337991e+00 1.214956e+01 4.614073e+03 1.200250e+04 2.4316 3.131673e-01
9.100000e-01 1.443810e+00 2.019951e+00 2.339029e+00 1.215500e+01 4.639334e+03 1.199709e+04 2.43459 3.149830e-01
9.090000e-01 1.443810e+00 2.020870e+00 2.340072e+00 1.216046e+01 4.664509e+03 1.199167e+04 2.43759 3.167942e-01
9.080000e-01 1.443810e+00 2.021795e+00 2.341122e+00 1.216595e+01 4.689623e+03 1.198624e+04 2.44061 3.186025e-01
9.070000e-01 1.443810e+00 2.022724e+00 2.342178e+00 1.217147e+01 4.714660e+03 1.198080e+04 2.44364 3.204067e-01
9.060000e-01 1.443810e+00 2.023658e+00 2.343239e+00 1.217700e+01 4.739585e+03 1.197536e+04 2.44668 3.222042e-01
9.050000e-01 1.443810e+00 2.024593e+00 2.344303e+00 1.218254e+01 4.764365e+03 1.196991e+04 2.44973 3.239929e-01
9.040000e-01 1.443810e+00 2.025530e+00 2.345368e+00 1.218809e+01 4.788983e+03 1.196447e+04 2.45279 3.257716e-01
9.030000e-01 1.443810e+00 2.026468e+00 2.346434e+00 1.219365e+01 4.813423e+03 1.195904e+04 2.45585 3.275392e-01
9.020000e-01 1.443810e+00 2.027405e+00 2.347500e+00 1.219921e+01 4.837689e+03 1.195362e+04 2.45891 3.292962e-01
9.010000e-01 1.443810e+00 2.028344e+00 2.348567e+00 1.220479e+01 4.861821e+03 1.194820e+04 2.46198 3.310452e-01
9.000000e-01 1.443810e+00 2.029286e+00 2.349638e+00 1.221038e+01 4.885832e+03 1.194277e+04 2.46506 3.327871e-01
8.990000e-01 1.443810e+00 2.030230e+00 2.350712e+00 1.221599e+01 4.909747e+03 1.193734e+04 2.46815 3.345236e-01
8.980000e-01 1.443810e+00 2.031179e+00 2.351791e+00 1.222162e+01 4.933582e+03 1.193191e+04 2.47125 3.362557e-01
8.970000e-01 1.443810e+00 2.032130e+00 2.352874e+00 1.222726e+01 4.957300e+03 1.192647e+04 2.47436 3.379808e-01
8.960000e-01 1.443810e+00 2.033083e+00 2.353959e+00 1.223292e+01 4.980868e+03 1.192103e+04 2.47747 3.396967e-01
8.950000e-01 1.443810e+00 2.034035e+00 2.355043e+00 1.223857e+01 5.004252e+03 1.191560e+04 2.48059 3.414011e-01
8.940000e-01 1.443810e+00 2.034985e+00 2.356123e+00 1.224423e+01 5.027428e+03 1.191019e+04 2.48371 3.430924e-01
8.930000e-01 1.443810e+00 2.035934e+00 2.357200e+00 1.224988e+01 5.050406e+03 1.190479e+04 2.48682 3.447715e-01
8.920000e-01 1.443810e+00 2.036882e+00 2.358277e+00 1.225555e+01 5.073260e+03 1.189938e+04 2.48995 3.464436e-01
8.910000e-01 1.443810e+00 2.037834e+00 2.359358e+00 1.226124e+01 5.096039e+03 1.189396e+04 2.49308 3.481119e-01
8.900000e-01 1.443810e+00 2.038791e+00 2.360445e+00 1.226696e+01 5.118775e+03 1.188853e+04 2.49623 3.497786e-01
8.890000e-01 1.443810e+00 2.039753e+00 2.361538e+00 1.227271e+01 5.141467e+03 1.188308e+04 2.4994 3.514433e-01
8.880000e-01 1.443810e+00 2.040719e+00 2.362636e+00 1.227848e+01 5.164092e+03 1.187762e+04 2.50258 3.531046e-01
8.870000e-01 1.443810e+00 2.041688e+00 2.363739e+00 1.228427e+01 5.186618e+03 1.187216e+04 2.50577 3.547599e-01
8.860000e-01 1.443810e+00 2.042659e+00 2.364844e+00 1.229006e+01 5.209023e+03 1.186669e+04 2.50897 3.564080e-01
8.850000e-01 1.443810e+00 2.043632e+00 2.365950e+00 1.229587e+01 5.231290e+03 1.186122e+04 2.51218 3.580476e-01
8.840000e-01 1.443810e+00 2.044604e+00 2.367055e+00 1.230168e+01 5.253413e+03 1.185576e+04 2.51538 3.596783e-01
8.830000e-01 1.443810e+00 2.045577e+00 2.368163e+00 1.230751e+01 5.275420e+03 1.185030e+04 2.51859 3.613022e-01
8.820000e-01 1.443810e+00 2.046553e+00 2.369272e+00 1.231335e+01 5.297325e+03 1.184483e+04 2.52181 3.629203e-01
8.810000e-01 1.443810e+00 2.047531e+00 2.370385e+00 1.231920e+01 5.319151e+03 1.183936e+04 2.52505 3.645339e-01
8.800000e-01 1.443810e+00 2.048513e+00 2.371502e+00 1.232508e+01 5.340906e+03 1.183388e+04 2.52829 3.661437e-01
8.790000e-01 1.443810e+00 2.049498e+00 2.372624e+00 1.233097e+01 5.362575e+03 1.182839e+04 2.53154 3.677486e-01
8.780000e-01 1.443810e+00 2.050484e+00 2.373747e+00 1.233688e+01 5.384124e+03 1.182290e+04 2.5348 3.693462e-01
8.770000e-01 1.443810e+00 2.051470e+00 2.374869e+00 1.234278e+01 5.405520e+03 1.181741e+04 2.53806 3.709341e-01
8.760000e-01 1.443810e+00 2.052454e+00 2.375989e+00 1.234869e+01 5.426740e+03 1.181194e+04 2.54132 3.725110e-01
8.750000e-01 1.443810e+00 2.053436e+00 2.377106e+00 1.235460e+01 5.447795e+03 1.180647e+04 2.54458 3.740778e-01
8.740000e-01 1.443810e+00 2.054419e+00 2.378222e+00 1.236052e+01 5.468739e+03 1.180100e+04 2.54785 3.756383e-01
8.730000e-01 1.443810e+00 2.055404e+00 2.379342e+00 1.236646e+01 5.489624e+03 1.179551e+04 2.55112 3.771960e-01
8.720000e-01 1.443810e+00 2.056435e+00 2.380518e+00 1.237252e+01 5.510425e+03 1.178993e+04 2.55449 3.787450e-01
8.710000e-01 1.443810e+00 2.057431e+00 2.381651e+00 1.237853e+01 5.531242e+03 1.178441e+04 2.5578 3.803001e-01
8.700000e-01 1.443810e+00 2.058431e+00 2.382788e+00 1.238455e+01 5.552008e+03 1.177887e+04 2.56113 3.818530e-01
8.690000e-01 1.443810e+00 2.059434e+00 2.383930e+00 1.239060e+01 5.572699e+03 1.177333e+04 2.56446 3.834015e-01
8.680000e-01 1.443810e+00 2.060439e+00 2.385074e+00 1.239665e+01 5.593291e+03 1.176778e+04 2.56781 3.849442e-01
8.670000e-01 1.443810e+00 2.061445e+00 2.386219e+00 1.240272e+01 5.613768e+03 1.176223e+04 2.57116 3.864799e-01
8.660000e-01 1.443810e+00 2.062451e+00 2.387364e+00 1.240880e+01 5.634128e+03 1.175668e+04 2.57451 3.880085e-01
8.650000e-01 1.443810e+00 2.063458e+00 2.388510e+00 1.241488e+01 5.654392e+03 1.175112e+04 2.57787 3.895315e-01
8.640000e-01 1.443810e+00 2.064468e+00 2.389659e+00 1.242099e+01 5.674575e+03 1.174556e+04 2.58124 3.910500e-01
8.630000e-01 1.443810e+00 2.065481e+00 2.390812e+00 1.242711e+01 5.694690e+03 1.173999e+04 2.58462 3.925649e-01
8.620000e-01 1.443810e+00 2.066497e+00 2.391969e+00 1.243326e+01 5.714751e+03 1.173440e+04 2.58801 3.940769e-01
8.610000e-01 1.443810e+00 2.067516e+00 2.393129e+00 1.243942e+01 5.734733e+03 1.172881e+04 2.59141 3.955844e-01
8.600000e-01 1.443810e+00 2.068535e+00 2.394291e+00 1.244559e+01 5.754607e+03 1.172322e+04 2.59482 3.970853e-01
8.590000e-01 1.443810e+00 2.069554e+00 2.395452e+00 1.245176e+01 5.774342e+03 1.171763e+04 2.59823 3.985775e-01
8.580000e-01 1.443810e+00 2.070572e+00 2.396609e+00 1.245794e+01 5.793927e+03 1.171204e+04 2.60163 4.000603e-01
8.570000e-01 1.443810e+00 2.071587e+00 2.397764e+00 1.246412e+01 5.813377e+03 1.170646e+04 2.60504 4.015349e-01
8.560000e-01 1.443810e+00 2.072604e+00 2.398921e+00 1.247031e+01 5.832747e+03 1.170087e+04 2.60845 4.030053e-01
8.550000e-01 1.443810e+00 2.073625e+00 2.400081e+00 1.247653e+01 5.852070e+03 1.169527e+04 2.61188 4.044737e-01
8.540000e-01 1.443810e+00 2.074650e+00 2.401247e+00 1.248278e+01 5.871367e+03 1.168964e+04 2.61533 4.059413e-01
8.530000e-01 1.443810e+00 2.075680e+00 2.402419e+00 1.248906e+01 5.890636e+03 1.168400e+04 2.61879 4.074080e-01
8.520000e-01 1.443810e+00 2.076714e+00 2.403595e+00 1.249536e+01 5.909855e+03 1.167834e+04 2.62227 4.088722e-01
8.510000e-01 1.443810e+00 2.077750e+00 2.404776e+00 1.250168e+01 5.929007e+03 1.167266e+04 2.62575 4.103326e-01
8.500000e-01 1.443810e+00 2.078789e+00 2.405958e+00 1.250802e+01 5.948068e+03 1.166699e+04 2.62924 4.117877e-01
8.490000e-01 1.443810e+00 2.079827e+00 2.407141e+00 1.251436e+01 5.967026e+03 1.166131e+04 2.63274 4.132365e-01
8.480000e-01 1.443810e+00 2.080867e+00 2.408325e+00 1.252072e+01 5.985891e+03 1.165562e+04 2.63624 4.146799e-01
8.470000e-01 1.443810e+00 2.081908e+00 2.409510e+00 1.252709e+01 6.004682e+03 1.164993e+04 2.63975 4.161191e-01
8.460000e-01 1.443810e+00 2.082952e+00 2.410699e+00 1.253348e+01 6.023404e+03 1.164422e+04 2.64328 4.175545e-01
8.450000e-01 1.443810e+00 2.083999e+00 2.411891e+00 1.253989e+01 6.042076e+03 1.163851e+04 2.64681 4.189874e-01
8.440000e-01 1.443810e+00 2.085049e+00 2.413088e+00 1.254633e+01 6.060693e+03 1.163278e+04 2.65035 4.204174e-01
8.430000e-01 1.443810e+00 2.086101e+00 2.414287e+00 1.255277e+01 6.079228e+03 1.162704e+04 2.6539 4.218425e-01
8.420000e-01 1.443810e+00 2.087153e+00 2.415485e+00 1.255923e+01 6.097655e+03 1.162130e+04 2.65746 4.232609e-01
8.410000e-01 1.443810e+00 2.088204e+00 2.416682e+00 1.256569e+01 6.115952e+03 1.161557e+04 2.66101 4.246713e-01
8.400000e-01 1.443810e+00 2.089253e+00 2.417876e+00 1.257215e+01 6.134121e+03 1.160983e+04 2.66457 4.260737e-01
8.390000e-01 1.443810e+00 2.090302e+00 2.419070e+00 1.257862e+01 6.152196e+03 1.160410e+04 2.66813 4.274708e-01
8.380000e-01 1.443810e+00 2.091354e+00 2.420267e+00 1.258511e+01 6.170226e+03 1.159834e+04 2.6717 4.288659e-01
8.370000e-01 1.443810e+00 2.092409e+00 2.421468e+00 1.259164e+01 6.188222e+03 1.159257e+04 2.67529 4.302598e-01
8.360000e-01 1.443810e+00 2.093470e+00 2.422676e+00 1.259819e+01 6.206197e+03 1.158678e+04 2.6789 4.316532e-01
8.350000e-01 1.443810e+00 2.094535e+00 2.423888e+00 1.260477e+01 6.224134e+03 1.158096e+04 2.68251 4.330450e-01
8.340000e-01 1.443810e+00 2.095603e+00 2.425105e+00 1.261138e+01 6.242020e+03 1.157513e+04 2.68614 4.344341e-01
8.330000e-01 1.443810e+00 2.096673e+00 2.426324e+00 1.261800e+01 6.259835e+03 1.156929e+04 2.68978 4.358189e-01
8.320000e-01 1.443810e+00 2.097743e+00 2.427544e+00 1.262463e+01 6.277556e+03 1.156345e+04 2.69343 4.371982e-01
8.310000e-01 1.443810e+00 2.098815e+00 2.428764e+00 1.263128e+01 6.295192e+03 1.155760e+04 2.69708 4.385725e-01
8.300000e-01 1.443810e+00 2.099887e+00 2.429986e+00 1.263794e+01 6.312757e+03 1.155174e+04 2.70073 4.399427e-01
8.290000e-01 1.443810e+00 2.100962e+00 2.431211e+00 1.264462e+01 6.330260e+03 1.154587e+04 2.7044 4.413097e-01
8.280000e-01 1.443810e+00 2.102040e+00 2.432439e+00 1.265132e+01 6.347713e+03 1.153998e+04 2.70808 4.426741e-01
8.270000e-01 1.443810e+00 2.103121e+00 2.433672e+00 1.265805e+01 6.365123e+03 1.153408e+04 2.71177 4.440363e-01
8.260000e-01 1.443810e+00 2.104205e+00 2.434907e+00 1.266479e+01 6.382462e+03 1.152817e+04 2.71547 4.453945e-01
8.250000e-01 1.443810e+00 2.105288e+00 2.436142e+00 1.267155e+01 6.399707e+03 1.152225e+04 2.71918 4.467468e-01
8.240000e-01 1.443810e+00 2.106371e+00 2.437376e+00 1.267830e+01 6.416838e+03 1.151634e+04 2.72288 4.480920e-01
8.230000e-01 1.443810e+00 2.107451e+00 2.438607e+00 1.268507e+01 6.433851e+03 1.151042e+04 2.72658 4.494299e-01
8.220000e-01 1.443810e+00 2.108532e+00 2.439838e+00 1.269184e+01 6.450778e+03 1.150450e+04 2.73029 4.507631e-01
8.210000e-01 1.443810e+00 2.109615e+00 2.441071e+00 1.269864e+01 6.467660e+03 1.149857e+04 2.73402 4.520942e-01
8.200000e-01 1.443810e+00 2.110702e+00 2.442309e+00 1.270546e+01 6.484512e+03 1.149261e+04 2.73775 4.534243e-01
8.190000e-01 1.443810e+00 2.111794e+00 2.443553e+00 1.271232e+01 6.501341e+03 1.148663e+04 2.74151 4.547538e-01
8.180000e-01 1.443810e+00 2.112890e+00 2.444802e+00 1.271921e+01 6.518137e+03 1.148063e+04 2.74528 4.560821e-01
8.170000e-01 1.443810e+00 2.113989e+00 2.446055e+00 1.272612e+01 6.534887e+03 1.147462e+04 2.74906 4.574079e-01
8.160000e-01 1.443810e+00 2.115090e+00 2.447311e+00 1.273306e+01 6.551566e+03 1.146859e+04 2.75285 4.587296e-01
8.150000e-01 1.443810e+00 2.116191e+00 2.448567e+00 1.274000e+01 6.568166e+03 1.146256e+04 2.75664 4.600466e-01
8.140000e-01 1.443810e+00 2.117294e+00 2.449824e+00 1.274696e+01 6.584685e+03 1.145652e+04 2.76044 4.613590e-01
8.130000e-01 1.443810e+00 2.118397e+00 2.451083e+00 1.275393e+01 6.601140e+03 1.145047e+04 2.76425 4.626678e-01
8.120000e-01 1.443810e+00 2.119503e+00 2.452344e+00 1.276093e+01 6.617539e+03 1.144440e+04 2.76807 4.639737e-01
8.110000e-01 1.443810e+00 2.120612e+00 2.453609e+00 1.276795e+01 6.633891e+03 1.143832e+04 2.77191 4.652772e-01
8.100000e-01 1.443810e+00 2.121724e+00 2.454878e+00 1.277500e+01 6.650202e+03 1.143223e+04 2.77575 4.665786e-01
8.090000e-01 1.443810e+00 2.122838e+00 2.456150e+00 1.278206e+01 6.666443e+03 1.142612e+04 2.7796 4.678760e-01
8.080000e-01 1.443810e+00 2.123952e+00 2.457421e+00 1.278914e+01 6.682592e+03 1.142001e+04 2.78346 4.691678e-01
8.070000e-01 1.443810e+00 2.125064e+00 2.458690e+00 1.279622e+01 6.698636e+03 1.141390e+04 2.78732 4.704531e-01
8.060000e-01 1.443810e+00 2.126175e+00 2.459958e+00 1.280330e+01 6.714576e+03 1.140779e+04 2.79118 4.717320e-01
8.050000e-01 1.443810e+00 2.127287e+00 2.461225e+00 1.281041e+01 6.730449e+03 1.140167e+04 2.79504 4.730073e-01
8.040000e-01 1.443810e+00 2.128401e+00 2.462496e+00 1.281754e+01 6.746282e+03 1.139553e+04 2.79892 4.742811e-01
8.030000e-01 1.443810e+00 2.129520e+00 2.463772e+00 1.282470e+01 6.762089e+03 1.138936e+04 2.80282 4.755540e-01
8.020000e-01 1.443810e+00 2.130643e+00 2.465053e+00 1.283189e+01 6.777875e+03 1.138317e+04 2.80673 4.768264e-01
8.010000e-01 1.443810e+00 2.131769e+00 2.466339e+00 1.283912e+01 6.793625e+03 1.137696e+04 2.81066 4.780973e-01
8.000000e-01 1.443810e+00 2.132899e+00 2.467629e+00 1.284637e+01 6.809325e+03 1.137074e+04 2.8146 4.793655e-01
7.990000e-01 1.443810e+00 2.134030e+00 2.468921e+00 1.285364e+01 6.824956e+03 1.136450e+04 2.81854 4.806297e-01
7.980000e-01 1.443810e+00 2.135161e+00 2.470212e+00 1.286092e+01 6.840509e+03 1.135826e+04 2.82249 4.818892e-01
7.970000e-01 1.443810e+00 2.136293e+00 2.471505e+00 1.286822e+01 6.855995e+03 1.135200e+04 2.82645 4.831449e-01
7.960000e-01 1.443810e+00 2.137427e+00 2.472800e+00 1.287554e+01 6.871424e+03 1.134573e+04 2.83042 4.843976e-01
7.950000e-01 1.443810e+00 2.138563e+00 2.474098e+00 1.288288e+01 6.886805e+03 1.133945e+04 2.8344 4.856478e-01
7.940000e-01 1.443810e+00 2.139702e+00 2.475399e+00 1.289025e+01 6.902146e+03 1.133314e+04 2.83839 4.868960e-01
7.930000e-01 1.443810e+00 2.140884e+00 2.476755e+00 1.289774e+01 6.917399e+03 1.132673e+04 2.84245 4.881321e-01
7.920000e-01 1.443810e+00 2.141986e+00 2.478010e+00 1.290506e+01 6.932648e+03 1.132049e+04 2.84639 4.893819e-01
7.910000e-01 1.443810e+00 2.143168e+00 2.479365e+00 1.291257e+01 6.947739e+03 1.131407e+04 2.85047 4.906082e-01
7.900000e-01 1.443810e+00 2.144308e+00 2.480668e+00 1.292000e+01 6.962763e+03 1.130773e+04 2.85448 4.918370e-01
7.890000e-01 1.443810e+00 2.145447e+00 2.481968e+00 1.292743e+01 6.977706e+03 1.130138e+04 2.85849 4.930613e-01
7.880000e-01 1.443810e+00 2.146589e+00 2.483271e+00 1.293490e+01 6.992608e+03 1.129502e+04 2.86251 4.942837e-01
7.870000e-01 1.443810e+00 2.147734e+00 2.484578e+00 1.294239e+01 7.007478e+03 1.128863e+04 2.86655 4.955049e-01
7.860000e-01 1.443810e+00 2.148882e+00 2.485891e+00 1.294992e+01 7.022326e+03 1.128221e+04 2.87061 4.967255e-01
7.850000e-01 1.443810e+00 2.150035e+00 2.487208e+00 1.295749e+01 7.037149e+03 1.127577e+04 2.87467 4.979452e-01
7.840000e-01 1.443810e+00 2.151191e+00 2.488529e+00 1.296508e+01 7.051928e+03 1.126931e+04 2.87876 4.991626e-01
7.830000e-01 1.443810e+00 2.152348e+00 2.489852e+00 1.297269e+01 7.066653e+03 1.126283e+04 2.88284 5.003768e-01
7.820000e-01 1.443810e+00 2.153506e+00 2.491175e+00 1.298032e+01 7.081305e+03 1.125633e+04 2.88694 5.015867e-01
7.810000e-01 1.443810e+00 2.154664e+00 2.492498e+00 1.298797e+01 7.095886e+03 1.124983e+04 2.89104 5.027923e-01
7.800000e-01 1.443810e+00 2.155823e+00 2.493823e+00 1.299564e+01 7.110418e+03 1.124331e+04 2.89515 5.039953e-01
7.790000e-01 1.443810e+00 2.156984e+00 2.495150e+00 1.300333e+01 7.124898e+03 1.123677e+04 2.89926 5.051954e-01
7.780000e-01 1.443810e+00 2.158148e+00 2.496481e+00 1.301105e+01 7.139337e+03 1.123021e+04 2.90339 5.063933e-01
7.770000e-01 1.443810e+00 2.159314e+00 2.497814e+00 1.301880e+01 7.153735e+03 1.122362e+04 2.90753 5.075891e-01
7.760000e-01 1.443810e+00 2.160481e+00 2.499147e+00 1.302656e+01 7.168064e+03 1.121702e+04 2.91167 5.087807e-01
7.750000e-01 1.443810e+00 2.161647e+00 2.500481e+00 1.303434e+01 7.182317e+03 1.121042e+04 2.91582 5.099674e-01
7.740000e-01 1.443810e+00 2.162812e+00 2.501812e+00 1.304212e+01 7.196476e+03 1.120381e+04 2.91996 5.111482e-01
7.730000e-01 1.443810e+00 2.163974e+00 2.503139e+00 1.304992e+01 7.210546e+03 1.119718e+04 2.92411 5.123238e-01
7.720000e-01 1.443810e+00 2.165140e+00 2.504471e+00 1.305774e+01 7.224587e+03 1.119054e+04 2.92827 5.134980e-01
7.710000e-01 1.443810e+00 2.166308e+00 2.505804e+00 1.306560e+01 7.238590e+03 1.118387e+04 2.93243 5.146705e-01
7.700000e-01 1.443810e+00 2.167479e+00 2.507142e+00 1.307349e+01 7.252561e+03 1.117717e+04 2.93662 5.158419e-01
7.690000e-01 1.443810e+00 2.168655e+00 2.508487e+00 1.308142e+01 7.266526e+03 1.117044e+04 2.94082 5.170133e-01
7.680000e-01 1.443810e+00 2.169833e+00 2.509833e+00 1.308938e+01 7.280443e+03 1.116368e+04 2.94503 5.181821e-01
7.670000e-01 1.443810e+00 2.171012e+00 2.511180e+00 1.309736e+01 7.294298e+03 1.115691e+04 2.94925 5.193473e-01
7.660000e-01 1.443810e+00 2.172192e+00 2.512530e+00 1.310536e+01 7.308100e+03 1.115012e+04 2.95347 5.205090e-01
7.650000e-01 1.443810e+00 2.173372e+00 2.513878e+00 1.311338e+01 7.321829e+03 1.114331e+04 2.9577 5.216664e-01
7.640000e-01 1.443810e+00 2.174552e+00 2.515227e+00 1.312143e+01 7.335502e+03 1.113649e+04 2.96194 5.228209e-01
7.630000e-01 1.443810e+00 2.175736e+00 2.516580e+00 1.312949e+01 7.349138e+03 1.112964e+04 2.96618 5.239730e-01
7.620000e-01 1.443810e+00 2.176920e+00 2.517934e+00 1.313759e+01 7.362724e+03 1.112277e+04 2.97043 5.251226e-01
7.610000e-01 1.443810e+00 2.178106e+00 2.519290e+00 1.314572e+01 7.376268e+03 1.111588e+04 2.9747 5.262699e-01
7.600000e-01 1.443810e+00 2.179294e+00 2.520648e+00 1.315386e+01 7.389754e+03 1.110897e+04 2.97897 5.274133e-01
7.590000e-01 1.443810e+00 2.180480e+00 2.522005e+00 1.316202e+01 7.403155e+03 1.110205e+04 2.98324 5.285516e-01
7.580000e-01 1.443810e+00 2.181664e+00 2.523357e+00 1.317019e+01 7.416468e+03 1.109512e+04 2.9875 5.296843e-01
7.570000e-01 1.443810e+00 2.182847e+00 2.524708e+00 1.317837e+01 7.429710e+03 1.108818e+04 2.99177 5.308126e-01
7.560000e-01 1.443810e+00 2.184033e+00 2.526063e+00 1.318659e+01 7.442917e+03 1.108121e+04 2.99606 5.319394e-01
7.550000e-01 1.443810e+00 2.185220e+00 2.527419e+00 1.319484e+01 7.456091e+03 1.107422e+04 3.00035 5.330647e-01
7.540000e-01 1.443810e+00 2.186411e+00 2.528780e+00 1.320313e+01 7.469238e+03 1.106718e+04 3.00466 5.341890e-01
7.530000e-01 1.443810e+00 2.187606e+00 2.530146e+00 1.321146e+01 7.482367e+03 1.106012e+04 3.00898 5.353125e-01
7.520000e-01 1.443810e+00 2.188803e+00 2.531514e+00 1.321982e+01 7.495448e+03 1.105303e+04 3.01331 5.364334e-01
7.510000e-01 1.443810e+00 2.190000e+00 2.532883e+00 1.322820e+01 7.508470e+03 1.104592e+04 3.01765 5.375507e-01
7.500000e-01 1.443810e+00 2.191198e+00 2.534252e+00 1.323660e+01 7.521432e+03 1.103879e+04 3.02199 5.386640e-01
7.490000e-01 1.443810e+00 2.192395e+00 2.535621e+00 1.324503e+01 7.534328e+03 1.103165e+04 3.02634 5.397736e-01
7.480000e-01 1.443810e+00 2.193594e+00 2.536991e+00 1.325348e+01 7.547177e+03 1.102448e+04 3.03069 5.408805e-01
7.470000e-01 1.443810e+00 2.194794e+00 2.538364e+00 1.326196e+01 7.559981e+03 1.101729e+04 3.03506 5.419849e-01
7.460000e-01 1.443810e+00 2.195995e+00 2.539738e+00 1.327047e+01 7.572740e+03 1.101007e+04 3.03943 5.430867e-01
7.450000e-01 1.443810e+00 2.197198e+00 2.541114e+00 1.327901e+01 7.585453e+03 1.100283e+04 3.04381 5.441859e-01
7.440000e-01 1.443810e+00 2.198401e+00 2.542490e+00 1.328757e+01 7.598095e+03 1.099557e+04 3.04819 5.452805e-01
7.430000e-01 1.443810e+00 2.199603e+00 2.543864e+00 1.329614e+01 7.610656e+03 1.098831e+04 3.05257 5.463701e-01
7.420000e-01 1.443810e+00 2.200802e+00 2.545234e+00 1.330473e+01 7.623136e+03 1.098103e+04 3.05695 5.474545e-01
7.410000e-01 1.443810e+00 2.202001e+00 2.546604e+00 1.331334e+01 7.635557e+03 1.097373e+04 3.06134 5.485357e-01
7.400000e-01 1.443810e+00 2.203202e+00 2.547977e+00 1.332198e+01 7.647949e+03 1.096640e+04 3.06574 5.496156e-01
7.390000e-01 1.443810e+00 2.204406e+00 2.549354e+00 1.333067e+01 7.660312e+03 1.095904e+04 3.07015 5.506942e-01
7.380000e-01 1.443810e+00 2.205613e+00 2.550734e+00 1.333940e+01 7.672648e+03 1.095164e+04 3.07458 5.517718e-01
7.370000e-01 1.443810e+00 2.206861e+00 2.552167e+00 1.334827e+01 7.684921e+03 1.094411e+04 3.07908 5.528374e-01
7.360000e-01 1.443810e+00 2.208073e+00 2.553554e+00 1.335707e+01 7.697170e+03 1.093665e+04 3.08352 5.539095e-01
7.350000e-01 1.443810e+00 2.209284e+00 2.554940e+00 1.336589e+01 7.709359e+03 1.092918e+04 3.08797 5.549783e-01
7.340000e-01 1.443810e+00 2.210495e+00 2.556325e+00 1.337473e+01 7.721483e+03 1.092168e+04 3.09243 5.560430e-01
7.330000e-01 1.443810e+00 2.211706e+00 2.557710e+00 1.338360e+01 7.733552e+03 1.091416e+04 3.09688 5.571044e-01
7.320000e-01 1.443810e+00 2.212917e+00 2.559097e+00 1.339251e+01 7.745575e+03 1.090662e+04 3.10135 5.581632e-01
7.310000e-01 1.443810e+00 2.214130e+00 2.560484e+00 1.340144e+01 7.757552e+03 1.089905e+04 3.10582 5.592193e-01
7.300000e-01 1.443810e+00 2.215344e+00 2.561874e+00 1.341041e+01 7.769488e+03 1.089144e+04 3.1103 5.602730e-01
7.290000e-01 1.443810e+00 2.216558e+00 2.563263e+00 1.341940e+01 7.781362e+03 1.088382e+04 3.11478 5.613226e-01
7.280000e-01 1.443810e+00 2.217770e+00 2.564651e+00 1.342841e+01 7.793160e+03 1.087618e+04 3.11927 5.623672e-01
7.270000e-01 1.443810e+00 2.218980e+00 2.566034e+00 1.343743e+01 7.804878e+03 1.086853e+04 3.12374 5.634067e-01
7.260000e-01 1.443810e+00 2.220188e+00 2.567416e+00 1.344648e+01 7.816527e+03 1.086086e+04 3.12822 5.644421e-01
7.250000e-01 1.443810e+00 2.221398e+00 2.568799e+00 1.345556e+01 7.828145e+03 1.085315e+04 3.13271 5.654759e-01
7.240000e-01 1.443810e+00 2.222610e+00 2.570186e+00 1.346469e+01 7.839732e+03 1.084541e+04 3.13722 5.665083e-01
7.230000e-01 1.443810e+00 2.223824e+00 2.571575e+00 1.347386e+01 7.851289e+03 1.083763e+04 3.14173 5.675392e-01
7.220000e-01 1.443810e+00 2.225041e+00 2.572968e+00 1.348308e+01 7.862817e+03 1.082981e+04 3.14625 5.685684e-01
7.210000e-01 1.443810e+00 2.226259e+00 2.574362e+00 1.349233e+01 7.874294e+03 1.082196e+04 3.15078 5.695945e-01
7.200000e-01 1.443810e+00 2.227476e+00 2.575755e+00 1.350160e+01 7.885713e+03 1.081408e+04 3.15531 5.706167e-01
7.190000e-01 1.443810e+00 2.228693e+00 2.577148e+00 1.351090e+01 7.897069e+03 1.080618e+04 3.15985 5.716349e-01
7.180000e-01 1.443810e+00 2.229908e+00 2.578539e+00 1.352023e+01 7.908368e+03 1.079826e+04 3.16438 5.726495e-01
7.170000e-01 1.443810e+00 2.231124e+00 2.579930e+00 1.352959e+01 7.919620e+03 1.079030e+04 3.16892 5.736612e-01
7.160000e-01 1.443810e+00 2.232341e+00 2.581323e+00 1.353898e+01 7.930825e+03 1.078231e+04 3.17347 5.746700e-01
7.150000e-01 1.443810e+00 2.233558e+00 2.582716e+00 1.354842e+01 7.941986e+03 1.077430e+04 3.17802 5.756761e-01
7.140000e-01 1.443810e+00 2.234775e+00 2.584110e+00 1.355788e+01 7.953090e+03 1.076625e+04 3.18257 5.766784e-01
7.130000e-01 1.443810e+00 2.235989e+00 2.585499e+00 1.356735e+01 7.964117e+03 1.075819e+04 3.18712 5.776755e-01
7.120000e-01 1.443810e+00 2.237201e+00 2.586885e+00 1.357685e+01 7.975068e+03 1.075011e+04 3.19166 5.786675e-01
7.110000e-01 1.443810e+00 2.238410e+00 2.588269e+00 1.358637e+01 7.985951e+03 1.074200e+04 3.19621 5.796553e-01
7.100000e-01 1.443810e+00 2.239621e+00 2.589654e+00 1.359593e+01 7.996802e+03 1.073386e+04 3.20076 5.806413e-01
7.090000e-01 1.443810e+00 2.240832e+00 2.591040e+00 1.360554e+01 8.007618e+03 1.072567e+04 3.20532 5.816256e-01
7.080000e-01 1.443810e+00 2.242046e+00 2.592429e+00 1.361520e+01 8.018403e+03 1.071745e+04 3.20989 5.826081e-01
7.070000e-01 1.443810e+00 2.243262e+00 2.593821e+00 1.362490e+01 8.029157e+03 1.070918e+04 3.21447 5.835885e-01
7.060000e-01 1.443810e+00 2.244477e+00 2.595213e+00 1.363464e+01 8.039861e+03 1.070087e+04 3.21905 5.845655e-01
7.050000e-01 1.443810e+00 2.245692e+00 2.596602e+00 1.364440e+01 8.050500e+03 1.069253e+04 3.22363 5.855384e-01
7.040000e-01 1.443810e+00 2.246904e+00 2.597990e+00 1.365420e+01 8.061081e+03 1.068417e+04 3.22821 5.865070e-01
7.030000e-01 1.443810e+00 2.248117e+00 2.599378e+00 1.366402e+01 8.071610e+03 1.067578e+04 3.23279 5.874722e-01
7.020000e-01 1.443810e+00 2.249326e+00 2.600762e+00 1.367389e+01 8.082081e+03 1.066735e+04 3.23737 5.884338e-01
7.010000e-01 1.443810e+00 2.250537e+00 2.602148e+00 1.368379e+01 8.092508e+03 1.065889e+04 3.24195 5.893923e-01
7.000000e-01 1.443810e+00 2.251749e+00 2.603536e+00 1.369373e+01 8.102896e+03 1.065039e+04 3.24654 5.903481e-01
6.990000e-01 1.443810e+00 2.252957e+00 2.604918e+00 1.370370e+01 8.113211e+03 1.064186e+04 3.25112 5.912991e-01
6.980000e-01 1.443810e+00 2.254162e+00 2.606298e+00 1.371368e+01 8.123451e+03 1.063331e+04 3.2557 5.922448e-01
6.970000e-01 1.443810e+00 2.255402e+00 2.607721e+00 1.372379e+01 8.133593e+03 1.062464e+04 3.26033 5.931752e-01
6.960000e-01 1.443810e+00 2.256603e+00 2.609095e+00 1.373384e+01 8.143696e+03 1.061604e+04 3.2649 5.941117e-01
6.950000e-01 1.443810e+00 2.257805e+00 2.610470e+00 1.374393e+01 8.153766e+03 1.060740e+04 3.26948 5.950468e-01
6.940000e-01 1.443810e+00 2.259008e+00 2.611846e+00 1.375407e+01 8.163804e+03 1.059871e+04 3.27406 5.959799e-01
6.930000e-01 1.443810e+00 2.260212e+00 2.613225e+00 1.376427e+01 8.173803e+03 1.058998e+04 3.27866 5.969109e-01
6.920000e-01 1.443810e+00 2.261417e+00 2.614605e+00 1.377451e+01 8.183761e+03 1.058120e+04 3.28326 5.978392e-01
6.910000e-01 1.443810e+00 2.262621e+00 2.615985e+00 1.378479e+01 8.193663e+03 1.057239e+04 3.28786 5.987638e-01
6.900000e-01 1.443810e+00 2.263823e+00 2.617362e+00 1.379511e+01 8.203498e+03 1.056355e+04 3.29247 5.996841e-01
6.890000e-01 1.443810e+00 2.265024e+00 2.618737e+00 1.380545e+01 8.213271e+03 1.055469e+04 3.29706 6.006001e-01
6.880000e-01 1.443810e+00 2.266223e+00 2.620111e+00 1.381584e+01 8.222993e+03 1.054579e+04 3.30166 6.015128e-01
6.870000e-01 1.443810e+00 2.267420e+00 2.621482e+00 1.382626e+01 8.232654e+03 1.053685e+04 3.30626 6.024217e-01
6.860000e-01 1.443810e+00 2.268617e+00 2.622854e+00 1.383673e+01 8.242270e+03 1.052788e+04 3.31086 6.033274e-01
6.850000e-01 1.443810e+00 2.269813e+00 2.624226e+00 1.384724e+01 8.251835e+03 1.051887e+04 3.31547 6.042296e-01
6.840000e-01 1.443810e+00 2.271006e+00 2.625592e+00 1.385777e+01 8.261322e+03 1.050983e+04 3.32006 6.051264e-01
6.830000e-01 1.443810e+00 2.272195e+00 2.626954e+00 1.386833e+01 8.270737e+03 1.050077e+04 3.32464 6.060179e-01
6.820000e-01 1.443810e+00 2.273380e+00 2.628311e+00 1.387891e+01 8.280077e+03 1.049168e+04 3.32922 6.069045e-01
6.810000e-01 1.443810e+00 2.274563e+00 2.629667e+00 1.388954e+01 8.289371e+03 1.048255e+04 3.3338 6.077882e-01
6.800000e-01 1.443810e+00 2.275747e+00 2.631023e+00 1.390023e+01 8.298633e+03 1.047337e+04 3.33838 6.086699e-01
6.790000e-01 1.443810e+00 2.276930e+00 2.632379e+00 1.391098e+01 8.307852e+03 1.046413e+04 3.34296 6.095485e-01
6.780000e-01 1.443810e+00 2.278114e+00 2.633735e+00 1.392178e+01 8.317033e+03 1.045484e+04 3.34755 6.104244e-01
6.770000e-01 1.443810e+00 2.279296e+00 2.635090e+00 1.393263e+01 8.326164e+03 1.044550e+04 3.35213 6.112964e-01
6.760000e-01 1.443810e+00 2.280475e+00 2.636441e+00 1.394351e+01 8.335230e+03 1.043613e+04 3.35671 6.121637e-01
6.750000e-01 1.443810e+00 2.281650e+00 2.637789e+00 1.395443e+01 8.344234e+03 1.042672e+04 3.36127 6.130263e-01
6.740000e-01 1.443810e+00 2.282823e+00 2.639133e+00 1.396538e+01 8.353179e+03 1.041727e+04 3.36583 6.138846e-01
6.730000e-01 1.443810e+00 2.283993e+00 2.640473e+00 1.397638e+01 8.362067e+03 1.040778e+04 3.37038 6.147389e-01
6.720000e-01 1.443810e+00 2.285162e+00 2.641812e+00 1.398742e+01 8.370902e+03 1.039825e+04 3.37493 6.155891e-01
6.710000e-01 1.443810e+00 2.286328e+00 2.643149e+00 1.399852e+01 8.379688e+03 1.038867e+04 3.37948 6.164359e-01
6.700000e-01 1.443810e+00 2.287491e+00 2.644482e+00 1.400964e+01 8.388403e+03 1.037906e+04 3.38402 6.172774e-01
6.690000e-01 1.443810e+00 2.288648e+00 2.645808e+00 1.402080e+01 8.397038e+03 1.036942e+04 3.38854 6.181130e-01
6.680000e-01 1.443810e+00 2.289835e+00 2.647172e+00 1.403208e+01 8.405571e+03 1.035966e+04 3.3931 6.189327e-01
6.670000e-01 1.443810e+00 2.290986e+00 2.648490e+00 1.404331e+01 8.414077e+03 1.034994e+04 3.39761 6.197589e-01
6.660000e-01 1.443810e+00 2.292135e+00 2.649807e+00 1.405460e+01 8.422543e+03 1.034017e+04 3.40212 6.205827e-01
6.650000e-01 1.443810e+00 2.293284e+00 2.651124e+00 1.406596e+01 8.430967e+03 1.033034e+04 3.40663 6.214036e-01
6.640000e-01 1.443810e+00 2.294431e+00 2.652439e+00 1.407737e+01 8.439346e+03 1.032045e+04 3.41114 6.222213e-01
6.630000e-01 1.443810e+00 2.295576e+00 2.653753e+00 1.408884e+01 8.447674e+03 1.031052e+04 3.41564 6.230349e-01
6.620000e-01 1.443810e+00 2.296718e+00 2.655062e+00 1.410035e+01 8.455936e+03 1.030054e+04 3.42013 6.238435e-01
6.610000e-01 1.443810e+00 2.297856e+00 2.656366e+00 1.411190e+01 8.464131e+03 1.029053e+04 3.42461 6.246473e-01
6.600000e-01 1.443810e+00 2.298989e+00 2.657667e+00 1.412349e+01 8.472264e+03 1.028047e+04 3.42908 6.254463e-01
6.590000e-01 1.443810e+00 2.300119e+00 2.658962e+00 1.413513e+01 8.480338e+03 1.027036e+04 3.43353 6.262407e-01
6.580000e-01 1.443810e+00 2.301244e+00 2.660253e+00 1.414682e+01 8.488354e+03 1.026021e+04 3.43798 6.270304e-01
6.570000e-01 1.443810e+00 2.302366e+00 2.661539e+00 1.415856e+01 8.496318e+03 1.025000e+04 3.44241 6.278156e-01
6.560000e-01 1.443810e+00 2.303484e+00 2.662821e+00 1.417035e+01 8.504214e+03 1.023974e+04 3.44683 6.285955e-01
6.550000e-01 1.443810e+00 2.304595e+00 2.664094e+00 1.418216e+01 8.512027e+03 1.022946e+04 3.45123 6.293688e-01
6.540000e-01 1.443810e+00 2.305700e+00 2.665360e+00 1.419400e+01 8.519768e+03 1.021914e+04 3.45561 6.301366e-01
6.530000e-01 1.443810e+00 2.306800e+00 2.666619e+00 1.420590e+01 8.527451e+03 1.020877e+04 3.45998 6.308997e-01
6.520000e-01 1.443810e+00 2.307897e+00 2.667877e+00 1.421786e+01 8.535090e+03 1.019832e+04 3.46434 6.316596e-01
6.510000e-01 1.443810e+00 2.308992e+00 2.669131e+00 1.422990e+01 8.542683e+03 1.018781e+04 3.46869 6.324153e-01
6.500000e-01 1.443810e+00 2.310083e+00 2.670382e+00 1.424200e+01 8.550228e+03 1.017724e+04 3.47303 6.331670e-01
6.490000e-01 1.443810e+00 2.311170e+00 2.671628e+00 1.425415e+01 8.557717e+03 1.016660e+04 3.47735 6.339136e-01
6.480000e-01 1.443810e+00 2.312251e+00 2.672867e+00 1.426636e+01 8.565139e+03 1.015591e+04 3.48166 6.346546e-01
6.470000e-01 1.443810e+00 2.313357e+00 2.674139e+00 1.427870e+01 8.572460e+03 1.014509e+04 3.48599 6.353792e-01
6.460000e-01 1.443810e+00 2.314429e+00 2.675366e+00 1.429101e+01 8.579746e+03 1.013430e+04 3.49025 6.361084e-01
6.450000e-01 1.443810e+00 2.315494e+00 2.676586e+00 1.430336e+01 8.586971e+03 1.012346e+04 3.4945 6.368329e-01
6.440000e-01 1.443810e+00 2.316553e+00 2.677801e+00 1.431576e+01 8.594133e+03 1.011256e+04 3.49874 6.375522e-01
6.430000e-01 1.443810e+00 2.317609e+00 2.679010e+00 1.432823e+01 8.601238e+03 1.010161e+04 3.50295 6.382667e-01
6.420000e-01 1.443810e+00 2.318656e+00 2.680211e+00 1.434074e+01 8.608265e+03 1.009061e+04 3.50714 6.389746e-01
6.410000e-01 1.443810e+00 2.319697e+00 2.681403e+00 1.435328e+01 8.615210e+03 1.007958e+04 3.51131 6.396760e-01
6.400000e-01 1.443810e+00 2.320731e+00 2.682586e+00 1.436586e+01 8.622079e+03 1.006851e+04 3.51546 6.403715e-01
6.390000e-01 1.443810e+00 2.321760e+00 2.683765e+00 1.437852e+01 8.628890e+03 1.005737e+04 3.5196 6.410627e-01
6.380000e-01 1.443810e+00 2.322785e+00 2.684939e+00 1.439125e+01 8.635650e+03 1.004617e+04 3.52372 6.417499e-01
6.370000e-01 1.443810e+00 2.323806e+00 2.686110e+00 1.440405e+01 8.642354e+03 1.003489e+04 3.52783 6.424326e-01
6.360000e-01 1.443810e+00 2.324822e+00 2.687275e+00 1.441693e+01 8.649004e+03 1.002355e+04 3.53193 6.431106e-01
6.350000e-01 1.443810e+00 2.325833e+00 2.688435e+00 1.442987e+01 8.655587e+03 1.001215e+04 3.536 6.437829e-01
6.340000e-01 1.443810e+00 2.326837e+00 2.689586e+00 1.444286e+01 8.662097e+03 1.000069e+04 3.54005 6.444489e-01
6.330000e-01 1.443810e+00 2.327833e+00 2.690729e+00 1.445591e+01 8.668533e+03 9.989187e+03 3.54408 6.451089e-01
6.320000e-01 1.443810e+00 2.328824e+00 2.691865e+00 1.446901e+01 8.674903e+03 9.977628e+03 3.54809 6.457633e-01
6.310000e-01 1.443810e+00 2.329807e+00 2.692993e+00 1.448217e+01 8.681202e+03 9.966008e+03 3.55207 6.464118e-01
6.300000e-01 1.443810e+00 2.330783e+00 2.694114e+00 1.449540e+01 8.687436e+03 9.954330e+03 3.55603 6.470547e-01
6.290000e-01 1.443810e+00 2.331754e+00 2.695228e+00 1.450869e+01 8.693601e+03 9.942592e+03 3.55997 6.476917e-01
6.280000e-01 1.443810e+00 2.332743e+00 2.696366e+00 1.452211e+01 8.699645e+03 9.930716e+03 3.56392 6.483105e-01
6.270000e-01 1.443810e+00 2.333696e+00 2.697460e+00 1.453549e+01 8.705641e+03 9.918888e+03 3.5678 6.489327e-01
6.260000e-01 1.443810e+00 2.334640e+00 2.698542e+00 1.454892e+01 8.711565e+03 9.907005e+03 3.57165 6.495491e-01
6.250000e-01 1.443810e+00 2.335577e+00 2.699617e+00 1.456244e+01 8.717434e+03 9.895038e+03 3.57547 6.501606e-01
6.240000e-01 1.443810e+00 2.336507e+00 2.700683e+00 1.457605e+01 8.723244e+03 9.882985e+03 3.57927 6.507662e-01
6.230000e-01 1.443810e+00 2.337430e+00 2.701743e+00 1.458973e+01 8.728994e+03 9.870851e+03 3.58303 6.513659e-01
6.220000e-01 1.443810e+00 2.338345e+00 2.702793e+00 1.460349e+01 8.734680e+03 9.858639e+03 3.58677 6.519591e-01
6.210000e-01 1.443810e+00 2.339251e+00 2.703832e+00 1.461731e+01 8.740291e+03 9.846361e+03 3.59047 6.525451e-01
6.200000e-01 1.443810e+00 2.340147e+00 2.704860e+00 1.463120e+01 8.745826e+03 9.834020e+03 3.59413 6.531237e-01
6.190000e-01 1.443810e+00 2.341033e+00 2.705876e+00 1.464514e+01 8.751285e+03 9.821615e+03 3.59775 6.536950e-01
6.180000e-01 1.443810e+00 2.339449e+00 2.704101e+00 1.465077e+01 8.762910e+03 9.817618e+03 3.59679 6.552741e-01
6.170000e-01 1.443810e+00 2.342783e+00 2.707884e+00 1.467326e+01 8.761979e+03 9.796568e+03 3.60489 6.548133e-01
6.160000e-01 1.443810e+00 2.341147e+00 2.706049e+00 1.467888e+01 8.773537e+03 9.792549e+03 3.60379 6.563934e-01
6.150000e-01 1.443810e+00 2.344485e+00 2.709834e+00 1.470162e+01 8.772389e+03 9.771255e+03 3.61186 6.559051e-01
6.140000e-01 1.443810e+00 2.342789e+00 2.707930e+00 1.470723e+01 8.783848e+03 9.767216e+03 3.61058 6.574812e-01
6.130000e-01 1.443810e+00 2.346141e+00 2.711730e+00 1.473019e+01 8.782453e+03 9.745725e+03 3.61866 6.569649e-01
6.120000e-01 1.443810e+00 2.344394e+00 2.709769e+00 1.473581e+01 8.793843e+03 9.741653e+03 3.61725 6.585411e-01
6.110000e-01 1.443810e+00 2.347759e+00 2.713582e+00 1.475910e+01 8.792243e+03 9.719860e+03 3.62531 6.579980e-01
6.100000e-01 1.443810e+00 2.345968e+00 2.711574e+00 1.476475e+01 8.803575e+03 9.715748e+03 3.62379 6.595764e-01
6.090000e-01 1.443810e+00 2.349368e+00 2.715429e+00 1.478848e+01 8.801717e+03 9.693560e+03 3.63186 6.589944e-01
6.080000e-01 1.443810e+00 2.347523e+00 2.713361e+00 1.479412e+01 8.812993e+03 9.689451e+03 3.63022 6.605772e-01
6.070000e-01 1.443810e+00 2.350915e+00 2.717203e+00 1.481807e+01 8.810912e+03 9.667076e+03 3.63824 6.599726e-01
6.060000e-01 1.443810e+00 2.349016e+00 2.715076e+00 1.482372e+01 8.822100e+03 9.662946e+03 3.63645 6.615541e-01
6.050000e-01 1.443810e+00 2.352420e+00 2.718931e+00 1.484796e+01 8.819775e+03 9.640343e+03 3.64447 6.609218e-01
6.040000e-01 1.443810e+00 2.350471e+00 2.716748e+00 1.485362e+01 8.830885e+03 9.636185e+03 3.64255 6.625027e-01
6.030000e-01 1.443810e+00 2.353881e+00 2.720610e+00 1.487816e+01 8.828320e+03 9.613318e+03 3.65054 6.618411e-01
6.020000e-01 1.443810e+00 2.351875e+00 2.718362e+00 1.488383e+01 8.839349e+03 9.609132e+03 3.64846 6.634209e-01
6.010000e-01 1.443810e+00 2.355293e+00 2.722231e+00 1.490864e+01 8.836517e+03 9.586033e+03 3.65642 6.627269e-01
6.000000e-01 1.443810e+00 2.353222e+00 2.719908e+00 1.491429e+01 8.847450e+03 9.581823e+03 3.65415 6.643027e-01
5.990000e-01 1.443810e+00 2.356672e+00 2.723814e+00 1.493951e+01 8.844332e+03 9.558349e+03 3.6621 6.635663e-01
5.980000e-01 1.443810e+00 2.354538e+00 2.721421e+00 1.494516e+01 8.855226e+03 9.554125e+03 3.65968 6.651485e-01
5.970000e-01 1.443810e+00 2.357978e+00 2.725312e+00 1.497071e+01 8.851892e+03 9.530337e+03 3.66754 6.643831e-01
5.960000e-01 1.443810e+00 2.355787e+00 2.722856e+00 1.497638e+01 8.862727e+03 9.526067e+03 3.66496 6.659660e-01
5.950000e-01 1.443810e+00 2.359228e+00 2.726744e+00 1.500231e+01 8.859133e+03 9.501920e+03 3.67273 6.651634e-01
5.940000e-01 1.443810e+00 2.356976e+00 2.724220e+00 1.500798e+01 8.869885e+03 9.497616e+03 3.66998 6.667441e-01
5.930000e-01 1.443810e+00 2.360421e+00 2.728111e+00 1.503423e+01 8.866027e+03 9.473190e+03 3.67769 6.659061e-01
5.920000e-01 1.443810e+00 2.358103e+00 2.725513e+00 1.503990e+01 8.876698e+03 9.468851e+03 3.67475 6.674852e-01
5.910000e-01 1.443810e+00 2.361554e+00 2.729408e+00 1.506650e+01 8.872568e+03 9.444113e+03 3.68241 6.666110e-01
5.900000e-01 1.443810e+00 2.359181e+00 2.726750e+00 1.507219e+01 8.883165e+03 9.439738e+03 3.67931 6.681887e-01
5.890000e-01 1.443810e+00 2.362655e+00 2.730672e+00 1.509924e+01 8.878715e+03 9.414621e+03 3.68692 6.672690e-01
5.880000e-01 1.443810e+00 2.360206e+00 2.727925e+00 1.510488e+01 8.889225e+03 9.410260e+03 3.68363 6.688480e-01
5.870000e-01 1.443810e+00 2.363683e+00 2.731851e+00 1.513216e+01 8.884511e+03 9.385008e+03 3.69124 6.679040e-01
5.860000e-01 1.443810e+00 2.361176e+00 2.729039e+00 1.513782e+01 8.894951e+03 9.380616e+03 3.68779 6.694845e-01
5.850000e-01 1.443810e+00 2.364656e+00 2.732966e+00 1.516555e+01 8.889957e+03 9.355011e+03 3.69534 6.685061e-01
5.840000e-01 1.443810e+00 2.362096e+00 2.730100e+00 1.517126e+01 8.900336e+03 9.350575e+03 3.69176 6.700887e-01
5.830000e-01 1.443810e+00 2.365574e+00 2.734023e+00 1.519941e+01 8.895068e+03 9.324606e+03 3.69921 6.690722e-01
5.820000e-01 1.443810e+00 2.366010e+00 2.734523e+00 1.521653e+01 8.897464e+03 9.309214e+03 3.70104 6.693351e-01
5.810000e-01 1.443810e+00 2.366426e+00 2.735001e+00 1.523371e+01 8.899783e+03 9.293769e+03 3.70278 6.695902e-01
5.800000e-01 1.443810e+00 2.366822e+00 2.735457e+00 1.525098e+01 8.902009e+03 9.278234e+03 3.70445 6.698343e-01
5.790000e-01 1.443810e+00 2.367197e+00 2.735885e+00 1.526837e+01 8.904130e+03 9.262584e+03 3.70602 6.700664e-01
5.780000e-01 1.443810e+00 2.367558e+00 2.736299e+00 1.528585e+01 8.906163e+03 9.246851e+03 3.70753 6.702885e-01
5.770000e-01 1.443810e+00 2.367923e+00 2.736721e+00 1.530354e+01 8.908062e+03 9.230929e+03 3.709 6.704888e-01
5.760000e-01 1.443810e+00 2.368245e+00 2.737086e+00 1.532123e+01 8.909886e+03 9.215007e+03 3.71034 6.706868e-01
5.750000e-01 1.443810e+00 2.368551e+00 2.737435e+00 1.533899e+01 8.911613e+03 9.199028e+03 3.71162 6.708750e-01
5.740000e-01 1.443810e+00 2.368841e+00 2.737768e+00 1.535686e+01 8.913251e+03 9.182963e+03 3.71284 6.710539e-01
5.730000e-01 1.443810e+00 2.369113e+00 2.738077e+00 1.537488e+01 8.914785e+03 9.166771e+03 3.71398 6.712226e-01
5.720000e-01 1.443810e+00 2.369374e+00 2.738376e+00 1.539304e+01 8.916225e+03 9.150488e+03 3.71509 6.713834e-01
5.710000e-01 1.443810e+00 2.369622e+00 2.738663e+00 1.541133e+01 8.917577e+03 9.134107e+03 3.71615 6.715353e-01
5.700000e-01 1.443810e+00 2.369851e+00 2.738927e+00 1.542975e+01 8.918820e+03 9.117624e+03 3.71713 6.716765e-01
5.690000e-01 1.443810e+00 2.370062e+00 2.739171e+00 1.544828e+01 8.919960e+03 9.101056e+03 3.71804 6.718066e-01
5.680000e-01 1.443810e+00 2.370254e+00 2.739394e+00 1.546691e+01 8.921004e+03 9.084398e+03 3.71886 6.719245e-01
5.670000e-01 1.443810e+00 2.370441e+00 2.739610e+00 1.548576e+01 8.921892e+03 9.067529e+03 3.71959 6.720177e-01
5.660000e-01 1.443810e+00 2.370588e+00 2.739777e+00 1.550465e+01 8.922716e+03 9.050638e+03 3.72021 6.721083e-01
5.650000e-01 1.443810e+00 2.370717e+00 2.739926e+00 1.552365e+01 8.923447e+03 9.033654e+03 3.72075 6.721879e-01
5.640000e-01 1.443810e+00 2.370820e+00 2.740043e+00 1.554276e+01 8.924063e+03 9.016566e+03 3.72118 6.722538e-01
5.630000e-01 1.443810e+00 2.370905e+00 2.740137e+00 1.556197e+01 8.924567e+03 8.999409e+03 3.72153 6.723077e-01
5.620000e-01 1.443810e+00 2.370971e+00 2.740211e+00 1.558128e+01 8.924972e+03 8.982173e+03 3.7218 6.723499e-01
5.610000e-01 1.443810e+00 2.371015e+00 2.740259e+00 1.560076e+01 8.925267e+03 8.964807e+03 3.72199 6.723808e-01
5.600000e-01 1.443810e+00 2.371047e+00 2.740295e+00 1.562040e+01 8.925457e+03 8.947336e+03 3.72213 6.724026e-01
5.590000e-01 1.443810e+00 2.371066e+00 2.740320e+00 1.564018e+01 8.925552e+03 8.929777e+03 3.72223 6.724159e-01
5.580000e-01 1.443810e+00 2.371065e+00 2.740319e+00 1.566013e+01 8.925530e+03 8.912102e+03 3.72224 6.724179e-01
5.588256e-01 1.443810e+00 2.371370e+00 2.740697e+00 1.564513e+01 8.924864e+03 8.925373e+03 3.72258 6.722559e-01
