1.000000e+00 1.558530e+00 1.990282e+00 2.319485e+00 1.155978e+01 0.000000e+00 1.307494e+04 0 0.000000e+00
9.990000e-01 1.558530e+00 1.991312e+00 2.320446e+00 1.156643e+01 5.019521e+02 1.301558e+04 2.22867 3.210089e-02
9.980000e-01 1.558530e+00 1.992090e+00 2.321321e+00 1.157080e+01 7.150803e+02 1.299125e+04 2.23274 4.577864e-02
9.970000e-01 1.558530e+00 1.992849e+00 2.322167e+00 1.157516e+01 8.777641e+02 1.297226e+04 2.23555 5.622125e-02
9.960000e-01 1.558530e+00 1.993007e+00 2.322271e+00 1.157788e+01 1.022757e+03 1.295684e+04 2.2599 6.621113e-02
9.950000e-01 1.558530e+00 1.994393e+00 2.323891e+00 1.158395e+01 1.136306e+03 1.294135e+04 2.24084 7.284035e-02
9.940000e-01 1.558530e+00 1.994575e+00 2.324031e+00 1.158670e+01 1.252696e+03 1.292902e+04 2.25714 8.087077e-02
9.930000e-01 1.558530e+00 1.995959e+00 2.325656e+00 1.159276e+01 1.347962e+03 1.291543e+04 2.24589 8.646680e-02
9.920000e-01 1.558530e+00 1.996179e+00 2.325852e+00 1.159557e+01 1.448279e+03 1.290484e+04 2.25857 9.340594e-02
9.910000e-01 1.558530e+00 1.997519e+00 2.327428e+00 1.160151e+01 1.531879e+03 1.289255e+04 2.2507 9.832131e-02
9.900000e-01 1.558530e+00 1.997766e+00 2.327660e+00 1.160437e+01 1.620338e+03 1.288316e+04 2.2609 1.044442e-01
9.890000e-01 1.558530e+00 1.999107e+00 2.329234e+00 1.161031e+01 1.694085e+03 1.287184e+04 2.25567 1.087991e-01
9.880000e-01 1.558530e+00 1.999312e+00 2.329406e+00 1.161313e+01 1.773404e+03 1.286342e+04 2.26383 1.142819e-01
9.870000e-01 1.558530e+00 2.000651e+00 2.330966e+00 1.161910e+01 1.839247e+03 1.285284e+04 2.26056 1.181952e-01
9.860000e-01 1.558530e+00 2.000821e+00 2.331085e+00 1.162190e+01 1.912113e+03 1.284510e+04 2.26751 1.232350e-01
9.850000e-01 1.558530e+00 2.002222e+00 2.332715e+00 1.162805e+01 1.973219e+03 1.283483e+04 2.26561 1.268888e-01
9.840000e-01 1.558530e+00 2.002379e+00 2.332819e+00 1.163085e+01 2.042113e+03 1.282757e+04 2.27203 1.316703e-01
9.830000e-01 1.558530e+00 2.003785e+00 2.334457e+00 1.163704e+01 2.100484e+03 1.281755e+04 2.27056 1.351570e-01
9.820000e-01 1.558530e+00 2.003974e+00 2.334606e+00 1.163989e+01 2.166021e+03 1.281064e+04 2.27668 1.397228e-01
9.810000e-01 1.558530e+00 2.005386e+00 2.336257e+00 1.164610e+01 2.221813e+03 1.280088e+04 2.27557 1.430507e-01
9.800000e-01 1.558530e+00 2.005591e+00 2.336430e+00 1.164898e+01 2.284013e+03 1.279431e+04 2.28126 1.473925e-01
9.790000e-01 1.558530e+00 2.007003e+00 2.338083e+00 1.165518e+01 2.336912e+03 1.278484e+04 2.2806 1.505507e-01
9.780000e-01 1.558530e+00 2.007203e+00 2.338250e+00 1.165805e+01 2.395909e+03 1.277860e+04 2.2858 1.546724e-01
9.770000e-01 1.558530e+00 2.008617e+00 2.339905e+00 1.166425e+01 2.445941e+03 1.276941e+04 2.28562 1.576680e-01
9.760000e-01 1.558530e+00 2.008808e+00 2.340059e+00 1.166712e+01 2.502223e+03 1.276345e+04 2.29044 1.616053e-01
9.750000e-01 1.558530e+00 2.010231e+00 2.341724e+00 1.167336e+01 2.550067e+03 1.275444e+04 2.29066 1.644782e-01
9.740000e-01 1.558530e+00 2.010427e+00 2.341884e+00 1.167625e+01 2.604221e+03 1.274870e+04 2.29526 1.682753e-01
9.730000e-01 1.558530e+00 2.011859e+00 2.343562e+00 1.168253e+01 2.650414e+03 1.273981e+04 2.29574 1.710525e-01
9.720000e-01 1.558530e+00 2.012068e+00 2.343740e+00 1.168545e+01 2.702805e+03 1.273424e+04 2.3002 1.747361e-01
9.710000e-01 1.558530e+00 2.013506e+00 2.345427e+00 1.169175e+01 2.747490e+03 1.272548e+04 2.30087 1.774228e-01
9.700000e-01 1.558530e+00 2.013716e+00 2.345606e+00 1.169468e+01 2.797964e+03 1.272010e+04 2.30509 1.809763e-01
9.690000e-01 1.558530e+00 2.015154e+00 2.347292e+00 1.170098e+01 2.840745e+03 1.271151e+04 2.306 1.835532e-01
9.680000e-01 1.558530e+00 2.015342e+00 2.347442e+00 1.170387e+01 2.889163e+03 1.270634e+04 2.3099 1.869628e-01
9.670000e-01 1.558530e+00 2.016781e+00 2.349126e+00 1.171018e+01 2.929914e+03 1.269792e+04 2.3111 1.894278e-01
9.660000e-01 1.558530e+00 2.016951e+00 2.349248e+00 1.171306e+01 2.976665e+03 1.269292e+04 2.31478 1.927242e-01
9.650000e-01 1.558530e+00 2.018403e+00 2.350946e+00 1.171942e+01 3.016188e+03 1.268457e+04 2.31622 1.951238e-01
9.640000e-01 1.558530e+00 2.018581e+00 2.351078e+00 1.172235e+01 3.061882e+03 1.267967e+04 2.31986 1.983559e-01
9.630000e-01 1.558530e+00 2.020046e+00 2.352791e+00 1.172877e+01 3.100647e+03 1.267135e+04 2.3214 2.007094e-01
9.620000e-01 1.558530e+00 2.020240e+00 2.352946e+00 1.173173e+01 3.145393e+03 1.266654e+04 2.32502 2.038839e-01
9.610000e-01 1.558530e+00 2.021712e+00 2.354670e+00 1.173819e+01 3.183396e+03 1.265828e+04 2.32664 2.061900e-01
9.600000e-01 1.558530e+00 2.021914e+00 2.354838e+00 1.174117e+01 3.227086e+03 1.265358e+04 2.33018 2.092961e-01
9.590000e-01 1.558530e+00 2.023391e+00 2.356568e+00 1.174764e+01 3.264108e+03 1.264540e+04 2.3319 2.115444e-01
9.580000e-01 1.558530e+00 2.023590e+00 2.356730e+00 1.175063e+01 3.306642e+03 1.264081e+04 2.33531 2.145726e-01
9.570000e-01 1.558530e+00 2.025072e+00 2.358465e+00 1.175712e+01 3.342578e+03 1.263271e+04 2.33717 2.167597e-01
9.560000e-01 1.558530e+00 2.025266e+00 2.358621e+00 1.176011e+01 3.384086e+03 1.262821e+04 2.34048 2.197203e-01
9.550000e-01 1.558530e+00 2.026757e+00 2.360367e+00 1.176664e+01 3.419174e+03 1.262015e+04 2.34247 2.218602e-01
9.540000e-01 1.558530e+00 2.026954e+00 2.360528e+00 1.176965e+01 3.459832e+03 1.261572e+04 2.34573 2.247668e-01
9.530000e-01 1.558530e+00 2.028455e+00 2.362286e+00 1.177622e+01 3.494252e+03 1.260769e+04 2.34781 2.268683e-01
9.520000e-01 1.558530e+00 2.028660e+00 2.362457e+00 1.177926e+01 3.534154e+03 1.260332e+04 2.35103 2.297275e-01
9.510000e-01 1.558530e+00 2.030166e+00 2.364223e+00 1.178585e+01 3.567848e+03 1.259534e+04 2.35318 2.317855e-01
9.500000e-01 1.558530e+00 2.030367e+00 2.364389e+00 1.178888e+01 3.606804e+03 1.259106e+04 2.3563 2.345804e-01
9.490000e-01 1.558530e+00 2.031874e+00 2.366156e+00 1.179547e+01 3.639495e+03 1.258316e+04 2.35856 2.365817e-01
9.480000e-01 1.558530e+00 2.032058e+00 2.366298e+00 1.179848e+01 3.677406e+03 1.257900e+04 2.36152 2.393035e-01
9.470000e-01 1.558530e+00 2.033570e+00 2.368068e+00 1.180509e+01 3.709094e+03 1.257117e+04 2.36392 2.412513e-01
9.460000e-01 1.558530e+00 2.034406e+00 2.369007e+00 1.180989e+01 3.743424e+03 1.256522e+04 2.36658 2.435580e-01
9.450000e-01 1.558530e+00 2.035258e+00 2.369966e+00 1.181474e+01 3.777517e+03 1.255925e+04 2.36929 2.458513e-01
9.440000e-01 1.558530e+00 2.036116e+00 2.370933e+00 1.181963e+01 3.811422e+03 1.255329e+04 2.37201 2.481337e-01
9.430000e-01 1.558530e+00 2.036980e+00 2.371908e+00 1.182453e+01 3.845129e+03 1.254733e+04 2.37475 2.504046e-01
9.420000e-01 1.558530e+00 2.037849e+00 2.372890e+00 1.182945e+01 3.878599e+03 1.254138e+04 2.3775 2.526611e-01
9.410000e-01 1.558530e+00 2.038721e+00 2.373875e+00 1.183438e+01 3.911792e+03 1.253544e+04 2.38026 2.549007e-01
9.400000e-01 1.558530e+00 2.039594e+00 2.374863e+00 1.183931e+01 3.944666e+03 1.252954e+04 2.38302 2.571207e-01
9.390000e-01 1.558530e+00 2.040468e+00 2.375851e+00 1.184425e+01 3.977196e+03 1.252366e+04 2.38578 2.593196e-01
9.380000e-01 1.558530e+00 2.041341e+00 2.376839e+00 1.184920e+01 4.009390e+03 1.251781e+04 2.38855 2.614979e-01
9.370000e-01 1.558530e+00 2.042216e+00 2.377827e+00 1.185415e+01 4.041305e+03 1.251197e+04 2.39132 2.636595e-01
9.360000e-01 1.558530e+00 2.043092e+00 2.378817e+00 1.185912e+01 4.072982e+03 1.250614e+04 2.3941 2.658070e-01
9.350000e-01 1.558530e+00 2.043972e+00 2.379812e+00 1.186410e+01 4.104446e+03 1.250033e+04 2.39689 2.679420e-01
9.340000e-01 1.558530e+00 2.044856e+00 2.380811e+00 1.186911e+01 4.135726e+03 1.249451e+04 2.3997 2.700663e-01
9.330000e-01 1.558530e+00 2.045743e+00 2.381816e+00 1.187413e+01 4.166815e+03 1.248870e+04 2.40251 2.721792e-01
9.320000e-01 1.558530e+00 2.046633e+00 2.382824e+00 1.187916e+01 4.197654e+03 1.248291e+04 2.40534 2.742770e-01
9.310000e-01 1.558530e+00 2.047523e+00 2.383832e+00 1.188419e+01 4.228182e+03 1.247713e+04 2.40816 2.763555e-01
9.300000e-01 1.558530e+00 2.048411e+00 2.384838e+00 1.188922e+01 4.258360e+03 1.247139e+04 2.41098 2.784125e-01
9.290000e-01 1.558530e+00 2.049296e+00 2.385838e+00 1.189424e+01 4.288165e+03 1.246568e+04 2.4138 2.804463e-01
9.280000e-01 1.558530e+00 2.050178e+00 2.386833e+00 1.189927e+01 4.317655e+03 1.245999e+04 2.41661 2.824612e-01
9.270000e-01 1.558530e+00 2.051062e+00 2.387830e+00 1.190431e+01 4.346951e+03 1.245431e+04 2.41944 2.844650e-01
9.260000e-01 1.558530e+00 2.051949e+00 2.388830e+00 1.190937e+01 4.376117e+03 1.244862e+04 2.42228 2.864618e-01
9.250000e-01 1.558530e+00 2.052841e+00 2.389837e+00 1.191446e+01 4.405177e+03 1.244293e+04 2.42513 2.884529e-01
9.240000e-01 1.558530e+00 2.053739e+00 2.390852e+00 1.191958e+01 4.434129e+03 1.243723e+04 2.428 2.904381e-01
9.230000e-01 1.558530e+00 2.054641e+00 2.391872e+00 1.192471e+01 4.462936e+03 1.243153e+04 2.43088 2.924149e-01
9.220000e-01 1.558530e+00 2.055547e+00 2.392897e+00 1.192985e+01 4.491569e+03 1.242584e+04 2.43377 2.943812e-01
9.210000e-01 1.558530e+00 2.056454e+00 2.393924e+00 1.193500e+01 4.519980e+03 1.242016e+04 2.43666 2.963341e-01
9.200000e-01 1.558530e+00 2.057361e+00 2.394950e+00 1.194016e+01 4.548146e+03 1.241450e+04 2.43956 2.982719e-01
9.190000e-01 1.558530e+00 2.058268e+00 2.395976e+00 1.194532e+01 4.576066e+03 1.240886e+04 2.44246 3.001949e-01
9.180000e-01 1.558530e+00 2.059175e+00 2.397003e+00 1.195049e+01 4.603791e+03 1.240322e+04 2.44536 3.021063e-01
9.170000e-01 1.558530e+00 2.060085e+00 2.398032e+00 1.195567e+01 4.631348e+03 1.239760e+04 2.44828 3.040080e-01
9.160000e-01 1.558530e+00 2.060998e+00 2.399065e+00 1.196087e+01 4.658764e+03 1.239197e+04 2.4512 3.059016e-01
9.150000e-01 1.558530e+00 2.061914e+00 2.400103e+00 1.196609e+01 4.686066e+03 1.238634e+04 2.45414 3.077890e-01
9.140000e-01 1.558530e+00 2.062835e+00 2.401145e+00 1.197133e+01 4.713240e+03 1.238071e+04 2.45708 3.096691e-01
9.130000e-01 1.558530e+00 2.063757e+00 2.402191e+00 1.197658e+01 4.740246e+03 1.237508e+04 2.46004 3.115392e-01
9.120000e-01 1.558530e+00 2.064681e+00 2.403237e+00 1.198183e+01 4.767038e+03 1.236947e+04 2.463 3.133963e-01
9.110000e-01 1.558530e+00 2.065602e+00 2.404281e+00 1.198709e+01 4.793572e+03 1.236388e+04 2.46595 3.152375e-01
9.100000e-01 1.558530e+00 2.066521e+00 2.405320e+00 1.199234e+01 4.819835e+03 1.235830e+04 2.46891 3.170623e-01
9.090000e-01 1.558530e+00 2.067439e+00 2.406358e+00 1.199759e+01 4.845892e+03 1.235274e+04 2.47187 3.188748e-01
9.080000e-01 1.558530e+00 2.068359e+00 2.407396e+00 1.200287e+01 4.871824e+03 1.234717e+04 2.47483 3.206806e-01
9.070000e-01 1.558530e+00 2.069283e+00 2.408441e+00 1.200817e+01 4.897677e+03 1.234160e+04 2.47782 3.224827e-01
9.060000e-01 1.558530e+00 2.070213e+00 2.409491e+00 1.201350e+01 4.923463e+03 1.233601e+04 2.48081 3.242815e-01
9.050000e-01 1.558530e+00 2.071147e+00 2.410548e+00 1.201885e+01 4.949174e+03 1.233041e+04 2.48383 3.260764e-01
9.040000e-01 1.558530e+00 2.072085e+00 2.411611e+00 1.202422e+01 4.974784e+03 1.232480e+04 2.48685 3.278656e-01
9.030000e-01 1.558530e+00 2.073068e+00 2.412730e+00 1.202970e+01 5.000205e+03 1.231911e+04 2.48996 3.296401e-01
9.020000e-01 1.558530e+00 2.073970e+00 2.413746e+00 1.203500e+01 5.025552e+03 1.231360e+04 2.49292 3.314170e-01
9.010000e-01 1.558530e+00 2.074953e+00 2.414865e+00 1.204048e+01 5.050603e+03 1.230794e+04 2.49604 3.331691e-01
9.000000e-01 1.558530e+00 2.075854e+00 2.415880e+00 1.204579e+01 5.075571e+03 1.230245e+04 2.499 3.349232e-01
8.990000e-01 1.558530e+00 2.076839e+00 2.417000e+00 1.205129e+01 5.100297e+03 1.229679e+04 2.50213 3.366560e-01
8.980000e-01 1.558530e+00 2.077785e+00 2.418072e+00 1.205671e+01 5.124944e+03 1.229122e+04 2.50518 3.383879e-01
8.970000e-01 1.558530e+00 2.078733e+00 2.419146e+00 1.206215e+01 5.149487e+03 1.228565e+04 2.50825 3.401141e-01
8.960000e-01 1.558530e+00 2.079685e+00 2.420225e+00 1.206762e+01 5.173946e+03 1.228006e+04 2.51133 3.418359e-01
8.950000e-01 1.558530e+00 2.080641e+00 2.421308e+00 1.207309e+01 5.198287e+03 1.227448e+04 2.51442 3.435508e-01
8.940000e-01 1.558530e+00 2.081597e+00 2.422393e+00 1.207858e+01 5.222480e+03 1.226890e+04 2.51751 3.452569e-01
8.930000e-01 1.558530e+00 2.082553e+00 2.423476e+00 1.208406e+01 5.246487e+03 1.226333e+04 2.52061 3.469518e-01
8.920000e-01 1.558530e+00 2.083507e+00 2.424557e+00 1.208955e+01 5.270282e+03 1.225778e+04 2.5237 3.486337e-01
8.910000e-01 1.558530e+00 2.084459e+00 2.425634e+00 1.209504e+01 5.293886e+03 1.225223e+04 2.5268 3.503043e-01
8.900000e-01 1.558530e+00 2.085413e+00 2.426713e+00 1.210055e+01 5.317377e+03 1.224668e+04 2.5299 3.519689e-01
8.890000e-01 1.558530e+00 2.086370e+00 2.427795e+00 1.210608e+01 5.340798e+03 1.224112e+04 2.53302 3.536300e-01
8.880000e-01 1.558530e+00 2.087332e+00 2.428884e+00 1.211163e+01 5.364174e+03 1.223554e+04 2.53615 3.552895e-01
8.870000e-01 1.558530e+00 2.088299e+00 2.429979e+00 1.211722e+01 5.387503e+03 1.222995e+04 2.5393 3.569468e-01
8.860000e-01 1.558530e+00 2.089271e+00 2.431080e+00 1.212283e+01 5.410768e+03 1.222435e+04 2.54246 3.586010e-01
8.850000e-01 1.558530e+00 2.090246e+00 2.432186e+00 1.212845e+01 5.433940e+03 1.221874e+04 2.54564 3.602498e-01
8.840000e-01 1.558530e+00 2.091222e+00 2.433293e+00 1.213408e+01 5.456984e+03 1.221313e+04 2.54882 3.618911e-01
8.830000e-01 1.558530e+00 2.092199e+00 2.434401e+00 1.213972e+01 5.479876e+03 1.220753e+04 2.552 3.635232e-01
8.820000e-01 1.558530e+00 2.093176e+00 2.435508e+00 1.214537e+01 5.502615e+03 1.220193e+04 2.55518 3.651462e-01
8.810000e-01 1.558530e+00 2.094154e+00 2.436617e+00 1.215102e+01 5.525231e+03 1.219633e+04 2.55838 3.667621e-01
8.800000e-01 1.558530e+00 2.095134e+00 2.437727e+00 1.215669e+01 5.547736e+03 1.219073e+04 2.56157 3.683718e-01
8.790000e-01 1.558530e+00 2.096117e+00 2.438841e+00 1.216238e+01 5.570157e+03 1.218513e+04 2.56478 3.699769e-01
8.780000e-01 1.558530e+00 2.097102e+00 2.439959e+00 1.216808e+01 5.592500e+03 1.217951e+04 2.568 3.715779e-01
8.770000e-01 1.558530e+00 2.098091e+00 2.441081e+00 1.217381e+01 5.614751e+03 1.217389e+04 2.57123 3.731736e-01
8.760000e-01 1.558530e+00 2.099080e+00 2.442204e+00 1.217954e+01 5.636877e+03 1.216828e+04 2.57447 3.747619e-01
8.750000e-01 1.558530e+00 2.100070e+00 2.443327e+00 1.218527e+01 5.658856e+03 1.216266e+04 2.57771 3.763413e-01
8.740000e-01 1.558530e+00 2.101058e+00 2.444447e+00 1.219101e+01 5.680655e+03 1.215706e+04 2.58094 3.779099e-01
8.730000e-01 1.558530e+00 2.102044e+00 2.445564e+00 1.219675e+01 5.702294e+03 1.215146e+04 2.58418 3.794689e-01
8.720000e-01 1.558530e+00 2.103031e+00 2.446682e+00 1.220250e+01 5.723837e+03 1.214586e+04 2.58743 3.810229e-01
8.710000e-01 1.558530e+00 2.104022e+00 2.447804e+00 1.220828e+01 5.745324e+03 1.214024e+04 2.59069 3.825743e-01
8.700000e-01 1.558530e+00 2.105018e+00 2.448932e+00 1.221409e+01 5.766776e+03 1.213460e+04 2.59396 3.841246e-01
8.690000e-01 1.558530e+00 2.106018e+00 2.450065e+00 1.221992e+01 5.788193e+03 1.212895e+04 2.59725 3.856736e-01
8.680000e-01 1.558530e+00 2.107023e+00 2.451205e+00 1.222578e+01 5.809564e+03 1.212328e+04 2.60056 3.872205e-01
8.670000e-01 1.558530e+00 2.108032e+00 2.452350e+00 1.223166e+01 5.830857e+03 1.211760e+04 2.60387 3.887631e-01
8.660000e-01 1.558530e+00 2.109042e+00 2.453496e+00 1.223755e+01 5.852049e+03 1.211192e+04 2.60719 3.902997e-01
8.650000e-01 1.558530e+00 2.110053e+00 2.454642e+00 1.224344e+01 5.873111e+03 1.210623e+04 2.61052 3.918286e-01
8.640000e-01 1.558530e+00 2.111063e+00 2.455789e+00 1.224935e+01 5.894052e+03 1.210055e+04 2.61385 3.933504e-01
8.630000e-01 1.558530e+00 2.112075e+00 2.456937e+00 1.225526e+01 5.914890e+03 1.209487e+04 2.61719 3.948663e-01
8.620000e-01 1.558530e+00 2.113089e+00 2.458086e+00 1.226119e+01 5.935639e+03 1.208918e+04 2.62053 3.963772e-01
8.610000e-01 1.558530e+00 2.114105e+00 2.459239e+00 1.226714e+01 5.956317e+03 1.208348e+04 2.62389 3.978844e-01
8.600000e-01 1.558530e+00 2.115125e+00 2.460397e+00 1.227311e+01 5.976931e+03 1.207777e+04 2.62725 3.993883e-01
8.590000e-01 1.558530e+00 2.116147e+00 2.461557e+00 1.227909e+01 5.997460e+03 1.207205e+04 2.63063 4.008873e-01
8.580000e-01 1.558530e+00 2.117169e+00 2.462718e+00 1.228509e+01 6.017879e+03 1.206633e+04 2.63401 4.023797e-01
8.570000e-01 1.558530e+00 2.118192e+00 2.463878e+00 1.229109e+01 6.038163e+03 1.206061e+04 2.63739 4.038641e-01
8.560000e-01 1.558530e+00 2.119212e+00 2.465035e+00 1.229708e+01 6.058290e+03 1.205490e+04 2.64077 4.053389e-01
8.550000e-01 1.558530e+00 2.120232e+00 2.466191e+00 1.230309e+01 6.078294e+03 1.204919e+04 2.64415 4.068066e-01
8.540000e-01 1.558530e+00 2.121253e+00 2.467348e+00 1.230912e+01 6.098232e+03 1.204346e+04 2.64754 4.082711e-01
8.530000e-01 1.558530e+00 2.122279e+00 2.468510e+00 1.231517e+01 6.118125e+03 1.203772e+04 2.65095 4.097339e-01
8.520000e-01 1.558530e+00 2.123309e+00 2.469678e+00 1.232125e+01 6.137992e+03 1.203196e+04 2.65437 4.111958e-01
8.510000e-01 1.558530e+00 2.124344e+00 2.470852e+00 1.232736e+01 6.157831e+03 1.202618e+04 2.65781 4.126569e-01
8.500000e-01 1.558530e+00 2.125383e+00 2.472031e+00 1.233349e+01 6.177620e+03 1.202039e+04 2.66126 4.141156e-01
8.490000e-01 1.558530e+00 2.126424e+00 2.473213e+00 1.233964e+01 6.197336e+03 1.201458e+04 2.66472 4.155701e-01
8.480000e-01 1.558530e+00 2.127467e+00 2.474398e+00 1.234580e+01 6.216957e+03 1.200877e+04 2.66819 4.170191e-01
8.470000e-01 1.558530e+00 2.128510e+00 2.475582e+00 1.235197e+01 6.236465e+03 1.200296e+04 2.67166 4.184614e-01
8.460000e-01 1.558530e+00 2.129554e+00 2.476766e+00 1.235815e+01 6.255876e+03 1.199714e+04 2.67514 4.198981e-01
8.450000e-01 1.558530e+00 2.130600e+00 2.477953e+00 1.236434e+01 6.275205e+03 1.199131e+04 2.67862 4.213303e-01
8.440000e-01 1.558530e+00 2.131647e+00 2.479141e+00 1.237056e+01 6.294460e+03 1.198548e+04 2.68211 4.227584e-01
8.430000e-01 1.558530e+00 2.132697e+00 2.480334e+00 1.237679e+01 6.313659e+03 1.197963e+04 2.68562 4.241838e-01
8.420000e-01 1.558530e+00 2.133750e+00 2.481530e+00 1.238304e+01 6.332792e+03 1.197377e+04 2.68913 4.256056e-01
8.410000e-01 1.558530e+00 2.134805e+00 2.482727e+00 1.238930e+01 6.351841e+03 1.196791e+04 2.69265 4.270224e-01
8.400000e-01 1.558530e+00 2.135860e+00 2.483925e+00 1.239558e+01 6.370781e+03 1.196204e+04 2.69618 4.284328e-01
8.390000e-01 1.558530e+00 2.136913e+00 2.485121e+00 1.240185e+01 6.389587e+03 1.195617e+04 2.6997 4.298351e-01
8.380000e-01 1.558530e+00 2.137965e+00 2.486314e+00 1.240813e+01 6.408268e+03 1.195031e+04 2.70323 4.312299e-01
8.370000e-01 1.558530e+00 2.139018e+00 2.487508e+00 1.241443e+01 6.426874e+03 1.194444e+04 2.70676 4.326209e-01
8.360000e-01 1.558530e+00 2.140074e+00 2.488706e+00 1.242075e+01 6.445437e+03 1.193855e+04 2.7103 4.340102e-01
8.350000e-01 1.558530e+00 2.141135e+00 2.489909e+00 1.242710e+01 6.463968e+03 1.193264e+04 2.71386 4.353983e-01
8.340000e-01 1.558530e+00 2.142200e+00 2.491118e+00 1.243348e+01 6.482480e+03 1.192670e+04 2.71744 4.367861e-01
8.330000e-01 1.558530e+00 2.143269e+00 2.492332e+00 1.243989e+01 6.500953e+03 1.192075e+04 2.72103 4.381722e-01
8.320000e-01 1.558530e+00 2.144342e+00 2.493550e+00 1.244632e+01 6.519368e+03 1.191478e+04 2.72464 4.395552e-01
8.310000e-01 1.558530e+00 2.145416e+00 2.494771e+00 1.245276e+01 6.537704e+03 1.190880e+04 2.72825 4.409336e-01
8.300000e-01 1.558530e+00 2.146491e+00 2.495991e+00 1.245922e+01 6.555942e+03 1.190282e+04 2.73186 4.423063e-01
8.290000e-01 1.558530e+00 2.147566e+00 2.497212e+00 1.246568e+01 6.574091e+03 1.189683e+04 2.73548 4.436737e-01
8.280000e-01 1.558530e+00 2.148642e+00 2.498435e+00 1.247216e+01 6.592164e+03 1.189084e+04 2.73911 4.450370e-01
8.270000e-01 1.558530e+00 2.149720e+00 2.499659e+00 1.247866e+01 6.610166e+03 1.188483e+04 2.74274 4.463965e-01
8.260000e-01 1.558530e+00 2.150801e+00 2.500886e+00 1.248518e+01 6.628116e+03 1.187881e+04 2.74639 4.477533e-01
8.250000e-01 1.558530e+00 2.151885e+00 2.502118e+00 1.249172e+01 6.646015e+03 1.187277e+04 2.75004 4.491075e-01
8.240000e-01 1.558530e+00 2.152970e+00 2.503351e+00 1.249827e+01 6.663836e+03 1.186672e+04 2.75371 4.504571e-01
8.230000e-01 1.558530e+00 2.154056e+00 2.504585e+00 1.250484e+01 6.681560e+03 1.186067e+04 2.75738 4.518011e-01
8.220000e-01 1.558530e+00 2.155140e+00 2.505817e+00 1.251141e+01 6.699167e+03 1.185462e+04 2.76104 4.531378e-01
8.210000e-01 1.558530e+00 2.156223e+00 2.507046e+00 1.251798e+01 6.716657e+03 1.184856e+04 2.76471 4.544677e-01
8.200000e-01 1.558530e+00 2.157307e+00 2.508275e+00 1.252457e+01 6.734081e+03 1.184250e+04 2.76839 4.557942e-01
8.190000e-01 1.558530e+00 2.158394e+00 2.509509e+00 1.253119e+01 6.751466e+03 1.183642e+04 2.77208 4.571191e-01
8.180000e-01 1.558530e+00 2.159484e+00 2.510747e+00 1.253784e+01 6.768820e+03 1.183031e+04 2.77578 4.584430e-01
8.170000e-01 1.558530e+00 2.160580e+00 2.511991e+00 1.254452e+01 6.786158e+03 1.182418e+04 2.7795 4.597668e-01
8.160000e-01 1.558530e+00 2.161680e+00 2.513241e+00 1.255123e+01 6.803458e+03 1.181803e+04 2.78324 4.610888e-01
8.150000e-01 1.558530e+00 2.162824e+00 2.514547e+00 1.255805e+01 6.820668e+03 1.181176e+04 2.78705 4.623991e-01
8.140000e-01 1.558530e+00 2.163929e+00 2.515803e+00 1.256480e+01 6.837841e+03 1.180558e+04 2.79081 4.637137e-01
8.130000e-01 1.558530e+00 2.165033e+00 2.517058e+00 1.257156e+01 6.854927e+03 1.179940e+04 2.79456 4.650234e-01
8.120000e-01 1.558530e+00 2.166138e+00 2.518314e+00 1.257833e+01 6.871931e+03 1.179320e+04 2.79833 4.663285e-01
8.110000e-01 1.558530e+00 2.167245e+00 2.519572e+00 1.258512e+01 6.888868e+03 1.178699e+04 2.8021 4.676298e-01
8.100000e-01 1.558530e+00 2.168353e+00 2.520831e+00 1.259192e+01 6.905740e+03 1.178077e+04 2.80588 4.689277e-01
8.090000e-01 1.558530e+00 2.169464e+00 2.522094e+00 1.259875e+01 6.922562e+03 1.177454e+04 2.80967 4.702231e-01
8.080000e-01 1.558530e+00 2.170577e+00 2.523360e+00 1.260561e+01 6.939335e+03 1.176828e+04 2.81347 4.715158e-01
8.070000e-01 1.558530e+00 2.171692e+00 2.524627e+00 1.261247e+01 6.956034e+03 1.176202e+04 2.81727 4.728043e-01
8.060000e-01 1.558530e+00 2.172806e+00 2.525894e+00 1.261935e+01 6.972637e+03 1.175575e+04 2.82108 4.740870e-01
8.050000e-01 1.558530e+00 2.173919e+00 2.527159e+00 1.262623e+01 6.989130e+03 1.174948e+04 2.82489 4.753632e-01
8.040000e-01 1.558530e+00 2.175031e+00 2.528422e+00 1.263312e+01 7.005528e+03 1.174320e+04 2.8287 4.766337e-01
8.030000e-01 1.558530e+00 2.176145e+00 2.529686e+00 1.264004e+01 7.021876e+03 1.173691e+04 2.83253 4.779019e-01
8.020000e-01 1.558530e+00 2.177262e+00 2.530955e+00 1.264698e+01 7.038188e+03 1.173059e+04 2.83636 4.791687e-01
8.010000e-01 1.558530e+00 2.178383e+00 2.532229e+00 1.265396e+01 7.054476e+03 1.172425e+04 2.84021 4.804349e-01
8.000000e-01 1.558530e+00 2.179508e+00 2.533509e+00 1.266097e+01 7.070744e+03 1.171788e+04 2.84408 4.817006e-01
7.990000e-01 1.558530e+00 2.180637e+00 2.534793e+00 1.266800e+01 7.086968e+03 1.171150e+04 2.84796 4.829641e-01
7.980000e-01 1.558530e+00 2.181769e+00 2.536080e+00 1.267506e+01 7.103137e+03 1.170509e+04 2.85185 4.842246e-01
7.970000e-01 1.558530e+00 2.182901e+00 2.537367e+00 1.268213e+01 7.119230e+03 1.169868e+04 2.85575 4.854807e-01
7.960000e-01 1.558530e+00 2.184033e+00 2.538655e+00 1.268922e+01 7.135242e+03 1.169225e+04 2.85965 4.867321e-01
7.950000e-01 1.558530e+00 2.185167e+00 2.539945e+00 1.269632e+01 7.151186e+03 1.168582e+04 2.86356 4.879796e-01
7.940000e-01 1.558530e+00 2.186302e+00 2.541235e+00 1.270344e+01 7.167066e+03 1.167937e+04 2.86747 4.892238e-01
7.930000e-01 1.558530e+00 2.187438e+00 2.542529e+00 1.271059e+01 7.182890e+03 1.167291e+04 2.8714 4.904650e-01
7.920000e-01 1.558530e+00 2.188577e+00 2.543825e+00 1.271776e+01 7.198670e+03 1.166642e+04 2.87533 4.917040e-01
7.910000e-01 1.558530e+00 2.189718e+00 2.545124e+00 1.272495e+01 7.214388e+03 1.165993e+04 2.87928 4.929396e-01
7.900000e-01 1.558530e+00 2.190860e+00 2.546423e+00 1.273215e+01 7.230027e+03 1.165342e+04 2.88323 4.941705e-01
7.890000e-01 1.558530e+00 2.192001e+00 2.547721e+00 1.273937e+01 7.245571e+03 1.164691e+04 2.88718 4.953957e-01
7.880000e-01 1.558530e+00 2.193140e+00 2.549017e+00 1.274659e+01 7.261010e+03 1.164040e+04 2.89113 4.966147e-01
7.870000e-01 1.558530e+00 2.194279e+00 2.550313e+00 1.275383e+01 7.276387e+03 1.163387e+04 2.89509 4.978305e-01
7.860000e-01 1.558530e+00 2.195422e+00 2.551612e+00 1.276110e+01 7.291729e+03 1.162732e+04 2.89906 4.990449e-01
7.850000e-01 1.558530e+00 2.196568e+00 2.552916e+00 1.276840e+01 7.307038e+03 1.162074e+04 2.90305 5.002583e-01
7.840000e-01 1.558530e+00 2.197719e+00 2.554226e+00 1.277574e+01 7.322331e+03 1.161414e+04 2.90706 5.014714e-01
7.830000e-01 1.558530e+00 2.198873e+00 2.555540e+00 1.278311e+01 7.337586e+03 1.160752e+04 2.91108 5.026828e-01
7.820000e-01 1.558530e+00 2.200029e+00 2.556857e+00 1.279050e+01 7.352790e+03 1.160087e+04 2.91511 5.038914e-01
7.810000e-01 1.558530e+00 2.201187e+00 2.558177e+00 1.279792e+01 7.367933e+03 1.159421e+04 2.91914 5.050966e-01
7.800000e-01 1.558530e+00 2.202345e+00 2.559496e+00 1.280535e+01 7.382996e+03 1.158754e+04 2.92319 5.062971e-01
7.790000e-01 1.558530e+00 2.203504e+00 2.560816e+00 1.281279e+01 7.397990e+03 1.158086e+04 2.92723 5.074937e-01
7.780000e-01 1.558530e+00 2.204664e+00 2.562138e+00 1.282026e+01 7.412927e+03 1.157416e+04 2.93129 5.086873e-01
7.770000e-01 1.558530e+00 2.205825e+00 2.563461e+00 1.282775e+01 7.427797e+03 1.156745e+04 2.93535 5.098773e-01
7.760000e-01 1.558530e+00 2.206989e+00 2.564788e+00 1.283527e+01 7.442632e+03 1.156071e+04 2.93943 5.110655e-01
7.750000e-01 1.558530e+00 2.208154e+00 2.566117e+00 1.284281e+01 7.457412e+03 1.155396e+04 2.94351 5.122508e-01
7.740000e-01 1.558530e+00 2.209320e+00 2.567445e+00 1.285037e+01 7.472109e+03 1.154720e+04 2.9476 5.134313e-01
7.730000e-01 1.558530e+00 2.210486e+00 2.568774e+00 1.285794e+01 7.486732e+03 1.154043e+04 2.9517 5.146070e-01
7.720000e-01 1.558530e+00 2.211649e+00 2.570099e+00 1.286551e+01 7.501252e+03 1.153365e+04 2.95579 5.157768e-01
7.710000e-01 1.558530e+00 2.212812e+00 2.571424e+00 1.287311e+01 7.515698e+03 1.152686e+04 2.95989 5.169426e-01
7.700000e-01 1.558530e+00 2.213979e+00 2.572753e+00 1.288074e+01 7.530126e+03 1.152004e+04 2.964 5.181079e-01
7.690000e-01 1.558530e+00 2.215148e+00 2.574086e+00 1.288840e+01 7.544515e+03 1.151320e+04 2.96812 5.192718e-01
7.680000e-01 1.558530e+00 2.216321e+00 2.575422e+00 1.289610e+01 7.558877e+03 1.150632e+04 2.97226 5.204347e-01
7.670000e-01 1.558530e+00 2.217499e+00 2.576766e+00 1.290383e+01 7.573223e+03 1.149942e+04 2.97642 5.215969e-01
7.660000e-01 1.558530e+00 2.218677e+00 2.578110e+00 1.291160e+01 7.587503e+03 1.149249e+04 2.98058 5.227556e-01
7.650000e-01 1.558530e+00 2.219857e+00 2.579455e+00 1.291938e+01 7.601727e+03 1.148555e+04 2.98475 5.239110e-01
7.640000e-01 1.558530e+00 2.221038e+00 2.580804e+00 1.292718e+01 7.615891e+03 1.147859e+04 2.98893 5.250626e-01
7.630000e-01 1.558530e+00 2.222218e+00 2.582149e+00 1.293499e+01 7.629971e+03 1.147162e+04 2.99311 5.262097e-01
7.620000e-01 1.558530e+00 2.223399e+00 2.583495e+00 1.294284e+01 7.644003e+03 1.146462e+04 2.99729 5.273540e-01
7.610000e-01 1.558530e+00 2.224582e+00 2.584846e+00 1.295070e+01 7.657984e+03 1.145761e+04 3.00149 5.284953e-01
7.600000e-01 1.558530e+00 2.225766e+00 2.586196e+00 1.295859e+01 7.671910e+03 1.145058e+04 3.00569 5.296339e-01
7.590000e-01 1.558530e+00 2.226952e+00 2.587549e+00 1.296651e+01 7.685794e+03 1.144352e+04 3.0099 5.307700e-01
7.580000e-01 1.558530e+00 2.228137e+00 2.588901e+00 1.297445e+01 7.699598e+03 1.143644e+04 3.01411 5.319012e-01
7.570000e-01 1.558530e+00 2.229322e+00 2.590252e+00 1.298239e+01 7.713320e+03 1.142936e+04 3.01833 5.330273e-01
7.560000e-01 1.558530e+00 2.230504e+00 2.591600e+00 1.299035e+01 7.726959e+03 1.142227e+04 3.02254 5.341484e-01
7.550000e-01 1.558530e+00 2.231686e+00 2.592947e+00 1.299833e+01 7.740532e+03 1.141515e+04 3.02676 5.352660e-01
7.540000e-01 1.558530e+00 2.232912e+00 2.594351e+00 1.300645e+01 7.754053e+03 1.140791e+04 3.03106 5.363729e-01
7.530000e-01 1.558530e+00 2.234102e+00 2.595708e+00 1.301451e+01 7.767577e+03 1.140073e+04 3.0353 5.374884e-01
7.520000e-01 1.558530e+00 2.235293e+00 2.597066e+00 1.302260e+01 7.781067e+03 1.139351e+04 3.03956 5.386026e-01
7.510000e-01 1.558530e+00 2.236488e+00 2.598429e+00 1.303073e+01 7.794531e+03 1.138627e+04 3.04383 5.397154e-01
7.500000e-01 1.558530e+00 2.237685e+00 2.599795e+00 1.303888e+01 7.807939e+03 1.137900e+04 3.04811 5.408250e-01
7.490000e-01 1.558530e+00 2.238881e+00 2.601160e+00 1.304706e+01 7.821286e+03 1.137171e+04 3.05239 5.419309e-01
7.480000e-01 1.558530e+00 2.240077e+00 2.602524e+00 1.305526e+01 7.834566e+03 1.136440e+04 3.05668 5.430327e-01
7.470000e-01 1.558530e+00 2.241273e+00 2.603889e+00 1.306347e+01 7.847783e+03 1.135707e+04 3.06097 5.441308e-01
7.460000e-01 1.558530e+00 2.242471e+00 2.605255e+00 1.307172e+01 7.860948e+03 1.134972e+04 3.06526 5.452260e-01
7.450000e-01 1.558530e+00 2.243668e+00 2.606621e+00 1.307999e+01 7.874057e+03 1.134235e+04 3.06957 5.463179e-01
7.440000e-01 1.558530e+00 2.244867e+00 2.607989e+00 1.308829e+01 7.887122e+03 1.133495e+04 3.07388 5.474074e-01
7.430000e-01 1.558530e+00 2.246068e+00 2.609359e+00 1.309661e+01 7.900134e+03 1.132752e+04 3.07819 5.484937e-01
7.420000e-01 1.558530e+00 2.247266e+00 2.610727e+00 1.310495e+01 7.913062e+03 1.132008e+04 3.08251 5.495747e-01
7.410000e-01 1.558530e+00 2.248463e+00 2.612091e+00 1.311330e+01 7.925908e+03 1.131263e+04 3.08682 5.506507e-01
7.400000e-01 1.558530e+00 2.249658e+00 2.613454e+00 1.312167e+01 7.938680e+03 1.130516e+04 3.09113 5.517221e-01
7.390000e-01 1.558530e+00 2.250855e+00 2.614818e+00 1.313008e+01 7.951413e+03 1.129767e+04 3.09546 5.527918e-01
7.380000e-01 1.558530e+00 2.252054e+00 2.616186e+00 1.313852e+01 7.964120e+03 1.129013e+04 3.0998 5.538606e-01
7.370000e-01 1.558530e+00 2.253256e+00 2.617556e+00 1.314701e+01 7.976792e+03 1.128256e+04 3.10414 5.549275e-01
7.360000e-01 1.558530e+00 2.254461e+00 2.618931e+00 1.315553e+01 7.989439e+03 1.127495e+04 3.1085 5.559932e-01
7.350000e-01 1.558530e+00 2.255668e+00 2.620308e+00 1.316409e+01 8.002041e+03 1.126731e+04 3.11287 5.570563e-01
7.340000e-01 1.558530e+00 2.256875e+00 2.621685e+00 1.317267e+01 8.014581e+03 1.125964e+04 3.11724 5.581156e-01
7.330000e-01 1.558530e+00 2.258081e+00 2.623062e+00 1.318127e+01 8.027061e+03 1.125196e+04 3.12162 5.591712e-01
7.320000e-01 1.558530e+00 2.259288e+00 2.624439e+00 1.318990e+01 8.039475e+03 1.124425e+04 3.126 5.602229e-01
7.310000e-01 1.558530e+00 2.260493e+00 2.625815e+00 1.319855e+01 8.051830e+03 1.123652e+04 3.13038 5.612711e-01
7.300000e-01 1.558530e+00 2.261700e+00 2.627192e+00 1.320724e+01 8.064134e+03 1.122877e+04 3.13477 5.623162e-01
7.290000e-01 1.558530e+00 2.262907e+00 2.628570e+00 1.321595e+01 8.076385e+03 1.122098e+04 3.13916 5.633584e-01
7.280000e-01 1.558530e+00 2.264116e+00 2.629950e+00 1.322469e+01 8.088588e+03 1.121317e+04 3.14357 5.643979e-01
7.270000e-01 1.558530e+00 2.265323e+00 2.631328e+00 1.323346e+01 8.100717e+03 1.120534e+04 3.14797 5.654326e-01
7.260000e-01 1.558530e+00 2.266528e+00 2.632703e+00 1.324224e+01 8.112762e+03 1.119750e+04 3.15237 5.664621e-01
7.250000e-01 1.558530e+00 2.267731e+00 2.634076e+00 1.325103e+01 8.124732e+03 1.118964e+04 3.15677 5.674870e-01
7.240000e-01 1.558530e+00 2.268934e+00 2.635448e+00 1.325986e+01 8.136653e+03 1.118175e+04 3.16117 5.685094e-01
7.230000e-01 1.558530e+00 2.270140e+00 2.636824e+00 1.326874e+01 8.148546e+03 1.117382e+04 3.16559 5.695307e-01
7.220000e-01 1.558530e+00 2.271348e+00 2.638202e+00 1.327765e+01 8.160402e+03 1.116586e+04 3.17002 5.705501e-01
7.210000e-01 1.558530e+00 2.272558e+00 2.639584e+00 1.328661e+01 8.172227e+03 1.115785e+04 3.17446 5.715679e-01
7.200000e-01 1.558530e+00 2.273769e+00 2.640968e+00 1.329561e+01 8.184011e+03 1.114981e+04 3.17891 5.725833e-01
7.190000e-01 1.558530e+00 2.274981e+00 2.642352e+00 1.330464e+01 8.195734e+03 1.114175e+04 3.18336 5.735950e-01
7.180000e-01 1.558530e+00 2.276192e+00 2.643736e+00 1.331369e+01 8.207396e+03 1.113366e+04 3.18782 5.746029e-01
7.170000e-01 1.558530e+00 2.277403e+00 2.645119e+00 1.332277e+01 8.218994e+03 1.112554e+04 3.19227 5.756067e-01
7.160000e-01 1.558530e+00 2.278612e+00 2.646500e+00 1.333188e+01 8.230533e+03 1.111740e+04 3.19673 5.766069e-01
7.150000e-01 1.558530e+00 2.279821e+00 2.647881e+00 1.334101e+01 8.242018e+03 1.110923e+04 3.20118 5.776038e-01
7.140000e-01 1.558530e+00 2.281030e+00 2.649263e+00 1.335018e+01 8.253449e+03 1.110102e+04 3.20565 5.785974e-01
7.130000e-01 1.558530e+00 2.282240e+00 2.650645e+00 1.335939e+01 8.264834e+03 1.109279e+04 3.21012 5.795882e-01
7.120000e-01 1.558530e+00 2.283485e+00 2.652074e+00 1.336871e+01 8.276115e+03 1.108443e+04 3.21464 5.805635e-01
7.110000e-01 1.558530e+00 2.284692e+00 2.653451e+00 1.337796e+01 8.287344e+03 1.107615e+04 3.2191 5.815438e-01
7.100000e-01 1.558530e+00 2.285894e+00 2.654824e+00 1.338723e+01 8.298499e+03 1.106785e+04 3.22356 5.825198e-01
7.090000e-01 1.558530e+00 2.287097e+00 2.656197e+00 1.339653e+01 8.309609e+03 1.105952e+04 3.22803 5.834932e-01
7.080000e-01 1.558530e+00 2.288301e+00 2.657572e+00 1.340588e+01 8.320688e+03 1.105114e+04 3.2325 5.844651e-01
7.070000e-01 1.558530e+00 2.289507e+00 2.658948e+00 1.341527e+01 8.331726e+03 1.104272e+04 3.23698 5.854347e-01
7.060000e-01 1.558530e+00 2.290714e+00 2.660327e+00 1.342471e+01 8.342733e+03 1.103425e+04 3.24147 5.864024e-01
7.050000e-01 1.558530e+00 2.291922e+00 2.661708e+00 1.343419e+01 8.353700e+03 1.102575e+04 3.24596 5.873673e-01
7.040000e-01 1.558530e+00 2.293128e+00 2.663086e+00 1.344370e+01 8.364597e+03 1.101721e+04 3.25045 5.883281e-01
7.030000e-01 1.558530e+00 2.294334e+00 2.664465e+00 1.345324e+01 8.375438e+03 1.100865e+04 3.25495 5.892850e-01
7.020000e-01 1.558530e+00 2.295539e+00 2.665842e+00 1.346281e+01 8.386220e+03 1.100005e+04 3.25944 5.902379e-01
7.010000e-01 1.558530e+00 2.296741e+00 2.667214e+00 1.347241e+01 8.396933e+03 1.099142e+04 3.26393 5.911866e-01
7.000000e-01 1.558530e+00 2.297943e+00 2.668588e+00 1.348204e+01 8.407595e+03 1.098276e+04 3.26842 5.921320e-01
6.990000e-01 1.558530e+00 2.299145e+00 2.669961e+00 1.349171e+01 8.418208e+03 1.097407e+04 3.27291 5.930740e-01
6.980000e-01 1.558530e+00 2.300345e+00 2.671333e+00 1.350142e+01 8.428764e+03 1.096534e+04 3.27741 5.940125e-01
6.970000e-01 1.558530e+00 2.301542e+00 2.672701e+00 1.351115e+01 8.439242e+03 1.095658e+04 3.28189 5.949458e-01
6.960000e-01 1.558530e+00 2.302737e+00 2.674065e+00 1.352089e+01 8.449644e+03 1.094780e+04 3.28638 5.958738e-01
6.950000e-01 1.558530e+00 2.303928e+00 2.675426e+00 1.353067e+01 8.459975e+03 1.093900e+04 3.29085 5.967973e-01
6.940000e-01 1.558530e+00 2.305119e+00 2.676786e+00 1.354049e+01 8.470267e+03 1.093015e+04 3.29533 5.977187e-01
6.930000e-01 1.558530e+00 2.306311e+00 2.678147e+00 1.355036e+01 8.480526e+03 1.092124e+04 3.29982 5.986379e-01
6.920000e-01 1.558530e+00 2.307503e+00 2.679508e+00 1.356028e+01 8.490740e+03 1.091229e+04 3.30431 5.995543e-01
6.910000e-01 1.558530e+00 2.308696e+00 2.680872e+00 1.357024e+01 8.500920e+03 1.090329e+04 3.3088 6.004684e-01
6.900000e-01 1.558530e+00 2.309889e+00 2.682234e+00 1.358025e+01 8.511048e+03 1.089425e+04 3.31329 6.013790e-01
6.890000e-01 1.558530e+00 2.311079e+00 2.683594e+00 1.359029e+01 8.521110e+03 1.088518e+04 3.31778 6.022849e-01
6.880000e-01 1.558530e+00 2.312266e+00 2.684950e+00 1.360037e+01 8.531108e+03 1.087606e+04 3.32227 6.031864e-01
6.870000e-01 1.558530e+00 2.313452e+00 2.686307e+00 1.361047e+01 8.541049e+03 1.086692e+04 3.32675 6.040840e-01
6.860000e-01 1.558530e+00 2.314636e+00 2.687659e+00 1.362061e+01 8.550924e+03 1.085775e+04 3.33123 6.049775e-01
6.850000e-01 1.558530e+00 2.315818e+00 2.689009e+00 1.363079e+01 8.560741e+03 1.084853e+04 3.3357 6.058671e-01
6.840000e-01 1.558530e+00 2.316999e+00 2.690360e+00 1.364101e+01 8.570507e+03 1.083928e+04 3.34018 6.067534e-01
6.830000e-01 1.558530e+00 2.318178e+00 2.691707e+00 1.365127e+01 8.580203e+03 1.082999e+04 3.34466 6.076351e-01
6.820000e-01 1.558530e+00 2.319353e+00 2.693051e+00 1.366155e+01 8.589818e+03 1.082068e+04 3.34912 6.085115e-01
6.810000e-01 1.558530e+00 2.320524e+00 2.694388e+00 1.367185e+01 8.599356e+03 1.081135e+04 3.35358 6.093827e-01
6.800000e-01 1.558530e+00 2.321728e+00 2.695769e+00 1.368230e+01 8.608806e+03 1.080188e+04 3.35809 6.102396e-01
6.790000e-01 1.558530e+00 2.322898e+00 2.697108e+00 1.369270e+01 8.618247e+03 1.079245e+04 3.36256 6.111048e-01
6.780000e-01 1.558530e+00 2.324068e+00 2.698445e+00 1.370316e+01 8.627645e+03 1.078298e+04 3.36703 6.119677e-01
6.770000e-01 1.558530e+00 2.325237e+00 2.699783e+00 1.371367e+01 8.636998e+03 1.077345e+04 3.3715 6.128278e-01
6.760000e-01 1.558530e+00 2.326405e+00 2.701120e+00 1.372423e+01 8.646304e+03 1.076388e+04 3.37597 6.136843e-01
6.750000e-01 1.558530e+00 2.327571e+00 2.702454e+00 1.373484e+01 8.655547e+03 1.075426e+04 3.38043 6.145365e-01
6.740000e-01 1.558530e+00 2.328734e+00 2.703785e+00 1.374547e+01 8.664723e+03 1.074461e+04 3.38489 6.153840e-01
6.730000e-01 1.558530e+00 2.329894e+00 2.705112e+00 1.375614e+01 8.673832e+03 1.073492e+04 3.38934 6.162269e-01
6.720000e-01 1.558530e+00 2.331051e+00 2.706436e+00 1.376686e+01 8.682882e+03 1.072519e+04 3.39378 6.170655e-01
6.710000e-01 1.558530e+00 2.332204e+00 2.707756e+00 1.377761e+01 8.691868e+03 1.071542e+04 3.39821 6.178997e-01
6.700000e-01 1.558530e+00 2.333355e+00 2.709073e+00 1.378841e+01 8.700796e+03 1.070561e+04 3.40264 6.187297e-01
6.690000e-01 1.558530e+00 2.334503e+00 2.710387e+00 1.379925e+01 8.709666e+03 1.069575e+04 3.40706 6.195553e-01
6.680000e-01 1.558530e+00 2.335646e+00 2.711694e+00 1.381011e+01 8.718452e+03 1.068586e+04 3.41147 6.203748e-01
6.670000e-01 1.558530e+00 2.336783e+00 2.712995e+00 1.382100e+01 8.727161e+03 1.067593e+04 3.41586 6.211887e-01
6.660000e-01 1.558530e+00 2.337916e+00 2.714289e+00 1.383194e+01 8.735809e+03 1.066596e+04 3.42024 6.219981e-01
6.650000e-01 1.558530e+00 2.339047e+00 2.715583e+00 1.384293e+01 8.744414e+03 1.065593e+04 3.42462 6.228046e-01
6.640000e-01 1.558530e+00 2.340177e+00 2.716875e+00 1.385398e+01 8.752972e+03 1.064584e+04 3.42899 6.236078e-01
6.630000e-01 1.558530e+00 2.341305e+00 2.718166e+00 1.386509e+01 8.761483e+03 1.063569e+04 3.43336 6.244075e-01
6.620000e-01 1.558530e+00 2.342431e+00 2.719454e+00 1.387626e+01 8.769944e+03 1.062549e+04 3.43772 6.252033e-01
6.610000e-01 1.558530e+00 2.343555e+00 2.720740e+00 1.388748e+01 8.778341e+03 1.061524e+04 3.44208 6.259945e-01
6.600000e-01 1.558530e+00 2.344673e+00 2.722020e+00 1.389873e+01 8.786669e+03 1.060494e+04 3.44642 6.267805e-01
6.590000e-01 1.558530e+00 2.345788e+00 2.723296e+00 1.391002e+01 8.794929e+03 1.059461e+04 3.45076 6.275616e-01
6.580000e-01 1.558530e+00 2.346898e+00 2.724567e+00 1.392136e+01 8.803122e+03 1.058423e+04 3.45508 6.283378e-01
6.570000e-01 1.558530e+00 2.348037e+00 2.725876e+00 1.393284e+01 8.811219e+03 1.057371e+04 3.45944 6.290987e-01
6.560000e-01 1.558530e+00 2.349140e+00 2.727139e+00 1.394427e+01 8.819283e+03 1.056323e+04 3.46374 6.298650e-01
6.550000e-01 1.558530e+00 2.350239e+00 2.728398e+00 1.395575e+01 8.827285e+03 1.055271e+04 3.46803 6.306271e-01
6.540000e-01 1.558530e+00 2.351332e+00 2.729648e+00 1.396726e+01 8.835202e+03 1.054216e+04 3.4723 6.313828e-01
6.530000e-01 1.558530e+00 2.352418e+00 2.730892e+00 1.397880e+01 8.843039e+03 1.053157e+04 3.47655 6.321328e-01
6.520000e-01 1.558530e+00 2.353500e+00 2.732129e+00 1.399039e+01 8.850813e+03 1.052093e+04 3.48079 6.328782e-01
6.510000e-01 1.558530e+00 2.354578e+00 2.733363e+00 1.400205e+01 8.858539e+03 1.051022e+04 3.48502 6.336198e-01
6.500000e-01 1.558530e+00 2.355652e+00 2.734592e+00 1.401377e+01 8.866215e+03 1.049944e+04 3.48924 6.343571e-01
6.490000e-01 1.558530e+00 2.356723e+00 2.735817e+00 1.402556e+01 8.873838e+03 1.048859e+04 3.49344 6.350899e-01
6.480000e-01 1.558530e+00 2.357790e+00 2.737040e+00 1.403740e+01 8.881409e+03 1.047768e+04 3.49763 6.358184e-01
6.470000e-01 1.558530e+00 2.358852e+00 2.738255e+00 1.404930e+01 8.888910e+03 1.046671e+04 3.5018 6.365410e-01
6.460000e-01 1.558530e+00 2.359907e+00 2.739463e+00 1.406124e+01 8.896340e+03 1.045569e+04 3.50596 6.372578e-01
6.450000e-01 1.558530e+00 2.360957e+00 2.740664e+00 1.407322e+01 8.903701e+03 1.044463e+04 3.51009 6.379690e-01
6.440000e-01 1.558530e+00 2.362000e+00 2.741859e+00 1.408526e+01 8.910995e+03 1.043350e+04 3.5142 6.386747e-01
6.430000e-01 1.558530e+00 2.363038e+00 2.743046e+00 1.409734e+01 8.918220e+03 1.042232e+04 3.51829 6.393747e-01
6.420000e-01 1.558530e+00 2.364069e+00 2.744226e+00 1.410948e+01 8.925381e+03 1.041109e+04 3.52235 6.400691e-01
6.410000e-01 1.558530e+00 2.365094e+00 2.745399e+00 1.412167e+01 8.932470e+03 1.039979e+04 3.5264 6.407576e-01
6.400000e-01 1.558530e+00 2.366110e+00 2.746561e+00 1.413389e+01 8.939473e+03 1.038846e+04 3.53042 6.414391e-01
6.390000e-01 1.558530e+00 2.367120e+00 2.747715e+00 1.414615e+01 8.946394e+03 1.037709e+04 3.53441 6.421144e-01
6.380000e-01 1.558530e+00 2.368122e+00 2.748861e+00 1.415847e+01 8.953255e+03 1.036564e+04 3.53839 6.427848e-01
6.370000e-01 1.558530e+00 2.369151e+00 2.750042e+00 1.417097e+01 8.960027e+03 1.035403e+04 3.54239 6.434400e-01
6.360000e-01 1.558530e+00 2.370146e+00 2.751179e+00 1.418344e+01 8.966772e+03 1.034244e+04 3.54634 6.441003e-01
6.350000e-01 1.558530e+00 2.371135e+00 2.752311e+00 1.419599e+01 8.973462e+03 1.033077e+04 3.55026 6.447563e-01
6.340000e-01 1.558530e+00 2.372117e+00 2.753436e+00 1.420860e+01 8.980085e+03 1.031904e+04 3.55417 6.454068e-01
6.330000e-01 1.558530e+00 2.373094e+00 2.754554e+00 1.422126e+01 8.986632e+03 1.030726e+04 3.55806 6.460513e-01
6.320000e-01 1.558530e+00 2.374063e+00 2.755664e+00 1.423397e+01 8.993102e+03 1.029543e+04 3.56192 6.466896e-01
6.310000e-01 1.558530e+00 2.375026e+00 2.756766e+00 1.424674e+01 8.999500e+03 1.028354e+04 3.56575 6.473221e-01
6.300000e-01 1.558530e+00 2.375981e+00 2.757861e+00 1.425957e+01 9.005824e+03 1.027160e+04 3.56957 6.479487e-01
6.290000e-01 1.558530e+00 2.376928e+00 2.758946e+00 1.427245e+01 9.012072e+03 1.025959e+04 3.57336 6.485688e-01
6.280000e-01 1.558530e+00 2.377869e+00 2.760023e+00 1.428540e+01 9.018252e+03 1.024752e+04 3.57712 6.491832e-01
6.270000e-01 1.558530e+00 2.378800e+00 2.761090e+00 1.429839e+01 9.024344e+03 1.023541e+04 3.58085 6.497903e-01
6.260000e-01 1.558530e+00 2.379723e+00 2.762146e+00 1.431142e+01 9.030349e+03 1.022325e+04 3.58455 6.503907e-01
6.250000e-01 1.558530e+00 2.380637e+00 2.763192e+00 1.432451e+01 9.036277e+03 1.021103e+04 3.58823 6.509847e-01
6.240000e-01 1.558530e+00 2.381544e+00 2.764231e+00 1.433768e+01 9.042143e+03 1.019874e+04 3.59188 6.515737e-01
6.230000e-01 1.558530e+00 2.382445e+00 2.765263e+00 1.435094e+01 9.047947e+03 1.018636e+04 3.59551 6.521573e-01
6.220000e-01 1.558530e+00 2.383338e+00 2.766286e+00 1.436427e+01 9.053685e+03 1.017390e+04 3.59911 6.527346e-01
6.210000e-01 1.558530e+00 2.384251e+00 2.767337e+00 1.437778e+01 9.059321e+03 1.016125e+04 3.60272 6.532947e-01
6.200000e-01 1.558530e+00 2.385129e+00 2.768344e+00 1.439126e+01 9.064915e+03 1.014864e+04 3.60625 6.538583e-01
6.190000e-01 1.558530e+00 2.385996e+00 2.769338e+00 1.440479e+01 9.070430e+03 1.013596e+04 3.60975 6.544150e-01
6.180000e-01 1.558530e+00 2.386853e+00 2.770320e+00 1.441838e+01 9.075868e+03 1.012322e+04 3.61321 6.549642e-01
6.170000e-01 1.558530e+00 2.387700e+00 2.771290e+00 1.443204e+01 9.081229e+03 1.011040e+04 3.61663 6.555064e-01
6.160000e-01 1.558530e+00 2.388536e+00 2.772248e+00 1.444577e+01 9.086510e+03 1.009752e+04 3.62001 6.560409e-01
6.150000e-01 1.558530e+00 2.389362e+00 2.773194e+00 1.445956e+01 9.091716e+03 1.008456e+04 3.62335 6.565681e-01
6.140000e-01 1.558530e+00 2.390176e+00 2.774126e+00 1.447341e+01 9.096838e+03 1.007153e+04 3.62665 6.570872e-01
6.130000e-01 1.558530e+00 2.390979e+00 2.775044e+00 1.448731e+01 9.101866e+03 1.005845e+04 3.6299 6.575979e-01
6.120000e-01 1.558530e+00 2.389145e+00 2.772979e+00 1.449252e+01 9.113562e+03 1.005451e+04 3.62835 6.591733e-01
6.110000e-01 1.558530e+00 2.392551e+00 2.776842e+00 1.451531e+01 9.111686e+03 1.003207e+04 3.63627 6.585960e-01
6.100000e-01 1.558530e+00 2.390667e+00 2.774721e+00 1.452054e+01 9.123327e+03 1.002809e+04 3.6346 6.601744e-01
6.090000e-01 1.558530e+00 2.394081e+00 2.778590e+00 1.454366e+01 9.121226e+03 1.000530e+04 3.64247 6.595670e-01
6.080000e-01 1.558530e+00 2.392149e+00 2.776420e+00 1.454893e+01 9.132805e+03 1.000128e+04 3.64068 6.611468e-01
6.070000e-01 1.558530e+00 2.395596e+00 2.780328e+00 1.457246e+01 9.130431e+03 9.978092e+03 3.64855 6.604983e-01
6.060000e-01 1.558530e+00 2.393601e+00 2.778084e+00 1.457769e+01 9.141939e+03 9.974082e+03 3.64661 6.620811e-01
6.050000e-01 1.558530e+00 2.397045e+00 2.781987e+00 1.460145e+01 9.139326e+03 9.950710e+03 3.65444 6.614095e-01
6.040000e-01 1.558530e+00 2.394998e+00 2.779687e+00 1.460669e+01 9.150750e+03 9.946676e+03 3.65237 6.629918e-01
6.030000e-01 1.558530e+00 2.398451e+00 2.783599e+00 1.463073e+01 9.147882e+03 9.923053e+03 3.66018 6.622914e-01
6.020000e-01 1.558530e+00 2.396346e+00 2.781234e+00 1.463598e+01 9.159222e+03 9.918995e+03 3.65796 6.638733e-01
6.010000e-01 1.558530e+00 2.399812e+00 2.785160e+00 1.466032e+01 9.156090e+03 9.895119e+03 3.66576 6.631427e-01
6.000000e-01 1.558530e+00 2.397646e+00 2.782724e+00 1.466555e+01 9.167334e+03 9.891042e+03 3.66336 6.647222e-01
5.990000e-01 1.558530e+00 2.401121e+00 2.786660e+00 1.469015e+01 9.163918e+03 9.866949e+03 3.67115 6.639602e-01
5.980000e-01 1.558530e+00 2.398894e+00 2.784155e+00 1.469539e+01 9.175087e+03 9.862841e+03 3.66859 6.655401e-01
5.970000e-01 1.558530e+00 2.402379e+00 2.788102e+00 1.472036e+01 9.171426e+03 9.838401e+03 3.67633 6.647453e-01
5.960000e-01 1.558530e+00 2.400094e+00 2.785534e+00 1.472562e+01 9.182533e+03 9.834247e+03 3.67362 6.663267e-01
5.950000e-01 1.558530e+00 2.403607e+00 2.789510e+00 1.475107e+01 9.178568e+03 9.809323e+03 3.68131 6.654837e-01
5.940000e-01 1.558530e+00 2.401254e+00 2.786867e+00 1.475631e+01 9.189622e+03 9.805161e+03 3.67843 6.670691e-01
5.930000e-01 1.558530e+00 2.404754e+00 2.790825e+00 1.478204e+01 9.185408e+03 9.779974e+03 3.68601 6.661953e-01
5.920000e-01 1.558530e+00 2.402330e+00 2.788100e+00 1.478727e+01 9.196375e+03 9.775780e+03 3.68293 6.677783e-01
5.910000e-01 1.558530e+00 2.405836e+00 2.792063e+00 1.481334e+01 9.191879e+03 9.750269e+03 3.69046 6.668672e-01
5.900000e-01 1.558530e+00 2.403351e+00 2.789272e+00 1.481857e+01 9.202765e+03 9.746041e+03 3.6872 6.684489e-01
5.890000e-01 1.558530e+00 2.406859e+00 2.793232e+00 1.484497e+01 9.197986e+03 9.720219e+03 3.69465 6.675007e-01
5.880000e-01 1.558530e+00 2.404303e+00 2.790360e+00 1.485020e+01 9.208786e+03 9.715959e+03 3.6912 6.690811e-01
5.870000e-01 1.558530e+00 2.407847e+00 2.794365e+00 1.487702e+01 9.203660e+03 9.689785e+03 3.69864 6.680862e-01
5.860000e-01 1.558530e+00 2.405216e+00 2.791404e+00 1.488220e+01 9.214378e+03 9.685539e+03 3.695 6.696680e-01
5.850000e-01 1.558530e+00 2.408757e+00 2.795405e+00 1.490933e+01 9.208984e+03 9.659145e+03 3.70241 6.686478e-01
5.840000e-01 1.558530e+00 2.406073e+00 2.792388e+00 1.491455e+01 9.219642e+03 9.654860e+03 3.69864 6.702337e-01
5.830000e-01 1.558530e+00 2.409619e+00 2.796394e+00 1.494211e+01 9.213961e+03 9.628112e+03 3.70599 6.691780e-01
5.820000e-01 1.558530e+00 2.406870e+00 2.793308e+00 1.494736e+01 9.224552e+03 9.623786e+03 3.70206 6.707659e-01
5.810000e-01 1.558530e+00 2.410417e+00 2.797310e+00 1.497534e+01 9.218560e+03 9.596663e+03 3.70932 6.696695e-01
5.800000e-01 1.558530e+00 2.407605e+00 2.794154e+00 1.498059e+01 9.229064e+03 9.592303e+03 3.70521 6.712545e-01
5.790000e-01 1.558530e+00 2.411143e+00 2.798144e+00 1.500893e+01 9.222768e+03 9.564846e+03 3.71234 6.701166e-01
5.780000e-01 1.558530e+00 2.411490e+00 2.798543e+00 1.502593e+01 9.224701e+03 9.548738e+03 3.71375 6.703182e-01
5.770000e-01 1.558530e+00 2.411809e+00 2.798909e+00 1.504298e+01 9.226558e+03 9.532588e+03 3.71507 6.705137e-01
5.760000e-01 1.558530e+00 2.412105e+00 2.799246e+00 1.506013e+01 9.228309e+03 9.516323e+03 3.71629 6.706969e-01
5.750000e-01 1.558530e+00 2.412386e+00 2.799566e+00 1.507737e+01 9.229954e+03 9.499988e+03 3.71745 6.708694e-01
5.740000e-01 1.558530e+00 2.412649e+00 2.799866e+00 1.509468e+01 9.231498e+03 9.483586e+03 3.71853 6.710312e-01
5.730000e-01 1.558530e+00 2.412912e+00 2.800167e+00 1.511220e+01 9.232891e+03 9.466981e+03 3.71955 6.711705e-01
5.720000e-01 1.558530e+00 2.413140e+00 2.800425e+00 1.512978e+01 9.234228e+03 9.450344e+03 3.72049 6.713108e-01
5.710000e-01 1.558530e+00 2.413356e+00 2.800674e+00 1.514748e+01 9.235475e+03 9.433622e+03 3.7214 6.714436e-01
5.700000e-01 1.558530e+00 2.413556e+00 2.800903e+00 1.516531e+01 9.236619e+03 9.416791e+03 3.72223 6.715669e-01
5.690000e-01 1.558530e+00 2.413740e+00 2.801115e+00 1.518328e+01 9.237656e+03 9.399859e+03 3.72301 6.716802e-01
5.680000e-01 1.558530e+00 2.413910e+00 2.801314e+00 1.520134e+01 9.238593e+03 9.382862e+03 3.72374 6.717843e-01
5.670000e-01 1.558530e+00 2.414057e+00 2.801483e+00 1.521951e+01 9.239422e+03 9.365759e+03 3.72436 6.718754e-01
5.660000e-01 1.558530e+00 2.414182e+00 2.801626e+00 1.523781e+01 9.240139e+03 9.348536e+03 3.72489 6.719534e-01
5.650000e-01 1.558530e+00 2.414287e+00 2.801748e+00 1.525622e+01 9.240754e+03 9.331220e+03 3.72533 6.720194e-01
5.640000e-01 1.558530e+00 2.414369e+00 2.801841e+00 1.527474e+01 9.241259e+03 9.313792e+03 3.72567 6.720720e-01
5.630000e-01 1.558530e+00 2.414451e+00 2.801936e+00 1.529347e+01 9.241601e+03 9.296171e+03 3.72595 6.721006e-01
5.620000e-01 1.558530e+00 2.414495e+00 2.801985e+00 1.531220e+01 9.241880e+03 9.278578e+03 3.72612 6.721284e-01
5.610000e-01 1.558530e+00 2.414513e+00 2.802002e+00 1.533103e+01 9.242045e+03 9.260884e+03 3.7262 6.721433e-01
5.600000e-01 1.558530e+00 2.414514e+00 2.802000e+00 1.535002e+01 9.242103e+03 9.243065e+03 3.7262 6.721473e-01
5.590000e-01 1.558530e+00 2.414504e+00 2.801989e+00 1.536916e+01 9.242062e+03 9.225151e+03 3.72616 6.721431e-01
5.599629e-01 1.558530e+00 2.414823e+00 2.802389e+00 1.535215e+01 9.241405e+03 9.241068e+03 3.72655 6.719876e-01
