1.000000e+00 1.607690e+00 2.006886e+00 2.343638e+00 1.149819e+01 0.000000e+00 1.323517e+04 0 0.000000e+00
9.990000e-01 1.607690e+00 2.007943e+00 2.344625e+00 1.150488e+01 5.114588e+02 1.317349e+04 2.23929 3.232258e-02
9.980000e-01 1.607690e+00 2.008130e+00 2.344772e+00 1.150751e+01 7.370997e+02 1.314899e+04 2.2985 4.780516e-02
9.970000e-01 1.607690e+00 2.009516e+00 2.346406e+00 1.151350e+01 8.931436e+02 1.312885e+04 2.24621 5.652955e-02
9.960000e-01 1.607690e+00 2.009665e+00 2.346496e+00 1.151613e+01 1.039462e+03 1.311304e+04 2.27129 6.651531e-02
9.950000e-01 1.607690e+00 2.011041e+00 2.348104e+00 1.152212e+01 1.154137e+03 1.309723e+04 2.25136 7.310521e-02
9.940000e-01 1.607690e+00 2.011209e+00 2.348218e+00 1.152480e+01 1.271593e+03 1.308460e+04 2.26814 8.113177e-02
9.930000e-01 1.607690e+00 2.012589e+00 2.349834e+00 1.153080e+01 1.367615e+03 1.307074e+04 2.25637 8.668639e-02
9.920000e-01 1.607690e+00 2.012790e+00 2.349996e+00 1.153353e+01 1.468976e+03 1.305988e+04 2.26943 9.363150e-02
9.910000e-01 1.607690e+00 2.014175e+00 2.351624e+00 1.153952e+01 1.553787e+03 1.304720e+04 2.26135 9.854885e-02
9.900000e-01 1.607690e+00 2.014395e+00 2.351817e+00 1.154228e+01 1.643879e+03 1.303758e+04 2.27199 1.047306e-01
9.890000e-01 1.607690e+00 2.015770e+00 2.353436e+00 1.154824e+01 1.719457e+03 1.302587e+04 2.26629 1.091218e-01
9.880000e-01 1.607690e+00 2.015966e+00 2.353593e+00 1.155096e+01 1.800464e+03 1.301723e+04 2.27491 1.146753e-01
9.870000e-01 1.607690e+00 2.017334e+00 2.355196e+00 1.155692e+01 1.868028e+03 1.300632e+04 2.27116 1.186214e-01
9.860000e-01 1.607690e+00 2.017483e+00 2.355285e+00 1.155960e+01 1.941948e+03 1.299844e+04 2.27829 1.236840e-01
9.850000e-01 1.607690e+00 2.018866e+00 2.356896e+00 1.156563e+01 2.003972e+03 1.298801e+04 2.27601 1.273320e-01
9.840000e-01 1.607690e+00 2.019015e+00 2.356982e+00 1.156835e+01 2.073476e+03 1.298061e+04 2.28255 1.321077e-01
9.830000e-01 1.607690e+00 2.020416e+00 2.358614e+00 1.157446e+01 2.132443e+03 1.297043e+04 2.28091 1.355786e-01
9.820000e-01 1.607690e+00 2.020595e+00 2.358742e+00 1.157724e+01 2.198646e+03 1.296338e+04 2.28716 1.401462e-01
9.810000e-01 1.607690e+00 2.022006e+00 2.360391e+00 1.158338e+01 2.255227e+03 1.295342e+04 2.28588 1.434715e-01
9.800000e-01 1.607690e+00 2.022210e+00 2.360555e+00 1.158620e+01 2.318303e+03 1.294670e+04 2.29178 1.478353e-01
9.790000e-01 1.607690e+00 2.023622e+00 2.362209e+00 1.159234e+01 2.372264e+03 1.293702e+04 2.29088 1.510058e-01
9.780000e-01 1.607690e+00 2.023829e+00 2.362379e+00 1.159516e+01 2.432213e+03 1.293062e+04 2.29632 1.551579e-01
9.770000e-01 1.607690e+00 2.025241e+00 2.364034e+00 1.160130e+01 2.483297e+03 1.292123e+04 2.29588 1.581654e-01
9.760000e-01 1.607690e+00 2.025435e+00 2.364187e+00 1.160411e+01 2.540345e+03 1.291515e+04 2.30087 1.621194e-01
9.750000e-01 1.607690e+00 2.026854e+00 2.365849e+00 1.161027e+01 2.588990e+03 1.290598e+04 2.30089 1.649937e-01
9.740000e-01 1.607690e+00 2.027047e+00 2.365999e+00 1.161309e+01 2.643794e+03 1.290013e+04 2.3056 1.687997e-01
9.730000e-01 1.607690e+00 2.028476e+00 2.367672e+00 1.161929e+01 2.690613e+03 1.289110e+04 2.30592 1.715708e-01
9.720000e-01 1.607690e+00 2.028678e+00 2.367835e+00 1.162214e+01 2.743598e+03 1.288543e+04 2.31048 1.752601e-01
9.710000e-01 1.607690e+00 2.030116e+00 2.369521e+00 1.162838e+01 2.789008e+03 1.287652e+04 2.31101 1.779494e-01
9.700000e-01 1.607690e+00 2.030327e+00 2.369697e+00 1.163125e+01 2.840243e+03 1.287102e+04 2.31539 1.815241e-01
9.690000e-01 1.607690e+00 2.031766e+00 2.371385e+00 1.163749e+01 2.883955e+03 1.286226e+04 2.31611 1.841145e-01
9.680000e-01 1.607690e+00 2.031965e+00 2.371544e+00 1.164034e+01 2.933231e+03 1.285696e+04 2.3202 1.875545e-01
9.670000e-01 1.607690e+00 2.033403e+00 2.373229e+00 1.164658e+01 2.974931e+03 1.284838e+04 2.3212 1.900336e-01
9.660000e-01 1.607690e+00 2.033577e+00 2.373352e+00 1.164941e+01 3.022316e+03 1.284328e+04 2.32499 1.933425e-01
9.650000e-01 1.607690e+00 2.035025e+00 2.375046e+00 1.165568e+01 3.062464e+03 1.283481e+04 2.32629 1.957411e-01
9.640000e-01 1.607690e+00 2.035199e+00 2.375167e+00 1.165853e+01 3.108673e+03 1.282982e+04 2.32999 1.989770e-01
9.630000e-01 1.607690e+00 2.036661e+00 2.376876e+00 1.166487e+01 3.147962e+03 1.282138e+04 2.33142 2.013262e-01
9.620000e-01 1.607690e+00 2.036849e+00 2.377018e+00 1.166776e+01 3.193223e+03 1.281649e+04 2.3351 2.045055e-01
9.610000e-01 1.607690e+00 2.038320e+00 2.378740e+00 1.167415e+01 3.231802e+03 1.280810e+04 2.33661 2.068111e-01
9.600000e-01 1.607690e+00 2.038522e+00 2.378901e+00 1.167707e+01 3.276084e+03 1.280331e+04 2.34024 2.099292e-01
9.590000e-01 1.607690e+00 2.039998e+00 2.380631e+00 1.168347e+01 3.313795e+03 1.279499e+04 2.34184 2.121832e-01
9.580000e-01 1.607690e+00 2.040201e+00 2.380793e+00 1.168641e+01 3.356967e+03 1.279031e+04 2.34536 2.152279e-01
9.570000e-01 1.607690e+00 2.041680e+00 2.382528e+00 1.169282e+01 3.393585e+03 1.278208e+04 2.34709 2.174201e-01
9.560000e-01 1.607690e+00 2.041876e+00 2.382680e+00 1.169575e+01 3.435642e+03 1.277751e+04 2.35048 2.203903e-01
9.550000e-01 1.607690e+00 2.043364e+00 2.384423e+00 1.170220e+01 3.471307e+03 1.276934e+04 2.35235 2.225311e-01
9.540000e-01 1.607690e+00 2.043559e+00 2.384575e+00 1.170515e+01 3.512473e+03 1.276485e+04 2.35567 2.254446e-01
9.530000e-01 1.607690e+00 2.045056e+00 2.386329e+00 1.171163e+01 3.547389e+03 1.275671e+04 2.35764 2.275433e-01
9.520000e-01 1.607690e+00 2.045259e+00 2.386491e+00 1.171460e+01 3.587795e+03 1.275229e+04 2.36093 2.304098e-01
9.510000e-01 1.607690e+00 2.046763e+00 2.388256e+00 1.172112e+01 3.622078e+03 1.274417e+04 2.36298 2.324716e-01
9.500000e-01 1.607690e+00 2.046968e+00 2.388421e+00 1.172410e+01 3.661631e+03 1.273983e+04 2.36619 2.352823e-01
9.490000e-01 1.607690e+00 2.048475e+00 2.390188e+00 1.173063e+01 3.695021e+03 1.273179e+04 2.36833 2.372930e-01
9.480000e-01 1.607690e+00 2.048667e+00 2.390336e+00 1.173359e+01 3.733563e+03 1.272755e+04 2.3714 2.400340e-01
9.470000e-01 1.607690e+00 2.050176e+00 2.392104e+00 1.174012e+01 3.765877e+03 1.271959e+04 2.37367 2.419864e-01
9.460000e-01 1.607690e+00 2.050352e+00 2.392229e+00 1.174307e+01 3.803525e+03 1.271544e+04 2.37662 2.446674e-01
9.450000e-01 1.607690e+00 2.051874e+00 2.394010e+00 1.174965e+01 3.835186e+03 1.270751e+04 2.37902 2.465875e-01
9.440000e-01 1.607690e+00 2.052055e+00 2.394142e+00 1.175263e+01 3.872348e+03 1.270339e+04 2.38198 2.492421e-01
9.430000e-01 1.607690e+00 2.053589e+00 2.395937e+00 1.175928e+01 3.903667e+03 1.269543e+04 2.38443 2.511415e-01
9.420000e-01 1.607690e+00 2.053783e+00 2.396086e+00 1.176230e+01 3.940379e+03 1.269135e+04 2.38741 2.537714e-01
9.410000e-01 1.607690e+00 2.055325e+00 2.397892e+00 1.176898e+01 3.971316e+03 1.268338e+04 2.3899 2.556468e-01
9.400000e-01 1.607690e+00 2.055526e+00 2.398051e+00 1.177203e+01 4.007465e+03 1.267934e+04 2.39285 2.582414e-01
9.390000e-01 1.607690e+00 2.057073e+00 2.399864e+00 1.177873e+01 4.037836e+03 1.267141e+04 2.39539 2.600839e-01
9.380000e-01 1.607690e+00 2.057270e+00 2.400018e+00 1.178177e+01 4.073302e+03 1.266744e+04 2.39827 2.626330e-01
9.370000e-01 1.607690e+00 2.058822e+00 2.401837e+00 1.178849e+01 4.102997e+03 1.265955e+04 2.4009 2.644385e-01
9.360000e-01 1.607690e+00 2.059014e+00 2.401984e+00 1.179154e+01 4.137856e+03 1.265563e+04 2.40372 2.669485e-01
9.350000e-01 1.607690e+00 2.060575e+00 2.403814e+00 1.179829e+01 4.167050e+03 1.264776e+04 2.40643 2.687275e-01
9.340000e-01 1.607690e+00 2.060770e+00 2.403963e+00 1.180136e+01 4.201435e+03 1.264387e+04 2.40923 2.712092e-01
9.330000e-01 1.607690e+00 2.062341e+00 2.405805e+00 1.180816e+01 4.230259e+03 1.263599e+04 2.412 2.729674e-01
9.320000e-01 1.607690e+00 2.062542e+00 2.405964e+00 1.181126e+01 4.264226e+03 1.263213e+04 2.4148 2.754248e-01
9.310000e-01 1.607690e+00 2.064120e+00 2.407814e+00 1.181809e+01 4.292616e+03 1.262426e+04 2.41761 2.771569e-01
9.300000e-01 1.607690e+00 2.064317e+00 2.407969e+00 1.182118e+01 4.325997e+03 1.262045e+04 2.42035 2.795754e-01
9.290000e-01 1.607690e+00 2.065897e+00 2.409821e+00 1.182802e+01 4.353722e+03 1.261262e+04 2.42322 2.812703e-01
9.280000e-01 1.607690e+00 2.066769e+00 2.410803e+00 1.183295e+01 4.383757e+03 1.260688e+04 2.42599 2.832952e-01
9.270000e-01 1.607690e+00 2.067652e+00 2.411796e+00 1.183792e+01 4.413480e+03 1.260112e+04 2.4288 2.853019e-01
9.260000e-01 1.607690e+00 2.068537e+00 2.412792e+00 1.184290e+01 4.443037e+03 1.259537e+04 2.43161 2.872993e-01
9.250000e-01 1.607690e+00 2.069426e+00 2.413792e+00 1.184791e+01 4.472472e+03 1.258961e+04 2.43444 2.892904e-01
9.240000e-01 1.607690e+00 2.070321e+00 2.414800e+00 1.185294e+01 4.501799e+03 1.258385e+04 2.43728 2.912757e-01
9.230000e-01 1.607690e+00 2.071220e+00 2.415814e+00 1.185800e+01 4.531010e+03 1.257808e+04 2.44014 2.932546e-01
9.220000e-01 1.607690e+00 2.072125e+00 2.416834e+00 1.186307e+01 4.560078e+03 1.257232e+04 2.44301 2.952252e-01
9.210000e-01 1.607690e+00 2.073032e+00 2.417859e+00 1.186815e+01 4.588955e+03 1.256656e+04 2.44589 2.971845e-01
9.200000e-01 1.607690e+00 2.073940e+00 2.418885e+00 1.187324e+01 4.617606e+03 1.256082e+04 2.44877 2.991301e-01
9.190000e-01 1.607690e+00 2.074848e+00 2.419910e+00 1.187834e+01 4.646002e+03 1.255510e+04 2.45166 3.010604e-01
9.180000e-01 1.607690e+00 2.075755e+00 2.420935e+00 1.188343e+01 4.674158e+03 1.254939e+04 2.45454 3.029762e-01
9.170000e-01 1.607690e+00 2.076664e+00 2.421961e+00 1.188854e+01 4.702125e+03 1.254370e+04 2.45743 3.048811e-01
9.160000e-01 1.607690e+00 2.077575e+00 2.422989e+00 1.189366e+01 4.729922e+03 1.253801e+04 2.46033 3.067762e-01
9.150000e-01 1.607690e+00 2.078489e+00 2.424020e+00 1.189880e+01 4.757583e+03 1.253232e+04 2.46324 3.086638e-01
9.140000e-01 1.607690e+00 2.079407e+00 2.425057e+00 1.190396e+01 4.785128e+03 1.252663e+04 2.46617 3.105449e-01
9.130000e-01 1.607690e+00 2.080370e+00 2.426152e+00 1.190922e+01 4.812483e+03 1.252085e+04 2.46918 3.124120e-01
9.120000e-01 1.607690e+00 2.081252e+00 2.427144e+00 1.191432e+01 4.839764e+03 1.251525e+04 2.47204 3.142810e-01
9.110000e-01 1.607690e+00 2.082217e+00 2.428240e+00 1.191960e+01 4.866720e+03 1.250949e+04 2.47506 3.161241e-01
9.100000e-01 1.607690e+00 2.083097e+00 2.429228e+00 1.192470e+01 4.893512e+03 1.250392e+04 2.47793 3.179637e-01
9.090000e-01 1.607690e+00 2.084015e+00 2.430264e+00 1.192989e+01 4.919989e+03 1.249829e+04 2.48087 3.197812e-01
9.080000e-01 1.607690e+00 2.084976e+00 2.431353e+00 1.193517e+01 4.946238e+03 1.249258e+04 2.48389 3.215821e-01
9.070000e-01 1.607690e+00 2.085898e+00 2.432392e+00 1.194040e+01 4.972431e+03 1.248694e+04 2.48684 3.233838e-01
9.060000e-01 1.607690e+00 2.086825e+00 2.433437e+00 1.194564e+01 4.998551e+03 1.248130e+04 2.48982 3.251821e-01
9.050000e-01 1.607690e+00 2.087757e+00 2.434488e+00 1.195091e+01 5.024601e+03 1.247564e+04 2.4928 3.269770e-01
9.040000e-01 1.607690e+00 2.088693e+00 2.435546e+00 1.195620e+01 5.050574e+03 1.246998e+04 2.49581 3.287680e-01
9.030000e-01 1.607690e+00 2.089634e+00 2.436608e+00 1.196151e+01 5.076438e+03 1.246431e+04 2.49882 3.305527e-01
9.020000e-01 1.607690e+00 2.090576e+00 2.437674e+00 1.196683e+01 5.102152e+03 1.245864e+04 2.50184 3.323287e-01
9.010000e-01 1.607690e+00 2.091520e+00 2.438740e+00 1.197216e+01 5.127683e+03 1.245299e+04 2.50486 3.340936e-01
9.000000e-01 1.607690e+00 2.092463e+00 2.439807e+00 1.197749e+01 5.153016e+03 1.244734e+04 2.50789 3.358466e-01
8.990000e-01 1.607690e+00 2.093406e+00 2.440872e+00 1.198282e+01 5.178171e+03 1.244171e+04 2.51091 3.375892e-01
8.980000e-01 1.607690e+00 2.094350e+00 2.441940e+00 1.198817e+01 5.203185e+03 1.243608e+04 2.51395 3.393237e-01
8.970000e-01 1.607690e+00 2.095297e+00 2.443009e+00 1.199353e+01 5.228070e+03 1.243044e+04 2.51699 3.410509e-01
8.960000e-01 1.607690e+00 2.096246e+00 2.444082e+00 1.199891e+01 5.252854e+03 1.242481e+04 2.52004 3.427726e-01
8.950000e-01 1.607690e+00 2.097199e+00 2.445161e+00 1.200431e+01 5.277545e+03 1.241917e+04 2.52311 3.444894e-01
8.940000e-01 1.607690e+00 2.098155e+00 2.446242e+00 1.200972e+01 5.302110e+03 1.241352e+04 2.52618 3.461988e-01
8.930000e-01 1.607690e+00 2.099112e+00 2.447324e+00 1.201513e+01 5.326522e+03 1.240789e+04 2.52926 3.478992e-01
8.920000e-01 1.607690e+00 2.100067e+00 2.448405e+00 1.202056e+01 5.350738e+03 1.240226e+04 2.53234 3.495879e-01
8.910000e-01 1.607690e+00 2.101021e+00 2.449483e+00 1.202598e+01 5.374740e+03 1.239665e+04 2.53542 3.512637e-01
8.900000e-01 1.607690e+00 2.101974e+00 2.450558e+00 1.203140e+01 5.398572e+03 1.239104e+04 2.5385 3.529297e-01
8.890000e-01 1.607690e+00 2.102929e+00 2.451636e+00 1.203685e+01 5.422312e+03 1.238543e+04 2.54159 3.545911e-01
8.880000e-01 1.607690e+00 2.103888e+00 2.452718e+00 1.204232e+01 5.445989e+03 1.237980e+04 2.54469 3.562496e-01
8.870000e-01 1.607690e+00 2.104852e+00 2.453807e+00 1.204782e+01 5.469622e+03 1.237416e+04 2.54782 3.579063e-01
8.860000e-01 1.607690e+00 2.105821e+00 2.454902e+00 1.205334e+01 5.493207e+03 1.236850e+04 2.55095 3.595610e-01
8.850000e-01 1.607690e+00 2.106795e+00 2.456003e+00 1.205889e+01 5.516718e+03 1.236283e+04 2.5541 3.612117e-01
8.840000e-01 1.607690e+00 2.107771e+00 2.457108e+00 1.206445e+01 5.540126e+03 1.235716e+04 2.55726 3.628566e-01
8.830000e-01 1.607690e+00 2.108749e+00 2.458214e+00 1.207001e+01 5.563399e+03 1.235150e+04 2.56042 3.644936e-01
8.820000e-01 1.607690e+00 2.109726e+00 2.459320e+00 1.207559e+01 5.586513e+03 1.234583e+04 2.56359 3.661210e-01
8.810000e-01 1.607690e+00 2.110704e+00 2.460427e+00 1.208117e+01 5.609479e+03 1.234018e+04 2.56676 3.677398e-01
8.800000e-01 1.607690e+00 2.111683e+00 2.461534e+00 1.208676e+01 5.632325e+03 1.233452e+04 2.56994 3.693517e-01
8.790000e-01 1.607690e+00 2.112663e+00 2.462643e+00 1.209236e+01 5.655059e+03 1.232886e+04 2.57312 3.709574e-01
8.780000e-01 1.607690e+00 2.113647e+00 2.463756e+00 1.209799e+01 5.677707e+03 1.232319e+04 2.57632 3.725585e-01
8.770000e-01 1.607690e+00 2.114633e+00 2.464872e+00 1.210362e+01 5.700272e+03 1.231752e+04 2.57952 3.741551e-01
8.760000e-01 1.607690e+00 2.115622e+00 2.465992e+00 1.210928e+01 5.722738e+03 1.231184e+04 2.58273 3.757461e-01
8.750000e-01 1.607690e+00 2.116612e+00 2.467113e+00 1.211494e+01 5.745076e+03 1.230617e+04 2.58595 3.773296e-01
8.740000e-01 1.607690e+00 2.117601e+00 2.468233e+00 1.212061e+01 5.767255e+03 1.230050e+04 2.58917 3.789036e-01
8.730000e-01 1.607690e+00 2.118589e+00 2.469350e+00 1.212628e+01 5.789253e+03 1.229484e+04 2.59239 3.804667e-01
8.720000e-01 1.607690e+00 2.119575e+00 2.470465e+00 1.213195e+01 5.811110e+03 1.228918e+04 2.59561 3.820218e-01
8.710000e-01 1.607690e+00 2.120564e+00 2.471582e+00 1.213764e+01 5.832889e+03 1.228351e+04 2.59884 3.835731e-01
8.700000e-01 1.607690e+00 2.121557e+00 2.472704e+00 1.214336e+01 5.854620e+03 1.227783e+04 2.60209 3.851223e-01
8.690000e-01 1.607690e+00 2.122554e+00 2.473832e+00 1.214911e+01 5.876313e+03 1.227213e+04 2.60535 3.866703e-01
8.680000e-01 1.607690e+00 2.123557e+00 2.474966e+00 1.215488e+01 5.897975e+03 1.226642e+04 2.60863 3.882172e-01
8.670000e-01 1.607690e+00 2.124563e+00 2.476106e+00 1.216068e+01 5.919575e+03 1.226069e+04 2.61192 3.897609e-01
8.660000e-01 1.607690e+00 2.125573e+00 2.477249e+00 1.216649e+01 5.941092e+03 1.225495e+04 2.61522 3.913000e-01
8.650000e-01 1.607690e+00 2.126584e+00 2.478394e+00 1.217231e+01 5.962497e+03 1.224921e+04 2.61853 3.928326e-01
8.640000e-01 1.607690e+00 2.127595e+00 2.479540e+00 1.217814e+01 5.983771e+03 1.224347e+04 2.62184 3.943575e-01
8.630000e-01 1.607690e+00 2.128607e+00 2.480685e+00 1.218398e+01 6.004925e+03 1.223774e+04 2.62515 3.958754e-01
8.620000e-01 1.607690e+00 2.129620e+00 2.481832e+00 1.218983e+01 6.025978e+03 1.223200e+04 2.62847 3.973877e-01
8.610000e-01 1.607690e+00 2.130635e+00 2.482981e+00 1.219570e+01 6.046940e+03 1.222625e+04 2.6318 3.988949e-01
8.600000e-01 1.607690e+00 2.131652e+00 2.484133e+00 1.220158e+01 6.067828e+03 1.222050e+04 2.63514 4.003982e-01
8.590000e-01 1.607690e+00 2.132672e+00 2.485289e+00 1.220748e+01 6.088647e+03 1.221473e+04 2.63849 4.018979e-01
8.580000e-01 1.607690e+00 2.133694e+00 2.486448e+00 1.221340e+01 6.109374e+03 1.220896e+04 2.64185 4.033924e-01
8.570000e-01 1.607690e+00 2.134717e+00 2.487607e+00 1.221932e+01 6.129987e+03 1.220319e+04 2.64521 4.048802e-01
8.560000e-01 1.607690e+00 2.135739e+00 2.488764e+00 1.222525e+01 6.150454e+03 1.219742e+04 2.64857 4.063592e-01
8.550000e-01 1.607690e+00 2.136759e+00 2.489919e+00 1.223118e+01 6.170768e+03 1.219166e+04 2.65194 4.078292e-01
8.540000e-01 1.607690e+00 2.137780e+00 2.491073e+00 1.223712e+01 6.190980e+03 1.218589e+04 2.6553 4.092935e-01
8.530000e-01 1.607690e+00 2.138803e+00 2.492230e+00 1.224309e+01 6.211138e+03 1.218011e+04 2.65868 4.107555e-01
8.520000e-01 1.607690e+00 2.139830e+00 2.493393e+00 1.224908e+01 6.231258e+03 1.217431e+04 2.66208 4.122161e-01
8.510000e-01 1.607690e+00 2.140862e+00 2.494561e+00 1.225510e+01 6.251353e+03 1.216849e+04 2.66549 4.136761e-01
8.500000e-01 1.607690e+00 2.141899e+00 2.495735e+00 1.226114e+01 6.271412e+03 1.216265e+04 2.66891 4.151346e-01
8.490000e-01 1.607690e+00 2.142939e+00 2.496914e+00 1.226721e+01 6.291414e+03 1.215680e+04 2.67235 4.165902e-01
8.480000e-01 1.607690e+00 2.143982e+00 2.498096e+00 1.227330e+01 6.311335e+03 1.215094e+04 2.67579 4.180412e-01
8.470000e-01 1.607690e+00 2.145025e+00 2.499279e+00 1.227939e+01 6.331154e+03 1.214507e+04 2.67925 4.194863e-01
8.460000e-01 1.607690e+00 2.146069e+00 2.500462e+00 1.228549e+01 6.350859e+03 1.213921e+04 2.6827 4.209246e-01
8.450000e-01 1.607690e+00 2.147114e+00 2.501645e+00 1.229161e+01 6.370473e+03 1.213333e+04 2.68616 4.223579e-01
8.440000e-01 1.607690e+00 2.148160e+00 2.502831e+00 1.229774e+01 6.390003e+03 1.212745e+04 2.68963 4.237865e-01
8.430000e-01 1.607690e+00 2.149208e+00 2.504018e+00 1.230388e+01 6.409458e+03 1.212156e+04 2.6931 4.252111e-01
8.420000e-01 1.607690e+00 2.150259e+00 2.505210e+00 1.231005e+01 6.428854e+03 1.211566e+04 2.69659 4.266327e-01
8.410000e-01 1.607690e+00 2.151312e+00 2.506404e+00 1.231623e+01 6.448179e+03 1.210975e+04 2.70009 4.280504e-01
8.400000e-01 1.607690e+00 2.152367e+00 2.507599e+00 1.232242e+01 6.467412e+03 1.210383e+04 2.70359 4.294628e-01
8.390000e-01 1.607690e+00 2.153421e+00 2.508794e+00 1.232863e+01 6.486526e+03 1.209791e+04 2.70709 4.308681e-01
8.380000e-01 1.607690e+00 2.154474e+00 2.509987e+00 1.233483e+01 6.505505e+03 1.209199e+04 2.7106 4.322653e-01
8.370000e-01 1.607690e+00 2.155526e+00 2.511178e+00 1.234104e+01 6.524372e+03 1.208608e+04 2.7141 4.336562e-01
8.360000e-01 1.607690e+00 2.156580e+00 2.512371e+00 1.234728e+01 6.543186e+03 1.208014e+04 2.71762 4.350446e-01
8.350000e-01 1.607690e+00 2.157638e+00 2.513569e+00 1.235354e+01 6.561958e+03 1.207419e+04 2.72115 4.364314e-01
8.340000e-01 1.607690e+00 2.158700e+00 2.514771e+00 1.235982e+01 6.580705e+03 1.206822e+04 2.7247 4.378176e-01
8.330000e-01 1.607690e+00 2.159767e+00 2.515980e+00 1.236614e+01 6.599428e+03 1.206222e+04 2.72826 4.392031e-01
8.320000e-01 1.607690e+00 2.160837e+00 2.517194e+00 1.237249e+01 6.618102e+03 1.205620e+04 2.73183 4.405862e-01
8.310000e-01 1.607690e+00 2.161911e+00 2.518411e+00 1.237885e+01 6.636713e+03 1.205018e+04 2.73542 4.419658e-01
8.300000e-01 1.607690e+00 2.162985e+00 2.519630e+00 1.238522e+01 6.655237e+03 1.204414e+04 2.73901 4.433403e-01
8.290000e-01 1.607690e+00 2.164060e+00 2.520849e+00 1.239161e+01 6.673661e+03 1.203811e+04 2.7426 4.447091e-01
8.280000e-01 1.607690e+00 2.165136e+00 2.522068e+00 1.239800e+01 6.691998e+03 1.203206e+04 2.74621 4.460729e-01
8.270000e-01 1.607690e+00 2.166213e+00 2.523289e+00 1.240441e+01 6.710262e+03 1.202601e+04 2.74981 4.474328e-01
8.260000e-01 1.607690e+00 2.167291e+00 2.524512e+00 1.241084e+01 6.728450e+03 1.201994e+04 2.75343 4.487886e-01
8.250000e-01 1.607690e+00 2.168373e+00 2.525738e+00 1.241729e+01 6.746587e+03 1.201386e+04 2.75706 4.501417e-01
8.240000e-01 1.607690e+00 2.169499e+00 2.527022e+00 1.242386e+01 6.764627e+03 1.200767e+04 2.76076 4.514830e-01
8.230000e-01 1.607690e+00 2.170584e+00 2.528254e+00 1.243034e+01 6.782618e+03 1.200157e+04 2.76441 4.528278e-01
8.220000e-01 1.607690e+00 2.171669e+00 2.529485e+00 1.243684e+01 6.800508e+03 1.199546e+04 2.76805 4.541668e-01
8.210000e-01 1.607690e+00 2.172753e+00 2.530713e+00 1.244333e+01 6.818274e+03 1.198936e+04 2.7717 4.554985e-01
8.200000e-01 1.607690e+00 2.173835e+00 2.531939e+00 1.244984e+01 6.835938e+03 1.198325e+04 2.77535 4.568242e-01
8.190000e-01 1.607690e+00 2.174920e+00 2.533168e+00 1.245636e+01 6.853554e+03 1.197712e+04 2.779 4.581479e-01
8.180000e-01 1.607690e+00 2.176009e+00 2.534402e+00 1.246292e+01 6.871132e+03 1.197097e+04 2.78268 4.594700e-01
8.170000e-01 1.607690e+00 2.177101e+00 2.535640e+00 1.246951e+01 6.888687e+03 1.196480e+04 2.78637 4.607917e-01
8.160000e-01 1.607690e+00 2.178199e+00 2.536884e+00 1.247612e+01 6.906218e+03 1.195860e+04 2.79007 4.621126e-01
8.150000e-01 1.607690e+00 2.179299e+00 2.538133e+00 1.248276e+01 6.923705e+03 1.195239e+04 2.79379 4.634314e-01
8.140000e-01 1.607690e+00 2.180402e+00 2.539385e+00 1.248943e+01 6.941132e+03 1.194616e+04 2.79751 4.647467e-01
8.130000e-01 1.607690e+00 2.181506e+00 2.540638e+00 1.249610e+01 6.958477e+03 1.193992e+04 2.80124 4.660575e-01
8.120000e-01 1.607690e+00 2.182611e+00 2.541891e+00 1.250279e+01 6.975733e+03 1.193367e+04 2.80498 4.673631e-01
8.110000e-01 1.607690e+00 2.183716e+00 2.543146e+00 1.250949e+01 6.992915e+03 1.192742e+04 2.80872 4.686645e-01
8.100000e-01 1.607690e+00 2.184823e+00 2.544401e+00 1.251621e+01 7.010028e+03 1.192115e+04 2.81247 4.699621e-01
8.090000e-01 1.607690e+00 2.185931e+00 2.545658e+00 1.252294e+01 7.027073e+03 1.191487e+04 2.81623 4.712560e-01
8.080000e-01 1.607690e+00 2.187042e+00 2.546919e+00 1.252970e+01 7.044069e+03 1.190857e+04 2.82 4.725476e-01
8.070000e-01 1.607690e+00 2.188155e+00 2.548183e+00 1.253648e+01 7.061007e+03 1.190225e+04 2.82378 4.738360e-01
8.060000e-01 1.607690e+00 2.189269e+00 2.549447e+00 1.254328e+01 7.077862e+03 1.189593e+04 2.82756 4.751195e-01
8.050000e-01 1.607690e+00 2.190382e+00 2.550710e+00 1.255008e+01 7.094618e+03 1.188960e+04 2.83134 4.763971e-01
8.040000e-01 1.607690e+00 2.191493e+00 2.551970e+00 1.255689e+01 7.111262e+03 1.188327e+04 2.83513 4.776681e-01
8.030000e-01 1.607690e+00 2.192605e+00 2.553230e+00 1.256371e+01 7.127826e+03 1.187693e+04 2.83892 4.789348e-01
8.020000e-01 1.607690e+00 2.193719e+00 2.554494e+00 1.257055e+01 7.144353e+03 1.187057e+04 2.84272 4.802000e-01
8.010000e-01 1.607690e+00 2.194837e+00 2.555761e+00 1.257743e+01 7.160849e+03 1.186419e+04 2.84654 4.814641e-01
8.000000e-01 1.607690e+00 2.195959e+00 2.557035e+00 1.258434e+01 7.177323e+03 1.185778e+04 2.85037 4.827277e-01
7.990000e-01 1.607690e+00 2.197085e+00 2.558313e+00 1.259129e+01 7.193767e+03 1.185134e+04 2.85421 4.839901e-01
7.980000e-01 1.607690e+00 2.198214e+00 2.559595e+00 1.259825e+01 7.210161e+03 1.184488e+04 2.85807 4.852498e-01
7.970000e-01 1.607690e+00 2.199345e+00 2.560880e+00 1.260524e+01 7.226495e+03 1.183841e+04 2.86194 4.865062e-01
7.960000e-01 1.607690e+00 2.200477e+00 2.562165e+00 1.261224e+01 7.242749e+03 1.183193e+04 2.86581 4.877580e-01
7.950000e-01 1.607690e+00 2.201609e+00 2.563450e+00 1.261925e+01 7.258923e+03 1.182544e+04 2.86969 4.890051e-01
7.940000e-01 1.607690e+00 2.202742e+00 2.564737e+00 1.262628e+01 7.275032e+03 1.181894e+04 2.87357 4.902487e-01
7.930000e-01 1.607690e+00 2.203876e+00 2.566024e+00 1.263333e+01 7.291073e+03 1.181242e+04 2.87746 4.914886e-01
7.920000e-01 1.607690e+00 2.205012e+00 2.567315e+00 1.264040e+01 7.307060e+03 1.180588e+04 2.88136 4.927255e-01
7.910000e-01 1.607690e+00 2.206150e+00 2.568608e+00 1.264750e+01 7.323001e+03 1.179933e+04 2.88527 4.939603e-01
7.900000e-01 1.607690e+00 2.207290e+00 2.569903e+00 1.265461e+01 7.338871e+03 1.179276e+04 2.88918 4.951910e-01
7.890000e-01 1.607690e+00 2.208430e+00 2.571197e+00 1.266174e+01 7.354656e+03 1.178619e+04 2.8931 4.964166e-01
7.880000e-01 1.607690e+00 2.209568e+00 2.572490e+00 1.266887e+01 7.370338e+03 1.177961e+04 2.89702 4.976361e-01
7.870000e-01 1.607690e+00 2.210705e+00 2.573781e+00 1.267601e+01 7.385926e+03 1.177302e+04 2.90095 4.988503e-01
7.860000e-01 1.607690e+00 2.211844e+00 2.575073e+00 1.268318e+01 7.401473e+03 1.176642e+04 2.90488 5.000627e-01
7.850000e-01 1.607690e+00 2.212987e+00 2.576370e+00 1.269039e+01 7.416986e+03 1.175979e+04 2.90883 5.012739e-01
7.840000e-01 1.607690e+00 2.214133e+00 2.577672e+00 1.269762e+01 7.432471e+03 1.175313e+04 2.91279 5.024841e-01
7.830000e-01 1.607690e+00 2.215283e+00 2.578979e+00 1.270489e+01 7.447934e+03 1.174644e+04 2.91677 5.036936e-01
7.820000e-01 1.607690e+00 2.216437e+00 2.580290e+00 1.271219e+01 7.463350e+03 1.173973e+04 2.92076 5.049009e-01
7.810000e-01 1.607690e+00 2.217592e+00 2.581604e+00 1.271950e+01 7.478713e+03 1.173301e+04 2.92476 5.061052e-01
7.800000e-01 1.607690e+00 2.218749e+00 2.582919e+00 1.272684e+01 7.494006e+03 1.172627e+04 2.92876 5.073056e-01
7.790000e-01 1.607690e+00 2.219905e+00 2.584234e+00 1.273420e+01 7.509215e+03 1.171952e+04 2.93278 5.085011e-01
7.780000e-01 1.607690e+00 2.221063e+00 2.585550e+00 1.274157e+01 7.524368e+03 1.171276e+04 2.93679 5.096936e-01
7.770000e-01 1.607690e+00 2.222221e+00 2.586868e+00 1.274896e+01 7.539453e+03 1.170598e+04 2.94082 5.108824e-01
7.760000e-01 1.607690e+00 2.223381e+00 2.588186e+00 1.275637e+01 7.554473e+03 1.169919e+04 2.94485 5.120677e-01
7.750000e-01 1.607690e+00 2.224543e+00 2.589509e+00 1.276382e+01 7.569460e+03 1.169238e+04 2.9489 5.132513e-01
7.740000e-01 1.607690e+00 2.225707e+00 2.590833e+00 1.277128e+01 7.584376e+03 1.168555e+04 2.95295 5.144313e-01
7.730000e-01 1.607690e+00 2.226870e+00 2.592156e+00 1.277875e+01 7.599208e+03 1.167871e+04 2.95701 5.156060e-01
7.720000e-01 1.607690e+00 2.228032e+00 2.593479e+00 1.278624e+01 7.613957e+03 1.167186e+04 2.96106 5.167758e-01
7.710000e-01 1.607690e+00 2.229193e+00 2.594798e+00 1.279374e+01 7.628604e+03 1.166501e+04 2.96512 5.179399e-01
7.700000e-01 1.607690e+00 2.230355e+00 2.596120e+00 1.280126e+01 7.643210e+03 1.165813e+04 2.96919 5.191021e-01
7.690000e-01 1.607690e+00 2.231522e+00 2.597446e+00 1.280882e+01 7.657793e+03 1.165123e+04 2.97327 5.202637e-01
7.680000e-01 1.607690e+00 2.232690e+00 2.598774e+00 1.281642e+01 7.672327e+03 1.164430e+04 2.97737 5.214234e-01
7.670000e-01 1.607690e+00 2.233863e+00 2.600110e+00 1.282405e+01 7.686851e+03 1.163734e+04 2.98148 5.225827e-01
7.660000e-01 1.607690e+00 2.235039e+00 2.601450e+00 1.283171e+01 7.701337e+03 1.163035e+04 2.98561 5.237401e-01
7.650000e-01 1.607690e+00 2.236215e+00 2.602789e+00 1.283939e+01 7.715749e+03 1.162335e+04 2.98974 5.248937e-01
7.640000e-01 1.607690e+00 2.237394e+00 2.604132e+00 1.284710e+01 7.730112e+03 1.161633e+04 2.99388 5.260442e-01
7.630000e-01 1.607690e+00 2.238614e+00 2.605528e+00 1.285491e+01 7.744368e+03 1.160920e+04 2.99809 5.271804e-01
7.620000e-01 1.607690e+00 2.239752e+00 2.606817e+00 1.286256e+01 7.758613e+03 1.160224e+04 3.00217 5.283323e-01
7.610000e-01 1.607690e+00 2.240972e+00 2.608214e+00 1.287042e+01 7.772747e+03 1.159507e+04 3.00639 5.294619e-01
7.600000e-01 1.607690e+00 2.242154e+00 2.609561e+00 1.287821e+01 7.786851e+03 1.158798e+04 3.01056 5.305976e-01
7.590000e-01 1.607690e+00 2.243337e+00 2.610908e+00 1.288603e+01 7.800907e+03 1.158087e+04 3.01473 5.317311e-01
7.580000e-01 1.607690e+00 2.244520e+00 2.612256e+00 1.289387e+01 7.814907e+03 1.157373e+04 3.01891 5.328614e-01
7.570000e-01 1.607690e+00 2.245703e+00 2.613604e+00 1.290173e+01 7.828819e+03 1.156659e+04 3.02309 5.339863e-01
7.560000e-01 1.607690e+00 2.246885e+00 2.614950e+00 1.290959e+01 7.842649e+03 1.155944e+04 3.02727 5.351063e-01
7.550000e-01 1.607690e+00 2.248065e+00 2.616293e+00 1.291747e+01 7.856399e+03 1.155227e+04 3.03146 5.362216e-01
7.540000e-01 1.607690e+00 2.249246e+00 2.617637e+00 1.292538e+01 7.870104e+03 1.154507e+04 3.03565 5.373349e-01
7.530000e-01 1.607690e+00 2.250432e+00 2.618988e+00 1.293333e+01 7.883792e+03 1.153784e+04 3.03986 5.384479e-01
7.520000e-01 1.607690e+00 2.251620e+00 2.620341e+00 1.294132e+01 7.897442e+03 1.153058e+04 3.04408 5.395590e-01
7.510000e-01 1.607690e+00 2.252810e+00 2.621697e+00 1.294934e+01 7.911061e+03 1.152328e+04 3.04831 5.406688e-01
7.500000e-01 1.607690e+00 2.254004e+00 2.623057e+00 1.295740e+01 7.924645e+03 1.151596e+04 3.05255 5.417765e-01
7.490000e-01 1.607690e+00 2.255199e+00 2.624419e+00 1.296547e+01 7.938167e+03 1.150861e+04 3.0568 5.428806e-01
7.480000e-01 1.607690e+00 2.256393e+00 2.625780e+00 1.297357e+01 7.951625e+03 1.150125e+04 3.06105 5.439809e-01
7.470000e-01 1.607690e+00 2.257587e+00 2.627140e+00 1.298169e+01 7.965014e+03 1.149386e+04 3.0653 5.450771e-01
7.460000e-01 1.607690e+00 2.258781e+00 2.628502e+00 1.298983e+01 7.978343e+03 1.148645e+04 3.06956 5.461699e-01
7.450000e-01 1.607690e+00 2.259976e+00 2.629864e+00 1.299800e+01 7.991620e+03 1.147902e+04 3.07382 5.472595e-01
7.440000e-01 1.607690e+00 2.261171e+00 2.631226e+00 1.300619e+01 8.004837e+03 1.147157e+04 3.07809 5.483458e-01
7.430000e-01 1.607690e+00 2.262368e+00 2.632589e+00 1.301441e+01 8.018011e+03 1.146409e+04 3.08237 5.494297e-01
7.420000e-01 1.607690e+00 2.263565e+00 2.633954e+00 1.302266e+01 8.031117e+03 1.145659e+04 3.08665 5.505094e-01
7.410000e-01 1.607690e+00 2.264760e+00 2.635315e+00 1.303091e+01 8.044135e+03 1.144907e+04 3.09093 5.515837e-01
7.400000e-01 1.607690e+00 2.265953e+00 2.636674e+00 1.303918e+01 8.057075e+03 1.144155e+04 3.09521 5.526532e-01
7.390000e-01 1.607690e+00 2.267146e+00 2.638031e+00 1.304748e+01 8.069953e+03 1.143399e+04 3.09949 5.537192e-01
7.380000e-01 1.607690e+00 2.268341e+00 2.639392e+00 1.305581e+01 8.082805e+03 1.142640e+04 3.10378 5.547844e-01
7.370000e-01 1.607690e+00 2.269539e+00 2.640757e+00 1.306418e+01 8.095624e+03 1.141878e+04 3.10809 5.558481e-01
7.360000e-01 1.607690e+00 2.270739e+00 2.642124e+00 1.307260e+01 8.108411e+03 1.141112e+04 3.11241 5.569101e-01
7.350000e-01 1.607690e+00 2.271942e+00 2.643495e+00 1.308104e+01 8.121164e+03 1.140342e+04 3.11673 5.579703e-01
7.340000e-01 1.607690e+00 2.273145e+00 2.644867e+00 1.308952e+01 8.133865e+03 1.139570e+04 3.12107 5.590273e-01
7.330000e-01 1.607690e+00 2.274349e+00 2.646239e+00 1.309802e+01 8.146503e+03 1.138795e+04 3.1254 5.600805e-01
7.320000e-01 1.607690e+00 2.275552e+00 2.647610e+00 1.310655e+01 8.159075e+03 1.138018e+04 3.12974 5.611297e-01
7.310000e-01 1.607690e+00 2.276755e+00 2.648982e+00 1.311510e+01 8.171586e+03 1.137239e+04 3.13409 5.621753e-01
7.300000e-01 1.607690e+00 2.277958e+00 2.650352e+00 1.312367e+01 8.184039e+03 1.136457e+04 3.13843 5.632174e-01
7.290000e-01 1.607690e+00 2.279161e+00 2.651723e+00 1.313228e+01 8.196437e+03 1.135672e+04 3.14278 5.642562e-01
7.280000e-01 1.607690e+00 2.280364e+00 2.653095e+00 1.314091e+01 8.208784e+03 1.134884e+04 3.14713 5.652921e-01
7.270000e-01 1.607690e+00 2.281568e+00 2.654468e+00 1.314957e+01 8.221074e+03 1.134094e+04 3.15149 5.663246e-01
7.260000e-01 1.607690e+00 2.282770e+00 2.655837e+00 1.315825e+01 8.233281e+03 1.133303e+04 3.15585 5.673517e-01
7.250000e-01 1.607690e+00 2.283970e+00 2.657204e+00 1.316694e+01 8.245405e+03 1.132510e+04 3.16021 5.683739e-01
7.240000e-01 1.607690e+00 2.285168e+00 2.658569e+00 1.317565e+01 8.257463e+03 1.131714e+04 3.16456 5.693922e-01
7.230000e-01 1.607690e+00 2.286368e+00 2.659937e+00 1.318441e+01 8.269490e+03 1.130915e+04 3.16893 5.704093e-01
7.220000e-01 1.607690e+00 2.287571e+00 2.661307e+00 1.319321e+01 8.281482e+03 1.130112e+04 3.17331 5.714249e-01
7.210000e-01 1.607690e+00 2.288775e+00 2.662680e+00 1.320205e+01 8.293435e+03 1.129305e+04 3.1777 5.724382e-01
7.200000e-01 1.607690e+00 2.289982e+00 2.664056e+00 1.321094e+01 8.305356e+03 1.128494e+04 3.1821 5.734500e-01
7.190000e-01 1.607690e+00 2.291228e+00 2.665483e+00 1.321995e+01 8.317196e+03 1.127671e+04 3.18657 5.744480e-01
7.180000e-01 1.607690e+00 2.292436e+00 2.666862e+00 1.322890e+01 8.329001e+03 1.126854e+04 3.19098 5.754524e-01
7.170000e-01 1.607690e+00 2.293642e+00 2.668238e+00 1.323787e+01 8.340744e+03 1.126035e+04 3.19539 5.764531e-01
7.160000e-01 1.607690e+00 2.294848e+00 2.669614e+00 1.324686e+01 8.352422e+03 1.125214e+04 3.1998 5.774499e-01
7.150000e-01 1.607690e+00 2.296053e+00 2.670989e+00 1.325589e+01 8.364042e+03 1.124390e+04 3.20421 5.784434e-01
7.140000e-01 1.607690e+00 2.297258e+00 2.672364e+00 1.326495e+01 8.375602e+03 1.123563e+04 3.20863 5.794332e-01
7.130000e-01 1.607690e+00 2.298463e+00 2.673739e+00 1.327404e+01 8.387111e+03 1.122733e+04 3.21305 5.804200e-01
7.120000e-01 1.607690e+00 2.299667e+00 2.675113e+00 1.328316e+01 8.398563e+03 1.121899e+04 3.21747 5.814031e-01
7.110000e-01 1.607690e+00 2.300869e+00 2.676485e+00 1.329229e+01 8.409933e+03 1.121064e+04 3.22189 5.823809e-01
7.100000e-01 1.607690e+00 2.302068e+00 2.677852e+00 1.330145e+01 8.421222e+03 1.120228e+04 3.22631 5.833538e-01
7.090000e-01 1.607690e+00 2.303266e+00 2.679217e+00 1.331063e+01 8.432449e+03 1.119388e+04 3.23072 5.843228e-01
7.080000e-01 1.607690e+00 2.304464e+00 2.680584e+00 1.331986e+01 8.443643e+03 1.118544e+04 3.23515 5.852902e-01
7.070000e-01 1.607690e+00 2.305664e+00 2.681952e+00 1.332914e+01 8.454797e+03 1.117695e+04 3.23958 5.862555e-01
7.060000e-01 1.607690e+00 2.306866e+00 2.683323e+00 1.333845e+01 8.465914e+03 1.116842e+04 3.24402 5.872186e-01
7.050000e-01 1.607690e+00 2.308068e+00 2.684696e+00 1.334781e+01 8.476998e+03 1.115985e+04 3.24846 5.881796e-01
7.040000e-01 1.607690e+00 2.309270e+00 2.686068e+00 1.335721e+01 8.488022e+03 1.115124e+04 3.25291 5.891370e-01
7.030000e-01 1.607690e+00 2.310472e+00 2.687439e+00 1.336664e+01 8.498987e+03 1.114260e+04 3.25736 5.900903e-01
7.020000e-01 1.607690e+00 2.311671e+00 2.688809e+00 1.337609e+01 8.509888e+03 1.113394e+04 3.2618 5.910395e-01
7.010000e-01 1.607690e+00 2.312870e+00 2.690177e+00 1.338558e+01 8.520728e+03 1.112524e+04 3.26625 5.919848e-01
7.000000e-01 1.607690e+00 2.314066e+00 2.691542e+00 1.339510e+01 8.531504e+03 1.111650e+04 3.27069 5.929261e-01
6.990000e-01 1.607690e+00 2.315262e+00 2.692907e+00 1.340465e+01 8.542224e+03 1.110774e+04 3.27513 5.938637e-01
6.980000e-01 1.607690e+00 2.316458e+00 2.694272e+00 1.341423e+01 8.552896e+03 1.109894e+04 3.27958 5.947982e-01
6.970000e-01 1.607690e+00 2.317651e+00 2.695634e+00 1.342385e+01 8.563498e+03 1.109010e+04 3.28402 5.957282e-01
6.960000e-01 1.607690e+00 2.318840e+00 2.696991e+00 1.343348e+01 8.574015e+03 1.108125e+04 3.28845 5.966525e-01
6.950000e-01 1.607690e+00 2.320027e+00 2.698346e+00 1.344314e+01 8.584463e+03 1.107237e+04 3.29288 5.975723e-01
6.940000e-01 1.607690e+00 2.321213e+00 2.699697e+00 1.345284e+01 8.594853e+03 1.106345e+04 3.29731 5.984887e-01
6.930000e-01 1.607690e+00 2.322398e+00 2.701049e+00 1.346258e+01 8.605205e+03 1.105448e+04 3.30175 5.994030e-01
6.920000e-01 1.607690e+00 2.323584e+00 2.702402e+00 1.347237e+01 8.615521e+03 1.104547e+04 3.30618 6.003148e-01
6.910000e-01 1.607690e+00 2.324771e+00 2.703757e+00 1.348221e+01 8.625794e+03 1.103640e+04 3.31063 6.012242e-01
6.900000e-01 1.607690e+00 2.325958e+00 2.705112e+00 1.349210e+01 8.636024e+03 1.102729e+04 3.31507 6.021305e-01
6.890000e-01 1.607690e+00 2.327143e+00 2.706465e+00 1.350202e+01 8.646196e+03 1.101814e+04 3.31951 6.030326e-01
6.880000e-01 1.607690e+00 2.328325e+00 2.707815e+00 1.351198e+01 8.656301e+03 1.100895e+04 3.32395 6.039303e-01
6.870000e-01 1.607690e+00 2.329505e+00 2.709162e+00 1.352196e+01 8.666340e+03 1.099973e+04 3.32838 6.048234e-01
6.860000e-01 1.607690e+00 2.330720e+00 2.710555e+00 1.353208e+01 8.676292e+03 1.099038e+04 3.33286 6.057018e-01
6.850000e-01 1.607690e+00 2.331897e+00 2.711898e+00 1.354214e+01 8.686209e+03 1.098108e+04 3.33729 6.065864e-01
6.840000e-01 1.607690e+00 2.333071e+00 2.713238e+00 1.355224e+01 8.696065e+03 1.097174e+04 3.34171 6.074672e-01
6.830000e-01 1.607690e+00 2.334243e+00 2.714577e+00 1.356237e+01 8.705870e+03 1.096237e+04 3.34613 6.083444e-01
6.820000e-01 1.607690e+00 2.335413e+00 2.715912e+00 1.357253e+01 8.715593e+03 1.095296e+04 3.35054 6.092163e-01
6.810000e-01 1.607690e+00 2.336577e+00 2.717241e+00 1.358271e+01 8.725234e+03 1.094354e+04 3.35494 6.100827e-01
6.800000e-01 1.607690e+00 2.337739e+00 2.718566e+00 1.359293e+01 8.734805e+03 1.093408e+04 3.35934 6.109448e-01
6.790000e-01 1.607690e+00 2.338900e+00 2.719891e+00 1.360319e+01 8.744334e+03 1.092457e+04 3.36374 6.118045e-01
6.780000e-01 1.607690e+00 2.340062e+00 2.721218e+00 1.361352e+01 8.753820e+03 1.091501e+04 3.36814 6.126617e-01
6.770000e-01 1.607690e+00 2.341222e+00 2.722543e+00 1.362389e+01 8.763257e+03 1.090540e+04 3.37255 6.135157e-01
6.760000e-01 1.607690e+00 2.342383e+00 2.723870e+00 1.363432e+01 8.772652e+03 1.089574e+04 3.37696 6.143671e-01
6.750000e-01 1.607690e+00 2.343542e+00 2.725194e+00 1.364480e+01 8.781986e+03 1.088604e+04 3.38136 6.152143e-01
6.740000e-01 1.607690e+00 2.344699e+00 2.726516e+00 1.365531e+01 8.791253e+03 1.087630e+04 3.38577 6.160570e-01
6.730000e-01 1.607690e+00 2.345852e+00 2.727834e+00 1.366585e+01 8.800452e+03 1.086652e+04 3.39016 6.168950e-01
6.720000e-01 1.607690e+00 2.347001e+00 2.729149e+00 1.367644e+01 8.809587e+03 1.085670e+04 3.39454 6.177286e-01
6.710000e-01 1.607690e+00 2.348149e+00 2.730461e+00 1.368706e+01 8.818660e+03 1.084685e+04 3.39893 6.185580e-01
6.700000e-01 1.607690e+00 2.349292e+00 2.731768e+00 1.369772e+01 8.827666e+03 1.083695e+04 3.4033 6.193825e-01
6.690000e-01 1.607690e+00 2.350433e+00 2.733073e+00 1.370843e+01 8.836616e+03 1.082700e+04 3.40766 6.202033e-01
6.680000e-01 1.607690e+00 2.351570e+00 2.734373e+00 1.371917e+01 8.845490e+03 1.081702e+04 3.41202 6.210186e-01
6.670000e-01 1.607690e+00 2.352702e+00 2.735666e+00 1.372994e+01 8.854279e+03 1.080701e+04 3.41636 6.218279e-01
6.660000e-01 1.607690e+00 2.353829e+00 2.736953e+00 1.374074e+01 8.862997e+03 1.079696e+04 3.42069 6.226322e-01
6.650000e-01 1.607690e+00 2.354953e+00 2.738237e+00 1.375160e+01 8.871667e+03 1.078686e+04 3.42501 6.234331e-01
6.640000e-01 1.607690e+00 2.356075e+00 2.739519e+00 1.376251e+01 8.880293e+03 1.077669e+04 3.42933 6.242308e-01
6.630000e-01 1.607690e+00 2.357194e+00 2.740798e+00 1.377348e+01 8.888867e+03 1.076646e+04 3.43363 6.250244e-01
6.620000e-01 1.607690e+00 2.358312e+00 2.742076e+00 1.378451e+01 8.897396e+03 1.075617e+04 3.43794 6.258146e-01
6.610000e-01 1.607690e+00 2.359460e+00 2.743393e+00 1.379568e+01 8.905833e+03 1.074572e+04 3.44228 6.265893e-01
6.600000e-01 1.607690e+00 2.360573e+00 2.744665e+00 1.380681e+01 8.914231e+03 1.073533e+04 3.44657 6.273695e-01
6.590000e-01 1.607690e+00 2.361679e+00 2.745930e+00 1.381797e+01 8.922562e+03 1.072490e+04 3.45084 6.281447e-01
6.580000e-01 1.607690e+00 2.362782e+00 2.747191e+00 1.382917e+01 8.930826e+03 1.071442e+04 3.4551 6.289153e-01
6.570000e-01 1.607690e+00 2.363880e+00 2.748447e+00 1.384042e+01 8.939023e+03 1.070390e+04 3.45935 6.296810e-01
6.560000e-01 1.607690e+00 2.364974e+00 2.749699e+00 1.385171e+01 8.947151e+03 1.069333e+04 3.46358 6.304418e-01
6.550000e-01 1.607690e+00 2.366065e+00 2.750946e+00 1.386305e+01 8.955218e+03 1.068271e+04 3.46781 6.311981e-01
6.540000e-01 1.607690e+00 2.367150e+00 2.752187e+00 1.387443e+01 8.963206e+03 1.067205e+04 3.47202 6.319487e-01
6.530000e-01 1.607690e+00 2.368228e+00 2.753420e+00 1.388583e+01 8.971109e+03 1.066136e+04 3.47622 6.326930e-01
6.520000e-01 1.607690e+00 2.369301e+00 2.754646e+00 1.389728e+01 8.978937e+03 1.065063e+04 3.48039 6.334320e-01
6.510000e-01 1.607690e+00 2.370370e+00 2.755868e+00 1.390879e+01 8.986713e+03 1.063983e+04 3.48456 6.341674e-01
6.500000e-01 1.607690e+00 2.371437e+00 2.757088e+00 1.392037e+01 8.994438e+03 1.062897e+04 3.48872 6.348990e-01
6.490000e-01 1.607690e+00 2.372499e+00 2.758302e+00 1.393200e+01 9.002106e+03 1.061804e+04 3.49287 6.356260e-01
6.480000e-01 1.607690e+00 2.373558e+00 2.759514e+00 1.394370e+01 9.009726e+03 1.060704e+04 3.497 6.363486e-01
6.470000e-01 1.607690e+00 2.374612e+00 2.760719e+00 1.395546e+01 9.017281e+03 1.059598e+04 3.50112 6.370660e-01
6.460000e-01 1.607690e+00 2.375659e+00 2.761917e+00 1.396726e+01 9.024764e+03 1.058486e+04 3.50521 6.377773e-01
6.450000e-01 1.607690e+00 2.376700e+00 2.763108e+00 1.397910e+01 9.032174e+03 1.057370e+04 3.50928 6.384826e-01
6.440000e-01 1.607690e+00 2.377735e+00 2.764292e+00 1.399099e+01 9.039518e+03 1.056248e+04 3.51333 6.391826e-01
6.430000e-01 1.607690e+00 2.378765e+00 2.765470e+00 1.400293e+01 9.046791e+03 1.055120e+04 3.51737 6.398770e-01
6.420000e-01 1.607690e+00 2.379788e+00 2.766639e+00 1.401492e+01 9.053993e+03 1.053987e+04 3.52138 6.405654e-01
6.410000e-01 1.607690e+00 2.380835e+00 2.767841e+00 1.402707e+01 9.061094e+03 1.052838e+04 3.52541 6.412374e-01
6.400000e-01 1.607690e+00 2.381845e+00 2.768996e+00 1.403915e+01 9.068144e+03 1.051694e+04 3.52937 6.419129e-01
6.390000e-01 1.607690e+00 2.382846e+00 2.770139e+00 1.405127e+01 9.075110e+03 1.050546e+04 3.53331 6.425821e-01
6.380000e-01 1.607690e+00 2.383840e+00 2.771274e+00 1.406344e+01 9.082004e+03 1.049392e+04 3.53722 6.432457e-01
6.370000e-01 1.607690e+00 2.384828e+00 2.772402e+00 1.407568e+01 9.088844e+03 1.048231e+04 3.54111 6.439048e-01
6.360000e-01 1.607690e+00 2.385812e+00 2.773526e+00 1.408799e+01 9.095625e+03 1.047062e+04 3.54499 6.445591e-01
6.350000e-01 1.607690e+00 2.386790e+00 2.774644e+00 1.410038e+01 9.102345e+03 1.045886e+04 3.54885 6.452081e-01
6.340000e-01 1.607690e+00 2.387763e+00 2.775757e+00 1.411283e+01 9.109006e+03 1.044702e+04 3.55269 6.458523e-01
6.330000e-01 1.607690e+00 2.388729e+00 2.776862e+00 1.412534e+01 9.115591e+03 1.043513e+04 3.55651 6.464900e-01
6.320000e-01 1.607690e+00 2.389688e+00 2.777959e+00 1.413790e+01 9.122098e+03 1.042318e+04 3.5603 6.471216e-01
6.310000e-01 1.607690e+00 2.390639e+00 2.779047e+00 1.415051e+01 9.128530e+03 1.041118e+04 3.56406 6.477471e-01
6.300000e-01 1.607690e+00 2.391584e+00 2.780129e+00 1.416319e+01 9.134888e+03 1.039912e+04 3.56781 6.483670e-01
6.290000e-01 1.607690e+00 2.392522e+00 2.781201e+00 1.417592e+01 9.141167e+03 1.038701e+04 3.57153 6.489805e-01
6.280000e-01 1.607690e+00 2.393452e+00 2.782265e+00 1.418870e+01 9.147373e+03 1.037483e+04 3.57523 6.495880e-01
6.270000e-01 1.607690e+00 2.394373e+00 2.783320e+00 1.420155e+01 9.153500e+03 1.036259e+04 3.57889 6.501888e-01
6.260000e-01 1.607690e+00 2.395285e+00 2.784363e+00 1.421443e+01 9.159535e+03 1.035031e+04 3.58253 6.507824e-01
6.250000e-01 1.607690e+00 2.396189e+00 2.785396e+00 1.422736e+01 9.165485e+03 1.033799e+04 3.58613 6.513693e-01
6.240000e-01 1.607690e+00 2.397112e+00 2.786457e+00 1.424045e+01 9.171331e+03 1.032549e+04 3.58975 6.519397e-01
6.230000e-01 1.607690e+00 2.398003e+00 2.787475e+00 1.425355e+01 9.177150e+03 1.031299e+04 3.59331 6.525152e-01
6.220000e-01 1.607690e+00 2.398885e+00 2.788486e+00 1.426671e+01 9.182900e+03 1.030043e+04 3.59685 6.530854e-01
6.210000e-01 1.607690e+00 2.399760e+00 2.789488e+00 1.427996e+01 9.188589e+03 1.028777e+04 3.60035 6.536496e-01
6.200000e-01 1.607690e+00 2.400627e+00 2.790480e+00 1.429327e+01 9.194203e+03 1.027505e+04 3.60382 6.542070e-01
6.190000e-01 1.607690e+00 2.401483e+00 2.791461e+00 1.430664e+01 9.199735e+03 1.026225e+04 3.60725 6.547569e-01
6.180000e-01 1.607690e+00 2.402330e+00 2.792432e+00 1.432007e+01 9.205187e+03 1.024940e+04 3.61065 6.552998e-01
6.170000e-01 1.607690e+00 2.403167e+00 2.793390e+00 1.433357e+01 9.210562e+03 1.023647e+04 3.61401 6.558354e-01
6.160000e-01 1.607690e+00 2.403994e+00 2.794337e+00 1.434713e+01 9.215856e+03 1.022347e+04 3.61733 6.563638e-01
6.150000e-01 1.607690e+00 2.404809e+00 2.795271e+00 1.436076e+01 9.221069e+03 1.021041e+04 3.62061 6.568843e-01
6.140000e-01 1.607690e+00 2.405614e+00 2.796192e+00 1.437444e+01 9.226205e+03 1.019726e+04 3.62384 6.573974e-01
6.130000e-01 1.607690e+00 2.406407e+00 2.797098e+00 1.438818e+01 9.231244e+03 1.018406e+04 3.62703 6.579017e-01
6.120000e-01 1.607690e+00 2.407188e+00 2.797990e+00 1.440197e+01 9.236195e+03 1.017080e+04 3.63018 6.583981e-01
6.110000e-01 1.607690e+00 2.405305e+00 2.795868e+00 1.440705e+01 9.247974e+03 1.016688e+04 3.62854 6.599720e-01
6.100000e-01 1.607690e+00 2.408742e+00 2.799769e+00 1.442988e+01 9.245836e+03 1.014392e+04 3.63638 6.593583e-01
6.090000e-01 1.607690e+00 2.406797e+00 2.797578e+00 1.443495e+01 9.257572e+03 1.014000e+04 3.63459 6.609390e-01
6.080000e-01 1.607690e+00 2.410230e+00 2.801469e+00 1.445805e+01 9.255227e+03 1.011675e+04 3.64237 6.603000e-01
6.070000e-01 1.607690e+00 2.408235e+00 2.799225e+00 1.446315e+01 9.266898e+03 1.011278e+04 3.64046 6.618819e-01
6.060000e-01 1.607690e+00 2.411674e+00 2.803120e+00 1.448655e+01 9.264300e+03 1.008924e+04 3.64819 6.612115e-01
6.050000e-01 1.607690e+00 2.409624e+00 2.800814e+00 1.449165e+01 9.275879e+03 1.008525e+04 3.64614 6.627917e-01
6.040000e-01 1.607690e+00 2.413076e+00 2.804725e+00 1.451533e+01 9.273025e+03 1.006146e+04 3.65386 6.620928e-01
6.030000e-01 1.607690e+00 2.410971e+00 2.802358e+00 1.452043e+01 9.284523e+03 1.005745e+04 3.65167 6.636733e-01
6.020000e-01 1.607690e+00 2.414433e+00 2.806279e+00 1.454441e+01 9.281397e+03 1.003340e+04 3.65937 6.629437e-01
6.010000e-01 1.607690e+00 2.412272e+00 2.803850e+00 1.454952e+01 9.292810e+03 1.002936e+04 3.65703 6.645236e-01
6.000000e-01 1.607690e+00 2.415746e+00 2.807783e+00 1.457377e+01 9.289411e+03 1.000507e+04 3.66472 6.637637e-01
5.990000e-01 1.607690e+00 2.413514e+00 2.805270e+00 1.457885e+01 9.300723e+03 1.000102e+04 3.66218 6.653411e-01
5.980000e-01 1.607690e+00 2.417031e+00 2.809256e+00 1.460349e+01 9.296998e+03 9.976396e+03 3.6699 6.645390e-01
5.970000e-01 1.607690e+00 2.414737e+00 2.806677e+00 1.460856e+01 9.308259e+03 9.972340e+03 3.66723 6.661222e-01
5.960000e-01 1.607690e+00 2.418240e+00 2.810641e+00 1.463352e+01 9.304309e+03 9.947400e+03 3.67485 6.652924e-01
5.950000e-01 1.607690e+00 2.415885e+00 2.807993e+00 1.463861e+01 9.315508e+03 9.943301e+03 3.67202 6.668770e-01
5.940000e-01 1.607690e+00 2.419394e+00 2.811962e+00 1.466394e+01 9.311291e+03 9.917981e+03 3.67957 6.660101e-01
5.930000e-01 1.607690e+00 2.416977e+00 2.809247e+00 1.466903e+01 9.322410e+03 9.913846e+03 3.67656 6.675934e-01
5.920000e-01 1.607690e+00 2.420485e+00 2.813211e+00 1.469469e+01 9.317905e+03 9.888207e+03 3.68402 6.666882e-01
5.910000e-01 1.607690e+00 2.418001e+00 2.810419e+00 1.469978e+01 9.328942e+03 9.884037e+03 3.68083 6.682702e-01
5.900000e-01 1.607690e+00 2.421542e+00 2.814423e+00 1.472587e+01 9.324115e+03 9.857979e+03 3.68826 6.673172e-01
5.890000e-01 1.607690e+00 2.418977e+00 2.811538e+00 1.473092e+01 9.335081e+03 9.853810e+03 3.68485 6.689013e-01
5.880000e-01 1.607690e+00 2.422510e+00 2.815528e+00 1.475730e+01 9.329980e+03 9.827488e+03 3.6922 6.679164e-01
5.870000e-01 1.607690e+00 2.419877e+00 2.812566e+00 1.476233e+01 9.340854e+03 9.823294e+03 3.68861 6.694985e-01
5.860000e-01 1.607690e+00 2.423420e+00 2.816567e+00 1.478901e+01 9.335446e+03 9.796738e+03 3.69592 6.684789e-01
5.850000e-01 1.607690e+00 2.420718e+00 2.813525e+00 1.479404e+01 9.346234e+03 9.792518e+03 3.69215 6.700615e-01
5.840000e-01 1.607690e+00 2.424278e+00 2.817547e+00 1.482113e+01 9.340530e+03 9.765635e+03 3.69946 6.690088e-01
5.830000e-01 1.607690e+00 2.421527e+00 2.814456e+00 1.482621e+01 9.351256e+03 9.761376e+03 3.69557 6.705942e-01
5.820000e-01 1.607690e+00 2.425082e+00 2.818469e+00 1.485372e+01 9.345253e+03 9.734124e+03 3.70278 6.695047e-01
5.810000e-01 1.607690e+00 2.422268e+00 2.815309e+00 1.485882e+01 9.355907e+03 9.729826e+03 3.69873 6.710919e-01
5.800000e-01 1.607690e+00 2.425850e+00 2.819356e+00 1.488682e+01 9.349551e+03 9.702146e+03 3.7059 6.699514e-01
5.790000e-01 1.607690e+00 2.422949e+00 2.816095e+00 1.489187e+01 9.360132e+03 9.697845e+03 3.70161 6.715397e-01
5.780000e-01 1.607690e+00 2.426517e+00 2.820120e+00 1.492021e+01 9.353483e+03 9.669850e+03 3.70865 6.703624e-01
5.770000e-01 1.607690e+00 2.426815e+00 2.820460e+00 1.493700e+01 9.355323e+03 9.653605e+03 3.7099 6.705567e-01
5.760000e-01 1.607690e+00 2.427123e+00 2.820814e+00 1.495404e+01 9.356990e+03 9.637118e+03 3.7111 6.707228e-01
5.750000e-01 1.607690e+00 2.427393e+00 2.821122e+00 1.497107e+01 9.358595e+03 9.620632e+03 3.71221 6.708881e-01
5.740000e-01 1.607690e+00 2.427645e+00 2.821409e+00 1.498818e+01 9.360096e+03 9.604085e+03 3.71324 6.710431e-01
5.730000e-01 1.607690e+00 2.427875e+00 2.821669e+00 1.500538e+01 9.361488e+03 9.587443e+03 3.71418 6.711861e-01
5.720000e-01 1.607690e+00 2.428089e+00 2.821911e+00 1.502272e+01 9.362781e+03 9.570678e+03 3.71506 6.713193e-01
5.710000e-01 1.607690e+00 2.428291e+00 2.822142e+00 1.504019e+01 9.363980e+03 9.553813e+03 3.7159 6.714442e-01
5.700000e-01 1.607690e+00 2.428477e+00 2.822355e+00 1.505779e+01 9.365074e+03 9.536844e+03 3.71667 6.715596e-01
5.690000e-01 1.607690e+00 2.428648e+00 2.822552e+00 1.507553e+01 9.366064e+03 9.519768e+03 3.71739 6.716657e-01
5.680000e-01 1.607690e+00 2.428807e+00 2.822737e+00 1.509337e+01 9.366954e+03 9.502622e+03 3.71806 6.717628e-01
5.670000e-01 1.607690e+00 2.428944e+00 2.822895e+00 1.511132e+01 9.367732e+03 9.485383e+03 3.71864 6.718479e-01
5.660000e-01 1.607690e+00 2.429059e+00 2.823028e+00 1.512939e+01 9.368400e+03 9.468026e+03 3.71913 6.719203e-01
5.650000e-01 1.607690e+00 2.429178e+00 2.823168e+00 1.514766e+01 9.368918e+03 9.450475e+03 3.71956 6.719696e-01
5.640000e-01 1.607690e+00 2.429251e+00 2.823251e+00 1.516595e+01 9.369365e+03 9.432907e+03 3.71986 6.720157e-01
5.630000e-01 1.607690e+00 2.429302e+00 2.823308e+00 1.518437e+01 9.369701e+03 9.415230e+03 3.72007 6.720493e-01
5.620000e-01 1.607690e+00 2.429335e+00 2.823345e+00 1.520286e+01 9.369929e+03 9.397487e+03 3.7202 6.720714e-01
5.610000e-01 1.607690e+00 2.429343e+00 2.823351e+00 1.522146e+01 9.370037e+03 9.379655e+03 3.72023 6.720803e-01
5.600000e-01 1.607690e+00 2.429334e+00 2.823336e+00 1.524019e+01 9.370037e+03 9.361708e+03 3.72019 6.720780e-01
5.605708e-01 1.607690e+00 2.429677e+00 2.823772e+00 1.523099e+01 9.369293e+03 9.370530e+03 3.7206 6.719085e-01
