1.000000e+00 1.689630e+00 2.030721e+00 2.378641e+00 1.139780e+01 0.000000e+00 1.349012e+04 0 0.000000e+00
9.990000e-01 1.689630e+00 2.031908e+00 2.379779e+00 1.140474e+01 5.262904e+02 1.342458e+04 2.25132 3.265438e-02
9.980000e-01 1.689630e+00 2.032124e+00 2.379970e+00 1.140726e+01 7.576956e+02 1.339879e+04 2.31583 4.834911e-02
9.970000e-01 1.689630e+00 2.033494e+00 2.381609e+00 1.141305e+01 9.199264e+02 1.337766e+04 2.25784 5.715401e-02
9.960000e-01 1.689630e+00 2.033687e+00 2.381759e+00 1.141562e+01 1.069067e+03 1.336114e+04 2.28488 6.720295e-02
9.950000e-01 1.689630e+00 2.035041e+00 2.383353e+00 1.142142e+01 1.186163e+03 1.334483e+04 2.26294 7.374924e-02
9.940000e-01 1.689630e+00 2.035209e+00 2.383462e+00 1.142400e+01 1.305172e+03 1.333173e+04 2.28048 8.176427e-02
9.930000e-01 1.689630e+00 2.036577e+00 2.385065e+00 1.142987e+01 1.402569e+03 1.331748e+04 2.2679 8.726356e-02
9.920000e-01 1.689630e+00 2.036758e+00 2.385191e+00 1.143249e+01 1.505153e+03 1.330624e+04 2.28139 9.418639e-02
9.910000e-01 1.689630e+00 2.038135e+00 2.386806e+00 1.143838e+01 1.591124e+03 1.329319e+04 2.27281 9.905776e-02
9.900000e-01 1.689630e+00 2.038346e+00 2.386976e+00 1.144105e+01 1.683005e+03 1.328317e+04 2.2841 1.052765e-01
9.890000e-01 1.689630e+00 2.039723e+00 2.388597e+00 1.144693e+01 1.760852e+03 1.327100e+04 2.27772 1.096903e-01
9.880000e-01 1.689630e+00 2.039938e+00 2.388772e+00 1.144960e+01 1.844090e+03 1.326195e+04 2.28717 1.153276e-01
9.870000e-01 1.689630e+00 2.041307e+00 2.390383e+00 1.145546e+01 1.914495e+03 1.325057e+04 2.28259 1.193309e-01
9.860000e-01 1.689630e+00 2.041486e+00 2.390508e+00 1.145809e+01 1.990420e+03 1.324233e+04 2.29041 1.244662e-01
9.850000e-01 1.689630e+00 2.042856e+00 2.392107e+00 1.146397e+01 2.054265e+03 1.323159e+04 2.2874 1.281182e-01
9.840000e-01 1.689630e+00 2.043004e+00 2.392185e+00 1.146658e+01 2.124878e+03 1.322394e+04 2.29422 1.328976e-01
9.830000e-01 1.689630e+00 2.044394e+00 2.393804e+00 1.147255e+01 2.184899e+03 1.321352e+04 2.29222 1.363473e-01
9.820000e-01 1.689630e+00 2.044559e+00 2.393903e+00 1.147522e+01 2.252051e+03 1.320626e+04 2.29867 1.409101e-01
9.810000e-01 1.689630e+00 2.045963e+00 2.395541e+00 1.148124e+01 2.309633e+03 1.319605e+04 2.29711 1.442172e-01
9.800000e-01 1.689630e+00 2.046158e+00 2.395684e+00 1.148396e+01 2.373887e+03 1.318910e+04 2.30328 1.485990e-01
9.790000e-01 1.689630e+00 2.047567e+00 2.397333e+00 1.149001e+01 2.429235e+03 1.317912e+04 2.30205 1.517735e-01
9.780000e-01 1.689630e+00 2.047779e+00 2.397501e+00 1.149275e+01 2.490595e+03 1.317248e+04 2.30785 1.559664e-01
9.770000e-01 1.689630e+00 2.049188e+00 2.399154e+00 1.149879e+01 2.543383e+03 1.316277e+04 2.30702 1.589958e-01
9.760000e-01 1.689630e+00 2.049397e+00 2.399317e+00 1.150153e+01 2.601826e+03 1.315646e+04 2.31235 1.629920e-01
9.750000e-01 1.689630e+00 2.050806e+00 2.400970e+00 1.150757e+01 2.651899e+03 1.314702e+04 2.31197 1.658737e-01
9.740000e-01 1.689630e+00 2.051004e+00 2.401117e+00 1.151030e+01 2.707819e+03 1.314098e+04 2.31692 1.697013e-01
9.730000e-01 1.689630e+00 2.052423e+00 2.402780e+00 1.151637e+01 2.755795e+03 1.313173e+04 2.31694 1.724710e-01
9.720000e-01 1.689630e+00 2.052620e+00 2.402927e+00 1.151912e+01 2.809705e+03 1.312590e+04 2.32165 1.761683e-01
9.710000e-01 1.689630e+00 2.054049e+00 2.404601e+00 1.152523e+01 2.856073e+03 1.311678e+04 2.32195 1.788495e-01
9.700000e-01 1.689630e+00 2.054258e+00 2.404764e+00 1.152800e+01 2.908357e+03 1.311112e+04 2.32652 1.824448e-01
9.690000e-01 1.689630e+00 2.055692e+00 2.406448e+00 1.153414e+01 2.953332e+03 1.310211e+04 2.32699 1.850455e-01
9.680000e-01 1.689630e+00 2.055903e+00 2.406613e+00 1.153692e+01 3.003852e+03 1.309664e+04 2.33135 1.885244e-01
9.670000e-01 1.689630e+00 2.057338e+00 2.408297e+00 1.154306e+01 3.047080e+03 1.308778e+04 2.33205 1.910282e-01
9.660000e-01 1.689630e+00 2.057529e+00 2.408435e+00 1.154582e+01 3.095685e+03 1.308251e+04 2.33609 1.943755e-01
9.650000e-01 1.689630e+00 2.058966e+00 2.410117e+00 1.155196e+01 3.136985e+03 1.307382e+04 2.33708 1.967774e-01
9.640000e-01 1.689630e+00 2.059141e+00 2.410231e+00 1.155472e+01 3.184065e+03 1.306870e+04 2.34091 2.000242e-01
9.630000e-01 1.689630e+00 2.060593e+00 2.411929e+00 1.156092e+01 3.224263e+03 1.306007e+04 2.34214 2.023700e-01
9.620000e-01 1.689630e+00 2.060776e+00 2.412053e+00 1.156371e+01 3.270337e+03 1.305505e+04 2.34592 2.055570e-01
9.610000e-01 1.689630e+00 2.062239e+00 2.413765e+00 1.156996e+01 3.309776e+03 1.304645e+04 2.34725 2.078582e-01
9.600000e-01 1.689630e+00 2.062438e+00 2.413912e+00 1.157279e+01 3.354935e+03 1.304153e+04 2.35101 2.109906e-01
9.590000e-01 1.689630e+00 2.063908e+00 2.415634e+00 1.157908e+01 3.393638e+03 1.303299e+04 2.35241 2.132481e-01
9.580000e-01 1.689630e+00 2.064116e+00 2.415794e+00 1.158192e+01 3.437789e+03 1.302817e+04 2.35609 2.163165e-01
9.570000e-01 1.689630e+00 2.065591e+00 2.417523e+00 1.158823e+01 3.475548e+03 1.301972e+04 2.3576 2.185204e-01
9.560000e-01 1.689630e+00 2.065795e+00 2.417678e+00 1.159107e+01 3.518570e+03 1.301502e+04 2.36114 2.215140e-01
9.550000e-01 1.689630e+00 2.067273e+00 2.419411e+00 1.159739e+01 3.555231e+03 1.300666e+04 2.3628 2.236586e-01
9.540000e-01 1.689630e+00 2.067472e+00 2.419558e+00 1.160025e+01 3.597247e+03 1.300206e+04 2.36623 2.265871e-01
9.530000e-01 1.689630e+00 2.068959e+00 2.421301e+00 1.160660e+01 3.633045e+03 1.299374e+04 2.36802 2.286857e-01
9.520000e-01 1.689630e+00 2.069159e+00 2.421450e+00 1.160947e+01 3.674208e+03 1.298922e+04 2.37138 2.315606e-01
9.510000e-01 1.689630e+00 2.070656e+00 2.423204e+00 1.161586e+01 3.709318e+03 1.298093e+04 2.37327 2.336218e-01
9.500000e-01 1.689630e+00 2.070863e+00 2.423363e+00 1.161875e+01 3.749739e+03 1.297648e+04 2.3766 2.364512e-01
9.490000e-01 1.689630e+00 2.072365e+00 2.425124e+00 1.162516e+01 3.784135e+03 1.296823e+04 2.37856 2.384712e-01
9.480000e-01 1.689630e+00 2.072568e+00 2.425278e+00 1.162805e+01 3.823653e+03 1.296387e+04 2.38178 2.412407e-01
9.470000e-01 1.689630e+00 2.074072e+00 2.427042e+00 1.163447e+01 3.857076e+03 1.295571e+04 2.38385 2.432077e-01
9.460000e-01 1.689630e+00 2.074257e+00 2.427170e+00 1.163734e+01 3.895571e+03 1.295146e+04 2.38692 2.459068e-01
9.450000e-01 1.689630e+00 2.075768e+00 2.428939e+00 1.164378e+01 3.928028e+03 1.294336e+04 2.38914 2.478251e-01
9.440000e-01 1.689630e+00 2.075948e+00 2.429059e+00 1.164666e+01 3.965869e+03 1.293918e+04 2.39215 2.504847e-01
9.430000e-01 1.689630e+00 2.077472e+00 2.430843e+00 1.165316e+01 3.997893e+03 1.293107e+04 2.39446 2.523806e-01
9.420000e-01 1.689630e+00 2.077662e+00 2.430977e+00 1.165608e+01 4.035289e+03 1.292691e+04 2.39749 2.550169e-01
9.410000e-01 1.689630e+00 2.079197e+00 2.432774e+00 1.166263e+01 4.066983e+03 1.291878e+04 2.39984 2.568926e-01
9.400000e-01 1.689630e+00 2.079399e+00 2.432924e+00 1.166558e+01 4.103906e+03 1.291466e+04 2.40288 2.595018e-01
9.390000e-01 1.689630e+00 2.080940e+00 2.434730e+00 1.167217e+01 4.135146e+03 1.290655e+04 2.40527 2.613504e-01
9.380000e-01 1.689630e+00 2.081145e+00 2.434885e+00 1.167513e+01 4.171458e+03 1.290248e+04 2.40826 2.639206e-01
9.370000e-01 1.689630e+00 2.082690e+00 2.436697e+00 1.168173e+01 4.202071e+03 1.289441e+04 2.41072 2.657344e-01
9.360000e-01 1.689630e+00 2.082888e+00 2.436842e+00 1.168469e+01 4.237693e+03 1.289041e+04 2.41362 2.682588e-01
9.350000e-01 1.689630e+00 2.084440e+00 2.438662e+00 1.169131e+01 4.267677e+03 1.288237e+04 2.41617 2.700402e-01
9.340000e-01 1.689630e+00 2.084636e+00 2.438805e+00 1.169428e+01 4.302760e+03 1.287842e+04 2.41904 2.725314e-01
9.330000e-01 1.689630e+00 2.086197e+00 2.440635e+00 1.170094e+01 4.332271e+03 1.287039e+04 2.42166 2.742874e-01
9.320000e-01 1.689630e+00 2.086397e+00 2.440782e+00 1.170393e+01 4.366903e+03 1.286647e+04 2.42451 2.767524e-01
9.310000e-01 1.689630e+00 2.087967e+00 2.442623e+00 1.171064e+01 4.396045e+03 1.285843e+04 2.42719 2.784878e-01
9.300000e-01 1.689630e+00 2.088171e+00 2.442776e+00 1.171365e+01 4.430205e+03 1.285455e+04 2.43002 2.809241e-01
9.290000e-01 1.689630e+00 2.089745e+00 2.444623e+00 1.172037e+01 4.458825e+03 1.284653e+04 2.43275 2.826297e-01
9.280000e-01 1.689630e+00 2.089940e+00 2.444763e+00 1.172337e+01 4.492348e+03 1.284270e+04 2.43549 2.850229e-01
9.270000e-01 1.689630e+00 2.091517e+00 2.446612e+00 1.173009e+01 4.520232e+03 1.283474e+04 2.4383 2.866892e-01
9.260000e-01 1.689630e+00 2.091696e+00 2.446731e+00 1.173308e+01 4.553115e+03 1.283098e+04 2.44095 2.890395e-01
9.250000e-01 1.689630e+00 2.093285e+00 2.448592e+00 1.173984e+01 4.580515e+03 1.282302e+04 2.44385 2.906834e-01
9.240000e-01 1.689630e+00 2.093467e+00 2.448715e+00 1.174286e+01 4.613090e+03 1.281928e+04 2.44651 2.930183e-01
9.230000e-01 1.689630e+00 2.095068e+00 2.450590e+00 1.174968e+01 4.640274e+03 1.281129e+04 2.44947 2.946498e-01
9.220000e-01 1.689630e+00 2.095261e+00 2.450727e+00 1.175273e+01 4.672594e+03 1.280756e+04 2.45215 2.969727e-01
9.210000e-01 1.689630e+00 2.096870e+00 2.452614e+00 1.175961e+01 4.699561e+03 1.279955e+04 2.45513 2.985907e-01
9.200000e-01 1.689630e+00 2.097069e+00 2.452760e+00 1.176268e+01 4.731524e+03 1.279584e+04 2.45781 3.008924e-01
9.190000e-01 1.689630e+00 2.098685e+00 2.454655e+00 1.176958e+01 4.758111e+03 1.278784e+04 2.46083 3.024886e-01
9.180000e-01 1.689630e+00 2.098880e+00 2.454796e+00 1.177265e+01 4.789604e+03 1.278417e+04 2.46346 3.047596e-01
9.170000e-01 1.689630e+00 2.100501e+00 2.456697e+00 1.177957e+01 4.815692e+03 1.277620e+04 2.46654 3.063290e-01
9.160000e-01 1.689630e+00 2.100690e+00 2.456830e+00 1.178264e+01 4.846741e+03 1.277257e+04 2.46912 3.085716e-01
9.150000e-01 1.689630e+00 2.102320e+00 2.458742e+00 1.178959e+01 4.872446e+03 1.276460e+04 2.47227 3.101216e-01
9.140000e-01 1.689630e+00 2.102509e+00 2.458874e+00 1.179268e+01 4.903152e+03 1.276100e+04 2.47484 3.123443e-01
9.130000e-01 1.689630e+00 2.104149e+00 2.460798e+00 1.179967e+01 4.928580e+03 1.275302e+04 2.47803 3.138797e-01
9.120000e-01 1.689630e+00 2.104344e+00 2.460938e+00 1.180279e+01 4.959012e+03 1.274943e+04 2.48061 3.160878e-01
9.110000e-01 1.689630e+00 2.106033e+00 2.462925e+00 1.180991e+01 4.984115e+03 1.274135e+04 2.48391 3.176003e-01
9.100000e-01 1.689630e+00 2.106195e+00 2.463022e+00 1.181297e+01 5.014196e+03 1.273786e+04 2.4864 3.197885e-01
9.090000e-01 1.689630e+00 2.107877e+00 2.464999e+00 1.182009e+01 5.038830e+03 1.272981e+04 2.48973 3.212764e-01
9.080000e-01 1.689630e+00 2.108023e+00 2.465076e+00 1.182313e+01 5.068410e+03 1.272637e+04 2.49214 3.234307e-01
9.070000e-01 1.689630e+00 2.109714e+00 2.467061e+00 1.183027e+01 5.092567e+03 1.271835e+04 2.49555 3.248951e-01
9.060000e-01 1.689630e+00 2.109858e+00 2.467134e+00 1.183333e+01 5.121859e+03 1.271493e+04 2.49795 3.270338e-01
9.050000e-01 1.689630e+00 2.111562e+00 2.469134e+00 1.184052e+01 5.145835e+03 1.270686e+04 2.50141 3.284893e-01
9.040000e-01 1.689630e+00 2.111713e+00 2.469218e+00 1.184362e+01 5.174960e+03 1.270345e+04 2.50384 3.306219e-01
9.030000e-01 1.689630e+00 2.113428e+00 2.471232e+00 1.185088e+01 5.198810e+03 1.269534e+04 2.50734 3.320694e-01
9.020000e-01 1.689630e+00 2.113588e+00 2.471327e+00 1.185400e+01 5.227727e+03 1.269192e+04 2.50978 3.341918e-01
9.010000e-01 1.689630e+00 2.115310e+00 2.473350e+00 1.186130e+01 5.251337e+03 1.268380e+04 2.5133 3.356246e-01
9.000000e-01 1.689630e+00 2.115469e+00 2.473444e+00 1.186443e+01 5.279929e+03 1.268041e+04 2.51572 3.377266e-01
8.990000e-01 1.689630e+00 2.117197e+00 2.475474e+00 1.187174e+01 5.303163e+03 1.267230e+04 2.51929 3.391387e-01
8.980000e-01 1.689630e+00 2.117347e+00 2.475558e+00 1.187488e+01 5.331380e+03 1.266894e+04 2.52166 3.412163e-01
8.970000e-01 1.689630e+00 2.119084e+00 2.477599e+00 1.188222e+01 5.354269e+03 1.266083e+04 2.52528 3.426110e-01
8.960000e-01 1.689630e+00 2.119232e+00 2.477678e+00 1.188536e+01 5.382197e+03 1.265750e+04 2.52764 3.446716e-01
8.950000e-01 1.689630e+00 2.120978e+00 2.479731e+00 1.189274e+01 5.404823e+03 1.264937e+04 2.53131 3.460523e-01
8.940000e-01 1.689630e+00 2.121129e+00 2.479815e+00 1.189590e+01 5.432525e+03 1.264605e+04 2.53367 3.481012e-01
8.930000e-01 1.689630e+00 2.122884e+00 2.481877e+00 1.190333e+01 5.454952e+03 1.263790e+04 2.53738 3.494706e-01
8.920000e-01 1.689630e+00 2.123830e+00 2.482943e+00 1.190862e+01 5.479830e+03 1.263219e+04 2.54039 3.511688e-01
8.910000e-01 1.689630e+00 2.124785e+00 2.484019e+00 1.191393e+01 5.504494e+03 1.262646e+04 2.54344 3.528548e-01
8.900000e-01 1.689630e+00 2.125738e+00 2.485091e+00 1.191925e+01 5.528943e+03 1.262076e+04 2.54648 3.545280e-01
8.890000e-01 1.689630e+00 2.126690e+00 2.486161e+00 1.192457e+01 5.553219e+03 1.261505e+04 2.54953 3.561915e-01
8.880000e-01 1.689630e+00 2.127645e+00 2.487234e+00 1.192991e+01 5.577404e+03 1.260934e+04 2.55259 3.578504e-01
8.870000e-01 1.689630e+00 2.128603e+00 2.488312e+00 1.193528e+01 5.601528e+03 1.260362e+04 2.55566 3.595067e-01
8.860000e-01 1.689630e+00 2.129566e+00 2.489395e+00 1.194067e+01 5.625601e+03 1.259788e+04 2.55874 3.611608e-01
8.850000e-01 1.689630e+00 2.130535e+00 2.490485e+00 1.194608e+01 5.649627e+03 1.259213e+04 2.56185 3.628130e-01
8.840000e-01 1.689630e+00 2.131507e+00 2.491581e+00 1.195152e+01 5.673576e+03 1.258637e+04 2.56496 3.644611e-01
8.830000e-01 1.689630e+00 2.132483e+00 2.492680e+00 1.195697e+01 5.697426e+03 1.258060e+04 2.56808 3.661036e-01
8.820000e-01 1.689630e+00 2.133460e+00 2.493782e+00 1.196243e+01 5.721142e+03 1.257484e+04 2.57121 3.677384e-01
8.810000e-01 1.689630e+00 2.134438e+00 2.494884e+00 1.196790e+01 5.744704e+03 1.256908e+04 2.57435 3.693642e-01
8.800000e-01 1.689630e+00 2.135415e+00 2.495986e+00 1.197337e+01 5.768108e+03 1.256333e+04 2.57748 3.709808e-01
8.790000e-01 1.689630e+00 2.136394e+00 2.497088e+00 1.197886e+01 5.791390e+03 1.255757e+04 2.58062 3.725906e-01
8.780000e-01 1.689630e+00 2.137373e+00 2.498193e+00 1.198435e+01 5.814551e+03 1.255182e+04 2.58377 3.741936e-01
8.770000e-01 1.689630e+00 2.138355e+00 2.499299e+00 1.198986e+01 5.837602e+03 1.254606e+04 2.58692 3.757906e-01
8.760000e-01 1.689630e+00 2.139340e+00 2.500409e+00 1.199539e+01 5.860576e+03 1.254030e+04 2.59009 3.773835e-01
8.750000e-01 1.689630e+00 2.140327e+00 2.501522e+00 1.200093e+01 5.883451e+03 1.253453e+04 2.59326 3.789711e-01
8.740000e-01 1.689630e+00 2.141315e+00 2.502637e+00 1.200648e+01 5.906202e+03 1.252876e+04 2.59644 3.805515e-01
8.730000e-01 1.689630e+00 2.142303e+00 2.503751e+00 1.201204e+01 5.928794e+03 1.252300e+04 2.59963 3.821226e-01
8.720000e-01 1.689630e+00 2.143290e+00 2.504863e+00 1.201760e+01 5.951208e+03 1.251725e+04 2.60281 3.836833e-01
8.710000e-01 1.689630e+00 2.144275e+00 2.505973e+00 1.202316e+01 5.973477e+03 1.251150e+04 2.60599 3.852358e-01
8.700000e-01 1.689630e+00 2.145264e+00 2.507085e+00 1.202875e+01 5.995674e+03 1.250574e+04 2.60919 3.867850e-01
8.690000e-01 1.689630e+00 2.146255e+00 2.508201e+00 1.203436e+01 6.017821e+03 1.249996e+04 2.6124 3.883320e-01
8.680000e-01 1.689630e+00 2.147252e+00 2.509324e+00 1.204000e+01 6.039931e+03 1.249417e+04 2.61562 3.898779e-01
8.670000e-01 1.689630e+00 2.148254e+00 2.510453e+00 1.204566e+01 6.062003e+03 1.248836e+04 2.61887 3.914222e-01
8.660000e-01 1.689630e+00 2.149259e+00 2.511587e+00 1.205134e+01 6.084015e+03 1.248253e+04 2.62212 3.929635e-01
8.650000e-01 1.689630e+00 2.150268e+00 2.512725e+00 1.205705e+01 6.105942e+03 1.247670e+04 2.62538 3.945002e-01
8.640000e-01 1.689630e+00 2.151278e+00 2.513866e+00 1.206276e+01 6.127761e+03 1.247087e+04 2.62865 3.960307e-01
8.630000e-01 1.689630e+00 2.152289e+00 2.515006e+00 1.206848e+01 6.149448e+03 1.246504e+04 2.63192 3.975535e-01
8.620000e-01 1.689630e+00 2.153300e+00 2.516147e+00 1.207421e+01 6.171011e+03 1.245921e+04 2.6352 3.990692e-01
8.610000e-01 1.689630e+00 2.154312e+00 2.517289e+00 1.207995e+01 6.192471e+03 1.245337e+04 2.63848 4.005793e-01
8.600000e-01 1.689630e+00 2.155326e+00 2.518432e+00 1.208570e+01 6.213827e+03 1.244754e+04 2.64177 4.020836e-01
8.590000e-01 1.689630e+00 2.156341e+00 2.519578e+00 1.209147e+01 6.235093e+03 1.244169e+04 2.64507 4.035830e-01
8.580000e-01 1.689630e+00 2.157359e+00 2.520728e+00 1.209726e+01 6.256293e+03 1.243584e+04 2.64838 4.050791e-01
8.570000e-01 1.689630e+00 2.158380e+00 2.521880e+00 1.210306e+01 6.277402e+03 1.242998e+04 2.6517 4.065702e-01
8.560000e-01 1.689630e+00 2.159401e+00 2.523033e+00 1.210887e+01 6.298396e+03 1.242412e+04 2.65502 4.080546e-01
8.550000e-01 1.689630e+00 2.160421e+00 2.524184e+00 1.211468e+01 6.319243e+03 1.241826e+04 2.65834 4.095305e-01
8.540000e-01 1.689630e+00 2.161440e+00 2.525333e+00 1.212050e+01 6.339941e+03 1.241241e+04 2.66166 4.109976e-01
8.530000e-01 1.689630e+00 2.162459e+00 2.526482e+00 1.212633e+01 6.360535e+03 1.240655e+04 2.66499 4.124593e-01
8.520000e-01 1.689630e+00 2.163482e+00 2.527634e+00 1.213219e+01 6.381080e+03 1.240068e+04 2.66833 4.139189e-01
8.510000e-01 1.689630e+00 2.164508e+00 2.528792e+00 1.213807e+01 6.401588e+03 1.239479e+04 2.67169 4.153773e-01
8.500000e-01 1.689630e+00 2.165539e+00 2.529955e+00 1.214398e+01 6.422065e+03 1.238888e+04 2.67506 4.168346e-01
8.490000e-01 1.689630e+00 2.166575e+00 2.531123e+00 1.214991e+01 6.442504e+03 1.238295e+04 2.67845 4.182904e-01
8.480000e-01 1.689630e+00 2.167614e+00 2.532297e+00 1.215587e+01 6.462884e+03 1.237701e+04 2.68185 4.197432e-01
8.470000e-01 1.689630e+00 2.168656e+00 2.533474e+00 1.216184e+01 6.483183e+03 1.237106e+04 2.68525 4.211915e-01
8.460000e-01 1.689630e+00 2.169698e+00 2.534652e+00 1.216782e+01 6.503378e+03 1.236511e+04 2.68867 4.226339e-01
8.450000e-01 1.689630e+00 2.170741e+00 2.535830e+00 1.217381e+01 6.523461e+03 1.235915e+04 2.69208 4.240697e-01
8.440000e-01 1.689630e+00 2.171785e+00 2.537010e+00 1.217981e+01 6.543448e+03 1.235320e+04 2.6955 4.255003e-01
8.430000e-01 1.689630e+00 2.172831e+00 2.538190e+00 1.218583e+01 6.563346e+03 1.234723e+04 2.69893 4.269261e-01
8.420000e-01 1.689630e+00 2.173877e+00 2.539372e+00 1.219186e+01 6.583153e+03 1.234126e+04 2.70237 4.283468e-01
8.410000e-01 1.689630e+00 2.174926e+00 2.540558e+00 1.219791e+01 6.602898e+03 1.233527e+04 2.70581 4.297644e-01
8.400000e-01 1.689630e+00 2.175977e+00 2.541746e+00 1.220398e+01 6.622573e+03 1.232928e+04 2.70927 4.311783e-01
8.390000e-01 1.689630e+00 2.177073e+00 2.542991e+00 1.221015e+01 6.642113e+03 1.232318e+04 2.7128 4.325783e-01
8.380000e-01 1.689630e+00 2.178084e+00 2.544126e+00 1.221614e+01 6.661614e+03 1.231727e+04 2.71619 4.339882e-01
8.370000e-01 1.689630e+00 2.179177e+00 2.545367e+00 1.222233e+01 6.680901e+03 1.231118e+04 2.71972 4.353735e-01
8.360000e-01 1.689630e+00 2.180185e+00 2.546498e+00 1.222833e+01 6.700157e+03 1.230527e+04 2.72312 4.367695e-01
8.350000e-01 1.689630e+00 2.181281e+00 2.547741e+00 1.223455e+01 6.719284e+03 1.229916e+04 2.72667 4.381465e-01
8.340000e-01 1.689630e+00 2.182338e+00 2.548935e+00 1.224070e+01 6.738415e+03 1.229312e+04 2.73016 4.395306e-01
8.330000e-01 1.689630e+00 2.183400e+00 2.550133e+00 1.224688e+01 6.757516e+03 1.228705e+04 2.73367 4.409138e-01
8.320000e-01 1.689630e+00 2.184466e+00 2.551337e+00 1.225308e+01 6.776587e+03 1.228097e+04 2.73719 4.422959e-01
8.310000e-01 1.689630e+00 2.185535e+00 2.552546e+00 1.225931e+01 6.795611e+03 1.227487e+04 2.74073 4.436758e-01
8.300000e-01 1.689630e+00 2.186607e+00 2.553758e+00 1.226556e+01 6.814566e+03 1.226876e+04 2.74427 4.450519e-01
8.290000e-01 1.689630e+00 2.187680e+00 2.554972e+00 1.227182e+01 6.833437e+03 1.226264e+04 2.74782 4.464232e-01
8.280000e-01 1.689630e+00 2.188754e+00 2.556186e+00 1.227809e+01 6.852207e+03 1.225651e+04 2.75137 4.477888e-01
8.270000e-01 1.689630e+00 2.189829e+00 2.557401e+00 1.228437e+01 6.870892e+03 1.225038e+04 2.75493 4.491496e-01
8.260000e-01 1.689630e+00 2.190904e+00 2.558617e+00 1.229067e+01 6.889496e+03 1.224424e+04 2.7585 4.505060e-01
8.250000e-01 1.689630e+00 2.191981e+00 2.559834e+00 1.229698e+01 6.908016e+03 1.223809e+04 2.76207 4.518578e-01
8.240000e-01 1.689630e+00 2.193060e+00 2.561054e+00 1.230331e+01 6.926477e+03 1.223192e+04 2.76565 4.532065e-01
8.230000e-01 1.689630e+00 2.194142e+00 2.562277e+00 1.230966e+01 6.944879e+03 1.222574e+04 2.76924 4.545523e-01
8.220000e-01 1.689630e+00 2.195224e+00 2.563501e+00 1.231603e+01 6.963194e+03 1.221955e+04 2.77284 4.558930e-01
8.210000e-01 1.689630e+00 2.196307e+00 2.564725e+00 1.232240e+01 6.981405e+03 1.221336e+04 2.77644 4.572278e-01
8.200000e-01 1.689630e+00 2.197388e+00 2.565947e+00 1.232878e+01 6.999492e+03 1.220717e+04 2.78004 4.585552e-01
8.190000e-01 1.689630e+00 2.198469e+00 2.567167e+00 1.233517e+01 7.017480e+03 1.220097e+04 2.78365 4.598773e-01
8.180000e-01 1.689630e+00 2.199552e+00 2.568390e+00 1.234158e+01 7.035424e+03 1.219476e+04 2.78726 4.611975e-01
8.170000e-01 1.689630e+00 2.200639e+00 2.569618e+00 1.234802e+01 7.053337e+03 1.218852e+04 2.79089 4.625167e-01
8.160000e-01 1.689630e+00 2.201730e+00 2.570851e+00 1.235449e+01 7.071221e+03 1.218225e+04 2.79454 4.638349e-01
8.150000e-01 1.689630e+00 2.202825e+00 2.572089e+00 1.236099e+01 7.089075e+03 1.217597e+04 2.7982 4.651521e-01
8.140000e-01 1.689630e+00 2.203924e+00 2.573332e+00 1.236751e+01 7.106885e+03 1.216966e+04 2.80187 4.664670e-01
8.130000e-01 1.689630e+00 2.205025e+00 2.574577e+00 1.237406e+01 7.124632e+03 1.216334e+04 2.80555 4.677786e-01
8.120000e-01 1.689630e+00 2.206127e+00 2.575824e+00 1.238061e+01 7.142297e+03 1.215701e+04 2.80923 4.690855e-01
8.110000e-01 1.689630e+00 2.207230e+00 2.577072e+00 1.238718e+01 7.159875e+03 1.215068e+04 2.81292 4.703874e-01
8.100000e-01 1.689630e+00 2.208333e+00 2.578320e+00 1.239377e+01 7.177375e+03 1.214433e+04 2.81662 4.716851e-01
8.090000e-01 1.689630e+00 2.209438e+00 2.579570e+00 1.240037e+01 7.194801e+03 1.213797e+04 2.82032 4.729787e-01
8.080000e-01 1.689630e+00 2.210543e+00 2.580821e+00 1.240698e+01 7.212153e+03 1.213160e+04 2.82403 4.742683e-01
8.070000e-01 1.689630e+00 2.211651e+00 2.582074e+00 1.241362e+01 7.229446e+03 1.212521e+04 2.82775 4.755549e-01
8.060000e-01 1.689630e+00 2.212761e+00 2.583331e+00 1.242028e+01 7.246687e+03 1.211881e+04 2.83148 4.768388e-01
8.050000e-01 1.689630e+00 2.213872e+00 2.584587e+00 1.242695e+01 7.263837e+03 1.211240e+04 2.83522 4.781173e-01
8.040000e-01 1.689630e+00 2.214982e+00 2.585843e+00 1.243363e+01 7.280885e+03 1.210598e+04 2.83895 4.793900e-01
8.030000e-01 1.689630e+00 2.216091e+00 2.587097e+00 1.244031e+01 7.297824e+03 1.209956e+04 2.84269 4.806564e-01
8.020000e-01 1.689630e+00 2.217200e+00 2.588350e+00 1.244701e+01 7.314688e+03 1.209313e+04 2.84643 4.819188e-01
8.010000e-01 1.689630e+00 2.218312e+00 2.589607e+00 1.245374e+01 7.331523e+03 1.208668e+04 2.85018 4.831803e-01
8.000000e-01 1.689630e+00 2.219427e+00 2.590868e+00 1.246050e+01 7.348323e+03 1.208019e+04 2.85395 4.844405e-01
7.990000e-01 1.689630e+00 2.220547e+00 2.592135e+00 1.246730e+01 7.365097e+03 1.207369e+04 2.85774 4.856999e-01
7.980000e-01 1.689630e+00 2.221671e+00 2.593407e+00 1.247412e+01 7.381840e+03 1.206716e+04 2.86153 4.869579e-01
7.970000e-01 1.689630e+00 2.222797e+00 2.594682e+00 1.248096e+01 7.398531e+03 1.206060e+04 2.86534 4.882133e-01
7.960000e-01 1.689630e+00 2.223925e+00 2.595959e+00 1.248782e+01 7.415160e+03 1.205404e+04 2.86916 4.894651e-01
7.950000e-01 1.689630e+00 2.225054e+00 2.597237e+00 1.249470e+01 7.431707e+03 1.204746e+04 2.87298 4.907123e-01
7.940000e-01 1.689630e+00 2.226183e+00 2.598516e+00 1.250159e+01 7.448176e+03 1.204087e+04 2.8768 4.919551e-01
7.930000e-01 1.689630e+00 2.227313e+00 2.599795e+00 1.250850e+01 7.464577e+03 1.203427e+04 2.88063 4.931942e-01
7.920000e-01 1.689630e+00 2.228444e+00 2.601075e+00 1.251543e+01 7.480904e+03 1.202765e+04 2.88447 4.944292e-01
7.910000e-01 1.689630e+00 2.229577e+00 2.602358e+00 1.252237e+01 7.497174e+03 1.202102e+04 2.88832 4.956612e-01
7.900000e-01 1.689630e+00 2.230712e+00 2.603643e+00 1.252934e+01 7.513391e+03 1.201437e+04 2.89217 4.968904e-01
7.890000e-01 1.689630e+00 2.231848e+00 2.604930e+00 1.253633e+01 7.529536e+03 1.200771e+04 2.89603 4.981157e-01
7.880000e-01 1.689630e+00 2.232983e+00 2.606215e+00 1.254333e+01 7.545591e+03 1.200103e+04 2.8999 4.993356e-01
7.870000e-01 1.689630e+00 2.234117e+00 2.607499e+00 1.255033e+01 7.561544e+03 1.199436e+04 2.90376 5.005496e-01
7.860000e-01 1.689630e+00 2.235251e+00 2.608781e+00 1.255735e+01 7.577409e+03 1.198767e+04 2.90763 5.017588e-01
7.850000e-01 1.689630e+00 2.236387e+00 2.610066e+00 1.256440e+01 7.593240e+03 1.198096e+04 2.91151 5.029666e-01
7.840000e-01 1.689630e+00 2.237526e+00 2.611355e+00 1.257148e+01 7.609037e+03 1.197422e+04 2.91541 5.041733e-01
7.830000e-01 1.689630e+00 2.238668e+00 2.612649e+00 1.257859e+01 7.624802e+03 1.196745e+04 2.91931 5.053787e-01
7.820000e-01 1.689630e+00 2.239815e+00 2.613948e+00 1.258573e+01 7.640544e+03 1.196066e+04 2.92323 5.065832e-01
7.810000e-01 1.689630e+00 2.240965e+00 2.615250e+00 1.259290e+01 7.656236e+03 1.195384e+04 2.92717 5.077853e-01
7.800000e-01 1.689630e+00 2.242116e+00 2.616555e+00 1.260009e+01 7.671874e+03 1.194700e+04 2.93111 5.089843e-01
7.790000e-01 1.689630e+00 2.243268e+00 2.617860e+00 1.260730e+01 7.687441e+03 1.194015e+04 2.93505 5.101792e-01
7.780000e-01 1.689630e+00 2.244420e+00 2.619166e+00 1.261453e+01 7.702925e+03 1.193329e+04 2.939 5.113695e-01
7.770000e-01 1.689630e+00 2.245574e+00 2.620473e+00 1.262177e+01 7.718351e+03 1.192642e+04 2.94296 5.125566e-01
7.760000e-01 1.689630e+00 2.246728e+00 2.621782e+00 1.262903e+01 7.733707e+03 1.191952e+04 2.94693 5.137399e-01
7.750000e-01 1.689630e+00 2.247924e+00 2.623144e+00 1.263641e+01 7.748962e+03 1.191251e+04 2.95096 5.149096e-01
7.740000e-01 1.689630e+00 2.249083e+00 2.624458e+00 1.264372e+01 7.764207e+03 1.190558e+04 2.95494 5.160867e-01
7.730000e-01 1.689630e+00 2.250241e+00 2.625771e+00 1.265105e+01 7.779379e+03 1.189864e+04 2.95893 5.172601e-01
7.720000e-01 1.689630e+00 2.251399e+00 2.627084e+00 1.265839e+01 7.794466e+03 1.189168e+04 2.96292 5.184285e-01
7.710000e-01 1.689630e+00 2.252556e+00 2.628395e+00 1.266575e+01 7.809466e+03 1.188472e+04 2.96691 5.195918e-01
7.700000e-01 1.689630e+00 2.253710e+00 2.629703e+00 1.267311e+01 7.824366e+03 1.187774e+04 2.97091 5.207497e-01
7.690000e-01 1.689630e+00 2.254869e+00 2.631016e+00 1.268051e+01 7.839239e+03 1.187075e+04 2.97491 5.219065e-01
7.680000e-01 1.689630e+00 2.256030e+00 2.632333e+00 1.268794e+01 7.854085e+03 1.186372e+04 2.97893 5.230625e-01
7.670000e-01 1.689630e+00 2.257194e+00 2.633651e+00 1.269541e+01 7.868877e+03 1.185666e+04 2.98297 5.242163e-01
7.660000e-01 1.689630e+00 2.258362e+00 2.634977e+00 1.270291e+01 7.883656e+03 1.184958e+04 2.98701 5.253695e-01
7.650000e-01 1.689630e+00 2.259534e+00 2.636307e+00 1.271043e+01 7.898395e+03 1.184247e+04 2.99107 5.265208e-01
7.640000e-01 1.689630e+00 2.260705e+00 2.637635e+00 1.271799e+01 7.913056e+03 1.183534e+04 2.99514 5.276681e-01
7.630000e-01 1.689630e+00 2.261879e+00 2.638968e+00 1.272556e+01 7.927667e+03 1.182820e+04 2.99921 5.288121e-01
7.620000e-01 1.689630e+00 2.263052e+00 2.640301e+00 1.273315e+01 7.942201e+03 1.182104e+04 3.00329 5.299520e-01
7.610000e-01 1.689630e+00 2.264225e+00 2.641632e+00 1.274076e+01 7.956659e+03 1.181387e+04 3.00737 5.310878e-01
7.600000e-01 1.689630e+00 2.265400e+00 2.642966e+00 1.274839e+01 7.971068e+03 1.180667e+04 3.01146 5.322207e-01
7.590000e-01 1.689630e+00 2.266576e+00 2.644303e+00 1.275605e+01 7.985410e+03 1.179946e+04 3.01556 5.333501e-01
7.580000e-01 1.689630e+00 2.267751e+00 2.645637e+00 1.276373e+01 7.999692e+03 1.179223e+04 3.01967 5.344765e-01
7.570000e-01 1.689630e+00 2.268929e+00 2.646975e+00 1.277143e+01 8.013919e+03 1.178498e+04 3.02378 5.355997e-01
7.560000e-01 1.689630e+00 2.270106e+00 2.648313e+00 1.277915e+01 8.028055e+03 1.177772e+04 3.02789 5.367174e-01
7.550000e-01 1.689630e+00 2.271281e+00 2.649646e+00 1.278688e+01 8.042100e+03 1.177045e+04 3.03201 5.378301e-01
7.540000e-01 1.689630e+00 2.272455e+00 2.650979e+00 1.279462e+01 8.056075e+03 1.176316e+04 3.03612 5.389387e-01
7.530000e-01 1.689630e+00 2.273632e+00 2.652315e+00 1.280241e+01 8.070014e+03 1.175584e+04 3.04025 5.400462e-01
7.520000e-01 1.689630e+00 2.274812e+00 2.653655e+00 1.281023e+01 8.083925e+03 1.174849e+04 3.0444 5.411526e-01
7.510000e-01 1.689630e+00 2.275995e+00 2.654999e+00 1.281808e+01 8.097798e+03 1.174111e+04 3.04855 5.422572e-01
7.500000e-01 1.689630e+00 2.277181e+00 2.656346e+00 1.282597e+01 8.111638e+03 1.173369e+04 3.05272 5.433603e-01
7.490000e-01 1.689630e+00 2.278369e+00 2.657697e+00 1.283389e+01 8.125435e+03 1.172625e+04 3.0569 5.444611e-01
7.480000e-01 1.689630e+00 2.279558e+00 2.659049e+00 1.284184e+01 8.139170e+03 1.171879e+04 3.06108 5.455583e-01
7.470000e-01 1.689630e+00 2.280746e+00 2.660400e+00 1.284980e+01 8.152838e+03 1.171131e+04 3.06527 5.466516e-01
7.460000e-01 1.689630e+00 2.281934e+00 2.661751e+00 1.285778e+01 8.166436e+03 1.170381e+04 3.06946 5.477408e-01
7.450000e-01 1.689630e+00 2.283123e+00 2.663103e+00 1.286579e+01 8.179973e+03 1.169628e+04 3.07365 5.488266e-01
7.440000e-01 1.689630e+00 2.284313e+00 2.664456e+00 1.287382e+01 8.193453e+03 1.168874e+04 3.07785 5.499092e-01
7.430000e-01 1.689630e+00 2.285502e+00 2.665809e+00 1.288188e+01 8.206871e+03 1.168117e+04 3.08206 5.509882e-01
7.420000e-01 1.689630e+00 2.286693e+00 2.667162e+00 1.288997e+01 8.220238e+03 1.167358e+04 3.08627 5.520644e-01
7.410000e-01 1.689630e+00 2.287883e+00 2.668515e+00 1.289807e+01 8.233531e+03 1.166596e+04 3.09048 5.531360e-01
7.400000e-01 1.689630e+00 2.289071e+00 2.669866e+00 1.290619e+01 8.246736e+03 1.165834e+04 3.09469 5.542025e-01
7.390000e-01 1.689630e+00 2.290258e+00 2.671214e+00 1.291432e+01 8.259862e+03 1.165069e+04 3.09891 5.552643e-01
7.380000e-01 1.689630e+00 2.291445e+00 2.672562e+00 1.292248e+01 8.272940e+03 1.164302e+04 3.10312 5.563237e-01
7.370000e-01 1.689630e+00 2.292634e+00 2.673913e+00 1.293069e+01 8.285986e+03 1.163531e+04 3.10735 5.573816e-01
7.360000e-01 1.689630e+00 2.293826e+00 2.675268e+00 1.293892e+01 8.298999e+03 1.162756e+04 3.11159 5.584380e-01
7.350000e-01 1.689630e+00 2.295020e+00 2.676626e+00 1.294720e+01 8.311977e+03 1.161978e+04 3.11584 5.594927e-01
7.340000e-01 1.689630e+00 2.296216e+00 2.677986e+00 1.295551e+01 8.324918e+03 1.161196e+04 3.1201 5.605453e-01
7.330000e-01 1.689630e+00 2.297413e+00 2.679347e+00 1.296386e+01 8.337801e+03 1.160411e+04 3.12437 5.615944e-01
7.320000e-01 1.689630e+00 2.298610e+00 2.680709e+00 1.297222e+01 8.350623e+03 1.159624e+04 3.12864 5.626398e-01
7.310000e-01 1.689630e+00 2.299806e+00 2.682069e+00 1.298060e+01 8.363375e+03 1.158835e+04 3.1329 5.636810e-01
7.300000e-01 1.689630e+00 2.301002e+00 2.683429e+00 1.298902e+01 8.376068e+03 1.158043e+04 3.13717 5.647187e-01
7.290000e-01 1.689630e+00 2.302237e+00 2.684840e+00 1.299755e+01 8.388671e+03 1.157239e+04 3.14151 5.657422e-01
7.280000e-01 1.689630e+00 2.303434e+00 2.686202e+00 1.300602e+01 8.401241e+03 1.156441e+04 3.14579 5.667724e-01
7.270000e-01 1.689630e+00 2.304630e+00 2.687562e+00 1.301451e+01 8.413758e+03 1.155641e+04 3.15007 5.677997e-01
7.260000e-01 1.689630e+00 2.305826e+00 2.688922e+00 1.302303e+01 8.426212e+03 1.154838e+04 3.15436 5.688232e-01
7.250000e-01 1.689630e+00 2.307019e+00 2.690279e+00 1.303156e+01 8.438578e+03 1.154034e+04 3.15864 5.698413e-01
7.240000e-01 1.689630e+00 2.308210e+00 2.691632e+00 1.304011e+01 8.450865e+03 1.153228e+04 3.16292 5.708545e-01
7.230000e-01 1.689630e+00 2.309401e+00 2.692985e+00 1.304869e+01 8.463097e+03 1.152419e+04 3.1672 5.718648e-01
7.220000e-01 1.689630e+00 2.310594e+00 2.694340e+00 1.305731e+01 8.475294e+03 1.151606e+04 3.17149 5.728735e-01
7.210000e-01 1.689630e+00 2.311788e+00 2.695698e+00 1.306597e+01 8.487456e+03 1.150789e+04 3.1758 5.738804e-01
7.200000e-01 1.689630e+00 2.312984e+00 2.697058e+00 1.307467e+01 8.499580e+03 1.149968e+04 3.18011 5.748851e-01
7.190000e-01 1.689630e+00 2.314182e+00 2.698421e+00 1.308342e+01 8.511668e+03 1.149142e+04 3.18443 5.758879e-01
7.180000e-01 1.689630e+00 2.315380e+00 2.699784e+00 1.309219e+01 8.523698e+03 1.148314e+04 3.18875 5.768871e-01
7.170000e-01 1.689630e+00 2.316578e+00 2.701147e+00 1.310099e+01 8.535665e+03 1.147483e+04 3.19307 5.778826e-01
7.160000e-01 1.689630e+00 2.317776e+00 2.702510e+00 1.310981e+01 8.547564e+03 1.146650e+04 3.1974 5.788740e-01
7.150000e-01 1.689630e+00 2.318971e+00 2.703871e+00 1.311866e+01 8.559401e+03 1.145814e+04 3.20173 5.798616e-01
7.140000e-01 1.689630e+00 2.320167e+00 2.705232e+00 1.312754e+01 8.571179e+03 1.144975e+04 3.20606 5.808458e-01
7.130000e-01 1.689630e+00 2.321362e+00 2.706592e+00 1.313645e+01 8.582891e+03 1.144134e+04 3.21039 5.818261e-01
7.120000e-01 1.689630e+00 2.322558e+00 2.707953e+00 1.314539e+01 8.594549e+03 1.143289e+04 3.21473 5.828032e-01
7.110000e-01 1.689630e+00 2.323752e+00 2.709312e+00 1.315436e+01 8.606141e+03 1.142442e+04 3.21907 5.837764e-01
7.100000e-01 1.689630e+00 2.324943e+00 2.710667e+00 1.316335e+01 8.617645e+03 1.141593e+04 3.2234 5.847439e-01
7.090000e-01 1.689630e+00 2.326132e+00 2.712020e+00 1.317236e+01 8.629071e+03 1.140742e+04 3.22773 5.857069e-01
7.080000e-01 1.689630e+00 2.327320e+00 2.713372e+00 1.318140e+01 8.640443e+03 1.139887e+04 3.23207 5.866670e-01
7.070000e-01 1.689630e+00 2.328509e+00 2.714725e+00 1.319049e+01 8.651778e+03 1.139028e+04 3.23641 5.876252e-01
7.060000e-01 1.689630e+00 2.329700e+00 2.716079e+00 1.319962e+01 8.663072e+03 1.138165e+04 3.24076 5.885812e-01
7.050000e-01 1.689630e+00 2.330891e+00 2.717436e+00 1.320879e+01 8.674327e+03 1.137297e+04 3.24512 5.895349e-01
7.040000e-01 1.689630e+00 2.332084e+00 2.718795e+00 1.321801e+01 8.685546e+03 1.136425e+04 3.24948 5.904863e-01
7.030000e-01 1.689630e+00 2.333275e+00 2.720151e+00 1.322726e+01 8.696697e+03 1.135550e+04 3.25384 5.914335e-01
7.020000e-01 1.689630e+00 2.334466e+00 2.721508e+00 1.323653e+01 8.707789e+03 1.134671e+04 3.2582 5.923768e-01
7.010000e-01 1.689630e+00 2.335656e+00 2.722864e+00 1.324584e+01 8.718816e+03 1.133790e+04 3.26256 5.933158e-01
7.000000e-01 1.689630e+00 2.336843e+00 2.724215e+00 1.325518e+01 8.729777e+03 1.132905e+04 3.26692 5.942510e-01
6.990000e-01 1.689630e+00 2.338029e+00 2.725566e+00 1.326455e+01 8.740680e+03 1.132016e+04 3.27128 5.951823e-01
6.980000e-01 1.689630e+00 2.339214e+00 2.726916e+00 1.327395e+01 8.751520e+03 1.131125e+04 3.27563 5.961096e-01
6.970000e-01 1.689630e+00 2.340397e+00 2.728265e+00 1.328338e+01 8.762303e+03 1.130230e+04 3.27999 5.970334e-01
6.960000e-01 1.689630e+00 2.341578e+00 2.729609e+00 1.329284e+01 8.773012e+03 1.129331e+04 3.28434 5.979523e-01
6.950000e-01 1.689630e+00 2.342756e+00 2.730950e+00 1.330232e+01 8.783635e+03 1.128431e+04 3.28868 5.988656e-01
6.940000e-01 1.689630e+00 2.343967e+00 2.732335e+00 1.331193e+01 8.794157e+03 1.127518e+04 3.29308 5.997637e-01
6.930000e-01 1.689630e+00 2.345143e+00 2.733673e+00 1.332148e+01 8.804662e+03 1.126610e+04 3.29742 6.006695e-01
6.920000e-01 1.689630e+00 2.346317e+00 2.735009e+00 1.333108e+01 8.815128e+03 1.125696e+04 3.30176 6.015734e-01
6.910000e-01 1.689630e+00 2.347492e+00 2.736347e+00 1.334072e+01 8.825548e+03 1.124779e+04 3.30611 6.024743e-01
6.900000e-01 1.689630e+00 2.348667e+00 2.737686e+00 1.335042e+01 8.835930e+03 1.123856e+04 3.31047 6.033729e-01
6.890000e-01 1.689630e+00 2.349842e+00 2.739024e+00 1.336015e+01 8.846263e+03 1.122928e+04 3.31482 6.042682e-01
6.880000e-01 1.689630e+00 2.351014e+00 2.740360e+00 1.336992e+01 8.856529e+03 1.121997e+04 3.31917 6.051590e-01
6.870000e-01 1.689630e+00 2.352184e+00 2.741693e+00 1.337972e+01 8.866728e+03 1.121063e+04 3.32351 6.060452e-01
6.860000e-01 1.689630e+00 2.353352e+00 2.743025e+00 1.338955e+01 8.876864e+03 1.120125e+04 3.32785 6.069274e-01
6.850000e-01 1.689630e+00 2.354519e+00 2.744354e+00 1.339942e+01 8.886940e+03 1.119183e+04 3.33219 6.078056e-01
6.840000e-01 1.689630e+00 2.355682e+00 2.745679e+00 1.340932e+01 8.896948e+03 1.118237e+04 3.33652 6.086791e-01
6.830000e-01 1.689630e+00 2.356842e+00 2.747001e+00 1.341926e+01 8.906896e+03 1.117287e+04 3.34084 6.095485e-01
6.820000e-01 1.689630e+00 2.358001e+00 2.748321e+00 1.342924e+01 8.916779e+03 1.116333e+04 3.34516 6.104137e-01
6.810000e-01 1.689630e+00 2.359156e+00 2.749636e+00 1.343923e+01 8.926578e+03 1.115376e+04 3.34947 6.112732e-01
6.800000e-01 1.689630e+00 2.360306e+00 2.750946e+00 1.344925e+01 8.936299e+03 1.114417e+04 3.35377 6.121275e-01
6.790000e-01 1.689630e+00 2.361452e+00 2.752250e+00 1.345932e+01 8.945956e+03 1.113453e+04 3.35806 6.129777e-01
6.780000e-01 1.689630e+00 2.362599e+00 2.753556e+00 1.346943e+01 8.955574e+03 1.112484e+04 3.36236 6.138255e-01
6.770000e-01 1.689630e+00 2.363745e+00 2.754861e+00 1.347960e+01 8.965145e+03 1.111509e+04 3.36666 6.146704e-01
6.760000e-01 1.689630e+00 2.364891e+00 2.756166e+00 1.348981e+01 8.974665e+03 1.110529e+04 3.37096 6.155121e-01
6.750000e-01 1.689630e+00 2.366035e+00 2.757471e+00 1.350008e+01 8.984139e+03 1.109544e+04 3.37525 6.163507e-01
6.740000e-01 1.689630e+00 2.367178e+00 2.758773e+00 1.351040e+01 8.993548e+03 1.108555e+04 3.37955 6.171849e-01
6.730000e-01 1.689630e+00 2.368317e+00 2.760073e+00 1.352074e+01 9.002885e+03 1.107562e+04 3.38384 6.180144e-01
6.720000e-01 1.689630e+00 2.369454e+00 2.761370e+00 1.353112e+01 9.012155e+03 1.106566e+04 3.38812 6.188395e-01
6.710000e-01 1.689630e+00 2.370588e+00 2.762663e+00 1.354155e+01 9.021360e+03 1.105565e+04 3.3924 6.196603e-01
6.700000e-01 1.689630e+00 2.371718e+00 2.763953e+00 1.355201e+01 9.030496e+03 1.104561e+04 3.39667 6.204767e-01
6.690000e-01 1.689630e+00 2.372846e+00 2.765240e+00 1.356251e+01 9.039565e+03 1.103552e+04 3.40093 6.212884e-01
6.680000e-01 1.689630e+00 2.374005e+00 2.766568e+00 1.357315e+01 9.048536e+03 1.102530e+04 3.40524 6.220848e-01
6.670000e-01 1.689630e+00 2.375125e+00 2.767847e+00 1.358373e+01 9.057454e+03 1.101513e+04 3.40948 6.228859e-01
6.660000e-01 1.689630e+00 2.376240e+00 2.769118e+00 1.359433e+01 9.066293e+03 1.100494e+04 3.41371 6.236818e-01
6.650000e-01 1.689630e+00 2.377350e+00 2.770383e+00 1.360497e+01 9.075060e+03 1.099470e+04 3.41793 6.244731e-01
6.640000e-01 1.689630e+00 2.378459e+00 2.771647e+00 1.361566e+01 9.083782e+03 1.098440e+04 3.42215 6.252614e-01
6.630000e-01 1.689630e+00 2.379565e+00 2.772910e+00 1.362642e+01 9.092456e+03 1.097404e+04 3.42636 6.260463e-01
6.620000e-01 1.689630e+00 2.380669e+00 2.774169e+00 1.363723e+01 9.101075e+03 1.096362e+04 3.43057 6.268270e-01
6.610000e-01 1.689630e+00 2.381771e+00 2.775426e+00 1.364810e+01 9.109646e+03 1.095314e+04 3.43476 6.276041e-01
6.600000e-01 1.689630e+00 2.382868e+00 2.776679e+00 1.365901e+01 9.118154e+03 1.094260e+04 3.43895 6.283762e-01
6.590000e-01 1.689630e+00 2.383961e+00 2.777926e+00 1.366996e+01 9.126589e+03 1.093202e+04 3.44312 6.291427e-01
6.580000e-01 1.689630e+00 2.385049e+00 2.779167e+00 1.368095e+01 9.134954e+03 1.092139e+04 3.44727 6.299039e-01
6.570000e-01 1.689630e+00 2.386133e+00 2.780405e+00 1.369199e+01 9.143255e+03 1.091071e+04 3.45141 6.306606e-01
6.560000e-01 1.689630e+00 2.387212e+00 2.781636e+00 1.370307e+01 9.151486e+03 1.089999e+04 3.45554 6.314120e-01
6.550000e-01 1.689630e+00 2.388287e+00 2.782863e+00 1.371419e+01 9.159644e+03 1.088921e+04 3.45966 6.321583e-01
6.540000e-01 1.689630e+00 2.389357e+00 2.784084e+00 1.372536e+01 9.167735e+03 1.087839e+04 3.46376 6.328997e-01
6.530000e-01 1.689630e+00 2.390421e+00 2.785298e+00 1.373656e+01 9.175741e+03 1.086753e+04 3.46784 6.336351e-01
6.520000e-01 1.689630e+00 2.391479e+00 2.786504e+00 1.374779e+01 9.183661e+03 1.085663e+04 3.47191 6.343644e-01
6.510000e-01 1.689630e+00 2.392532e+00 2.787705e+00 1.375907e+01 9.191510e+03 1.084569e+04 3.47597 6.350889e-01
6.500000e-01 1.689630e+00 2.393581e+00 2.788902e+00 1.377042e+01 9.199309e+03 1.083468e+04 3.48001 6.358099e-01
6.490000e-01 1.689630e+00 2.394627e+00 2.790096e+00 1.378182e+01 9.207053e+03 1.082360e+04 3.48405 6.365268e-01
6.480000e-01 1.689630e+00 2.395669e+00 2.791285e+00 1.379329e+01 9.214738e+03 1.081246e+04 3.48808 6.372391e-01
6.470000e-01 1.689630e+00 2.396740e+00 2.792513e+00 1.380492e+01 9.222332e+03 1.080115e+04 3.49213 6.379360e-01
6.460000e-01 1.689630e+00 2.397775e+00 2.793696e+00 1.381650e+01 9.229890e+03 1.078987e+04 3.49613 6.386380e-01
6.450000e-01 1.689630e+00 2.398802e+00 2.794869e+00 1.382813e+01 9.237372e+03 1.077855e+04 3.5001 6.393342e-01
6.440000e-01 1.689630e+00 2.399823e+00 2.796036e+00 1.383980e+01 9.244784e+03 1.076718e+04 3.50406 6.400248e-01
6.430000e-01 1.689630e+00 2.400837e+00 2.797194e+00 1.385152e+01 9.252129e+03 1.075574e+04 3.50798 6.407095e-01
6.420000e-01 1.689630e+00 2.401845e+00 2.798345e+00 1.386329e+01 9.259399e+03 1.074425e+04 3.51189 6.413885e-01
6.410000e-01 1.689630e+00 2.402846e+00 2.799488e+00 1.387511e+01 9.266595e+03 1.073270e+04 3.51577 6.420614e-01
6.400000e-01 1.689630e+00 2.403841e+00 2.800623e+00 1.388697e+01 9.273717e+03 1.072109e+04 3.51964 6.427284e-01
6.390000e-01 1.689630e+00 2.404827e+00 2.801747e+00 1.389887e+01 9.280751e+03 1.070944e+04 3.52347 6.433882e-01
6.380000e-01 1.689630e+00 2.405805e+00 2.802863e+00 1.391081e+01 9.287700e+03 1.069775e+04 3.52728 6.440418e-01
6.370000e-01 1.689630e+00 2.406776e+00 2.803970e+00 1.392280e+01 9.294582e+03 1.068599e+04 3.53106 6.446899e-01
6.360000e-01 1.689630e+00 2.407742e+00 2.805071e+00 1.393487e+01 9.301409e+03 1.067414e+04 3.53483 6.453334e-01
6.350000e-01 1.689630e+00 2.408702e+00 2.806166e+00 1.394701e+01 9.308174e+03 1.066222e+04 3.53857 6.459715e-01
6.340000e-01 1.689630e+00 2.409656e+00 2.807255e+00 1.395921e+01 9.314877e+03 1.065022e+04 3.54229 6.466045e-01
6.330000e-01 1.689630e+00 2.410605e+00 2.808337e+00 1.397149e+01 9.321514e+03 1.063815e+04 3.546 6.472319e-01
6.320000e-01 1.689630e+00 2.411546e+00 2.809412e+00 1.398381e+01 9.328072e+03 1.062603e+04 3.54967 6.478529e-01
6.310000e-01 1.689630e+00 2.412480e+00 2.810478e+00 1.399618e+01 9.334549e+03 1.061385e+04 3.55333 6.484674e-01
6.300000e-01 1.689630e+00 2.413435e+00 2.811574e+00 1.400871e+01 9.340916e+03 1.060150e+04 3.55699 6.490649e-01
6.290000e-01 1.689630e+00 2.414356e+00 2.812625e+00 1.402121e+01 9.347241e+03 1.058919e+04 3.5606 6.496669e-01
6.280000e-01 1.689630e+00 2.415267e+00 2.813666e+00 1.403375e+01 9.353483e+03 1.057683e+04 3.56417 6.502627e-01
6.270000e-01 1.689630e+00 2.416171e+00 2.814699e+00 1.404636e+01 9.359651e+03 1.056441e+04 3.56772 6.508528e-01
6.260000e-01 1.689630e+00 2.417066e+00 2.815721e+00 1.405901e+01 9.365728e+03 1.055194e+04 3.57125 6.514356e-01
6.250000e-01 1.689630e+00 2.417952e+00 2.816731e+00 1.407170e+01 9.371713e+03 1.053942e+04 3.57474 6.520113e-01
6.240000e-01 1.689630e+00 2.418828e+00 2.817731e+00 1.408444e+01 9.377617e+03 1.052685e+04 3.5782 6.525804e-01
6.230000e-01 1.689630e+00 2.419697e+00 2.818723e+00 1.409726e+01 9.383456e+03 1.051419e+04 3.58163 6.531445e-01
6.220000e-01 1.689630e+00 2.420559e+00 2.819707e+00 1.411017e+01 9.389229e+03 1.050144e+04 3.58504 6.537026e-01
6.210000e-01 1.689630e+00 2.421413e+00 2.820683e+00 1.412315e+01 9.394930e+03 1.048861e+04 3.58842 6.542546e-01
6.200000e-01 1.689630e+00 2.422261e+00 2.821653e+00 1.413621e+01 9.400565e+03 1.047570e+04 3.59178 6.548010e-01
6.190000e-01 1.689630e+00 2.423100e+00 2.822612e+00 1.414933e+01 9.406118e+03 1.046273e+04 3.59511 6.553404e-01
6.180000e-01 1.689630e+00 2.423928e+00 2.823559e+00 1.416251e+01 9.411586e+03 1.044969e+04 3.59839 6.558719e-01
6.170000e-01 1.689630e+00 2.424746e+00 2.824496e+00 1.417575e+01 9.416975e+03 1.043657e+04 3.60164 6.563966e-01
6.160000e-01 1.689630e+00 2.425582e+00 2.825456e+00 1.418915e+01 9.422244e+03 1.042329e+04 3.60489 6.569030e-01
6.150000e-01 1.689630e+00 2.426382e+00 2.826371e+00 1.420252e+01 9.427467e+03 1.041003e+04 3.60806 6.574125e-01
6.140000e-01 1.689630e+00 2.427170e+00 2.827271e+00 1.421595e+01 9.432607e+03 1.039670e+04 3.61119 6.579146e-01
6.130000e-01 1.689630e+00 2.427945e+00 2.828158e+00 1.422944e+01 9.437659e+03 1.038330e+04 3.61428 6.584088e-01
6.120000e-01 1.689630e+00 2.428709e+00 2.829029e+00 1.424298e+01 9.442617e+03 1.036985e+04 3.61732 6.588945e-01
6.110000e-01 1.689630e+00 2.429460e+00 2.829886e+00 1.425657e+01 9.447482e+03 1.035633e+04 3.62032 6.593719e-01
6.100000e-01 1.689630e+00 2.430201e+00 2.830730e+00 1.427024e+01 9.452276e+03 1.034272e+04 3.62327 6.598425e-01
6.090000e-01 1.689630e+00 2.430930e+00 2.831562e+00 1.428401e+01 9.456998e+03 1.032900e+04 3.62618 6.603058e-01
6.080000e-01 1.689630e+00 2.431649e+00 2.832382e+00 1.429786e+01 9.461643e+03 1.031519e+04 3.62905 6.607613e-01
6.070000e-01 1.689630e+00 2.429619e+00 2.830098e+00 1.430274e+01 9.473494e+03 1.031128e+04 3.6271 6.623394e-01
6.060000e-01 1.689630e+00 2.433049e+00 2.833979e+00 1.432580e+01 9.470709e+03 1.028730e+04 3.63464 6.616509e-01
6.050000e-01 1.689630e+00 2.430962e+00 2.831631e+00 1.433068e+01 9.482469e+03 1.028336e+04 3.63254 6.632275e-01
6.040000e-01 1.689630e+00 2.434434e+00 2.835564e+00 1.435411e+01 9.479371e+03 1.025901e+04 3.64009 6.624962e-01
6.030000e-01 1.689630e+00 2.432282e+00 2.833143e+00 1.435897e+01 9.491064e+03 1.025508e+04 3.63784 6.640769e-01
6.020000e-01 1.689630e+00 2.435749e+00 2.837067e+00 1.438265e+01 9.487716e+03 1.023051e+04 3.64536 6.633218e-01
6.010000e-01 1.689630e+00 2.433539e+00 2.834580e+00 1.438751e+01 9.499320e+03 1.022657e+04 3.64296 6.649018e-01
6.000000e-01 1.689630e+00 2.437019e+00 2.838519e+00 1.441146e+01 9.495696e+03 1.020175e+04 3.65046 6.641163e-01
5.990000e-01 1.689630e+00 2.434740e+00 2.835953e+00 1.441630e+01 9.507203e+03 1.019779e+04 3.64788 6.656952e-01
5.980000e-01 1.689630e+00 2.438237e+00 2.839910e+00 1.444052e+01 9.503275e+03 1.017275e+04 3.65538 6.648776e-01
5.970000e-01 1.689630e+00 2.435901e+00 2.837281e+00 1.444536e+01 9.514700e+03 1.016876e+04 3.65266 6.664567e-01
5.960000e-01 1.689630e+00 2.439406e+00 2.841247e+00 1.446994e+01 9.510517e+03 1.014338e+04 3.66012 6.656078e-01
5.950000e-01 1.689630e+00 2.437009e+00 2.838551e+00 1.447480e+01 9.521878e+03 1.013935e+04 3.65724 6.671890e-01
5.940000e-01 1.689630e+00 2.440546e+00 2.842554e+00 1.449986e+01 9.517378e+03 1.011348e+04 3.66466 6.662920e-01
5.930000e-01 1.689630e+00 2.438082e+00 2.839784e+00 1.450470e+01 9.528683e+03 1.010944e+04 3.66162 6.678771e-01
5.920000e-01 1.689630e+00 2.441601e+00 2.843760e+00 1.453002e+01 9.523916e+03 1.008329e+04 3.66892 6.669478e-01
5.910000e-01 1.689630e+00 2.439067e+00 2.840911e+00 1.453485e+01 9.535134e+03 1.007922e+04 3.66569 6.685315e-01
5.900000e-01 1.689630e+00 2.442596e+00 2.844898e+00 1.456051e+01 9.530086e+03 1.005275e+04 3.67293 6.675654e-01
5.890000e-01 1.689630e+00 2.439987e+00 2.841963e+00 1.456534e+01 9.541222e+03 1.004864e+04 3.66949 6.691481e-01
5.880000e-01 1.689630e+00 2.443524e+00 2.845956e+00 1.459134e+01 9.535863e+03 1.002183e+04 3.67667 6.681419e-01
5.870000e-01 1.689630e+00 2.440848e+00 2.842945e+00 1.459615e+01 9.546909e+03 1.001770e+04 3.67305 6.697229e-01
5.860000e-01 1.689630e+00 2.444392e+00 2.846945e+00 1.462246e+01 9.541239e+03 9.990617e+03 3.68017 6.686801e-01
5.850000e-01 1.689630e+00 2.441637e+00 2.843841e+00 1.462725e+01 9.552184e+03 9.986466e+03 3.67634 6.702593e-01
5.840000e-01 1.689630e+00 2.445228e+00 2.847900e+00 1.465402e+01 9.546162e+03 9.958998e+03 3.6835 6.691720e-01
5.830000e-01 1.689630e+00 2.442417e+00 2.844739e+00 1.465882e+01 9.557062e+03 9.954840e+03 3.67955 6.707589e-01
5.820000e-01 1.689630e+00 2.445988e+00 2.848768e+00 1.468596e+01 9.550758e+03 9.927054e+03 3.6866 6.696417e-01
5.810000e-01 1.689630e+00 2.443117e+00 2.845542e+00 1.469078e+01 9.561589e+03 9.922858e+03 3.6825 6.712310e-01
5.800000e-01 1.689630e+00 2.446694e+00 2.849580e+00 1.471832e+01 9.554979e+03 9.894730e+03 3.68949 6.700764e-01
5.790000e-01 1.689630e+00 2.443745e+00 2.846264e+00 1.472313e+01 9.565719e+03 9.890503e+03 3.68518 6.716640e-01
5.780000e-01 1.689630e+00 2.447325e+00 2.850302e+00 1.475106e+01 9.558782e+03 9.862013e+03 3.69207 6.704663e-01
5.770000e-01 1.689630e+00 2.444308e+00 2.846914e+00 1.475588e+01 9.569445e+03 9.857747e+03 3.68758 6.720531e-01
5.760000e-01 1.689630e+00 2.447905e+00 2.850969e+00 1.478428e+01 9.562131e+03 9.828799e+03 3.69437 6.708006e-01
5.750000e-01 1.689630e+00 2.444798e+00 2.847475e+00 1.478906e+01 9.572722e+03 9.824529e+03 3.68964 6.723891e-01
5.740000e-01 1.689630e+00 2.448390e+00 2.851522e+00 1.481778e+01 9.565104e+03 9.795309e+03 3.69634 6.711001e-01
5.730000e-01 1.689630e+00 2.448594e+00 2.851750e+00 1.483462e+01 9.566429e+03 9.778469e+03 3.69718 6.712351e-01
5.720000e-01 1.689630e+00 2.448788e+00 2.851969e+00 1.485159e+01 9.567642e+03 9.761504e+03 3.69797 6.713568e-01
5.710000e-01 1.689630e+00 2.448969e+00 2.852174e+00 1.486871e+01 9.568761e+03 9.744421e+03 3.69871 6.714695e-01
5.700000e-01 1.689630e+00 2.449155e+00 2.852388e+00 1.488605e+01 9.569722e+03 9.727133e+03 3.6994 6.715614e-01
5.690000e-01 1.689630e+00 2.449307e+00 2.852563e+00 1.490343e+01 9.570625e+03 9.709829e+03 3.70003 6.716549e-01
5.680000e-01 1.689630e+00 2.449446e+00 2.852725e+00 1.492093e+01 9.571431e+03 9.692447e+03 3.70061 6.717403e-01
5.670000e-01 1.689630e+00 2.449565e+00 2.852862e+00 1.493853e+01 9.572120e+03 9.674974e+03 3.70111 6.718145e-01
5.660000e-01 1.689630e+00 2.449665e+00 2.852978e+00 1.495624e+01 9.572702e+03 9.657403e+03 3.70153 6.718772e-01
5.650000e-01 1.689630e+00 2.449746e+00 2.853073e+00 1.497406e+01 9.573180e+03 9.639720e+03 3.70187 6.719280e-01
5.640000e-01 1.689630e+00 2.449801e+00 2.853136e+00 1.499200e+01 9.573539e+03 9.621921e+03 3.7021 6.719647e-01
5.630000e-01 1.689630e+00 2.449837e+00 2.853176e+00 1.501005e+01 9.573786e+03 9.604025e+03 3.70225 6.719892e-01
5.620000e-01 1.689630e+00 2.449854e+00 2.853195e+00 1.502820e+01 9.573924e+03 9.586039e+03 3.70232 6.720015e-01
5.610000e-01 1.689630e+00 2.449846e+00 2.853182e+00 1.504644e+01 9.573935e+03 9.567966e+03 3.70228 6.720003e-01
5.614354e-01 1.689630e+00 2.452413e+00 2.856358e+00 1.504572e+01 9.569446e+03 9.569874e+03 3.70791 6.712992e-01
